<?xml version="1.0" encoding="UTF-8"?>
<testsuites>
  <testsuite name="" tests="59" assertions="81" errors="0" warnings="0" failures="7" skipped="0" time="2.102847">
    <testsuite name="Project Test Suite" tests="59" assertions="81" errors="0" warnings="0" failures="7" skipped="0" time="2.102847">
      <testsuite name="App\Tests\Unit\CarTest" file="C:\Users\eman\Documents\GitHub\car_dealer\tests\Unit\CarTest.php" tests="12" assertions="12" errors="0" warnings="0" failures="0" skipped="0" time="0.003050">
        <testsuite name="App\Tests\Unit\CarTest::testCarMake" tests="3" assertions="3" errors="0" warnings="0" failures="0" skipped="0" time="0.002886">
          <testcase name="testCarMake with data set #0" class="App\Tests\Unit\CarTest" classname="App.Tests.Unit.CarTest" file="C:\Users\eman\Documents\GitHub\car_dealer\tests\Unit\CarTest.php" line="13" assertions="1" time="0.002852"/>
          <testcase name="testCarMake with data set #1" class="App\Tests\Unit\CarTest" classname="App.Tests.Unit.CarTest" file="C:\Users\eman\Documents\GitHub\car_dealer\tests\Unit\CarTest.php" line="13" assertions="1" time="0.000019"/>
          <testcase name="testCarMake with data set #2" class="App\Tests\Unit\CarTest" classname="App.Tests.Unit.CarTest" file="C:\Users\eman\Documents\GitHub\car_dealer\tests\Unit\CarTest.php" line="13" assertions="1" time="0.000015"/>
        </testsuite>
        <testsuite name="App\Tests\Unit\CarTest::testCarModel" tests="3" assertions="3" errors="0" warnings="0" failures="0" skipped="0" time="0.000055">
          <testcase name="testCarModel with data set #0" class="App\Tests\Unit\CarTest" classname="App.Tests.Unit.CarTest" file="C:\Users\eman\Documents\GitHub\car_dealer\tests\Unit\CarTest.php" line="24" assertions="1" time="0.000025"/>
          <testcase name="testCarModel with data set #1" class="App\Tests\Unit\CarTest" classname="App.Tests.Unit.CarTest" file="C:\Users\eman\Documents\GitHub\car_dealer\tests\Unit\CarTest.php" line="24" assertions="1" time="0.000015"/>
          <testcase name="testCarModel with data set #2" class="App\Tests\Unit\CarTest" classname="App.Tests.Unit.CarTest" file="C:\Users\eman\Documents\GitHub\car_dealer\tests\Unit\CarTest.php" line="24" assertions="1" time="0.000015"/>
        </testsuite>
        <testsuite name="App\Tests\Unit\CarTest::testImage" tests="3" assertions="3" errors="0" warnings="0" failures="0" skipped="0" time="0.000055">
          <testcase name="testImage with data set #0" class="App\Tests\Unit\CarTest" classname="App.Tests.Unit.CarTest" file="C:\Users\eman\Documents\GitHub\car_dealer\tests\Unit\CarTest.php" line="35" assertions="1" time="0.000025"/>
          <testcase name="testImage with data set #1" class="App\Tests\Unit\CarTest" classname="App.Tests.Unit.CarTest" file="C:\Users\eman\Documents\GitHub\car_dealer\tests\Unit\CarTest.php" line="35" assertions="1" time="0.000015"/>
          <testcase name="testImage with data set #2" class="App\Tests\Unit\CarTest" classname="App.Tests.Unit.CarTest" file="C:\Users\eman\Documents\GitHub\car_dealer\tests\Unit\CarTest.php" line="35" assertions="1" time="0.000015"/>
        </testsuite>
        <testsuite name="App\Tests\Unit\CarTest::testPrice" tests="3" assertions="3" errors="0" warnings="0" failures="0" skipped="0" time="0.000055">
          <testcase name="testPrice with data set #0" class="App\Tests\Unit\CarTest" classname="App.Tests.Unit.CarTest" file="C:\Users\eman\Documents\GitHub\car_dealer\tests\Unit\CarTest.php" line="46" assertions="1" time="0.000025"/>
          <testcase name="testPrice with data set #1" class="App\Tests\Unit\CarTest" classname="App.Tests.Unit.CarTest" file="C:\Users\eman\Documents\GitHub\car_dealer\tests\Unit\CarTest.php" line="46" assertions="1" time="0.000015"/>
          <testcase name="testPrice with data set #2" class="App\Tests\Unit\CarTest" classname="App.Tests.Unit.CarTest" file="C:\Users\eman\Documents\GitHub\car_dealer\tests\Unit\CarTest.php" line="46" assertions="1" time="0.000015"/>
        </testsuite>
      </testsuite>
      <testsuite name="App\Tests\Unit\TransctionTest" file="C:\Users\eman\Documents\GitHub\car_dealer\tests\Unit\TransctionTest.php" tests="18" assertions="18" errors="0" warnings="0" failures="0" skipped="0" time="0.000356">
        <testsuite name="App\Tests\Unit\TransctionTest::testCar" tests="3" assertions="3" errors="0" warnings="0" failures="0" skipped="0" time="0.000069">
          <testcase name="testCar with data set #0" class="App\Tests\Unit\TransctionTest" classname="App.Tests.Unit.TransctionTest" file="C:\Users\eman\Documents\GitHub\car_dealer\tests\Unit\TransctionTest.php" line="15" assertions="1" time="0.000039"/>
          <testcase name="testCar with data set #1" class="App\Tests\Unit\TransctionTest" classname="App.Tests.Unit.TransctionTest" file="C:\Users\eman\Documents\GitHub\car_dealer\tests\Unit\TransctionTest.php" line="15" assertions="1" time="0.000015"/>
          <testcase name="testCar with data set #2" class="App\Tests\Unit\TransctionTest" classname="App.Tests.Unit.TransctionTest" file="C:\Users\eman\Documents\GitHub\car_dealer\tests\Unit\TransctionTest.php" line="15" assertions="1" time="0.000015"/>
        </testsuite>
        <testsuite name="App\Tests\Unit\TransctionTest::testCardName" tests="3" assertions="3" errors="0" warnings="0" failures="0" skipped="0" time="0.000067">
          <testcase name="testCardName with data set #0" class="App\Tests\Unit\TransctionTest" classname="App.Tests.Unit.TransctionTest" file="C:\Users\eman\Documents\GitHub\car_dealer\tests\Unit\TransctionTest.php" line="26" assertions="1" time="0.000038"/>
          <testcase name="testCardName with data set #1" class="App\Tests\Unit\TransctionTest" classname="App.Tests.Unit.TransctionTest" file="C:\Users\eman\Documents\GitHub\car_dealer\tests\Unit\TransctionTest.php" line="26" assertions="1" time="0.000015"/>
          <testcase name="testCardName with data set #2" class="App\Tests\Unit\TransctionTest" classname="App.Tests.Unit.TransctionTest" file="C:\Users\eman\Documents\GitHub\car_dealer\tests\Unit\TransctionTest.php" line="26" assertions="1" time="0.000015"/>
        </testsuite>
        <testsuite name="App\Tests\Unit\TransctionTest::testCardNumber" tests="3" assertions="3" errors="0" warnings="0" failures="0" skipped="0" time="0.000055">
          <testcase name="testCardNumber with data set #0" class="App\Tests\Unit\TransctionTest" classname="App.Tests.Unit.TransctionTest" file="C:\Users\eman\Documents\GitHub\car_dealer\tests\Unit\TransctionTest.php" line="36" assertions="1" time="0.000025"/>
          <testcase name="testCardNumber with data set #1" class="App\Tests\Unit\TransctionTest" classname="App.Tests.Unit.TransctionTest" file="C:\Users\eman\Documents\GitHub\car_dealer\tests\Unit\TransctionTest.php" line="36" assertions="1" time="0.000015"/>
          <testcase name="testCardNumber with data set #2" class="App\Tests\Unit\TransctionTest" classname="App.Tests.Unit.TransctionTest" file="C:\Users\eman\Documents\GitHub\car_dealer\tests\Unit\TransctionTest.php" line="36" assertions="1" time="0.000015"/>
        </testsuite>
        <testsuite name="App\Tests\Unit\TransctionTest::testCardCvv" tests="3" assertions="3" errors="0" warnings="0" failures="0" skipped="0" time="0.000055">
          <testcase name="testCardCvv with data set #0" class="App\Tests\Unit\TransctionTest" classname="App.Tests.Unit.TransctionTest" file="C:\Users\eman\Documents\GitHub\car_dealer\tests\Unit\TransctionTest.php" line="47" assertions="1" time="0.000025"/>
          <testcase name="testCardCvv with data set #1" class="App\Tests\Unit\TransctionTest" classname="App.Tests.Unit.TransctionTest" file="C:\Users\eman\Documents\GitHub\car_dealer\tests\Unit\TransctionTest.php" line="47" assertions="1" time="0.000015"/>
          <testcase name="testCardCvv with data set #2" class="App\Tests\Unit\TransctionTest" classname="App.Tests.Unit.TransctionTest" file="C:\Users\eman\Documents\GitHub\car_dealer\tests\Unit\TransctionTest.php" line="47" assertions="1" time="0.000015"/>
        </testsuite>
        <testsuite name="App\Tests\Unit\TransctionTest::testBuyer" tests="3" assertions="3" errors="0" warnings="0" failures="0" skipped="0" time="0.000055">
          <testcase name="testBuyer with data set #0" class="App\Tests\Unit\TransctionTest" classname="App.Tests.Unit.TransctionTest" file="C:\Users\eman\Documents\GitHub\car_dealer\tests\Unit\TransctionTest.php" line="58" assertions="1" time="0.000025"/>
          <testcase name="testBuyer with data set #1" class="App\Tests\Unit\TransctionTest" classname="App.Tests.Unit.TransctionTest" file="C:\Users\eman\Documents\GitHub\car_dealer\tests\Unit\TransctionTest.php" line="58" assertions="1" time="0.000015"/>
          <testcase name="testBuyer with data set #2" class="App\Tests\Unit\TransctionTest" classname="App.Tests.Unit.TransctionTest" file="C:\Users\eman\Documents\GitHub\car_dealer\tests\Unit\TransctionTest.php" line="58" assertions="1" time="0.000015"/>
        </testsuite>
        <testsuite name="App\Tests\Unit\TransctionTest::testDate" tests="3" assertions="3" errors="0" warnings="0" failures="0" skipped="0" time="0.000055">
          <testcase name="testDate with data set #0" class="App\Tests\Unit\TransctionTest" classname="App.Tests.Unit.TransctionTest" file="C:\Users\eman\Documents\GitHub\car_dealer\tests\Unit\TransctionTest.php" line="69" assertions="1" time="0.000025"/>
          <testcase name="testDate with data set #1" class="App\Tests\Unit\TransctionTest" classname="App.Tests.Unit.TransctionTest" file="C:\Users\eman\Documents\GitHub\car_dealer\tests\Unit\TransctionTest.php" line="69" assertions="1" time="0.000015"/>
          <testcase name="testDate with data set #2" class="App\Tests\Unit\TransctionTest" classname="App.Tests.Unit.TransctionTest" file="C:\Users\eman\Documents\GitHub\car_dealer\tests\Unit\TransctionTest.php" line="69" assertions="1" time="0.000015"/>
        </testsuite>
      </testsuite>
      <testsuite name="App\Tests\Unit\UserTest" file="C:\Users\eman\Documents\GitHub\car_dealer\tests\Unit\UserTest.php" tests="13" assertions="13" errors="0" warnings="0" failures="0" skipped="0" time="0.000260">
        <testsuite name="App\Tests\Unit\UserTest::testUserName" tests="3" assertions="3" errors="0" warnings="0" failures="0" skipped="0" time="0.000055">
          <testcase name="testUserName with data set #0" class="App\Tests\Unit\UserTest" classname="App.Tests.Unit.UserTest" file="C:\Users\eman\Documents\GitHub\car_dealer\tests\Unit\UserTest.php" line="13" assertions="1" time="0.000024"/>
          <testcase name="testUserName with data set #1" class="App\Tests\Unit\UserTest" classname="App.Tests.Unit.UserTest" file="C:\Users\eman\Documents\GitHub\car_dealer\tests\Unit\UserTest.php" line="13" assertions="1" time="0.000015"/>
          <testcase name="testUserName with data set #2" class="App\Tests\Unit\UserTest" classname="App.Tests.Unit.UserTest" file="C:\Users\eman\Documents\GitHub\car_dealer\tests\Unit\UserTest.php" line="13" assertions="1" time="0.000015"/>
        </testsuite>
        <testsuite name="App\Tests\Unit\UserTest::testPassword" tests="3" assertions="3" errors="0" warnings="0" failures="0" skipped="0" time="0.000056">
          <testcase name="testPassword with data set #0" class="App\Tests\Unit\UserTest" classname="App.Tests.Unit.UserTest" file="C:\Users\eman\Documents\GitHub\car_dealer\tests\Unit\UserTest.php" line="24" assertions="1" time="0.000025"/>
          <testcase name="testPassword with data set #1" class="App\Tests\Unit\UserTest" classname="App.Tests.Unit.UserTest" file="C:\Users\eman\Documents\GitHub\car_dealer\tests\Unit\UserTest.php" line="24" assertions="1" time="0.000015"/>
          <testcase name="testPassword with data set #2" class="App\Tests\Unit\UserTest" classname="App.Tests.Unit.UserTest" file="C:\Users\eman\Documents\GitHub\car_dealer\tests\Unit\UserTest.php" line="24" assertions="1" time="0.000015"/>
        </testsuite>
        <testsuite name="App\Tests\Unit\UserTest::testRole" tests="3" assertions="3" errors="0" warnings="0" failures="0" skipped="0" time="0.000056">
          <testcase name="testRole with data set #0" class="App\Tests\Unit\UserTest" classname="App.Tests.Unit.UserTest" file="C:\Users\eman\Documents\GitHub\car_dealer\tests\Unit\UserTest.php" line="35" assertions="1" time="0.000025"/>
          <testcase name="testRole with data set #1" class="App\Tests\Unit\UserTest" classname="App.Tests.Unit.UserTest" file="C:\Users\eman\Documents\GitHub\car_dealer\tests\Unit\UserTest.php" line="35" assertions="1" time="0.000015"/>
          <testcase name="testRole with data set #2" class="App\Tests\Unit\UserTest" classname="App.Tests.Unit.UserTest" file="C:\Users\eman\Documents\GitHub\car_dealer\tests\Unit\UserTest.php" line="35" assertions="1" time="0.000016"/>
        </testsuite>
        <testsuite name="App\Tests\Unit\UserTest::testAddTransaction" tests="3" assertions="3" errors="0" warnings="0" failures="0" skipped="0" time="0.000066">
          <testcase name="testAddTransaction with data set #0" class="App\Tests\Unit\UserTest" classname="App.Tests.Unit.UserTest" file="C:\Users\eman\Documents\GitHub\car_dealer\tests\Unit\UserTest.php" line="46" assertions="1" time="0.000029"/>
          <testcase name="testAddTransaction with data set #1" class="App\Tests\Unit\UserTest" classname="App.Tests.Unit.UserTest" file="C:\Users\eman\Documents\GitHub\car_dealer\tests\Unit\UserTest.php" line="46" assertions="1" time="0.000017"/>
          <testcase name="testAddTransaction with data set #2" class="App\Tests\Unit\UserTest" classname="App.Tests.Unit.UserTest" file="C:\Users\eman\Documents\GitHub\car_dealer\tests\Unit\UserTest.php" line="46" assertions="1" time="0.000019"/>
        </testsuite>
        <testcase name="testRemoveTransaction" class="App\Tests\Unit\UserTest" classname="App.Tests.Unit.UserTest" file="C:\Users\eman\Documents\GitHub\car_dealer\tests\Unit\UserTest.php" line="54" assertions="1" time="0.000027"/>
      </testsuite>
      <testsuite name="App\Tests\WebTest\AboutPageTest" file="C:\Users\eman\Documents\GitHub\car_dealer\tests\WebTest\AboutPageTest.php" tests="3" assertions="9" errors="0" warnings="0" failures="0" skipped="0" time="0.173973">
        <testcase name="testTittle" class="App\Tests\WebTest\AboutPageTest" classname="App.Tests.WebTest.AboutPageTest" file="C:\Users\eman\Documents\GitHub\car_dealer\tests\WebTest\AboutPageTest.php" line="9" assertions="3" time="0.162658"/>
        <testcase name="testHeading" class="App\Tests\WebTest\AboutPageTest" classname="App.Tests.WebTest.AboutPageTest" file="C:\Users\eman\Documents\GitHub\car_dealer\tests\WebTest\AboutPageTest.php" line="21" assertions="3" time="0.005613"/>
        <testcase name="testParagraphe" class="App\Tests\WebTest\AboutPageTest" classname="App.Tests.WebTest.AboutPageTest" file="C:\Users\eman\Documents\GitHub\car_dealer\tests\WebTest\AboutPageTest.php" line="33" assertions="3" time="0.005702"/>
      </testsuite>
      <testsuite name="App\Tests\WebTest\CarsPageTest" file="C:\Users\eman\Documents\GitHub\car_dealer\tests\WebTest\CarsPageTest.php" tests="4" assertions="4" errors="0" warnings="0" failures="4" skipped="0" time="1.048790">
        <testcase name="testTittle" class="App\Tests\WebTest\CarsPageTest" classname="App.Tests.WebTest.CarsPageTest" file="C:\Users\eman\Documents\GitHub\car_dealer\tests\WebTest\CarsPageTest.php" line="9" assertions="1" time="0.255624">
          <failure type="PHPUnit\Framework\ExpectationFailedException">App\Tests\WebTest\CarsPageTest::testTittle
Failed asserting that the Response is successful.
HTTP/1.1 500 Internal Server Error&#13;
Cache-Control:          no-cache, private&#13;
Content-Type:           text/html; charset=UTF-8&#13;
Date:                   Sat, 30 Apr 2022 19:16:56 GMT&#13;
X-Debug-Exception:      An%20exception%20occurred%20in%20the%20driver%3A%20SQLSTATE%5BHY000%5D%20%5B1049%5D%20Unknown%20database%20%27crud04_test%27&#13;
X-Debug-Exception-File: C%3A%5CUsers%5Ceman%5CDocuments%5CGitHub%5Ccar_dealer%5Cvendor%5Cdoctrine%5Cdbal%5Csrc%5CDriver%5CAPI%5CMySQL%5CExceptionConverter.php:103&#13;
X-Robots-Tag:           noindex&#13;
&#13;
&lt;!-- An exception occurred in the driver: SQLSTATE[HY000] [1049] Unknown database 'crud04_test' (500 Internal Server Error) --&gt;
&lt;!DOCTYPE html&gt;
&lt;html lang="en"&gt;
    &lt;head&gt;
        &lt;meta charset="UTF-8" /&gt;
        &lt;meta name="robots" content="noindex,nofollow" /&gt;
        &lt;meta name="viewport" content="width=device-width,initial-scale=1" /&gt;
        &lt;title&gt;An exception occurred in the driver: SQLSTATE[HY000] [1049] Unknown database 'crud04_test' (500 Internal Server Error)&lt;/title&gt;
        &lt;link rel="icon" type="image/png" href="data:image/png;base64,iVBORw0KGgoAAAANSUhEUgAAABwAAAAgCAYAAAABtRhCAAADVUlEQVRIx82XX0jTURTHLYPyqZdefQx66CEo80+aYpoIkqzUikz6Z5klQoWUWYRIJYEUGpQ+lIr9U5dOTLdCtkmWZis3rbnC5fw/neYW002307mX/cZvP3/7o1PwwOdh95x7vnf39zvnd29AgBer2xO6DclAXiMqZAqxIiNIN/IYSUS2BPhjmGATchUxI+ADWiRhpWK7HKuHFVBFdmU5YvnI4grFGCaReF/EBH4KsZlGgj2JBTuCYBWRIYF8YoEOJ6wBt/gEs7mBbyOjQXruPLSdOgPCiEiPSUUHDoL8Ug5IUo9B/d5wrt+G7OAKNrODPuVdB6vRCIzN6SdBlpW9RIgk/1FeAXabzRlrUPVCS/JhbmwudztnGeeH9AyXBIwtmM3wLinZJZHifjHw2V+NBoRh+9ixQrbgbnaSIcl7cGea6hoXQbNe7za241oeO5Z0p42M4BV2EqP2D50wo+6HzvwC6C4sApNOR8cmOrtcnhtj2kYRyC9eBvXzKrBZrXSs72kFd1t3MoKVbMekQkEnSNKOO8fac3LpmK6l1TlGtsxmsdKFsecPYgwxst0cwROMYDXboSotg0WLBRqjY51jLYcENElXwW2XJKPydvoI2GN9T8rBtrAArYIUruBJXkFheCQYlCpQP6uk5dAQFQNaUROMSGVQFxLmkoQsxDJrhLbTZ+nvVsERME9MgPJRKV/58AsyomTSzE813WLFvWK++qI0xSfQl8k8Pg46sYRuv5t6dS+4RqxDwaa4BGjYH+NTQvKScIp9+YL/hoZh3jDtLRHtt2C3g6bmhX+CpsFBWg7ilDSPgj0lD2ncr5ev/BP8VvyAJhqVyZeUhPOrEhEFxgEtjft846Z/guQTNT89Q5P9flMLoth4F7808wKtWWKzAwNQHxrh/1vaid2F+XpYTSbQf1XA2McOmOpROnvpvMEA4tSjq1cW0sws2gCYxswY6TKkvzYnJq1NHZLnRU4BX+4U0uburvusu8Kv8iHY7qefkM4IFngJHEOUXmLEPgiGsI8YnlZILit3vSSLRTQe/MPIZva5pshNIEmyFQlCvruJKXPkCEfmePzkphXHdzZNQdoRI9KPlBAxlj/I8U97ERPS5bjGbWDFbEdqHVe5caTBeZZx2H/IMvzeN15yoQAAAABJRU5ErkJggg=="&gt;
        &lt;style&gt;/* This file is based on WebProfilerBundle/Resources/views/Profiler/profiler.css.twig.
   If you make any change in this file, verify the same change is needed in the other file. */
:root {
    --font-sans-serif: Helvetica, Arial, sans-serif;
    --page-background: #f9f9f9;
    --color-text: #222;
    /* when updating any of these colors, do the same in toolbar.css.twig */
    --color-success: #4f805d;
    --color-warning: #a46a1f;
    --color-error: #b0413e;
    --color-muted: #999;
    --tab-background: #fff;
    --tab-color: #444;
    --tab-active-background: #666;
    --tab-active-color: #fafafa;
    --tab-disabled-background: #f5f5f5;
    --tab-disabled-color: #999;
    --metric-value-background: #fff;
    --metric-value-color: inherit;
    --metric-unit-color: #999;
    --metric-label-background: #e0e0e0;
    --metric-label-color: inherit;
    --table-border: #e0e0e0;
    --table-background: #fff;
    --table-header: #e0e0e0;
    --trace-selected-background: #F7E5A1;
    --tree-active-background: #F7E5A1;
    --exception-title-color: var(--base-2);
    --shadow: 0px 0px 1px rgba(128, 128, 128, .2);
    --border: 1px solid #e0e0e0;
    --background-error: var(--color-error);
    --highlight-comment: #969896;
    --highlight-default: #222222;
    --highlight-keyword: #a71d5d;
    --highlight-string: #183691;
    --base-0: #fff;
    --base-1: #f5f5f5;
    --base-2: #e0e0e0;
    --base-3: #ccc;
    --base-4: #666;
    --base-5: #444;
    --base-6: #222;
}

.theme-dark {
    --page-background: #36393e;
    --color-text: #e0e0e0;
    --color-muted: #777;
    --color-error: #d43934;
    --tab-background: #555;
    --tab-color: #ccc;
    --tab-active-background: #888;
    --tab-active-color: #fafafa;
    --tab-disabled-background: var(--page-background);
    --tab-disabled-color: #777;
    --metric-value-background: #555;
    --metric-value-color: inherit;
    --metric-unit-color: #999;
    --metric-label-background: #777;
    --metric-label-color: #e0e0e0;
    --trace-selected-background: #71663acc;
    --table-border: #444;
    --table-background: #333;
    --table-header: #555;
    --info-background: rgba(79, 148, 195, 0.5);
    --tree-active-background: var(--metric-label-background);
    --exception-title-color: var(--base-2);
    --shadow: 0px 0px 1px rgba(32, 32, 32, .2);
    --border: 1px solid #666;
    --background-error: #b0413e;
    --highlight-comment: #dedede;
    --highlight-default: var(--base-6);
    --highlight-keyword: #ff413c;
    --highlight-string: #70a6fd;
    --base-0: #2e3136;
    --base-1: #444;
    --base-2: #666;
    --base-3: #666;
    --base-4: #666;
    --base-5: #e0e0e0;
    --base-6: #f5f5f5;
    --card-label-background: var(--tab-active-background);
    --card-label-color: var(--tab-active-color);
}

html{font-family:sans-serif;-webkit-text-size-adjust:100%;-ms-text-size-adjust:100%}body{margin:0}article,aside,details,figcaption,figure,footer,header,hgroup,main,menu,nav,section,summary{display:block}audio,canvas,progress,video{display:inline-block;vertical-align:baseline}audio:not([controls]){display:none;height:0}[hidden],template{display:none}a{background-color:transparent}a:active,a:hover{outline:0}abbr[title]{border-bottom:1px dotted}b,strong{font-weight:700}dfn{font-style:italic}h1{margin:.67em 0;font-size:2em}mark{color:#000;background:#ff0}small{font-size:80%}sub,sup{position:relative;font-size:75%;line-height:0;vertical-align:baseline}sup{top:-.5em}sub{bottom:-.25em}img{border:0}svg:not(:root){overflow:hidden}figure{margin:1em 40px}hr{height:0;-webkit-box-sizing:content-box;-moz-box-sizing:content-box;box-sizing:content-box}pre{overflow:auto}code,kbd,pre,samp{font-family:monospace,monospace;font-size:1em}button,input,optgroup,select,textarea{margin:0;font:inherit;color:inherit}button{overflow:visible}button,select{text-transform:none}button,html input[type="button"],input[type="reset"],input[type="submit"]{-webkit-appearance:button;cursor:pointer}button[disabled],html input[disabled]{cursor:default}button::-moz-focus-inner,input::-moz-focus-inner{padding:0;border:0}input{line-height:normal}input[type="checkbox"],input[type="radio"]{-webkit-box-sizing:border-box;-moz-box-sizing:border-box;box-sizing:border-box;padding:0}input[type="number"]::-webkit-inner-spin-button,input[type="number"]::-webkit-outer-spin-button{height:auto}input[type="search"]{-webkit-box-sizing:content-box;-moz-box-sizing:content-box;box-sizing:content-box;-webkit-appearance:textfield}input[type="search"]::-webkit-search-cancel-button,input[type="search"]::-webkit-search-decoration{-webkit-appearance:none}fieldset{padding:.35em .625em .75em;margin:0 2px;border:1px solid silver}legend{padding:0;border:0}textarea{overflow:auto}optgroup{font-weight:700}table{border-spacing:0;border-collapse:collapse}td,th{padding:0}

html {
    /* always display the vertical scrollbar to avoid jumps when toggling contents */
    overflow-y: scroll;
}
body { background-color: var(--page-background); color: var(--base-6); font: 14px/1.4 Helvetica, Arial, sans-serif; padding-bottom: 45px; }

a { cursor: pointer; text-decoration: none; }
a:hover { text-decoration: underline; }
abbr[title] { border-bottom: none; cursor: help; text-decoration: none; }

code, pre { font: 13px/1.5 Consolas, Monaco, Menlo, "Ubuntu Mono", "Liberation Mono", monospace; }

table, tr, th, td { background: var(--base-0); border-collapse: collapse; vertical-align: top; }
table { background: var(--base-0); border: var(--border); box-shadow: 0px 0px 1px rgba(128, 128, 128, .2); margin: 1em 0; width: 100%; }
table th, table td { border: solid var(--base-2); border-width: 1px 0; padding: 8px 10px; }
table th { background-color: var(--base-2); font-weight: bold; text-align: left; }

.m-t-5 { margin-top: 5px; }
.hidden-xs-down { display: none; }
.block { display: block; }
.full-width { width: 100%; }
.hidden { display: none; }
.prewrap { white-space: pre-wrap; }
.nowrap { white-space: nowrap; }
.newline { display: block; }
.break-long-words { word-wrap: break-word; overflow-wrap: break-word; -webkit-hyphens: auto; -moz-hyphens: auto; hyphens: auto; min-width: 0; }
.text-small { font-size: 12px !important; }
.text-muted { color: #999; }
.text-bold { font-weight: bold; }
.empty { border: 4px dashed var(--base-2); color: #999; margin: 1em 0; padding: .5em 2em; }

.status-success { background: rgba(94, 151, 110, 0.3); }
.status-warning { background: rgba(240, 181, 24, 0.3); }
.status-error { background: rgba(176, 65, 62, 0.2); }
.status-success td, .status-warning td, .status-error td { background: transparent; }
tr.status-error td, tr.status-warning td { border-bottom: 1px solid var(--base-2); border-top: 1px solid var(--base-2); }
.status-warning .colored { color: #A46A1F; }
.status-error .colored  { color: var(--color-error); }

.sf-toggle { cursor: pointer; position: relative; }
.sf-toggle-content { -moz-transition: display .25s ease; -webkit-transition: display .25s ease; transition: display .25s ease; }
.sf-toggle-content.sf-toggle-hidden { display: none; }
.sf-toggle-content.sf-toggle-visible { display: block; }
thead.sf-toggle-content.sf-toggle-visible, tbody.sf-toggle-content.sf-toggle-visible { display: table-row-group; }
.sf-toggle-off .icon-close, .sf-toggle-on .icon-open { display: none; }
.sf-toggle-off .icon-open, .sf-toggle-on .icon-close { display: block; }

.tab-navigation { margin: 0 0 1em 0; padding: 0; }
.tab-navigation li { background: var(--tab-background); border: 1px solid var(--table-border); color: var(--tab-color); cursor: pointer; display: inline-block; font-size: 16px; margin: 0 0 0 -1px; padding: .5em .75em; z-index: 1; }
.tab-navigation li .badge { background-color: var(--base-1); color: var(--base-4); display: inline-block; font-size: 14px; font-weight: bold; margin-left: 8px; min-width: 10px; padding: 1px 6px; text-align: center; white-space: nowrap; }
.tab-navigation li.disabled { background: var(--tab-disabled-background); color: var(--tab-disabled-color); }
.tab-navigation li.active { background: var(--tab-active-background); color: var(--tab-active-color); z-index: 1100; }
.tab-navigation li.active .badge { background-color: var(--base-5); color: var(--base-2); }
.tab-content &gt; *:first-child { margin-top: 0; }
.tab-navigation li .badge.status-warning { background: var(--color-warning); color: #FFF; }
.tab-navigation li .badge.status-error { background: var(--background-error); color: #FFF; }
.sf-tabs .tab:not(:first-child) { display: none; }

[data-filters] { position: relative; }
[data-filtered] { cursor: pointer; }
[data-filtered]:after { content: '\00a0\25BE'; }
[data-filtered]:hover .filter-list li { display: inline-flex; }
[class*="filter-hidden-"] { display: none; }
.filter-list { position: absolute; border: var(--border); box-shadow: var(--shadow); margin: 0; padding: 0; display: flex; flex-direction: column; }
.filter-list :after { content: ''; }
.filter-list li {
    background: var(--tab-disabled-background);
    border-bottom: var(--border);
    color: var(--tab-disabled-color);
    display: none;
    list-style: none;
    margin: 0;
    padding: 5px 10px;
    text-align: left;
    font-weight: normal;
}
.filter-list li.active {
    background: var(--tab-background);
    color: var(--tab-color);
}
.filter-list li.last-active {
    background: var(--tab-active-background);
    color: var(--tab-active-color);
}

.filter-list-level li { cursor: s-resize; }
.filter-list-level li.active { cursor: n-resize; }
.filter-list-level li.last-active { cursor: default; }
.filter-list-level li.last-active:before { content: '\2714\00a0'; }
.filter-list-choice li:before { content: '\2714\00a0'; color: transparent; }
.filter-list-choice li.active:before { color: unset; }

.container { max-width: 1024px; margin: 0 auto; padding: 0 15px; }
.container::after { content: ""; display: table; clear: both; }

header { background-color: #222; color: rgba(255, 255, 255, 0.75); font-size: 13px; height: 33px; line-height: 33px; padding: 0; }
header .container { display: flex; justify-content: space-between; }
.logo { flex: 1; font-size: 13px; font-weight: normal; margin: 0; padding: 0; }
.logo svg { height: 18px; width: 18px; opacity: .8; vertical-align: -5px; }

.help-link { margin-left: 15px; }
.help-link a { color: inherit; }
.help-link .icon svg { height: 15px; width: 15px; opacity: .7; vertical-align: -2px; }
.help-link a:hover { color: #EEE; text-decoration: none; }
.help-link a:hover svg { opacity: .9; }

.exception-summary { background: var(--background-error); border-bottom: 2px solid rgba(0, 0, 0, 0.1); border-top: 1px solid rgba(0, 0, 0, .3); flex: 0 0 auto; margin-bottom: 15px; }
.exception-metadata { background: rgba(0, 0, 0, 0.1); padding: 7px 0; }
.exception-metadata .container { display: flex; flex-direction: row; justify-content: space-between; }
.exception-metadata h2, .exception-metadata h2 &gt; a { color: rgba(255, 255, 255, 0.8); font-size: 13px; font-weight: 400; margin: 0; }
.exception-http small { font-size: 13px; opacity: .7; }
.exception-hierarchy { flex: 1; }
.exception-hierarchy .icon { margin: 0 3px; opacity: .7; }
.exception-hierarchy .icon svg { height: 13px; width: 13px; vertical-align: -2px; }

.exception-without-message .exception-message-wrapper { display: none; }
.exception-message-wrapper .container { display: flex; align-items: flex-start; min-height: 70px; padding: 10px 15px 8px; }
.exception-message { flex-grow: 1; }
.exception-message, .exception-message a { color: #FFF; font-size: 21px; font-weight: 400; margin: 0; }
.exception-message.long { font-size: 18px; }
.exception-message a { border-bottom: 1px solid rgba(255, 255, 255, 0.5); font-size: inherit; text-decoration: none; }
.exception-message a:hover { border-bottom-color: #ffffff; }

.exception-illustration { flex-basis: 111px; flex-shrink: 0; height: 66px; margin-left: 15px; opacity: .7; }

.trace + .trace { margin-top: 30px; }
.trace-head { background-color: var(--base-2); padding: 10px; position: relative; }
.trace-head .trace-class { color: var(--base-6); font-size: 18px; font-weight: bold; line-height: 1.3; margin: 0; position: relative; }
.trace-head .trace-namespace { color: #999; display: block; font-size: 13px; }
.trace-head .icon { position: absolute; right: 0; top: 0; }
.trace-head .icon svg { fill: var(--base-5); height: 24px; width: 24px; }

.trace-details { background: var(--base-0); border: var(--border); box-shadow: 0px 0px 1px rgba(128, 128, 128, .2); margin: 1em 0; table-layout: fixed; }

.trace-message { font-size: 14px; font-weight: normal; margin: .5em 0 0; }

.trace-line { position: relative; padding-top: 8px; padding-bottom: 8px; }
.trace-line + .trace-line { border-top: var(--border); }
.trace-line:hover { background: var(--base-1); }
.trace-line a { color: var(--base-6); }
.trace-line .icon { opacity: .4; position: absolute; left: 10px; top: 11px; }
.trace-line .icon svg { fill: var(--base-5); height: 16px; width: 16px; }
.trace-line .icon.icon-copy { left: auto; top: auto; padding-left: 5px; display: none }
.trace-line:hover .icon.icon-copy:not(.hidden) { display: inline-block }
.trace-line-header { padding-left: 36px; padding-right: 10px; }

.trace-file-path, .trace-file-path a { color: var(--base-6); font-size: 13px; }
.trace-class { color: var(--color-error); }
.trace-type { padding: 0 2px; }
.trace-method { color: var(--color-error); font-weight: bold; }
.trace-arguments { color: #777; font-weight: normal; padding-left: 2px; }

.trace-code { background: var(--base-0); font-size: 12px; margin: 10px 10px 2px 10px; padding: 10px; overflow-x: auto; white-space: nowrap; }
.trace-code ol { margin: 0; float: left; }
.trace-code li { color: #969896; margin: 0; padding-left: 10px; float: left; width: 100%; }
.trace-code li + li { margin-top: 5px; }
.trace-code li.selected { background: var(--trace-selected-background); margin-top: 2px; }
.trace-code li code { color: var(--base-6); white-space: nowrap; }

.trace-as-text .stacktrace { line-height: 1.8; margin: 0 0 15px; white-space: pre-wrap; }

@media (min-width: 575px) {
    .hidden-xs-down { display: initial; }
    .help-link { margin-left: 30px; }
}&lt;/style&gt;
        &lt;style&gt;.sf-reset .traces {
    padding-bottom: 14px;
}
.sf-reset .traces li {
    font-size: 12px;
    color: #868686;
    padding: 5px 4px;
    list-style-type: decimal;
    margin-left: 20px;
}
.sf-reset #logs .traces li.error {
    font-style: normal;
    color: #AA3333;
    background: #f9ecec;
}
.sf-reset #logs .traces li.warning {
    font-style: normal;
    background: #ffcc00;
}
/* fix for Opera not liking empty &lt;li&gt; */
.sf-reset .traces li:after {
    content: "\00A0";
}
.sf-reset .trace {
    border: 1px solid #D3D3D3;
    padding: 10px;
    overflow: auto;
    margin: 10px 0 20px;
}
.sf-reset .block-exception {
    -moz-border-radius: 16px;
    -webkit-border-radius: 16px;
    border-radius: 16px;
    margin-bottom: 20px;
    background-color: #f6f6f6;
    border: 1px solid #dfdfdf;
    padding: 30px 28px;
    word-wrap: break-word;
    overflow: hidden;
}
.sf-reset .block-exception div {
    color: #313131;
    font-size: 10px;
}
.sf-reset .block-exception-detected .illustration-exception,
.sf-reset .block-exception-detected .text-exception {
    float: left;
}
.sf-reset .block-exception-detected .illustration-exception {
    width: 152px;
}
.sf-reset .block-exception-detected .text-exception {
    width: 670px;
    padding: 30px 44px 24px 46px;
    position: relative;
}
.sf-reset .text-exception .open-quote,
.sf-reset .text-exception .close-quote {
    font-family: Arial, Helvetica, sans-serif;
    position: absolute;
    color: #C9C9C9;
    font-size: 8em;
}
.sf-reset .open-quote {
    top: 0;
    left: 0;
}
.sf-reset .close-quote {
    bottom: -0.5em;
    right: 50px;
}
.sf-reset .block-exception p {
    font-family: Arial, Helvetica, sans-serif;
}
.sf-reset .block-exception p a,
.sf-reset .block-exception p a:hover {
    color: #565656;
}
.sf-reset .logs h2 {
    float: left;
    width: 654px;
}
.sf-reset .error-count, .sf-reset .support {
    float: right;
    width: 170px;
    text-align: right;
}
.sf-reset .error-count span {
    display: inline-block;
    background-color: #aacd4e;
    -moz-border-radius: 6px;
    -webkit-border-radius: 6px;
    border-radius: 6px;
    padding: 4px;
    color: white;
    margin-right: 2px;
    font-size: 11px;
    font-weight: bold;
}

.sf-reset .support a {
    display: inline-block;
    -moz-border-radius: 6px;
    -webkit-border-radius: 6px;
    border-radius: 6px;
    padding: 4px;
    color: #000000;
    margin-right: 2px;
    font-size: 11px;
    font-weight: bold;
}

.sf-reset .toggle {
    vertical-align: middle;
}
.sf-reset .linked ul,
.sf-reset .linked li {
    display: inline;
}
.sf-reset #output-content {
    color: #000;
    font-size: 12px;
}
.sf-reset #traces-text pre {
    white-space: pre;
    font-size: 12px;
    font-family: monospace;
}&lt;/style&gt;
    &lt;/head&gt;
    &lt;body&gt;
        &lt;script&gt;
            document.body.classList.add(
                localStorage.getItem('symfony/profiler/theme') || (matchMedia('(prefers-color-scheme: dark)').matches ? 'theme-dark' : 'theme-light')
            );
        &lt;/script&gt;

                    &lt;header&gt;
                &lt;div class="container"&gt;
                    &lt;h1 class="logo"&gt;&lt;svg xmlns="http://www.w3.org/2000/svg" width="24" height="24" viewBox="0 0 24 24"&gt;&lt;path fill="#FFF" d="M12 .9C5.8.9.9 5.8.9 12a11 11 0 1 0 22.2 0A11 11 0 0 0 12 .9zm6.5 6c-.6 0-.9-.3-.9-.8 0-.2 0-.4.2-.6l.2-.4c0-.3-.5-.4-.6-.4-1.8.1-2.3 2.5-2.7 4.4l-.2 1c1 .2 1.8 0 2.2-.3.6-.4-.2-.7-.1-1.2.1-.3.5-.5.7-.6.5 0 .7.5.7.9 0 .7-1 1.8-3 1.8l-.6-.1-.6 2.4c-.4 1.6-.8 3.8-2.4 5.7-1.4 1.7-2.9 1.9-3.5 1.9-1.2 0-1.9-.6-2-1.5 0-.8.7-1.3 1.2-1.3.6 0 1.1.5 1.1 1s-.2.6-.4.6c-.1.1-.3.2-.3.4 0 .1.1.3.4.3.5 0 .8-.3 1.1-.5 1.2-.9 1.6-2.7 2.2-5.7l.1-.7.7-3.2c-.8-.6-1.3-1.4-2.4-1.7-.6-.1-1.1.1-1.5.5-.4.5-.2 1.1.2 1.5l.7.6c.7.8 1.2 1.6 1 2.5-.3 1.5-2 2.6-4 1.9-1.8-.6-2-1.8-1.8-2.5.2-.6.6-.7 1.1-.6.5.2.6.7.6 1.2l-.1.3c-.2.1-.3.3-.3.4-.1.4.4.6.7.7.7.3 1.6-.2 1.8-.8a1 1 0 0 0-.4-1.1l-.7-.8c-.4-.4-1.1-1.4-.7-2.6.1-.5.4-.9.7-1.3a4 4 0 0 1 2.8-.6c1.2.4 1.8 1.1 2.6 1.8.5-1.2 1-2.4 1.8-3.5.9-.9 1.9-1.6 3.1-1.7 1.3.2 2.2.7 2.2 1.6 0 .4-.2 1.1-.9 1.1z"/&gt;&lt;/svg&gt; Symfony Exception&lt;/h1&gt;

                    &lt;div class="help-link"&gt;
                        &lt;a href="https://symfony.com/doc/6.0.2/index.html"&gt;
                            &lt;span class="icon"&gt;&lt;svg width="1792" height="1792" viewBox="0 0 1792 1792" xmlns="http://www.w3.org/2000/svg"&gt;&lt;path fill="#FFF" d="M1703 478q40 57 18 129l-275 906q-19 64-76.5 107.5T1247 1664H324q-77 0-148.5-53.5T76 1479q-24-67-2-127 0-4 3-27t4-37q1-8-3-21.5t-3-19.5q2-11 8-21t16.5-23.5T116 1179q23-38 45-91.5t30-91.5q3-10 .5-30t-.5-28q3-11 17-28t17-23q21-36 42-92t25-90q1-9-2.5-32t.5-28q4-13 22-30.5t22-22.5q19-26 42.5-84.5T404 411q1-8-3-25.5t-2-26.5q2-8 9-18t18-23 17-21q8-12 16.5-30.5t15-35 16-36 19.5-32 26.5-23.5 36-11.5T620 134l-1 3q38-9 51-9h761q74 0 114 56t18 130l-274 906q-36 119-71.5 153.5T1089 1408H220q-27 0-38 15-11 16-1 43 24 70 144 70h923q29 0 56-15.5t35-41.5l300-987q7-22 5-57 38 15 59 43zm-1064 2q-4 13 2 22.5t20 9.5h608q13 0 25.5-9.5T1311 480l21-64q4-13-2-22.5t-20-9.5H702q-13 0-25.5 9.5T660 416zm-83 256q-4 13 2 22.5t20 9.5h608q13 0 25.5-9.5T1228 736l21-64q4-13-2-22.5t-20-9.5H619q-13 0-25.5 9.5T577 672z"/&gt;&lt;/svg&gt;&lt;/span&gt;
                            &lt;span class="hidden-xs-down"&gt;Symfony&lt;/span&gt; Docs
                        &lt;/a&gt;
                    &lt;/div&gt;
                &lt;/div&gt;
            &lt;/header&gt;
        
        &lt;div class="exception-summary "&gt;
    &lt;div class="exception-metadata"&gt;
        &lt;div class="container"&gt;
            &lt;h2 class="exception-hierarchy"&gt;
                                    &lt;a href="#trace-box-3"&gt;&lt;abbr title="PDOException"&gt;PDOException&lt;/abbr&gt;&lt;/a&gt;
                    &lt;span class="icon"&gt;&lt;svg width="1792" height="1792" viewBox="0 0 1792 1792" xmlns="http://www.w3.org/2000/svg"&gt;&lt;path fill="#FFF" d="M1363 877l-742 742q-19 19-45 19t-45-19l-166-166q-19-19-19-45t19-45l531-531-531-531q-19-19-19-45t19-45L531 45q19-19 45-19t45 19l742 742q19 19 19 45t-19 45z"/&gt;&lt;/svg&gt;&lt;/span&gt;
                                    &lt;a href="#trace-box-2"&gt;&lt;abbr title="Doctrine\DBAL\Driver\PDO\Exception"&gt;Exception&lt;/abbr&gt;&lt;/a&gt;
                    &lt;span class="icon"&gt;&lt;svg width="1792" height="1792" viewBox="0 0 1792 1792" xmlns="http://www.w3.org/2000/svg"&gt;&lt;path fill="#FFF" d="M1363 877l-742 742q-19 19-45 19t-45-19l-166-166q-19-19-19-45t19-45l531-531-531-531q-19-19-19-45t19-45L531 45q19-19 45-19t45 19l742 742q19 19 19 45t-19 45z"/&gt;&lt;/svg&gt;&lt;/span&gt;
                                &lt;a href="#trace-box-1"&gt;&lt;abbr title="Doctrine\DBAL\Exception\ConnectionException"&gt;ConnectionException&lt;/abbr&gt;&lt;/a&gt;
            &lt;/h2&gt;
            &lt;h2 class="exception-http"&gt;
                HTTP 500 &lt;small&gt;Internal Server Error&lt;/small&gt;
            &lt;/h2&gt;
        &lt;/div&gt;
    &lt;/div&gt;

    &lt;div class="exception-message-wrapper"&gt;
        &lt;div class="container"&gt;
            &lt;h1 class="break-long-words exception-message"&gt;An exception occurred in the driver: SQLSTATE[HY000] [1049] Unknown database 'crud04_test'&lt;/h1&gt;

            &lt;div class="exception-illustration hidden-xs-down"&gt;
                &lt;svg viewBox="0 0 136 81" xmlns="http://www.w3.org/2000/svg" fill-rule="evenodd" clip-rule="evenodd" stroke-linejoin="round" stroke-miterlimit="1.4"&gt;&lt;path d="M92.4 20.4a23.2 23.2 0 0 1 9 1.9 23.7 23.7 0 0 1 5.2 3 24.3 24.3 0 0 1 3.4 3.4 24.8 24.8 0 0 1 5 9.4c.5 1.7.8 3.4 1 5.2v14.5h.4l.5.2a7.4 7.4 0 0 0 2.5.2l.2-.2.6-.8.8-1.3-.2-.1a5.5 5.5 0 0 1-.8-.3 5.6 5.6 0 0 1-2.3-1.8 5.7 5.7 0 0 1-.9-1.6 6.5 6.5 0 0 1-.2-2.8 7.3 7.3 0 0 1 .5-2l.3-.3.8-.9.3-.3c.2-.2.5-.3.8-.3H120.7c.2 0 .3-.1.4 0h.4l.2.1.3.2.2-.4.3-.4.1-.1 1.2-1 .3-.2.4-.1.4-.1h.3l1.5.1.4.1.8.5.1.2 1 1.1v.2H129.4l.4-.2 1.4-.5h1.1c.3 0 .7.2 1 .4.2 0 .3.2.5.3l.2.2.5.3.4.6.1.3.4 1.4.1.4v.6a7.8 7.8 0 0 1-.1.6 9.9 9.9 0 0 1-.8 2.4 7.8 7.8 0 0 1-3 3.3 6.4 6.4 0 0 1-1 .5 6.1 6.1 0 0 1-.6.2l-.7.1h-.1a23.4 23.4 0 0 1-.2 1.7 14.3 14.3 0 0 1-.6 2.1l-.8 2a9.2 9.2 0 0 1-.4.6l-.7 1a9.1 9.1 0 0 1-2.3 2.2c-.9.5-2 .6-3 .7l-1.4.1h-.5l-.4.1a15.8 15.8 0 0 1-2.8-.1v4.2a9.7 9.7 0 0 1-.7 3.5 9.6 9.6 0 0 1-1.7 2.8 9.3 9.3 0 0 1-3 2.3 9 9 0 0 1-5.4.7 9 9 0 0 1-3-1 9.4 9.4 0 0 1-2.7-2.5 10 10 0 0 1-1 1.2 9.3 9.3 0 0 1-2 1.3 9 9 0 0 1-2.4 1 9 9 0 0 1-6.5-1.1A9.4 9.4 0 0 1 85 77V77a10.9 10.9 0 0 1-.6.6 9.3 9.3 0 0 1-2.7 2 9 9 0 0 1-6 .8 9 9 0 0 1-2.4-1 9.3 9.3 0 0 1-2.3-1.7 9.6 9.6 0 0 1-1.8-2.8 9.7 9.7 0 0 1-.8-3.7v-4a18.5 18.5 0 0 1-2.9.2l-1.2-.1c-1.9-.3-3.7-1-5.1-2.2a8.2 8.2 0 0 1-1.1-1 10.2 10.2 0 0 1-.9-1.2 15.3 15.3 0 0 1-.7-1.3 20.8 20.8 0 0 1-1.9-6.2v-.2a6.5 6.5 0 0 1-1-.3 6.1 6.1 0 0 1-.6-.3 6.6 6.6 0 0 1-.9-.6 8.2 8.2 0 0 1-2.7-3.7 10 10 0 0 1-.3-1 10.3 10.3 0 0 1-.3-1.9V47v-.4l.1-.4.6-1.4.1-.2a2 2 0 0 1 .8-.8l.3-.2.3-.2a3.2 3.2 0 0 1 1.8-.5h.4l.3.2 1.4.6.2.2.4.3.3.4.7-.7.2-.2.4-.2.6-.2h2.1l.4.2.4.2.3.2.8 1 .2-.1h.1v-.1H63l1.1.1h.3l.8.5.3.4.7 1 .2.3.1.5a11 11 0 0 1 .2 1.5c0 .8 0 1.6-.3 2.3a6 6 0 0 1-.5 1.2 5.5 5.5 0 0 1-3.3 2.5 12.3 12.3 0 0 0 1.4 3h.1l.2.1 1 .2h1.5l.5-.2H67.8l.5-.2h.1V44v-.4a26.7 26.7 0 0 1 .3-2.3 24.7 24.7 0 0 1 5.7-12.5 24.2 24.2 0 0 1 3.5-3.3 23.7 23.7 0 0 1 4.9-3 23.2 23.2 0 0 1 5.6-1.7 23.7 23.7 0 0 1 4-.3zm-.3 2a21.2 21.2 0 0 0-8 1.7 21.6 21.6 0 0 0-4.8 2.7 22.2 22.2 0 0 0-3.2 3 22.7 22.7 0 0 0-5 9.2 23.4 23.4 0 0 0-.7 4.9v15.7l-.5.1a34.3 34.3 0 0 1-1.5.3h-.2l-.4.1h-.4l-.9.2a10 10 0 0 1-1.9 0c-.5 0-1-.2-1.5-.4a1.8 1.8 0 0 1-.3-.2 2 2 0 0 1-.3-.3 5.2 5.2 0 0 1-.1-.2 9 9 0 0 1-.6-.9 13.8 13.8 0 0 1-1-2 14.3 14.3 0 0 1-.6-2 14 14 0 0 1-.1-.8v-.2h.3a12.8 12.8 0 0 0 1.4-.2 4.4 4.4 0 0 0 .3 0 3.6 3.6 0 0 0 1.1-.7 3.4 3.4 0 0 0 1.2-1.7l.2-1.2a5.1 5.1 0 0 0 0-.8 7.2 7.2 0 0 0-.1-.8l-.7-1-1.2-.2-1 .7-.1 1.3a5 5 0 0 1 .1.4v.6a1 1 0 0 1 0 .3c-.1.3-.4.4-.7.5l-1.2.4v-.7A9.9 9.9 0 0 1 60 49l.3-.6v-.2l.1-.1v-1.6l-1-1.2h-1.5l-1 1.1v.4a5.3 5.3 0 0 0-.2.6 5.5 5.5 0 0 0 0 .5c0 .7 0 1.4.3 2 0 .4.2.8.4 1.2L57 51a9.5 9.5 0 0 1-1.1-.5h-.2a2 2 0 0 1-.4-.3c-.4-.4-.5-1-.6-1.6a5.6 5.6 0 0 1 0-.5v-.5-.5l-.6-1.5-1.4-.6-.9.3s-.2 0-.3.2a2 2 0 0 1-.1 0l-.6 1.4v.7a8.5 8.5 0 0 0 .5 2c.4 1.1 1 2.1 2 2.8a4.7 4.7 0 0 0 2.1.9h1a22.8 22.8 0 0 0 .1 1 18.1 18.1 0 0 0 .8 3.8 18.2 18.2 0 0 0 1.6 3.7l1 1.3c1 1 2.3 1.6 3.7 2a11.7 11.7 0 0 0 4.8 0h.4l.5-.2.5-.1.6-.2v6.6a8 8 0 0 0 .1 1.3 7.5 7.5 0 0 0 2.4 4.3 7.2 7.2 0 0 0 2.3 1.3 7 7 0 0 0 7-1.1 7.5 7.5 0 0 0 2-2.6A7.7 7.7 0 0 0 85 72V71a8.2 8.2 0 0 0 .2 1.3c0 .7.3 1.4.6 2a7.5 7.5 0 0 0 1.7 2.3 7.3 7.3 0 0 0 2.2 1.4 7.1 7.1 0 0 0 4.6.2 7.2 7.2 0 0 0 2.4-1.2 7.5 7.5 0 0 0 2.1-2.7 7.8 7.8 0 0 0 .7-2.4V71a9.3 9.3 0 0 0 .1.6 7.6 7.6 0 0 0 .6 2.5 7.5 7.5 0 0 0 2.4 3 7.1 7.1 0 0 0 7 .8 7.3 7.3 0 0 0 2.3-1.5 7.5 7.5 0 0 0 1.6-2.3 7.6 7.6 0 0 0 .5-2l.1-1.1v-6.7l.4.1a12.2 12.2 0 0 0 2 .5 11.1 11.1 0 0 0 2.5 0h.8l1.2-.1a9.5 9.5 0 0 0 1.4-.2l.9-.3a3.5 3.5 0 0 0 .6-.4l1.2-1.4a12.2 12.2 0 0 0 .8-1.2c0-.3.2-.5.3-.7a15.9 15.9 0 0 0 .7-2l.3-1.6v-1.3l.2-.9V54.6a15.5 15.5 0 0 0 1.8 0 4.5 4.5 0 0 0 1.4-.5 5.7 5.7 0 0 0 2.5-3.2 7.6 7.6 0 0 0 .4-1.5v-.3l-.4-1.4a5.2 5.2 0 0 1-.2-.1l-.4-.4a3.8 3.8 0 0 0-.2 0 1.4 1.4 0 0 0-.5-.2l-1.4.4-.7 1.3v.7a5.7 5.7 0 0 1-.1.8l-.7 1.4a1.9 1.9 0 0 1-.5.3h-.3a9.6 9.6 0 0 1-.8.3 8.8 8.8 0 0 1-.6 0l.2-.4.2-.5.2-.3v-.4l.1-.2V50l.1-1 .1-.6v-.6a4.8 4.8 0 0 0 0-.8v-.2l-1-1.1-1.5-.2-1.1 1-.2 1.4v.1l.2.4.2.3v.4l.1 1.1v.3l.1.5v.8a9.6 9.6 0 0 1-.8-.3l-.2-.1h-.3l-.8-.1h-.2a1.6 1.6 0 0 1-.2-.2.9.9 0 0 1-.2-.2 1 1 0 0 1-.1-.5l.2-.9v-1.2l-.9-.8h-1.2l-.8.9v.3a4.8 4.8 0 0 0-.3 2l.3.9a3.5 3.5 0 0 0 1.2 1.6l1 .5.8.2 1.4.1h.4l.2.1a12.1 12.1 0 0 1-1 2.6 13.2 13.2 0 0 1-.8 1.5 9.5 9.5 0 0 1-1 1.2l-.2.3a1.7 1.7 0 0 1-.4.3 2.4 2.4 0 0 1-.7.2h-2.5a7.8 7.8 0 0 1-.6-.2l-.7-.2h-.2a14.8 14.8 0 0 1-.6-.2 23.4 23.4 0 0 1-.4-.1l-.4-.1-.3-.1V43.9a34.6 34.6 0 0 0 0-.6 23.6 23.6 0 0 0-.4-3 22.7 22.7 0 0 0-1.5-4.7 22.6 22.6 0 0 0-4.6-6.7 21.9 21.9 0 0 0-6.9-4.7 21.2 21.2 0 0 0-8.1-1.8H92zm9.1 33.7l.3.1a1 1 0 0 1 .6.8v.4a8.4 8.4 0 0 1 0 .5 8.8 8.8 0 0 1-1.6 4.2l-1 1.3A10 10 0 0 1 95 66c-1.3.3-2.7.4-4 .3a10.4 10.4 0 0 1-2.7-.8 10 10 0 0 1-3.6-2.5 9.3 9.3 0 0 1-.8-1 9 9 0 0 1-.7-1.2 8.6 8.6 0 0 1-.8-3.4V57a1 1 0 0 1 .3-.6 1 1 0 0 1 1.3-.2 1 1 0 0 1 .4.8v.4a6.5 6.5 0 0 0 .5 2.2 7 7 0 0 0 2.1 2.8l1 .6c2.6 1.6 6 1.6 8.5 0a8 8 0 0 0 1.1-.6 7.6 7.6 0 0 0 1.2-1.2 7 7 0 0 0 1-1.7 6.5 6.5 0 0 0 .4-2.5 1 1 0 0 1 .7-1h.4zM30.7 43.7c-15.5 1-28.5-6-30.1-16.4C-1.2 15.7 11.6 4 29 1.3 46.6-1.7 62.3 5.5 64 17.1c1.6 10.4-8.7 21-23.7 25a31.2 31.2 0 0 0 0 .9v.3a19 19 0 0 0 .1 1l.1.4.1.9a4.7 4.7 0 0 0 .5 1l.7 1a9.2 9.2 0 0 0 1.2 1l1.5.8.6.8-.7.6-1.1.3a11.2 11.2 0 0 1-2.6.4 8.6 8.6 0 0 1-3-.5 8.5 8.5 0 0 1-1-.4 11.2 11.2 0 0 1-1.8-1.2 13.3 13.3 0 0 1-1-1 18 18 0 0 1-.7-.6l-.4-.4a23.4 23.4 0 0 1-1.3-1.8l-.1-.1-.3-.5V45l-.3-.6v-.7zM83.1 36c3.6 0 6.5 3.2 6.5 7.1 0 4-3 7.2-6.5 7.2S76.7 47 76.7 43 79.6 36 83 36zm18 0c3.6 0 6.5 3.2 6.5 7.1 0 4-2.9 7.2-6.4 7.2S94.7 47 94.7 43s3-7.1 6.5-7.1zm-18 6.1c2 0 3.5 1.6 3.5 3.6S85 49.2 83 49.2s-3.4-1.6-3.4-3.6S81.2 42 83 42zm17.9 0c1.9 0 3.4 1.6 3.4 3.6s-1.5 3.6-3.4 3.6c-2 0-3.5-1.6-3.5-3.6S99.1 42 101 42zM17 28c-.3 1.6-1.8 5-5.2 5.8-2.5.6-4.1-.8-4.5-2.6-.4-1.9.7-3.5 2.1-4.5A3.5 3.5 0 0 1 8 24.6c-.4-2 .8-3.7 3.2-4.2 1.9-.5 3.1.2 3.4 1.5.3 1.1-.5 2.2-1.8 2.5-.9.3-1.6 0-1.7-.6a1.4 1.4 0 0 1 0-.7s.3.2 1 0c.7-.1 1-.7.9-1.2-.2-.6-1-.8-1.8-.6-1 .2-2 1-1.7 2.6.3 1 .9 1.6 1.5 1.8l.7-.2c1-.2 1.5 0 1.6.5 0 .4-.2 1-1.2 1.2a3.3 3.3 0 0 1-1.5 0c-.9.7-1.6 1.9-1.3 3.2.3 1.3 1.3 2.2 3 1.8 2.5-.7 3.8-3.7 4.2-5-.3-.5-.6-1-.7-1.6-.1-.5.1-1 .9-1.2.4 0 .7.2.8.8a2.8 2.8 0 0 1 0 1l.7 1c.6-2 1.4-4 1.7-4 .6-.2 1.5.6 1.5.6-.8.7-1.7 2.4-2.3 4.2.8.6 1.6 1 2.1 1 .5-.1.8-.6 1-1.2-.3-2.2 1-4.3 2.3-4.6.7-.2 1.3.2 1.4.8.1.5 0 1.3-.9 1.7-.2-1-.6-1.3-1-1.3-.4.1-.7 1.4-.4 2.8.2 1 .7 1.5 1.3 1.4.8-.2 1.3-1.2 1.7-2.1-.3-2.1.9-4.2 2.2-4.5.7-.2 1.2.1 1.4 1 .4 1.4-1 2.8-2.2 3.4.3.7.7 1 1.3.9 1-.3 1.6-1.5 2-2.5l-.5-3v-.3s1.6-.3 1.8.6v.1c.2-.6.7-1.2 1.3-1.4.8-.1 1.5.6 1.7 1.6.5 2.2-.5 4.4-1.8 4.7H33a31.9 31.9 0 0 0 1 5.2c-.4.1-1.8.4-2-.4l-.5-5.6c-.5 1-1.3 2.2-2.5 2.4-1 .3-1.6-.3-2-1.1-.5 1-1.3 2.1-2.4 2.4-.8.2-1.5-.1-2-1-.3.8-.9 1.5-1.5 1.7-.7.1-1.5-.3-2.4-1-.3.8-.4 1.6-.4 2.2 0 0-.7 0-.8-.4-.1-.5 0-1.5.3-2.7a10.3 10.3 0 0 1-.7-.8zm38.2-17.8l.2.9c.5 1.9.4 4.4.8 6.4 0 .6-.4 3-1.4 3.3-.2 0-.3 0-.4-.4-.1-.7 0-1.6-.3-2.6-.2-1.1-.8-1.6-1.5-1.5-.8.2-1.3 1-1.6 2l-.1-.5c-.2-1-1.8-.6-1.8-.6a6.2 6.2 0 0 1 .4 1.3l.2 1c-.2.5-.6 1-1.2 1l-.2.1a7 7 0 0 0-.1-.8c-.3-1.1-1-2-1.6-1.8a.7.7 0 0 0-.4.3c-1.3.3-2.4 2-2.1 3.9-.2.9-.6 1.7-1 1.9-.5 0-.8-.5-1.1-1.8l-.1-1.2a4 4 0 0 0 0-1.7c0-.4-.4-.7-.8-.6-.7.2-.9 1.7-.5 3.8-.2 1-.6 2-1.3 2-.4.2-.8-.2-1-1l-.2-3c1.2-.5 2-1 1.8-1.7-.1-.5-.8-.7-.8-.7s0 .7-1 1.2l-.2-1.4c-.1-.6-.4-1-1.7-.6l.4 1 .2 1.5h-1v.8c0 .3.4.3 1 .2 0 1.3 0 2.7.2 3.6.3 1.4 1.2 2 2 1.7 1-.2 1.6-1.3 2-2.3.3 1.2 1 2 1.9 1.7.7-.2 1.2-1.1 1.6-2.2.4.8 1.1 1.1 2 1 1.2-.4 1.7-1.6 1.8-2.8h.2c.6-.2 1-.6 1.3-1 0 .8 0 1.5.2 2.1.1.5.3.7.6.6.5-.1 1-.9 1-.9a4 4 0 0 1-.3-1c-.3-1.3.3-3.6 1-3.7.2 0 .3.2.5.7v.8l.2 1.5v.7c.2.7.7 1.3 1.5 1 1.3-.2 2-2.6 2.1-3.9.3.2.6.2 1 .1-.6-2.2 0-6.1-.3-7.9-.1-.4-1-.5-1.7-.5h-.4zm-21.5 12c.4 0 .7.3 1 1.1.2 1.3-.3 2.6-.9 2.8-.2 0-.7 0-1-1.2v-.4c0-1.3.4-2 1-2.2zm-5.2 1c.3 0 .6.2.6.5.2.6-.3 1.3-1.2 2-.3-1.4.1-2.3.6-2.5zm18-.4c-.5.2-1-.4-1.2-1.2-.2-1 0-2.1.7-2.5v.5c.2.7.6 1.5 1.3 1.9 0 .7-.2 1.2-.7 1.3zm10-1.6c0 .5.4.7 1 .6.8-.2 1-1 .8-1.6 0-.5-.4-1-1-.8-.5.1-1 .9-.8 1.8zm-14.3-5.5c0-.4-.5-.7-1-.5-.8.2-1 1-.9 1.5.2.6.5 1 1 .8.5 0 1.1-1 1-1.8z" fill="#fff" fill-opacity=".6"/&gt;&lt;/svg&gt;            &lt;/div&gt;
        &lt;/div&gt;
    &lt;/div&gt;
&lt;/div&gt;

&lt;div class="container"&gt;
    &lt;div class="sf-tabs"&gt;
        &lt;div class="tab"&gt;
                        &lt;h3 class="tab-title"&gt;
                                    Exceptions &lt;span class="badge"&gt;3&lt;/span&gt;
                            &lt;/h3&gt;

            &lt;div class="tab-content"&gt;
                &lt;div class="trace trace-as-html" id="trace-box-1"&gt;
    &lt;div class="trace-details"&gt;
        &lt;div class="trace-head"&gt;
            &lt;div class="sf-toggle" data-toggle-selector="#trace-html-1" data-toggle-initial="display"&gt;
                &lt;span class="icon icon-close"&gt;&lt;svg width="1792" height="1792" viewBox="0 0 1792 1792" xmlns="http://www.w3.org/2000/svg"&gt;&lt;path d="M1344 800v64q0 14-9 23t-23 9H480q-14 0-23-9t-9-23v-64q0-14 9-23t23-9h832q14 0 23 9t9 23zm128 448V416q0-66-47-113t-113-47H480q-66 0-113 47t-47 113v832q0 66 47 113t113 47h832q66 0 113-47t47-113zm128-832v832q0 119-84.5 203.5T1312 1536H480q-119 0-203.5-84.5T192 1248V416q0-119 84.5-203.5T480 128h832q119 0 203.5 84.5T1600 416z"/&gt;&lt;/svg&gt;&lt;/span&gt;
                &lt;span class="icon icon-open"&gt;&lt;svg width="1792" height="1792" viewBox="0 0 1792 1792" xmlns="http://www.w3.org/2000/svg"&gt;&lt;path d="M1344 800v64q0 14-9 23t-23 9H960v352q0 14-9 23t-23 9h-64q-14 0-23-9t-9-23V896H480q-14 0-23-9t-9-23v-64q0-14 9-23t23-9h352V416q0-14 9-23t23-9h64q14 0 23 9t9 23v352h352q14 0 23 9t9 23zm128 448V416q0-66-47-113t-113-47H480q-66 0-113 47t-47 113v832q0 66 47 113t113 47h832q66 0 113-47t47-113zm128-832v832q0 119-84.5 203.5T1312 1536H480q-119 0-203.5-84.5T192 1248V416q0-119 84.5-203.5T480 128h832q119 0 203.5 84.5T1600 416z"/&gt;&lt;/svg&gt;&lt;/span&gt;
                                                    &lt;h3 class="trace-class"&gt;
                                                    &lt;span class="trace-namespace"&gt;Doctrine\DBAL\Exception\&lt;/span&gt;
                                                ConnectionException                    &lt;/h3&gt;
                                            &lt;/div&gt;
        &lt;/div&gt;

        &lt;div id="trace-html-1" class="sf-toggle-content"&gt;
                    &lt;div class="trace-line "&gt;
                &lt;div class="trace-line-header break-long-words sf-toggle" data-toggle-selector="#trace-html-1-0" data-toggle-initial="display"&gt;
            &lt;span class="icon icon-close"&gt;&lt;svg width="1792" height="1792" viewBox="0 0 1792 1792" xmlns="http://www.w3.org/2000/svg"&gt;&lt;path d="M1408 960V832q0-26-19-45t-45-19H448q-26 0-45 19t-19 45v128q0 26 19 45t45 19h896q26 0 45-19t19-45zm256-544v960q0 119-84.5 203.5T1376 1664H416q-119 0-203.5-84.5T128 1376V416q0-119 84.5-203.5T416 128h960q119 0 203.5 84.5T1664 416z"/&gt;&lt;/svg&gt;&lt;/span&gt;
        &lt;span class="icon icon-open"&gt;&lt;svg width="1792" height="1792" viewBox="0 0 1792 1792" xmlns="http://www.w3.org/2000/svg"&gt;&lt;path d="M1408 960V832q0-26-19-45t-45-19h-320V448q0-26-19-45t-45-19H832q-26 0-45 19t-19 45v320H448q-26 0-45 19t-19 45v128q0 26 19 45t45 19h320v320q0 26 19 45t45 19h128q26 0 45-19t19-45v-320h320q26 0 45-19t19-45zm256-544v960q0 119-84.5 203.5T1376 1664H416q-119 0-203.5-84.5T128 1376V416q0-119 84.5-203.5T416 128h960q119 0 203.5 84.5T1664 416z"/&gt;&lt;/svg&gt;&lt;/span&gt;
    
    
                    &lt;span class="block trace-file-path"&gt;
            in
            &lt;a href=""&gt;
                C:\Users\eman\Documents\GitHub\car_dealer\vendor\doctrine\dbal\src\Driver\API\MySQL\&lt;strong&gt;ExceptionConverter.php&lt;/strong&gt;
            &lt;/a&gt;
                        (line 103)
            &lt;span class="icon icon-copy hidden" data-clipboard-text="C:\Users\eman\Documents\GitHub\car_dealer\vendor\doctrine\dbal\src\Driver\API\MySQL\ExceptionConverter.php:103"&gt;
                &lt;svg xmlns="http://www.w3.org/2000/svg" height="24" viewBox="0 0 24 24" width="24"&gt;&lt;path d="M0 0h24v24H0z" fill="none"/&gt;&lt;path d="M16 1H4c-1.1 0-2 .9-2 2v14h2V3h12V1zm3 4H8c-1.1 0-2 .9-2 2v14c0 1.1.9 2 2 2h11c1.1 0 2-.9 2-2V7c0-1.1-.9-2-2-2zm0 16H8V7h11v14z"/&gt;&lt;/svg&gt;            &lt;/span&gt;
        &lt;/span&gt;
    &lt;/div&gt;
    &lt;div id="trace-html-1-0" class="trace-code sf-toggle-content"&gt;
        &lt;ol start="98"&gt;&lt;li&gt;&lt;code&gt;&lt;span style="color: var(--highlight-keyword)"&gt;&amp;nbsp;&amp;nbsp;&amp;nbsp;&amp;nbsp;&amp;nbsp;&amp;nbsp;&amp;nbsp;&amp;nbsp;&amp;nbsp;&amp;nbsp;&amp;nbsp;&amp;nbsp;case&amp;nbsp;&lt;/span&gt;&lt;span style="color: var(--highlight-default)"&gt;1370&lt;/span&gt;&lt;span style="color: var(--highlight-keyword)"&gt;:&lt;/span&gt;&lt;/code&gt;&lt;/li&gt;
&lt;li&gt;&lt;code&gt;&lt;span style="color: var(--highlight-keyword)"&gt;&amp;nbsp;&amp;nbsp;&amp;nbsp;&amp;nbsp;&amp;nbsp;&amp;nbsp;&amp;nbsp;&amp;nbsp;&amp;nbsp;&amp;nbsp;&amp;nbsp;&amp;nbsp;case&amp;nbsp;&lt;/span&gt;&lt;span style="color: var(--highlight-default)"&gt;1429&lt;/span&gt;&lt;span style="color: var(--highlight-keyword)"&gt;:&lt;/span&gt;&lt;/code&gt;&lt;/li&gt;
&lt;li&gt;&lt;code&gt;&lt;span style="color: var(--highlight-keyword)"&gt;&amp;nbsp;&amp;nbsp;&amp;nbsp;&amp;nbsp;&amp;nbsp;&amp;nbsp;&amp;nbsp;&amp;nbsp;&amp;nbsp;&amp;nbsp;&amp;nbsp;&amp;nbsp;case&amp;nbsp;&lt;/span&gt;&lt;span style="color: var(--highlight-default)"&gt;2002&lt;/span&gt;&lt;span style="color: var(--highlight-keyword)"&gt;:&lt;/span&gt;&lt;/code&gt;&lt;/li&gt;
&lt;li&gt;&lt;code&gt;&lt;span style="color: var(--highlight-keyword)"&gt;&amp;nbsp;&amp;nbsp;&amp;nbsp;&amp;nbsp;&amp;nbsp;&amp;nbsp;&amp;nbsp;&amp;nbsp;&amp;nbsp;&amp;nbsp;&amp;nbsp;&amp;nbsp;case&amp;nbsp;&lt;/span&gt;&lt;span style="color: var(--highlight-default)"&gt;2005&lt;/span&gt;&lt;span style="color: var(--highlight-keyword)"&gt;:&lt;/span&gt;&lt;/code&gt;&lt;/li&gt;
&lt;li&gt;&lt;code&gt;&lt;span style="color: var(--highlight-keyword)"&gt;&amp;nbsp;&amp;nbsp;&amp;nbsp;&amp;nbsp;&amp;nbsp;&amp;nbsp;&amp;nbsp;&amp;nbsp;&amp;nbsp;&amp;nbsp;&amp;nbsp;&amp;nbsp;case&amp;nbsp;&lt;/span&gt;&lt;span style="color: var(--highlight-default)"&gt;2054&lt;/span&gt;&lt;span style="color: var(--highlight-keyword)"&gt;:&lt;/span&gt;&lt;/code&gt;&lt;/li&gt;
&lt;li class="selected"&gt;&lt;code&gt;&lt;span style="color: var(--highlight-keyword)"&gt;&amp;nbsp;&amp;nbsp;&amp;nbsp;&amp;nbsp;&amp;nbsp;&amp;nbsp;&amp;nbsp;&amp;nbsp;&amp;nbsp;&amp;nbsp;&amp;nbsp;&amp;nbsp;&amp;nbsp;&amp;nbsp;&amp;nbsp;&amp;nbsp;return&amp;nbsp;new&amp;nbsp;&lt;/span&gt;&lt;span style="color: var(--highlight-default)"&gt;ConnectionException&lt;/span&gt;&lt;span style="color: var(--highlight-keyword)"&gt;(&lt;/span&gt;&lt;span style="color: var(--highlight-default)"&gt;$exception&lt;/span&gt;&lt;span style="color: var(--highlight-keyword)"&gt;,&amp;nbsp;&lt;/span&gt;&lt;span style="color: var(--highlight-default)"&gt;$query&lt;/span&gt;&lt;span style="color: var(--highlight-keyword)"&gt;);&lt;/span&gt;&lt;/code&gt;&lt;/li&gt;
&lt;li&gt;&lt;code&gt;&lt;span style="color: var(--highlight-keyword)"&gt;&lt;/span&gt;&lt;/code&gt;&lt;/li&gt;
&lt;li&gt;&lt;code&gt;&lt;span style="color: var(--highlight-keyword)"&gt;&amp;nbsp;&amp;nbsp;&amp;nbsp;&amp;nbsp;&amp;nbsp;&amp;nbsp;&amp;nbsp;&amp;nbsp;&amp;nbsp;&amp;nbsp;&amp;nbsp;&amp;nbsp;case&amp;nbsp;&lt;/span&gt;&lt;span style="color: var(--highlight-default)"&gt;2006&lt;/span&gt;&lt;span style="color: var(--highlight-keyword)"&gt;:&lt;/span&gt;&lt;/code&gt;&lt;/li&gt;
&lt;li&gt;&lt;code&gt;&lt;span style="color: var(--highlight-keyword)"&gt;&amp;nbsp;&amp;nbsp;&amp;nbsp;&amp;nbsp;&amp;nbsp;&amp;nbsp;&amp;nbsp;&amp;nbsp;&amp;nbsp;&amp;nbsp;&amp;nbsp;&amp;nbsp;&amp;nbsp;&amp;nbsp;&amp;nbsp;&amp;nbsp;return&amp;nbsp;new&amp;nbsp;&lt;/span&gt;&lt;span style="color: var(--highlight-default)"&gt;ConnectionLost&lt;/span&gt;&lt;span style="color: var(--highlight-keyword)"&gt;(&lt;/span&gt;&lt;span style="color: var(--highlight-default)"&gt;$exception&lt;/span&gt;&lt;span style="color: var(--highlight-keyword)"&gt;,&amp;nbsp;&lt;/span&gt;&lt;span style="color: var(--highlight-default)"&gt;$query&lt;/span&gt;&lt;span style="color: var(--highlight-keyword)"&gt;);&lt;/span&gt;&lt;/code&gt;&lt;/li&gt;
&lt;li&gt;&lt;code&gt;&lt;span style="color: var(--highlight-keyword)"&gt;&lt;/span&gt;&lt;/code&gt;&lt;/li&gt;
&lt;li&gt;&lt;code&gt;&lt;span style="color: var(--highlight-keyword)"&gt;&amp;nbsp;&amp;nbsp;&amp;nbsp;&amp;nbsp;&amp;nbsp;&amp;nbsp;&amp;nbsp;&amp;nbsp;&amp;nbsp;&amp;nbsp;&amp;nbsp;&amp;nbsp;case&amp;nbsp;&lt;/span&gt;&lt;span style="color: var(--highlight-default)"&gt;1048&lt;/span&gt;&lt;span style="color: var(--highlight-keyword)"&gt;:&lt;/span&gt;&lt;/code&gt;&lt;/li&gt;&lt;/ol&gt;    &lt;/div&gt;            &lt;/div&gt;
                        &lt;div class="trace-line "&gt;
                &lt;div class="trace-line-header break-long-words sf-toggle" data-toggle-selector="#trace-html-1-1" data-toggle-initial=""&gt;
            &lt;span class="icon icon-close"&gt;&lt;svg width="1792" height="1792" viewBox="0 0 1792 1792" xmlns="http://www.w3.org/2000/svg"&gt;&lt;path d="M1408 960V832q0-26-19-45t-45-19H448q-26 0-45 19t-19 45v128q0 26 19 45t45 19h896q26 0 45-19t19-45zm256-544v960q0 119-84.5 203.5T1376 1664H416q-119 0-203.5-84.5T128 1376V416q0-119 84.5-203.5T416 128h960q119 0 203.5 84.5T1664 416z"/&gt;&lt;/svg&gt;&lt;/span&gt;
        &lt;span class="icon icon-open"&gt;&lt;svg width="1792" height="1792" viewBox="0 0 1792 1792" xmlns="http://www.w3.org/2000/svg"&gt;&lt;path d="M1408 960V832q0-26-19-45t-45-19h-320V448q0-26-19-45t-45-19H832q-26 0-45 19t-19 45v320H448q-26 0-45 19t-19 45v128q0 26 19 45t45 19h320v320q0 26 19 45t45 19h128q26 0 45-19t19-45v-320h320q26 0 45-19t19-45zm256-544v960q0 119-84.5 203.5T1376 1664H416q-119 0-203.5-84.5T128 1376V416q0-119 84.5-203.5T416 128h960q119 0 203.5 84.5T1664 416z"/&gt;&lt;/svg&gt;&lt;/span&gt;
    
            &lt;span class="trace-class"&gt;&lt;abbr title="Doctrine\DBAL\Driver\API\MySQL\ExceptionConverter"&gt;ExceptionConverter&lt;/abbr&gt;&lt;/span&gt;&lt;span class="trace-type"&gt;-&gt;&lt;/span&gt;&lt;span class="trace-method"&gt;convert&lt;/span&gt;&lt;span class="trace-arguments"&gt;()&lt;/span&gt;    
                    &lt;span class="block trace-file-path"&gt;
            in
            &lt;a href=""&gt;
                C:\Users\eman\Documents\GitHub\car_dealer\vendor\doctrine\dbal\src\&lt;strong&gt;Connection.php&lt;/strong&gt;
            &lt;/a&gt;
                        (line 1768)
            &lt;span class="icon icon-copy hidden" data-clipboard-text="C:\Users\eman\Documents\GitHub\car_dealer\vendor\doctrine\dbal\src\Connection.php:1768"&gt;
                &lt;svg xmlns="http://www.w3.org/2000/svg" height="24" viewBox="0 0 24 24" width="24"&gt;&lt;path d="M0 0h24v24H0z" fill="none"/&gt;&lt;path d="M16 1H4c-1.1 0-2 .9-2 2v14h2V3h12V1zm3 4H8c-1.1 0-2 .9-2 2v14c0 1.1.9 2 2 2h11c1.1 0 2-.9 2-2V7c0-1.1-.9-2-2-2zm0 16H8V7h11v14z"/&gt;&lt;/svg&gt;            &lt;/span&gt;
        &lt;/span&gt;
    &lt;/div&gt;
    &lt;div id="trace-html-1-1" class="trace-code sf-toggle-content"&gt;
        &lt;ol start="1763"&gt;&lt;li&gt;&lt;code&gt;&lt;span style="color: var(--highlight-default)"&gt;&amp;nbsp;&amp;nbsp;&amp;nbsp;&amp;nbsp;&lt;/span&gt;&lt;span style="color: var(--highlight-keyword)"&gt;):&amp;nbsp;&lt;/span&gt;&lt;span style="color: var(--highlight-default)"&gt;DriverException&amp;nbsp;&lt;/span&gt;&lt;span style="color: var(--highlight-keyword)"&gt;{&lt;/span&gt;&lt;/code&gt;&lt;/li&gt;
&lt;li&gt;&lt;code&gt;&lt;span style="color: var(--highlight-keyword)"&gt;&amp;nbsp;&amp;nbsp;&amp;nbsp;&amp;nbsp;&amp;nbsp;&amp;nbsp;&amp;nbsp;&amp;nbsp;if&amp;nbsp;(&lt;/span&gt;&lt;span style="color: var(--highlight-default)"&gt;$this&lt;/span&gt;&lt;span style="color: var(--highlight-keyword)"&gt;-&amp;gt;&lt;/span&gt;&lt;span style="color: var(--highlight-default)"&gt;exceptionConverter&amp;nbsp;&lt;/span&gt;&lt;span style="color: var(--highlight-keyword)"&gt;===&amp;nbsp;&lt;/span&gt;&lt;span style="color: var(--highlight-default)"&gt;null&lt;/span&gt;&lt;span style="color: var(--highlight-keyword)"&gt;)&amp;nbsp;{&lt;/span&gt;&lt;/code&gt;&lt;/li&gt;
&lt;li&gt;&lt;code&gt;&lt;span style="color: var(--highlight-keyword)"&gt;&amp;nbsp;&amp;nbsp;&amp;nbsp;&amp;nbsp;&amp;nbsp;&amp;nbsp;&amp;nbsp;&amp;nbsp;&amp;nbsp;&amp;nbsp;&amp;nbsp;&amp;nbsp;&lt;/span&gt;&lt;span style="color: var(--highlight-default)"&gt;$this&lt;/span&gt;&lt;span style="color: var(--highlight-keyword)"&gt;-&amp;gt;&lt;/span&gt;&lt;span style="color: var(--highlight-default)"&gt;exceptionConverter&amp;nbsp;&lt;/span&gt;&lt;span style="color: var(--highlight-keyword)"&gt;=&amp;nbsp;&lt;/span&gt;&lt;span style="color: var(--highlight-default)"&gt;$this&lt;/span&gt;&lt;span style="color: var(--highlight-keyword)"&gt;-&amp;gt;&lt;/span&gt;&lt;span style="color: var(--highlight-default)"&gt;_driver&lt;/span&gt;&lt;span style="color: var(--highlight-keyword)"&gt;-&amp;gt;&lt;/span&gt;&lt;span style="color: var(--highlight-default)"&gt;getExceptionConverter&lt;/span&gt;&lt;span style="color: var(--highlight-keyword)"&gt;();&lt;/span&gt;&lt;/code&gt;&lt;/li&gt;
&lt;li&gt;&lt;code&gt;&lt;span style="color: var(--highlight-keyword)"&gt;&amp;nbsp;&amp;nbsp;&amp;nbsp;&amp;nbsp;&amp;nbsp;&amp;nbsp;&amp;nbsp;&amp;nbsp;}&lt;/span&gt;&lt;/code&gt;&lt;/li&gt;
&lt;li&gt;&lt;code&gt;&lt;span style="color: var(--highlight-keyword)"&gt;&lt;/span&gt;&lt;/code&gt;&lt;/li&gt;
&lt;li class="selected"&gt;&lt;code&gt;&lt;span style="color: var(--highlight-keyword)"&gt;&amp;nbsp;&amp;nbsp;&amp;nbsp;&amp;nbsp;&amp;nbsp;&amp;nbsp;&amp;nbsp;&amp;nbsp;&lt;/span&gt;&lt;span style="color: var(--highlight-default)"&gt;$exception&amp;nbsp;&lt;/span&gt;&lt;span style="color: var(--highlight-keyword)"&gt;=&amp;nbsp;&lt;/span&gt;&lt;span style="color: var(--highlight-default)"&gt;$this&lt;/span&gt;&lt;span style="color: var(--highlight-keyword)"&gt;-&amp;gt;&lt;/span&gt;&lt;span style="color: var(--highlight-default)"&gt;exceptionConverter&lt;/span&gt;&lt;span style="color: var(--highlight-keyword)"&gt;-&amp;gt;&lt;/span&gt;&lt;span style="color: var(--highlight-default)"&gt;convert&lt;/span&gt;&lt;span style="color: var(--highlight-keyword)"&gt;(&lt;/span&gt;&lt;span style="color: var(--highlight-default)"&gt;$driverException&lt;/span&gt;&lt;span style="color: var(--highlight-keyword)"&gt;,&amp;nbsp;&lt;/span&gt;&lt;span style="color: var(--highlight-default)"&gt;$query&lt;/span&gt;&lt;span style="color: var(--highlight-keyword)"&gt;);&lt;/span&gt;&lt;/code&gt;&lt;/li&gt;
&lt;li&gt;&lt;code&gt;&lt;span style="color: var(--highlight-keyword)"&gt;&lt;/span&gt;&lt;/code&gt;&lt;/li&gt;
&lt;li&gt;&lt;code&gt;&lt;span style="color: var(--highlight-keyword)"&gt;&amp;nbsp;&amp;nbsp;&amp;nbsp;&amp;nbsp;&amp;nbsp;&amp;nbsp;&amp;nbsp;&amp;nbsp;if&amp;nbsp;(&lt;/span&gt;&lt;span style="color: var(--highlight-default)"&gt;$exception&amp;nbsp;&lt;/span&gt;&lt;span style="color: var(--highlight-keyword)"&gt;instanceof&amp;nbsp;&lt;/span&gt;&lt;span style="color: var(--highlight-default)"&gt;ConnectionLost&lt;/span&gt;&lt;span style="color: var(--highlight-keyword)"&gt;)&amp;nbsp;{&lt;/span&gt;&lt;/code&gt;&lt;/li&gt;
&lt;li&gt;&lt;code&gt;&lt;span style="color: var(--highlight-keyword)"&gt;&amp;nbsp;&amp;nbsp;&amp;nbsp;&amp;nbsp;&amp;nbsp;&amp;nbsp;&amp;nbsp;&amp;nbsp;&amp;nbsp;&amp;nbsp;&amp;nbsp;&amp;nbsp;&lt;/span&gt;&lt;span style="color: var(--highlight-default)"&gt;$this&lt;/span&gt;&lt;span style="color: var(--highlight-keyword)"&gt;-&amp;gt;&lt;/span&gt;&lt;span style="color: var(--highlight-default)"&gt;close&lt;/span&gt;&lt;span style="color: var(--highlight-keyword)"&gt;();&lt;/span&gt;&lt;/code&gt;&lt;/li&gt;
&lt;li&gt;&lt;code&gt;&lt;span style="color: var(--highlight-keyword)"&gt;&amp;nbsp;&amp;nbsp;&amp;nbsp;&amp;nbsp;&amp;nbsp;&amp;nbsp;&amp;nbsp;&amp;nbsp;}&lt;/span&gt;&lt;/code&gt;&lt;/li&gt;
&lt;li&gt;&lt;code&gt;&lt;span style="color: var(--highlight-keyword)"&gt;&lt;/span&gt;&lt;/code&gt;&lt;/li&gt;&lt;/ol&gt;    &lt;/div&gt;            &lt;/div&gt;
                        &lt;div class="trace-line "&gt;
                &lt;div class="trace-line-header break-long-words sf-toggle" data-toggle-selector="#trace-html-1-2" data-toggle-initial=""&gt;
            &lt;span class="icon icon-close"&gt;&lt;svg width="1792" height="1792" viewBox="0 0 1792 1792" xmlns="http://www.w3.org/2000/svg"&gt;&lt;path d="M1408 960V832q0-26-19-45t-45-19H448q-26 0-45 19t-19 45v128q0 26 19 45t45 19h896q26 0 45-19t19-45zm256-544v960q0 119-84.5 203.5T1376 1664H416q-119 0-203.5-84.5T128 1376V416q0-119 84.5-203.5T416 128h960q119 0 203.5 84.5T1664 416z"/&gt;&lt;/svg&gt;&lt;/span&gt;
        &lt;span class="icon icon-open"&gt;&lt;svg width="1792" height="1792" viewBox="0 0 1792 1792" xmlns="http://www.w3.org/2000/svg"&gt;&lt;path d="M1408 960V832q0-26-19-45t-45-19h-320V448q0-26-19-45t-45-19H832q-26 0-45 19t-19 45v320H448q-26 0-45 19t-19 45v128q0 26 19 45t45 19h320v320q0 26 19 45t45 19h128q26 0 45-19t19-45v-320h320q26 0 45-19t19-45zm256-544v960q0 119-84.5 203.5T1376 1664H416q-119 0-203.5-84.5T128 1376V416q0-119 84.5-203.5T416 128h960q119 0 203.5 84.5T1664 416z"/&gt;&lt;/svg&gt;&lt;/span&gt;
    
            &lt;span class="trace-class"&gt;&lt;abbr title="Doctrine\DBAL\Connection"&gt;Connection&lt;/abbr&gt;&lt;/span&gt;&lt;span class="trace-type"&gt;-&gt;&lt;/span&gt;&lt;span class="trace-method"&gt;handleDriverException&lt;/span&gt;&lt;span class="trace-arguments"&gt;()&lt;/span&gt;    
                    &lt;span class="block trace-file-path"&gt;
            in
            &lt;a href=""&gt;
                C:\Users\eman\Documents\GitHub\car_dealer\vendor\doctrine\dbal\src\&lt;strong&gt;Connection.php&lt;/strong&gt;
            &lt;/a&gt;
                        (line 1715)
            &lt;span class="icon icon-copy hidden" data-clipboard-text="C:\Users\eman\Documents\GitHub\car_dealer\vendor\doctrine\dbal\src\Connection.php:1715"&gt;
                &lt;svg xmlns="http://www.w3.org/2000/svg" height="24" viewBox="0 0 24 24" width="24"&gt;&lt;path d="M0 0h24v24H0z" fill="none"/&gt;&lt;path d="M16 1H4c-1.1 0-2 .9-2 2v14h2V3h12V1zm3 4H8c-1.1 0-2 .9-2 2v14c0 1.1.9 2 2 2h11c1.1 0 2-.9 2-2V7c0-1.1-.9-2-2-2zm0 16H8V7h11v14z"/&gt;&lt;/svg&gt;            &lt;/span&gt;
        &lt;/span&gt;
    &lt;/div&gt;
    &lt;div id="trace-html-1-2" class="trace-code sf-toggle-content"&gt;
        &lt;ol start="1710"&gt;&lt;li&gt;&lt;code&gt;&lt;span style="color: var(--highlight-keyword)"&gt;&amp;nbsp;&amp;nbsp;&amp;nbsp;&amp;nbsp;&lt;/span&gt;&lt;span style="color: var(--highlight-comment)"&gt;/**&lt;/span&gt;&lt;/code&gt;&lt;/li&gt;
&lt;li&gt;&lt;code&gt;&lt;span style="color: var(--highlight-comment)"&gt;&amp;nbsp;&amp;nbsp;&amp;nbsp;&amp;nbsp;&amp;nbsp;*&amp;nbsp;@internal&lt;/span&gt;&lt;/code&gt;&lt;/li&gt;
&lt;li&gt;&lt;code&gt;&lt;span style="color: var(--highlight-comment)"&gt;&amp;nbsp;&amp;nbsp;&amp;nbsp;&amp;nbsp;&amp;nbsp;*/&lt;/span&gt;&lt;/code&gt;&lt;/li&gt;
&lt;li&gt;&lt;code&gt;&lt;span style="color: var(--highlight-comment)"&gt;&amp;nbsp;&amp;nbsp;&amp;nbsp;&amp;nbsp;&lt;/span&gt;&lt;span style="color: var(--highlight-keyword)"&gt;final&amp;nbsp;public&amp;nbsp;function&amp;nbsp;&lt;/span&gt;&lt;span style="color: var(--highlight-default)"&gt;convertException&lt;/span&gt;&lt;span style="color: var(--highlight-keyword)"&gt;(&lt;/span&gt;&lt;span style="color: var(--highlight-default)"&gt;Driver\Exception&amp;nbsp;$e&lt;/span&gt;&lt;span style="color: var(--highlight-keyword)"&gt;):&amp;nbsp;&lt;/span&gt;&lt;span style="color: var(--highlight-default)"&gt;DriverException&lt;/span&gt;&lt;/code&gt;&lt;/li&gt;
&lt;li&gt;&lt;code&gt;&lt;span style="color: var(--highlight-default)"&gt;&amp;nbsp;&amp;nbsp;&amp;nbsp;&amp;nbsp;&lt;/span&gt;&lt;span style="color: var(--highlight-keyword)"&gt;{&lt;/span&gt;&lt;/code&gt;&lt;/li&gt;
&lt;li class="selected"&gt;&lt;code&gt;&lt;span style="color: var(--highlight-keyword)"&gt;&amp;nbsp;&amp;nbsp;&amp;nbsp;&amp;nbsp;&amp;nbsp;&amp;nbsp;&amp;nbsp;&amp;nbsp;return&amp;nbsp;&lt;/span&gt;&lt;span style="color: var(--highlight-default)"&gt;$this&lt;/span&gt;&lt;span style="color: var(--highlight-keyword)"&gt;-&amp;gt;&lt;/span&gt;&lt;span style="color: var(--highlight-default)"&gt;handleDriverException&lt;/span&gt;&lt;span style="color: var(--highlight-keyword)"&gt;(&lt;/span&gt;&lt;span style="color: var(--highlight-default)"&gt;$e&lt;/span&gt;&lt;span style="color: var(--highlight-keyword)"&gt;,&amp;nbsp;&lt;/span&gt;&lt;span style="color: var(--highlight-default)"&gt;null&lt;/span&gt;&lt;span style="color: var(--highlight-keyword)"&gt;);&lt;/span&gt;&lt;/code&gt;&lt;/li&gt;
&lt;li&gt;&lt;code&gt;&lt;span style="color: var(--highlight-keyword)"&gt;&amp;nbsp;&amp;nbsp;&amp;nbsp;&amp;nbsp;}&lt;/span&gt;&lt;/code&gt;&lt;/li&gt;
&lt;li&gt;&lt;code&gt;&lt;span style="color: var(--highlight-keyword)"&gt;&lt;/span&gt;&lt;/code&gt;&lt;/li&gt;
&lt;li&gt;&lt;code&gt;&lt;span style="color: var(--highlight-keyword)"&gt;&amp;nbsp;&amp;nbsp;&amp;nbsp;&amp;nbsp;&lt;/span&gt;&lt;span style="color: var(--highlight-comment)"&gt;/**&lt;/span&gt;&lt;/code&gt;&lt;/li&gt;
&lt;li&gt;&lt;code&gt;&lt;span style="color: var(--highlight-comment)"&gt;&amp;nbsp;&amp;nbsp;&amp;nbsp;&amp;nbsp;&amp;nbsp;*&amp;nbsp;@param&amp;nbsp;array&amp;lt;int,&amp;nbsp;mixed&amp;gt;|array&amp;lt;string,&amp;nbsp;mixed&amp;gt;&amp;nbsp;&amp;nbsp;&amp;nbsp;&amp;nbsp;&amp;nbsp;&amp;nbsp;&amp;nbsp;&amp;nbsp;&amp;nbsp;&amp;nbsp;&amp;nbsp;&amp;nbsp;&amp;nbsp;&amp;nbsp;&amp;nbsp;&amp;nbsp;&amp;nbsp;&amp;nbsp;&amp;nbsp;&amp;nbsp;&amp;nbsp;&amp;nbsp;&amp;nbsp;&amp;nbsp;&amp;nbsp;&amp;nbsp;&amp;nbsp;&amp;nbsp;&amp;nbsp;&amp;nbsp;&amp;nbsp;$params&lt;/span&gt;&lt;/code&gt;&lt;/li&gt;
&lt;li&gt;&lt;code&gt;&lt;span style="color: var(--highlight-comment)"&gt;&amp;nbsp;&amp;nbsp;&amp;nbsp;&amp;nbsp;&amp;nbsp;*&amp;nbsp;@param&amp;nbsp;array&amp;lt;int,&amp;nbsp;int|string|Type|null&amp;gt;|array&amp;lt;string,&amp;nbsp;int|string|Type|null&amp;gt;&amp;nbsp;$types&lt;/span&gt;&lt;/code&gt;&lt;/li&gt;&lt;/ol&gt;    &lt;/div&gt;            &lt;/div&gt;
                        &lt;div class="trace-line "&gt;
                &lt;div class="trace-line-header break-long-words sf-toggle" data-toggle-selector="#trace-html-1-3" data-toggle-initial=""&gt;
            &lt;span class="icon icon-close"&gt;&lt;svg width="1792" height="1792" viewBox="0 0 1792 1792" xmlns="http://www.w3.org/2000/svg"&gt;&lt;path d="M1408 960V832q0-26-19-45t-45-19H448q-26 0-45 19t-19 45v128q0 26 19 45t45 19h896q26 0 45-19t19-45zm256-544v960q0 119-84.5 203.5T1376 1664H416q-119 0-203.5-84.5T128 1376V416q0-119 84.5-203.5T416 128h960q119 0 203.5 84.5T1664 416z"/&gt;&lt;/svg&gt;&lt;/span&gt;
        &lt;span class="icon icon-open"&gt;&lt;svg width="1792" height="1792" viewBox="0 0 1792 1792" xmlns="http://www.w3.org/2000/svg"&gt;&lt;path d="M1408 960V832q0-26-19-45t-45-19h-320V448q0-26-19-45t-45-19H832q-26 0-45 19t-19 45v320H448q-26 0-45 19t-19 45v128q0 26 19 45t45 19h320v320q0 26 19 45t45 19h128q26 0 45-19t19-45v-320h320q26 0 45-19t19-45zm256-544v960q0 119-84.5 203.5T1376 1664H416q-119 0-203.5-84.5T128 1376V416q0-119 84.5-203.5T416 128h960q119 0 203.5 84.5T1664 416z"/&gt;&lt;/svg&gt;&lt;/span&gt;
    
            &lt;span class="trace-class"&gt;&lt;abbr title="Doctrine\DBAL\Connection"&gt;Connection&lt;/abbr&gt;&lt;/span&gt;&lt;span class="trace-type"&gt;-&gt;&lt;/span&gt;&lt;span class="trace-method"&gt;convertException&lt;/span&gt;&lt;span class="trace-arguments"&gt;()&lt;/span&gt;    
                    &lt;span class="block trace-file-path"&gt;
            in
            &lt;a href=""&gt;
                C:\Users\eman\Documents\GitHub\car_dealer\vendor\doctrine\dbal\src\&lt;strong&gt;Connection.php&lt;/strong&gt;
            &lt;/a&gt;
                        (line 327)
            &lt;span class="icon icon-copy hidden" data-clipboard-text="C:\Users\eman\Documents\GitHub\car_dealer\vendor\doctrine\dbal\src\Connection.php:327"&gt;
                &lt;svg xmlns="http://www.w3.org/2000/svg" height="24" viewBox="0 0 24 24" width="24"&gt;&lt;path d="M0 0h24v24H0z" fill="none"/&gt;&lt;path d="M16 1H4c-1.1 0-2 .9-2 2v14h2V3h12V1zm3 4H8c-1.1 0-2 .9-2 2v14c0 1.1.9 2 2 2h11c1.1 0 2-.9 2-2V7c0-1.1-.9-2-2-2zm0 16H8V7h11v14z"/&gt;&lt;/svg&gt;            &lt;/span&gt;
        &lt;/span&gt;
    &lt;/div&gt;
    &lt;div id="trace-html-1-3" class="trace-code sf-toggle-content"&gt;
        &lt;ol start="322"&gt;&lt;li&gt;&lt;code&gt;&lt;span style="color: var(--highlight-keyword)"&gt;&amp;nbsp;&amp;nbsp;&amp;nbsp;&amp;nbsp;&amp;nbsp;&amp;nbsp;&amp;nbsp;&amp;nbsp;}&lt;/span&gt;&lt;/code&gt;&lt;/li&gt;
&lt;li&gt;&lt;code&gt;&lt;span style="color: var(--highlight-keyword)"&gt;&lt;/span&gt;&lt;/code&gt;&lt;/li&gt;
&lt;li&gt;&lt;code&gt;&lt;span style="color: var(--highlight-keyword)"&gt;&amp;nbsp;&amp;nbsp;&amp;nbsp;&amp;nbsp;&amp;nbsp;&amp;nbsp;&amp;nbsp;&amp;nbsp;try&amp;nbsp;{&lt;/span&gt;&lt;/code&gt;&lt;/li&gt;
&lt;li&gt;&lt;code&gt;&lt;span style="color: var(--highlight-keyword)"&gt;&amp;nbsp;&amp;nbsp;&amp;nbsp;&amp;nbsp;&amp;nbsp;&amp;nbsp;&amp;nbsp;&amp;nbsp;&amp;nbsp;&amp;nbsp;&amp;nbsp;&amp;nbsp;&lt;/span&gt;&lt;span style="color: var(--highlight-default)"&gt;$this&lt;/span&gt;&lt;span style="color: var(--highlight-keyword)"&gt;-&amp;gt;&lt;/span&gt;&lt;span style="color: var(--highlight-default)"&gt;_conn&amp;nbsp;&lt;/span&gt;&lt;span style="color: var(--highlight-keyword)"&gt;=&amp;nbsp;&lt;/span&gt;&lt;span style="color: var(--highlight-default)"&gt;$this&lt;/span&gt;&lt;span style="color: var(--highlight-keyword)"&gt;-&amp;gt;&lt;/span&gt;&lt;span style="color: var(--highlight-default)"&gt;_driver&lt;/span&gt;&lt;span style="color: var(--highlight-keyword)"&gt;-&amp;gt;&lt;/span&gt;&lt;span style="color: var(--highlight-default)"&gt;connect&lt;/span&gt;&lt;span style="color: var(--highlight-keyword)"&gt;(&lt;/span&gt;&lt;span style="color: var(--highlight-default)"&gt;$this&lt;/span&gt;&lt;span style="color: var(--highlight-keyword)"&gt;-&amp;gt;&lt;/span&gt;&lt;span style="color: var(--highlight-default)"&gt;params&lt;/span&gt;&lt;span style="color: var(--highlight-keyword)"&gt;);&lt;/span&gt;&lt;/code&gt;&lt;/li&gt;
&lt;li&gt;&lt;code&gt;&lt;span style="color: var(--highlight-keyword)"&gt;&amp;nbsp;&amp;nbsp;&amp;nbsp;&amp;nbsp;&amp;nbsp;&amp;nbsp;&amp;nbsp;&amp;nbsp;}&amp;nbsp;catch&amp;nbsp;(&lt;/span&gt;&lt;span style="color: var(--highlight-default)"&gt;Driver\Exception&amp;nbsp;$e&lt;/span&gt;&lt;span style="color: var(--highlight-keyword)"&gt;)&amp;nbsp;{&lt;/span&gt;&lt;/code&gt;&lt;/li&gt;
&lt;li class="selected"&gt;&lt;code&gt;&lt;span style="color: var(--highlight-keyword)"&gt;&amp;nbsp;&amp;nbsp;&amp;nbsp;&amp;nbsp;&amp;nbsp;&amp;nbsp;&amp;nbsp;&amp;nbsp;&amp;nbsp;&amp;nbsp;&amp;nbsp;&amp;nbsp;throw&amp;nbsp;&lt;/span&gt;&lt;span style="color: var(--highlight-default)"&gt;$this&lt;/span&gt;&lt;span style="color: var(--highlight-keyword)"&gt;-&amp;gt;&lt;/span&gt;&lt;span style="color: var(--highlight-default)"&gt;convertException&lt;/span&gt;&lt;span style="color: var(--highlight-keyword)"&gt;(&lt;/span&gt;&lt;span style="color: var(--highlight-default)"&gt;$e&lt;/span&gt;&lt;span style="color: var(--highlight-keyword)"&gt;);&lt;/span&gt;&lt;/code&gt;&lt;/li&gt;
&lt;li&gt;&lt;code&gt;&lt;span style="color: var(--highlight-keyword)"&gt;&amp;nbsp;&amp;nbsp;&amp;nbsp;&amp;nbsp;&amp;nbsp;&amp;nbsp;&amp;nbsp;&amp;nbsp;}&lt;/span&gt;&lt;/code&gt;&lt;/li&gt;
&lt;li&gt;&lt;code&gt;&lt;span style="color: var(--highlight-keyword)"&gt;&lt;/span&gt;&lt;/code&gt;&lt;/li&gt;
&lt;li&gt;&lt;code&gt;&lt;span style="color: var(--highlight-keyword)"&gt;&amp;nbsp;&amp;nbsp;&amp;nbsp;&amp;nbsp;&amp;nbsp;&amp;nbsp;&amp;nbsp;&amp;nbsp;if&amp;nbsp;(&lt;/span&gt;&lt;span style="color: var(--highlight-default)"&gt;$this&lt;/span&gt;&lt;span style="color: var(--highlight-keyword)"&gt;-&amp;gt;&lt;/span&gt;&lt;span style="color: var(--highlight-default)"&gt;autoCommit&amp;nbsp;&lt;/span&gt;&lt;span style="color: var(--highlight-keyword)"&gt;===&amp;nbsp;&lt;/span&gt;&lt;span style="color: var(--highlight-default)"&gt;false&lt;/span&gt;&lt;span style="color: var(--highlight-keyword)"&gt;)&amp;nbsp;{&lt;/span&gt;&lt;/code&gt;&lt;/li&gt;
&lt;li&gt;&lt;code&gt;&lt;span style="color: var(--highlight-keyword)"&gt;&amp;nbsp;&amp;nbsp;&amp;nbsp;&amp;nbsp;&amp;nbsp;&amp;nbsp;&amp;nbsp;&amp;nbsp;&amp;nbsp;&amp;nbsp;&amp;nbsp;&amp;nbsp;&lt;/span&gt;&lt;span style="color: var(--highlight-default)"&gt;$this&lt;/span&gt;&lt;span style="color: var(--highlight-keyword)"&gt;-&amp;gt;&lt;/span&gt;&lt;span style="color: var(--highlight-default)"&gt;beginTransaction&lt;/span&gt;&lt;span style="color: var(--highlight-keyword)"&gt;();&lt;/span&gt;&lt;/code&gt;&lt;/li&gt;
&lt;li&gt;&lt;code&gt;&lt;span style="color: var(--highlight-keyword)"&gt;&amp;nbsp;&amp;nbsp;&amp;nbsp;&amp;nbsp;&amp;nbsp;&amp;nbsp;&amp;nbsp;&amp;nbsp;}&lt;/span&gt;&lt;/code&gt;&lt;/li&gt;&lt;/ol&gt;    &lt;/div&gt;            &lt;/div&gt;
                        &lt;div class="trace-line "&gt;
                &lt;div class="trace-line-header break-long-words sf-toggle" data-toggle-selector="#trace-html-1-4" data-toggle-initial=""&gt;
            &lt;span class="icon icon-close"&gt;&lt;svg width="1792" height="1792" viewBox="0 0 1792 1792" xmlns="http://www.w3.org/2000/svg"&gt;&lt;path d="M1408 960V832q0-26-19-45t-45-19H448q-26 0-45 19t-19 45v128q0 26 19 45t45 19h896q26 0 45-19t19-45zm256-544v960q0 119-84.5 203.5T1376 1664H416q-119 0-203.5-84.5T128 1376V416q0-119 84.5-203.5T416 128h960q119 0 203.5 84.5T1664 416z"/&gt;&lt;/svg&gt;&lt;/span&gt;
        &lt;span class="icon icon-open"&gt;&lt;svg width="1792" height="1792" viewBox="0 0 1792 1792" xmlns="http://www.w3.org/2000/svg"&gt;&lt;path d="M1408 960V832q0-26-19-45t-45-19h-320V448q0-26-19-45t-45-19H832q-26 0-45 19t-19 45v320H448q-26 0-45 19t-19 45v128q0 26 19 45t45 19h320v320q0 26 19 45t45 19h128q26 0 45-19t19-45v-320h320q26 0 45-19t19-45zm256-544v960q0 119-84.5 203.5T1376 1664H416q-119 0-203.5-84.5T128 1376V416q0-119 84.5-203.5T416 128h960q119 0 203.5 84.5T1664 416z"/&gt;&lt;/svg&gt;&lt;/span&gt;
    
            &lt;span class="trace-class"&gt;&lt;abbr title="Doctrine\DBAL\Connection"&gt;Connection&lt;/abbr&gt;&lt;/span&gt;&lt;span class="trace-type"&gt;-&gt;&lt;/span&gt;&lt;span class="trace-method"&gt;connect&lt;/span&gt;&lt;span class="trace-arguments"&gt;()&lt;/span&gt;    
                    &lt;span class="block trace-file-path"&gt;
            in
            &lt;a href=""&gt;
                C:\Users\eman\Documents\GitHub\car_dealer\vendor\doctrine\dbal\src\&lt;strong&gt;Connection.php&lt;/strong&gt;
            &lt;/a&gt;
                        (line 1507)
            &lt;span class="icon icon-copy hidden" data-clipboard-text="C:\Users\eman\Documents\GitHub\car_dealer\vendor\doctrine\dbal\src\Connection.php:1507"&gt;
                &lt;svg xmlns="http://www.w3.org/2000/svg" height="24" viewBox="0 0 24 24" width="24"&gt;&lt;path d="M0 0h24v24H0z" fill="none"/&gt;&lt;path d="M16 1H4c-1.1 0-2 .9-2 2v14h2V3h12V1zm3 4H8c-1.1 0-2 .9-2 2v14c0 1.1.9 2 2 2h11c1.1 0 2-.9 2-2V7c0-1.1-.9-2-2-2zm0 16H8V7h11v14z"/&gt;&lt;/svg&gt;            &lt;/span&gt;
        &lt;/span&gt;
    &lt;/div&gt;
    &lt;div id="trace-html-1-4" class="trace-code sf-toggle-content"&gt;
        &lt;ol start="1502"&gt;&lt;li&gt;&lt;code&gt;&lt;span style="color: var(--highlight-comment)"&gt;&amp;nbsp;&amp;nbsp;&amp;nbsp;&amp;nbsp;&amp;nbsp;*&lt;/span&gt;&lt;/code&gt;&lt;/li&gt;
&lt;li&gt;&lt;code&gt;&lt;span style="color: var(--highlight-comment)"&gt;&amp;nbsp;&amp;nbsp;&amp;nbsp;&amp;nbsp;&amp;nbsp;*&amp;nbsp;@throws&amp;nbsp;Exception&lt;/span&gt;&lt;/code&gt;&lt;/li&gt;
&lt;li&gt;&lt;code&gt;&lt;span style="color: var(--highlight-comment)"&gt;&amp;nbsp;&amp;nbsp;&amp;nbsp;&amp;nbsp;&amp;nbsp;*/&lt;/span&gt;&lt;/code&gt;&lt;/li&gt;
&lt;li&gt;&lt;code&gt;&lt;span style="color: var(--highlight-comment)"&gt;&amp;nbsp;&amp;nbsp;&amp;nbsp;&amp;nbsp;&lt;/span&gt;&lt;span style="color: var(--highlight-keyword)"&gt;public&amp;nbsp;function&amp;nbsp;&lt;/span&gt;&lt;span style="color: var(--highlight-default)"&gt;getWrappedConnection&lt;/span&gt;&lt;span style="color: var(--highlight-keyword)"&gt;()&lt;/span&gt;&lt;/code&gt;&lt;/li&gt;
&lt;li&gt;&lt;code&gt;&lt;span style="color: var(--highlight-keyword)"&gt;&amp;nbsp;&amp;nbsp;&amp;nbsp;&amp;nbsp;{&lt;/span&gt;&lt;/code&gt;&lt;/li&gt;
&lt;li class="selected"&gt;&lt;code&gt;&lt;span style="color: var(--highlight-keyword)"&gt;&amp;nbsp;&amp;nbsp;&amp;nbsp;&amp;nbsp;&amp;nbsp;&amp;nbsp;&amp;nbsp;&amp;nbsp;&lt;/span&gt;&lt;span style="color: var(--highlight-default)"&gt;$this&lt;/span&gt;&lt;span style="color: var(--highlight-keyword)"&gt;-&amp;gt;&lt;/span&gt;&lt;span style="color: var(--highlight-default)"&gt;connect&lt;/span&gt;&lt;span style="color: var(--highlight-keyword)"&gt;();&lt;/span&gt;&lt;/code&gt;&lt;/li&gt;
&lt;li&gt;&lt;code&gt;&lt;span style="color: var(--highlight-keyword)"&gt;&lt;/span&gt;&lt;/code&gt;&lt;/li&gt;
&lt;li&gt;&lt;code&gt;&lt;span style="color: var(--highlight-keyword)"&gt;&amp;nbsp;&amp;nbsp;&amp;nbsp;&amp;nbsp;&amp;nbsp;&amp;nbsp;&amp;nbsp;&amp;nbsp;&lt;/span&gt;&lt;span style="color: var(--highlight-default)"&gt;assert&lt;/span&gt;&lt;span style="color: var(--highlight-keyword)"&gt;(&lt;/span&gt;&lt;span style="color: var(--highlight-default)"&gt;$this&lt;/span&gt;&lt;span style="color: var(--highlight-keyword)"&gt;-&amp;gt;&lt;/span&gt;&lt;span style="color: var(--highlight-default)"&gt;_conn&amp;nbsp;&lt;/span&gt;&lt;span style="color: var(--highlight-keyword)"&gt;!==&amp;nbsp;&lt;/span&gt;&lt;span style="color: var(--highlight-default)"&gt;null&lt;/span&gt;&lt;span style="color: var(--highlight-keyword)"&gt;);&lt;/span&gt;&lt;/code&gt;&lt;/li&gt;
&lt;li&gt;&lt;code&gt;&lt;span style="color: var(--highlight-keyword)"&gt;&lt;/span&gt;&lt;/code&gt;&lt;/li&gt;
&lt;li&gt;&lt;code&gt;&lt;span style="color: var(--highlight-keyword)"&gt;&amp;nbsp;&amp;nbsp;&amp;nbsp;&amp;nbsp;&amp;nbsp;&amp;nbsp;&amp;nbsp;&amp;nbsp;return&amp;nbsp;&lt;/span&gt;&lt;span style="color: var(--highlight-default)"&gt;$this&lt;/span&gt;&lt;span style="color: var(--highlight-keyword)"&gt;-&amp;gt;&lt;/span&gt;&lt;span style="color: var(--highlight-default)"&gt;_conn&lt;/span&gt;&lt;span style="color: var(--highlight-keyword)"&gt;;&lt;/span&gt;&lt;/code&gt;&lt;/li&gt;
&lt;li&gt;&lt;code&gt;&lt;span style="color: var(--highlight-keyword)"&gt;&amp;nbsp;&amp;nbsp;&amp;nbsp;&amp;nbsp;}&lt;/span&gt;&lt;/code&gt;&lt;/li&gt;&lt;/ol&gt;    &lt;/div&gt;            &lt;/div&gt;
                        &lt;div class="trace-line "&gt;
                &lt;div class="trace-line-header break-long-words sf-toggle" data-toggle-selector="#trace-html-1-5" data-toggle-initial=""&gt;
            &lt;span class="icon icon-close"&gt;&lt;svg width="1792" height="1792" viewBox="0 0 1792 1792" xmlns="http://www.w3.org/2000/svg"&gt;&lt;path d="M1408 960V832q0-26-19-45t-45-19H448q-26 0-45 19t-19 45v128q0 26 19 45t45 19h896q26 0 45-19t19-45zm256-544v960q0 119-84.5 203.5T1376 1664H416q-119 0-203.5-84.5T128 1376V416q0-119 84.5-203.5T416 128h960q119 0 203.5 84.5T1664 416z"/&gt;&lt;/svg&gt;&lt;/span&gt;
        &lt;span class="icon icon-open"&gt;&lt;svg width="1792" height="1792" viewBox="0 0 1792 1792" xmlns="http://www.w3.org/2000/svg"&gt;&lt;path d="M1408 960V832q0-26-19-45t-45-19h-320V448q0-26-19-45t-45-19H832q-26 0-45 19t-19 45v320H448q-26 0-45 19t-19 45v128q0 26 19 45t45 19h320v320q0 26 19 45t45 19h128q26 0 45-19t19-45v-320h320q26 0 45-19t19-45zm256-544v960q0 119-84.5 203.5T1376 1664H416q-119 0-203.5-84.5T128 1376V416q0-119 84.5-203.5T416 128h960q119 0 203.5 84.5T1664 416z"/&gt;&lt;/svg&gt;&lt;/span&gt;
    
            &lt;span class="trace-class"&gt;&lt;abbr title="Doctrine\DBAL\Connection"&gt;Connection&lt;/abbr&gt;&lt;/span&gt;&lt;span class="trace-type"&gt;-&gt;&lt;/span&gt;&lt;span class="trace-method"&gt;getWrappedConnection&lt;/span&gt;&lt;span class="trace-arguments"&gt;()&lt;/span&gt;    
                    &lt;span class="block trace-file-path"&gt;
            in
            &lt;a href=""&gt;
                C:\Users\eman\Documents\GitHub\car_dealer\vendor\doctrine\dbal\src\&lt;strong&gt;Connection.php&lt;/strong&gt;
            &lt;/a&gt;
                        (line 1013)
            &lt;span class="icon icon-copy hidden" data-clipboard-text="C:\Users\eman\Documents\GitHub\car_dealer\vendor\doctrine\dbal\src\Connection.php:1013"&gt;
                &lt;svg xmlns="http://www.w3.org/2000/svg" height="24" viewBox="0 0 24 24" width="24"&gt;&lt;path d="M0 0h24v24H0z" fill="none"/&gt;&lt;path d="M16 1H4c-1.1 0-2 .9-2 2v14h2V3h12V1zm3 4H8c-1.1 0-2 .9-2 2v14c0 1.1.9 2 2 2h11c1.1 0 2-.9 2-2V7c0-1.1-.9-2-2-2zm0 16H8V7h11v14z"/&gt;&lt;/svg&gt;            &lt;/span&gt;
        &lt;/span&gt;
    &lt;/div&gt;
    &lt;div id="trace-html-1-5" class="trace-code sf-toggle-content"&gt;
        &lt;ol start="1008"&gt;&lt;li&gt;&lt;code&gt;&lt;span style="color: var(--highlight-default)"&gt;&amp;nbsp;&amp;nbsp;&amp;nbsp;&amp;nbsp;&lt;/span&gt;&lt;span style="color: var(--highlight-keyword)"&gt;):&amp;nbsp;&lt;/span&gt;&lt;span style="color: var(--highlight-default)"&gt;Result&amp;nbsp;&lt;/span&gt;&lt;span style="color: var(--highlight-keyword)"&gt;{&lt;/span&gt;&lt;/code&gt;&lt;/li&gt;
&lt;li&gt;&lt;code&gt;&lt;span style="color: var(--highlight-keyword)"&gt;&amp;nbsp;&amp;nbsp;&amp;nbsp;&amp;nbsp;&amp;nbsp;&amp;nbsp;&amp;nbsp;&amp;nbsp;if&amp;nbsp;(&lt;/span&gt;&lt;span style="color: var(--highlight-default)"&gt;$qcp&amp;nbsp;&lt;/span&gt;&lt;span style="color: var(--highlight-keyword)"&gt;!==&amp;nbsp;&lt;/span&gt;&lt;span style="color: var(--highlight-default)"&gt;null&lt;/span&gt;&lt;span style="color: var(--highlight-keyword)"&gt;)&amp;nbsp;{&lt;/span&gt;&lt;/code&gt;&lt;/li&gt;
&lt;li&gt;&lt;code&gt;&lt;span style="color: var(--highlight-keyword)"&gt;&amp;nbsp;&amp;nbsp;&amp;nbsp;&amp;nbsp;&amp;nbsp;&amp;nbsp;&amp;nbsp;&amp;nbsp;&amp;nbsp;&amp;nbsp;&amp;nbsp;&amp;nbsp;return&amp;nbsp;&lt;/span&gt;&lt;span style="color: var(--highlight-default)"&gt;$this&lt;/span&gt;&lt;span style="color: var(--highlight-keyword)"&gt;-&amp;gt;&lt;/span&gt;&lt;span style="color: var(--highlight-default)"&gt;executeCacheQuery&lt;/span&gt;&lt;span style="color: var(--highlight-keyword)"&gt;(&lt;/span&gt;&lt;span style="color: var(--highlight-default)"&gt;$sql&lt;/span&gt;&lt;span style="color: var(--highlight-keyword)"&gt;,&amp;nbsp;&lt;/span&gt;&lt;span style="color: var(--highlight-default)"&gt;$params&lt;/span&gt;&lt;span style="color: var(--highlight-keyword)"&gt;,&amp;nbsp;&lt;/span&gt;&lt;span style="color: var(--highlight-default)"&gt;$types&lt;/span&gt;&lt;span style="color: var(--highlight-keyword)"&gt;,&amp;nbsp;&lt;/span&gt;&lt;span style="color: var(--highlight-default)"&gt;$qcp&lt;/span&gt;&lt;span style="color: var(--highlight-keyword)"&gt;);&lt;/span&gt;&lt;/code&gt;&lt;/li&gt;
&lt;li&gt;&lt;code&gt;&lt;span style="color: var(--highlight-keyword)"&gt;&amp;nbsp;&amp;nbsp;&amp;nbsp;&amp;nbsp;&amp;nbsp;&amp;nbsp;&amp;nbsp;&amp;nbsp;}&lt;/span&gt;&lt;/code&gt;&lt;/li&gt;
&lt;li&gt;&lt;code&gt;&lt;span style="color: var(--highlight-keyword)"&gt;&lt;/span&gt;&lt;/code&gt;&lt;/li&gt;
&lt;li class="selected"&gt;&lt;code&gt;&lt;span style="color: var(--highlight-keyword)"&gt;&amp;nbsp;&amp;nbsp;&amp;nbsp;&amp;nbsp;&amp;nbsp;&amp;nbsp;&amp;nbsp;&amp;nbsp;&lt;/span&gt;&lt;span style="color: var(--highlight-default)"&gt;$connection&amp;nbsp;&lt;/span&gt;&lt;span style="color: var(--highlight-keyword)"&gt;=&amp;nbsp;&lt;/span&gt;&lt;span style="color: var(--highlight-default)"&gt;$this&lt;/span&gt;&lt;span style="color: var(--highlight-keyword)"&gt;-&amp;gt;&lt;/span&gt;&lt;span style="color: var(--highlight-default)"&gt;getWrappedConnection&lt;/span&gt;&lt;span style="color: var(--highlight-keyword)"&gt;();&lt;/span&gt;&lt;/code&gt;&lt;/li&gt;
&lt;li&gt;&lt;code&gt;&lt;span style="color: var(--highlight-keyword)"&gt;&lt;/span&gt;&lt;/code&gt;&lt;/li&gt;
&lt;li&gt;&lt;code&gt;&lt;span style="color: var(--highlight-keyword)"&gt;&amp;nbsp;&amp;nbsp;&amp;nbsp;&amp;nbsp;&amp;nbsp;&amp;nbsp;&amp;nbsp;&amp;nbsp;&lt;/span&gt;&lt;span style="color: var(--highlight-default)"&gt;$logger&amp;nbsp;&lt;/span&gt;&lt;span style="color: var(--highlight-keyword)"&gt;=&amp;nbsp;&lt;/span&gt;&lt;span style="color: var(--highlight-default)"&gt;$this&lt;/span&gt;&lt;span style="color: var(--highlight-keyword)"&gt;-&amp;gt;&lt;/span&gt;&lt;span style="color: var(--highlight-default)"&gt;_config&lt;/span&gt;&lt;span style="color: var(--highlight-keyword)"&gt;-&amp;gt;&lt;/span&gt;&lt;span style="color: var(--highlight-default)"&gt;getSQLLogger&lt;/span&gt;&lt;span style="color: var(--highlight-keyword)"&gt;();&lt;/span&gt;&lt;/code&gt;&lt;/li&gt;
&lt;li&gt;&lt;code&gt;&lt;span style="color: var(--highlight-keyword)"&gt;&amp;nbsp;&amp;nbsp;&amp;nbsp;&amp;nbsp;&amp;nbsp;&amp;nbsp;&amp;nbsp;&amp;nbsp;if&amp;nbsp;(&lt;/span&gt;&lt;span style="color: var(--highlight-default)"&gt;$logger&amp;nbsp;&lt;/span&gt;&lt;span style="color: var(--highlight-keyword)"&gt;!==&amp;nbsp;&lt;/span&gt;&lt;span style="color: var(--highlight-default)"&gt;null&lt;/span&gt;&lt;span style="color: var(--highlight-keyword)"&gt;)&amp;nbsp;{&lt;/span&gt;&lt;/code&gt;&lt;/li&gt;
&lt;li&gt;&lt;code&gt;&lt;span style="color: var(--highlight-keyword)"&gt;&amp;nbsp;&amp;nbsp;&amp;nbsp;&amp;nbsp;&amp;nbsp;&amp;nbsp;&amp;nbsp;&amp;nbsp;&amp;nbsp;&amp;nbsp;&amp;nbsp;&amp;nbsp;&lt;/span&gt;&lt;span style="color: var(--highlight-default)"&gt;$logger&lt;/span&gt;&lt;span style="color: var(--highlight-keyword)"&gt;-&amp;gt;&lt;/span&gt;&lt;span style="color: var(--highlight-default)"&gt;startQuery&lt;/span&gt;&lt;span style="color: var(--highlight-keyword)"&gt;(&lt;/span&gt;&lt;span style="color: var(--highlight-default)"&gt;$sql&lt;/span&gt;&lt;span style="color: var(--highlight-keyword)"&gt;,&amp;nbsp;&lt;/span&gt;&lt;span style="color: var(--highlight-default)"&gt;$params&lt;/span&gt;&lt;span style="color: var(--highlight-keyword)"&gt;,&amp;nbsp;&lt;/span&gt;&lt;span style="color: var(--highlight-default)"&gt;$types&lt;/span&gt;&lt;span style="color: var(--highlight-keyword)"&gt;);&lt;/span&gt;&lt;/code&gt;&lt;/li&gt;
&lt;li&gt;&lt;code&gt;&lt;span style="color: var(--highlight-keyword)"&gt;&amp;nbsp;&amp;nbsp;&amp;nbsp;&amp;nbsp;&amp;nbsp;&amp;nbsp;&amp;nbsp;&amp;nbsp;}&lt;/span&gt;&lt;/code&gt;&lt;/li&gt;&lt;/ol&gt;    &lt;/div&gt;            &lt;/div&gt;
                        &lt;div class="trace-line "&gt;
                &lt;div class="trace-line-header break-long-words sf-toggle" data-toggle-selector="#trace-html-1-6" data-toggle-initial=""&gt;
            &lt;span class="icon icon-close"&gt;&lt;svg width="1792" height="1792" viewBox="0 0 1792 1792" xmlns="http://www.w3.org/2000/svg"&gt;&lt;path d="M1408 960V832q0-26-19-45t-45-19H448q-26 0-45 19t-19 45v128q0 26 19 45t45 19h896q26 0 45-19t19-45zm256-544v960q0 119-84.5 203.5T1376 1664H416q-119 0-203.5-84.5T128 1376V416q0-119 84.5-203.5T416 128h960q119 0 203.5 84.5T1664 416z"/&gt;&lt;/svg&gt;&lt;/span&gt;
        &lt;span class="icon icon-open"&gt;&lt;svg width="1792" height="1792" viewBox="0 0 1792 1792" xmlns="http://www.w3.org/2000/svg"&gt;&lt;path d="M1408 960V832q0-26-19-45t-45-19h-320V448q0-26-19-45t-45-19H832q-26 0-45 19t-19 45v320H448q-26 0-45 19t-19 45v128q0 26 19 45t45 19h320v320q0 26 19 45t45 19h128q26 0 45-19t19-45v-320h320q26 0 45-19t19-45zm256-544v960q0 119-84.5 203.5T1376 1664H416q-119 0-203.5-84.5T128 1376V416q0-119 84.5-203.5T416 128h960q119 0 203.5 84.5T1664 416z"/&gt;&lt;/svg&gt;&lt;/span&gt;
    
            &lt;span class="trace-class"&gt;&lt;abbr title="Doctrine\DBAL\Connection"&gt;Connection&lt;/abbr&gt;&lt;/span&gt;&lt;span class="trace-type"&gt;-&gt;&lt;/span&gt;&lt;span class="trace-method"&gt;executeQuery&lt;/span&gt;&lt;span class="trace-arguments"&gt;()&lt;/span&gt;    
                    &lt;span class="block trace-file-path"&gt;
            in
            &lt;a href=""&gt;
                C:\Users\eman\Documents\GitHub\car_dealer\vendor\doctrine\orm\lib\Doctrine\ORM\Persisters\Entity\&lt;strong&gt;BasicEntityPersister.php&lt;/strong&gt;
            &lt;/a&gt;
                        (line 883)
            &lt;span class="icon icon-copy hidden" data-clipboard-text="C:\Users\eman\Documents\GitHub\car_dealer\vendor\doctrine\orm\lib\Doctrine\ORM\Persisters\Entity\BasicEntityPersister.php:883"&gt;
                &lt;svg xmlns="http://www.w3.org/2000/svg" height="24" viewBox="0 0 24 24" width="24"&gt;&lt;path d="M0 0h24v24H0z" fill="none"/&gt;&lt;path d="M16 1H4c-1.1 0-2 .9-2 2v14h2V3h12V1zm3 4H8c-1.1 0-2 .9-2 2v14c0 1.1.9 2 2 2h11c1.1 0 2-.9 2-2V7c0-1.1-.9-2-2-2zm0 16H8V7h11v14z"/&gt;&lt;/svg&gt;            &lt;/span&gt;
        &lt;/span&gt;
    &lt;/div&gt;
    &lt;div id="trace-html-1-6" class="trace-code sf-toggle-content"&gt;
        &lt;ol start="878"&gt;&lt;li&gt;&lt;code&gt;&lt;span style="color: var(--highlight-keyword)"&gt;&amp;nbsp;&amp;nbsp;&amp;nbsp;&amp;nbsp;{&lt;/span&gt;&lt;/code&gt;&lt;/li&gt;
&lt;li&gt;&lt;code&gt;&lt;span style="color: var(--highlight-keyword)"&gt;&amp;nbsp;&amp;nbsp;&amp;nbsp;&amp;nbsp;&amp;nbsp;&amp;nbsp;&amp;nbsp;&amp;nbsp;&lt;/span&gt;&lt;span style="color: var(--highlight-default)"&gt;$this&lt;/span&gt;&lt;span style="color: var(--highlight-keyword)"&gt;-&amp;gt;&lt;/span&gt;&lt;span style="color: var(--highlight-default)"&gt;switchPersisterContext&lt;/span&gt;&lt;span style="color: var(--highlight-keyword)"&gt;(&lt;/span&gt;&lt;span style="color: var(--highlight-default)"&gt;$offset&lt;/span&gt;&lt;span style="color: var(--highlight-keyword)"&gt;,&amp;nbsp;&lt;/span&gt;&lt;span style="color: var(--highlight-default)"&gt;$limit&lt;/span&gt;&lt;span style="color: var(--highlight-keyword)"&gt;);&lt;/span&gt;&lt;/code&gt;&lt;/li&gt;
&lt;li&gt;&lt;code&gt;&lt;span style="color: var(--highlight-keyword)"&gt;&lt;/span&gt;&lt;/code&gt;&lt;/li&gt;
&lt;li&gt;&lt;code&gt;&lt;span style="color: var(--highlight-keyword)"&gt;&amp;nbsp;&amp;nbsp;&amp;nbsp;&amp;nbsp;&amp;nbsp;&amp;nbsp;&amp;nbsp;&amp;nbsp;&lt;/span&gt;&lt;span style="color: var(--highlight-default)"&gt;$sql&amp;nbsp;&amp;nbsp;&amp;nbsp;&amp;nbsp;&amp;nbsp;&amp;nbsp;&amp;nbsp;&amp;nbsp;&amp;nbsp;&amp;nbsp;&amp;nbsp;&amp;nbsp;&amp;nbsp;&amp;nbsp;&lt;/span&gt;&lt;span style="color: var(--highlight-keyword)"&gt;=&amp;nbsp;&lt;/span&gt;&lt;span style="color: var(--highlight-default)"&gt;$this&lt;/span&gt;&lt;span style="color: var(--highlight-keyword)"&gt;-&amp;gt;&lt;/span&gt;&lt;span style="color: var(--highlight-default)"&gt;getSelectSQL&lt;/span&gt;&lt;span style="color: var(--highlight-keyword)"&gt;(&lt;/span&gt;&lt;span style="color: var(--highlight-default)"&gt;$criteria&lt;/span&gt;&lt;span style="color: var(--highlight-keyword)"&gt;,&amp;nbsp;&lt;/span&gt;&lt;span style="color: var(--highlight-default)"&gt;null&lt;/span&gt;&lt;span style="color: var(--highlight-keyword)"&gt;,&amp;nbsp;&lt;/span&gt;&lt;span style="color: var(--highlight-default)"&gt;null&lt;/span&gt;&lt;span style="color: var(--highlight-keyword)"&gt;,&amp;nbsp;&lt;/span&gt;&lt;span style="color: var(--highlight-default)"&gt;$limit&lt;/span&gt;&lt;span style="color: var(--highlight-keyword)"&gt;,&amp;nbsp;&lt;/span&gt;&lt;span style="color: var(--highlight-default)"&gt;$offset&lt;/span&gt;&lt;span style="color: var(--highlight-keyword)"&gt;,&amp;nbsp;&lt;/span&gt;&lt;span style="color: var(--highlight-default)"&gt;$orderBy&lt;/span&gt;&lt;span style="color: var(--highlight-keyword)"&gt;);&lt;/span&gt;&lt;/code&gt;&lt;/li&gt;
&lt;li&gt;&lt;code&gt;&lt;span style="color: var(--highlight-keyword)"&gt;&amp;nbsp;&amp;nbsp;&amp;nbsp;&amp;nbsp;&amp;nbsp;&amp;nbsp;&amp;nbsp;&amp;nbsp;[&lt;/span&gt;&lt;span style="color: var(--highlight-default)"&gt;$params&lt;/span&gt;&lt;span style="color: var(--highlight-keyword)"&gt;,&amp;nbsp;&lt;/span&gt;&lt;span style="color: var(--highlight-default)"&gt;$types&lt;/span&gt;&lt;span style="color: var(--highlight-keyword)"&gt;]&amp;nbsp;=&amp;nbsp;&lt;/span&gt;&lt;span style="color: var(--highlight-default)"&gt;$this&lt;/span&gt;&lt;span style="color: var(--highlight-keyword)"&gt;-&amp;gt;&lt;/span&gt;&lt;span style="color: var(--highlight-default)"&gt;expandParameters&lt;/span&gt;&lt;span style="color: var(--highlight-keyword)"&gt;(&lt;/span&gt;&lt;span style="color: var(--highlight-default)"&gt;$criteria&lt;/span&gt;&lt;span style="color: var(--highlight-keyword)"&gt;);&lt;/span&gt;&lt;/code&gt;&lt;/li&gt;
&lt;li class="selected"&gt;&lt;code&gt;&lt;span style="color: var(--highlight-keyword)"&gt;&amp;nbsp;&amp;nbsp;&amp;nbsp;&amp;nbsp;&amp;nbsp;&amp;nbsp;&amp;nbsp;&amp;nbsp;&lt;/span&gt;&lt;span style="color: var(--highlight-default)"&gt;$stmt&amp;nbsp;&amp;nbsp;&amp;nbsp;&amp;nbsp;&amp;nbsp;&amp;nbsp;&amp;nbsp;&amp;nbsp;&amp;nbsp;&amp;nbsp;&amp;nbsp;&amp;nbsp;&amp;nbsp;&lt;/span&gt;&lt;span style="color: var(--highlight-keyword)"&gt;=&amp;nbsp;&lt;/span&gt;&lt;span style="color: var(--highlight-default)"&gt;$this&lt;/span&gt;&lt;span style="color: var(--highlight-keyword)"&gt;-&amp;gt;&lt;/span&gt;&lt;span style="color: var(--highlight-default)"&gt;conn&lt;/span&gt;&lt;span style="color: var(--highlight-keyword)"&gt;-&amp;gt;&lt;/span&gt;&lt;span style="color: var(--highlight-default)"&gt;executeQuery&lt;/span&gt;&lt;span style="color: var(--highlight-keyword)"&gt;(&lt;/span&gt;&lt;span style="color: var(--highlight-default)"&gt;$sql&lt;/span&gt;&lt;span style="color: var(--highlight-keyword)"&gt;,&amp;nbsp;&lt;/span&gt;&lt;span style="color: var(--highlight-default)"&gt;$params&lt;/span&gt;&lt;span style="color: var(--highlight-keyword)"&gt;,&amp;nbsp;&lt;/span&gt;&lt;span style="color: var(--highlight-default)"&gt;$types&lt;/span&gt;&lt;span style="color: var(--highlight-keyword)"&gt;);&lt;/span&gt;&lt;/code&gt;&lt;/li&gt;
&lt;li&gt;&lt;code&gt;&lt;span style="color: var(--highlight-keyword)"&gt;&lt;/span&gt;&lt;/code&gt;&lt;/li&gt;
&lt;li&gt;&lt;code&gt;&lt;span style="color: var(--highlight-keyword)"&gt;&amp;nbsp;&amp;nbsp;&amp;nbsp;&amp;nbsp;&amp;nbsp;&amp;nbsp;&amp;nbsp;&amp;nbsp;&lt;/span&gt;&lt;span style="color: var(--highlight-default)"&gt;$hydrator&amp;nbsp;&lt;/span&gt;&lt;span style="color: var(--highlight-keyword)"&gt;=&amp;nbsp;&lt;/span&gt;&lt;span style="color: var(--highlight-default)"&gt;$this&lt;/span&gt;&lt;span style="color: var(--highlight-keyword)"&gt;-&amp;gt;&lt;/span&gt;&lt;span style="color: var(--highlight-default)"&gt;em&lt;/span&gt;&lt;span style="color: var(--highlight-keyword)"&gt;-&amp;gt;&lt;/span&gt;&lt;span style="color: var(--highlight-default)"&gt;newHydrator&lt;/span&gt;&lt;span style="color: var(--highlight-keyword)"&gt;(&lt;/span&gt;&lt;span style="color: var(--highlight-default)"&gt;$this&lt;/span&gt;&lt;span style="color: var(--highlight-keyword)"&gt;-&amp;gt;&lt;/span&gt;&lt;span style="color: var(--highlight-default)"&gt;currentPersisterContext&lt;/span&gt;&lt;span style="color: var(--highlight-keyword)"&gt;-&amp;gt;&lt;/span&gt;&lt;span style="color: var(--highlight-default)"&gt;selectJoinSql&amp;nbsp;&lt;/span&gt;&lt;span style="color: var(--highlight-keyword)"&gt;?&amp;nbsp;&lt;/span&gt;&lt;span style="color: var(--highlight-default)"&gt;Query&lt;/span&gt;&lt;span style="color: var(--highlight-keyword)"&gt;::&lt;/span&gt;&lt;span style="color: var(--highlight-default)"&gt;HYDRATE_OBJECT&amp;nbsp;&lt;/span&gt;&lt;span style="color: var(--highlight-keyword)"&gt;:&amp;nbsp;&lt;/span&gt;&lt;span style="color: var(--highlight-default)"&gt;Query&lt;/span&gt;&lt;span style="color: var(--highlight-keyword)"&gt;::&lt;/span&gt;&lt;span style="color: var(--highlight-default)"&gt;HYDRATE_SIMPLEOBJECT&lt;/span&gt;&lt;span style="color: var(--highlight-keyword)"&gt;);&lt;/span&gt;&lt;/code&gt;&lt;/li&gt;
&lt;li&gt;&lt;code&gt;&lt;span style="color: var(--highlight-keyword)"&gt;&lt;/span&gt;&lt;/code&gt;&lt;/li&gt;
&lt;li&gt;&lt;code&gt;&lt;span style="color: var(--highlight-keyword)"&gt;&amp;nbsp;&amp;nbsp;&amp;nbsp;&amp;nbsp;&amp;nbsp;&amp;nbsp;&amp;nbsp;&amp;nbsp;return&amp;nbsp;&lt;/span&gt;&lt;span style="color: var(--highlight-default)"&gt;$hydrator&lt;/span&gt;&lt;span style="color: var(--highlight-keyword)"&gt;-&amp;gt;&lt;/span&gt;&lt;span style="color: var(--highlight-default)"&gt;hydrateAll&lt;/span&gt;&lt;span style="color: var(--highlight-keyword)"&gt;(&lt;/span&gt;&lt;span style="color: var(--highlight-default)"&gt;$stmt&lt;/span&gt;&lt;span style="color: var(--highlight-keyword)"&gt;,&amp;nbsp;&lt;/span&gt;&lt;span style="color: var(--highlight-default)"&gt;$this&lt;/span&gt;&lt;span style="color: var(--highlight-keyword)"&gt;-&amp;gt;&lt;/span&gt;&lt;span style="color: var(--highlight-default)"&gt;currentPersisterContext&lt;/span&gt;&lt;span style="color: var(--highlight-keyword)"&gt;-&amp;gt;&lt;/span&gt;&lt;span style="color: var(--highlight-default)"&gt;rsm&lt;/span&gt;&lt;span style="color: var(--highlight-keyword)"&gt;,&amp;nbsp;[&lt;/span&gt;&lt;span style="color: var(--highlight-default)"&gt;UnitOfWork&lt;/span&gt;&lt;span style="color: var(--highlight-keyword)"&gt;::&lt;/span&gt;&lt;span style="color: var(--highlight-default)"&gt;HINT_DEFEREAGERLOAD&amp;nbsp;&lt;/span&gt;&lt;span style="color: var(--highlight-keyword)"&gt;=&amp;gt;&amp;nbsp;&lt;/span&gt;&lt;span style="color: var(--highlight-default)"&gt;true&lt;/span&gt;&lt;span style="color: var(--highlight-keyword)"&gt;]);&lt;/span&gt;&lt;/code&gt;&lt;/li&gt;
&lt;li&gt;&lt;code&gt;&lt;span style="color: var(--highlight-keyword)"&gt;&amp;nbsp;&amp;nbsp;&amp;nbsp;&amp;nbsp;}&lt;/span&gt;&lt;/code&gt;&lt;/li&gt;&lt;/ol&gt;    &lt;/div&gt;            &lt;/div&gt;
                        &lt;div class="trace-line "&gt;
                &lt;div class="trace-line-header break-long-words sf-toggle" data-toggle-selector="#trace-html-1-7" data-toggle-initial=""&gt;
            &lt;span class="icon icon-close"&gt;&lt;svg width="1792" height="1792" viewBox="0 0 1792 1792" xmlns="http://www.w3.org/2000/svg"&gt;&lt;path d="M1408 960V832q0-26-19-45t-45-19H448q-26 0-45 19t-19 45v128q0 26 19 45t45 19h896q26 0 45-19t19-45zm256-544v960q0 119-84.5 203.5T1376 1664H416q-119 0-203.5-84.5T128 1376V416q0-119 84.5-203.5T416 128h960q119 0 203.5 84.5T1664 416z"/&gt;&lt;/svg&gt;&lt;/span&gt;
        &lt;span class="icon icon-open"&gt;&lt;svg width="1792" height="1792" viewBox="0 0 1792 1792" xmlns="http://www.w3.org/2000/svg"&gt;&lt;path d="M1408 960V832q0-26-19-45t-45-19h-320V448q0-26-19-45t-45-19H832q-26 0-45 19t-19 45v320H448q-26 0-45 19t-19 45v128q0 26 19 45t45 19h320v320q0 26 19 45t45 19h128q26 0 45-19t19-45v-320h320q26 0 45-19t19-45zm256-544v960q0 119-84.5 203.5T1376 1664H416q-119 0-203.5-84.5T128 1376V416q0-119 84.5-203.5T416 128h960q119 0 203.5 84.5T1664 416z"/&gt;&lt;/svg&gt;&lt;/span&gt;
    
            &lt;span class="trace-class"&gt;&lt;abbr title="Doctrine\ORM\Persisters\Entity\BasicEntityPersister"&gt;BasicEntityPersister&lt;/abbr&gt;&lt;/span&gt;&lt;span class="trace-type"&gt;-&gt;&lt;/span&gt;&lt;span class="trace-method"&gt;loadAll&lt;/span&gt;&lt;span class="trace-arguments"&gt;()&lt;/span&gt;    
                    &lt;span class="block trace-file-path"&gt;
            in
            &lt;a href=""&gt;
                C:\Users\eman\Documents\GitHub\car_dealer\vendor\doctrine\orm\lib\Doctrine\ORM\&lt;strong&gt;EntityRepository.php&lt;/strong&gt;
            &lt;/a&gt;
                        (line 202)
            &lt;span class="icon icon-copy hidden" data-clipboard-text="C:\Users\eman\Documents\GitHub\car_dealer\vendor\doctrine\orm\lib\Doctrine\ORM\EntityRepository.php:202"&gt;
                &lt;svg xmlns="http://www.w3.org/2000/svg" height="24" viewBox="0 0 24 24" width="24"&gt;&lt;path d="M0 0h24v24H0z" fill="none"/&gt;&lt;path d="M16 1H4c-1.1 0-2 .9-2 2v14h2V3h12V1zm3 4H8c-1.1 0-2 .9-2 2v14c0 1.1.9 2 2 2h11c1.1 0 2-.9 2-2V7c0-1.1-.9-2-2-2zm0 16H8V7h11v14z"/&gt;&lt;/svg&gt;            &lt;/span&gt;
        &lt;/span&gt;
    &lt;/div&gt;
    &lt;div id="trace-html-1-7" class="trace-code sf-toggle-content"&gt;
        &lt;ol start="197"&gt;&lt;li&gt;&lt;code&gt;&lt;span style="color: var(--highlight-comment)"&gt;&amp;nbsp;&amp;nbsp;&amp;nbsp;&amp;nbsp;&amp;nbsp;*/&lt;/span&gt;&lt;/code&gt;&lt;/li&gt;
&lt;li&gt;&lt;code&gt;&lt;span style="color: var(--highlight-comment)"&gt;&amp;nbsp;&amp;nbsp;&amp;nbsp;&amp;nbsp;&lt;/span&gt;&lt;span style="color: var(--highlight-keyword)"&gt;public&amp;nbsp;function&amp;nbsp;&lt;/span&gt;&lt;span style="color: var(--highlight-default)"&gt;findBy&lt;/span&gt;&lt;span style="color: var(--highlight-keyword)"&gt;(array&amp;nbsp;&lt;/span&gt;&lt;span style="color: var(--highlight-default)"&gt;$criteria&lt;/span&gt;&lt;span style="color: var(--highlight-keyword)"&gt;,&amp;nbsp;?array&amp;nbsp;&lt;/span&gt;&lt;span style="color: var(--highlight-default)"&gt;$orderBy&amp;nbsp;&lt;/span&gt;&lt;span style="color: var(--highlight-keyword)"&gt;=&amp;nbsp;&lt;/span&gt;&lt;span style="color: var(--highlight-default)"&gt;null&lt;/span&gt;&lt;span style="color: var(--highlight-keyword)"&gt;,&amp;nbsp;&lt;/span&gt;&lt;span style="color: var(--highlight-default)"&gt;$limit&amp;nbsp;&lt;/span&gt;&lt;span style="color: var(--highlight-keyword)"&gt;=&amp;nbsp;&lt;/span&gt;&lt;span style="color: var(--highlight-default)"&gt;null&lt;/span&gt;&lt;span style="color: var(--highlight-keyword)"&gt;,&amp;nbsp;&lt;/span&gt;&lt;span style="color: var(--highlight-default)"&gt;$offset&amp;nbsp;&lt;/span&gt;&lt;span style="color: var(--highlight-keyword)"&gt;=&amp;nbsp;&lt;/span&gt;&lt;span style="color: var(--highlight-default)"&gt;null&lt;/span&gt;&lt;span style="color: var(--highlight-keyword)"&gt;)&lt;/span&gt;&lt;/code&gt;&lt;/li&gt;
&lt;li&gt;&lt;code&gt;&lt;span style="color: var(--highlight-keyword)"&gt;&amp;nbsp;&amp;nbsp;&amp;nbsp;&amp;nbsp;{&lt;/span&gt;&lt;/code&gt;&lt;/li&gt;
&lt;li&gt;&lt;code&gt;&lt;span style="color: var(--highlight-keyword)"&gt;&amp;nbsp;&amp;nbsp;&amp;nbsp;&amp;nbsp;&amp;nbsp;&amp;nbsp;&amp;nbsp;&amp;nbsp;&lt;/span&gt;&lt;span style="color: var(--highlight-default)"&gt;$persister&amp;nbsp;&lt;/span&gt;&lt;span style="color: var(--highlight-keyword)"&gt;=&amp;nbsp;&lt;/span&gt;&lt;span style="color: var(--highlight-default)"&gt;$this&lt;/span&gt;&lt;span style="color: var(--highlight-keyword)"&gt;-&amp;gt;&lt;/span&gt;&lt;span style="color: var(--highlight-default)"&gt;_em&lt;/span&gt;&lt;span style="color: var(--highlight-keyword)"&gt;-&amp;gt;&lt;/span&gt;&lt;span style="color: var(--highlight-default)"&gt;getUnitOfWork&lt;/span&gt;&lt;span style="color: var(--highlight-keyword)"&gt;()-&amp;gt;&lt;/span&gt;&lt;span style="color: var(--highlight-default)"&gt;getEntityPersister&lt;/span&gt;&lt;span style="color: var(--highlight-keyword)"&gt;(&lt;/span&gt;&lt;span style="color: var(--highlight-default)"&gt;$this&lt;/span&gt;&lt;span style="color: var(--highlight-keyword)"&gt;-&amp;gt;&lt;/span&gt;&lt;span style="color: var(--highlight-default)"&gt;_entityName&lt;/span&gt;&lt;span style="color: var(--highlight-keyword)"&gt;);&lt;/span&gt;&lt;/code&gt;&lt;/li&gt;
&lt;li&gt;&lt;code&gt;&lt;span style="color: var(--highlight-keyword)"&gt;&lt;/span&gt;&lt;/code&gt;&lt;/li&gt;
&lt;li class="selected"&gt;&lt;code&gt;&lt;span style="color: var(--highlight-keyword)"&gt;&amp;nbsp;&amp;nbsp;&amp;nbsp;&amp;nbsp;&amp;nbsp;&amp;nbsp;&amp;nbsp;&amp;nbsp;return&amp;nbsp;&lt;/span&gt;&lt;span style="color: var(--highlight-default)"&gt;$persister&lt;/span&gt;&lt;span style="color: var(--highlight-keyword)"&gt;-&amp;gt;&lt;/span&gt;&lt;span style="color: var(--highlight-default)"&gt;loadAll&lt;/span&gt;&lt;span style="color: var(--highlight-keyword)"&gt;(&lt;/span&gt;&lt;span style="color: var(--highlight-default)"&gt;$criteria&lt;/span&gt;&lt;span style="color: var(--highlight-keyword)"&gt;,&amp;nbsp;&lt;/span&gt;&lt;span style="color: var(--highlight-default)"&gt;$orderBy&lt;/span&gt;&lt;span style="color: var(--highlight-keyword)"&gt;,&amp;nbsp;&lt;/span&gt;&lt;span style="color: var(--highlight-default)"&gt;$limit&lt;/span&gt;&lt;span style="color: var(--highlight-keyword)"&gt;,&amp;nbsp;&lt;/span&gt;&lt;span style="color: var(--highlight-default)"&gt;$offset&lt;/span&gt;&lt;span style="color: var(--highlight-keyword)"&gt;);&lt;/span&gt;&lt;/code&gt;&lt;/li&gt;
&lt;li&gt;&lt;code&gt;&lt;span style="color: var(--highlight-keyword)"&gt;&amp;nbsp;&amp;nbsp;&amp;nbsp;&amp;nbsp;}&lt;/span&gt;&lt;/code&gt;&lt;/li&gt;
&lt;li&gt;&lt;code&gt;&lt;span style="color: var(--highlight-keyword)"&gt;&lt;/span&gt;&lt;/code&gt;&lt;/li&gt;
&lt;li&gt;&lt;code&gt;&lt;span style="color: var(--highlight-keyword)"&gt;&amp;nbsp;&amp;nbsp;&amp;nbsp;&amp;nbsp;&lt;/span&gt;&lt;span style="color: var(--highlight-comment)"&gt;/**&lt;/span&gt;&lt;/code&gt;&lt;/li&gt;
&lt;li&gt;&lt;code&gt;&lt;span style="color: var(--highlight-comment)"&gt;&amp;nbsp;&amp;nbsp;&amp;nbsp;&amp;nbsp;&amp;nbsp;*&amp;nbsp;Finds&amp;nbsp;a&amp;nbsp;single&amp;nbsp;entity&amp;nbsp;by&amp;nbsp;a&amp;nbsp;set&amp;nbsp;of&amp;nbsp;criteria.&lt;/span&gt;&lt;/code&gt;&lt;/li&gt;
&lt;li&gt;&lt;code&gt;&lt;span style="color: var(--highlight-comment)"&gt;&amp;nbsp;&amp;nbsp;&amp;nbsp;&amp;nbsp;&amp;nbsp;*&lt;/span&gt;&lt;/code&gt;&lt;/li&gt;&lt;/ol&gt;    &lt;/div&gt;            &lt;/div&gt;
                        &lt;div class="trace-line "&gt;
                &lt;div class="trace-line-header break-long-words sf-toggle" data-toggle-selector="#trace-html-1-8" data-toggle-initial=""&gt;
            &lt;span class="icon icon-close"&gt;&lt;svg width="1792" height="1792" viewBox="0 0 1792 1792" xmlns="http://www.w3.org/2000/svg"&gt;&lt;path d="M1408 960V832q0-26-19-45t-45-19H448q-26 0-45 19t-19 45v128q0 26 19 45t45 19h896q26 0 45-19t19-45zm256-544v960q0 119-84.5 203.5T1376 1664H416q-119 0-203.5-84.5T128 1376V416q0-119 84.5-203.5T416 128h960q119 0 203.5 84.5T1664 416z"/&gt;&lt;/svg&gt;&lt;/span&gt;
        &lt;span class="icon icon-open"&gt;&lt;svg width="1792" height="1792" viewBox="0 0 1792 1792" xmlns="http://www.w3.org/2000/svg"&gt;&lt;path d="M1408 960V832q0-26-19-45t-45-19h-320V448q0-26-19-45t-45-19H832q-26 0-45 19t-19 45v320H448q-26 0-45 19t-19 45v128q0 26 19 45t45 19h320v320q0 26 19 45t45 19h128q26 0 45-19t19-45v-320h320q26 0 45-19t19-45zm256-544v960q0 119-84.5 203.5T1376 1664H416q-119 0-203.5-84.5T128 1376V416q0-119 84.5-203.5T416 128h960q119 0 203.5 84.5T1664 416z"/&gt;&lt;/svg&gt;&lt;/span&gt;
    
            &lt;span class="trace-class"&gt;&lt;abbr title="Doctrine\ORM\EntityRepository"&gt;EntityRepository&lt;/abbr&gt;&lt;/span&gt;&lt;span class="trace-type"&gt;-&gt;&lt;/span&gt;&lt;span class="trace-method"&gt;findBy&lt;/span&gt;&lt;span class="trace-arguments"&gt;()&lt;/span&gt;    
                    &lt;span class="block trace-file-path"&gt;
            in
            &lt;a href=""&gt;
                C:\Users\eman\Documents\GitHub\car_dealer\vendor\doctrine\orm\lib\Doctrine\ORM\&lt;strong&gt;EntityRepository.php&lt;/strong&gt;
            &lt;/a&gt;
                        (line 184)
            &lt;span class="icon icon-copy hidden" data-clipboard-text="C:\Users\eman\Documents\GitHub\car_dealer\vendor\doctrine\orm\lib\Doctrine\ORM\EntityRepository.php:184"&gt;
                &lt;svg xmlns="http://www.w3.org/2000/svg" height="24" viewBox="0 0 24 24" width="24"&gt;&lt;path d="M0 0h24v24H0z" fill="none"/&gt;&lt;path d="M16 1H4c-1.1 0-2 .9-2 2v14h2V3h12V1zm3 4H8c-1.1 0-2 .9-2 2v14c0 1.1.9 2 2 2h11c1.1 0 2-.9 2-2V7c0-1.1-.9-2-2-2zm0 16H8V7h11v14z"/&gt;&lt;/svg&gt;            &lt;/span&gt;
        &lt;/span&gt;
    &lt;/div&gt;
    &lt;div id="trace-html-1-8" class="trace-code sf-toggle-content"&gt;
        &lt;ol start="179"&gt;&lt;li&gt;&lt;code&gt;&lt;span style="color: var(--highlight-comment)"&gt;&amp;nbsp;&amp;nbsp;&amp;nbsp;&amp;nbsp;&amp;nbsp;*&lt;/span&gt;&lt;/code&gt;&lt;/li&gt;
&lt;li&gt;&lt;code&gt;&lt;span style="color: var(--highlight-comment)"&gt;&amp;nbsp;&amp;nbsp;&amp;nbsp;&amp;nbsp;&amp;nbsp;*&amp;nbsp;@psalm-return&amp;nbsp;list&amp;lt;T&amp;gt;&amp;nbsp;The&amp;nbsp;entities.&lt;/span&gt;&lt;/code&gt;&lt;/li&gt;
&lt;li&gt;&lt;code&gt;&lt;span style="color: var(--highlight-comment)"&gt;&amp;nbsp;&amp;nbsp;&amp;nbsp;&amp;nbsp;&amp;nbsp;*/&lt;/span&gt;&lt;/code&gt;&lt;/li&gt;
&lt;li&gt;&lt;code&gt;&lt;span style="color: var(--highlight-comment)"&gt;&amp;nbsp;&amp;nbsp;&amp;nbsp;&amp;nbsp;&lt;/span&gt;&lt;span style="color: var(--highlight-keyword)"&gt;public&amp;nbsp;function&amp;nbsp;&lt;/span&gt;&lt;span style="color: var(--highlight-default)"&gt;findAll&lt;/span&gt;&lt;span style="color: var(--highlight-keyword)"&gt;()&lt;/span&gt;&lt;/code&gt;&lt;/li&gt;
&lt;li&gt;&lt;code&gt;&lt;span style="color: var(--highlight-keyword)"&gt;&amp;nbsp;&amp;nbsp;&amp;nbsp;&amp;nbsp;{&lt;/span&gt;&lt;/code&gt;&lt;/li&gt;
&lt;li class="selected"&gt;&lt;code&gt;&lt;span style="color: var(--highlight-keyword)"&gt;&amp;nbsp;&amp;nbsp;&amp;nbsp;&amp;nbsp;&amp;nbsp;&amp;nbsp;&amp;nbsp;&amp;nbsp;return&amp;nbsp;&lt;/span&gt;&lt;span style="color: var(--highlight-default)"&gt;$this&lt;/span&gt;&lt;span style="color: var(--highlight-keyword)"&gt;-&amp;gt;&lt;/span&gt;&lt;span style="color: var(--highlight-default)"&gt;findBy&lt;/span&gt;&lt;span style="color: var(--highlight-keyword)"&gt;([]);&lt;/span&gt;&lt;/code&gt;&lt;/li&gt;
&lt;li&gt;&lt;code&gt;&lt;span style="color: var(--highlight-keyword)"&gt;&amp;nbsp;&amp;nbsp;&amp;nbsp;&amp;nbsp;}&lt;/span&gt;&lt;/code&gt;&lt;/li&gt;
&lt;li&gt;&lt;code&gt;&lt;span style="color: var(--highlight-keyword)"&gt;&lt;/span&gt;&lt;/code&gt;&lt;/li&gt;
&lt;li&gt;&lt;code&gt;&lt;span style="color: var(--highlight-keyword)"&gt;&amp;nbsp;&amp;nbsp;&amp;nbsp;&amp;nbsp;&lt;/span&gt;&lt;span style="color: var(--highlight-comment)"&gt;/**&lt;/span&gt;&lt;/code&gt;&lt;/li&gt;
&lt;li&gt;&lt;code&gt;&lt;span style="color: var(--highlight-comment)"&gt;&amp;nbsp;&amp;nbsp;&amp;nbsp;&amp;nbsp;&amp;nbsp;*&amp;nbsp;Finds&amp;nbsp;entities&amp;nbsp;by&amp;nbsp;a&amp;nbsp;set&amp;nbsp;of&amp;nbsp;criteria.&lt;/span&gt;&lt;/code&gt;&lt;/li&gt;
&lt;li&gt;&lt;code&gt;&lt;span style="color: var(--highlight-comment)"&gt;&amp;nbsp;&amp;nbsp;&amp;nbsp;&amp;nbsp;&amp;nbsp;*&lt;/span&gt;&lt;/code&gt;&lt;/li&gt;&lt;/ol&gt;    &lt;/div&gt;            &lt;/div&gt;
                        &lt;div class="trace-line "&gt;
                &lt;div class="trace-line-header break-long-words sf-toggle" data-toggle-selector="#trace-html-1-9" data-toggle-initial=""&gt;
            &lt;span class="icon icon-close"&gt;&lt;svg width="1792" height="1792" viewBox="0 0 1792 1792" xmlns="http://www.w3.org/2000/svg"&gt;&lt;path d="M1408 960V832q0-26-19-45t-45-19H448q-26 0-45 19t-19 45v128q0 26 19 45t45 19h896q26 0 45-19t19-45zm256-544v960q0 119-84.5 203.5T1376 1664H416q-119 0-203.5-84.5T128 1376V416q0-119 84.5-203.5T416 128h960q119 0 203.5 84.5T1664 416z"/&gt;&lt;/svg&gt;&lt;/span&gt;
        &lt;span class="icon icon-open"&gt;&lt;svg width="1792" height="1792" viewBox="0 0 1792 1792" xmlns="http://www.w3.org/2000/svg"&gt;&lt;path d="M1408 960V832q0-26-19-45t-45-19h-320V448q0-26-19-45t-45-19H832q-26 0-45 19t-19 45v320H448q-26 0-45 19t-19 45v128q0 26 19 45t45 19h320v320q0 26 19 45t45 19h128q26 0 45-19t19-45v-320h320q26 0 45-19t19-45zm256-544v960q0 119-84.5 203.5T1376 1664H416q-119 0-203.5-84.5T128 1376V416q0-119 84.5-203.5T416 128h960q119 0 203.5 84.5T1664 416z"/&gt;&lt;/svg&gt;&lt;/span&gt;
    
            &lt;span class="trace-class"&gt;&lt;abbr title="Doctrine\ORM\EntityRepository"&gt;EntityRepository&lt;/abbr&gt;&lt;/span&gt;&lt;span class="trace-type"&gt;-&gt;&lt;/span&gt;&lt;span class="trace-method"&gt;findAll&lt;/span&gt;&lt;span class="trace-arguments"&gt;()&lt;/span&gt;    
                    &lt;span class="block trace-file-path"&gt;
            in
            &lt;a href=""&gt;
                C:\Users\eman\Documents\GitHub\car_dealer\src\Controller\&lt;strong&gt;CarPublicController.php&lt;/strong&gt;
            &lt;/a&gt;
                        (line 21)
            &lt;span class="icon icon-copy hidden" data-clipboard-text="C:\Users\eman\Documents\GitHub\car_dealer\src\Controller\CarPublicController.php:21"&gt;
                &lt;svg xmlns="http://www.w3.org/2000/svg" height="24" viewBox="0 0 24 24" width="24"&gt;&lt;path d="M0 0h24v24H0z" fill="none"/&gt;&lt;path d="M16 1H4c-1.1 0-2 .9-2 2v14h2V3h12V1zm3 4H8c-1.1 0-2 .9-2 2v14c0 1.1.9 2 2 2h11c1.1 0 2-.9 2-2V7c0-1.1-.9-2-2-2zm0 16H8V7h11v14z"/&gt;&lt;/svg&gt;            &lt;/span&gt;
        &lt;/span&gt;
    &lt;/div&gt;
    &lt;div id="trace-html-1-9" class="trace-code sf-toggle-content"&gt;
        &lt;ol start="16"&gt;&lt;li&gt;&lt;code&gt;&lt;span style="color: var(--highlight-keyword)"&gt;&amp;nbsp;&amp;nbsp;&amp;nbsp;&amp;nbsp;&amp;nbsp;&amp;nbsp;&amp;nbsp;&amp;nbsp;&lt;/span&gt;&lt;span style="color: var(--highlight-default)"&gt;$template&amp;nbsp;&lt;/span&gt;&lt;span style="color: var(--highlight-keyword)"&gt;=&amp;nbsp;&lt;/span&gt;&lt;span style="color: var(--highlight-string)"&gt;'carPublic/index.html.twig'&lt;/span&gt;&lt;span style="color: var(--highlight-keyword)"&gt;;&#13;&lt;/span&gt;&lt;/code&gt;&lt;/li&gt;
&lt;li&gt;&lt;code&gt;&lt;span style="color: var(--highlight-keyword)"&gt;&amp;nbsp;&amp;nbsp;&amp;nbsp;&amp;nbsp;&amp;nbsp;&amp;nbsp;&amp;nbsp;&amp;nbsp;&lt;/span&gt;&lt;span style="color: var(--highlight-default)"&gt;$argsArray&amp;nbsp;&lt;/span&gt;&lt;span style="color: var(--highlight-keyword)"&gt;=&amp;nbsp;[];&#13;&lt;/span&gt;&lt;/code&gt;&lt;/li&gt;
&lt;li&gt;&lt;code&gt;&lt;span style="color: var(--highlight-keyword)"&gt;&#13;&lt;/span&gt;&lt;/code&gt;&lt;/li&gt;
&lt;li&gt;&lt;code&gt;&lt;span style="color: var(--highlight-keyword)"&gt;&amp;nbsp;&amp;nbsp;&amp;nbsp;&amp;nbsp;&amp;nbsp;&amp;nbsp;&amp;nbsp;&amp;nbsp;return&amp;nbsp;&lt;/span&gt;&lt;span style="color: var(--highlight-default)"&gt;$this&lt;/span&gt;&lt;span style="color: var(--highlight-keyword)"&gt;-&amp;gt;&lt;/span&gt;&lt;span style="color: var(--highlight-default)"&gt;render&lt;/span&gt;&lt;span style="color: var(--highlight-keyword)"&gt;(&lt;/span&gt;&lt;span style="color: var(--highlight-default)"&gt;$template&lt;/span&gt;&lt;span style="color: var(--highlight-keyword)"&gt;,&amp;nbsp;[&#13;&lt;/span&gt;&lt;/code&gt;&lt;/li&gt;
&lt;li&gt;&lt;code&gt;&lt;span style="color: var(--highlight-keyword)"&gt;&amp;nbsp;&amp;nbsp;&amp;nbsp;&amp;nbsp;&amp;nbsp;&amp;nbsp;&amp;nbsp;&amp;nbsp;&amp;nbsp;&amp;nbsp;&amp;nbsp;&amp;nbsp;&lt;/span&gt;&lt;span style="color: var(--highlight-string)"&gt;'controller_name'&amp;nbsp;&lt;/span&gt;&lt;span style="color: var(--highlight-keyword)"&gt;=&amp;gt;&amp;nbsp;&lt;/span&gt;&lt;span style="color: var(--highlight-string)"&gt;'CarPublicController'&lt;/span&gt;&lt;span style="color: var(--highlight-keyword)"&gt;,&#13;&lt;/span&gt;&lt;/code&gt;&lt;/li&gt;
&lt;li class="selected"&gt;&lt;code&gt;&lt;span style="color: var(--highlight-keyword)"&gt;&amp;nbsp;&amp;nbsp;&amp;nbsp;&amp;nbsp;&amp;nbsp;&amp;nbsp;&amp;nbsp;&amp;nbsp;&amp;nbsp;&amp;nbsp;&amp;nbsp;&amp;nbsp;&lt;/span&gt;&lt;span style="color: var(--highlight-string)"&gt;'cars'&amp;nbsp;&lt;/span&gt;&lt;span style="color: var(--highlight-keyword)"&gt;=&amp;gt;&amp;nbsp;&lt;/span&gt;&lt;span style="color: var(--highlight-default)"&gt;$carRepository&lt;/span&gt;&lt;span style="color: var(--highlight-keyword)"&gt;-&amp;gt;&lt;/span&gt;&lt;span style="color: var(--highlight-default)"&gt;findAll&lt;/span&gt;&lt;span style="color: var(--highlight-keyword)"&gt;()&#13;&lt;/span&gt;&lt;/code&gt;&lt;/li&gt;
&lt;li&gt;&lt;code&gt;&lt;span style="color: var(--highlight-keyword)"&gt;&amp;nbsp;&amp;nbsp;&amp;nbsp;&amp;nbsp;&amp;nbsp;&amp;nbsp;&amp;nbsp;&amp;nbsp;]);&#13;&lt;/span&gt;&lt;/code&gt;&lt;/li&gt;
&lt;li&gt;&lt;code&gt;&lt;span style="color: var(--highlight-keyword)"&gt;&amp;nbsp;&amp;nbsp;&amp;nbsp;&amp;nbsp;}&#13;&lt;/span&gt;&lt;/code&gt;&lt;/li&gt;
&lt;li&gt;&lt;code&gt;&lt;span style="color: var(--highlight-keyword)"&gt;&#13;&lt;/span&gt;&lt;/code&gt;&lt;/li&gt;
&lt;li&gt;&lt;code&gt;&lt;span style="color: var(--highlight-keyword)"&gt;&amp;nbsp;&amp;nbsp;&amp;nbsp;&amp;nbsp;#[&lt;/span&gt;&lt;span style="color: var(--highlight-default)"&gt;Route&lt;/span&gt;&lt;span style="color: var(--highlight-keyword)"&gt;(&lt;/span&gt;&lt;span style="color: var(--highlight-string)"&gt;'/car/{id}/show'&lt;/span&gt;&lt;span style="color: var(--highlight-keyword)"&gt;,&amp;nbsp;&lt;/span&gt;&lt;span style="color: var(--highlight-default)"&gt;name&lt;/span&gt;&lt;span style="color: var(--highlight-keyword)"&gt;:&amp;nbsp;&lt;/span&gt;&lt;span style="color: var(--highlight-string)"&gt;'App_car_show_public'&lt;/span&gt;&lt;span style="color: var(--highlight-keyword)"&gt;,&amp;nbsp;&lt;/span&gt;&lt;span style="color: var(--highlight-default)"&gt;methods&lt;/span&gt;&lt;span style="color: var(--highlight-keyword)"&gt;:&amp;nbsp;[&lt;/span&gt;&lt;span style="color: var(--highlight-string)"&gt;'GET'&lt;/span&gt;&lt;span style="color: var(--highlight-keyword)"&gt;])]&#13;&lt;/span&gt;&lt;/code&gt;&lt;/li&gt;
&lt;li&gt;&lt;code&gt;&lt;span style="color: var(--highlight-keyword)"&gt;&amp;nbsp;&amp;nbsp;&amp;nbsp;&amp;nbsp;public&amp;nbsp;function&amp;nbsp;&lt;/span&gt;&lt;span style="color: var(--highlight-default)"&gt;show&lt;/span&gt;&lt;span style="color: var(--highlight-keyword)"&gt;(&lt;/span&gt;&lt;span style="color: var(--highlight-default)"&gt;Car&amp;nbsp;$car&lt;/span&gt;&lt;span style="color: var(--highlight-keyword)"&gt;):&amp;nbsp;&lt;/span&gt;&lt;span style="color: var(--highlight-default)"&gt;Response&#13;&lt;/span&gt;&lt;/code&gt;&lt;/li&gt;&lt;/ol&gt;    &lt;/div&gt;            &lt;/div&gt;
                        &lt;div class="trace-line "&gt;
                &lt;div class="trace-line-header break-long-words sf-toggle" data-toggle-selector="#trace-html-1-10" data-toggle-initial=""&gt;
            &lt;span class="icon icon-close"&gt;&lt;svg width="1792" height="1792" viewBox="0 0 1792 1792" xmlns="http://www.w3.org/2000/svg"&gt;&lt;path d="M1408 960V832q0-26-19-45t-45-19H448q-26 0-45 19t-19 45v128q0 26 19 45t45 19h896q26 0 45-19t19-45zm256-544v960q0 119-84.5 203.5T1376 1664H416q-119 0-203.5-84.5T128 1376V416q0-119 84.5-203.5T416 128h960q119 0 203.5 84.5T1664 416z"/&gt;&lt;/svg&gt;&lt;/span&gt;
        &lt;span class="icon icon-open"&gt;&lt;svg width="1792" height="1792" viewBox="0 0 1792 1792" xmlns="http://www.w3.org/2000/svg"&gt;&lt;path d="M1408 960V832q0-26-19-45t-45-19h-320V448q0-26-19-45t-45-19H832q-26 0-45 19t-19 45v320H448q-26 0-45 19t-19 45v128q0 26 19 45t45 19h320v320q0 26 19 45t45 19h128q26 0 45-19t19-45v-320h320q26 0 45-19t19-45zm256-544v960q0 119-84.5 203.5T1376 1664H416q-119 0-203.5-84.5T128 1376V416q0-119 84.5-203.5T416 128h960q119 0 203.5 84.5T1664 416z"/&gt;&lt;/svg&gt;&lt;/span&gt;
    
            &lt;span class="trace-class"&gt;&lt;abbr title="App\Controller\CarPublicController"&gt;CarPublicController&lt;/abbr&gt;&lt;/span&gt;&lt;span class="trace-type"&gt;-&gt;&lt;/span&gt;&lt;span class="trace-method"&gt;cars&lt;/span&gt;&lt;span class="trace-arguments"&gt;()&lt;/span&gt;    
                    &lt;span class="block trace-file-path"&gt;
            in
            &lt;a href=""&gt;
                C:\Users\eman\Documents\GitHub\car_dealer\vendor\symfony\http-kernel\&lt;strong&gt;HttpKernel.php&lt;/strong&gt;
            &lt;/a&gt;
                        (line 152)
            &lt;span class="icon icon-copy hidden" data-clipboard-text="C:\Users\eman\Documents\GitHub\car_dealer\vendor\symfony\http-kernel\HttpKernel.php:152"&gt;
                &lt;svg xmlns="http://www.w3.org/2000/svg" height="24" viewBox="0 0 24 24" width="24"&gt;&lt;path d="M0 0h24v24H0z" fill="none"/&gt;&lt;path d="M16 1H4c-1.1 0-2 .9-2 2v14h2V3h12V1zm3 4H8c-1.1 0-2 .9-2 2v14c0 1.1.9 2 2 2h11c1.1 0 2-.9 2-2V7c0-1.1-.9-2-2-2zm0 16H8V7h11v14z"/&gt;&lt;/svg&gt;            &lt;/span&gt;
        &lt;/span&gt;
    &lt;/div&gt;
    &lt;div id="trace-html-1-10" class="trace-code sf-toggle-content"&gt;
        &lt;ol start="147"&gt;&lt;li&gt;&lt;code&gt;&lt;span style="color: var(--highlight-keyword)"&gt;&amp;nbsp;&amp;nbsp;&amp;nbsp;&amp;nbsp;&amp;nbsp;&amp;nbsp;&amp;nbsp;&amp;nbsp;&lt;/span&gt;&lt;span style="color: var(--highlight-default)"&gt;$this&lt;/span&gt;&lt;span style="color: var(--highlight-keyword)"&gt;-&amp;gt;&lt;/span&gt;&lt;span style="color: var(--highlight-default)"&gt;dispatcher&lt;/span&gt;&lt;span style="color: var(--highlight-keyword)"&gt;-&amp;gt;&lt;/span&gt;&lt;span style="color: var(--highlight-default)"&gt;dispatch&lt;/span&gt;&lt;span style="color: var(--highlight-keyword)"&gt;(&lt;/span&gt;&lt;span style="color: var(--highlight-default)"&gt;$event&lt;/span&gt;&lt;span style="color: var(--highlight-keyword)"&gt;,&amp;nbsp;&lt;/span&gt;&lt;span style="color: var(--highlight-default)"&gt;KernelEvents&lt;/span&gt;&lt;span style="color: var(--highlight-keyword)"&gt;::&lt;/span&gt;&lt;span style="color: var(--highlight-default)"&gt;CONTROLLER_ARGUMENTS&lt;/span&gt;&lt;span style="color: var(--highlight-keyword)"&gt;);&lt;/span&gt;&lt;/code&gt;&lt;/li&gt;
&lt;li&gt;&lt;code&gt;&lt;span style="color: var(--highlight-keyword)"&gt;&amp;nbsp;&amp;nbsp;&amp;nbsp;&amp;nbsp;&amp;nbsp;&amp;nbsp;&amp;nbsp;&amp;nbsp;&lt;/span&gt;&lt;span style="color: var(--highlight-default)"&gt;$controller&amp;nbsp;&lt;/span&gt;&lt;span style="color: var(--highlight-keyword)"&gt;=&amp;nbsp;&lt;/span&gt;&lt;span style="color: var(--highlight-default)"&gt;$event&lt;/span&gt;&lt;span style="color: var(--highlight-keyword)"&gt;-&amp;gt;&lt;/span&gt;&lt;span style="color: var(--highlight-default)"&gt;getController&lt;/span&gt;&lt;span style="color: var(--highlight-keyword)"&gt;();&lt;/span&gt;&lt;/code&gt;&lt;/li&gt;
&lt;li&gt;&lt;code&gt;&lt;span style="color: var(--highlight-keyword)"&gt;&amp;nbsp;&amp;nbsp;&amp;nbsp;&amp;nbsp;&amp;nbsp;&amp;nbsp;&amp;nbsp;&amp;nbsp;&lt;/span&gt;&lt;span style="color: var(--highlight-default)"&gt;$arguments&amp;nbsp;&lt;/span&gt;&lt;span style="color: var(--highlight-keyword)"&gt;=&amp;nbsp;&lt;/span&gt;&lt;span style="color: var(--highlight-default)"&gt;$event&lt;/span&gt;&lt;span style="color: var(--highlight-keyword)"&gt;-&amp;gt;&lt;/span&gt;&lt;span style="color: var(--highlight-default)"&gt;getArguments&lt;/span&gt;&lt;span style="color: var(--highlight-keyword)"&gt;();&lt;/span&gt;&lt;/code&gt;&lt;/li&gt;
&lt;li&gt;&lt;code&gt;&lt;span style="color: var(--highlight-keyword)"&gt;&lt;/span&gt;&lt;/code&gt;&lt;/li&gt;
&lt;li&gt;&lt;code&gt;&lt;span style="color: var(--highlight-keyword)"&gt;&amp;nbsp;&amp;nbsp;&amp;nbsp;&amp;nbsp;&amp;nbsp;&amp;nbsp;&amp;nbsp;&amp;nbsp;&lt;/span&gt;&lt;span style="color: var(--highlight-comment)"&gt;//&amp;nbsp;call&amp;nbsp;controller&lt;/span&gt;&lt;/code&gt;&lt;/li&gt;
&lt;li class="selected"&gt;&lt;code&gt;&lt;span style="color: var(--highlight-comment)"&gt;&amp;nbsp;&amp;nbsp;&amp;nbsp;&amp;nbsp;&amp;nbsp;&amp;nbsp;&amp;nbsp;&amp;nbsp;&lt;/span&gt;&lt;span style="color: var(--highlight-default)"&gt;$response&amp;nbsp;&lt;/span&gt;&lt;span style="color: var(--highlight-keyword)"&gt;=&amp;nbsp;&lt;/span&gt;&lt;span style="color: var(--highlight-default)"&gt;$controller&lt;/span&gt;&lt;span style="color: var(--highlight-keyword)"&gt;(...&lt;/span&gt;&lt;span style="color: var(--highlight-default)"&gt;$arguments&lt;/span&gt;&lt;span style="color: var(--highlight-keyword)"&gt;);&lt;/span&gt;&lt;/code&gt;&lt;/li&gt;
&lt;li&gt;&lt;code&gt;&lt;span style="color: var(--highlight-keyword)"&gt;&lt;/span&gt;&lt;/code&gt;&lt;/li&gt;
&lt;li&gt;&lt;code&gt;&lt;span style="color: var(--highlight-keyword)"&gt;&amp;nbsp;&amp;nbsp;&amp;nbsp;&amp;nbsp;&amp;nbsp;&amp;nbsp;&amp;nbsp;&amp;nbsp;&lt;/span&gt;&lt;span style="color: var(--highlight-comment)"&gt;//&amp;nbsp;view&lt;/span&gt;&lt;/code&gt;&lt;/li&gt;
&lt;li&gt;&lt;code&gt;&lt;span style="color: var(--highlight-comment)"&gt;&amp;nbsp;&amp;nbsp;&amp;nbsp;&amp;nbsp;&amp;nbsp;&amp;nbsp;&amp;nbsp;&amp;nbsp;&lt;/span&gt;&lt;span style="color: var(--highlight-keyword)"&gt;if&amp;nbsp;(!&lt;/span&gt;&lt;span style="color: var(--highlight-default)"&gt;$response&amp;nbsp;&lt;/span&gt;&lt;span style="color: var(--highlight-keyword)"&gt;instanceof&amp;nbsp;&lt;/span&gt;&lt;span style="color: var(--highlight-default)"&gt;Response&lt;/span&gt;&lt;span style="color: var(--highlight-keyword)"&gt;)&amp;nbsp;{&lt;/span&gt;&lt;/code&gt;&lt;/li&gt;
&lt;li&gt;&lt;code&gt;&lt;span style="color: var(--highlight-keyword)"&gt;&amp;nbsp;&amp;nbsp;&amp;nbsp;&amp;nbsp;&amp;nbsp;&amp;nbsp;&amp;nbsp;&amp;nbsp;&amp;nbsp;&amp;nbsp;&amp;nbsp;&amp;nbsp;&lt;/span&gt;&lt;span style="color: var(--highlight-default)"&gt;$event&amp;nbsp;&lt;/span&gt;&lt;span style="color: var(--highlight-keyword)"&gt;=&amp;nbsp;new&amp;nbsp;&lt;/span&gt;&lt;span style="color: var(--highlight-default)"&gt;ViewEvent&lt;/span&gt;&lt;span style="color: var(--highlight-keyword)"&gt;(&lt;/span&gt;&lt;span style="color: var(--highlight-default)"&gt;$this&lt;/span&gt;&lt;span style="color: var(--highlight-keyword)"&gt;,&amp;nbsp;&lt;/span&gt;&lt;span style="color: var(--highlight-default)"&gt;$request&lt;/span&gt;&lt;span style="color: var(--highlight-keyword)"&gt;,&amp;nbsp;&lt;/span&gt;&lt;span style="color: var(--highlight-default)"&gt;$type&lt;/span&gt;&lt;span style="color: var(--highlight-keyword)"&gt;,&amp;nbsp;&lt;/span&gt;&lt;span style="color: var(--highlight-default)"&gt;$response&lt;/span&gt;&lt;span style="color: var(--highlight-keyword)"&gt;);&lt;/span&gt;&lt;/code&gt;&lt;/li&gt;
&lt;li&gt;&lt;code&gt;&lt;span style="color: var(--highlight-keyword)"&gt;&amp;nbsp;&amp;nbsp;&amp;nbsp;&amp;nbsp;&amp;nbsp;&amp;nbsp;&amp;nbsp;&amp;nbsp;&amp;nbsp;&amp;nbsp;&amp;nbsp;&amp;nbsp;&lt;/span&gt;&lt;span style="color: var(--highlight-default)"&gt;$this&lt;/span&gt;&lt;span style="color: var(--highlight-keyword)"&gt;-&amp;gt;&lt;/span&gt;&lt;span style="color: var(--highlight-default)"&gt;dispatcher&lt;/span&gt;&lt;span style="color: var(--highlight-keyword)"&gt;-&amp;gt;&lt;/span&gt;&lt;span style="color: var(--highlight-default)"&gt;dispatch&lt;/span&gt;&lt;span style="color: var(--highlight-keyword)"&gt;(&lt;/span&gt;&lt;span style="color: var(--highlight-default)"&gt;$event&lt;/span&gt;&lt;span style="color: var(--highlight-keyword)"&gt;,&amp;nbsp;&lt;/span&gt;&lt;span style="color: var(--highlight-default)"&gt;KernelEvents&lt;/span&gt;&lt;span style="color: var(--highlight-keyword)"&gt;::&lt;/span&gt;&lt;span style="color: var(--highlight-default)"&gt;VIEW&lt;/span&gt;&lt;span style="color: var(--highlight-keyword)"&gt;);&lt;/span&gt;&lt;/code&gt;&lt;/li&gt;&lt;/ol&gt;    &lt;/div&gt;            &lt;/div&gt;
                        &lt;div class="trace-line "&gt;
                &lt;div class="trace-line-header break-long-words sf-toggle" data-toggle-selector="#trace-html-1-11" data-toggle-initial=""&gt;
            &lt;span class="icon icon-close"&gt;&lt;svg width="1792" height="1792" viewBox="0 0 1792 1792" xmlns="http://www.w3.org/2000/svg"&gt;&lt;path d="M1408 960V832q0-26-19-45t-45-19H448q-26 0-45 19t-19 45v128q0 26 19 45t45 19h896q26 0 45-19t19-45zm256-544v960q0 119-84.5 203.5T1376 1664H416q-119 0-203.5-84.5T128 1376V416q0-119 84.5-203.5T416 128h960q119 0 203.5 84.5T1664 416z"/&gt;&lt;/svg&gt;&lt;/span&gt;
        &lt;span class="icon icon-open"&gt;&lt;svg width="1792" height="1792" viewBox="0 0 1792 1792" xmlns="http://www.w3.org/2000/svg"&gt;&lt;path d="M1408 960V832q0-26-19-45t-45-19h-320V448q0-26-19-45t-45-19H832q-26 0-45 19t-19 45v320H448q-26 0-45 19t-19 45v128q0 26 19 45t45 19h320v320q0 26 19 45t45 19h128q26 0 45-19t19-45v-320h320q26 0 45-19t19-45zm256-544v960q0 119-84.5 203.5T1376 1664H416q-119 0-203.5-84.5T128 1376V416q0-119 84.5-203.5T416 128h960q119 0 203.5 84.5T1664 416z"/&gt;&lt;/svg&gt;&lt;/span&gt;
    
            &lt;span class="trace-class"&gt;&lt;abbr title="Symfony\Component\HttpKernel\HttpKernel"&gt;HttpKernel&lt;/abbr&gt;&lt;/span&gt;&lt;span class="trace-type"&gt;-&gt;&lt;/span&gt;&lt;span class="trace-method"&gt;handleRaw&lt;/span&gt;&lt;span class="trace-arguments"&gt;()&lt;/span&gt;    
                    &lt;span class="block trace-file-path"&gt;
            in
            &lt;a href=""&gt;
                C:\Users\eman\Documents\GitHub\car_dealer\vendor\symfony\http-kernel\&lt;strong&gt;HttpKernel.php&lt;/strong&gt;
            &lt;/a&gt;
                        (line 74)
            &lt;span class="icon icon-copy hidden" data-clipboard-text="C:\Users\eman\Documents\GitHub\car_dealer\vendor\symfony\http-kernel\HttpKernel.php:74"&gt;
                &lt;svg xmlns="http://www.w3.org/2000/svg" height="24" viewBox="0 0 24 24" width="24"&gt;&lt;path d="M0 0h24v24H0z" fill="none"/&gt;&lt;path d="M16 1H4c-1.1 0-2 .9-2 2v14h2V3h12V1zm3 4H8c-1.1 0-2 .9-2 2v14c0 1.1.9 2 2 2h11c1.1 0 2-.9 2-2V7c0-1.1-.9-2-2-2zm0 16H8V7h11v14z"/&gt;&lt;/svg&gt;            &lt;/span&gt;
        &lt;/span&gt;
    &lt;/div&gt;
    &lt;div id="trace-html-1-11" class="trace-code sf-toggle-content"&gt;
        &lt;ol start="69"&gt;&lt;li&gt;&lt;code&gt;&lt;span style="color: var(--highlight-comment)"&gt;&amp;nbsp;&amp;nbsp;&amp;nbsp;&amp;nbsp;&lt;/span&gt;&lt;span style="color: var(--highlight-keyword)"&gt;public&amp;nbsp;function&amp;nbsp;&lt;/span&gt;&lt;span style="color: var(--highlight-default)"&gt;handle&lt;/span&gt;&lt;span style="color: var(--highlight-keyword)"&gt;(&lt;/span&gt;&lt;span style="color: var(--highlight-default)"&gt;Request&amp;nbsp;$request&lt;/span&gt;&lt;span style="color: var(--highlight-keyword)"&gt;,&amp;nbsp;&lt;/span&gt;&lt;span style="color: var(--highlight-default)"&gt;int&amp;nbsp;$type&amp;nbsp;&lt;/span&gt;&lt;span style="color: var(--highlight-keyword)"&gt;=&amp;nbsp;&lt;/span&gt;&lt;span style="color: var(--highlight-default)"&gt;HttpKernelInterface&lt;/span&gt;&lt;span style="color: var(--highlight-keyword)"&gt;::&lt;/span&gt;&lt;span style="color: var(--highlight-default)"&gt;MAIN_REQUEST&lt;/span&gt;&lt;span style="color: var(--highlight-keyword)"&gt;,&amp;nbsp;&lt;/span&gt;&lt;span style="color: var(--highlight-default)"&gt;bool&amp;nbsp;$catch&amp;nbsp;&lt;/span&gt;&lt;span style="color: var(--highlight-keyword)"&gt;=&amp;nbsp;&lt;/span&gt;&lt;span style="color: var(--highlight-default)"&gt;true&lt;/span&gt;&lt;span style="color: var(--highlight-keyword)"&gt;):&amp;nbsp;&lt;/span&gt;&lt;span style="color: var(--highlight-default)"&gt;Response&lt;/span&gt;&lt;/code&gt;&lt;/li&gt;
&lt;li&gt;&lt;code&gt;&lt;span style="color: var(--highlight-default)"&gt;&amp;nbsp;&amp;nbsp;&amp;nbsp;&amp;nbsp;&lt;/span&gt;&lt;span style="color: var(--highlight-keyword)"&gt;{&lt;/span&gt;&lt;/code&gt;&lt;/li&gt;
&lt;li&gt;&lt;code&gt;&lt;span style="color: var(--highlight-keyword)"&gt;&amp;nbsp;&amp;nbsp;&amp;nbsp;&amp;nbsp;&amp;nbsp;&amp;nbsp;&amp;nbsp;&amp;nbsp;&lt;/span&gt;&lt;span style="color: var(--highlight-default)"&gt;$request&lt;/span&gt;&lt;span style="color: var(--highlight-keyword)"&gt;-&amp;gt;&lt;/span&gt;&lt;span style="color: var(--highlight-default)"&gt;headers&lt;/span&gt;&lt;span style="color: var(--highlight-keyword)"&gt;-&amp;gt;&lt;/span&gt;&lt;span style="color: var(--highlight-default)"&gt;set&lt;/span&gt;&lt;span style="color: var(--highlight-keyword)"&gt;(&lt;/span&gt;&lt;span style="color: var(--highlight-string)"&gt;'X-Php-Ob-Level'&lt;/span&gt;&lt;span style="color: var(--highlight-keyword)"&gt;,&amp;nbsp;(string)&amp;nbsp;&lt;/span&gt;&lt;span style="color: var(--highlight-default)"&gt;ob_get_level&lt;/span&gt;&lt;span style="color: var(--highlight-keyword)"&gt;());&lt;/span&gt;&lt;/code&gt;&lt;/li&gt;
&lt;li&gt;&lt;code&gt;&lt;span style="color: var(--highlight-keyword)"&gt;&lt;/span&gt;&lt;/code&gt;&lt;/li&gt;
&lt;li&gt;&lt;code&gt;&lt;span style="color: var(--highlight-keyword)"&gt;&amp;nbsp;&amp;nbsp;&amp;nbsp;&amp;nbsp;&amp;nbsp;&amp;nbsp;&amp;nbsp;&amp;nbsp;try&amp;nbsp;{&lt;/span&gt;&lt;/code&gt;&lt;/li&gt;
&lt;li class="selected"&gt;&lt;code&gt;&lt;span style="color: var(--highlight-keyword)"&gt;&amp;nbsp;&amp;nbsp;&amp;nbsp;&amp;nbsp;&amp;nbsp;&amp;nbsp;&amp;nbsp;&amp;nbsp;&amp;nbsp;&amp;nbsp;&amp;nbsp;&amp;nbsp;return&amp;nbsp;&lt;/span&gt;&lt;span style="color: var(--highlight-default)"&gt;$this&lt;/span&gt;&lt;span style="color: var(--highlight-keyword)"&gt;-&amp;gt;&lt;/span&gt;&lt;span style="color: var(--highlight-default)"&gt;handleRaw&lt;/span&gt;&lt;span style="color: var(--highlight-keyword)"&gt;(&lt;/span&gt;&lt;span style="color: var(--highlight-default)"&gt;$request&lt;/span&gt;&lt;span style="color: var(--highlight-keyword)"&gt;,&amp;nbsp;&lt;/span&gt;&lt;span style="color: var(--highlight-default)"&gt;$type&lt;/span&gt;&lt;span style="color: var(--highlight-keyword)"&gt;);&lt;/span&gt;&lt;/code&gt;&lt;/li&gt;
&lt;li&gt;&lt;code&gt;&lt;span style="color: var(--highlight-keyword)"&gt;&amp;nbsp;&amp;nbsp;&amp;nbsp;&amp;nbsp;&amp;nbsp;&amp;nbsp;&amp;nbsp;&amp;nbsp;}&amp;nbsp;catch&amp;nbsp;(&lt;/span&gt;&lt;span style="color: var(--highlight-default)"&gt;\Exception&amp;nbsp;$e&lt;/span&gt;&lt;span style="color: var(--highlight-keyword)"&gt;)&amp;nbsp;{&lt;/span&gt;&lt;/code&gt;&lt;/li&gt;
&lt;li&gt;&lt;code&gt;&lt;span style="color: var(--highlight-keyword)"&gt;&amp;nbsp;&amp;nbsp;&amp;nbsp;&amp;nbsp;&amp;nbsp;&amp;nbsp;&amp;nbsp;&amp;nbsp;&amp;nbsp;&amp;nbsp;&amp;nbsp;&amp;nbsp;if&amp;nbsp;(&lt;/span&gt;&lt;span style="color: var(--highlight-default)"&gt;$e&amp;nbsp;&lt;/span&gt;&lt;span style="color: var(--highlight-keyword)"&gt;instanceof&amp;nbsp;&lt;/span&gt;&lt;span style="color: var(--highlight-default)"&gt;RequestExceptionInterface&lt;/span&gt;&lt;span style="color: var(--highlight-keyword)"&gt;)&amp;nbsp;{&lt;/span&gt;&lt;/code&gt;&lt;/li&gt;
&lt;li&gt;&lt;code&gt;&lt;span style="color: var(--highlight-keyword)"&gt;&amp;nbsp;&amp;nbsp;&amp;nbsp;&amp;nbsp;&amp;nbsp;&amp;nbsp;&amp;nbsp;&amp;nbsp;&amp;nbsp;&amp;nbsp;&amp;nbsp;&amp;nbsp;&amp;nbsp;&amp;nbsp;&amp;nbsp;&amp;nbsp;&lt;/span&gt;&lt;span style="color: var(--highlight-default)"&gt;$e&amp;nbsp;&lt;/span&gt;&lt;span style="color: var(--highlight-keyword)"&gt;=&amp;nbsp;new&amp;nbsp;&lt;/span&gt;&lt;span style="color: var(--highlight-default)"&gt;BadRequestHttpException&lt;/span&gt;&lt;span style="color: var(--highlight-keyword)"&gt;(&lt;/span&gt;&lt;span style="color: var(--highlight-default)"&gt;$e&lt;/span&gt;&lt;span style="color: var(--highlight-keyword)"&gt;-&amp;gt;&lt;/span&gt;&lt;span style="color: var(--highlight-default)"&gt;getMessage&lt;/span&gt;&lt;span style="color: var(--highlight-keyword)"&gt;(),&amp;nbsp;&lt;/span&gt;&lt;span style="color: var(--highlight-default)"&gt;$e&lt;/span&gt;&lt;span style="color: var(--highlight-keyword)"&gt;);&lt;/span&gt;&lt;/code&gt;&lt;/li&gt;
&lt;li&gt;&lt;code&gt;&lt;span style="color: var(--highlight-keyword)"&gt;&amp;nbsp;&amp;nbsp;&amp;nbsp;&amp;nbsp;&amp;nbsp;&amp;nbsp;&amp;nbsp;&amp;nbsp;&amp;nbsp;&amp;nbsp;&amp;nbsp;&amp;nbsp;}&lt;/span&gt;&lt;/code&gt;&lt;/li&gt;
&lt;li&gt;&lt;code&gt;&lt;span style="color: var(--highlight-keyword)"&gt;&amp;nbsp;&amp;nbsp;&amp;nbsp;&amp;nbsp;&amp;nbsp;&amp;nbsp;&amp;nbsp;&amp;nbsp;&amp;nbsp;&amp;nbsp;&amp;nbsp;&amp;nbsp;if&amp;nbsp;(&lt;/span&gt;&lt;span style="color: var(--highlight-default)"&gt;false&amp;nbsp;&lt;/span&gt;&lt;span style="color: var(--highlight-keyword)"&gt;===&amp;nbsp;&lt;/span&gt;&lt;span style="color: var(--highlight-default)"&gt;$catch&lt;/span&gt;&lt;span style="color: var(--highlight-keyword)"&gt;)&amp;nbsp;{&lt;/span&gt;&lt;/code&gt;&lt;/li&gt;&lt;/ol&gt;    &lt;/div&gt;            &lt;/div&gt;
                        &lt;div class="trace-line "&gt;
                &lt;div class="trace-line-header break-long-words sf-toggle" data-toggle-selector="#trace-html-1-12" data-toggle-initial=""&gt;
            &lt;span class="icon icon-close"&gt;&lt;svg width="1792" height="1792" viewBox="0 0 1792 1792" xmlns="http://www.w3.org/2000/svg"&gt;&lt;path d="M1408 960V832q0-26-19-45t-45-19H448q-26 0-45 19t-19 45v128q0 26 19 45t45 19h896q26 0 45-19t19-45zm256-544v960q0 119-84.5 203.5T1376 1664H416q-119 0-203.5-84.5T128 1376V416q0-119 84.5-203.5T416 128h960q119 0 203.5 84.5T1664 416z"/&gt;&lt;/svg&gt;&lt;/span&gt;
        &lt;span class="icon icon-open"&gt;&lt;svg width="1792" height="1792" viewBox="0 0 1792 1792" xmlns="http://www.w3.org/2000/svg"&gt;&lt;path d="M1408 960V832q0-26-19-45t-45-19h-320V448q0-26-19-45t-45-19H832q-26 0-45 19t-19 45v320H448q-26 0-45 19t-19 45v128q0 26 19 45t45 19h320v320q0 26 19 45t45 19h128q26 0 45-19t19-45v-320h320q26 0 45-19t19-45zm256-544v960q0 119-84.5 203.5T1376 1664H416q-119 0-203.5-84.5T128 1376V416q0-119 84.5-203.5T416 128h960q119 0 203.5 84.5T1664 416z"/&gt;&lt;/svg&gt;&lt;/span&gt;
    
            &lt;span class="trace-class"&gt;&lt;abbr title="Symfony\Component\HttpKernel\HttpKernel"&gt;HttpKernel&lt;/abbr&gt;&lt;/span&gt;&lt;span class="trace-type"&gt;-&gt;&lt;/span&gt;&lt;span class="trace-method"&gt;handle&lt;/span&gt;&lt;span class="trace-arguments"&gt;()&lt;/span&gt;    
                    &lt;span class="block trace-file-path"&gt;
            in
            &lt;a href=""&gt;
                C:\Users\eman\Documents\GitHub\car_dealer\vendor\symfony\http-kernel\&lt;strong&gt;Kernel.php&lt;/strong&gt;
            &lt;/a&gt;
                        (line 202)
            &lt;span class="icon icon-copy hidden" data-clipboard-text="C:\Users\eman\Documents\GitHub\car_dealer\vendor\symfony\http-kernel\Kernel.php:202"&gt;
                &lt;svg xmlns="http://www.w3.org/2000/svg" height="24" viewBox="0 0 24 24" width="24"&gt;&lt;path d="M0 0h24v24H0z" fill="none"/&gt;&lt;path d="M16 1H4c-1.1 0-2 .9-2 2v14h2V3h12V1zm3 4H8c-1.1 0-2 .9-2 2v14c0 1.1.9 2 2 2h11c1.1 0 2-.9 2-2V7c0-1.1-.9-2-2-2zm0 16H8V7h11v14z"/&gt;&lt;/svg&gt;            &lt;/span&gt;
        &lt;/span&gt;
    &lt;/div&gt;
    &lt;div id="trace-html-1-12" class="trace-code sf-toggle-content"&gt;
        &lt;ol start="197"&gt;&lt;li&gt;&lt;code&gt;&lt;span style="color: var(--highlight-keyword)"&gt;&amp;nbsp;&amp;nbsp;&amp;nbsp;&amp;nbsp;&amp;nbsp;&amp;nbsp;&amp;nbsp;&amp;nbsp;&lt;/span&gt;&lt;span style="color: var(--highlight-default)"&gt;$this&lt;/span&gt;&lt;span style="color: var(--highlight-keyword)"&gt;-&amp;gt;&lt;/span&gt;&lt;span style="color: var(--highlight-default)"&gt;boot&lt;/span&gt;&lt;span style="color: var(--highlight-keyword)"&gt;();&lt;/span&gt;&lt;/code&gt;&lt;/li&gt;
&lt;li&gt;&lt;code&gt;&lt;span style="color: var(--highlight-keyword)"&gt;&amp;nbsp;&amp;nbsp;&amp;nbsp;&amp;nbsp;&amp;nbsp;&amp;nbsp;&amp;nbsp;&amp;nbsp;++&lt;/span&gt;&lt;span style="color: var(--highlight-default)"&gt;$this&lt;/span&gt;&lt;span style="color: var(--highlight-keyword)"&gt;-&amp;gt;&lt;/span&gt;&lt;span style="color: var(--highlight-default)"&gt;requestStackSize&lt;/span&gt;&lt;span style="color: var(--highlight-keyword)"&gt;;&lt;/span&gt;&lt;/code&gt;&lt;/li&gt;
&lt;li&gt;&lt;code&gt;&lt;span style="color: var(--highlight-keyword)"&gt;&amp;nbsp;&amp;nbsp;&amp;nbsp;&amp;nbsp;&amp;nbsp;&amp;nbsp;&amp;nbsp;&amp;nbsp;&lt;/span&gt;&lt;span style="color: var(--highlight-default)"&gt;$this&lt;/span&gt;&lt;span style="color: var(--highlight-keyword)"&gt;-&amp;gt;&lt;/span&gt;&lt;span style="color: var(--highlight-default)"&gt;resetServices&amp;nbsp;&lt;/span&gt;&lt;span style="color: var(--highlight-keyword)"&gt;=&amp;nbsp;&lt;/span&gt;&lt;span style="color: var(--highlight-default)"&gt;true&lt;/span&gt;&lt;span style="color: var(--highlight-keyword)"&gt;;&lt;/span&gt;&lt;/code&gt;&lt;/li&gt;
&lt;li&gt;&lt;code&gt;&lt;span style="color: var(--highlight-keyword)"&gt;&lt;/span&gt;&lt;/code&gt;&lt;/li&gt;
&lt;li&gt;&lt;code&gt;&lt;span style="color: var(--highlight-keyword)"&gt;&amp;nbsp;&amp;nbsp;&amp;nbsp;&amp;nbsp;&amp;nbsp;&amp;nbsp;&amp;nbsp;&amp;nbsp;try&amp;nbsp;{&lt;/span&gt;&lt;/code&gt;&lt;/li&gt;
&lt;li class="selected"&gt;&lt;code&gt;&lt;span style="color: var(--highlight-keyword)"&gt;&amp;nbsp;&amp;nbsp;&amp;nbsp;&amp;nbsp;&amp;nbsp;&amp;nbsp;&amp;nbsp;&amp;nbsp;&amp;nbsp;&amp;nbsp;&amp;nbsp;&amp;nbsp;return&amp;nbsp;&lt;/span&gt;&lt;span style="color: var(--highlight-default)"&gt;$this&lt;/span&gt;&lt;span style="color: var(--highlight-keyword)"&gt;-&amp;gt;&lt;/span&gt;&lt;span style="color: var(--highlight-default)"&gt;getHttpKernel&lt;/span&gt;&lt;span style="color: var(--highlight-keyword)"&gt;()-&amp;gt;&lt;/span&gt;&lt;span style="color: var(--highlight-default)"&gt;handle&lt;/span&gt;&lt;span style="color: var(--highlight-keyword)"&gt;(&lt;/span&gt;&lt;span style="color: var(--highlight-default)"&gt;$request&lt;/span&gt;&lt;span style="color: var(--highlight-keyword)"&gt;,&amp;nbsp;&lt;/span&gt;&lt;span style="color: var(--highlight-default)"&gt;$type&lt;/span&gt;&lt;span style="color: var(--highlight-keyword)"&gt;,&amp;nbsp;&lt;/span&gt;&lt;span style="color: var(--highlight-default)"&gt;$catch&lt;/span&gt;&lt;span style="color: var(--highlight-keyword)"&gt;);&lt;/span&gt;&lt;/code&gt;&lt;/li&gt;
&lt;li&gt;&lt;code&gt;&lt;span style="color: var(--highlight-keyword)"&gt;&amp;nbsp;&amp;nbsp;&amp;nbsp;&amp;nbsp;&amp;nbsp;&amp;nbsp;&amp;nbsp;&amp;nbsp;}&amp;nbsp;finally&amp;nbsp;{&lt;/span&gt;&lt;/code&gt;&lt;/li&gt;
&lt;li&gt;&lt;code&gt;&lt;span style="color: var(--highlight-keyword)"&gt;&amp;nbsp;&amp;nbsp;&amp;nbsp;&amp;nbsp;&amp;nbsp;&amp;nbsp;&amp;nbsp;&amp;nbsp;&amp;nbsp;&amp;nbsp;&amp;nbsp;&amp;nbsp;--&lt;/span&gt;&lt;span style="color: var(--highlight-default)"&gt;$this&lt;/span&gt;&lt;span style="color: var(--highlight-keyword)"&gt;-&amp;gt;&lt;/span&gt;&lt;span style="color: var(--highlight-default)"&gt;requestStackSize&lt;/span&gt;&lt;span style="color: var(--highlight-keyword)"&gt;;&lt;/span&gt;&lt;/code&gt;&lt;/li&gt;
&lt;li&gt;&lt;code&gt;&lt;span style="color: var(--highlight-keyword)"&gt;&amp;nbsp;&amp;nbsp;&amp;nbsp;&amp;nbsp;&amp;nbsp;&amp;nbsp;&amp;nbsp;&amp;nbsp;}&lt;/span&gt;&lt;/code&gt;&lt;/li&gt;
&lt;li&gt;&lt;code&gt;&lt;span style="color: var(--highlight-keyword)"&gt;&amp;nbsp;&amp;nbsp;&amp;nbsp;&amp;nbsp;}&lt;/span&gt;&lt;/code&gt;&lt;/li&gt;
&lt;li&gt;&lt;code&gt;&lt;span style="color: var(--highlight-keyword)"&gt;&lt;/span&gt;&lt;/code&gt;&lt;/li&gt;&lt;/ol&gt;    &lt;/div&gt;            &lt;/div&gt;
                        &lt;div class="trace-line "&gt;
                &lt;div class="trace-line-header break-long-words sf-toggle" data-toggle-selector="#trace-html-1-13" data-toggle-initial=""&gt;
            &lt;span class="icon icon-close"&gt;&lt;svg width="1792" height="1792" viewBox="0 0 1792 1792" xmlns="http://www.w3.org/2000/svg"&gt;&lt;path d="M1408 960V832q0-26-19-45t-45-19H448q-26 0-45 19t-19 45v128q0 26 19 45t45 19h896q26 0 45-19t19-45zm256-544v960q0 119-84.5 203.5T1376 1664H416q-119 0-203.5-84.5T128 1376V416q0-119 84.5-203.5T416 128h960q119 0 203.5 84.5T1664 416z"/&gt;&lt;/svg&gt;&lt;/span&gt;
        &lt;span class="icon icon-open"&gt;&lt;svg width="1792" height="1792" viewBox="0 0 1792 1792" xmlns="http://www.w3.org/2000/svg"&gt;&lt;path d="M1408 960V832q0-26-19-45t-45-19h-320V448q0-26-19-45t-45-19H832q-26 0-45 19t-19 45v320H448q-26 0-45 19t-19 45v128q0 26 19 45t45 19h320v320q0 26 19 45t45 19h128q26 0 45-19t19-45v-320h320q26 0 45-19t19-45zm256-544v960q0 119-84.5 203.5T1376 1664H416q-119 0-203.5-84.5T128 1376V416q0-119 84.5-203.5T416 128h960q119 0 203.5 84.5T1664 416z"/&gt;&lt;/svg&gt;&lt;/span&gt;
    
            &lt;span class="trace-class"&gt;&lt;abbr title="Symfony\Component\HttpKernel\Kernel"&gt;Kernel&lt;/abbr&gt;&lt;/span&gt;&lt;span class="trace-type"&gt;-&gt;&lt;/span&gt;&lt;span class="trace-method"&gt;handle&lt;/span&gt;&lt;span class="trace-arguments"&gt;()&lt;/span&gt;    
                    &lt;span class="block trace-file-path"&gt;
            in
            &lt;a href=""&gt;
                C:\Users\eman\Documents\GitHub\car_dealer\vendor\symfony\http-kernel\&lt;strong&gt;HttpKernelBrowser.php&lt;/strong&gt;
            &lt;/a&gt;
                        (line 65)
            &lt;span class="icon icon-copy hidden" data-clipboard-text="C:\Users\eman\Documents\GitHub\car_dealer\vendor\symfony\http-kernel\HttpKernelBrowser.php:65"&gt;
                &lt;svg xmlns="http://www.w3.org/2000/svg" height="24" viewBox="0 0 24 24" width="24"&gt;&lt;path d="M0 0h24v24H0z" fill="none"/&gt;&lt;path d="M16 1H4c-1.1 0-2 .9-2 2v14h2V3h12V1zm3 4H8c-1.1 0-2 .9-2 2v14c0 1.1.9 2 2 2h11c1.1 0 2-.9 2-2V7c0-1.1-.9-2-2-2zm0 16H8V7h11v14z"/&gt;&lt;/svg&gt;            &lt;/span&gt;
        &lt;/span&gt;
    &lt;/div&gt;
    &lt;div id="trace-html-1-13" class="trace-code sf-toggle-content"&gt;
        &lt;ol start="60"&gt;&lt;li&gt;&lt;code&gt;&lt;span style="color: var(--highlight-comment)"&gt;&amp;nbsp;&amp;nbsp;&amp;nbsp;&amp;nbsp;&amp;nbsp;*&lt;/span&gt;&lt;/code&gt;&lt;/li&gt;
&lt;li&gt;&lt;code&gt;&lt;span style="color: var(--highlight-comment)"&gt;&amp;nbsp;&amp;nbsp;&amp;nbsp;&amp;nbsp;&amp;nbsp;*&amp;nbsp;@return&amp;nbsp;Response&lt;/span&gt;&lt;/code&gt;&lt;/li&gt;
&lt;li&gt;&lt;code&gt;&lt;span style="color: var(--highlight-comment)"&gt;&amp;nbsp;&amp;nbsp;&amp;nbsp;&amp;nbsp;&amp;nbsp;*/&lt;/span&gt;&lt;/code&gt;&lt;/li&gt;
&lt;li&gt;&lt;code&gt;&lt;span style="color: var(--highlight-comment)"&gt;&amp;nbsp;&amp;nbsp;&amp;nbsp;&amp;nbsp;&lt;/span&gt;&lt;span style="color: var(--highlight-keyword)"&gt;protected&amp;nbsp;function&amp;nbsp;&lt;/span&gt;&lt;span style="color: var(--highlight-default)"&gt;doRequest&lt;/span&gt;&lt;span style="color: var(--highlight-keyword)"&gt;(&lt;/span&gt;&lt;span style="color: var(--highlight-default)"&gt;object&amp;nbsp;$request&lt;/span&gt;&lt;span style="color: var(--highlight-keyword)"&gt;)&lt;/span&gt;&lt;/code&gt;&lt;/li&gt;
&lt;li&gt;&lt;code&gt;&lt;span style="color: var(--highlight-keyword)"&gt;&amp;nbsp;&amp;nbsp;&amp;nbsp;&amp;nbsp;{&lt;/span&gt;&lt;/code&gt;&lt;/li&gt;
&lt;li class="selected"&gt;&lt;code&gt;&lt;span style="color: var(--highlight-keyword)"&gt;&amp;nbsp;&amp;nbsp;&amp;nbsp;&amp;nbsp;&amp;nbsp;&amp;nbsp;&amp;nbsp;&amp;nbsp;&lt;/span&gt;&lt;span style="color: var(--highlight-default)"&gt;$response&amp;nbsp;&lt;/span&gt;&lt;span style="color: var(--highlight-keyword)"&gt;=&amp;nbsp;&lt;/span&gt;&lt;span style="color: var(--highlight-default)"&gt;$this&lt;/span&gt;&lt;span style="color: var(--highlight-keyword)"&gt;-&amp;gt;&lt;/span&gt;&lt;span style="color: var(--highlight-default)"&gt;kernel&lt;/span&gt;&lt;span style="color: var(--highlight-keyword)"&gt;-&amp;gt;&lt;/span&gt;&lt;span style="color: var(--highlight-default)"&gt;handle&lt;/span&gt;&lt;span style="color: var(--highlight-keyword)"&gt;(&lt;/span&gt;&lt;span style="color: var(--highlight-default)"&gt;$request&lt;/span&gt;&lt;span style="color: var(--highlight-keyword)"&gt;,&amp;nbsp;&lt;/span&gt;&lt;span style="color: var(--highlight-default)"&gt;HttpKernelInterface&lt;/span&gt;&lt;span style="color: var(--highlight-keyword)"&gt;::&lt;/span&gt;&lt;span style="color: var(--highlight-default)"&gt;MAIN_REQUEST&lt;/span&gt;&lt;span style="color: var(--highlight-keyword)"&gt;,&amp;nbsp;&lt;/span&gt;&lt;span style="color: var(--highlight-default)"&gt;$this&lt;/span&gt;&lt;span style="color: var(--highlight-keyword)"&gt;-&amp;gt;&lt;/span&gt;&lt;span style="color: var(--highlight-default)"&gt;catchExceptions&lt;/span&gt;&lt;span style="color: var(--highlight-keyword)"&gt;);&lt;/span&gt;&lt;/code&gt;&lt;/li&gt;
&lt;li&gt;&lt;code&gt;&lt;span style="color: var(--highlight-keyword)"&gt;&lt;/span&gt;&lt;/code&gt;&lt;/li&gt;
&lt;li&gt;&lt;code&gt;&lt;span style="color: var(--highlight-keyword)"&gt;&amp;nbsp;&amp;nbsp;&amp;nbsp;&amp;nbsp;&amp;nbsp;&amp;nbsp;&amp;nbsp;&amp;nbsp;if&amp;nbsp;(&lt;/span&gt;&lt;span style="color: var(--highlight-default)"&gt;$this&lt;/span&gt;&lt;span style="color: var(--highlight-keyword)"&gt;-&amp;gt;&lt;/span&gt;&lt;span style="color: var(--highlight-default)"&gt;kernel&amp;nbsp;&lt;/span&gt;&lt;span style="color: var(--highlight-keyword)"&gt;instanceof&amp;nbsp;&lt;/span&gt;&lt;span style="color: var(--highlight-default)"&gt;TerminableInterface&lt;/span&gt;&lt;span style="color: var(--highlight-keyword)"&gt;)&amp;nbsp;{&lt;/span&gt;&lt;/code&gt;&lt;/li&gt;
&lt;li&gt;&lt;code&gt;&lt;span style="color: var(--highlight-keyword)"&gt;&amp;nbsp;&amp;nbsp;&amp;nbsp;&amp;nbsp;&amp;nbsp;&amp;nbsp;&amp;nbsp;&amp;nbsp;&amp;nbsp;&amp;nbsp;&amp;nbsp;&amp;nbsp;&lt;/span&gt;&lt;span style="color: var(--highlight-default)"&gt;$this&lt;/span&gt;&lt;span style="color: var(--highlight-keyword)"&gt;-&amp;gt;&lt;/span&gt;&lt;span style="color: var(--highlight-default)"&gt;kernel&lt;/span&gt;&lt;span style="color: var(--highlight-keyword)"&gt;-&amp;gt;&lt;/span&gt;&lt;span style="color: var(--highlight-default)"&gt;terminate&lt;/span&gt;&lt;span style="color: var(--highlight-keyword)"&gt;(&lt;/span&gt;&lt;span style="color: var(--highlight-default)"&gt;$request&lt;/span&gt;&lt;span style="color: var(--highlight-keyword)"&gt;,&amp;nbsp;&lt;/span&gt;&lt;span style="color: var(--highlight-default)"&gt;$response&lt;/span&gt;&lt;span style="color: var(--highlight-keyword)"&gt;);&lt;/span&gt;&lt;/code&gt;&lt;/li&gt;
&lt;li&gt;&lt;code&gt;&lt;span style="color: var(--highlight-keyword)"&gt;&amp;nbsp;&amp;nbsp;&amp;nbsp;&amp;nbsp;&amp;nbsp;&amp;nbsp;&amp;nbsp;&amp;nbsp;}&lt;/span&gt;&lt;/code&gt;&lt;/li&gt;
&lt;li&gt;&lt;code&gt;&lt;span style="color: var(--highlight-keyword)"&gt;&lt;/span&gt;&lt;/code&gt;&lt;/li&gt;&lt;/ol&gt;    &lt;/div&gt;            &lt;/div&gt;
                        &lt;div class="trace-line "&gt;
                &lt;div class="trace-line-header break-long-words sf-toggle" data-toggle-selector="#trace-html-1-14" data-toggle-initial=""&gt;
            &lt;span class="icon icon-close"&gt;&lt;svg width="1792" height="1792" viewBox="0 0 1792 1792" xmlns="http://www.w3.org/2000/svg"&gt;&lt;path d="M1408 960V832q0-26-19-45t-45-19H448q-26 0-45 19t-19 45v128q0 26 19 45t45 19h896q26 0 45-19t19-45zm256-544v960q0 119-84.5 203.5T1376 1664H416q-119 0-203.5-84.5T128 1376V416q0-119 84.5-203.5T416 128h960q119 0 203.5 84.5T1664 416z"/&gt;&lt;/svg&gt;&lt;/span&gt;
        &lt;span class="icon icon-open"&gt;&lt;svg width="1792" height="1792" viewBox="0 0 1792 1792" xmlns="http://www.w3.org/2000/svg"&gt;&lt;path d="M1408 960V832q0-26-19-45t-45-19h-320V448q0-26-19-45t-45-19H832q-26 0-45 19t-19 45v320H448q-26 0-45 19t-19 45v128q0 26 19 45t45 19h320v320q0 26 19 45t45 19h128q26 0 45-19t19-45v-320h320q26 0 45-19t19-45zm256-544v960q0 119-84.5 203.5T1376 1664H416q-119 0-203.5-84.5T128 1376V416q0-119 84.5-203.5T416 128h960q119 0 203.5 84.5T1664 416z"/&gt;&lt;/svg&gt;&lt;/span&gt;
    
            &lt;span class="trace-class"&gt;&lt;abbr title="Symfony\Component\HttpKernel\HttpKernelBrowser"&gt;HttpKernelBrowser&lt;/abbr&gt;&lt;/span&gt;&lt;span class="trace-type"&gt;-&gt;&lt;/span&gt;&lt;span class="trace-method"&gt;doRequest&lt;/span&gt;&lt;span class="trace-arguments"&gt;()&lt;/span&gt;    
                    &lt;span class="block trace-file-path"&gt;
            in
            &lt;a href=""&gt;
                C:\Users\eman\Documents\GitHub\car_dealer\vendor\symfony\framework-bundle\&lt;strong&gt;KernelBrowser.php&lt;/strong&gt;
            &lt;/a&gt;
                        (line 171)
            &lt;span class="icon icon-copy hidden" data-clipboard-text="C:\Users\eman\Documents\GitHub\car_dealer\vendor\symfony\framework-bundle\KernelBrowser.php:171"&gt;
                &lt;svg xmlns="http://www.w3.org/2000/svg" height="24" viewBox="0 0 24 24" width="24"&gt;&lt;path d="M0 0h24v24H0z" fill="none"/&gt;&lt;path d="M16 1H4c-1.1 0-2 .9-2 2v14h2V3h12V1zm3 4H8c-1.1 0-2 .9-2 2v14c0 1.1.9 2 2 2h11c1.1 0 2-.9 2-2V7c0-1.1-.9-2-2-2zm0 16H8V7h11v14z"/&gt;&lt;/svg&gt;            &lt;/span&gt;
        &lt;/span&gt;
    &lt;/div&gt;
    &lt;div id="trace-html-1-14" class="trace-code sf-toggle-content"&gt;
        &lt;ol start="166"&gt;&lt;li&gt;&lt;code&gt;&lt;span style="color: var(--highlight-keyword)"&gt;&lt;/span&gt;&lt;/code&gt;&lt;/li&gt;
&lt;li&gt;&lt;code&gt;&lt;span style="color: var(--highlight-keyword)"&gt;&amp;nbsp;&amp;nbsp;&amp;nbsp;&amp;nbsp;&amp;nbsp;&amp;nbsp;&amp;nbsp;&amp;nbsp;&amp;nbsp;&amp;nbsp;&amp;nbsp;&amp;nbsp;&lt;/span&gt;&lt;span style="color: var(--highlight-default)"&gt;$this&lt;/span&gt;&lt;span style="color: var(--highlight-keyword)"&gt;-&amp;gt;&lt;/span&gt;&lt;span style="color: var(--highlight-default)"&gt;kernel&lt;/span&gt;&lt;span style="color: var(--highlight-keyword)"&gt;-&amp;gt;&lt;/span&gt;&lt;span style="color: var(--highlight-default)"&gt;boot&lt;/span&gt;&lt;span style="color: var(--highlight-keyword)"&gt;();&lt;/span&gt;&lt;/code&gt;&lt;/li&gt;
&lt;li&gt;&lt;code&gt;&lt;span style="color: var(--highlight-keyword)"&gt;&amp;nbsp;&amp;nbsp;&amp;nbsp;&amp;nbsp;&amp;nbsp;&amp;nbsp;&amp;nbsp;&amp;nbsp;&amp;nbsp;&amp;nbsp;&amp;nbsp;&amp;nbsp;&lt;/span&gt;&lt;span style="color: var(--highlight-default)"&gt;$this&lt;/span&gt;&lt;span style="color: var(--highlight-keyword)"&gt;-&amp;gt;&lt;/span&gt;&lt;span style="color: var(--highlight-default)"&gt;getContainer&lt;/span&gt;&lt;span style="color: var(--highlight-keyword)"&gt;()-&amp;gt;&lt;/span&gt;&lt;span style="color: var(--highlight-default)"&gt;get&lt;/span&gt;&lt;span style="color: var(--highlight-keyword)"&gt;(&lt;/span&gt;&lt;span style="color: var(--highlight-string)"&gt;'profiler'&lt;/span&gt;&lt;span style="color: var(--highlight-keyword)"&gt;)-&amp;gt;&lt;/span&gt;&lt;span style="color: var(--highlight-default)"&gt;enable&lt;/span&gt;&lt;span style="color: var(--highlight-keyword)"&gt;();&lt;/span&gt;&lt;/code&gt;&lt;/li&gt;
&lt;li&gt;&lt;code&gt;&lt;span style="color: var(--highlight-keyword)"&gt;&amp;nbsp;&amp;nbsp;&amp;nbsp;&amp;nbsp;&amp;nbsp;&amp;nbsp;&amp;nbsp;&amp;nbsp;}&lt;/span&gt;&lt;/code&gt;&lt;/li&gt;
&lt;li&gt;&lt;code&gt;&lt;span style="color: var(--highlight-keyword)"&gt;&lt;/span&gt;&lt;/code&gt;&lt;/li&gt;
&lt;li class="selected"&gt;&lt;code&gt;&lt;span style="color: var(--highlight-keyword)"&gt;&amp;nbsp;&amp;nbsp;&amp;nbsp;&amp;nbsp;&amp;nbsp;&amp;nbsp;&amp;nbsp;&amp;nbsp;return&amp;nbsp;&lt;/span&gt;&lt;span style="color: var(--highlight-default)"&gt;parent&lt;/span&gt;&lt;span style="color: var(--highlight-keyword)"&gt;::&lt;/span&gt;&lt;span style="color: var(--highlight-default)"&gt;doRequest&lt;/span&gt;&lt;span style="color: var(--highlight-keyword)"&gt;(&lt;/span&gt;&lt;span style="color: var(--highlight-default)"&gt;$request&lt;/span&gt;&lt;span style="color: var(--highlight-keyword)"&gt;);&lt;/span&gt;&lt;/code&gt;&lt;/li&gt;
&lt;li&gt;&lt;code&gt;&lt;span style="color: var(--highlight-keyword)"&gt;&amp;nbsp;&amp;nbsp;&amp;nbsp;&amp;nbsp;}&lt;/span&gt;&lt;/code&gt;&lt;/li&gt;
&lt;li&gt;&lt;code&gt;&lt;span style="color: var(--highlight-keyword)"&gt;&lt;/span&gt;&lt;/code&gt;&lt;/li&gt;
&lt;li&gt;&lt;code&gt;&lt;span style="color: var(--highlight-keyword)"&gt;&amp;nbsp;&amp;nbsp;&amp;nbsp;&amp;nbsp;&lt;/span&gt;&lt;span style="color: var(--highlight-comment)"&gt;/**&lt;/span&gt;&lt;/code&gt;&lt;/li&gt;
&lt;li&gt;&lt;code&gt;&lt;span style="color: var(--highlight-comment)"&gt;&amp;nbsp;&amp;nbsp;&amp;nbsp;&amp;nbsp;&amp;nbsp;*&amp;nbsp;{@inheritdoc}&lt;/span&gt;&lt;/code&gt;&lt;/li&gt;
&lt;li&gt;&lt;code&gt;&lt;span style="color: var(--highlight-comment)"&gt;&amp;nbsp;&amp;nbsp;&amp;nbsp;&amp;nbsp;&amp;nbsp;*&lt;/span&gt;&lt;/code&gt;&lt;/li&gt;&lt;/ol&gt;    &lt;/div&gt;            &lt;/div&gt;
                        &lt;div class="trace-line "&gt;
                &lt;div class="trace-line-header break-long-words sf-toggle" data-toggle-selector="#trace-html-1-15" data-toggle-initial=""&gt;
            &lt;span class="icon icon-close"&gt;&lt;svg width="1792" height="1792" viewBox="0 0 1792 1792" xmlns="http://www.w3.org/2000/svg"&gt;&lt;path d="M1408 960V832q0-26-19-45t-45-19H448q-26 0-45 19t-19 45v128q0 26 19 45t45 19h896q26 0 45-19t19-45zm256-544v960q0 119-84.5 203.5T1376 1664H416q-119 0-203.5-84.5T128 1376V416q0-119 84.5-203.5T416 128h960q119 0 203.5 84.5T1664 416z"/&gt;&lt;/svg&gt;&lt;/span&gt;
        &lt;span class="icon icon-open"&gt;&lt;svg width="1792" height="1792" viewBox="0 0 1792 1792" xmlns="http://www.w3.org/2000/svg"&gt;&lt;path d="M1408 960V832q0-26-19-45t-45-19h-320V448q0-26-19-45t-45-19H832q-26 0-45 19t-19 45v320H448q-26 0-45 19t-19 45v128q0 26 19 45t45 19h320v320q0 26 19 45t45 19h128q26 0 45-19t19-45v-320h320q26 0 45-19t19-45zm256-544v960q0 119-84.5 203.5T1376 1664H416q-119 0-203.5-84.5T128 1376V416q0-119 84.5-203.5T416 128h960q119 0 203.5 84.5T1664 416z"/&gt;&lt;/svg&gt;&lt;/span&gt;
    
            &lt;span class="trace-class"&gt;&lt;abbr title="Symfony\Bundle\FrameworkBundle\KernelBrowser"&gt;KernelBrowser&lt;/abbr&gt;&lt;/span&gt;&lt;span class="trace-type"&gt;-&gt;&lt;/span&gt;&lt;span class="trace-method"&gt;doRequest&lt;/span&gt;&lt;span class="trace-arguments"&gt;()&lt;/span&gt;    
                    &lt;span class="block trace-file-path"&gt;
            in
            &lt;a href=""&gt;
                C:\Users\eman\Documents\GitHub\car_dealer\vendor\symfony\browser-kit\&lt;strong&gt;AbstractBrowser.php&lt;/strong&gt;
            &lt;/a&gt;
                        (line 370)
            &lt;span class="icon icon-copy hidden" data-clipboard-text="C:\Users\eman\Documents\GitHub\car_dealer\vendor\symfony\browser-kit\AbstractBrowser.php:370"&gt;
                &lt;svg xmlns="http://www.w3.org/2000/svg" height="24" viewBox="0 0 24 24" width="24"&gt;&lt;path d="M0 0h24v24H0z" fill="none"/&gt;&lt;path d="M16 1H4c-1.1 0-2 .9-2 2v14h2V3h12V1zm3 4H8c-1.1 0-2 .9-2 2v14c0 1.1.9 2 2 2h11c1.1 0 2-.9 2-2V7c0-1.1-.9-2-2-2zm0 16H8V7h11v14z"/&gt;&lt;/svg&gt;            &lt;/span&gt;
        &lt;/span&gt;
    &lt;/div&gt;
    &lt;div id="trace-html-1-15" class="trace-code sf-toggle-content"&gt;
        &lt;ol start="365"&gt;&lt;li&gt;&lt;code&gt;&lt;span style="color: var(--highlight-keyword)"&gt;&amp;nbsp;&amp;nbsp;&amp;nbsp;&amp;nbsp;&amp;nbsp;&amp;nbsp;&amp;nbsp;&amp;nbsp;}&lt;/span&gt;&lt;/code&gt;&lt;/li&gt;
&lt;li&gt;&lt;code&gt;&lt;span style="color: var(--highlight-keyword)"&gt;&lt;/span&gt;&lt;/code&gt;&lt;/li&gt;
&lt;li&gt;&lt;code&gt;&lt;span style="color: var(--highlight-keyword)"&gt;&amp;nbsp;&amp;nbsp;&amp;nbsp;&amp;nbsp;&amp;nbsp;&amp;nbsp;&amp;nbsp;&amp;nbsp;if&amp;nbsp;(&lt;/span&gt;&lt;span style="color: var(--highlight-default)"&gt;$this&lt;/span&gt;&lt;span style="color: var(--highlight-keyword)"&gt;-&amp;gt;&lt;/span&gt;&lt;span style="color: var(--highlight-default)"&gt;insulated&lt;/span&gt;&lt;span style="color: var(--highlight-keyword)"&gt;)&amp;nbsp;{&lt;/span&gt;&lt;/code&gt;&lt;/li&gt;
&lt;li&gt;&lt;code&gt;&lt;span style="color: var(--highlight-keyword)"&gt;&amp;nbsp;&amp;nbsp;&amp;nbsp;&amp;nbsp;&amp;nbsp;&amp;nbsp;&amp;nbsp;&amp;nbsp;&amp;nbsp;&amp;nbsp;&amp;nbsp;&amp;nbsp;&lt;/span&gt;&lt;span style="color: var(--highlight-default)"&gt;$this&lt;/span&gt;&lt;span style="color: var(--highlight-keyword)"&gt;-&amp;gt;&lt;/span&gt;&lt;span style="color: var(--highlight-default)"&gt;response&amp;nbsp;&lt;/span&gt;&lt;span style="color: var(--highlight-keyword)"&gt;=&amp;nbsp;&lt;/span&gt;&lt;span style="color: var(--highlight-default)"&gt;$this&lt;/span&gt;&lt;span style="color: var(--highlight-keyword)"&gt;-&amp;gt;&lt;/span&gt;&lt;span style="color: var(--highlight-default)"&gt;doRequestInProcess&lt;/span&gt;&lt;span style="color: var(--highlight-keyword)"&gt;(&lt;/span&gt;&lt;span style="color: var(--highlight-default)"&gt;$this&lt;/span&gt;&lt;span style="color: var(--highlight-keyword)"&gt;-&amp;gt;&lt;/span&gt;&lt;span style="color: var(--highlight-default)"&gt;request&lt;/span&gt;&lt;span style="color: var(--highlight-keyword)"&gt;);&lt;/span&gt;&lt;/code&gt;&lt;/li&gt;
&lt;li&gt;&lt;code&gt;&lt;span style="color: var(--highlight-keyword)"&gt;&amp;nbsp;&amp;nbsp;&amp;nbsp;&amp;nbsp;&amp;nbsp;&amp;nbsp;&amp;nbsp;&amp;nbsp;}&amp;nbsp;else&amp;nbsp;{&lt;/span&gt;&lt;/code&gt;&lt;/li&gt;
&lt;li class="selected"&gt;&lt;code&gt;&lt;span style="color: var(--highlight-keyword)"&gt;&amp;nbsp;&amp;nbsp;&amp;nbsp;&amp;nbsp;&amp;nbsp;&amp;nbsp;&amp;nbsp;&amp;nbsp;&amp;nbsp;&amp;nbsp;&amp;nbsp;&amp;nbsp;&lt;/span&gt;&lt;span style="color: var(--highlight-default)"&gt;$this&lt;/span&gt;&lt;span style="color: var(--highlight-keyword)"&gt;-&amp;gt;&lt;/span&gt;&lt;span style="color: var(--highlight-default)"&gt;response&amp;nbsp;&lt;/span&gt;&lt;span style="color: var(--highlight-keyword)"&gt;=&amp;nbsp;&lt;/span&gt;&lt;span style="color: var(--highlight-default)"&gt;$this&lt;/span&gt;&lt;span style="color: var(--highlight-keyword)"&gt;-&amp;gt;&lt;/span&gt;&lt;span style="color: var(--highlight-default)"&gt;doRequest&lt;/span&gt;&lt;span style="color: var(--highlight-keyword)"&gt;(&lt;/span&gt;&lt;span style="color: var(--highlight-default)"&gt;$this&lt;/span&gt;&lt;span style="color: var(--highlight-keyword)"&gt;-&amp;gt;&lt;/span&gt;&lt;span style="color: var(--highlight-default)"&gt;request&lt;/span&gt;&lt;span style="color: var(--highlight-keyword)"&gt;);&lt;/span&gt;&lt;/code&gt;&lt;/li&gt;
&lt;li&gt;&lt;code&gt;&lt;span style="color: var(--highlight-keyword)"&gt;&amp;nbsp;&amp;nbsp;&amp;nbsp;&amp;nbsp;&amp;nbsp;&amp;nbsp;&amp;nbsp;&amp;nbsp;}&lt;/span&gt;&lt;/code&gt;&lt;/li&gt;
&lt;li&gt;&lt;code&gt;&lt;span style="color: var(--highlight-keyword)"&gt;&lt;/span&gt;&lt;/code&gt;&lt;/li&gt;
&lt;li&gt;&lt;code&gt;&lt;span style="color: var(--highlight-keyword)"&gt;&amp;nbsp;&amp;nbsp;&amp;nbsp;&amp;nbsp;&amp;nbsp;&amp;nbsp;&amp;nbsp;&amp;nbsp;&lt;/span&gt;&lt;span style="color: var(--highlight-default)"&gt;$this&lt;/span&gt;&lt;span style="color: var(--highlight-keyword)"&gt;-&amp;gt;&lt;/span&gt;&lt;span style="color: var(--highlight-default)"&gt;internalResponse&amp;nbsp;&lt;/span&gt;&lt;span style="color: var(--highlight-keyword)"&gt;=&amp;nbsp;&lt;/span&gt;&lt;span style="color: var(--highlight-default)"&gt;$this&lt;/span&gt;&lt;span style="color: var(--highlight-keyword)"&gt;-&amp;gt;&lt;/span&gt;&lt;span style="color: var(--highlight-default)"&gt;filterResponse&lt;/span&gt;&lt;span style="color: var(--highlight-keyword)"&gt;(&lt;/span&gt;&lt;span style="color: var(--highlight-default)"&gt;$this&lt;/span&gt;&lt;span style="color: var(--highlight-keyword)"&gt;-&amp;gt;&lt;/span&gt;&lt;span style="color: var(--highlight-default)"&gt;response&lt;/span&gt;&lt;span style="color: var(--highlight-keyword)"&gt;);&lt;/span&gt;&lt;/code&gt;&lt;/li&gt;
&lt;li&gt;&lt;code&gt;&lt;span style="color: var(--highlight-keyword)"&gt;&lt;/span&gt;&lt;/code&gt;&lt;/li&gt;
&lt;li&gt;&lt;code&gt;&lt;span style="color: var(--highlight-keyword)"&gt;&amp;nbsp;&amp;nbsp;&amp;nbsp;&amp;nbsp;&amp;nbsp;&amp;nbsp;&amp;nbsp;&amp;nbsp;&lt;/span&gt;&lt;span style="color: var(--highlight-default)"&gt;$this&lt;/span&gt;&lt;span style="color: var(--highlight-keyword)"&gt;-&amp;gt;&lt;/span&gt;&lt;span style="color: var(--highlight-default)"&gt;cookieJar&lt;/span&gt;&lt;span style="color: var(--highlight-keyword)"&gt;-&amp;gt;&lt;/span&gt;&lt;span style="color: var(--highlight-default)"&gt;updateFromResponse&lt;/span&gt;&lt;span style="color: var(--highlight-keyword)"&gt;(&lt;/span&gt;&lt;span style="color: var(--highlight-default)"&gt;$this&lt;/span&gt;&lt;span style="color: var(--highlight-keyword)"&gt;-&amp;gt;&lt;/span&gt;&lt;span style="color: var(--highlight-default)"&gt;internalResponse&lt;/span&gt;&lt;span style="color: var(--highlight-keyword)"&gt;,&amp;nbsp;&lt;/span&gt;&lt;span style="color: var(--highlight-default)"&gt;$uri&lt;/span&gt;&lt;span style="color: var(--highlight-keyword)"&gt;);&lt;/span&gt;&lt;/code&gt;&lt;/li&gt;&lt;/ol&gt;    &lt;/div&gt;            &lt;/div&gt;
                        &lt;div class="trace-line "&gt;
                &lt;div class="trace-line-header break-long-words sf-toggle" data-toggle-selector="#trace-html-1-16" data-toggle-initial=""&gt;
            &lt;span class="icon icon-close"&gt;&lt;svg width="1792" height="1792" viewBox="0 0 1792 1792" xmlns="http://www.w3.org/2000/svg"&gt;&lt;path d="M1408 960V832q0-26-19-45t-45-19H448q-26 0-45 19t-19 45v128q0 26 19 45t45 19h896q26 0 45-19t19-45zm256-544v960q0 119-84.5 203.5T1376 1664H416q-119 0-203.5-84.5T128 1376V416q0-119 84.5-203.5T416 128h960q119 0 203.5 84.5T1664 416z"/&gt;&lt;/svg&gt;&lt;/span&gt;
        &lt;span class="icon icon-open"&gt;&lt;svg width="1792" height="1792" viewBox="0 0 1792 1792" xmlns="http://www.w3.org/2000/svg"&gt;&lt;path d="M1408 960V832q0-26-19-45t-45-19h-320V448q0-26-19-45t-45-19H832q-26 0-45 19t-19 45v320H448q-26 0-45 19t-19 45v128q0 26 19 45t45 19h320v320q0 26 19 45t45 19h128q26 0 45-19t19-45v-320h320q26 0 45-19t19-45zm256-544v960q0 119-84.5 203.5T1376 1664H416q-119 0-203.5-84.5T128 1376V416q0-119 84.5-203.5T416 128h960q119 0 203.5 84.5T1664 416z"/&gt;&lt;/svg&gt;&lt;/span&gt;
    
            &lt;span class="trace-class"&gt;&lt;abbr title="Symfony\Component\BrowserKit\AbstractBrowser"&gt;AbstractBrowser&lt;/abbr&gt;&lt;/span&gt;&lt;span class="trace-type"&gt;-&gt;&lt;/span&gt;&lt;span class="trace-method"&gt;request&lt;/span&gt;&lt;span class="trace-arguments"&gt;()&lt;/span&gt;    
                    &lt;span class="block trace-file-path"&gt;
            in
            &lt;a href=""&gt;
                C:\Users\eman\Documents\GitHub\car_dealer\tests\WebTest\&lt;strong&gt;CarsPageTest.php&lt;/strong&gt;
            &lt;/a&gt;
                        (line 16)
            &lt;span class="icon icon-copy hidden" data-clipboard-text="C:\Users\eman\Documents\GitHub\car_dealer\tests\WebTest\CarsPageTest.php:16"&gt;
                &lt;svg xmlns="http://www.w3.org/2000/svg" height="24" viewBox="0 0 24 24" width="24"&gt;&lt;path d="M0 0h24v24H0z" fill="none"/&gt;&lt;path d="M16 1H4c-1.1 0-2 .9-2 2v14h2V3h12V1zm3 4H8c-1.1 0-2 .9-2 2v14c0 1.1.9 2 2 2h11c1.1 0 2-.9 2-2V7c0-1.1-.9-2-2-2zm0 16H8V7h11v14z"/&gt;&lt;/svg&gt;            &lt;/span&gt;
        &lt;/span&gt;
    &lt;/div&gt;
    &lt;div id="trace-html-1-16" class="trace-code sf-toggle-content"&gt;
        &lt;ol start="11"&gt;&lt;li&gt;&lt;code&gt;&lt;span style="color: var(--highlight-keyword)"&gt;&amp;nbsp;&amp;nbsp;&amp;nbsp;&amp;nbsp;&amp;nbsp;&amp;nbsp;&amp;nbsp;&amp;nbsp;&lt;/span&gt;&lt;span style="color: var(--highlight-default)"&gt;$url&amp;nbsp;&lt;/span&gt;&lt;span style="color: var(--highlight-keyword)"&gt;=&amp;nbsp;&lt;/span&gt;&lt;span style="color: var(--highlight-string)"&gt;'/Cars'&lt;/span&gt;&lt;span style="color: var(--highlight-keyword)"&gt;;&lt;/span&gt;&lt;/code&gt;&lt;/li&gt;
&lt;li&gt;&lt;code&gt;&lt;span style="color: var(--highlight-keyword)"&gt;&amp;nbsp;&amp;nbsp;&amp;nbsp;&amp;nbsp;&amp;nbsp;&amp;nbsp;&amp;nbsp;&amp;nbsp;&lt;/span&gt;&lt;span style="color: var(--highlight-default)"&gt;$httpMethod&amp;nbsp;&lt;/span&gt;&lt;span style="color: var(--highlight-keyword)"&gt;=&amp;nbsp;&lt;/span&gt;&lt;span style="color: var(--highlight-string)"&gt;'GET'&lt;/span&gt;&lt;span style="color: var(--highlight-keyword)"&gt;;&lt;/span&gt;&lt;/code&gt;&lt;/li&gt;
&lt;li&gt;&lt;code&gt;&lt;span style="color: var(--highlight-keyword)"&gt;&amp;nbsp;&amp;nbsp;&amp;nbsp;&amp;nbsp;&amp;nbsp;&amp;nbsp;&amp;nbsp;&amp;nbsp;&lt;/span&gt;&lt;span style="color: var(--highlight-default)"&gt;$client&amp;nbsp;&lt;/span&gt;&lt;span style="color: var(--highlight-keyword)"&gt;=&amp;nbsp;static::&lt;/span&gt;&lt;span style="color: var(--highlight-default)"&gt;createClient&lt;/span&gt;&lt;span style="color: var(--highlight-keyword)"&gt;();&lt;/span&gt;&lt;/code&gt;&lt;/li&gt;
&lt;li&gt;&lt;code&gt;&lt;span style="color: var(--highlight-keyword)"&gt;&amp;nbsp;&amp;nbsp;&amp;nbsp;&amp;nbsp;&amp;nbsp;&amp;nbsp;&amp;nbsp;&amp;nbsp;&lt;/span&gt;&lt;span style="color: var(--highlight-default)"&gt;$searchText&amp;nbsp;&lt;/span&gt;&lt;span style="color: var(--highlight-keyword)"&gt;=&amp;nbsp;&lt;/span&gt;&lt;span style="color: var(--highlight-string)"&gt;'Cars'&lt;/span&gt;&lt;span style="color: var(--highlight-keyword)"&gt;;&lt;/span&gt;&lt;/code&gt;&lt;/li&gt;
&lt;li&gt;&lt;code&gt;&lt;span style="color: var(--highlight-keyword)"&gt;&amp;nbsp;&amp;nbsp;&amp;nbsp;&amp;nbsp;&amp;nbsp;&amp;nbsp;&amp;nbsp;&amp;nbsp;&lt;/span&gt;&lt;span style="color: var(--highlight-default)"&gt;$cssSelector&amp;nbsp;&lt;/span&gt;&lt;span style="color: var(--highlight-keyword)"&gt;=&amp;nbsp;&lt;/span&gt;&lt;span style="color: var(--highlight-string)"&gt;'title'&lt;/span&gt;&lt;span style="color: var(--highlight-keyword)"&gt;;&lt;/span&gt;&lt;/code&gt;&lt;/li&gt;
&lt;li class="selected"&gt;&lt;code&gt;&lt;span style="color: var(--highlight-keyword)"&gt;&amp;nbsp;&amp;nbsp;&amp;nbsp;&amp;nbsp;&amp;nbsp;&amp;nbsp;&amp;nbsp;&amp;nbsp;&lt;/span&gt;&lt;span style="color: var(--highlight-default)"&gt;$crawler&amp;nbsp;&lt;/span&gt;&lt;span style="color: var(--highlight-keyword)"&gt;=&amp;nbsp;&lt;/span&gt;&lt;span style="color: var(--highlight-default)"&gt;$client&lt;/span&gt;&lt;span style="color: var(--highlight-keyword)"&gt;-&amp;gt;&lt;/span&gt;&lt;span style="color: var(--highlight-default)"&gt;request&lt;/span&gt;&lt;span style="color: var(--highlight-keyword)"&gt;(&lt;/span&gt;&lt;span style="color: var(--highlight-default)"&gt;$httpMethod&lt;/span&gt;&lt;span style="color: var(--highlight-keyword)"&gt;,&amp;nbsp;&lt;/span&gt;&lt;span style="color: var(--highlight-default)"&gt;$url&lt;/span&gt;&lt;span style="color: var(--highlight-keyword)"&gt;);&lt;/span&gt;&lt;/code&gt;&lt;/li&gt;
&lt;li&gt;&lt;code&gt;&lt;span style="color: var(--highlight-keyword)"&gt;&amp;nbsp;&amp;nbsp;&amp;nbsp;&amp;nbsp;&amp;nbsp;&amp;nbsp;&amp;nbsp;&amp;nbsp;&lt;/span&gt;&lt;span style="color: var(--highlight-default)"&gt;$content&amp;nbsp;&lt;/span&gt;&lt;span style="color: var(--highlight-keyword)"&gt;=&amp;nbsp;&lt;/span&gt;&lt;span style="color: var(--highlight-default)"&gt;$client&lt;/span&gt;&lt;span style="color: var(--highlight-keyword)"&gt;-&amp;gt;&lt;/span&gt;&lt;span style="color: var(--highlight-default)"&gt;getResponse&lt;/span&gt;&lt;span style="color: var(--highlight-keyword)"&gt;()-&amp;gt;&lt;/span&gt;&lt;span style="color: var(--highlight-default)"&gt;getContent&lt;/span&gt;&lt;span style="color: var(--highlight-keyword)"&gt;();&lt;/span&gt;&lt;/code&gt;&lt;/li&gt;
&lt;li&gt;&lt;code&gt;&lt;span style="color: var(--highlight-keyword)"&gt;&amp;nbsp;&amp;nbsp;&amp;nbsp;&amp;nbsp;&amp;nbsp;&amp;nbsp;&amp;nbsp;&amp;nbsp;&lt;/span&gt;&lt;span style="color: var(--highlight-default)"&gt;$this&lt;/span&gt;&lt;span style="color: var(--highlight-keyword)"&gt;-&amp;gt;&lt;/span&gt;&lt;span style="color: var(--highlight-default)"&gt;assertResponseIsSuccessful&lt;/span&gt;&lt;span style="color: var(--highlight-keyword)"&gt;();&lt;/span&gt;&lt;/code&gt;&lt;/li&gt;
&lt;li&gt;&lt;code&gt;&lt;span style="color: var(--highlight-keyword)"&gt;&amp;nbsp;&amp;nbsp;&amp;nbsp;&amp;nbsp;&amp;nbsp;&amp;nbsp;&amp;nbsp;&amp;nbsp;&lt;/span&gt;&lt;span style="color: var(--highlight-default)"&gt;$this&lt;/span&gt;&lt;span style="color: var(--highlight-keyword)"&gt;-&amp;gt;&lt;/span&gt;&lt;span style="color: var(--highlight-default)"&gt;assertSelectorTextContains&lt;/span&gt;&lt;span style="color: var(--highlight-keyword)"&gt;(&lt;/span&gt;&lt;span style="color: var(--highlight-default)"&gt;$cssSelector&lt;/span&gt;&lt;span style="color: var(--highlight-keyword)"&gt;,&amp;nbsp;&lt;/span&gt;&lt;span style="color: var(--highlight-default)"&gt;$searchText&lt;/span&gt;&lt;span style="color: var(--highlight-keyword)"&gt;);&lt;/span&gt;&lt;/code&gt;&lt;/li&gt;
&lt;li&gt;&lt;code&gt;&lt;span style="color: var(--highlight-keyword)"&gt;&amp;nbsp;&amp;nbsp;&amp;nbsp;&amp;nbsp;}&lt;/span&gt;&lt;/code&gt;&lt;/li&gt;
&lt;li&gt;&lt;code&gt;&lt;span style="color: var(--highlight-keyword)"&gt;&amp;nbsp;&amp;nbsp;&amp;nbsp;&amp;nbsp;public&amp;nbsp;function&amp;nbsp;&lt;/span&gt;&lt;span style="color: var(--highlight-default)"&gt;testHeading&lt;/span&gt;&lt;span style="color: var(--highlight-keyword)"&gt;():&amp;nbsp;&lt;/span&gt;&lt;span style="color: var(--highlight-default)"&gt;void&lt;/span&gt;&lt;/code&gt;&lt;/li&gt;&lt;/ol&gt;    &lt;/div&gt;            &lt;/div&gt;
                        &lt;div class="trace-line "&gt;
                &lt;div class="trace-line-header break-long-words sf-toggle" data-toggle-selector="#trace-html-1-17" data-toggle-initial=""&gt;
            &lt;span class="icon icon-close"&gt;&lt;svg width="1792" height="1792" viewBox="0 0 1792 1792" xmlns="http://www.w3.org/2000/svg"&gt;&lt;path d="M1408 960V832q0-26-19-45t-45-19H448q-26 0-45 19t-19 45v128q0 26 19 45t45 19h896q26 0 45-19t19-45zm256-544v960q0 119-84.5 203.5T1376 1664H416q-119 0-203.5-84.5T128 1376V416q0-119 84.5-203.5T416 128h960q119 0 203.5 84.5T1664 416z"/&gt;&lt;/svg&gt;&lt;/span&gt;
        &lt;span class="icon icon-open"&gt;&lt;svg width="1792" height="1792" viewBox="0 0 1792 1792" xmlns="http://www.w3.org/2000/svg"&gt;&lt;path d="M1408 960V832q0-26-19-45t-45-19h-320V448q0-26-19-45t-45-19H832q-26 0-45 19t-19 45v320H448q-26 0-45 19t-19 45v128q0 26 19 45t45 19h320v320q0 26 19 45t45 19h128q26 0 45-19t19-45v-320h320q26 0 45-19t19-45zm256-544v960q0 119-84.5 203.5T1376 1664H416q-119 0-203.5-84.5T128 1376V416q0-119 84.5-203.5T416 128h960q119 0 203.5 84.5T1664 416z"/&gt;&lt;/svg&gt;&lt;/span&gt;
    
            &lt;span class="trace-class"&gt;&lt;abbr title="App\Tests\WebTest\CarsPageTest"&gt;CarsPageTest&lt;/abbr&gt;&lt;/span&gt;&lt;span class="trace-type"&gt;-&gt;&lt;/span&gt;&lt;span class="trace-method"&gt;testTittle&lt;/span&gt;&lt;span class="trace-arguments"&gt;()&lt;/span&gt;    
                    &lt;span class="block trace-file-path"&gt;
            in
            &lt;a href=""&gt;
                C:\Users\eman\Documents\GitHub\car_dealer\vendor\phpunit\phpunit\src\Framework\&lt;strong&gt;TestCase.php&lt;/strong&gt;
            &lt;/a&gt;
                        (line 1545)
            &lt;span class="icon icon-copy hidden" data-clipboard-text="C:\Users\eman\Documents\GitHub\car_dealer\vendor\phpunit\phpunit\src\Framework\TestCase.php:1545"&gt;
                &lt;svg xmlns="http://www.w3.org/2000/svg" height="24" viewBox="0 0 24 24" width="24"&gt;&lt;path d="M0 0h24v24H0z" fill="none"/&gt;&lt;path d="M16 1H4c-1.1 0-2 .9-2 2v14h2V3h12V1zm3 4H8c-1.1 0-2 .9-2 2v14c0 1.1.9 2 2 2h11c1.1 0 2-.9 2-2V7c0-1.1-.9-2-2-2zm0 16H8V7h11v14z"/&gt;&lt;/svg&gt;            &lt;/span&gt;
        &lt;/span&gt;
    &lt;/div&gt;
    &lt;div id="trace-html-1-17" class="trace-code sf-toggle-content"&gt;
        &lt;ol start="1540"&gt;&lt;li&gt;&lt;code&gt;&lt;span style="color: var(--highlight-keyword)"&gt;&amp;nbsp;&amp;nbsp;&amp;nbsp;&amp;nbsp;&amp;nbsp;&amp;nbsp;&amp;nbsp;&amp;nbsp;&lt;/span&gt;&lt;span style="color: var(--highlight-default)"&gt;$testArguments&amp;nbsp;&lt;/span&gt;&lt;span style="color: var(--highlight-keyword)"&gt;=&amp;nbsp;&lt;/span&gt;&lt;span style="color: var(--highlight-default)"&gt;array_merge&lt;/span&gt;&lt;span style="color: var(--highlight-keyword)"&gt;(&lt;/span&gt;&lt;span style="color: var(--highlight-default)"&gt;$this&lt;/span&gt;&lt;span style="color: var(--highlight-keyword)"&gt;-&amp;gt;&lt;/span&gt;&lt;span style="color: var(--highlight-default)"&gt;data&lt;/span&gt;&lt;span style="color: var(--highlight-keyword)"&gt;,&amp;nbsp;&lt;/span&gt;&lt;span style="color: var(--highlight-default)"&gt;$this&lt;/span&gt;&lt;span style="color: var(--highlight-keyword)"&gt;-&amp;gt;&lt;/span&gt;&lt;span style="color: var(--highlight-default)"&gt;dependencyInput&lt;/span&gt;&lt;span style="color: var(--highlight-keyword)"&gt;);&lt;/span&gt;&lt;/code&gt;&lt;/li&gt;
&lt;li&gt;&lt;code&gt;&lt;span style="color: var(--highlight-keyword)"&gt;&lt;/span&gt;&lt;/code&gt;&lt;/li&gt;
&lt;li&gt;&lt;code&gt;&lt;span style="color: var(--highlight-keyword)"&gt;&amp;nbsp;&amp;nbsp;&amp;nbsp;&amp;nbsp;&amp;nbsp;&amp;nbsp;&amp;nbsp;&amp;nbsp;&lt;/span&gt;&lt;span style="color: var(--highlight-default)"&gt;$this&lt;/span&gt;&lt;span style="color: var(--highlight-keyword)"&gt;-&amp;gt;&lt;/span&gt;&lt;span style="color: var(--highlight-default)"&gt;registerMockObjectsFromTestArguments&lt;/span&gt;&lt;span style="color: var(--highlight-keyword)"&gt;(&lt;/span&gt;&lt;span style="color: var(--highlight-default)"&gt;$testArguments&lt;/span&gt;&lt;span style="color: var(--highlight-keyword)"&gt;);&lt;/span&gt;&lt;/code&gt;&lt;/li&gt;
&lt;li&gt;&lt;code&gt;&lt;span style="color: var(--highlight-keyword)"&gt;&lt;/span&gt;&lt;/code&gt;&lt;/li&gt;
&lt;li&gt;&lt;code&gt;&lt;span style="color: var(--highlight-keyword)"&gt;&amp;nbsp;&amp;nbsp;&amp;nbsp;&amp;nbsp;&amp;nbsp;&amp;nbsp;&amp;nbsp;&amp;nbsp;try&amp;nbsp;{&lt;/span&gt;&lt;/code&gt;&lt;/li&gt;
&lt;li class="selected"&gt;&lt;code&gt;&lt;span style="color: var(--highlight-keyword)"&gt;&amp;nbsp;&amp;nbsp;&amp;nbsp;&amp;nbsp;&amp;nbsp;&amp;nbsp;&amp;nbsp;&amp;nbsp;&amp;nbsp;&amp;nbsp;&amp;nbsp;&amp;nbsp;&lt;/span&gt;&lt;span style="color: var(--highlight-default)"&gt;$testResult&amp;nbsp;&lt;/span&gt;&lt;span style="color: var(--highlight-keyword)"&gt;=&amp;nbsp;&lt;/span&gt;&lt;span style="color: var(--highlight-default)"&gt;$this&lt;/span&gt;&lt;span style="color: var(--highlight-keyword)"&gt;-&amp;gt;{&lt;/span&gt;&lt;span style="color: var(--highlight-default)"&gt;$this&lt;/span&gt;&lt;span style="color: var(--highlight-keyword)"&gt;-&amp;gt;&lt;/span&gt;&lt;span style="color: var(--highlight-default)"&gt;name&lt;/span&gt;&lt;span style="color: var(--highlight-keyword)"&gt;}(...&lt;/span&gt;&lt;span style="color: var(--highlight-default)"&gt;array_values&lt;/span&gt;&lt;span style="color: var(--highlight-keyword)"&gt;(&lt;/span&gt;&lt;span style="color: var(--highlight-default)"&gt;$testArguments&lt;/span&gt;&lt;span style="color: var(--highlight-keyword)"&gt;));&lt;/span&gt;&lt;/code&gt;&lt;/li&gt;
&lt;li&gt;&lt;code&gt;&lt;span style="color: var(--highlight-keyword)"&gt;&amp;nbsp;&amp;nbsp;&amp;nbsp;&amp;nbsp;&amp;nbsp;&amp;nbsp;&amp;nbsp;&amp;nbsp;}&amp;nbsp;catch&amp;nbsp;(&lt;/span&gt;&lt;span style="color: var(--highlight-default)"&gt;Throwable&amp;nbsp;$exception&lt;/span&gt;&lt;span style="color: var(--highlight-keyword)"&gt;)&amp;nbsp;{&lt;/span&gt;&lt;/code&gt;&lt;/li&gt;
&lt;li&gt;&lt;code&gt;&lt;span style="color: var(--highlight-keyword)"&gt;&amp;nbsp;&amp;nbsp;&amp;nbsp;&amp;nbsp;&amp;nbsp;&amp;nbsp;&amp;nbsp;&amp;nbsp;&amp;nbsp;&amp;nbsp;&amp;nbsp;&amp;nbsp;if&amp;nbsp;(!&lt;/span&gt;&lt;span style="color: var(--highlight-default)"&gt;$this&lt;/span&gt;&lt;span style="color: var(--highlight-keyword)"&gt;-&amp;gt;&lt;/span&gt;&lt;span style="color: var(--highlight-default)"&gt;checkExceptionExpectations&lt;/span&gt;&lt;span style="color: var(--highlight-keyword)"&gt;(&lt;/span&gt;&lt;span style="color: var(--highlight-default)"&gt;$exception&lt;/span&gt;&lt;span style="color: var(--highlight-keyword)"&gt;))&amp;nbsp;{&lt;/span&gt;&lt;/code&gt;&lt;/li&gt;
&lt;li&gt;&lt;code&gt;&lt;span style="color: var(--highlight-keyword)"&gt;&amp;nbsp;&amp;nbsp;&amp;nbsp;&amp;nbsp;&amp;nbsp;&amp;nbsp;&amp;nbsp;&amp;nbsp;&amp;nbsp;&amp;nbsp;&amp;nbsp;&amp;nbsp;&amp;nbsp;&amp;nbsp;&amp;nbsp;&amp;nbsp;throw&amp;nbsp;&lt;/span&gt;&lt;span style="color: var(--highlight-default)"&gt;$exception&lt;/span&gt;&lt;span style="color: var(--highlight-keyword)"&gt;;&lt;/span&gt;&lt;/code&gt;&lt;/li&gt;
&lt;li&gt;&lt;code&gt;&lt;span style="color: var(--highlight-keyword)"&gt;&amp;nbsp;&amp;nbsp;&amp;nbsp;&amp;nbsp;&amp;nbsp;&amp;nbsp;&amp;nbsp;&amp;nbsp;&amp;nbsp;&amp;nbsp;&amp;nbsp;&amp;nbsp;}&lt;/span&gt;&lt;/code&gt;&lt;/li&gt;
&lt;li&gt;&lt;code&gt;&lt;span style="color: var(--highlight-keyword)"&gt;&lt;/span&gt;&lt;/code&gt;&lt;/li&gt;&lt;/ol&gt;    &lt;/div&gt;            &lt;/div&gt;
                        &lt;div class="trace-line "&gt;
                &lt;div class="trace-line-header break-long-words sf-toggle" data-toggle-selector="#trace-html-1-18" data-toggle-initial=""&gt;
            &lt;span class="icon icon-close"&gt;&lt;svg width="1792" height="1792" viewBox="0 0 1792 1792" xmlns="http://www.w3.org/2000/svg"&gt;&lt;path d="M1408 960V832q0-26-19-45t-45-19H448q-26 0-45 19t-19 45v128q0 26 19 45t45 19h896q26 0 45-19t19-45zm256-544v960q0 119-84.5 203.5T1376 1664H416q-119 0-203.5-84.5T128 1376V416q0-119 84.5-203.5T416 128h960q119 0 203.5 84.5T1664 416z"/&gt;&lt;/svg&gt;&lt;/span&gt;
        &lt;span class="icon icon-open"&gt;&lt;svg width="1792" height="1792" viewBox="0 0 1792 1792" xmlns="http://www.w3.org/2000/svg"&gt;&lt;path d="M1408 960V832q0-26-19-45t-45-19h-320V448q0-26-19-45t-45-19H832q-26 0-45 19t-19 45v320H448q-26 0-45 19t-19 45v128q0 26 19 45t45 19h320v320q0 26 19 45t45 19h128q26 0 45-19t19-45v-320h320q26 0 45-19t19-45zm256-544v960q0 119-84.5 203.5T1376 1664H416q-119 0-203.5-84.5T128 1376V416q0-119 84.5-203.5T416 128h960q119 0 203.5 84.5T1664 416z"/&gt;&lt;/svg&gt;&lt;/span&gt;
    
            &lt;span class="trace-class"&gt;&lt;abbr title="PHPUnit\Framework\TestCase"&gt;TestCase&lt;/abbr&gt;&lt;/span&gt;&lt;span class="trace-type"&gt;-&gt;&lt;/span&gt;&lt;span class="trace-method"&gt;runTest&lt;/span&gt;&lt;span class="trace-arguments"&gt;()&lt;/span&gt;    
                    &lt;span class="block trace-file-path"&gt;
            in
            &lt;a href=""&gt;
                C:\Users\eman\Documents\GitHub\car_dealer\vendor\phpunit\phpunit\src\Framework\&lt;strong&gt;TestCase.php&lt;/strong&gt;
            &lt;/a&gt;
                        (line 1151)
            &lt;span class="icon icon-copy hidden" data-clipboard-text="C:\Users\eman\Documents\GitHub\car_dealer\vendor\phpunit\phpunit\src\Framework\TestCase.php:1151"&gt;
                &lt;svg xmlns="http://www.w3.org/2000/svg" height="24" viewBox="0 0 24 24" width="24"&gt;&lt;path d="M0 0h24v24H0z" fill="none"/&gt;&lt;path d="M16 1H4c-1.1 0-2 .9-2 2v14h2V3h12V1zm3 4H8c-1.1 0-2 .9-2 2v14c0 1.1.9 2 2 2h11c1.1 0 2-.9 2-2V7c0-1.1-.9-2-2-2zm0 16H8V7h11v14z"/&gt;&lt;/svg&gt;            &lt;/span&gt;
        &lt;/span&gt;
    &lt;/div&gt;
    &lt;div id="trace-html-1-18" class="trace-code sf-toggle-content"&gt;
        &lt;ol start="1146"&gt;&lt;li&gt;&lt;code&gt;&lt;span style="color: var(--highlight-keyword)"&gt;&lt;/span&gt;&lt;/code&gt;&lt;/li&gt;
&lt;li&gt;&lt;code&gt;&lt;span style="color: var(--highlight-keyword)"&gt;&amp;nbsp;&amp;nbsp;&amp;nbsp;&amp;nbsp;&amp;nbsp;&amp;nbsp;&amp;nbsp;&amp;nbsp;&amp;nbsp;&amp;nbsp;&amp;nbsp;&amp;nbsp;foreach&amp;nbsp;(&lt;/span&gt;&lt;span style="color: var(--highlight-default)"&gt;$hookMethods&lt;/span&gt;&lt;span style="color: var(--highlight-keyword)"&gt;[&lt;/span&gt;&lt;span style="color: var(--highlight-string)"&gt;'preCondition'&lt;/span&gt;&lt;span style="color: var(--highlight-keyword)"&gt;]&amp;nbsp;as&amp;nbsp;&lt;/span&gt;&lt;span style="color: var(--highlight-default)"&gt;$method&lt;/span&gt;&lt;span style="color: var(--highlight-keyword)"&gt;)&amp;nbsp;{&lt;/span&gt;&lt;/code&gt;&lt;/li&gt;
&lt;li&gt;&lt;code&gt;&lt;span style="color: var(--highlight-keyword)"&gt;&amp;nbsp;&amp;nbsp;&amp;nbsp;&amp;nbsp;&amp;nbsp;&amp;nbsp;&amp;nbsp;&amp;nbsp;&amp;nbsp;&amp;nbsp;&amp;nbsp;&amp;nbsp;&amp;nbsp;&amp;nbsp;&amp;nbsp;&amp;nbsp;&lt;/span&gt;&lt;span style="color: var(--highlight-default)"&gt;$this&lt;/span&gt;&lt;span style="color: var(--highlight-keyword)"&gt;-&amp;gt;{&lt;/span&gt;&lt;span style="color: var(--highlight-default)"&gt;$method&lt;/span&gt;&lt;span style="color: var(--highlight-keyword)"&gt;}();&lt;/span&gt;&lt;/code&gt;&lt;/li&gt;
&lt;li&gt;&lt;code&gt;&lt;span style="color: var(--highlight-keyword)"&gt;&amp;nbsp;&amp;nbsp;&amp;nbsp;&amp;nbsp;&amp;nbsp;&amp;nbsp;&amp;nbsp;&amp;nbsp;&amp;nbsp;&amp;nbsp;&amp;nbsp;&amp;nbsp;}&lt;/span&gt;&lt;/code&gt;&lt;/li&gt;
&lt;li&gt;&lt;code&gt;&lt;span style="color: var(--highlight-keyword)"&gt;&lt;/span&gt;&lt;/code&gt;&lt;/li&gt;
&lt;li class="selected"&gt;&lt;code&gt;&lt;span style="color: var(--highlight-keyword)"&gt;&amp;nbsp;&amp;nbsp;&amp;nbsp;&amp;nbsp;&amp;nbsp;&amp;nbsp;&amp;nbsp;&amp;nbsp;&amp;nbsp;&amp;nbsp;&amp;nbsp;&amp;nbsp;&lt;/span&gt;&lt;span style="color: var(--highlight-default)"&gt;$this&lt;/span&gt;&lt;span style="color: var(--highlight-keyword)"&gt;-&amp;gt;&lt;/span&gt;&lt;span style="color: var(--highlight-default)"&gt;testResult&amp;nbsp;&lt;/span&gt;&lt;span style="color: var(--highlight-keyword)"&gt;=&amp;nbsp;&lt;/span&gt;&lt;span style="color: var(--highlight-default)"&gt;$this&lt;/span&gt;&lt;span style="color: var(--highlight-keyword)"&gt;-&amp;gt;&lt;/span&gt;&lt;span style="color: var(--highlight-default)"&gt;runTest&lt;/span&gt;&lt;span style="color: var(--highlight-keyword)"&gt;();&lt;/span&gt;&lt;/code&gt;&lt;/li&gt;
&lt;li&gt;&lt;code&gt;&lt;span style="color: var(--highlight-keyword)"&gt;&amp;nbsp;&amp;nbsp;&amp;nbsp;&amp;nbsp;&amp;nbsp;&amp;nbsp;&amp;nbsp;&amp;nbsp;&amp;nbsp;&amp;nbsp;&amp;nbsp;&amp;nbsp;&lt;/span&gt;&lt;span style="color: var(--highlight-default)"&gt;$this&lt;/span&gt;&lt;span style="color: var(--highlight-keyword)"&gt;-&amp;gt;&lt;/span&gt;&lt;span style="color: var(--highlight-default)"&gt;verifyMockObjects&lt;/span&gt;&lt;span style="color: var(--highlight-keyword)"&gt;();&lt;/span&gt;&lt;/code&gt;&lt;/li&gt;
&lt;li&gt;&lt;code&gt;&lt;span style="color: var(--highlight-keyword)"&gt;&lt;/span&gt;&lt;/code&gt;&lt;/li&gt;
&lt;li&gt;&lt;code&gt;&lt;span style="color: var(--highlight-keyword)"&gt;&amp;nbsp;&amp;nbsp;&amp;nbsp;&amp;nbsp;&amp;nbsp;&amp;nbsp;&amp;nbsp;&amp;nbsp;&amp;nbsp;&amp;nbsp;&amp;nbsp;&amp;nbsp;foreach&amp;nbsp;(&lt;/span&gt;&lt;span style="color: var(--highlight-default)"&gt;$hookMethods&lt;/span&gt;&lt;span style="color: var(--highlight-keyword)"&gt;[&lt;/span&gt;&lt;span style="color: var(--highlight-string)"&gt;'postCondition'&lt;/span&gt;&lt;span style="color: var(--highlight-keyword)"&gt;]&amp;nbsp;as&amp;nbsp;&lt;/span&gt;&lt;span style="color: var(--highlight-default)"&gt;$method&lt;/span&gt;&lt;span style="color: var(--highlight-keyword)"&gt;)&amp;nbsp;{&lt;/span&gt;&lt;/code&gt;&lt;/li&gt;
&lt;li&gt;&lt;code&gt;&lt;span style="color: var(--highlight-keyword)"&gt;&amp;nbsp;&amp;nbsp;&amp;nbsp;&amp;nbsp;&amp;nbsp;&amp;nbsp;&amp;nbsp;&amp;nbsp;&amp;nbsp;&amp;nbsp;&amp;nbsp;&amp;nbsp;&amp;nbsp;&amp;nbsp;&amp;nbsp;&amp;nbsp;&lt;/span&gt;&lt;span style="color: var(--highlight-default)"&gt;$this&lt;/span&gt;&lt;span style="color: var(--highlight-keyword)"&gt;-&amp;gt;{&lt;/span&gt;&lt;span style="color: var(--highlight-default)"&gt;$method&lt;/span&gt;&lt;span style="color: var(--highlight-keyword)"&gt;}();&lt;/span&gt;&lt;/code&gt;&lt;/li&gt;
&lt;li&gt;&lt;code&gt;&lt;span style="color: var(--highlight-keyword)"&gt;&amp;nbsp;&amp;nbsp;&amp;nbsp;&amp;nbsp;&amp;nbsp;&amp;nbsp;&amp;nbsp;&amp;nbsp;&amp;nbsp;&amp;nbsp;&amp;nbsp;&amp;nbsp;}&lt;/span&gt;&lt;/code&gt;&lt;/li&gt;&lt;/ol&gt;    &lt;/div&gt;            &lt;/div&gt;
                        &lt;div class="trace-line "&gt;
                &lt;div class="trace-line-header break-long-words sf-toggle" data-toggle-selector="#trace-html-1-19" data-toggle-initial=""&gt;
            &lt;span class="icon icon-close"&gt;&lt;svg width="1792" height="1792" viewBox="0 0 1792 1792" xmlns="http://www.w3.org/2000/svg"&gt;&lt;path d="M1408 960V832q0-26-19-45t-45-19H448q-26 0-45 19t-19 45v128q0 26 19 45t45 19h896q26 0 45-19t19-45zm256-544v960q0 119-84.5 203.5T1376 1664H416q-119 0-203.5-84.5T128 1376V416q0-119 84.5-203.5T416 128h960q119 0 203.5 84.5T1664 416z"/&gt;&lt;/svg&gt;&lt;/span&gt;
        &lt;span class="icon icon-open"&gt;&lt;svg width="1792" height="1792" viewBox="0 0 1792 1792" xmlns="http://www.w3.org/2000/svg"&gt;&lt;path d="M1408 960V832q0-26-19-45t-45-19h-320V448q0-26-19-45t-45-19H832q-26 0-45 19t-19 45v320H448q-26 0-45 19t-19 45v128q0 26 19 45t45 19h320v320q0 26 19 45t45 19h128q26 0 45-19t19-45v-320h320q26 0 45-19t19-45zm256-544v960q0 119-84.5 203.5T1376 1664H416q-119 0-203.5-84.5T128 1376V416q0-119 84.5-203.5T416 128h960q119 0 203.5 84.5T1664 416z"/&gt;&lt;/svg&gt;&lt;/span&gt;
    
            &lt;span class="trace-class"&gt;&lt;abbr title="PHPUnit\Framework\TestCase"&gt;TestCase&lt;/abbr&gt;&lt;/span&gt;&lt;span class="trace-type"&gt;-&gt;&lt;/span&gt;&lt;span class="trace-method"&gt;runBare&lt;/span&gt;&lt;span class="trace-arguments"&gt;()&lt;/span&gt;    
                    &lt;span class="block trace-file-path"&gt;
            in
            &lt;a href=""&gt;
                C:\Users\eman\Documents\GitHub\car_dealer\vendor\phpunit\phpunit\src\Framework\&lt;strong&gt;TestResult.php&lt;/strong&gt;
            &lt;/a&gt;
                        (line 726)
            &lt;span class="icon icon-copy hidden" data-clipboard-text="C:\Users\eman\Documents\GitHub\car_dealer\vendor\phpunit\phpunit\src\Framework\TestResult.php:726"&gt;
                &lt;svg xmlns="http://www.w3.org/2000/svg" height="24" viewBox="0 0 24 24" width="24"&gt;&lt;path d="M0 0h24v24H0z" fill="none"/&gt;&lt;path d="M16 1H4c-1.1 0-2 .9-2 2v14h2V3h12V1zm3 4H8c-1.1 0-2 .9-2 2v14c0 1.1.9 2 2 2h11c1.1 0 2-.9 2-2V7c0-1.1-.9-2-2-2zm0 16H8V7h11v14z"/&gt;&lt;/svg&gt;            &lt;/span&gt;
        &lt;/span&gt;
    &lt;/div&gt;
    &lt;div id="trace-html-1-19" class="trace-code sf-toggle-content"&gt;
        &lt;ol start="721"&gt;&lt;li&gt;&lt;code&gt;&lt;span style="color: var(--highlight-keyword)"&gt;&amp;nbsp;&amp;nbsp;&amp;nbsp;&amp;nbsp;&amp;nbsp;&amp;nbsp;&amp;nbsp;&amp;nbsp;&amp;nbsp;&amp;nbsp;&amp;nbsp;&amp;nbsp;&amp;nbsp;&amp;nbsp;&amp;nbsp;&amp;nbsp;&amp;nbsp;&amp;nbsp;&amp;nbsp;&amp;nbsp;&amp;nbsp;&amp;nbsp;&amp;nbsp;&amp;nbsp;&lt;/span&gt;&lt;span style="color: var(--highlight-default)"&gt;$_timeout&amp;nbsp;&lt;/span&gt;&lt;span style="color: var(--highlight-keyword)"&gt;=&amp;nbsp;&lt;/span&gt;&lt;span style="color: var(--highlight-default)"&gt;$this&lt;/span&gt;&lt;span style="color: var(--highlight-keyword)"&gt;-&amp;gt;&lt;/span&gt;&lt;span style="color: var(--highlight-default)"&gt;defaultTimeLimit&lt;/span&gt;&lt;span style="color: var(--highlight-keyword)"&gt;;&lt;/span&gt;&lt;/code&gt;&lt;/li&gt;
&lt;li&gt;&lt;code&gt;&lt;span style="color: var(--highlight-keyword)"&gt;&amp;nbsp;&amp;nbsp;&amp;nbsp;&amp;nbsp;&amp;nbsp;&amp;nbsp;&amp;nbsp;&amp;nbsp;&amp;nbsp;&amp;nbsp;&amp;nbsp;&amp;nbsp;&amp;nbsp;&amp;nbsp;&amp;nbsp;&amp;nbsp;}&lt;/span&gt;&lt;/code&gt;&lt;/li&gt;
&lt;li&gt;&lt;code&gt;&lt;span style="color: var(--highlight-keyword)"&gt;&lt;/span&gt;&lt;/code&gt;&lt;/li&gt;
&lt;li&gt;&lt;code&gt;&lt;span style="color: var(--highlight-keyword)"&gt;&amp;nbsp;&amp;nbsp;&amp;nbsp;&amp;nbsp;&amp;nbsp;&amp;nbsp;&amp;nbsp;&amp;nbsp;&amp;nbsp;&amp;nbsp;&amp;nbsp;&amp;nbsp;&amp;nbsp;&amp;nbsp;&amp;nbsp;&amp;nbsp;&lt;/span&gt;&lt;span style="color: var(--highlight-default)"&gt;$invoker&lt;/span&gt;&lt;span style="color: var(--highlight-keyword)"&gt;-&amp;gt;&lt;/span&gt;&lt;span style="color: var(--highlight-default)"&gt;invoke&lt;/span&gt;&lt;span style="color: var(--highlight-keyword)"&gt;([&lt;/span&gt;&lt;span style="color: var(--highlight-default)"&gt;$test&lt;/span&gt;&lt;span style="color: var(--highlight-keyword)"&gt;,&amp;nbsp;&lt;/span&gt;&lt;span style="color: var(--highlight-string)"&gt;'runBare'&lt;/span&gt;&lt;span style="color: var(--highlight-keyword)"&gt;],&amp;nbsp;[],&amp;nbsp;&lt;/span&gt;&lt;span style="color: var(--highlight-default)"&gt;$_timeout&lt;/span&gt;&lt;span style="color: var(--highlight-keyword)"&gt;);&lt;/span&gt;&lt;/code&gt;&lt;/li&gt;
&lt;li&gt;&lt;code&gt;&lt;span style="color: var(--highlight-keyword)"&gt;&amp;nbsp;&amp;nbsp;&amp;nbsp;&amp;nbsp;&amp;nbsp;&amp;nbsp;&amp;nbsp;&amp;nbsp;&amp;nbsp;&amp;nbsp;&amp;nbsp;&amp;nbsp;}&amp;nbsp;else&amp;nbsp;{&lt;/span&gt;&lt;/code&gt;&lt;/li&gt;
&lt;li class="selected"&gt;&lt;code&gt;&lt;span style="color: var(--highlight-keyword)"&gt;&amp;nbsp;&amp;nbsp;&amp;nbsp;&amp;nbsp;&amp;nbsp;&amp;nbsp;&amp;nbsp;&amp;nbsp;&amp;nbsp;&amp;nbsp;&amp;nbsp;&amp;nbsp;&amp;nbsp;&amp;nbsp;&amp;nbsp;&amp;nbsp;&lt;/span&gt;&lt;span style="color: var(--highlight-default)"&gt;$test&lt;/span&gt;&lt;span style="color: var(--highlight-keyword)"&gt;-&amp;gt;&lt;/span&gt;&lt;span style="color: var(--highlight-default)"&gt;runBare&lt;/span&gt;&lt;span style="color: var(--highlight-keyword)"&gt;();&lt;/span&gt;&lt;/code&gt;&lt;/li&gt;
&lt;li&gt;&lt;code&gt;&lt;span style="color: var(--highlight-keyword)"&gt;&amp;nbsp;&amp;nbsp;&amp;nbsp;&amp;nbsp;&amp;nbsp;&amp;nbsp;&amp;nbsp;&amp;nbsp;&amp;nbsp;&amp;nbsp;&amp;nbsp;&amp;nbsp;}&lt;/span&gt;&lt;/code&gt;&lt;/li&gt;
&lt;li&gt;&lt;code&gt;&lt;span style="color: var(--highlight-keyword)"&gt;&amp;nbsp;&amp;nbsp;&amp;nbsp;&amp;nbsp;&amp;nbsp;&amp;nbsp;&amp;nbsp;&amp;nbsp;}&amp;nbsp;catch&amp;nbsp;(&lt;/span&gt;&lt;span style="color: var(--highlight-default)"&gt;TimeoutException&amp;nbsp;$e&lt;/span&gt;&lt;span style="color: var(--highlight-keyword)"&gt;)&amp;nbsp;{&lt;/span&gt;&lt;/code&gt;&lt;/li&gt;
&lt;li&gt;&lt;code&gt;&lt;span style="color: var(--highlight-keyword)"&gt;&amp;nbsp;&amp;nbsp;&amp;nbsp;&amp;nbsp;&amp;nbsp;&amp;nbsp;&amp;nbsp;&amp;nbsp;&amp;nbsp;&amp;nbsp;&amp;nbsp;&amp;nbsp;&lt;/span&gt;&lt;span style="color: var(--highlight-default)"&gt;$this&lt;/span&gt;&lt;span style="color: var(--highlight-keyword)"&gt;-&amp;gt;&lt;/span&gt;&lt;span style="color: var(--highlight-default)"&gt;addFailure&lt;/span&gt;&lt;span style="color: var(--highlight-keyword)"&gt;(&lt;/span&gt;&lt;/code&gt;&lt;/li&gt;
&lt;li&gt;&lt;code&gt;&lt;span style="color: var(--highlight-keyword)"&gt;&amp;nbsp;&amp;nbsp;&amp;nbsp;&amp;nbsp;&amp;nbsp;&amp;nbsp;&amp;nbsp;&amp;nbsp;&amp;nbsp;&amp;nbsp;&amp;nbsp;&amp;nbsp;&amp;nbsp;&amp;nbsp;&amp;nbsp;&amp;nbsp;&lt;/span&gt;&lt;span style="color: var(--highlight-default)"&gt;$test&lt;/span&gt;&lt;span style="color: var(--highlight-keyword)"&gt;,&lt;/span&gt;&lt;/code&gt;&lt;/li&gt;
&lt;li&gt;&lt;code&gt;&lt;span style="color: var(--highlight-keyword)"&gt;&amp;nbsp;&amp;nbsp;&amp;nbsp;&amp;nbsp;&amp;nbsp;&amp;nbsp;&amp;nbsp;&amp;nbsp;&amp;nbsp;&amp;nbsp;&amp;nbsp;&amp;nbsp;&amp;nbsp;&amp;nbsp;&amp;nbsp;&amp;nbsp;new&amp;nbsp;&lt;/span&gt;&lt;span style="color: var(--highlight-default)"&gt;RiskyTestError&lt;/span&gt;&lt;span style="color: var(--highlight-keyword)"&gt;(&lt;/span&gt;&lt;/code&gt;&lt;/li&gt;&lt;/ol&gt;    &lt;/div&gt;            &lt;/div&gt;
                        &lt;div class="trace-line "&gt;
                &lt;div class="trace-line-header break-long-words sf-toggle" data-toggle-selector="#trace-html-1-20" data-toggle-initial=""&gt;
            &lt;span class="icon icon-close"&gt;&lt;svg width="1792" height="1792" viewBox="0 0 1792 1792" xmlns="http://www.w3.org/2000/svg"&gt;&lt;path d="M1408 960V832q0-26-19-45t-45-19H448q-26 0-45 19t-19 45v128q0 26 19 45t45 19h896q26 0 45-19t19-45zm256-544v960q0 119-84.5 203.5T1376 1664H416q-119 0-203.5-84.5T128 1376V416q0-119 84.5-203.5T416 128h960q119 0 203.5 84.5T1664 416z"/&gt;&lt;/svg&gt;&lt;/span&gt;
        &lt;span class="icon icon-open"&gt;&lt;svg width="1792" height="1792" viewBox="0 0 1792 1792" xmlns="http://www.w3.org/2000/svg"&gt;&lt;path d="M1408 960V832q0-26-19-45t-45-19h-320V448q0-26-19-45t-45-19H832q-26 0-45 19t-19 45v320H448q-26 0-45 19t-19 45v128q0 26 19 45t45 19h320v320q0 26 19 45t45 19h128q26 0 45-19t19-45v-320h320q26 0 45-19t19-45zm256-544v960q0 119-84.5 203.5T1376 1664H416q-119 0-203.5-84.5T128 1376V416q0-119 84.5-203.5T416 128h960q119 0 203.5 84.5T1664 416z"/&gt;&lt;/svg&gt;&lt;/span&gt;
    
            &lt;span class="trace-class"&gt;&lt;abbr title="PHPUnit\Framework\TestResult"&gt;TestResult&lt;/abbr&gt;&lt;/span&gt;&lt;span class="trace-type"&gt;-&gt;&lt;/span&gt;&lt;span class="trace-method"&gt;run&lt;/span&gt;&lt;span class="trace-arguments"&gt;()&lt;/span&gt;    
                    &lt;span class="block trace-file-path"&gt;
            in
            &lt;a href=""&gt;
                C:\Users\eman\Documents\GitHub\car_dealer\vendor\phpunit\phpunit\src\Framework\&lt;strong&gt;TestCase.php&lt;/strong&gt;
            &lt;/a&gt;
                        (line 903)
            &lt;span class="icon icon-copy hidden" data-clipboard-text="C:\Users\eman\Documents\GitHub\car_dealer\vendor\phpunit\phpunit\src\Framework\TestCase.php:903"&gt;
                &lt;svg xmlns="http://www.w3.org/2000/svg" height="24" viewBox="0 0 24 24" width="24"&gt;&lt;path d="M0 0h24v24H0z" fill="none"/&gt;&lt;path d="M16 1H4c-1.1 0-2 .9-2 2v14h2V3h12V1zm3 4H8c-1.1 0-2 .9-2 2v14c0 1.1.9 2 2 2h11c1.1 0 2-.9 2-2V7c0-1.1-.9-2-2-2zm0 16H8V7h11v14z"/&gt;&lt;/svg&gt;            &lt;/span&gt;
        &lt;/span&gt;
    &lt;/div&gt;
    &lt;div id="trace-html-1-20" class="trace-code sf-toggle-content"&gt;
        &lt;ol start="898"&gt;&lt;li&gt;&lt;code&gt;&lt;span style="color: var(--highlight-keyword)"&gt;&amp;nbsp;&amp;nbsp;&amp;nbsp;&amp;nbsp;&amp;nbsp;&amp;nbsp;&amp;nbsp;&amp;nbsp;&amp;nbsp;&amp;nbsp;&amp;nbsp;&amp;nbsp;&lt;/span&gt;&lt;span style="color: var(--highlight-default)"&gt;$template&lt;/span&gt;&lt;span style="color: var(--highlight-keyword)"&gt;-&amp;gt;&lt;/span&gt;&lt;span style="color: var(--highlight-default)"&gt;setVar&lt;/span&gt;&lt;span style="color: var(--highlight-keyword)"&gt;(&lt;/span&gt;&lt;span style="color: var(--highlight-default)"&gt;$var&lt;/span&gt;&lt;span style="color: var(--highlight-keyword)"&gt;);&lt;/span&gt;&lt;/code&gt;&lt;/li&gt;
&lt;li&gt;&lt;code&gt;&lt;span style="color: var(--highlight-keyword)"&gt;&lt;/span&gt;&lt;/code&gt;&lt;/li&gt;
&lt;li&gt;&lt;code&gt;&lt;span style="color: var(--highlight-keyword)"&gt;&amp;nbsp;&amp;nbsp;&amp;nbsp;&amp;nbsp;&amp;nbsp;&amp;nbsp;&amp;nbsp;&amp;nbsp;&amp;nbsp;&amp;nbsp;&amp;nbsp;&amp;nbsp;&lt;/span&gt;&lt;span style="color: var(--highlight-default)"&gt;$php&amp;nbsp;&lt;/span&gt;&lt;span style="color: var(--highlight-keyword)"&gt;=&amp;nbsp;&lt;/span&gt;&lt;span style="color: var(--highlight-default)"&gt;AbstractPhpProcess&lt;/span&gt;&lt;span style="color: var(--highlight-keyword)"&gt;::&lt;/span&gt;&lt;span style="color: var(--highlight-default)"&gt;factory&lt;/span&gt;&lt;span style="color: var(--highlight-keyword)"&gt;();&lt;/span&gt;&lt;/code&gt;&lt;/li&gt;
&lt;li&gt;&lt;code&gt;&lt;span style="color: var(--highlight-keyword)"&gt;&amp;nbsp;&amp;nbsp;&amp;nbsp;&amp;nbsp;&amp;nbsp;&amp;nbsp;&amp;nbsp;&amp;nbsp;&amp;nbsp;&amp;nbsp;&amp;nbsp;&amp;nbsp;&lt;/span&gt;&lt;span style="color: var(--highlight-default)"&gt;$php&lt;/span&gt;&lt;span style="color: var(--highlight-keyword)"&gt;-&amp;gt;&lt;/span&gt;&lt;span style="color: var(--highlight-default)"&gt;runTestJob&lt;/span&gt;&lt;span style="color: var(--highlight-keyword)"&gt;(&lt;/span&gt;&lt;span style="color: var(--highlight-default)"&gt;$template&lt;/span&gt;&lt;span style="color: var(--highlight-keyword)"&gt;-&amp;gt;&lt;/span&gt;&lt;span style="color: var(--highlight-default)"&gt;render&lt;/span&gt;&lt;span style="color: var(--highlight-keyword)"&gt;(),&amp;nbsp;&lt;/span&gt;&lt;span style="color: var(--highlight-default)"&gt;$this&lt;/span&gt;&lt;span style="color: var(--highlight-keyword)"&gt;,&amp;nbsp;&lt;/span&gt;&lt;span style="color: var(--highlight-default)"&gt;$result&lt;/span&gt;&lt;span style="color: var(--highlight-keyword)"&gt;);&lt;/span&gt;&lt;/code&gt;&lt;/li&gt;
&lt;li&gt;&lt;code&gt;&lt;span style="color: var(--highlight-keyword)"&gt;&amp;nbsp;&amp;nbsp;&amp;nbsp;&amp;nbsp;&amp;nbsp;&amp;nbsp;&amp;nbsp;&amp;nbsp;}&amp;nbsp;else&amp;nbsp;{&lt;/span&gt;&lt;/code&gt;&lt;/li&gt;
&lt;li class="selected"&gt;&lt;code&gt;&lt;span style="color: var(--highlight-keyword)"&gt;&amp;nbsp;&amp;nbsp;&amp;nbsp;&amp;nbsp;&amp;nbsp;&amp;nbsp;&amp;nbsp;&amp;nbsp;&amp;nbsp;&amp;nbsp;&amp;nbsp;&amp;nbsp;&lt;/span&gt;&lt;span style="color: var(--highlight-default)"&gt;$result&lt;/span&gt;&lt;span style="color: var(--highlight-keyword)"&gt;-&amp;gt;&lt;/span&gt;&lt;span style="color: var(--highlight-default)"&gt;run&lt;/span&gt;&lt;span style="color: var(--highlight-keyword)"&gt;(&lt;/span&gt;&lt;span style="color: var(--highlight-default)"&gt;$this&lt;/span&gt;&lt;span style="color: var(--highlight-keyword)"&gt;);&lt;/span&gt;&lt;/code&gt;&lt;/li&gt;
&lt;li&gt;&lt;code&gt;&lt;span style="color: var(--highlight-keyword)"&gt;&amp;nbsp;&amp;nbsp;&amp;nbsp;&amp;nbsp;&amp;nbsp;&amp;nbsp;&amp;nbsp;&amp;nbsp;}&lt;/span&gt;&lt;/code&gt;&lt;/li&gt;
&lt;li&gt;&lt;code&gt;&lt;span style="color: var(--highlight-keyword)"&gt;&lt;/span&gt;&lt;/code&gt;&lt;/li&gt;
&lt;li&gt;&lt;code&gt;&lt;span style="color: var(--highlight-keyword)"&gt;&amp;nbsp;&amp;nbsp;&amp;nbsp;&amp;nbsp;&amp;nbsp;&amp;nbsp;&amp;nbsp;&amp;nbsp;&lt;/span&gt;&lt;span style="color: var(--highlight-default)"&gt;$this&lt;/span&gt;&lt;span style="color: var(--highlight-keyword)"&gt;-&amp;gt;&lt;/span&gt;&lt;span style="color: var(--highlight-default)"&gt;result&amp;nbsp;&lt;/span&gt;&lt;span style="color: var(--highlight-keyword)"&gt;=&amp;nbsp;&lt;/span&gt;&lt;span style="color: var(--highlight-default)"&gt;null&lt;/span&gt;&lt;span style="color: var(--highlight-keyword)"&gt;;&lt;/span&gt;&lt;/code&gt;&lt;/li&gt;
&lt;li&gt;&lt;code&gt;&lt;span style="color: var(--highlight-keyword)"&gt;&lt;/span&gt;&lt;/code&gt;&lt;/li&gt;
&lt;li&gt;&lt;code&gt;&lt;span style="color: var(--highlight-keyword)"&gt;&amp;nbsp;&amp;nbsp;&amp;nbsp;&amp;nbsp;&amp;nbsp;&amp;nbsp;&amp;nbsp;&amp;nbsp;return&amp;nbsp;&lt;/span&gt;&lt;span style="color: var(--highlight-default)"&gt;$result&lt;/span&gt;&lt;span style="color: var(--highlight-keyword)"&gt;;&lt;/span&gt;&lt;/code&gt;&lt;/li&gt;&lt;/ol&gt;    &lt;/div&gt;            &lt;/div&gt;
                        &lt;div class="trace-line "&gt;
                &lt;div class="trace-line-header break-long-words sf-toggle" data-toggle-selector="#trace-html-1-21" data-toggle-initial=""&gt;
            &lt;span class="icon icon-close"&gt;&lt;svg width="1792" height="1792" viewBox="0 0 1792 1792" xmlns="http://www.w3.org/2000/svg"&gt;&lt;path d="M1408 960V832q0-26-19-45t-45-19H448q-26 0-45 19t-19 45v128q0 26 19 45t45 19h896q26 0 45-19t19-45zm256-544v960q0 119-84.5 203.5T1376 1664H416q-119 0-203.5-84.5T128 1376V416q0-119 84.5-203.5T416 128h960q119 0 203.5 84.5T1664 416z"/&gt;&lt;/svg&gt;&lt;/span&gt;
        &lt;span class="icon icon-open"&gt;&lt;svg width="1792" height="1792" viewBox="0 0 1792 1792" xmlns="http://www.w3.org/2000/svg"&gt;&lt;path d="M1408 960V832q0-26-19-45t-45-19h-320V448q0-26-19-45t-45-19H832q-26 0-45 19t-19 45v320H448q-26 0-45 19t-19 45v128q0 26 19 45t45 19h320v320q0 26 19 45t45 19h128q26 0 45-19t19-45v-320h320q26 0 45-19t19-45zm256-544v960q0 119-84.5 203.5T1376 1664H416q-119 0-203.5-84.5T128 1376V416q0-119 84.5-203.5T416 128h960q119 0 203.5 84.5T1664 416z"/&gt;&lt;/svg&gt;&lt;/span&gt;
    
            &lt;span class="trace-class"&gt;&lt;abbr title="PHPUnit\Framework\TestCase"&gt;TestCase&lt;/abbr&gt;&lt;/span&gt;&lt;span class="trace-type"&gt;-&gt;&lt;/span&gt;&lt;span class="trace-method"&gt;run&lt;/span&gt;&lt;span class="trace-arguments"&gt;()&lt;/span&gt;    
                    &lt;span class="block trace-file-path"&gt;
            in
            &lt;a href=""&gt;
                C:\Users\eman\Documents\GitHub\car_dealer\vendor\phpunit\phpunit\src\Framework\&lt;strong&gt;TestSuite.php&lt;/strong&gt;
            &lt;/a&gt;
                        (line 678)
            &lt;span class="icon icon-copy hidden" data-clipboard-text="C:\Users\eman\Documents\GitHub\car_dealer\vendor\phpunit\phpunit\src\Framework\TestSuite.php:678"&gt;
                &lt;svg xmlns="http://www.w3.org/2000/svg" height="24" viewBox="0 0 24 24" width="24"&gt;&lt;path d="M0 0h24v24H0z" fill="none"/&gt;&lt;path d="M16 1H4c-1.1 0-2 .9-2 2v14h2V3h12V1zm3 4H8c-1.1 0-2 .9-2 2v14c0 1.1.9 2 2 2h11c1.1 0 2-.9 2-2V7c0-1.1-.9-2-2-2zm0 16H8V7h11v14z"/&gt;&lt;/svg&gt;            &lt;/span&gt;
        &lt;/span&gt;
    &lt;/div&gt;
    &lt;div id="trace-html-1-21" class="trace-code sf-toggle-content"&gt;
        &lt;ol start="673"&gt;&lt;li&gt;&lt;code&gt;&lt;span style="color: var(--highlight-keyword)"&gt;&amp;nbsp;&amp;nbsp;&amp;nbsp;&amp;nbsp;&amp;nbsp;&amp;nbsp;&amp;nbsp;&amp;nbsp;&amp;nbsp;&amp;nbsp;&amp;nbsp;&amp;nbsp;&amp;nbsp;&amp;nbsp;&amp;nbsp;&amp;nbsp;&lt;/span&gt;&lt;span style="color: var(--highlight-default)"&gt;$test&lt;/span&gt;&lt;span style="color: var(--highlight-keyword)"&gt;-&amp;gt;&lt;/span&gt;&lt;span style="color: var(--highlight-default)"&gt;setBackupGlobals&lt;/span&gt;&lt;span style="color: var(--highlight-keyword)"&gt;(&lt;/span&gt;&lt;span style="color: var(--highlight-default)"&gt;$this&lt;/span&gt;&lt;span style="color: var(--highlight-keyword)"&gt;-&amp;gt;&lt;/span&gt;&lt;span style="color: var(--highlight-default)"&gt;backupGlobals&lt;/span&gt;&lt;span style="color: var(--highlight-keyword)"&gt;);&lt;/span&gt;&lt;/code&gt;&lt;/li&gt;
&lt;li&gt;&lt;code&gt;&lt;span style="color: var(--highlight-keyword)"&gt;&amp;nbsp;&amp;nbsp;&amp;nbsp;&amp;nbsp;&amp;nbsp;&amp;nbsp;&amp;nbsp;&amp;nbsp;&amp;nbsp;&amp;nbsp;&amp;nbsp;&amp;nbsp;&amp;nbsp;&amp;nbsp;&amp;nbsp;&amp;nbsp;&lt;/span&gt;&lt;span style="color: var(--highlight-default)"&gt;$test&lt;/span&gt;&lt;span style="color: var(--highlight-keyword)"&gt;-&amp;gt;&lt;/span&gt;&lt;span style="color: var(--highlight-default)"&gt;setBackupStaticAttributes&lt;/span&gt;&lt;span style="color: var(--highlight-keyword)"&gt;(&lt;/span&gt;&lt;span style="color: var(--highlight-default)"&gt;$this&lt;/span&gt;&lt;span style="color: var(--highlight-keyword)"&gt;-&amp;gt;&lt;/span&gt;&lt;span style="color: var(--highlight-default)"&gt;backupStaticAttributes&lt;/span&gt;&lt;span style="color: var(--highlight-keyword)"&gt;);&lt;/span&gt;&lt;/code&gt;&lt;/li&gt;
&lt;li&gt;&lt;code&gt;&lt;span style="color: var(--highlight-keyword)"&gt;&amp;nbsp;&amp;nbsp;&amp;nbsp;&amp;nbsp;&amp;nbsp;&amp;nbsp;&amp;nbsp;&amp;nbsp;&amp;nbsp;&amp;nbsp;&amp;nbsp;&amp;nbsp;&amp;nbsp;&amp;nbsp;&amp;nbsp;&amp;nbsp;&lt;/span&gt;&lt;span style="color: var(--highlight-default)"&gt;$test&lt;/span&gt;&lt;span style="color: var(--highlight-keyword)"&gt;-&amp;gt;&lt;/span&gt;&lt;span style="color: var(--highlight-default)"&gt;setRunTestInSeparateProcess&lt;/span&gt;&lt;span style="color: var(--highlight-keyword)"&gt;(&lt;/span&gt;&lt;span style="color: var(--highlight-default)"&gt;$this&lt;/span&gt;&lt;span style="color: var(--highlight-keyword)"&gt;-&amp;gt;&lt;/span&gt;&lt;span style="color: var(--highlight-default)"&gt;runTestInSeparateProcess&lt;/span&gt;&lt;span style="color: var(--highlight-keyword)"&gt;);&lt;/span&gt;&lt;/code&gt;&lt;/li&gt;
&lt;li&gt;&lt;code&gt;&lt;span style="color: var(--highlight-keyword)"&gt;&amp;nbsp;&amp;nbsp;&amp;nbsp;&amp;nbsp;&amp;nbsp;&amp;nbsp;&amp;nbsp;&amp;nbsp;&amp;nbsp;&amp;nbsp;&amp;nbsp;&amp;nbsp;}&lt;/span&gt;&lt;/code&gt;&lt;/li&gt;
&lt;li&gt;&lt;code&gt;&lt;span style="color: var(--highlight-keyword)"&gt;&lt;/span&gt;&lt;/code&gt;&lt;/li&gt;
&lt;li class="selected"&gt;&lt;code&gt;&lt;span style="color: var(--highlight-keyword)"&gt;&amp;nbsp;&amp;nbsp;&amp;nbsp;&amp;nbsp;&amp;nbsp;&amp;nbsp;&amp;nbsp;&amp;nbsp;&amp;nbsp;&amp;nbsp;&amp;nbsp;&amp;nbsp;&lt;/span&gt;&lt;span style="color: var(--highlight-default)"&gt;$test&lt;/span&gt;&lt;span style="color: var(--highlight-keyword)"&gt;-&amp;gt;&lt;/span&gt;&lt;span style="color: var(--highlight-default)"&gt;run&lt;/span&gt;&lt;span style="color: var(--highlight-keyword)"&gt;(&lt;/span&gt;&lt;span style="color: var(--highlight-default)"&gt;$result&lt;/span&gt;&lt;span style="color: var(--highlight-keyword)"&gt;);&lt;/span&gt;&lt;/code&gt;&lt;/li&gt;
&lt;li&gt;&lt;code&gt;&lt;span style="color: var(--highlight-keyword)"&gt;&amp;nbsp;&amp;nbsp;&amp;nbsp;&amp;nbsp;&amp;nbsp;&amp;nbsp;&amp;nbsp;&amp;nbsp;}&lt;/span&gt;&lt;/code&gt;&lt;/li&gt;
&lt;li&gt;&lt;code&gt;&lt;span style="color: var(--highlight-keyword)"&gt;&lt;/span&gt;&lt;/code&gt;&lt;/li&gt;
&lt;li&gt;&lt;code&gt;&lt;span style="color: var(--highlight-keyword)"&gt;&amp;nbsp;&amp;nbsp;&amp;nbsp;&amp;nbsp;&amp;nbsp;&amp;nbsp;&amp;nbsp;&amp;nbsp;if&amp;nbsp;(&lt;/span&gt;&lt;span style="color: var(--highlight-default)"&gt;$this&lt;/span&gt;&lt;span style="color: var(--highlight-keyword)"&gt;-&amp;gt;&lt;/span&gt;&lt;span style="color: var(--highlight-default)"&gt;testCase&amp;nbsp;&lt;/span&gt;&lt;span style="color: var(--highlight-keyword)"&gt;&amp;amp;&amp;amp;&amp;nbsp;&lt;/span&gt;&lt;span style="color: var(--highlight-default)"&gt;class_exists&lt;/span&gt;&lt;span style="color: var(--highlight-keyword)"&gt;(&lt;/span&gt;&lt;span style="color: var(--highlight-default)"&gt;$this&lt;/span&gt;&lt;span style="color: var(--highlight-keyword)"&gt;-&amp;gt;&lt;/span&gt;&lt;span style="color: var(--highlight-default)"&gt;name&lt;/span&gt;&lt;span style="color: var(--highlight-keyword)"&gt;,&amp;nbsp;&lt;/span&gt;&lt;span style="color: var(--highlight-default)"&gt;false&lt;/span&gt;&lt;span style="color: var(--highlight-keyword)"&gt;))&amp;nbsp;{&lt;/span&gt;&lt;/code&gt;&lt;/li&gt;
&lt;li&gt;&lt;code&gt;&lt;span style="color: var(--highlight-keyword)"&gt;&amp;nbsp;&amp;nbsp;&amp;nbsp;&amp;nbsp;&amp;nbsp;&amp;nbsp;&amp;nbsp;&amp;nbsp;&amp;nbsp;&amp;nbsp;&amp;nbsp;&amp;nbsp;foreach&amp;nbsp;(&lt;/span&gt;&lt;span style="color: var(--highlight-default)"&gt;$hookMethods&lt;/span&gt;&lt;span style="color: var(--highlight-keyword)"&gt;[&lt;/span&gt;&lt;span style="color: var(--highlight-string)"&gt;'afterClass'&lt;/span&gt;&lt;span style="color: var(--highlight-keyword)"&gt;]&amp;nbsp;as&amp;nbsp;&lt;/span&gt;&lt;span style="color: var(--highlight-default)"&gt;$afterClassMethod&lt;/span&gt;&lt;span style="color: var(--highlight-keyword)"&gt;)&amp;nbsp;{&lt;/span&gt;&lt;/code&gt;&lt;/li&gt;
&lt;li&gt;&lt;code&gt;&lt;span style="color: var(--highlight-keyword)"&gt;&amp;nbsp;&amp;nbsp;&amp;nbsp;&amp;nbsp;&amp;nbsp;&amp;nbsp;&amp;nbsp;&amp;nbsp;&amp;nbsp;&amp;nbsp;&amp;nbsp;&amp;nbsp;&amp;nbsp;&amp;nbsp;&amp;nbsp;&amp;nbsp;if&amp;nbsp;(&lt;/span&gt;&lt;span style="color: var(--highlight-default)"&gt;method_exists&lt;/span&gt;&lt;span style="color: var(--highlight-keyword)"&gt;(&lt;/span&gt;&lt;span style="color: var(--highlight-default)"&gt;$this&lt;/span&gt;&lt;span style="color: var(--highlight-keyword)"&gt;-&amp;gt;&lt;/span&gt;&lt;span style="color: var(--highlight-default)"&gt;name&lt;/span&gt;&lt;span style="color: var(--highlight-keyword)"&gt;,&amp;nbsp;&lt;/span&gt;&lt;span style="color: var(--highlight-default)"&gt;$afterClassMethod&lt;/span&gt;&lt;span style="color: var(--highlight-keyword)"&gt;))&amp;nbsp;{&lt;/span&gt;&lt;/code&gt;&lt;/li&gt;&lt;/ol&gt;    &lt;/div&gt;            &lt;/div&gt;
                        &lt;div class="trace-line "&gt;
                &lt;div class="trace-line-header break-long-words sf-toggle" data-toggle-selector="#trace-html-1-22" data-toggle-initial=""&gt;
            &lt;span class="icon icon-close"&gt;&lt;svg width="1792" height="1792" viewBox="0 0 1792 1792" xmlns="http://www.w3.org/2000/svg"&gt;&lt;path d="M1408 960V832q0-26-19-45t-45-19H448q-26 0-45 19t-19 45v128q0 26 19 45t45 19h896q26 0 45-19t19-45zm256-544v960q0 119-84.5 203.5T1376 1664H416q-119 0-203.5-84.5T128 1376V416q0-119 84.5-203.5T416 128h960q119 0 203.5 84.5T1664 416z"/&gt;&lt;/svg&gt;&lt;/span&gt;
        &lt;span class="icon icon-open"&gt;&lt;svg width="1792" height="1792" viewBox="0 0 1792 1792" xmlns="http://www.w3.org/2000/svg"&gt;&lt;path d="M1408 960V832q0-26-19-45t-45-19h-320V448q0-26-19-45t-45-19H832q-26 0-45 19t-19 45v320H448q-26 0-45 19t-19 45v128q0 26 19 45t45 19h320v320q0 26 19 45t45 19h128q26 0 45-19t19-45v-320h320q26 0 45-19t19-45zm256-544v960q0 119-84.5 203.5T1376 1664H416q-119 0-203.5-84.5T128 1376V416q0-119 84.5-203.5T416 128h960q119 0 203.5 84.5T1664 416z"/&gt;&lt;/svg&gt;&lt;/span&gt;
    
            &lt;span class="trace-class"&gt;&lt;abbr title="PHPUnit\Framework\TestSuite"&gt;TestSuite&lt;/abbr&gt;&lt;/span&gt;&lt;span class="trace-type"&gt;-&gt;&lt;/span&gt;&lt;span class="trace-method"&gt;run&lt;/span&gt;&lt;span class="trace-arguments"&gt;()&lt;/span&gt;    
                    &lt;span class="block trace-file-path"&gt;
            in
            &lt;a href=""&gt;
                C:\Users\eman\Documents\GitHub\car_dealer\vendor\phpunit\phpunit\src\Framework\&lt;strong&gt;TestSuite.php&lt;/strong&gt;
            &lt;/a&gt;
                        (line 678)
            &lt;span class="icon icon-copy hidden" data-clipboard-text="C:\Users\eman\Documents\GitHub\car_dealer\vendor\phpunit\phpunit\src\Framework\TestSuite.php:678"&gt;
                &lt;svg xmlns="http://www.w3.org/2000/svg" height="24" viewBox="0 0 24 24" width="24"&gt;&lt;path d="M0 0h24v24H0z" fill="none"/&gt;&lt;path d="M16 1H4c-1.1 0-2 .9-2 2v14h2V3h12V1zm3 4H8c-1.1 0-2 .9-2 2v14c0 1.1.9 2 2 2h11c1.1 0 2-.9 2-2V7c0-1.1-.9-2-2-2zm0 16H8V7h11v14z"/&gt;&lt;/svg&gt;            &lt;/span&gt;
        &lt;/span&gt;
    &lt;/div&gt;
    &lt;div id="trace-html-1-22" class="trace-code sf-toggle-content"&gt;
        &lt;ol start="673"&gt;&lt;li&gt;&lt;code&gt;&lt;span style="color: var(--highlight-keyword)"&gt;&amp;nbsp;&amp;nbsp;&amp;nbsp;&amp;nbsp;&amp;nbsp;&amp;nbsp;&amp;nbsp;&amp;nbsp;&amp;nbsp;&amp;nbsp;&amp;nbsp;&amp;nbsp;&amp;nbsp;&amp;nbsp;&amp;nbsp;&amp;nbsp;&lt;/span&gt;&lt;span style="color: var(--highlight-default)"&gt;$test&lt;/span&gt;&lt;span style="color: var(--highlight-keyword)"&gt;-&amp;gt;&lt;/span&gt;&lt;span style="color: var(--highlight-default)"&gt;setBackupGlobals&lt;/span&gt;&lt;span style="color: var(--highlight-keyword)"&gt;(&lt;/span&gt;&lt;span style="color: var(--highlight-default)"&gt;$this&lt;/span&gt;&lt;span style="color: var(--highlight-keyword)"&gt;-&amp;gt;&lt;/span&gt;&lt;span style="color: var(--highlight-default)"&gt;backupGlobals&lt;/span&gt;&lt;span style="color: var(--highlight-keyword)"&gt;);&lt;/span&gt;&lt;/code&gt;&lt;/li&gt;
&lt;li&gt;&lt;code&gt;&lt;span style="color: var(--highlight-keyword)"&gt;&amp;nbsp;&amp;nbsp;&amp;nbsp;&amp;nbsp;&amp;nbsp;&amp;nbsp;&amp;nbsp;&amp;nbsp;&amp;nbsp;&amp;nbsp;&amp;nbsp;&amp;nbsp;&amp;nbsp;&amp;nbsp;&amp;nbsp;&amp;nbsp;&lt;/span&gt;&lt;span style="color: var(--highlight-default)"&gt;$test&lt;/span&gt;&lt;span style="color: var(--highlight-keyword)"&gt;-&amp;gt;&lt;/span&gt;&lt;span style="color: var(--highlight-default)"&gt;setBackupStaticAttributes&lt;/span&gt;&lt;span style="color: var(--highlight-keyword)"&gt;(&lt;/span&gt;&lt;span style="color: var(--highlight-default)"&gt;$this&lt;/span&gt;&lt;span style="color: var(--highlight-keyword)"&gt;-&amp;gt;&lt;/span&gt;&lt;span style="color: var(--highlight-default)"&gt;backupStaticAttributes&lt;/span&gt;&lt;span style="color: var(--highlight-keyword)"&gt;);&lt;/span&gt;&lt;/code&gt;&lt;/li&gt;
&lt;li&gt;&lt;code&gt;&lt;span style="color: var(--highlight-keyword)"&gt;&amp;nbsp;&amp;nbsp;&amp;nbsp;&amp;nbsp;&amp;nbsp;&amp;nbsp;&amp;nbsp;&amp;nbsp;&amp;nbsp;&amp;nbsp;&amp;nbsp;&amp;nbsp;&amp;nbsp;&amp;nbsp;&amp;nbsp;&amp;nbsp;&lt;/span&gt;&lt;span style="color: var(--highlight-default)"&gt;$test&lt;/span&gt;&lt;span style="color: var(--highlight-keyword)"&gt;-&amp;gt;&lt;/span&gt;&lt;span style="color: var(--highlight-default)"&gt;setRunTestInSeparateProcess&lt;/span&gt;&lt;span style="color: var(--highlight-keyword)"&gt;(&lt;/span&gt;&lt;span style="color: var(--highlight-default)"&gt;$this&lt;/span&gt;&lt;span style="color: var(--highlight-keyword)"&gt;-&amp;gt;&lt;/span&gt;&lt;span style="color: var(--highlight-default)"&gt;runTestInSeparateProcess&lt;/span&gt;&lt;span style="color: var(--highlight-keyword)"&gt;);&lt;/span&gt;&lt;/code&gt;&lt;/li&gt;
&lt;li&gt;&lt;code&gt;&lt;span style="color: var(--highlight-keyword)"&gt;&amp;nbsp;&amp;nbsp;&amp;nbsp;&amp;nbsp;&amp;nbsp;&amp;nbsp;&amp;nbsp;&amp;nbsp;&amp;nbsp;&amp;nbsp;&amp;nbsp;&amp;nbsp;}&lt;/span&gt;&lt;/code&gt;&lt;/li&gt;
&lt;li&gt;&lt;code&gt;&lt;span style="color: var(--highlight-keyword)"&gt;&lt;/span&gt;&lt;/code&gt;&lt;/li&gt;
&lt;li class="selected"&gt;&lt;code&gt;&lt;span style="color: var(--highlight-keyword)"&gt;&amp;nbsp;&amp;nbsp;&amp;nbsp;&amp;nbsp;&amp;nbsp;&amp;nbsp;&amp;nbsp;&amp;nbsp;&amp;nbsp;&amp;nbsp;&amp;nbsp;&amp;nbsp;&lt;/span&gt;&lt;span style="color: var(--highlight-default)"&gt;$test&lt;/span&gt;&lt;span style="color: var(--highlight-keyword)"&gt;-&amp;gt;&lt;/span&gt;&lt;span style="color: var(--highlight-default)"&gt;run&lt;/span&gt;&lt;span style="color: var(--highlight-keyword)"&gt;(&lt;/span&gt;&lt;span style="color: var(--highlight-default)"&gt;$result&lt;/span&gt;&lt;span style="color: var(--highlight-keyword)"&gt;);&lt;/span&gt;&lt;/code&gt;&lt;/li&gt;
&lt;li&gt;&lt;code&gt;&lt;span style="color: var(--highlight-keyword)"&gt;&amp;nbsp;&amp;nbsp;&amp;nbsp;&amp;nbsp;&amp;nbsp;&amp;nbsp;&amp;nbsp;&amp;nbsp;}&lt;/span&gt;&lt;/code&gt;&lt;/li&gt;
&lt;li&gt;&lt;code&gt;&lt;span style="color: var(--highlight-keyword)"&gt;&lt;/span&gt;&lt;/code&gt;&lt;/li&gt;
&lt;li&gt;&lt;code&gt;&lt;span style="color: var(--highlight-keyword)"&gt;&amp;nbsp;&amp;nbsp;&amp;nbsp;&amp;nbsp;&amp;nbsp;&amp;nbsp;&amp;nbsp;&amp;nbsp;if&amp;nbsp;(&lt;/span&gt;&lt;span style="color: var(--highlight-default)"&gt;$this&lt;/span&gt;&lt;span style="color: var(--highlight-keyword)"&gt;-&amp;gt;&lt;/span&gt;&lt;span style="color: var(--highlight-default)"&gt;testCase&amp;nbsp;&lt;/span&gt;&lt;span style="color: var(--highlight-keyword)"&gt;&amp;amp;&amp;amp;&amp;nbsp;&lt;/span&gt;&lt;span style="color: var(--highlight-default)"&gt;class_exists&lt;/span&gt;&lt;span style="color: var(--highlight-keyword)"&gt;(&lt;/span&gt;&lt;span style="color: var(--highlight-default)"&gt;$this&lt;/span&gt;&lt;span style="color: var(--highlight-keyword)"&gt;-&amp;gt;&lt;/span&gt;&lt;span style="color: var(--highlight-default)"&gt;name&lt;/span&gt;&lt;span style="color: var(--highlight-keyword)"&gt;,&amp;nbsp;&lt;/span&gt;&lt;span style="color: var(--highlight-default)"&gt;false&lt;/span&gt;&lt;span style="color: var(--highlight-keyword)"&gt;))&amp;nbsp;{&lt;/span&gt;&lt;/code&gt;&lt;/li&gt;
&lt;li&gt;&lt;code&gt;&lt;span style="color: var(--highlight-keyword)"&gt;&amp;nbsp;&amp;nbsp;&amp;nbsp;&amp;nbsp;&amp;nbsp;&amp;nbsp;&amp;nbsp;&amp;nbsp;&amp;nbsp;&amp;nbsp;&amp;nbsp;&amp;nbsp;foreach&amp;nbsp;(&lt;/span&gt;&lt;span style="color: var(--highlight-default)"&gt;$hookMethods&lt;/span&gt;&lt;span style="color: var(--highlight-keyword)"&gt;[&lt;/span&gt;&lt;span style="color: var(--highlight-string)"&gt;'afterClass'&lt;/span&gt;&lt;span style="color: var(--highlight-keyword)"&gt;]&amp;nbsp;as&amp;nbsp;&lt;/span&gt;&lt;span style="color: var(--highlight-default)"&gt;$afterClassMethod&lt;/span&gt;&lt;span style="color: var(--highlight-keyword)"&gt;)&amp;nbsp;{&lt;/span&gt;&lt;/code&gt;&lt;/li&gt;
&lt;li&gt;&lt;code&gt;&lt;span style="color: var(--highlight-keyword)"&gt;&amp;nbsp;&amp;nbsp;&amp;nbsp;&amp;nbsp;&amp;nbsp;&amp;nbsp;&amp;nbsp;&amp;nbsp;&amp;nbsp;&amp;nbsp;&amp;nbsp;&amp;nbsp;&amp;nbsp;&amp;nbsp;&amp;nbsp;&amp;nbsp;if&amp;nbsp;(&lt;/span&gt;&lt;span style="color: var(--highlight-default)"&gt;method_exists&lt;/span&gt;&lt;span style="color: var(--highlight-keyword)"&gt;(&lt;/span&gt;&lt;span style="color: var(--highlight-default)"&gt;$this&lt;/span&gt;&lt;span style="color: var(--highlight-keyword)"&gt;-&amp;gt;&lt;/span&gt;&lt;span style="color: var(--highlight-default)"&gt;name&lt;/span&gt;&lt;span style="color: var(--highlight-keyword)"&gt;,&amp;nbsp;&lt;/span&gt;&lt;span style="color: var(--highlight-default)"&gt;$afterClassMethod&lt;/span&gt;&lt;span style="color: var(--highlight-keyword)"&gt;))&amp;nbsp;{&lt;/span&gt;&lt;/code&gt;&lt;/li&gt;&lt;/ol&gt;    &lt;/div&gt;            &lt;/div&gt;
                        &lt;div class="trace-line "&gt;
                &lt;div class="trace-line-header break-long-words sf-toggle" data-toggle-selector="#trace-html-1-23" data-toggle-initial=""&gt;
            &lt;span class="icon icon-close"&gt;&lt;svg width="1792" height="1792" viewBox="0 0 1792 1792" xmlns="http://www.w3.org/2000/svg"&gt;&lt;path d="M1408 960V832q0-26-19-45t-45-19H448q-26 0-45 19t-19 45v128q0 26 19 45t45 19h896q26 0 45-19t19-45zm256-544v960q0 119-84.5 203.5T1376 1664H416q-119 0-203.5-84.5T128 1376V416q0-119 84.5-203.5T416 128h960q119 0 203.5 84.5T1664 416z"/&gt;&lt;/svg&gt;&lt;/span&gt;
        &lt;span class="icon icon-open"&gt;&lt;svg width="1792" height="1792" viewBox="0 0 1792 1792" xmlns="http://www.w3.org/2000/svg"&gt;&lt;path d="M1408 960V832q0-26-19-45t-45-19h-320V448q0-26-19-45t-45-19H832q-26 0-45 19t-19 45v320H448q-26 0-45 19t-19 45v128q0 26 19 45t45 19h320v320q0 26 19 45t45 19h128q26 0 45-19t19-45v-320h320q26 0 45-19t19-45zm256-544v960q0 119-84.5 203.5T1376 1664H416q-119 0-203.5-84.5T128 1376V416q0-119 84.5-203.5T416 128h960q119 0 203.5 84.5T1664 416z"/&gt;&lt;/svg&gt;&lt;/span&gt;
    
            &lt;span class="trace-class"&gt;&lt;abbr title="PHPUnit\Framework\TestSuite"&gt;TestSuite&lt;/abbr&gt;&lt;/span&gt;&lt;span class="trace-type"&gt;-&gt;&lt;/span&gt;&lt;span class="trace-method"&gt;run&lt;/span&gt;&lt;span class="trace-arguments"&gt;()&lt;/span&gt;    
                    &lt;span class="block trace-file-path"&gt;
            in
            &lt;a href=""&gt;
                C:\Users\eman\Documents\GitHub\car_dealer\vendor\phpunit\phpunit\src\Framework\&lt;strong&gt;TestSuite.php&lt;/strong&gt;
            &lt;/a&gt;
                        (line 678)
            &lt;span class="icon icon-copy hidden" data-clipboard-text="C:\Users\eman\Documents\GitHub\car_dealer\vendor\phpunit\phpunit\src\Framework\TestSuite.php:678"&gt;
                &lt;svg xmlns="http://www.w3.org/2000/svg" height="24" viewBox="0 0 24 24" width="24"&gt;&lt;path d="M0 0h24v24H0z" fill="none"/&gt;&lt;path d="M16 1H4c-1.1 0-2 .9-2 2v14h2V3h12V1zm3 4H8c-1.1 0-2 .9-2 2v14c0 1.1.9 2 2 2h11c1.1 0 2-.9 2-2V7c0-1.1-.9-2-2-2zm0 16H8V7h11v14z"/&gt;&lt;/svg&gt;            &lt;/span&gt;
        &lt;/span&gt;
    &lt;/div&gt;
    &lt;div id="trace-html-1-23" class="trace-code sf-toggle-content"&gt;
        &lt;ol start="673"&gt;&lt;li&gt;&lt;code&gt;&lt;span style="color: var(--highlight-keyword)"&gt;&amp;nbsp;&amp;nbsp;&amp;nbsp;&amp;nbsp;&amp;nbsp;&amp;nbsp;&amp;nbsp;&amp;nbsp;&amp;nbsp;&amp;nbsp;&amp;nbsp;&amp;nbsp;&amp;nbsp;&amp;nbsp;&amp;nbsp;&amp;nbsp;&lt;/span&gt;&lt;span style="color: var(--highlight-default)"&gt;$test&lt;/span&gt;&lt;span style="color: var(--highlight-keyword)"&gt;-&amp;gt;&lt;/span&gt;&lt;span style="color: var(--highlight-default)"&gt;setBackupGlobals&lt;/span&gt;&lt;span style="color: var(--highlight-keyword)"&gt;(&lt;/span&gt;&lt;span style="color: var(--highlight-default)"&gt;$this&lt;/span&gt;&lt;span style="color: var(--highlight-keyword)"&gt;-&amp;gt;&lt;/span&gt;&lt;span style="color: var(--highlight-default)"&gt;backupGlobals&lt;/span&gt;&lt;span style="color: var(--highlight-keyword)"&gt;);&lt;/span&gt;&lt;/code&gt;&lt;/li&gt;
&lt;li&gt;&lt;code&gt;&lt;span style="color: var(--highlight-keyword)"&gt;&amp;nbsp;&amp;nbsp;&amp;nbsp;&amp;nbsp;&amp;nbsp;&amp;nbsp;&amp;nbsp;&amp;nbsp;&amp;nbsp;&amp;nbsp;&amp;nbsp;&amp;nbsp;&amp;nbsp;&amp;nbsp;&amp;nbsp;&amp;nbsp;&lt;/span&gt;&lt;span style="color: var(--highlight-default)"&gt;$test&lt;/span&gt;&lt;span style="color: var(--highlight-keyword)"&gt;-&amp;gt;&lt;/span&gt;&lt;span style="color: var(--highlight-default)"&gt;setBackupStaticAttributes&lt;/span&gt;&lt;span style="color: var(--highlight-keyword)"&gt;(&lt;/span&gt;&lt;span style="color: var(--highlight-default)"&gt;$this&lt;/span&gt;&lt;span style="color: var(--highlight-keyword)"&gt;-&amp;gt;&lt;/span&gt;&lt;span style="color: var(--highlight-default)"&gt;backupStaticAttributes&lt;/span&gt;&lt;span style="color: var(--highlight-keyword)"&gt;);&lt;/span&gt;&lt;/code&gt;&lt;/li&gt;
&lt;li&gt;&lt;code&gt;&lt;span style="color: var(--highlight-keyword)"&gt;&amp;nbsp;&amp;nbsp;&amp;nbsp;&amp;nbsp;&amp;nbsp;&amp;nbsp;&amp;nbsp;&amp;nbsp;&amp;nbsp;&amp;nbsp;&amp;nbsp;&amp;nbsp;&amp;nbsp;&amp;nbsp;&amp;nbsp;&amp;nbsp;&lt;/span&gt;&lt;span style="color: var(--highlight-default)"&gt;$test&lt;/span&gt;&lt;span style="color: var(--highlight-keyword)"&gt;-&amp;gt;&lt;/span&gt;&lt;span style="color: var(--highlight-default)"&gt;setRunTestInSeparateProcess&lt;/span&gt;&lt;span style="color: var(--highlight-keyword)"&gt;(&lt;/span&gt;&lt;span style="color: var(--highlight-default)"&gt;$this&lt;/span&gt;&lt;span style="color: var(--highlight-keyword)"&gt;-&amp;gt;&lt;/span&gt;&lt;span style="color: var(--highlight-default)"&gt;runTestInSeparateProcess&lt;/span&gt;&lt;span style="color: var(--highlight-keyword)"&gt;);&lt;/span&gt;&lt;/code&gt;&lt;/li&gt;
&lt;li&gt;&lt;code&gt;&lt;span style="color: var(--highlight-keyword)"&gt;&amp;nbsp;&amp;nbsp;&amp;nbsp;&amp;nbsp;&amp;nbsp;&amp;nbsp;&amp;nbsp;&amp;nbsp;&amp;nbsp;&amp;nbsp;&amp;nbsp;&amp;nbsp;}&lt;/span&gt;&lt;/code&gt;&lt;/li&gt;
&lt;li&gt;&lt;code&gt;&lt;span style="color: var(--highlight-keyword)"&gt;&lt;/span&gt;&lt;/code&gt;&lt;/li&gt;
&lt;li class="selected"&gt;&lt;code&gt;&lt;span style="color: var(--highlight-keyword)"&gt;&amp;nbsp;&amp;nbsp;&amp;nbsp;&amp;nbsp;&amp;nbsp;&amp;nbsp;&amp;nbsp;&amp;nbsp;&amp;nbsp;&amp;nbsp;&amp;nbsp;&amp;nbsp;&lt;/span&gt;&lt;span style="color: var(--highlight-default)"&gt;$test&lt;/span&gt;&lt;span style="color: var(--highlight-keyword)"&gt;-&amp;gt;&lt;/span&gt;&lt;span style="color: var(--highlight-default)"&gt;run&lt;/span&gt;&lt;span style="color: var(--highlight-keyword)"&gt;(&lt;/span&gt;&lt;span style="color: var(--highlight-default)"&gt;$result&lt;/span&gt;&lt;span style="color: var(--highlight-keyword)"&gt;);&lt;/span&gt;&lt;/code&gt;&lt;/li&gt;
&lt;li&gt;&lt;code&gt;&lt;span style="color: var(--highlight-keyword)"&gt;&amp;nbsp;&amp;nbsp;&amp;nbsp;&amp;nbsp;&amp;nbsp;&amp;nbsp;&amp;nbsp;&amp;nbsp;}&lt;/span&gt;&lt;/code&gt;&lt;/li&gt;
&lt;li&gt;&lt;code&gt;&lt;span style="color: var(--highlight-keyword)"&gt;&lt;/span&gt;&lt;/code&gt;&lt;/li&gt;
&lt;li&gt;&lt;code&gt;&lt;span style="color: var(--highlight-keyword)"&gt;&amp;nbsp;&amp;nbsp;&amp;nbsp;&amp;nbsp;&amp;nbsp;&amp;nbsp;&amp;nbsp;&amp;nbsp;if&amp;nbsp;(&lt;/span&gt;&lt;span style="color: var(--highlight-default)"&gt;$this&lt;/span&gt;&lt;span style="color: var(--highlight-keyword)"&gt;-&amp;gt;&lt;/span&gt;&lt;span style="color: var(--highlight-default)"&gt;testCase&amp;nbsp;&lt;/span&gt;&lt;span style="color: var(--highlight-keyword)"&gt;&amp;amp;&amp;amp;&amp;nbsp;&lt;/span&gt;&lt;span style="color: var(--highlight-default)"&gt;class_exists&lt;/span&gt;&lt;span style="color: var(--highlight-keyword)"&gt;(&lt;/span&gt;&lt;span style="color: var(--highlight-default)"&gt;$this&lt;/span&gt;&lt;span style="color: var(--highlight-keyword)"&gt;-&amp;gt;&lt;/span&gt;&lt;span style="color: var(--highlight-default)"&gt;name&lt;/span&gt;&lt;span style="color: var(--highlight-keyword)"&gt;,&amp;nbsp;&lt;/span&gt;&lt;span style="color: var(--highlight-default)"&gt;false&lt;/span&gt;&lt;span style="color: var(--highlight-keyword)"&gt;))&amp;nbsp;{&lt;/span&gt;&lt;/code&gt;&lt;/li&gt;
&lt;li&gt;&lt;code&gt;&lt;span style="color: var(--highlight-keyword)"&gt;&amp;nbsp;&amp;nbsp;&amp;nbsp;&amp;nbsp;&amp;nbsp;&amp;nbsp;&amp;nbsp;&amp;nbsp;&amp;nbsp;&amp;nbsp;&amp;nbsp;&amp;nbsp;foreach&amp;nbsp;(&lt;/span&gt;&lt;span style="color: var(--highlight-default)"&gt;$hookMethods&lt;/span&gt;&lt;span style="color: var(--highlight-keyword)"&gt;[&lt;/span&gt;&lt;span style="color: var(--highlight-string)"&gt;'afterClass'&lt;/span&gt;&lt;span style="color: var(--highlight-keyword)"&gt;]&amp;nbsp;as&amp;nbsp;&lt;/span&gt;&lt;span style="color: var(--highlight-default)"&gt;$afterClassMethod&lt;/span&gt;&lt;span style="color: var(--highlight-keyword)"&gt;)&amp;nbsp;{&lt;/span&gt;&lt;/code&gt;&lt;/li&gt;
&lt;li&gt;&lt;code&gt;&lt;span style="color: var(--highlight-keyword)"&gt;&amp;nbsp;&amp;nbsp;&amp;nbsp;&amp;nbsp;&amp;nbsp;&amp;nbsp;&amp;nbsp;&amp;nbsp;&amp;nbsp;&amp;nbsp;&amp;nbsp;&amp;nbsp;&amp;nbsp;&amp;nbsp;&amp;nbsp;&amp;nbsp;if&amp;nbsp;(&lt;/span&gt;&lt;span style="color: var(--highlight-default)"&gt;method_exists&lt;/span&gt;&lt;span style="color: var(--highlight-keyword)"&gt;(&lt;/span&gt;&lt;span style="color: var(--highlight-default)"&gt;$this&lt;/span&gt;&lt;span style="color: var(--highlight-keyword)"&gt;-&amp;gt;&lt;/span&gt;&lt;span style="color: var(--highlight-default)"&gt;name&lt;/span&gt;&lt;span style="color: var(--highlight-keyword)"&gt;,&amp;nbsp;&lt;/span&gt;&lt;span style="color: var(--highlight-default)"&gt;$afterClassMethod&lt;/span&gt;&lt;span style="color: var(--highlight-keyword)"&gt;))&amp;nbsp;{&lt;/span&gt;&lt;/code&gt;&lt;/li&gt;&lt;/ol&gt;    &lt;/div&gt;            &lt;/div&gt;
                        &lt;div class="trace-line "&gt;
                &lt;div class="trace-line-header break-long-words sf-toggle" data-toggle-selector="#trace-html-1-24" data-toggle-initial=""&gt;
            &lt;span class="icon icon-close"&gt;&lt;svg width="1792" height="1792" viewBox="0 0 1792 1792" xmlns="http://www.w3.org/2000/svg"&gt;&lt;path d="M1408 960V832q0-26-19-45t-45-19H448q-26 0-45 19t-19 45v128q0 26 19 45t45 19h896q26 0 45-19t19-45zm256-544v960q0 119-84.5 203.5T1376 1664H416q-119 0-203.5-84.5T128 1376V416q0-119 84.5-203.5T416 128h960q119 0 203.5 84.5T1664 416z"/&gt;&lt;/svg&gt;&lt;/span&gt;
        &lt;span class="icon icon-open"&gt;&lt;svg width="1792" height="1792" viewBox="0 0 1792 1792" xmlns="http://www.w3.org/2000/svg"&gt;&lt;path d="M1408 960V832q0-26-19-45t-45-19h-320V448q0-26-19-45t-45-19H832q-26 0-45 19t-19 45v320H448q-26 0-45 19t-19 45v128q0 26 19 45t45 19h320v320q0 26 19 45t45 19h128q26 0 45-19t19-45v-320h320q26 0 45-19t19-45zm256-544v960q0 119-84.5 203.5T1376 1664H416q-119 0-203.5-84.5T128 1376V416q0-119 84.5-203.5T416 128h960q119 0 203.5 84.5T1664 416z"/&gt;&lt;/svg&gt;&lt;/span&gt;
    
            &lt;span class="trace-class"&gt;&lt;abbr title="PHPUnit\Framework\TestSuite"&gt;TestSuite&lt;/abbr&gt;&lt;/span&gt;&lt;span class="trace-type"&gt;-&gt;&lt;/span&gt;&lt;span class="trace-method"&gt;run&lt;/span&gt;&lt;span class="trace-arguments"&gt;()&lt;/span&gt;    
                    &lt;span class="block trace-file-path"&gt;
            in
            &lt;a href=""&gt;
                C:\Users\eman\Documents\GitHub\car_dealer\vendor\phpunit\phpunit\src\TextUI\&lt;strong&gt;TestRunner.php&lt;/strong&gt;
            &lt;/a&gt;
                        (line 670)
            &lt;span class="icon icon-copy hidden" data-clipboard-text="C:\Users\eman\Documents\GitHub\car_dealer\vendor\phpunit\phpunit\src\TextUI\TestRunner.php:670"&gt;
                &lt;svg xmlns="http://www.w3.org/2000/svg" height="24" viewBox="0 0 24 24" width="24"&gt;&lt;path d="M0 0h24v24H0z" fill="none"/&gt;&lt;path d="M16 1H4c-1.1 0-2 .9-2 2v14h2V3h12V1zm3 4H8c-1.1 0-2 .9-2 2v14c0 1.1.9 2 2 2h11c1.1 0 2-.9 2-2V7c0-1.1-.9-2-2-2zm0 16H8V7h11v14z"/&gt;&lt;/svg&gt;            &lt;/span&gt;
        &lt;/span&gt;
    &lt;/div&gt;
    &lt;div id="trace-html-1-24" class="trace-code sf-toggle-content"&gt;
        &lt;ol start="665"&gt;&lt;li&gt;&lt;code&gt;&lt;span style="color: var(--highlight-keyword)"&gt;&lt;/span&gt;&lt;/code&gt;&lt;/li&gt;
&lt;li&gt;&lt;code&gt;&lt;span style="color: var(--highlight-keyword)"&gt;&amp;nbsp;&amp;nbsp;&amp;nbsp;&amp;nbsp;&amp;nbsp;&amp;nbsp;&amp;nbsp;&amp;nbsp;if&amp;nbsp;(&lt;/span&gt;&lt;span style="color: var(--highlight-default)"&gt;$testSuiteWarningsPrinted&lt;/span&gt;&lt;span style="color: var(--highlight-keyword)"&gt;)&amp;nbsp;{&lt;/span&gt;&lt;/code&gt;&lt;/li&gt;
&lt;li&gt;&lt;code&gt;&lt;span style="color: var(--highlight-keyword)"&gt;&amp;nbsp;&amp;nbsp;&amp;nbsp;&amp;nbsp;&amp;nbsp;&amp;nbsp;&amp;nbsp;&amp;nbsp;&amp;nbsp;&amp;nbsp;&amp;nbsp;&amp;nbsp;&lt;/span&gt;&lt;span style="color: var(--highlight-default)"&gt;$this&lt;/span&gt;&lt;span style="color: var(--highlight-keyword)"&gt;-&amp;gt;&lt;/span&gt;&lt;span style="color: var(--highlight-default)"&gt;write&lt;/span&gt;&lt;span style="color: var(--highlight-keyword)"&gt;(&lt;/span&gt;&lt;span style="color: var(--highlight-default)"&gt;PHP_EOL&lt;/span&gt;&lt;span style="color: var(--highlight-keyword)"&gt;);&lt;/span&gt;&lt;/code&gt;&lt;/li&gt;
&lt;li&gt;&lt;code&gt;&lt;span style="color: var(--highlight-keyword)"&gt;&amp;nbsp;&amp;nbsp;&amp;nbsp;&amp;nbsp;&amp;nbsp;&amp;nbsp;&amp;nbsp;&amp;nbsp;}&lt;/span&gt;&lt;/code&gt;&lt;/li&gt;
&lt;li&gt;&lt;code&gt;&lt;span style="color: var(--highlight-keyword)"&gt;&lt;/span&gt;&lt;/code&gt;&lt;/li&gt;
&lt;li class="selected"&gt;&lt;code&gt;&lt;span style="color: var(--highlight-keyword)"&gt;&amp;nbsp;&amp;nbsp;&amp;nbsp;&amp;nbsp;&amp;nbsp;&amp;nbsp;&amp;nbsp;&amp;nbsp;&lt;/span&gt;&lt;span style="color: var(--highlight-default)"&gt;$suite&lt;/span&gt;&lt;span style="color: var(--highlight-keyword)"&gt;-&amp;gt;&lt;/span&gt;&lt;span style="color: var(--highlight-default)"&gt;run&lt;/span&gt;&lt;span style="color: var(--highlight-keyword)"&gt;(&lt;/span&gt;&lt;span style="color: var(--highlight-default)"&gt;$result&lt;/span&gt;&lt;span style="color: var(--highlight-keyword)"&gt;);&lt;/span&gt;&lt;/code&gt;&lt;/li&gt;
&lt;li&gt;&lt;code&gt;&lt;span style="color: var(--highlight-keyword)"&gt;&lt;/span&gt;&lt;/code&gt;&lt;/li&gt;
&lt;li&gt;&lt;code&gt;&lt;span style="color: var(--highlight-keyword)"&gt;&amp;nbsp;&amp;nbsp;&amp;nbsp;&amp;nbsp;&amp;nbsp;&amp;nbsp;&amp;nbsp;&amp;nbsp;foreach&amp;nbsp;(&lt;/span&gt;&lt;span style="color: var(--highlight-default)"&gt;$this&lt;/span&gt;&lt;span style="color: var(--highlight-keyword)"&gt;-&amp;gt;&lt;/span&gt;&lt;span style="color: var(--highlight-default)"&gt;extensions&amp;nbsp;&lt;/span&gt;&lt;span style="color: var(--highlight-keyword)"&gt;as&amp;nbsp;&lt;/span&gt;&lt;span style="color: var(--highlight-default)"&gt;$extension&lt;/span&gt;&lt;span style="color: var(--highlight-keyword)"&gt;)&amp;nbsp;{&lt;/span&gt;&lt;/code&gt;&lt;/li&gt;
&lt;li&gt;&lt;code&gt;&lt;span style="color: var(--highlight-keyword)"&gt;&amp;nbsp;&amp;nbsp;&amp;nbsp;&amp;nbsp;&amp;nbsp;&amp;nbsp;&amp;nbsp;&amp;nbsp;&amp;nbsp;&amp;nbsp;&amp;nbsp;&amp;nbsp;if&amp;nbsp;(&lt;/span&gt;&lt;span style="color: var(--highlight-default)"&gt;$extension&amp;nbsp;&lt;/span&gt;&lt;span style="color: var(--highlight-keyword)"&gt;instanceof&amp;nbsp;&lt;/span&gt;&lt;span style="color: var(--highlight-default)"&gt;AfterLastTestHook&lt;/span&gt;&lt;span style="color: var(--highlight-keyword)"&gt;)&amp;nbsp;{&lt;/span&gt;&lt;/code&gt;&lt;/li&gt;
&lt;li&gt;&lt;code&gt;&lt;span style="color: var(--highlight-keyword)"&gt;&amp;nbsp;&amp;nbsp;&amp;nbsp;&amp;nbsp;&amp;nbsp;&amp;nbsp;&amp;nbsp;&amp;nbsp;&amp;nbsp;&amp;nbsp;&amp;nbsp;&amp;nbsp;&amp;nbsp;&amp;nbsp;&amp;nbsp;&amp;nbsp;&lt;/span&gt;&lt;span style="color: var(--highlight-default)"&gt;$extension&lt;/span&gt;&lt;span style="color: var(--highlight-keyword)"&gt;-&amp;gt;&lt;/span&gt;&lt;span style="color: var(--highlight-default)"&gt;executeAfterLastTest&lt;/span&gt;&lt;span style="color: var(--highlight-keyword)"&gt;();&lt;/span&gt;&lt;/code&gt;&lt;/li&gt;
&lt;li&gt;&lt;code&gt;&lt;span style="color: var(--highlight-keyword)"&gt;&amp;nbsp;&amp;nbsp;&amp;nbsp;&amp;nbsp;&amp;nbsp;&amp;nbsp;&amp;nbsp;&amp;nbsp;&amp;nbsp;&amp;nbsp;&amp;nbsp;&amp;nbsp;}&lt;/span&gt;&lt;/code&gt;&lt;/li&gt;&lt;/ol&gt;    &lt;/div&gt;            &lt;/div&gt;
                        &lt;div class="trace-line "&gt;
                &lt;div class="trace-line-header break-long-words sf-toggle" data-toggle-selector="#trace-html-1-25" data-toggle-initial=""&gt;
            &lt;span class="icon icon-close"&gt;&lt;svg width="1792" height="1792" viewBox="0 0 1792 1792" xmlns="http://www.w3.org/2000/svg"&gt;&lt;path d="M1408 960V832q0-26-19-45t-45-19H448q-26 0-45 19t-19 45v128q0 26 19 45t45 19h896q26 0 45-19t19-45zm256-544v960q0 119-84.5 203.5T1376 1664H416q-119 0-203.5-84.5T128 1376V416q0-119 84.5-203.5T416 128h960q119 0 203.5 84.5T1664 416z"/&gt;&lt;/svg&gt;&lt;/span&gt;
        &lt;span class="icon icon-open"&gt;&lt;svg width="1792" height="1792" viewBox="0 0 1792 1792" xmlns="http://www.w3.org/2000/svg"&gt;&lt;path d="M1408 960V832q0-26-19-45t-45-19h-320V448q0-26-19-45t-45-19H832q-26 0-45 19t-19 45v320H448q-26 0-45 19t-19 45v128q0 26 19 45t45 19h320v320q0 26 19 45t45 19h128q26 0 45-19t19-45v-320h320q26 0 45-19t19-45zm256-544v960q0 119-84.5 203.5T1376 1664H416q-119 0-203.5-84.5T128 1376V416q0-119 84.5-203.5T416 128h960q119 0 203.5 84.5T1664 416z"/&gt;&lt;/svg&gt;&lt;/span&gt;
    
            &lt;span class="trace-class"&gt;&lt;abbr title="PHPUnit\TextUI\TestRunner"&gt;TestRunner&lt;/abbr&gt;&lt;/span&gt;&lt;span class="trace-type"&gt;-&gt;&lt;/span&gt;&lt;span class="trace-method"&gt;run&lt;/span&gt;&lt;span class="trace-arguments"&gt;()&lt;/span&gt;    
                    &lt;span class="block trace-file-path"&gt;
            in
            &lt;a href=""&gt;
                C:\Users\eman\Documents\GitHub\car_dealer\vendor\phpunit\phpunit\src\TextUI\&lt;strong&gt;Command.php&lt;/strong&gt;
            &lt;/a&gt;
                        (line 143)
            &lt;span class="icon icon-copy hidden" data-clipboard-text="C:\Users\eman\Documents\GitHub\car_dealer\vendor\phpunit\phpunit\src\TextUI\Command.php:143"&gt;
                &lt;svg xmlns="http://www.w3.org/2000/svg" height="24" viewBox="0 0 24 24" width="24"&gt;&lt;path d="M0 0h24v24H0z" fill="none"/&gt;&lt;path d="M16 1H4c-1.1 0-2 .9-2 2v14h2V3h12V1zm3 4H8c-1.1 0-2 .9-2 2v14c0 1.1.9 2 2 2h11c1.1 0 2-.9 2-2V7c0-1.1-.9-2-2-2zm0 16H8V7h11v14z"/&gt;&lt;/svg&gt;            &lt;/span&gt;
        &lt;/span&gt;
    &lt;/div&gt;
    &lt;div id="trace-html-1-25" class="trace-code sf-toggle-content"&gt;
        &lt;ol start="138"&gt;&lt;li&gt;&lt;code&gt;&lt;span style="color: var(--highlight-keyword)"&gt;&amp;nbsp;&amp;nbsp;&amp;nbsp;&amp;nbsp;&amp;nbsp;&amp;nbsp;&amp;nbsp;&amp;nbsp;}&lt;/span&gt;&lt;/code&gt;&lt;/li&gt;
&lt;li&gt;&lt;code&gt;&lt;span style="color: var(--highlight-keyword)"&gt;&lt;/span&gt;&lt;/code&gt;&lt;/li&gt;
&lt;li&gt;&lt;code&gt;&lt;span style="color: var(--highlight-keyword)"&gt;&amp;nbsp;&amp;nbsp;&amp;nbsp;&amp;nbsp;&amp;nbsp;&amp;nbsp;&amp;nbsp;&amp;nbsp;unset(&lt;/span&gt;&lt;span style="color: var(--highlight-default)"&gt;$this&lt;/span&gt;&lt;span style="color: var(--highlight-keyword)"&gt;-&amp;gt;&lt;/span&gt;&lt;span style="color: var(--highlight-default)"&gt;arguments&lt;/span&gt;&lt;span style="color: var(--highlight-keyword)"&gt;[&lt;/span&gt;&lt;span style="color: var(--highlight-string)"&gt;'test'&lt;/span&gt;&lt;span style="color: var(--highlight-keyword)"&gt;],&amp;nbsp;&lt;/span&gt;&lt;span style="color: var(--highlight-default)"&gt;$this&lt;/span&gt;&lt;span style="color: var(--highlight-keyword)"&gt;-&amp;gt;&lt;/span&gt;&lt;span style="color: var(--highlight-default)"&gt;arguments&lt;/span&gt;&lt;span style="color: var(--highlight-keyword)"&gt;[&lt;/span&gt;&lt;span style="color: var(--highlight-string)"&gt;'testFile'&lt;/span&gt;&lt;span style="color: var(--highlight-keyword)"&gt;]);&lt;/span&gt;&lt;/code&gt;&lt;/li&gt;
&lt;li&gt;&lt;code&gt;&lt;span style="color: var(--highlight-keyword)"&gt;&lt;/span&gt;&lt;/code&gt;&lt;/li&gt;
&lt;li&gt;&lt;code&gt;&lt;span style="color: var(--highlight-keyword)"&gt;&amp;nbsp;&amp;nbsp;&amp;nbsp;&amp;nbsp;&amp;nbsp;&amp;nbsp;&amp;nbsp;&amp;nbsp;try&amp;nbsp;{&lt;/span&gt;&lt;/code&gt;&lt;/li&gt;
&lt;li class="selected"&gt;&lt;code&gt;&lt;span style="color: var(--highlight-keyword)"&gt;&amp;nbsp;&amp;nbsp;&amp;nbsp;&amp;nbsp;&amp;nbsp;&amp;nbsp;&amp;nbsp;&amp;nbsp;&amp;nbsp;&amp;nbsp;&amp;nbsp;&amp;nbsp;&lt;/span&gt;&lt;span style="color: var(--highlight-default)"&gt;$result&amp;nbsp;&lt;/span&gt;&lt;span style="color: var(--highlight-keyword)"&gt;=&amp;nbsp;&lt;/span&gt;&lt;span style="color: var(--highlight-default)"&gt;$runner&lt;/span&gt;&lt;span style="color: var(--highlight-keyword)"&gt;-&amp;gt;&lt;/span&gt;&lt;span style="color: var(--highlight-default)"&gt;run&lt;/span&gt;&lt;span style="color: var(--highlight-keyword)"&gt;(&lt;/span&gt;&lt;span style="color: var(--highlight-default)"&gt;$suite&lt;/span&gt;&lt;span style="color: var(--highlight-keyword)"&gt;,&amp;nbsp;&lt;/span&gt;&lt;span style="color: var(--highlight-default)"&gt;$this&lt;/span&gt;&lt;span style="color: var(--highlight-keyword)"&gt;-&amp;gt;&lt;/span&gt;&lt;span style="color: var(--highlight-default)"&gt;arguments&lt;/span&gt;&lt;span style="color: var(--highlight-keyword)"&gt;,&amp;nbsp;&lt;/span&gt;&lt;span style="color: var(--highlight-default)"&gt;$this&lt;/span&gt;&lt;span style="color: var(--highlight-keyword)"&gt;-&amp;gt;&lt;/span&gt;&lt;span style="color: var(--highlight-default)"&gt;warnings&lt;/span&gt;&lt;span style="color: var(--highlight-keyword)"&gt;,&amp;nbsp;&lt;/span&gt;&lt;span style="color: var(--highlight-default)"&gt;$exit&lt;/span&gt;&lt;span style="color: var(--highlight-keyword)"&gt;);&lt;/span&gt;&lt;/code&gt;&lt;/li&gt;
&lt;li&gt;&lt;code&gt;&lt;span style="color: var(--highlight-keyword)"&gt;&amp;nbsp;&amp;nbsp;&amp;nbsp;&amp;nbsp;&amp;nbsp;&amp;nbsp;&amp;nbsp;&amp;nbsp;}&amp;nbsp;catch&amp;nbsp;(&lt;/span&gt;&lt;span style="color: var(--highlight-default)"&gt;Throwable&amp;nbsp;$t&lt;/span&gt;&lt;span style="color: var(--highlight-keyword)"&gt;)&amp;nbsp;{&lt;/span&gt;&lt;/code&gt;&lt;/li&gt;
&lt;li&gt;&lt;code&gt;&lt;span style="color: var(--highlight-keyword)"&gt;&amp;nbsp;&amp;nbsp;&amp;nbsp;&amp;nbsp;&amp;nbsp;&amp;nbsp;&amp;nbsp;&amp;nbsp;&amp;nbsp;&amp;nbsp;&amp;nbsp;&amp;nbsp;print&amp;nbsp;&lt;/span&gt;&lt;span style="color: var(--highlight-default)"&gt;$t&lt;/span&gt;&lt;span style="color: var(--highlight-keyword)"&gt;-&amp;gt;&lt;/span&gt;&lt;span style="color: var(--highlight-default)"&gt;getMessage&lt;/span&gt;&lt;span style="color: var(--highlight-keyword)"&gt;()&amp;nbsp;.&amp;nbsp;&lt;/span&gt;&lt;span style="color: var(--highlight-default)"&gt;PHP_EOL&lt;/span&gt;&lt;span style="color: var(--highlight-keyword)"&gt;;&lt;/span&gt;&lt;/code&gt;&lt;/li&gt;
&lt;li&gt;&lt;code&gt;&lt;span style="color: var(--highlight-keyword)"&gt;&amp;nbsp;&amp;nbsp;&amp;nbsp;&amp;nbsp;&amp;nbsp;&amp;nbsp;&amp;nbsp;&amp;nbsp;}&lt;/span&gt;&lt;/code&gt;&lt;/li&gt;
&lt;li&gt;&lt;code&gt;&lt;span style="color: var(--highlight-keyword)"&gt;&lt;/span&gt;&lt;/code&gt;&lt;/li&gt;
&lt;li&gt;&lt;code&gt;&lt;span style="color: var(--highlight-keyword)"&gt;&amp;nbsp;&amp;nbsp;&amp;nbsp;&amp;nbsp;&amp;nbsp;&amp;nbsp;&amp;nbsp;&amp;nbsp;&lt;/span&gt;&lt;span style="color: var(--highlight-default)"&gt;$return&amp;nbsp;&lt;/span&gt;&lt;span style="color: var(--highlight-keyword)"&gt;=&amp;nbsp;&lt;/span&gt;&lt;span style="color: var(--highlight-default)"&gt;TestRunner&lt;/span&gt;&lt;span style="color: var(--highlight-keyword)"&gt;::&lt;/span&gt;&lt;span style="color: var(--highlight-default)"&gt;FAILURE_EXIT&lt;/span&gt;&lt;span style="color: var(--highlight-keyword)"&gt;;&lt;/span&gt;&lt;/code&gt;&lt;/li&gt;&lt;/ol&gt;    &lt;/div&gt;            &lt;/div&gt;
                        &lt;div class="trace-line "&gt;
                &lt;div class="trace-line-header break-long-words sf-toggle" data-toggle-selector="#trace-html-1-26" data-toggle-initial=""&gt;
            &lt;span class="icon icon-close"&gt;&lt;svg width="1792" height="1792" viewBox="0 0 1792 1792" xmlns="http://www.w3.org/2000/svg"&gt;&lt;path d="M1408 960V832q0-26-19-45t-45-19H448q-26 0-45 19t-19 45v128q0 26 19 45t45 19h896q26 0 45-19t19-45zm256-544v960q0 119-84.5 203.5T1376 1664H416q-119 0-203.5-84.5T128 1376V416q0-119 84.5-203.5T416 128h960q119 0 203.5 84.5T1664 416z"/&gt;&lt;/svg&gt;&lt;/span&gt;
        &lt;span class="icon icon-open"&gt;&lt;svg width="1792" height="1792" viewBox="0 0 1792 1792" xmlns="http://www.w3.org/2000/svg"&gt;&lt;path d="M1408 960V832q0-26-19-45t-45-19h-320V448q0-26-19-45t-45-19H832q-26 0-45 19t-19 45v320H448q-26 0-45 19t-19 45v128q0 26 19 45t45 19h320v320q0 26 19 45t45 19h128q26 0 45-19t19-45v-320h320q26 0 45-19t19-45zm256-544v960q0 119-84.5 203.5T1376 1664H416q-119 0-203.5-84.5T128 1376V416q0-119 84.5-203.5T416 128h960q119 0 203.5 84.5T1664 416z"/&gt;&lt;/svg&gt;&lt;/span&gt;
    
            &lt;span class="trace-class"&gt;&lt;abbr title="PHPUnit\TextUI\Command"&gt;Command&lt;/abbr&gt;&lt;/span&gt;&lt;span class="trace-type"&gt;-&gt;&lt;/span&gt;&lt;span class="trace-method"&gt;run&lt;/span&gt;&lt;span class="trace-arguments"&gt;()&lt;/span&gt;    
                    &lt;span class="block trace-file-path"&gt;
            in
            &lt;a href=""&gt;
                C:\Users\eman\Documents\GitHub\car_dealer\vendor\phpunit\phpunit\src\TextUI\&lt;strong&gt;Command.php&lt;/strong&gt;
            &lt;/a&gt;
                        (line 96)
            &lt;span class="icon icon-copy hidden" data-clipboard-text="C:\Users\eman\Documents\GitHub\car_dealer\vendor\phpunit\phpunit\src\TextUI\Command.php:96"&gt;
                &lt;svg xmlns="http://www.w3.org/2000/svg" height="24" viewBox="0 0 24 24" width="24"&gt;&lt;path d="M0 0h24v24H0z" fill="none"/&gt;&lt;path d="M16 1H4c-1.1 0-2 .9-2 2v14h2V3h12V1zm3 4H8c-1.1 0-2 .9-2 2v14c0 1.1.9 2 2 2h11c1.1 0 2-.9 2-2V7c0-1.1-.9-2-2-2zm0 16H8V7h11v14z"/&gt;&lt;/svg&gt;            &lt;/span&gt;
        &lt;/span&gt;
    &lt;/div&gt;
    &lt;div id="trace-html-1-26" class="trace-code sf-toggle-content"&gt;
        &lt;ol start="91"&gt;&lt;li&gt;&lt;code&gt;&lt;span style="color: var(--highlight-comment)"&gt;&amp;nbsp;&amp;nbsp;&amp;nbsp;&amp;nbsp;&amp;nbsp;*&amp;nbsp;@throws&amp;nbsp;Exception&lt;/span&gt;&lt;/code&gt;&lt;/li&gt;
&lt;li&gt;&lt;code&gt;&lt;span style="color: var(--highlight-comment)"&gt;&amp;nbsp;&amp;nbsp;&amp;nbsp;&amp;nbsp;&amp;nbsp;*/&lt;/span&gt;&lt;/code&gt;&lt;/li&gt;
&lt;li&gt;&lt;code&gt;&lt;span style="color: var(--highlight-comment)"&gt;&amp;nbsp;&amp;nbsp;&amp;nbsp;&amp;nbsp;&lt;/span&gt;&lt;span style="color: var(--highlight-keyword)"&gt;public&amp;nbsp;static&amp;nbsp;function&amp;nbsp;&lt;/span&gt;&lt;span style="color: var(--highlight-default)"&gt;main&lt;/span&gt;&lt;span style="color: var(--highlight-keyword)"&gt;(&lt;/span&gt;&lt;span style="color: var(--highlight-default)"&gt;bool&amp;nbsp;$exit&amp;nbsp;&lt;/span&gt;&lt;span style="color: var(--highlight-keyword)"&gt;=&amp;nbsp;&lt;/span&gt;&lt;span style="color: var(--highlight-default)"&gt;true&lt;/span&gt;&lt;span style="color: var(--highlight-keyword)"&gt;):&amp;nbsp;&lt;/span&gt;&lt;span style="color: var(--highlight-default)"&gt;int&lt;/span&gt;&lt;/code&gt;&lt;/li&gt;
&lt;li&gt;&lt;code&gt;&lt;span style="color: var(--highlight-default)"&gt;&amp;nbsp;&amp;nbsp;&amp;nbsp;&amp;nbsp;&lt;/span&gt;&lt;span style="color: var(--highlight-keyword)"&gt;{&lt;/span&gt;&lt;/code&gt;&lt;/li&gt;
&lt;li&gt;&lt;code&gt;&lt;span style="color: var(--highlight-keyword)"&gt;&amp;nbsp;&amp;nbsp;&amp;nbsp;&amp;nbsp;&amp;nbsp;&amp;nbsp;&amp;nbsp;&amp;nbsp;try&amp;nbsp;{&lt;/span&gt;&lt;/code&gt;&lt;/li&gt;
&lt;li class="selected"&gt;&lt;code&gt;&lt;span style="color: var(--highlight-keyword)"&gt;&amp;nbsp;&amp;nbsp;&amp;nbsp;&amp;nbsp;&amp;nbsp;&amp;nbsp;&amp;nbsp;&amp;nbsp;&amp;nbsp;&amp;nbsp;&amp;nbsp;&amp;nbsp;return&amp;nbsp;(new&amp;nbsp;static)-&amp;gt;&lt;/span&gt;&lt;span style="color: var(--highlight-default)"&gt;run&lt;/span&gt;&lt;span style="color: var(--highlight-keyword)"&gt;(&lt;/span&gt;&lt;span style="color: var(--highlight-default)"&gt;$_SERVER&lt;/span&gt;&lt;span style="color: var(--highlight-keyword)"&gt;[&lt;/span&gt;&lt;span style="color: var(--highlight-string)"&gt;'argv'&lt;/span&gt;&lt;span style="color: var(--highlight-keyword)"&gt;],&amp;nbsp;&lt;/span&gt;&lt;span style="color: var(--highlight-default)"&gt;$exit&lt;/span&gt;&lt;span style="color: var(--highlight-keyword)"&gt;);&lt;/span&gt;&lt;/code&gt;&lt;/li&gt;
&lt;li&gt;&lt;code&gt;&lt;span style="color: var(--highlight-keyword)"&gt;&amp;nbsp;&amp;nbsp;&amp;nbsp;&amp;nbsp;&amp;nbsp;&amp;nbsp;&amp;nbsp;&amp;nbsp;}&amp;nbsp;catch&amp;nbsp;(&lt;/span&gt;&lt;span style="color: var(--highlight-default)"&gt;Throwable&amp;nbsp;$t&lt;/span&gt;&lt;span style="color: var(--highlight-keyword)"&gt;)&amp;nbsp;{&lt;/span&gt;&lt;/code&gt;&lt;/li&gt;
&lt;li&gt;&lt;code&gt;&lt;span style="color: var(--highlight-keyword)"&gt;&amp;nbsp;&amp;nbsp;&amp;nbsp;&amp;nbsp;&amp;nbsp;&amp;nbsp;&amp;nbsp;&amp;nbsp;&amp;nbsp;&amp;nbsp;&amp;nbsp;&amp;nbsp;throw&amp;nbsp;new&amp;nbsp;&lt;/span&gt;&lt;span style="color: var(--highlight-default)"&gt;RuntimeException&lt;/span&gt;&lt;span style="color: var(--highlight-keyword)"&gt;(&lt;/span&gt;&lt;/code&gt;&lt;/li&gt;
&lt;li&gt;&lt;code&gt;&lt;span style="color: var(--highlight-keyword)"&gt;&amp;nbsp;&amp;nbsp;&amp;nbsp;&amp;nbsp;&amp;nbsp;&amp;nbsp;&amp;nbsp;&amp;nbsp;&amp;nbsp;&amp;nbsp;&amp;nbsp;&amp;nbsp;&amp;nbsp;&amp;nbsp;&amp;nbsp;&amp;nbsp;&lt;/span&gt;&lt;span style="color: var(--highlight-default)"&gt;$t&lt;/span&gt;&lt;span style="color: var(--highlight-keyword)"&gt;-&amp;gt;&lt;/span&gt;&lt;span style="color: var(--highlight-default)"&gt;getMessage&lt;/span&gt;&lt;span style="color: var(--highlight-keyword)"&gt;(),&lt;/span&gt;&lt;/code&gt;&lt;/li&gt;
&lt;li&gt;&lt;code&gt;&lt;span style="color: var(--highlight-keyword)"&gt;&amp;nbsp;&amp;nbsp;&amp;nbsp;&amp;nbsp;&amp;nbsp;&amp;nbsp;&amp;nbsp;&amp;nbsp;&amp;nbsp;&amp;nbsp;&amp;nbsp;&amp;nbsp;&amp;nbsp;&amp;nbsp;&amp;nbsp;&amp;nbsp;(int)&amp;nbsp;&lt;/span&gt;&lt;span style="color: var(--highlight-default)"&gt;$t&lt;/span&gt;&lt;span style="color: var(--highlight-keyword)"&gt;-&amp;gt;&lt;/span&gt;&lt;span style="color: var(--highlight-default)"&gt;getCode&lt;/span&gt;&lt;span style="color: var(--highlight-keyword)"&gt;(),&lt;/span&gt;&lt;/code&gt;&lt;/li&gt;
&lt;li&gt;&lt;code&gt;&lt;span style="color: var(--highlight-keyword)"&gt;&amp;nbsp;&amp;nbsp;&amp;nbsp;&amp;nbsp;&amp;nbsp;&amp;nbsp;&amp;nbsp;&amp;nbsp;&amp;nbsp;&amp;nbsp;&amp;nbsp;&amp;nbsp;&amp;nbsp;&amp;nbsp;&amp;nbsp;&amp;nbsp;&lt;/span&gt;&lt;span style="color: var(--highlight-default)"&gt;$t&lt;/span&gt;&lt;/code&gt;&lt;/li&gt;&lt;/ol&gt;    &lt;/div&gt;            &lt;/div&gt;
                        &lt;div class="trace-line "&gt;
                &lt;div class="trace-line-header break-long-words sf-toggle" data-toggle-selector="#trace-html-1-27" data-toggle-initial=""&gt;
            &lt;span class="icon icon-close"&gt;&lt;svg width="1792" height="1792" viewBox="0 0 1792 1792" xmlns="http://www.w3.org/2000/svg"&gt;&lt;path d="M1408 960V832q0-26-19-45t-45-19H448q-26 0-45 19t-19 45v128q0 26 19 45t45 19h896q26 0 45-19t19-45zm256-544v960q0 119-84.5 203.5T1376 1664H416q-119 0-203.5-84.5T128 1376V416q0-119 84.5-203.5T416 128h960q119 0 203.5 84.5T1664 416z"/&gt;&lt;/svg&gt;&lt;/span&gt;
        &lt;span class="icon icon-open"&gt;&lt;svg width="1792" height="1792" viewBox="0 0 1792 1792" xmlns="http://www.w3.org/2000/svg"&gt;&lt;path d="M1408 960V832q0-26-19-45t-45-19h-320V448q0-26-19-45t-45-19H832q-26 0-45 19t-19 45v320H448q-26 0-45 19t-19 45v128q0 26 19 45t45 19h320v320q0 26 19 45t45 19h128q26 0 45-19t19-45v-320h320q26 0 45-19t19-45zm256-544v960q0 119-84.5 203.5T1376 1664H416q-119 0-203.5-84.5T128 1376V416q0-119 84.5-203.5T416 128h960q119 0 203.5 84.5T1664 416z"/&gt;&lt;/svg&gt;&lt;/span&gt;
    
            &lt;span class="trace-class"&gt;&lt;abbr title="PHPUnit\TextUI\Command"&gt;Command&lt;/abbr&gt;&lt;/span&gt;&lt;span class="trace-type"&gt;::&lt;/span&gt;&lt;span class="trace-method"&gt;main&lt;/span&gt;&lt;span class="trace-arguments"&gt;()&lt;/span&gt;    
                    &lt;span class="block trace-file-path"&gt;
            in
            &lt;a href=""&gt;
                C:\Users\eman\Documents\GitHub\car_dealer\bin\&lt;strong&gt;phpunit&lt;/strong&gt;
            &lt;/a&gt;
                        (line 11)
            &lt;span class="icon icon-copy hidden" data-clipboard-text="C:\Users\eman\Documents\GitHub\car_dealer\bin\phpunit:11"&gt;
                &lt;svg xmlns="http://www.w3.org/2000/svg" height="24" viewBox="0 0 24 24" width="24"&gt;&lt;path d="M0 0h24v24H0z" fill="none"/&gt;&lt;path d="M16 1H4c-1.1 0-2 .9-2 2v14h2V3h12V1zm3 4H8c-1.1 0-2 .9-2 2v14c0 1.1.9 2 2 2h11c1.1 0 2-.9 2-2V7c0-1.1-.9-2-2-2zm0 16H8V7h11v14z"/&gt;&lt;/svg&gt;            &lt;/span&gt;
        &lt;/span&gt;
    &lt;/div&gt;
    &lt;div id="trace-html-1-27" class="trace-code sf-toggle-content"&gt;
        &lt;ol start="6"&gt;&lt;li&gt;&lt;code&gt;&lt;span style="color: var(--highlight-keyword)"&gt;&lt;/span&gt;&lt;/code&gt;&lt;/li&gt;
&lt;li&gt;&lt;code&gt;&lt;span style="color: var(--highlight-keyword)"&gt;if&amp;nbsp;(&lt;/span&gt;&lt;span style="color: var(--highlight-default)"&gt;is_file&lt;/span&gt;&lt;span style="color: var(--highlight-keyword)"&gt;(&lt;/span&gt;&lt;span style="color: var(--highlight-default)"&gt;dirname&lt;/span&gt;&lt;span style="color: var(--highlight-keyword)"&gt;(&lt;/span&gt;&lt;span style="color: var(--highlight-default)"&gt;__DIR__&lt;/span&gt;&lt;span style="color: var(--highlight-keyword)"&gt;).&lt;/span&gt;&lt;span style="color: var(--highlight-string)"&gt;'/vendor/phpunit/phpunit/phpunit'&lt;/span&gt;&lt;span style="color: var(--highlight-keyword)"&gt;))&amp;nbsp;{&lt;/span&gt;&lt;/code&gt;&lt;/li&gt;
&lt;li&gt;&lt;code&gt;&lt;span style="color: var(--highlight-keyword)"&gt;&amp;nbsp;&amp;nbsp;&amp;nbsp;&amp;nbsp;&lt;/span&gt;&lt;span style="color: var(--highlight-default)"&gt;define&lt;/span&gt;&lt;span style="color: var(--highlight-keyword)"&gt;(&lt;/span&gt;&lt;span style="color: var(--highlight-string)"&gt;'PHPUNIT_COMPOSER_INSTALL'&lt;/span&gt;&lt;span style="color: var(--highlight-keyword)"&gt;,&amp;nbsp;&lt;/span&gt;&lt;span style="color: var(--highlight-default)"&gt;dirname&lt;/span&gt;&lt;span style="color: var(--highlight-keyword)"&gt;(&lt;/span&gt;&lt;span style="color: var(--highlight-default)"&gt;__DIR__&lt;/span&gt;&lt;span style="color: var(--highlight-keyword)"&gt;).&lt;/span&gt;&lt;span style="color: var(--highlight-string)"&gt;'/vendor/autoload.php'&lt;/span&gt;&lt;span style="color: var(--highlight-keyword)"&gt;);&lt;/span&gt;&lt;/code&gt;&lt;/li&gt;
&lt;li&gt;&lt;code&gt;&lt;span style="color: var(--highlight-keyword)"&gt;&amp;nbsp;&amp;nbsp;&amp;nbsp;&amp;nbsp;require&amp;nbsp;&lt;/span&gt;&lt;span style="color: var(--highlight-default)"&gt;PHPUNIT_COMPOSER_INSTALL&lt;/span&gt;&lt;span style="color: var(--highlight-keyword)"&gt;;&lt;/span&gt;&lt;/code&gt;&lt;/li&gt;
&lt;li&gt;&lt;code&gt;&lt;span style="color: var(--highlight-keyword)"&gt;&amp;nbsp;&amp;nbsp;&amp;nbsp;&amp;nbsp;&lt;/span&gt;&lt;span style="color: var(--highlight-default)"&gt;PHPUnit\TextUI\Command&lt;/span&gt;&lt;span style="color: var(--highlight-keyword)"&gt;::&lt;/span&gt;&lt;span style="color: var(--highlight-default)"&gt;main&lt;/span&gt;&lt;span style="color: var(--highlight-keyword)"&gt;();&lt;/span&gt;&lt;/code&gt;&lt;/li&gt;
&lt;li class="selected"&gt;&lt;code&gt;&lt;span style="color: var(--highlight-keyword)"&gt;}&amp;nbsp;else&amp;nbsp;{&lt;/span&gt;&lt;/code&gt;&lt;/li&gt;
&lt;li&gt;&lt;code&gt;&lt;span style="color: var(--highlight-keyword)"&gt;&amp;nbsp;&amp;nbsp;&amp;nbsp;&amp;nbsp;if&amp;nbsp;(!&lt;/span&gt;&lt;span style="color: var(--highlight-default)"&gt;is_file&lt;/span&gt;&lt;span style="color: var(--highlight-keyword)"&gt;(&lt;/span&gt;&lt;span style="color: var(--highlight-default)"&gt;dirname&lt;/span&gt;&lt;span style="color: var(--highlight-keyword)"&gt;(&lt;/span&gt;&lt;span style="color: var(--highlight-default)"&gt;__DIR__&lt;/span&gt;&lt;span style="color: var(--highlight-keyword)"&gt;).&lt;/span&gt;&lt;span style="color: var(--highlight-string)"&gt;'/vendor/symfony/phpunit-bridge/bin/simple-phpunit.php'&lt;/span&gt;&lt;span style="color: var(--highlight-keyword)"&gt;))&amp;nbsp;{&lt;/span&gt;&lt;/code&gt;&lt;/li&gt;
&lt;li&gt;&lt;code&gt;&lt;span style="color: var(--highlight-keyword)"&gt;&amp;nbsp;&amp;nbsp;&amp;nbsp;&amp;nbsp;&amp;nbsp;&amp;nbsp;&amp;nbsp;&amp;nbsp;echo&amp;nbsp;&lt;/span&gt;&lt;span style="color: var(--highlight-string)"&gt;"Unable&amp;nbsp;to&amp;nbsp;find&amp;nbsp;the&amp;nbsp;`simple-phpunit.php`&amp;nbsp;script&amp;nbsp;in&amp;nbsp;`vendor/symfony/phpunit-bridge/bin/`.\n"&lt;/span&gt;&lt;span style="color: var(--highlight-keyword)"&gt;;&lt;/span&gt;&lt;/code&gt;&lt;/li&gt;
&lt;li&gt;&lt;code&gt;&lt;span style="color: var(--highlight-keyword)"&gt;&amp;nbsp;&amp;nbsp;&amp;nbsp;&amp;nbsp;&amp;nbsp;&amp;nbsp;&amp;nbsp;&amp;nbsp;exit(&lt;/span&gt;&lt;span style="color: var(--highlight-default)"&gt;1&lt;/span&gt;&lt;span style="color: var(--highlight-keyword)"&gt;);&lt;/span&gt;&lt;/code&gt;&lt;/li&gt;
&lt;li&gt;&lt;code&gt;&lt;span style="color: var(--highlight-keyword)"&gt;&amp;nbsp;&amp;nbsp;&amp;nbsp;&amp;nbsp;}&lt;/span&gt;&lt;/code&gt;&lt;/li&gt;
&lt;li&gt;&lt;code&gt;&lt;span style="color: var(--highlight-keyword)"&gt;&lt;/span&gt;&lt;/code&gt;&lt;/li&gt;&lt;/ol&gt;    &lt;/div&gt;            &lt;/div&gt;
                    &lt;/div&gt;
    &lt;/div&gt;
&lt;/div&gt;&lt;div class="trace trace-as-html" id="trace-box-2"&gt;
    &lt;div class="trace-details"&gt;
        &lt;div class="trace-head"&gt;
            &lt;div class="sf-toggle" data-toggle-selector="#trace-html-2" data-toggle-initial="display"&gt;
                &lt;span class="icon icon-close"&gt;&lt;svg width="1792" height="1792" viewBox="0 0 1792 1792" xmlns="http://www.w3.org/2000/svg"&gt;&lt;path d="M1344 800v64q0 14-9 23t-23 9H480q-14 0-23-9t-9-23v-64q0-14 9-23t23-9h832q14 0 23 9t9 23zm128 448V416q0-66-47-113t-113-47H480q-66 0-113 47t-47 113v832q0 66 47 113t113 47h832q66 0 113-47t47-113zm128-832v832q0 119-84.5 203.5T1312 1536H480q-119 0-203.5-84.5T192 1248V416q0-119 84.5-203.5T480 128h832q119 0 203.5 84.5T1600 416z"/&gt;&lt;/svg&gt;&lt;/span&gt;
                &lt;span class="icon icon-open"&gt;&lt;svg width="1792" height="1792" viewBox="0 0 1792 1792" xmlns="http://www.w3.org/2000/svg"&gt;&lt;path d="M1344 800v64q0 14-9 23t-23 9H960v352q0 14-9 23t-23 9h-64q-14 0-23-9t-9-23V896H480q-14 0-23-9t-9-23v-64q0-14 9-23t23-9h352V416q0-14 9-23t23-9h64q14 0 23 9t9 23v352h352q14 0 23 9t9 23zm128 448V416q0-66-47-113t-113-47H480q-66 0-113 47t-47 113v832q0 66 47 113t113 47h832q66 0 113-47t47-113zm128-832v832q0 119-84.5 203.5T1312 1536H480q-119 0-203.5-84.5T192 1248V416q0-119 84.5-203.5T480 128h832q119 0 203.5 84.5T1600 416z"/&gt;&lt;/svg&gt;&lt;/span&gt;
                                                    &lt;h3 class="trace-class"&gt;
                                                    &lt;span class="trace-namespace"&gt;Doctrine\DBAL\Driver\PDO\&lt;/span&gt;
                                                Exception                    &lt;/h3&gt;
                                                    &lt;p class="break-long-words trace-message"&gt;SQLSTATE[HY000] [1049] Unknown database 'crud04_test'&lt;/p&gt;
                            &lt;/div&gt;
        &lt;/div&gt;

        &lt;div id="trace-html-2" class="sf-toggle-content"&gt;
                    &lt;div class="trace-line "&gt;
                &lt;div class="trace-line-header break-long-words sf-toggle" data-toggle-selector="#trace-html-2-0" data-toggle-initial="display"&gt;
            &lt;span class="icon icon-close"&gt;&lt;svg width="1792" height="1792" viewBox="0 0 1792 1792" xmlns="http://www.w3.org/2000/svg"&gt;&lt;path d="M1408 960V832q0-26-19-45t-45-19H448q-26 0-45 19t-19 45v128q0 26 19 45t45 19h896q26 0 45-19t19-45zm256-544v960q0 119-84.5 203.5T1376 1664H416q-119 0-203.5-84.5T128 1376V416q0-119 84.5-203.5T416 128h960q119 0 203.5 84.5T1664 416z"/&gt;&lt;/svg&gt;&lt;/span&gt;
        &lt;span class="icon icon-open"&gt;&lt;svg width="1792" height="1792" viewBox="0 0 1792 1792" xmlns="http://www.w3.org/2000/svg"&gt;&lt;path d="M1408 960V832q0-26-19-45t-45-19h-320V448q0-26-19-45t-45-19H832q-26 0-45 19t-19 45v320H448q-26 0-45 19t-19 45v128q0 26 19 45t45 19h320v320q0 26 19 45t45 19h128q26 0 45-19t19-45v-320h320q26 0 45-19t19-45zm256-544v960q0 119-84.5 203.5T1376 1664H416q-119 0-203.5-84.5T128 1376V416q0-119 84.5-203.5T416 128h960q119 0 203.5 84.5T1664 416z"/&gt;&lt;/svg&gt;&lt;/span&gt;
    
    
                    &lt;span class="block trace-file-path"&gt;
            in
            &lt;a href=""&gt;
                C:\Users\eman\Documents\GitHub\car_dealer\vendor\doctrine\dbal\src\Driver\PDO\&lt;strong&gt;Exception.php&lt;/strong&gt;
            &lt;/a&gt;
                        (line 26)
            &lt;span class="icon icon-copy hidden" data-clipboard-text="C:\Users\eman\Documents\GitHub\car_dealer\vendor\doctrine\dbal\src\Driver\PDO\Exception.php:26"&gt;
                &lt;svg xmlns="http://www.w3.org/2000/svg" height="24" viewBox="0 0 24 24" width="24"&gt;&lt;path d="M0 0h24v24H0z" fill="none"/&gt;&lt;path d="M16 1H4c-1.1 0-2 .9-2 2v14h2V3h12V1zm3 4H8c-1.1 0-2 .9-2 2v14c0 1.1.9 2 2 2h11c1.1 0 2-.9 2-2V7c0-1.1-.9-2-2-2zm0 16H8V7h11v14z"/&gt;&lt;/svg&gt;            &lt;/span&gt;
        &lt;/span&gt;
    &lt;/div&gt;
    &lt;div id="trace-html-2-0" class="trace-code sf-toggle-content"&gt;
        &lt;ol start="21"&gt;&lt;li&gt;&lt;code&gt;&lt;span style="color: var(--highlight-keyword)"&gt;&amp;nbsp;&amp;nbsp;&amp;nbsp;&amp;nbsp;&amp;nbsp;&amp;nbsp;&amp;nbsp;&amp;nbsp;}&amp;nbsp;else&amp;nbsp;{&lt;/span&gt;&lt;/code&gt;&lt;/li&gt;
&lt;li&gt;&lt;code&gt;&lt;span style="color: var(--highlight-keyword)"&gt;&amp;nbsp;&amp;nbsp;&amp;nbsp;&amp;nbsp;&amp;nbsp;&amp;nbsp;&amp;nbsp;&amp;nbsp;&amp;nbsp;&amp;nbsp;&amp;nbsp;&amp;nbsp;&lt;/span&gt;&lt;span style="color: var(--highlight-default)"&gt;$code&amp;nbsp;&amp;nbsp;&amp;nbsp;&amp;nbsp;&amp;nbsp;&lt;/span&gt;&lt;span style="color: var(--highlight-keyword)"&gt;=&amp;nbsp;&lt;/span&gt;&lt;span style="color: var(--highlight-default)"&gt;$exception&lt;/span&gt;&lt;span style="color: var(--highlight-keyword)"&gt;-&amp;gt;&lt;/span&gt;&lt;span style="color: var(--highlight-default)"&gt;getCode&lt;/span&gt;&lt;span style="color: var(--highlight-keyword)"&gt;();&lt;/span&gt;&lt;/code&gt;&lt;/li&gt;
&lt;li&gt;&lt;code&gt;&lt;span style="color: var(--highlight-keyword)"&gt;&amp;nbsp;&amp;nbsp;&amp;nbsp;&amp;nbsp;&amp;nbsp;&amp;nbsp;&amp;nbsp;&amp;nbsp;&amp;nbsp;&amp;nbsp;&amp;nbsp;&amp;nbsp;&lt;/span&gt;&lt;span style="color: var(--highlight-default)"&gt;$sqlState&amp;nbsp;&lt;/span&gt;&lt;span style="color: var(--highlight-keyword)"&gt;=&amp;nbsp;&lt;/span&gt;&lt;span style="color: var(--highlight-default)"&gt;null&lt;/span&gt;&lt;span style="color: var(--highlight-keyword)"&gt;;&lt;/span&gt;&lt;/code&gt;&lt;/li&gt;
&lt;li&gt;&lt;code&gt;&lt;span style="color: var(--highlight-keyword)"&gt;&amp;nbsp;&amp;nbsp;&amp;nbsp;&amp;nbsp;&amp;nbsp;&amp;nbsp;&amp;nbsp;&amp;nbsp;}&lt;/span&gt;&lt;/code&gt;&lt;/li&gt;
&lt;li&gt;&lt;code&gt;&lt;span style="color: var(--highlight-keyword)"&gt;&lt;/span&gt;&lt;/code&gt;&lt;/li&gt;
&lt;li class="selected"&gt;&lt;code&gt;&lt;span style="color: var(--highlight-keyword)"&gt;&amp;nbsp;&amp;nbsp;&amp;nbsp;&amp;nbsp;&amp;nbsp;&amp;nbsp;&amp;nbsp;&amp;nbsp;return&amp;nbsp;new&amp;nbsp;&lt;/span&gt;&lt;span style="color: var(--highlight-default)"&gt;self&lt;/span&gt;&lt;span style="color: var(--highlight-keyword)"&gt;(&lt;/span&gt;&lt;span style="color: var(--highlight-default)"&gt;$exception&lt;/span&gt;&lt;span style="color: var(--highlight-keyword)"&gt;-&amp;gt;&lt;/span&gt;&lt;span style="color: var(--highlight-default)"&gt;getMessage&lt;/span&gt;&lt;span style="color: var(--highlight-keyword)"&gt;(),&amp;nbsp;&lt;/span&gt;&lt;span style="color: var(--highlight-default)"&gt;$sqlState&lt;/span&gt;&lt;span style="color: var(--highlight-keyword)"&gt;,&amp;nbsp;&lt;/span&gt;&lt;span style="color: var(--highlight-default)"&gt;$code&lt;/span&gt;&lt;span style="color: var(--highlight-keyword)"&gt;,&amp;nbsp;&lt;/span&gt;&lt;span style="color: var(--highlight-default)"&gt;$exception&lt;/span&gt;&lt;span style="color: var(--highlight-keyword)"&gt;);&lt;/span&gt;&lt;/code&gt;&lt;/li&gt;
&lt;li&gt;&lt;code&gt;&lt;span style="color: var(--highlight-keyword)"&gt;&amp;nbsp;&amp;nbsp;&amp;nbsp;&amp;nbsp;}&lt;/span&gt;&lt;/code&gt;&lt;/li&gt;
&lt;li&gt;&lt;code&gt;&lt;span style="color: var(--highlight-keyword)"&gt;}&lt;/span&gt;&lt;/code&gt;&lt;/li&gt;
&lt;li&gt;&lt;code&gt;&lt;span style="color: var(--highlight-keyword)"&gt;&lt;/span&gt;&lt;/code&gt;&lt;/li&gt;&lt;/ol&gt;    &lt;/div&gt;            &lt;/div&gt;
                        &lt;div class="trace-line "&gt;
                &lt;div class="trace-line-header break-long-words sf-toggle" data-toggle-selector="#trace-html-2-1" data-toggle-initial=""&gt;
            &lt;span class="icon icon-close"&gt;&lt;svg width="1792" height="1792" viewBox="0 0 1792 1792" xmlns="http://www.w3.org/2000/svg"&gt;&lt;path d="M1408 960V832q0-26-19-45t-45-19H448q-26 0-45 19t-19 45v128q0 26 19 45t45 19h896q26 0 45-19t19-45zm256-544v960q0 119-84.5 203.5T1376 1664H416q-119 0-203.5-84.5T128 1376V416q0-119 84.5-203.5T416 128h960q119 0 203.5 84.5T1664 416z"/&gt;&lt;/svg&gt;&lt;/span&gt;
        &lt;span class="icon icon-open"&gt;&lt;svg width="1792" height="1792" viewBox="0 0 1792 1792" xmlns="http://www.w3.org/2000/svg"&gt;&lt;path d="M1408 960V832q0-26-19-45t-45-19h-320V448q0-26-19-45t-45-19H832q-26 0-45 19t-19 45v320H448q-26 0-45 19t-19 45v128q0 26 19 45t45 19h320v320q0 26 19 45t45 19h128q26 0 45-19t19-45v-320h320q26 0 45-19t19-45zm256-544v960q0 119-84.5 203.5T1376 1664H416q-119 0-203.5-84.5T128 1376V416q0-119 84.5-203.5T416 128h960q119 0 203.5 84.5T1664 416z"/&gt;&lt;/svg&gt;&lt;/span&gt;
    
            &lt;span class="trace-class"&gt;&lt;abbr title="Doctrine\DBAL\Driver\PDO\Exception"&gt;Exception&lt;/abbr&gt;&lt;/span&gt;&lt;span class="trace-type"&gt;::&lt;/span&gt;&lt;span class="trace-method"&gt;new&lt;/span&gt;&lt;span class="trace-arguments"&gt;()&lt;/span&gt;    
                    &lt;span class="block trace-file-path"&gt;
            in
            &lt;a href=""&gt;
                C:\Users\eman\Documents\GitHub\car_dealer\vendor\doctrine\dbal\src\Driver\PDO\MySQL\&lt;strong&gt;Driver.php&lt;/strong&gt;
            &lt;/a&gt;
                        (line 34)
            &lt;span class="icon icon-copy hidden" data-clipboard-text="C:\Users\eman\Documents\GitHub\car_dealer\vendor\doctrine\dbal\src\Driver\PDO\MySQL\Driver.php:34"&gt;
                &lt;svg xmlns="http://www.w3.org/2000/svg" height="24" viewBox="0 0 24 24" width="24"&gt;&lt;path d="M0 0h24v24H0z" fill="none"/&gt;&lt;path d="M16 1H4c-1.1 0-2 .9-2 2v14h2V3h12V1zm3 4H8c-1.1 0-2 .9-2 2v14c0 1.1.9 2 2 2h11c1.1 0 2-.9 2-2V7c0-1.1-.9-2-2-2zm0 16H8V7h11v14z"/&gt;&lt;/svg&gt;            &lt;/span&gt;
        &lt;/span&gt;
    &lt;/div&gt;
    &lt;div id="trace-html-2-1" class="trace-code sf-toggle-content"&gt;
        &lt;ol start="29"&gt;&lt;li&gt;&lt;code&gt;&lt;span style="color: var(--highlight-keyword)"&gt;&amp;nbsp;&amp;nbsp;&amp;nbsp;&amp;nbsp;&amp;nbsp;&amp;nbsp;&amp;nbsp;&amp;nbsp;&amp;nbsp;&amp;nbsp;&amp;nbsp;&amp;nbsp;&amp;nbsp;&amp;nbsp;&amp;nbsp;&amp;nbsp;&lt;/span&gt;&lt;span style="color: var(--highlight-default)"&gt;$params&lt;/span&gt;&lt;span style="color: var(--highlight-keyword)"&gt;[&lt;/span&gt;&lt;span style="color: var(--highlight-string)"&gt;'user'&lt;/span&gt;&lt;span style="color: var(--highlight-keyword)"&gt;]&amp;nbsp;??&amp;nbsp;&lt;/span&gt;&lt;span style="color: var(--highlight-string)"&gt;''&lt;/span&gt;&lt;span style="color: var(--highlight-keyword)"&gt;,&lt;/span&gt;&lt;/code&gt;&lt;/li&gt;
&lt;li&gt;&lt;code&gt;&lt;span style="color: var(--highlight-keyword)"&gt;&amp;nbsp;&amp;nbsp;&amp;nbsp;&amp;nbsp;&amp;nbsp;&amp;nbsp;&amp;nbsp;&amp;nbsp;&amp;nbsp;&amp;nbsp;&amp;nbsp;&amp;nbsp;&amp;nbsp;&amp;nbsp;&amp;nbsp;&amp;nbsp;&lt;/span&gt;&lt;span style="color: var(--highlight-default)"&gt;$params&lt;/span&gt;&lt;span style="color: var(--highlight-keyword)"&gt;[&lt;/span&gt;&lt;span style="color: var(--highlight-string)"&gt;'password'&lt;/span&gt;&lt;span style="color: var(--highlight-keyword)"&gt;]&amp;nbsp;??&amp;nbsp;&lt;/span&gt;&lt;span style="color: var(--highlight-string)"&gt;''&lt;/span&gt;&lt;span style="color: var(--highlight-keyword)"&gt;,&lt;/span&gt;&lt;/code&gt;&lt;/li&gt;
&lt;li&gt;&lt;code&gt;&lt;span style="color: var(--highlight-keyword)"&gt;&amp;nbsp;&amp;nbsp;&amp;nbsp;&amp;nbsp;&amp;nbsp;&amp;nbsp;&amp;nbsp;&amp;nbsp;&amp;nbsp;&amp;nbsp;&amp;nbsp;&amp;nbsp;&amp;nbsp;&amp;nbsp;&amp;nbsp;&amp;nbsp;&lt;/span&gt;&lt;span style="color: var(--highlight-default)"&gt;$driverOptions&lt;/span&gt;&lt;/code&gt;&lt;/li&gt;
&lt;li&gt;&lt;code&gt;&lt;span style="color: var(--highlight-default)"&gt;&amp;nbsp;&amp;nbsp;&amp;nbsp;&amp;nbsp;&amp;nbsp;&amp;nbsp;&amp;nbsp;&amp;nbsp;&amp;nbsp;&amp;nbsp;&amp;nbsp;&amp;nbsp;&lt;/span&gt;&lt;span style="color: var(--highlight-keyword)"&gt;);&lt;/span&gt;&lt;/code&gt;&lt;/li&gt;
&lt;li&gt;&lt;code&gt;&lt;span style="color: var(--highlight-keyword)"&gt;&amp;nbsp;&amp;nbsp;&amp;nbsp;&amp;nbsp;&amp;nbsp;&amp;nbsp;&amp;nbsp;&amp;nbsp;}&amp;nbsp;catch&amp;nbsp;(&lt;/span&gt;&lt;span style="color: var(--highlight-default)"&gt;PDOException&amp;nbsp;$exception&lt;/span&gt;&lt;span style="color: var(--highlight-keyword)"&gt;)&amp;nbsp;{&lt;/span&gt;&lt;/code&gt;&lt;/li&gt;
&lt;li class="selected"&gt;&lt;code&gt;&lt;span style="color: var(--highlight-keyword)"&gt;&amp;nbsp;&amp;nbsp;&amp;nbsp;&amp;nbsp;&amp;nbsp;&amp;nbsp;&amp;nbsp;&amp;nbsp;&amp;nbsp;&amp;nbsp;&amp;nbsp;&amp;nbsp;throw&amp;nbsp;&lt;/span&gt;&lt;span style="color: var(--highlight-default)"&gt;Exception&lt;/span&gt;&lt;span style="color: var(--highlight-keyword)"&gt;::new(&lt;/span&gt;&lt;span style="color: var(--highlight-default)"&gt;$exception&lt;/span&gt;&lt;span style="color: var(--highlight-keyword)"&gt;);&lt;/span&gt;&lt;/code&gt;&lt;/li&gt;
&lt;li&gt;&lt;code&gt;&lt;span style="color: var(--highlight-keyword)"&gt;&amp;nbsp;&amp;nbsp;&amp;nbsp;&amp;nbsp;&amp;nbsp;&amp;nbsp;&amp;nbsp;&amp;nbsp;}&lt;/span&gt;&lt;/code&gt;&lt;/li&gt;
&lt;li&gt;&lt;code&gt;&lt;span style="color: var(--highlight-keyword)"&gt;&lt;/span&gt;&lt;/code&gt;&lt;/li&gt;
&lt;li&gt;&lt;code&gt;&lt;span style="color: var(--highlight-keyword)"&gt;&amp;nbsp;&amp;nbsp;&amp;nbsp;&amp;nbsp;&amp;nbsp;&amp;nbsp;&amp;nbsp;&amp;nbsp;return&amp;nbsp;new&amp;nbsp;&lt;/span&gt;&lt;span style="color: var(--highlight-default)"&gt;Connection&lt;/span&gt;&lt;span style="color: var(--highlight-keyword)"&gt;(&lt;/span&gt;&lt;span style="color: var(--highlight-default)"&gt;$pdo&lt;/span&gt;&lt;span style="color: var(--highlight-keyword)"&gt;);&lt;/span&gt;&lt;/code&gt;&lt;/li&gt;
&lt;li&gt;&lt;code&gt;&lt;span style="color: var(--highlight-keyword)"&gt;&amp;nbsp;&amp;nbsp;&amp;nbsp;&amp;nbsp;}&lt;/span&gt;&lt;/code&gt;&lt;/li&gt;
&lt;li&gt;&lt;code&gt;&lt;span style="color: var(--highlight-keyword)"&gt;&lt;/span&gt;&lt;/code&gt;&lt;/li&gt;&lt;/ol&gt;    &lt;/div&gt;            &lt;/div&gt;
                        &lt;div class="trace-line "&gt;
                &lt;div class="trace-line-header break-long-words sf-toggle" data-toggle-selector="#trace-html-2-2" data-toggle-initial=""&gt;
            &lt;span class="icon icon-close"&gt;&lt;svg width="1792" height="1792" viewBox="0 0 1792 1792" xmlns="http://www.w3.org/2000/svg"&gt;&lt;path d="M1408 960V832q0-26-19-45t-45-19H448q-26 0-45 19t-19 45v128q0 26 19 45t45 19h896q26 0 45-19t19-45zm256-544v960q0 119-84.5 203.5T1376 1664H416q-119 0-203.5-84.5T128 1376V416q0-119 84.5-203.5T416 128h960q119 0 203.5 84.5T1664 416z"/&gt;&lt;/svg&gt;&lt;/span&gt;
        &lt;span class="icon icon-open"&gt;&lt;svg width="1792" height="1792" viewBox="0 0 1792 1792" xmlns="http://www.w3.org/2000/svg"&gt;&lt;path d="M1408 960V832q0-26-19-45t-45-19h-320V448q0-26-19-45t-45-19H832q-26 0-45 19t-19 45v320H448q-26 0-45 19t-19 45v128q0 26 19 45t45 19h320v320q0 26 19 45t45 19h128q26 0 45-19t19-45v-320h320q26 0 45-19t19-45zm256-544v960q0 119-84.5 203.5T1376 1664H416q-119 0-203.5-84.5T128 1376V416q0-119 84.5-203.5T416 128h960q119 0 203.5 84.5T1664 416z"/&gt;&lt;/svg&gt;&lt;/span&gt;
    
            &lt;span class="trace-class"&gt;&lt;abbr title="Doctrine\DBAL\Driver\PDO\MySQL\Driver"&gt;Driver&lt;/abbr&gt;&lt;/span&gt;&lt;span class="trace-type"&gt;-&gt;&lt;/span&gt;&lt;span class="trace-method"&gt;connect&lt;/span&gt;&lt;span class="trace-arguments"&gt;()&lt;/span&gt;    
                    &lt;span class="block trace-file-path"&gt;
            in
            &lt;a href=""&gt;
                C:\Users\eman\Documents\GitHub\car_dealer\vendor\doctrine\dbal\src\&lt;strong&gt;Connection.php&lt;/strong&gt;
            &lt;/a&gt;
                        (line 325)
            &lt;span class="icon icon-copy hidden" data-clipboard-text="C:\Users\eman\Documents\GitHub\car_dealer\vendor\doctrine\dbal\src\Connection.php:325"&gt;
                &lt;svg xmlns="http://www.w3.org/2000/svg" height="24" viewBox="0 0 24 24" width="24"&gt;&lt;path d="M0 0h24v24H0z" fill="none"/&gt;&lt;path d="M16 1H4c-1.1 0-2 .9-2 2v14h2V3h12V1zm3 4H8c-1.1 0-2 .9-2 2v14c0 1.1.9 2 2 2h11c1.1 0 2-.9 2-2V7c0-1.1-.9-2-2-2zm0 16H8V7h11v14z"/&gt;&lt;/svg&gt;            &lt;/span&gt;
        &lt;/span&gt;
    &lt;/div&gt;
    &lt;div id="trace-html-2-2" class="trace-code sf-toggle-content"&gt;
        &lt;ol start="320"&gt;&lt;li&gt;&lt;code&gt;&lt;span style="color: var(--highlight-keyword)"&gt;&amp;nbsp;&amp;nbsp;&amp;nbsp;&amp;nbsp;&amp;nbsp;&amp;nbsp;&amp;nbsp;&amp;nbsp;if&amp;nbsp;(&lt;/span&gt;&lt;span style="color: var(--highlight-default)"&gt;$this&lt;/span&gt;&lt;span style="color: var(--highlight-keyword)"&gt;-&amp;gt;&lt;/span&gt;&lt;span style="color: var(--highlight-default)"&gt;_conn&amp;nbsp;&lt;/span&gt;&lt;span style="color: var(--highlight-keyword)"&gt;!==&amp;nbsp;&lt;/span&gt;&lt;span style="color: var(--highlight-default)"&gt;null&lt;/span&gt;&lt;span style="color: var(--highlight-keyword)"&gt;)&amp;nbsp;{&lt;/span&gt;&lt;/code&gt;&lt;/li&gt;
&lt;li&gt;&lt;code&gt;&lt;span style="color: var(--highlight-keyword)"&gt;&amp;nbsp;&amp;nbsp;&amp;nbsp;&amp;nbsp;&amp;nbsp;&amp;nbsp;&amp;nbsp;&amp;nbsp;&amp;nbsp;&amp;nbsp;&amp;nbsp;&amp;nbsp;return&amp;nbsp;&lt;/span&gt;&lt;span style="color: var(--highlight-default)"&gt;false&lt;/span&gt;&lt;span style="color: var(--highlight-keyword)"&gt;;&lt;/span&gt;&lt;/code&gt;&lt;/li&gt;
&lt;li&gt;&lt;code&gt;&lt;span style="color: var(--highlight-keyword)"&gt;&amp;nbsp;&amp;nbsp;&amp;nbsp;&amp;nbsp;&amp;nbsp;&amp;nbsp;&amp;nbsp;&amp;nbsp;}&lt;/span&gt;&lt;/code&gt;&lt;/li&gt;
&lt;li&gt;&lt;code&gt;&lt;span style="color: var(--highlight-keyword)"&gt;&lt;/span&gt;&lt;/code&gt;&lt;/li&gt;
&lt;li&gt;&lt;code&gt;&lt;span style="color: var(--highlight-keyword)"&gt;&amp;nbsp;&amp;nbsp;&amp;nbsp;&amp;nbsp;&amp;nbsp;&amp;nbsp;&amp;nbsp;&amp;nbsp;try&amp;nbsp;{&lt;/span&gt;&lt;/code&gt;&lt;/li&gt;
&lt;li class="selected"&gt;&lt;code&gt;&lt;span style="color: var(--highlight-keyword)"&gt;&amp;nbsp;&amp;nbsp;&amp;nbsp;&amp;nbsp;&amp;nbsp;&amp;nbsp;&amp;nbsp;&amp;nbsp;&amp;nbsp;&amp;nbsp;&amp;nbsp;&amp;nbsp;&lt;/span&gt;&lt;span style="color: var(--highlight-default)"&gt;$this&lt;/span&gt;&lt;span style="color: var(--highlight-keyword)"&gt;-&amp;gt;&lt;/span&gt;&lt;span style="color: var(--highlight-default)"&gt;_conn&amp;nbsp;&lt;/span&gt;&lt;span style="color: var(--highlight-keyword)"&gt;=&amp;nbsp;&lt;/span&gt;&lt;span style="color: var(--highlight-default)"&gt;$this&lt;/span&gt;&lt;span style="color: var(--highlight-keyword)"&gt;-&amp;gt;&lt;/span&gt;&lt;span style="color: var(--highlight-default)"&gt;_driver&lt;/span&gt;&lt;span style="color: var(--highlight-keyword)"&gt;-&amp;gt;&lt;/span&gt;&lt;span style="color: var(--highlight-default)"&gt;connect&lt;/span&gt;&lt;span style="color: var(--highlight-keyword)"&gt;(&lt;/span&gt;&lt;span style="color: var(--highlight-default)"&gt;$this&lt;/span&gt;&lt;span style="color: var(--highlight-keyword)"&gt;-&amp;gt;&lt;/span&gt;&lt;span style="color: var(--highlight-default)"&gt;params&lt;/span&gt;&lt;span style="color: var(--highlight-keyword)"&gt;);&lt;/span&gt;&lt;/code&gt;&lt;/li&gt;
&lt;li&gt;&lt;code&gt;&lt;span style="color: var(--highlight-keyword)"&gt;&amp;nbsp;&amp;nbsp;&amp;nbsp;&amp;nbsp;&amp;nbsp;&amp;nbsp;&amp;nbsp;&amp;nbsp;}&amp;nbsp;catch&amp;nbsp;(&lt;/span&gt;&lt;span style="color: var(--highlight-default)"&gt;Driver\Exception&amp;nbsp;$e&lt;/span&gt;&lt;span style="color: var(--highlight-keyword)"&gt;)&amp;nbsp;{&lt;/span&gt;&lt;/code&gt;&lt;/li&gt;
&lt;li&gt;&lt;code&gt;&lt;span style="color: var(--highlight-keyword)"&gt;&amp;nbsp;&amp;nbsp;&amp;nbsp;&amp;nbsp;&amp;nbsp;&amp;nbsp;&amp;nbsp;&amp;nbsp;&amp;nbsp;&amp;nbsp;&amp;nbsp;&amp;nbsp;throw&amp;nbsp;&lt;/span&gt;&lt;span style="color: var(--highlight-default)"&gt;$this&lt;/span&gt;&lt;span style="color: var(--highlight-keyword)"&gt;-&amp;gt;&lt;/span&gt;&lt;span style="color: var(--highlight-default)"&gt;convertException&lt;/span&gt;&lt;span style="color: var(--highlight-keyword)"&gt;(&lt;/span&gt;&lt;span style="color: var(--highlight-default)"&gt;$e&lt;/span&gt;&lt;span style="color: var(--highlight-keyword)"&gt;);&lt;/span&gt;&lt;/code&gt;&lt;/li&gt;
&lt;li&gt;&lt;code&gt;&lt;span style="color: var(--highlight-keyword)"&gt;&amp;nbsp;&amp;nbsp;&amp;nbsp;&amp;nbsp;&amp;nbsp;&amp;nbsp;&amp;nbsp;&amp;nbsp;}&lt;/span&gt;&lt;/code&gt;&lt;/li&gt;
&lt;li&gt;&lt;code&gt;&lt;span style="color: var(--highlight-keyword)"&gt;&lt;/span&gt;&lt;/code&gt;&lt;/li&gt;
&lt;li&gt;&lt;code&gt;&lt;span style="color: var(--highlight-keyword)"&gt;&amp;nbsp;&amp;nbsp;&amp;nbsp;&amp;nbsp;&amp;nbsp;&amp;nbsp;&amp;nbsp;&amp;nbsp;if&amp;nbsp;(&lt;/span&gt;&lt;span style="color: var(--highlight-default)"&gt;$this&lt;/span&gt;&lt;span style="color: var(--highlight-keyword)"&gt;-&amp;gt;&lt;/span&gt;&lt;span style="color: var(--highlight-default)"&gt;autoCommit&amp;nbsp;&lt;/span&gt;&lt;span style="color: var(--highlight-keyword)"&gt;===&amp;nbsp;&lt;/span&gt;&lt;span style="color: var(--highlight-default)"&gt;false&lt;/span&gt;&lt;span style="color: var(--highlight-keyword)"&gt;)&amp;nbsp;{&lt;/span&gt;&lt;/code&gt;&lt;/li&gt;&lt;/ol&gt;    &lt;/div&gt;            &lt;/div&gt;
                        &lt;div class="trace-line "&gt;
                &lt;div class="trace-line-header break-long-words sf-toggle" data-toggle-selector="#trace-html-2-3" data-toggle-initial=""&gt;
            &lt;span class="icon icon-close"&gt;&lt;svg width="1792" height="1792" viewBox="0 0 1792 1792" xmlns="http://www.w3.org/2000/svg"&gt;&lt;path d="M1408 960V832q0-26-19-45t-45-19H448q-26 0-45 19t-19 45v128q0 26 19 45t45 19h896q26 0 45-19t19-45zm256-544v960q0 119-84.5 203.5T1376 1664H416q-119 0-203.5-84.5T128 1376V416q0-119 84.5-203.5T416 128h960q119 0 203.5 84.5T1664 416z"/&gt;&lt;/svg&gt;&lt;/span&gt;
        &lt;span class="icon icon-open"&gt;&lt;svg width="1792" height="1792" viewBox="0 0 1792 1792" xmlns="http://www.w3.org/2000/svg"&gt;&lt;path d="M1408 960V832q0-26-19-45t-45-19h-320V448q0-26-19-45t-45-19H832q-26 0-45 19t-19 45v320H448q-26 0-45 19t-19 45v128q0 26 19 45t45 19h320v320q0 26 19 45t45 19h128q26 0 45-19t19-45v-320h320q26 0 45-19t19-45zm256-544v960q0 119-84.5 203.5T1376 1664H416q-119 0-203.5-84.5T128 1376V416q0-119 84.5-203.5T416 128h960q119 0 203.5 84.5T1664 416z"/&gt;&lt;/svg&gt;&lt;/span&gt;
    
            &lt;span class="trace-class"&gt;&lt;abbr title="Doctrine\DBAL\Connection"&gt;Connection&lt;/abbr&gt;&lt;/span&gt;&lt;span class="trace-type"&gt;-&gt;&lt;/span&gt;&lt;span class="trace-method"&gt;connect&lt;/span&gt;&lt;span class="trace-arguments"&gt;()&lt;/span&gt;    
                    &lt;span class="block trace-file-path"&gt;
            in
            &lt;a href=""&gt;
                C:\Users\eman\Documents\GitHub\car_dealer\vendor\doctrine\dbal\src\&lt;strong&gt;Connection.php&lt;/strong&gt;
            &lt;/a&gt;
                        (line 1507)
            &lt;span class="icon icon-copy hidden" data-clipboard-text="C:\Users\eman\Documents\GitHub\car_dealer\vendor\doctrine\dbal\src\Connection.php:1507"&gt;
                &lt;svg xmlns="http://www.w3.org/2000/svg" height="24" viewBox="0 0 24 24" width="24"&gt;&lt;path d="M0 0h24v24H0z" fill="none"/&gt;&lt;path d="M16 1H4c-1.1 0-2 .9-2 2v14h2V3h12V1zm3 4H8c-1.1 0-2 .9-2 2v14c0 1.1.9 2 2 2h11c1.1 0 2-.9 2-2V7c0-1.1-.9-2-2-2zm0 16H8V7h11v14z"/&gt;&lt;/svg&gt;            &lt;/span&gt;
        &lt;/span&gt;
    &lt;/div&gt;
    &lt;div id="trace-html-2-3" class="trace-code sf-toggle-content"&gt;
        &lt;ol start="1502"&gt;&lt;li&gt;&lt;code&gt;&lt;span style="color: var(--highlight-comment)"&gt;&amp;nbsp;&amp;nbsp;&amp;nbsp;&amp;nbsp;&amp;nbsp;*&lt;/span&gt;&lt;/code&gt;&lt;/li&gt;
&lt;li&gt;&lt;code&gt;&lt;span style="color: var(--highlight-comment)"&gt;&amp;nbsp;&amp;nbsp;&amp;nbsp;&amp;nbsp;&amp;nbsp;*&amp;nbsp;@throws&amp;nbsp;Exception&lt;/span&gt;&lt;/code&gt;&lt;/li&gt;
&lt;li&gt;&lt;code&gt;&lt;span style="color: var(--highlight-comment)"&gt;&amp;nbsp;&amp;nbsp;&amp;nbsp;&amp;nbsp;&amp;nbsp;*/&lt;/span&gt;&lt;/code&gt;&lt;/li&gt;
&lt;li&gt;&lt;code&gt;&lt;span style="color: var(--highlight-comment)"&gt;&amp;nbsp;&amp;nbsp;&amp;nbsp;&amp;nbsp;&lt;/span&gt;&lt;span style="color: var(--highlight-keyword)"&gt;public&amp;nbsp;function&amp;nbsp;&lt;/span&gt;&lt;span style="color: var(--highlight-default)"&gt;getWrappedConnection&lt;/span&gt;&lt;span style="color: var(--highlight-keyword)"&gt;()&lt;/span&gt;&lt;/code&gt;&lt;/li&gt;
&lt;li&gt;&lt;code&gt;&lt;span style="color: var(--highlight-keyword)"&gt;&amp;nbsp;&amp;nbsp;&amp;nbsp;&amp;nbsp;{&lt;/span&gt;&lt;/code&gt;&lt;/li&gt;
&lt;li class="selected"&gt;&lt;code&gt;&lt;span style="color: var(--highlight-keyword)"&gt;&amp;nbsp;&amp;nbsp;&amp;nbsp;&amp;nbsp;&amp;nbsp;&amp;nbsp;&amp;nbsp;&amp;nbsp;&lt;/span&gt;&lt;span style="color: var(--highlight-default)"&gt;$this&lt;/span&gt;&lt;span style="color: var(--highlight-keyword)"&gt;-&amp;gt;&lt;/span&gt;&lt;span style="color: var(--highlight-default)"&gt;connect&lt;/span&gt;&lt;span style="color: var(--highlight-keyword)"&gt;();&lt;/span&gt;&lt;/code&gt;&lt;/li&gt;
&lt;li&gt;&lt;code&gt;&lt;span style="color: var(--highlight-keyword)"&gt;&lt;/span&gt;&lt;/code&gt;&lt;/li&gt;
&lt;li&gt;&lt;code&gt;&lt;span style="color: var(--highlight-keyword)"&gt;&amp;nbsp;&amp;nbsp;&amp;nbsp;&amp;nbsp;&amp;nbsp;&amp;nbsp;&amp;nbsp;&amp;nbsp;&lt;/span&gt;&lt;span style="color: var(--highlight-default)"&gt;assert&lt;/span&gt;&lt;span style="color: var(--highlight-keyword)"&gt;(&lt;/span&gt;&lt;span style="color: var(--highlight-default)"&gt;$this&lt;/span&gt;&lt;span style="color: var(--highlight-keyword)"&gt;-&amp;gt;&lt;/span&gt;&lt;span style="color: var(--highlight-default)"&gt;_conn&amp;nbsp;&lt;/span&gt;&lt;span style="color: var(--highlight-keyword)"&gt;!==&amp;nbsp;&lt;/span&gt;&lt;span style="color: var(--highlight-default)"&gt;null&lt;/span&gt;&lt;span style="color: var(--highlight-keyword)"&gt;);&lt;/span&gt;&lt;/code&gt;&lt;/li&gt;
&lt;li&gt;&lt;code&gt;&lt;span style="color: var(--highlight-keyword)"&gt;&lt;/span&gt;&lt;/code&gt;&lt;/li&gt;
&lt;li&gt;&lt;code&gt;&lt;span style="color: var(--highlight-keyword)"&gt;&amp;nbsp;&amp;nbsp;&amp;nbsp;&amp;nbsp;&amp;nbsp;&amp;nbsp;&amp;nbsp;&amp;nbsp;return&amp;nbsp;&lt;/span&gt;&lt;span style="color: var(--highlight-default)"&gt;$this&lt;/span&gt;&lt;span style="color: var(--highlight-keyword)"&gt;-&amp;gt;&lt;/span&gt;&lt;span style="color: var(--highlight-default)"&gt;_conn&lt;/span&gt;&lt;span style="color: var(--highlight-keyword)"&gt;;&lt;/span&gt;&lt;/code&gt;&lt;/li&gt;
&lt;li&gt;&lt;code&gt;&lt;span style="color: var(--highlight-keyword)"&gt;&amp;nbsp;&amp;nbsp;&amp;nbsp;&amp;nbsp;}&lt;/span&gt;&lt;/code&gt;&lt;/li&gt;&lt;/ol&gt;    &lt;/div&gt;            &lt;/div&gt;
                        &lt;div class="trace-line "&gt;
                &lt;div class="trace-line-header break-long-words sf-toggle" data-toggle-selector="#trace-html-2-4" data-toggle-initial=""&gt;
            &lt;span class="icon icon-close"&gt;&lt;svg width="1792" height="1792" viewBox="0 0 1792 1792" xmlns="http://www.w3.org/2000/svg"&gt;&lt;path d="M1408 960V832q0-26-19-45t-45-19H448q-26 0-45 19t-19 45v128q0 26 19 45t45 19h896q26 0 45-19t19-45zm256-544v960q0 119-84.5 203.5T1376 1664H416q-119 0-203.5-84.5T128 1376V416q0-119 84.5-203.5T416 128h960q119 0 203.5 84.5T1664 416z"/&gt;&lt;/svg&gt;&lt;/span&gt;
        &lt;span class="icon icon-open"&gt;&lt;svg width="1792" height="1792" viewBox="0 0 1792 1792" xmlns="http://www.w3.org/2000/svg"&gt;&lt;path d="M1408 960V832q0-26-19-45t-45-19h-320V448q0-26-19-45t-45-19H832q-26 0-45 19t-19 45v320H448q-26 0-45 19t-19 45v128q0 26 19 45t45 19h320v320q0 26 19 45t45 19h128q26 0 45-19t19-45v-320h320q26 0 45-19t19-45zm256-544v960q0 119-84.5 203.5T1376 1664H416q-119 0-203.5-84.5T128 1376V416q0-119 84.5-203.5T416 128h960q119 0 203.5 84.5T1664 416z"/&gt;&lt;/svg&gt;&lt;/span&gt;
    
            &lt;span class="trace-class"&gt;&lt;abbr title="Doctrine\DBAL\Connection"&gt;Connection&lt;/abbr&gt;&lt;/span&gt;&lt;span class="trace-type"&gt;-&gt;&lt;/span&gt;&lt;span class="trace-method"&gt;getWrappedConnection&lt;/span&gt;&lt;span class="trace-arguments"&gt;()&lt;/span&gt;    
                    &lt;span class="block trace-file-path"&gt;
            in
            &lt;a href=""&gt;
                C:\Users\eman\Documents\GitHub\car_dealer\vendor\doctrine\dbal\src\&lt;strong&gt;Connection.php&lt;/strong&gt;
            &lt;/a&gt;
                        (line 1013)
            &lt;span class="icon icon-copy hidden" data-clipboard-text="C:\Users\eman\Documents\GitHub\car_dealer\vendor\doctrine\dbal\src\Connection.php:1013"&gt;
                &lt;svg xmlns="http://www.w3.org/2000/svg" height="24" viewBox="0 0 24 24" width="24"&gt;&lt;path d="M0 0h24v24H0z" fill="none"/&gt;&lt;path d="M16 1H4c-1.1 0-2 .9-2 2v14h2V3h12V1zm3 4H8c-1.1 0-2 .9-2 2v14c0 1.1.9 2 2 2h11c1.1 0 2-.9 2-2V7c0-1.1-.9-2-2-2zm0 16H8V7h11v14z"/&gt;&lt;/svg&gt;            &lt;/span&gt;
        &lt;/span&gt;
    &lt;/div&gt;
    &lt;div id="trace-html-2-4" class="trace-code sf-toggle-content"&gt;
        &lt;ol start="1008"&gt;&lt;li&gt;&lt;code&gt;&lt;span style="color: var(--highlight-default)"&gt;&amp;nbsp;&amp;nbsp;&amp;nbsp;&amp;nbsp;&lt;/span&gt;&lt;span style="color: var(--highlight-keyword)"&gt;):&amp;nbsp;&lt;/span&gt;&lt;span style="color: var(--highlight-default)"&gt;Result&amp;nbsp;&lt;/span&gt;&lt;span style="color: var(--highlight-keyword)"&gt;{&lt;/span&gt;&lt;/code&gt;&lt;/li&gt;
&lt;li&gt;&lt;code&gt;&lt;span style="color: var(--highlight-keyword)"&gt;&amp;nbsp;&amp;nbsp;&amp;nbsp;&amp;nbsp;&amp;nbsp;&amp;nbsp;&amp;nbsp;&amp;nbsp;if&amp;nbsp;(&lt;/span&gt;&lt;span style="color: var(--highlight-default)"&gt;$qcp&amp;nbsp;&lt;/span&gt;&lt;span style="color: var(--highlight-keyword)"&gt;!==&amp;nbsp;&lt;/span&gt;&lt;span style="color: var(--highlight-default)"&gt;null&lt;/span&gt;&lt;span style="color: var(--highlight-keyword)"&gt;)&amp;nbsp;{&lt;/span&gt;&lt;/code&gt;&lt;/li&gt;
&lt;li&gt;&lt;code&gt;&lt;span style="color: var(--highlight-keyword)"&gt;&amp;nbsp;&amp;nbsp;&amp;nbsp;&amp;nbsp;&amp;nbsp;&amp;nbsp;&amp;nbsp;&amp;nbsp;&amp;nbsp;&amp;nbsp;&amp;nbsp;&amp;nbsp;return&amp;nbsp;&lt;/span&gt;&lt;span style="color: var(--highlight-default)"&gt;$this&lt;/span&gt;&lt;span style="color: var(--highlight-keyword)"&gt;-&amp;gt;&lt;/span&gt;&lt;span style="color: var(--highlight-default)"&gt;executeCacheQuery&lt;/span&gt;&lt;span style="color: var(--highlight-keyword)"&gt;(&lt;/span&gt;&lt;span style="color: var(--highlight-default)"&gt;$sql&lt;/span&gt;&lt;span style="color: var(--highlight-keyword)"&gt;,&amp;nbsp;&lt;/span&gt;&lt;span style="color: var(--highlight-default)"&gt;$params&lt;/span&gt;&lt;span style="color: var(--highlight-keyword)"&gt;,&amp;nbsp;&lt;/span&gt;&lt;span style="color: var(--highlight-default)"&gt;$types&lt;/span&gt;&lt;span style="color: var(--highlight-keyword)"&gt;,&amp;nbsp;&lt;/span&gt;&lt;span style="color: var(--highlight-default)"&gt;$qcp&lt;/span&gt;&lt;span style="color: var(--highlight-keyword)"&gt;);&lt;/span&gt;&lt;/code&gt;&lt;/li&gt;
&lt;li&gt;&lt;code&gt;&lt;span style="color: var(--highlight-keyword)"&gt;&amp;nbsp;&amp;nbsp;&amp;nbsp;&amp;nbsp;&amp;nbsp;&amp;nbsp;&amp;nbsp;&amp;nbsp;}&lt;/span&gt;&lt;/code&gt;&lt;/li&gt;
&lt;li&gt;&lt;code&gt;&lt;span style="color: var(--highlight-keyword)"&gt;&lt;/span&gt;&lt;/code&gt;&lt;/li&gt;
&lt;li class="selected"&gt;&lt;code&gt;&lt;span style="color: var(--highlight-keyword)"&gt;&amp;nbsp;&amp;nbsp;&amp;nbsp;&amp;nbsp;&amp;nbsp;&amp;nbsp;&amp;nbsp;&amp;nbsp;&lt;/span&gt;&lt;span style="color: var(--highlight-default)"&gt;$connection&amp;nbsp;&lt;/span&gt;&lt;span style="color: var(--highlight-keyword)"&gt;=&amp;nbsp;&lt;/span&gt;&lt;span style="color: var(--highlight-default)"&gt;$this&lt;/span&gt;&lt;span style="color: var(--highlight-keyword)"&gt;-&amp;gt;&lt;/span&gt;&lt;span style="color: var(--highlight-default)"&gt;getWrappedConnection&lt;/span&gt;&lt;span style="color: var(--highlight-keyword)"&gt;();&lt;/span&gt;&lt;/code&gt;&lt;/li&gt;
&lt;li&gt;&lt;code&gt;&lt;span style="color: var(--highlight-keyword)"&gt;&lt;/span&gt;&lt;/code&gt;&lt;/li&gt;
&lt;li&gt;&lt;code&gt;&lt;span style="color: var(--highlight-keyword)"&gt;&amp;nbsp;&amp;nbsp;&amp;nbsp;&amp;nbsp;&amp;nbsp;&amp;nbsp;&amp;nbsp;&amp;nbsp;&lt;/span&gt;&lt;span style="color: var(--highlight-default)"&gt;$logger&amp;nbsp;&lt;/span&gt;&lt;span style="color: var(--highlight-keyword)"&gt;=&amp;nbsp;&lt;/span&gt;&lt;span style="color: var(--highlight-default)"&gt;$this&lt;/span&gt;&lt;span style="color: var(--highlight-keyword)"&gt;-&amp;gt;&lt;/span&gt;&lt;span style="color: var(--highlight-default)"&gt;_config&lt;/span&gt;&lt;span style="color: var(--highlight-keyword)"&gt;-&amp;gt;&lt;/span&gt;&lt;span style="color: var(--highlight-default)"&gt;getSQLLogger&lt;/span&gt;&lt;span style="color: var(--highlight-keyword)"&gt;();&lt;/span&gt;&lt;/code&gt;&lt;/li&gt;
&lt;li&gt;&lt;code&gt;&lt;span style="color: var(--highlight-keyword)"&gt;&amp;nbsp;&amp;nbsp;&amp;nbsp;&amp;nbsp;&amp;nbsp;&amp;nbsp;&amp;nbsp;&amp;nbsp;if&amp;nbsp;(&lt;/span&gt;&lt;span style="color: var(--highlight-default)"&gt;$logger&amp;nbsp;&lt;/span&gt;&lt;span style="color: var(--highlight-keyword)"&gt;!==&amp;nbsp;&lt;/span&gt;&lt;span style="color: var(--highlight-default)"&gt;null&lt;/span&gt;&lt;span style="color: var(--highlight-keyword)"&gt;)&amp;nbsp;{&lt;/span&gt;&lt;/code&gt;&lt;/li&gt;
&lt;li&gt;&lt;code&gt;&lt;span style="color: var(--highlight-keyword)"&gt;&amp;nbsp;&amp;nbsp;&amp;nbsp;&amp;nbsp;&amp;nbsp;&amp;nbsp;&amp;nbsp;&amp;nbsp;&amp;nbsp;&amp;nbsp;&amp;nbsp;&amp;nbsp;&lt;/span&gt;&lt;span style="color: var(--highlight-default)"&gt;$logger&lt;/span&gt;&lt;span style="color: var(--highlight-keyword)"&gt;-&amp;gt;&lt;/span&gt;&lt;span style="color: var(--highlight-default)"&gt;startQuery&lt;/span&gt;&lt;span style="color: var(--highlight-keyword)"&gt;(&lt;/span&gt;&lt;span style="color: var(--highlight-default)"&gt;$sql&lt;/span&gt;&lt;span style="color: var(--highlight-keyword)"&gt;,&amp;nbsp;&lt;/span&gt;&lt;span style="color: var(--highlight-default)"&gt;$params&lt;/span&gt;&lt;span style="color: var(--highlight-keyword)"&gt;,&amp;nbsp;&lt;/span&gt;&lt;span style="color: var(--highlight-default)"&gt;$types&lt;/span&gt;&lt;span style="color: var(--highlight-keyword)"&gt;);&lt;/span&gt;&lt;/code&gt;&lt;/li&gt;
&lt;li&gt;&lt;code&gt;&lt;span style="color: var(--highlight-keyword)"&gt;&amp;nbsp;&amp;nbsp;&amp;nbsp;&amp;nbsp;&amp;nbsp;&amp;nbsp;&amp;nbsp;&amp;nbsp;}&lt;/span&gt;&lt;/code&gt;&lt;/li&gt;&lt;/ol&gt;    &lt;/div&gt;            &lt;/div&gt;
                        &lt;div class="trace-line "&gt;
                &lt;div class="trace-line-header break-long-words sf-toggle" data-toggle-selector="#trace-html-2-5" data-toggle-initial=""&gt;
            &lt;span class="icon icon-close"&gt;&lt;svg width="1792" height="1792" viewBox="0 0 1792 1792" xmlns="http://www.w3.org/2000/svg"&gt;&lt;path d="M1408 960V832q0-26-19-45t-45-19H448q-26 0-45 19t-19 45v128q0 26 19 45t45 19h896q26 0 45-19t19-45zm256-544v960q0 119-84.5 203.5T1376 1664H416q-119 0-203.5-84.5T128 1376V416q0-119 84.5-203.5T416 128h960q119 0 203.5 84.5T1664 416z"/&gt;&lt;/svg&gt;&lt;/span&gt;
        &lt;span class="icon icon-open"&gt;&lt;svg width="1792" height="1792" viewBox="0 0 1792 1792" xmlns="http://www.w3.org/2000/svg"&gt;&lt;path d="M1408 960V832q0-26-19-45t-45-19h-320V448q0-26-19-45t-45-19H832q-26 0-45 19t-19 45v320H448q-26 0-45 19t-19 45v128q0 26 19 45t45 19h320v320q0 26 19 45t45 19h128q26 0 45-19t19-45v-320h320q26 0 45-19t19-45zm256-544v960q0 119-84.5 203.5T1376 1664H416q-119 0-203.5-84.5T128 1376V416q0-119 84.5-203.5T416 128h960q119 0 203.5 84.5T1664 416z"/&gt;&lt;/svg&gt;&lt;/span&gt;
    
            &lt;span class="trace-class"&gt;&lt;abbr title="Doctrine\DBAL\Connection"&gt;Connection&lt;/abbr&gt;&lt;/span&gt;&lt;span class="trace-type"&gt;-&gt;&lt;/span&gt;&lt;span class="trace-method"&gt;executeQuery&lt;/span&gt;&lt;span class="trace-arguments"&gt;()&lt;/span&gt;    
                    &lt;span class="block trace-file-path"&gt;
            in
            &lt;a href=""&gt;
                C:\Users\eman\Documents\GitHub\car_dealer\vendor\doctrine\orm\lib\Doctrine\ORM\Persisters\Entity\&lt;strong&gt;BasicEntityPersister.php&lt;/strong&gt;
            &lt;/a&gt;
                        (line 883)
            &lt;span class="icon icon-copy hidden" data-clipboard-text="C:\Users\eman\Documents\GitHub\car_dealer\vendor\doctrine\orm\lib\Doctrine\ORM\Persisters\Entity\BasicEntityPersister.php:883"&gt;
                &lt;svg xmlns="http://www.w3.org/2000/svg" height="24" viewBox="0 0 24 24" width="24"&gt;&lt;path d="M0 0h24v24H0z" fill="none"/&gt;&lt;path d="M16 1H4c-1.1 0-2 .9-2 2v14h2V3h12V1zm3 4H8c-1.1 0-2 .9-2 2v14c0 1.1.9 2 2 2h11c1.1 0 2-.9 2-2V7c0-1.1-.9-2-2-2zm0 16H8V7h11v14z"/&gt;&lt;/svg&gt;            &lt;/span&gt;
        &lt;/span&gt;
    &lt;/div&gt;
    &lt;div id="trace-html-2-5" class="trace-code sf-toggle-content"&gt;
        &lt;ol start="878"&gt;&lt;li&gt;&lt;code&gt;&lt;span style="color: var(--highlight-keyword)"&gt;&amp;nbsp;&amp;nbsp;&amp;nbsp;&amp;nbsp;{&lt;/span&gt;&lt;/code&gt;&lt;/li&gt;
&lt;li&gt;&lt;code&gt;&lt;span style="color: var(--highlight-keyword)"&gt;&amp;nbsp;&amp;nbsp;&amp;nbsp;&amp;nbsp;&amp;nbsp;&amp;nbsp;&amp;nbsp;&amp;nbsp;&lt;/span&gt;&lt;span style="color: var(--highlight-default)"&gt;$this&lt;/span&gt;&lt;span style="color: var(--highlight-keyword)"&gt;-&amp;gt;&lt;/span&gt;&lt;span style="color: var(--highlight-default)"&gt;switchPersisterContext&lt;/span&gt;&lt;span style="color: var(--highlight-keyword)"&gt;(&lt;/span&gt;&lt;span style="color: var(--highlight-default)"&gt;$offset&lt;/span&gt;&lt;span style="color: var(--highlight-keyword)"&gt;,&amp;nbsp;&lt;/span&gt;&lt;span style="color: var(--highlight-default)"&gt;$limit&lt;/span&gt;&lt;span style="color: var(--highlight-keyword)"&gt;);&lt;/span&gt;&lt;/code&gt;&lt;/li&gt;
&lt;li&gt;&lt;code&gt;&lt;span style="color: var(--highlight-keyword)"&gt;&lt;/span&gt;&lt;/code&gt;&lt;/li&gt;
&lt;li&gt;&lt;code&gt;&lt;span style="color: var(--highlight-keyword)"&gt;&amp;nbsp;&amp;nbsp;&amp;nbsp;&amp;nbsp;&amp;nbsp;&amp;nbsp;&amp;nbsp;&amp;nbsp;&lt;/span&gt;&lt;span style="color: var(--highlight-default)"&gt;$sql&amp;nbsp;&amp;nbsp;&amp;nbsp;&amp;nbsp;&amp;nbsp;&amp;nbsp;&amp;nbsp;&amp;nbsp;&amp;nbsp;&amp;nbsp;&amp;nbsp;&amp;nbsp;&amp;nbsp;&amp;nbsp;&lt;/span&gt;&lt;span style="color: var(--highlight-keyword)"&gt;=&amp;nbsp;&lt;/span&gt;&lt;span style="color: var(--highlight-default)"&gt;$this&lt;/span&gt;&lt;span style="color: var(--highlight-keyword)"&gt;-&amp;gt;&lt;/span&gt;&lt;span style="color: var(--highlight-default)"&gt;getSelectSQL&lt;/span&gt;&lt;span style="color: var(--highlight-keyword)"&gt;(&lt;/span&gt;&lt;span style="color: var(--highlight-default)"&gt;$criteria&lt;/span&gt;&lt;span style="color: var(--highlight-keyword)"&gt;,&amp;nbsp;&lt;/span&gt;&lt;span style="color: var(--highlight-default)"&gt;null&lt;/span&gt;&lt;span style="color: var(--highlight-keyword)"&gt;,&amp;nbsp;&lt;/span&gt;&lt;span style="color: var(--highlight-default)"&gt;null&lt;/span&gt;&lt;span style="color: var(--highlight-keyword)"&gt;,&amp;nbsp;&lt;/span&gt;&lt;span style="color: var(--highlight-default)"&gt;$limit&lt;/span&gt;&lt;span style="color: var(--highlight-keyword)"&gt;,&amp;nbsp;&lt;/span&gt;&lt;span style="color: var(--highlight-default)"&gt;$offset&lt;/span&gt;&lt;span style="color: var(--highlight-keyword)"&gt;,&amp;nbsp;&lt;/span&gt;&lt;span style="color: var(--highlight-default)"&gt;$orderBy&lt;/span&gt;&lt;span style="color: var(--highlight-keyword)"&gt;);&lt;/span&gt;&lt;/code&gt;&lt;/li&gt;
&lt;li&gt;&lt;code&gt;&lt;span style="color: var(--highlight-keyword)"&gt;&amp;nbsp;&amp;nbsp;&amp;nbsp;&amp;nbsp;&amp;nbsp;&amp;nbsp;&amp;nbsp;&amp;nbsp;[&lt;/span&gt;&lt;span style="color: var(--highlight-default)"&gt;$params&lt;/span&gt;&lt;span style="color: var(--highlight-keyword)"&gt;,&amp;nbsp;&lt;/span&gt;&lt;span style="color: var(--highlight-default)"&gt;$types&lt;/span&gt;&lt;span style="color: var(--highlight-keyword)"&gt;]&amp;nbsp;=&amp;nbsp;&lt;/span&gt;&lt;span style="color: var(--highlight-default)"&gt;$this&lt;/span&gt;&lt;span style="color: var(--highlight-keyword)"&gt;-&amp;gt;&lt;/span&gt;&lt;span style="color: var(--highlight-default)"&gt;expandParameters&lt;/span&gt;&lt;span style="color: var(--highlight-keyword)"&gt;(&lt;/span&gt;&lt;span style="color: var(--highlight-default)"&gt;$criteria&lt;/span&gt;&lt;span style="color: var(--highlight-keyword)"&gt;);&lt;/span&gt;&lt;/code&gt;&lt;/li&gt;
&lt;li class="selected"&gt;&lt;code&gt;&lt;span style="color: var(--highlight-keyword)"&gt;&amp;nbsp;&amp;nbsp;&amp;nbsp;&amp;nbsp;&amp;nbsp;&amp;nbsp;&amp;nbsp;&amp;nbsp;&lt;/span&gt;&lt;span style="color: var(--highlight-default)"&gt;$stmt&amp;nbsp;&amp;nbsp;&amp;nbsp;&amp;nbsp;&amp;nbsp;&amp;nbsp;&amp;nbsp;&amp;nbsp;&amp;nbsp;&amp;nbsp;&amp;nbsp;&amp;nbsp;&amp;nbsp;&lt;/span&gt;&lt;span style="color: var(--highlight-keyword)"&gt;=&amp;nbsp;&lt;/span&gt;&lt;span style="color: var(--highlight-default)"&gt;$this&lt;/span&gt;&lt;span style="color: var(--highlight-keyword)"&gt;-&amp;gt;&lt;/span&gt;&lt;span style="color: var(--highlight-default)"&gt;conn&lt;/span&gt;&lt;span style="color: var(--highlight-keyword)"&gt;-&amp;gt;&lt;/span&gt;&lt;span style="color: var(--highlight-default)"&gt;executeQuery&lt;/span&gt;&lt;span style="color: var(--highlight-keyword)"&gt;(&lt;/span&gt;&lt;span style="color: var(--highlight-default)"&gt;$sql&lt;/span&gt;&lt;span style="color: var(--highlight-keyword)"&gt;,&amp;nbsp;&lt;/span&gt;&lt;span style="color: var(--highlight-default)"&gt;$params&lt;/span&gt;&lt;span style="color: var(--highlight-keyword)"&gt;,&amp;nbsp;&lt;/span&gt;&lt;span style="color: var(--highlight-default)"&gt;$types&lt;/span&gt;&lt;span style="color: var(--highlight-keyword)"&gt;);&lt;/span&gt;&lt;/code&gt;&lt;/li&gt;
&lt;li&gt;&lt;code&gt;&lt;span style="color: var(--highlight-keyword)"&gt;&lt;/span&gt;&lt;/code&gt;&lt;/li&gt;
&lt;li&gt;&lt;code&gt;&lt;span style="color: var(--highlight-keyword)"&gt;&amp;nbsp;&amp;nbsp;&amp;nbsp;&amp;nbsp;&amp;nbsp;&amp;nbsp;&amp;nbsp;&amp;nbsp;&lt;/span&gt;&lt;span style="color: var(--highlight-default)"&gt;$hydrator&amp;nbsp;&lt;/span&gt;&lt;span style="color: var(--highlight-keyword)"&gt;=&amp;nbsp;&lt;/span&gt;&lt;span style="color: var(--highlight-default)"&gt;$this&lt;/span&gt;&lt;span style="color: var(--highlight-keyword)"&gt;-&amp;gt;&lt;/span&gt;&lt;span style="color: var(--highlight-default)"&gt;em&lt;/span&gt;&lt;span style="color: var(--highlight-keyword)"&gt;-&amp;gt;&lt;/span&gt;&lt;span style="color: var(--highlight-default)"&gt;newHydrator&lt;/span&gt;&lt;span style="color: var(--highlight-keyword)"&gt;(&lt;/span&gt;&lt;span style="color: var(--highlight-default)"&gt;$this&lt;/span&gt;&lt;span style="color: var(--highlight-keyword)"&gt;-&amp;gt;&lt;/span&gt;&lt;span style="color: var(--highlight-default)"&gt;currentPersisterContext&lt;/span&gt;&lt;span style="color: var(--highlight-keyword)"&gt;-&amp;gt;&lt;/span&gt;&lt;span style="color: var(--highlight-default)"&gt;selectJoinSql&amp;nbsp;&lt;/span&gt;&lt;span style="color: var(--highlight-keyword)"&gt;?&amp;nbsp;&lt;/span&gt;&lt;span style="color: var(--highlight-default)"&gt;Query&lt;/span&gt;&lt;span style="color: var(--highlight-keyword)"&gt;::&lt;/span&gt;&lt;span style="color: var(--highlight-default)"&gt;HYDRATE_OBJECT&amp;nbsp;&lt;/span&gt;&lt;span style="color: var(--highlight-keyword)"&gt;:&amp;nbsp;&lt;/span&gt;&lt;span style="color: var(--highlight-default)"&gt;Query&lt;/span&gt;&lt;span style="color: var(--highlight-keyword)"&gt;::&lt;/span&gt;&lt;span style="color: var(--highlight-default)"&gt;HYDRATE_SIMPLEOBJECT&lt;/span&gt;&lt;span style="color: var(--highlight-keyword)"&gt;);&lt;/span&gt;&lt;/code&gt;&lt;/li&gt;
&lt;li&gt;&lt;code&gt;&lt;span style="color: var(--highlight-keyword)"&gt;&lt;/span&gt;&lt;/code&gt;&lt;/li&gt;
&lt;li&gt;&lt;code&gt;&lt;span style="color: var(--highlight-keyword)"&gt;&amp;nbsp;&amp;nbsp;&amp;nbsp;&amp;nbsp;&amp;nbsp;&amp;nbsp;&amp;nbsp;&amp;nbsp;return&amp;nbsp;&lt;/span&gt;&lt;span style="color: var(--highlight-default)"&gt;$hydrator&lt;/span&gt;&lt;span style="color: var(--highlight-keyword)"&gt;-&amp;gt;&lt;/span&gt;&lt;span style="color: var(--highlight-default)"&gt;hydrateAll&lt;/span&gt;&lt;span style="color: var(--highlight-keyword)"&gt;(&lt;/span&gt;&lt;span style="color: var(--highlight-default)"&gt;$stmt&lt;/span&gt;&lt;span style="color: var(--highlight-keyword)"&gt;,&amp;nbsp;&lt;/span&gt;&lt;span style="color: var(--highlight-default)"&gt;$this&lt;/span&gt;&lt;span style="color: var(--highlight-keyword)"&gt;-&amp;gt;&lt;/span&gt;&lt;span style="color: var(--highlight-default)"&gt;currentPersisterContext&lt;/span&gt;&lt;span style="color: var(--highlight-keyword)"&gt;-&amp;gt;&lt;/span&gt;&lt;span style="color: var(--highlight-default)"&gt;rsm&lt;/span&gt;&lt;span style="color: var(--highlight-keyword)"&gt;,&amp;nbsp;[&lt;/span&gt;&lt;span style="color: var(--highlight-default)"&gt;UnitOfWork&lt;/span&gt;&lt;span style="color: var(--highlight-keyword)"&gt;::&lt;/span&gt;&lt;span style="color: var(--highlight-default)"&gt;HINT_DEFEREAGERLOAD&amp;nbsp;&lt;/span&gt;&lt;span style="color: var(--highlight-keyword)"&gt;=&amp;gt;&amp;nbsp;&lt;/span&gt;&lt;span style="color: var(--highlight-default)"&gt;true&lt;/span&gt;&lt;span style="color: var(--highlight-keyword)"&gt;]);&lt;/span&gt;&lt;/code&gt;&lt;/li&gt;
&lt;li&gt;&lt;code&gt;&lt;span style="color: var(--highlight-keyword)"&gt;&amp;nbsp;&amp;nbsp;&amp;nbsp;&amp;nbsp;}&lt;/span&gt;&lt;/code&gt;&lt;/li&gt;&lt;/ol&gt;    &lt;/div&gt;            &lt;/div&gt;
                        &lt;div class="trace-line "&gt;
                &lt;div class="trace-line-header break-long-words sf-toggle" data-toggle-selector="#trace-html-2-6" data-toggle-initial=""&gt;
            &lt;span class="icon icon-close"&gt;&lt;svg width="1792" height="1792" viewBox="0 0 1792 1792" xmlns="http://www.w3.org/2000/svg"&gt;&lt;path d="M1408 960V832q0-26-19-45t-45-19H448q-26 0-45 19t-19 45v128q0 26 19 45t45 19h896q26 0 45-19t19-45zm256-544v960q0 119-84.5 203.5T1376 1664H416q-119 0-203.5-84.5T128 1376V416q0-119 84.5-203.5T416 128h960q119 0 203.5 84.5T1664 416z"/&gt;&lt;/svg&gt;&lt;/span&gt;
        &lt;span class="icon icon-open"&gt;&lt;svg width="1792" height="1792" viewBox="0 0 1792 1792" xmlns="http://www.w3.org/2000/svg"&gt;&lt;path d="M1408 960V832q0-26-19-45t-45-19h-320V448q0-26-19-45t-45-19H832q-26 0-45 19t-19 45v320H448q-26 0-45 19t-19 45v128q0 26 19 45t45 19h320v320q0 26 19 45t45 19h128q26 0 45-19t19-45v-320h320q26 0 45-19t19-45zm256-544v960q0 119-84.5 203.5T1376 1664H416q-119 0-203.5-84.5T128 1376V416q0-119 84.5-203.5T416 128h960q119 0 203.5 84.5T1664 416z"/&gt;&lt;/svg&gt;&lt;/span&gt;
    
            &lt;span class="trace-class"&gt;&lt;abbr title="Doctrine\ORM\Persisters\Entity\BasicEntityPersister"&gt;BasicEntityPersister&lt;/abbr&gt;&lt;/span&gt;&lt;span class="trace-type"&gt;-&gt;&lt;/span&gt;&lt;span class="trace-method"&gt;loadAll&lt;/span&gt;&lt;span class="trace-arguments"&gt;()&lt;/span&gt;    
                    &lt;span class="block trace-file-path"&gt;
            in
            &lt;a href=""&gt;
                C:\Users\eman\Documents\GitHub\car_dealer\vendor\doctrine\orm\lib\Doctrine\ORM\&lt;strong&gt;EntityRepository.php&lt;/strong&gt;
            &lt;/a&gt;
                        (line 202)
            &lt;span class="icon icon-copy hidden" data-clipboard-text="C:\Users\eman\Documents\GitHub\car_dealer\vendor\doctrine\orm\lib\Doctrine\ORM\EntityRepository.php:202"&gt;
                &lt;svg xmlns="http://www.w3.org/2000/svg" height="24" viewBox="0 0 24 24" width="24"&gt;&lt;path d="M0 0h24v24H0z" fill="none"/&gt;&lt;path d="M16 1H4c-1.1 0-2 .9-2 2v14h2V3h12V1zm3 4H8c-1.1 0-2 .9-2 2v14c0 1.1.9 2 2 2h11c1.1 0 2-.9 2-2V7c0-1.1-.9-2-2-2zm0 16H8V7h11v14z"/&gt;&lt;/svg&gt;            &lt;/span&gt;
        &lt;/span&gt;
    &lt;/div&gt;
    &lt;div id="trace-html-2-6" class="trace-code sf-toggle-content"&gt;
        &lt;ol start="197"&gt;&lt;li&gt;&lt;code&gt;&lt;span style="color: var(--highlight-comment)"&gt;&amp;nbsp;&amp;nbsp;&amp;nbsp;&amp;nbsp;&amp;nbsp;*/&lt;/span&gt;&lt;/code&gt;&lt;/li&gt;
&lt;li&gt;&lt;code&gt;&lt;span style="color: var(--highlight-comment)"&gt;&amp;nbsp;&amp;nbsp;&amp;nbsp;&amp;nbsp;&lt;/span&gt;&lt;span style="color: var(--highlight-keyword)"&gt;public&amp;nbsp;function&amp;nbsp;&lt;/span&gt;&lt;span style="color: var(--highlight-default)"&gt;findBy&lt;/span&gt;&lt;span style="color: var(--highlight-keyword)"&gt;(array&amp;nbsp;&lt;/span&gt;&lt;span style="color: var(--highlight-default)"&gt;$criteria&lt;/span&gt;&lt;span style="color: var(--highlight-keyword)"&gt;,&amp;nbsp;?array&amp;nbsp;&lt;/span&gt;&lt;span style="color: var(--highlight-default)"&gt;$orderBy&amp;nbsp;&lt;/span&gt;&lt;span style="color: var(--highlight-keyword)"&gt;=&amp;nbsp;&lt;/span&gt;&lt;span style="color: var(--highlight-default)"&gt;null&lt;/span&gt;&lt;span style="color: var(--highlight-keyword)"&gt;,&amp;nbsp;&lt;/span&gt;&lt;span style="color: var(--highlight-default)"&gt;$limit&amp;nbsp;&lt;/span&gt;&lt;span style="color: var(--highlight-keyword)"&gt;=&amp;nbsp;&lt;/span&gt;&lt;span style="color: var(--highlight-default)"&gt;null&lt;/span&gt;&lt;span style="color: var(--highlight-keyword)"&gt;,&amp;nbsp;&lt;/span&gt;&lt;span style="color: var(--highlight-default)"&gt;$offset&amp;nbsp;&lt;/span&gt;&lt;span style="color: var(--highlight-keyword)"&gt;=&amp;nbsp;&lt;/span&gt;&lt;span style="color: var(--highlight-default)"&gt;null&lt;/span&gt;&lt;span style="color: var(--highlight-keyword)"&gt;)&lt;/span&gt;&lt;/code&gt;&lt;/li&gt;
&lt;li&gt;&lt;code&gt;&lt;span style="color: var(--highlight-keyword)"&gt;&amp;nbsp;&amp;nbsp;&amp;nbsp;&amp;nbsp;{&lt;/span&gt;&lt;/code&gt;&lt;/li&gt;
&lt;li&gt;&lt;code&gt;&lt;span style="color: var(--highlight-keyword)"&gt;&amp;nbsp;&amp;nbsp;&amp;nbsp;&amp;nbsp;&amp;nbsp;&amp;nbsp;&amp;nbsp;&amp;nbsp;&lt;/span&gt;&lt;span style="color: var(--highlight-default)"&gt;$persister&amp;nbsp;&lt;/span&gt;&lt;span style="color: var(--highlight-keyword)"&gt;=&amp;nbsp;&lt;/span&gt;&lt;span style="color: var(--highlight-default)"&gt;$this&lt;/span&gt;&lt;span style="color: var(--highlight-keyword)"&gt;-&amp;gt;&lt;/span&gt;&lt;span style="color: var(--highlight-default)"&gt;_em&lt;/span&gt;&lt;span style="color: var(--highlight-keyword)"&gt;-&amp;gt;&lt;/span&gt;&lt;span style="color: var(--highlight-default)"&gt;getUnitOfWork&lt;/span&gt;&lt;span style="color: var(--highlight-keyword)"&gt;()-&amp;gt;&lt;/span&gt;&lt;span style="color: var(--highlight-default)"&gt;getEntityPersister&lt;/span&gt;&lt;span style="color: var(--highlight-keyword)"&gt;(&lt;/span&gt;&lt;span style="color: var(--highlight-default)"&gt;$this&lt;/span&gt;&lt;span style="color: var(--highlight-keyword)"&gt;-&amp;gt;&lt;/span&gt;&lt;span style="color: var(--highlight-default)"&gt;_entityName&lt;/span&gt;&lt;span style="color: var(--highlight-keyword)"&gt;);&lt;/span&gt;&lt;/code&gt;&lt;/li&gt;
&lt;li&gt;&lt;code&gt;&lt;span style="color: var(--highlight-keyword)"&gt;&lt;/span&gt;&lt;/code&gt;&lt;/li&gt;
&lt;li class="selected"&gt;&lt;code&gt;&lt;span style="color: var(--highlight-keyword)"&gt;&amp;nbsp;&amp;nbsp;&amp;nbsp;&amp;nbsp;&amp;nbsp;&amp;nbsp;&amp;nbsp;&amp;nbsp;return&amp;nbsp;&lt;/span&gt;&lt;span style="color: var(--highlight-default)"&gt;$persister&lt;/span&gt;&lt;span style="color: var(--highlight-keyword)"&gt;-&amp;gt;&lt;/span&gt;&lt;span style="color: var(--highlight-default)"&gt;loadAll&lt;/span&gt;&lt;span style="color: var(--highlight-keyword)"&gt;(&lt;/span&gt;&lt;span style="color: var(--highlight-default)"&gt;$criteria&lt;/span&gt;&lt;span style="color: var(--highlight-keyword)"&gt;,&amp;nbsp;&lt;/span&gt;&lt;span style="color: var(--highlight-default)"&gt;$orderBy&lt;/span&gt;&lt;span style="color: var(--highlight-keyword)"&gt;,&amp;nbsp;&lt;/span&gt;&lt;span style="color: var(--highlight-default)"&gt;$limit&lt;/span&gt;&lt;span style="color: var(--highlight-keyword)"&gt;,&amp;nbsp;&lt;/span&gt;&lt;span style="color: var(--highlight-default)"&gt;$offset&lt;/span&gt;&lt;span style="color: var(--highlight-keyword)"&gt;);&lt;/span&gt;&lt;/code&gt;&lt;/li&gt;
&lt;li&gt;&lt;code&gt;&lt;span style="color: var(--highlight-keyword)"&gt;&amp;nbsp;&amp;nbsp;&amp;nbsp;&amp;nbsp;}&lt;/span&gt;&lt;/code&gt;&lt;/li&gt;
&lt;li&gt;&lt;code&gt;&lt;span style="color: var(--highlight-keyword)"&gt;&lt;/span&gt;&lt;/code&gt;&lt;/li&gt;
&lt;li&gt;&lt;code&gt;&lt;span style="color: var(--highlight-keyword)"&gt;&amp;nbsp;&amp;nbsp;&amp;nbsp;&amp;nbsp;&lt;/span&gt;&lt;span style="color: var(--highlight-comment)"&gt;/**&lt;/span&gt;&lt;/code&gt;&lt;/li&gt;
&lt;li&gt;&lt;code&gt;&lt;span style="color: var(--highlight-comment)"&gt;&amp;nbsp;&amp;nbsp;&amp;nbsp;&amp;nbsp;&amp;nbsp;*&amp;nbsp;Finds&amp;nbsp;a&amp;nbsp;single&amp;nbsp;entity&amp;nbsp;by&amp;nbsp;a&amp;nbsp;set&amp;nbsp;of&amp;nbsp;criteria.&lt;/span&gt;&lt;/code&gt;&lt;/li&gt;
&lt;li&gt;&lt;code&gt;&lt;span style="color: var(--highlight-comment)"&gt;&amp;nbsp;&amp;nbsp;&amp;nbsp;&amp;nbsp;&amp;nbsp;*&lt;/span&gt;&lt;/code&gt;&lt;/li&gt;&lt;/ol&gt;    &lt;/div&gt;            &lt;/div&gt;
                        &lt;div class="trace-line "&gt;
                &lt;div class="trace-line-header break-long-words sf-toggle" data-toggle-selector="#trace-html-2-7" data-toggle-initial=""&gt;
            &lt;span class="icon icon-close"&gt;&lt;svg width="1792" height="1792" viewBox="0 0 1792 1792" xmlns="http://www.w3.org/2000/svg"&gt;&lt;path d="M1408 960V832q0-26-19-45t-45-19H448q-26 0-45 19t-19 45v128q0 26 19 45t45 19h896q26 0 45-19t19-45zm256-544v960q0 119-84.5 203.5T1376 1664H416q-119 0-203.5-84.5T128 1376V416q0-119 84.5-203.5T416 128h960q119 0 203.5 84.5T1664 416z"/&gt;&lt;/svg&gt;&lt;/span&gt;
        &lt;span class="icon icon-open"&gt;&lt;svg width="1792" height="1792" viewBox="0 0 1792 1792" xmlns="http://www.w3.org/2000/svg"&gt;&lt;path d="M1408 960V832q0-26-19-45t-45-19h-320V448q0-26-19-45t-45-19H832q-26 0-45 19t-19 45v320H448q-26 0-45 19t-19 45v128q0 26 19 45t45 19h320v320q0 26 19 45t45 19h128q26 0 45-19t19-45v-320h320q26 0 45-19t19-45zm256-544v960q0 119-84.5 203.5T1376 1664H416q-119 0-203.5-84.5T128 1376V416q0-119 84.5-203.5T416 128h960q119 0 203.5 84.5T1664 416z"/&gt;&lt;/svg&gt;&lt;/span&gt;
    
            &lt;span class="trace-class"&gt;&lt;abbr title="Doctrine\ORM\EntityRepository"&gt;EntityRepository&lt;/abbr&gt;&lt;/span&gt;&lt;span class="trace-type"&gt;-&gt;&lt;/span&gt;&lt;span class="trace-method"&gt;findBy&lt;/span&gt;&lt;span class="trace-arguments"&gt;()&lt;/span&gt;    
                    &lt;span class="block trace-file-path"&gt;
            in
            &lt;a href=""&gt;
                C:\Users\eman\Documents\GitHub\car_dealer\vendor\doctrine\orm\lib\Doctrine\ORM\&lt;strong&gt;EntityRepository.php&lt;/strong&gt;
            &lt;/a&gt;
                        (line 184)
            &lt;span class="icon icon-copy hidden" data-clipboard-text="C:\Users\eman\Documents\GitHub\car_dealer\vendor\doctrine\orm\lib\Doctrine\ORM\EntityRepository.php:184"&gt;
                &lt;svg xmlns="http://www.w3.org/2000/svg" height="24" viewBox="0 0 24 24" width="24"&gt;&lt;path d="M0 0h24v24H0z" fill="none"/&gt;&lt;path d="M16 1H4c-1.1 0-2 .9-2 2v14h2V3h12V1zm3 4H8c-1.1 0-2 .9-2 2v14c0 1.1.9 2 2 2h11c1.1 0 2-.9 2-2V7c0-1.1-.9-2-2-2zm0 16H8V7h11v14z"/&gt;&lt;/svg&gt;            &lt;/span&gt;
        &lt;/span&gt;
    &lt;/div&gt;
    &lt;div id="trace-html-2-7" class="trace-code sf-toggle-content"&gt;
        &lt;ol start="179"&gt;&lt;li&gt;&lt;code&gt;&lt;span style="color: var(--highlight-comment)"&gt;&amp;nbsp;&amp;nbsp;&amp;nbsp;&amp;nbsp;&amp;nbsp;*&lt;/span&gt;&lt;/code&gt;&lt;/li&gt;
&lt;li&gt;&lt;code&gt;&lt;span style="color: var(--highlight-comment)"&gt;&amp;nbsp;&amp;nbsp;&amp;nbsp;&amp;nbsp;&amp;nbsp;*&amp;nbsp;@psalm-return&amp;nbsp;list&amp;lt;T&amp;gt;&amp;nbsp;The&amp;nbsp;entities.&lt;/span&gt;&lt;/code&gt;&lt;/li&gt;
&lt;li&gt;&lt;code&gt;&lt;span style="color: var(--highlight-comment)"&gt;&amp;nbsp;&amp;nbsp;&amp;nbsp;&amp;nbsp;&amp;nbsp;*/&lt;/span&gt;&lt;/code&gt;&lt;/li&gt;
&lt;li&gt;&lt;code&gt;&lt;span style="color: var(--highlight-comment)"&gt;&amp;nbsp;&amp;nbsp;&amp;nbsp;&amp;nbsp;&lt;/span&gt;&lt;span style="color: var(--highlight-keyword)"&gt;public&amp;nbsp;function&amp;nbsp;&lt;/span&gt;&lt;span style="color: var(--highlight-default)"&gt;findAll&lt;/span&gt;&lt;span style="color: var(--highlight-keyword)"&gt;()&lt;/span&gt;&lt;/code&gt;&lt;/li&gt;
&lt;li&gt;&lt;code&gt;&lt;span style="color: var(--highlight-keyword)"&gt;&amp;nbsp;&amp;nbsp;&amp;nbsp;&amp;nbsp;{&lt;/span&gt;&lt;/code&gt;&lt;/li&gt;
&lt;li class="selected"&gt;&lt;code&gt;&lt;span style="color: var(--highlight-keyword)"&gt;&amp;nbsp;&amp;nbsp;&amp;nbsp;&amp;nbsp;&amp;nbsp;&amp;nbsp;&amp;nbsp;&amp;nbsp;return&amp;nbsp;&lt;/span&gt;&lt;span style="color: var(--highlight-default)"&gt;$this&lt;/span&gt;&lt;span style="color: var(--highlight-keyword)"&gt;-&amp;gt;&lt;/span&gt;&lt;span style="color: var(--highlight-default)"&gt;findBy&lt;/span&gt;&lt;span style="color: var(--highlight-keyword)"&gt;([]);&lt;/span&gt;&lt;/code&gt;&lt;/li&gt;
&lt;li&gt;&lt;code&gt;&lt;span style="color: var(--highlight-keyword)"&gt;&amp;nbsp;&amp;nbsp;&amp;nbsp;&amp;nbsp;}&lt;/span&gt;&lt;/code&gt;&lt;/li&gt;
&lt;li&gt;&lt;code&gt;&lt;span style="color: var(--highlight-keyword)"&gt;&lt;/span&gt;&lt;/code&gt;&lt;/li&gt;
&lt;li&gt;&lt;code&gt;&lt;span style="color: var(--highlight-keyword)"&gt;&amp;nbsp;&amp;nbsp;&amp;nbsp;&amp;nbsp;&lt;/span&gt;&lt;span style="color: var(--highlight-comment)"&gt;/**&lt;/span&gt;&lt;/code&gt;&lt;/li&gt;
&lt;li&gt;&lt;code&gt;&lt;span style="color: var(--highlight-comment)"&gt;&amp;nbsp;&amp;nbsp;&amp;nbsp;&amp;nbsp;&amp;nbsp;*&amp;nbsp;Finds&amp;nbsp;entities&amp;nbsp;by&amp;nbsp;a&amp;nbsp;set&amp;nbsp;of&amp;nbsp;criteria.&lt;/span&gt;&lt;/code&gt;&lt;/li&gt;
&lt;li&gt;&lt;code&gt;&lt;span style="color: var(--highlight-comment)"&gt;&amp;nbsp;&amp;nbsp;&amp;nbsp;&amp;nbsp;&amp;nbsp;*&lt;/span&gt;&lt;/code&gt;&lt;/li&gt;&lt;/ol&gt;    &lt;/div&gt;            &lt;/div&gt;
                        &lt;div class="trace-line "&gt;
                &lt;div class="trace-line-header break-long-words sf-toggle" data-toggle-selector="#trace-html-2-8" data-toggle-initial=""&gt;
            &lt;span class="icon icon-close"&gt;&lt;svg width="1792" height="1792" viewBox="0 0 1792 1792" xmlns="http://www.w3.org/2000/svg"&gt;&lt;path d="M1408 960V832q0-26-19-45t-45-19H448q-26 0-45 19t-19 45v128q0 26 19 45t45 19h896q26 0 45-19t19-45zm256-544v960q0 119-84.5 203.5T1376 1664H416q-119 0-203.5-84.5T128 1376V416q0-119 84.5-203.5T416 128h960q119 0 203.5 84.5T1664 416z"/&gt;&lt;/svg&gt;&lt;/span&gt;
        &lt;span class="icon icon-open"&gt;&lt;svg width="1792" height="1792" viewBox="0 0 1792 1792" xmlns="http://www.w3.org/2000/svg"&gt;&lt;path d="M1408 960V832q0-26-19-45t-45-19h-320V448q0-26-19-45t-45-19H832q-26 0-45 19t-19 45v320H448q-26 0-45 19t-19 45v128q0 26 19 45t45 19h320v320q0 26 19 45t45 19h128q26 0 45-19t19-45v-320h320q26 0 45-19t19-45zm256-544v960q0 119-84.5 203.5T1376 1664H416q-119 0-203.5-84.5T128 1376V416q0-119 84.5-203.5T416 128h960q119 0 203.5 84.5T1664 416z"/&gt;&lt;/svg&gt;&lt;/span&gt;
    
            &lt;span class="trace-class"&gt;&lt;abbr title="Doctrine\ORM\EntityRepository"&gt;EntityRepository&lt;/abbr&gt;&lt;/span&gt;&lt;span class="trace-type"&gt;-&gt;&lt;/span&gt;&lt;span class="trace-method"&gt;findAll&lt;/span&gt;&lt;span class="trace-arguments"&gt;()&lt;/span&gt;    
                    &lt;span class="block trace-file-path"&gt;
            in
            &lt;a href=""&gt;
                C:\Users\eman\Documents\GitHub\car_dealer\src\Controller\&lt;strong&gt;CarPublicController.php&lt;/strong&gt;
            &lt;/a&gt;
                        (line 21)
            &lt;span class="icon icon-copy hidden" data-clipboard-text="C:\Users\eman\Documents\GitHub\car_dealer\src\Controller\CarPublicController.php:21"&gt;
                &lt;svg xmlns="http://www.w3.org/2000/svg" height="24" viewBox="0 0 24 24" width="24"&gt;&lt;path d="M0 0h24v24H0z" fill="none"/&gt;&lt;path d="M16 1H4c-1.1 0-2 .9-2 2v14h2V3h12V1zm3 4H8c-1.1 0-2 .9-2 2v14c0 1.1.9 2 2 2h11c1.1 0 2-.9 2-2V7c0-1.1-.9-2-2-2zm0 16H8V7h11v14z"/&gt;&lt;/svg&gt;            &lt;/span&gt;
        &lt;/span&gt;
    &lt;/div&gt;
    &lt;div id="trace-html-2-8" class="trace-code sf-toggle-content"&gt;
        &lt;ol start="16"&gt;&lt;li&gt;&lt;code&gt;&lt;span style="color: var(--highlight-keyword)"&gt;&amp;nbsp;&amp;nbsp;&amp;nbsp;&amp;nbsp;&amp;nbsp;&amp;nbsp;&amp;nbsp;&amp;nbsp;&lt;/span&gt;&lt;span style="color: var(--highlight-default)"&gt;$template&amp;nbsp;&lt;/span&gt;&lt;span style="color: var(--highlight-keyword)"&gt;=&amp;nbsp;&lt;/span&gt;&lt;span style="color: var(--highlight-string)"&gt;'carPublic/index.html.twig'&lt;/span&gt;&lt;span style="color: var(--highlight-keyword)"&gt;;&#13;&lt;/span&gt;&lt;/code&gt;&lt;/li&gt;
&lt;li&gt;&lt;code&gt;&lt;span style="color: var(--highlight-keyword)"&gt;&amp;nbsp;&amp;nbsp;&amp;nbsp;&amp;nbsp;&amp;nbsp;&amp;nbsp;&amp;nbsp;&amp;nbsp;&lt;/span&gt;&lt;span style="color: var(--highlight-default)"&gt;$argsArray&amp;nbsp;&lt;/span&gt;&lt;span style="color: var(--highlight-keyword)"&gt;=&amp;nbsp;[];&#13;&lt;/span&gt;&lt;/code&gt;&lt;/li&gt;
&lt;li&gt;&lt;code&gt;&lt;span style="color: var(--highlight-keyword)"&gt;&#13;&lt;/span&gt;&lt;/code&gt;&lt;/li&gt;
&lt;li&gt;&lt;code&gt;&lt;span style="color: var(--highlight-keyword)"&gt;&amp;nbsp;&amp;nbsp;&amp;nbsp;&amp;nbsp;&amp;nbsp;&amp;nbsp;&amp;nbsp;&amp;nbsp;return&amp;nbsp;&lt;/span&gt;&lt;span style="color: var(--highlight-default)"&gt;$this&lt;/span&gt;&lt;span style="color: var(--highlight-keyword)"&gt;-&amp;gt;&lt;/span&gt;&lt;span style="color: var(--highlight-default)"&gt;render&lt;/span&gt;&lt;span style="color: var(--highlight-keyword)"&gt;(&lt;/span&gt;&lt;span style="color: var(--highlight-default)"&gt;$template&lt;/span&gt;&lt;span style="color: var(--highlight-keyword)"&gt;,&amp;nbsp;[&#13;&lt;/span&gt;&lt;/code&gt;&lt;/li&gt;
&lt;li&gt;&lt;code&gt;&lt;span style="color: var(--highlight-keyword)"&gt;&amp;nbsp;&amp;nbsp;&amp;nbsp;&amp;nbsp;&amp;nbsp;&amp;nbsp;&amp;nbsp;&amp;nbsp;&amp;nbsp;&amp;nbsp;&amp;nbsp;&amp;nbsp;&lt;/span&gt;&lt;span style="color: var(--highlight-string)"&gt;'controller_name'&amp;nbsp;&lt;/span&gt;&lt;span style="color: var(--highlight-keyword)"&gt;=&amp;gt;&amp;nbsp;&lt;/span&gt;&lt;span style="color: var(--highlight-string)"&gt;'CarPublicController'&lt;/span&gt;&lt;span style="color: var(--highlight-keyword)"&gt;,&#13;&lt;/span&gt;&lt;/code&gt;&lt;/li&gt;
&lt;li class="selected"&gt;&lt;code&gt;&lt;span style="color: var(--highlight-keyword)"&gt;&amp;nbsp;&amp;nbsp;&amp;nbsp;&amp;nbsp;&amp;nbsp;&amp;nbsp;&amp;nbsp;&amp;nbsp;&amp;nbsp;&amp;nbsp;&amp;nbsp;&amp;nbsp;&lt;/span&gt;&lt;span style="color: var(--highlight-string)"&gt;'cars'&amp;nbsp;&lt;/span&gt;&lt;span style="color: var(--highlight-keyword)"&gt;=&amp;gt;&amp;nbsp;&lt;/span&gt;&lt;span style="color: var(--highlight-default)"&gt;$carRepository&lt;/span&gt;&lt;span style="color: var(--highlight-keyword)"&gt;-&amp;gt;&lt;/span&gt;&lt;span style="color: var(--highlight-default)"&gt;findAll&lt;/span&gt;&lt;span style="color: var(--highlight-keyword)"&gt;()&#13;&lt;/span&gt;&lt;/code&gt;&lt;/li&gt;
&lt;li&gt;&lt;code&gt;&lt;span style="color: var(--highlight-keyword)"&gt;&amp;nbsp;&amp;nbsp;&amp;nbsp;&amp;nbsp;&amp;nbsp;&amp;nbsp;&amp;nbsp;&amp;nbsp;]);&#13;&lt;/span&gt;&lt;/code&gt;&lt;/li&gt;
&lt;li&gt;&lt;code&gt;&lt;span style="color: var(--highlight-keyword)"&gt;&amp;nbsp;&amp;nbsp;&amp;nbsp;&amp;nbsp;}&#13;&lt;/span&gt;&lt;/code&gt;&lt;/li&gt;
&lt;li&gt;&lt;code&gt;&lt;span style="color: var(--highlight-keyword)"&gt;&#13;&lt;/span&gt;&lt;/code&gt;&lt;/li&gt;
&lt;li&gt;&lt;code&gt;&lt;span style="color: var(--highlight-keyword)"&gt;&amp;nbsp;&amp;nbsp;&amp;nbsp;&amp;nbsp;#[&lt;/span&gt;&lt;span style="color: var(--highlight-default)"&gt;Route&lt;/span&gt;&lt;span style="color: var(--highlight-keyword)"&gt;(&lt;/span&gt;&lt;span style="color: var(--highlight-string)"&gt;'/car/{id}/show'&lt;/span&gt;&lt;span style="color: var(--highlight-keyword)"&gt;,&amp;nbsp;&lt;/span&gt;&lt;span style="color: var(--highlight-default)"&gt;name&lt;/span&gt;&lt;span style="color: var(--highlight-keyword)"&gt;:&amp;nbsp;&lt;/span&gt;&lt;span style="color: var(--highlight-string)"&gt;'App_car_show_public'&lt;/span&gt;&lt;span style="color: var(--highlight-keyword)"&gt;,&amp;nbsp;&lt;/span&gt;&lt;span style="color: var(--highlight-default)"&gt;methods&lt;/span&gt;&lt;span style="color: var(--highlight-keyword)"&gt;:&amp;nbsp;[&lt;/span&gt;&lt;span style="color: var(--highlight-string)"&gt;'GET'&lt;/span&gt;&lt;span style="color: var(--highlight-keyword)"&gt;])]&#13;&lt;/span&gt;&lt;/code&gt;&lt;/li&gt;
&lt;li&gt;&lt;code&gt;&lt;span style="color: var(--highlight-keyword)"&gt;&amp;nbsp;&amp;nbsp;&amp;nbsp;&amp;nbsp;public&amp;nbsp;function&amp;nbsp;&lt;/span&gt;&lt;span style="color: var(--highlight-default)"&gt;show&lt;/span&gt;&lt;span style="color: var(--highlight-keyword)"&gt;(&lt;/span&gt;&lt;span style="color: var(--highlight-default)"&gt;Car&amp;nbsp;$car&lt;/span&gt;&lt;span style="color: var(--highlight-keyword)"&gt;):&amp;nbsp;&lt;/span&gt;&lt;span style="color: var(--highlight-default)"&gt;Response&#13;&lt;/span&gt;&lt;/code&gt;&lt;/li&gt;&lt;/ol&gt;    &lt;/div&gt;            &lt;/div&gt;
                        &lt;div class="trace-line "&gt;
                &lt;div class="trace-line-header break-long-words sf-toggle" data-toggle-selector="#trace-html-2-9" data-toggle-initial=""&gt;
            &lt;span class="icon icon-close"&gt;&lt;svg width="1792" height="1792" viewBox="0 0 1792 1792" xmlns="http://www.w3.org/2000/svg"&gt;&lt;path d="M1408 960V832q0-26-19-45t-45-19H448q-26 0-45 19t-19 45v128q0 26 19 45t45 19h896q26 0 45-19t19-45zm256-544v960q0 119-84.5 203.5T1376 1664H416q-119 0-203.5-84.5T128 1376V416q0-119 84.5-203.5T416 128h960q119 0 203.5 84.5T1664 416z"/&gt;&lt;/svg&gt;&lt;/span&gt;
        &lt;span class="icon icon-open"&gt;&lt;svg width="1792" height="1792" viewBox="0 0 1792 1792" xmlns="http://www.w3.org/2000/svg"&gt;&lt;path d="M1408 960V832q0-26-19-45t-45-19h-320V448q0-26-19-45t-45-19H832q-26 0-45 19t-19 45v320H448q-26 0-45 19t-19 45v128q0 26 19 45t45 19h320v320q0 26 19 45t45 19h128q26 0 45-19t19-45v-320h320q26 0 45-19t19-45zm256-544v960q0 119-84.5 203.5T1376 1664H416q-119 0-203.5-84.5T128 1376V416q0-119 84.5-203.5T416 128h960q119 0 203.5 84.5T1664 416z"/&gt;&lt;/svg&gt;&lt;/span&gt;
    
            &lt;span class="trace-class"&gt;&lt;abbr title="App\Controller\CarPublicController"&gt;CarPublicController&lt;/abbr&gt;&lt;/span&gt;&lt;span class="trace-type"&gt;-&gt;&lt;/span&gt;&lt;span class="trace-method"&gt;cars&lt;/span&gt;&lt;span class="trace-arguments"&gt;()&lt;/span&gt;    
                    &lt;span class="block trace-file-path"&gt;
            in
            &lt;a href=""&gt;
                C:\Users\eman\Documents\GitHub\car_dealer\vendor\symfony\http-kernel\&lt;strong&gt;HttpKernel.php&lt;/strong&gt;
            &lt;/a&gt;
                        (line 152)
            &lt;span class="icon icon-copy hidden" data-clipboard-text="C:\Users\eman\Documents\GitHub\car_dealer\vendor\symfony\http-kernel\HttpKernel.php:152"&gt;
                &lt;svg xmlns="http://www.w3.org/2000/svg" height="24" viewBox="0 0 24 24" width="24"&gt;&lt;path d="M0 0h24v24H0z" fill="none"/&gt;&lt;path d="M16 1H4c-1.1 0-2 .9-2 2v14h2V3h12V1zm3 4H8c-1.1 0-2 .9-2 2v14c0 1.1.9 2 2 2h11c1.1 0 2-.9 2-2V7c0-1.1-.9-2-2-2zm0 16H8V7h11v14z"/&gt;&lt;/svg&gt;            &lt;/span&gt;
        &lt;/span&gt;
    &lt;/div&gt;
    &lt;div id="trace-html-2-9" class="trace-code sf-toggle-content"&gt;
        &lt;ol start="147"&gt;&lt;li&gt;&lt;code&gt;&lt;span style="color: var(--highlight-keyword)"&gt;&amp;nbsp;&amp;nbsp;&amp;nbsp;&amp;nbsp;&amp;nbsp;&amp;nbsp;&amp;nbsp;&amp;nbsp;&lt;/span&gt;&lt;span style="color: var(--highlight-default)"&gt;$this&lt;/span&gt;&lt;span style="color: var(--highlight-keyword)"&gt;-&amp;gt;&lt;/span&gt;&lt;span style="color: var(--highlight-default)"&gt;dispatcher&lt;/span&gt;&lt;span style="color: var(--highlight-keyword)"&gt;-&amp;gt;&lt;/span&gt;&lt;span style="color: var(--highlight-default)"&gt;dispatch&lt;/span&gt;&lt;span style="color: var(--highlight-keyword)"&gt;(&lt;/span&gt;&lt;span style="color: var(--highlight-default)"&gt;$event&lt;/span&gt;&lt;span style="color: var(--highlight-keyword)"&gt;,&amp;nbsp;&lt;/span&gt;&lt;span style="color: var(--highlight-default)"&gt;KernelEvents&lt;/span&gt;&lt;span style="color: var(--highlight-keyword)"&gt;::&lt;/span&gt;&lt;span style="color: var(--highlight-default)"&gt;CONTROLLER_ARGUMENTS&lt;/span&gt;&lt;span style="color: var(--highlight-keyword)"&gt;);&lt;/span&gt;&lt;/code&gt;&lt;/li&gt;
&lt;li&gt;&lt;code&gt;&lt;span style="color: var(--highlight-keyword)"&gt;&amp;nbsp;&amp;nbsp;&amp;nbsp;&amp;nbsp;&amp;nbsp;&amp;nbsp;&amp;nbsp;&amp;nbsp;&lt;/span&gt;&lt;span style="color: var(--highlight-default)"&gt;$controller&amp;nbsp;&lt;/span&gt;&lt;span style="color: var(--highlight-keyword)"&gt;=&amp;nbsp;&lt;/span&gt;&lt;span style="color: var(--highlight-default)"&gt;$event&lt;/span&gt;&lt;span style="color: var(--highlight-keyword)"&gt;-&amp;gt;&lt;/span&gt;&lt;span style="color: var(--highlight-default)"&gt;getController&lt;/span&gt;&lt;span style="color: var(--highlight-keyword)"&gt;();&lt;/span&gt;&lt;/code&gt;&lt;/li&gt;
&lt;li&gt;&lt;code&gt;&lt;span style="color: var(--highlight-keyword)"&gt;&amp;nbsp;&amp;nbsp;&amp;nbsp;&amp;nbsp;&amp;nbsp;&amp;nbsp;&amp;nbsp;&amp;nbsp;&lt;/span&gt;&lt;span style="color: var(--highlight-default)"&gt;$arguments&amp;nbsp;&lt;/span&gt;&lt;span style="color: var(--highlight-keyword)"&gt;=&amp;nbsp;&lt;/span&gt;&lt;span style="color: var(--highlight-default)"&gt;$event&lt;/span&gt;&lt;span style="color: var(--highlight-keyword)"&gt;-&amp;gt;&lt;/span&gt;&lt;span style="color: var(--highlight-default)"&gt;getArguments&lt;/span&gt;&lt;span style="color: var(--highlight-keyword)"&gt;();&lt;/span&gt;&lt;/code&gt;&lt;/li&gt;
&lt;li&gt;&lt;code&gt;&lt;span style="color: var(--highlight-keyword)"&gt;&lt;/span&gt;&lt;/code&gt;&lt;/li&gt;
&lt;li&gt;&lt;code&gt;&lt;span style="color: var(--highlight-keyword)"&gt;&amp;nbsp;&amp;nbsp;&amp;nbsp;&amp;nbsp;&amp;nbsp;&amp;nbsp;&amp;nbsp;&amp;nbsp;&lt;/span&gt;&lt;span style="color: var(--highlight-comment)"&gt;//&amp;nbsp;call&amp;nbsp;controller&lt;/span&gt;&lt;/code&gt;&lt;/li&gt;
&lt;li class="selected"&gt;&lt;code&gt;&lt;span style="color: var(--highlight-comment)"&gt;&amp;nbsp;&amp;nbsp;&amp;nbsp;&amp;nbsp;&amp;nbsp;&amp;nbsp;&amp;nbsp;&amp;nbsp;&lt;/span&gt;&lt;span style="color: var(--highlight-default)"&gt;$response&amp;nbsp;&lt;/span&gt;&lt;span style="color: var(--highlight-keyword)"&gt;=&amp;nbsp;&lt;/span&gt;&lt;span style="color: var(--highlight-default)"&gt;$controller&lt;/span&gt;&lt;span style="color: var(--highlight-keyword)"&gt;(...&lt;/span&gt;&lt;span style="color: var(--highlight-default)"&gt;$arguments&lt;/span&gt;&lt;span style="color: var(--highlight-keyword)"&gt;);&lt;/span&gt;&lt;/code&gt;&lt;/li&gt;
&lt;li&gt;&lt;code&gt;&lt;span style="color: var(--highlight-keyword)"&gt;&lt;/span&gt;&lt;/code&gt;&lt;/li&gt;
&lt;li&gt;&lt;code&gt;&lt;span style="color: var(--highlight-keyword)"&gt;&amp;nbsp;&amp;nbsp;&amp;nbsp;&amp;nbsp;&amp;nbsp;&amp;nbsp;&amp;nbsp;&amp;nbsp;&lt;/span&gt;&lt;span style="color: var(--highlight-comment)"&gt;//&amp;nbsp;view&lt;/span&gt;&lt;/code&gt;&lt;/li&gt;
&lt;li&gt;&lt;code&gt;&lt;span style="color: var(--highlight-comment)"&gt;&amp;nbsp;&amp;nbsp;&amp;nbsp;&amp;nbsp;&amp;nbsp;&amp;nbsp;&amp;nbsp;&amp;nbsp;&lt;/span&gt;&lt;span style="color: var(--highlight-keyword)"&gt;if&amp;nbsp;(!&lt;/span&gt;&lt;span style="color: var(--highlight-default)"&gt;$response&amp;nbsp;&lt;/span&gt;&lt;span style="color: var(--highlight-keyword)"&gt;instanceof&amp;nbsp;&lt;/span&gt;&lt;span style="color: var(--highlight-default)"&gt;Response&lt;/span&gt;&lt;span style="color: var(--highlight-keyword)"&gt;)&amp;nbsp;{&lt;/span&gt;&lt;/code&gt;&lt;/li&gt;
&lt;li&gt;&lt;code&gt;&lt;span style="color: var(--highlight-keyword)"&gt;&amp;nbsp;&amp;nbsp;&amp;nbsp;&amp;nbsp;&amp;nbsp;&amp;nbsp;&amp;nbsp;&amp;nbsp;&amp;nbsp;&amp;nbsp;&amp;nbsp;&amp;nbsp;&lt;/span&gt;&lt;span style="color: var(--highlight-default)"&gt;$event&amp;nbsp;&lt;/span&gt;&lt;span style="color: var(--highlight-keyword)"&gt;=&amp;nbsp;new&amp;nbsp;&lt;/span&gt;&lt;span style="color: var(--highlight-default)"&gt;ViewEvent&lt;/span&gt;&lt;span style="color: var(--highlight-keyword)"&gt;(&lt;/span&gt;&lt;span style="color: var(--highlight-default)"&gt;$this&lt;/span&gt;&lt;span style="color: var(--highlight-keyword)"&gt;,&amp;nbsp;&lt;/span&gt;&lt;span style="color: var(--highlight-default)"&gt;$request&lt;/span&gt;&lt;span style="color: var(--highlight-keyword)"&gt;,&amp;nbsp;&lt;/span&gt;&lt;span style="color: var(--highlight-default)"&gt;$type&lt;/span&gt;&lt;span style="color: var(--highlight-keyword)"&gt;,&amp;nbsp;&lt;/span&gt;&lt;span style="color: var(--highlight-default)"&gt;$response&lt;/span&gt;&lt;span style="color: var(--highlight-keyword)"&gt;);&lt;/span&gt;&lt;/code&gt;&lt;/li&gt;
&lt;li&gt;&lt;code&gt;&lt;span style="color: var(--highlight-keyword)"&gt;&amp;nbsp;&amp;nbsp;&amp;nbsp;&amp;nbsp;&amp;nbsp;&amp;nbsp;&amp;nbsp;&amp;nbsp;&amp;nbsp;&amp;nbsp;&amp;nbsp;&amp;nbsp;&lt;/span&gt;&lt;span style="color: var(--highlight-default)"&gt;$this&lt;/span&gt;&lt;span style="color: var(--highlight-keyword)"&gt;-&amp;gt;&lt;/span&gt;&lt;span style="color: var(--highlight-default)"&gt;dispatcher&lt;/span&gt;&lt;span style="color: var(--highlight-keyword)"&gt;-&amp;gt;&lt;/span&gt;&lt;span style="color: var(--highlight-default)"&gt;dispatch&lt;/span&gt;&lt;span style="color: var(--highlight-keyword)"&gt;(&lt;/span&gt;&lt;span style="color: var(--highlight-default)"&gt;$event&lt;/span&gt;&lt;span style="color: var(--highlight-keyword)"&gt;,&amp;nbsp;&lt;/span&gt;&lt;span style="color: var(--highlight-default)"&gt;KernelEvents&lt;/span&gt;&lt;span style="color: var(--highlight-keyword)"&gt;::&lt;/span&gt;&lt;span style="color: var(--highlight-default)"&gt;VIEW&lt;/span&gt;&lt;span style="color: var(--highlight-keyword)"&gt;);&lt;/span&gt;&lt;/code&gt;&lt;/li&gt;&lt;/ol&gt;    &lt;/div&gt;            &lt;/div&gt;
                        &lt;div class="trace-line "&gt;
                &lt;div class="trace-line-header break-long-words sf-toggle" data-toggle-selector="#trace-html-2-10" data-toggle-initial=""&gt;
            &lt;span class="icon icon-close"&gt;&lt;svg width="1792" height="1792" viewBox="0 0 1792 1792" xmlns="http://www.w3.org/2000/svg"&gt;&lt;path d="M1408 960V832q0-26-19-45t-45-19H448q-26 0-45 19t-19 45v128q0 26 19 45t45 19h896q26 0 45-19t19-45zm256-544v960q0 119-84.5 203.5T1376 1664H416q-119 0-203.5-84.5T128 1376V416q0-119 84.5-203.5T416 128h960q119 0 203.5 84.5T1664 416z"/&gt;&lt;/svg&gt;&lt;/span&gt;
        &lt;span class="icon icon-open"&gt;&lt;svg width="1792" height="1792" viewBox="0 0 1792 1792" xmlns="http://www.w3.org/2000/svg"&gt;&lt;path d="M1408 960V832q0-26-19-45t-45-19h-320V448q0-26-19-45t-45-19H832q-26 0-45 19t-19 45v320H448q-26 0-45 19t-19 45v128q0 26 19 45t45 19h320v320q0 26 19 45t45 19h128q26 0 45-19t19-45v-320h320q26 0 45-19t19-45zm256-544v960q0 119-84.5 203.5T1376 1664H416q-119 0-203.5-84.5T128 1376V416q0-119 84.5-203.5T416 128h960q119 0 203.5 84.5T1664 416z"/&gt;&lt;/svg&gt;&lt;/span&gt;
    
            &lt;span class="trace-class"&gt;&lt;abbr title="Symfony\Component\HttpKernel\HttpKernel"&gt;HttpKernel&lt;/abbr&gt;&lt;/span&gt;&lt;span class="trace-type"&gt;-&gt;&lt;/span&gt;&lt;span class="trace-method"&gt;handleRaw&lt;/span&gt;&lt;span class="trace-arguments"&gt;()&lt;/span&gt;    
                    &lt;span class="block trace-file-path"&gt;
            in
            &lt;a href=""&gt;
                C:\Users\eman\Documents\GitHub\car_dealer\vendor\symfony\http-kernel\&lt;strong&gt;HttpKernel.php&lt;/strong&gt;
            &lt;/a&gt;
                        (line 74)
            &lt;span class="icon icon-copy hidden" data-clipboard-text="C:\Users\eman\Documents\GitHub\car_dealer\vendor\symfony\http-kernel\HttpKernel.php:74"&gt;
                &lt;svg xmlns="http://www.w3.org/2000/svg" height="24" viewBox="0 0 24 24" width="24"&gt;&lt;path d="M0 0h24v24H0z" fill="none"/&gt;&lt;path d="M16 1H4c-1.1 0-2 .9-2 2v14h2V3h12V1zm3 4H8c-1.1 0-2 .9-2 2v14c0 1.1.9 2 2 2h11c1.1 0 2-.9 2-2V7c0-1.1-.9-2-2-2zm0 16H8V7h11v14z"/&gt;&lt;/svg&gt;            &lt;/span&gt;
        &lt;/span&gt;
    &lt;/div&gt;
    &lt;div id="trace-html-2-10" class="trace-code sf-toggle-content"&gt;
        &lt;ol start="69"&gt;&lt;li&gt;&lt;code&gt;&lt;span style="color: var(--highlight-comment)"&gt;&amp;nbsp;&amp;nbsp;&amp;nbsp;&amp;nbsp;&lt;/span&gt;&lt;span style="color: var(--highlight-keyword)"&gt;public&amp;nbsp;function&amp;nbsp;&lt;/span&gt;&lt;span style="color: var(--highlight-default)"&gt;handle&lt;/span&gt;&lt;span style="color: var(--highlight-keyword)"&gt;(&lt;/span&gt;&lt;span style="color: var(--highlight-default)"&gt;Request&amp;nbsp;$request&lt;/span&gt;&lt;span style="color: var(--highlight-keyword)"&gt;,&amp;nbsp;&lt;/span&gt;&lt;span style="color: var(--highlight-default)"&gt;int&amp;nbsp;$type&amp;nbsp;&lt;/span&gt;&lt;span style="color: var(--highlight-keyword)"&gt;=&amp;nbsp;&lt;/span&gt;&lt;span style="color: var(--highlight-default)"&gt;HttpKernelInterface&lt;/span&gt;&lt;span style="color: var(--highlight-keyword)"&gt;::&lt;/span&gt;&lt;span style="color: var(--highlight-default)"&gt;MAIN_REQUEST&lt;/span&gt;&lt;span style="color: var(--highlight-keyword)"&gt;,&amp;nbsp;&lt;/span&gt;&lt;span style="color: var(--highlight-default)"&gt;bool&amp;nbsp;$catch&amp;nbsp;&lt;/span&gt;&lt;span style="color: var(--highlight-keyword)"&gt;=&amp;nbsp;&lt;/span&gt;&lt;span style="color: var(--highlight-default)"&gt;true&lt;/span&gt;&lt;span style="color: var(--highlight-keyword)"&gt;):&amp;nbsp;&lt;/span&gt;&lt;span style="color: var(--highlight-default)"&gt;Response&lt;/span&gt;&lt;/code&gt;&lt;/li&gt;
&lt;li&gt;&lt;code&gt;&lt;span style="color: var(--highlight-default)"&gt;&amp;nbsp;&amp;nbsp;&amp;nbsp;&amp;nbsp;&lt;/span&gt;&lt;span style="color: var(--highlight-keyword)"&gt;{&lt;/span&gt;&lt;/code&gt;&lt;/li&gt;
&lt;li&gt;&lt;code&gt;&lt;span style="color: var(--highlight-keyword)"&gt;&amp;nbsp;&amp;nbsp;&amp;nbsp;&amp;nbsp;&amp;nbsp;&amp;nbsp;&amp;nbsp;&amp;nbsp;&lt;/span&gt;&lt;span style="color: var(--highlight-default)"&gt;$request&lt;/span&gt;&lt;span style="color: var(--highlight-keyword)"&gt;-&amp;gt;&lt;/span&gt;&lt;span style="color: var(--highlight-default)"&gt;headers&lt;/span&gt;&lt;span style="color: var(--highlight-keyword)"&gt;-&amp;gt;&lt;/span&gt;&lt;span style="color: var(--highlight-default)"&gt;set&lt;/span&gt;&lt;span style="color: var(--highlight-keyword)"&gt;(&lt;/span&gt;&lt;span style="color: var(--highlight-string)"&gt;'X-Php-Ob-Level'&lt;/span&gt;&lt;span style="color: var(--highlight-keyword)"&gt;,&amp;nbsp;(string)&amp;nbsp;&lt;/span&gt;&lt;span style="color: var(--highlight-default)"&gt;ob_get_level&lt;/span&gt;&lt;span style="color: var(--highlight-keyword)"&gt;());&lt;/span&gt;&lt;/code&gt;&lt;/li&gt;
&lt;li&gt;&lt;code&gt;&lt;span style="color: var(--highlight-keyword)"&gt;&lt;/span&gt;&lt;/code&gt;&lt;/li&gt;
&lt;li&gt;&lt;code&gt;&lt;span style="color: var(--highlight-keyword)"&gt;&amp;nbsp;&amp;nbsp;&amp;nbsp;&amp;nbsp;&amp;nbsp;&amp;nbsp;&amp;nbsp;&amp;nbsp;try&amp;nbsp;{&lt;/span&gt;&lt;/code&gt;&lt;/li&gt;
&lt;li class="selected"&gt;&lt;code&gt;&lt;span style="color: var(--highlight-keyword)"&gt;&amp;nbsp;&amp;nbsp;&amp;nbsp;&amp;nbsp;&amp;nbsp;&amp;nbsp;&amp;nbsp;&amp;nbsp;&amp;nbsp;&amp;nbsp;&amp;nbsp;&amp;nbsp;return&amp;nbsp;&lt;/span&gt;&lt;span style="color: var(--highlight-default)"&gt;$this&lt;/span&gt;&lt;span style="color: var(--highlight-keyword)"&gt;-&amp;gt;&lt;/span&gt;&lt;span style="color: var(--highlight-default)"&gt;handleRaw&lt;/span&gt;&lt;span style="color: var(--highlight-keyword)"&gt;(&lt;/span&gt;&lt;span style="color: var(--highlight-default)"&gt;$request&lt;/span&gt;&lt;span style="color: var(--highlight-keyword)"&gt;,&amp;nbsp;&lt;/span&gt;&lt;span style="color: var(--highlight-default)"&gt;$type&lt;/span&gt;&lt;span style="color: var(--highlight-keyword)"&gt;);&lt;/span&gt;&lt;/code&gt;&lt;/li&gt;
&lt;li&gt;&lt;code&gt;&lt;span style="color: var(--highlight-keyword)"&gt;&amp;nbsp;&amp;nbsp;&amp;nbsp;&amp;nbsp;&amp;nbsp;&amp;nbsp;&amp;nbsp;&amp;nbsp;}&amp;nbsp;catch&amp;nbsp;(&lt;/span&gt;&lt;span style="color: var(--highlight-default)"&gt;\Exception&amp;nbsp;$e&lt;/span&gt;&lt;span style="color: var(--highlight-keyword)"&gt;)&amp;nbsp;{&lt;/span&gt;&lt;/code&gt;&lt;/li&gt;
&lt;li&gt;&lt;code&gt;&lt;span style="color: var(--highlight-keyword)"&gt;&amp;nbsp;&amp;nbsp;&amp;nbsp;&amp;nbsp;&amp;nbsp;&amp;nbsp;&amp;nbsp;&amp;nbsp;&amp;nbsp;&amp;nbsp;&amp;nbsp;&amp;nbsp;if&amp;nbsp;(&lt;/span&gt;&lt;span style="color: var(--highlight-default)"&gt;$e&amp;nbsp;&lt;/span&gt;&lt;span style="color: var(--highlight-keyword)"&gt;instanceof&amp;nbsp;&lt;/span&gt;&lt;span style="color: var(--highlight-default)"&gt;RequestExceptionInterface&lt;/span&gt;&lt;span style="color: var(--highlight-keyword)"&gt;)&amp;nbsp;{&lt;/span&gt;&lt;/code&gt;&lt;/li&gt;
&lt;li&gt;&lt;code&gt;&lt;span style="color: var(--highlight-keyword)"&gt;&amp;nbsp;&amp;nbsp;&amp;nbsp;&amp;nbsp;&amp;nbsp;&amp;nbsp;&amp;nbsp;&amp;nbsp;&amp;nbsp;&amp;nbsp;&amp;nbsp;&amp;nbsp;&amp;nbsp;&amp;nbsp;&amp;nbsp;&amp;nbsp;&lt;/span&gt;&lt;span style="color: var(--highlight-default)"&gt;$e&amp;nbsp;&lt;/span&gt;&lt;span style="color: var(--highlight-keyword)"&gt;=&amp;nbsp;new&amp;nbsp;&lt;/span&gt;&lt;span style="color: var(--highlight-default)"&gt;BadRequestHttpException&lt;/span&gt;&lt;span style="color: var(--highlight-keyword)"&gt;(&lt;/span&gt;&lt;span style="color: var(--highlight-default)"&gt;$e&lt;/span&gt;&lt;span style="color: var(--highlight-keyword)"&gt;-&amp;gt;&lt;/span&gt;&lt;span style="color: var(--highlight-default)"&gt;getMessage&lt;/span&gt;&lt;span style="color: var(--highlight-keyword)"&gt;(),&amp;nbsp;&lt;/span&gt;&lt;span style="color: var(--highlight-default)"&gt;$e&lt;/span&gt;&lt;span style="color: var(--highlight-keyword)"&gt;);&lt;/span&gt;&lt;/code&gt;&lt;/li&gt;
&lt;li&gt;&lt;code&gt;&lt;span style="color: var(--highlight-keyword)"&gt;&amp;nbsp;&amp;nbsp;&amp;nbsp;&amp;nbsp;&amp;nbsp;&amp;nbsp;&amp;nbsp;&amp;nbsp;&amp;nbsp;&amp;nbsp;&amp;nbsp;&amp;nbsp;}&lt;/span&gt;&lt;/code&gt;&lt;/li&gt;
&lt;li&gt;&lt;code&gt;&lt;span style="color: var(--highlight-keyword)"&gt;&amp;nbsp;&amp;nbsp;&amp;nbsp;&amp;nbsp;&amp;nbsp;&amp;nbsp;&amp;nbsp;&amp;nbsp;&amp;nbsp;&amp;nbsp;&amp;nbsp;&amp;nbsp;if&amp;nbsp;(&lt;/span&gt;&lt;span style="color: var(--highlight-default)"&gt;false&amp;nbsp;&lt;/span&gt;&lt;span style="color: var(--highlight-keyword)"&gt;===&amp;nbsp;&lt;/span&gt;&lt;span style="color: var(--highlight-default)"&gt;$catch&lt;/span&gt;&lt;span style="color: var(--highlight-keyword)"&gt;)&amp;nbsp;{&lt;/span&gt;&lt;/code&gt;&lt;/li&gt;&lt;/ol&gt;    &lt;/div&gt;            &lt;/div&gt;
                        &lt;div class="trace-line "&gt;
                &lt;div class="trace-line-header break-long-words sf-toggle" data-toggle-selector="#trace-html-2-11" data-toggle-initial=""&gt;
            &lt;span class="icon icon-close"&gt;&lt;svg width="1792" height="1792" viewBox="0 0 1792 1792" xmlns="http://www.w3.org/2000/svg"&gt;&lt;path d="M1408 960V832q0-26-19-45t-45-19H448q-26 0-45 19t-19 45v128q0 26 19 45t45 19h896q26 0 45-19t19-45zm256-544v960q0 119-84.5 203.5T1376 1664H416q-119 0-203.5-84.5T128 1376V416q0-119 84.5-203.5T416 128h960q119 0 203.5 84.5T1664 416z"/&gt;&lt;/svg&gt;&lt;/span&gt;
        &lt;span class="icon icon-open"&gt;&lt;svg width="1792" height="1792" viewBox="0 0 1792 1792" xmlns="http://www.w3.org/2000/svg"&gt;&lt;path d="M1408 960V832q0-26-19-45t-45-19h-320V448q0-26-19-45t-45-19H832q-26 0-45 19t-19 45v320H448q-26 0-45 19t-19 45v128q0 26 19 45t45 19h320v320q0 26 19 45t45 19h128q26 0 45-19t19-45v-320h320q26 0 45-19t19-45zm256-544v960q0 119-84.5 203.5T1376 1664H416q-119 0-203.5-84.5T128 1376V416q0-119 84.5-203.5T416 128h960q119 0 203.5 84.5T1664 416z"/&gt;&lt;/svg&gt;&lt;/span&gt;
    
            &lt;span class="trace-class"&gt;&lt;abbr title="Symfony\Component\HttpKernel\HttpKernel"&gt;HttpKernel&lt;/abbr&gt;&lt;/span&gt;&lt;span class="trace-type"&gt;-&gt;&lt;/span&gt;&lt;span class="trace-method"&gt;handle&lt;/span&gt;&lt;span class="trace-arguments"&gt;()&lt;/span&gt;    
                    &lt;span class="block trace-file-path"&gt;
            in
            &lt;a href=""&gt;
                C:\Users\eman\Documents\GitHub\car_dealer\vendor\symfony\http-kernel\&lt;strong&gt;Kernel.php&lt;/strong&gt;
            &lt;/a&gt;
                        (line 202)
            &lt;span class="icon icon-copy hidden" data-clipboard-text="C:\Users\eman\Documents\GitHub\car_dealer\vendor\symfony\http-kernel\Kernel.php:202"&gt;
                &lt;svg xmlns="http://www.w3.org/2000/svg" height="24" viewBox="0 0 24 24" width="24"&gt;&lt;path d="M0 0h24v24H0z" fill="none"/&gt;&lt;path d="M16 1H4c-1.1 0-2 .9-2 2v14h2V3h12V1zm3 4H8c-1.1 0-2 .9-2 2v14c0 1.1.9 2 2 2h11c1.1 0 2-.9 2-2V7c0-1.1-.9-2-2-2zm0 16H8V7h11v14z"/&gt;&lt;/svg&gt;            &lt;/span&gt;
        &lt;/span&gt;
    &lt;/div&gt;
    &lt;div id="trace-html-2-11" class="trace-code sf-toggle-content"&gt;
        &lt;ol start="197"&gt;&lt;li&gt;&lt;code&gt;&lt;span style="color: var(--highlight-keyword)"&gt;&amp;nbsp;&amp;nbsp;&amp;nbsp;&amp;nbsp;&amp;nbsp;&amp;nbsp;&amp;nbsp;&amp;nbsp;&lt;/span&gt;&lt;span style="color: var(--highlight-default)"&gt;$this&lt;/span&gt;&lt;span style="color: var(--highlight-keyword)"&gt;-&amp;gt;&lt;/span&gt;&lt;span style="color: var(--highlight-default)"&gt;boot&lt;/span&gt;&lt;span style="color: var(--highlight-keyword)"&gt;();&lt;/span&gt;&lt;/code&gt;&lt;/li&gt;
&lt;li&gt;&lt;code&gt;&lt;span style="color: var(--highlight-keyword)"&gt;&amp;nbsp;&amp;nbsp;&amp;nbsp;&amp;nbsp;&amp;nbsp;&amp;nbsp;&amp;nbsp;&amp;nbsp;++&lt;/span&gt;&lt;span style="color: var(--highlight-default)"&gt;$this&lt;/span&gt;&lt;span style="color: var(--highlight-keyword)"&gt;-&amp;gt;&lt;/span&gt;&lt;span style="color: var(--highlight-default)"&gt;requestStackSize&lt;/span&gt;&lt;span style="color: var(--highlight-keyword)"&gt;;&lt;/span&gt;&lt;/code&gt;&lt;/li&gt;
&lt;li&gt;&lt;code&gt;&lt;span style="color: var(--highlight-keyword)"&gt;&amp;nbsp;&amp;nbsp;&amp;nbsp;&amp;nbsp;&amp;nbsp;&amp;nbsp;&amp;nbsp;&amp;nbsp;&lt;/span&gt;&lt;span style="color: var(--highlight-default)"&gt;$this&lt;/span&gt;&lt;span style="color: var(--highlight-keyword)"&gt;-&amp;gt;&lt;/span&gt;&lt;span style="color: var(--highlight-default)"&gt;resetServices&amp;nbsp;&lt;/span&gt;&lt;span style="color: var(--highlight-keyword)"&gt;=&amp;nbsp;&lt;/span&gt;&lt;span style="color: var(--highlight-default)"&gt;true&lt;/span&gt;&lt;span style="color: var(--highlight-keyword)"&gt;;&lt;/span&gt;&lt;/code&gt;&lt;/li&gt;
&lt;li&gt;&lt;code&gt;&lt;span style="color: var(--highlight-keyword)"&gt;&lt;/span&gt;&lt;/code&gt;&lt;/li&gt;
&lt;li&gt;&lt;code&gt;&lt;span style="color: var(--highlight-keyword)"&gt;&amp;nbsp;&amp;nbsp;&amp;nbsp;&amp;nbsp;&amp;nbsp;&amp;nbsp;&amp;nbsp;&amp;nbsp;try&amp;nbsp;{&lt;/span&gt;&lt;/code&gt;&lt;/li&gt;
&lt;li class="selected"&gt;&lt;code&gt;&lt;span style="color: var(--highlight-keyword)"&gt;&amp;nbsp;&amp;nbsp;&amp;nbsp;&amp;nbsp;&amp;nbsp;&amp;nbsp;&amp;nbsp;&amp;nbsp;&amp;nbsp;&amp;nbsp;&amp;nbsp;&amp;nbsp;return&amp;nbsp;&lt;/span&gt;&lt;span style="color: var(--highlight-default)"&gt;$this&lt;/span&gt;&lt;span style="color: var(--highlight-keyword)"&gt;-&amp;gt;&lt;/span&gt;&lt;span style="color: var(--highlight-default)"&gt;getHttpKernel&lt;/span&gt;&lt;span style="color: var(--highlight-keyword)"&gt;()-&amp;gt;&lt;/span&gt;&lt;span style="color: var(--highlight-default)"&gt;handle&lt;/span&gt;&lt;span style="color: var(--highlight-keyword)"&gt;(&lt;/span&gt;&lt;span style="color: var(--highlight-default)"&gt;$request&lt;/span&gt;&lt;span style="color: var(--highlight-keyword)"&gt;,&amp;nbsp;&lt;/span&gt;&lt;span style="color: var(--highlight-default)"&gt;$type&lt;/span&gt;&lt;span style="color: var(--highlight-keyword)"&gt;,&amp;nbsp;&lt;/span&gt;&lt;span style="color: var(--highlight-default)"&gt;$catch&lt;/span&gt;&lt;span style="color: var(--highlight-keyword)"&gt;);&lt;/span&gt;&lt;/code&gt;&lt;/li&gt;
&lt;li&gt;&lt;code&gt;&lt;span style="color: var(--highlight-keyword)"&gt;&amp;nbsp;&amp;nbsp;&amp;nbsp;&amp;nbsp;&amp;nbsp;&amp;nbsp;&amp;nbsp;&amp;nbsp;}&amp;nbsp;finally&amp;nbsp;{&lt;/span&gt;&lt;/code&gt;&lt;/li&gt;
&lt;li&gt;&lt;code&gt;&lt;span style="color: var(--highlight-keyword)"&gt;&amp;nbsp;&amp;nbsp;&amp;nbsp;&amp;nbsp;&amp;nbsp;&amp;nbsp;&amp;nbsp;&amp;nbsp;&amp;nbsp;&amp;nbsp;&amp;nbsp;&amp;nbsp;--&lt;/span&gt;&lt;span style="color: var(--highlight-default)"&gt;$this&lt;/span&gt;&lt;span style="color: var(--highlight-keyword)"&gt;-&amp;gt;&lt;/span&gt;&lt;span style="color: var(--highlight-default)"&gt;requestStackSize&lt;/span&gt;&lt;span style="color: var(--highlight-keyword)"&gt;;&lt;/span&gt;&lt;/code&gt;&lt;/li&gt;
&lt;li&gt;&lt;code&gt;&lt;span style="color: var(--highlight-keyword)"&gt;&amp;nbsp;&amp;nbsp;&amp;nbsp;&amp;nbsp;&amp;nbsp;&amp;nbsp;&amp;nbsp;&amp;nbsp;}&lt;/span&gt;&lt;/code&gt;&lt;/li&gt;
&lt;li&gt;&lt;code&gt;&lt;span style="color: var(--highlight-keyword)"&gt;&amp;nbsp;&amp;nbsp;&amp;nbsp;&amp;nbsp;}&lt;/span&gt;&lt;/code&gt;&lt;/li&gt;
&lt;li&gt;&lt;code&gt;&lt;span style="color: var(--highlight-keyword)"&gt;&lt;/span&gt;&lt;/code&gt;&lt;/li&gt;&lt;/ol&gt;    &lt;/div&gt;            &lt;/div&gt;
                        &lt;div class="trace-line "&gt;
                &lt;div class="trace-line-header break-long-words sf-toggle" data-toggle-selector="#trace-html-2-12" data-toggle-initial=""&gt;
            &lt;span class="icon icon-close"&gt;&lt;svg width="1792" height="1792" viewBox="0 0 1792 1792" xmlns="http://www.w3.org/2000/svg"&gt;&lt;path d="M1408 960V832q0-26-19-45t-45-19H448q-26 0-45 19t-19 45v128q0 26 19 45t45 19h896q26 0 45-19t19-45zm256-544v960q0 119-84.5 203.5T1376 1664H416q-119 0-203.5-84.5T128 1376V416q0-119 84.5-203.5T416 128h960q119 0 203.5 84.5T1664 416z"/&gt;&lt;/svg&gt;&lt;/span&gt;
        &lt;span class="icon icon-open"&gt;&lt;svg width="1792" height="1792" viewBox="0 0 1792 1792" xmlns="http://www.w3.org/2000/svg"&gt;&lt;path d="M1408 960V832q0-26-19-45t-45-19h-320V448q0-26-19-45t-45-19H832q-26 0-45 19t-19 45v320H448q-26 0-45 19t-19 45v128q0 26 19 45t45 19h320v320q0 26 19 45t45 19h128q26 0 45-19t19-45v-320h320q26 0 45-19t19-45zm256-544v960q0 119-84.5 203.5T1376 1664H416q-119 0-203.5-84.5T128 1376V416q0-119 84.5-203.5T416 128h960q119 0 203.5 84.5T1664 416z"/&gt;&lt;/svg&gt;&lt;/span&gt;
    
            &lt;span class="trace-class"&gt;&lt;abbr title="Symfony\Component\HttpKernel\Kernel"&gt;Kernel&lt;/abbr&gt;&lt;/span&gt;&lt;span class="trace-type"&gt;-&gt;&lt;/span&gt;&lt;span class="trace-method"&gt;handle&lt;/span&gt;&lt;span class="trace-arguments"&gt;()&lt;/span&gt;    
                    &lt;span class="block trace-file-path"&gt;
            in
            &lt;a href=""&gt;
                C:\Users\eman\Documents\GitHub\car_dealer\vendor\symfony\http-kernel\&lt;strong&gt;HttpKernelBrowser.php&lt;/strong&gt;
            &lt;/a&gt;
                        (line 65)
            &lt;span class="icon icon-copy hidden" data-clipboard-text="C:\Users\eman\Documents\GitHub\car_dealer\vendor\symfony\http-kernel\HttpKernelBrowser.php:65"&gt;
                &lt;svg xmlns="http://www.w3.org/2000/svg" height="24" viewBox="0 0 24 24" width="24"&gt;&lt;path d="M0 0h24v24H0z" fill="none"/&gt;&lt;path d="M16 1H4c-1.1 0-2 .9-2 2v14h2V3h12V1zm3 4H8c-1.1 0-2 .9-2 2v14c0 1.1.9 2 2 2h11c1.1 0 2-.9 2-2V7c0-1.1-.9-2-2-2zm0 16H8V7h11v14z"/&gt;&lt;/svg&gt;            &lt;/span&gt;
        &lt;/span&gt;
    &lt;/div&gt;
    &lt;div id="trace-html-2-12" class="trace-code sf-toggle-content"&gt;
        &lt;ol start="60"&gt;&lt;li&gt;&lt;code&gt;&lt;span style="color: var(--highlight-comment)"&gt;&amp;nbsp;&amp;nbsp;&amp;nbsp;&amp;nbsp;&amp;nbsp;*&lt;/span&gt;&lt;/code&gt;&lt;/li&gt;
&lt;li&gt;&lt;code&gt;&lt;span style="color: var(--highlight-comment)"&gt;&amp;nbsp;&amp;nbsp;&amp;nbsp;&amp;nbsp;&amp;nbsp;*&amp;nbsp;@return&amp;nbsp;Response&lt;/span&gt;&lt;/code&gt;&lt;/li&gt;
&lt;li&gt;&lt;code&gt;&lt;span style="color: var(--highlight-comment)"&gt;&amp;nbsp;&amp;nbsp;&amp;nbsp;&amp;nbsp;&amp;nbsp;*/&lt;/span&gt;&lt;/code&gt;&lt;/li&gt;
&lt;li&gt;&lt;code&gt;&lt;span style="color: var(--highlight-comment)"&gt;&amp;nbsp;&amp;nbsp;&amp;nbsp;&amp;nbsp;&lt;/span&gt;&lt;span style="color: var(--highlight-keyword)"&gt;protected&amp;nbsp;function&amp;nbsp;&lt;/span&gt;&lt;span style="color: var(--highlight-default)"&gt;doRequest&lt;/span&gt;&lt;span style="color: var(--highlight-keyword)"&gt;(&lt;/span&gt;&lt;span style="color: var(--highlight-default)"&gt;object&amp;nbsp;$request&lt;/span&gt;&lt;span style="color: var(--highlight-keyword)"&gt;)&lt;/span&gt;&lt;/code&gt;&lt;/li&gt;
&lt;li&gt;&lt;code&gt;&lt;span style="color: var(--highlight-keyword)"&gt;&amp;nbsp;&amp;nbsp;&amp;nbsp;&amp;nbsp;{&lt;/span&gt;&lt;/code&gt;&lt;/li&gt;
&lt;li class="selected"&gt;&lt;code&gt;&lt;span style="color: var(--highlight-keyword)"&gt;&amp;nbsp;&amp;nbsp;&amp;nbsp;&amp;nbsp;&amp;nbsp;&amp;nbsp;&amp;nbsp;&amp;nbsp;&lt;/span&gt;&lt;span style="color: var(--highlight-default)"&gt;$response&amp;nbsp;&lt;/span&gt;&lt;span style="color: var(--highlight-keyword)"&gt;=&amp;nbsp;&lt;/span&gt;&lt;span style="color: var(--highlight-default)"&gt;$this&lt;/span&gt;&lt;span style="color: var(--highlight-keyword)"&gt;-&amp;gt;&lt;/span&gt;&lt;span style="color: var(--highlight-default)"&gt;kernel&lt;/span&gt;&lt;span style="color: var(--highlight-keyword)"&gt;-&amp;gt;&lt;/span&gt;&lt;span style="color: var(--highlight-default)"&gt;handle&lt;/span&gt;&lt;span style="color: var(--highlight-keyword)"&gt;(&lt;/span&gt;&lt;span style="color: var(--highlight-default)"&gt;$request&lt;/span&gt;&lt;span style="color: var(--highlight-keyword)"&gt;,&amp;nbsp;&lt;/span&gt;&lt;span style="color: var(--highlight-default)"&gt;HttpKernelInterface&lt;/span&gt;&lt;span style="color: var(--highlight-keyword)"&gt;::&lt;/span&gt;&lt;span style="color: var(--highlight-default)"&gt;MAIN_REQUEST&lt;/span&gt;&lt;span style="color: var(--highlight-keyword)"&gt;,&amp;nbsp;&lt;/span&gt;&lt;span style="color: var(--highlight-default)"&gt;$this&lt;/span&gt;&lt;span style="color: var(--highlight-keyword)"&gt;-&amp;gt;&lt;/span&gt;&lt;span style="color: var(--highlight-default)"&gt;catchExceptions&lt;/span&gt;&lt;span style="color: var(--highlight-keyword)"&gt;);&lt;/span&gt;&lt;/code&gt;&lt;/li&gt;
&lt;li&gt;&lt;code&gt;&lt;span style="color: var(--highlight-keyword)"&gt;&lt;/span&gt;&lt;/code&gt;&lt;/li&gt;
&lt;li&gt;&lt;code&gt;&lt;span style="color: var(--highlight-keyword)"&gt;&amp;nbsp;&amp;nbsp;&amp;nbsp;&amp;nbsp;&amp;nbsp;&amp;nbsp;&amp;nbsp;&amp;nbsp;if&amp;nbsp;(&lt;/span&gt;&lt;span style="color: var(--highlight-default)"&gt;$this&lt;/span&gt;&lt;span style="color: var(--highlight-keyword)"&gt;-&amp;gt;&lt;/span&gt;&lt;span style="color: var(--highlight-default)"&gt;kernel&amp;nbsp;&lt;/span&gt;&lt;span style="color: var(--highlight-keyword)"&gt;instanceof&amp;nbsp;&lt;/span&gt;&lt;span style="color: var(--highlight-default)"&gt;TerminableInterface&lt;/span&gt;&lt;span style="color: var(--highlight-keyword)"&gt;)&amp;nbsp;{&lt;/span&gt;&lt;/code&gt;&lt;/li&gt;
&lt;li&gt;&lt;code&gt;&lt;span style="color: var(--highlight-keyword)"&gt;&amp;nbsp;&amp;nbsp;&amp;nbsp;&amp;nbsp;&amp;nbsp;&amp;nbsp;&amp;nbsp;&amp;nbsp;&amp;nbsp;&amp;nbsp;&amp;nbsp;&amp;nbsp;&lt;/span&gt;&lt;span style="color: var(--highlight-default)"&gt;$this&lt;/span&gt;&lt;span style="color: var(--highlight-keyword)"&gt;-&amp;gt;&lt;/span&gt;&lt;span style="color: var(--highlight-default)"&gt;kernel&lt;/span&gt;&lt;span style="color: var(--highlight-keyword)"&gt;-&amp;gt;&lt;/span&gt;&lt;span style="color: var(--highlight-default)"&gt;terminate&lt;/span&gt;&lt;span style="color: var(--highlight-keyword)"&gt;(&lt;/span&gt;&lt;span style="color: var(--highlight-default)"&gt;$request&lt;/span&gt;&lt;span style="color: var(--highlight-keyword)"&gt;,&amp;nbsp;&lt;/span&gt;&lt;span style="color: var(--highlight-default)"&gt;$response&lt;/span&gt;&lt;span style="color: var(--highlight-keyword)"&gt;);&lt;/span&gt;&lt;/code&gt;&lt;/li&gt;
&lt;li&gt;&lt;code&gt;&lt;span style="color: var(--highlight-keyword)"&gt;&amp;nbsp;&amp;nbsp;&amp;nbsp;&amp;nbsp;&amp;nbsp;&amp;nbsp;&amp;nbsp;&amp;nbsp;}&lt;/span&gt;&lt;/code&gt;&lt;/li&gt;
&lt;li&gt;&lt;code&gt;&lt;span style="color: var(--highlight-keyword)"&gt;&lt;/span&gt;&lt;/code&gt;&lt;/li&gt;&lt;/ol&gt;    &lt;/div&gt;            &lt;/div&gt;
                        &lt;div class="trace-line "&gt;
                &lt;div class="trace-line-header break-long-words sf-toggle" data-toggle-selector="#trace-html-2-13" data-toggle-initial=""&gt;
            &lt;span class="icon icon-close"&gt;&lt;svg width="1792" height="1792" viewBox="0 0 1792 1792" xmlns="http://www.w3.org/2000/svg"&gt;&lt;path d="M1408 960V832q0-26-19-45t-45-19H448q-26 0-45 19t-19 45v128q0 26 19 45t45 19h896q26 0 45-19t19-45zm256-544v960q0 119-84.5 203.5T1376 1664H416q-119 0-203.5-84.5T128 1376V416q0-119 84.5-203.5T416 128h960q119 0 203.5 84.5T1664 416z"/&gt;&lt;/svg&gt;&lt;/span&gt;
        &lt;span class="icon icon-open"&gt;&lt;svg width="1792" height="1792" viewBox="0 0 1792 1792" xmlns="http://www.w3.org/2000/svg"&gt;&lt;path d="M1408 960V832q0-26-19-45t-45-19h-320V448q0-26-19-45t-45-19H832q-26 0-45 19t-19 45v320H448q-26 0-45 19t-19 45v128q0 26 19 45t45 19h320v320q0 26 19 45t45 19h128q26 0 45-19t19-45v-320h320q26 0 45-19t19-45zm256-544v960q0 119-84.5 203.5T1376 1664H416q-119 0-203.5-84.5T128 1376V416q0-119 84.5-203.5T416 128h960q119 0 203.5 84.5T1664 416z"/&gt;&lt;/svg&gt;&lt;/span&gt;
    
            &lt;span class="trace-class"&gt;&lt;abbr title="Symfony\Component\HttpKernel\HttpKernelBrowser"&gt;HttpKernelBrowser&lt;/abbr&gt;&lt;/span&gt;&lt;span class="trace-type"&gt;-&gt;&lt;/span&gt;&lt;span class="trace-method"&gt;doRequest&lt;/span&gt;&lt;span class="trace-arguments"&gt;()&lt;/span&gt;    
                    &lt;span class="block trace-file-path"&gt;
            in
            &lt;a href=""&gt;
                C:\Users\eman\Documents\GitHub\car_dealer\vendor\symfony\framework-bundle\&lt;strong&gt;KernelBrowser.php&lt;/strong&gt;
            &lt;/a&gt;
                        (line 171)
            &lt;span class="icon icon-copy hidden" data-clipboard-text="C:\Users\eman\Documents\GitHub\car_dealer\vendor\symfony\framework-bundle\KernelBrowser.php:171"&gt;
                &lt;svg xmlns="http://www.w3.org/2000/svg" height="24" viewBox="0 0 24 24" width="24"&gt;&lt;path d="M0 0h24v24H0z" fill="none"/&gt;&lt;path d="M16 1H4c-1.1 0-2 .9-2 2v14h2V3h12V1zm3 4H8c-1.1 0-2 .9-2 2v14c0 1.1.9 2 2 2h11c1.1 0 2-.9 2-2V7c0-1.1-.9-2-2-2zm0 16H8V7h11v14z"/&gt;&lt;/svg&gt;            &lt;/span&gt;
        &lt;/span&gt;
    &lt;/div&gt;
    &lt;div id="trace-html-2-13" class="trace-code sf-toggle-content"&gt;
        &lt;ol start="166"&gt;&lt;li&gt;&lt;code&gt;&lt;span style="color: var(--highlight-keyword)"&gt;&lt;/span&gt;&lt;/code&gt;&lt;/li&gt;
&lt;li&gt;&lt;code&gt;&lt;span style="color: var(--highlight-keyword)"&gt;&amp;nbsp;&amp;nbsp;&amp;nbsp;&amp;nbsp;&amp;nbsp;&amp;nbsp;&amp;nbsp;&amp;nbsp;&amp;nbsp;&amp;nbsp;&amp;nbsp;&amp;nbsp;&lt;/span&gt;&lt;span style="color: var(--highlight-default)"&gt;$this&lt;/span&gt;&lt;span style="color: var(--highlight-keyword)"&gt;-&amp;gt;&lt;/span&gt;&lt;span style="color: var(--highlight-default)"&gt;kernel&lt;/span&gt;&lt;span style="color: var(--highlight-keyword)"&gt;-&amp;gt;&lt;/span&gt;&lt;span style="color: var(--highlight-default)"&gt;boot&lt;/span&gt;&lt;span style="color: var(--highlight-keyword)"&gt;();&lt;/span&gt;&lt;/code&gt;&lt;/li&gt;
&lt;li&gt;&lt;code&gt;&lt;span style="color: var(--highlight-keyword)"&gt;&amp;nbsp;&amp;nbsp;&amp;nbsp;&amp;nbsp;&amp;nbsp;&amp;nbsp;&amp;nbsp;&amp;nbsp;&amp;nbsp;&amp;nbsp;&amp;nbsp;&amp;nbsp;&lt;/span&gt;&lt;span style="color: var(--highlight-default)"&gt;$this&lt;/span&gt;&lt;span style="color: var(--highlight-keyword)"&gt;-&amp;gt;&lt;/span&gt;&lt;span style="color: var(--highlight-default)"&gt;getContainer&lt;/span&gt;&lt;span style="color: var(--highlight-keyword)"&gt;()-&amp;gt;&lt;/span&gt;&lt;span style="color: var(--highlight-default)"&gt;get&lt;/span&gt;&lt;span style="color: var(--highlight-keyword)"&gt;(&lt;/span&gt;&lt;span style="color: var(--highlight-string)"&gt;'profiler'&lt;/span&gt;&lt;span style="color: var(--highlight-keyword)"&gt;)-&amp;gt;&lt;/span&gt;&lt;span style="color: var(--highlight-default)"&gt;enable&lt;/span&gt;&lt;span style="color: var(--highlight-keyword)"&gt;();&lt;/span&gt;&lt;/code&gt;&lt;/li&gt;
&lt;li&gt;&lt;code&gt;&lt;span style="color: var(--highlight-keyword)"&gt;&amp;nbsp;&amp;nbsp;&amp;nbsp;&amp;nbsp;&amp;nbsp;&amp;nbsp;&amp;nbsp;&amp;nbsp;}&lt;/span&gt;&lt;/code&gt;&lt;/li&gt;
&lt;li&gt;&lt;code&gt;&lt;span style="color: var(--highlight-keyword)"&gt;&lt;/span&gt;&lt;/code&gt;&lt;/li&gt;
&lt;li class="selected"&gt;&lt;code&gt;&lt;span style="color: var(--highlight-keyword)"&gt;&amp;nbsp;&amp;nbsp;&amp;nbsp;&amp;nbsp;&amp;nbsp;&amp;nbsp;&amp;nbsp;&amp;nbsp;return&amp;nbsp;&lt;/span&gt;&lt;span style="color: var(--highlight-default)"&gt;parent&lt;/span&gt;&lt;span style="color: var(--highlight-keyword)"&gt;::&lt;/span&gt;&lt;span style="color: var(--highlight-default)"&gt;doRequest&lt;/span&gt;&lt;span style="color: var(--highlight-keyword)"&gt;(&lt;/span&gt;&lt;span style="color: var(--highlight-default)"&gt;$request&lt;/span&gt;&lt;span style="color: var(--highlight-keyword)"&gt;);&lt;/span&gt;&lt;/code&gt;&lt;/li&gt;
&lt;li&gt;&lt;code&gt;&lt;span style="color: var(--highlight-keyword)"&gt;&amp;nbsp;&amp;nbsp;&amp;nbsp;&amp;nbsp;}&lt;/span&gt;&lt;/code&gt;&lt;/li&gt;
&lt;li&gt;&lt;code&gt;&lt;span style="color: var(--highlight-keyword)"&gt;&lt;/span&gt;&lt;/code&gt;&lt;/li&gt;
&lt;li&gt;&lt;code&gt;&lt;span style="color: var(--highlight-keyword)"&gt;&amp;nbsp;&amp;nbsp;&amp;nbsp;&amp;nbsp;&lt;/span&gt;&lt;span style="color: var(--highlight-comment)"&gt;/**&lt;/span&gt;&lt;/code&gt;&lt;/li&gt;
&lt;li&gt;&lt;code&gt;&lt;span style="color: var(--highlight-comment)"&gt;&amp;nbsp;&amp;nbsp;&amp;nbsp;&amp;nbsp;&amp;nbsp;*&amp;nbsp;{@inheritdoc}&lt;/span&gt;&lt;/code&gt;&lt;/li&gt;
&lt;li&gt;&lt;code&gt;&lt;span style="color: var(--highlight-comment)"&gt;&amp;nbsp;&amp;nbsp;&amp;nbsp;&amp;nbsp;&amp;nbsp;*&lt;/span&gt;&lt;/code&gt;&lt;/li&gt;&lt;/ol&gt;    &lt;/div&gt;            &lt;/div&gt;
                        &lt;div class="trace-line "&gt;
                &lt;div class="trace-line-header break-long-words sf-toggle" data-toggle-selector="#trace-html-2-14" data-toggle-initial=""&gt;
            &lt;span class="icon icon-close"&gt;&lt;svg width="1792" height="1792" viewBox="0 0 1792 1792" xmlns="http://www.w3.org/2000/svg"&gt;&lt;path d="M1408 960V832q0-26-19-45t-45-19H448q-26 0-45 19t-19 45v128q0 26 19 45t45 19h896q26 0 45-19t19-45zm256-544v960q0 119-84.5 203.5T1376 1664H416q-119 0-203.5-84.5T128 1376V416q0-119 84.5-203.5T416 128h960q119 0 203.5 84.5T1664 416z"/&gt;&lt;/svg&gt;&lt;/span&gt;
        &lt;span class="icon icon-open"&gt;&lt;svg width="1792" height="1792" viewBox="0 0 1792 1792" xmlns="http://www.w3.org/2000/svg"&gt;&lt;path d="M1408 960V832q0-26-19-45t-45-19h-320V448q0-26-19-45t-45-19H832q-26 0-45 19t-19 45v320H448q-26 0-45 19t-19 45v128q0 26 19 45t45 19h320v320q0 26 19 45t45 19h128q26 0 45-19t19-45v-320h320q26 0 45-19t19-45zm256-544v960q0 119-84.5 203.5T1376 1664H416q-119 0-203.5-84.5T128 1376V416q0-119 84.5-203.5T416 128h960q119 0 203.5 84.5T1664 416z"/&gt;&lt;/svg&gt;&lt;/span&gt;
    
            &lt;span class="trace-class"&gt;&lt;abbr title="Symfony\Bundle\FrameworkBundle\KernelBrowser"&gt;KernelBrowser&lt;/abbr&gt;&lt;/span&gt;&lt;span class="trace-type"&gt;-&gt;&lt;/span&gt;&lt;span class="trace-method"&gt;doRequest&lt;/span&gt;&lt;span class="trace-arguments"&gt;()&lt;/span&gt;    
                    &lt;span class="block trace-file-path"&gt;
            in
            &lt;a href=""&gt;
                C:\Users\eman\Documents\GitHub\car_dealer\vendor\symfony\browser-kit\&lt;strong&gt;AbstractBrowser.php&lt;/strong&gt;
            &lt;/a&gt;
                        (line 370)
            &lt;span class="icon icon-copy hidden" data-clipboard-text="C:\Users\eman\Documents\GitHub\car_dealer\vendor\symfony\browser-kit\AbstractBrowser.php:370"&gt;
                &lt;svg xmlns="http://www.w3.org/2000/svg" height="24" viewBox="0 0 24 24" width="24"&gt;&lt;path d="M0 0h24v24H0z" fill="none"/&gt;&lt;path d="M16 1H4c-1.1 0-2 .9-2 2v14h2V3h12V1zm3 4H8c-1.1 0-2 .9-2 2v14c0 1.1.9 2 2 2h11c1.1 0 2-.9 2-2V7c0-1.1-.9-2-2-2zm0 16H8V7h11v14z"/&gt;&lt;/svg&gt;            &lt;/span&gt;
        &lt;/span&gt;
    &lt;/div&gt;
    &lt;div id="trace-html-2-14" class="trace-code sf-toggle-content"&gt;
        &lt;ol start="365"&gt;&lt;li&gt;&lt;code&gt;&lt;span style="color: var(--highlight-keyword)"&gt;&amp;nbsp;&amp;nbsp;&amp;nbsp;&amp;nbsp;&amp;nbsp;&amp;nbsp;&amp;nbsp;&amp;nbsp;}&lt;/span&gt;&lt;/code&gt;&lt;/li&gt;
&lt;li&gt;&lt;code&gt;&lt;span style="color: var(--highlight-keyword)"&gt;&lt;/span&gt;&lt;/code&gt;&lt;/li&gt;
&lt;li&gt;&lt;code&gt;&lt;span style="color: var(--highlight-keyword)"&gt;&amp;nbsp;&amp;nbsp;&amp;nbsp;&amp;nbsp;&amp;nbsp;&amp;nbsp;&amp;nbsp;&amp;nbsp;if&amp;nbsp;(&lt;/span&gt;&lt;span style="color: var(--highlight-default)"&gt;$this&lt;/span&gt;&lt;span style="color: var(--highlight-keyword)"&gt;-&amp;gt;&lt;/span&gt;&lt;span style="color: var(--highlight-default)"&gt;insulated&lt;/span&gt;&lt;span style="color: var(--highlight-keyword)"&gt;)&amp;nbsp;{&lt;/span&gt;&lt;/code&gt;&lt;/li&gt;
&lt;li&gt;&lt;code&gt;&lt;span style="color: var(--highlight-keyword)"&gt;&amp;nbsp;&amp;nbsp;&amp;nbsp;&amp;nbsp;&amp;nbsp;&amp;nbsp;&amp;nbsp;&amp;nbsp;&amp;nbsp;&amp;nbsp;&amp;nbsp;&amp;nbsp;&lt;/span&gt;&lt;span style="color: var(--highlight-default)"&gt;$this&lt;/span&gt;&lt;span style="color: var(--highlight-keyword)"&gt;-&amp;gt;&lt;/span&gt;&lt;span style="color: var(--highlight-default)"&gt;response&amp;nbsp;&lt;/span&gt;&lt;span style="color: var(--highlight-keyword)"&gt;=&amp;nbsp;&lt;/span&gt;&lt;span style="color: var(--highlight-default)"&gt;$this&lt;/span&gt;&lt;span style="color: var(--highlight-keyword)"&gt;-&amp;gt;&lt;/span&gt;&lt;span style="color: var(--highlight-default)"&gt;doRequestInProcess&lt;/span&gt;&lt;span style="color: var(--highlight-keyword)"&gt;(&lt;/span&gt;&lt;span style="color: var(--highlight-default)"&gt;$this&lt;/span&gt;&lt;span style="color: var(--highlight-keyword)"&gt;-&amp;gt;&lt;/span&gt;&lt;span style="color: var(--highlight-default)"&gt;request&lt;/span&gt;&lt;span style="color: var(--highlight-keyword)"&gt;);&lt;/span&gt;&lt;/code&gt;&lt;/li&gt;
&lt;li&gt;&lt;code&gt;&lt;span style="color: var(--highlight-keyword)"&gt;&amp;nbsp;&amp;nbsp;&amp;nbsp;&amp;nbsp;&amp;nbsp;&amp;nbsp;&amp;nbsp;&amp;nbsp;}&amp;nbsp;else&amp;nbsp;{&lt;/span&gt;&lt;/code&gt;&lt;/li&gt;
&lt;li class="selected"&gt;&lt;code&gt;&lt;span style="color: var(--highlight-keyword)"&gt;&amp;nbsp;&amp;nbsp;&amp;nbsp;&amp;nbsp;&amp;nbsp;&amp;nbsp;&amp;nbsp;&amp;nbsp;&amp;nbsp;&amp;nbsp;&amp;nbsp;&amp;nbsp;&lt;/span&gt;&lt;span style="color: var(--highlight-default)"&gt;$this&lt;/span&gt;&lt;span style="color: var(--highlight-keyword)"&gt;-&amp;gt;&lt;/span&gt;&lt;span style="color: var(--highlight-default)"&gt;response&amp;nbsp;&lt;/span&gt;&lt;span style="color: var(--highlight-keyword)"&gt;=&amp;nbsp;&lt;/span&gt;&lt;span style="color: var(--highlight-default)"&gt;$this&lt;/span&gt;&lt;span style="color: var(--highlight-keyword)"&gt;-&amp;gt;&lt;/span&gt;&lt;span style="color: var(--highlight-default)"&gt;doRequest&lt;/span&gt;&lt;span style="color: var(--highlight-keyword)"&gt;(&lt;/span&gt;&lt;span style="color: var(--highlight-default)"&gt;$this&lt;/span&gt;&lt;span style="color: var(--highlight-keyword)"&gt;-&amp;gt;&lt;/span&gt;&lt;span style="color: var(--highlight-default)"&gt;request&lt;/span&gt;&lt;span style="color: var(--highlight-keyword)"&gt;);&lt;/span&gt;&lt;/code&gt;&lt;/li&gt;
&lt;li&gt;&lt;code&gt;&lt;span style="color: var(--highlight-keyword)"&gt;&amp;nbsp;&amp;nbsp;&amp;nbsp;&amp;nbsp;&amp;nbsp;&amp;nbsp;&amp;nbsp;&amp;nbsp;}&lt;/span&gt;&lt;/code&gt;&lt;/li&gt;
&lt;li&gt;&lt;code&gt;&lt;span style="color: var(--highlight-keyword)"&gt;&lt;/span&gt;&lt;/code&gt;&lt;/li&gt;
&lt;li&gt;&lt;code&gt;&lt;span style="color: var(--highlight-keyword)"&gt;&amp;nbsp;&amp;nbsp;&amp;nbsp;&amp;nbsp;&amp;nbsp;&amp;nbsp;&amp;nbsp;&amp;nbsp;&lt;/span&gt;&lt;span style="color: var(--highlight-default)"&gt;$this&lt;/span&gt;&lt;span style="color: var(--highlight-keyword)"&gt;-&amp;gt;&lt;/span&gt;&lt;span style="color: var(--highlight-default)"&gt;internalResponse&amp;nbsp;&lt;/span&gt;&lt;span style="color: var(--highlight-keyword)"&gt;=&amp;nbsp;&lt;/span&gt;&lt;span style="color: var(--highlight-default)"&gt;$this&lt;/span&gt;&lt;span style="color: var(--highlight-keyword)"&gt;-&amp;gt;&lt;/span&gt;&lt;span style="color: var(--highlight-default)"&gt;filterResponse&lt;/span&gt;&lt;span style="color: var(--highlight-keyword)"&gt;(&lt;/span&gt;&lt;span style="color: var(--highlight-default)"&gt;$this&lt;/span&gt;&lt;span style="color: var(--highlight-keyword)"&gt;-&amp;gt;&lt;/span&gt;&lt;span style="color: var(--highlight-default)"&gt;response&lt;/span&gt;&lt;span style="color: var(--highlight-keyword)"&gt;);&lt;/span&gt;&lt;/code&gt;&lt;/li&gt;
&lt;li&gt;&lt;code&gt;&lt;span style="color: var(--highlight-keyword)"&gt;&lt;/span&gt;&lt;/code&gt;&lt;/li&gt;
&lt;li&gt;&lt;code&gt;&lt;span style="color: var(--highlight-keyword)"&gt;&amp;nbsp;&amp;nbsp;&amp;nbsp;&amp;nbsp;&amp;nbsp;&amp;nbsp;&amp;nbsp;&amp;nbsp;&lt;/span&gt;&lt;span style="color: var(--highlight-default)"&gt;$this&lt;/span&gt;&lt;span style="color: var(--highlight-keyword)"&gt;-&amp;gt;&lt;/span&gt;&lt;span style="color: var(--highlight-default)"&gt;cookieJar&lt;/span&gt;&lt;span style="color: var(--highlight-keyword)"&gt;-&amp;gt;&lt;/span&gt;&lt;span style="color: var(--highlight-default)"&gt;updateFromResponse&lt;/span&gt;&lt;span style="color: var(--highlight-keyword)"&gt;(&lt;/span&gt;&lt;span style="color: var(--highlight-default)"&gt;$this&lt;/span&gt;&lt;span style="color: var(--highlight-keyword)"&gt;-&amp;gt;&lt;/span&gt;&lt;span style="color: var(--highlight-default)"&gt;internalResponse&lt;/span&gt;&lt;span style="color: var(--highlight-keyword)"&gt;,&amp;nbsp;&lt;/span&gt;&lt;span style="color: var(--highlight-default)"&gt;$uri&lt;/span&gt;&lt;span style="color: var(--highlight-keyword)"&gt;);&lt;/span&gt;&lt;/code&gt;&lt;/li&gt;&lt;/ol&gt;    &lt;/div&gt;            &lt;/div&gt;
                        &lt;div class="trace-line "&gt;
                &lt;div class="trace-line-header break-long-words sf-toggle" data-toggle-selector="#trace-html-2-15" data-toggle-initial=""&gt;
            &lt;span class="icon icon-close"&gt;&lt;svg width="1792" height="1792" viewBox="0 0 1792 1792" xmlns="http://www.w3.org/2000/svg"&gt;&lt;path d="M1408 960V832q0-26-19-45t-45-19H448q-26 0-45 19t-19 45v128q0 26 19 45t45 19h896q26 0 45-19t19-45zm256-544v960q0 119-84.5 203.5T1376 1664H416q-119 0-203.5-84.5T128 1376V416q0-119 84.5-203.5T416 128h960q119 0 203.5 84.5T1664 416z"/&gt;&lt;/svg&gt;&lt;/span&gt;
        &lt;span class="icon icon-open"&gt;&lt;svg width="1792" height="1792" viewBox="0 0 1792 1792" xmlns="http://www.w3.org/2000/svg"&gt;&lt;path d="M1408 960V832q0-26-19-45t-45-19h-320V448q0-26-19-45t-45-19H832q-26 0-45 19t-19 45v320H448q-26 0-45 19t-19 45v128q0 26 19 45t45 19h320v320q0 26 19 45t45 19h128q26 0 45-19t19-45v-320h320q26 0 45-19t19-45zm256-544v960q0 119-84.5 203.5T1376 1664H416q-119 0-203.5-84.5T128 1376V416q0-119 84.5-203.5T416 128h960q119 0 203.5 84.5T1664 416z"/&gt;&lt;/svg&gt;&lt;/span&gt;
    
            &lt;span class="trace-class"&gt;&lt;abbr title="Symfony\Component\BrowserKit\AbstractBrowser"&gt;AbstractBrowser&lt;/abbr&gt;&lt;/span&gt;&lt;span class="trace-type"&gt;-&gt;&lt;/span&gt;&lt;span class="trace-method"&gt;request&lt;/span&gt;&lt;span class="trace-arguments"&gt;()&lt;/span&gt;    
                    &lt;span class="block trace-file-path"&gt;
            in
            &lt;a href=""&gt;
                C:\Users\eman\Documents\GitHub\car_dealer\tests\WebTest\&lt;strong&gt;CarsPageTest.php&lt;/strong&gt;
            &lt;/a&gt;
                        (line 16)
            &lt;span class="icon icon-copy hidden" data-clipboard-text="C:\Users\eman\Documents\GitHub\car_dealer\tests\WebTest\CarsPageTest.php:16"&gt;
                &lt;svg xmlns="http://www.w3.org/2000/svg" height="24" viewBox="0 0 24 24" width="24"&gt;&lt;path d="M0 0h24v24H0z" fill="none"/&gt;&lt;path d="M16 1H4c-1.1 0-2 .9-2 2v14h2V3h12V1zm3 4H8c-1.1 0-2 .9-2 2v14c0 1.1.9 2 2 2h11c1.1 0 2-.9 2-2V7c0-1.1-.9-2-2-2zm0 16H8V7h11v14z"/&gt;&lt;/svg&gt;            &lt;/span&gt;
        &lt;/span&gt;
    &lt;/div&gt;
    &lt;div id="trace-html-2-15" class="trace-code sf-toggle-content"&gt;
        &lt;ol start="11"&gt;&lt;li&gt;&lt;code&gt;&lt;span style="color: var(--highlight-keyword)"&gt;&amp;nbsp;&amp;nbsp;&amp;nbsp;&amp;nbsp;&amp;nbsp;&amp;nbsp;&amp;nbsp;&amp;nbsp;&lt;/span&gt;&lt;span style="color: var(--highlight-default)"&gt;$url&amp;nbsp;&lt;/span&gt;&lt;span style="color: var(--highlight-keyword)"&gt;=&amp;nbsp;&lt;/span&gt;&lt;span style="color: var(--highlight-string)"&gt;'/Cars'&lt;/span&gt;&lt;span style="color: var(--highlight-keyword)"&gt;;&lt;/span&gt;&lt;/code&gt;&lt;/li&gt;
&lt;li&gt;&lt;code&gt;&lt;span style="color: var(--highlight-keyword)"&gt;&amp;nbsp;&amp;nbsp;&amp;nbsp;&amp;nbsp;&amp;nbsp;&amp;nbsp;&amp;nbsp;&amp;nbsp;&lt;/span&gt;&lt;span style="color: var(--highlight-default)"&gt;$httpMethod&amp;nbsp;&lt;/span&gt;&lt;span style="color: var(--highlight-keyword)"&gt;=&amp;nbsp;&lt;/span&gt;&lt;span style="color: var(--highlight-string)"&gt;'GET'&lt;/span&gt;&lt;span style="color: var(--highlight-keyword)"&gt;;&lt;/span&gt;&lt;/code&gt;&lt;/li&gt;
&lt;li&gt;&lt;code&gt;&lt;span style="color: var(--highlight-keyword)"&gt;&amp;nbsp;&amp;nbsp;&amp;nbsp;&amp;nbsp;&amp;nbsp;&amp;nbsp;&amp;nbsp;&amp;nbsp;&lt;/span&gt;&lt;span style="color: var(--highlight-default)"&gt;$client&amp;nbsp;&lt;/span&gt;&lt;span style="color: var(--highlight-keyword)"&gt;=&amp;nbsp;static::&lt;/span&gt;&lt;span style="color: var(--highlight-default)"&gt;createClient&lt;/span&gt;&lt;span style="color: var(--highlight-keyword)"&gt;();&lt;/span&gt;&lt;/code&gt;&lt;/li&gt;
&lt;li&gt;&lt;code&gt;&lt;span style="color: var(--highlight-keyword)"&gt;&amp;nbsp;&amp;nbsp;&amp;nbsp;&amp;nbsp;&amp;nbsp;&amp;nbsp;&amp;nbsp;&amp;nbsp;&lt;/span&gt;&lt;span style="color: var(--highlight-default)"&gt;$searchText&amp;nbsp;&lt;/span&gt;&lt;span style="color: var(--highlight-keyword)"&gt;=&amp;nbsp;&lt;/span&gt;&lt;span style="color: var(--highlight-string)"&gt;'Cars'&lt;/span&gt;&lt;span style="color: var(--highlight-keyword)"&gt;;&lt;/span&gt;&lt;/code&gt;&lt;/li&gt;
&lt;li&gt;&lt;code&gt;&lt;span style="color: var(--highlight-keyword)"&gt;&amp;nbsp;&amp;nbsp;&amp;nbsp;&amp;nbsp;&amp;nbsp;&amp;nbsp;&amp;nbsp;&amp;nbsp;&lt;/span&gt;&lt;span style="color: var(--highlight-default)"&gt;$cssSelector&amp;nbsp;&lt;/span&gt;&lt;span style="color: var(--highlight-keyword)"&gt;=&amp;nbsp;&lt;/span&gt;&lt;span style="color: var(--highlight-string)"&gt;'title'&lt;/span&gt;&lt;span style="color: var(--highlight-keyword)"&gt;;&lt;/span&gt;&lt;/code&gt;&lt;/li&gt;
&lt;li class="selected"&gt;&lt;code&gt;&lt;span style="color: var(--highlight-keyword)"&gt;&amp;nbsp;&amp;nbsp;&amp;nbsp;&amp;nbsp;&amp;nbsp;&amp;nbsp;&amp;nbsp;&amp;nbsp;&lt;/span&gt;&lt;span style="color: var(--highlight-default)"&gt;$crawler&amp;nbsp;&lt;/span&gt;&lt;span style="color: var(--highlight-keyword)"&gt;=&amp;nbsp;&lt;/span&gt;&lt;span style="color: var(--highlight-default)"&gt;$client&lt;/span&gt;&lt;span style="color: var(--highlight-keyword)"&gt;-&amp;gt;&lt;/span&gt;&lt;span style="color: var(--highlight-default)"&gt;request&lt;/span&gt;&lt;span style="color: var(--highlight-keyword)"&gt;(&lt;/span&gt;&lt;span style="color: var(--highlight-default)"&gt;$httpMethod&lt;/span&gt;&lt;span style="color: var(--highlight-keyword)"&gt;,&amp;nbsp;&lt;/span&gt;&lt;span style="color: var(--highlight-default)"&gt;$url&lt;/span&gt;&lt;span style="color: var(--highlight-keyword)"&gt;);&lt;/span&gt;&lt;/code&gt;&lt;/li&gt;
&lt;li&gt;&lt;code&gt;&lt;span style="color: var(--highlight-keyword)"&gt;&amp;nbsp;&amp;nbsp;&amp;nbsp;&amp;nbsp;&amp;nbsp;&amp;nbsp;&amp;nbsp;&amp;nbsp;&lt;/span&gt;&lt;span style="color: var(--highlight-default)"&gt;$content&amp;nbsp;&lt;/span&gt;&lt;span style="color: var(--highlight-keyword)"&gt;=&amp;nbsp;&lt;/span&gt;&lt;span style="color: var(--highlight-default)"&gt;$client&lt;/span&gt;&lt;span style="color: var(--highlight-keyword)"&gt;-&amp;gt;&lt;/span&gt;&lt;span style="color: var(--highlight-default)"&gt;getResponse&lt;/span&gt;&lt;span style="color: var(--highlight-keyword)"&gt;()-&amp;gt;&lt;/span&gt;&lt;span style="color: var(--highlight-default)"&gt;getContent&lt;/span&gt;&lt;span style="color: var(--highlight-keyword)"&gt;();&lt;/span&gt;&lt;/code&gt;&lt;/li&gt;
&lt;li&gt;&lt;code&gt;&lt;span style="color: var(--highlight-keyword)"&gt;&amp;nbsp;&amp;nbsp;&amp;nbsp;&amp;nbsp;&amp;nbsp;&amp;nbsp;&amp;nbsp;&amp;nbsp;&lt;/span&gt;&lt;span style="color: var(--highlight-default)"&gt;$this&lt;/span&gt;&lt;span style="color: var(--highlight-keyword)"&gt;-&amp;gt;&lt;/span&gt;&lt;span style="color: var(--highlight-default)"&gt;assertResponseIsSuccessful&lt;/span&gt;&lt;span style="color: var(--highlight-keyword)"&gt;();&lt;/span&gt;&lt;/code&gt;&lt;/li&gt;
&lt;li&gt;&lt;code&gt;&lt;span style="color: var(--highlight-keyword)"&gt;&amp;nbsp;&amp;nbsp;&amp;nbsp;&amp;nbsp;&amp;nbsp;&amp;nbsp;&amp;nbsp;&amp;nbsp;&lt;/span&gt;&lt;span style="color: var(--highlight-default)"&gt;$this&lt;/span&gt;&lt;span style="color: var(--highlight-keyword)"&gt;-&amp;gt;&lt;/span&gt;&lt;span style="color: var(--highlight-default)"&gt;assertSelectorTextContains&lt;/span&gt;&lt;span style="color: var(--highlight-keyword)"&gt;(&lt;/span&gt;&lt;span style="color: var(--highlight-default)"&gt;$cssSelector&lt;/span&gt;&lt;span style="color: var(--highlight-keyword)"&gt;,&amp;nbsp;&lt;/span&gt;&lt;span style="color: var(--highlight-default)"&gt;$searchText&lt;/span&gt;&lt;span style="color: var(--highlight-keyword)"&gt;);&lt;/span&gt;&lt;/code&gt;&lt;/li&gt;
&lt;li&gt;&lt;code&gt;&lt;span style="color: var(--highlight-keyword)"&gt;&amp;nbsp;&amp;nbsp;&amp;nbsp;&amp;nbsp;}&lt;/span&gt;&lt;/code&gt;&lt;/li&gt;
&lt;li&gt;&lt;code&gt;&lt;span style="color: var(--highlight-keyword)"&gt;&amp;nbsp;&amp;nbsp;&amp;nbsp;&amp;nbsp;public&amp;nbsp;function&amp;nbsp;&lt;/span&gt;&lt;span style="color: var(--highlight-default)"&gt;testHeading&lt;/span&gt;&lt;span style="color: var(--highlight-keyword)"&gt;():&amp;nbsp;&lt;/span&gt;&lt;span style="color: var(--highlight-default)"&gt;void&lt;/span&gt;&lt;/code&gt;&lt;/li&gt;&lt;/ol&gt;    &lt;/div&gt;            &lt;/div&gt;
                        &lt;div class="trace-line "&gt;
                &lt;div class="trace-line-header break-long-words sf-toggle" data-toggle-selector="#trace-html-2-16" data-toggle-initial=""&gt;
            &lt;span class="icon icon-close"&gt;&lt;svg width="1792" height="1792" viewBox="0 0 1792 1792" xmlns="http://www.w3.org/2000/svg"&gt;&lt;path d="M1408 960V832q0-26-19-45t-45-19H448q-26 0-45 19t-19 45v128q0 26 19 45t45 19h896q26 0 45-19t19-45zm256-544v960q0 119-84.5 203.5T1376 1664H416q-119 0-203.5-84.5T128 1376V416q0-119 84.5-203.5T416 128h960q119 0 203.5 84.5T1664 416z"/&gt;&lt;/svg&gt;&lt;/span&gt;
        &lt;span class="icon icon-open"&gt;&lt;svg width="1792" height="1792" viewBox="0 0 1792 1792" xmlns="http://www.w3.org/2000/svg"&gt;&lt;path d="M1408 960V832q0-26-19-45t-45-19h-320V448q0-26-19-45t-45-19H832q-26 0-45 19t-19 45v320H448q-26 0-45 19t-19 45v128q0 26 19 45t45 19h320v320q0 26 19 45t45 19h128q26 0 45-19t19-45v-320h320q26 0 45-19t19-45zm256-544v960q0 119-84.5 203.5T1376 1664H416q-119 0-203.5-84.5T128 1376V416q0-119 84.5-203.5T416 128h960q119 0 203.5 84.5T1664 416z"/&gt;&lt;/svg&gt;&lt;/span&gt;
    
            &lt;span class="trace-class"&gt;&lt;abbr title="App\Tests\WebTest\CarsPageTest"&gt;CarsPageTest&lt;/abbr&gt;&lt;/span&gt;&lt;span class="trace-type"&gt;-&gt;&lt;/span&gt;&lt;span class="trace-method"&gt;testTittle&lt;/span&gt;&lt;span class="trace-arguments"&gt;()&lt;/span&gt;    
                    &lt;span class="block trace-file-path"&gt;
            in
            &lt;a href=""&gt;
                C:\Users\eman\Documents\GitHub\car_dealer\vendor\phpunit\phpunit\src\Framework\&lt;strong&gt;TestCase.php&lt;/strong&gt;
            &lt;/a&gt;
                        (line 1545)
            &lt;span class="icon icon-copy hidden" data-clipboard-text="C:\Users\eman\Documents\GitHub\car_dealer\vendor\phpunit\phpunit\src\Framework\TestCase.php:1545"&gt;
                &lt;svg xmlns="http://www.w3.org/2000/svg" height="24" viewBox="0 0 24 24" width="24"&gt;&lt;path d="M0 0h24v24H0z" fill="none"/&gt;&lt;path d="M16 1H4c-1.1 0-2 .9-2 2v14h2V3h12V1zm3 4H8c-1.1 0-2 .9-2 2v14c0 1.1.9 2 2 2h11c1.1 0 2-.9 2-2V7c0-1.1-.9-2-2-2zm0 16H8V7h11v14z"/&gt;&lt;/svg&gt;            &lt;/span&gt;
        &lt;/span&gt;
    &lt;/div&gt;
    &lt;div id="trace-html-2-16" class="trace-code sf-toggle-content"&gt;
        &lt;ol start="1540"&gt;&lt;li&gt;&lt;code&gt;&lt;span style="color: var(--highlight-keyword)"&gt;&amp;nbsp;&amp;nbsp;&amp;nbsp;&amp;nbsp;&amp;nbsp;&amp;nbsp;&amp;nbsp;&amp;nbsp;&lt;/span&gt;&lt;span style="color: var(--highlight-default)"&gt;$testArguments&amp;nbsp;&lt;/span&gt;&lt;span style="color: var(--highlight-keyword)"&gt;=&amp;nbsp;&lt;/span&gt;&lt;span style="color: var(--highlight-default)"&gt;array_merge&lt;/span&gt;&lt;span style="color: var(--highlight-keyword)"&gt;(&lt;/span&gt;&lt;span style="color: var(--highlight-default)"&gt;$this&lt;/span&gt;&lt;span style="color: var(--highlight-keyword)"&gt;-&amp;gt;&lt;/span&gt;&lt;span style="color: var(--highlight-default)"&gt;data&lt;/span&gt;&lt;span style="color: var(--highlight-keyword)"&gt;,&amp;nbsp;&lt;/span&gt;&lt;span style="color: var(--highlight-default)"&gt;$this&lt;/span&gt;&lt;span style="color: var(--highlight-keyword)"&gt;-&amp;gt;&lt;/span&gt;&lt;span style="color: var(--highlight-default)"&gt;dependencyInput&lt;/span&gt;&lt;span style="color: var(--highlight-keyword)"&gt;);&lt;/span&gt;&lt;/code&gt;&lt;/li&gt;
&lt;li&gt;&lt;code&gt;&lt;span style="color: var(--highlight-keyword)"&gt;&lt;/span&gt;&lt;/code&gt;&lt;/li&gt;
&lt;li&gt;&lt;code&gt;&lt;span style="color: var(--highlight-keyword)"&gt;&amp;nbsp;&amp;nbsp;&amp;nbsp;&amp;nbsp;&amp;nbsp;&amp;nbsp;&amp;nbsp;&amp;nbsp;&lt;/span&gt;&lt;span style="color: var(--highlight-default)"&gt;$this&lt;/span&gt;&lt;span style="color: var(--highlight-keyword)"&gt;-&amp;gt;&lt;/span&gt;&lt;span style="color: var(--highlight-default)"&gt;registerMockObjectsFromTestArguments&lt;/span&gt;&lt;span style="color: var(--highlight-keyword)"&gt;(&lt;/span&gt;&lt;span style="color: var(--highlight-default)"&gt;$testArguments&lt;/span&gt;&lt;span style="color: var(--highlight-keyword)"&gt;);&lt;/span&gt;&lt;/code&gt;&lt;/li&gt;
&lt;li&gt;&lt;code&gt;&lt;span style="color: var(--highlight-keyword)"&gt;&lt;/span&gt;&lt;/code&gt;&lt;/li&gt;
&lt;li&gt;&lt;code&gt;&lt;span style="color: var(--highlight-keyword)"&gt;&amp;nbsp;&amp;nbsp;&amp;nbsp;&amp;nbsp;&amp;nbsp;&amp;nbsp;&amp;nbsp;&amp;nbsp;try&amp;nbsp;{&lt;/span&gt;&lt;/code&gt;&lt;/li&gt;
&lt;li class="selected"&gt;&lt;code&gt;&lt;span style="color: var(--highlight-keyword)"&gt;&amp;nbsp;&amp;nbsp;&amp;nbsp;&amp;nbsp;&amp;nbsp;&amp;nbsp;&amp;nbsp;&amp;nbsp;&amp;nbsp;&amp;nbsp;&amp;nbsp;&amp;nbsp;&lt;/span&gt;&lt;span style="color: var(--highlight-default)"&gt;$testResult&amp;nbsp;&lt;/span&gt;&lt;span style="color: var(--highlight-keyword)"&gt;=&amp;nbsp;&lt;/span&gt;&lt;span style="color: var(--highlight-default)"&gt;$this&lt;/span&gt;&lt;span style="color: var(--highlight-keyword)"&gt;-&amp;gt;{&lt;/span&gt;&lt;span style="color: var(--highlight-default)"&gt;$this&lt;/span&gt;&lt;span style="color: var(--highlight-keyword)"&gt;-&amp;gt;&lt;/span&gt;&lt;span style="color: var(--highlight-default)"&gt;name&lt;/span&gt;&lt;span style="color: var(--highlight-keyword)"&gt;}(...&lt;/span&gt;&lt;span style="color: var(--highlight-default)"&gt;array_values&lt;/span&gt;&lt;span style="color: var(--highlight-keyword)"&gt;(&lt;/span&gt;&lt;span style="color: var(--highlight-default)"&gt;$testArguments&lt;/span&gt;&lt;span style="color: var(--highlight-keyword)"&gt;));&lt;/span&gt;&lt;/code&gt;&lt;/li&gt;
&lt;li&gt;&lt;code&gt;&lt;span style="color: var(--highlight-keyword)"&gt;&amp;nbsp;&amp;nbsp;&amp;nbsp;&amp;nbsp;&amp;nbsp;&amp;nbsp;&amp;nbsp;&amp;nbsp;}&amp;nbsp;catch&amp;nbsp;(&lt;/span&gt;&lt;span style="color: var(--highlight-default)"&gt;Throwable&amp;nbsp;$exception&lt;/span&gt;&lt;span style="color: var(--highlight-keyword)"&gt;)&amp;nbsp;{&lt;/span&gt;&lt;/code&gt;&lt;/li&gt;
&lt;li&gt;&lt;code&gt;&lt;span style="color: var(--highlight-keyword)"&gt;&amp;nbsp;&amp;nbsp;&amp;nbsp;&amp;nbsp;&amp;nbsp;&amp;nbsp;&amp;nbsp;&amp;nbsp;&amp;nbsp;&amp;nbsp;&amp;nbsp;&amp;nbsp;if&amp;nbsp;(!&lt;/span&gt;&lt;span style="color: var(--highlight-default)"&gt;$this&lt;/span&gt;&lt;span style="color: var(--highlight-keyword)"&gt;-&amp;gt;&lt;/span&gt;&lt;span style="color: var(--highlight-default)"&gt;checkExceptionExpectations&lt;/span&gt;&lt;span style="color: var(--highlight-keyword)"&gt;(&lt;/span&gt;&lt;span style="color: var(--highlight-default)"&gt;$exception&lt;/span&gt;&lt;span style="color: var(--highlight-keyword)"&gt;))&amp;nbsp;{&lt;/span&gt;&lt;/code&gt;&lt;/li&gt;
&lt;li&gt;&lt;code&gt;&lt;span style="color: var(--highlight-keyword)"&gt;&amp;nbsp;&amp;nbsp;&amp;nbsp;&amp;nbsp;&amp;nbsp;&amp;nbsp;&amp;nbsp;&amp;nbsp;&amp;nbsp;&amp;nbsp;&amp;nbsp;&amp;nbsp;&amp;nbsp;&amp;nbsp;&amp;nbsp;&amp;nbsp;throw&amp;nbsp;&lt;/span&gt;&lt;span style="color: var(--highlight-default)"&gt;$exception&lt;/span&gt;&lt;span style="color: var(--highlight-keyword)"&gt;;&lt;/span&gt;&lt;/code&gt;&lt;/li&gt;
&lt;li&gt;&lt;code&gt;&lt;span style="color: var(--highlight-keyword)"&gt;&amp;nbsp;&amp;nbsp;&amp;nbsp;&amp;nbsp;&amp;nbsp;&amp;nbsp;&amp;nbsp;&amp;nbsp;&amp;nbsp;&amp;nbsp;&amp;nbsp;&amp;nbsp;}&lt;/span&gt;&lt;/code&gt;&lt;/li&gt;
&lt;li&gt;&lt;code&gt;&lt;span style="color: var(--highlight-keyword)"&gt;&lt;/span&gt;&lt;/code&gt;&lt;/li&gt;&lt;/ol&gt;    &lt;/div&gt;            &lt;/div&gt;
                        &lt;div class="trace-line "&gt;
                &lt;div class="trace-line-header break-long-words sf-toggle" data-toggle-selector="#trace-html-2-17" data-toggle-initial=""&gt;
            &lt;span class="icon icon-close"&gt;&lt;svg width="1792" height="1792" viewBox="0 0 1792 1792" xmlns="http://www.w3.org/2000/svg"&gt;&lt;path d="M1408 960V832q0-26-19-45t-45-19H448q-26 0-45 19t-19 45v128q0 26 19 45t45 19h896q26 0 45-19t19-45zm256-544v960q0 119-84.5 203.5T1376 1664H416q-119 0-203.5-84.5T128 1376V416q0-119 84.5-203.5T416 128h960q119 0 203.5 84.5T1664 416z"/&gt;&lt;/svg&gt;&lt;/span&gt;
        &lt;span class="icon icon-open"&gt;&lt;svg width="1792" height="1792" viewBox="0 0 1792 1792" xmlns="http://www.w3.org/2000/svg"&gt;&lt;path d="M1408 960V832q0-26-19-45t-45-19h-320V448q0-26-19-45t-45-19H832q-26 0-45 19t-19 45v320H448q-26 0-45 19t-19 45v128q0 26 19 45t45 19h320v320q0 26 19 45t45 19h128q26 0 45-19t19-45v-320h320q26 0 45-19t19-45zm256-544v960q0 119-84.5 203.5T1376 1664H416q-119 0-203.5-84.5T128 1376V416q0-119 84.5-203.5T416 128h960q119 0 203.5 84.5T1664 416z"/&gt;&lt;/svg&gt;&lt;/span&gt;
    
            &lt;span class="trace-class"&gt;&lt;abbr title="PHPUnit\Framework\TestCase"&gt;TestCase&lt;/abbr&gt;&lt;/span&gt;&lt;span class="trace-type"&gt;-&gt;&lt;/span&gt;&lt;span class="trace-method"&gt;runTest&lt;/span&gt;&lt;span class="trace-arguments"&gt;()&lt;/span&gt;    
                    &lt;span class="block trace-file-path"&gt;
            in
            &lt;a href=""&gt;
                C:\Users\eman\Documents\GitHub\car_dealer\vendor\phpunit\phpunit\src\Framework\&lt;strong&gt;TestCase.php&lt;/strong&gt;
            &lt;/a&gt;
                        (line 1151)
            &lt;span class="icon icon-copy hidden" data-clipboard-text="C:\Users\eman\Documents\GitHub\car_dealer\vendor\phpunit\phpunit\src\Framework\TestCase.php:1151"&gt;
                &lt;svg xmlns="http://www.w3.org/2000/svg" height="24" viewBox="0 0 24 24" width="24"&gt;&lt;path d="M0 0h24v24H0z" fill="none"/&gt;&lt;path d="M16 1H4c-1.1 0-2 .9-2 2v14h2V3h12V1zm3 4H8c-1.1 0-2 .9-2 2v14c0 1.1.9 2 2 2h11c1.1 0 2-.9 2-2V7c0-1.1-.9-2-2-2zm0 16H8V7h11v14z"/&gt;&lt;/svg&gt;            &lt;/span&gt;
        &lt;/span&gt;
    &lt;/div&gt;
    &lt;div id="trace-html-2-17" class="trace-code sf-toggle-content"&gt;
        &lt;ol start="1146"&gt;&lt;li&gt;&lt;code&gt;&lt;span style="color: var(--highlight-keyword)"&gt;&lt;/span&gt;&lt;/code&gt;&lt;/li&gt;
&lt;li&gt;&lt;code&gt;&lt;span style="color: var(--highlight-keyword)"&gt;&amp;nbsp;&amp;nbsp;&amp;nbsp;&amp;nbsp;&amp;nbsp;&amp;nbsp;&amp;nbsp;&amp;nbsp;&amp;nbsp;&amp;nbsp;&amp;nbsp;&amp;nbsp;foreach&amp;nbsp;(&lt;/span&gt;&lt;span style="color: var(--highlight-default)"&gt;$hookMethods&lt;/span&gt;&lt;span style="color: var(--highlight-keyword)"&gt;[&lt;/span&gt;&lt;span style="color: var(--highlight-string)"&gt;'preCondition'&lt;/span&gt;&lt;span style="color: var(--highlight-keyword)"&gt;]&amp;nbsp;as&amp;nbsp;&lt;/span&gt;&lt;span style="color: var(--highlight-default)"&gt;$method&lt;/span&gt;&lt;span style="color: var(--highlight-keyword)"&gt;)&amp;nbsp;{&lt;/span&gt;&lt;/code&gt;&lt;/li&gt;
&lt;li&gt;&lt;code&gt;&lt;span style="color: var(--highlight-keyword)"&gt;&amp;nbsp;&amp;nbsp;&amp;nbsp;&amp;nbsp;&amp;nbsp;&amp;nbsp;&amp;nbsp;&amp;nbsp;&amp;nbsp;&amp;nbsp;&amp;nbsp;&amp;nbsp;&amp;nbsp;&amp;nbsp;&amp;nbsp;&amp;nbsp;&lt;/span&gt;&lt;span style="color: var(--highlight-default)"&gt;$this&lt;/span&gt;&lt;span style="color: var(--highlight-keyword)"&gt;-&amp;gt;{&lt;/span&gt;&lt;span style="color: var(--highlight-default)"&gt;$method&lt;/span&gt;&lt;span style="color: var(--highlight-keyword)"&gt;}();&lt;/span&gt;&lt;/code&gt;&lt;/li&gt;
&lt;li&gt;&lt;code&gt;&lt;span style="color: var(--highlight-keyword)"&gt;&amp;nbsp;&amp;nbsp;&amp;nbsp;&amp;nbsp;&amp;nbsp;&amp;nbsp;&amp;nbsp;&amp;nbsp;&amp;nbsp;&amp;nbsp;&amp;nbsp;&amp;nbsp;}&lt;/span&gt;&lt;/code&gt;&lt;/li&gt;
&lt;li&gt;&lt;code&gt;&lt;span style="color: var(--highlight-keyword)"&gt;&lt;/span&gt;&lt;/code&gt;&lt;/li&gt;
&lt;li class="selected"&gt;&lt;code&gt;&lt;span style="color: var(--highlight-keyword)"&gt;&amp;nbsp;&amp;nbsp;&amp;nbsp;&amp;nbsp;&amp;nbsp;&amp;nbsp;&amp;nbsp;&amp;nbsp;&amp;nbsp;&amp;nbsp;&amp;nbsp;&amp;nbsp;&lt;/span&gt;&lt;span style="color: var(--highlight-default)"&gt;$this&lt;/span&gt;&lt;span style="color: var(--highlight-keyword)"&gt;-&amp;gt;&lt;/span&gt;&lt;span style="color: var(--highlight-default)"&gt;testResult&amp;nbsp;&lt;/span&gt;&lt;span style="color: var(--highlight-keyword)"&gt;=&amp;nbsp;&lt;/span&gt;&lt;span style="color: var(--highlight-default)"&gt;$this&lt;/span&gt;&lt;span style="color: var(--highlight-keyword)"&gt;-&amp;gt;&lt;/span&gt;&lt;span style="color: var(--highlight-default)"&gt;runTest&lt;/span&gt;&lt;span style="color: var(--highlight-keyword)"&gt;();&lt;/span&gt;&lt;/code&gt;&lt;/li&gt;
&lt;li&gt;&lt;code&gt;&lt;span style="color: var(--highlight-keyword)"&gt;&amp;nbsp;&amp;nbsp;&amp;nbsp;&amp;nbsp;&amp;nbsp;&amp;nbsp;&amp;nbsp;&amp;nbsp;&amp;nbsp;&amp;nbsp;&amp;nbsp;&amp;nbsp;&lt;/span&gt;&lt;span style="color: var(--highlight-default)"&gt;$this&lt;/span&gt;&lt;span style="color: var(--highlight-keyword)"&gt;-&amp;gt;&lt;/span&gt;&lt;span style="color: var(--highlight-default)"&gt;verifyMockObjects&lt;/span&gt;&lt;span style="color: var(--highlight-keyword)"&gt;();&lt;/span&gt;&lt;/code&gt;&lt;/li&gt;
&lt;li&gt;&lt;code&gt;&lt;span style="color: var(--highlight-keyword)"&gt;&lt;/span&gt;&lt;/code&gt;&lt;/li&gt;
&lt;li&gt;&lt;code&gt;&lt;span style="color: var(--highlight-keyword)"&gt;&amp;nbsp;&amp;nbsp;&amp;nbsp;&amp;nbsp;&amp;nbsp;&amp;nbsp;&amp;nbsp;&amp;nbsp;&amp;nbsp;&amp;nbsp;&amp;nbsp;&amp;nbsp;foreach&amp;nbsp;(&lt;/span&gt;&lt;span style="color: var(--highlight-default)"&gt;$hookMethods&lt;/span&gt;&lt;span style="color: var(--highlight-keyword)"&gt;[&lt;/span&gt;&lt;span style="color: var(--highlight-string)"&gt;'postCondition'&lt;/span&gt;&lt;span style="color: var(--highlight-keyword)"&gt;]&amp;nbsp;as&amp;nbsp;&lt;/span&gt;&lt;span style="color: var(--highlight-default)"&gt;$method&lt;/span&gt;&lt;span style="color: var(--highlight-keyword)"&gt;)&amp;nbsp;{&lt;/span&gt;&lt;/code&gt;&lt;/li&gt;
&lt;li&gt;&lt;code&gt;&lt;span style="color: var(--highlight-keyword)"&gt;&amp;nbsp;&amp;nbsp;&amp;nbsp;&amp;nbsp;&amp;nbsp;&amp;nbsp;&amp;nbsp;&amp;nbsp;&amp;nbsp;&amp;nbsp;&amp;nbsp;&amp;nbsp;&amp;nbsp;&amp;nbsp;&amp;nbsp;&amp;nbsp;&lt;/span&gt;&lt;span style="color: var(--highlight-default)"&gt;$this&lt;/span&gt;&lt;span style="color: var(--highlight-keyword)"&gt;-&amp;gt;{&lt;/span&gt;&lt;span style="color: var(--highlight-default)"&gt;$method&lt;/span&gt;&lt;span style="color: var(--highlight-keyword)"&gt;}();&lt;/span&gt;&lt;/code&gt;&lt;/li&gt;
&lt;li&gt;&lt;code&gt;&lt;span style="color: var(--highlight-keyword)"&gt;&amp;nbsp;&amp;nbsp;&amp;nbsp;&amp;nbsp;&amp;nbsp;&amp;nbsp;&amp;nbsp;&amp;nbsp;&amp;nbsp;&amp;nbsp;&amp;nbsp;&amp;nbsp;}&lt;/span&gt;&lt;/code&gt;&lt;/li&gt;&lt;/ol&gt;    &lt;/div&gt;            &lt;/div&gt;
                        &lt;div class="trace-line "&gt;
                &lt;div class="trace-line-header break-long-words sf-toggle" data-toggle-selector="#trace-html-2-18" data-toggle-initial=""&gt;
            &lt;span class="icon icon-close"&gt;&lt;svg width="1792" height="1792" viewBox="0 0 1792 1792" xmlns="http://www.w3.org/2000/svg"&gt;&lt;path d="M1408 960V832q0-26-19-45t-45-19H448q-26 0-45 19t-19 45v128q0 26 19 45t45 19h896q26 0 45-19t19-45zm256-544v960q0 119-84.5 203.5T1376 1664H416q-119 0-203.5-84.5T128 1376V416q0-119 84.5-203.5T416 128h960q119 0 203.5 84.5T1664 416z"/&gt;&lt;/svg&gt;&lt;/span&gt;
        &lt;span class="icon icon-open"&gt;&lt;svg width="1792" height="1792" viewBox="0 0 1792 1792" xmlns="http://www.w3.org/2000/svg"&gt;&lt;path d="M1408 960V832q0-26-19-45t-45-19h-320V448q0-26-19-45t-45-19H832q-26 0-45 19t-19 45v320H448q-26 0-45 19t-19 45v128q0 26 19 45t45 19h320v320q0 26 19 45t45 19h128q26 0 45-19t19-45v-320h320q26 0 45-19t19-45zm256-544v960q0 119-84.5 203.5T1376 1664H416q-119 0-203.5-84.5T128 1376V416q0-119 84.5-203.5T416 128h960q119 0 203.5 84.5T1664 416z"/&gt;&lt;/svg&gt;&lt;/span&gt;
    
            &lt;span class="trace-class"&gt;&lt;abbr title="PHPUnit\Framework\TestCase"&gt;TestCase&lt;/abbr&gt;&lt;/span&gt;&lt;span class="trace-type"&gt;-&gt;&lt;/span&gt;&lt;span class="trace-method"&gt;runBare&lt;/span&gt;&lt;span class="trace-arguments"&gt;()&lt;/span&gt;    
                    &lt;span class="block trace-file-path"&gt;
            in
            &lt;a href=""&gt;
                C:\Users\eman\Documents\GitHub\car_dealer\vendor\phpunit\phpunit\src\Framework\&lt;strong&gt;TestResult.php&lt;/strong&gt;
            &lt;/a&gt;
                        (line 726)
            &lt;span class="icon icon-copy hidden" data-clipboard-text="C:\Users\eman\Documents\GitHub\car_dealer\vendor\phpunit\phpunit\src\Framework\TestResult.php:726"&gt;
                &lt;svg xmlns="http://www.w3.org/2000/svg" height="24" viewBox="0 0 24 24" width="24"&gt;&lt;path d="M0 0h24v24H0z" fill="none"/&gt;&lt;path d="M16 1H4c-1.1 0-2 .9-2 2v14h2V3h12V1zm3 4H8c-1.1 0-2 .9-2 2v14c0 1.1.9 2 2 2h11c1.1 0 2-.9 2-2V7c0-1.1-.9-2-2-2zm0 16H8V7h11v14z"/&gt;&lt;/svg&gt;            &lt;/span&gt;
        &lt;/span&gt;
    &lt;/div&gt;
    &lt;div id="trace-html-2-18" class="trace-code sf-toggle-content"&gt;
        &lt;ol start="721"&gt;&lt;li&gt;&lt;code&gt;&lt;span style="color: var(--highlight-keyword)"&gt;&amp;nbsp;&amp;nbsp;&amp;nbsp;&amp;nbsp;&amp;nbsp;&amp;nbsp;&amp;nbsp;&amp;nbsp;&amp;nbsp;&amp;nbsp;&amp;nbsp;&amp;nbsp;&amp;nbsp;&amp;nbsp;&amp;nbsp;&amp;nbsp;&amp;nbsp;&amp;nbsp;&amp;nbsp;&amp;nbsp;&amp;nbsp;&amp;nbsp;&amp;nbsp;&amp;nbsp;&lt;/span&gt;&lt;span style="color: var(--highlight-default)"&gt;$_timeout&amp;nbsp;&lt;/span&gt;&lt;span style="color: var(--highlight-keyword)"&gt;=&amp;nbsp;&lt;/span&gt;&lt;span style="color: var(--highlight-default)"&gt;$this&lt;/span&gt;&lt;span style="color: var(--highlight-keyword)"&gt;-&amp;gt;&lt;/span&gt;&lt;span style="color: var(--highlight-default)"&gt;defaultTimeLimit&lt;/span&gt;&lt;span style="color: var(--highlight-keyword)"&gt;;&lt;/span&gt;&lt;/code&gt;&lt;/li&gt;
&lt;li&gt;&lt;code&gt;&lt;span style="color: var(--highlight-keyword)"&gt;&amp;nbsp;&amp;nbsp;&amp;nbsp;&amp;nbsp;&amp;nbsp;&amp;nbsp;&amp;nbsp;&amp;nbsp;&amp;nbsp;&amp;nbsp;&amp;nbsp;&amp;nbsp;&amp;nbsp;&amp;nbsp;&amp;nbsp;&amp;nbsp;}&lt;/span&gt;&lt;/code&gt;&lt;/li&gt;
&lt;li&gt;&lt;code&gt;&lt;span style="color: var(--highlight-keyword)"&gt;&lt;/span&gt;&lt;/code&gt;&lt;/li&gt;
&lt;li&gt;&lt;code&gt;&lt;span style="color: var(--highlight-keyword)"&gt;&amp;nbsp;&amp;nbsp;&amp;nbsp;&amp;nbsp;&amp;nbsp;&amp;nbsp;&amp;nbsp;&amp;nbsp;&amp;nbsp;&amp;nbsp;&amp;nbsp;&amp;nbsp;&amp;nbsp;&amp;nbsp;&amp;nbsp;&amp;nbsp;&lt;/span&gt;&lt;span style="color: var(--highlight-default)"&gt;$invoker&lt;/span&gt;&lt;span style="color: var(--highlight-keyword)"&gt;-&amp;gt;&lt;/span&gt;&lt;span style="color: var(--highlight-default)"&gt;invoke&lt;/span&gt;&lt;span style="color: var(--highlight-keyword)"&gt;([&lt;/span&gt;&lt;span style="color: var(--highlight-default)"&gt;$test&lt;/span&gt;&lt;span style="color: var(--highlight-keyword)"&gt;,&amp;nbsp;&lt;/span&gt;&lt;span style="color: var(--highlight-string)"&gt;'runBare'&lt;/span&gt;&lt;span style="color: var(--highlight-keyword)"&gt;],&amp;nbsp;[],&amp;nbsp;&lt;/span&gt;&lt;span style="color: var(--highlight-default)"&gt;$_timeout&lt;/span&gt;&lt;span style="color: var(--highlight-keyword)"&gt;);&lt;/span&gt;&lt;/code&gt;&lt;/li&gt;
&lt;li&gt;&lt;code&gt;&lt;span style="color: var(--highlight-keyword)"&gt;&amp;nbsp;&amp;nbsp;&amp;nbsp;&amp;nbsp;&amp;nbsp;&amp;nbsp;&amp;nbsp;&amp;nbsp;&amp;nbsp;&amp;nbsp;&amp;nbsp;&amp;nbsp;}&amp;nbsp;else&amp;nbsp;{&lt;/span&gt;&lt;/code&gt;&lt;/li&gt;
&lt;li class="selected"&gt;&lt;code&gt;&lt;span style="color: var(--highlight-keyword)"&gt;&amp;nbsp;&amp;nbsp;&amp;nbsp;&amp;nbsp;&amp;nbsp;&amp;nbsp;&amp;nbsp;&amp;nbsp;&amp;nbsp;&amp;nbsp;&amp;nbsp;&amp;nbsp;&amp;nbsp;&amp;nbsp;&amp;nbsp;&amp;nbsp;&lt;/span&gt;&lt;span style="color: var(--highlight-default)"&gt;$test&lt;/span&gt;&lt;span style="color: var(--highlight-keyword)"&gt;-&amp;gt;&lt;/span&gt;&lt;span style="color: var(--highlight-default)"&gt;runBare&lt;/span&gt;&lt;span style="color: var(--highlight-keyword)"&gt;();&lt;/span&gt;&lt;/code&gt;&lt;/li&gt;
&lt;li&gt;&lt;code&gt;&lt;span style="color: var(--highlight-keyword)"&gt;&amp;nbsp;&amp;nbsp;&amp;nbsp;&amp;nbsp;&amp;nbsp;&amp;nbsp;&amp;nbsp;&amp;nbsp;&amp;nbsp;&amp;nbsp;&amp;nbsp;&amp;nbsp;}&lt;/span&gt;&lt;/code&gt;&lt;/li&gt;
&lt;li&gt;&lt;code&gt;&lt;span style="color: var(--highlight-keyword)"&gt;&amp;nbsp;&amp;nbsp;&amp;nbsp;&amp;nbsp;&amp;nbsp;&amp;nbsp;&amp;nbsp;&amp;nbsp;}&amp;nbsp;catch&amp;nbsp;(&lt;/span&gt;&lt;span style="color: var(--highlight-default)"&gt;TimeoutException&amp;nbsp;$e&lt;/span&gt;&lt;span style="color: var(--highlight-keyword)"&gt;)&amp;nbsp;{&lt;/span&gt;&lt;/code&gt;&lt;/li&gt;
&lt;li&gt;&lt;code&gt;&lt;span style="color: var(--highlight-keyword)"&gt;&amp;nbsp;&amp;nbsp;&amp;nbsp;&amp;nbsp;&amp;nbsp;&amp;nbsp;&amp;nbsp;&amp;nbsp;&amp;nbsp;&amp;nbsp;&amp;nbsp;&amp;nbsp;&lt;/span&gt;&lt;span style="color: var(--highlight-default)"&gt;$this&lt;/span&gt;&lt;span style="color: var(--highlight-keyword)"&gt;-&amp;gt;&lt;/span&gt;&lt;span style="color: var(--highlight-default)"&gt;addFailure&lt;/span&gt;&lt;span style="color: var(--highlight-keyword)"&gt;(&lt;/span&gt;&lt;/code&gt;&lt;/li&gt;
&lt;li&gt;&lt;code&gt;&lt;span style="color: var(--highlight-keyword)"&gt;&amp;nbsp;&amp;nbsp;&amp;nbsp;&amp;nbsp;&amp;nbsp;&amp;nbsp;&amp;nbsp;&amp;nbsp;&amp;nbsp;&amp;nbsp;&amp;nbsp;&amp;nbsp;&amp;nbsp;&amp;nbsp;&amp;nbsp;&amp;nbsp;&lt;/span&gt;&lt;span style="color: var(--highlight-default)"&gt;$test&lt;/span&gt;&lt;span style="color: var(--highlight-keyword)"&gt;,&lt;/span&gt;&lt;/code&gt;&lt;/li&gt;
&lt;li&gt;&lt;code&gt;&lt;span style="color: var(--highlight-keyword)"&gt;&amp;nbsp;&amp;nbsp;&amp;nbsp;&amp;nbsp;&amp;nbsp;&amp;nbsp;&amp;nbsp;&amp;nbsp;&amp;nbsp;&amp;nbsp;&amp;nbsp;&amp;nbsp;&amp;nbsp;&amp;nbsp;&amp;nbsp;&amp;nbsp;new&amp;nbsp;&lt;/span&gt;&lt;span style="color: var(--highlight-default)"&gt;RiskyTestError&lt;/span&gt;&lt;span style="color: var(--highlight-keyword)"&gt;(&lt;/span&gt;&lt;/code&gt;&lt;/li&gt;&lt;/ol&gt;    &lt;/div&gt;            &lt;/div&gt;
                        &lt;div class="trace-line "&gt;
                &lt;div class="trace-line-header break-long-words sf-toggle" data-toggle-selector="#trace-html-2-19" data-toggle-initial=""&gt;
            &lt;span class="icon icon-close"&gt;&lt;svg width="1792" height="1792" viewBox="0 0 1792 1792" xmlns="http://www.w3.org/2000/svg"&gt;&lt;path d="M1408 960V832q0-26-19-45t-45-19H448q-26 0-45 19t-19 45v128q0 26 19 45t45 19h896q26 0 45-19t19-45zm256-544v960q0 119-84.5 203.5T1376 1664H416q-119 0-203.5-84.5T128 1376V416q0-119 84.5-203.5T416 128h960q119 0 203.5 84.5T1664 416z"/&gt;&lt;/svg&gt;&lt;/span&gt;
        &lt;span class="icon icon-open"&gt;&lt;svg width="1792" height="1792" viewBox="0 0 1792 1792" xmlns="http://www.w3.org/2000/svg"&gt;&lt;path d="M1408 960V832q0-26-19-45t-45-19h-320V448q0-26-19-45t-45-19H832q-26 0-45 19t-19 45v320H448q-26 0-45 19t-19 45v128q0 26 19 45t45 19h320v320q0 26 19 45t45 19h128q26 0 45-19t19-45v-320h320q26 0 45-19t19-45zm256-544v960q0 119-84.5 203.5T1376 1664H416q-119 0-203.5-84.5T128 1376V416q0-119 84.5-203.5T416 128h960q119 0 203.5 84.5T1664 416z"/&gt;&lt;/svg&gt;&lt;/span&gt;
    
            &lt;span class="trace-class"&gt;&lt;abbr title="PHPUnit\Framework\TestResult"&gt;TestResult&lt;/abbr&gt;&lt;/span&gt;&lt;span class="trace-type"&gt;-&gt;&lt;/span&gt;&lt;span class="trace-method"&gt;run&lt;/span&gt;&lt;span class="trace-arguments"&gt;()&lt;/span&gt;    
                    &lt;span class="block trace-file-path"&gt;
            in
            &lt;a href=""&gt;
                C:\Users\eman\Documents\GitHub\car_dealer\vendor\phpunit\phpunit\src\Framework\&lt;strong&gt;TestCase.php&lt;/strong&gt;
            &lt;/a&gt;
                        (line 903)
            &lt;span class="icon icon-copy hidden" data-clipboard-text="C:\Users\eman\Documents\GitHub\car_dealer\vendor\phpunit\phpunit\src\Framework\TestCase.php:903"&gt;
                &lt;svg xmlns="http://www.w3.org/2000/svg" height="24" viewBox="0 0 24 24" width="24"&gt;&lt;path d="M0 0h24v24H0z" fill="none"/&gt;&lt;path d="M16 1H4c-1.1 0-2 .9-2 2v14h2V3h12V1zm3 4H8c-1.1 0-2 .9-2 2v14c0 1.1.9 2 2 2h11c1.1 0 2-.9 2-2V7c0-1.1-.9-2-2-2zm0 16H8V7h11v14z"/&gt;&lt;/svg&gt;            &lt;/span&gt;
        &lt;/span&gt;
    &lt;/div&gt;
    &lt;div id="trace-html-2-19" class="trace-code sf-toggle-content"&gt;
        &lt;ol start="898"&gt;&lt;li&gt;&lt;code&gt;&lt;span style="color: var(--highlight-keyword)"&gt;&amp;nbsp;&amp;nbsp;&amp;nbsp;&amp;nbsp;&amp;nbsp;&amp;nbsp;&amp;nbsp;&amp;nbsp;&amp;nbsp;&amp;nbsp;&amp;nbsp;&amp;nbsp;&lt;/span&gt;&lt;span style="color: var(--highlight-default)"&gt;$template&lt;/span&gt;&lt;span style="color: var(--highlight-keyword)"&gt;-&amp;gt;&lt;/span&gt;&lt;span style="color: var(--highlight-default)"&gt;setVar&lt;/span&gt;&lt;span style="color: var(--highlight-keyword)"&gt;(&lt;/span&gt;&lt;span style="color: var(--highlight-default)"&gt;$var&lt;/span&gt;&lt;span style="color: var(--highlight-keyword)"&gt;);&lt;/span&gt;&lt;/code&gt;&lt;/li&gt;
&lt;li&gt;&lt;code&gt;&lt;span style="color: var(--highlight-keyword)"&gt;&lt;/span&gt;&lt;/code&gt;&lt;/li&gt;
&lt;li&gt;&lt;code&gt;&lt;span style="color: var(--highlight-keyword)"&gt;&amp;nbsp;&amp;nbsp;&amp;nbsp;&amp;nbsp;&amp;nbsp;&amp;nbsp;&amp;nbsp;&amp;nbsp;&amp;nbsp;&amp;nbsp;&amp;nbsp;&amp;nbsp;&lt;/span&gt;&lt;span style="color: var(--highlight-default)"&gt;$php&amp;nbsp;&lt;/span&gt;&lt;span style="color: var(--highlight-keyword)"&gt;=&amp;nbsp;&lt;/span&gt;&lt;span style="color: var(--highlight-default)"&gt;AbstractPhpProcess&lt;/span&gt;&lt;span style="color: var(--highlight-keyword)"&gt;::&lt;/span&gt;&lt;span style="color: var(--highlight-default)"&gt;factory&lt;/span&gt;&lt;span style="color: var(--highlight-keyword)"&gt;();&lt;/span&gt;&lt;/code&gt;&lt;/li&gt;
&lt;li&gt;&lt;code&gt;&lt;span style="color: var(--highlight-keyword)"&gt;&amp;nbsp;&amp;nbsp;&amp;nbsp;&amp;nbsp;&amp;nbsp;&amp;nbsp;&amp;nbsp;&amp;nbsp;&amp;nbsp;&amp;nbsp;&amp;nbsp;&amp;nbsp;&lt;/span&gt;&lt;span style="color: var(--highlight-default)"&gt;$php&lt;/span&gt;&lt;span style="color: var(--highlight-keyword)"&gt;-&amp;gt;&lt;/span&gt;&lt;span style="color: var(--highlight-default)"&gt;runTestJob&lt;/span&gt;&lt;span style="color: var(--highlight-keyword)"&gt;(&lt;/span&gt;&lt;span style="color: var(--highlight-default)"&gt;$template&lt;/span&gt;&lt;span style="color: var(--highlight-keyword)"&gt;-&amp;gt;&lt;/span&gt;&lt;span style="color: var(--highlight-default)"&gt;render&lt;/span&gt;&lt;span style="color: var(--highlight-keyword)"&gt;(),&amp;nbsp;&lt;/span&gt;&lt;span style="color: var(--highlight-default)"&gt;$this&lt;/span&gt;&lt;span style="color: var(--highlight-keyword)"&gt;,&amp;nbsp;&lt;/span&gt;&lt;span style="color: var(--highlight-default)"&gt;$result&lt;/span&gt;&lt;span style="color: var(--highlight-keyword)"&gt;);&lt;/span&gt;&lt;/code&gt;&lt;/li&gt;
&lt;li&gt;&lt;code&gt;&lt;span style="color: var(--highlight-keyword)"&gt;&amp;nbsp;&amp;nbsp;&amp;nbsp;&amp;nbsp;&amp;nbsp;&amp;nbsp;&amp;nbsp;&amp;nbsp;}&amp;nbsp;else&amp;nbsp;{&lt;/span&gt;&lt;/code&gt;&lt;/li&gt;
&lt;li class="selected"&gt;&lt;code&gt;&lt;span style="color: var(--highlight-keyword)"&gt;&amp;nbsp;&amp;nbsp;&amp;nbsp;&amp;nbsp;&amp;nbsp;&amp;nbsp;&amp;nbsp;&amp;nbsp;&amp;nbsp;&amp;nbsp;&amp;nbsp;&amp;nbsp;&lt;/span&gt;&lt;span style="color: var(--highlight-default)"&gt;$result&lt;/span&gt;&lt;span style="color: var(--highlight-keyword)"&gt;-&amp;gt;&lt;/span&gt;&lt;span style="color: var(--highlight-default)"&gt;run&lt;/span&gt;&lt;span style="color: var(--highlight-keyword)"&gt;(&lt;/span&gt;&lt;span style="color: var(--highlight-default)"&gt;$this&lt;/span&gt;&lt;span style="color: var(--highlight-keyword)"&gt;);&lt;/span&gt;&lt;/code&gt;&lt;/li&gt;
&lt;li&gt;&lt;code&gt;&lt;span style="color: var(--highlight-keyword)"&gt;&amp;nbsp;&amp;nbsp;&amp;nbsp;&amp;nbsp;&amp;nbsp;&amp;nbsp;&amp;nbsp;&amp;nbsp;}&lt;/span&gt;&lt;/code&gt;&lt;/li&gt;
&lt;li&gt;&lt;code&gt;&lt;span style="color: var(--highlight-keyword)"&gt;&lt;/span&gt;&lt;/code&gt;&lt;/li&gt;
&lt;li&gt;&lt;code&gt;&lt;span style="color: var(--highlight-keyword)"&gt;&amp;nbsp;&amp;nbsp;&amp;nbsp;&amp;nbsp;&amp;nbsp;&amp;nbsp;&amp;nbsp;&amp;nbsp;&lt;/span&gt;&lt;span style="color: var(--highlight-default)"&gt;$this&lt;/span&gt;&lt;span style="color: var(--highlight-keyword)"&gt;-&amp;gt;&lt;/span&gt;&lt;span style="color: var(--highlight-default)"&gt;result&amp;nbsp;&lt;/span&gt;&lt;span style="color: var(--highlight-keyword)"&gt;=&amp;nbsp;&lt;/span&gt;&lt;span style="color: var(--highlight-default)"&gt;null&lt;/span&gt;&lt;span style="color: var(--highlight-keyword)"&gt;;&lt;/span&gt;&lt;/code&gt;&lt;/li&gt;
&lt;li&gt;&lt;code&gt;&lt;span style="color: var(--highlight-keyword)"&gt;&lt;/span&gt;&lt;/code&gt;&lt;/li&gt;
&lt;li&gt;&lt;code&gt;&lt;span style="color: var(--highlight-keyword)"&gt;&amp;nbsp;&amp;nbsp;&amp;nbsp;&amp;nbsp;&amp;nbsp;&amp;nbsp;&amp;nbsp;&amp;nbsp;return&amp;nbsp;&lt;/span&gt;&lt;span style="color: var(--highlight-default)"&gt;$result&lt;/span&gt;&lt;span style="color: var(--highlight-keyword)"&gt;;&lt;/span&gt;&lt;/code&gt;&lt;/li&gt;&lt;/ol&gt;    &lt;/div&gt;            &lt;/div&gt;
                        &lt;div class="trace-line "&gt;
                &lt;div class="trace-line-header break-long-words sf-toggle" data-toggle-selector="#trace-html-2-20" data-toggle-initial=""&gt;
            &lt;span class="icon icon-close"&gt;&lt;svg width="1792" height="1792" viewBox="0 0 1792 1792" xmlns="http://www.w3.org/2000/svg"&gt;&lt;path d="M1408 960V832q0-26-19-45t-45-19H448q-26 0-45 19t-19 45v128q0 26 19 45t45 19h896q26 0 45-19t19-45zm256-544v960q0 119-84.5 203.5T1376 1664H416q-119 0-203.5-84.5T128 1376V416q0-119 84.5-203.5T416 128h960q119 0 203.5 84.5T1664 416z"/&gt;&lt;/svg&gt;&lt;/span&gt;
        &lt;span class="icon icon-open"&gt;&lt;svg width="1792" height="1792" viewBox="0 0 1792 1792" xmlns="http://www.w3.org/2000/svg"&gt;&lt;path d="M1408 960V832q0-26-19-45t-45-19h-320V448q0-26-19-45t-45-19H832q-26 0-45 19t-19 45v320H448q-26 0-45 19t-19 45v128q0 26 19 45t45 19h320v320q0 26 19 45t45 19h128q26 0 45-19t19-45v-320h320q26 0 45-19t19-45zm256-544v960q0 119-84.5 203.5T1376 1664H416q-119 0-203.5-84.5T128 1376V416q0-119 84.5-203.5T416 128h960q119 0 203.5 84.5T1664 416z"/&gt;&lt;/svg&gt;&lt;/span&gt;
    
            &lt;span class="trace-class"&gt;&lt;abbr title="PHPUnit\Framework\TestCase"&gt;TestCase&lt;/abbr&gt;&lt;/span&gt;&lt;span class="trace-type"&gt;-&gt;&lt;/span&gt;&lt;span class="trace-method"&gt;run&lt;/span&gt;&lt;span class="trace-arguments"&gt;()&lt;/span&gt;    
                    &lt;span class="block trace-file-path"&gt;
            in
            &lt;a href=""&gt;
                C:\Users\eman\Documents\GitHub\car_dealer\vendor\phpunit\phpunit\src\Framework\&lt;strong&gt;TestSuite.php&lt;/strong&gt;
            &lt;/a&gt;
                        (line 678)
            &lt;span class="icon icon-copy hidden" data-clipboard-text="C:\Users\eman\Documents\GitHub\car_dealer\vendor\phpunit\phpunit\src\Framework\TestSuite.php:678"&gt;
                &lt;svg xmlns="http://www.w3.org/2000/svg" height="24" viewBox="0 0 24 24" width="24"&gt;&lt;path d="M0 0h24v24H0z" fill="none"/&gt;&lt;path d="M16 1H4c-1.1 0-2 .9-2 2v14h2V3h12V1zm3 4H8c-1.1 0-2 .9-2 2v14c0 1.1.9 2 2 2h11c1.1 0 2-.9 2-2V7c0-1.1-.9-2-2-2zm0 16H8V7h11v14z"/&gt;&lt;/svg&gt;            &lt;/span&gt;
        &lt;/span&gt;
    &lt;/div&gt;
    &lt;div id="trace-html-2-20" class="trace-code sf-toggle-content"&gt;
        &lt;ol start="673"&gt;&lt;li&gt;&lt;code&gt;&lt;span style="color: var(--highlight-keyword)"&gt;&amp;nbsp;&amp;nbsp;&amp;nbsp;&amp;nbsp;&amp;nbsp;&amp;nbsp;&amp;nbsp;&amp;nbsp;&amp;nbsp;&amp;nbsp;&amp;nbsp;&amp;nbsp;&amp;nbsp;&amp;nbsp;&amp;nbsp;&amp;nbsp;&lt;/span&gt;&lt;span style="color: var(--highlight-default)"&gt;$test&lt;/span&gt;&lt;span style="color: var(--highlight-keyword)"&gt;-&amp;gt;&lt;/span&gt;&lt;span style="color: var(--highlight-default)"&gt;setBackupGlobals&lt;/span&gt;&lt;span style="color: var(--highlight-keyword)"&gt;(&lt;/span&gt;&lt;span style="color: var(--highlight-default)"&gt;$this&lt;/span&gt;&lt;span style="color: var(--highlight-keyword)"&gt;-&amp;gt;&lt;/span&gt;&lt;span style="color: var(--highlight-default)"&gt;backupGlobals&lt;/span&gt;&lt;span style="color: var(--highlight-keyword)"&gt;);&lt;/span&gt;&lt;/code&gt;&lt;/li&gt;
&lt;li&gt;&lt;code&gt;&lt;span style="color: var(--highlight-keyword)"&gt;&amp;nbsp;&amp;nbsp;&amp;nbsp;&amp;nbsp;&amp;nbsp;&amp;nbsp;&amp;nbsp;&amp;nbsp;&amp;nbsp;&amp;nbsp;&amp;nbsp;&amp;nbsp;&amp;nbsp;&amp;nbsp;&amp;nbsp;&amp;nbsp;&lt;/span&gt;&lt;span style="color: var(--highlight-default)"&gt;$test&lt;/span&gt;&lt;span style="color: var(--highlight-keyword)"&gt;-&amp;gt;&lt;/span&gt;&lt;span style="color: var(--highlight-default)"&gt;setBackupStaticAttributes&lt;/span&gt;&lt;span style="color: var(--highlight-keyword)"&gt;(&lt;/span&gt;&lt;span style="color: var(--highlight-default)"&gt;$this&lt;/span&gt;&lt;span style="color: var(--highlight-keyword)"&gt;-&amp;gt;&lt;/span&gt;&lt;span style="color: var(--highlight-default)"&gt;backupStaticAttributes&lt;/span&gt;&lt;span style="color: var(--highlight-keyword)"&gt;);&lt;/span&gt;&lt;/code&gt;&lt;/li&gt;
&lt;li&gt;&lt;code&gt;&lt;span style="color: var(--highlight-keyword)"&gt;&amp;nbsp;&amp;nbsp;&amp;nbsp;&amp;nbsp;&amp;nbsp;&amp;nbsp;&amp;nbsp;&amp;nbsp;&amp;nbsp;&amp;nbsp;&amp;nbsp;&amp;nbsp;&amp;nbsp;&amp;nbsp;&amp;nbsp;&amp;nbsp;&lt;/span&gt;&lt;span style="color: var(--highlight-default)"&gt;$test&lt;/span&gt;&lt;span style="color: var(--highlight-keyword)"&gt;-&amp;gt;&lt;/span&gt;&lt;span style="color: var(--highlight-default)"&gt;setRunTestInSeparateProcess&lt;/span&gt;&lt;span style="color: var(--highlight-keyword)"&gt;(&lt;/span&gt;&lt;span style="color: var(--highlight-default)"&gt;$this&lt;/span&gt;&lt;span style="color: var(--highlight-keyword)"&gt;-&amp;gt;&lt;/span&gt;&lt;span style="color: var(--highlight-default)"&gt;runTestInSeparateProcess&lt;/span&gt;&lt;span style="color: var(--highlight-keyword)"&gt;);&lt;/span&gt;&lt;/code&gt;&lt;/li&gt;
&lt;li&gt;&lt;code&gt;&lt;span style="color: var(--highlight-keyword)"&gt;&amp;nbsp;&amp;nbsp;&amp;nbsp;&amp;nbsp;&amp;nbsp;&amp;nbsp;&amp;nbsp;&amp;nbsp;&amp;nbsp;&amp;nbsp;&amp;nbsp;&amp;nbsp;}&lt;/span&gt;&lt;/code&gt;&lt;/li&gt;
&lt;li&gt;&lt;code&gt;&lt;span style="color: var(--highlight-keyword)"&gt;&lt;/span&gt;&lt;/code&gt;&lt;/li&gt;
&lt;li class="selected"&gt;&lt;code&gt;&lt;span style="color: var(--highlight-keyword)"&gt;&amp;nbsp;&amp;nbsp;&amp;nbsp;&amp;nbsp;&amp;nbsp;&amp;nbsp;&amp;nbsp;&amp;nbsp;&amp;nbsp;&amp;nbsp;&amp;nbsp;&amp;nbsp;&lt;/span&gt;&lt;span style="color: var(--highlight-default)"&gt;$test&lt;/span&gt;&lt;span style="color: var(--highlight-keyword)"&gt;-&amp;gt;&lt;/span&gt;&lt;span style="color: var(--highlight-default)"&gt;run&lt;/span&gt;&lt;span style="color: var(--highlight-keyword)"&gt;(&lt;/span&gt;&lt;span style="color: var(--highlight-default)"&gt;$result&lt;/span&gt;&lt;span style="color: var(--highlight-keyword)"&gt;);&lt;/span&gt;&lt;/code&gt;&lt;/li&gt;
&lt;li&gt;&lt;code&gt;&lt;span style="color: var(--highlight-keyword)"&gt;&amp;nbsp;&amp;nbsp;&amp;nbsp;&amp;nbsp;&amp;nbsp;&amp;nbsp;&amp;nbsp;&amp;nbsp;}&lt;/span&gt;&lt;/code&gt;&lt;/li&gt;
&lt;li&gt;&lt;code&gt;&lt;span style="color: var(--highlight-keyword)"&gt;&lt;/span&gt;&lt;/code&gt;&lt;/li&gt;
&lt;li&gt;&lt;code&gt;&lt;span style="color: var(--highlight-keyword)"&gt;&amp;nbsp;&amp;nbsp;&amp;nbsp;&amp;nbsp;&amp;nbsp;&amp;nbsp;&amp;nbsp;&amp;nbsp;if&amp;nbsp;(&lt;/span&gt;&lt;span style="color: var(--highlight-default)"&gt;$this&lt;/span&gt;&lt;span style="color: var(--highlight-keyword)"&gt;-&amp;gt;&lt;/span&gt;&lt;span style="color: var(--highlight-default)"&gt;testCase&amp;nbsp;&lt;/span&gt;&lt;span style="color: var(--highlight-keyword)"&gt;&amp;amp;&amp;amp;&amp;nbsp;&lt;/span&gt;&lt;span style="color: var(--highlight-default)"&gt;class_exists&lt;/span&gt;&lt;span style="color: var(--highlight-keyword)"&gt;(&lt;/span&gt;&lt;span style="color: var(--highlight-default)"&gt;$this&lt;/span&gt;&lt;span style="color: var(--highlight-keyword)"&gt;-&amp;gt;&lt;/span&gt;&lt;span style="color: var(--highlight-default)"&gt;name&lt;/span&gt;&lt;span style="color: var(--highlight-keyword)"&gt;,&amp;nbsp;&lt;/span&gt;&lt;span style="color: var(--highlight-default)"&gt;false&lt;/span&gt;&lt;span style="color: var(--highlight-keyword)"&gt;))&amp;nbsp;{&lt;/span&gt;&lt;/code&gt;&lt;/li&gt;
&lt;li&gt;&lt;code&gt;&lt;span style="color: var(--highlight-keyword)"&gt;&amp;nbsp;&amp;nbsp;&amp;nbsp;&amp;nbsp;&amp;nbsp;&amp;nbsp;&amp;nbsp;&amp;nbsp;&amp;nbsp;&amp;nbsp;&amp;nbsp;&amp;nbsp;foreach&amp;nbsp;(&lt;/span&gt;&lt;span style="color: var(--highlight-default)"&gt;$hookMethods&lt;/span&gt;&lt;span style="color: var(--highlight-keyword)"&gt;[&lt;/span&gt;&lt;span style="color: var(--highlight-string)"&gt;'afterClass'&lt;/span&gt;&lt;span style="color: var(--highlight-keyword)"&gt;]&amp;nbsp;as&amp;nbsp;&lt;/span&gt;&lt;span style="color: var(--highlight-default)"&gt;$afterClassMethod&lt;/span&gt;&lt;span style="color: var(--highlight-keyword)"&gt;)&amp;nbsp;{&lt;/span&gt;&lt;/code&gt;&lt;/li&gt;
&lt;li&gt;&lt;code&gt;&lt;span style="color: var(--highlight-keyword)"&gt;&amp;nbsp;&amp;nbsp;&amp;nbsp;&amp;nbsp;&amp;nbsp;&amp;nbsp;&amp;nbsp;&amp;nbsp;&amp;nbsp;&amp;nbsp;&amp;nbsp;&amp;nbsp;&amp;nbsp;&amp;nbsp;&amp;nbsp;&amp;nbsp;if&amp;nbsp;(&lt;/span&gt;&lt;span style="color: var(--highlight-default)"&gt;method_exists&lt;/span&gt;&lt;span style="color: var(--highlight-keyword)"&gt;(&lt;/span&gt;&lt;span style="color: var(--highlight-default)"&gt;$this&lt;/span&gt;&lt;span style="color: var(--highlight-keyword)"&gt;-&amp;gt;&lt;/span&gt;&lt;span style="color: var(--highlight-default)"&gt;name&lt;/span&gt;&lt;span style="color: var(--highlight-keyword)"&gt;,&amp;nbsp;&lt;/span&gt;&lt;span style="color: var(--highlight-default)"&gt;$afterClassMethod&lt;/span&gt;&lt;span style="color: var(--highlight-keyword)"&gt;))&amp;nbsp;{&lt;/span&gt;&lt;/code&gt;&lt;/li&gt;&lt;/ol&gt;    &lt;/div&gt;            &lt;/div&gt;
                        &lt;div class="trace-line "&gt;
                &lt;div class="trace-line-header break-long-words sf-toggle" data-toggle-selector="#trace-html-2-21" data-toggle-initial=""&gt;
            &lt;span class="icon icon-close"&gt;&lt;svg width="1792" height="1792" viewBox="0 0 1792 1792" xmlns="http://www.w3.org/2000/svg"&gt;&lt;path d="M1408 960V832q0-26-19-45t-45-19H448q-26 0-45 19t-19 45v128q0 26 19 45t45 19h896q26 0 45-19t19-45zm256-544v960q0 119-84.5 203.5T1376 1664H416q-119 0-203.5-84.5T128 1376V416q0-119 84.5-203.5T416 128h960q119 0 203.5 84.5T1664 416z"/&gt;&lt;/svg&gt;&lt;/span&gt;
        &lt;span class="icon icon-open"&gt;&lt;svg width="1792" height="1792" viewBox="0 0 1792 1792" xmlns="http://www.w3.org/2000/svg"&gt;&lt;path d="M1408 960V832q0-26-19-45t-45-19h-320V448q0-26-19-45t-45-19H832q-26 0-45 19t-19 45v320H448q-26 0-45 19t-19 45v128q0 26 19 45t45 19h320v320q0 26 19 45t45 19h128q26 0 45-19t19-45v-320h320q26 0 45-19t19-45zm256-544v960q0 119-84.5 203.5T1376 1664H416q-119 0-203.5-84.5T128 1376V416q0-119 84.5-203.5T416 128h960q119 0 203.5 84.5T1664 416z"/&gt;&lt;/svg&gt;&lt;/span&gt;
    
            &lt;span class="trace-class"&gt;&lt;abbr title="PHPUnit\Framework\TestSuite"&gt;TestSuite&lt;/abbr&gt;&lt;/span&gt;&lt;span class="trace-type"&gt;-&gt;&lt;/span&gt;&lt;span class="trace-method"&gt;run&lt;/span&gt;&lt;span class="trace-arguments"&gt;()&lt;/span&gt;    
                    &lt;span class="block trace-file-path"&gt;
            in
            &lt;a href=""&gt;
                C:\Users\eman\Documents\GitHub\car_dealer\vendor\phpunit\phpunit\src\Framework\&lt;strong&gt;TestSuite.php&lt;/strong&gt;
            &lt;/a&gt;
                        (line 678)
            &lt;span class="icon icon-copy hidden" data-clipboard-text="C:\Users\eman\Documents\GitHub\car_dealer\vendor\phpunit\phpunit\src\Framework\TestSuite.php:678"&gt;
                &lt;svg xmlns="http://www.w3.org/2000/svg" height="24" viewBox="0 0 24 24" width="24"&gt;&lt;path d="M0 0h24v24H0z" fill="none"/&gt;&lt;path d="M16 1H4c-1.1 0-2 .9-2 2v14h2V3h12V1zm3 4H8c-1.1 0-2 .9-2 2v14c0 1.1.9 2 2 2h11c1.1 0 2-.9 2-2V7c0-1.1-.9-2-2-2zm0 16H8V7h11v14z"/&gt;&lt;/svg&gt;            &lt;/span&gt;
        &lt;/span&gt;
    &lt;/div&gt;
    &lt;div id="trace-html-2-21" class="trace-code sf-toggle-content"&gt;
        &lt;ol start="673"&gt;&lt;li&gt;&lt;code&gt;&lt;span style="color: var(--highlight-keyword)"&gt;&amp;nbsp;&amp;nbsp;&amp;nbsp;&amp;nbsp;&amp;nbsp;&amp;nbsp;&amp;nbsp;&amp;nbsp;&amp;nbsp;&amp;nbsp;&amp;nbsp;&amp;nbsp;&amp;nbsp;&amp;nbsp;&amp;nbsp;&amp;nbsp;&lt;/span&gt;&lt;span style="color: var(--highlight-default)"&gt;$test&lt;/span&gt;&lt;span style="color: var(--highlight-keyword)"&gt;-&amp;gt;&lt;/span&gt;&lt;span style="color: var(--highlight-default)"&gt;setBackupGlobals&lt;/span&gt;&lt;span style="color: var(--highlight-keyword)"&gt;(&lt;/span&gt;&lt;span style="color: var(--highlight-default)"&gt;$this&lt;/span&gt;&lt;span style="color: var(--highlight-keyword)"&gt;-&amp;gt;&lt;/span&gt;&lt;span style="color: var(--highlight-default)"&gt;backupGlobals&lt;/span&gt;&lt;span style="color: var(--highlight-keyword)"&gt;);&lt;/span&gt;&lt;/code&gt;&lt;/li&gt;
&lt;li&gt;&lt;code&gt;&lt;span style="color: var(--highlight-keyword)"&gt;&amp;nbsp;&amp;nbsp;&amp;nbsp;&amp;nbsp;&amp;nbsp;&amp;nbsp;&amp;nbsp;&amp;nbsp;&amp;nbsp;&amp;nbsp;&amp;nbsp;&amp;nbsp;&amp;nbsp;&amp;nbsp;&amp;nbsp;&amp;nbsp;&lt;/span&gt;&lt;span style="color: var(--highlight-default)"&gt;$test&lt;/span&gt;&lt;span style="color: var(--highlight-keyword)"&gt;-&amp;gt;&lt;/span&gt;&lt;span style="color: var(--highlight-default)"&gt;setBackupStaticAttributes&lt;/span&gt;&lt;span style="color: var(--highlight-keyword)"&gt;(&lt;/span&gt;&lt;span style="color: var(--highlight-default)"&gt;$this&lt;/span&gt;&lt;span style="color: var(--highlight-keyword)"&gt;-&amp;gt;&lt;/span&gt;&lt;span style="color: var(--highlight-default)"&gt;backupStaticAttributes&lt;/span&gt;&lt;span style="color: var(--highlight-keyword)"&gt;);&lt;/span&gt;&lt;/code&gt;&lt;/li&gt;
&lt;li&gt;&lt;code&gt;&lt;span style="color: var(--highlight-keyword)"&gt;&amp;nbsp;&amp;nbsp;&amp;nbsp;&amp;nbsp;&amp;nbsp;&amp;nbsp;&amp;nbsp;&amp;nbsp;&amp;nbsp;&amp;nbsp;&amp;nbsp;&amp;nbsp;&amp;nbsp;&amp;nbsp;&amp;nbsp;&amp;nbsp;&lt;/span&gt;&lt;span style="color: var(--highlight-default)"&gt;$test&lt;/span&gt;&lt;span style="color: var(--highlight-keyword)"&gt;-&amp;gt;&lt;/span&gt;&lt;span style="color: var(--highlight-default)"&gt;setRunTestInSeparateProcess&lt;/span&gt;&lt;span style="color: var(--highlight-keyword)"&gt;(&lt;/span&gt;&lt;span style="color: var(--highlight-default)"&gt;$this&lt;/span&gt;&lt;span style="color: var(--highlight-keyword)"&gt;-&amp;gt;&lt;/span&gt;&lt;span style="color: var(--highlight-default)"&gt;runTestInSeparateProcess&lt;/span&gt;&lt;span style="color: var(--highlight-keyword)"&gt;);&lt;/span&gt;&lt;/code&gt;&lt;/li&gt;
&lt;li&gt;&lt;code&gt;&lt;span style="color: var(--highlight-keyword)"&gt;&amp;nbsp;&amp;nbsp;&amp;nbsp;&amp;nbsp;&amp;nbsp;&amp;nbsp;&amp;nbsp;&amp;nbsp;&amp;nbsp;&amp;nbsp;&amp;nbsp;&amp;nbsp;}&lt;/span&gt;&lt;/code&gt;&lt;/li&gt;
&lt;li&gt;&lt;code&gt;&lt;span style="color: var(--highlight-keyword)"&gt;&lt;/span&gt;&lt;/code&gt;&lt;/li&gt;
&lt;li class="selected"&gt;&lt;code&gt;&lt;span style="color: var(--highlight-keyword)"&gt;&amp;nbsp;&amp;nbsp;&amp;nbsp;&amp;nbsp;&amp;nbsp;&amp;nbsp;&amp;nbsp;&amp;nbsp;&amp;nbsp;&amp;nbsp;&amp;nbsp;&amp;nbsp;&lt;/span&gt;&lt;span style="color: var(--highlight-default)"&gt;$test&lt;/span&gt;&lt;span style="color: var(--highlight-keyword)"&gt;-&amp;gt;&lt;/span&gt;&lt;span style="color: var(--highlight-default)"&gt;run&lt;/span&gt;&lt;span style="color: var(--highlight-keyword)"&gt;(&lt;/span&gt;&lt;span style="color: var(--highlight-default)"&gt;$result&lt;/span&gt;&lt;span style="color: var(--highlight-keyword)"&gt;);&lt;/span&gt;&lt;/code&gt;&lt;/li&gt;
&lt;li&gt;&lt;code&gt;&lt;span style="color: var(--highlight-keyword)"&gt;&amp;nbsp;&amp;nbsp;&amp;nbsp;&amp;nbsp;&amp;nbsp;&amp;nbsp;&amp;nbsp;&amp;nbsp;}&lt;/span&gt;&lt;/code&gt;&lt;/li&gt;
&lt;li&gt;&lt;code&gt;&lt;span style="color: var(--highlight-keyword)"&gt;&lt;/span&gt;&lt;/code&gt;&lt;/li&gt;
&lt;li&gt;&lt;code&gt;&lt;span style="color: var(--highlight-keyword)"&gt;&amp;nbsp;&amp;nbsp;&amp;nbsp;&amp;nbsp;&amp;nbsp;&amp;nbsp;&amp;nbsp;&amp;nbsp;if&amp;nbsp;(&lt;/span&gt;&lt;span style="color: var(--highlight-default)"&gt;$this&lt;/span&gt;&lt;span style="color: var(--highlight-keyword)"&gt;-&amp;gt;&lt;/span&gt;&lt;span style="color: var(--highlight-default)"&gt;testCase&amp;nbsp;&lt;/span&gt;&lt;span style="color: var(--highlight-keyword)"&gt;&amp;amp;&amp;amp;&amp;nbsp;&lt;/span&gt;&lt;span style="color: var(--highlight-default)"&gt;class_exists&lt;/span&gt;&lt;span style="color: var(--highlight-keyword)"&gt;(&lt;/span&gt;&lt;span style="color: var(--highlight-default)"&gt;$this&lt;/span&gt;&lt;span style="color: var(--highlight-keyword)"&gt;-&amp;gt;&lt;/span&gt;&lt;span style="color: var(--highlight-default)"&gt;name&lt;/span&gt;&lt;span style="color: var(--highlight-keyword)"&gt;,&amp;nbsp;&lt;/span&gt;&lt;span style="color: var(--highlight-default)"&gt;false&lt;/span&gt;&lt;span style="color: var(--highlight-keyword)"&gt;))&amp;nbsp;{&lt;/span&gt;&lt;/code&gt;&lt;/li&gt;
&lt;li&gt;&lt;code&gt;&lt;span style="color: var(--highlight-keyword)"&gt;&amp;nbsp;&amp;nbsp;&amp;nbsp;&amp;nbsp;&amp;nbsp;&amp;nbsp;&amp;nbsp;&amp;nbsp;&amp;nbsp;&amp;nbsp;&amp;nbsp;&amp;nbsp;foreach&amp;nbsp;(&lt;/span&gt;&lt;span style="color: var(--highlight-default)"&gt;$hookMethods&lt;/span&gt;&lt;span style="color: var(--highlight-keyword)"&gt;[&lt;/span&gt;&lt;span style="color: var(--highlight-string)"&gt;'afterClass'&lt;/span&gt;&lt;span style="color: var(--highlight-keyword)"&gt;]&amp;nbsp;as&amp;nbsp;&lt;/span&gt;&lt;span style="color: var(--highlight-default)"&gt;$afterClassMethod&lt;/span&gt;&lt;span style="color: var(--highlight-keyword)"&gt;)&amp;nbsp;{&lt;/span&gt;&lt;/code&gt;&lt;/li&gt;
&lt;li&gt;&lt;code&gt;&lt;span style="color: var(--highlight-keyword)"&gt;&amp;nbsp;&amp;nbsp;&amp;nbsp;&amp;nbsp;&amp;nbsp;&amp;nbsp;&amp;nbsp;&amp;nbsp;&amp;nbsp;&amp;nbsp;&amp;nbsp;&amp;nbsp;&amp;nbsp;&amp;nbsp;&amp;nbsp;&amp;nbsp;if&amp;nbsp;(&lt;/span&gt;&lt;span style="color: var(--highlight-default)"&gt;method_exists&lt;/span&gt;&lt;span style="color: var(--highlight-keyword)"&gt;(&lt;/span&gt;&lt;span style="color: var(--highlight-default)"&gt;$this&lt;/span&gt;&lt;span style="color: var(--highlight-keyword)"&gt;-&amp;gt;&lt;/span&gt;&lt;span style="color: var(--highlight-default)"&gt;name&lt;/span&gt;&lt;span style="color: var(--highlight-keyword)"&gt;,&amp;nbsp;&lt;/span&gt;&lt;span style="color: var(--highlight-default)"&gt;$afterClassMethod&lt;/span&gt;&lt;span style="color: var(--highlight-keyword)"&gt;))&amp;nbsp;{&lt;/span&gt;&lt;/code&gt;&lt;/li&gt;&lt;/ol&gt;    &lt;/div&gt;            &lt;/div&gt;
                        &lt;div class="trace-line "&gt;
                &lt;div class="trace-line-header break-long-words sf-toggle" data-toggle-selector="#trace-html-2-22" data-toggle-initial=""&gt;
            &lt;span class="icon icon-close"&gt;&lt;svg width="1792" height="1792" viewBox="0 0 1792 1792" xmlns="http://www.w3.org/2000/svg"&gt;&lt;path d="M1408 960V832q0-26-19-45t-45-19H448q-26 0-45 19t-19 45v128q0 26 19 45t45 19h896q26 0 45-19t19-45zm256-544v960q0 119-84.5 203.5T1376 1664H416q-119 0-203.5-84.5T128 1376V416q0-119 84.5-203.5T416 128h960q119 0 203.5 84.5T1664 416z"/&gt;&lt;/svg&gt;&lt;/span&gt;
        &lt;span class="icon icon-open"&gt;&lt;svg width="1792" height="1792" viewBox="0 0 1792 1792" xmlns="http://www.w3.org/2000/svg"&gt;&lt;path d="M1408 960V832q0-26-19-45t-45-19h-320V448q0-26-19-45t-45-19H832q-26 0-45 19t-19 45v320H448q-26 0-45 19t-19 45v128q0 26 19 45t45 19h320v320q0 26 19 45t45 19h128q26 0 45-19t19-45v-320h320q26 0 45-19t19-45zm256-544v960q0 119-84.5 203.5T1376 1664H416q-119 0-203.5-84.5T128 1376V416q0-119 84.5-203.5T416 128h960q119 0 203.5 84.5T1664 416z"/&gt;&lt;/svg&gt;&lt;/span&gt;
    
            &lt;span class="trace-class"&gt;&lt;abbr title="PHPUnit\Framework\TestSuite"&gt;TestSuite&lt;/abbr&gt;&lt;/span&gt;&lt;span class="trace-type"&gt;-&gt;&lt;/span&gt;&lt;span class="trace-method"&gt;run&lt;/span&gt;&lt;span class="trace-arguments"&gt;()&lt;/span&gt;    
                    &lt;span class="block trace-file-path"&gt;
            in
            &lt;a href=""&gt;
                C:\Users\eman\Documents\GitHub\car_dealer\vendor\phpunit\phpunit\src\Framework\&lt;strong&gt;TestSuite.php&lt;/strong&gt;
            &lt;/a&gt;
                        (line 678)
            &lt;span class="icon icon-copy hidden" data-clipboard-text="C:\Users\eman\Documents\GitHub\car_dealer\vendor\phpunit\phpunit\src\Framework\TestSuite.php:678"&gt;
                &lt;svg xmlns="http://www.w3.org/2000/svg" height="24" viewBox="0 0 24 24" width="24"&gt;&lt;path d="M0 0h24v24H0z" fill="none"/&gt;&lt;path d="M16 1H4c-1.1 0-2 .9-2 2v14h2V3h12V1zm3 4H8c-1.1 0-2 .9-2 2v14c0 1.1.9 2 2 2h11c1.1 0 2-.9 2-2V7c0-1.1-.9-2-2-2zm0 16H8V7h11v14z"/&gt;&lt;/svg&gt;            &lt;/span&gt;
        &lt;/span&gt;
    &lt;/div&gt;
    &lt;div id="trace-html-2-22" class="trace-code sf-toggle-content"&gt;
        &lt;ol start="673"&gt;&lt;li&gt;&lt;code&gt;&lt;span style="color: var(--highlight-keyword)"&gt;&amp;nbsp;&amp;nbsp;&amp;nbsp;&amp;nbsp;&amp;nbsp;&amp;nbsp;&amp;nbsp;&amp;nbsp;&amp;nbsp;&amp;nbsp;&amp;nbsp;&amp;nbsp;&amp;nbsp;&amp;nbsp;&amp;nbsp;&amp;nbsp;&lt;/span&gt;&lt;span style="color: var(--highlight-default)"&gt;$test&lt;/span&gt;&lt;span style="color: var(--highlight-keyword)"&gt;-&amp;gt;&lt;/span&gt;&lt;span style="color: var(--highlight-default)"&gt;setBackupGlobals&lt;/span&gt;&lt;span style="color: var(--highlight-keyword)"&gt;(&lt;/span&gt;&lt;span style="color: var(--highlight-default)"&gt;$this&lt;/span&gt;&lt;span style="color: var(--highlight-keyword)"&gt;-&amp;gt;&lt;/span&gt;&lt;span style="color: var(--highlight-default)"&gt;backupGlobals&lt;/span&gt;&lt;span style="color: var(--highlight-keyword)"&gt;);&lt;/span&gt;&lt;/code&gt;&lt;/li&gt;
&lt;li&gt;&lt;code&gt;&lt;span style="color: var(--highlight-keyword)"&gt;&amp;nbsp;&amp;nbsp;&amp;nbsp;&amp;nbsp;&amp;nbsp;&amp;nbsp;&amp;nbsp;&amp;nbsp;&amp;nbsp;&amp;nbsp;&amp;nbsp;&amp;nbsp;&amp;nbsp;&amp;nbsp;&amp;nbsp;&amp;nbsp;&lt;/span&gt;&lt;span style="color: var(--highlight-default)"&gt;$test&lt;/span&gt;&lt;span style="color: var(--highlight-keyword)"&gt;-&amp;gt;&lt;/span&gt;&lt;span style="color: var(--highlight-default)"&gt;setBackupStaticAttributes&lt;/span&gt;&lt;span style="color: var(--highlight-keyword)"&gt;(&lt;/span&gt;&lt;span style="color: var(--highlight-default)"&gt;$this&lt;/span&gt;&lt;span style="color: var(--highlight-keyword)"&gt;-&amp;gt;&lt;/span&gt;&lt;span style="color: var(--highlight-default)"&gt;backupStaticAttributes&lt;/span&gt;&lt;span style="color: var(--highlight-keyword)"&gt;);&lt;/span&gt;&lt;/code&gt;&lt;/li&gt;
&lt;li&gt;&lt;code&gt;&lt;span style="color: var(--highlight-keyword)"&gt;&amp;nbsp;&amp;nbsp;&amp;nbsp;&amp;nbsp;&amp;nbsp;&amp;nbsp;&amp;nbsp;&amp;nbsp;&amp;nbsp;&amp;nbsp;&amp;nbsp;&amp;nbsp;&amp;nbsp;&amp;nbsp;&amp;nbsp;&amp;nbsp;&lt;/span&gt;&lt;span style="color: var(--highlight-default)"&gt;$test&lt;/span&gt;&lt;span style="color: var(--highlight-keyword)"&gt;-&amp;gt;&lt;/span&gt;&lt;span style="color: var(--highlight-default)"&gt;setRunTestInSeparateProcess&lt;/span&gt;&lt;span style="color: var(--highlight-keyword)"&gt;(&lt;/span&gt;&lt;span style="color: var(--highlight-default)"&gt;$this&lt;/span&gt;&lt;span style="color: var(--highlight-keyword)"&gt;-&amp;gt;&lt;/span&gt;&lt;span style="color: var(--highlight-default)"&gt;runTestInSeparateProcess&lt;/span&gt;&lt;span style="color: var(--highlight-keyword)"&gt;);&lt;/span&gt;&lt;/code&gt;&lt;/li&gt;
&lt;li&gt;&lt;code&gt;&lt;span style="color: var(--highlight-keyword)"&gt;&amp;nbsp;&amp;nbsp;&amp;nbsp;&amp;nbsp;&amp;nbsp;&amp;nbsp;&amp;nbsp;&amp;nbsp;&amp;nbsp;&amp;nbsp;&amp;nbsp;&amp;nbsp;}&lt;/span&gt;&lt;/code&gt;&lt;/li&gt;
&lt;li&gt;&lt;code&gt;&lt;span style="color: var(--highlight-keyword)"&gt;&lt;/span&gt;&lt;/code&gt;&lt;/li&gt;
&lt;li class="selected"&gt;&lt;code&gt;&lt;span style="color: var(--highlight-keyword)"&gt;&amp;nbsp;&amp;nbsp;&amp;nbsp;&amp;nbsp;&amp;nbsp;&amp;nbsp;&amp;nbsp;&amp;nbsp;&amp;nbsp;&amp;nbsp;&amp;nbsp;&amp;nbsp;&lt;/span&gt;&lt;span style="color: var(--highlight-default)"&gt;$test&lt;/span&gt;&lt;span style="color: var(--highlight-keyword)"&gt;-&amp;gt;&lt;/span&gt;&lt;span style="color: var(--highlight-default)"&gt;run&lt;/span&gt;&lt;span style="color: var(--highlight-keyword)"&gt;(&lt;/span&gt;&lt;span style="color: var(--highlight-default)"&gt;$result&lt;/span&gt;&lt;span style="color: var(--highlight-keyword)"&gt;);&lt;/span&gt;&lt;/code&gt;&lt;/li&gt;
&lt;li&gt;&lt;code&gt;&lt;span style="color: var(--highlight-keyword)"&gt;&amp;nbsp;&amp;nbsp;&amp;nbsp;&amp;nbsp;&amp;nbsp;&amp;nbsp;&amp;nbsp;&amp;nbsp;}&lt;/span&gt;&lt;/code&gt;&lt;/li&gt;
&lt;li&gt;&lt;code&gt;&lt;span style="color: var(--highlight-keyword)"&gt;&lt;/span&gt;&lt;/code&gt;&lt;/li&gt;
&lt;li&gt;&lt;code&gt;&lt;span style="color: var(--highlight-keyword)"&gt;&amp;nbsp;&amp;nbsp;&amp;nbsp;&amp;nbsp;&amp;nbsp;&amp;nbsp;&amp;nbsp;&amp;nbsp;if&amp;nbsp;(&lt;/span&gt;&lt;span style="color: var(--highlight-default)"&gt;$this&lt;/span&gt;&lt;span style="color: var(--highlight-keyword)"&gt;-&amp;gt;&lt;/span&gt;&lt;span style="color: var(--highlight-default)"&gt;testCase&amp;nbsp;&lt;/span&gt;&lt;span style="color: var(--highlight-keyword)"&gt;&amp;amp;&amp;amp;&amp;nbsp;&lt;/span&gt;&lt;span style="color: var(--highlight-default)"&gt;class_exists&lt;/span&gt;&lt;span style="color: var(--highlight-keyword)"&gt;(&lt;/span&gt;&lt;span style="color: var(--highlight-default)"&gt;$this&lt;/span&gt;&lt;span style="color: var(--highlight-keyword)"&gt;-&amp;gt;&lt;/span&gt;&lt;span style="color: var(--highlight-default)"&gt;name&lt;/span&gt;&lt;span style="color: var(--highlight-keyword)"&gt;,&amp;nbsp;&lt;/span&gt;&lt;span style="color: var(--highlight-default)"&gt;false&lt;/span&gt;&lt;span style="color: var(--highlight-keyword)"&gt;))&amp;nbsp;{&lt;/span&gt;&lt;/code&gt;&lt;/li&gt;
&lt;li&gt;&lt;code&gt;&lt;span style="color: var(--highlight-keyword)"&gt;&amp;nbsp;&amp;nbsp;&amp;nbsp;&amp;nbsp;&amp;nbsp;&amp;nbsp;&amp;nbsp;&amp;nbsp;&amp;nbsp;&amp;nbsp;&amp;nbsp;&amp;nbsp;foreach&amp;nbsp;(&lt;/span&gt;&lt;span style="color: var(--highlight-default)"&gt;$hookMethods&lt;/span&gt;&lt;span style="color: var(--highlight-keyword)"&gt;[&lt;/span&gt;&lt;span style="color: var(--highlight-string)"&gt;'afterClass'&lt;/span&gt;&lt;span style="color: var(--highlight-keyword)"&gt;]&amp;nbsp;as&amp;nbsp;&lt;/span&gt;&lt;span style="color: var(--highlight-default)"&gt;$afterClassMethod&lt;/span&gt;&lt;span style="color: var(--highlight-keyword)"&gt;)&amp;nbsp;{&lt;/span&gt;&lt;/code&gt;&lt;/li&gt;
&lt;li&gt;&lt;code&gt;&lt;span style="color: var(--highlight-keyword)"&gt;&amp;nbsp;&amp;nbsp;&amp;nbsp;&amp;nbsp;&amp;nbsp;&amp;nbsp;&amp;nbsp;&amp;nbsp;&amp;nbsp;&amp;nbsp;&amp;nbsp;&amp;nbsp;&amp;nbsp;&amp;nbsp;&amp;nbsp;&amp;nbsp;if&amp;nbsp;(&lt;/span&gt;&lt;span style="color: var(--highlight-default)"&gt;method_exists&lt;/span&gt;&lt;span style="color: var(--highlight-keyword)"&gt;(&lt;/span&gt;&lt;span style="color: var(--highlight-default)"&gt;$this&lt;/span&gt;&lt;span style="color: var(--highlight-keyword)"&gt;-&amp;gt;&lt;/span&gt;&lt;span style="color: var(--highlight-default)"&gt;name&lt;/span&gt;&lt;span style="color: var(--highlight-keyword)"&gt;,&amp;nbsp;&lt;/span&gt;&lt;span style="color: var(--highlight-default)"&gt;$afterClassMethod&lt;/span&gt;&lt;span style="color: var(--highlight-keyword)"&gt;))&amp;nbsp;{&lt;/span&gt;&lt;/code&gt;&lt;/li&gt;&lt;/ol&gt;    &lt;/div&gt;            &lt;/div&gt;
                        &lt;div class="trace-line "&gt;
                &lt;div class="trace-line-header break-long-words sf-toggle" data-toggle-selector="#trace-html-2-23" data-toggle-initial=""&gt;
            &lt;span class="icon icon-close"&gt;&lt;svg width="1792" height="1792" viewBox="0 0 1792 1792" xmlns="http://www.w3.org/2000/svg"&gt;&lt;path d="M1408 960V832q0-26-19-45t-45-19H448q-26 0-45 19t-19 45v128q0 26 19 45t45 19h896q26 0 45-19t19-45zm256-544v960q0 119-84.5 203.5T1376 1664H416q-119 0-203.5-84.5T128 1376V416q0-119 84.5-203.5T416 128h960q119 0 203.5 84.5T1664 416z"/&gt;&lt;/svg&gt;&lt;/span&gt;
        &lt;span class="icon icon-open"&gt;&lt;svg width="1792" height="1792" viewBox="0 0 1792 1792" xmlns="http://www.w3.org/2000/svg"&gt;&lt;path d="M1408 960V832q0-26-19-45t-45-19h-320V448q0-26-19-45t-45-19H832q-26 0-45 19t-19 45v320H448q-26 0-45 19t-19 45v128q0 26 19 45t45 19h320v320q0 26 19 45t45 19h128q26 0 45-19t19-45v-320h320q26 0 45-19t19-45zm256-544v960q0 119-84.5 203.5T1376 1664H416q-119 0-203.5-84.5T128 1376V416q0-119 84.5-203.5T416 128h960q119 0 203.5 84.5T1664 416z"/&gt;&lt;/svg&gt;&lt;/span&gt;
    
            &lt;span class="trace-class"&gt;&lt;abbr title="PHPUnit\Framework\TestSuite"&gt;TestSuite&lt;/abbr&gt;&lt;/span&gt;&lt;span class="trace-type"&gt;-&gt;&lt;/span&gt;&lt;span class="trace-method"&gt;run&lt;/span&gt;&lt;span class="trace-arguments"&gt;()&lt;/span&gt;    
                    &lt;span class="block trace-file-path"&gt;
            in
            &lt;a href=""&gt;
                C:\Users\eman\Documents\GitHub\car_dealer\vendor\phpunit\phpunit\src\TextUI\&lt;strong&gt;TestRunner.php&lt;/strong&gt;
            &lt;/a&gt;
                        (line 670)
            &lt;span class="icon icon-copy hidden" data-clipboard-text="C:\Users\eman\Documents\GitHub\car_dealer\vendor\phpunit\phpunit\src\TextUI\TestRunner.php:670"&gt;
                &lt;svg xmlns="http://www.w3.org/2000/svg" height="24" viewBox="0 0 24 24" width="24"&gt;&lt;path d="M0 0h24v24H0z" fill="none"/&gt;&lt;path d="M16 1H4c-1.1 0-2 .9-2 2v14h2V3h12V1zm3 4H8c-1.1 0-2 .9-2 2v14c0 1.1.9 2 2 2h11c1.1 0 2-.9 2-2V7c0-1.1-.9-2-2-2zm0 16H8V7h11v14z"/&gt;&lt;/svg&gt;            &lt;/span&gt;
        &lt;/span&gt;
    &lt;/div&gt;
    &lt;div id="trace-html-2-23" class="trace-code sf-toggle-content"&gt;
        &lt;ol start="665"&gt;&lt;li&gt;&lt;code&gt;&lt;span style="color: var(--highlight-keyword)"&gt;&lt;/span&gt;&lt;/code&gt;&lt;/li&gt;
&lt;li&gt;&lt;code&gt;&lt;span style="color: var(--highlight-keyword)"&gt;&amp;nbsp;&amp;nbsp;&amp;nbsp;&amp;nbsp;&amp;nbsp;&amp;nbsp;&amp;nbsp;&amp;nbsp;if&amp;nbsp;(&lt;/span&gt;&lt;span style="color: var(--highlight-default)"&gt;$testSuiteWarningsPrinted&lt;/span&gt;&lt;span style="color: var(--highlight-keyword)"&gt;)&amp;nbsp;{&lt;/span&gt;&lt;/code&gt;&lt;/li&gt;
&lt;li&gt;&lt;code&gt;&lt;span style="color: var(--highlight-keyword)"&gt;&amp;nbsp;&amp;nbsp;&amp;nbsp;&amp;nbsp;&amp;nbsp;&amp;nbsp;&amp;nbsp;&amp;nbsp;&amp;nbsp;&amp;nbsp;&amp;nbsp;&amp;nbsp;&lt;/span&gt;&lt;span style="color: var(--highlight-default)"&gt;$this&lt;/span&gt;&lt;span style="color: var(--highlight-keyword)"&gt;-&amp;gt;&lt;/span&gt;&lt;span style="color: var(--highlight-default)"&gt;write&lt;/span&gt;&lt;span style="color: var(--highlight-keyword)"&gt;(&lt;/span&gt;&lt;span style="color: var(--highlight-default)"&gt;PHP_EOL&lt;/span&gt;&lt;span style="color: var(--highlight-keyword)"&gt;);&lt;/span&gt;&lt;/code&gt;&lt;/li&gt;
&lt;li&gt;&lt;code&gt;&lt;span style="color: var(--highlight-keyword)"&gt;&amp;nbsp;&amp;nbsp;&amp;nbsp;&amp;nbsp;&amp;nbsp;&amp;nbsp;&amp;nbsp;&amp;nbsp;}&lt;/span&gt;&lt;/code&gt;&lt;/li&gt;
&lt;li&gt;&lt;code&gt;&lt;span style="color: var(--highlight-keyword)"&gt;&lt;/span&gt;&lt;/code&gt;&lt;/li&gt;
&lt;li class="selected"&gt;&lt;code&gt;&lt;span style="color: var(--highlight-keyword)"&gt;&amp;nbsp;&amp;nbsp;&amp;nbsp;&amp;nbsp;&amp;nbsp;&amp;nbsp;&amp;nbsp;&amp;nbsp;&lt;/span&gt;&lt;span style="color: var(--highlight-default)"&gt;$suite&lt;/span&gt;&lt;span style="color: var(--highlight-keyword)"&gt;-&amp;gt;&lt;/span&gt;&lt;span style="color: var(--highlight-default)"&gt;run&lt;/span&gt;&lt;span style="color: var(--highlight-keyword)"&gt;(&lt;/span&gt;&lt;span style="color: var(--highlight-default)"&gt;$result&lt;/span&gt;&lt;span style="color: var(--highlight-keyword)"&gt;);&lt;/span&gt;&lt;/code&gt;&lt;/li&gt;
&lt;li&gt;&lt;code&gt;&lt;span style="color: var(--highlight-keyword)"&gt;&lt;/span&gt;&lt;/code&gt;&lt;/li&gt;
&lt;li&gt;&lt;code&gt;&lt;span style="color: var(--highlight-keyword)"&gt;&amp;nbsp;&amp;nbsp;&amp;nbsp;&amp;nbsp;&amp;nbsp;&amp;nbsp;&amp;nbsp;&amp;nbsp;foreach&amp;nbsp;(&lt;/span&gt;&lt;span style="color: var(--highlight-default)"&gt;$this&lt;/span&gt;&lt;span style="color: var(--highlight-keyword)"&gt;-&amp;gt;&lt;/span&gt;&lt;span style="color: var(--highlight-default)"&gt;extensions&amp;nbsp;&lt;/span&gt;&lt;span style="color: var(--highlight-keyword)"&gt;as&amp;nbsp;&lt;/span&gt;&lt;span style="color: var(--highlight-default)"&gt;$extension&lt;/span&gt;&lt;span style="color: var(--highlight-keyword)"&gt;)&amp;nbsp;{&lt;/span&gt;&lt;/code&gt;&lt;/li&gt;
&lt;li&gt;&lt;code&gt;&lt;span style="color: var(--highlight-keyword)"&gt;&amp;nbsp;&amp;nbsp;&amp;nbsp;&amp;nbsp;&amp;nbsp;&amp;nbsp;&amp;nbsp;&amp;nbsp;&amp;nbsp;&amp;nbsp;&amp;nbsp;&amp;nbsp;if&amp;nbsp;(&lt;/span&gt;&lt;span style="color: var(--highlight-default)"&gt;$extension&amp;nbsp;&lt;/span&gt;&lt;span style="color: var(--highlight-keyword)"&gt;instanceof&amp;nbsp;&lt;/span&gt;&lt;span style="color: var(--highlight-default)"&gt;AfterLastTestHook&lt;/span&gt;&lt;span style="color: var(--highlight-keyword)"&gt;)&amp;nbsp;{&lt;/span&gt;&lt;/code&gt;&lt;/li&gt;
&lt;li&gt;&lt;code&gt;&lt;span style="color: var(--highlight-keyword)"&gt;&amp;nbsp;&amp;nbsp;&amp;nbsp;&amp;nbsp;&amp;nbsp;&amp;nbsp;&amp;nbsp;&amp;nbsp;&amp;nbsp;&amp;nbsp;&amp;nbsp;&amp;nbsp;&amp;nbsp;&amp;nbsp;&amp;nbsp;&amp;nbsp;&lt;/span&gt;&lt;span style="color: var(--highlight-default)"&gt;$extension&lt;/span&gt;&lt;span style="color: var(--highlight-keyword)"&gt;-&amp;gt;&lt;/span&gt;&lt;span style="color: var(--highlight-default)"&gt;executeAfterLastTest&lt;/span&gt;&lt;span style="color: var(--highlight-keyword)"&gt;();&lt;/span&gt;&lt;/code&gt;&lt;/li&gt;
&lt;li&gt;&lt;code&gt;&lt;span style="color: var(--highlight-keyword)"&gt;&amp;nbsp;&amp;nbsp;&amp;nbsp;&amp;nbsp;&amp;nbsp;&amp;nbsp;&amp;nbsp;&amp;nbsp;&amp;nbsp;&amp;nbsp;&amp;nbsp;&amp;nbsp;}&lt;/span&gt;&lt;/code&gt;&lt;/li&gt;&lt;/ol&gt;    &lt;/div&gt;            &lt;/div&gt;
                        &lt;div class="trace-line "&gt;
                &lt;div class="trace-line-header break-long-words sf-toggle" data-toggle-selector="#trace-html-2-24" data-toggle-initial=""&gt;
            &lt;span class="icon icon-close"&gt;&lt;svg width="1792" height="1792" viewBox="0 0 1792 1792" xmlns="http://www.w3.org/2000/svg"&gt;&lt;path d="M1408 960V832q0-26-19-45t-45-19H448q-26 0-45 19t-19 45v128q0 26 19 45t45 19h896q26 0 45-19t19-45zm256-544v960q0 119-84.5 203.5T1376 1664H416q-119 0-203.5-84.5T128 1376V416q0-119 84.5-203.5T416 128h960q119 0 203.5 84.5T1664 416z"/&gt;&lt;/svg&gt;&lt;/span&gt;
        &lt;span class="icon icon-open"&gt;&lt;svg width="1792" height="1792" viewBox="0 0 1792 1792" xmlns="http://www.w3.org/2000/svg"&gt;&lt;path d="M1408 960V832q0-26-19-45t-45-19h-320V448q0-26-19-45t-45-19H832q-26 0-45 19t-19 45v320H448q-26 0-45 19t-19 45v128q0 26 19 45t45 19h320v320q0 26 19 45t45 19h128q26 0 45-19t19-45v-320h320q26 0 45-19t19-45zm256-544v960q0 119-84.5 203.5T1376 1664H416q-119 0-203.5-84.5T128 1376V416q0-119 84.5-203.5T416 128h960q119 0 203.5 84.5T1664 416z"/&gt;&lt;/svg&gt;&lt;/span&gt;
    
            &lt;span class="trace-class"&gt;&lt;abbr title="PHPUnit\TextUI\TestRunner"&gt;TestRunner&lt;/abbr&gt;&lt;/span&gt;&lt;span class="trace-type"&gt;-&gt;&lt;/span&gt;&lt;span class="trace-method"&gt;run&lt;/span&gt;&lt;span class="trace-arguments"&gt;()&lt;/span&gt;    
                    &lt;span class="block trace-file-path"&gt;
            in
            &lt;a href=""&gt;
                C:\Users\eman\Documents\GitHub\car_dealer\vendor\phpunit\phpunit\src\TextUI\&lt;strong&gt;Command.php&lt;/strong&gt;
            &lt;/a&gt;
                        (line 143)
            &lt;span class="icon icon-copy hidden" data-clipboard-text="C:\Users\eman\Documents\GitHub\car_dealer\vendor\phpunit\phpunit\src\TextUI\Command.php:143"&gt;
                &lt;svg xmlns="http://www.w3.org/2000/svg" height="24" viewBox="0 0 24 24" width="24"&gt;&lt;path d="M0 0h24v24H0z" fill="none"/&gt;&lt;path d="M16 1H4c-1.1 0-2 .9-2 2v14h2V3h12V1zm3 4H8c-1.1 0-2 .9-2 2v14c0 1.1.9 2 2 2h11c1.1 0 2-.9 2-2V7c0-1.1-.9-2-2-2zm0 16H8V7h11v14z"/&gt;&lt;/svg&gt;            &lt;/span&gt;
        &lt;/span&gt;
    &lt;/div&gt;
    &lt;div id="trace-html-2-24" class="trace-code sf-toggle-content"&gt;
        &lt;ol start="138"&gt;&lt;li&gt;&lt;code&gt;&lt;span style="color: var(--highlight-keyword)"&gt;&amp;nbsp;&amp;nbsp;&amp;nbsp;&amp;nbsp;&amp;nbsp;&amp;nbsp;&amp;nbsp;&amp;nbsp;}&lt;/span&gt;&lt;/code&gt;&lt;/li&gt;
&lt;li&gt;&lt;code&gt;&lt;span style="color: var(--highlight-keyword)"&gt;&lt;/span&gt;&lt;/code&gt;&lt;/li&gt;
&lt;li&gt;&lt;code&gt;&lt;span style="color: var(--highlight-keyword)"&gt;&amp;nbsp;&amp;nbsp;&amp;nbsp;&amp;nbsp;&amp;nbsp;&amp;nbsp;&amp;nbsp;&amp;nbsp;unset(&lt;/span&gt;&lt;span style="color: var(--highlight-default)"&gt;$this&lt;/span&gt;&lt;span style="color: var(--highlight-keyword)"&gt;-&amp;gt;&lt;/span&gt;&lt;span style="color: var(--highlight-default)"&gt;arguments&lt;/span&gt;&lt;span style="color: var(--highlight-keyword)"&gt;[&lt;/span&gt;&lt;span style="color: var(--highlight-string)"&gt;'test'&lt;/span&gt;&lt;span style="color: var(--highlight-keyword)"&gt;],&amp;nbsp;&lt;/span&gt;&lt;span style="color: var(--highlight-default)"&gt;$this&lt;/span&gt;&lt;span style="color: var(--highlight-keyword)"&gt;-&amp;gt;&lt;/span&gt;&lt;span style="color: var(--highlight-default)"&gt;arguments&lt;/span&gt;&lt;span style="color: var(--highlight-keyword)"&gt;[&lt;/span&gt;&lt;span style="color: var(--highlight-string)"&gt;'testFile'&lt;/span&gt;&lt;span style="color: var(--highlight-keyword)"&gt;]);&lt;/span&gt;&lt;/code&gt;&lt;/li&gt;
&lt;li&gt;&lt;code&gt;&lt;span style="color: var(--highlight-keyword)"&gt;&lt;/span&gt;&lt;/code&gt;&lt;/li&gt;
&lt;li&gt;&lt;code&gt;&lt;span style="color: var(--highlight-keyword)"&gt;&amp;nbsp;&amp;nbsp;&amp;nbsp;&amp;nbsp;&amp;nbsp;&amp;nbsp;&amp;nbsp;&amp;nbsp;try&amp;nbsp;{&lt;/span&gt;&lt;/code&gt;&lt;/li&gt;
&lt;li class="selected"&gt;&lt;code&gt;&lt;span style="color: var(--highlight-keyword)"&gt;&amp;nbsp;&amp;nbsp;&amp;nbsp;&amp;nbsp;&amp;nbsp;&amp;nbsp;&amp;nbsp;&amp;nbsp;&amp;nbsp;&amp;nbsp;&amp;nbsp;&amp;nbsp;&lt;/span&gt;&lt;span style="color: var(--highlight-default)"&gt;$result&amp;nbsp;&lt;/span&gt;&lt;span style="color: var(--highlight-keyword)"&gt;=&amp;nbsp;&lt;/span&gt;&lt;span style="color: var(--highlight-default)"&gt;$runner&lt;/span&gt;&lt;span style="color: var(--highlight-keyword)"&gt;-&amp;gt;&lt;/span&gt;&lt;span style="color: var(--highlight-default)"&gt;run&lt;/span&gt;&lt;span style="color: var(--highlight-keyword)"&gt;(&lt;/span&gt;&lt;span style="color: var(--highlight-default)"&gt;$suite&lt;/span&gt;&lt;span style="color: var(--highlight-keyword)"&gt;,&amp;nbsp;&lt;/span&gt;&lt;span style="color: var(--highlight-default)"&gt;$this&lt;/span&gt;&lt;span style="color: var(--highlight-keyword)"&gt;-&amp;gt;&lt;/span&gt;&lt;span style="color: var(--highlight-default)"&gt;arguments&lt;/span&gt;&lt;span style="color: var(--highlight-keyword)"&gt;,&amp;nbsp;&lt;/span&gt;&lt;span style="color: var(--highlight-default)"&gt;$this&lt;/span&gt;&lt;span style="color: var(--highlight-keyword)"&gt;-&amp;gt;&lt;/span&gt;&lt;span style="color: var(--highlight-default)"&gt;warnings&lt;/span&gt;&lt;span style="color: var(--highlight-keyword)"&gt;,&amp;nbsp;&lt;/span&gt;&lt;span style="color: var(--highlight-default)"&gt;$exit&lt;/span&gt;&lt;span style="color: var(--highlight-keyword)"&gt;);&lt;/span&gt;&lt;/code&gt;&lt;/li&gt;
&lt;li&gt;&lt;code&gt;&lt;span style="color: var(--highlight-keyword)"&gt;&amp;nbsp;&amp;nbsp;&amp;nbsp;&amp;nbsp;&amp;nbsp;&amp;nbsp;&amp;nbsp;&amp;nbsp;}&amp;nbsp;catch&amp;nbsp;(&lt;/span&gt;&lt;span style="color: var(--highlight-default)"&gt;Throwable&amp;nbsp;$t&lt;/span&gt;&lt;span style="color: var(--highlight-keyword)"&gt;)&amp;nbsp;{&lt;/span&gt;&lt;/code&gt;&lt;/li&gt;
&lt;li&gt;&lt;code&gt;&lt;span style="color: var(--highlight-keyword)"&gt;&amp;nbsp;&amp;nbsp;&amp;nbsp;&amp;nbsp;&amp;nbsp;&amp;nbsp;&amp;nbsp;&amp;nbsp;&amp;nbsp;&amp;nbsp;&amp;nbsp;&amp;nbsp;print&amp;nbsp;&lt;/span&gt;&lt;span style="color: var(--highlight-default)"&gt;$t&lt;/span&gt;&lt;span style="color: var(--highlight-keyword)"&gt;-&amp;gt;&lt;/span&gt;&lt;span style="color: var(--highlight-default)"&gt;getMessage&lt;/span&gt;&lt;span style="color: var(--highlight-keyword)"&gt;()&amp;nbsp;.&amp;nbsp;&lt;/span&gt;&lt;span style="color: var(--highlight-default)"&gt;PHP_EOL&lt;/span&gt;&lt;span style="color: var(--highlight-keyword)"&gt;;&lt;/span&gt;&lt;/code&gt;&lt;/li&gt;
&lt;li&gt;&lt;code&gt;&lt;span style="color: var(--highlight-keyword)"&gt;&amp;nbsp;&amp;nbsp;&amp;nbsp;&amp;nbsp;&amp;nbsp;&amp;nbsp;&amp;nbsp;&amp;nbsp;}&lt;/span&gt;&lt;/code&gt;&lt;/li&gt;
&lt;li&gt;&lt;code&gt;&lt;span style="color: var(--highlight-keyword)"&gt;&lt;/span&gt;&lt;/code&gt;&lt;/li&gt;
&lt;li&gt;&lt;code&gt;&lt;span style="color: var(--highlight-keyword)"&gt;&amp;nbsp;&amp;nbsp;&amp;nbsp;&amp;nbsp;&amp;nbsp;&amp;nbsp;&amp;nbsp;&amp;nbsp;&lt;/span&gt;&lt;span style="color: var(--highlight-default)"&gt;$return&amp;nbsp;&lt;/span&gt;&lt;span style="color: var(--highlight-keyword)"&gt;=&amp;nbsp;&lt;/span&gt;&lt;span style="color: var(--highlight-default)"&gt;TestRunner&lt;/span&gt;&lt;span style="color: var(--highlight-keyword)"&gt;::&lt;/span&gt;&lt;span style="color: var(--highlight-default)"&gt;FAILURE_EXIT&lt;/span&gt;&lt;span style="color: var(--highlight-keyword)"&gt;;&lt;/span&gt;&lt;/code&gt;&lt;/li&gt;&lt;/ol&gt;    &lt;/div&gt;            &lt;/div&gt;
                        &lt;div class="trace-line "&gt;
                &lt;div class="trace-line-header break-long-words sf-toggle" data-toggle-selector="#trace-html-2-25" data-toggle-initial=""&gt;
            &lt;span class="icon icon-close"&gt;&lt;svg width="1792" height="1792" viewBox="0 0 1792 1792" xmlns="http://www.w3.org/2000/svg"&gt;&lt;path d="M1408 960V832q0-26-19-45t-45-19H448q-26 0-45 19t-19 45v128q0 26 19 45t45 19h896q26 0 45-19t19-45zm256-544v960q0 119-84.5 203.5T1376 1664H416q-119 0-203.5-84.5T128 1376V416q0-119 84.5-203.5T416 128h960q119 0 203.5 84.5T1664 416z"/&gt;&lt;/svg&gt;&lt;/span&gt;
        &lt;span class="icon icon-open"&gt;&lt;svg width="1792" height="1792" viewBox="0 0 1792 1792" xmlns="http://www.w3.org/2000/svg"&gt;&lt;path d="M1408 960V832q0-26-19-45t-45-19h-320V448q0-26-19-45t-45-19H832q-26 0-45 19t-19 45v320H448q-26 0-45 19t-19 45v128q0 26 19 45t45 19h320v320q0 26 19 45t45 19h128q26 0 45-19t19-45v-320h320q26 0 45-19t19-45zm256-544v960q0 119-84.5 203.5T1376 1664H416q-119 0-203.5-84.5T128 1376V416q0-119 84.5-203.5T416 128h960q119 0 203.5 84.5T1664 416z"/&gt;&lt;/svg&gt;&lt;/span&gt;
    
            &lt;span class="trace-class"&gt;&lt;abbr title="PHPUnit\TextUI\Command"&gt;Command&lt;/abbr&gt;&lt;/span&gt;&lt;span class="trace-type"&gt;-&gt;&lt;/span&gt;&lt;span class="trace-method"&gt;run&lt;/span&gt;&lt;span class="trace-arguments"&gt;()&lt;/span&gt;    
                    &lt;span class="block trace-file-path"&gt;
            in
            &lt;a href=""&gt;
                C:\Users\eman\Documents\GitHub\car_dealer\vendor\phpunit\phpunit\src\TextUI\&lt;strong&gt;Command.php&lt;/strong&gt;
            &lt;/a&gt;
                        (line 96)
            &lt;span class="icon icon-copy hidden" data-clipboard-text="C:\Users\eman\Documents\GitHub\car_dealer\vendor\phpunit\phpunit\src\TextUI\Command.php:96"&gt;
                &lt;svg xmlns="http://www.w3.org/2000/svg" height="24" viewBox="0 0 24 24" width="24"&gt;&lt;path d="M0 0h24v24H0z" fill="none"/&gt;&lt;path d="M16 1H4c-1.1 0-2 .9-2 2v14h2V3h12V1zm3 4H8c-1.1 0-2 .9-2 2v14c0 1.1.9 2 2 2h11c1.1 0 2-.9 2-2V7c0-1.1-.9-2-2-2zm0 16H8V7h11v14z"/&gt;&lt;/svg&gt;            &lt;/span&gt;
        &lt;/span&gt;
    &lt;/div&gt;
    &lt;div id="trace-html-2-25" class="trace-code sf-toggle-content"&gt;
        &lt;ol start="91"&gt;&lt;li&gt;&lt;code&gt;&lt;span style="color: var(--highlight-comment)"&gt;&amp;nbsp;&amp;nbsp;&amp;nbsp;&amp;nbsp;&amp;nbsp;*&amp;nbsp;@throws&amp;nbsp;Exception&lt;/span&gt;&lt;/code&gt;&lt;/li&gt;
&lt;li&gt;&lt;code&gt;&lt;span style="color: var(--highlight-comment)"&gt;&amp;nbsp;&amp;nbsp;&amp;nbsp;&amp;nbsp;&amp;nbsp;*/&lt;/span&gt;&lt;/code&gt;&lt;/li&gt;
&lt;li&gt;&lt;code&gt;&lt;span style="color: var(--highlight-comment)"&gt;&amp;nbsp;&amp;nbsp;&amp;nbsp;&amp;nbsp;&lt;/span&gt;&lt;span style="color: var(--highlight-keyword)"&gt;public&amp;nbsp;static&amp;nbsp;function&amp;nbsp;&lt;/span&gt;&lt;span style="color: var(--highlight-default)"&gt;main&lt;/span&gt;&lt;span style="color: var(--highlight-keyword)"&gt;(&lt;/span&gt;&lt;span style="color: var(--highlight-default)"&gt;bool&amp;nbsp;$exit&amp;nbsp;&lt;/span&gt;&lt;span style="color: var(--highlight-keyword)"&gt;=&amp;nbsp;&lt;/span&gt;&lt;span style="color: var(--highlight-default)"&gt;true&lt;/span&gt;&lt;span style="color: var(--highlight-keyword)"&gt;):&amp;nbsp;&lt;/span&gt;&lt;span style="color: var(--highlight-default)"&gt;int&lt;/span&gt;&lt;/code&gt;&lt;/li&gt;
&lt;li&gt;&lt;code&gt;&lt;span style="color: var(--highlight-default)"&gt;&amp;nbsp;&amp;nbsp;&amp;nbsp;&amp;nbsp;&lt;/span&gt;&lt;span style="color: var(--highlight-keyword)"&gt;{&lt;/span&gt;&lt;/code&gt;&lt;/li&gt;
&lt;li&gt;&lt;code&gt;&lt;span style="color: var(--highlight-keyword)"&gt;&amp;nbsp;&amp;nbsp;&amp;nbsp;&amp;nbsp;&amp;nbsp;&amp;nbsp;&amp;nbsp;&amp;nbsp;try&amp;nbsp;{&lt;/span&gt;&lt;/code&gt;&lt;/li&gt;
&lt;li class="selected"&gt;&lt;code&gt;&lt;span style="color: var(--highlight-keyword)"&gt;&amp;nbsp;&amp;nbsp;&amp;nbsp;&amp;nbsp;&amp;nbsp;&amp;nbsp;&amp;nbsp;&amp;nbsp;&amp;nbsp;&amp;nbsp;&amp;nbsp;&amp;nbsp;return&amp;nbsp;(new&amp;nbsp;static)-&amp;gt;&lt;/span&gt;&lt;span style="color: var(--highlight-default)"&gt;run&lt;/span&gt;&lt;span style="color: var(--highlight-keyword)"&gt;(&lt;/span&gt;&lt;span style="color: var(--highlight-default)"&gt;$_SERVER&lt;/span&gt;&lt;span style="color: var(--highlight-keyword)"&gt;[&lt;/span&gt;&lt;span style="color: var(--highlight-string)"&gt;'argv'&lt;/span&gt;&lt;span style="color: var(--highlight-keyword)"&gt;],&amp;nbsp;&lt;/span&gt;&lt;span style="color: var(--highlight-default)"&gt;$exit&lt;/span&gt;&lt;span style="color: var(--highlight-keyword)"&gt;);&lt;/span&gt;&lt;/code&gt;&lt;/li&gt;
&lt;li&gt;&lt;code&gt;&lt;span style="color: var(--highlight-keyword)"&gt;&amp;nbsp;&amp;nbsp;&amp;nbsp;&amp;nbsp;&amp;nbsp;&amp;nbsp;&amp;nbsp;&amp;nbsp;}&amp;nbsp;catch&amp;nbsp;(&lt;/span&gt;&lt;span style="color: var(--highlight-default)"&gt;Throwable&amp;nbsp;$t&lt;/span&gt;&lt;span style="color: var(--highlight-keyword)"&gt;)&amp;nbsp;{&lt;/span&gt;&lt;/code&gt;&lt;/li&gt;
&lt;li&gt;&lt;code&gt;&lt;span style="color: var(--highlight-keyword)"&gt;&amp;nbsp;&amp;nbsp;&amp;nbsp;&amp;nbsp;&amp;nbsp;&amp;nbsp;&amp;nbsp;&amp;nbsp;&amp;nbsp;&amp;nbsp;&amp;nbsp;&amp;nbsp;throw&amp;nbsp;new&amp;nbsp;&lt;/span&gt;&lt;span style="color: var(--highlight-default)"&gt;RuntimeException&lt;/span&gt;&lt;span style="color: var(--highlight-keyword)"&gt;(&lt;/span&gt;&lt;/code&gt;&lt;/li&gt;
&lt;li&gt;&lt;code&gt;&lt;span style="color: var(--highlight-keyword)"&gt;&amp;nbsp;&amp;nbsp;&amp;nbsp;&amp;nbsp;&amp;nbsp;&amp;nbsp;&amp;nbsp;&amp;nbsp;&amp;nbsp;&amp;nbsp;&amp;nbsp;&amp;nbsp;&amp;nbsp;&amp;nbsp;&amp;nbsp;&amp;nbsp;&lt;/span&gt;&lt;span style="color: var(--highlight-default)"&gt;$t&lt;/span&gt;&lt;span style="color: var(--highlight-keyword)"&gt;-&amp;gt;&lt;/span&gt;&lt;span style="color: var(--highlight-default)"&gt;getMessage&lt;/span&gt;&lt;span style="color: var(--highlight-keyword)"&gt;(),&lt;/span&gt;&lt;/code&gt;&lt;/li&gt;
&lt;li&gt;&lt;code&gt;&lt;span style="color: var(--highlight-keyword)"&gt;&amp;nbsp;&amp;nbsp;&amp;nbsp;&amp;nbsp;&amp;nbsp;&amp;nbsp;&amp;nbsp;&amp;nbsp;&amp;nbsp;&amp;nbsp;&amp;nbsp;&amp;nbsp;&amp;nbsp;&amp;nbsp;&amp;nbsp;&amp;nbsp;(int)&amp;nbsp;&lt;/span&gt;&lt;span style="color: var(--highlight-default)"&gt;$t&lt;/span&gt;&lt;span style="color: var(--highlight-keyword)"&gt;-&amp;gt;&lt;/span&gt;&lt;span style="color: var(--highlight-default)"&gt;getCode&lt;/span&gt;&lt;span style="color: var(--highlight-keyword)"&gt;(),&lt;/span&gt;&lt;/code&gt;&lt;/li&gt;
&lt;li&gt;&lt;code&gt;&lt;span style="color: var(--highlight-keyword)"&gt;&amp;nbsp;&amp;nbsp;&amp;nbsp;&amp;nbsp;&amp;nbsp;&amp;nbsp;&amp;nbsp;&amp;nbsp;&amp;nbsp;&amp;nbsp;&amp;nbsp;&amp;nbsp;&amp;nbsp;&amp;nbsp;&amp;nbsp;&amp;nbsp;&lt;/span&gt;&lt;span style="color: var(--highlight-default)"&gt;$t&lt;/span&gt;&lt;/code&gt;&lt;/li&gt;&lt;/ol&gt;    &lt;/div&gt;            &lt;/div&gt;
                        &lt;div class="trace-line "&gt;
                &lt;div class="trace-line-header break-long-words sf-toggle" data-toggle-selector="#trace-html-2-26" data-toggle-initial=""&gt;
            &lt;span class="icon icon-close"&gt;&lt;svg width="1792" height="1792" viewBox="0 0 1792 1792" xmlns="http://www.w3.org/2000/svg"&gt;&lt;path d="M1408 960V832q0-26-19-45t-45-19H448q-26 0-45 19t-19 45v128q0 26 19 45t45 19h896q26 0 45-19t19-45zm256-544v960q0 119-84.5 203.5T1376 1664H416q-119 0-203.5-84.5T128 1376V416q0-119 84.5-203.5T416 128h960q119 0 203.5 84.5T1664 416z"/&gt;&lt;/svg&gt;&lt;/span&gt;
        &lt;span class="icon icon-open"&gt;&lt;svg width="1792" height="1792" viewBox="0 0 1792 1792" xmlns="http://www.w3.org/2000/svg"&gt;&lt;path d="M1408 960V832q0-26-19-45t-45-19h-320V448q0-26-19-45t-45-19H832q-26 0-45 19t-19 45v320H448q-26 0-45 19t-19 45v128q0 26 19 45t45 19h320v320q0 26 19 45t45 19h128q26 0 45-19t19-45v-320h320q26 0 45-19t19-45zm256-544v960q0 119-84.5 203.5T1376 1664H416q-119 0-203.5-84.5T128 1376V416q0-119 84.5-203.5T416 128h960q119 0 203.5 84.5T1664 416z"/&gt;&lt;/svg&gt;&lt;/span&gt;
    
            &lt;span class="trace-class"&gt;&lt;abbr title="PHPUnit\TextUI\Command"&gt;Command&lt;/abbr&gt;&lt;/span&gt;&lt;span class="trace-type"&gt;::&lt;/span&gt;&lt;span class="trace-method"&gt;main&lt;/span&gt;&lt;span class="trace-arguments"&gt;()&lt;/span&gt;    
                    &lt;span class="block trace-file-path"&gt;
            in
            &lt;a href=""&gt;
                C:\Users\eman\Documents\GitHub\car_dealer\bin\&lt;strong&gt;phpunit&lt;/strong&gt;
            &lt;/a&gt;
                        (line 11)
            &lt;span class="icon icon-copy hidden" data-clipboard-text="C:\Users\eman\Documents\GitHub\car_dealer\bin\phpunit:11"&gt;
                &lt;svg xmlns="http://www.w3.org/2000/svg" height="24" viewBox="0 0 24 24" width="24"&gt;&lt;path d="M0 0h24v24H0z" fill="none"/&gt;&lt;path d="M16 1H4c-1.1 0-2 .9-2 2v14h2V3h12V1zm3 4H8c-1.1 0-2 .9-2 2v14c0 1.1.9 2 2 2h11c1.1 0 2-.9 2-2V7c0-1.1-.9-2-2-2zm0 16H8V7h11v14z"/&gt;&lt;/svg&gt;            &lt;/span&gt;
        &lt;/span&gt;
    &lt;/div&gt;
    &lt;div id="trace-html-2-26" class="trace-code sf-toggle-content"&gt;
        &lt;ol start="6"&gt;&lt;li&gt;&lt;code&gt;&lt;span style="color: var(--highlight-keyword)"&gt;&lt;/span&gt;&lt;/code&gt;&lt;/li&gt;
&lt;li&gt;&lt;code&gt;&lt;span style="color: var(--highlight-keyword)"&gt;if&amp;nbsp;(&lt;/span&gt;&lt;span style="color: var(--highlight-default)"&gt;is_file&lt;/span&gt;&lt;span style="color: var(--highlight-keyword)"&gt;(&lt;/span&gt;&lt;span style="color: var(--highlight-default)"&gt;dirname&lt;/span&gt;&lt;span style="color: var(--highlight-keyword)"&gt;(&lt;/span&gt;&lt;span style="color: var(--highlight-default)"&gt;__DIR__&lt;/span&gt;&lt;span style="color: var(--highlight-keyword)"&gt;).&lt;/span&gt;&lt;span style="color: var(--highlight-string)"&gt;'/vendor/phpunit/phpunit/phpunit'&lt;/span&gt;&lt;span style="color: var(--highlight-keyword)"&gt;))&amp;nbsp;{&lt;/span&gt;&lt;/code&gt;&lt;/li&gt;
&lt;li&gt;&lt;code&gt;&lt;span style="color: var(--highlight-keyword)"&gt;&amp;nbsp;&amp;nbsp;&amp;nbsp;&amp;nbsp;&lt;/span&gt;&lt;span style="color: var(--highlight-default)"&gt;define&lt;/span&gt;&lt;span style="color: var(--highlight-keyword)"&gt;(&lt;/span&gt;&lt;span style="color: var(--highlight-string)"&gt;'PHPUNIT_COMPOSER_INSTALL'&lt;/span&gt;&lt;span style="color: var(--highlight-keyword)"&gt;,&amp;nbsp;&lt;/span&gt;&lt;span style="color: var(--highlight-default)"&gt;dirname&lt;/span&gt;&lt;span style="color: var(--highlight-keyword)"&gt;(&lt;/span&gt;&lt;span style="color: var(--highlight-default)"&gt;__DIR__&lt;/span&gt;&lt;span style="color: var(--highlight-keyword)"&gt;).&lt;/span&gt;&lt;span style="color: var(--highlight-string)"&gt;'/vendor/autoload.php'&lt;/span&gt;&lt;span style="color: var(--highlight-keyword)"&gt;);&lt;/span&gt;&lt;/code&gt;&lt;/li&gt;
&lt;li&gt;&lt;code&gt;&lt;span style="color: var(--highlight-keyword)"&gt;&amp;nbsp;&amp;nbsp;&amp;nbsp;&amp;nbsp;require&amp;nbsp;&lt;/span&gt;&lt;span style="color: var(--highlight-default)"&gt;PHPUNIT_COMPOSER_INSTALL&lt;/span&gt;&lt;span style="color: var(--highlight-keyword)"&gt;;&lt;/span&gt;&lt;/code&gt;&lt;/li&gt;
&lt;li&gt;&lt;code&gt;&lt;span style="color: var(--highlight-keyword)"&gt;&amp;nbsp;&amp;nbsp;&amp;nbsp;&amp;nbsp;&lt;/span&gt;&lt;span style="color: var(--highlight-default)"&gt;PHPUnit\TextUI\Command&lt;/span&gt;&lt;span style="color: var(--highlight-keyword)"&gt;::&lt;/span&gt;&lt;span style="color: var(--highlight-default)"&gt;main&lt;/span&gt;&lt;span style="color: var(--highlight-keyword)"&gt;();&lt;/span&gt;&lt;/code&gt;&lt;/li&gt;
&lt;li class="selected"&gt;&lt;code&gt;&lt;span style="color: var(--highlight-keyword)"&gt;}&amp;nbsp;else&amp;nbsp;{&lt;/span&gt;&lt;/code&gt;&lt;/li&gt;
&lt;li&gt;&lt;code&gt;&lt;span style="color: var(--highlight-keyword)"&gt;&amp;nbsp;&amp;nbsp;&amp;nbsp;&amp;nbsp;if&amp;nbsp;(!&lt;/span&gt;&lt;span style="color: var(--highlight-default)"&gt;is_file&lt;/span&gt;&lt;span style="color: var(--highlight-keyword)"&gt;(&lt;/span&gt;&lt;span style="color: var(--highlight-default)"&gt;dirname&lt;/span&gt;&lt;span style="color: var(--highlight-keyword)"&gt;(&lt;/span&gt;&lt;span style="color: var(--highlight-default)"&gt;__DIR__&lt;/span&gt;&lt;span style="color: var(--highlight-keyword)"&gt;).&lt;/span&gt;&lt;span style="color: var(--highlight-string)"&gt;'/vendor/symfony/phpunit-bridge/bin/simple-phpunit.php'&lt;/span&gt;&lt;span style="color: var(--highlight-keyword)"&gt;))&amp;nbsp;{&lt;/span&gt;&lt;/code&gt;&lt;/li&gt;
&lt;li&gt;&lt;code&gt;&lt;span style="color: var(--highlight-keyword)"&gt;&amp;nbsp;&amp;nbsp;&amp;nbsp;&amp;nbsp;&amp;nbsp;&amp;nbsp;&amp;nbsp;&amp;nbsp;echo&amp;nbsp;&lt;/span&gt;&lt;span style="color: var(--highlight-string)"&gt;"Unable&amp;nbsp;to&amp;nbsp;find&amp;nbsp;the&amp;nbsp;`simple-phpunit.php`&amp;nbsp;script&amp;nbsp;in&amp;nbsp;`vendor/symfony/phpunit-bridge/bin/`.\n"&lt;/span&gt;&lt;span style="color: var(--highlight-keyword)"&gt;;&lt;/span&gt;&lt;/code&gt;&lt;/li&gt;
&lt;li&gt;&lt;code&gt;&lt;span style="color: var(--highlight-keyword)"&gt;&amp;nbsp;&amp;nbsp;&amp;nbsp;&amp;nbsp;&amp;nbsp;&amp;nbsp;&amp;nbsp;&amp;nbsp;exit(&lt;/span&gt;&lt;span style="color: var(--highlight-default)"&gt;1&lt;/span&gt;&lt;span style="color: var(--highlight-keyword)"&gt;);&lt;/span&gt;&lt;/code&gt;&lt;/li&gt;
&lt;li&gt;&lt;code&gt;&lt;span style="color: var(--highlight-keyword)"&gt;&amp;nbsp;&amp;nbsp;&amp;nbsp;&amp;nbsp;}&lt;/span&gt;&lt;/code&gt;&lt;/li&gt;
&lt;li&gt;&lt;code&gt;&lt;span style="color: var(--highlight-keyword)"&gt;&lt;/span&gt;&lt;/code&gt;&lt;/li&gt;&lt;/ol&gt;    &lt;/div&gt;            &lt;/div&gt;
                    &lt;/div&gt;
    &lt;/div&gt;
&lt;/div&gt;&lt;div class="trace trace-as-html" id="trace-box-3"&gt;
    &lt;div class="trace-details"&gt;
        &lt;div class="trace-head"&gt;
            &lt;div class="sf-toggle" data-toggle-selector="#trace-html-3" data-toggle-initial=""&gt;
                &lt;span class="icon icon-close"&gt;&lt;svg width="1792" height="1792" viewBox="0 0 1792 1792" xmlns="http://www.w3.org/2000/svg"&gt;&lt;path d="M1344 800v64q0 14-9 23t-23 9H480q-14 0-23-9t-9-23v-64q0-14 9-23t23-9h832q14 0 23 9t9 23zm128 448V416q0-66-47-113t-113-47H480q-66 0-113 47t-47 113v832q0 66 47 113t113 47h832q66 0 113-47t47-113zm128-832v832q0 119-84.5 203.5T1312 1536H480q-119 0-203.5-84.5T192 1248V416q0-119 84.5-203.5T480 128h832q119 0 203.5 84.5T1600 416z"/&gt;&lt;/svg&gt;&lt;/span&gt;
                &lt;span class="icon icon-open"&gt;&lt;svg width="1792" height="1792" viewBox="0 0 1792 1792" xmlns="http://www.w3.org/2000/svg"&gt;&lt;path d="M1344 800v64q0 14-9 23t-23 9H960v352q0 14-9 23t-23 9h-64q-14 0-23-9t-9-23V896H480q-14 0-23-9t-9-23v-64q0-14 9-23t23-9h352V416q0-14 9-23t23-9h64q14 0 23 9t9 23v352h352q14 0 23 9t9 23zm128 448V416q0-66-47-113t-113-47H480q-66 0-113 47t-47 113v832q0 66 47 113t113 47h832q66 0 113-47t47-113zm128-832v832q0 119-84.5 203.5T1312 1536H480q-119 0-203.5-84.5T192 1248V416q0-119 84.5-203.5T480 128h832q119 0 203.5 84.5T1600 416z"/&gt;&lt;/svg&gt;&lt;/span&gt;
                                                    &lt;h3 class="trace-class"&gt;
                                                PDOException                    &lt;/h3&gt;
                                                    &lt;p class="break-long-words trace-message"&gt;SQLSTATE[HY000] [1049] Unknown database 'crud04_test'&lt;/p&gt;
                            &lt;/div&gt;
        &lt;/div&gt;

        &lt;div id="trace-html-3" class="sf-toggle-content"&gt;
                    &lt;div class="trace-line "&gt;
                &lt;div class="trace-line-header break-long-words sf-toggle" data-toggle-selector="#trace-html-3-0" data-toggle-initial="display"&gt;
            &lt;span class="icon icon-close"&gt;&lt;svg width="1792" height="1792" viewBox="0 0 1792 1792" xmlns="http://www.w3.org/2000/svg"&gt;&lt;path d="M1408 960V832q0-26-19-45t-45-19H448q-26 0-45 19t-19 45v128q0 26 19 45t45 19h896q26 0 45-19t19-45zm256-544v960q0 119-84.5 203.5T1376 1664H416q-119 0-203.5-84.5T128 1376V416q0-119 84.5-203.5T416 128h960q119 0 203.5 84.5T1664 416z"/&gt;&lt;/svg&gt;&lt;/span&gt;
        &lt;span class="icon icon-open"&gt;&lt;svg width="1792" height="1792" viewBox="0 0 1792 1792" xmlns="http://www.w3.org/2000/svg"&gt;&lt;path d="M1408 960V832q0-26-19-45t-45-19h-320V448q0-26-19-45t-45-19H832q-26 0-45 19t-19 45v320H448q-26 0-45 19t-19 45v128q0 26 19 45t45 19h320v320q0 26 19 45t45 19h128q26 0 45-19t19-45v-320h320q26 0 45-19t19-45zm256-544v960q0 119-84.5 203.5T1376 1664H416q-119 0-203.5-84.5T128 1376V416q0-119 84.5-203.5T416 128h960q119 0 203.5 84.5T1664 416z"/&gt;&lt;/svg&gt;&lt;/span&gt;
    
    
                    &lt;span class="block trace-file-path"&gt;
            in
            &lt;a href=""&gt;
                C:\Users\eman\Documents\GitHub\car_dealer\vendor\doctrine\dbal\src\Driver\PDO\MySQL\&lt;strong&gt;Driver.php&lt;/strong&gt;
            &lt;/a&gt;
                        (line 28)
            &lt;span class="icon icon-copy hidden" data-clipboard-text="C:\Users\eman\Documents\GitHub\car_dealer\vendor\doctrine\dbal\src\Driver\PDO\MySQL\Driver.php:28"&gt;
                &lt;svg xmlns="http://www.w3.org/2000/svg" height="24" viewBox="0 0 24 24" width="24"&gt;&lt;path d="M0 0h24v24H0z" fill="none"/&gt;&lt;path d="M16 1H4c-1.1 0-2 .9-2 2v14h2V3h12V1zm3 4H8c-1.1 0-2 .9-2 2v14c0 1.1.9 2 2 2h11c1.1 0 2-.9 2-2V7c0-1.1-.9-2-2-2zm0 16H8V7h11v14z"/&gt;&lt;/svg&gt;            &lt;/span&gt;
        &lt;/span&gt;
    &lt;/div&gt;
    &lt;div id="trace-html-3-0" class="trace-code sf-toggle-content"&gt;
        &lt;ol start="23"&gt;&lt;li&gt;&lt;code&gt;&lt;span style="color: var(--highlight-keyword)"&gt;&amp;nbsp;&amp;nbsp;&amp;nbsp;&amp;nbsp;&amp;nbsp;&amp;nbsp;&amp;nbsp;&amp;nbsp;&amp;nbsp;&amp;nbsp;&amp;nbsp;&amp;nbsp;&lt;/span&gt;&lt;span style="color: var(--highlight-default)"&gt;$driverOptions&lt;/span&gt;&lt;span style="color: var(--highlight-keyword)"&gt;[&lt;/span&gt;&lt;span style="color: var(--highlight-default)"&gt;PDO&lt;/span&gt;&lt;span style="color: var(--highlight-keyword)"&gt;::&lt;/span&gt;&lt;span style="color: var(--highlight-default)"&gt;ATTR_PERSISTENT&lt;/span&gt;&lt;span style="color: var(--highlight-keyword)"&gt;]&amp;nbsp;=&amp;nbsp;&lt;/span&gt;&lt;span style="color: var(--highlight-default)"&gt;true&lt;/span&gt;&lt;span style="color: var(--highlight-keyword)"&gt;;&lt;/span&gt;&lt;/code&gt;&lt;/li&gt;
&lt;li&gt;&lt;code&gt;&lt;span style="color: var(--highlight-keyword)"&gt;&amp;nbsp;&amp;nbsp;&amp;nbsp;&amp;nbsp;&amp;nbsp;&amp;nbsp;&amp;nbsp;&amp;nbsp;}&lt;/span&gt;&lt;/code&gt;&lt;/li&gt;
&lt;li&gt;&lt;code&gt;&lt;span style="color: var(--highlight-keyword)"&gt;&lt;/span&gt;&lt;/code&gt;&lt;/li&gt;
&lt;li&gt;&lt;code&gt;&lt;span style="color: var(--highlight-keyword)"&gt;&amp;nbsp;&amp;nbsp;&amp;nbsp;&amp;nbsp;&amp;nbsp;&amp;nbsp;&amp;nbsp;&amp;nbsp;try&amp;nbsp;{&lt;/span&gt;&lt;/code&gt;&lt;/li&gt;
&lt;li&gt;&lt;code&gt;&lt;span style="color: var(--highlight-keyword)"&gt;&amp;nbsp;&amp;nbsp;&amp;nbsp;&amp;nbsp;&amp;nbsp;&amp;nbsp;&amp;nbsp;&amp;nbsp;&amp;nbsp;&amp;nbsp;&amp;nbsp;&amp;nbsp;&lt;/span&gt;&lt;span style="color: var(--highlight-default)"&gt;$pdo&amp;nbsp;&lt;/span&gt;&lt;span style="color: var(--highlight-keyword)"&gt;=&amp;nbsp;new&amp;nbsp;&lt;/span&gt;&lt;span style="color: var(--highlight-default)"&gt;PDO&lt;/span&gt;&lt;span style="color: var(--highlight-keyword)"&gt;(&lt;/span&gt;&lt;/code&gt;&lt;/li&gt;
&lt;li class="selected"&gt;&lt;code&gt;&lt;span style="color: var(--highlight-keyword)"&gt;&amp;nbsp;&amp;nbsp;&amp;nbsp;&amp;nbsp;&amp;nbsp;&amp;nbsp;&amp;nbsp;&amp;nbsp;&amp;nbsp;&amp;nbsp;&amp;nbsp;&amp;nbsp;&amp;nbsp;&amp;nbsp;&amp;nbsp;&amp;nbsp;&lt;/span&gt;&lt;span style="color: var(--highlight-default)"&gt;$this&lt;/span&gt;&lt;span style="color: var(--highlight-keyword)"&gt;-&amp;gt;&lt;/span&gt;&lt;span style="color: var(--highlight-default)"&gt;constructPdoDsn&lt;/span&gt;&lt;span style="color: var(--highlight-keyword)"&gt;(&lt;/span&gt;&lt;span style="color: var(--highlight-default)"&gt;$params&lt;/span&gt;&lt;span style="color: var(--highlight-keyword)"&gt;),&lt;/span&gt;&lt;/code&gt;&lt;/li&gt;
&lt;li&gt;&lt;code&gt;&lt;span style="color: var(--highlight-keyword)"&gt;&amp;nbsp;&amp;nbsp;&amp;nbsp;&amp;nbsp;&amp;nbsp;&amp;nbsp;&amp;nbsp;&amp;nbsp;&amp;nbsp;&amp;nbsp;&amp;nbsp;&amp;nbsp;&amp;nbsp;&amp;nbsp;&amp;nbsp;&amp;nbsp;&lt;/span&gt;&lt;span style="color: var(--highlight-default)"&gt;$params&lt;/span&gt;&lt;span style="color: var(--highlight-keyword)"&gt;[&lt;/span&gt;&lt;span style="color: var(--highlight-string)"&gt;'user'&lt;/span&gt;&lt;span style="color: var(--highlight-keyword)"&gt;]&amp;nbsp;??&amp;nbsp;&lt;/span&gt;&lt;span style="color: var(--highlight-string)"&gt;''&lt;/span&gt;&lt;span style="color: var(--highlight-keyword)"&gt;,&lt;/span&gt;&lt;/code&gt;&lt;/li&gt;
&lt;li&gt;&lt;code&gt;&lt;span style="color: var(--highlight-keyword)"&gt;&amp;nbsp;&amp;nbsp;&amp;nbsp;&amp;nbsp;&amp;nbsp;&amp;nbsp;&amp;nbsp;&amp;nbsp;&amp;nbsp;&amp;nbsp;&amp;nbsp;&amp;nbsp;&amp;nbsp;&amp;nbsp;&amp;nbsp;&amp;nbsp;&lt;/span&gt;&lt;span style="color: var(--highlight-default)"&gt;$params&lt;/span&gt;&lt;span style="color: var(--highlight-keyword)"&gt;[&lt;/span&gt;&lt;span style="color: var(--highlight-string)"&gt;'password'&lt;/span&gt;&lt;span style="color: var(--highlight-keyword)"&gt;]&amp;nbsp;??&amp;nbsp;&lt;/span&gt;&lt;span style="color: var(--highlight-string)"&gt;''&lt;/span&gt;&lt;span style="color: var(--highlight-keyword)"&gt;,&lt;/span&gt;&lt;/code&gt;&lt;/li&gt;
&lt;li&gt;&lt;code&gt;&lt;span style="color: var(--highlight-keyword)"&gt;&amp;nbsp;&amp;nbsp;&amp;nbsp;&amp;nbsp;&amp;nbsp;&amp;nbsp;&amp;nbsp;&amp;nbsp;&amp;nbsp;&amp;nbsp;&amp;nbsp;&amp;nbsp;&amp;nbsp;&amp;nbsp;&amp;nbsp;&amp;nbsp;&lt;/span&gt;&lt;span style="color: var(--highlight-default)"&gt;$driverOptions&lt;/span&gt;&lt;/code&gt;&lt;/li&gt;
&lt;li&gt;&lt;code&gt;&lt;span style="color: var(--highlight-default)"&gt;&amp;nbsp;&amp;nbsp;&amp;nbsp;&amp;nbsp;&amp;nbsp;&amp;nbsp;&amp;nbsp;&amp;nbsp;&amp;nbsp;&amp;nbsp;&amp;nbsp;&amp;nbsp;&lt;/span&gt;&lt;span style="color: var(--highlight-keyword)"&gt;);&lt;/span&gt;&lt;/code&gt;&lt;/li&gt;
&lt;li&gt;&lt;code&gt;&lt;span style="color: var(--highlight-keyword)"&gt;&amp;nbsp;&amp;nbsp;&amp;nbsp;&amp;nbsp;&amp;nbsp;&amp;nbsp;&amp;nbsp;&amp;nbsp;}&amp;nbsp;catch&amp;nbsp;(&lt;/span&gt;&lt;span style="color: var(--highlight-default)"&gt;PDOException&amp;nbsp;$exception&lt;/span&gt;&lt;span style="color: var(--highlight-keyword)"&gt;)&amp;nbsp;{&lt;/span&gt;&lt;/code&gt;&lt;/li&gt;&lt;/ol&gt;    &lt;/div&gt;            &lt;/div&gt;
                        &lt;div class="trace-line "&gt;
                &lt;div class="trace-line-header break-long-words sf-toggle" data-toggle-selector="#trace-html-3-1" data-toggle-initial=""&gt;
            &lt;span class="icon icon-close"&gt;&lt;svg width="1792" height="1792" viewBox="0 0 1792 1792" xmlns="http://www.w3.org/2000/svg"&gt;&lt;path d="M1408 960V832q0-26-19-45t-45-19H448q-26 0-45 19t-19 45v128q0 26 19 45t45 19h896q26 0 45-19t19-45zm256-544v960q0 119-84.5 203.5T1376 1664H416q-119 0-203.5-84.5T128 1376V416q0-119 84.5-203.5T416 128h960q119 0 203.5 84.5T1664 416z"/&gt;&lt;/svg&gt;&lt;/span&gt;
        &lt;span class="icon icon-open"&gt;&lt;svg width="1792" height="1792" viewBox="0 0 1792 1792" xmlns="http://www.w3.org/2000/svg"&gt;&lt;path d="M1408 960V832q0-26-19-45t-45-19h-320V448q0-26-19-45t-45-19H832q-26 0-45 19t-19 45v320H448q-26 0-45 19t-19 45v128q0 26 19 45t45 19h320v320q0 26 19 45t45 19h128q26 0 45-19t19-45v-320h320q26 0 45-19t19-45zm256-544v960q0 119-84.5 203.5T1376 1664H416q-119 0-203.5-84.5T128 1376V416q0-119 84.5-203.5T416 128h960q119 0 203.5 84.5T1664 416z"/&gt;&lt;/svg&gt;&lt;/span&gt;
    
            &lt;span class="trace-class"&gt;&lt;abbr title="PDO"&gt;PDO&lt;/abbr&gt;&lt;/span&gt;&lt;span class="trace-type"&gt;-&gt;&lt;/span&gt;&lt;span class="trace-method"&gt;__construct&lt;/span&gt;&lt;span class="trace-arguments"&gt;()&lt;/span&gt;    
                    &lt;span class="block trace-file-path"&gt;
            in
            &lt;a href=""&gt;
                C:\Users\eman\Documents\GitHub\car_dealer\vendor\doctrine\dbal\src\Driver\PDO\MySQL\&lt;strong&gt;Driver.php&lt;/strong&gt;
            &lt;/a&gt;
                        (line 28)
            &lt;span class="icon icon-copy hidden" data-clipboard-text="C:\Users\eman\Documents\GitHub\car_dealer\vendor\doctrine\dbal\src\Driver\PDO\MySQL\Driver.php:28"&gt;
                &lt;svg xmlns="http://www.w3.org/2000/svg" height="24" viewBox="0 0 24 24" width="24"&gt;&lt;path d="M0 0h24v24H0z" fill="none"/&gt;&lt;path d="M16 1H4c-1.1 0-2 .9-2 2v14h2V3h12V1zm3 4H8c-1.1 0-2 .9-2 2v14c0 1.1.9 2 2 2h11c1.1 0 2-.9 2-2V7c0-1.1-.9-2-2-2zm0 16H8V7h11v14z"/&gt;&lt;/svg&gt;            &lt;/span&gt;
        &lt;/span&gt;
    &lt;/div&gt;
    &lt;div id="trace-html-3-1" class="trace-code sf-toggle-content"&gt;
        &lt;ol start="23"&gt;&lt;li&gt;&lt;code&gt;&lt;span style="color: var(--highlight-keyword)"&gt;&amp;nbsp;&amp;nbsp;&amp;nbsp;&amp;nbsp;&amp;nbsp;&amp;nbsp;&amp;nbsp;&amp;nbsp;&amp;nbsp;&amp;nbsp;&amp;nbsp;&amp;nbsp;&lt;/span&gt;&lt;span style="color: var(--highlight-default)"&gt;$driverOptions&lt;/span&gt;&lt;span style="color: var(--highlight-keyword)"&gt;[&lt;/span&gt;&lt;span style="color: var(--highlight-default)"&gt;PDO&lt;/span&gt;&lt;span style="color: var(--highlight-keyword)"&gt;::&lt;/span&gt;&lt;span style="color: var(--highlight-default)"&gt;ATTR_PERSISTENT&lt;/span&gt;&lt;span style="color: var(--highlight-keyword)"&gt;]&amp;nbsp;=&amp;nbsp;&lt;/span&gt;&lt;span style="color: var(--highlight-default)"&gt;true&lt;/span&gt;&lt;span style="color: var(--highlight-keyword)"&gt;;&lt;/span&gt;&lt;/code&gt;&lt;/li&gt;
&lt;li&gt;&lt;code&gt;&lt;span style="color: var(--highlight-keyword)"&gt;&amp;nbsp;&amp;nbsp;&amp;nbsp;&amp;nbsp;&amp;nbsp;&amp;nbsp;&amp;nbsp;&amp;nbsp;}&lt;/span&gt;&lt;/code&gt;&lt;/li&gt;
&lt;li&gt;&lt;code&gt;&lt;span style="color: var(--highlight-keyword)"&gt;&lt;/span&gt;&lt;/code&gt;&lt;/li&gt;
&lt;li&gt;&lt;code&gt;&lt;span style="color: var(--highlight-keyword)"&gt;&amp;nbsp;&amp;nbsp;&amp;nbsp;&amp;nbsp;&amp;nbsp;&amp;nbsp;&amp;nbsp;&amp;nbsp;try&amp;nbsp;{&lt;/span&gt;&lt;/code&gt;&lt;/li&gt;
&lt;li&gt;&lt;code&gt;&lt;span style="color: var(--highlight-keyword)"&gt;&amp;nbsp;&amp;nbsp;&amp;nbsp;&amp;nbsp;&amp;nbsp;&amp;nbsp;&amp;nbsp;&amp;nbsp;&amp;nbsp;&amp;nbsp;&amp;nbsp;&amp;nbsp;&lt;/span&gt;&lt;span style="color: var(--highlight-default)"&gt;$pdo&amp;nbsp;&lt;/span&gt;&lt;span style="color: var(--highlight-keyword)"&gt;=&amp;nbsp;new&amp;nbsp;&lt;/span&gt;&lt;span style="color: var(--highlight-default)"&gt;PDO&lt;/span&gt;&lt;span style="color: var(--highlight-keyword)"&gt;(&lt;/span&gt;&lt;/code&gt;&lt;/li&gt;
&lt;li class="selected"&gt;&lt;code&gt;&lt;span style="color: var(--highlight-keyword)"&gt;&amp;nbsp;&amp;nbsp;&amp;nbsp;&amp;nbsp;&amp;nbsp;&amp;nbsp;&amp;nbsp;&amp;nbsp;&amp;nbsp;&amp;nbsp;&amp;nbsp;&amp;nbsp;&amp;nbsp;&amp;nbsp;&amp;nbsp;&amp;nbsp;&lt;/span&gt;&lt;span style="color: var(--highlight-default)"&gt;$this&lt;/span&gt;&lt;span style="color: var(--highlight-keyword)"&gt;-&amp;gt;&lt;/span&gt;&lt;span style="color: var(--highlight-default)"&gt;constructPdoDsn&lt;/span&gt;&lt;span style="color: var(--highlight-keyword)"&gt;(&lt;/span&gt;&lt;span style="color: var(--highlight-default)"&gt;$params&lt;/span&gt;&lt;span style="color: var(--highlight-keyword)"&gt;),&lt;/span&gt;&lt;/code&gt;&lt;/li&gt;
&lt;li&gt;&lt;code&gt;&lt;span style="color: var(--highlight-keyword)"&gt;&amp;nbsp;&amp;nbsp;&amp;nbsp;&amp;nbsp;&amp;nbsp;&amp;nbsp;&amp;nbsp;&amp;nbsp;&amp;nbsp;&amp;nbsp;&amp;nbsp;&amp;nbsp;&amp;nbsp;&amp;nbsp;&amp;nbsp;&amp;nbsp;&lt;/span&gt;&lt;span style="color: var(--highlight-default)"&gt;$params&lt;/span&gt;&lt;span style="color: var(--highlight-keyword)"&gt;[&lt;/span&gt;&lt;span style="color: var(--highlight-string)"&gt;'user'&lt;/span&gt;&lt;span style="color: var(--highlight-keyword)"&gt;]&amp;nbsp;??&amp;nbsp;&lt;/span&gt;&lt;span style="color: var(--highlight-string)"&gt;''&lt;/span&gt;&lt;span style="color: var(--highlight-keyword)"&gt;,&lt;/span&gt;&lt;/code&gt;&lt;/li&gt;
&lt;li&gt;&lt;code&gt;&lt;span style="color: var(--highlight-keyword)"&gt;&amp;nbsp;&amp;nbsp;&amp;nbsp;&amp;nbsp;&amp;nbsp;&amp;nbsp;&amp;nbsp;&amp;nbsp;&amp;nbsp;&amp;nbsp;&amp;nbsp;&amp;nbsp;&amp;nbsp;&amp;nbsp;&amp;nbsp;&amp;nbsp;&lt;/span&gt;&lt;span style="color: var(--highlight-default)"&gt;$params&lt;/span&gt;&lt;span style="color: var(--highlight-keyword)"&gt;[&lt;/span&gt;&lt;span style="color: var(--highlight-string)"&gt;'password'&lt;/span&gt;&lt;span style="color: var(--highlight-keyword)"&gt;]&amp;nbsp;??&amp;nbsp;&lt;/span&gt;&lt;span style="color: var(--highlight-string)"&gt;''&lt;/span&gt;&lt;span style="color: var(--highlight-keyword)"&gt;,&lt;/span&gt;&lt;/code&gt;&lt;/li&gt;
&lt;li&gt;&lt;code&gt;&lt;span style="color: var(--highlight-keyword)"&gt;&amp;nbsp;&amp;nbsp;&amp;nbsp;&amp;nbsp;&amp;nbsp;&amp;nbsp;&amp;nbsp;&amp;nbsp;&amp;nbsp;&amp;nbsp;&amp;nbsp;&amp;nbsp;&amp;nbsp;&amp;nbsp;&amp;nbsp;&amp;nbsp;&lt;/span&gt;&lt;span style="color: var(--highlight-default)"&gt;$driverOptions&lt;/span&gt;&lt;/code&gt;&lt;/li&gt;
&lt;li&gt;&lt;code&gt;&lt;span style="color: var(--highlight-default)"&gt;&amp;nbsp;&amp;nbsp;&amp;nbsp;&amp;nbsp;&amp;nbsp;&amp;nbsp;&amp;nbsp;&amp;nbsp;&amp;nbsp;&amp;nbsp;&amp;nbsp;&amp;nbsp;&lt;/span&gt;&lt;span style="color: var(--highlight-keyword)"&gt;);&lt;/span&gt;&lt;/code&gt;&lt;/li&gt;
&lt;li&gt;&lt;code&gt;&lt;span style="color: var(--highlight-keyword)"&gt;&amp;nbsp;&amp;nbsp;&amp;nbsp;&amp;nbsp;&amp;nbsp;&amp;nbsp;&amp;nbsp;&amp;nbsp;}&amp;nbsp;catch&amp;nbsp;(&lt;/span&gt;&lt;span style="color: var(--highlight-default)"&gt;PDOException&amp;nbsp;$exception&lt;/span&gt;&lt;span style="color: var(--highlight-keyword)"&gt;)&amp;nbsp;{&lt;/span&gt;&lt;/code&gt;&lt;/li&gt;&lt;/ol&gt;    &lt;/div&gt;            &lt;/div&gt;
                        &lt;div class="trace-line "&gt;
                &lt;div class="trace-line-header break-long-words sf-toggle" data-toggle-selector="#trace-html-3-2" data-toggle-initial=""&gt;
            &lt;span class="icon icon-close"&gt;&lt;svg width="1792" height="1792" viewBox="0 0 1792 1792" xmlns="http://www.w3.org/2000/svg"&gt;&lt;path d="M1408 960V832q0-26-19-45t-45-19H448q-26 0-45 19t-19 45v128q0 26 19 45t45 19h896q26 0 45-19t19-45zm256-544v960q0 119-84.5 203.5T1376 1664H416q-119 0-203.5-84.5T128 1376V416q0-119 84.5-203.5T416 128h960q119 0 203.5 84.5T1664 416z"/&gt;&lt;/svg&gt;&lt;/span&gt;
        &lt;span class="icon icon-open"&gt;&lt;svg width="1792" height="1792" viewBox="0 0 1792 1792" xmlns="http://www.w3.org/2000/svg"&gt;&lt;path d="M1408 960V832q0-26-19-45t-45-19h-320V448q0-26-19-45t-45-19H832q-26 0-45 19t-19 45v320H448q-26 0-45 19t-19 45v128q0 26 19 45t45 19h320v320q0 26 19 45t45 19h128q26 0 45-19t19-45v-320h320q26 0 45-19t19-45zm256-544v960q0 119-84.5 203.5T1376 1664H416q-119 0-203.5-84.5T128 1376V416q0-119 84.5-203.5T416 128h960q119 0 203.5 84.5T1664 416z"/&gt;&lt;/svg&gt;&lt;/span&gt;
    
            &lt;span class="trace-class"&gt;&lt;abbr title="Doctrine\DBAL\Driver\PDO\MySQL\Driver"&gt;Driver&lt;/abbr&gt;&lt;/span&gt;&lt;span class="trace-type"&gt;-&gt;&lt;/span&gt;&lt;span class="trace-method"&gt;connect&lt;/span&gt;&lt;span class="trace-arguments"&gt;()&lt;/span&gt;    
                    &lt;span class="block trace-file-path"&gt;
            in
            &lt;a href=""&gt;
                C:\Users\eman\Documents\GitHub\car_dealer\vendor\doctrine\dbal\src\&lt;strong&gt;Connection.php&lt;/strong&gt;
            &lt;/a&gt;
                        (line 325)
            &lt;span class="icon icon-copy hidden" data-clipboard-text="C:\Users\eman\Documents\GitHub\car_dealer\vendor\doctrine\dbal\src\Connection.php:325"&gt;
                &lt;svg xmlns="http://www.w3.org/2000/svg" height="24" viewBox="0 0 24 24" width="24"&gt;&lt;path d="M0 0h24v24H0z" fill="none"/&gt;&lt;path d="M16 1H4c-1.1 0-2 .9-2 2v14h2V3h12V1zm3 4H8c-1.1 0-2 .9-2 2v14c0 1.1.9 2 2 2h11c1.1 0 2-.9 2-2V7c0-1.1-.9-2-2-2zm0 16H8V7h11v14z"/&gt;&lt;/svg&gt;            &lt;/span&gt;
        &lt;/span&gt;
    &lt;/div&gt;
    &lt;div id="trace-html-3-2" class="trace-code sf-toggle-content"&gt;
        &lt;ol start="320"&gt;&lt;li&gt;&lt;code&gt;&lt;span style="color: var(--highlight-keyword)"&gt;&amp;nbsp;&amp;nbsp;&amp;nbsp;&amp;nbsp;&amp;nbsp;&amp;nbsp;&amp;nbsp;&amp;nbsp;if&amp;nbsp;(&lt;/span&gt;&lt;span style="color: var(--highlight-default)"&gt;$this&lt;/span&gt;&lt;span style="color: var(--highlight-keyword)"&gt;-&amp;gt;&lt;/span&gt;&lt;span style="color: var(--highlight-default)"&gt;_conn&amp;nbsp;&lt;/span&gt;&lt;span style="color: var(--highlight-keyword)"&gt;!==&amp;nbsp;&lt;/span&gt;&lt;span style="color: var(--highlight-default)"&gt;null&lt;/span&gt;&lt;span style="color: var(--highlight-keyword)"&gt;)&amp;nbsp;{&lt;/span&gt;&lt;/code&gt;&lt;/li&gt;
&lt;li&gt;&lt;code&gt;&lt;span style="color: var(--highlight-keyword)"&gt;&amp;nbsp;&amp;nbsp;&amp;nbsp;&amp;nbsp;&amp;nbsp;&amp;nbsp;&amp;nbsp;&amp;nbsp;&amp;nbsp;&amp;nbsp;&amp;nbsp;&amp;nbsp;return&amp;nbsp;&lt;/span&gt;&lt;span style="color: var(--highlight-default)"&gt;false&lt;/span&gt;&lt;span style="color: var(--highlight-keyword)"&gt;;&lt;/span&gt;&lt;/code&gt;&lt;/li&gt;
&lt;li&gt;&lt;code&gt;&lt;span style="color: var(--highlight-keyword)"&gt;&amp;nbsp;&amp;nbsp;&amp;nbsp;&amp;nbsp;&amp;nbsp;&amp;nbsp;&amp;nbsp;&amp;nbsp;}&lt;/span&gt;&lt;/code&gt;&lt;/li&gt;
&lt;li&gt;&lt;code&gt;&lt;span style="color: var(--highlight-keyword)"&gt;&lt;/span&gt;&lt;/code&gt;&lt;/li&gt;
&lt;li&gt;&lt;code&gt;&lt;span style="color: var(--highlight-keyword)"&gt;&amp;nbsp;&amp;nbsp;&amp;nbsp;&amp;nbsp;&amp;nbsp;&amp;nbsp;&amp;nbsp;&amp;nbsp;try&amp;nbsp;{&lt;/span&gt;&lt;/code&gt;&lt;/li&gt;
&lt;li class="selected"&gt;&lt;code&gt;&lt;span style="color: var(--highlight-keyword)"&gt;&amp;nbsp;&amp;nbsp;&amp;nbsp;&amp;nbsp;&amp;nbsp;&amp;nbsp;&amp;nbsp;&amp;nbsp;&amp;nbsp;&amp;nbsp;&amp;nbsp;&amp;nbsp;&lt;/span&gt;&lt;span style="color: var(--highlight-default)"&gt;$this&lt;/span&gt;&lt;span style="color: var(--highlight-keyword)"&gt;-&amp;gt;&lt;/span&gt;&lt;span style="color: var(--highlight-default)"&gt;_conn&amp;nbsp;&lt;/span&gt;&lt;span style="color: var(--highlight-keyword)"&gt;=&amp;nbsp;&lt;/span&gt;&lt;span style="color: var(--highlight-default)"&gt;$this&lt;/span&gt;&lt;span style="color: var(--highlight-keyword)"&gt;-&amp;gt;&lt;/span&gt;&lt;span style="color: var(--highlight-default)"&gt;_driver&lt;/span&gt;&lt;span style="color: var(--highlight-keyword)"&gt;-&amp;gt;&lt;/span&gt;&lt;span style="color: var(--highlight-default)"&gt;connect&lt;/span&gt;&lt;span style="color: var(--highlight-keyword)"&gt;(&lt;/span&gt;&lt;span style="color: var(--highlight-default)"&gt;$this&lt;/span&gt;&lt;span style="color: var(--highlight-keyword)"&gt;-&amp;gt;&lt;/span&gt;&lt;span style="color: var(--highlight-default)"&gt;params&lt;/span&gt;&lt;span style="color: var(--highlight-keyword)"&gt;);&lt;/span&gt;&lt;/code&gt;&lt;/li&gt;
&lt;li&gt;&lt;code&gt;&lt;span style="color: var(--highlight-keyword)"&gt;&amp;nbsp;&amp;nbsp;&amp;nbsp;&amp;nbsp;&amp;nbsp;&amp;nbsp;&amp;nbsp;&amp;nbsp;}&amp;nbsp;catch&amp;nbsp;(&lt;/span&gt;&lt;span style="color: var(--highlight-default)"&gt;Driver\Exception&amp;nbsp;$e&lt;/span&gt;&lt;span style="color: var(--highlight-keyword)"&gt;)&amp;nbsp;{&lt;/span&gt;&lt;/code&gt;&lt;/li&gt;
&lt;li&gt;&lt;code&gt;&lt;span style="color: var(--highlight-keyword)"&gt;&amp;nbsp;&amp;nbsp;&amp;nbsp;&amp;nbsp;&amp;nbsp;&amp;nbsp;&amp;nbsp;&amp;nbsp;&amp;nbsp;&amp;nbsp;&amp;nbsp;&amp;nbsp;throw&amp;nbsp;&lt;/span&gt;&lt;span style="color: var(--highlight-default)"&gt;$this&lt;/span&gt;&lt;span style="color: var(--highlight-keyword)"&gt;-&amp;gt;&lt;/span&gt;&lt;span style="color: var(--highlight-default)"&gt;convertException&lt;/span&gt;&lt;span style="color: var(--highlight-keyword)"&gt;(&lt;/span&gt;&lt;span style="color: var(--highlight-default)"&gt;$e&lt;/span&gt;&lt;span style="color: var(--highlight-keyword)"&gt;);&lt;/span&gt;&lt;/code&gt;&lt;/li&gt;
&lt;li&gt;&lt;code&gt;&lt;span style="color: var(--highlight-keyword)"&gt;&amp;nbsp;&amp;nbsp;&amp;nbsp;&amp;nbsp;&amp;nbsp;&amp;nbsp;&amp;nbsp;&amp;nbsp;}&lt;/span&gt;&lt;/code&gt;&lt;/li&gt;
&lt;li&gt;&lt;code&gt;&lt;span style="color: var(--highlight-keyword)"&gt;&lt;/span&gt;&lt;/code&gt;&lt;/li&gt;
&lt;li&gt;&lt;code&gt;&lt;span style="color: var(--highlight-keyword)"&gt;&amp;nbsp;&amp;nbsp;&amp;nbsp;&amp;nbsp;&amp;nbsp;&amp;nbsp;&amp;nbsp;&amp;nbsp;if&amp;nbsp;(&lt;/span&gt;&lt;span style="color: var(--highlight-default)"&gt;$this&lt;/span&gt;&lt;span style="color: var(--highlight-keyword)"&gt;-&amp;gt;&lt;/span&gt;&lt;span style="color: var(--highlight-default)"&gt;autoCommit&amp;nbsp;&lt;/span&gt;&lt;span style="color: var(--highlight-keyword)"&gt;===&amp;nbsp;&lt;/span&gt;&lt;span style="color: var(--highlight-default)"&gt;false&lt;/span&gt;&lt;span style="color: var(--highlight-keyword)"&gt;)&amp;nbsp;{&lt;/span&gt;&lt;/code&gt;&lt;/li&gt;&lt;/ol&gt;    &lt;/div&gt;            &lt;/div&gt;
                        &lt;div class="trace-line "&gt;
                &lt;div class="trace-line-header break-long-words sf-toggle" data-toggle-selector="#trace-html-3-3" data-toggle-initial=""&gt;
            &lt;span class="icon icon-close"&gt;&lt;svg width="1792" height="1792" viewBox="0 0 1792 1792" xmlns="http://www.w3.org/2000/svg"&gt;&lt;path d="M1408 960V832q0-26-19-45t-45-19H448q-26 0-45 19t-19 45v128q0 26 19 45t45 19h896q26 0 45-19t19-45zm256-544v960q0 119-84.5 203.5T1376 1664H416q-119 0-203.5-84.5T128 1376V416q0-119 84.5-203.5T416 128h960q119 0 203.5 84.5T1664 416z"/&gt;&lt;/svg&gt;&lt;/span&gt;
        &lt;span class="icon icon-open"&gt;&lt;svg width="1792" height="1792" viewBox="0 0 1792 1792" xmlns="http://www.w3.org/2000/svg"&gt;&lt;path d="M1408 960V832q0-26-19-45t-45-19h-320V448q0-26-19-45t-45-19H832q-26 0-45 19t-19 45v320H448q-26 0-45 19t-19 45v128q0 26 19 45t45 19h320v320q0 26 19 45t45 19h128q26 0 45-19t19-45v-320h320q26 0 45-19t19-45zm256-544v960q0 119-84.5 203.5T1376 1664H416q-119 0-203.5-84.5T128 1376V416q0-119 84.5-203.5T416 128h960q119 0 203.5 84.5T1664 416z"/&gt;&lt;/svg&gt;&lt;/span&gt;
    
            &lt;span class="trace-class"&gt;&lt;abbr title="Doctrine\DBAL\Connection"&gt;Connection&lt;/abbr&gt;&lt;/span&gt;&lt;span class="trace-type"&gt;-&gt;&lt;/span&gt;&lt;span class="trace-method"&gt;connect&lt;/span&gt;&lt;span class="trace-arguments"&gt;()&lt;/span&gt;    
                    &lt;span class="block trace-file-path"&gt;
            in
            &lt;a href=""&gt;
                C:\Users\eman\Documents\GitHub\car_dealer\vendor\doctrine\dbal\src\&lt;strong&gt;Connection.php&lt;/strong&gt;
            &lt;/a&gt;
                        (line 1507)
            &lt;span class="icon icon-copy hidden" data-clipboard-text="C:\Users\eman\Documents\GitHub\car_dealer\vendor\doctrine\dbal\src\Connection.php:1507"&gt;
                &lt;svg xmlns="http://www.w3.org/2000/svg" height="24" viewBox="0 0 24 24" width="24"&gt;&lt;path d="M0 0h24v24H0z" fill="none"/&gt;&lt;path d="M16 1H4c-1.1 0-2 .9-2 2v14h2V3h12V1zm3 4H8c-1.1 0-2 .9-2 2v14c0 1.1.9 2 2 2h11c1.1 0 2-.9 2-2V7c0-1.1-.9-2-2-2zm0 16H8V7h11v14z"/&gt;&lt;/svg&gt;            &lt;/span&gt;
        &lt;/span&gt;
    &lt;/div&gt;
    &lt;div id="trace-html-3-3" class="trace-code sf-toggle-content"&gt;
        &lt;ol start="1502"&gt;&lt;li&gt;&lt;code&gt;&lt;span style="color: var(--highlight-comment)"&gt;&amp;nbsp;&amp;nbsp;&amp;nbsp;&amp;nbsp;&amp;nbsp;*&lt;/span&gt;&lt;/code&gt;&lt;/li&gt;
&lt;li&gt;&lt;code&gt;&lt;span style="color: var(--highlight-comment)"&gt;&amp;nbsp;&amp;nbsp;&amp;nbsp;&amp;nbsp;&amp;nbsp;*&amp;nbsp;@throws&amp;nbsp;Exception&lt;/span&gt;&lt;/code&gt;&lt;/li&gt;
&lt;li&gt;&lt;code&gt;&lt;span style="color: var(--highlight-comment)"&gt;&amp;nbsp;&amp;nbsp;&amp;nbsp;&amp;nbsp;&amp;nbsp;*/&lt;/span&gt;&lt;/code&gt;&lt;/li&gt;
&lt;li&gt;&lt;code&gt;&lt;span style="color: var(--highlight-comment)"&gt;&amp;nbsp;&amp;nbsp;&amp;nbsp;&amp;nbsp;&lt;/span&gt;&lt;span style="color: var(--highlight-keyword)"&gt;public&amp;nbsp;function&amp;nbsp;&lt;/span&gt;&lt;span style="color: var(--highlight-default)"&gt;getWrappedConnection&lt;/span&gt;&lt;span style="color: var(--highlight-keyword)"&gt;()&lt;/span&gt;&lt;/code&gt;&lt;/li&gt;
&lt;li&gt;&lt;code&gt;&lt;span style="color: var(--highlight-keyword)"&gt;&amp;nbsp;&amp;nbsp;&amp;nbsp;&amp;nbsp;{&lt;/span&gt;&lt;/code&gt;&lt;/li&gt;
&lt;li class="selected"&gt;&lt;code&gt;&lt;span style="color: var(--highlight-keyword)"&gt;&amp;nbsp;&amp;nbsp;&amp;nbsp;&amp;nbsp;&amp;nbsp;&amp;nbsp;&amp;nbsp;&amp;nbsp;&lt;/span&gt;&lt;span style="color: var(--highlight-default)"&gt;$this&lt;/span&gt;&lt;span style="color: var(--highlight-keyword)"&gt;-&amp;gt;&lt;/span&gt;&lt;span style="color: var(--highlight-default)"&gt;connect&lt;/span&gt;&lt;span style="color: var(--highlight-keyword)"&gt;();&lt;/span&gt;&lt;/code&gt;&lt;/li&gt;
&lt;li&gt;&lt;code&gt;&lt;span style="color: var(--highlight-keyword)"&gt;&lt;/span&gt;&lt;/code&gt;&lt;/li&gt;
&lt;li&gt;&lt;code&gt;&lt;span style="color: var(--highlight-keyword)"&gt;&amp;nbsp;&amp;nbsp;&amp;nbsp;&amp;nbsp;&amp;nbsp;&amp;nbsp;&amp;nbsp;&amp;nbsp;&lt;/span&gt;&lt;span style="color: var(--highlight-default)"&gt;assert&lt;/span&gt;&lt;span style="color: var(--highlight-keyword)"&gt;(&lt;/span&gt;&lt;span style="color: var(--highlight-default)"&gt;$this&lt;/span&gt;&lt;span style="color: var(--highlight-keyword)"&gt;-&amp;gt;&lt;/span&gt;&lt;span style="color: var(--highlight-default)"&gt;_conn&amp;nbsp;&lt;/span&gt;&lt;span style="color: var(--highlight-keyword)"&gt;!==&amp;nbsp;&lt;/span&gt;&lt;span style="color: var(--highlight-default)"&gt;null&lt;/span&gt;&lt;span style="color: var(--highlight-keyword)"&gt;);&lt;/span&gt;&lt;/code&gt;&lt;/li&gt;
&lt;li&gt;&lt;code&gt;&lt;span style="color: var(--highlight-keyword)"&gt;&lt;/span&gt;&lt;/code&gt;&lt;/li&gt;
&lt;li&gt;&lt;code&gt;&lt;span style="color: var(--highlight-keyword)"&gt;&amp;nbsp;&amp;nbsp;&amp;nbsp;&amp;nbsp;&amp;nbsp;&amp;nbsp;&amp;nbsp;&amp;nbsp;return&amp;nbsp;&lt;/span&gt;&lt;span style="color: var(--highlight-default)"&gt;$this&lt;/span&gt;&lt;span style="color: var(--highlight-keyword)"&gt;-&amp;gt;&lt;/span&gt;&lt;span style="color: var(--highlight-default)"&gt;_conn&lt;/span&gt;&lt;span style="color: var(--highlight-keyword)"&gt;;&lt;/span&gt;&lt;/code&gt;&lt;/li&gt;
&lt;li&gt;&lt;code&gt;&lt;span style="color: var(--highlight-keyword)"&gt;&amp;nbsp;&amp;nbsp;&amp;nbsp;&amp;nbsp;}&lt;/span&gt;&lt;/code&gt;&lt;/li&gt;&lt;/ol&gt;    &lt;/div&gt;            &lt;/div&gt;
                        &lt;div class="trace-line "&gt;
                &lt;div class="trace-line-header break-long-words sf-toggle" data-toggle-selector="#trace-html-3-4" data-toggle-initial=""&gt;
            &lt;span class="icon icon-close"&gt;&lt;svg width="1792" height="1792" viewBox="0 0 1792 1792" xmlns="http://www.w3.org/2000/svg"&gt;&lt;path d="M1408 960V832q0-26-19-45t-45-19H448q-26 0-45 19t-19 45v128q0 26 19 45t45 19h896q26 0 45-19t19-45zm256-544v960q0 119-84.5 203.5T1376 1664H416q-119 0-203.5-84.5T128 1376V416q0-119 84.5-203.5T416 128h960q119 0 203.5 84.5T1664 416z"/&gt;&lt;/svg&gt;&lt;/span&gt;
        &lt;span class="icon icon-open"&gt;&lt;svg width="1792" height="1792" viewBox="0 0 1792 1792" xmlns="http://www.w3.org/2000/svg"&gt;&lt;path d="M1408 960V832q0-26-19-45t-45-19h-320V448q0-26-19-45t-45-19H832q-26 0-45 19t-19 45v320H448q-26 0-45 19t-19 45v128q0 26 19 45t45 19h320v320q0 26 19 45t45 19h128q26 0 45-19t19-45v-320h320q26 0 45-19t19-45zm256-544v960q0 119-84.5 203.5T1376 1664H416q-119 0-203.5-84.5T128 1376V416q0-119 84.5-203.5T416 128h960q119 0 203.5 84.5T1664 416z"/&gt;&lt;/svg&gt;&lt;/span&gt;
    
            &lt;span class="trace-class"&gt;&lt;abbr title="Doctrine\DBAL\Connection"&gt;Connection&lt;/abbr&gt;&lt;/span&gt;&lt;span class="trace-type"&gt;-&gt;&lt;/span&gt;&lt;span class="trace-method"&gt;getWrappedConnection&lt;/span&gt;&lt;span class="trace-arguments"&gt;()&lt;/span&gt;    
                    &lt;span class="block trace-file-path"&gt;
            in
            &lt;a href=""&gt;
                C:\Users\eman\Documents\GitHub\car_dealer\vendor\doctrine\dbal\src\&lt;strong&gt;Connection.php&lt;/strong&gt;
            &lt;/a&gt;
                        (line 1013)
            &lt;span class="icon icon-copy hidden" data-clipboard-text="C:\Users\eman\Documents\GitHub\car_dealer\vendor\doctrine\dbal\src\Connection.php:1013"&gt;
                &lt;svg xmlns="http://www.w3.org/2000/svg" height="24" viewBox="0 0 24 24" width="24"&gt;&lt;path d="M0 0h24v24H0z" fill="none"/&gt;&lt;path d="M16 1H4c-1.1 0-2 .9-2 2v14h2V3h12V1zm3 4H8c-1.1 0-2 .9-2 2v14c0 1.1.9 2 2 2h11c1.1 0 2-.9 2-2V7c0-1.1-.9-2-2-2zm0 16H8V7h11v14z"/&gt;&lt;/svg&gt;            &lt;/span&gt;
        &lt;/span&gt;
    &lt;/div&gt;
    &lt;div id="trace-html-3-4" class="trace-code sf-toggle-content"&gt;
        &lt;ol start="1008"&gt;&lt;li&gt;&lt;code&gt;&lt;span style="color: var(--highlight-default)"&gt;&amp;nbsp;&amp;nbsp;&amp;nbsp;&amp;nbsp;&lt;/span&gt;&lt;span style="color: var(--highlight-keyword)"&gt;):&amp;nbsp;&lt;/span&gt;&lt;span style="color: var(--highlight-default)"&gt;Result&amp;nbsp;&lt;/span&gt;&lt;span style="color: var(--highlight-keyword)"&gt;{&lt;/span&gt;&lt;/code&gt;&lt;/li&gt;
&lt;li&gt;&lt;code&gt;&lt;span style="color: var(--highlight-keyword)"&gt;&amp;nbsp;&amp;nbsp;&amp;nbsp;&amp;nbsp;&amp;nbsp;&amp;nbsp;&amp;nbsp;&amp;nbsp;if&amp;nbsp;(&lt;/span&gt;&lt;span style="color: var(--highlight-default)"&gt;$qcp&amp;nbsp;&lt;/span&gt;&lt;span style="color: var(--highlight-keyword)"&gt;!==&amp;nbsp;&lt;/span&gt;&lt;span style="color: var(--highlight-default)"&gt;null&lt;/span&gt;&lt;span style="color: var(--highlight-keyword)"&gt;)&amp;nbsp;{&lt;/span&gt;&lt;/code&gt;&lt;/li&gt;
&lt;li&gt;&lt;code&gt;&lt;span style="color: var(--highlight-keyword)"&gt;&amp;nbsp;&amp;nbsp;&amp;nbsp;&amp;nbsp;&amp;nbsp;&amp;nbsp;&amp;nbsp;&amp;nbsp;&amp;nbsp;&amp;nbsp;&amp;nbsp;&amp;nbsp;return&amp;nbsp;&lt;/span&gt;&lt;span style="color: var(--highlight-default)"&gt;$this&lt;/span&gt;&lt;span style="color: var(--highlight-keyword)"&gt;-&amp;gt;&lt;/span&gt;&lt;span style="color: var(--highlight-default)"&gt;executeCacheQuery&lt;/span&gt;&lt;span style="color: var(--highlight-keyword)"&gt;(&lt;/span&gt;&lt;span style="color: var(--highlight-default)"&gt;$sql&lt;/span&gt;&lt;span style="color: var(--highlight-keyword)"&gt;,&amp;nbsp;&lt;/span&gt;&lt;span style="color: var(--highlight-default)"&gt;$params&lt;/span&gt;&lt;span style="color: var(--highlight-keyword)"&gt;,&amp;nbsp;&lt;/span&gt;&lt;span style="color: var(--highlight-default)"&gt;$types&lt;/span&gt;&lt;span style="color: var(--highlight-keyword)"&gt;,&amp;nbsp;&lt;/span&gt;&lt;span style="color: var(--highlight-default)"&gt;$qcp&lt;/span&gt;&lt;span style="color: var(--highlight-keyword)"&gt;);&lt;/span&gt;&lt;/code&gt;&lt;/li&gt;
&lt;li&gt;&lt;code&gt;&lt;span style="color: var(--highlight-keyword)"&gt;&amp;nbsp;&amp;nbsp;&amp;nbsp;&amp;nbsp;&amp;nbsp;&amp;nbsp;&amp;nbsp;&amp;nbsp;}&lt;/span&gt;&lt;/code&gt;&lt;/li&gt;
&lt;li&gt;&lt;code&gt;&lt;span style="color: var(--highlight-keyword)"&gt;&lt;/span&gt;&lt;/code&gt;&lt;/li&gt;
&lt;li class="selected"&gt;&lt;code&gt;&lt;span style="color: var(--highlight-keyword)"&gt;&amp;nbsp;&amp;nbsp;&amp;nbsp;&amp;nbsp;&amp;nbsp;&amp;nbsp;&amp;nbsp;&amp;nbsp;&lt;/span&gt;&lt;span style="color: var(--highlight-default)"&gt;$connection&amp;nbsp;&lt;/span&gt;&lt;span style="color: var(--highlight-keyword)"&gt;=&amp;nbsp;&lt;/span&gt;&lt;span style="color: var(--highlight-default)"&gt;$this&lt;/span&gt;&lt;span style="color: var(--highlight-keyword)"&gt;-&amp;gt;&lt;/span&gt;&lt;span style="color: var(--highlight-default)"&gt;getWrappedConnection&lt;/span&gt;&lt;span style="color: var(--highlight-keyword)"&gt;();&lt;/span&gt;&lt;/code&gt;&lt;/li&gt;
&lt;li&gt;&lt;code&gt;&lt;span style="color: var(--highlight-keyword)"&gt;&lt;/span&gt;&lt;/code&gt;&lt;/li&gt;
&lt;li&gt;&lt;code&gt;&lt;span style="color: var(--highlight-keyword)"&gt;&amp;nbsp;&amp;nbsp;&amp;nbsp;&amp;nbsp;&amp;nbsp;&amp;nbsp;&amp;nbsp;&amp;nbsp;&lt;/span&gt;&lt;span style="color: var(--highlight-default)"&gt;$logger&amp;nbsp;&lt;/span&gt;&lt;span style="color: var(--highlight-keyword)"&gt;=&amp;nbsp;&lt;/span&gt;&lt;span style="color: var(--highlight-default)"&gt;$this&lt;/span&gt;&lt;span style="color: var(--highlight-keyword)"&gt;-&amp;gt;&lt;/span&gt;&lt;span style="color: var(--highlight-default)"&gt;_config&lt;/span&gt;&lt;span style="color: var(--highlight-keyword)"&gt;-&amp;gt;&lt;/span&gt;&lt;span style="color: var(--highlight-default)"&gt;getSQLLogger&lt;/span&gt;&lt;span style="color: var(--highlight-keyword)"&gt;();&lt;/span&gt;&lt;/code&gt;&lt;/li&gt;
&lt;li&gt;&lt;code&gt;&lt;span style="color: var(--highlight-keyword)"&gt;&amp;nbsp;&amp;nbsp;&amp;nbsp;&amp;nbsp;&amp;nbsp;&amp;nbsp;&amp;nbsp;&amp;nbsp;if&amp;nbsp;(&lt;/span&gt;&lt;span style="color: var(--highlight-default)"&gt;$logger&amp;nbsp;&lt;/span&gt;&lt;span style="color: var(--highlight-keyword)"&gt;!==&amp;nbsp;&lt;/span&gt;&lt;span style="color: var(--highlight-default)"&gt;null&lt;/span&gt;&lt;span style="color: var(--highlight-keyword)"&gt;)&amp;nbsp;{&lt;/span&gt;&lt;/code&gt;&lt;/li&gt;
&lt;li&gt;&lt;code&gt;&lt;span style="color: var(--highlight-keyword)"&gt;&amp;nbsp;&amp;nbsp;&amp;nbsp;&amp;nbsp;&amp;nbsp;&amp;nbsp;&amp;nbsp;&amp;nbsp;&amp;nbsp;&amp;nbsp;&amp;nbsp;&amp;nbsp;&lt;/span&gt;&lt;span style="color: var(--highlight-default)"&gt;$logger&lt;/span&gt;&lt;span style="color: var(--highlight-keyword)"&gt;-&amp;gt;&lt;/span&gt;&lt;span style="color: var(--highlight-default)"&gt;startQuery&lt;/span&gt;&lt;span style="color: var(--highlight-keyword)"&gt;(&lt;/span&gt;&lt;span style="color: var(--highlight-default)"&gt;$sql&lt;/span&gt;&lt;span style="color: var(--highlight-keyword)"&gt;,&amp;nbsp;&lt;/span&gt;&lt;span style="color: var(--highlight-default)"&gt;$params&lt;/span&gt;&lt;span style="color: var(--highlight-keyword)"&gt;,&amp;nbsp;&lt;/span&gt;&lt;span style="color: var(--highlight-default)"&gt;$types&lt;/span&gt;&lt;span style="color: var(--highlight-keyword)"&gt;);&lt;/span&gt;&lt;/code&gt;&lt;/li&gt;
&lt;li&gt;&lt;code&gt;&lt;span style="color: var(--highlight-keyword)"&gt;&amp;nbsp;&amp;nbsp;&amp;nbsp;&amp;nbsp;&amp;nbsp;&amp;nbsp;&amp;nbsp;&amp;nbsp;}&lt;/span&gt;&lt;/code&gt;&lt;/li&gt;&lt;/ol&gt;    &lt;/div&gt;            &lt;/div&gt;
                        &lt;div class="trace-line "&gt;
                &lt;div class="trace-line-header break-long-words sf-toggle" data-toggle-selector="#trace-html-3-5" data-toggle-initial=""&gt;
            &lt;span class="icon icon-close"&gt;&lt;svg width="1792" height="1792" viewBox="0 0 1792 1792" xmlns="http://www.w3.org/2000/svg"&gt;&lt;path d="M1408 960V832q0-26-19-45t-45-19H448q-26 0-45 19t-19 45v128q0 26 19 45t45 19h896q26 0 45-19t19-45zm256-544v960q0 119-84.5 203.5T1376 1664H416q-119 0-203.5-84.5T128 1376V416q0-119 84.5-203.5T416 128h960q119 0 203.5 84.5T1664 416z"/&gt;&lt;/svg&gt;&lt;/span&gt;
        &lt;span class="icon icon-open"&gt;&lt;svg width="1792" height="1792" viewBox="0 0 1792 1792" xmlns="http://www.w3.org/2000/svg"&gt;&lt;path d="M1408 960V832q0-26-19-45t-45-19h-320V448q0-26-19-45t-45-19H832q-26 0-45 19t-19 45v320H448q-26 0-45 19t-19 45v128q0 26 19 45t45 19h320v320q0 26 19 45t45 19h128q26 0 45-19t19-45v-320h320q26 0 45-19t19-45zm256-544v960q0 119-84.5 203.5T1376 1664H416q-119 0-203.5-84.5T128 1376V416q0-119 84.5-203.5T416 128h960q119 0 203.5 84.5T1664 416z"/&gt;&lt;/svg&gt;&lt;/span&gt;
    
            &lt;span class="trace-class"&gt;&lt;abbr title="Doctrine\DBAL\Connection"&gt;Connection&lt;/abbr&gt;&lt;/span&gt;&lt;span class="trace-type"&gt;-&gt;&lt;/span&gt;&lt;span class="trace-method"&gt;executeQuery&lt;/span&gt;&lt;span class="trace-arguments"&gt;()&lt;/span&gt;    
                    &lt;span class="block trace-file-path"&gt;
            in
            &lt;a href=""&gt;
                C:\Users\eman\Documents\GitHub\car_dealer\vendor\doctrine\orm\lib\Doctrine\ORM\Persisters\Entity\&lt;strong&gt;BasicEntityPersister.php&lt;/strong&gt;
            &lt;/a&gt;
                        (line 883)
            &lt;span class="icon icon-copy hidden" data-clipboard-text="C:\Users\eman\Documents\GitHub\car_dealer\vendor\doctrine\orm\lib\Doctrine\ORM\Persisters\Entity\BasicEntityPersister.php:883"&gt;
                &lt;svg xmlns="http://www.w3.org/2000/svg" height="24" viewBox="0 0 24 24" width="24"&gt;&lt;path d="M0 0h24v24H0z" fill="none"/&gt;&lt;path d="M16 1H4c-1.1 0-2 .9-2 2v14h2V3h12V1zm3 4H8c-1.1 0-2 .9-2 2v14c0 1.1.9 2 2 2h11c1.1 0 2-.9 2-2V7c0-1.1-.9-2-2-2zm0 16H8V7h11v14z"/&gt;&lt;/svg&gt;            &lt;/span&gt;
        &lt;/span&gt;
    &lt;/div&gt;
    &lt;div id="trace-html-3-5" class="trace-code sf-toggle-content"&gt;
        &lt;ol start="878"&gt;&lt;li&gt;&lt;code&gt;&lt;span style="color: var(--highlight-keyword)"&gt;&amp;nbsp;&amp;nbsp;&amp;nbsp;&amp;nbsp;{&lt;/span&gt;&lt;/code&gt;&lt;/li&gt;
&lt;li&gt;&lt;code&gt;&lt;span style="color: var(--highlight-keyword)"&gt;&amp;nbsp;&amp;nbsp;&amp;nbsp;&amp;nbsp;&amp;nbsp;&amp;nbsp;&amp;nbsp;&amp;nbsp;&lt;/span&gt;&lt;span style="color: var(--highlight-default)"&gt;$this&lt;/span&gt;&lt;span style="color: var(--highlight-keyword)"&gt;-&amp;gt;&lt;/span&gt;&lt;span style="color: var(--highlight-default)"&gt;switchPersisterContext&lt;/span&gt;&lt;span style="color: var(--highlight-keyword)"&gt;(&lt;/span&gt;&lt;span style="color: var(--highlight-default)"&gt;$offset&lt;/span&gt;&lt;span style="color: var(--highlight-keyword)"&gt;,&amp;nbsp;&lt;/span&gt;&lt;span style="color: var(--highlight-default)"&gt;$limit&lt;/span&gt;&lt;span style="color: var(--highlight-keyword)"&gt;);&lt;/span&gt;&lt;/code&gt;&lt;/li&gt;
&lt;li&gt;&lt;code&gt;&lt;span style="color: var(--highlight-keyword)"&gt;&lt;/span&gt;&lt;/code&gt;&lt;/li&gt;
&lt;li&gt;&lt;code&gt;&lt;span style="color: var(--highlight-keyword)"&gt;&amp;nbsp;&amp;nbsp;&amp;nbsp;&amp;nbsp;&amp;nbsp;&amp;nbsp;&amp;nbsp;&amp;nbsp;&lt;/span&gt;&lt;span style="color: var(--highlight-default)"&gt;$sql&amp;nbsp;&amp;nbsp;&amp;nbsp;&amp;nbsp;&amp;nbsp;&amp;nbsp;&amp;nbsp;&amp;nbsp;&amp;nbsp;&amp;nbsp;&amp;nbsp;&amp;nbsp;&amp;nbsp;&amp;nbsp;&lt;/span&gt;&lt;span style="color: var(--highlight-keyword)"&gt;=&amp;nbsp;&lt;/span&gt;&lt;span style="color: var(--highlight-default)"&gt;$this&lt;/span&gt;&lt;span style="color: var(--highlight-keyword)"&gt;-&amp;gt;&lt;/span&gt;&lt;span style="color: var(--highlight-default)"&gt;getSelectSQL&lt;/span&gt;&lt;span style="color: var(--highlight-keyword)"&gt;(&lt;/span&gt;&lt;span style="color: var(--highlight-default)"&gt;$criteria&lt;/span&gt;&lt;span style="color: var(--highlight-keyword)"&gt;,&amp;nbsp;&lt;/span&gt;&lt;span style="color: var(--highlight-default)"&gt;null&lt;/span&gt;&lt;span style="color: var(--highlight-keyword)"&gt;,&amp;nbsp;&lt;/span&gt;&lt;span style="color: var(--highlight-default)"&gt;null&lt;/span&gt;&lt;span style="color: var(--highlight-keyword)"&gt;,&amp;nbsp;&lt;/span&gt;&lt;span style="color: var(--highlight-default)"&gt;$limit&lt;/span&gt;&lt;span style="color: var(--highlight-keyword)"&gt;,&amp;nbsp;&lt;/span&gt;&lt;span style="color: var(--highlight-default)"&gt;$offset&lt;/span&gt;&lt;span style="color: var(--highlight-keyword)"&gt;,&amp;nbsp;&lt;/span&gt;&lt;span style="color: var(--highlight-default)"&gt;$orderBy&lt;/span&gt;&lt;span style="color: var(--highlight-keyword)"&gt;);&lt;/span&gt;&lt;/code&gt;&lt;/li&gt;
&lt;li&gt;&lt;code&gt;&lt;span style="color: var(--highlight-keyword)"&gt;&amp;nbsp;&amp;nbsp;&amp;nbsp;&amp;nbsp;&amp;nbsp;&amp;nbsp;&amp;nbsp;&amp;nbsp;[&lt;/span&gt;&lt;span style="color: var(--highlight-default)"&gt;$params&lt;/span&gt;&lt;span style="color: var(--highlight-keyword)"&gt;,&amp;nbsp;&lt;/span&gt;&lt;span style="color: var(--highlight-default)"&gt;$types&lt;/span&gt;&lt;span style="color: var(--highlight-keyword)"&gt;]&amp;nbsp;=&amp;nbsp;&lt;/span&gt;&lt;span style="color: var(--highlight-default)"&gt;$this&lt;/span&gt;&lt;span style="color: var(--highlight-keyword)"&gt;-&amp;gt;&lt;/span&gt;&lt;span style="color: var(--highlight-default)"&gt;expandParameters&lt;/span&gt;&lt;span style="color: var(--highlight-keyword)"&gt;(&lt;/span&gt;&lt;span style="color: var(--highlight-default)"&gt;$criteria&lt;/span&gt;&lt;span style="color: var(--highlight-keyword)"&gt;);&lt;/span&gt;&lt;/code&gt;&lt;/li&gt;
&lt;li class="selected"&gt;&lt;code&gt;&lt;span style="color: var(--highlight-keyword)"&gt;&amp;nbsp;&amp;nbsp;&amp;nbsp;&amp;nbsp;&amp;nbsp;&amp;nbsp;&amp;nbsp;&amp;nbsp;&lt;/span&gt;&lt;span style="color: var(--highlight-default)"&gt;$stmt&amp;nbsp;&amp;nbsp;&amp;nbsp;&amp;nbsp;&amp;nbsp;&amp;nbsp;&amp;nbsp;&amp;nbsp;&amp;nbsp;&amp;nbsp;&amp;nbsp;&amp;nbsp;&amp;nbsp;&lt;/span&gt;&lt;span style="color: var(--highlight-keyword)"&gt;=&amp;nbsp;&lt;/span&gt;&lt;span style="color: var(--highlight-default)"&gt;$this&lt;/span&gt;&lt;span style="color: var(--highlight-keyword)"&gt;-&amp;gt;&lt;/span&gt;&lt;span style="color: var(--highlight-default)"&gt;conn&lt;/span&gt;&lt;span style="color: var(--highlight-keyword)"&gt;-&amp;gt;&lt;/span&gt;&lt;span style="color: var(--highlight-default)"&gt;executeQuery&lt;/span&gt;&lt;span style="color: var(--highlight-keyword)"&gt;(&lt;/span&gt;&lt;span style="color: var(--highlight-default)"&gt;$sql&lt;/span&gt;&lt;span style="color: var(--highlight-keyword)"&gt;,&amp;nbsp;&lt;/span&gt;&lt;span style="color: var(--highlight-default)"&gt;$params&lt;/span&gt;&lt;span style="color: var(--highlight-keyword)"&gt;,&amp;nbsp;&lt;/span&gt;&lt;span style="color: var(--highlight-default)"&gt;$types&lt;/span&gt;&lt;span style="color: var(--highlight-keyword)"&gt;);&lt;/span&gt;&lt;/code&gt;&lt;/li&gt;
&lt;li&gt;&lt;code&gt;&lt;span style="color: var(--highlight-keyword)"&gt;&lt;/span&gt;&lt;/code&gt;&lt;/li&gt;
&lt;li&gt;&lt;code&gt;&lt;span style="color: var(--highlight-keyword)"&gt;&amp;nbsp;&amp;nbsp;&amp;nbsp;&amp;nbsp;&amp;nbsp;&amp;nbsp;&amp;nbsp;&amp;nbsp;&lt;/span&gt;&lt;span style="color: var(--highlight-default)"&gt;$hydrator&amp;nbsp;&lt;/span&gt;&lt;span style="color: var(--highlight-keyword)"&gt;=&amp;nbsp;&lt;/span&gt;&lt;span style="color: var(--highlight-default)"&gt;$this&lt;/span&gt;&lt;span style="color: var(--highlight-keyword)"&gt;-&amp;gt;&lt;/span&gt;&lt;span style="color: var(--highlight-default)"&gt;em&lt;/span&gt;&lt;span style="color: var(--highlight-keyword)"&gt;-&amp;gt;&lt;/span&gt;&lt;span style="color: var(--highlight-default)"&gt;newHydrator&lt;/span&gt;&lt;span style="color: var(--highlight-keyword)"&gt;(&lt;/span&gt;&lt;span style="color: var(--highlight-default)"&gt;$this&lt;/span&gt;&lt;span style="color: var(--highlight-keyword)"&gt;-&amp;gt;&lt;/span&gt;&lt;span style="color: var(--highlight-default)"&gt;currentPersisterContext&lt;/span&gt;&lt;span style="color: var(--highlight-keyword)"&gt;-&amp;gt;&lt;/span&gt;&lt;span style="color: var(--highlight-default)"&gt;selectJoinSql&amp;nbsp;&lt;/span&gt;&lt;span style="color: var(--highlight-keyword)"&gt;?&amp;nbsp;&lt;/span&gt;&lt;span style="color: var(--highlight-default)"&gt;Query&lt;/span&gt;&lt;span style="color: var(--highlight-keyword)"&gt;::&lt;/span&gt;&lt;span style="color: var(--highlight-default)"&gt;HYDRATE_OBJECT&amp;nbsp;&lt;/span&gt;&lt;span style="color: var(--highlight-keyword)"&gt;:&amp;nbsp;&lt;/span&gt;&lt;span style="color: var(--highlight-default)"&gt;Query&lt;/span&gt;&lt;span style="color: var(--highlight-keyword)"&gt;::&lt;/span&gt;&lt;span style="color: var(--highlight-default)"&gt;HYDRATE_SIMPLEOBJECT&lt;/span&gt;&lt;span style="color: var(--highlight-keyword)"&gt;);&lt;/span&gt;&lt;/code&gt;&lt;/li&gt;
&lt;li&gt;&lt;code&gt;&lt;span style="color: var(--highlight-keyword)"&gt;&lt;/span&gt;&lt;/code&gt;&lt;/li&gt;
&lt;li&gt;&lt;code&gt;&lt;span style="color: var(--highlight-keyword)"&gt;&amp;nbsp;&amp;nbsp;&amp;nbsp;&amp;nbsp;&amp;nbsp;&amp;nbsp;&amp;nbsp;&amp;nbsp;return&amp;nbsp;&lt;/span&gt;&lt;span style="color: var(--highlight-default)"&gt;$hydrator&lt;/span&gt;&lt;span style="color: var(--highlight-keyword)"&gt;-&amp;gt;&lt;/span&gt;&lt;span style="color: var(--highlight-default)"&gt;hydrateAll&lt;/span&gt;&lt;span style="color: var(--highlight-keyword)"&gt;(&lt;/span&gt;&lt;span style="color: var(--highlight-default)"&gt;$stmt&lt;/span&gt;&lt;span style="color: var(--highlight-keyword)"&gt;,&amp;nbsp;&lt;/span&gt;&lt;span style="color: var(--highlight-default)"&gt;$this&lt;/span&gt;&lt;span style="color: var(--highlight-keyword)"&gt;-&amp;gt;&lt;/span&gt;&lt;span style="color: var(--highlight-default)"&gt;currentPersisterContext&lt;/span&gt;&lt;span style="color: var(--highlight-keyword)"&gt;-&amp;gt;&lt;/span&gt;&lt;span style="color: var(--highlight-default)"&gt;rsm&lt;/span&gt;&lt;span style="color: var(--highlight-keyword)"&gt;,&amp;nbsp;[&lt;/span&gt;&lt;span style="color: var(--highlight-default)"&gt;UnitOfWork&lt;/span&gt;&lt;span style="color: var(--highlight-keyword)"&gt;::&lt;/span&gt;&lt;span style="color: var(--highlight-default)"&gt;HINT_DEFEREAGERLOAD&amp;nbsp;&lt;/span&gt;&lt;span style="color: var(--highlight-keyword)"&gt;=&amp;gt;&amp;nbsp;&lt;/span&gt;&lt;span style="color: var(--highlight-default)"&gt;true&lt;/span&gt;&lt;span style="color: var(--highlight-keyword)"&gt;]);&lt;/span&gt;&lt;/code&gt;&lt;/li&gt;
&lt;li&gt;&lt;code&gt;&lt;span style="color: var(--highlight-keyword)"&gt;&amp;nbsp;&amp;nbsp;&amp;nbsp;&amp;nbsp;}&lt;/span&gt;&lt;/code&gt;&lt;/li&gt;&lt;/ol&gt;    &lt;/div&gt;            &lt;/div&gt;
                        &lt;div class="trace-line "&gt;
                &lt;div class="trace-line-header break-long-words sf-toggle" data-toggle-selector="#trace-html-3-6" data-toggle-initial=""&gt;
            &lt;span class="icon icon-close"&gt;&lt;svg width="1792" height="1792" viewBox="0 0 1792 1792" xmlns="http://www.w3.org/2000/svg"&gt;&lt;path d="M1408 960V832q0-26-19-45t-45-19H448q-26 0-45 19t-19 45v128q0 26 19 45t45 19h896q26 0 45-19t19-45zm256-544v960q0 119-84.5 203.5T1376 1664H416q-119 0-203.5-84.5T128 1376V416q0-119 84.5-203.5T416 128h960q119 0 203.5 84.5T1664 416z"/&gt;&lt;/svg&gt;&lt;/span&gt;
        &lt;span class="icon icon-open"&gt;&lt;svg width="1792" height="1792" viewBox="0 0 1792 1792" xmlns="http://www.w3.org/2000/svg"&gt;&lt;path d="M1408 960V832q0-26-19-45t-45-19h-320V448q0-26-19-45t-45-19H832q-26 0-45 19t-19 45v320H448q-26 0-45 19t-19 45v128q0 26 19 45t45 19h320v320q0 26 19 45t45 19h128q26 0 45-19t19-45v-320h320q26 0 45-19t19-45zm256-544v960q0 119-84.5 203.5T1376 1664H416q-119 0-203.5-84.5T128 1376V416q0-119 84.5-203.5T416 128h960q119 0 203.5 84.5T1664 416z"/&gt;&lt;/svg&gt;&lt;/span&gt;
    
            &lt;span class="trace-class"&gt;&lt;abbr title="Doctrine\ORM\Persisters\Entity\BasicEntityPersister"&gt;BasicEntityPersister&lt;/abbr&gt;&lt;/span&gt;&lt;span class="trace-type"&gt;-&gt;&lt;/span&gt;&lt;span class="trace-method"&gt;loadAll&lt;/span&gt;&lt;span class="trace-arguments"&gt;()&lt;/span&gt;    
                    &lt;span class="block trace-file-path"&gt;
            in
            &lt;a href=""&gt;
                C:\Users\eman\Documents\GitHub\car_dealer\vendor\doctrine\orm\lib\Doctrine\ORM\&lt;strong&gt;EntityRepository.php&lt;/strong&gt;
            &lt;/a&gt;
                        (line 202)
            &lt;span class="icon icon-copy hidden" data-clipboard-text="C:\Users\eman\Documents\GitHub\car_dealer\vendor\doctrine\orm\lib\Doctrine\ORM\EntityRepository.php:202"&gt;
                &lt;svg xmlns="http://www.w3.org/2000/svg" height="24" viewBox="0 0 24 24" width="24"&gt;&lt;path d="M0 0h24v24H0z" fill="none"/&gt;&lt;path d="M16 1H4c-1.1 0-2 .9-2 2v14h2V3h12V1zm3 4H8c-1.1 0-2 .9-2 2v14c0 1.1.9 2 2 2h11c1.1 0 2-.9 2-2V7c0-1.1-.9-2-2-2zm0 16H8V7h11v14z"/&gt;&lt;/svg&gt;            &lt;/span&gt;
        &lt;/span&gt;
    &lt;/div&gt;
    &lt;div id="trace-html-3-6" class="trace-code sf-toggle-content"&gt;
        &lt;ol start="197"&gt;&lt;li&gt;&lt;code&gt;&lt;span style="color: var(--highlight-comment)"&gt;&amp;nbsp;&amp;nbsp;&amp;nbsp;&amp;nbsp;&amp;nbsp;*/&lt;/span&gt;&lt;/code&gt;&lt;/li&gt;
&lt;li&gt;&lt;code&gt;&lt;span style="color: var(--highlight-comment)"&gt;&amp;nbsp;&amp;nbsp;&amp;nbsp;&amp;nbsp;&lt;/span&gt;&lt;span style="color: var(--highlight-keyword)"&gt;public&amp;nbsp;function&amp;nbsp;&lt;/span&gt;&lt;span style="color: var(--highlight-default)"&gt;findBy&lt;/span&gt;&lt;span style="color: var(--highlight-keyword)"&gt;(array&amp;nbsp;&lt;/span&gt;&lt;span style="color: var(--highlight-default)"&gt;$criteria&lt;/span&gt;&lt;span style="color: var(--highlight-keyword)"&gt;,&amp;nbsp;?array&amp;nbsp;&lt;/span&gt;&lt;span style="color: var(--highlight-default)"&gt;$orderBy&amp;nbsp;&lt;/span&gt;&lt;span style="color: var(--highlight-keyword)"&gt;=&amp;nbsp;&lt;/span&gt;&lt;span style="color: var(--highlight-default)"&gt;null&lt;/span&gt;&lt;span style="color: var(--highlight-keyword)"&gt;,&amp;nbsp;&lt;/span&gt;&lt;span style="color: var(--highlight-default)"&gt;$limit&amp;nbsp;&lt;/span&gt;&lt;span style="color: var(--highlight-keyword)"&gt;=&amp;nbsp;&lt;/span&gt;&lt;span style="color: var(--highlight-default)"&gt;null&lt;/span&gt;&lt;span style="color: var(--highlight-keyword)"&gt;,&amp;nbsp;&lt;/span&gt;&lt;span style="color: var(--highlight-default)"&gt;$offset&amp;nbsp;&lt;/span&gt;&lt;span style="color: var(--highlight-keyword)"&gt;=&amp;nbsp;&lt;/span&gt;&lt;span style="color: var(--highlight-default)"&gt;null&lt;/span&gt;&lt;span style="color: var(--highlight-keyword)"&gt;)&lt;/span&gt;&lt;/code&gt;&lt;/li&gt;
&lt;li&gt;&lt;code&gt;&lt;span style="color: var(--highlight-keyword)"&gt;&amp;nbsp;&amp;nbsp;&amp;nbsp;&amp;nbsp;{&lt;/span&gt;&lt;/code&gt;&lt;/li&gt;
&lt;li&gt;&lt;code&gt;&lt;span style="color: var(--highlight-keyword)"&gt;&amp;nbsp;&amp;nbsp;&amp;nbsp;&amp;nbsp;&amp;nbsp;&amp;nbsp;&amp;nbsp;&amp;nbsp;&lt;/span&gt;&lt;span style="color: var(--highlight-default)"&gt;$persister&amp;nbsp;&lt;/span&gt;&lt;span style="color: var(--highlight-keyword)"&gt;=&amp;nbsp;&lt;/span&gt;&lt;span style="color: var(--highlight-default)"&gt;$this&lt;/span&gt;&lt;span style="color: var(--highlight-keyword)"&gt;-&amp;gt;&lt;/span&gt;&lt;span style="color: var(--highlight-default)"&gt;_em&lt;/span&gt;&lt;span style="color: var(--highlight-keyword)"&gt;-&amp;gt;&lt;/span&gt;&lt;span style="color: var(--highlight-default)"&gt;getUnitOfWork&lt;/span&gt;&lt;span style="color: var(--highlight-keyword)"&gt;()-&amp;gt;&lt;/span&gt;&lt;span style="color: var(--highlight-default)"&gt;getEntityPersister&lt;/span&gt;&lt;span style="color: var(--highlight-keyword)"&gt;(&lt;/span&gt;&lt;span style="color: var(--highlight-default)"&gt;$this&lt;/span&gt;&lt;span style="color: var(--highlight-keyword)"&gt;-&amp;gt;&lt;/span&gt;&lt;span style="color: var(--highlight-default)"&gt;_entityName&lt;/span&gt;&lt;span style="color: var(--highlight-keyword)"&gt;);&lt;/span&gt;&lt;/code&gt;&lt;/li&gt;
&lt;li&gt;&lt;code&gt;&lt;span style="color: var(--highlight-keyword)"&gt;&lt;/span&gt;&lt;/code&gt;&lt;/li&gt;
&lt;li class="selected"&gt;&lt;code&gt;&lt;span style="color: var(--highlight-keyword)"&gt;&amp;nbsp;&amp;nbsp;&amp;nbsp;&amp;nbsp;&amp;nbsp;&amp;nbsp;&amp;nbsp;&amp;nbsp;return&amp;nbsp;&lt;/span&gt;&lt;span style="color: var(--highlight-default)"&gt;$persister&lt;/span&gt;&lt;span style="color: var(--highlight-keyword)"&gt;-&amp;gt;&lt;/span&gt;&lt;span style="color: var(--highlight-default)"&gt;loadAll&lt;/span&gt;&lt;span style="color: var(--highlight-keyword)"&gt;(&lt;/span&gt;&lt;span style="color: var(--highlight-default)"&gt;$criteria&lt;/span&gt;&lt;span style="color: var(--highlight-keyword)"&gt;,&amp;nbsp;&lt;/span&gt;&lt;span style="color: var(--highlight-default)"&gt;$orderBy&lt;/span&gt;&lt;span style="color: var(--highlight-keyword)"&gt;,&amp;nbsp;&lt;/span&gt;&lt;span style="color: var(--highlight-default)"&gt;$limit&lt;/span&gt;&lt;span style="color: var(--highlight-keyword)"&gt;,&amp;nbsp;&lt;/span&gt;&lt;span style="color: var(--highlight-default)"&gt;$offset&lt;/span&gt;&lt;span style="color: var(--highlight-keyword)"&gt;);&lt;/span&gt;&lt;/code&gt;&lt;/li&gt;
&lt;li&gt;&lt;code&gt;&lt;span style="color: var(--highlight-keyword)"&gt;&amp;nbsp;&amp;nbsp;&amp;nbsp;&amp;nbsp;}&lt;/span&gt;&lt;/code&gt;&lt;/li&gt;
&lt;li&gt;&lt;code&gt;&lt;span style="color: var(--highlight-keyword)"&gt;&lt;/span&gt;&lt;/code&gt;&lt;/li&gt;
&lt;li&gt;&lt;code&gt;&lt;span style="color: var(--highlight-keyword)"&gt;&amp;nbsp;&amp;nbsp;&amp;nbsp;&amp;nbsp;&lt;/span&gt;&lt;span style="color: var(--highlight-comment)"&gt;/**&lt;/span&gt;&lt;/code&gt;&lt;/li&gt;
&lt;li&gt;&lt;code&gt;&lt;span style="color: var(--highlight-comment)"&gt;&amp;nbsp;&amp;nbsp;&amp;nbsp;&amp;nbsp;&amp;nbsp;*&amp;nbsp;Finds&amp;nbsp;a&amp;nbsp;single&amp;nbsp;entity&amp;nbsp;by&amp;nbsp;a&amp;nbsp;set&amp;nbsp;of&amp;nbsp;criteria.&lt;/span&gt;&lt;/code&gt;&lt;/li&gt;
&lt;li&gt;&lt;code&gt;&lt;span style="color: var(--highlight-comment)"&gt;&amp;nbsp;&amp;nbsp;&amp;nbsp;&amp;nbsp;&amp;nbsp;*&lt;/span&gt;&lt;/code&gt;&lt;/li&gt;&lt;/ol&gt;    &lt;/div&gt;            &lt;/div&gt;
                        &lt;div class="trace-line "&gt;
                &lt;div class="trace-line-header break-long-words sf-toggle" data-toggle-selector="#trace-html-3-7" data-toggle-initial=""&gt;
            &lt;span class="icon icon-close"&gt;&lt;svg width="1792" height="1792" viewBox="0 0 1792 1792" xmlns="http://www.w3.org/2000/svg"&gt;&lt;path d="M1408 960V832q0-26-19-45t-45-19H448q-26 0-45 19t-19 45v128q0 26 19 45t45 19h896q26 0 45-19t19-45zm256-544v960q0 119-84.5 203.5T1376 1664H416q-119 0-203.5-84.5T128 1376V416q0-119 84.5-203.5T416 128h960q119 0 203.5 84.5T1664 416z"/&gt;&lt;/svg&gt;&lt;/span&gt;
        &lt;span class="icon icon-open"&gt;&lt;svg width="1792" height="1792" viewBox="0 0 1792 1792" xmlns="http://www.w3.org/2000/svg"&gt;&lt;path d="M1408 960V832q0-26-19-45t-45-19h-320V448q0-26-19-45t-45-19H832q-26 0-45 19t-19 45v320H448q-26 0-45 19t-19 45v128q0 26 19 45t45 19h320v320q0 26 19 45t45 19h128q26 0 45-19t19-45v-320h320q26 0 45-19t19-45zm256-544v960q0 119-84.5 203.5T1376 1664H416q-119 0-203.5-84.5T128 1376V416q0-119 84.5-203.5T416 128h960q119 0 203.5 84.5T1664 416z"/&gt;&lt;/svg&gt;&lt;/span&gt;
    
            &lt;span class="trace-class"&gt;&lt;abbr title="Doctrine\ORM\EntityRepository"&gt;EntityRepository&lt;/abbr&gt;&lt;/span&gt;&lt;span class="trace-type"&gt;-&gt;&lt;/span&gt;&lt;span class="trace-method"&gt;findBy&lt;/span&gt;&lt;span class="trace-arguments"&gt;()&lt;/span&gt;    
                    &lt;span class="block trace-file-path"&gt;
            in
            &lt;a href=""&gt;
                C:\Users\eman\Documents\GitHub\car_dealer\vendor\doctrine\orm\lib\Doctrine\ORM\&lt;strong&gt;EntityRepository.php&lt;/strong&gt;
            &lt;/a&gt;
                        (line 184)
            &lt;span class="icon icon-copy hidden" data-clipboard-text="C:\Users\eman\Documents\GitHub\car_dealer\vendor\doctrine\orm\lib\Doctrine\ORM\EntityRepository.php:184"&gt;
                &lt;svg xmlns="http://www.w3.org/2000/svg" height="24" viewBox="0 0 24 24" width="24"&gt;&lt;path d="M0 0h24v24H0z" fill="none"/&gt;&lt;path d="M16 1H4c-1.1 0-2 .9-2 2v14h2V3h12V1zm3 4H8c-1.1 0-2 .9-2 2v14c0 1.1.9 2 2 2h11c1.1 0 2-.9 2-2V7c0-1.1-.9-2-2-2zm0 16H8V7h11v14z"/&gt;&lt;/svg&gt;            &lt;/span&gt;
        &lt;/span&gt;
    &lt;/div&gt;
    &lt;div id="trace-html-3-7" class="trace-code sf-toggle-content"&gt;
        &lt;ol start="179"&gt;&lt;li&gt;&lt;code&gt;&lt;span style="color: var(--highlight-comment)"&gt;&amp;nbsp;&amp;nbsp;&amp;nbsp;&amp;nbsp;&amp;nbsp;*&lt;/span&gt;&lt;/code&gt;&lt;/li&gt;
&lt;li&gt;&lt;code&gt;&lt;span style="color: var(--highlight-comment)"&gt;&amp;nbsp;&amp;nbsp;&amp;nbsp;&amp;nbsp;&amp;nbsp;*&amp;nbsp;@psalm-return&amp;nbsp;list&amp;lt;T&amp;gt;&amp;nbsp;The&amp;nbsp;entities.&lt;/span&gt;&lt;/code&gt;&lt;/li&gt;
&lt;li&gt;&lt;code&gt;&lt;span style="color: var(--highlight-comment)"&gt;&amp;nbsp;&amp;nbsp;&amp;nbsp;&amp;nbsp;&amp;nbsp;*/&lt;/span&gt;&lt;/code&gt;&lt;/li&gt;
&lt;li&gt;&lt;code&gt;&lt;span style="color: var(--highlight-comment)"&gt;&amp;nbsp;&amp;nbsp;&amp;nbsp;&amp;nbsp;&lt;/span&gt;&lt;span style="color: var(--highlight-keyword)"&gt;public&amp;nbsp;function&amp;nbsp;&lt;/span&gt;&lt;span style="color: var(--highlight-default)"&gt;findAll&lt;/span&gt;&lt;span style="color: var(--highlight-keyword)"&gt;()&lt;/span&gt;&lt;/code&gt;&lt;/li&gt;
&lt;li&gt;&lt;code&gt;&lt;span style="color: var(--highlight-keyword)"&gt;&amp;nbsp;&amp;nbsp;&amp;nbsp;&amp;nbsp;{&lt;/span&gt;&lt;/code&gt;&lt;/li&gt;
&lt;li class="selected"&gt;&lt;code&gt;&lt;span style="color: var(--highlight-keyword)"&gt;&amp;nbsp;&amp;nbsp;&amp;nbsp;&amp;nbsp;&amp;nbsp;&amp;nbsp;&amp;nbsp;&amp;nbsp;return&amp;nbsp;&lt;/span&gt;&lt;span style="color: var(--highlight-default)"&gt;$this&lt;/span&gt;&lt;span style="color: var(--highlight-keyword)"&gt;-&amp;gt;&lt;/span&gt;&lt;span style="color: var(--highlight-default)"&gt;findBy&lt;/span&gt;&lt;span style="color: var(--highlight-keyword)"&gt;([]);&lt;/span&gt;&lt;/code&gt;&lt;/li&gt;
&lt;li&gt;&lt;code&gt;&lt;span style="color: var(--highlight-keyword)"&gt;&amp;nbsp;&amp;nbsp;&amp;nbsp;&amp;nbsp;}&lt;/span&gt;&lt;/code&gt;&lt;/li&gt;
&lt;li&gt;&lt;code&gt;&lt;span style="color: var(--highlight-keyword)"&gt;&lt;/span&gt;&lt;/code&gt;&lt;/li&gt;
&lt;li&gt;&lt;code&gt;&lt;span style="color: var(--highlight-keyword)"&gt;&amp;nbsp;&amp;nbsp;&amp;nbsp;&amp;nbsp;&lt;/span&gt;&lt;span style="color: var(--highlight-comment)"&gt;/**&lt;/span&gt;&lt;/code&gt;&lt;/li&gt;
&lt;li&gt;&lt;code&gt;&lt;span style="color: var(--highlight-comment)"&gt;&amp;nbsp;&amp;nbsp;&amp;nbsp;&amp;nbsp;&amp;nbsp;*&amp;nbsp;Finds&amp;nbsp;entities&amp;nbsp;by&amp;nbsp;a&amp;nbsp;set&amp;nbsp;of&amp;nbsp;criteria.&lt;/span&gt;&lt;/code&gt;&lt;/li&gt;
&lt;li&gt;&lt;code&gt;&lt;span style="color: var(--highlight-comment)"&gt;&amp;nbsp;&amp;nbsp;&amp;nbsp;&amp;nbsp;&amp;nbsp;*&lt;/span&gt;&lt;/code&gt;&lt;/li&gt;&lt;/ol&gt;    &lt;/div&gt;            &lt;/div&gt;
                        &lt;div class="trace-line "&gt;
                &lt;div class="trace-line-header break-long-words sf-toggle" data-toggle-selector="#trace-html-3-8" data-toggle-initial=""&gt;
            &lt;span class="icon icon-close"&gt;&lt;svg width="1792" height="1792" viewBox="0 0 1792 1792" xmlns="http://www.w3.org/2000/svg"&gt;&lt;path d="M1408 960V832q0-26-19-45t-45-19H448q-26 0-45 19t-19 45v128q0 26 19 45t45 19h896q26 0 45-19t19-45zm256-544v960q0 119-84.5 203.5T1376 1664H416q-119 0-203.5-84.5T128 1376V416q0-119 84.5-203.5T416 128h960q119 0 203.5 84.5T1664 416z"/&gt;&lt;/svg&gt;&lt;/span&gt;
        &lt;span class="icon icon-open"&gt;&lt;svg width="1792" height="1792" viewBox="0 0 1792 1792" xmlns="http://www.w3.org/2000/svg"&gt;&lt;path d="M1408 960V832q0-26-19-45t-45-19h-320V448q0-26-19-45t-45-19H832q-26 0-45 19t-19 45v320H448q-26 0-45 19t-19 45v128q0 26 19 45t45 19h320v320q0 26 19 45t45 19h128q26 0 45-19t19-45v-320h320q26 0 45-19t19-45zm256-544v960q0 119-84.5 203.5T1376 1664H416q-119 0-203.5-84.5T128 1376V416q0-119 84.5-203.5T416 128h960q119 0 203.5 84.5T1664 416z"/&gt;&lt;/svg&gt;&lt;/span&gt;
    
            &lt;span class="trace-class"&gt;&lt;abbr title="Doctrine\ORM\EntityRepository"&gt;EntityRepository&lt;/abbr&gt;&lt;/span&gt;&lt;span class="trace-type"&gt;-&gt;&lt;/span&gt;&lt;span class="trace-method"&gt;findAll&lt;/span&gt;&lt;span class="trace-arguments"&gt;()&lt;/span&gt;    
                    &lt;span class="block trace-file-path"&gt;
            in
            &lt;a href=""&gt;
                C:\Users\eman\Documents\GitHub\car_dealer\src\Controller\&lt;strong&gt;CarPublicController.php&lt;/strong&gt;
            &lt;/a&gt;
                        (line 21)
            &lt;span class="icon icon-copy hidden" data-clipboard-text="C:\Users\eman\Documents\GitHub\car_dealer\src\Controller\CarPublicController.php:21"&gt;
                &lt;svg xmlns="http://www.w3.org/2000/svg" height="24" viewBox="0 0 24 24" width="24"&gt;&lt;path d="M0 0h24v24H0z" fill="none"/&gt;&lt;path d="M16 1H4c-1.1 0-2 .9-2 2v14h2V3h12V1zm3 4H8c-1.1 0-2 .9-2 2v14c0 1.1.9 2 2 2h11c1.1 0 2-.9 2-2V7c0-1.1-.9-2-2-2zm0 16H8V7h11v14z"/&gt;&lt;/svg&gt;            &lt;/span&gt;
        &lt;/span&gt;
    &lt;/div&gt;
    &lt;div id="trace-html-3-8" class="trace-code sf-toggle-content"&gt;
        &lt;ol start="16"&gt;&lt;li&gt;&lt;code&gt;&lt;span style="color: var(--highlight-keyword)"&gt;&amp;nbsp;&amp;nbsp;&amp;nbsp;&amp;nbsp;&amp;nbsp;&amp;nbsp;&amp;nbsp;&amp;nbsp;&lt;/span&gt;&lt;span style="color: var(--highlight-default)"&gt;$template&amp;nbsp;&lt;/span&gt;&lt;span style="color: var(--highlight-keyword)"&gt;=&amp;nbsp;&lt;/span&gt;&lt;span style="color: var(--highlight-string)"&gt;'carPublic/index.html.twig'&lt;/span&gt;&lt;span style="color: var(--highlight-keyword)"&gt;;&#13;&lt;/span&gt;&lt;/code&gt;&lt;/li&gt;
&lt;li&gt;&lt;code&gt;&lt;span style="color: var(--highlight-keyword)"&gt;&amp;nbsp;&amp;nbsp;&amp;nbsp;&amp;nbsp;&amp;nbsp;&amp;nbsp;&amp;nbsp;&amp;nbsp;&lt;/span&gt;&lt;span style="color: var(--highlight-default)"&gt;$argsArray&amp;nbsp;&lt;/span&gt;&lt;span style="color: var(--highlight-keyword)"&gt;=&amp;nbsp;[];&#13;&lt;/span&gt;&lt;/code&gt;&lt;/li&gt;
&lt;li&gt;&lt;code&gt;&lt;span style="color: var(--highlight-keyword)"&gt;&#13;&lt;/span&gt;&lt;/code&gt;&lt;/li&gt;
&lt;li&gt;&lt;code&gt;&lt;span style="color: var(--highlight-keyword)"&gt;&amp;nbsp;&amp;nbsp;&amp;nbsp;&amp;nbsp;&amp;nbsp;&amp;nbsp;&amp;nbsp;&amp;nbsp;return&amp;nbsp;&lt;/span&gt;&lt;span style="color: var(--highlight-default)"&gt;$this&lt;/span&gt;&lt;span style="color: var(--highlight-keyword)"&gt;-&amp;gt;&lt;/span&gt;&lt;span style="color: var(--highlight-default)"&gt;render&lt;/span&gt;&lt;span style="color: var(--highlight-keyword)"&gt;(&lt;/span&gt;&lt;span style="color: var(--highlight-default)"&gt;$template&lt;/span&gt;&lt;span style="color: var(--highlight-keyword)"&gt;,&amp;nbsp;[&#13;&lt;/span&gt;&lt;/code&gt;&lt;/li&gt;
&lt;li&gt;&lt;code&gt;&lt;span style="color: var(--highlight-keyword)"&gt;&amp;nbsp;&amp;nbsp;&amp;nbsp;&amp;nbsp;&amp;nbsp;&amp;nbsp;&amp;nbsp;&amp;nbsp;&amp;nbsp;&amp;nbsp;&amp;nbsp;&amp;nbsp;&lt;/span&gt;&lt;span style="color: var(--highlight-string)"&gt;'controller_name'&amp;nbsp;&lt;/span&gt;&lt;span style="color: var(--highlight-keyword)"&gt;=&amp;gt;&amp;nbsp;&lt;/span&gt;&lt;span style="color: var(--highlight-string)"&gt;'CarPublicController'&lt;/span&gt;&lt;span style="color: var(--highlight-keyword)"&gt;,&#13;&lt;/span&gt;&lt;/code&gt;&lt;/li&gt;
&lt;li class="selected"&gt;&lt;code&gt;&lt;span style="color: var(--highlight-keyword)"&gt;&amp;nbsp;&amp;nbsp;&amp;nbsp;&amp;nbsp;&amp;nbsp;&amp;nbsp;&amp;nbsp;&amp;nbsp;&amp;nbsp;&amp;nbsp;&amp;nbsp;&amp;nbsp;&lt;/span&gt;&lt;span style="color: var(--highlight-string)"&gt;'cars'&amp;nbsp;&lt;/span&gt;&lt;span style="color: var(--highlight-keyword)"&gt;=&amp;gt;&amp;nbsp;&lt;/span&gt;&lt;span style="color: var(--highlight-default)"&gt;$carRepository&lt;/span&gt;&lt;span style="color: var(--highlight-keyword)"&gt;-&amp;gt;&lt;/span&gt;&lt;span style="color: var(--highlight-default)"&gt;findAll&lt;/span&gt;&lt;span style="color: var(--highlight-keyword)"&gt;()&#13;&lt;/span&gt;&lt;/code&gt;&lt;/li&gt;
&lt;li&gt;&lt;code&gt;&lt;span style="color: var(--highlight-keyword)"&gt;&amp;nbsp;&amp;nbsp;&amp;nbsp;&amp;nbsp;&amp;nbsp;&amp;nbsp;&amp;nbsp;&amp;nbsp;]);&#13;&lt;/span&gt;&lt;/code&gt;&lt;/li&gt;
&lt;li&gt;&lt;code&gt;&lt;span style="color: var(--highlight-keyword)"&gt;&amp;nbsp;&amp;nbsp;&amp;nbsp;&amp;nbsp;}&#13;&lt;/span&gt;&lt;/code&gt;&lt;/li&gt;
&lt;li&gt;&lt;code&gt;&lt;span style="color: var(--highlight-keyword)"&gt;&#13;&lt;/span&gt;&lt;/code&gt;&lt;/li&gt;
&lt;li&gt;&lt;code&gt;&lt;span style="color: var(--highlight-keyword)"&gt;&amp;nbsp;&amp;nbsp;&amp;nbsp;&amp;nbsp;#[&lt;/span&gt;&lt;span style="color: var(--highlight-default)"&gt;Route&lt;/span&gt;&lt;span style="color: var(--highlight-keyword)"&gt;(&lt;/span&gt;&lt;span style="color: var(--highlight-string)"&gt;'/car/{id}/show'&lt;/span&gt;&lt;span style="color: var(--highlight-keyword)"&gt;,&amp;nbsp;&lt;/span&gt;&lt;span style="color: var(--highlight-default)"&gt;name&lt;/span&gt;&lt;span style="color: var(--highlight-keyword)"&gt;:&amp;nbsp;&lt;/span&gt;&lt;span style="color: var(--highlight-string)"&gt;'App_car_show_public'&lt;/span&gt;&lt;span style="color: var(--highlight-keyword)"&gt;,&amp;nbsp;&lt;/span&gt;&lt;span style="color: var(--highlight-default)"&gt;methods&lt;/span&gt;&lt;span style="color: var(--highlight-keyword)"&gt;:&amp;nbsp;[&lt;/span&gt;&lt;span style="color: var(--highlight-string)"&gt;'GET'&lt;/span&gt;&lt;span style="color: var(--highlight-keyword)"&gt;])]&#13;&lt;/span&gt;&lt;/code&gt;&lt;/li&gt;
&lt;li&gt;&lt;code&gt;&lt;span style="color: var(--highlight-keyword)"&gt;&amp;nbsp;&amp;nbsp;&amp;nbsp;&amp;nbsp;public&amp;nbsp;function&amp;nbsp;&lt;/span&gt;&lt;span style="color: var(--highlight-default)"&gt;show&lt;/span&gt;&lt;span style="color: var(--highlight-keyword)"&gt;(&lt;/span&gt;&lt;span style="color: var(--highlight-default)"&gt;Car&amp;nbsp;$car&lt;/span&gt;&lt;span style="color: var(--highlight-keyword)"&gt;):&amp;nbsp;&lt;/span&gt;&lt;span style="color: var(--highlight-default)"&gt;Response&#13;&lt;/span&gt;&lt;/code&gt;&lt;/li&gt;&lt;/ol&gt;    &lt;/div&gt;            &lt;/div&gt;
                        &lt;div class="trace-line "&gt;
                &lt;div class="trace-line-header break-long-words sf-toggle" data-toggle-selector="#trace-html-3-9" data-toggle-initial=""&gt;
            &lt;span class="icon icon-close"&gt;&lt;svg width="1792" height="1792" viewBox="0 0 1792 1792" xmlns="http://www.w3.org/2000/svg"&gt;&lt;path d="M1408 960V832q0-26-19-45t-45-19H448q-26 0-45 19t-19 45v128q0 26 19 45t45 19h896q26 0 45-19t19-45zm256-544v960q0 119-84.5 203.5T1376 1664H416q-119 0-203.5-84.5T128 1376V416q0-119 84.5-203.5T416 128h960q119 0 203.5 84.5T1664 416z"/&gt;&lt;/svg&gt;&lt;/span&gt;
        &lt;span class="icon icon-open"&gt;&lt;svg width="1792" height="1792" viewBox="0 0 1792 1792" xmlns="http://www.w3.org/2000/svg"&gt;&lt;path d="M1408 960V832q0-26-19-45t-45-19h-320V448q0-26-19-45t-45-19H832q-26 0-45 19t-19 45v320H448q-26 0-45 19t-19 45v128q0 26 19 45t45 19h320v320q0 26 19 45t45 19h128q26 0 45-19t19-45v-320h320q26 0 45-19t19-45zm256-544v960q0 119-84.5 203.5T1376 1664H416q-119 0-203.5-84.5T128 1376V416q0-119 84.5-203.5T416 128h960q119 0 203.5 84.5T1664 416z"/&gt;&lt;/svg&gt;&lt;/span&gt;
    
            &lt;span class="trace-class"&gt;&lt;abbr title="App\Controller\CarPublicController"&gt;CarPublicController&lt;/abbr&gt;&lt;/span&gt;&lt;span class="trace-type"&gt;-&gt;&lt;/span&gt;&lt;span class="trace-method"&gt;cars&lt;/span&gt;&lt;span class="trace-arguments"&gt;()&lt;/span&gt;    
                    &lt;span class="block trace-file-path"&gt;
            in
            &lt;a href=""&gt;
                C:\Users\eman\Documents\GitHub\car_dealer\vendor\symfony\http-kernel\&lt;strong&gt;HttpKernel.php&lt;/strong&gt;
            &lt;/a&gt;
                        (line 152)
            &lt;span class="icon icon-copy hidden" data-clipboard-text="C:\Users\eman\Documents\GitHub\car_dealer\vendor\symfony\http-kernel\HttpKernel.php:152"&gt;
                &lt;svg xmlns="http://www.w3.org/2000/svg" height="24" viewBox="0 0 24 24" width="24"&gt;&lt;path d="M0 0h24v24H0z" fill="none"/&gt;&lt;path d="M16 1H4c-1.1 0-2 .9-2 2v14h2V3h12V1zm3 4H8c-1.1 0-2 .9-2 2v14c0 1.1.9 2 2 2h11c1.1 0 2-.9 2-2V7c0-1.1-.9-2-2-2zm0 16H8V7h11v14z"/&gt;&lt;/svg&gt;            &lt;/span&gt;
        &lt;/span&gt;
    &lt;/div&gt;
    &lt;div id="trace-html-3-9" class="trace-code sf-toggle-content"&gt;
        &lt;ol start="147"&gt;&lt;li&gt;&lt;code&gt;&lt;span style="color: var(--highlight-keyword)"&gt;&amp;nbsp;&amp;nbsp;&amp;nbsp;&amp;nbsp;&amp;nbsp;&amp;nbsp;&amp;nbsp;&amp;nbsp;&lt;/span&gt;&lt;span style="color: var(--highlight-default)"&gt;$this&lt;/span&gt;&lt;span style="color: var(--highlight-keyword)"&gt;-&amp;gt;&lt;/span&gt;&lt;span style="color: var(--highlight-default)"&gt;dispatcher&lt;/span&gt;&lt;span style="color: var(--highlight-keyword)"&gt;-&amp;gt;&lt;/span&gt;&lt;span style="color: var(--highlight-default)"&gt;dispatch&lt;/span&gt;&lt;span style="color: var(--highlight-keyword)"&gt;(&lt;/span&gt;&lt;span style="color: var(--highlight-default)"&gt;$event&lt;/span&gt;&lt;span style="color: var(--highlight-keyword)"&gt;,&amp;nbsp;&lt;/span&gt;&lt;span style="color: var(--highlight-default)"&gt;KernelEvents&lt;/span&gt;&lt;span style="color: var(--highlight-keyword)"&gt;::&lt;/span&gt;&lt;span style="color: var(--highlight-default)"&gt;CONTROLLER_ARGUMENTS&lt;/span&gt;&lt;span style="color: var(--highlight-keyword)"&gt;);&lt;/span&gt;&lt;/code&gt;&lt;/li&gt;
&lt;li&gt;&lt;code&gt;&lt;span style="color: var(--highlight-keyword)"&gt;&amp;nbsp;&amp;nbsp;&amp;nbsp;&amp;nbsp;&amp;nbsp;&amp;nbsp;&amp;nbsp;&amp;nbsp;&lt;/span&gt;&lt;span style="color: var(--highlight-default)"&gt;$controller&amp;nbsp;&lt;/span&gt;&lt;span style="color: var(--highlight-keyword)"&gt;=&amp;nbsp;&lt;/span&gt;&lt;span style="color: var(--highlight-default)"&gt;$event&lt;/span&gt;&lt;span style="color: var(--highlight-keyword)"&gt;-&amp;gt;&lt;/span&gt;&lt;span style="color: var(--highlight-default)"&gt;getController&lt;/span&gt;&lt;span style="color: var(--highlight-keyword)"&gt;();&lt;/span&gt;&lt;/code&gt;&lt;/li&gt;
&lt;li&gt;&lt;code&gt;&lt;span style="color: var(--highlight-keyword)"&gt;&amp;nbsp;&amp;nbsp;&amp;nbsp;&amp;nbsp;&amp;nbsp;&amp;nbsp;&amp;nbsp;&amp;nbsp;&lt;/span&gt;&lt;span style="color: var(--highlight-default)"&gt;$arguments&amp;nbsp;&lt;/span&gt;&lt;span style="color: var(--highlight-keyword)"&gt;=&amp;nbsp;&lt;/span&gt;&lt;span style="color: var(--highlight-default)"&gt;$event&lt;/span&gt;&lt;span style="color: var(--highlight-keyword)"&gt;-&amp;gt;&lt;/span&gt;&lt;span style="color: var(--highlight-default)"&gt;getArguments&lt;/span&gt;&lt;span style="color: var(--highlight-keyword)"&gt;();&lt;/span&gt;&lt;/code&gt;&lt;/li&gt;
&lt;li&gt;&lt;code&gt;&lt;span style="color: var(--highlight-keyword)"&gt;&lt;/span&gt;&lt;/code&gt;&lt;/li&gt;
&lt;li&gt;&lt;code&gt;&lt;span style="color: var(--highlight-keyword)"&gt;&amp;nbsp;&amp;nbsp;&amp;nbsp;&amp;nbsp;&amp;nbsp;&amp;nbsp;&amp;nbsp;&amp;nbsp;&lt;/span&gt;&lt;span style="color: var(--highlight-comment)"&gt;//&amp;nbsp;call&amp;nbsp;controller&lt;/span&gt;&lt;/code&gt;&lt;/li&gt;
&lt;li class="selected"&gt;&lt;code&gt;&lt;span style="color: var(--highlight-comment)"&gt;&amp;nbsp;&amp;nbsp;&amp;nbsp;&amp;nbsp;&amp;nbsp;&amp;nbsp;&amp;nbsp;&amp;nbsp;&lt;/span&gt;&lt;span style="color: var(--highlight-default)"&gt;$response&amp;nbsp;&lt;/span&gt;&lt;span style="color: var(--highlight-keyword)"&gt;=&amp;nbsp;&lt;/span&gt;&lt;span style="color: var(--highlight-default)"&gt;$controller&lt;/span&gt;&lt;span style="color: var(--highlight-keyword)"&gt;(...&lt;/span&gt;&lt;span style="color: var(--highlight-default)"&gt;$arguments&lt;/span&gt;&lt;span style="color: var(--highlight-keyword)"&gt;);&lt;/span&gt;&lt;/code&gt;&lt;/li&gt;
&lt;li&gt;&lt;code&gt;&lt;span style="color: var(--highlight-keyword)"&gt;&lt;/span&gt;&lt;/code&gt;&lt;/li&gt;
&lt;li&gt;&lt;code&gt;&lt;span style="color: var(--highlight-keyword)"&gt;&amp;nbsp;&amp;nbsp;&amp;nbsp;&amp;nbsp;&amp;nbsp;&amp;nbsp;&amp;nbsp;&amp;nbsp;&lt;/span&gt;&lt;span style="color: var(--highlight-comment)"&gt;//&amp;nbsp;view&lt;/span&gt;&lt;/code&gt;&lt;/li&gt;
&lt;li&gt;&lt;code&gt;&lt;span style="color: var(--highlight-comment)"&gt;&amp;nbsp;&amp;nbsp;&amp;nbsp;&amp;nbsp;&amp;nbsp;&amp;nbsp;&amp;nbsp;&amp;nbsp;&lt;/span&gt;&lt;span style="color: var(--highlight-keyword)"&gt;if&amp;nbsp;(!&lt;/span&gt;&lt;span style="color: var(--highlight-default)"&gt;$response&amp;nbsp;&lt;/span&gt;&lt;span style="color: var(--highlight-keyword)"&gt;instanceof&amp;nbsp;&lt;/span&gt;&lt;span style="color: var(--highlight-default)"&gt;Response&lt;/span&gt;&lt;span style="color: var(--highlight-keyword)"&gt;)&amp;nbsp;{&lt;/span&gt;&lt;/code&gt;&lt;/li&gt;
&lt;li&gt;&lt;code&gt;&lt;span style="color: var(--highlight-keyword)"&gt;&amp;nbsp;&amp;nbsp;&amp;nbsp;&amp;nbsp;&amp;nbsp;&amp;nbsp;&amp;nbsp;&amp;nbsp;&amp;nbsp;&amp;nbsp;&amp;nbsp;&amp;nbsp;&lt;/span&gt;&lt;span style="color: var(--highlight-default)"&gt;$event&amp;nbsp;&lt;/span&gt;&lt;span style="color: var(--highlight-keyword)"&gt;=&amp;nbsp;new&amp;nbsp;&lt;/span&gt;&lt;span style="color: var(--highlight-default)"&gt;ViewEvent&lt;/span&gt;&lt;span style="color: var(--highlight-keyword)"&gt;(&lt;/span&gt;&lt;span style="color: var(--highlight-default)"&gt;$this&lt;/span&gt;&lt;span style="color: var(--highlight-keyword)"&gt;,&amp;nbsp;&lt;/span&gt;&lt;span style="color: var(--highlight-default)"&gt;$request&lt;/span&gt;&lt;span style="color: var(--highlight-keyword)"&gt;,&amp;nbsp;&lt;/span&gt;&lt;span style="color: var(--highlight-default)"&gt;$type&lt;/span&gt;&lt;span style="color: var(--highlight-keyword)"&gt;,&amp;nbsp;&lt;/span&gt;&lt;span style="color: var(--highlight-default)"&gt;$response&lt;/span&gt;&lt;span style="color: var(--highlight-keyword)"&gt;);&lt;/span&gt;&lt;/code&gt;&lt;/li&gt;
&lt;li&gt;&lt;code&gt;&lt;span style="color: var(--highlight-keyword)"&gt;&amp;nbsp;&amp;nbsp;&amp;nbsp;&amp;nbsp;&amp;nbsp;&amp;nbsp;&amp;nbsp;&amp;nbsp;&amp;nbsp;&amp;nbsp;&amp;nbsp;&amp;nbsp;&lt;/span&gt;&lt;span style="color: var(--highlight-default)"&gt;$this&lt;/span&gt;&lt;span style="color: var(--highlight-keyword)"&gt;-&amp;gt;&lt;/span&gt;&lt;span style="color: var(--highlight-default)"&gt;dispatcher&lt;/span&gt;&lt;span style="color: var(--highlight-keyword)"&gt;-&amp;gt;&lt;/span&gt;&lt;span style="color: var(--highlight-default)"&gt;dispatch&lt;/span&gt;&lt;span style="color: var(--highlight-keyword)"&gt;(&lt;/span&gt;&lt;span style="color: var(--highlight-default)"&gt;$event&lt;/span&gt;&lt;span style="color: var(--highlight-keyword)"&gt;,&amp;nbsp;&lt;/span&gt;&lt;span style="color: var(--highlight-default)"&gt;KernelEvents&lt;/span&gt;&lt;span style="color: var(--highlight-keyword)"&gt;::&lt;/span&gt;&lt;span style="color: var(--highlight-default)"&gt;VIEW&lt;/span&gt;&lt;span style="color: var(--highlight-keyword)"&gt;);&lt;/span&gt;&lt;/code&gt;&lt;/li&gt;&lt;/ol&gt;    &lt;/div&gt;            &lt;/div&gt;
                        &lt;div class="trace-line "&gt;
                &lt;div class="trace-line-header break-long-words sf-toggle" data-toggle-selector="#trace-html-3-10" data-toggle-initial=""&gt;
            &lt;span class="icon icon-close"&gt;&lt;svg width="1792" height="1792" viewBox="0 0 1792 1792" xmlns="http://www.w3.org/2000/svg"&gt;&lt;path d="M1408 960V832q0-26-19-45t-45-19H448q-26 0-45 19t-19 45v128q0 26 19 45t45 19h896q26 0 45-19t19-45zm256-544v960q0 119-84.5 203.5T1376 1664H416q-119 0-203.5-84.5T128 1376V416q0-119 84.5-203.5T416 128h960q119 0 203.5 84.5T1664 416z"/&gt;&lt;/svg&gt;&lt;/span&gt;
        &lt;span class="icon icon-open"&gt;&lt;svg width="1792" height="1792" viewBox="0 0 1792 1792" xmlns="http://www.w3.org/2000/svg"&gt;&lt;path d="M1408 960V832q0-26-19-45t-45-19h-320V448q0-26-19-45t-45-19H832q-26 0-45 19t-19 45v320H448q-26 0-45 19t-19 45v128q0 26 19 45t45 19h320v320q0 26 19 45t45 19h128q26 0 45-19t19-45v-320h320q26 0 45-19t19-45zm256-544v960q0 119-84.5 203.5T1376 1664H416q-119 0-203.5-84.5T128 1376V416q0-119 84.5-203.5T416 128h960q119 0 203.5 84.5T1664 416z"/&gt;&lt;/svg&gt;&lt;/span&gt;
    
            &lt;span class="trace-class"&gt;&lt;abbr title="Symfony\Component\HttpKernel\HttpKernel"&gt;HttpKernel&lt;/abbr&gt;&lt;/span&gt;&lt;span class="trace-type"&gt;-&gt;&lt;/span&gt;&lt;span class="trace-method"&gt;handleRaw&lt;/span&gt;&lt;span class="trace-arguments"&gt;()&lt;/span&gt;    
                    &lt;span class="block trace-file-path"&gt;
            in
            &lt;a href=""&gt;
                C:\Users\eman\Documents\GitHub\car_dealer\vendor\symfony\http-kernel\&lt;strong&gt;HttpKernel.php&lt;/strong&gt;
            &lt;/a&gt;
                        (line 74)
            &lt;span class="icon icon-copy hidden" data-clipboard-text="C:\Users\eman\Documents\GitHub\car_dealer\vendor\symfony\http-kernel\HttpKernel.php:74"&gt;
                &lt;svg xmlns="http://www.w3.org/2000/svg" height="24" viewBox="0 0 24 24" width="24"&gt;&lt;path d="M0 0h24v24H0z" fill="none"/&gt;&lt;path d="M16 1H4c-1.1 0-2 .9-2 2v14h2V3h12V1zm3 4H8c-1.1 0-2 .9-2 2v14c0 1.1.9 2 2 2h11c1.1 0 2-.9 2-2V7c0-1.1-.9-2-2-2zm0 16H8V7h11v14z"/&gt;&lt;/svg&gt;            &lt;/span&gt;
        &lt;/span&gt;
    &lt;/div&gt;
    &lt;div id="trace-html-3-10" class="trace-code sf-toggle-content"&gt;
        &lt;ol start="69"&gt;&lt;li&gt;&lt;code&gt;&lt;span style="color: var(--highlight-comment)"&gt;&amp;nbsp;&amp;nbsp;&amp;nbsp;&amp;nbsp;&lt;/span&gt;&lt;span style="color: var(--highlight-keyword)"&gt;public&amp;nbsp;function&amp;nbsp;&lt;/span&gt;&lt;span style="color: var(--highlight-default)"&gt;handle&lt;/span&gt;&lt;span style="color: var(--highlight-keyword)"&gt;(&lt;/span&gt;&lt;span style="color: var(--highlight-default)"&gt;Request&amp;nbsp;$request&lt;/span&gt;&lt;span style="color: var(--highlight-keyword)"&gt;,&amp;nbsp;&lt;/span&gt;&lt;span style="color: var(--highlight-default)"&gt;int&amp;nbsp;$type&amp;nbsp;&lt;/span&gt;&lt;span style="color: var(--highlight-keyword)"&gt;=&amp;nbsp;&lt;/span&gt;&lt;span style="color: var(--highlight-default)"&gt;HttpKernelInterface&lt;/span&gt;&lt;span style="color: var(--highlight-keyword)"&gt;::&lt;/span&gt;&lt;span style="color: var(--highlight-default)"&gt;MAIN_REQUEST&lt;/span&gt;&lt;span style="color: var(--highlight-keyword)"&gt;,&amp;nbsp;&lt;/span&gt;&lt;span style="color: var(--highlight-default)"&gt;bool&amp;nbsp;$catch&amp;nbsp;&lt;/span&gt;&lt;span style="color: var(--highlight-keyword)"&gt;=&amp;nbsp;&lt;/span&gt;&lt;span style="color: var(--highlight-default)"&gt;true&lt;/span&gt;&lt;span style="color: var(--highlight-keyword)"&gt;):&amp;nbsp;&lt;/span&gt;&lt;span style="color: var(--highlight-default)"&gt;Response&lt;/span&gt;&lt;/code&gt;&lt;/li&gt;
&lt;li&gt;&lt;code&gt;&lt;span style="color: var(--highlight-default)"&gt;&amp;nbsp;&amp;nbsp;&amp;nbsp;&amp;nbsp;&lt;/span&gt;&lt;span style="color: var(--highlight-keyword)"&gt;{&lt;/span&gt;&lt;/code&gt;&lt;/li&gt;
&lt;li&gt;&lt;code&gt;&lt;span style="color: var(--highlight-keyword)"&gt;&amp;nbsp;&amp;nbsp;&amp;nbsp;&amp;nbsp;&amp;nbsp;&amp;nbsp;&amp;nbsp;&amp;nbsp;&lt;/span&gt;&lt;span style="color: var(--highlight-default)"&gt;$request&lt;/span&gt;&lt;span style="color: var(--highlight-keyword)"&gt;-&amp;gt;&lt;/span&gt;&lt;span style="color: var(--highlight-default)"&gt;headers&lt;/span&gt;&lt;span style="color: var(--highlight-keyword)"&gt;-&amp;gt;&lt;/span&gt;&lt;span style="color: var(--highlight-default)"&gt;set&lt;/span&gt;&lt;span style="color: var(--highlight-keyword)"&gt;(&lt;/span&gt;&lt;span style="color: var(--highlight-string)"&gt;'X-Php-Ob-Level'&lt;/span&gt;&lt;span style="color: var(--highlight-keyword)"&gt;,&amp;nbsp;(string)&amp;nbsp;&lt;/span&gt;&lt;span style="color: var(--highlight-default)"&gt;ob_get_level&lt;/span&gt;&lt;span style="color: var(--highlight-keyword)"&gt;());&lt;/span&gt;&lt;/code&gt;&lt;/li&gt;
&lt;li&gt;&lt;code&gt;&lt;span style="color: var(--highlight-keyword)"&gt;&lt;/span&gt;&lt;/code&gt;&lt;/li&gt;
&lt;li&gt;&lt;code&gt;&lt;span style="color: var(--highlight-keyword)"&gt;&amp;nbsp;&amp;nbsp;&amp;nbsp;&amp;nbsp;&amp;nbsp;&amp;nbsp;&amp;nbsp;&amp;nbsp;try&amp;nbsp;{&lt;/span&gt;&lt;/code&gt;&lt;/li&gt;
&lt;li class="selected"&gt;&lt;code&gt;&lt;span style="color: var(--highlight-keyword)"&gt;&amp;nbsp;&amp;nbsp;&amp;nbsp;&amp;nbsp;&amp;nbsp;&amp;nbsp;&amp;nbsp;&amp;nbsp;&amp;nbsp;&amp;nbsp;&amp;nbsp;&amp;nbsp;return&amp;nbsp;&lt;/span&gt;&lt;span style="color: var(--highlight-default)"&gt;$this&lt;/span&gt;&lt;span style="color: var(--highlight-keyword)"&gt;-&amp;gt;&lt;/span&gt;&lt;span style="color: var(--highlight-default)"&gt;handleRaw&lt;/span&gt;&lt;span style="color: var(--highlight-keyword)"&gt;(&lt;/span&gt;&lt;span style="color: var(--highlight-default)"&gt;$request&lt;/span&gt;&lt;span style="color: var(--highlight-keyword)"&gt;,&amp;nbsp;&lt;/span&gt;&lt;span style="color: var(--highlight-default)"&gt;$type&lt;/span&gt;&lt;span style="color: var(--highlight-keyword)"&gt;);&lt;/span&gt;&lt;/code&gt;&lt;/li&gt;
&lt;li&gt;&lt;code&gt;&lt;span style="color: var(--highlight-keyword)"&gt;&amp;nbsp;&amp;nbsp;&amp;nbsp;&amp;nbsp;&amp;nbsp;&amp;nbsp;&amp;nbsp;&amp;nbsp;}&amp;nbsp;catch&amp;nbsp;(&lt;/span&gt;&lt;span style="color: var(--highlight-default)"&gt;\Exception&amp;nbsp;$e&lt;/span&gt;&lt;span style="color: var(--highlight-keyword)"&gt;)&amp;nbsp;{&lt;/span&gt;&lt;/code&gt;&lt;/li&gt;
&lt;li&gt;&lt;code&gt;&lt;span style="color: var(--highlight-keyword)"&gt;&amp;nbsp;&amp;nbsp;&amp;nbsp;&amp;nbsp;&amp;nbsp;&amp;nbsp;&amp;nbsp;&amp;nbsp;&amp;nbsp;&amp;nbsp;&amp;nbsp;&amp;nbsp;if&amp;nbsp;(&lt;/span&gt;&lt;span style="color: var(--highlight-default)"&gt;$e&amp;nbsp;&lt;/span&gt;&lt;span style="color: var(--highlight-keyword)"&gt;instanceof&amp;nbsp;&lt;/span&gt;&lt;span style="color: var(--highlight-default)"&gt;RequestExceptionInterface&lt;/span&gt;&lt;span style="color: var(--highlight-keyword)"&gt;)&amp;nbsp;{&lt;/span&gt;&lt;/code&gt;&lt;/li&gt;
&lt;li&gt;&lt;code&gt;&lt;span style="color: var(--highlight-keyword)"&gt;&amp;nbsp;&amp;nbsp;&amp;nbsp;&amp;nbsp;&amp;nbsp;&amp;nbsp;&amp;nbsp;&amp;nbsp;&amp;nbsp;&amp;nbsp;&amp;nbsp;&amp;nbsp;&amp;nbsp;&amp;nbsp;&amp;nbsp;&amp;nbsp;&lt;/span&gt;&lt;span style="color: var(--highlight-default)"&gt;$e&amp;nbsp;&lt;/span&gt;&lt;span style="color: var(--highlight-keyword)"&gt;=&amp;nbsp;new&amp;nbsp;&lt;/span&gt;&lt;span style="color: var(--highlight-default)"&gt;BadRequestHttpException&lt;/span&gt;&lt;span style="color: var(--highlight-keyword)"&gt;(&lt;/span&gt;&lt;span style="color: var(--highlight-default)"&gt;$e&lt;/span&gt;&lt;span style="color: var(--highlight-keyword)"&gt;-&amp;gt;&lt;/span&gt;&lt;span style="color: var(--highlight-default)"&gt;getMessage&lt;/span&gt;&lt;span style="color: var(--highlight-keyword)"&gt;(),&amp;nbsp;&lt;/span&gt;&lt;span style="color: var(--highlight-default)"&gt;$e&lt;/span&gt;&lt;span style="color: var(--highlight-keyword)"&gt;);&lt;/span&gt;&lt;/code&gt;&lt;/li&gt;
&lt;li&gt;&lt;code&gt;&lt;span style="color: var(--highlight-keyword)"&gt;&amp;nbsp;&amp;nbsp;&amp;nbsp;&amp;nbsp;&amp;nbsp;&amp;nbsp;&amp;nbsp;&amp;nbsp;&amp;nbsp;&amp;nbsp;&amp;nbsp;&amp;nbsp;}&lt;/span&gt;&lt;/code&gt;&lt;/li&gt;
&lt;li&gt;&lt;code&gt;&lt;span style="color: var(--highlight-keyword)"&gt;&amp;nbsp;&amp;nbsp;&amp;nbsp;&amp;nbsp;&amp;nbsp;&amp;nbsp;&amp;nbsp;&amp;nbsp;&amp;nbsp;&amp;nbsp;&amp;nbsp;&amp;nbsp;if&amp;nbsp;(&lt;/span&gt;&lt;span style="color: var(--highlight-default)"&gt;false&amp;nbsp;&lt;/span&gt;&lt;span style="color: var(--highlight-keyword)"&gt;===&amp;nbsp;&lt;/span&gt;&lt;span style="color: var(--highlight-default)"&gt;$catch&lt;/span&gt;&lt;span style="color: var(--highlight-keyword)"&gt;)&amp;nbsp;{&lt;/span&gt;&lt;/code&gt;&lt;/li&gt;&lt;/ol&gt;    &lt;/div&gt;            &lt;/div&gt;
                        &lt;div class="trace-line "&gt;
                &lt;div class="trace-line-header break-long-words sf-toggle" data-toggle-selector="#trace-html-3-11" data-toggle-initial=""&gt;
            &lt;span class="icon icon-close"&gt;&lt;svg width="1792" height="1792" viewBox="0 0 1792 1792" xmlns="http://www.w3.org/2000/svg"&gt;&lt;path d="M1408 960V832q0-26-19-45t-45-19H448q-26 0-45 19t-19 45v128q0 26 19 45t45 19h896q26 0 45-19t19-45zm256-544v960q0 119-84.5 203.5T1376 1664H416q-119 0-203.5-84.5T128 1376V416q0-119 84.5-203.5T416 128h960q119 0 203.5 84.5T1664 416z"/&gt;&lt;/svg&gt;&lt;/span&gt;
        &lt;span class="icon icon-open"&gt;&lt;svg width="1792" height="1792" viewBox="0 0 1792 1792" xmlns="http://www.w3.org/2000/svg"&gt;&lt;path d="M1408 960V832q0-26-19-45t-45-19h-320V448q0-26-19-45t-45-19H832q-26 0-45 19t-19 45v320H448q-26 0-45 19t-19 45v128q0 26 19 45t45 19h320v320q0 26 19 45t45 19h128q26 0 45-19t19-45v-320h320q26 0 45-19t19-45zm256-544v960q0 119-84.5 203.5T1376 1664H416q-119 0-203.5-84.5T128 1376V416q0-119 84.5-203.5T416 128h960q119 0 203.5 84.5T1664 416z"/&gt;&lt;/svg&gt;&lt;/span&gt;
    
            &lt;span class="trace-class"&gt;&lt;abbr title="Symfony\Component\HttpKernel\HttpKernel"&gt;HttpKernel&lt;/abbr&gt;&lt;/span&gt;&lt;span class="trace-type"&gt;-&gt;&lt;/span&gt;&lt;span class="trace-method"&gt;handle&lt;/span&gt;&lt;span class="trace-arguments"&gt;()&lt;/span&gt;    
                    &lt;span class="block trace-file-path"&gt;
            in
            &lt;a href=""&gt;
                C:\Users\eman\Documents\GitHub\car_dealer\vendor\symfony\http-kernel\&lt;strong&gt;Kernel.php&lt;/strong&gt;
            &lt;/a&gt;
                        (line 202)
            &lt;span class="icon icon-copy hidden" data-clipboard-text="C:\Users\eman\Documents\GitHub\car_dealer\vendor\symfony\http-kernel\Kernel.php:202"&gt;
                &lt;svg xmlns="http://www.w3.org/2000/svg" height="24" viewBox="0 0 24 24" width="24"&gt;&lt;path d="M0 0h24v24H0z" fill="none"/&gt;&lt;path d="M16 1H4c-1.1 0-2 .9-2 2v14h2V3h12V1zm3 4H8c-1.1 0-2 .9-2 2v14c0 1.1.9 2 2 2h11c1.1 0 2-.9 2-2V7c0-1.1-.9-2-2-2zm0 16H8V7h11v14z"/&gt;&lt;/svg&gt;            &lt;/span&gt;
        &lt;/span&gt;
    &lt;/div&gt;
    &lt;div id="trace-html-3-11" class="trace-code sf-toggle-content"&gt;
        &lt;ol start="197"&gt;&lt;li&gt;&lt;code&gt;&lt;span style="color: var(--highlight-keyword)"&gt;&amp;nbsp;&amp;nbsp;&amp;nbsp;&amp;nbsp;&amp;nbsp;&amp;nbsp;&amp;nbsp;&amp;nbsp;&lt;/span&gt;&lt;span style="color: var(--highlight-default)"&gt;$this&lt;/span&gt;&lt;span style="color: var(--highlight-keyword)"&gt;-&amp;gt;&lt;/span&gt;&lt;span style="color: var(--highlight-default)"&gt;boot&lt;/span&gt;&lt;span style="color: var(--highlight-keyword)"&gt;();&lt;/span&gt;&lt;/code&gt;&lt;/li&gt;
&lt;li&gt;&lt;code&gt;&lt;span style="color: var(--highlight-keyword)"&gt;&amp;nbsp;&amp;nbsp;&amp;nbsp;&amp;nbsp;&amp;nbsp;&amp;nbsp;&amp;nbsp;&amp;nbsp;++&lt;/span&gt;&lt;span style="color: var(--highlight-default)"&gt;$this&lt;/span&gt;&lt;span style="color: var(--highlight-keyword)"&gt;-&amp;gt;&lt;/span&gt;&lt;span style="color: var(--highlight-default)"&gt;requestStackSize&lt;/span&gt;&lt;span style="color: var(--highlight-keyword)"&gt;;&lt;/span&gt;&lt;/code&gt;&lt;/li&gt;
&lt;li&gt;&lt;code&gt;&lt;span style="color: var(--highlight-keyword)"&gt;&amp;nbsp;&amp;nbsp;&amp;nbsp;&amp;nbsp;&amp;nbsp;&amp;nbsp;&amp;nbsp;&amp;nbsp;&lt;/span&gt;&lt;span style="color: var(--highlight-default)"&gt;$this&lt;/span&gt;&lt;span style="color: var(--highlight-keyword)"&gt;-&amp;gt;&lt;/span&gt;&lt;span style="color: var(--highlight-default)"&gt;resetServices&amp;nbsp;&lt;/span&gt;&lt;span style="color: var(--highlight-keyword)"&gt;=&amp;nbsp;&lt;/span&gt;&lt;span style="color: var(--highlight-default)"&gt;true&lt;/span&gt;&lt;span style="color: var(--highlight-keyword)"&gt;;&lt;/span&gt;&lt;/code&gt;&lt;/li&gt;
&lt;li&gt;&lt;code&gt;&lt;span style="color: var(--highlight-keyword)"&gt;&lt;/span&gt;&lt;/code&gt;&lt;/li&gt;
&lt;li&gt;&lt;code&gt;&lt;span style="color: var(--highlight-keyword)"&gt;&amp;nbsp;&amp;nbsp;&amp;nbsp;&amp;nbsp;&amp;nbsp;&amp;nbsp;&amp;nbsp;&amp;nbsp;try&amp;nbsp;{&lt;/span&gt;&lt;/code&gt;&lt;/li&gt;
&lt;li class="selected"&gt;&lt;code&gt;&lt;span style="color: var(--highlight-keyword)"&gt;&amp;nbsp;&amp;nbsp;&amp;nbsp;&amp;nbsp;&amp;nbsp;&amp;nbsp;&amp;nbsp;&amp;nbsp;&amp;nbsp;&amp;nbsp;&amp;nbsp;&amp;nbsp;return&amp;nbsp;&lt;/span&gt;&lt;span style="color: var(--highlight-default)"&gt;$this&lt;/span&gt;&lt;span style="color: var(--highlight-keyword)"&gt;-&amp;gt;&lt;/span&gt;&lt;span style="color: var(--highlight-default)"&gt;getHttpKernel&lt;/span&gt;&lt;span style="color: var(--highlight-keyword)"&gt;()-&amp;gt;&lt;/span&gt;&lt;span style="color: var(--highlight-default)"&gt;handle&lt;/span&gt;&lt;span style="color: var(--highlight-keyword)"&gt;(&lt;/span&gt;&lt;span style="color: var(--highlight-default)"&gt;$request&lt;/span&gt;&lt;span style="color: var(--highlight-keyword)"&gt;,&amp;nbsp;&lt;/span&gt;&lt;span style="color: var(--highlight-default)"&gt;$type&lt;/span&gt;&lt;span style="color: var(--highlight-keyword)"&gt;,&amp;nbsp;&lt;/span&gt;&lt;span style="color: var(--highlight-default)"&gt;$catch&lt;/span&gt;&lt;span style="color: var(--highlight-keyword)"&gt;);&lt;/span&gt;&lt;/code&gt;&lt;/li&gt;
&lt;li&gt;&lt;code&gt;&lt;span style="color: var(--highlight-keyword)"&gt;&amp;nbsp;&amp;nbsp;&amp;nbsp;&amp;nbsp;&amp;nbsp;&amp;nbsp;&amp;nbsp;&amp;nbsp;}&amp;nbsp;finally&amp;nbsp;{&lt;/span&gt;&lt;/code&gt;&lt;/li&gt;
&lt;li&gt;&lt;code&gt;&lt;span style="color: var(--highlight-keyword)"&gt;&amp;nbsp;&amp;nbsp;&amp;nbsp;&amp;nbsp;&amp;nbsp;&amp;nbsp;&amp;nbsp;&amp;nbsp;&amp;nbsp;&amp;nbsp;&amp;nbsp;&amp;nbsp;--&lt;/span&gt;&lt;span style="color: var(--highlight-default)"&gt;$this&lt;/span&gt;&lt;span style="color: var(--highlight-keyword)"&gt;-&amp;gt;&lt;/span&gt;&lt;span style="color: var(--highlight-default)"&gt;requestStackSize&lt;/span&gt;&lt;span style="color: var(--highlight-keyword)"&gt;;&lt;/span&gt;&lt;/code&gt;&lt;/li&gt;
&lt;li&gt;&lt;code&gt;&lt;span style="color: var(--highlight-keyword)"&gt;&amp;nbsp;&amp;nbsp;&amp;nbsp;&amp;nbsp;&amp;nbsp;&amp;nbsp;&amp;nbsp;&amp;nbsp;}&lt;/span&gt;&lt;/code&gt;&lt;/li&gt;
&lt;li&gt;&lt;code&gt;&lt;span style="color: var(--highlight-keyword)"&gt;&amp;nbsp;&amp;nbsp;&amp;nbsp;&amp;nbsp;}&lt;/span&gt;&lt;/code&gt;&lt;/li&gt;
&lt;li&gt;&lt;code&gt;&lt;span style="color: var(--highlight-keyword)"&gt;&lt;/span&gt;&lt;/code&gt;&lt;/li&gt;&lt;/ol&gt;    &lt;/div&gt;            &lt;/div&gt;
                        &lt;div class="trace-line "&gt;
                &lt;div class="trace-line-header break-long-words sf-toggle" data-toggle-selector="#trace-html-3-12" data-toggle-initial=""&gt;
            &lt;span class="icon icon-close"&gt;&lt;svg width="1792" height="1792" viewBox="0 0 1792 1792" xmlns="http://www.w3.org/2000/svg"&gt;&lt;path d="M1408 960V832q0-26-19-45t-45-19H448q-26 0-45 19t-19 45v128q0 26 19 45t45 19h896q26 0 45-19t19-45zm256-544v960q0 119-84.5 203.5T1376 1664H416q-119 0-203.5-84.5T128 1376V416q0-119 84.5-203.5T416 128h960q119 0 203.5 84.5T1664 416z"/&gt;&lt;/svg&gt;&lt;/span&gt;
        &lt;span class="icon icon-open"&gt;&lt;svg width="1792" height="1792" viewBox="0 0 1792 1792" xmlns="http://www.w3.org/2000/svg"&gt;&lt;path d="M1408 960V832q0-26-19-45t-45-19h-320V448q0-26-19-45t-45-19H832q-26 0-45 19t-19 45v320H448q-26 0-45 19t-19 45v128q0 26 19 45t45 19h320v320q0 26 19 45t45 19h128q26 0 45-19t19-45v-320h320q26 0 45-19t19-45zm256-544v960q0 119-84.5 203.5T1376 1664H416q-119 0-203.5-84.5T128 1376V416q0-119 84.5-203.5T416 128h960q119 0 203.5 84.5T1664 416z"/&gt;&lt;/svg&gt;&lt;/span&gt;
    
            &lt;span class="trace-class"&gt;&lt;abbr title="Symfony\Component\HttpKernel\Kernel"&gt;Kernel&lt;/abbr&gt;&lt;/span&gt;&lt;span class="trace-type"&gt;-&gt;&lt;/span&gt;&lt;span class="trace-method"&gt;handle&lt;/span&gt;&lt;span class="trace-arguments"&gt;()&lt;/span&gt;    
                    &lt;span class="block trace-file-path"&gt;
            in
            &lt;a href=""&gt;
                C:\Users\eman\Documents\GitHub\car_dealer\vendor\symfony\http-kernel\&lt;strong&gt;HttpKernelBrowser.php&lt;/strong&gt;
            &lt;/a&gt;
                        (line 65)
            &lt;span class="icon icon-copy hidden" data-clipboard-text="C:\Users\eman\Documents\GitHub\car_dealer\vendor\symfony\http-kernel\HttpKernelBrowser.php:65"&gt;
                &lt;svg xmlns="http://www.w3.org/2000/svg" height="24" viewBox="0 0 24 24" width="24"&gt;&lt;path d="M0 0h24v24H0z" fill="none"/&gt;&lt;path d="M16 1H4c-1.1 0-2 .9-2 2v14h2V3h12V1zm3 4H8c-1.1 0-2 .9-2 2v14c0 1.1.9 2 2 2h11c1.1 0 2-.9 2-2V7c0-1.1-.9-2-2-2zm0 16H8V7h11v14z"/&gt;&lt;/svg&gt;            &lt;/span&gt;
        &lt;/span&gt;
    &lt;/div&gt;
    &lt;div id="trace-html-3-12" class="trace-code sf-toggle-content"&gt;
        &lt;ol start="60"&gt;&lt;li&gt;&lt;code&gt;&lt;span style="color: var(--highlight-comment)"&gt;&amp;nbsp;&amp;nbsp;&amp;nbsp;&amp;nbsp;&amp;nbsp;*&lt;/span&gt;&lt;/code&gt;&lt;/li&gt;
&lt;li&gt;&lt;code&gt;&lt;span style="color: var(--highlight-comment)"&gt;&amp;nbsp;&amp;nbsp;&amp;nbsp;&amp;nbsp;&amp;nbsp;*&amp;nbsp;@return&amp;nbsp;Response&lt;/span&gt;&lt;/code&gt;&lt;/li&gt;
&lt;li&gt;&lt;code&gt;&lt;span style="color: var(--highlight-comment)"&gt;&amp;nbsp;&amp;nbsp;&amp;nbsp;&amp;nbsp;&amp;nbsp;*/&lt;/span&gt;&lt;/code&gt;&lt;/li&gt;
&lt;li&gt;&lt;code&gt;&lt;span style="color: var(--highlight-comment)"&gt;&amp;nbsp;&amp;nbsp;&amp;nbsp;&amp;nbsp;&lt;/span&gt;&lt;span style="color: var(--highlight-keyword)"&gt;protected&amp;nbsp;function&amp;nbsp;&lt;/span&gt;&lt;span style="color: var(--highlight-default)"&gt;doRequest&lt;/span&gt;&lt;span style="color: var(--highlight-keyword)"&gt;(&lt;/span&gt;&lt;span style="color: var(--highlight-default)"&gt;object&amp;nbsp;$request&lt;/span&gt;&lt;span style="color: var(--highlight-keyword)"&gt;)&lt;/span&gt;&lt;/code&gt;&lt;/li&gt;
&lt;li&gt;&lt;code&gt;&lt;span style="color: var(--highlight-keyword)"&gt;&amp;nbsp;&amp;nbsp;&amp;nbsp;&amp;nbsp;{&lt;/span&gt;&lt;/code&gt;&lt;/li&gt;
&lt;li class="selected"&gt;&lt;code&gt;&lt;span style="color: var(--highlight-keyword)"&gt;&amp;nbsp;&amp;nbsp;&amp;nbsp;&amp;nbsp;&amp;nbsp;&amp;nbsp;&amp;nbsp;&amp;nbsp;&lt;/span&gt;&lt;span style="color: var(--highlight-default)"&gt;$response&amp;nbsp;&lt;/span&gt;&lt;span style="color: var(--highlight-keyword)"&gt;=&amp;nbsp;&lt;/span&gt;&lt;span style="color: var(--highlight-default)"&gt;$this&lt;/span&gt;&lt;span style="color: var(--highlight-keyword)"&gt;-&amp;gt;&lt;/span&gt;&lt;span style="color: var(--highlight-default)"&gt;kernel&lt;/span&gt;&lt;span style="color: var(--highlight-keyword)"&gt;-&amp;gt;&lt;/span&gt;&lt;span style="color: var(--highlight-default)"&gt;handle&lt;/span&gt;&lt;span style="color: var(--highlight-keyword)"&gt;(&lt;/span&gt;&lt;span style="color: var(--highlight-default)"&gt;$request&lt;/span&gt;&lt;span style="color: var(--highlight-keyword)"&gt;,&amp;nbsp;&lt;/span&gt;&lt;span style="color: var(--highlight-default)"&gt;HttpKernelInterface&lt;/span&gt;&lt;span style="color: var(--highlight-keyword)"&gt;::&lt;/span&gt;&lt;span style="color: var(--highlight-default)"&gt;MAIN_REQUEST&lt;/span&gt;&lt;span style="color: var(--highlight-keyword)"&gt;,&amp;nbsp;&lt;/span&gt;&lt;span style="color: var(--highlight-default)"&gt;$this&lt;/span&gt;&lt;span style="color: var(--highlight-keyword)"&gt;-&amp;gt;&lt;/span&gt;&lt;span style="color: var(--highlight-default)"&gt;catchExceptions&lt;/span&gt;&lt;span style="color: var(--highlight-keyword)"&gt;);&lt;/span&gt;&lt;/code&gt;&lt;/li&gt;
&lt;li&gt;&lt;code&gt;&lt;span style="color: var(--highlight-keyword)"&gt;&lt;/span&gt;&lt;/code&gt;&lt;/li&gt;
&lt;li&gt;&lt;code&gt;&lt;span style="color: var(--highlight-keyword)"&gt;&amp;nbsp;&amp;nbsp;&amp;nbsp;&amp;nbsp;&amp;nbsp;&amp;nbsp;&amp;nbsp;&amp;nbsp;if&amp;nbsp;(&lt;/span&gt;&lt;span style="color: var(--highlight-default)"&gt;$this&lt;/span&gt;&lt;span style="color: var(--highlight-keyword)"&gt;-&amp;gt;&lt;/span&gt;&lt;span style="color: var(--highlight-default)"&gt;kernel&amp;nbsp;&lt;/span&gt;&lt;span style="color: var(--highlight-keyword)"&gt;instanceof&amp;nbsp;&lt;/span&gt;&lt;span style="color: var(--highlight-default)"&gt;TerminableInterface&lt;/span&gt;&lt;span style="color: var(--highlight-keyword)"&gt;)&amp;nbsp;{&lt;/span&gt;&lt;/code&gt;&lt;/li&gt;
&lt;li&gt;&lt;code&gt;&lt;span style="color: var(--highlight-keyword)"&gt;&amp;nbsp;&amp;nbsp;&amp;nbsp;&amp;nbsp;&amp;nbsp;&amp;nbsp;&amp;nbsp;&amp;nbsp;&amp;nbsp;&amp;nbsp;&amp;nbsp;&amp;nbsp;&lt;/span&gt;&lt;span style="color: var(--highlight-default)"&gt;$this&lt;/span&gt;&lt;span style="color: var(--highlight-keyword)"&gt;-&amp;gt;&lt;/span&gt;&lt;span style="color: var(--highlight-default)"&gt;kernel&lt;/span&gt;&lt;span style="color: var(--highlight-keyword)"&gt;-&amp;gt;&lt;/span&gt;&lt;span style="color: var(--highlight-default)"&gt;terminate&lt;/span&gt;&lt;span style="color: var(--highlight-keyword)"&gt;(&lt;/span&gt;&lt;span style="color: var(--highlight-default)"&gt;$request&lt;/span&gt;&lt;span style="color: var(--highlight-keyword)"&gt;,&amp;nbsp;&lt;/span&gt;&lt;span style="color: var(--highlight-default)"&gt;$response&lt;/span&gt;&lt;span style="color: var(--highlight-keyword)"&gt;);&lt;/span&gt;&lt;/code&gt;&lt;/li&gt;
&lt;li&gt;&lt;code&gt;&lt;span style="color: var(--highlight-keyword)"&gt;&amp;nbsp;&amp;nbsp;&amp;nbsp;&amp;nbsp;&amp;nbsp;&amp;nbsp;&amp;nbsp;&amp;nbsp;}&lt;/span&gt;&lt;/code&gt;&lt;/li&gt;
&lt;li&gt;&lt;code&gt;&lt;span style="color: var(--highlight-keyword)"&gt;&lt;/span&gt;&lt;/code&gt;&lt;/li&gt;&lt;/ol&gt;    &lt;/div&gt;            &lt;/div&gt;
                        &lt;div class="trace-line "&gt;
                &lt;div class="trace-line-header break-long-words sf-toggle" data-toggle-selector="#trace-html-3-13" data-toggle-initial=""&gt;
            &lt;span class="icon icon-close"&gt;&lt;svg width="1792" height="1792" viewBox="0 0 1792 1792" xmlns="http://www.w3.org/2000/svg"&gt;&lt;path d="M1408 960V832q0-26-19-45t-45-19H448q-26 0-45 19t-19 45v128q0 26 19 45t45 19h896q26 0 45-19t19-45zm256-544v960q0 119-84.5 203.5T1376 1664H416q-119 0-203.5-84.5T128 1376V416q0-119 84.5-203.5T416 128h960q119 0 203.5 84.5T1664 416z"/&gt;&lt;/svg&gt;&lt;/span&gt;
        &lt;span class="icon icon-open"&gt;&lt;svg width="1792" height="1792" viewBox="0 0 1792 1792" xmlns="http://www.w3.org/2000/svg"&gt;&lt;path d="M1408 960V832q0-26-19-45t-45-19h-320V448q0-26-19-45t-45-19H832q-26 0-45 19t-19 45v320H448q-26 0-45 19t-19 45v128q0 26 19 45t45 19h320v320q0 26 19 45t45 19h128q26 0 45-19t19-45v-320h320q26 0 45-19t19-45zm256-544v960q0 119-84.5 203.5T1376 1664H416q-119 0-203.5-84.5T128 1376V416q0-119 84.5-203.5T416 128h960q119 0 203.5 84.5T1664 416z"/&gt;&lt;/svg&gt;&lt;/span&gt;
    
            &lt;span class="trace-class"&gt;&lt;abbr title="Symfony\Component\HttpKernel\HttpKernelBrowser"&gt;HttpKernelBrowser&lt;/abbr&gt;&lt;/span&gt;&lt;span class="trace-type"&gt;-&gt;&lt;/span&gt;&lt;span class="trace-method"&gt;doRequest&lt;/span&gt;&lt;span class="trace-arguments"&gt;()&lt;/span&gt;    
                    &lt;span class="block trace-file-path"&gt;
            in
            &lt;a href=""&gt;
                C:\Users\eman\Documents\GitHub\car_dealer\vendor\symfony\framework-bundle\&lt;strong&gt;KernelBrowser.php&lt;/strong&gt;
            &lt;/a&gt;
                        (line 171)
            &lt;span class="icon icon-copy hidden" data-clipboard-text="C:\Users\eman\Documents\GitHub\car_dealer\vendor\symfony\framework-bundle\KernelBrowser.php:171"&gt;
                &lt;svg xmlns="http://www.w3.org/2000/svg" height="24" viewBox="0 0 24 24" width="24"&gt;&lt;path d="M0 0h24v24H0z" fill="none"/&gt;&lt;path d="M16 1H4c-1.1 0-2 .9-2 2v14h2V3h12V1zm3 4H8c-1.1 0-2 .9-2 2v14c0 1.1.9 2 2 2h11c1.1 0 2-.9 2-2V7c0-1.1-.9-2-2-2zm0 16H8V7h11v14z"/&gt;&lt;/svg&gt;            &lt;/span&gt;
        &lt;/span&gt;
    &lt;/div&gt;
    &lt;div id="trace-html-3-13" class="trace-code sf-toggle-content"&gt;
        &lt;ol start="166"&gt;&lt;li&gt;&lt;code&gt;&lt;span style="color: var(--highlight-keyword)"&gt;&lt;/span&gt;&lt;/code&gt;&lt;/li&gt;
&lt;li&gt;&lt;code&gt;&lt;span style="color: var(--highlight-keyword)"&gt;&amp;nbsp;&amp;nbsp;&amp;nbsp;&amp;nbsp;&amp;nbsp;&amp;nbsp;&amp;nbsp;&amp;nbsp;&amp;nbsp;&amp;nbsp;&amp;nbsp;&amp;nbsp;&lt;/span&gt;&lt;span style="color: var(--highlight-default)"&gt;$this&lt;/span&gt;&lt;span style="color: var(--highlight-keyword)"&gt;-&amp;gt;&lt;/span&gt;&lt;span style="color: var(--highlight-default)"&gt;kernel&lt;/span&gt;&lt;span style="color: var(--highlight-keyword)"&gt;-&amp;gt;&lt;/span&gt;&lt;span style="color: var(--highlight-default)"&gt;boot&lt;/span&gt;&lt;span style="color: var(--highlight-keyword)"&gt;();&lt;/span&gt;&lt;/code&gt;&lt;/li&gt;
&lt;li&gt;&lt;code&gt;&lt;span style="color: var(--highlight-keyword)"&gt;&amp;nbsp;&amp;nbsp;&amp;nbsp;&amp;nbsp;&amp;nbsp;&amp;nbsp;&amp;nbsp;&amp;nbsp;&amp;nbsp;&amp;nbsp;&amp;nbsp;&amp;nbsp;&lt;/span&gt;&lt;span style="color: var(--highlight-default)"&gt;$this&lt;/span&gt;&lt;span style="color: var(--highlight-keyword)"&gt;-&amp;gt;&lt;/span&gt;&lt;span style="color: var(--highlight-default)"&gt;getContainer&lt;/span&gt;&lt;span style="color: var(--highlight-keyword)"&gt;()-&amp;gt;&lt;/span&gt;&lt;span style="color: var(--highlight-default)"&gt;get&lt;/span&gt;&lt;span style="color: var(--highlight-keyword)"&gt;(&lt;/span&gt;&lt;span style="color: var(--highlight-string)"&gt;'profiler'&lt;/span&gt;&lt;span style="color: var(--highlight-keyword)"&gt;)-&amp;gt;&lt;/span&gt;&lt;span style="color: var(--highlight-default)"&gt;enable&lt;/span&gt;&lt;span style="color: var(--highlight-keyword)"&gt;();&lt;/span&gt;&lt;/code&gt;&lt;/li&gt;
&lt;li&gt;&lt;code&gt;&lt;span style="color: var(--highlight-keyword)"&gt;&amp;nbsp;&amp;nbsp;&amp;nbsp;&amp;nbsp;&amp;nbsp;&amp;nbsp;&amp;nbsp;&amp;nbsp;}&lt;/span&gt;&lt;/code&gt;&lt;/li&gt;
&lt;li&gt;&lt;code&gt;&lt;span style="color: var(--highlight-keyword)"&gt;&lt;/span&gt;&lt;/code&gt;&lt;/li&gt;
&lt;li class="selected"&gt;&lt;code&gt;&lt;span style="color: var(--highlight-keyword)"&gt;&amp;nbsp;&amp;nbsp;&amp;nbsp;&amp;nbsp;&amp;nbsp;&amp;nbsp;&amp;nbsp;&amp;nbsp;return&amp;nbsp;&lt;/span&gt;&lt;span style="color: var(--highlight-default)"&gt;parent&lt;/span&gt;&lt;span style="color: var(--highlight-keyword)"&gt;::&lt;/span&gt;&lt;span style="color: var(--highlight-default)"&gt;doRequest&lt;/span&gt;&lt;span style="color: var(--highlight-keyword)"&gt;(&lt;/span&gt;&lt;span style="color: var(--highlight-default)"&gt;$request&lt;/span&gt;&lt;span style="color: var(--highlight-keyword)"&gt;);&lt;/span&gt;&lt;/code&gt;&lt;/li&gt;
&lt;li&gt;&lt;code&gt;&lt;span style="color: var(--highlight-keyword)"&gt;&amp;nbsp;&amp;nbsp;&amp;nbsp;&amp;nbsp;}&lt;/span&gt;&lt;/code&gt;&lt;/li&gt;
&lt;li&gt;&lt;code&gt;&lt;span style="color: var(--highlight-keyword)"&gt;&lt;/span&gt;&lt;/code&gt;&lt;/li&gt;
&lt;li&gt;&lt;code&gt;&lt;span style="color: var(--highlight-keyword)"&gt;&amp;nbsp;&amp;nbsp;&amp;nbsp;&amp;nbsp;&lt;/span&gt;&lt;span style="color: var(--highlight-comment)"&gt;/**&lt;/span&gt;&lt;/code&gt;&lt;/li&gt;
&lt;li&gt;&lt;code&gt;&lt;span style="color: var(--highlight-comment)"&gt;&amp;nbsp;&amp;nbsp;&amp;nbsp;&amp;nbsp;&amp;nbsp;*&amp;nbsp;{@inheritdoc}&lt;/span&gt;&lt;/code&gt;&lt;/li&gt;
&lt;li&gt;&lt;code&gt;&lt;span style="color: var(--highlight-comment)"&gt;&amp;nbsp;&amp;nbsp;&amp;nbsp;&amp;nbsp;&amp;nbsp;*&lt;/span&gt;&lt;/code&gt;&lt;/li&gt;&lt;/ol&gt;    &lt;/div&gt;            &lt;/div&gt;
                        &lt;div class="trace-line "&gt;
                &lt;div class="trace-line-header break-long-words sf-toggle" data-toggle-selector="#trace-html-3-14" data-toggle-initial=""&gt;
            &lt;span class="icon icon-close"&gt;&lt;svg width="1792" height="1792" viewBox="0 0 1792 1792" xmlns="http://www.w3.org/2000/svg"&gt;&lt;path d="M1408 960V832q0-26-19-45t-45-19H448q-26 0-45 19t-19 45v128q0 26 19 45t45 19h896q26 0 45-19t19-45zm256-544v960q0 119-84.5 203.5T1376 1664H416q-119 0-203.5-84.5T128 1376V416q0-119 84.5-203.5T416 128h960q119 0 203.5 84.5T1664 416z"/&gt;&lt;/svg&gt;&lt;/span&gt;
        &lt;span class="icon icon-open"&gt;&lt;svg width="1792" height="1792" viewBox="0 0 1792 1792" xmlns="http://www.w3.org/2000/svg"&gt;&lt;path d="M1408 960V832q0-26-19-45t-45-19h-320V448q0-26-19-45t-45-19H832q-26 0-45 19t-19 45v320H448q-26 0-45 19t-19 45v128q0 26 19 45t45 19h320v320q0 26 19 45t45 19h128q26 0 45-19t19-45v-320h320q26 0 45-19t19-45zm256-544v960q0 119-84.5 203.5T1376 1664H416q-119 0-203.5-84.5T128 1376V416q0-119 84.5-203.5T416 128h960q119 0 203.5 84.5T1664 416z"/&gt;&lt;/svg&gt;&lt;/span&gt;
    
            &lt;span class="trace-class"&gt;&lt;abbr title="Symfony\Bundle\FrameworkBundle\KernelBrowser"&gt;KernelBrowser&lt;/abbr&gt;&lt;/span&gt;&lt;span class="trace-type"&gt;-&gt;&lt;/span&gt;&lt;span class="trace-method"&gt;doRequest&lt;/span&gt;&lt;span class="trace-arguments"&gt;()&lt;/span&gt;    
                    &lt;span class="block trace-file-path"&gt;
            in
            &lt;a href=""&gt;
                C:\Users\eman\Documents\GitHub\car_dealer\vendor\symfony\browser-kit\&lt;strong&gt;AbstractBrowser.php&lt;/strong&gt;
            &lt;/a&gt;
                        (line 370)
            &lt;span class="icon icon-copy hidden" data-clipboard-text="C:\Users\eman\Documents\GitHub\car_dealer\vendor\symfony\browser-kit\AbstractBrowser.php:370"&gt;
                &lt;svg xmlns="http://www.w3.org/2000/svg" height="24" viewBox="0 0 24 24" width="24"&gt;&lt;path d="M0 0h24v24H0z" fill="none"/&gt;&lt;path d="M16 1H4c-1.1 0-2 .9-2 2v14h2V3h12V1zm3 4H8c-1.1 0-2 .9-2 2v14c0 1.1.9 2 2 2h11c1.1 0 2-.9 2-2V7c0-1.1-.9-2-2-2zm0 16H8V7h11v14z"/&gt;&lt;/svg&gt;            &lt;/span&gt;
        &lt;/span&gt;
    &lt;/div&gt;
    &lt;div id="trace-html-3-14" class="trace-code sf-toggle-content"&gt;
        &lt;ol start="365"&gt;&lt;li&gt;&lt;code&gt;&lt;span style="color: var(--highlight-keyword)"&gt;&amp;nbsp;&amp;nbsp;&amp;nbsp;&amp;nbsp;&amp;nbsp;&amp;nbsp;&amp;nbsp;&amp;nbsp;}&lt;/span&gt;&lt;/code&gt;&lt;/li&gt;
&lt;li&gt;&lt;code&gt;&lt;span style="color: var(--highlight-keyword)"&gt;&lt;/span&gt;&lt;/code&gt;&lt;/li&gt;
&lt;li&gt;&lt;code&gt;&lt;span style="color: var(--highlight-keyword)"&gt;&amp;nbsp;&amp;nbsp;&amp;nbsp;&amp;nbsp;&amp;nbsp;&amp;nbsp;&amp;nbsp;&amp;nbsp;if&amp;nbsp;(&lt;/span&gt;&lt;span style="color: var(--highlight-default)"&gt;$this&lt;/span&gt;&lt;span style="color: var(--highlight-keyword)"&gt;-&amp;gt;&lt;/span&gt;&lt;span style="color: var(--highlight-default)"&gt;insulated&lt;/span&gt;&lt;span style="color: var(--highlight-keyword)"&gt;)&amp;nbsp;{&lt;/span&gt;&lt;/code&gt;&lt;/li&gt;
&lt;li&gt;&lt;code&gt;&lt;span style="color: var(--highlight-keyword)"&gt;&amp;nbsp;&amp;nbsp;&amp;nbsp;&amp;nbsp;&amp;nbsp;&amp;nbsp;&amp;nbsp;&amp;nbsp;&amp;nbsp;&amp;nbsp;&amp;nbsp;&amp;nbsp;&lt;/span&gt;&lt;span style="color: var(--highlight-default)"&gt;$this&lt;/span&gt;&lt;span style="color: var(--highlight-keyword)"&gt;-&amp;gt;&lt;/span&gt;&lt;span style="color: var(--highlight-default)"&gt;response&amp;nbsp;&lt;/span&gt;&lt;span style="color: var(--highlight-keyword)"&gt;=&amp;nbsp;&lt;/span&gt;&lt;span style="color: var(--highlight-default)"&gt;$this&lt;/span&gt;&lt;span style="color: var(--highlight-keyword)"&gt;-&amp;gt;&lt;/span&gt;&lt;span style="color: var(--highlight-default)"&gt;doRequestInProcess&lt;/span&gt;&lt;span style="color: var(--highlight-keyword)"&gt;(&lt;/span&gt;&lt;span style="color: var(--highlight-default)"&gt;$this&lt;/span&gt;&lt;span style="color: var(--highlight-keyword)"&gt;-&amp;gt;&lt;/span&gt;&lt;span style="color: var(--highlight-default)"&gt;request&lt;/span&gt;&lt;span style="color: var(--highlight-keyword)"&gt;);&lt;/span&gt;&lt;/code&gt;&lt;/li&gt;
&lt;li&gt;&lt;code&gt;&lt;span style="color: var(--highlight-keyword)"&gt;&amp;nbsp;&amp;nbsp;&amp;nbsp;&amp;nbsp;&amp;nbsp;&amp;nbsp;&amp;nbsp;&amp;nbsp;}&amp;nbsp;else&amp;nbsp;{&lt;/span&gt;&lt;/code&gt;&lt;/li&gt;
&lt;li class="selected"&gt;&lt;code&gt;&lt;span style="color: var(--highlight-keyword)"&gt;&amp;nbsp;&amp;nbsp;&amp;nbsp;&amp;nbsp;&amp;nbsp;&amp;nbsp;&amp;nbsp;&amp;nbsp;&amp;nbsp;&amp;nbsp;&amp;nbsp;&amp;nbsp;&lt;/span&gt;&lt;span style="color: var(--highlight-default)"&gt;$this&lt;/span&gt;&lt;span style="color: var(--highlight-keyword)"&gt;-&amp;gt;&lt;/span&gt;&lt;span style="color: var(--highlight-default)"&gt;response&amp;nbsp;&lt;/span&gt;&lt;span style="color: var(--highlight-keyword)"&gt;=&amp;nbsp;&lt;/span&gt;&lt;span style="color: var(--highlight-default)"&gt;$this&lt;/span&gt;&lt;span style="color: var(--highlight-keyword)"&gt;-&amp;gt;&lt;/span&gt;&lt;span style="color: var(--highlight-default)"&gt;doRequest&lt;/span&gt;&lt;span style="color: var(--highlight-keyword)"&gt;(&lt;/span&gt;&lt;span style="color: var(--highlight-default)"&gt;$this&lt;/span&gt;&lt;span style="color: var(--highlight-keyword)"&gt;-&amp;gt;&lt;/span&gt;&lt;span style="color: var(--highlight-default)"&gt;request&lt;/span&gt;&lt;span style="color: var(--highlight-keyword)"&gt;);&lt;/span&gt;&lt;/code&gt;&lt;/li&gt;
&lt;li&gt;&lt;code&gt;&lt;span style="color: var(--highlight-keyword)"&gt;&amp;nbsp;&amp;nbsp;&amp;nbsp;&amp;nbsp;&amp;nbsp;&amp;nbsp;&amp;nbsp;&amp;nbsp;}&lt;/span&gt;&lt;/code&gt;&lt;/li&gt;
&lt;li&gt;&lt;code&gt;&lt;span style="color: var(--highlight-keyword)"&gt;&lt;/span&gt;&lt;/code&gt;&lt;/li&gt;
&lt;li&gt;&lt;code&gt;&lt;span style="color: var(--highlight-keyword)"&gt;&amp;nbsp;&amp;nbsp;&amp;nbsp;&amp;nbsp;&amp;nbsp;&amp;nbsp;&amp;nbsp;&amp;nbsp;&lt;/span&gt;&lt;span style="color: var(--highlight-default)"&gt;$this&lt;/span&gt;&lt;span style="color: var(--highlight-keyword)"&gt;-&amp;gt;&lt;/span&gt;&lt;span style="color: var(--highlight-default)"&gt;internalResponse&amp;nbsp;&lt;/span&gt;&lt;span style="color: var(--highlight-keyword)"&gt;=&amp;nbsp;&lt;/span&gt;&lt;span style="color: var(--highlight-default)"&gt;$this&lt;/span&gt;&lt;span style="color: var(--highlight-keyword)"&gt;-&amp;gt;&lt;/span&gt;&lt;span style="color: var(--highlight-default)"&gt;filterResponse&lt;/span&gt;&lt;span style="color: var(--highlight-keyword)"&gt;(&lt;/span&gt;&lt;span style="color: var(--highlight-default)"&gt;$this&lt;/span&gt;&lt;span style="color: var(--highlight-keyword)"&gt;-&amp;gt;&lt;/span&gt;&lt;span style="color: var(--highlight-default)"&gt;response&lt;/span&gt;&lt;span style="color: var(--highlight-keyword)"&gt;);&lt;/span&gt;&lt;/code&gt;&lt;/li&gt;
&lt;li&gt;&lt;code&gt;&lt;span style="color: var(--highlight-keyword)"&gt;&lt;/span&gt;&lt;/code&gt;&lt;/li&gt;
&lt;li&gt;&lt;code&gt;&lt;span style="color: var(--highlight-keyword)"&gt;&amp;nbsp;&amp;nbsp;&amp;nbsp;&amp;nbsp;&amp;nbsp;&amp;nbsp;&amp;nbsp;&amp;nbsp;&lt;/span&gt;&lt;span style="color: var(--highlight-default)"&gt;$this&lt;/span&gt;&lt;span style="color: var(--highlight-keyword)"&gt;-&amp;gt;&lt;/span&gt;&lt;span style="color: var(--highlight-default)"&gt;cookieJar&lt;/span&gt;&lt;span style="color: var(--highlight-keyword)"&gt;-&amp;gt;&lt;/span&gt;&lt;span style="color: var(--highlight-default)"&gt;updateFromResponse&lt;/span&gt;&lt;span style="color: var(--highlight-keyword)"&gt;(&lt;/span&gt;&lt;span style="color: var(--highlight-default)"&gt;$this&lt;/span&gt;&lt;span style="color: var(--highlight-keyword)"&gt;-&amp;gt;&lt;/span&gt;&lt;span style="color: var(--highlight-default)"&gt;internalResponse&lt;/span&gt;&lt;span style="color: var(--highlight-keyword)"&gt;,&amp;nbsp;&lt;/span&gt;&lt;span style="color: var(--highlight-default)"&gt;$uri&lt;/span&gt;&lt;span style="color: var(--highlight-keyword)"&gt;);&lt;/span&gt;&lt;/code&gt;&lt;/li&gt;&lt;/ol&gt;    &lt;/div&gt;            &lt;/div&gt;
                        &lt;div class="trace-line "&gt;
                &lt;div class="trace-line-header break-long-words sf-toggle" data-toggle-selector="#trace-html-3-15" data-toggle-initial=""&gt;
            &lt;span class="icon icon-close"&gt;&lt;svg width="1792" height="1792" viewBox="0 0 1792 1792" xmlns="http://www.w3.org/2000/svg"&gt;&lt;path d="M1408 960V832q0-26-19-45t-45-19H448q-26 0-45 19t-19 45v128q0 26 19 45t45 19h896q26 0 45-19t19-45zm256-544v960q0 119-84.5 203.5T1376 1664H416q-119 0-203.5-84.5T128 1376V416q0-119 84.5-203.5T416 128h960q119 0 203.5 84.5T1664 416z"/&gt;&lt;/svg&gt;&lt;/span&gt;
        &lt;span class="icon icon-open"&gt;&lt;svg width="1792" height="1792" viewBox="0 0 1792 1792" xmlns="http://www.w3.org/2000/svg"&gt;&lt;path d="M1408 960V832q0-26-19-45t-45-19h-320V448q0-26-19-45t-45-19H832q-26 0-45 19t-19 45v320H448q-26 0-45 19t-19 45v128q0 26 19 45t45 19h320v320q0 26 19 45t45 19h128q26 0 45-19t19-45v-320h320q26 0 45-19t19-45zm256-544v960q0 119-84.5 203.5T1376 1664H416q-119 0-203.5-84.5T128 1376V416q0-119 84.5-203.5T416 128h960q119 0 203.5 84.5T1664 416z"/&gt;&lt;/svg&gt;&lt;/span&gt;
    
            &lt;span class="trace-class"&gt;&lt;abbr title="Symfony\Component\BrowserKit\AbstractBrowser"&gt;AbstractBrowser&lt;/abbr&gt;&lt;/span&gt;&lt;span class="trace-type"&gt;-&gt;&lt;/span&gt;&lt;span class="trace-method"&gt;request&lt;/span&gt;&lt;span class="trace-arguments"&gt;()&lt;/span&gt;    
                    &lt;span class="block trace-file-path"&gt;
            in
            &lt;a href=""&gt;
                C:\Users\eman\Documents\GitHub\car_dealer\tests\WebTest\&lt;strong&gt;CarsPageTest.php&lt;/strong&gt;
            &lt;/a&gt;
                        (line 16)
            &lt;span class="icon icon-copy hidden" data-clipboard-text="C:\Users\eman\Documents\GitHub\car_dealer\tests\WebTest\CarsPageTest.php:16"&gt;
                &lt;svg xmlns="http://www.w3.org/2000/svg" height="24" viewBox="0 0 24 24" width="24"&gt;&lt;path d="M0 0h24v24H0z" fill="none"/&gt;&lt;path d="M16 1H4c-1.1 0-2 .9-2 2v14h2V3h12V1zm3 4H8c-1.1 0-2 .9-2 2v14c0 1.1.9 2 2 2h11c1.1 0 2-.9 2-2V7c0-1.1-.9-2-2-2zm0 16H8V7h11v14z"/&gt;&lt;/svg&gt;            &lt;/span&gt;
        &lt;/span&gt;
    &lt;/div&gt;
    &lt;div id="trace-html-3-15" class="trace-code sf-toggle-content"&gt;
        &lt;ol start="11"&gt;&lt;li&gt;&lt;code&gt;&lt;span style="color: var(--highlight-keyword)"&gt;&amp;nbsp;&amp;nbsp;&amp;nbsp;&amp;nbsp;&amp;nbsp;&amp;nbsp;&amp;nbsp;&amp;nbsp;&lt;/span&gt;&lt;span style="color: var(--highlight-default)"&gt;$url&amp;nbsp;&lt;/span&gt;&lt;span style="color: var(--highlight-keyword)"&gt;=&amp;nbsp;&lt;/span&gt;&lt;span style="color: var(--highlight-string)"&gt;'/Cars'&lt;/span&gt;&lt;span style="color: var(--highlight-keyword)"&gt;;&lt;/span&gt;&lt;/code&gt;&lt;/li&gt;
&lt;li&gt;&lt;code&gt;&lt;span style="color: var(--highlight-keyword)"&gt;&amp;nbsp;&amp;nbsp;&amp;nbsp;&amp;nbsp;&amp;nbsp;&amp;nbsp;&amp;nbsp;&amp;nbsp;&lt;/span&gt;&lt;span style="color: var(--highlight-default)"&gt;$httpMethod&amp;nbsp;&lt;/span&gt;&lt;span style="color: var(--highlight-keyword)"&gt;=&amp;nbsp;&lt;/span&gt;&lt;span style="color: var(--highlight-string)"&gt;'GET'&lt;/span&gt;&lt;span style="color: var(--highlight-keyword)"&gt;;&lt;/span&gt;&lt;/code&gt;&lt;/li&gt;
&lt;li&gt;&lt;code&gt;&lt;span style="color: var(--highlight-keyword)"&gt;&amp;nbsp;&amp;nbsp;&amp;nbsp;&amp;nbsp;&amp;nbsp;&amp;nbsp;&amp;nbsp;&amp;nbsp;&lt;/span&gt;&lt;span style="color: var(--highlight-default)"&gt;$client&amp;nbsp;&lt;/span&gt;&lt;span style="color: var(--highlight-keyword)"&gt;=&amp;nbsp;static::&lt;/span&gt;&lt;span style="color: var(--highlight-default)"&gt;createClient&lt;/span&gt;&lt;span style="color: var(--highlight-keyword)"&gt;();&lt;/span&gt;&lt;/code&gt;&lt;/li&gt;
&lt;li&gt;&lt;code&gt;&lt;span style="color: var(--highlight-keyword)"&gt;&amp;nbsp;&amp;nbsp;&amp;nbsp;&amp;nbsp;&amp;nbsp;&amp;nbsp;&amp;nbsp;&amp;nbsp;&lt;/span&gt;&lt;span style="color: var(--highlight-default)"&gt;$searchText&amp;nbsp;&lt;/span&gt;&lt;span style="color: var(--highlight-keyword)"&gt;=&amp;nbsp;&lt;/span&gt;&lt;span style="color: var(--highlight-string)"&gt;'Cars'&lt;/span&gt;&lt;span style="color: var(--highlight-keyword)"&gt;;&lt;/span&gt;&lt;/code&gt;&lt;/li&gt;
&lt;li&gt;&lt;code&gt;&lt;span style="color: var(--highlight-keyword)"&gt;&amp;nbsp;&amp;nbsp;&amp;nbsp;&amp;nbsp;&amp;nbsp;&amp;nbsp;&amp;nbsp;&amp;nbsp;&lt;/span&gt;&lt;span style="color: var(--highlight-default)"&gt;$cssSelector&amp;nbsp;&lt;/span&gt;&lt;span style="color: var(--highlight-keyword)"&gt;=&amp;nbsp;&lt;/span&gt;&lt;span style="color: var(--highlight-string)"&gt;'title'&lt;/span&gt;&lt;span style="color: var(--highlight-keyword)"&gt;;&lt;/span&gt;&lt;/code&gt;&lt;/li&gt;
&lt;li class="selected"&gt;&lt;code&gt;&lt;span style="color: var(--highlight-keyword)"&gt;&amp;nbsp;&amp;nbsp;&amp;nbsp;&amp;nbsp;&amp;nbsp;&amp;nbsp;&amp;nbsp;&amp;nbsp;&lt;/span&gt;&lt;span style="color: var(--highlight-default)"&gt;$crawler&amp;nbsp;&lt;/span&gt;&lt;span style="color: var(--highlight-keyword)"&gt;=&amp;nbsp;&lt;/span&gt;&lt;span style="color: var(--highlight-default)"&gt;$client&lt;/span&gt;&lt;span style="color: var(--highlight-keyword)"&gt;-&amp;gt;&lt;/span&gt;&lt;span style="color: var(--highlight-default)"&gt;request&lt;/span&gt;&lt;span style="color: var(--highlight-keyword)"&gt;(&lt;/span&gt;&lt;span style="color: var(--highlight-default)"&gt;$httpMethod&lt;/span&gt;&lt;span style="color: var(--highlight-keyword)"&gt;,&amp;nbsp;&lt;/span&gt;&lt;span style="color: var(--highlight-default)"&gt;$url&lt;/span&gt;&lt;span style="color: var(--highlight-keyword)"&gt;);&lt;/span&gt;&lt;/code&gt;&lt;/li&gt;
&lt;li&gt;&lt;code&gt;&lt;span style="color: var(--highlight-keyword)"&gt;&amp;nbsp;&amp;nbsp;&amp;nbsp;&amp;nbsp;&amp;nbsp;&amp;nbsp;&amp;nbsp;&amp;nbsp;&lt;/span&gt;&lt;span style="color: var(--highlight-default)"&gt;$content&amp;nbsp;&lt;/span&gt;&lt;span style="color: var(--highlight-keyword)"&gt;=&amp;nbsp;&lt;/span&gt;&lt;span style="color: var(--highlight-default)"&gt;$client&lt;/span&gt;&lt;span style="color: var(--highlight-keyword)"&gt;-&amp;gt;&lt;/span&gt;&lt;span style="color: var(--highlight-default)"&gt;getResponse&lt;/span&gt;&lt;span style="color: var(--highlight-keyword)"&gt;()-&amp;gt;&lt;/span&gt;&lt;span style="color: var(--highlight-default)"&gt;getContent&lt;/span&gt;&lt;span style="color: var(--highlight-keyword)"&gt;();&lt;/span&gt;&lt;/code&gt;&lt;/li&gt;
&lt;li&gt;&lt;code&gt;&lt;span style="color: var(--highlight-keyword)"&gt;&amp;nbsp;&amp;nbsp;&amp;nbsp;&amp;nbsp;&amp;nbsp;&amp;nbsp;&amp;nbsp;&amp;nbsp;&lt;/span&gt;&lt;span style="color: var(--highlight-default)"&gt;$this&lt;/span&gt;&lt;span style="color: var(--highlight-keyword)"&gt;-&amp;gt;&lt;/span&gt;&lt;span style="color: var(--highlight-default)"&gt;assertResponseIsSuccessful&lt;/span&gt;&lt;span style="color: var(--highlight-keyword)"&gt;();&lt;/span&gt;&lt;/code&gt;&lt;/li&gt;
&lt;li&gt;&lt;code&gt;&lt;span style="color: var(--highlight-keyword)"&gt;&amp;nbsp;&amp;nbsp;&amp;nbsp;&amp;nbsp;&amp;nbsp;&amp;nbsp;&amp;nbsp;&amp;nbsp;&lt;/span&gt;&lt;span style="color: var(--highlight-default)"&gt;$this&lt;/span&gt;&lt;span style="color: var(--highlight-keyword)"&gt;-&amp;gt;&lt;/span&gt;&lt;span style="color: var(--highlight-default)"&gt;assertSelectorTextContains&lt;/span&gt;&lt;span style="color: var(--highlight-keyword)"&gt;(&lt;/span&gt;&lt;span style="color: var(--highlight-default)"&gt;$cssSelector&lt;/span&gt;&lt;span style="color: var(--highlight-keyword)"&gt;,&amp;nbsp;&lt;/span&gt;&lt;span style="color: var(--highlight-default)"&gt;$searchText&lt;/span&gt;&lt;span style="color: var(--highlight-keyword)"&gt;);&lt;/span&gt;&lt;/code&gt;&lt;/li&gt;
&lt;li&gt;&lt;code&gt;&lt;span style="color: var(--highlight-keyword)"&gt;&amp;nbsp;&amp;nbsp;&amp;nbsp;&amp;nbsp;}&lt;/span&gt;&lt;/code&gt;&lt;/li&gt;
&lt;li&gt;&lt;code&gt;&lt;span style="color: var(--highlight-keyword)"&gt;&amp;nbsp;&amp;nbsp;&amp;nbsp;&amp;nbsp;public&amp;nbsp;function&amp;nbsp;&lt;/span&gt;&lt;span style="color: var(--highlight-default)"&gt;testHeading&lt;/span&gt;&lt;span style="color: var(--highlight-keyword)"&gt;():&amp;nbsp;&lt;/span&gt;&lt;span style="color: var(--highlight-default)"&gt;void&lt;/span&gt;&lt;/code&gt;&lt;/li&gt;&lt;/ol&gt;    &lt;/div&gt;            &lt;/div&gt;
                        &lt;div class="trace-line "&gt;
                &lt;div class="trace-line-header break-long-words sf-toggle" data-toggle-selector="#trace-html-3-16" data-toggle-initial=""&gt;
            &lt;span class="icon icon-close"&gt;&lt;svg width="1792" height="1792" viewBox="0 0 1792 1792" xmlns="http://www.w3.org/2000/svg"&gt;&lt;path d="M1408 960V832q0-26-19-45t-45-19H448q-26 0-45 19t-19 45v128q0 26 19 45t45 19h896q26 0 45-19t19-45zm256-544v960q0 119-84.5 203.5T1376 1664H416q-119 0-203.5-84.5T128 1376V416q0-119 84.5-203.5T416 128h960q119 0 203.5 84.5T1664 416z"/&gt;&lt;/svg&gt;&lt;/span&gt;
        &lt;span class="icon icon-open"&gt;&lt;svg width="1792" height="1792" viewBox="0 0 1792 1792" xmlns="http://www.w3.org/2000/svg"&gt;&lt;path d="M1408 960V832q0-26-19-45t-45-19h-320V448q0-26-19-45t-45-19H832q-26 0-45 19t-19 45v320H448q-26 0-45 19t-19 45v128q0 26 19 45t45 19h320v320q0 26 19 45t45 19h128q26 0 45-19t19-45v-320h320q26 0 45-19t19-45zm256-544v960q0 119-84.5 203.5T1376 1664H416q-119 0-203.5-84.5T128 1376V416q0-119 84.5-203.5T416 128h960q119 0 203.5 84.5T1664 416z"/&gt;&lt;/svg&gt;&lt;/span&gt;
    
            &lt;span class="trace-class"&gt;&lt;abbr title="App\Tests\WebTest\CarsPageTest"&gt;CarsPageTest&lt;/abbr&gt;&lt;/span&gt;&lt;span class="trace-type"&gt;-&gt;&lt;/span&gt;&lt;span class="trace-method"&gt;testTittle&lt;/span&gt;&lt;span class="trace-arguments"&gt;()&lt;/span&gt;    
                    &lt;span class="block trace-file-path"&gt;
            in
            &lt;a href=""&gt;
                C:\Users\eman\Documents\GitHub\car_dealer\vendor\phpunit\phpunit\src\Framework\&lt;strong&gt;TestCase.php&lt;/strong&gt;
            &lt;/a&gt;
                        (line 1545)
            &lt;span class="icon icon-copy hidden" data-clipboard-text="C:\Users\eman\Documents\GitHub\car_dealer\vendor\phpunit\phpunit\src\Framework\TestCase.php:1545"&gt;
                &lt;svg xmlns="http://www.w3.org/2000/svg" height="24" viewBox="0 0 24 24" width="24"&gt;&lt;path d="M0 0h24v24H0z" fill="none"/&gt;&lt;path d="M16 1H4c-1.1 0-2 .9-2 2v14h2V3h12V1zm3 4H8c-1.1 0-2 .9-2 2v14c0 1.1.9 2 2 2h11c1.1 0 2-.9 2-2V7c0-1.1-.9-2-2-2zm0 16H8V7h11v14z"/&gt;&lt;/svg&gt;            &lt;/span&gt;
        &lt;/span&gt;
    &lt;/div&gt;
    &lt;div id="trace-html-3-16" class="trace-code sf-toggle-content"&gt;
        &lt;ol start="1540"&gt;&lt;li&gt;&lt;code&gt;&lt;span style="color: var(--highlight-keyword)"&gt;&amp;nbsp;&amp;nbsp;&amp;nbsp;&amp;nbsp;&amp;nbsp;&amp;nbsp;&amp;nbsp;&amp;nbsp;&lt;/span&gt;&lt;span style="color: var(--highlight-default)"&gt;$testArguments&amp;nbsp;&lt;/span&gt;&lt;span style="color: var(--highlight-keyword)"&gt;=&amp;nbsp;&lt;/span&gt;&lt;span style="color: var(--highlight-default)"&gt;array_merge&lt;/span&gt;&lt;span style="color: var(--highlight-keyword)"&gt;(&lt;/span&gt;&lt;span style="color: var(--highlight-default)"&gt;$this&lt;/span&gt;&lt;span style="color: var(--highlight-keyword)"&gt;-&amp;gt;&lt;/span&gt;&lt;span style="color: var(--highlight-default)"&gt;data&lt;/span&gt;&lt;span style="color: var(--highlight-keyword)"&gt;,&amp;nbsp;&lt;/span&gt;&lt;span style="color: var(--highlight-default)"&gt;$this&lt;/span&gt;&lt;span style="color: var(--highlight-keyword)"&gt;-&amp;gt;&lt;/span&gt;&lt;span style="color: var(--highlight-default)"&gt;dependencyInput&lt;/span&gt;&lt;span style="color: var(--highlight-keyword)"&gt;);&lt;/span&gt;&lt;/code&gt;&lt;/li&gt;
&lt;li&gt;&lt;code&gt;&lt;span style="color: var(--highlight-keyword)"&gt;&lt;/span&gt;&lt;/code&gt;&lt;/li&gt;
&lt;li&gt;&lt;code&gt;&lt;span style="color: var(--highlight-keyword)"&gt;&amp;nbsp;&amp;nbsp;&amp;nbsp;&amp;nbsp;&amp;nbsp;&amp;nbsp;&amp;nbsp;&amp;nbsp;&lt;/span&gt;&lt;span style="color: var(--highlight-default)"&gt;$this&lt;/span&gt;&lt;span style="color: var(--highlight-keyword)"&gt;-&amp;gt;&lt;/span&gt;&lt;span style="color: var(--highlight-default)"&gt;registerMockObjectsFromTestArguments&lt;/span&gt;&lt;span style="color: var(--highlight-keyword)"&gt;(&lt;/span&gt;&lt;span style="color: var(--highlight-default)"&gt;$testArguments&lt;/span&gt;&lt;span style="color: var(--highlight-keyword)"&gt;);&lt;/span&gt;&lt;/code&gt;&lt;/li&gt;
&lt;li&gt;&lt;code&gt;&lt;span style="color: var(--highlight-keyword)"&gt;&lt;/span&gt;&lt;/code&gt;&lt;/li&gt;
&lt;li&gt;&lt;code&gt;&lt;span style="color: var(--highlight-keyword)"&gt;&amp;nbsp;&amp;nbsp;&amp;nbsp;&amp;nbsp;&amp;nbsp;&amp;nbsp;&amp;nbsp;&amp;nbsp;try&amp;nbsp;{&lt;/span&gt;&lt;/code&gt;&lt;/li&gt;
&lt;li class="selected"&gt;&lt;code&gt;&lt;span style="color: var(--highlight-keyword)"&gt;&amp;nbsp;&amp;nbsp;&amp;nbsp;&amp;nbsp;&amp;nbsp;&amp;nbsp;&amp;nbsp;&amp;nbsp;&amp;nbsp;&amp;nbsp;&amp;nbsp;&amp;nbsp;&lt;/span&gt;&lt;span style="color: var(--highlight-default)"&gt;$testResult&amp;nbsp;&lt;/span&gt;&lt;span style="color: var(--highlight-keyword)"&gt;=&amp;nbsp;&lt;/span&gt;&lt;span style="color: var(--highlight-default)"&gt;$this&lt;/span&gt;&lt;span style="color: var(--highlight-keyword)"&gt;-&amp;gt;{&lt;/span&gt;&lt;span style="color: var(--highlight-default)"&gt;$this&lt;/span&gt;&lt;span style="color: var(--highlight-keyword)"&gt;-&amp;gt;&lt;/span&gt;&lt;span style="color: var(--highlight-default)"&gt;name&lt;/span&gt;&lt;span style="color: var(--highlight-keyword)"&gt;}(...&lt;/span&gt;&lt;span style="color: var(--highlight-default)"&gt;array_values&lt;/span&gt;&lt;span style="color: var(--highlight-keyword)"&gt;(&lt;/span&gt;&lt;span style="color: var(--highlight-default)"&gt;$testArguments&lt;/span&gt;&lt;span style="color: var(--highlight-keyword)"&gt;));&lt;/span&gt;&lt;/code&gt;&lt;/li&gt;
&lt;li&gt;&lt;code&gt;&lt;span style="color: var(--highlight-keyword)"&gt;&amp;nbsp;&amp;nbsp;&amp;nbsp;&amp;nbsp;&amp;nbsp;&amp;nbsp;&amp;nbsp;&amp;nbsp;}&amp;nbsp;catch&amp;nbsp;(&lt;/span&gt;&lt;span style="color: var(--highlight-default)"&gt;Throwable&amp;nbsp;$exception&lt;/span&gt;&lt;span style="color: var(--highlight-keyword)"&gt;)&amp;nbsp;{&lt;/span&gt;&lt;/code&gt;&lt;/li&gt;
&lt;li&gt;&lt;code&gt;&lt;span style="color: var(--highlight-keyword)"&gt;&amp;nbsp;&amp;nbsp;&amp;nbsp;&amp;nbsp;&amp;nbsp;&amp;nbsp;&amp;nbsp;&amp;nbsp;&amp;nbsp;&amp;nbsp;&amp;nbsp;&amp;nbsp;if&amp;nbsp;(!&lt;/span&gt;&lt;span style="color: var(--highlight-default)"&gt;$this&lt;/span&gt;&lt;span style="color: var(--highlight-keyword)"&gt;-&amp;gt;&lt;/span&gt;&lt;span style="color: var(--highlight-default)"&gt;checkExceptionExpectations&lt;/span&gt;&lt;span style="color: var(--highlight-keyword)"&gt;(&lt;/span&gt;&lt;span style="color: var(--highlight-default)"&gt;$exception&lt;/span&gt;&lt;span style="color: var(--highlight-keyword)"&gt;))&amp;nbsp;{&lt;/span&gt;&lt;/code&gt;&lt;/li&gt;
&lt;li&gt;&lt;code&gt;&lt;span style="color: var(--highlight-keyword)"&gt;&amp;nbsp;&amp;nbsp;&amp;nbsp;&amp;nbsp;&amp;nbsp;&amp;nbsp;&amp;nbsp;&amp;nbsp;&amp;nbsp;&amp;nbsp;&amp;nbsp;&amp;nbsp;&amp;nbsp;&amp;nbsp;&amp;nbsp;&amp;nbsp;throw&amp;nbsp;&lt;/span&gt;&lt;span style="color: var(--highlight-default)"&gt;$exception&lt;/span&gt;&lt;span style="color: var(--highlight-keyword)"&gt;;&lt;/span&gt;&lt;/code&gt;&lt;/li&gt;
&lt;li&gt;&lt;code&gt;&lt;span style="color: var(--highlight-keyword)"&gt;&amp;nbsp;&amp;nbsp;&amp;nbsp;&amp;nbsp;&amp;nbsp;&amp;nbsp;&amp;nbsp;&amp;nbsp;&amp;nbsp;&amp;nbsp;&amp;nbsp;&amp;nbsp;}&lt;/span&gt;&lt;/code&gt;&lt;/li&gt;
&lt;li&gt;&lt;code&gt;&lt;span style="color: var(--highlight-keyword)"&gt;&lt;/span&gt;&lt;/code&gt;&lt;/li&gt;&lt;/ol&gt;    &lt;/div&gt;            &lt;/div&gt;
                        &lt;div class="trace-line "&gt;
                &lt;div class="trace-line-header break-long-words sf-toggle" data-toggle-selector="#trace-html-3-17" data-toggle-initial=""&gt;
            &lt;span class="icon icon-close"&gt;&lt;svg width="1792" height="1792" viewBox="0 0 1792 1792" xmlns="http://www.w3.org/2000/svg"&gt;&lt;path d="M1408 960V832q0-26-19-45t-45-19H448q-26 0-45 19t-19 45v128q0 26 19 45t45 19h896q26 0 45-19t19-45zm256-544v960q0 119-84.5 203.5T1376 1664H416q-119 0-203.5-84.5T128 1376V416q0-119 84.5-203.5T416 128h960q119 0 203.5 84.5T1664 416z"/&gt;&lt;/svg&gt;&lt;/span&gt;
        &lt;span class="icon icon-open"&gt;&lt;svg width="1792" height="1792" viewBox="0 0 1792 1792" xmlns="http://www.w3.org/2000/svg"&gt;&lt;path d="M1408 960V832q0-26-19-45t-45-19h-320V448q0-26-19-45t-45-19H832q-26 0-45 19t-19 45v320H448q-26 0-45 19t-19 45v128q0 26 19 45t45 19h320v320q0 26 19 45t45 19h128q26 0 45-19t19-45v-320h320q26 0 45-19t19-45zm256-544v960q0 119-84.5 203.5T1376 1664H416q-119 0-203.5-84.5T128 1376V416q0-119 84.5-203.5T416 128h960q119 0 203.5 84.5T1664 416z"/&gt;&lt;/svg&gt;&lt;/span&gt;
    
            &lt;span class="trace-class"&gt;&lt;abbr title="PHPUnit\Framework\TestCase"&gt;TestCase&lt;/abbr&gt;&lt;/span&gt;&lt;span class="trace-type"&gt;-&gt;&lt;/span&gt;&lt;span class="trace-method"&gt;runTest&lt;/span&gt;&lt;span class="trace-arguments"&gt;()&lt;/span&gt;    
                    &lt;span class="block trace-file-path"&gt;
            in
            &lt;a href=""&gt;
                C:\Users\eman\Documents\GitHub\car_dealer\vendor\phpunit\phpunit\src\Framework\&lt;strong&gt;TestCase.php&lt;/strong&gt;
            &lt;/a&gt;
                        (line 1151)
            &lt;span class="icon icon-copy hidden" data-clipboard-text="C:\Users\eman\Documents\GitHub\car_dealer\vendor\phpunit\phpunit\src\Framework\TestCase.php:1151"&gt;
                &lt;svg xmlns="http://www.w3.org/2000/svg" height="24" viewBox="0 0 24 24" width="24"&gt;&lt;path d="M0 0h24v24H0z" fill="none"/&gt;&lt;path d="M16 1H4c-1.1 0-2 .9-2 2v14h2V3h12V1zm3 4H8c-1.1 0-2 .9-2 2v14c0 1.1.9 2 2 2h11c1.1 0 2-.9 2-2V7c0-1.1-.9-2-2-2zm0 16H8V7h11v14z"/&gt;&lt;/svg&gt;            &lt;/span&gt;
        &lt;/span&gt;
    &lt;/div&gt;
    &lt;div id="trace-html-3-17" class="trace-code sf-toggle-content"&gt;
        &lt;ol start="1146"&gt;&lt;li&gt;&lt;code&gt;&lt;span style="color: var(--highlight-keyword)"&gt;&lt;/span&gt;&lt;/code&gt;&lt;/li&gt;
&lt;li&gt;&lt;code&gt;&lt;span style="color: var(--highlight-keyword)"&gt;&amp;nbsp;&amp;nbsp;&amp;nbsp;&amp;nbsp;&amp;nbsp;&amp;nbsp;&amp;nbsp;&amp;nbsp;&amp;nbsp;&amp;nbsp;&amp;nbsp;&amp;nbsp;foreach&amp;nbsp;(&lt;/span&gt;&lt;span style="color: var(--highlight-default)"&gt;$hookMethods&lt;/span&gt;&lt;span style="color: var(--highlight-keyword)"&gt;[&lt;/span&gt;&lt;span style="color: var(--highlight-string)"&gt;'preCondition'&lt;/span&gt;&lt;span style="color: var(--highlight-keyword)"&gt;]&amp;nbsp;as&amp;nbsp;&lt;/span&gt;&lt;span style="color: var(--highlight-default)"&gt;$method&lt;/span&gt;&lt;span style="color: var(--highlight-keyword)"&gt;)&amp;nbsp;{&lt;/span&gt;&lt;/code&gt;&lt;/li&gt;
&lt;li&gt;&lt;code&gt;&lt;span style="color: var(--highlight-keyword)"&gt;&amp;nbsp;&amp;nbsp;&amp;nbsp;&amp;nbsp;&amp;nbsp;&amp;nbsp;&amp;nbsp;&amp;nbsp;&amp;nbsp;&amp;nbsp;&amp;nbsp;&amp;nbsp;&amp;nbsp;&amp;nbsp;&amp;nbsp;&amp;nbsp;&lt;/span&gt;&lt;span style="color: var(--highlight-default)"&gt;$this&lt;/span&gt;&lt;span style="color: var(--highlight-keyword)"&gt;-&amp;gt;{&lt;/span&gt;&lt;span style="color: var(--highlight-default)"&gt;$method&lt;/span&gt;&lt;span style="color: var(--highlight-keyword)"&gt;}();&lt;/span&gt;&lt;/code&gt;&lt;/li&gt;
&lt;li&gt;&lt;code&gt;&lt;span style="color: var(--highlight-keyword)"&gt;&amp;nbsp;&amp;nbsp;&amp;nbsp;&amp;nbsp;&amp;nbsp;&amp;nbsp;&amp;nbsp;&amp;nbsp;&amp;nbsp;&amp;nbsp;&amp;nbsp;&amp;nbsp;}&lt;/span&gt;&lt;/code&gt;&lt;/li&gt;
&lt;li&gt;&lt;code&gt;&lt;span style="color: var(--highlight-keyword)"&gt;&lt;/span&gt;&lt;/code&gt;&lt;/li&gt;
&lt;li class="selected"&gt;&lt;code&gt;&lt;span style="color: var(--highlight-keyword)"&gt;&amp;nbsp;&amp;nbsp;&amp;nbsp;&amp;nbsp;&amp;nbsp;&amp;nbsp;&amp;nbsp;&amp;nbsp;&amp;nbsp;&amp;nbsp;&amp;nbsp;&amp;nbsp;&lt;/span&gt;&lt;span style="color: var(--highlight-default)"&gt;$this&lt;/span&gt;&lt;span style="color: var(--highlight-keyword)"&gt;-&amp;gt;&lt;/span&gt;&lt;span style="color: var(--highlight-default)"&gt;testResult&amp;nbsp;&lt;/span&gt;&lt;span style="color: var(--highlight-keyword)"&gt;=&amp;nbsp;&lt;/span&gt;&lt;span style="color: var(--highlight-default)"&gt;$this&lt;/span&gt;&lt;span style="color: var(--highlight-keyword)"&gt;-&amp;gt;&lt;/span&gt;&lt;span style="color: var(--highlight-default)"&gt;runTest&lt;/span&gt;&lt;span style="color: var(--highlight-keyword)"&gt;();&lt;/span&gt;&lt;/code&gt;&lt;/li&gt;
&lt;li&gt;&lt;code&gt;&lt;span style="color: var(--highlight-keyword)"&gt;&amp;nbsp;&amp;nbsp;&amp;nbsp;&amp;nbsp;&amp;nbsp;&amp;nbsp;&amp;nbsp;&amp;nbsp;&amp;nbsp;&amp;nbsp;&amp;nbsp;&amp;nbsp;&lt;/span&gt;&lt;span style="color: var(--highlight-default)"&gt;$this&lt;/span&gt;&lt;span style="color: var(--highlight-keyword)"&gt;-&amp;gt;&lt;/span&gt;&lt;span style="color: var(--highlight-default)"&gt;verifyMockObjects&lt;/span&gt;&lt;span style="color: var(--highlight-keyword)"&gt;();&lt;/span&gt;&lt;/code&gt;&lt;/li&gt;
&lt;li&gt;&lt;code&gt;&lt;span style="color: var(--highlight-keyword)"&gt;&lt;/span&gt;&lt;/code&gt;&lt;/li&gt;
&lt;li&gt;&lt;code&gt;&lt;span style="color: var(--highlight-keyword)"&gt;&amp;nbsp;&amp;nbsp;&amp;nbsp;&amp;nbsp;&amp;nbsp;&amp;nbsp;&amp;nbsp;&amp;nbsp;&amp;nbsp;&amp;nbsp;&amp;nbsp;&amp;nbsp;foreach&amp;nbsp;(&lt;/span&gt;&lt;span style="color: var(--highlight-default)"&gt;$hookMethods&lt;/span&gt;&lt;span style="color: var(--highlight-keyword)"&gt;[&lt;/span&gt;&lt;span style="color: var(--highlight-string)"&gt;'postCondition'&lt;/span&gt;&lt;span style="color: var(--highlight-keyword)"&gt;]&amp;nbsp;as&amp;nbsp;&lt;/span&gt;&lt;span style="color: var(--highlight-default)"&gt;$method&lt;/span&gt;&lt;span style="color: var(--highlight-keyword)"&gt;)&amp;nbsp;{&lt;/span&gt;&lt;/code&gt;&lt;/li&gt;
&lt;li&gt;&lt;code&gt;&lt;span style="color: var(--highlight-keyword)"&gt;&amp;nbsp;&amp;nbsp;&amp;nbsp;&amp;nbsp;&amp;nbsp;&amp;nbsp;&amp;nbsp;&amp;nbsp;&amp;nbsp;&amp;nbsp;&amp;nbsp;&amp;nbsp;&amp;nbsp;&amp;nbsp;&amp;nbsp;&amp;nbsp;&lt;/span&gt;&lt;span style="color: var(--highlight-default)"&gt;$this&lt;/span&gt;&lt;span style="color: var(--highlight-keyword)"&gt;-&amp;gt;{&lt;/span&gt;&lt;span style="color: var(--highlight-default)"&gt;$method&lt;/span&gt;&lt;span style="color: var(--highlight-keyword)"&gt;}();&lt;/span&gt;&lt;/code&gt;&lt;/li&gt;
&lt;li&gt;&lt;code&gt;&lt;span style="color: var(--highlight-keyword)"&gt;&amp;nbsp;&amp;nbsp;&amp;nbsp;&amp;nbsp;&amp;nbsp;&amp;nbsp;&amp;nbsp;&amp;nbsp;&amp;nbsp;&amp;nbsp;&amp;nbsp;&amp;nbsp;}&lt;/span&gt;&lt;/code&gt;&lt;/li&gt;&lt;/ol&gt;    &lt;/div&gt;            &lt;/div&gt;
                        &lt;div class="trace-line "&gt;
                &lt;div class="trace-line-header break-long-words sf-toggle" data-toggle-selector="#trace-html-3-18" data-toggle-initial=""&gt;
            &lt;span class="icon icon-close"&gt;&lt;svg width="1792" height="1792" viewBox="0 0 1792 1792" xmlns="http://www.w3.org/2000/svg"&gt;&lt;path d="M1408 960V832q0-26-19-45t-45-19H448q-26 0-45 19t-19 45v128q0 26 19 45t45 19h896q26 0 45-19t19-45zm256-544v960q0 119-84.5 203.5T1376 1664H416q-119 0-203.5-84.5T128 1376V416q0-119 84.5-203.5T416 128h960q119 0 203.5 84.5T1664 416z"/&gt;&lt;/svg&gt;&lt;/span&gt;
        &lt;span class="icon icon-open"&gt;&lt;svg width="1792" height="1792" viewBox="0 0 1792 1792" xmlns="http://www.w3.org/2000/svg"&gt;&lt;path d="M1408 960V832q0-26-19-45t-45-19h-320V448q0-26-19-45t-45-19H832q-26 0-45 19t-19 45v320H448q-26 0-45 19t-19 45v128q0 26 19 45t45 19h320v320q0 26 19 45t45 19h128q26 0 45-19t19-45v-320h320q26 0 45-19t19-45zm256-544v960q0 119-84.5 203.5T1376 1664H416q-119 0-203.5-84.5T128 1376V416q0-119 84.5-203.5T416 128h960q119 0 203.5 84.5T1664 416z"/&gt;&lt;/svg&gt;&lt;/span&gt;
    
            &lt;span class="trace-class"&gt;&lt;abbr title="PHPUnit\Framework\TestCase"&gt;TestCase&lt;/abbr&gt;&lt;/span&gt;&lt;span class="trace-type"&gt;-&gt;&lt;/span&gt;&lt;span class="trace-method"&gt;runBare&lt;/span&gt;&lt;span class="trace-arguments"&gt;()&lt;/span&gt;    
                    &lt;span class="block trace-file-path"&gt;
            in
            &lt;a href=""&gt;
                C:\Users\eman\Documents\GitHub\car_dealer\vendor\phpunit\phpunit\src\Framework\&lt;strong&gt;TestResult.php&lt;/strong&gt;
            &lt;/a&gt;
                        (line 726)
            &lt;span class="icon icon-copy hidden" data-clipboard-text="C:\Users\eman\Documents\GitHub\car_dealer\vendor\phpunit\phpunit\src\Framework\TestResult.php:726"&gt;
                &lt;svg xmlns="http://www.w3.org/2000/svg" height="24" viewBox="0 0 24 24" width="24"&gt;&lt;path d="M0 0h24v24H0z" fill="none"/&gt;&lt;path d="M16 1H4c-1.1 0-2 .9-2 2v14h2V3h12V1zm3 4H8c-1.1 0-2 .9-2 2v14c0 1.1.9 2 2 2h11c1.1 0 2-.9 2-2V7c0-1.1-.9-2-2-2zm0 16H8V7h11v14z"/&gt;&lt;/svg&gt;            &lt;/span&gt;
        &lt;/span&gt;
    &lt;/div&gt;
    &lt;div id="trace-html-3-18" class="trace-code sf-toggle-content"&gt;
        &lt;ol start="721"&gt;&lt;li&gt;&lt;code&gt;&lt;span style="color: var(--highlight-keyword)"&gt;&amp;nbsp;&amp;nbsp;&amp;nbsp;&amp;nbsp;&amp;nbsp;&amp;nbsp;&amp;nbsp;&amp;nbsp;&amp;nbsp;&amp;nbsp;&amp;nbsp;&amp;nbsp;&amp;nbsp;&amp;nbsp;&amp;nbsp;&amp;nbsp;&amp;nbsp;&amp;nbsp;&amp;nbsp;&amp;nbsp;&amp;nbsp;&amp;nbsp;&amp;nbsp;&amp;nbsp;&lt;/span&gt;&lt;span style="color: var(--highlight-default)"&gt;$_timeout&amp;nbsp;&lt;/span&gt;&lt;span style="color: var(--highlight-keyword)"&gt;=&amp;nbsp;&lt;/span&gt;&lt;span style="color: var(--highlight-default)"&gt;$this&lt;/span&gt;&lt;span style="color: var(--highlight-keyword)"&gt;-&amp;gt;&lt;/span&gt;&lt;span style="color: var(--highlight-default)"&gt;defaultTimeLimit&lt;/span&gt;&lt;span style="color: var(--highlight-keyword)"&gt;;&lt;/span&gt;&lt;/code&gt;&lt;/li&gt;
&lt;li&gt;&lt;code&gt;&lt;span style="color: var(--highlight-keyword)"&gt;&amp;nbsp;&amp;nbsp;&amp;nbsp;&amp;nbsp;&amp;nbsp;&amp;nbsp;&amp;nbsp;&amp;nbsp;&amp;nbsp;&amp;nbsp;&amp;nbsp;&amp;nbsp;&amp;nbsp;&amp;nbsp;&amp;nbsp;&amp;nbsp;}&lt;/span&gt;&lt;/code&gt;&lt;/li&gt;
&lt;li&gt;&lt;code&gt;&lt;span style="color: var(--highlight-keyword)"&gt;&lt;/span&gt;&lt;/code&gt;&lt;/li&gt;
&lt;li&gt;&lt;code&gt;&lt;span style="color: var(--highlight-keyword)"&gt;&amp;nbsp;&amp;nbsp;&amp;nbsp;&amp;nbsp;&amp;nbsp;&amp;nbsp;&amp;nbsp;&amp;nbsp;&amp;nbsp;&amp;nbsp;&amp;nbsp;&amp;nbsp;&amp;nbsp;&amp;nbsp;&amp;nbsp;&amp;nbsp;&lt;/span&gt;&lt;span style="color: var(--highlight-default)"&gt;$invoker&lt;/span&gt;&lt;span style="color: var(--highlight-keyword)"&gt;-&amp;gt;&lt;/span&gt;&lt;span style="color: var(--highlight-default)"&gt;invoke&lt;/span&gt;&lt;span style="color: var(--highlight-keyword)"&gt;([&lt;/span&gt;&lt;span style="color: var(--highlight-default)"&gt;$test&lt;/span&gt;&lt;span style="color: var(--highlight-keyword)"&gt;,&amp;nbsp;&lt;/span&gt;&lt;span style="color: var(--highlight-string)"&gt;'runBare'&lt;/span&gt;&lt;span style="color: var(--highlight-keyword)"&gt;],&amp;nbsp;[],&amp;nbsp;&lt;/span&gt;&lt;span style="color: var(--highlight-default)"&gt;$_timeout&lt;/span&gt;&lt;span style="color: var(--highlight-keyword)"&gt;);&lt;/span&gt;&lt;/code&gt;&lt;/li&gt;
&lt;li&gt;&lt;code&gt;&lt;span style="color: var(--highlight-keyword)"&gt;&amp;nbsp;&amp;nbsp;&amp;nbsp;&amp;nbsp;&amp;nbsp;&amp;nbsp;&amp;nbsp;&amp;nbsp;&amp;nbsp;&amp;nbsp;&amp;nbsp;&amp;nbsp;}&amp;nbsp;else&amp;nbsp;{&lt;/span&gt;&lt;/code&gt;&lt;/li&gt;
&lt;li class="selected"&gt;&lt;code&gt;&lt;span style="color: var(--highlight-keyword)"&gt;&amp;nbsp;&amp;nbsp;&amp;nbsp;&amp;nbsp;&amp;nbsp;&amp;nbsp;&amp;nbsp;&amp;nbsp;&amp;nbsp;&amp;nbsp;&amp;nbsp;&amp;nbsp;&amp;nbsp;&amp;nbsp;&amp;nbsp;&amp;nbsp;&lt;/span&gt;&lt;span style="color: var(--highlight-default)"&gt;$test&lt;/span&gt;&lt;span style="color: var(--highlight-keyword)"&gt;-&amp;gt;&lt;/span&gt;&lt;span style="color: var(--highlight-default)"&gt;runBare&lt;/span&gt;&lt;span style="color: var(--highlight-keyword)"&gt;();&lt;/span&gt;&lt;/code&gt;&lt;/li&gt;
&lt;li&gt;&lt;code&gt;&lt;span style="color: var(--highlight-keyword)"&gt;&amp;nbsp;&amp;nbsp;&amp;nbsp;&amp;nbsp;&amp;nbsp;&amp;nbsp;&amp;nbsp;&amp;nbsp;&amp;nbsp;&amp;nbsp;&amp;nbsp;&amp;nbsp;}&lt;/span&gt;&lt;/code&gt;&lt;/li&gt;
&lt;li&gt;&lt;code&gt;&lt;span style="color: var(--highlight-keyword)"&gt;&amp;nbsp;&amp;nbsp;&amp;nbsp;&amp;nbsp;&amp;nbsp;&amp;nbsp;&amp;nbsp;&amp;nbsp;}&amp;nbsp;catch&amp;nbsp;(&lt;/span&gt;&lt;span style="color: var(--highlight-default)"&gt;TimeoutException&amp;nbsp;$e&lt;/span&gt;&lt;span style="color: var(--highlight-keyword)"&gt;)&amp;nbsp;{&lt;/span&gt;&lt;/code&gt;&lt;/li&gt;
&lt;li&gt;&lt;code&gt;&lt;span style="color: var(--highlight-keyword)"&gt;&amp;nbsp;&amp;nbsp;&amp;nbsp;&amp;nbsp;&amp;nbsp;&amp;nbsp;&amp;nbsp;&amp;nbsp;&amp;nbsp;&amp;nbsp;&amp;nbsp;&amp;nbsp;&lt;/span&gt;&lt;span style="color: var(--highlight-default)"&gt;$this&lt;/span&gt;&lt;span style="color: var(--highlight-keyword)"&gt;-&amp;gt;&lt;/span&gt;&lt;span style="color: var(--highlight-default)"&gt;addFailure&lt;/span&gt;&lt;span style="color: var(--highlight-keyword)"&gt;(&lt;/span&gt;&lt;/code&gt;&lt;/li&gt;
&lt;li&gt;&lt;code&gt;&lt;span style="color: var(--highlight-keyword)"&gt;&amp;nbsp;&amp;nbsp;&amp;nbsp;&amp;nbsp;&amp;nbsp;&amp;nbsp;&amp;nbsp;&amp;nbsp;&amp;nbsp;&amp;nbsp;&amp;nbsp;&amp;nbsp;&amp;nbsp;&amp;nbsp;&amp;nbsp;&amp;nbsp;&lt;/span&gt;&lt;span style="color: var(--highlight-default)"&gt;$test&lt;/span&gt;&lt;span style="color: var(--highlight-keyword)"&gt;,&lt;/span&gt;&lt;/code&gt;&lt;/li&gt;
&lt;li&gt;&lt;code&gt;&lt;span style="color: var(--highlight-keyword)"&gt;&amp;nbsp;&amp;nbsp;&amp;nbsp;&amp;nbsp;&amp;nbsp;&amp;nbsp;&amp;nbsp;&amp;nbsp;&amp;nbsp;&amp;nbsp;&amp;nbsp;&amp;nbsp;&amp;nbsp;&amp;nbsp;&amp;nbsp;&amp;nbsp;new&amp;nbsp;&lt;/span&gt;&lt;span style="color: var(--highlight-default)"&gt;RiskyTestError&lt;/span&gt;&lt;span style="color: var(--highlight-keyword)"&gt;(&lt;/span&gt;&lt;/code&gt;&lt;/li&gt;&lt;/ol&gt;    &lt;/div&gt;            &lt;/div&gt;
                        &lt;div class="trace-line "&gt;
                &lt;div class="trace-line-header break-long-words sf-toggle" data-toggle-selector="#trace-html-3-19" data-toggle-initial=""&gt;
            &lt;span class="icon icon-close"&gt;&lt;svg width="1792" height="1792" viewBox="0 0 1792 1792" xmlns="http://www.w3.org/2000/svg"&gt;&lt;path d="M1408 960V832q0-26-19-45t-45-19H448q-26 0-45 19t-19 45v128q0 26 19 45t45 19h896q26 0 45-19t19-45zm256-544v960q0 119-84.5 203.5T1376 1664H416q-119 0-203.5-84.5T128 1376V416q0-119 84.5-203.5T416 128h960q119 0 203.5 84.5T1664 416z"/&gt;&lt;/svg&gt;&lt;/span&gt;
        &lt;span class="icon icon-open"&gt;&lt;svg width="1792" height="1792" viewBox="0 0 1792 1792" xmlns="http://www.w3.org/2000/svg"&gt;&lt;path d="M1408 960V832q0-26-19-45t-45-19h-320V448q0-26-19-45t-45-19H832q-26 0-45 19t-19 45v320H448q-26 0-45 19t-19 45v128q0 26 19 45t45 19h320v320q0 26 19 45t45 19h128q26 0 45-19t19-45v-320h320q26 0 45-19t19-45zm256-544v960q0 119-84.5 203.5T1376 1664H416q-119 0-203.5-84.5T128 1376V416q0-119 84.5-203.5T416 128h960q119 0 203.5 84.5T1664 416z"/&gt;&lt;/svg&gt;&lt;/span&gt;
    
            &lt;span class="trace-class"&gt;&lt;abbr title="PHPUnit\Framework\TestResult"&gt;TestResult&lt;/abbr&gt;&lt;/span&gt;&lt;span class="trace-type"&gt;-&gt;&lt;/span&gt;&lt;span class="trace-method"&gt;run&lt;/span&gt;&lt;span class="trace-arguments"&gt;()&lt;/span&gt;    
                    &lt;span class="block trace-file-path"&gt;
            in
            &lt;a href=""&gt;
                C:\Users\eman\Documents\GitHub\car_dealer\vendor\phpunit\phpunit\src\Framework\&lt;strong&gt;TestCase.php&lt;/strong&gt;
            &lt;/a&gt;
                        (line 903)
            &lt;span class="icon icon-copy hidden" data-clipboard-text="C:\Users\eman\Documents\GitHub\car_dealer\vendor\phpunit\phpunit\src\Framework\TestCase.php:903"&gt;
                &lt;svg xmlns="http://www.w3.org/2000/svg" height="24" viewBox="0 0 24 24" width="24"&gt;&lt;path d="M0 0h24v24H0z" fill="none"/&gt;&lt;path d="M16 1H4c-1.1 0-2 .9-2 2v14h2V3h12V1zm3 4H8c-1.1 0-2 .9-2 2v14c0 1.1.9 2 2 2h11c1.1 0 2-.9 2-2V7c0-1.1-.9-2-2-2zm0 16H8V7h11v14z"/&gt;&lt;/svg&gt;            &lt;/span&gt;
        &lt;/span&gt;
    &lt;/div&gt;
    &lt;div id="trace-html-3-19" class="trace-code sf-toggle-content"&gt;
        &lt;ol start="898"&gt;&lt;li&gt;&lt;code&gt;&lt;span style="color: var(--highlight-keyword)"&gt;&amp;nbsp;&amp;nbsp;&amp;nbsp;&amp;nbsp;&amp;nbsp;&amp;nbsp;&amp;nbsp;&amp;nbsp;&amp;nbsp;&amp;nbsp;&amp;nbsp;&amp;nbsp;&lt;/span&gt;&lt;span style="color: var(--highlight-default)"&gt;$template&lt;/span&gt;&lt;span style="color: var(--highlight-keyword)"&gt;-&amp;gt;&lt;/span&gt;&lt;span style="color: var(--highlight-default)"&gt;setVar&lt;/span&gt;&lt;span style="color: var(--highlight-keyword)"&gt;(&lt;/span&gt;&lt;span style="color: var(--highlight-default)"&gt;$var&lt;/span&gt;&lt;span style="color: var(--highlight-keyword)"&gt;);&lt;/span&gt;&lt;/code&gt;&lt;/li&gt;
&lt;li&gt;&lt;code&gt;&lt;span style="color: var(--highlight-keyword)"&gt;&lt;/span&gt;&lt;/code&gt;&lt;/li&gt;
&lt;li&gt;&lt;code&gt;&lt;span style="color: var(--highlight-keyword)"&gt;&amp;nbsp;&amp;nbsp;&amp;nbsp;&amp;nbsp;&amp;nbsp;&amp;nbsp;&amp;nbsp;&amp;nbsp;&amp;nbsp;&amp;nbsp;&amp;nbsp;&amp;nbsp;&lt;/span&gt;&lt;span style="color: var(--highlight-default)"&gt;$php&amp;nbsp;&lt;/span&gt;&lt;span style="color: var(--highlight-keyword)"&gt;=&amp;nbsp;&lt;/span&gt;&lt;span style="color: var(--highlight-default)"&gt;AbstractPhpProcess&lt;/span&gt;&lt;span style="color: var(--highlight-keyword)"&gt;::&lt;/span&gt;&lt;span style="color: var(--highlight-default)"&gt;factory&lt;/span&gt;&lt;span style="color: var(--highlight-keyword)"&gt;();&lt;/span&gt;&lt;/code&gt;&lt;/li&gt;
&lt;li&gt;&lt;code&gt;&lt;span style="color: var(--highlight-keyword)"&gt;&amp;nbsp;&amp;nbsp;&amp;nbsp;&amp;nbsp;&amp;nbsp;&amp;nbsp;&amp;nbsp;&amp;nbsp;&amp;nbsp;&amp;nbsp;&amp;nbsp;&amp;nbsp;&lt;/span&gt;&lt;span style="color: var(--highlight-default)"&gt;$php&lt;/span&gt;&lt;span style="color: var(--highlight-keyword)"&gt;-&amp;gt;&lt;/span&gt;&lt;span style="color: var(--highlight-default)"&gt;runTestJob&lt;/span&gt;&lt;span style="color: var(--highlight-keyword)"&gt;(&lt;/span&gt;&lt;span style="color: var(--highlight-default)"&gt;$template&lt;/span&gt;&lt;span style="color: var(--highlight-keyword)"&gt;-&amp;gt;&lt;/span&gt;&lt;span style="color: var(--highlight-default)"&gt;render&lt;/span&gt;&lt;span style="color: var(--highlight-keyword)"&gt;(),&amp;nbsp;&lt;/span&gt;&lt;span style="color: var(--highlight-default)"&gt;$this&lt;/span&gt;&lt;span style="color: var(--highlight-keyword)"&gt;,&amp;nbsp;&lt;/span&gt;&lt;span style="color: var(--highlight-default)"&gt;$result&lt;/span&gt;&lt;span style="color: var(--highlight-keyword)"&gt;);&lt;/span&gt;&lt;/code&gt;&lt;/li&gt;
&lt;li&gt;&lt;code&gt;&lt;span style="color: var(--highlight-keyword)"&gt;&amp;nbsp;&amp;nbsp;&amp;nbsp;&amp;nbsp;&amp;nbsp;&amp;nbsp;&amp;nbsp;&amp;nbsp;}&amp;nbsp;else&amp;nbsp;{&lt;/span&gt;&lt;/code&gt;&lt;/li&gt;
&lt;li class="selected"&gt;&lt;code&gt;&lt;span style="color: var(--highlight-keyword)"&gt;&amp;nbsp;&amp;nbsp;&amp;nbsp;&amp;nbsp;&amp;nbsp;&amp;nbsp;&amp;nbsp;&amp;nbsp;&amp;nbsp;&amp;nbsp;&amp;nbsp;&amp;nbsp;&lt;/span&gt;&lt;span style="color: var(--highlight-default)"&gt;$result&lt;/span&gt;&lt;span style="color: var(--highlight-keyword)"&gt;-&amp;gt;&lt;/span&gt;&lt;span style="color: var(--highlight-default)"&gt;run&lt;/span&gt;&lt;span style="color: var(--highlight-keyword)"&gt;(&lt;/span&gt;&lt;span style="color: var(--highlight-default)"&gt;$this&lt;/span&gt;&lt;span style="color: var(--highlight-keyword)"&gt;);&lt;/span&gt;&lt;/code&gt;&lt;/li&gt;
&lt;li&gt;&lt;code&gt;&lt;span style="color: var(--highlight-keyword)"&gt;&amp;nbsp;&amp;nbsp;&amp;nbsp;&amp;nbsp;&amp;nbsp;&amp;nbsp;&amp;nbsp;&amp;nbsp;}&lt;/span&gt;&lt;/code&gt;&lt;/li&gt;
&lt;li&gt;&lt;code&gt;&lt;span style="color: var(--highlight-keyword)"&gt;&lt;/span&gt;&lt;/code&gt;&lt;/li&gt;
&lt;li&gt;&lt;code&gt;&lt;span style="color: var(--highlight-keyword)"&gt;&amp;nbsp;&amp;nbsp;&amp;nbsp;&amp;nbsp;&amp;nbsp;&amp;nbsp;&amp;nbsp;&amp;nbsp;&lt;/span&gt;&lt;span style="color: var(--highlight-default)"&gt;$this&lt;/span&gt;&lt;span style="color: var(--highlight-keyword)"&gt;-&amp;gt;&lt;/span&gt;&lt;span style="color: var(--highlight-default)"&gt;result&amp;nbsp;&lt;/span&gt;&lt;span style="color: var(--highlight-keyword)"&gt;=&amp;nbsp;&lt;/span&gt;&lt;span style="color: var(--highlight-default)"&gt;null&lt;/span&gt;&lt;span style="color: var(--highlight-keyword)"&gt;;&lt;/span&gt;&lt;/code&gt;&lt;/li&gt;
&lt;li&gt;&lt;code&gt;&lt;span style="color: var(--highlight-keyword)"&gt;&lt;/span&gt;&lt;/code&gt;&lt;/li&gt;
&lt;li&gt;&lt;code&gt;&lt;span style="color: var(--highlight-keyword)"&gt;&amp;nbsp;&amp;nbsp;&amp;nbsp;&amp;nbsp;&amp;nbsp;&amp;nbsp;&amp;nbsp;&amp;nbsp;return&amp;nbsp;&lt;/span&gt;&lt;span style="color: var(--highlight-default)"&gt;$result&lt;/span&gt;&lt;span style="color: var(--highlight-keyword)"&gt;;&lt;/span&gt;&lt;/code&gt;&lt;/li&gt;&lt;/ol&gt;    &lt;/div&gt;            &lt;/div&gt;
                        &lt;div class="trace-line "&gt;
                &lt;div class="trace-line-header break-long-words sf-toggle" data-toggle-selector="#trace-html-3-20" data-toggle-initial=""&gt;
            &lt;span class="icon icon-close"&gt;&lt;svg width="1792" height="1792" viewBox="0 0 1792 1792" xmlns="http://www.w3.org/2000/svg"&gt;&lt;path d="M1408 960V832q0-26-19-45t-45-19H448q-26 0-45 19t-19 45v128q0 26 19 45t45 19h896q26 0 45-19t19-45zm256-544v960q0 119-84.5 203.5T1376 1664H416q-119 0-203.5-84.5T128 1376V416q0-119 84.5-203.5T416 128h960q119 0 203.5 84.5T1664 416z"/&gt;&lt;/svg&gt;&lt;/span&gt;
        &lt;span class="icon icon-open"&gt;&lt;svg width="1792" height="1792" viewBox="0 0 1792 1792" xmlns="http://www.w3.org/2000/svg"&gt;&lt;path d="M1408 960V832q0-26-19-45t-45-19h-320V448q0-26-19-45t-45-19H832q-26 0-45 19t-19 45v320H448q-26 0-45 19t-19 45v128q0 26 19 45t45 19h320v320q0 26 19 45t45 19h128q26 0 45-19t19-45v-320h320q26 0 45-19t19-45zm256-544v960q0 119-84.5 203.5T1376 1664H416q-119 0-203.5-84.5T128 1376V416q0-119 84.5-203.5T416 128h960q119 0 203.5 84.5T1664 416z"/&gt;&lt;/svg&gt;&lt;/span&gt;
    
            &lt;span class="trace-class"&gt;&lt;abbr title="PHPUnit\Framework\TestCase"&gt;TestCase&lt;/abbr&gt;&lt;/span&gt;&lt;span class="trace-type"&gt;-&gt;&lt;/span&gt;&lt;span class="trace-method"&gt;run&lt;/span&gt;&lt;span class="trace-arguments"&gt;()&lt;/span&gt;    
                    &lt;span class="block trace-file-path"&gt;
            in
            &lt;a href=""&gt;
                C:\Users\eman\Documents\GitHub\car_dealer\vendor\phpunit\phpunit\src\Framework\&lt;strong&gt;TestSuite.php&lt;/strong&gt;
            &lt;/a&gt;
                        (line 678)
            &lt;span class="icon icon-copy hidden" data-clipboard-text="C:\Users\eman\Documents\GitHub\car_dealer\vendor\phpunit\phpunit\src\Framework\TestSuite.php:678"&gt;
                &lt;svg xmlns="http://www.w3.org/2000/svg" height="24" viewBox="0 0 24 24" width="24"&gt;&lt;path d="M0 0h24v24H0z" fill="none"/&gt;&lt;path d="M16 1H4c-1.1 0-2 .9-2 2v14h2V3h12V1zm3 4H8c-1.1 0-2 .9-2 2v14c0 1.1.9 2 2 2h11c1.1 0 2-.9 2-2V7c0-1.1-.9-2-2-2zm0 16H8V7h11v14z"/&gt;&lt;/svg&gt;            &lt;/span&gt;
        &lt;/span&gt;
    &lt;/div&gt;
    &lt;div id="trace-html-3-20" class="trace-code sf-toggle-content"&gt;
        &lt;ol start="673"&gt;&lt;li&gt;&lt;code&gt;&lt;span style="color: var(--highlight-keyword)"&gt;&amp;nbsp;&amp;nbsp;&amp;nbsp;&amp;nbsp;&amp;nbsp;&amp;nbsp;&amp;nbsp;&amp;nbsp;&amp;nbsp;&amp;nbsp;&amp;nbsp;&amp;nbsp;&amp;nbsp;&amp;nbsp;&amp;nbsp;&amp;nbsp;&lt;/span&gt;&lt;span style="color: var(--highlight-default)"&gt;$test&lt;/span&gt;&lt;span style="color: var(--highlight-keyword)"&gt;-&amp;gt;&lt;/span&gt;&lt;span style="color: var(--highlight-default)"&gt;setBackupGlobals&lt;/span&gt;&lt;span style="color: var(--highlight-keyword)"&gt;(&lt;/span&gt;&lt;span style="color: var(--highlight-default)"&gt;$this&lt;/span&gt;&lt;span style="color: var(--highlight-keyword)"&gt;-&amp;gt;&lt;/span&gt;&lt;span style="color: var(--highlight-default)"&gt;backupGlobals&lt;/span&gt;&lt;span style="color: var(--highlight-keyword)"&gt;);&lt;/span&gt;&lt;/code&gt;&lt;/li&gt;
&lt;li&gt;&lt;code&gt;&lt;span style="color: var(--highlight-keyword)"&gt;&amp;nbsp;&amp;nbsp;&amp;nbsp;&amp;nbsp;&amp;nbsp;&amp;nbsp;&amp;nbsp;&amp;nbsp;&amp;nbsp;&amp;nbsp;&amp;nbsp;&amp;nbsp;&amp;nbsp;&amp;nbsp;&amp;nbsp;&amp;nbsp;&lt;/span&gt;&lt;span style="color: var(--highlight-default)"&gt;$test&lt;/span&gt;&lt;span style="color: var(--highlight-keyword)"&gt;-&amp;gt;&lt;/span&gt;&lt;span style="color: var(--highlight-default)"&gt;setBackupStaticAttributes&lt;/span&gt;&lt;span style="color: var(--highlight-keyword)"&gt;(&lt;/span&gt;&lt;span style="color: var(--highlight-default)"&gt;$this&lt;/span&gt;&lt;span style="color: var(--highlight-keyword)"&gt;-&amp;gt;&lt;/span&gt;&lt;span style="color: var(--highlight-default)"&gt;backupStaticAttributes&lt;/span&gt;&lt;span style="color: var(--highlight-keyword)"&gt;);&lt;/span&gt;&lt;/code&gt;&lt;/li&gt;
&lt;li&gt;&lt;code&gt;&lt;span style="color: var(--highlight-keyword)"&gt;&amp;nbsp;&amp;nbsp;&amp;nbsp;&amp;nbsp;&amp;nbsp;&amp;nbsp;&amp;nbsp;&amp;nbsp;&amp;nbsp;&amp;nbsp;&amp;nbsp;&amp;nbsp;&amp;nbsp;&amp;nbsp;&amp;nbsp;&amp;nbsp;&lt;/span&gt;&lt;span style="color: var(--highlight-default)"&gt;$test&lt;/span&gt;&lt;span style="color: var(--highlight-keyword)"&gt;-&amp;gt;&lt;/span&gt;&lt;span style="color: var(--highlight-default)"&gt;setRunTestInSeparateProcess&lt;/span&gt;&lt;span style="color: var(--highlight-keyword)"&gt;(&lt;/span&gt;&lt;span style="color: var(--highlight-default)"&gt;$this&lt;/span&gt;&lt;span style="color: var(--highlight-keyword)"&gt;-&amp;gt;&lt;/span&gt;&lt;span style="color: var(--highlight-default)"&gt;runTestInSeparateProcess&lt;/span&gt;&lt;span style="color: var(--highlight-keyword)"&gt;);&lt;/span&gt;&lt;/code&gt;&lt;/li&gt;
&lt;li&gt;&lt;code&gt;&lt;span style="color: var(--highlight-keyword)"&gt;&amp;nbsp;&amp;nbsp;&amp;nbsp;&amp;nbsp;&amp;nbsp;&amp;nbsp;&amp;nbsp;&amp;nbsp;&amp;nbsp;&amp;nbsp;&amp;nbsp;&amp;nbsp;}&lt;/span&gt;&lt;/code&gt;&lt;/li&gt;
&lt;li&gt;&lt;code&gt;&lt;span style="color: var(--highlight-keyword)"&gt;&lt;/span&gt;&lt;/code&gt;&lt;/li&gt;
&lt;li class="selected"&gt;&lt;code&gt;&lt;span style="color: var(--highlight-keyword)"&gt;&amp;nbsp;&amp;nbsp;&amp;nbsp;&amp;nbsp;&amp;nbsp;&amp;nbsp;&amp;nbsp;&amp;nbsp;&amp;nbsp;&amp;nbsp;&amp;nbsp;&amp;nbsp;&lt;/span&gt;&lt;span style="color: var(--highlight-default)"&gt;$test&lt;/span&gt;&lt;span style="color: var(--highlight-keyword)"&gt;-&amp;gt;&lt;/span&gt;&lt;span style="color: var(--highlight-default)"&gt;run&lt;/span&gt;&lt;span style="color: var(--highlight-keyword)"&gt;(&lt;/span&gt;&lt;span style="color: var(--highlight-default)"&gt;$result&lt;/span&gt;&lt;span style="color: var(--highlight-keyword)"&gt;);&lt;/span&gt;&lt;/code&gt;&lt;/li&gt;
&lt;li&gt;&lt;code&gt;&lt;span style="color: var(--highlight-keyword)"&gt;&amp;nbsp;&amp;nbsp;&amp;nbsp;&amp;nbsp;&amp;nbsp;&amp;nbsp;&amp;nbsp;&amp;nbsp;}&lt;/span&gt;&lt;/code&gt;&lt;/li&gt;
&lt;li&gt;&lt;code&gt;&lt;span style="color: var(--highlight-keyword)"&gt;&lt;/span&gt;&lt;/code&gt;&lt;/li&gt;
&lt;li&gt;&lt;code&gt;&lt;span style="color: var(--highlight-keyword)"&gt;&amp;nbsp;&amp;nbsp;&amp;nbsp;&amp;nbsp;&amp;nbsp;&amp;nbsp;&amp;nbsp;&amp;nbsp;if&amp;nbsp;(&lt;/span&gt;&lt;span style="color: var(--highlight-default)"&gt;$this&lt;/span&gt;&lt;span style="color: var(--highlight-keyword)"&gt;-&amp;gt;&lt;/span&gt;&lt;span style="color: var(--highlight-default)"&gt;testCase&amp;nbsp;&lt;/span&gt;&lt;span style="color: var(--highlight-keyword)"&gt;&amp;amp;&amp;amp;&amp;nbsp;&lt;/span&gt;&lt;span style="color: var(--highlight-default)"&gt;class_exists&lt;/span&gt;&lt;span style="color: var(--highlight-keyword)"&gt;(&lt;/span&gt;&lt;span style="color: var(--highlight-default)"&gt;$this&lt;/span&gt;&lt;span style="color: var(--highlight-keyword)"&gt;-&amp;gt;&lt;/span&gt;&lt;span style="color: var(--highlight-default)"&gt;name&lt;/span&gt;&lt;span style="color: var(--highlight-keyword)"&gt;,&amp;nbsp;&lt;/span&gt;&lt;span style="color: var(--highlight-default)"&gt;false&lt;/span&gt;&lt;span style="color: var(--highlight-keyword)"&gt;))&amp;nbsp;{&lt;/span&gt;&lt;/code&gt;&lt;/li&gt;
&lt;li&gt;&lt;code&gt;&lt;span style="color: var(--highlight-keyword)"&gt;&amp;nbsp;&amp;nbsp;&amp;nbsp;&amp;nbsp;&amp;nbsp;&amp;nbsp;&amp;nbsp;&amp;nbsp;&amp;nbsp;&amp;nbsp;&amp;nbsp;&amp;nbsp;foreach&amp;nbsp;(&lt;/span&gt;&lt;span style="color: var(--highlight-default)"&gt;$hookMethods&lt;/span&gt;&lt;span style="color: var(--highlight-keyword)"&gt;[&lt;/span&gt;&lt;span style="color: var(--highlight-string)"&gt;'afterClass'&lt;/span&gt;&lt;span style="color: var(--highlight-keyword)"&gt;]&amp;nbsp;as&amp;nbsp;&lt;/span&gt;&lt;span style="color: var(--highlight-default)"&gt;$afterClassMethod&lt;/span&gt;&lt;span style="color: var(--highlight-keyword)"&gt;)&amp;nbsp;{&lt;/span&gt;&lt;/code&gt;&lt;/li&gt;
&lt;li&gt;&lt;code&gt;&lt;span style="color: var(--highlight-keyword)"&gt;&amp;nbsp;&amp;nbsp;&amp;nbsp;&amp;nbsp;&amp;nbsp;&amp;nbsp;&amp;nbsp;&amp;nbsp;&amp;nbsp;&amp;nbsp;&amp;nbsp;&amp;nbsp;&amp;nbsp;&amp;nbsp;&amp;nbsp;&amp;nbsp;if&amp;nbsp;(&lt;/span&gt;&lt;span style="color: var(--highlight-default)"&gt;method_exists&lt;/span&gt;&lt;span style="color: var(--highlight-keyword)"&gt;(&lt;/span&gt;&lt;span style="color: var(--highlight-default)"&gt;$this&lt;/span&gt;&lt;span style="color: var(--highlight-keyword)"&gt;-&amp;gt;&lt;/span&gt;&lt;span style="color: var(--highlight-default)"&gt;name&lt;/span&gt;&lt;span style="color: var(--highlight-keyword)"&gt;,&amp;nbsp;&lt;/span&gt;&lt;span style="color: var(--highlight-default)"&gt;$afterClassMethod&lt;/span&gt;&lt;span style="color: var(--highlight-keyword)"&gt;))&amp;nbsp;{&lt;/span&gt;&lt;/code&gt;&lt;/li&gt;&lt;/ol&gt;    &lt;/div&gt;            &lt;/div&gt;
                        &lt;div class="trace-line "&gt;
                &lt;div class="trace-line-header break-long-words sf-toggle" data-toggle-selector="#trace-html-3-21" data-toggle-initial=""&gt;
            &lt;span class="icon icon-close"&gt;&lt;svg width="1792" height="1792" viewBox="0 0 1792 1792" xmlns="http://www.w3.org/2000/svg"&gt;&lt;path d="M1408 960V832q0-26-19-45t-45-19H448q-26 0-45 19t-19 45v128q0 26 19 45t45 19h896q26 0 45-19t19-45zm256-544v960q0 119-84.5 203.5T1376 1664H416q-119 0-203.5-84.5T128 1376V416q0-119 84.5-203.5T416 128h960q119 0 203.5 84.5T1664 416z"/&gt;&lt;/svg&gt;&lt;/span&gt;
        &lt;span class="icon icon-open"&gt;&lt;svg width="1792" height="1792" viewBox="0 0 1792 1792" xmlns="http://www.w3.org/2000/svg"&gt;&lt;path d="M1408 960V832q0-26-19-45t-45-19h-320V448q0-26-19-45t-45-19H832q-26 0-45 19t-19 45v320H448q-26 0-45 19t-19 45v128q0 26 19 45t45 19h320v320q0 26 19 45t45 19h128q26 0 45-19t19-45v-320h320q26 0 45-19t19-45zm256-544v960q0 119-84.5 203.5T1376 1664H416q-119 0-203.5-84.5T128 1376V416q0-119 84.5-203.5T416 128h960q119 0 203.5 84.5T1664 416z"/&gt;&lt;/svg&gt;&lt;/span&gt;
    
            &lt;span class="trace-class"&gt;&lt;abbr title="PHPUnit\Framework\TestSuite"&gt;TestSuite&lt;/abbr&gt;&lt;/span&gt;&lt;span class="trace-type"&gt;-&gt;&lt;/span&gt;&lt;span class="trace-method"&gt;run&lt;/span&gt;&lt;span class="trace-arguments"&gt;()&lt;/span&gt;    
                    &lt;span class="block trace-file-path"&gt;
            in
            &lt;a href=""&gt;
                C:\Users\eman\Documents\GitHub\car_dealer\vendor\phpunit\phpunit\src\Framework\&lt;strong&gt;TestSuite.php&lt;/strong&gt;
            &lt;/a&gt;
                        (line 678)
            &lt;span class="icon icon-copy hidden" data-clipboard-text="C:\Users\eman\Documents\GitHub\car_dealer\vendor\phpunit\phpunit\src\Framework\TestSuite.php:678"&gt;
                &lt;svg xmlns="http://www.w3.org/2000/svg" height="24" viewBox="0 0 24 24" width="24"&gt;&lt;path d="M0 0h24v24H0z" fill="none"/&gt;&lt;path d="M16 1H4c-1.1 0-2 .9-2 2v14h2V3h12V1zm3 4H8c-1.1 0-2 .9-2 2v14c0 1.1.9 2 2 2h11c1.1 0 2-.9 2-2V7c0-1.1-.9-2-2-2zm0 16H8V7h11v14z"/&gt;&lt;/svg&gt;            &lt;/span&gt;
        &lt;/span&gt;
    &lt;/div&gt;
    &lt;div id="trace-html-3-21" class="trace-code sf-toggle-content"&gt;
        &lt;ol start="673"&gt;&lt;li&gt;&lt;code&gt;&lt;span style="color: var(--highlight-keyword)"&gt;&amp;nbsp;&amp;nbsp;&amp;nbsp;&amp;nbsp;&amp;nbsp;&amp;nbsp;&amp;nbsp;&amp;nbsp;&amp;nbsp;&amp;nbsp;&amp;nbsp;&amp;nbsp;&amp;nbsp;&amp;nbsp;&amp;nbsp;&amp;nbsp;&lt;/span&gt;&lt;span style="color: var(--highlight-default)"&gt;$test&lt;/span&gt;&lt;span style="color: var(--highlight-keyword)"&gt;-&amp;gt;&lt;/span&gt;&lt;span style="color: var(--highlight-default)"&gt;setBackupGlobals&lt;/span&gt;&lt;span style="color: var(--highlight-keyword)"&gt;(&lt;/span&gt;&lt;span style="color: var(--highlight-default)"&gt;$this&lt;/span&gt;&lt;span style="color: var(--highlight-keyword)"&gt;-&amp;gt;&lt;/span&gt;&lt;span style="color: var(--highlight-default)"&gt;backupGlobals&lt;/span&gt;&lt;span style="color: var(--highlight-keyword)"&gt;);&lt;/span&gt;&lt;/code&gt;&lt;/li&gt;
&lt;li&gt;&lt;code&gt;&lt;span style="color: var(--highlight-keyword)"&gt;&amp;nbsp;&amp;nbsp;&amp;nbsp;&amp;nbsp;&amp;nbsp;&amp;nbsp;&amp;nbsp;&amp;nbsp;&amp;nbsp;&amp;nbsp;&amp;nbsp;&amp;nbsp;&amp;nbsp;&amp;nbsp;&amp;nbsp;&amp;nbsp;&lt;/span&gt;&lt;span style="color: var(--highlight-default)"&gt;$test&lt;/span&gt;&lt;span style="color: var(--highlight-keyword)"&gt;-&amp;gt;&lt;/span&gt;&lt;span style="color: var(--highlight-default)"&gt;setBackupStaticAttributes&lt;/span&gt;&lt;span style="color: var(--highlight-keyword)"&gt;(&lt;/span&gt;&lt;span style="color: var(--highlight-default)"&gt;$this&lt;/span&gt;&lt;span style="color: var(--highlight-keyword)"&gt;-&amp;gt;&lt;/span&gt;&lt;span style="color: var(--highlight-default)"&gt;backupStaticAttributes&lt;/span&gt;&lt;span style="color: var(--highlight-keyword)"&gt;);&lt;/span&gt;&lt;/code&gt;&lt;/li&gt;
&lt;li&gt;&lt;code&gt;&lt;span style="color: var(--highlight-keyword)"&gt;&amp;nbsp;&amp;nbsp;&amp;nbsp;&amp;nbsp;&amp;nbsp;&amp;nbsp;&amp;nbsp;&amp;nbsp;&amp;nbsp;&amp;nbsp;&amp;nbsp;&amp;nbsp;&amp;nbsp;&amp;nbsp;&amp;nbsp;&amp;nbsp;&lt;/span&gt;&lt;span style="color: var(--highlight-default)"&gt;$test&lt;/span&gt;&lt;span style="color: var(--highlight-keyword)"&gt;-&amp;gt;&lt;/span&gt;&lt;span style="color: var(--highlight-default)"&gt;setRunTestInSeparateProcess&lt;/span&gt;&lt;span style="color: var(--highlight-keyword)"&gt;(&lt;/span&gt;&lt;span style="color: var(--highlight-default)"&gt;$this&lt;/span&gt;&lt;span style="color: var(--highlight-keyword)"&gt;-&amp;gt;&lt;/span&gt;&lt;span style="color: var(--highlight-default)"&gt;runTestInSeparateProcess&lt;/span&gt;&lt;span style="color: var(--highlight-keyword)"&gt;);&lt;/span&gt;&lt;/code&gt;&lt;/li&gt;
&lt;li&gt;&lt;code&gt;&lt;span style="color: var(--highlight-keyword)"&gt;&amp;nbsp;&amp;nbsp;&amp;nbsp;&amp;nbsp;&amp;nbsp;&amp;nbsp;&amp;nbsp;&amp;nbsp;&amp;nbsp;&amp;nbsp;&amp;nbsp;&amp;nbsp;}&lt;/span&gt;&lt;/code&gt;&lt;/li&gt;
&lt;li&gt;&lt;code&gt;&lt;span style="color: var(--highlight-keyword)"&gt;&lt;/span&gt;&lt;/code&gt;&lt;/li&gt;
&lt;li class="selected"&gt;&lt;code&gt;&lt;span style="color: var(--highlight-keyword)"&gt;&amp;nbsp;&amp;nbsp;&amp;nbsp;&amp;nbsp;&amp;nbsp;&amp;nbsp;&amp;nbsp;&amp;nbsp;&amp;nbsp;&amp;nbsp;&amp;nbsp;&amp;nbsp;&lt;/span&gt;&lt;span style="color: var(--highlight-default)"&gt;$test&lt;/span&gt;&lt;span style="color: var(--highlight-keyword)"&gt;-&amp;gt;&lt;/span&gt;&lt;span style="color: var(--highlight-default)"&gt;run&lt;/span&gt;&lt;span style="color: var(--highlight-keyword)"&gt;(&lt;/span&gt;&lt;span style="color: var(--highlight-default)"&gt;$result&lt;/span&gt;&lt;span style="color: var(--highlight-keyword)"&gt;);&lt;/span&gt;&lt;/code&gt;&lt;/li&gt;
&lt;li&gt;&lt;code&gt;&lt;span style="color: var(--highlight-keyword)"&gt;&amp;nbsp;&amp;nbsp;&amp;nbsp;&amp;nbsp;&amp;nbsp;&amp;nbsp;&amp;nbsp;&amp;nbsp;}&lt;/span&gt;&lt;/code&gt;&lt;/li&gt;
&lt;li&gt;&lt;code&gt;&lt;span style="color: var(--highlight-keyword)"&gt;&lt;/span&gt;&lt;/code&gt;&lt;/li&gt;
&lt;li&gt;&lt;code&gt;&lt;span style="color: var(--highlight-keyword)"&gt;&amp;nbsp;&amp;nbsp;&amp;nbsp;&amp;nbsp;&amp;nbsp;&amp;nbsp;&amp;nbsp;&amp;nbsp;if&amp;nbsp;(&lt;/span&gt;&lt;span style="color: var(--highlight-default)"&gt;$this&lt;/span&gt;&lt;span style="color: var(--highlight-keyword)"&gt;-&amp;gt;&lt;/span&gt;&lt;span style="color: var(--highlight-default)"&gt;testCase&amp;nbsp;&lt;/span&gt;&lt;span style="color: var(--highlight-keyword)"&gt;&amp;amp;&amp;amp;&amp;nbsp;&lt;/span&gt;&lt;span style="color: var(--highlight-default)"&gt;class_exists&lt;/span&gt;&lt;span style="color: var(--highlight-keyword)"&gt;(&lt;/span&gt;&lt;span style="color: var(--highlight-default)"&gt;$this&lt;/span&gt;&lt;span style="color: var(--highlight-keyword)"&gt;-&amp;gt;&lt;/span&gt;&lt;span style="color: var(--highlight-default)"&gt;name&lt;/span&gt;&lt;span style="color: var(--highlight-keyword)"&gt;,&amp;nbsp;&lt;/span&gt;&lt;span style="color: var(--highlight-default)"&gt;false&lt;/span&gt;&lt;span style="color: var(--highlight-keyword)"&gt;))&amp;nbsp;{&lt;/span&gt;&lt;/code&gt;&lt;/li&gt;
&lt;li&gt;&lt;code&gt;&lt;span style="color: var(--highlight-keyword)"&gt;&amp;nbsp;&amp;nbsp;&amp;nbsp;&amp;nbsp;&amp;nbsp;&amp;nbsp;&amp;nbsp;&amp;nbsp;&amp;nbsp;&amp;nbsp;&amp;nbsp;&amp;nbsp;foreach&amp;nbsp;(&lt;/span&gt;&lt;span style="color: var(--highlight-default)"&gt;$hookMethods&lt;/span&gt;&lt;span style="color: var(--highlight-keyword)"&gt;[&lt;/span&gt;&lt;span style="color: var(--highlight-string)"&gt;'afterClass'&lt;/span&gt;&lt;span style="color: var(--highlight-keyword)"&gt;]&amp;nbsp;as&amp;nbsp;&lt;/span&gt;&lt;span style="color: var(--highlight-default)"&gt;$afterClassMethod&lt;/span&gt;&lt;span style="color: var(--highlight-keyword)"&gt;)&amp;nbsp;{&lt;/span&gt;&lt;/code&gt;&lt;/li&gt;
&lt;li&gt;&lt;code&gt;&lt;span style="color: var(--highlight-keyword)"&gt;&amp;nbsp;&amp;nbsp;&amp;nbsp;&amp;nbsp;&amp;nbsp;&amp;nbsp;&amp;nbsp;&amp;nbsp;&amp;nbsp;&amp;nbsp;&amp;nbsp;&amp;nbsp;&amp;nbsp;&amp;nbsp;&amp;nbsp;&amp;nbsp;if&amp;nbsp;(&lt;/span&gt;&lt;span style="color: var(--highlight-default)"&gt;method_exists&lt;/span&gt;&lt;span style="color: var(--highlight-keyword)"&gt;(&lt;/span&gt;&lt;span style="color: var(--highlight-default)"&gt;$this&lt;/span&gt;&lt;span style="color: var(--highlight-keyword)"&gt;-&amp;gt;&lt;/span&gt;&lt;span style="color: var(--highlight-default)"&gt;name&lt;/span&gt;&lt;span style="color: var(--highlight-keyword)"&gt;,&amp;nbsp;&lt;/span&gt;&lt;span style="color: var(--highlight-default)"&gt;$afterClassMethod&lt;/span&gt;&lt;span style="color: var(--highlight-keyword)"&gt;))&amp;nbsp;{&lt;/span&gt;&lt;/code&gt;&lt;/li&gt;&lt;/ol&gt;    &lt;/div&gt;            &lt;/div&gt;
                        &lt;div class="trace-line "&gt;
                &lt;div class="trace-line-header break-long-words sf-toggle" data-toggle-selector="#trace-html-3-22" data-toggle-initial=""&gt;
            &lt;span class="icon icon-close"&gt;&lt;svg width="1792" height="1792" viewBox="0 0 1792 1792" xmlns="http://www.w3.org/2000/svg"&gt;&lt;path d="M1408 960V832q0-26-19-45t-45-19H448q-26 0-45 19t-19 45v128q0 26 19 45t45 19h896q26 0 45-19t19-45zm256-544v960q0 119-84.5 203.5T1376 1664H416q-119 0-203.5-84.5T128 1376V416q0-119 84.5-203.5T416 128h960q119 0 203.5 84.5T1664 416z"/&gt;&lt;/svg&gt;&lt;/span&gt;
        &lt;span class="icon icon-open"&gt;&lt;svg width="1792" height="1792" viewBox="0 0 1792 1792" xmlns="http://www.w3.org/2000/svg"&gt;&lt;path d="M1408 960V832q0-26-19-45t-45-19h-320V448q0-26-19-45t-45-19H832q-26 0-45 19t-19 45v320H448q-26 0-45 19t-19 45v128q0 26 19 45t45 19h320v320q0 26 19 45t45 19h128q26 0 45-19t19-45v-320h320q26 0 45-19t19-45zm256-544v960q0 119-84.5 203.5T1376 1664H416q-119 0-203.5-84.5T128 1376V416q0-119 84.5-203.5T416 128h960q119 0 203.5 84.5T1664 416z"/&gt;&lt;/svg&gt;&lt;/span&gt;
    
            &lt;span class="trace-class"&gt;&lt;abbr title="PHPUnit\Framework\TestSuite"&gt;TestSuite&lt;/abbr&gt;&lt;/span&gt;&lt;span class="trace-type"&gt;-&gt;&lt;/span&gt;&lt;span class="trace-method"&gt;run&lt;/span&gt;&lt;span class="trace-arguments"&gt;()&lt;/span&gt;    
                    &lt;span class="block trace-file-path"&gt;
            in
            &lt;a href=""&gt;
                C:\Users\eman\Documents\GitHub\car_dealer\vendor\phpunit\phpunit\src\Framework\&lt;strong&gt;TestSuite.php&lt;/strong&gt;
            &lt;/a&gt;
                        (line 678)
            &lt;span class="icon icon-copy hidden" data-clipboard-text="C:\Users\eman\Documents\GitHub\car_dealer\vendor\phpunit\phpunit\src\Framework\TestSuite.php:678"&gt;
                &lt;svg xmlns="http://www.w3.org/2000/svg" height="24" viewBox="0 0 24 24" width="24"&gt;&lt;path d="M0 0h24v24H0z" fill="none"/&gt;&lt;path d="M16 1H4c-1.1 0-2 .9-2 2v14h2V3h12V1zm3 4H8c-1.1 0-2 .9-2 2v14c0 1.1.9 2 2 2h11c1.1 0 2-.9 2-2V7c0-1.1-.9-2-2-2zm0 16H8V7h11v14z"/&gt;&lt;/svg&gt;            &lt;/span&gt;
        &lt;/span&gt;
    &lt;/div&gt;
    &lt;div id="trace-html-3-22" class="trace-code sf-toggle-content"&gt;
        &lt;ol start="673"&gt;&lt;li&gt;&lt;code&gt;&lt;span style="color: var(--highlight-keyword)"&gt;&amp;nbsp;&amp;nbsp;&amp;nbsp;&amp;nbsp;&amp;nbsp;&amp;nbsp;&amp;nbsp;&amp;nbsp;&amp;nbsp;&amp;nbsp;&amp;nbsp;&amp;nbsp;&amp;nbsp;&amp;nbsp;&amp;nbsp;&amp;nbsp;&lt;/span&gt;&lt;span style="color: var(--highlight-default)"&gt;$test&lt;/span&gt;&lt;span style="color: var(--highlight-keyword)"&gt;-&amp;gt;&lt;/span&gt;&lt;span style="color: var(--highlight-default)"&gt;setBackupGlobals&lt;/span&gt;&lt;span style="color: var(--highlight-keyword)"&gt;(&lt;/span&gt;&lt;span style="color: var(--highlight-default)"&gt;$this&lt;/span&gt;&lt;span style="color: var(--highlight-keyword)"&gt;-&amp;gt;&lt;/span&gt;&lt;span style="color: var(--highlight-default)"&gt;backupGlobals&lt;/span&gt;&lt;span style="color: var(--highlight-keyword)"&gt;);&lt;/span&gt;&lt;/code&gt;&lt;/li&gt;
&lt;li&gt;&lt;code&gt;&lt;span style="color: var(--highlight-keyword)"&gt;&amp;nbsp;&amp;nbsp;&amp;nbsp;&amp;nbsp;&amp;nbsp;&amp;nbsp;&amp;nbsp;&amp;nbsp;&amp;nbsp;&amp;nbsp;&amp;nbsp;&amp;nbsp;&amp;nbsp;&amp;nbsp;&amp;nbsp;&amp;nbsp;&lt;/span&gt;&lt;span style="color: var(--highlight-default)"&gt;$test&lt;/span&gt;&lt;span style="color: var(--highlight-keyword)"&gt;-&amp;gt;&lt;/span&gt;&lt;span style="color: var(--highlight-default)"&gt;setBackupStaticAttributes&lt;/span&gt;&lt;span style="color: var(--highlight-keyword)"&gt;(&lt;/span&gt;&lt;span style="color: var(--highlight-default)"&gt;$this&lt;/span&gt;&lt;span style="color: var(--highlight-keyword)"&gt;-&amp;gt;&lt;/span&gt;&lt;span style="color: var(--highlight-default)"&gt;backupStaticAttributes&lt;/span&gt;&lt;span style="color: var(--highlight-keyword)"&gt;);&lt;/span&gt;&lt;/code&gt;&lt;/li&gt;
&lt;li&gt;&lt;code&gt;&lt;span style="color: var(--highlight-keyword)"&gt;&amp;nbsp;&amp;nbsp;&amp;nbsp;&amp;nbsp;&amp;nbsp;&amp;nbsp;&amp;nbsp;&amp;nbsp;&amp;nbsp;&amp;nbsp;&amp;nbsp;&amp;nbsp;&amp;nbsp;&amp;nbsp;&amp;nbsp;&amp;nbsp;&lt;/span&gt;&lt;span style="color: var(--highlight-default)"&gt;$test&lt;/span&gt;&lt;span style="color: var(--highlight-keyword)"&gt;-&amp;gt;&lt;/span&gt;&lt;span style="color: var(--highlight-default)"&gt;setRunTestInSeparateProcess&lt;/span&gt;&lt;span style="color: var(--highlight-keyword)"&gt;(&lt;/span&gt;&lt;span style="color: var(--highlight-default)"&gt;$this&lt;/span&gt;&lt;span style="color: var(--highlight-keyword)"&gt;-&amp;gt;&lt;/span&gt;&lt;span style="color: var(--highlight-default)"&gt;runTestInSeparateProcess&lt;/span&gt;&lt;span style="color: var(--highlight-keyword)"&gt;);&lt;/span&gt;&lt;/code&gt;&lt;/li&gt;
&lt;li&gt;&lt;code&gt;&lt;span style="color: var(--highlight-keyword)"&gt;&amp;nbsp;&amp;nbsp;&amp;nbsp;&amp;nbsp;&amp;nbsp;&amp;nbsp;&amp;nbsp;&amp;nbsp;&amp;nbsp;&amp;nbsp;&amp;nbsp;&amp;nbsp;}&lt;/span&gt;&lt;/code&gt;&lt;/li&gt;
&lt;li&gt;&lt;code&gt;&lt;span style="color: var(--highlight-keyword)"&gt;&lt;/span&gt;&lt;/code&gt;&lt;/li&gt;
&lt;li class="selected"&gt;&lt;code&gt;&lt;span style="color: var(--highlight-keyword)"&gt;&amp;nbsp;&amp;nbsp;&amp;nbsp;&amp;nbsp;&amp;nbsp;&amp;nbsp;&amp;nbsp;&amp;nbsp;&amp;nbsp;&amp;nbsp;&amp;nbsp;&amp;nbsp;&lt;/span&gt;&lt;span style="color: var(--highlight-default)"&gt;$test&lt;/span&gt;&lt;span style="color: var(--highlight-keyword)"&gt;-&amp;gt;&lt;/span&gt;&lt;span style="color: var(--highlight-default)"&gt;run&lt;/span&gt;&lt;span style="color: var(--highlight-keyword)"&gt;(&lt;/span&gt;&lt;span style="color: var(--highlight-default)"&gt;$result&lt;/span&gt;&lt;span style="color: var(--highlight-keyword)"&gt;);&lt;/span&gt;&lt;/code&gt;&lt;/li&gt;
&lt;li&gt;&lt;code&gt;&lt;span style="color: var(--highlight-keyword)"&gt;&amp;nbsp;&amp;nbsp;&amp;nbsp;&amp;nbsp;&amp;nbsp;&amp;nbsp;&amp;nbsp;&amp;nbsp;}&lt;/span&gt;&lt;/code&gt;&lt;/li&gt;
&lt;li&gt;&lt;code&gt;&lt;span style="color: var(--highlight-keyword)"&gt;&lt;/span&gt;&lt;/code&gt;&lt;/li&gt;
&lt;li&gt;&lt;code&gt;&lt;span style="color: var(--highlight-keyword)"&gt;&amp;nbsp;&amp;nbsp;&amp;nbsp;&amp;nbsp;&amp;nbsp;&amp;nbsp;&amp;nbsp;&amp;nbsp;if&amp;nbsp;(&lt;/span&gt;&lt;span style="color: var(--highlight-default)"&gt;$this&lt;/span&gt;&lt;span style="color: var(--highlight-keyword)"&gt;-&amp;gt;&lt;/span&gt;&lt;span style="color: var(--highlight-default)"&gt;testCase&amp;nbsp;&lt;/span&gt;&lt;span style="color: var(--highlight-keyword)"&gt;&amp;amp;&amp;amp;&amp;nbsp;&lt;/span&gt;&lt;span style="color: var(--highlight-default)"&gt;class_exists&lt;/span&gt;&lt;span style="color: var(--highlight-keyword)"&gt;(&lt;/span&gt;&lt;span style="color: var(--highlight-default)"&gt;$this&lt;/span&gt;&lt;span style="color: var(--highlight-keyword)"&gt;-&amp;gt;&lt;/span&gt;&lt;span style="color: var(--highlight-default)"&gt;name&lt;/span&gt;&lt;span style="color: var(--highlight-keyword)"&gt;,&amp;nbsp;&lt;/span&gt;&lt;span style="color: var(--highlight-default)"&gt;false&lt;/span&gt;&lt;span style="color: var(--highlight-keyword)"&gt;))&amp;nbsp;{&lt;/span&gt;&lt;/code&gt;&lt;/li&gt;
&lt;li&gt;&lt;code&gt;&lt;span style="color: var(--highlight-keyword)"&gt;&amp;nbsp;&amp;nbsp;&amp;nbsp;&amp;nbsp;&amp;nbsp;&amp;nbsp;&amp;nbsp;&amp;nbsp;&amp;nbsp;&amp;nbsp;&amp;nbsp;&amp;nbsp;foreach&amp;nbsp;(&lt;/span&gt;&lt;span style="color: var(--highlight-default)"&gt;$hookMethods&lt;/span&gt;&lt;span style="color: var(--highlight-keyword)"&gt;[&lt;/span&gt;&lt;span style="color: var(--highlight-string)"&gt;'afterClass'&lt;/span&gt;&lt;span style="color: var(--highlight-keyword)"&gt;]&amp;nbsp;as&amp;nbsp;&lt;/span&gt;&lt;span style="color: var(--highlight-default)"&gt;$afterClassMethod&lt;/span&gt;&lt;span style="color: var(--highlight-keyword)"&gt;)&amp;nbsp;{&lt;/span&gt;&lt;/code&gt;&lt;/li&gt;
&lt;li&gt;&lt;code&gt;&lt;span style="color: var(--highlight-keyword)"&gt;&amp;nbsp;&amp;nbsp;&amp;nbsp;&amp;nbsp;&amp;nbsp;&amp;nbsp;&amp;nbsp;&amp;nbsp;&amp;nbsp;&amp;nbsp;&amp;nbsp;&amp;nbsp;&amp;nbsp;&amp;nbsp;&amp;nbsp;&amp;nbsp;if&amp;nbsp;(&lt;/span&gt;&lt;span style="color: var(--highlight-default)"&gt;method_exists&lt;/span&gt;&lt;span style="color: var(--highlight-keyword)"&gt;(&lt;/span&gt;&lt;span style="color: var(--highlight-default)"&gt;$this&lt;/span&gt;&lt;span style="color: var(--highlight-keyword)"&gt;-&amp;gt;&lt;/span&gt;&lt;span style="color: var(--highlight-default)"&gt;name&lt;/span&gt;&lt;span style="color: var(--highlight-keyword)"&gt;,&amp;nbsp;&lt;/span&gt;&lt;span style="color: var(--highlight-default)"&gt;$afterClassMethod&lt;/span&gt;&lt;span style="color: var(--highlight-keyword)"&gt;))&amp;nbsp;{&lt;/span&gt;&lt;/code&gt;&lt;/li&gt;&lt;/ol&gt;    &lt;/div&gt;            &lt;/div&gt;
                        &lt;div class="trace-line "&gt;
                &lt;div class="trace-line-header break-long-words sf-toggle" data-toggle-selector="#trace-html-3-23" data-toggle-initial=""&gt;
            &lt;span class="icon icon-close"&gt;&lt;svg width="1792" height="1792" viewBox="0 0 1792 1792" xmlns="http://www.w3.org/2000/svg"&gt;&lt;path d="M1408 960V832q0-26-19-45t-45-19H448q-26 0-45 19t-19 45v128q0 26 19 45t45 19h896q26 0 45-19t19-45zm256-544v960q0 119-84.5 203.5T1376 1664H416q-119 0-203.5-84.5T128 1376V416q0-119 84.5-203.5T416 128h960q119 0 203.5 84.5T1664 416z"/&gt;&lt;/svg&gt;&lt;/span&gt;
        &lt;span class="icon icon-open"&gt;&lt;svg width="1792" height="1792" viewBox="0 0 1792 1792" xmlns="http://www.w3.org/2000/svg"&gt;&lt;path d="M1408 960V832q0-26-19-45t-45-19h-320V448q0-26-19-45t-45-19H832q-26 0-45 19t-19 45v320H448q-26 0-45 19t-19 45v128q0 26 19 45t45 19h320v320q0 26 19 45t45 19h128q26 0 45-19t19-45v-320h320q26 0 45-19t19-45zm256-544v960q0 119-84.5 203.5T1376 1664H416q-119 0-203.5-84.5T128 1376V416q0-119 84.5-203.5T416 128h960q119 0 203.5 84.5T1664 416z"/&gt;&lt;/svg&gt;&lt;/span&gt;
    
            &lt;span class="trace-class"&gt;&lt;abbr title="PHPUnit\Framework\TestSuite"&gt;TestSuite&lt;/abbr&gt;&lt;/span&gt;&lt;span class="trace-type"&gt;-&gt;&lt;/span&gt;&lt;span class="trace-method"&gt;run&lt;/span&gt;&lt;span class="trace-arguments"&gt;()&lt;/span&gt;    
                    &lt;span class="block trace-file-path"&gt;
            in
            &lt;a href=""&gt;
                C:\Users\eman\Documents\GitHub\car_dealer\vendor\phpunit\phpunit\src\TextUI\&lt;strong&gt;TestRunner.php&lt;/strong&gt;
            &lt;/a&gt;
                        (line 670)
            &lt;span class="icon icon-copy hidden" data-clipboard-text="C:\Users\eman\Documents\GitHub\car_dealer\vendor\phpunit\phpunit\src\TextUI\TestRunner.php:670"&gt;
                &lt;svg xmlns="http://www.w3.org/2000/svg" height="24" viewBox="0 0 24 24" width="24"&gt;&lt;path d="M0 0h24v24H0z" fill="none"/&gt;&lt;path d="M16 1H4c-1.1 0-2 .9-2 2v14h2V3h12V1zm3 4H8c-1.1 0-2 .9-2 2v14c0 1.1.9 2 2 2h11c1.1 0 2-.9 2-2V7c0-1.1-.9-2-2-2zm0 16H8V7h11v14z"/&gt;&lt;/svg&gt;            &lt;/span&gt;
        &lt;/span&gt;
    &lt;/div&gt;
    &lt;div id="trace-html-3-23" class="trace-code sf-toggle-content"&gt;
        &lt;ol start="665"&gt;&lt;li&gt;&lt;code&gt;&lt;span style="color: var(--highlight-keyword)"&gt;&lt;/span&gt;&lt;/code&gt;&lt;/li&gt;
&lt;li&gt;&lt;code&gt;&lt;span style="color: var(--highlight-keyword)"&gt;&amp;nbsp;&amp;nbsp;&amp;nbsp;&amp;nbsp;&amp;nbsp;&amp;nbsp;&amp;nbsp;&amp;nbsp;if&amp;nbsp;(&lt;/span&gt;&lt;span style="color: var(--highlight-default)"&gt;$testSuiteWarningsPrinted&lt;/span&gt;&lt;span style="color: var(--highlight-keyword)"&gt;)&amp;nbsp;{&lt;/span&gt;&lt;/code&gt;&lt;/li&gt;
&lt;li&gt;&lt;code&gt;&lt;span style="color: var(--highlight-keyword)"&gt;&amp;nbsp;&amp;nbsp;&amp;nbsp;&amp;nbsp;&amp;nbsp;&amp;nbsp;&amp;nbsp;&amp;nbsp;&amp;nbsp;&amp;nbsp;&amp;nbsp;&amp;nbsp;&lt;/span&gt;&lt;span style="color: var(--highlight-default)"&gt;$this&lt;/span&gt;&lt;span style="color: var(--highlight-keyword)"&gt;-&amp;gt;&lt;/span&gt;&lt;span style="color: var(--highlight-default)"&gt;write&lt;/span&gt;&lt;span style="color: var(--highlight-keyword)"&gt;(&lt;/span&gt;&lt;span style="color: var(--highlight-default)"&gt;PHP_EOL&lt;/span&gt;&lt;span style="color: var(--highlight-keyword)"&gt;);&lt;/span&gt;&lt;/code&gt;&lt;/li&gt;
&lt;li&gt;&lt;code&gt;&lt;span style="color: var(--highlight-keyword)"&gt;&amp;nbsp;&amp;nbsp;&amp;nbsp;&amp;nbsp;&amp;nbsp;&amp;nbsp;&amp;nbsp;&amp;nbsp;}&lt;/span&gt;&lt;/code&gt;&lt;/li&gt;
&lt;li&gt;&lt;code&gt;&lt;span style="color: var(--highlight-keyword)"&gt;&lt;/span&gt;&lt;/code&gt;&lt;/li&gt;
&lt;li class="selected"&gt;&lt;code&gt;&lt;span style="color: var(--highlight-keyword)"&gt;&amp;nbsp;&amp;nbsp;&amp;nbsp;&amp;nbsp;&amp;nbsp;&amp;nbsp;&amp;nbsp;&amp;nbsp;&lt;/span&gt;&lt;span style="color: var(--highlight-default)"&gt;$suite&lt;/span&gt;&lt;span style="color: var(--highlight-keyword)"&gt;-&amp;gt;&lt;/span&gt;&lt;span style="color: var(--highlight-default)"&gt;run&lt;/span&gt;&lt;span style="color: var(--highlight-keyword)"&gt;(&lt;/span&gt;&lt;span style="color: var(--highlight-default)"&gt;$result&lt;/span&gt;&lt;span style="color: var(--highlight-keyword)"&gt;);&lt;/span&gt;&lt;/code&gt;&lt;/li&gt;
&lt;li&gt;&lt;code&gt;&lt;span style="color: var(--highlight-keyword)"&gt;&lt;/span&gt;&lt;/code&gt;&lt;/li&gt;
&lt;li&gt;&lt;code&gt;&lt;span style="color: var(--highlight-keyword)"&gt;&amp;nbsp;&amp;nbsp;&amp;nbsp;&amp;nbsp;&amp;nbsp;&amp;nbsp;&amp;nbsp;&amp;nbsp;foreach&amp;nbsp;(&lt;/span&gt;&lt;span style="color: var(--highlight-default)"&gt;$this&lt;/span&gt;&lt;span style="color: var(--highlight-keyword)"&gt;-&amp;gt;&lt;/span&gt;&lt;span style="color: var(--highlight-default)"&gt;extensions&amp;nbsp;&lt;/span&gt;&lt;span style="color: var(--highlight-keyword)"&gt;as&amp;nbsp;&lt;/span&gt;&lt;span style="color: var(--highlight-default)"&gt;$extension&lt;/span&gt;&lt;span style="color: var(--highlight-keyword)"&gt;)&amp;nbsp;{&lt;/span&gt;&lt;/code&gt;&lt;/li&gt;
&lt;li&gt;&lt;code&gt;&lt;span style="color: var(--highlight-keyword)"&gt;&amp;nbsp;&amp;nbsp;&amp;nbsp;&amp;nbsp;&amp;nbsp;&amp;nbsp;&amp;nbsp;&amp;nbsp;&amp;nbsp;&amp;nbsp;&amp;nbsp;&amp;nbsp;if&amp;nbsp;(&lt;/span&gt;&lt;span style="color: var(--highlight-default)"&gt;$extension&amp;nbsp;&lt;/span&gt;&lt;span style="color: var(--highlight-keyword)"&gt;instanceof&amp;nbsp;&lt;/span&gt;&lt;span style="color: var(--highlight-default)"&gt;AfterLastTestHook&lt;/span&gt;&lt;span style="color: var(--highlight-keyword)"&gt;)&amp;nbsp;{&lt;/span&gt;&lt;/code&gt;&lt;/li&gt;
&lt;li&gt;&lt;code&gt;&lt;span style="color: var(--highlight-keyword)"&gt;&amp;nbsp;&amp;nbsp;&amp;nbsp;&amp;nbsp;&amp;nbsp;&amp;nbsp;&amp;nbsp;&amp;nbsp;&amp;nbsp;&amp;nbsp;&amp;nbsp;&amp;nbsp;&amp;nbsp;&amp;nbsp;&amp;nbsp;&amp;nbsp;&lt;/span&gt;&lt;span style="color: var(--highlight-default)"&gt;$extension&lt;/span&gt;&lt;span style="color: var(--highlight-keyword)"&gt;-&amp;gt;&lt;/span&gt;&lt;span style="color: var(--highlight-default)"&gt;executeAfterLastTest&lt;/span&gt;&lt;span style="color: var(--highlight-keyword)"&gt;();&lt;/span&gt;&lt;/code&gt;&lt;/li&gt;
&lt;li&gt;&lt;code&gt;&lt;span style="color: var(--highlight-keyword)"&gt;&amp;nbsp;&amp;nbsp;&amp;nbsp;&amp;nbsp;&amp;nbsp;&amp;nbsp;&amp;nbsp;&amp;nbsp;&amp;nbsp;&amp;nbsp;&amp;nbsp;&amp;nbsp;}&lt;/span&gt;&lt;/code&gt;&lt;/li&gt;&lt;/ol&gt;    &lt;/div&gt;            &lt;/div&gt;
                        &lt;div class="trace-line "&gt;
                &lt;div class="trace-line-header break-long-words sf-toggle" data-toggle-selector="#trace-html-3-24" data-toggle-initial=""&gt;
            &lt;span class="icon icon-close"&gt;&lt;svg width="1792" height="1792" viewBox="0 0 1792 1792" xmlns="http://www.w3.org/2000/svg"&gt;&lt;path d="M1408 960V832q0-26-19-45t-45-19H448q-26 0-45 19t-19 45v128q0 26 19 45t45 19h896q26 0 45-19t19-45zm256-544v960q0 119-84.5 203.5T1376 1664H416q-119 0-203.5-84.5T128 1376V416q0-119 84.5-203.5T416 128h960q119 0 203.5 84.5T1664 416z"/&gt;&lt;/svg&gt;&lt;/span&gt;
        &lt;span class="icon icon-open"&gt;&lt;svg width="1792" height="1792" viewBox="0 0 1792 1792" xmlns="http://www.w3.org/2000/svg"&gt;&lt;path d="M1408 960V832q0-26-19-45t-45-19h-320V448q0-26-19-45t-45-19H832q-26 0-45 19t-19 45v320H448q-26 0-45 19t-19 45v128q0 26 19 45t45 19h320v320q0 26 19 45t45 19h128q26 0 45-19t19-45v-320h320q26 0 45-19t19-45zm256-544v960q0 119-84.5 203.5T1376 1664H416q-119 0-203.5-84.5T128 1376V416q0-119 84.5-203.5T416 128h960q119 0 203.5 84.5T1664 416z"/&gt;&lt;/svg&gt;&lt;/span&gt;
    
            &lt;span class="trace-class"&gt;&lt;abbr title="PHPUnit\TextUI\TestRunner"&gt;TestRunner&lt;/abbr&gt;&lt;/span&gt;&lt;span class="trace-type"&gt;-&gt;&lt;/span&gt;&lt;span class="trace-method"&gt;run&lt;/span&gt;&lt;span class="trace-arguments"&gt;()&lt;/span&gt;    
                    &lt;span class="block trace-file-path"&gt;
            in
            &lt;a href=""&gt;
                C:\Users\eman\Documents\GitHub\car_dealer\vendor\phpunit\phpunit\src\TextUI\&lt;strong&gt;Command.php&lt;/strong&gt;
            &lt;/a&gt;
                        (line 143)
            &lt;span class="icon icon-copy hidden" data-clipboard-text="C:\Users\eman\Documents\GitHub\car_dealer\vendor\phpunit\phpunit\src\TextUI\Command.php:143"&gt;
                &lt;svg xmlns="http://www.w3.org/2000/svg" height="24" viewBox="0 0 24 24" width="24"&gt;&lt;path d="M0 0h24v24H0z" fill="none"/&gt;&lt;path d="M16 1H4c-1.1 0-2 .9-2 2v14h2V3h12V1zm3 4H8c-1.1 0-2 .9-2 2v14c0 1.1.9 2 2 2h11c1.1 0 2-.9 2-2V7c0-1.1-.9-2-2-2zm0 16H8V7h11v14z"/&gt;&lt;/svg&gt;            &lt;/span&gt;
        &lt;/span&gt;
    &lt;/div&gt;
    &lt;div id="trace-html-3-24" class="trace-code sf-toggle-content"&gt;
        &lt;ol start="138"&gt;&lt;li&gt;&lt;code&gt;&lt;span style="color: var(--highlight-keyword)"&gt;&amp;nbsp;&amp;nbsp;&amp;nbsp;&amp;nbsp;&amp;nbsp;&amp;nbsp;&amp;nbsp;&amp;nbsp;}&lt;/span&gt;&lt;/code&gt;&lt;/li&gt;
&lt;li&gt;&lt;code&gt;&lt;span style="color: var(--highlight-keyword)"&gt;&lt;/span&gt;&lt;/code&gt;&lt;/li&gt;
&lt;li&gt;&lt;code&gt;&lt;span style="color: var(--highlight-keyword)"&gt;&amp;nbsp;&amp;nbsp;&amp;nbsp;&amp;nbsp;&amp;nbsp;&amp;nbsp;&amp;nbsp;&amp;nbsp;unset(&lt;/span&gt;&lt;span style="color: var(--highlight-default)"&gt;$this&lt;/span&gt;&lt;span style="color: var(--highlight-keyword)"&gt;-&amp;gt;&lt;/span&gt;&lt;span style="color: var(--highlight-default)"&gt;arguments&lt;/span&gt;&lt;span style="color: var(--highlight-keyword)"&gt;[&lt;/span&gt;&lt;span style="color: var(--highlight-string)"&gt;'test'&lt;/span&gt;&lt;span style="color: var(--highlight-keyword)"&gt;],&amp;nbsp;&lt;/span&gt;&lt;span style="color: var(--highlight-default)"&gt;$this&lt;/span&gt;&lt;span style="color: var(--highlight-keyword)"&gt;-&amp;gt;&lt;/span&gt;&lt;span style="color: var(--highlight-default)"&gt;arguments&lt;/span&gt;&lt;span style="color: var(--highlight-keyword)"&gt;[&lt;/span&gt;&lt;span style="color: var(--highlight-string)"&gt;'testFile'&lt;/span&gt;&lt;span style="color: var(--highlight-keyword)"&gt;]);&lt;/span&gt;&lt;/code&gt;&lt;/li&gt;
&lt;li&gt;&lt;code&gt;&lt;span style="color: var(--highlight-keyword)"&gt;&lt;/span&gt;&lt;/code&gt;&lt;/li&gt;
&lt;li&gt;&lt;code&gt;&lt;span style="color: var(--highlight-keyword)"&gt;&amp;nbsp;&amp;nbsp;&amp;nbsp;&amp;nbsp;&amp;nbsp;&amp;nbsp;&amp;nbsp;&amp;nbsp;try&amp;nbsp;{&lt;/span&gt;&lt;/code&gt;&lt;/li&gt;
&lt;li class="selected"&gt;&lt;code&gt;&lt;span style="color: var(--highlight-keyword)"&gt;&amp;nbsp;&amp;nbsp;&amp;nbsp;&amp;nbsp;&amp;nbsp;&amp;nbsp;&amp;nbsp;&amp;nbsp;&amp;nbsp;&amp;nbsp;&amp;nbsp;&amp;nbsp;&lt;/span&gt;&lt;span style="color: var(--highlight-default)"&gt;$result&amp;nbsp;&lt;/span&gt;&lt;span style="color: var(--highlight-keyword)"&gt;=&amp;nbsp;&lt;/span&gt;&lt;span style="color: var(--highlight-default)"&gt;$runner&lt;/span&gt;&lt;span style="color: var(--highlight-keyword)"&gt;-&amp;gt;&lt;/span&gt;&lt;span style="color: var(--highlight-default)"&gt;run&lt;/span&gt;&lt;span style="color: var(--highlight-keyword)"&gt;(&lt;/span&gt;&lt;span style="color: var(--highlight-default)"&gt;$suite&lt;/span&gt;&lt;span style="color: var(--highlight-keyword)"&gt;,&amp;nbsp;&lt;/span&gt;&lt;span style="color: var(--highlight-default)"&gt;$this&lt;/span&gt;&lt;span style="color: var(--highlight-keyword)"&gt;-&amp;gt;&lt;/span&gt;&lt;span style="color: var(--highlight-default)"&gt;arguments&lt;/span&gt;&lt;span style="color: var(--highlight-keyword)"&gt;,&amp;nbsp;&lt;/span&gt;&lt;span style="color: var(--highlight-default)"&gt;$this&lt;/span&gt;&lt;span style="color: var(--highlight-keyword)"&gt;-&amp;gt;&lt;/span&gt;&lt;span style="color: var(--highlight-default)"&gt;warnings&lt;/span&gt;&lt;span style="color: var(--highlight-keyword)"&gt;,&amp;nbsp;&lt;/span&gt;&lt;span style="color: var(--highlight-default)"&gt;$exit&lt;/span&gt;&lt;span style="color: var(--highlight-keyword)"&gt;);&lt;/span&gt;&lt;/code&gt;&lt;/li&gt;
&lt;li&gt;&lt;code&gt;&lt;span style="color: var(--highlight-keyword)"&gt;&amp;nbsp;&amp;nbsp;&amp;nbsp;&amp;nbsp;&amp;nbsp;&amp;nbsp;&amp;nbsp;&amp;nbsp;}&amp;nbsp;catch&amp;nbsp;(&lt;/span&gt;&lt;span style="color: var(--highlight-default)"&gt;Throwable&amp;nbsp;$t&lt;/span&gt;&lt;span style="color: var(--highlight-keyword)"&gt;)&amp;nbsp;{&lt;/span&gt;&lt;/code&gt;&lt;/li&gt;
&lt;li&gt;&lt;code&gt;&lt;span style="color: var(--highlight-keyword)"&gt;&amp;nbsp;&amp;nbsp;&amp;nbsp;&amp;nbsp;&amp;nbsp;&amp;nbsp;&amp;nbsp;&amp;nbsp;&amp;nbsp;&amp;nbsp;&amp;nbsp;&amp;nbsp;print&amp;nbsp;&lt;/span&gt;&lt;span style="color: var(--highlight-default)"&gt;$t&lt;/span&gt;&lt;span style="color: var(--highlight-keyword)"&gt;-&amp;gt;&lt;/span&gt;&lt;span style="color: var(--highlight-default)"&gt;getMessage&lt;/span&gt;&lt;span style="color: var(--highlight-keyword)"&gt;()&amp;nbsp;.&amp;nbsp;&lt;/span&gt;&lt;span style="color: var(--highlight-default)"&gt;PHP_EOL&lt;/span&gt;&lt;span style="color: var(--highlight-keyword)"&gt;;&lt;/span&gt;&lt;/code&gt;&lt;/li&gt;
&lt;li&gt;&lt;code&gt;&lt;span style="color: var(--highlight-keyword)"&gt;&amp;nbsp;&amp;nbsp;&amp;nbsp;&amp;nbsp;&amp;nbsp;&amp;nbsp;&amp;nbsp;&amp;nbsp;}&lt;/span&gt;&lt;/code&gt;&lt;/li&gt;
&lt;li&gt;&lt;code&gt;&lt;span style="color: var(--highlight-keyword)"&gt;&lt;/span&gt;&lt;/code&gt;&lt;/li&gt;
&lt;li&gt;&lt;code&gt;&lt;span style="color: var(--highlight-keyword)"&gt;&amp;nbsp;&amp;nbsp;&amp;nbsp;&amp;nbsp;&amp;nbsp;&amp;nbsp;&amp;nbsp;&amp;nbsp;&lt;/span&gt;&lt;span style="color: var(--highlight-default)"&gt;$return&amp;nbsp;&lt;/span&gt;&lt;span style="color: var(--highlight-keyword)"&gt;=&amp;nbsp;&lt;/span&gt;&lt;span style="color: var(--highlight-default)"&gt;TestRunner&lt;/span&gt;&lt;span style="color: var(--highlight-keyword)"&gt;::&lt;/span&gt;&lt;span style="color: var(--highlight-default)"&gt;FAILURE_EXIT&lt;/span&gt;&lt;span style="color: var(--highlight-keyword)"&gt;;&lt;/span&gt;&lt;/code&gt;&lt;/li&gt;&lt;/ol&gt;    &lt;/div&gt;            &lt;/div&gt;
                        &lt;div class="trace-line "&gt;
                &lt;div class="trace-line-header break-long-words sf-toggle" data-toggle-selector="#trace-html-3-25" data-toggle-initial=""&gt;
            &lt;span class="icon icon-close"&gt;&lt;svg width="1792" height="1792" viewBox="0 0 1792 1792" xmlns="http://www.w3.org/2000/svg"&gt;&lt;path d="M1408 960V832q0-26-19-45t-45-19H448q-26 0-45 19t-19 45v128q0 26 19 45t45 19h896q26 0 45-19t19-45zm256-544v960q0 119-84.5 203.5T1376 1664H416q-119 0-203.5-84.5T128 1376V416q0-119 84.5-203.5T416 128h960q119 0 203.5 84.5T1664 416z"/&gt;&lt;/svg&gt;&lt;/span&gt;
        &lt;span class="icon icon-open"&gt;&lt;svg width="1792" height="1792" viewBox="0 0 1792 1792" xmlns="http://www.w3.org/2000/svg"&gt;&lt;path d="M1408 960V832q0-26-19-45t-45-19h-320V448q0-26-19-45t-45-19H832q-26 0-45 19t-19 45v320H448q-26 0-45 19t-19 45v128q0 26 19 45t45 19h320v320q0 26 19 45t45 19h128q26 0 45-19t19-45v-320h320q26 0 45-19t19-45zm256-544v960q0 119-84.5 203.5T1376 1664H416q-119 0-203.5-84.5T128 1376V416q0-119 84.5-203.5T416 128h960q119 0 203.5 84.5T1664 416z"/&gt;&lt;/svg&gt;&lt;/span&gt;
    
            &lt;span class="trace-class"&gt;&lt;abbr title="PHPUnit\TextUI\Command"&gt;Command&lt;/abbr&gt;&lt;/span&gt;&lt;span class="trace-type"&gt;-&gt;&lt;/span&gt;&lt;span class="trace-method"&gt;run&lt;/span&gt;&lt;span class="trace-arguments"&gt;()&lt;/span&gt;    
                    &lt;span class="block trace-file-path"&gt;
            in
            &lt;a href=""&gt;
                C:\Users\eman\Documents\GitHub\car_dealer\vendor\phpunit\phpunit\src\TextUI\&lt;strong&gt;Command.php&lt;/strong&gt;
            &lt;/a&gt;
                        (line 96)
            &lt;span class="icon icon-copy hidden" data-clipboard-text="C:\Users\eman\Documents\GitHub\car_dealer\vendor\phpunit\phpunit\src\TextUI\Command.php:96"&gt;
                &lt;svg xmlns="http://www.w3.org/2000/svg" height="24" viewBox="0 0 24 24" width="24"&gt;&lt;path d="M0 0h24v24H0z" fill="none"/&gt;&lt;path d="M16 1H4c-1.1 0-2 .9-2 2v14h2V3h12V1zm3 4H8c-1.1 0-2 .9-2 2v14c0 1.1.9 2 2 2h11c1.1 0 2-.9 2-2V7c0-1.1-.9-2-2-2zm0 16H8V7h11v14z"/&gt;&lt;/svg&gt;            &lt;/span&gt;
        &lt;/span&gt;
    &lt;/div&gt;
    &lt;div id="trace-html-3-25" class="trace-code sf-toggle-content"&gt;
        &lt;ol start="91"&gt;&lt;li&gt;&lt;code&gt;&lt;span style="color: var(--highlight-comment)"&gt;&amp;nbsp;&amp;nbsp;&amp;nbsp;&amp;nbsp;&amp;nbsp;*&amp;nbsp;@throws&amp;nbsp;Exception&lt;/span&gt;&lt;/code&gt;&lt;/li&gt;
&lt;li&gt;&lt;code&gt;&lt;span style="color: var(--highlight-comment)"&gt;&amp;nbsp;&amp;nbsp;&amp;nbsp;&amp;nbsp;&amp;nbsp;*/&lt;/span&gt;&lt;/code&gt;&lt;/li&gt;
&lt;li&gt;&lt;code&gt;&lt;span style="color: var(--highlight-comment)"&gt;&amp;nbsp;&amp;nbsp;&amp;nbsp;&amp;nbsp;&lt;/span&gt;&lt;span style="color: var(--highlight-keyword)"&gt;public&amp;nbsp;static&amp;nbsp;function&amp;nbsp;&lt;/span&gt;&lt;span style="color: var(--highlight-default)"&gt;main&lt;/span&gt;&lt;span style="color: var(--highlight-keyword)"&gt;(&lt;/span&gt;&lt;span style="color: var(--highlight-default)"&gt;bool&amp;nbsp;$exit&amp;nbsp;&lt;/span&gt;&lt;span style="color: var(--highlight-keyword)"&gt;=&amp;nbsp;&lt;/span&gt;&lt;span style="color: var(--highlight-default)"&gt;true&lt;/span&gt;&lt;span style="color: var(--highlight-keyword)"&gt;):&amp;nbsp;&lt;/span&gt;&lt;span style="color: var(--highlight-default)"&gt;int&lt;/span&gt;&lt;/code&gt;&lt;/li&gt;
&lt;li&gt;&lt;code&gt;&lt;span style="color: var(--highlight-default)"&gt;&amp;nbsp;&amp;nbsp;&amp;nbsp;&amp;nbsp;&lt;/span&gt;&lt;span style="color: var(--highlight-keyword)"&gt;{&lt;/span&gt;&lt;/code&gt;&lt;/li&gt;
&lt;li&gt;&lt;code&gt;&lt;span style="color: var(--highlight-keyword)"&gt;&amp;nbsp;&amp;nbsp;&amp;nbsp;&amp;nbsp;&amp;nbsp;&amp;nbsp;&amp;nbsp;&amp;nbsp;try&amp;nbsp;{&lt;/span&gt;&lt;/code&gt;&lt;/li&gt;
&lt;li class="selected"&gt;&lt;code&gt;&lt;span style="color: var(--highlight-keyword)"&gt;&amp;nbsp;&amp;nbsp;&amp;nbsp;&amp;nbsp;&amp;nbsp;&amp;nbsp;&amp;nbsp;&amp;nbsp;&amp;nbsp;&amp;nbsp;&amp;nbsp;&amp;nbsp;return&amp;nbsp;(new&amp;nbsp;static)-&amp;gt;&lt;/span&gt;&lt;span style="color: var(--highlight-default)"&gt;run&lt;/span&gt;&lt;span style="color: var(--highlight-keyword)"&gt;(&lt;/span&gt;&lt;span style="color: var(--highlight-default)"&gt;$_SERVER&lt;/span&gt;&lt;span style="color: var(--highlight-keyword)"&gt;[&lt;/span&gt;&lt;span style="color: var(--highlight-string)"&gt;'argv'&lt;/span&gt;&lt;span style="color: var(--highlight-keyword)"&gt;],&amp;nbsp;&lt;/span&gt;&lt;span style="color: var(--highlight-default)"&gt;$exit&lt;/span&gt;&lt;span style="color: var(--highlight-keyword)"&gt;);&lt;/span&gt;&lt;/code&gt;&lt;/li&gt;
&lt;li&gt;&lt;code&gt;&lt;span style="color: var(--highlight-keyword)"&gt;&amp;nbsp;&amp;nbsp;&amp;nbsp;&amp;nbsp;&amp;nbsp;&amp;nbsp;&amp;nbsp;&amp;nbsp;}&amp;nbsp;catch&amp;nbsp;(&lt;/span&gt;&lt;span style="color: var(--highlight-default)"&gt;Throwable&amp;nbsp;$t&lt;/span&gt;&lt;span style="color: var(--highlight-keyword)"&gt;)&amp;nbsp;{&lt;/span&gt;&lt;/code&gt;&lt;/li&gt;
&lt;li&gt;&lt;code&gt;&lt;span style="color: var(--highlight-keyword)"&gt;&amp;nbsp;&amp;nbsp;&amp;nbsp;&amp;nbsp;&amp;nbsp;&amp;nbsp;&amp;nbsp;&amp;nbsp;&amp;nbsp;&amp;nbsp;&amp;nbsp;&amp;nbsp;throw&amp;nbsp;new&amp;nbsp;&lt;/span&gt;&lt;span style="color: var(--highlight-default)"&gt;RuntimeException&lt;/span&gt;&lt;span style="color: var(--highlight-keyword)"&gt;(&lt;/span&gt;&lt;/code&gt;&lt;/li&gt;
&lt;li&gt;&lt;code&gt;&lt;span style="color: var(--highlight-keyword)"&gt;&amp;nbsp;&amp;nbsp;&amp;nbsp;&amp;nbsp;&amp;nbsp;&amp;nbsp;&amp;nbsp;&amp;nbsp;&amp;nbsp;&amp;nbsp;&amp;nbsp;&amp;nbsp;&amp;nbsp;&amp;nbsp;&amp;nbsp;&amp;nbsp;&lt;/span&gt;&lt;span style="color: var(--highlight-default)"&gt;$t&lt;/span&gt;&lt;span style="color: var(--highlight-keyword)"&gt;-&amp;gt;&lt;/span&gt;&lt;span style="color: var(--highlight-default)"&gt;getMessage&lt;/span&gt;&lt;span style="color: var(--highlight-keyword)"&gt;(),&lt;/span&gt;&lt;/code&gt;&lt;/li&gt;
&lt;li&gt;&lt;code&gt;&lt;span style="color: var(--highlight-keyword)"&gt;&amp;nbsp;&amp;nbsp;&amp;nbsp;&amp;nbsp;&amp;nbsp;&amp;nbsp;&amp;nbsp;&amp;nbsp;&amp;nbsp;&amp;nbsp;&amp;nbsp;&amp;nbsp;&amp;nbsp;&amp;nbsp;&amp;nbsp;&amp;nbsp;(int)&amp;nbsp;&lt;/span&gt;&lt;span style="color: var(--highlight-default)"&gt;$t&lt;/span&gt;&lt;span style="color: var(--highlight-keyword)"&gt;-&amp;gt;&lt;/span&gt;&lt;span style="color: var(--highlight-default)"&gt;getCode&lt;/span&gt;&lt;span style="color: var(--highlight-keyword)"&gt;(),&lt;/span&gt;&lt;/code&gt;&lt;/li&gt;
&lt;li&gt;&lt;code&gt;&lt;span style="color: var(--highlight-keyword)"&gt;&amp;nbsp;&amp;nbsp;&amp;nbsp;&amp;nbsp;&amp;nbsp;&amp;nbsp;&amp;nbsp;&amp;nbsp;&amp;nbsp;&amp;nbsp;&amp;nbsp;&amp;nbsp;&amp;nbsp;&amp;nbsp;&amp;nbsp;&amp;nbsp;&lt;/span&gt;&lt;span style="color: var(--highlight-default)"&gt;$t&lt;/span&gt;&lt;/code&gt;&lt;/li&gt;&lt;/ol&gt;    &lt;/div&gt;            &lt;/div&gt;
                        &lt;div class="trace-line "&gt;
                &lt;div class="trace-line-header break-long-words sf-toggle" data-toggle-selector="#trace-html-3-26" data-toggle-initial=""&gt;
            &lt;span class="icon icon-close"&gt;&lt;svg width="1792" height="1792" viewBox="0 0 1792 1792" xmlns="http://www.w3.org/2000/svg"&gt;&lt;path d="M1408 960V832q0-26-19-45t-45-19H448q-26 0-45 19t-19 45v128q0 26 19 45t45 19h896q26 0 45-19t19-45zm256-544v960q0 119-84.5 203.5T1376 1664H416q-119 0-203.5-84.5T128 1376V416q0-119 84.5-203.5T416 128h960q119 0 203.5 84.5T1664 416z"/&gt;&lt;/svg&gt;&lt;/span&gt;
        &lt;span class="icon icon-open"&gt;&lt;svg width="1792" height="1792" viewBox="0 0 1792 1792" xmlns="http://www.w3.org/2000/svg"&gt;&lt;path d="M1408 960V832q0-26-19-45t-45-19h-320V448q0-26-19-45t-45-19H832q-26 0-45 19t-19 45v320H448q-26 0-45 19t-19 45v128q0 26 19 45t45 19h320v320q0 26 19 45t45 19h128q26 0 45-19t19-45v-320h320q26 0 45-19t19-45zm256-544v960q0 119-84.5 203.5T1376 1664H416q-119 0-203.5-84.5T128 1376V416q0-119 84.5-203.5T416 128h960q119 0 203.5 84.5T1664 416z"/&gt;&lt;/svg&gt;&lt;/span&gt;
    
            &lt;span class="trace-class"&gt;&lt;abbr title="PHPUnit\TextUI\Command"&gt;Command&lt;/abbr&gt;&lt;/span&gt;&lt;span class="trace-type"&gt;::&lt;/span&gt;&lt;span class="trace-method"&gt;main&lt;/span&gt;&lt;span class="trace-arguments"&gt;()&lt;/span&gt;    
                    &lt;span class="block trace-file-path"&gt;
            in
            &lt;a href=""&gt;
                C:\Users\eman\Documents\GitHub\car_dealer\bin\&lt;strong&gt;phpunit&lt;/strong&gt;
            &lt;/a&gt;
                        (line 11)
            &lt;span class="icon icon-copy hidden" data-clipboard-text="C:\Users\eman\Documents\GitHub\car_dealer\bin\phpunit:11"&gt;
                &lt;svg xmlns="http://www.w3.org/2000/svg" height="24" viewBox="0 0 24 24" width="24"&gt;&lt;path d="M0 0h24v24H0z" fill="none"/&gt;&lt;path d="M16 1H4c-1.1 0-2 .9-2 2v14h2V3h12V1zm3 4H8c-1.1 0-2 .9-2 2v14c0 1.1.9 2 2 2h11c1.1 0 2-.9 2-2V7c0-1.1-.9-2-2-2zm0 16H8V7h11v14z"/&gt;&lt;/svg&gt;            &lt;/span&gt;
        &lt;/span&gt;
    &lt;/div&gt;
    &lt;div id="trace-html-3-26" class="trace-code sf-toggle-content"&gt;
        &lt;ol start="6"&gt;&lt;li&gt;&lt;code&gt;&lt;span style="color: var(--highlight-keyword)"&gt;&lt;/span&gt;&lt;/code&gt;&lt;/li&gt;
&lt;li&gt;&lt;code&gt;&lt;span style="color: var(--highlight-keyword)"&gt;if&amp;nbsp;(&lt;/span&gt;&lt;span style="color: var(--highlight-default)"&gt;is_file&lt;/span&gt;&lt;span style="color: var(--highlight-keyword)"&gt;(&lt;/span&gt;&lt;span style="color: var(--highlight-default)"&gt;dirname&lt;/span&gt;&lt;span style="color: var(--highlight-keyword)"&gt;(&lt;/span&gt;&lt;span style="color: var(--highlight-default)"&gt;__DIR__&lt;/span&gt;&lt;span style="color: var(--highlight-keyword)"&gt;).&lt;/span&gt;&lt;span style="color: var(--highlight-string)"&gt;'/vendor/phpunit/phpunit/phpunit'&lt;/span&gt;&lt;span style="color: var(--highlight-keyword)"&gt;))&amp;nbsp;{&lt;/span&gt;&lt;/code&gt;&lt;/li&gt;
&lt;li&gt;&lt;code&gt;&lt;span style="color: var(--highlight-keyword)"&gt;&amp;nbsp;&amp;nbsp;&amp;nbsp;&amp;nbsp;&lt;/span&gt;&lt;span style="color: var(--highlight-default)"&gt;define&lt;/span&gt;&lt;span style="color: var(--highlight-keyword)"&gt;(&lt;/span&gt;&lt;span style="color: var(--highlight-string)"&gt;'PHPUNIT_COMPOSER_INSTALL'&lt;/span&gt;&lt;span style="color: var(--highlight-keyword)"&gt;,&amp;nbsp;&lt;/span&gt;&lt;span style="color: var(--highlight-default)"&gt;dirname&lt;/span&gt;&lt;span style="color: var(--highlight-keyword)"&gt;(&lt;/span&gt;&lt;span style="color: var(--highlight-default)"&gt;__DIR__&lt;/span&gt;&lt;span style="color: var(--highlight-keyword)"&gt;).&lt;/span&gt;&lt;span style="color: var(--highlight-string)"&gt;'/vendor/autoload.php'&lt;/span&gt;&lt;span style="color: var(--highlight-keyword)"&gt;);&lt;/span&gt;&lt;/code&gt;&lt;/li&gt;
&lt;li&gt;&lt;code&gt;&lt;span style="color: var(--highlight-keyword)"&gt;&amp;nbsp;&amp;nbsp;&amp;nbsp;&amp;nbsp;require&amp;nbsp;&lt;/span&gt;&lt;span style="color: var(--highlight-default)"&gt;PHPUNIT_COMPOSER_INSTALL&lt;/span&gt;&lt;span style="color: var(--highlight-keyword)"&gt;;&lt;/span&gt;&lt;/code&gt;&lt;/li&gt;
&lt;li&gt;&lt;code&gt;&lt;span style="color: var(--highlight-keyword)"&gt;&amp;nbsp;&amp;nbsp;&amp;nbsp;&amp;nbsp;&lt;/span&gt;&lt;span style="color: var(--highlight-default)"&gt;PHPUnit\TextUI\Command&lt;/span&gt;&lt;span style="color: var(--highlight-keyword)"&gt;::&lt;/span&gt;&lt;span style="color: var(--highlight-default)"&gt;main&lt;/span&gt;&lt;span style="color: var(--highlight-keyword)"&gt;();&lt;/span&gt;&lt;/code&gt;&lt;/li&gt;
&lt;li class="selected"&gt;&lt;code&gt;&lt;span style="color: var(--highlight-keyword)"&gt;}&amp;nbsp;else&amp;nbsp;{&lt;/span&gt;&lt;/code&gt;&lt;/li&gt;
&lt;li&gt;&lt;code&gt;&lt;span style="color: var(--highlight-keyword)"&gt;&amp;nbsp;&amp;nbsp;&amp;nbsp;&amp;nbsp;if&amp;nbsp;(!&lt;/span&gt;&lt;span style="color: var(--highlight-default)"&gt;is_file&lt;/span&gt;&lt;span style="color: var(--highlight-keyword)"&gt;(&lt;/span&gt;&lt;span style="color: var(--highlight-default)"&gt;dirname&lt;/span&gt;&lt;span style="color: var(--highlight-keyword)"&gt;(&lt;/span&gt;&lt;span style="color: var(--highlight-default)"&gt;__DIR__&lt;/span&gt;&lt;span style="color: var(--highlight-keyword)"&gt;).&lt;/span&gt;&lt;span style="color: var(--highlight-string)"&gt;'/vendor/symfony/phpunit-bridge/bin/simple-phpunit.php'&lt;/span&gt;&lt;span style="color: var(--highlight-keyword)"&gt;))&amp;nbsp;{&lt;/span&gt;&lt;/code&gt;&lt;/li&gt;
&lt;li&gt;&lt;code&gt;&lt;span style="color: var(--highlight-keyword)"&gt;&amp;nbsp;&amp;nbsp;&amp;nbsp;&amp;nbsp;&amp;nbsp;&amp;nbsp;&amp;nbsp;&amp;nbsp;echo&amp;nbsp;&lt;/span&gt;&lt;span style="color: var(--highlight-string)"&gt;"Unable&amp;nbsp;to&amp;nbsp;find&amp;nbsp;the&amp;nbsp;`simple-phpunit.php`&amp;nbsp;script&amp;nbsp;in&amp;nbsp;`vendor/symfony/phpunit-bridge/bin/`.\n"&lt;/span&gt;&lt;span style="color: var(--highlight-keyword)"&gt;;&lt;/span&gt;&lt;/code&gt;&lt;/li&gt;
&lt;li&gt;&lt;code&gt;&lt;span style="color: var(--highlight-keyword)"&gt;&amp;nbsp;&amp;nbsp;&amp;nbsp;&amp;nbsp;&amp;nbsp;&amp;nbsp;&amp;nbsp;&amp;nbsp;exit(&lt;/span&gt;&lt;span style="color: var(--highlight-default)"&gt;1&lt;/span&gt;&lt;span style="color: var(--highlight-keyword)"&gt;);&lt;/span&gt;&lt;/code&gt;&lt;/li&gt;
&lt;li&gt;&lt;code&gt;&lt;span style="color: var(--highlight-keyword)"&gt;&amp;nbsp;&amp;nbsp;&amp;nbsp;&amp;nbsp;}&lt;/span&gt;&lt;/code&gt;&lt;/li&gt;
&lt;li&gt;&lt;code&gt;&lt;span style="color: var(--highlight-keyword)"&gt;&lt;/span&gt;&lt;/code&gt;&lt;/li&gt;&lt;/ol&gt;    &lt;/div&gt;            &lt;/div&gt;
                    &lt;/div&gt;
    &lt;/div&gt;
&lt;/div&gt;            &lt;/div&gt;
        &lt;/div&gt;

                &lt;div class="tab disabled"&gt;
            &lt;h3 class="tab-title"&gt;
                Logs
                            &lt;/h3&gt;

            &lt;div class="tab-content"&gt;
                                    &lt;div class="empty"&gt;
                        &lt;p&gt;No log messages&lt;/p&gt;
                    &lt;/div&gt;
                            &lt;/div&gt;
        &lt;/div&gt;
        
        &lt;div class="tab"&gt;
            &lt;h3 class="tab-title"&gt;
                                    Stack Traces &lt;span class="badge"&gt;3&lt;/span&gt;
                            &lt;/h3&gt;

            &lt;div class="tab-content"&gt;
                &lt;table class="trace trace-as-text"&gt;
    &lt;thead class="trace-head"&gt;
        &lt;tr&gt;
            &lt;th class="sf-toggle" data-toggle-selector="#trace-text-1" data-toggle-initial="display"&gt;
                &lt;div class="trace-class"&gt;
                                            &lt;span class="text-muted"&gt;[3/3]&lt;/span&gt;
                                        ConnectionException                    &lt;span class="icon icon-close"&gt;&lt;svg width="1792" height="1792" viewBox="0 0 1792 1792" xmlns="http://www.w3.org/2000/svg"&gt;&lt;path d="M1344 800v64q0 14-9 23t-23 9H480q-14 0-23-9t-9-23v-64q0-14 9-23t23-9h832q14 0 23 9t9 23zm128 448V416q0-66-47-113t-113-47H480q-66 0-113 47t-47 113v832q0 66 47 113t113 47h832q66 0 113-47t47-113zm128-832v832q0 119-84.5 203.5T1312 1536H480q-119 0-203.5-84.5T192 1248V416q0-119 84.5-203.5T480 128h832q119 0 203.5 84.5T1600 416z"/&gt;&lt;/svg&gt;&lt;/span&gt;
                    &lt;span class="icon icon-open"&gt;&lt;svg width="1792" height="1792" viewBox="0 0 1792 1792" xmlns="http://www.w3.org/2000/svg"&gt;&lt;path d="M1344 800v64q0 14-9 23t-23 9H960v352q0 14-9 23t-23 9h-64q-14 0-23-9t-9-23V896H480q-14 0-23-9t-9-23v-64q0-14 9-23t23-9h352V416q0-14 9-23t23-9h64q14 0 23 9t9 23v352h352q14 0 23 9t9 23zm128 448V416q0-66-47-113t-113-47H480q-66 0-113 47t-47 113v832q0 66 47 113t113 47h832q66 0 113-47t47-113zm128-832v832q0 119-84.5 203.5T1312 1536H480q-119 0-203.5-84.5T192 1248V416q0-119 84.5-203.5T480 128h832q119 0 203.5 84.5T1600 416z"/&gt;&lt;/svg&gt;&lt;/span&gt;
                &lt;/div&gt;
            &lt;/th&gt;
        &lt;/tr&gt;
    &lt;/thead&gt;

    &lt;tbody id="trace-text-1"&gt;
        &lt;tr&gt;
            &lt;td&gt;
                                &lt;pre class="stacktrace"&gt;
Doctrine\DBAL\Exception\ConnectionException:
An exception occurred in the driver: SQLSTATE[HY000] [1049] Unknown database 'crud04_test'

  at C:\Users\eman\Documents\GitHub\car_dealer\vendor\doctrine\dbal\src\Driver\API\MySQL\ExceptionConverter.php:103
  at Doctrine\DBAL\Driver\API\MySQL\ExceptionConverter-&amp;gt;convert()
     (C:\Users\eman\Documents\GitHub\car_dealer\vendor\doctrine\dbal\src\Connection.php:1768)
  at Doctrine\DBAL\Connection-&amp;gt;handleDriverException()
     (C:\Users\eman\Documents\GitHub\car_dealer\vendor\doctrine\dbal\src\Connection.php:1715)
  at Doctrine\DBAL\Connection-&amp;gt;convertException()
     (C:\Users\eman\Documents\GitHub\car_dealer\vendor\doctrine\dbal\src\Connection.php:327)
  at Doctrine\DBAL\Connection-&amp;gt;connect()
     (C:\Users\eman\Documents\GitHub\car_dealer\vendor\doctrine\dbal\src\Connection.php:1507)
  at Doctrine\DBAL\Connection-&amp;gt;getWrappedConnection()
     (C:\Users\eman\Documents\GitHub\car_dealer\vendor\doctrine\dbal\src\Connection.php:1013)
  at Doctrine\DBAL\Connection-&amp;gt;executeQuery()
     (C:\Users\eman\Documents\GitHub\car_dealer\vendor\doctrine\orm\lib\Doctrine\ORM\Persisters\Entity\BasicEntityPersister.php:883)
  at Doctrine\ORM\Persisters\Entity\BasicEntityPersister-&amp;gt;loadAll()
     (C:\Users\eman\Documents\GitHub\car_dealer\vendor\doctrine\orm\lib\Doctrine\ORM\EntityRepository.php:202)
  at Doctrine\ORM\EntityRepository-&amp;gt;findBy()
     (C:\Users\eman\Documents\GitHub\car_dealer\vendor\doctrine\orm\lib\Doctrine\ORM\EntityRepository.php:184)
  at Doctrine\ORM\EntityRepository-&amp;gt;findAll()
     (C:\Users\eman\Documents\GitHub\car_dealer\src\Controller\CarPublicController.php:21)
  at App\Controller\CarPublicController-&amp;gt;cars()
     (C:\Users\eman\Documents\GitHub\car_dealer\vendor\symfony\http-kernel\HttpKernel.php:152)
  at Symfony\Component\HttpKernel\HttpKernel-&amp;gt;handleRaw()
     (C:\Users\eman\Documents\GitHub\car_dealer\vendor\symfony\http-kernel\HttpKernel.php:74)
  at Symfony\Component\HttpKernel\HttpKernel-&amp;gt;handle()
     (C:\Users\eman\Documents\GitHub\car_dealer\vendor\symfony\http-kernel\Kernel.php:202)
  at Symfony\Component\HttpKernel\Kernel-&amp;gt;handle()
     (C:\Users\eman\Documents\GitHub\car_dealer\vendor\symfony\http-kernel\HttpKernelBrowser.php:65)
  at Symfony\Component\HttpKernel\HttpKernelBrowser-&amp;gt;doRequest()
     (C:\Users\eman\Documents\GitHub\car_dealer\vendor\symfony\framework-bundle\KernelBrowser.php:171)
  at Symfony\Bundle\FrameworkBundle\KernelBrowser-&amp;gt;doRequest()
     (C:\Users\eman\Documents\GitHub\car_dealer\vendor\symfony\browser-kit\AbstractBrowser.php:370)
  at Symfony\Component\BrowserKit\AbstractBrowser-&amp;gt;request()
     (C:\Users\eman\Documents\GitHub\car_dealer\tests\WebTest\CarsPageTest.php:16)
  at App\Tests\WebTest\CarsPageTest-&amp;gt;testTittle()
     (C:\Users\eman\Documents\GitHub\car_dealer\vendor\phpunit\phpunit\src\Framework\TestCase.php:1545)
  at PHPUnit\Framework\TestCase-&amp;gt;runTest()
     (C:\Users\eman\Documents\GitHub\car_dealer\vendor\phpunit\phpunit\src\Framework\TestCase.php:1151)
  at PHPUnit\Framework\TestCase-&amp;gt;runBare()
     (C:\Users\eman\Documents\GitHub\car_dealer\vendor\phpunit\phpunit\src\Framework\TestResult.php:726)
  at PHPUnit\Framework\TestResult-&amp;gt;run()
     (C:\Users\eman\Documents\GitHub\car_dealer\vendor\phpunit\phpunit\src\Framework\TestCase.php:903)
  at PHPUnit\Framework\TestCase-&amp;gt;run()
     (C:\Users\eman\Documents\GitHub\car_dealer\vendor\phpunit\phpunit\src\Framework\TestSuite.php:678)
  at PHPUnit\Framework\TestSuite-&amp;gt;run()
     (C:\Users\eman\Documents\GitHub\car_dealer\vendor\phpunit\phpunit\src\Framework\TestSuite.php:678)
  at PHPUnit\Framework\TestSuite-&amp;gt;run()
     (C:\Users\eman\Documents\GitHub\car_dealer\vendor\phpunit\phpunit\src\Framework\TestSuite.php:678)
  at PHPUnit\Framework\TestSuite-&amp;gt;run()
     (C:\Users\eman\Documents\GitHub\car_dealer\vendor\phpunit\phpunit\src\TextUI\TestRunner.php:670)
  at PHPUnit\TextUI\TestRunner-&amp;gt;run()
     (C:\Users\eman\Documents\GitHub\car_dealer\vendor\phpunit\phpunit\src\TextUI\Command.php:143)
  at PHPUnit\TextUI\Command-&amp;gt;run()
     (C:\Users\eman\Documents\GitHub\car_dealer\vendor\phpunit\phpunit\src\TextUI\Command.php:96)
  at PHPUnit\TextUI\Command::main()
     (C:\Users\eman\Documents\GitHub\car_dealer\bin\phpunit:11)                &lt;/pre&gt;
                            &lt;/td&gt;
        &lt;/tr&gt;
    &lt;/tbody&gt;
&lt;/table&gt;&lt;table class="trace trace-as-text"&gt;
    &lt;thead class="trace-head"&gt;
        &lt;tr&gt;
            &lt;th class="sf-toggle" data-toggle-selector="#trace-text-2" data-toggle-initial=""&gt;
                &lt;div class="trace-class"&gt;
                                            &lt;span class="text-muted"&gt;[2/3]&lt;/span&gt;
                                        Exception                    &lt;span class="icon icon-close"&gt;&lt;svg width="1792" height="1792" viewBox="0 0 1792 1792" xmlns="http://www.w3.org/2000/svg"&gt;&lt;path d="M1344 800v64q0 14-9 23t-23 9H480q-14 0-23-9t-9-23v-64q0-14 9-23t23-9h832q14 0 23 9t9 23zm128 448V416q0-66-47-113t-113-47H480q-66 0-113 47t-47 113v832q0 66 47 113t113 47h832q66 0 113-47t47-113zm128-832v832q0 119-84.5 203.5T1312 1536H480q-119 0-203.5-84.5T192 1248V416q0-119 84.5-203.5T480 128h832q119 0 203.5 84.5T1600 416z"/&gt;&lt;/svg&gt;&lt;/span&gt;
                    &lt;span class="icon icon-open"&gt;&lt;svg width="1792" height="1792" viewBox="0 0 1792 1792" xmlns="http://www.w3.org/2000/svg"&gt;&lt;path d="M1344 800v64q0 14-9 23t-23 9H960v352q0 14-9 23t-23 9h-64q-14 0-23-9t-9-23V896H480q-14 0-23-9t-9-23v-64q0-14 9-23t23-9h352V416q0-14 9-23t23-9h64q14 0 23 9t9 23v352h352q14 0 23 9t9 23zm128 448V416q0-66-47-113t-113-47H480q-66 0-113 47t-47 113v832q0 66 47 113t113 47h832q66 0 113-47t47-113zm128-832v832q0 119-84.5 203.5T1312 1536H480q-119 0-203.5-84.5T192 1248V416q0-119 84.5-203.5T480 128h832q119 0 203.5 84.5T1600 416z"/&gt;&lt;/svg&gt;&lt;/span&gt;
                &lt;/div&gt;
            &lt;/th&gt;
        &lt;/tr&gt;
    &lt;/thead&gt;

    &lt;tbody id="trace-text-2"&gt;
        &lt;tr&gt;
            &lt;td&gt;
                                &lt;pre class="stacktrace"&gt;
Doctrine\DBAL\Driver\PDO\Exception:
SQLSTATE[HY000] [1049] Unknown database 'crud04_test'

  at C:\Users\eman\Documents\GitHub\car_dealer\vendor\doctrine\dbal\src\Driver\PDO\Exception.php:26
  at Doctrine\DBAL\Driver\PDO\Exception::new()
     (C:\Users\eman\Documents\GitHub\car_dealer\vendor\doctrine\dbal\src\Driver\PDO\MySQL\Driver.php:34)
  at Doctrine\DBAL\Driver\PDO\MySQL\Driver-&amp;gt;connect()
     (C:\Users\eman\Documents\GitHub\car_dealer\vendor\doctrine\dbal\src\Connection.php:325)
  at Doctrine\DBAL\Connection-&amp;gt;connect()
     (C:\Users\eman\Documents\GitHub\car_dealer\vendor\doctrine\dbal\src\Connection.php:1507)
  at Doctrine\DBAL\Connection-&amp;gt;getWrappedConnection()
     (C:\Users\eman\Documents\GitHub\car_dealer\vendor\doctrine\dbal\src\Connection.php:1013)
  at Doctrine\DBAL\Connection-&amp;gt;executeQuery()
     (C:\Users\eman\Documents\GitHub\car_dealer\vendor\doctrine\orm\lib\Doctrine\ORM\Persisters\Entity\BasicEntityPersister.php:883)
  at Doctrine\ORM\Persisters\Entity\BasicEntityPersister-&amp;gt;loadAll()
     (C:\Users\eman\Documents\GitHub\car_dealer\vendor\doctrine\orm\lib\Doctrine\ORM\EntityRepository.php:202)
  at Doctrine\ORM\EntityRepository-&amp;gt;findBy()
     (C:\Users\eman\Documents\GitHub\car_dealer\vendor\doctrine\orm\lib\Doctrine\ORM\EntityRepository.php:184)
  at Doctrine\ORM\EntityRepository-&amp;gt;findAll()
     (C:\Users\eman\Documents\GitHub\car_dealer\src\Controller\CarPublicController.php:21)
  at App\Controller\CarPublicController-&amp;gt;cars()
     (C:\Users\eman\Documents\GitHub\car_dealer\vendor\symfony\http-kernel\HttpKernel.php:152)
  at Symfony\Component\HttpKernel\HttpKernel-&amp;gt;handleRaw()
     (C:\Users\eman\Documents\GitHub\car_dealer\vendor\symfony\http-kernel\HttpKernel.php:74)
  at Symfony\Component\HttpKernel\HttpKernel-&amp;gt;handle()
     (C:\Users\eman\Documents\GitHub\car_dealer\vendor\symfony\http-kernel\Kernel.php:202)
  at Symfony\Component\HttpKernel\Kernel-&amp;gt;handle()
     (C:\Users\eman\Documents\GitHub\car_dealer\vendor\symfony\http-kernel\HttpKernelBrowser.php:65)
  at Symfony\Component\HttpKernel\HttpKernelBrowser-&amp;gt;doRequest()
     (C:\Users\eman\Documents\GitHub\car_dealer\vendor\symfony\framework-bundle\KernelBrowser.php:171)
  at Symfony\Bundle\FrameworkBundle\KernelBrowser-&amp;gt;doRequest()
     (C:\Users\eman\Documents\GitHub\car_dealer\vendor\symfony\browser-kit\AbstractBrowser.php:370)
  at Symfony\Component\BrowserKit\AbstractBrowser-&amp;gt;request()
     (C:\Users\eman\Documents\GitHub\car_dealer\tests\WebTest\CarsPageTest.php:16)
  at App\Tests\WebTest\CarsPageTest-&amp;gt;testTittle()
     (C:\Users\eman\Documents\GitHub\car_dealer\vendor\phpunit\phpunit\src\Framework\TestCase.php:1545)
  at PHPUnit\Framework\TestCase-&amp;gt;runTest()
     (C:\Users\eman\Documents\GitHub\car_dealer\vendor\phpunit\phpunit\src\Framework\TestCase.php:1151)
  at PHPUnit\Framework\TestCase-&amp;gt;runBare()
     (C:\Users\eman\Documents\GitHub\car_dealer\vendor\phpunit\phpunit\src\Framework\TestResult.php:726)
  at PHPUnit\Framework\TestResult-&amp;gt;run()
     (C:\Users\eman\Documents\GitHub\car_dealer\vendor\phpunit\phpunit\src\Framework\TestCase.php:903)
  at PHPUnit\Framework\TestCase-&amp;gt;run()
     (C:\Users\eman\Documents\GitHub\car_dealer\vendor\phpunit\phpunit\src\Framework\TestSuite.php:678)
  at PHPUnit\Framework\TestSuite-&amp;gt;run()
     (C:\Users\eman\Documents\GitHub\car_dealer\vendor\phpunit\phpunit\src\Framework\TestSuite.php:678)
  at PHPUnit\Framework\TestSuite-&amp;gt;run()
     (C:\Users\eman\Documents\GitHub\car_dealer\vendor\phpunit\phpunit\src\Framework\TestSuite.php:678)
  at PHPUnit\Framework\TestSuite-&amp;gt;run()
     (C:\Users\eman\Documents\GitHub\car_dealer\vendor\phpunit\phpunit\src\TextUI\TestRunner.php:670)
  at PHPUnit\TextUI\TestRunner-&amp;gt;run()
     (C:\Users\eman\Documents\GitHub\car_dealer\vendor\phpunit\phpunit\src\TextUI\Command.php:143)
  at PHPUnit\TextUI\Command-&amp;gt;run()
     (C:\Users\eman\Documents\GitHub\car_dealer\vendor\phpunit\phpunit\src\TextUI\Command.php:96)
  at PHPUnit\TextUI\Command::main()
     (C:\Users\eman\Documents\GitHub\car_dealer\bin\phpunit:11)                &lt;/pre&gt;
                            &lt;/td&gt;
        &lt;/tr&gt;
    &lt;/tbody&gt;
&lt;/table&gt;&lt;table class="trace trace-as-text"&gt;
    &lt;thead class="trace-head"&gt;
        &lt;tr&gt;
            &lt;th class="sf-toggle" data-toggle-selector="#trace-text-3" data-toggle-initial=""&gt;
                &lt;div class="trace-class"&gt;
                                            &lt;span class="text-muted"&gt;[1/3]&lt;/span&gt;
                                        PDOException                    &lt;span class="icon icon-close"&gt;&lt;svg width="1792" height="1792" viewBox="0 0 1792 1792" xmlns="http://www.w3.org/2000/svg"&gt;&lt;path d="M1344 800v64q0 14-9 23t-23 9H480q-14 0-23-9t-9-23v-64q0-14 9-23t23-9h832q14 0 23 9t9 23zm128 448V416q0-66-47-113t-113-47H480q-66 0-113 47t-47 113v832q0 66 47 113t113 47h832q66 0 113-47t47-113zm128-832v832q0 119-84.5 203.5T1312 1536H480q-119 0-203.5-84.5T192 1248V416q0-119 84.5-203.5T480 128h832q119 0 203.5 84.5T1600 416z"/&gt;&lt;/svg&gt;&lt;/span&gt;
                    &lt;span class="icon icon-open"&gt;&lt;svg width="1792" height="1792" viewBox="0 0 1792 1792" xmlns="http://www.w3.org/2000/svg"&gt;&lt;path d="M1344 800v64q0 14-9 23t-23 9H960v352q0 14-9 23t-23 9h-64q-14 0-23-9t-9-23V896H480q-14 0-23-9t-9-23v-64q0-14 9-23t23-9h352V416q0-14 9-23t23-9h64q14 0 23 9t9 23v352h352q14 0 23 9t9 23zm128 448V416q0-66-47-113t-113-47H480q-66 0-113 47t-47 113v832q0 66 47 113t113 47h832q66 0 113-47t47-113zm128-832v832q0 119-84.5 203.5T1312 1536H480q-119 0-203.5-84.5T192 1248V416q0-119 84.5-203.5T480 128h832q119 0 203.5 84.5T1600 416z"/&gt;&lt;/svg&gt;&lt;/span&gt;
                &lt;/div&gt;
            &lt;/th&gt;
        &lt;/tr&gt;
    &lt;/thead&gt;

    &lt;tbody id="trace-text-3"&gt;
        &lt;tr&gt;
            &lt;td&gt;
                                &lt;pre class="stacktrace"&gt;
PDOException:
SQLSTATE[HY000] [1049] Unknown database 'crud04_test'

  at C:\Users\eman\Documents\GitHub\car_dealer\vendor\doctrine\dbal\src\Driver\PDO\MySQL\Driver.php:28
  at PDO-&amp;gt;__construct()
     (C:\Users\eman\Documents\GitHub\car_dealer\vendor\doctrine\dbal\src\Driver\PDO\MySQL\Driver.php:28)
  at Doctrine\DBAL\Driver\PDO\MySQL\Driver-&amp;gt;connect()
     (C:\Users\eman\Documents\GitHub\car_dealer\vendor\doctrine\dbal\src\Connection.php:325)
  at Doctrine\DBAL\Connection-&amp;gt;connect()
     (C:\Users\eman\Documents\GitHub\car_dealer\vendor\doctrine\dbal\src\Connection.php:1507)
  at Doctrine\DBAL\Connection-&amp;gt;getWrappedConnection()
     (C:\Users\eman\Documents\GitHub\car_dealer\vendor\doctrine\dbal\src\Connection.php:1013)
  at Doctrine\DBAL\Connection-&amp;gt;executeQuery()
     (C:\Users\eman\Documents\GitHub\car_dealer\vendor\doctrine\orm\lib\Doctrine\ORM\Persisters\Entity\BasicEntityPersister.php:883)
  at Doctrine\ORM\Persisters\Entity\BasicEntityPersister-&amp;gt;loadAll()
     (C:\Users\eman\Documents\GitHub\car_dealer\vendor\doctrine\orm\lib\Doctrine\ORM\EntityRepository.php:202)
  at Doctrine\ORM\EntityRepository-&amp;gt;findBy()
     (C:\Users\eman\Documents\GitHub\car_dealer\vendor\doctrine\orm\lib\Doctrine\ORM\EntityRepository.php:184)
  at Doctrine\ORM\EntityRepository-&amp;gt;findAll()
     (C:\Users\eman\Documents\GitHub\car_dealer\src\Controller\CarPublicController.php:21)
  at App\Controller\CarPublicController-&amp;gt;cars()
     (C:\Users\eman\Documents\GitHub\car_dealer\vendor\symfony\http-kernel\HttpKernel.php:152)
  at Symfony\Component\HttpKernel\HttpKernel-&amp;gt;handleRaw()
     (C:\Users\eman\Documents\GitHub\car_dealer\vendor\symfony\http-kernel\HttpKernel.php:74)
  at Symfony\Component\HttpKernel\HttpKernel-&amp;gt;handle()
     (C:\Users\eman\Documents\GitHub\car_dealer\vendor\symfony\http-kernel\Kernel.php:202)
  at Symfony\Component\HttpKernel\Kernel-&amp;gt;handle()
     (C:\Users\eman\Documents\GitHub\car_dealer\vendor\symfony\http-kernel\HttpKernelBrowser.php:65)
  at Symfony\Component\HttpKernel\HttpKernelBrowser-&amp;gt;doRequest()
     (C:\Users\eman\Documents\GitHub\car_dealer\vendor\symfony\framework-bundle\KernelBrowser.php:171)
  at Symfony\Bundle\FrameworkBundle\KernelBrowser-&amp;gt;doRequest()
     (C:\Users\eman\Documents\GitHub\car_dealer\vendor\symfony\browser-kit\AbstractBrowser.php:370)
  at Symfony\Component\BrowserKit\AbstractBrowser-&amp;gt;request()
     (C:\Users\eman\Documents\GitHub\car_dealer\tests\WebTest\CarsPageTest.php:16)
  at App\Tests\WebTest\CarsPageTest-&amp;gt;testTittle()
     (C:\Users\eman\Documents\GitHub\car_dealer\vendor\phpunit\phpunit\src\Framework\TestCase.php:1545)
  at PHPUnit\Framework\TestCase-&amp;gt;runTest()
     (C:\Users\eman\Documents\GitHub\car_dealer\vendor\phpunit\phpunit\src\Framework\TestCase.php:1151)
  at PHPUnit\Framework\TestCase-&amp;gt;runBare()
     (C:\Users\eman\Documents\GitHub\car_dealer\vendor\phpunit\phpunit\src\Framework\TestResult.php:726)
  at PHPUnit\Framework\TestResult-&amp;gt;run()
     (C:\Users\eman\Documents\GitHub\car_dealer\vendor\phpunit\phpunit\src\Framework\TestCase.php:903)
  at PHPUnit\Framework\TestCase-&amp;gt;run()
     (C:\Users\eman\Documents\GitHub\car_dealer\vendor\phpunit\phpunit\src\Framework\TestSuite.php:678)
  at PHPUnit\Framework\TestSuite-&amp;gt;run()
     (C:\Users\eman\Documents\GitHub\car_dealer\vendor\phpunit\phpunit\src\Framework\TestSuite.php:678)
  at PHPUnit\Framework\TestSuite-&amp;gt;run()
     (C:\Users\eman\Documents\GitHub\car_dealer\vendor\phpunit\phpunit\src\Framework\TestSuite.php:678)
  at PHPUnit\Framework\TestSuite-&amp;gt;run()
     (C:\Users\eman\Documents\GitHub\car_dealer\vendor\phpunit\phpunit\src\TextUI\TestRunner.php:670)
  at PHPUnit\TextUI\TestRunner-&amp;gt;run()
     (C:\Users\eman\Documents\GitHub\car_dealer\vendor\phpunit\phpunit\src\TextUI\Command.php:143)
  at PHPUnit\TextUI\Command-&amp;gt;run()
     (C:\Users\eman\Documents\GitHub\car_dealer\vendor\phpunit\phpunit\src\TextUI\Command.php:96)
  at PHPUnit\TextUI\Command::main()
     (C:\Users\eman\Documents\GitHub\car_dealer\bin\phpunit:11)                &lt;/pre&gt;
                            &lt;/td&gt;
        &lt;/tr&gt;
    &lt;/tbody&gt;
&lt;/table&gt;            &lt;/div&gt;
        &lt;/div&gt;

            &lt;/div&gt;
&lt;/div&gt;
        &lt;script&gt;
            /* This file is based on WebProfilerBundle/Resources/views/Profiler/base_js.html.twig.
   If you make any change in this file, verify the same change is needed in the other file. */
/*&lt;![CDATA[*/
if (typeof Sfjs === 'undefined') {
    Sfjs = (function() {
        "use strict";

        if ('classList' in document.documentElement) {
            var hasClass = function (el, cssClass) { return el.classList.contains(cssClass); };
            var removeClass = function(el, cssClass) { el.classList.remove(cssClass); };
            var addClass = function(el, cssClass) { el.classList.add(cssClass); };
            var toggleClass = function(el, cssClass) { el.classList.toggle(cssClass); };
        } else {
            var hasClass = function (el, cssClass) { return el.className.match(new RegExp('\\b' + cssClass + '\\b')); };
            var removeClass = function(el, cssClass) { el.className = el.className.replace(new RegExp('\\b' + cssClass + '\\b'), ' '); };
            var addClass = function(el, cssClass) { if (!hasClass(el, cssClass)) { el.className += " " + cssClass; } };
            var toggleClass = function(el, cssClass) { hasClass(el, cssClass) ? removeClass(el, cssClass) : addClass(el, cssClass); };
        }

        var addEventListener;

        var el = document.createElement('div');
        if (!('addEventListener' in el)) {
            addEventListener = function (element, eventName, callback) {
                element.attachEvent('on' + eventName, callback);
            };
        } else {
            addEventListener = function (element, eventName, callback) {
                element.addEventListener(eventName, callback, false);
            };
        }

        if (navigator.clipboard) {
            document.querySelectorAll('[data-clipboard-text]').forEach(function(element) {
                removeClass(element, 'hidden');
                element.addEventListener('click', function() {
                    navigator.clipboard.writeText(element.getAttribute('data-clipboard-text'));
                })
            });
        }

        return {
            addEventListener: addEventListener,

            createTabs: function() {
                var tabGroups = document.querySelectorAll('.sf-tabs:not([data-processed=true])');

                /* create the tab navigation for each group of tabs */
                for (var i = 0; i &lt; tabGroups.length; i++) {
                    var tabs = tabGroups[i].querySelectorAll(':scope &gt; .tab');
                    var tabNavigation = document.createElement('ul');
                    tabNavigation.className = 'tab-navigation';

                    var selectedTabId = 'tab-' + i + '-0'; /* select the first tab by default */
                    for (var j = 0; j &lt; tabs.length; j++) {
                        var tabId = 'tab-' + i + '-' + j;
                        var tabTitle = tabs[j].querySelector('.tab-title').innerHTML;

                        var tabNavigationItem = document.createElement('li');
                        tabNavigationItem.setAttribute('data-tab-id', tabId);
                        if (hasClass(tabs[j], 'active')) { selectedTabId = tabId; }
                        if (hasClass(tabs[j], 'disabled')) { addClass(tabNavigationItem, 'disabled'); }
                        tabNavigationItem.innerHTML = tabTitle;
                        tabNavigation.appendChild(tabNavigationItem);

                        var tabContent = tabs[j].querySelector('.tab-content');
                        tabContent.parentElement.setAttribute('id', tabId);
                    }

                    tabGroups[i].insertBefore(tabNavigation, tabGroups[i].firstChild);
                    addClass(document.querySelector('[data-tab-id="' + selectedTabId + '"]'), 'active');
                }

                /* display the active tab and add the 'click' event listeners */
                for (i = 0; i &lt; tabGroups.length; i++) {
                    tabNavigation = tabGroups[i].querySelectorAll(':scope &gt;.tab-navigation li');

                    for (j = 0; j &lt; tabNavigation.length; j++) {
                        tabId = tabNavigation[j].getAttribute('data-tab-id');
                        document.getElementById(tabId).querySelector('.tab-title').className = 'hidden';

                        if (hasClass(tabNavigation[j], 'active')) {
                            document.getElementById(tabId).className = 'block';
                        } else {
                            document.getElementById(tabId).className = 'hidden';
                        }

                        tabNavigation[j].addEventListener('click', function(e) {
                            var activeTab = e.target || e.srcElement;

                            /* needed because when the tab contains HTML contents, user can click */
                            /* on any of those elements instead of their parent '&lt;li&gt;' element */
                            while (activeTab.tagName.toLowerCase() !== 'li') {
                                activeTab = activeTab.parentNode;
                            }

                            /* get the full list of tabs through the parent of the active tab element */
                            var tabNavigation = activeTab.parentNode.children;
                            for (var k = 0; k &lt; tabNavigation.length; k++) {
                                var tabId = tabNavigation[k].getAttribute('data-tab-id');
                                document.getElementById(tabId).className = 'hidden';
                                removeClass(tabNavigation[k], 'active');
                            }

                            addClass(activeTab, 'active');
                            var activeTabId = activeTab.getAttribute('data-tab-id');
                            document.getElementById(activeTabId).className = 'block';
                        });
                    }

                    tabGroups[i].setAttribute('data-processed', 'true');
                }
            },

            createToggles: function() {
                var toggles = document.querySelectorAll('.sf-toggle:not([data-processed=true])');

                for (var i = 0; i &lt; toggles.length; i++) {
                    var elementSelector = toggles[i].getAttribute('data-toggle-selector');
                    var element = document.querySelector(elementSelector);

                    addClass(element, 'sf-toggle-content');

                    if (toggles[i].hasAttribute('data-toggle-initial') &amp;&amp; toggles[i].getAttribute('data-toggle-initial') == 'display') {
                        addClass(toggles[i], 'sf-toggle-on');
                        addClass(element, 'sf-toggle-visible');
                    } else {
                        addClass(toggles[i], 'sf-toggle-off');
                        addClass(element, 'sf-toggle-hidden');
                    }

                    addEventListener(toggles[i], 'click', function(e) {
                        e.preventDefault();

                        if ('' !== window.getSelection().toString()) {
                            /* Don't do anything on text selection */
                            return;
                        }

                        var toggle = e.target || e.srcElement;

                        /* needed because when the toggle contains HTML contents, user can click */
                        /* on any of those elements instead of their parent '.sf-toggle' element */
                        while (!hasClass(toggle, 'sf-toggle')) {
                            toggle = toggle.parentNode;
                        }

                        var element = document.querySelector(toggle.getAttribute('data-toggle-selector'));

                        toggleClass(toggle, 'sf-toggle-on');
                        toggleClass(toggle, 'sf-toggle-off');
                        toggleClass(element, 'sf-toggle-hidden');
                        toggleClass(element, 'sf-toggle-visible');

                        /* the toggle doesn't change its contents when clicking on it */
                        if (!toggle.hasAttribute('data-toggle-alt-content')) {
                            return;
                        }

                        if (!toggle.hasAttribute('data-toggle-original-content')) {
                            toggle.setAttribute('data-toggle-original-content', toggle.innerHTML);
                        }

                        var currentContent = toggle.innerHTML;
                        var originalContent = toggle.getAttribute('data-toggle-original-content');
                        var altContent = toggle.getAttribute('data-toggle-alt-content');
                        toggle.innerHTML = currentContent !== altContent ? altContent : originalContent;
                    });

                    /* Prevents from disallowing clicks on links inside toggles */
                    var toggleLinks = toggles[i].querySelectorAll('a');
                    for (var j = 0; j &lt; toggleLinks.length; j++) {
                        addEventListener(toggleLinks[j], 'click', function(e) {
                            e.stopPropagation();
                        });
                    }

                    /* Prevents from disallowing clicks on "copy to clipboard" elements inside toggles */
                    var copyToClipboardElements = toggles[i].querySelectorAll('span[data-clipboard-text]');
                    for (var k = 0; k &lt; copyToClipboardElements.length; k++) {
                        addEventListener(copyToClipboardElements[k], 'click', function(e) {
                            e.stopPropagation();
                        });
                    }

                    toggles[i].setAttribute('data-processed', 'true');
                }
            },

            createFilters: function() {
                document.querySelectorAll('[data-filters] [data-filter]').forEach(function (filter) {
                    var filters = filter.closest('[data-filters]'),
                        type = 'choice',
                        name = filter.dataset.filter,
                        ucName = name.charAt(0).toUpperCase()+name.slice(1),
                        list = document.createElement('ul'),
                        values = filters.dataset['filter'+ucName] || filters.querySelectorAll('[data-filter-'+name+']'),
                        labels = {},
                        defaults = null,
                        indexed = {},
                        processed = {};
                    if (typeof values === 'string') {
                        type = 'level';
                        labels = values.split(',');
                        values = values.toLowerCase().split(',');
                        defaults = values.length - 1;
                    }
                    addClass(list, 'filter-list');
                    addClass(list, 'filter-list-'+type);
                    values.forEach(function (value, i) {
                        if (value instanceof HTMLElement) {
                            value = value.dataset['filter'+ucName];
                        }
                        if (value in processed) {
                            return;
                        }
                        var option = document.createElement('li'),
                            label = i in labels ? labels[i] : value,
                            active = false,
                            matches;
                        if ('' === label) {
                            option.innerHTML = '&lt;em&gt;(none)&lt;/em&gt;';
                        } else {
                            option.innerText = label;
                        }
                        option.dataset.filter = value;
                        option.setAttribute('title', 1 === (matches = filters.querySelectorAll('[data-filter-'+name+'="'+value+'"]').length) ? 'Matches 1 row' : 'Matches '+matches+' rows');
                        indexed[value] = i;
                        list.appendChild(option);
                        addEventListener(option, 'click', function () {
                            if ('choice' === type) {
                                filters.querySelectorAll('[data-filter-'+name+']').forEach(function (row) {
                                    if (option.dataset.filter === row.dataset['filter'+ucName]) {
                                        toggleClass(row, 'filter-hidden-'+name);
                                    }
                                });
                                toggleClass(option, 'active');
                            } else if ('level' === type) {
                                if (i === this.parentNode.querySelectorAll('.active').length - 1) {
                                    return;
                                }
                                this.parentNode.querySelectorAll('li').forEach(function (currentOption, j) {
                                    if (j &lt;= i) {
                                        addClass(currentOption, 'active');
                                        if (i === j) {
                                            addClass(currentOption, 'last-active');
                                        } else {
                                            removeClass(currentOption, 'last-active');
                                        }
                                    } else {
                                        removeClass(currentOption, 'active');
                                        removeClass(currentOption, 'last-active');
                                    }
                                });
                                filters.querySelectorAll('[data-filter-'+name+']').forEach(function (row) {
                                    if (i &lt; indexed[row.dataset['filter'+ucName]]) {
                                        addClass(row, 'filter-hidden-'+name);
                                    } else {
                                        removeClass(row, 'filter-hidden-'+name);
                                    }
                                });
                            }
                        });
                        if ('choice' === type) {
                            active = null === defaults || 0 &lt;= defaults.indexOf(value);
                        } else if ('level' === type) {
                            active = i &lt;= defaults;
                            if (active &amp;&amp; i === defaults) {
                                addClass(option, 'last-active');
                            }
                        }
                        if (active) {
                            addClass(option, 'active');
                        } else {
                            filters.querySelectorAll('[data-filter-'+name+'="'+value+'"]').forEach(function (row) {
                                toggleClass(row, 'filter-hidden-'+name);
                            });
                        }
                        processed[value] = true;
                    });

                    if (1 &lt; list.childNodes.length) {
                        filter.appendChild(list);
                        filter.dataset.filtered = '';
                    }
                });
            }
        };
    })();

    Sfjs.addEventListener(document, 'DOMContentLoaded', function() {
        Sfjs.createTabs();
        Sfjs.createToggles();
        Sfjs.createFilters();
    });
}
/*]]&gt;*/        &lt;/script&gt;
    &lt;/body&gt;
&lt;/html&gt;
&lt;!-- An exception occurred in the driver: SQLSTATE[HY000] [1049] Unknown database 'crud04_test' (500 Internal Server Error) --&gt;

C:\Users\eman\Documents\GitHub\car_dealer\vendor\symfony\framework-bundle\Test\BrowserKitAssertionsTrait.php:142
C:\Users\eman\Documents\GitHub\car_dealer\vendor\symfony\framework-bundle\Test\BrowserKitAssertionsTrait.php:33
C:\Users\eman\Documents\GitHub\car_dealer\tests\WebTest\CarsPageTest.php:18</failure>
        </testcase>
        <testcase name="testHeading" class="App\Tests\WebTest\CarsPageTest" classname="App.Tests.WebTest.CarsPageTest" file="C:\Users\eman\Documents\GitHub\car_dealer\tests\WebTest\CarsPageTest.php" line="21" assertions="1" time="0.232096">
          <failure type="PHPUnit\Framework\ExpectationFailedException">App\Tests\WebTest\CarsPageTest::testHeading
Failed asserting that the Response is successful.
HTTP/1.1 500 Internal Server Error&#13;
Cache-Control:          no-cache, private&#13;
Content-Type:           text/html; charset=UTF-8&#13;
Date:                   Sat, 30 Apr 2022 19:16:56 GMT&#13;
X-Debug-Exception:      An%20exception%20occurred%20in%20the%20driver%3A%20SQLSTATE%5BHY000%5D%20%5B1049%5D%20Unknown%20database%20%27crud04_test%27&#13;
X-Debug-Exception-File: C%3A%5CUsers%5Ceman%5CDocuments%5CGitHub%5Ccar_dealer%5Cvendor%5Cdoctrine%5Cdbal%5Csrc%5CDriver%5CAPI%5CMySQL%5CExceptionConverter.php:103&#13;
X-Robots-Tag:           noindex&#13;
&#13;
&lt;!-- An exception occurred in the driver: SQLSTATE[HY000] [1049] Unknown database 'crud04_test' (500 Internal Server Error) --&gt;
&lt;!DOCTYPE html&gt;
&lt;html lang="en"&gt;
    &lt;head&gt;
        &lt;meta charset="UTF-8" /&gt;
        &lt;meta name="robots" content="noindex,nofollow" /&gt;
        &lt;meta name="viewport" content="width=device-width,initial-scale=1" /&gt;
        &lt;title&gt;An exception occurred in the driver: SQLSTATE[HY000] [1049] Unknown database 'crud04_test' (500 Internal Server Error)&lt;/title&gt;
        &lt;link rel="icon" type="image/png" href="data:image/png;base64,iVBORw0KGgoAAAANSUhEUgAAABwAAAAgCAYAAAABtRhCAAADVUlEQVRIx82XX0jTURTHLYPyqZdefQx66CEo80+aYpoIkqzUikz6Z5klQoWUWYRIJYEUGpQ+lIr9U5dOTLdCtkmWZis3rbnC5fw/neYW002307mX/cZvP3/7o1PwwOdh95x7vnf39zvnd29AgBer2xO6DclAXiMqZAqxIiNIN/IYSUS2BPhjmGATchUxI+ADWiRhpWK7HKuHFVBFdmU5YvnI4grFGCaReF/EBH4KsZlGgj2JBTuCYBWRIYF8YoEOJ6wBt/gEs7mBbyOjQXruPLSdOgPCiEiPSUUHDoL8Ug5IUo9B/d5wrt+G7OAKNrODPuVdB6vRCIzN6SdBlpW9RIgk/1FeAXabzRlrUPVCS/JhbmwudztnGeeH9AyXBIwtmM3wLinZJZHifjHw2V+NBoRh+9ixQrbgbnaSIcl7cGea6hoXQbNe7za241oeO5Z0p42M4BV2EqP2D50wo+6HzvwC6C4sApNOR8cmOrtcnhtj2kYRyC9eBvXzKrBZrXSs72kFd1t3MoKVbMekQkEnSNKOO8fac3LpmK6l1TlGtsxmsdKFsecPYgwxst0cwROMYDXboSotg0WLBRqjY51jLYcENElXwW2XJKPydvoI2GN9T8rBtrAArYIUruBJXkFheCQYlCpQP6uk5dAQFQNaUROMSGVQFxLmkoQsxDJrhLbTZ+nvVsERME9MgPJRKV/58AsyomTSzE813WLFvWK++qI0xSfQl8k8Pg46sYRuv5t6dS+4RqxDwaa4BGjYH+NTQvKScIp9+YL/hoZh3jDtLRHtt2C3g6bmhX+CpsFBWg7ilDSPgj0lD2ncr5ev/BP8VvyAJhqVyZeUhPOrEhEFxgEtjft846Z/guQTNT89Q5P9flMLoth4F7808wKtWWKzAwNQHxrh/1vaid2F+XpYTSbQf1XA2McOmOpROnvpvMEA4tSjq1cW0sws2gCYxswY6TKkvzYnJq1NHZLnRU4BX+4U0uburvusu8Kv8iHY7qefkM4IFngJHEOUXmLEPgiGsI8YnlZILit3vSSLRTQe/MPIZva5pshNIEmyFQlCvruJKXPkCEfmePzkphXHdzZNQdoRI9KPlBAxlj/I8U97ERPS5bjGbWDFbEdqHVe5caTBeZZx2H/IMvzeN15yoQAAAABJRU5ErkJggg=="&gt;
        &lt;style&gt;/* This file is based on WebProfilerBundle/Resources/views/Profiler/profiler.css.twig.
   If you make any change in this file, verify the same change is needed in the other file. */
:root {
    --font-sans-serif: Helvetica, Arial, sans-serif;
    --page-background: #f9f9f9;
    --color-text: #222;
    /* when updating any of these colors, do the same in toolbar.css.twig */
    --color-success: #4f805d;
    --color-warning: #a46a1f;
    --color-error: #b0413e;
    --color-muted: #999;
    --tab-background: #fff;
    --tab-color: #444;
    --tab-active-background: #666;
    --tab-active-color: #fafafa;
    --tab-disabled-background: #f5f5f5;
    --tab-disabled-color: #999;
    --metric-value-background: #fff;
    --metric-value-color: inherit;
    --metric-unit-color: #999;
    --metric-label-background: #e0e0e0;
    --metric-label-color: inherit;
    --table-border: #e0e0e0;
    --table-background: #fff;
    --table-header: #e0e0e0;
    --trace-selected-background: #F7E5A1;
    --tree-active-background: #F7E5A1;
    --exception-title-color: var(--base-2);
    --shadow: 0px 0px 1px rgba(128, 128, 128, .2);
    --border: 1px solid #e0e0e0;
    --background-error: var(--color-error);
    --highlight-comment: #969896;
    --highlight-default: #222222;
    --highlight-keyword: #a71d5d;
    --highlight-string: #183691;
    --base-0: #fff;
    --base-1: #f5f5f5;
    --base-2: #e0e0e0;
    --base-3: #ccc;
    --base-4: #666;
    --base-5: #444;
    --base-6: #222;
}

.theme-dark {
    --page-background: #36393e;
    --color-text: #e0e0e0;
    --color-muted: #777;
    --color-error: #d43934;
    --tab-background: #555;
    --tab-color: #ccc;
    --tab-active-background: #888;
    --tab-active-color: #fafafa;
    --tab-disabled-background: var(--page-background);
    --tab-disabled-color: #777;
    --metric-value-background: #555;
    --metric-value-color: inherit;
    --metric-unit-color: #999;
    --metric-label-background: #777;
    --metric-label-color: #e0e0e0;
    --trace-selected-background: #71663acc;
    --table-border: #444;
    --table-background: #333;
    --table-header: #555;
    --info-background: rgba(79, 148, 195, 0.5);
    --tree-active-background: var(--metric-label-background);
    --exception-title-color: var(--base-2);
    --shadow: 0px 0px 1px rgba(32, 32, 32, .2);
    --border: 1px solid #666;
    --background-error: #b0413e;
    --highlight-comment: #dedede;
    --highlight-default: var(--base-6);
    --highlight-keyword: #ff413c;
    --highlight-string: #70a6fd;
    --base-0: #2e3136;
    --base-1: #444;
    --base-2: #666;
    --base-3: #666;
    --base-4: #666;
    --base-5: #e0e0e0;
    --base-6: #f5f5f5;
    --card-label-background: var(--tab-active-background);
    --card-label-color: var(--tab-active-color);
}

html{font-family:sans-serif;-webkit-text-size-adjust:100%;-ms-text-size-adjust:100%}body{margin:0}article,aside,details,figcaption,figure,footer,header,hgroup,main,menu,nav,section,summary{display:block}audio,canvas,progress,video{display:inline-block;vertical-align:baseline}audio:not([controls]){display:none;height:0}[hidden],template{display:none}a{background-color:transparent}a:active,a:hover{outline:0}abbr[title]{border-bottom:1px dotted}b,strong{font-weight:700}dfn{font-style:italic}h1{margin:.67em 0;font-size:2em}mark{color:#000;background:#ff0}small{font-size:80%}sub,sup{position:relative;font-size:75%;line-height:0;vertical-align:baseline}sup{top:-.5em}sub{bottom:-.25em}img{border:0}svg:not(:root){overflow:hidden}figure{margin:1em 40px}hr{height:0;-webkit-box-sizing:content-box;-moz-box-sizing:content-box;box-sizing:content-box}pre{overflow:auto}code,kbd,pre,samp{font-family:monospace,monospace;font-size:1em}button,input,optgroup,select,textarea{margin:0;font:inherit;color:inherit}button{overflow:visible}button,select{text-transform:none}button,html input[type="button"],input[type="reset"],input[type="submit"]{-webkit-appearance:button;cursor:pointer}button[disabled],html input[disabled]{cursor:default}button::-moz-focus-inner,input::-moz-focus-inner{padding:0;border:0}input{line-height:normal}input[type="checkbox"],input[type="radio"]{-webkit-box-sizing:border-box;-moz-box-sizing:border-box;box-sizing:border-box;padding:0}input[type="number"]::-webkit-inner-spin-button,input[type="number"]::-webkit-outer-spin-button{height:auto}input[type="search"]{-webkit-box-sizing:content-box;-moz-box-sizing:content-box;box-sizing:content-box;-webkit-appearance:textfield}input[type="search"]::-webkit-search-cancel-button,input[type="search"]::-webkit-search-decoration{-webkit-appearance:none}fieldset{padding:.35em .625em .75em;margin:0 2px;border:1px solid silver}legend{padding:0;border:0}textarea{overflow:auto}optgroup{font-weight:700}table{border-spacing:0;border-collapse:collapse}td,th{padding:0}

html {
    /* always display the vertical scrollbar to avoid jumps when toggling contents */
    overflow-y: scroll;
}
body { background-color: var(--page-background); color: var(--base-6); font: 14px/1.4 Helvetica, Arial, sans-serif; padding-bottom: 45px; }

a { cursor: pointer; text-decoration: none; }
a:hover { text-decoration: underline; }
abbr[title] { border-bottom: none; cursor: help; text-decoration: none; }

code, pre { font: 13px/1.5 Consolas, Monaco, Menlo, "Ubuntu Mono", "Liberation Mono", monospace; }

table, tr, th, td { background: var(--base-0); border-collapse: collapse; vertical-align: top; }
table { background: var(--base-0); border: var(--border); box-shadow: 0px 0px 1px rgba(128, 128, 128, .2); margin: 1em 0; width: 100%; }
table th, table td { border: solid var(--base-2); border-width: 1px 0; padding: 8px 10px; }
table th { background-color: var(--base-2); font-weight: bold; text-align: left; }

.m-t-5 { margin-top: 5px; }
.hidden-xs-down { display: none; }
.block { display: block; }
.full-width { width: 100%; }
.hidden { display: none; }
.prewrap { white-space: pre-wrap; }
.nowrap { white-space: nowrap; }
.newline { display: block; }
.break-long-words { word-wrap: break-word; overflow-wrap: break-word; -webkit-hyphens: auto; -moz-hyphens: auto; hyphens: auto; min-width: 0; }
.text-small { font-size: 12px !important; }
.text-muted { color: #999; }
.text-bold { font-weight: bold; }
.empty { border: 4px dashed var(--base-2); color: #999; margin: 1em 0; padding: .5em 2em; }

.status-success { background: rgba(94, 151, 110, 0.3); }
.status-warning { background: rgba(240, 181, 24, 0.3); }
.status-error { background: rgba(176, 65, 62, 0.2); }
.status-success td, .status-warning td, .status-error td { background: transparent; }
tr.status-error td, tr.status-warning td { border-bottom: 1px solid var(--base-2); border-top: 1px solid var(--base-2); }
.status-warning .colored { color: #A46A1F; }
.status-error .colored  { color: var(--color-error); }

.sf-toggle { cursor: pointer; position: relative; }
.sf-toggle-content { -moz-transition: display .25s ease; -webkit-transition: display .25s ease; transition: display .25s ease; }
.sf-toggle-content.sf-toggle-hidden { display: none; }
.sf-toggle-content.sf-toggle-visible { display: block; }
thead.sf-toggle-content.sf-toggle-visible, tbody.sf-toggle-content.sf-toggle-visible { display: table-row-group; }
.sf-toggle-off .icon-close, .sf-toggle-on .icon-open { display: none; }
.sf-toggle-off .icon-open, .sf-toggle-on .icon-close { display: block; }

.tab-navigation { margin: 0 0 1em 0; padding: 0; }
.tab-navigation li { background: var(--tab-background); border: 1px solid var(--table-border); color: var(--tab-color); cursor: pointer; display: inline-block; font-size: 16px; margin: 0 0 0 -1px; padding: .5em .75em; z-index: 1; }
.tab-navigation li .badge { background-color: var(--base-1); color: var(--base-4); display: inline-block; font-size: 14px; font-weight: bold; margin-left: 8px; min-width: 10px; padding: 1px 6px; text-align: center; white-space: nowrap; }
.tab-navigation li.disabled { background: var(--tab-disabled-background); color: var(--tab-disabled-color); }
.tab-navigation li.active { background: var(--tab-active-background); color: var(--tab-active-color); z-index: 1100; }
.tab-navigation li.active .badge { background-color: var(--base-5); color: var(--base-2); }
.tab-content &gt; *:first-child { margin-top: 0; }
.tab-navigation li .badge.status-warning { background: var(--color-warning); color: #FFF; }
.tab-navigation li .badge.status-error { background: var(--background-error); color: #FFF; }
.sf-tabs .tab:not(:first-child) { display: none; }

[data-filters] { position: relative; }
[data-filtered] { cursor: pointer; }
[data-filtered]:after { content: '\00a0\25BE'; }
[data-filtered]:hover .filter-list li { display: inline-flex; }
[class*="filter-hidden-"] { display: none; }
.filter-list { position: absolute; border: var(--border); box-shadow: var(--shadow); margin: 0; padding: 0; display: flex; flex-direction: column; }
.filter-list :after { content: ''; }
.filter-list li {
    background: var(--tab-disabled-background);
    border-bottom: var(--border);
    color: var(--tab-disabled-color);
    display: none;
    list-style: none;
    margin: 0;
    padding: 5px 10px;
    text-align: left;
    font-weight: normal;
}
.filter-list li.active {
    background: var(--tab-background);
    color: var(--tab-color);
}
.filter-list li.last-active {
    background: var(--tab-active-background);
    color: var(--tab-active-color);
}

.filter-list-level li { cursor: s-resize; }
.filter-list-level li.active { cursor: n-resize; }
.filter-list-level li.last-active { cursor: default; }
.filter-list-level li.last-active:before { content: '\2714\00a0'; }
.filter-list-choice li:before { content: '\2714\00a0'; color: transparent; }
.filter-list-choice li.active:before { color: unset; }

.container { max-width: 1024px; margin: 0 auto; padding: 0 15px; }
.container::after { content: ""; display: table; clear: both; }

header { background-color: #222; color: rgba(255, 255, 255, 0.75); font-size: 13px; height: 33px; line-height: 33px; padding: 0; }
header .container { display: flex; justify-content: space-between; }
.logo { flex: 1; font-size: 13px; font-weight: normal; margin: 0; padding: 0; }
.logo svg { height: 18px; width: 18px; opacity: .8; vertical-align: -5px; }

.help-link { margin-left: 15px; }
.help-link a { color: inherit; }
.help-link .icon svg { height: 15px; width: 15px; opacity: .7; vertical-align: -2px; }
.help-link a:hover { color: #EEE; text-decoration: none; }
.help-link a:hover svg { opacity: .9; }

.exception-summary { background: var(--background-error); border-bottom: 2px solid rgba(0, 0, 0, 0.1); border-top: 1px solid rgba(0, 0, 0, .3); flex: 0 0 auto; margin-bottom: 15px; }
.exception-metadata { background: rgba(0, 0, 0, 0.1); padding: 7px 0; }
.exception-metadata .container { display: flex; flex-direction: row; justify-content: space-between; }
.exception-metadata h2, .exception-metadata h2 &gt; a { color: rgba(255, 255, 255, 0.8); font-size: 13px; font-weight: 400; margin: 0; }
.exception-http small { font-size: 13px; opacity: .7; }
.exception-hierarchy { flex: 1; }
.exception-hierarchy .icon { margin: 0 3px; opacity: .7; }
.exception-hierarchy .icon svg { height: 13px; width: 13px; vertical-align: -2px; }

.exception-without-message .exception-message-wrapper { display: none; }
.exception-message-wrapper .container { display: flex; align-items: flex-start; min-height: 70px; padding: 10px 15px 8px; }
.exception-message { flex-grow: 1; }
.exception-message, .exception-message a { color: #FFF; font-size: 21px; font-weight: 400; margin: 0; }
.exception-message.long { font-size: 18px; }
.exception-message a { border-bottom: 1px solid rgba(255, 255, 255, 0.5); font-size: inherit; text-decoration: none; }
.exception-message a:hover { border-bottom-color: #ffffff; }

.exception-illustration { flex-basis: 111px; flex-shrink: 0; height: 66px; margin-left: 15px; opacity: .7; }

.trace + .trace { margin-top: 30px; }
.trace-head { background-color: var(--base-2); padding: 10px; position: relative; }
.trace-head .trace-class { color: var(--base-6); font-size: 18px; font-weight: bold; line-height: 1.3; margin: 0; position: relative; }
.trace-head .trace-namespace { color: #999; display: block; font-size: 13px; }
.trace-head .icon { position: absolute; right: 0; top: 0; }
.trace-head .icon svg { fill: var(--base-5); height: 24px; width: 24px; }

.trace-details { background: var(--base-0); border: var(--border); box-shadow: 0px 0px 1px rgba(128, 128, 128, .2); margin: 1em 0; table-layout: fixed; }

.trace-message { font-size: 14px; font-weight: normal; margin: .5em 0 0; }

.trace-line { position: relative; padding-top: 8px; padding-bottom: 8px; }
.trace-line + .trace-line { border-top: var(--border); }
.trace-line:hover { background: var(--base-1); }
.trace-line a { color: var(--base-6); }
.trace-line .icon { opacity: .4; position: absolute; left: 10px; top: 11px; }
.trace-line .icon svg { fill: var(--base-5); height: 16px; width: 16px; }
.trace-line .icon.icon-copy { left: auto; top: auto; padding-left: 5px; display: none }
.trace-line:hover .icon.icon-copy:not(.hidden) { display: inline-block }
.trace-line-header { padding-left: 36px; padding-right: 10px; }

.trace-file-path, .trace-file-path a { color: var(--base-6); font-size: 13px; }
.trace-class { color: var(--color-error); }
.trace-type { padding: 0 2px; }
.trace-method { color: var(--color-error); font-weight: bold; }
.trace-arguments { color: #777; font-weight: normal; padding-left: 2px; }

.trace-code { background: var(--base-0); font-size: 12px; margin: 10px 10px 2px 10px; padding: 10px; overflow-x: auto; white-space: nowrap; }
.trace-code ol { margin: 0; float: left; }
.trace-code li { color: #969896; margin: 0; padding-left: 10px; float: left; width: 100%; }
.trace-code li + li { margin-top: 5px; }
.trace-code li.selected { background: var(--trace-selected-background); margin-top: 2px; }
.trace-code li code { color: var(--base-6); white-space: nowrap; }

.trace-as-text .stacktrace { line-height: 1.8; margin: 0 0 15px; white-space: pre-wrap; }

@media (min-width: 575px) {
    .hidden-xs-down { display: initial; }
    .help-link { margin-left: 30px; }
}&lt;/style&gt;
        &lt;style&gt;.sf-reset .traces {
    padding-bottom: 14px;
}
.sf-reset .traces li {
    font-size: 12px;
    color: #868686;
    padding: 5px 4px;
    list-style-type: decimal;
    margin-left: 20px;
}
.sf-reset #logs .traces li.error {
    font-style: normal;
    color: #AA3333;
    background: #f9ecec;
}
.sf-reset #logs .traces li.warning {
    font-style: normal;
    background: #ffcc00;
}
/* fix for Opera not liking empty &lt;li&gt; */
.sf-reset .traces li:after {
    content: "\00A0";
}
.sf-reset .trace {
    border: 1px solid #D3D3D3;
    padding: 10px;
    overflow: auto;
    margin: 10px 0 20px;
}
.sf-reset .block-exception {
    -moz-border-radius: 16px;
    -webkit-border-radius: 16px;
    border-radius: 16px;
    margin-bottom: 20px;
    background-color: #f6f6f6;
    border: 1px solid #dfdfdf;
    padding: 30px 28px;
    word-wrap: break-word;
    overflow: hidden;
}
.sf-reset .block-exception div {
    color: #313131;
    font-size: 10px;
}
.sf-reset .block-exception-detected .illustration-exception,
.sf-reset .block-exception-detected .text-exception {
    float: left;
}
.sf-reset .block-exception-detected .illustration-exception {
    width: 152px;
}
.sf-reset .block-exception-detected .text-exception {
    width: 670px;
    padding: 30px 44px 24px 46px;
    position: relative;
}
.sf-reset .text-exception .open-quote,
.sf-reset .text-exception .close-quote {
    font-family: Arial, Helvetica, sans-serif;
    position: absolute;
    color: #C9C9C9;
    font-size: 8em;
}
.sf-reset .open-quote {
    top: 0;
    left: 0;
}
.sf-reset .close-quote {
    bottom: -0.5em;
    right: 50px;
}
.sf-reset .block-exception p {
    font-family: Arial, Helvetica, sans-serif;
}
.sf-reset .block-exception p a,
.sf-reset .block-exception p a:hover {
    color: #565656;
}
.sf-reset .logs h2 {
    float: left;
    width: 654px;
}
.sf-reset .error-count, .sf-reset .support {
    float: right;
    width: 170px;
    text-align: right;
}
.sf-reset .error-count span {
    display: inline-block;
    background-color: #aacd4e;
    -moz-border-radius: 6px;
    -webkit-border-radius: 6px;
    border-radius: 6px;
    padding: 4px;
    color: white;
    margin-right: 2px;
    font-size: 11px;
    font-weight: bold;
}

.sf-reset .support a {
    display: inline-block;
    -moz-border-radius: 6px;
    -webkit-border-radius: 6px;
    border-radius: 6px;
    padding: 4px;
    color: #000000;
    margin-right: 2px;
    font-size: 11px;
    font-weight: bold;
}

.sf-reset .toggle {
    vertical-align: middle;
}
.sf-reset .linked ul,
.sf-reset .linked li {
    display: inline;
}
.sf-reset #output-content {
    color: #000;
    font-size: 12px;
}
.sf-reset #traces-text pre {
    white-space: pre;
    font-size: 12px;
    font-family: monospace;
}&lt;/style&gt;
    &lt;/head&gt;
    &lt;body&gt;
        &lt;script&gt;
            document.body.classList.add(
                localStorage.getItem('symfony/profiler/theme') || (matchMedia('(prefers-color-scheme: dark)').matches ? 'theme-dark' : 'theme-light')
            );
        &lt;/script&gt;

                    &lt;header&gt;
                &lt;div class="container"&gt;
                    &lt;h1 class="logo"&gt;&lt;svg xmlns="http://www.w3.org/2000/svg" width="24" height="24" viewBox="0 0 24 24"&gt;&lt;path fill="#FFF" d="M12 .9C5.8.9.9 5.8.9 12a11 11 0 1 0 22.2 0A11 11 0 0 0 12 .9zm6.5 6c-.6 0-.9-.3-.9-.8 0-.2 0-.4.2-.6l.2-.4c0-.3-.5-.4-.6-.4-1.8.1-2.3 2.5-2.7 4.4l-.2 1c1 .2 1.8 0 2.2-.3.6-.4-.2-.7-.1-1.2.1-.3.5-.5.7-.6.5 0 .7.5.7.9 0 .7-1 1.8-3 1.8l-.6-.1-.6 2.4c-.4 1.6-.8 3.8-2.4 5.7-1.4 1.7-2.9 1.9-3.5 1.9-1.2 0-1.9-.6-2-1.5 0-.8.7-1.3 1.2-1.3.6 0 1.1.5 1.1 1s-.2.6-.4.6c-.1.1-.3.2-.3.4 0 .1.1.3.4.3.5 0 .8-.3 1.1-.5 1.2-.9 1.6-2.7 2.2-5.7l.1-.7.7-3.2c-.8-.6-1.3-1.4-2.4-1.7-.6-.1-1.1.1-1.5.5-.4.5-.2 1.1.2 1.5l.7.6c.7.8 1.2 1.6 1 2.5-.3 1.5-2 2.6-4 1.9-1.8-.6-2-1.8-1.8-2.5.2-.6.6-.7 1.1-.6.5.2.6.7.6 1.2l-.1.3c-.2.1-.3.3-.3.4-.1.4.4.6.7.7.7.3 1.6-.2 1.8-.8a1 1 0 0 0-.4-1.1l-.7-.8c-.4-.4-1.1-1.4-.7-2.6.1-.5.4-.9.7-1.3a4 4 0 0 1 2.8-.6c1.2.4 1.8 1.1 2.6 1.8.5-1.2 1-2.4 1.8-3.5.9-.9 1.9-1.6 3.1-1.7 1.3.2 2.2.7 2.2 1.6 0 .4-.2 1.1-.9 1.1z"/&gt;&lt;/svg&gt; Symfony Exception&lt;/h1&gt;

                    &lt;div class="help-link"&gt;
                        &lt;a href="https://symfony.com/doc/6.0.2/index.html"&gt;
                            &lt;span class="icon"&gt;&lt;svg width="1792" height="1792" viewBox="0 0 1792 1792" xmlns="http://www.w3.org/2000/svg"&gt;&lt;path fill="#FFF" d="M1703 478q40 57 18 129l-275 906q-19 64-76.5 107.5T1247 1664H324q-77 0-148.5-53.5T76 1479q-24-67-2-127 0-4 3-27t4-37q1-8-3-21.5t-3-19.5q2-11 8-21t16.5-23.5T116 1179q23-38 45-91.5t30-91.5q3-10 .5-30t-.5-28q3-11 17-28t17-23q21-36 42-92t25-90q1-9-2.5-32t.5-28q4-13 22-30.5t22-22.5q19-26 42.5-84.5T404 411q1-8-3-25.5t-2-26.5q2-8 9-18t18-23 17-21q8-12 16.5-30.5t15-35 16-36 19.5-32 26.5-23.5 36-11.5T620 134l-1 3q38-9 51-9h761q74 0 114 56t18 130l-274 906q-36 119-71.5 153.5T1089 1408H220q-27 0-38 15-11 16-1 43 24 70 144 70h923q29 0 56-15.5t35-41.5l300-987q7-22 5-57 38 15 59 43zm-1064 2q-4 13 2 22.5t20 9.5h608q13 0 25.5-9.5T1311 480l21-64q4-13-2-22.5t-20-9.5H702q-13 0-25.5 9.5T660 416zm-83 256q-4 13 2 22.5t20 9.5h608q13 0 25.5-9.5T1228 736l21-64q4-13-2-22.5t-20-9.5H619q-13 0-25.5 9.5T577 672z"/&gt;&lt;/svg&gt;&lt;/span&gt;
                            &lt;span class="hidden-xs-down"&gt;Symfony&lt;/span&gt; Docs
                        &lt;/a&gt;
                    &lt;/div&gt;
                &lt;/div&gt;
            &lt;/header&gt;
        
        &lt;div class="exception-summary "&gt;
    &lt;div class="exception-metadata"&gt;
        &lt;div class="container"&gt;
            &lt;h2 class="exception-hierarchy"&gt;
                                    &lt;a href="#trace-box-3"&gt;&lt;abbr title="PDOException"&gt;PDOException&lt;/abbr&gt;&lt;/a&gt;
                    &lt;span class="icon"&gt;&lt;svg width="1792" height="1792" viewBox="0 0 1792 1792" xmlns="http://www.w3.org/2000/svg"&gt;&lt;path fill="#FFF" d="M1363 877l-742 742q-19 19-45 19t-45-19l-166-166q-19-19-19-45t19-45l531-531-531-531q-19-19-19-45t19-45L531 45q19-19 45-19t45 19l742 742q19 19 19 45t-19 45z"/&gt;&lt;/svg&gt;&lt;/span&gt;
                                    &lt;a href="#trace-box-2"&gt;&lt;abbr title="Doctrine\DBAL\Driver\PDO\Exception"&gt;Exception&lt;/abbr&gt;&lt;/a&gt;
                    &lt;span class="icon"&gt;&lt;svg width="1792" height="1792" viewBox="0 0 1792 1792" xmlns="http://www.w3.org/2000/svg"&gt;&lt;path fill="#FFF" d="M1363 877l-742 742q-19 19-45 19t-45-19l-166-166q-19-19-19-45t19-45l531-531-531-531q-19-19-19-45t19-45L531 45q19-19 45-19t45 19l742 742q19 19 19 45t-19 45z"/&gt;&lt;/svg&gt;&lt;/span&gt;
                                &lt;a href="#trace-box-1"&gt;&lt;abbr title="Doctrine\DBAL\Exception\ConnectionException"&gt;ConnectionException&lt;/abbr&gt;&lt;/a&gt;
            &lt;/h2&gt;
            &lt;h2 class="exception-http"&gt;
                HTTP 500 &lt;small&gt;Internal Server Error&lt;/small&gt;
            &lt;/h2&gt;
        &lt;/div&gt;
    &lt;/div&gt;

    &lt;div class="exception-message-wrapper"&gt;
        &lt;div class="container"&gt;
            &lt;h1 class="break-long-words exception-message"&gt;An exception occurred in the driver: SQLSTATE[HY000] [1049] Unknown database 'crud04_test'&lt;/h1&gt;

            &lt;div class="exception-illustration hidden-xs-down"&gt;
                &lt;svg viewBox="0 0 136 81" xmlns="http://www.w3.org/2000/svg" fill-rule="evenodd" clip-rule="evenodd" stroke-linejoin="round" stroke-miterlimit="1.4"&gt;&lt;path d="M92.4 20.4a23.2 23.2 0 0 1 9 1.9 23.7 23.7 0 0 1 5.2 3 24.3 24.3 0 0 1 3.4 3.4 24.8 24.8 0 0 1 5 9.4c.5 1.7.8 3.4 1 5.2v14.5h.4l.5.2a7.4 7.4 0 0 0 2.5.2l.2-.2.6-.8.8-1.3-.2-.1a5.5 5.5 0 0 1-.8-.3 5.6 5.6 0 0 1-2.3-1.8 5.7 5.7 0 0 1-.9-1.6 6.5 6.5 0 0 1-.2-2.8 7.3 7.3 0 0 1 .5-2l.3-.3.8-.9.3-.3c.2-.2.5-.3.8-.3H120.7c.2 0 .3-.1.4 0h.4l.2.1.3.2.2-.4.3-.4.1-.1 1.2-1 .3-.2.4-.1.4-.1h.3l1.5.1.4.1.8.5.1.2 1 1.1v.2H129.4l.4-.2 1.4-.5h1.1c.3 0 .7.2 1 .4.2 0 .3.2.5.3l.2.2.5.3.4.6.1.3.4 1.4.1.4v.6a7.8 7.8 0 0 1-.1.6 9.9 9.9 0 0 1-.8 2.4 7.8 7.8 0 0 1-3 3.3 6.4 6.4 0 0 1-1 .5 6.1 6.1 0 0 1-.6.2l-.7.1h-.1a23.4 23.4 0 0 1-.2 1.7 14.3 14.3 0 0 1-.6 2.1l-.8 2a9.2 9.2 0 0 1-.4.6l-.7 1a9.1 9.1 0 0 1-2.3 2.2c-.9.5-2 .6-3 .7l-1.4.1h-.5l-.4.1a15.8 15.8 0 0 1-2.8-.1v4.2a9.7 9.7 0 0 1-.7 3.5 9.6 9.6 0 0 1-1.7 2.8 9.3 9.3 0 0 1-3 2.3 9 9 0 0 1-5.4.7 9 9 0 0 1-3-1 9.4 9.4 0 0 1-2.7-2.5 10 10 0 0 1-1 1.2 9.3 9.3 0 0 1-2 1.3 9 9 0 0 1-2.4 1 9 9 0 0 1-6.5-1.1A9.4 9.4 0 0 1 85 77V77a10.9 10.9 0 0 1-.6.6 9.3 9.3 0 0 1-2.7 2 9 9 0 0 1-6 .8 9 9 0 0 1-2.4-1 9.3 9.3 0 0 1-2.3-1.7 9.6 9.6 0 0 1-1.8-2.8 9.7 9.7 0 0 1-.8-3.7v-4a18.5 18.5 0 0 1-2.9.2l-1.2-.1c-1.9-.3-3.7-1-5.1-2.2a8.2 8.2 0 0 1-1.1-1 10.2 10.2 0 0 1-.9-1.2 15.3 15.3 0 0 1-.7-1.3 20.8 20.8 0 0 1-1.9-6.2v-.2a6.5 6.5 0 0 1-1-.3 6.1 6.1 0 0 1-.6-.3 6.6 6.6 0 0 1-.9-.6 8.2 8.2 0 0 1-2.7-3.7 10 10 0 0 1-.3-1 10.3 10.3 0 0 1-.3-1.9V47v-.4l.1-.4.6-1.4.1-.2a2 2 0 0 1 .8-.8l.3-.2.3-.2a3.2 3.2 0 0 1 1.8-.5h.4l.3.2 1.4.6.2.2.4.3.3.4.7-.7.2-.2.4-.2.6-.2h2.1l.4.2.4.2.3.2.8 1 .2-.1h.1v-.1H63l1.1.1h.3l.8.5.3.4.7 1 .2.3.1.5a11 11 0 0 1 .2 1.5c0 .8 0 1.6-.3 2.3a6 6 0 0 1-.5 1.2 5.5 5.5 0 0 1-3.3 2.5 12.3 12.3 0 0 0 1.4 3h.1l.2.1 1 .2h1.5l.5-.2H67.8l.5-.2h.1V44v-.4a26.7 26.7 0 0 1 .3-2.3 24.7 24.7 0 0 1 5.7-12.5 24.2 24.2 0 0 1 3.5-3.3 23.7 23.7 0 0 1 4.9-3 23.2 23.2 0 0 1 5.6-1.7 23.7 23.7 0 0 1 4-.3zm-.3 2a21.2 21.2 0 0 0-8 1.7 21.6 21.6 0 0 0-4.8 2.7 22.2 22.2 0 0 0-3.2 3 22.7 22.7 0 0 0-5 9.2 23.4 23.4 0 0 0-.7 4.9v15.7l-.5.1a34.3 34.3 0 0 1-1.5.3h-.2l-.4.1h-.4l-.9.2a10 10 0 0 1-1.9 0c-.5 0-1-.2-1.5-.4a1.8 1.8 0 0 1-.3-.2 2 2 0 0 1-.3-.3 5.2 5.2 0 0 1-.1-.2 9 9 0 0 1-.6-.9 13.8 13.8 0 0 1-1-2 14.3 14.3 0 0 1-.6-2 14 14 0 0 1-.1-.8v-.2h.3a12.8 12.8 0 0 0 1.4-.2 4.4 4.4 0 0 0 .3 0 3.6 3.6 0 0 0 1.1-.7 3.4 3.4 0 0 0 1.2-1.7l.2-1.2a5.1 5.1 0 0 0 0-.8 7.2 7.2 0 0 0-.1-.8l-.7-1-1.2-.2-1 .7-.1 1.3a5 5 0 0 1 .1.4v.6a1 1 0 0 1 0 .3c-.1.3-.4.4-.7.5l-1.2.4v-.7A9.9 9.9 0 0 1 60 49l.3-.6v-.2l.1-.1v-1.6l-1-1.2h-1.5l-1 1.1v.4a5.3 5.3 0 0 0-.2.6 5.5 5.5 0 0 0 0 .5c0 .7 0 1.4.3 2 0 .4.2.8.4 1.2L57 51a9.5 9.5 0 0 1-1.1-.5h-.2a2 2 0 0 1-.4-.3c-.4-.4-.5-1-.6-1.6a5.6 5.6 0 0 1 0-.5v-.5-.5l-.6-1.5-1.4-.6-.9.3s-.2 0-.3.2a2 2 0 0 1-.1 0l-.6 1.4v.7a8.5 8.5 0 0 0 .5 2c.4 1.1 1 2.1 2 2.8a4.7 4.7 0 0 0 2.1.9h1a22.8 22.8 0 0 0 .1 1 18.1 18.1 0 0 0 .8 3.8 18.2 18.2 0 0 0 1.6 3.7l1 1.3c1 1 2.3 1.6 3.7 2a11.7 11.7 0 0 0 4.8 0h.4l.5-.2.5-.1.6-.2v6.6a8 8 0 0 0 .1 1.3 7.5 7.5 0 0 0 2.4 4.3 7.2 7.2 0 0 0 2.3 1.3 7 7 0 0 0 7-1.1 7.5 7.5 0 0 0 2-2.6A7.7 7.7 0 0 0 85 72V71a8.2 8.2 0 0 0 .2 1.3c0 .7.3 1.4.6 2a7.5 7.5 0 0 0 1.7 2.3 7.3 7.3 0 0 0 2.2 1.4 7.1 7.1 0 0 0 4.6.2 7.2 7.2 0 0 0 2.4-1.2 7.5 7.5 0 0 0 2.1-2.7 7.8 7.8 0 0 0 .7-2.4V71a9.3 9.3 0 0 0 .1.6 7.6 7.6 0 0 0 .6 2.5 7.5 7.5 0 0 0 2.4 3 7.1 7.1 0 0 0 7 .8 7.3 7.3 0 0 0 2.3-1.5 7.5 7.5 0 0 0 1.6-2.3 7.6 7.6 0 0 0 .5-2l.1-1.1v-6.7l.4.1a12.2 12.2 0 0 0 2 .5 11.1 11.1 0 0 0 2.5 0h.8l1.2-.1a9.5 9.5 0 0 0 1.4-.2l.9-.3a3.5 3.5 0 0 0 .6-.4l1.2-1.4a12.2 12.2 0 0 0 .8-1.2c0-.3.2-.5.3-.7a15.9 15.9 0 0 0 .7-2l.3-1.6v-1.3l.2-.9V54.6a15.5 15.5 0 0 0 1.8 0 4.5 4.5 0 0 0 1.4-.5 5.7 5.7 0 0 0 2.5-3.2 7.6 7.6 0 0 0 .4-1.5v-.3l-.4-1.4a5.2 5.2 0 0 1-.2-.1l-.4-.4a3.8 3.8 0 0 0-.2 0 1.4 1.4 0 0 0-.5-.2l-1.4.4-.7 1.3v.7a5.7 5.7 0 0 1-.1.8l-.7 1.4a1.9 1.9 0 0 1-.5.3h-.3a9.6 9.6 0 0 1-.8.3 8.8 8.8 0 0 1-.6 0l.2-.4.2-.5.2-.3v-.4l.1-.2V50l.1-1 .1-.6v-.6a4.8 4.8 0 0 0 0-.8v-.2l-1-1.1-1.5-.2-1.1 1-.2 1.4v.1l.2.4.2.3v.4l.1 1.1v.3l.1.5v.8a9.6 9.6 0 0 1-.8-.3l-.2-.1h-.3l-.8-.1h-.2a1.6 1.6 0 0 1-.2-.2.9.9 0 0 1-.2-.2 1 1 0 0 1-.1-.5l.2-.9v-1.2l-.9-.8h-1.2l-.8.9v.3a4.8 4.8 0 0 0-.3 2l.3.9a3.5 3.5 0 0 0 1.2 1.6l1 .5.8.2 1.4.1h.4l.2.1a12.1 12.1 0 0 1-1 2.6 13.2 13.2 0 0 1-.8 1.5 9.5 9.5 0 0 1-1 1.2l-.2.3a1.7 1.7 0 0 1-.4.3 2.4 2.4 0 0 1-.7.2h-2.5a7.8 7.8 0 0 1-.6-.2l-.7-.2h-.2a14.8 14.8 0 0 1-.6-.2 23.4 23.4 0 0 1-.4-.1l-.4-.1-.3-.1V43.9a34.6 34.6 0 0 0 0-.6 23.6 23.6 0 0 0-.4-3 22.7 22.7 0 0 0-1.5-4.7 22.6 22.6 0 0 0-4.6-6.7 21.9 21.9 0 0 0-6.9-4.7 21.2 21.2 0 0 0-8.1-1.8H92zm9.1 33.7l.3.1a1 1 0 0 1 .6.8v.4a8.4 8.4 0 0 1 0 .5 8.8 8.8 0 0 1-1.6 4.2l-1 1.3A10 10 0 0 1 95 66c-1.3.3-2.7.4-4 .3a10.4 10.4 0 0 1-2.7-.8 10 10 0 0 1-3.6-2.5 9.3 9.3 0 0 1-.8-1 9 9 0 0 1-.7-1.2 8.6 8.6 0 0 1-.8-3.4V57a1 1 0 0 1 .3-.6 1 1 0 0 1 1.3-.2 1 1 0 0 1 .4.8v.4a6.5 6.5 0 0 0 .5 2.2 7 7 0 0 0 2.1 2.8l1 .6c2.6 1.6 6 1.6 8.5 0a8 8 0 0 0 1.1-.6 7.6 7.6 0 0 0 1.2-1.2 7 7 0 0 0 1-1.7 6.5 6.5 0 0 0 .4-2.5 1 1 0 0 1 .7-1h.4zM30.7 43.7c-15.5 1-28.5-6-30.1-16.4C-1.2 15.7 11.6 4 29 1.3 46.6-1.7 62.3 5.5 64 17.1c1.6 10.4-8.7 21-23.7 25a31.2 31.2 0 0 0 0 .9v.3a19 19 0 0 0 .1 1l.1.4.1.9a4.7 4.7 0 0 0 .5 1l.7 1a9.2 9.2 0 0 0 1.2 1l1.5.8.6.8-.7.6-1.1.3a11.2 11.2 0 0 1-2.6.4 8.6 8.6 0 0 1-3-.5 8.5 8.5 0 0 1-1-.4 11.2 11.2 0 0 1-1.8-1.2 13.3 13.3 0 0 1-1-1 18 18 0 0 1-.7-.6l-.4-.4a23.4 23.4 0 0 1-1.3-1.8l-.1-.1-.3-.5V45l-.3-.6v-.7zM83.1 36c3.6 0 6.5 3.2 6.5 7.1 0 4-3 7.2-6.5 7.2S76.7 47 76.7 43 79.6 36 83 36zm18 0c3.6 0 6.5 3.2 6.5 7.1 0 4-2.9 7.2-6.4 7.2S94.7 47 94.7 43s3-7.1 6.5-7.1zm-18 6.1c2 0 3.5 1.6 3.5 3.6S85 49.2 83 49.2s-3.4-1.6-3.4-3.6S81.2 42 83 42zm17.9 0c1.9 0 3.4 1.6 3.4 3.6s-1.5 3.6-3.4 3.6c-2 0-3.5-1.6-3.5-3.6S99.1 42 101 42zM17 28c-.3 1.6-1.8 5-5.2 5.8-2.5.6-4.1-.8-4.5-2.6-.4-1.9.7-3.5 2.1-4.5A3.5 3.5 0 0 1 8 24.6c-.4-2 .8-3.7 3.2-4.2 1.9-.5 3.1.2 3.4 1.5.3 1.1-.5 2.2-1.8 2.5-.9.3-1.6 0-1.7-.6a1.4 1.4 0 0 1 0-.7s.3.2 1 0c.7-.1 1-.7.9-1.2-.2-.6-1-.8-1.8-.6-1 .2-2 1-1.7 2.6.3 1 .9 1.6 1.5 1.8l.7-.2c1-.2 1.5 0 1.6.5 0 .4-.2 1-1.2 1.2a3.3 3.3 0 0 1-1.5 0c-.9.7-1.6 1.9-1.3 3.2.3 1.3 1.3 2.2 3 1.8 2.5-.7 3.8-3.7 4.2-5-.3-.5-.6-1-.7-1.6-.1-.5.1-1 .9-1.2.4 0 .7.2.8.8a2.8 2.8 0 0 1 0 1l.7 1c.6-2 1.4-4 1.7-4 .6-.2 1.5.6 1.5.6-.8.7-1.7 2.4-2.3 4.2.8.6 1.6 1 2.1 1 .5-.1.8-.6 1-1.2-.3-2.2 1-4.3 2.3-4.6.7-.2 1.3.2 1.4.8.1.5 0 1.3-.9 1.7-.2-1-.6-1.3-1-1.3-.4.1-.7 1.4-.4 2.8.2 1 .7 1.5 1.3 1.4.8-.2 1.3-1.2 1.7-2.1-.3-2.1.9-4.2 2.2-4.5.7-.2 1.2.1 1.4 1 .4 1.4-1 2.8-2.2 3.4.3.7.7 1 1.3.9 1-.3 1.6-1.5 2-2.5l-.5-3v-.3s1.6-.3 1.8.6v.1c.2-.6.7-1.2 1.3-1.4.8-.1 1.5.6 1.7 1.6.5 2.2-.5 4.4-1.8 4.7H33a31.9 31.9 0 0 0 1 5.2c-.4.1-1.8.4-2-.4l-.5-5.6c-.5 1-1.3 2.2-2.5 2.4-1 .3-1.6-.3-2-1.1-.5 1-1.3 2.1-2.4 2.4-.8.2-1.5-.1-2-1-.3.8-.9 1.5-1.5 1.7-.7.1-1.5-.3-2.4-1-.3.8-.4 1.6-.4 2.2 0 0-.7 0-.8-.4-.1-.5 0-1.5.3-2.7a10.3 10.3 0 0 1-.7-.8zm38.2-17.8l.2.9c.5 1.9.4 4.4.8 6.4 0 .6-.4 3-1.4 3.3-.2 0-.3 0-.4-.4-.1-.7 0-1.6-.3-2.6-.2-1.1-.8-1.6-1.5-1.5-.8.2-1.3 1-1.6 2l-.1-.5c-.2-1-1.8-.6-1.8-.6a6.2 6.2 0 0 1 .4 1.3l.2 1c-.2.5-.6 1-1.2 1l-.2.1a7 7 0 0 0-.1-.8c-.3-1.1-1-2-1.6-1.8a.7.7 0 0 0-.4.3c-1.3.3-2.4 2-2.1 3.9-.2.9-.6 1.7-1 1.9-.5 0-.8-.5-1.1-1.8l-.1-1.2a4 4 0 0 0 0-1.7c0-.4-.4-.7-.8-.6-.7.2-.9 1.7-.5 3.8-.2 1-.6 2-1.3 2-.4.2-.8-.2-1-1l-.2-3c1.2-.5 2-1 1.8-1.7-.1-.5-.8-.7-.8-.7s0 .7-1 1.2l-.2-1.4c-.1-.6-.4-1-1.7-.6l.4 1 .2 1.5h-1v.8c0 .3.4.3 1 .2 0 1.3 0 2.7.2 3.6.3 1.4 1.2 2 2 1.7 1-.2 1.6-1.3 2-2.3.3 1.2 1 2 1.9 1.7.7-.2 1.2-1.1 1.6-2.2.4.8 1.1 1.1 2 1 1.2-.4 1.7-1.6 1.8-2.8h.2c.6-.2 1-.6 1.3-1 0 .8 0 1.5.2 2.1.1.5.3.7.6.6.5-.1 1-.9 1-.9a4 4 0 0 1-.3-1c-.3-1.3.3-3.6 1-3.7.2 0 .3.2.5.7v.8l.2 1.5v.7c.2.7.7 1.3 1.5 1 1.3-.2 2-2.6 2.1-3.9.3.2.6.2 1 .1-.6-2.2 0-6.1-.3-7.9-.1-.4-1-.5-1.7-.5h-.4zm-21.5 12c.4 0 .7.3 1 1.1.2 1.3-.3 2.6-.9 2.8-.2 0-.7 0-1-1.2v-.4c0-1.3.4-2 1-2.2zm-5.2 1c.3 0 .6.2.6.5.2.6-.3 1.3-1.2 2-.3-1.4.1-2.3.6-2.5zm18-.4c-.5.2-1-.4-1.2-1.2-.2-1 0-2.1.7-2.5v.5c.2.7.6 1.5 1.3 1.9 0 .7-.2 1.2-.7 1.3zm10-1.6c0 .5.4.7 1 .6.8-.2 1-1 .8-1.6 0-.5-.4-1-1-.8-.5.1-1 .9-.8 1.8zm-14.3-5.5c0-.4-.5-.7-1-.5-.8.2-1 1-.9 1.5.2.6.5 1 1 .8.5 0 1.1-1 1-1.8z" fill="#fff" fill-opacity=".6"/&gt;&lt;/svg&gt;            &lt;/div&gt;
        &lt;/div&gt;
    &lt;/div&gt;
&lt;/div&gt;

&lt;div class="container"&gt;
    &lt;div class="sf-tabs"&gt;
        &lt;div class="tab"&gt;
                        &lt;h3 class="tab-title"&gt;
                                    Exceptions &lt;span class="badge"&gt;3&lt;/span&gt;
                            &lt;/h3&gt;

            &lt;div class="tab-content"&gt;
                &lt;div class="trace trace-as-html" id="trace-box-1"&gt;
    &lt;div class="trace-details"&gt;
        &lt;div class="trace-head"&gt;
            &lt;div class="sf-toggle" data-toggle-selector="#trace-html-1" data-toggle-initial="display"&gt;
                &lt;span class="icon icon-close"&gt;&lt;svg width="1792" height="1792" viewBox="0 0 1792 1792" xmlns="http://www.w3.org/2000/svg"&gt;&lt;path d="M1344 800v64q0 14-9 23t-23 9H480q-14 0-23-9t-9-23v-64q0-14 9-23t23-9h832q14 0 23 9t9 23zm128 448V416q0-66-47-113t-113-47H480q-66 0-113 47t-47 113v832q0 66 47 113t113 47h832q66 0 113-47t47-113zm128-832v832q0 119-84.5 203.5T1312 1536H480q-119 0-203.5-84.5T192 1248V416q0-119 84.5-203.5T480 128h832q119 0 203.5 84.5T1600 416z"/&gt;&lt;/svg&gt;&lt;/span&gt;
                &lt;span class="icon icon-open"&gt;&lt;svg width="1792" height="1792" viewBox="0 0 1792 1792" xmlns="http://www.w3.org/2000/svg"&gt;&lt;path d="M1344 800v64q0 14-9 23t-23 9H960v352q0 14-9 23t-23 9h-64q-14 0-23-9t-9-23V896H480q-14 0-23-9t-9-23v-64q0-14 9-23t23-9h352V416q0-14 9-23t23-9h64q14 0 23 9t9 23v352h352q14 0 23 9t9 23zm128 448V416q0-66-47-113t-113-47H480q-66 0-113 47t-47 113v832q0 66 47 113t113 47h832q66 0 113-47t47-113zm128-832v832q0 119-84.5 203.5T1312 1536H480q-119 0-203.5-84.5T192 1248V416q0-119 84.5-203.5T480 128h832q119 0 203.5 84.5T1600 416z"/&gt;&lt;/svg&gt;&lt;/span&gt;
                                                    &lt;h3 class="trace-class"&gt;
                                                    &lt;span class="trace-namespace"&gt;Doctrine\DBAL\Exception\&lt;/span&gt;
                                                ConnectionException                    &lt;/h3&gt;
                                            &lt;/div&gt;
        &lt;/div&gt;

        &lt;div id="trace-html-1" class="sf-toggle-content"&gt;
                    &lt;div class="trace-line "&gt;
                &lt;div class="trace-line-header break-long-words sf-toggle" data-toggle-selector="#trace-html-1-0" data-toggle-initial="display"&gt;
            &lt;span class="icon icon-close"&gt;&lt;svg width="1792" height="1792" viewBox="0 0 1792 1792" xmlns="http://www.w3.org/2000/svg"&gt;&lt;path d="M1408 960V832q0-26-19-45t-45-19H448q-26 0-45 19t-19 45v128q0 26 19 45t45 19h896q26 0 45-19t19-45zm256-544v960q0 119-84.5 203.5T1376 1664H416q-119 0-203.5-84.5T128 1376V416q0-119 84.5-203.5T416 128h960q119 0 203.5 84.5T1664 416z"/&gt;&lt;/svg&gt;&lt;/span&gt;
        &lt;span class="icon icon-open"&gt;&lt;svg width="1792" height="1792" viewBox="0 0 1792 1792" xmlns="http://www.w3.org/2000/svg"&gt;&lt;path d="M1408 960V832q0-26-19-45t-45-19h-320V448q0-26-19-45t-45-19H832q-26 0-45 19t-19 45v320H448q-26 0-45 19t-19 45v128q0 26 19 45t45 19h320v320q0 26 19 45t45 19h128q26 0 45-19t19-45v-320h320q26 0 45-19t19-45zm256-544v960q0 119-84.5 203.5T1376 1664H416q-119 0-203.5-84.5T128 1376V416q0-119 84.5-203.5T416 128h960q119 0 203.5 84.5T1664 416z"/&gt;&lt;/svg&gt;&lt;/span&gt;
    
    
                    &lt;span class="block trace-file-path"&gt;
            in
            &lt;a href=""&gt;
                C:\Users\eman\Documents\GitHub\car_dealer\vendor\doctrine\dbal\src\Driver\API\MySQL\&lt;strong&gt;ExceptionConverter.php&lt;/strong&gt;
            &lt;/a&gt;
                        (line 103)
            &lt;span class="icon icon-copy hidden" data-clipboard-text="C:\Users\eman\Documents\GitHub\car_dealer\vendor\doctrine\dbal\src\Driver\API\MySQL\ExceptionConverter.php:103"&gt;
                &lt;svg xmlns="http://www.w3.org/2000/svg" height="24" viewBox="0 0 24 24" width="24"&gt;&lt;path d="M0 0h24v24H0z" fill="none"/&gt;&lt;path d="M16 1H4c-1.1 0-2 .9-2 2v14h2V3h12V1zm3 4H8c-1.1 0-2 .9-2 2v14c0 1.1.9 2 2 2h11c1.1 0 2-.9 2-2V7c0-1.1-.9-2-2-2zm0 16H8V7h11v14z"/&gt;&lt;/svg&gt;            &lt;/span&gt;
        &lt;/span&gt;
    &lt;/div&gt;
    &lt;div id="trace-html-1-0" class="trace-code sf-toggle-content"&gt;
        &lt;ol start="98"&gt;&lt;li&gt;&lt;code&gt;&lt;span style="color: var(--highlight-keyword)"&gt;&amp;nbsp;&amp;nbsp;&amp;nbsp;&amp;nbsp;&amp;nbsp;&amp;nbsp;&amp;nbsp;&amp;nbsp;&amp;nbsp;&amp;nbsp;&amp;nbsp;&amp;nbsp;case&amp;nbsp;&lt;/span&gt;&lt;span style="color: var(--highlight-default)"&gt;1370&lt;/span&gt;&lt;span style="color: var(--highlight-keyword)"&gt;:&lt;/span&gt;&lt;/code&gt;&lt;/li&gt;
&lt;li&gt;&lt;code&gt;&lt;span style="color: var(--highlight-keyword)"&gt;&amp;nbsp;&amp;nbsp;&amp;nbsp;&amp;nbsp;&amp;nbsp;&amp;nbsp;&amp;nbsp;&amp;nbsp;&amp;nbsp;&amp;nbsp;&amp;nbsp;&amp;nbsp;case&amp;nbsp;&lt;/span&gt;&lt;span style="color: var(--highlight-default)"&gt;1429&lt;/span&gt;&lt;span style="color: var(--highlight-keyword)"&gt;:&lt;/span&gt;&lt;/code&gt;&lt;/li&gt;
&lt;li&gt;&lt;code&gt;&lt;span style="color: var(--highlight-keyword)"&gt;&amp;nbsp;&amp;nbsp;&amp;nbsp;&amp;nbsp;&amp;nbsp;&amp;nbsp;&amp;nbsp;&amp;nbsp;&amp;nbsp;&amp;nbsp;&amp;nbsp;&amp;nbsp;case&amp;nbsp;&lt;/span&gt;&lt;span style="color: var(--highlight-default)"&gt;2002&lt;/span&gt;&lt;span style="color: var(--highlight-keyword)"&gt;:&lt;/span&gt;&lt;/code&gt;&lt;/li&gt;
&lt;li&gt;&lt;code&gt;&lt;span style="color: var(--highlight-keyword)"&gt;&amp;nbsp;&amp;nbsp;&amp;nbsp;&amp;nbsp;&amp;nbsp;&amp;nbsp;&amp;nbsp;&amp;nbsp;&amp;nbsp;&amp;nbsp;&amp;nbsp;&amp;nbsp;case&amp;nbsp;&lt;/span&gt;&lt;span style="color: var(--highlight-default)"&gt;2005&lt;/span&gt;&lt;span style="color: var(--highlight-keyword)"&gt;:&lt;/span&gt;&lt;/code&gt;&lt;/li&gt;
&lt;li&gt;&lt;code&gt;&lt;span style="color: var(--highlight-keyword)"&gt;&amp;nbsp;&amp;nbsp;&amp;nbsp;&amp;nbsp;&amp;nbsp;&amp;nbsp;&amp;nbsp;&amp;nbsp;&amp;nbsp;&amp;nbsp;&amp;nbsp;&amp;nbsp;case&amp;nbsp;&lt;/span&gt;&lt;span style="color: var(--highlight-default)"&gt;2054&lt;/span&gt;&lt;span style="color: var(--highlight-keyword)"&gt;:&lt;/span&gt;&lt;/code&gt;&lt;/li&gt;
&lt;li class="selected"&gt;&lt;code&gt;&lt;span style="color: var(--highlight-keyword)"&gt;&amp;nbsp;&amp;nbsp;&amp;nbsp;&amp;nbsp;&amp;nbsp;&amp;nbsp;&amp;nbsp;&amp;nbsp;&amp;nbsp;&amp;nbsp;&amp;nbsp;&amp;nbsp;&amp;nbsp;&amp;nbsp;&amp;nbsp;&amp;nbsp;return&amp;nbsp;new&amp;nbsp;&lt;/span&gt;&lt;span style="color: var(--highlight-default)"&gt;ConnectionException&lt;/span&gt;&lt;span style="color: var(--highlight-keyword)"&gt;(&lt;/span&gt;&lt;span style="color: var(--highlight-default)"&gt;$exception&lt;/span&gt;&lt;span style="color: var(--highlight-keyword)"&gt;,&amp;nbsp;&lt;/span&gt;&lt;span style="color: var(--highlight-default)"&gt;$query&lt;/span&gt;&lt;span style="color: var(--highlight-keyword)"&gt;);&lt;/span&gt;&lt;/code&gt;&lt;/li&gt;
&lt;li&gt;&lt;code&gt;&lt;span style="color: var(--highlight-keyword)"&gt;&lt;/span&gt;&lt;/code&gt;&lt;/li&gt;
&lt;li&gt;&lt;code&gt;&lt;span style="color: var(--highlight-keyword)"&gt;&amp;nbsp;&amp;nbsp;&amp;nbsp;&amp;nbsp;&amp;nbsp;&amp;nbsp;&amp;nbsp;&amp;nbsp;&amp;nbsp;&amp;nbsp;&amp;nbsp;&amp;nbsp;case&amp;nbsp;&lt;/span&gt;&lt;span style="color: var(--highlight-default)"&gt;2006&lt;/span&gt;&lt;span style="color: var(--highlight-keyword)"&gt;:&lt;/span&gt;&lt;/code&gt;&lt;/li&gt;
&lt;li&gt;&lt;code&gt;&lt;span style="color: var(--highlight-keyword)"&gt;&amp;nbsp;&amp;nbsp;&amp;nbsp;&amp;nbsp;&amp;nbsp;&amp;nbsp;&amp;nbsp;&amp;nbsp;&amp;nbsp;&amp;nbsp;&amp;nbsp;&amp;nbsp;&amp;nbsp;&amp;nbsp;&amp;nbsp;&amp;nbsp;return&amp;nbsp;new&amp;nbsp;&lt;/span&gt;&lt;span style="color: var(--highlight-default)"&gt;ConnectionLost&lt;/span&gt;&lt;span style="color: var(--highlight-keyword)"&gt;(&lt;/span&gt;&lt;span style="color: var(--highlight-default)"&gt;$exception&lt;/span&gt;&lt;span style="color: var(--highlight-keyword)"&gt;,&amp;nbsp;&lt;/span&gt;&lt;span style="color: var(--highlight-default)"&gt;$query&lt;/span&gt;&lt;span style="color: var(--highlight-keyword)"&gt;);&lt;/span&gt;&lt;/code&gt;&lt;/li&gt;
&lt;li&gt;&lt;code&gt;&lt;span style="color: var(--highlight-keyword)"&gt;&lt;/span&gt;&lt;/code&gt;&lt;/li&gt;
&lt;li&gt;&lt;code&gt;&lt;span style="color: var(--highlight-keyword)"&gt;&amp;nbsp;&amp;nbsp;&amp;nbsp;&amp;nbsp;&amp;nbsp;&amp;nbsp;&amp;nbsp;&amp;nbsp;&amp;nbsp;&amp;nbsp;&amp;nbsp;&amp;nbsp;case&amp;nbsp;&lt;/span&gt;&lt;span style="color: var(--highlight-default)"&gt;1048&lt;/span&gt;&lt;span style="color: var(--highlight-keyword)"&gt;:&lt;/span&gt;&lt;/code&gt;&lt;/li&gt;&lt;/ol&gt;    &lt;/div&gt;            &lt;/div&gt;
                        &lt;div class="trace-line "&gt;
                &lt;div class="trace-line-header break-long-words sf-toggle" data-toggle-selector="#trace-html-1-1" data-toggle-initial=""&gt;
            &lt;span class="icon icon-close"&gt;&lt;svg width="1792" height="1792" viewBox="0 0 1792 1792" xmlns="http://www.w3.org/2000/svg"&gt;&lt;path d="M1408 960V832q0-26-19-45t-45-19H448q-26 0-45 19t-19 45v128q0 26 19 45t45 19h896q26 0 45-19t19-45zm256-544v960q0 119-84.5 203.5T1376 1664H416q-119 0-203.5-84.5T128 1376V416q0-119 84.5-203.5T416 128h960q119 0 203.5 84.5T1664 416z"/&gt;&lt;/svg&gt;&lt;/span&gt;
        &lt;span class="icon icon-open"&gt;&lt;svg width="1792" height="1792" viewBox="0 0 1792 1792" xmlns="http://www.w3.org/2000/svg"&gt;&lt;path d="M1408 960V832q0-26-19-45t-45-19h-320V448q0-26-19-45t-45-19H832q-26 0-45 19t-19 45v320H448q-26 0-45 19t-19 45v128q0 26 19 45t45 19h320v320q0 26 19 45t45 19h128q26 0 45-19t19-45v-320h320q26 0 45-19t19-45zm256-544v960q0 119-84.5 203.5T1376 1664H416q-119 0-203.5-84.5T128 1376V416q0-119 84.5-203.5T416 128h960q119 0 203.5 84.5T1664 416z"/&gt;&lt;/svg&gt;&lt;/span&gt;
    
            &lt;span class="trace-class"&gt;&lt;abbr title="Doctrine\DBAL\Driver\API\MySQL\ExceptionConverter"&gt;ExceptionConverter&lt;/abbr&gt;&lt;/span&gt;&lt;span class="trace-type"&gt;-&gt;&lt;/span&gt;&lt;span class="trace-method"&gt;convert&lt;/span&gt;&lt;span class="trace-arguments"&gt;()&lt;/span&gt;    
                    &lt;span class="block trace-file-path"&gt;
            in
            &lt;a href=""&gt;
                C:\Users\eman\Documents\GitHub\car_dealer\vendor\doctrine\dbal\src\&lt;strong&gt;Connection.php&lt;/strong&gt;
            &lt;/a&gt;
                        (line 1768)
            &lt;span class="icon icon-copy hidden" data-clipboard-text="C:\Users\eman\Documents\GitHub\car_dealer\vendor\doctrine\dbal\src\Connection.php:1768"&gt;
                &lt;svg xmlns="http://www.w3.org/2000/svg" height="24" viewBox="0 0 24 24" width="24"&gt;&lt;path d="M0 0h24v24H0z" fill="none"/&gt;&lt;path d="M16 1H4c-1.1 0-2 .9-2 2v14h2V3h12V1zm3 4H8c-1.1 0-2 .9-2 2v14c0 1.1.9 2 2 2h11c1.1 0 2-.9 2-2V7c0-1.1-.9-2-2-2zm0 16H8V7h11v14z"/&gt;&lt;/svg&gt;            &lt;/span&gt;
        &lt;/span&gt;
    &lt;/div&gt;
    &lt;div id="trace-html-1-1" class="trace-code sf-toggle-content"&gt;
        &lt;ol start="1763"&gt;&lt;li&gt;&lt;code&gt;&lt;span style="color: var(--highlight-default)"&gt;&amp;nbsp;&amp;nbsp;&amp;nbsp;&amp;nbsp;&lt;/span&gt;&lt;span style="color: var(--highlight-keyword)"&gt;):&amp;nbsp;&lt;/span&gt;&lt;span style="color: var(--highlight-default)"&gt;DriverException&amp;nbsp;&lt;/span&gt;&lt;span style="color: var(--highlight-keyword)"&gt;{&lt;/span&gt;&lt;/code&gt;&lt;/li&gt;
&lt;li&gt;&lt;code&gt;&lt;span style="color: var(--highlight-keyword)"&gt;&amp;nbsp;&amp;nbsp;&amp;nbsp;&amp;nbsp;&amp;nbsp;&amp;nbsp;&amp;nbsp;&amp;nbsp;if&amp;nbsp;(&lt;/span&gt;&lt;span style="color: var(--highlight-default)"&gt;$this&lt;/span&gt;&lt;span style="color: var(--highlight-keyword)"&gt;-&amp;gt;&lt;/span&gt;&lt;span style="color: var(--highlight-default)"&gt;exceptionConverter&amp;nbsp;&lt;/span&gt;&lt;span style="color: var(--highlight-keyword)"&gt;===&amp;nbsp;&lt;/span&gt;&lt;span style="color: var(--highlight-default)"&gt;null&lt;/span&gt;&lt;span style="color: var(--highlight-keyword)"&gt;)&amp;nbsp;{&lt;/span&gt;&lt;/code&gt;&lt;/li&gt;
&lt;li&gt;&lt;code&gt;&lt;span style="color: var(--highlight-keyword)"&gt;&amp;nbsp;&amp;nbsp;&amp;nbsp;&amp;nbsp;&amp;nbsp;&amp;nbsp;&amp;nbsp;&amp;nbsp;&amp;nbsp;&amp;nbsp;&amp;nbsp;&amp;nbsp;&lt;/span&gt;&lt;span style="color: var(--highlight-default)"&gt;$this&lt;/span&gt;&lt;span style="color: var(--highlight-keyword)"&gt;-&amp;gt;&lt;/span&gt;&lt;span style="color: var(--highlight-default)"&gt;exceptionConverter&amp;nbsp;&lt;/span&gt;&lt;span style="color: var(--highlight-keyword)"&gt;=&amp;nbsp;&lt;/span&gt;&lt;span style="color: var(--highlight-default)"&gt;$this&lt;/span&gt;&lt;span style="color: var(--highlight-keyword)"&gt;-&amp;gt;&lt;/span&gt;&lt;span style="color: var(--highlight-default)"&gt;_driver&lt;/span&gt;&lt;span style="color: var(--highlight-keyword)"&gt;-&amp;gt;&lt;/span&gt;&lt;span style="color: var(--highlight-default)"&gt;getExceptionConverter&lt;/span&gt;&lt;span style="color: var(--highlight-keyword)"&gt;();&lt;/span&gt;&lt;/code&gt;&lt;/li&gt;
&lt;li&gt;&lt;code&gt;&lt;span style="color: var(--highlight-keyword)"&gt;&amp;nbsp;&amp;nbsp;&amp;nbsp;&amp;nbsp;&amp;nbsp;&amp;nbsp;&amp;nbsp;&amp;nbsp;}&lt;/span&gt;&lt;/code&gt;&lt;/li&gt;
&lt;li&gt;&lt;code&gt;&lt;span style="color: var(--highlight-keyword)"&gt;&lt;/span&gt;&lt;/code&gt;&lt;/li&gt;
&lt;li class="selected"&gt;&lt;code&gt;&lt;span style="color: var(--highlight-keyword)"&gt;&amp;nbsp;&amp;nbsp;&amp;nbsp;&amp;nbsp;&amp;nbsp;&amp;nbsp;&amp;nbsp;&amp;nbsp;&lt;/span&gt;&lt;span style="color: var(--highlight-default)"&gt;$exception&amp;nbsp;&lt;/span&gt;&lt;span style="color: var(--highlight-keyword)"&gt;=&amp;nbsp;&lt;/span&gt;&lt;span style="color: var(--highlight-default)"&gt;$this&lt;/span&gt;&lt;span style="color: var(--highlight-keyword)"&gt;-&amp;gt;&lt;/span&gt;&lt;span style="color: var(--highlight-default)"&gt;exceptionConverter&lt;/span&gt;&lt;span style="color: var(--highlight-keyword)"&gt;-&amp;gt;&lt;/span&gt;&lt;span style="color: var(--highlight-default)"&gt;convert&lt;/span&gt;&lt;span style="color: var(--highlight-keyword)"&gt;(&lt;/span&gt;&lt;span style="color: var(--highlight-default)"&gt;$driverException&lt;/span&gt;&lt;span style="color: var(--highlight-keyword)"&gt;,&amp;nbsp;&lt;/span&gt;&lt;span style="color: var(--highlight-default)"&gt;$query&lt;/span&gt;&lt;span style="color: var(--highlight-keyword)"&gt;);&lt;/span&gt;&lt;/code&gt;&lt;/li&gt;
&lt;li&gt;&lt;code&gt;&lt;span style="color: var(--highlight-keyword)"&gt;&lt;/span&gt;&lt;/code&gt;&lt;/li&gt;
&lt;li&gt;&lt;code&gt;&lt;span style="color: var(--highlight-keyword)"&gt;&amp;nbsp;&amp;nbsp;&amp;nbsp;&amp;nbsp;&amp;nbsp;&amp;nbsp;&amp;nbsp;&amp;nbsp;if&amp;nbsp;(&lt;/span&gt;&lt;span style="color: var(--highlight-default)"&gt;$exception&amp;nbsp;&lt;/span&gt;&lt;span style="color: var(--highlight-keyword)"&gt;instanceof&amp;nbsp;&lt;/span&gt;&lt;span style="color: var(--highlight-default)"&gt;ConnectionLost&lt;/span&gt;&lt;span style="color: var(--highlight-keyword)"&gt;)&amp;nbsp;{&lt;/span&gt;&lt;/code&gt;&lt;/li&gt;
&lt;li&gt;&lt;code&gt;&lt;span style="color: var(--highlight-keyword)"&gt;&amp;nbsp;&amp;nbsp;&amp;nbsp;&amp;nbsp;&amp;nbsp;&amp;nbsp;&amp;nbsp;&amp;nbsp;&amp;nbsp;&amp;nbsp;&amp;nbsp;&amp;nbsp;&lt;/span&gt;&lt;span style="color: var(--highlight-default)"&gt;$this&lt;/span&gt;&lt;span style="color: var(--highlight-keyword)"&gt;-&amp;gt;&lt;/span&gt;&lt;span style="color: var(--highlight-default)"&gt;close&lt;/span&gt;&lt;span style="color: var(--highlight-keyword)"&gt;();&lt;/span&gt;&lt;/code&gt;&lt;/li&gt;
&lt;li&gt;&lt;code&gt;&lt;span style="color: var(--highlight-keyword)"&gt;&amp;nbsp;&amp;nbsp;&amp;nbsp;&amp;nbsp;&amp;nbsp;&amp;nbsp;&amp;nbsp;&amp;nbsp;}&lt;/span&gt;&lt;/code&gt;&lt;/li&gt;
&lt;li&gt;&lt;code&gt;&lt;span style="color: var(--highlight-keyword)"&gt;&lt;/span&gt;&lt;/code&gt;&lt;/li&gt;&lt;/ol&gt;    &lt;/div&gt;            &lt;/div&gt;
                        &lt;div class="trace-line "&gt;
                &lt;div class="trace-line-header break-long-words sf-toggle" data-toggle-selector="#trace-html-1-2" data-toggle-initial=""&gt;
            &lt;span class="icon icon-close"&gt;&lt;svg width="1792" height="1792" viewBox="0 0 1792 1792" xmlns="http://www.w3.org/2000/svg"&gt;&lt;path d="M1408 960V832q0-26-19-45t-45-19H448q-26 0-45 19t-19 45v128q0 26 19 45t45 19h896q26 0 45-19t19-45zm256-544v960q0 119-84.5 203.5T1376 1664H416q-119 0-203.5-84.5T128 1376V416q0-119 84.5-203.5T416 128h960q119 0 203.5 84.5T1664 416z"/&gt;&lt;/svg&gt;&lt;/span&gt;
        &lt;span class="icon icon-open"&gt;&lt;svg width="1792" height="1792" viewBox="0 0 1792 1792" xmlns="http://www.w3.org/2000/svg"&gt;&lt;path d="M1408 960V832q0-26-19-45t-45-19h-320V448q0-26-19-45t-45-19H832q-26 0-45 19t-19 45v320H448q-26 0-45 19t-19 45v128q0 26 19 45t45 19h320v320q0 26 19 45t45 19h128q26 0 45-19t19-45v-320h320q26 0 45-19t19-45zm256-544v960q0 119-84.5 203.5T1376 1664H416q-119 0-203.5-84.5T128 1376V416q0-119 84.5-203.5T416 128h960q119 0 203.5 84.5T1664 416z"/&gt;&lt;/svg&gt;&lt;/span&gt;
    
            &lt;span class="trace-class"&gt;&lt;abbr title="Doctrine\DBAL\Connection"&gt;Connection&lt;/abbr&gt;&lt;/span&gt;&lt;span class="trace-type"&gt;-&gt;&lt;/span&gt;&lt;span class="trace-method"&gt;handleDriverException&lt;/span&gt;&lt;span class="trace-arguments"&gt;()&lt;/span&gt;    
                    &lt;span class="block trace-file-path"&gt;
            in
            &lt;a href=""&gt;
                C:\Users\eman\Documents\GitHub\car_dealer\vendor\doctrine\dbal\src\&lt;strong&gt;Connection.php&lt;/strong&gt;
            &lt;/a&gt;
                        (line 1715)
            &lt;span class="icon icon-copy hidden" data-clipboard-text="C:\Users\eman\Documents\GitHub\car_dealer\vendor\doctrine\dbal\src\Connection.php:1715"&gt;
                &lt;svg xmlns="http://www.w3.org/2000/svg" height="24" viewBox="0 0 24 24" width="24"&gt;&lt;path d="M0 0h24v24H0z" fill="none"/&gt;&lt;path d="M16 1H4c-1.1 0-2 .9-2 2v14h2V3h12V1zm3 4H8c-1.1 0-2 .9-2 2v14c0 1.1.9 2 2 2h11c1.1 0 2-.9 2-2V7c0-1.1-.9-2-2-2zm0 16H8V7h11v14z"/&gt;&lt;/svg&gt;            &lt;/span&gt;
        &lt;/span&gt;
    &lt;/div&gt;
    &lt;div id="trace-html-1-2" class="trace-code sf-toggle-content"&gt;
        &lt;ol start="1710"&gt;&lt;li&gt;&lt;code&gt;&lt;span style="color: var(--highlight-keyword)"&gt;&amp;nbsp;&amp;nbsp;&amp;nbsp;&amp;nbsp;&lt;/span&gt;&lt;span style="color: var(--highlight-comment)"&gt;/**&lt;/span&gt;&lt;/code&gt;&lt;/li&gt;
&lt;li&gt;&lt;code&gt;&lt;span style="color: var(--highlight-comment)"&gt;&amp;nbsp;&amp;nbsp;&amp;nbsp;&amp;nbsp;&amp;nbsp;*&amp;nbsp;@internal&lt;/span&gt;&lt;/code&gt;&lt;/li&gt;
&lt;li&gt;&lt;code&gt;&lt;span style="color: var(--highlight-comment)"&gt;&amp;nbsp;&amp;nbsp;&amp;nbsp;&amp;nbsp;&amp;nbsp;*/&lt;/span&gt;&lt;/code&gt;&lt;/li&gt;
&lt;li&gt;&lt;code&gt;&lt;span style="color: var(--highlight-comment)"&gt;&amp;nbsp;&amp;nbsp;&amp;nbsp;&amp;nbsp;&lt;/span&gt;&lt;span style="color: var(--highlight-keyword)"&gt;final&amp;nbsp;public&amp;nbsp;function&amp;nbsp;&lt;/span&gt;&lt;span style="color: var(--highlight-default)"&gt;convertException&lt;/span&gt;&lt;span style="color: var(--highlight-keyword)"&gt;(&lt;/span&gt;&lt;span style="color: var(--highlight-default)"&gt;Driver\Exception&amp;nbsp;$e&lt;/span&gt;&lt;span style="color: var(--highlight-keyword)"&gt;):&amp;nbsp;&lt;/span&gt;&lt;span style="color: var(--highlight-default)"&gt;DriverException&lt;/span&gt;&lt;/code&gt;&lt;/li&gt;
&lt;li&gt;&lt;code&gt;&lt;span style="color: var(--highlight-default)"&gt;&amp;nbsp;&amp;nbsp;&amp;nbsp;&amp;nbsp;&lt;/span&gt;&lt;span style="color: var(--highlight-keyword)"&gt;{&lt;/span&gt;&lt;/code&gt;&lt;/li&gt;
&lt;li class="selected"&gt;&lt;code&gt;&lt;span style="color: var(--highlight-keyword)"&gt;&amp;nbsp;&amp;nbsp;&amp;nbsp;&amp;nbsp;&amp;nbsp;&amp;nbsp;&amp;nbsp;&amp;nbsp;return&amp;nbsp;&lt;/span&gt;&lt;span style="color: var(--highlight-default)"&gt;$this&lt;/span&gt;&lt;span style="color: var(--highlight-keyword)"&gt;-&amp;gt;&lt;/span&gt;&lt;span style="color: var(--highlight-default)"&gt;handleDriverException&lt;/span&gt;&lt;span style="color: var(--highlight-keyword)"&gt;(&lt;/span&gt;&lt;span style="color: var(--highlight-default)"&gt;$e&lt;/span&gt;&lt;span style="color: var(--highlight-keyword)"&gt;,&amp;nbsp;&lt;/span&gt;&lt;span style="color: var(--highlight-default)"&gt;null&lt;/span&gt;&lt;span style="color: var(--highlight-keyword)"&gt;);&lt;/span&gt;&lt;/code&gt;&lt;/li&gt;
&lt;li&gt;&lt;code&gt;&lt;span style="color: var(--highlight-keyword)"&gt;&amp;nbsp;&amp;nbsp;&amp;nbsp;&amp;nbsp;}&lt;/span&gt;&lt;/code&gt;&lt;/li&gt;
&lt;li&gt;&lt;code&gt;&lt;span style="color: var(--highlight-keyword)"&gt;&lt;/span&gt;&lt;/code&gt;&lt;/li&gt;
&lt;li&gt;&lt;code&gt;&lt;span style="color: var(--highlight-keyword)"&gt;&amp;nbsp;&amp;nbsp;&amp;nbsp;&amp;nbsp;&lt;/span&gt;&lt;span style="color: var(--highlight-comment)"&gt;/**&lt;/span&gt;&lt;/code&gt;&lt;/li&gt;
&lt;li&gt;&lt;code&gt;&lt;span style="color: var(--highlight-comment)"&gt;&amp;nbsp;&amp;nbsp;&amp;nbsp;&amp;nbsp;&amp;nbsp;*&amp;nbsp;@param&amp;nbsp;array&amp;lt;int,&amp;nbsp;mixed&amp;gt;|array&amp;lt;string,&amp;nbsp;mixed&amp;gt;&amp;nbsp;&amp;nbsp;&amp;nbsp;&amp;nbsp;&amp;nbsp;&amp;nbsp;&amp;nbsp;&amp;nbsp;&amp;nbsp;&amp;nbsp;&amp;nbsp;&amp;nbsp;&amp;nbsp;&amp;nbsp;&amp;nbsp;&amp;nbsp;&amp;nbsp;&amp;nbsp;&amp;nbsp;&amp;nbsp;&amp;nbsp;&amp;nbsp;&amp;nbsp;&amp;nbsp;&amp;nbsp;&amp;nbsp;&amp;nbsp;&amp;nbsp;&amp;nbsp;&amp;nbsp;&amp;nbsp;$params&lt;/span&gt;&lt;/code&gt;&lt;/li&gt;
&lt;li&gt;&lt;code&gt;&lt;span style="color: var(--highlight-comment)"&gt;&amp;nbsp;&amp;nbsp;&amp;nbsp;&amp;nbsp;&amp;nbsp;*&amp;nbsp;@param&amp;nbsp;array&amp;lt;int,&amp;nbsp;int|string|Type|null&amp;gt;|array&amp;lt;string,&amp;nbsp;int|string|Type|null&amp;gt;&amp;nbsp;$types&lt;/span&gt;&lt;/code&gt;&lt;/li&gt;&lt;/ol&gt;    &lt;/div&gt;            &lt;/div&gt;
                        &lt;div class="trace-line "&gt;
                &lt;div class="trace-line-header break-long-words sf-toggle" data-toggle-selector="#trace-html-1-3" data-toggle-initial=""&gt;
            &lt;span class="icon icon-close"&gt;&lt;svg width="1792" height="1792" viewBox="0 0 1792 1792" xmlns="http://www.w3.org/2000/svg"&gt;&lt;path d="M1408 960V832q0-26-19-45t-45-19H448q-26 0-45 19t-19 45v128q0 26 19 45t45 19h896q26 0 45-19t19-45zm256-544v960q0 119-84.5 203.5T1376 1664H416q-119 0-203.5-84.5T128 1376V416q0-119 84.5-203.5T416 128h960q119 0 203.5 84.5T1664 416z"/&gt;&lt;/svg&gt;&lt;/span&gt;
        &lt;span class="icon icon-open"&gt;&lt;svg width="1792" height="1792" viewBox="0 0 1792 1792" xmlns="http://www.w3.org/2000/svg"&gt;&lt;path d="M1408 960V832q0-26-19-45t-45-19h-320V448q0-26-19-45t-45-19H832q-26 0-45 19t-19 45v320H448q-26 0-45 19t-19 45v128q0 26 19 45t45 19h320v320q0 26 19 45t45 19h128q26 0 45-19t19-45v-320h320q26 0 45-19t19-45zm256-544v960q0 119-84.5 203.5T1376 1664H416q-119 0-203.5-84.5T128 1376V416q0-119 84.5-203.5T416 128h960q119 0 203.5 84.5T1664 416z"/&gt;&lt;/svg&gt;&lt;/span&gt;
    
            &lt;span class="trace-class"&gt;&lt;abbr title="Doctrine\DBAL\Connection"&gt;Connection&lt;/abbr&gt;&lt;/span&gt;&lt;span class="trace-type"&gt;-&gt;&lt;/span&gt;&lt;span class="trace-method"&gt;convertException&lt;/span&gt;&lt;span class="trace-arguments"&gt;()&lt;/span&gt;    
                    &lt;span class="block trace-file-path"&gt;
            in
            &lt;a href=""&gt;
                C:\Users\eman\Documents\GitHub\car_dealer\vendor\doctrine\dbal\src\&lt;strong&gt;Connection.php&lt;/strong&gt;
            &lt;/a&gt;
                        (line 327)
            &lt;span class="icon icon-copy hidden" data-clipboard-text="C:\Users\eman\Documents\GitHub\car_dealer\vendor\doctrine\dbal\src\Connection.php:327"&gt;
                &lt;svg xmlns="http://www.w3.org/2000/svg" height="24" viewBox="0 0 24 24" width="24"&gt;&lt;path d="M0 0h24v24H0z" fill="none"/&gt;&lt;path d="M16 1H4c-1.1 0-2 .9-2 2v14h2V3h12V1zm3 4H8c-1.1 0-2 .9-2 2v14c0 1.1.9 2 2 2h11c1.1 0 2-.9 2-2V7c0-1.1-.9-2-2-2zm0 16H8V7h11v14z"/&gt;&lt;/svg&gt;            &lt;/span&gt;
        &lt;/span&gt;
    &lt;/div&gt;
    &lt;div id="trace-html-1-3" class="trace-code sf-toggle-content"&gt;
        &lt;ol start="322"&gt;&lt;li&gt;&lt;code&gt;&lt;span style="color: var(--highlight-keyword)"&gt;&amp;nbsp;&amp;nbsp;&amp;nbsp;&amp;nbsp;&amp;nbsp;&amp;nbsp;&amp;nbsp;&amp;nbsp;}&lt;/span&gt;&lt;/code&gt;&lt;/li&gt;
&lt;li&gt;&lt;code&gt;&lt;span style="color: var(--highlight-keyword)"&gt;&lt;/span&gt;&lt;/code&gt;&lt;/li&gt;
&lt;li&gt;&lt;code&gt;&lt;span style="color: var(--highlight-keyword)"&gt;&amp;nbsp;&amp;nbsp;&amp;nbsp;&amp;nbsp;&amp;nbsp;&amp;nbsp;&amp;nbsp;&amp;nbsp;try&amp;nbsp;{&lt;/span&gt;&lt;/code&gt;&lt;/li&gt;
&lt;li&gt;&lt;code&gt;&lt;span style="color: var(--highlight-keyword)"&gt;&amp;nbsp;&amp;nbsp;&amp;nbsp;&amp;nbsp;&amp;nbsp;&amp;nbsp;&amp;nbsp;&amp;nbsp;&amp;nbsp;&amp;nbsp;&amp;nbsp;&amp;nbsp;&lt;/span&gt;&lt;span style="color: var(--highlight-default)"&gt;$this&lt;/span&gt;&lt;span style="color: var(--highlight-keyword)"&gt;-&amp;gt;&lt;/span&gt;&lt;span style="color: var(--highlight-default)"&gt;_conn&amp;nbsp;&lt;/span&gt;&lt;span style="color: var(--highlight-keyword)"&gt;=&amp;nbsp;&lt;/span&gt;&lt;span style="color: var(--highlight-default)"&gt;$this&lt;/span&gt;&lt;span style="color: var(--highlight-keyword)"&gt;-&amp;gt;&lt;/span&gt;&lt;span style="color: var(--highlight-default)"&gt;_driver&lt;/span&gt;&lt;span style="color: var(--highlight-keyword)"&gt;-&amp;gt;&lt;/span&gt;&lt;span style="color: var(--highlight-default)"&gt;connect&lt;/span&gt;&lt;span style="color: var(--highlight-keyword)"&gt;(&lt;/span&gt;&lt;span style="color: var(--highlight-default)"&gt;$this&lt;/span&gt;&lt;span style="color: var(--highlight-keyword)"&gt;-&amp;gt;&lt;/span&gt;&lt;span style="color: var(--highlight-default)"&gt;params&lt;/span&gt;&lt;span style="color: var(--highlight-keyword)"&gt;);&lt;/span&gt;&lt;/code&gt;&lt;/li&gt;
&lt;li&gt;&lt;code&gt;&lt;span style="color: var(--highlight-keyword)"&gt;&amp;nbsp;&amp;nbsp;&amp;nbsp;&amp;nbsp;&amp;nbsp;&amp;nbsp;&amp;nbsp;&amp;nbsp;}&amp;nbsp;catch&amp;nbsp;(&lt;/span&gt;&lt;span style="color: var(--highlight-default)"&gt;Driver\Exception&amp;nbsp;$e&lt;/span&gt;&lt;span style="color: var(--highlight-keyword)"&gt;)&amp;nbsp;{&lt;/span&gt;&lt;/code&gt;&lt;/li&gt;
&lt;li class="selected"&gt;&lt;code&gt;&lt;span style="color: var(--highlight-keyword)"&gt;&amp;nbsp;&amp;nbsp;&amp;nbsp;&amp;nbsp;&amp;nbsp;&amp;nbsp;&amp;nbsp;&amp;nbsp;&amp;nbsp;&amp;nbsp;&amp;nbsp;&amp;nbsp;throw&amp;nbsp;&lt;/span&gt;&lt;span style="color: var(--highlight-default)"&gt;$this&lt;/span&gt;&lt;span style="color: var(--highlight-keyword)"&gt;-&amp;gt;&lt;/span&gt;&lt;span style="color: var(--highlight-default)"&gt;convertException&lt;/span&gt;&lt;span style="color: var(--highlight-keyword)"&gt;(&lt;/span&gt;&lt;span style="color: var(--highlight-default)"&gt;$e&lt;/span&gt;&lt;span style="color: var(--highlight-keyword)"&gt;);&lt;/span&gt;&lt;/code&gt;&lt;/li&gt;
&lt;li&gt;&lt;code&gt;&lt;span style="color: var(--highlight-keyword)"&gt;&amp;nbsp;&amp;nbsp;&amp;nbsp;&amp;nbsp;&amp;nbsp;&amp;nbsp;&amp;nbsp;&amp;nbsp;}&lt;/span&gt;&lt;/code&gt;&lt;/li&gt;
&lt;li&gt;&lt;code&gt;&lt;span style="color: var(--highlight-keyword)"&gt;&lt;/span&gt;&lt;/code&gt;&lt;/li&gt;
&lt;li&gt;&lt;code&gt;&lt;span style="color: var(--highlight-keyword)"&gt;&amp;nbsp;&amp;nbsp;&amp;nbsp;&amp;nbsp;&amp;nbsp;&amp;nbsp;&amp;nbsp;&amp;nbsp;if&amp;nbsp;(&lt;/span&gt;&lt;span style="color: var(--highlight-default)"&gt;$this&lt;/span&gt;&lt;span style="color: var(--highlight-keyword)"&gt;-&amp;gt;&lt;/span&gt;&lt;span style="color: var(--highlight-default)"&gt;autoCommit&amp;nbsp;&lt;/span&gt;&lt;span style="color: var(--highlight-keyword)"&gt;===&amp;nbsp;&lt;/span&gt;&lt;span style="color: var(--highlight-default)"&gt;false&lt;/span&gt;&lt;span style="color: var(--highlight-keyword)"&gt;)&amp;nbsp;{&lt;/span&gt;&lt;/code&gt;&lt;/li&gt;
&lt;li&gt;&lt;code&gt;&lt;span style="color: var(--highlight-keyword)"&gt;&amp;nbsp;&amp;nbsp;&amp;nbsp;&amp;nbsp;&amp;nbsp;&amp;nbsp;&amp;nbsp;&amp;nbsp;&amp;nbsp;&amp;nbsp;&amp;nbsp;&amp;nbsp;&lt;/span&gt;&lt;span style="color: var(--highlight-default)"&gt;$this&lt;/span&gt;&lt;span style="color: var(--highlight-keyword)"&gt;-&amp;gt;&lt;/span&gt;&lt;span style="color: var(--highlight-default)"&gt;beginTransaction&lt;/span&gt;&lt;span style="color: var(--highlight-keyword)"&gt;();&lt;/span&gt;&lt;/code&gt;&lt;/li&gt;
&lt;li&gt;&lt;code&gt;&lt;span style="color: var(--highlight-keyword)"&gt;&amp;nbsp;&amp;nbsp;&amp;nbsp;&amp;nbsp;&amp;nbsp;&amp;nbsp;&amp;nbsp;&amp;nbsp;}&lt;/span&gt;&lt;/code&gt;&lt;/li&gt;&lt;/ol&gt;    &lt;/div&gt;            &lt;/div&gt;
                        &lt;div class="trace-line "&gt;
                &lt;div class="trace-line-header break-long-words sf-toggle" data-toggle-selector="#trace-html-1-4" data-toggle-initial=""&gt;
            &lt;span class="icon icon-close"&gt;&lt;svg width="1792" height="1792" viewBox="0 0 1792 1792" xmlns="http://www.w3.org/2000/svg"&gt;&lt;path d="M1408 960V832q0-26-19-45t-45-19H448q-26 0-45 19t-19 45v128q0 26 19 45t45 19h896q26 0 45-19t19-45zm256-544v960q0 119-84.5 203.5T1376 1664H416q-119 0-203.5-84.5T128 1376V416q0-119 84.5-203.5T416 128h960q119 0 203.5 84.5T1664 416z"/&gt;&lt;/svg&gt;&lt;/span&gt;
        &lt;span class="icon icon-open"&gt;&lt;svg width="1792" height="1792" viewBox="0 0 1792 1792" xmlns="http://www.w3.org/2000/svg"&gt;&lt;path d="M1408 960V832q0-26-19-45t-45-19h-320V448q0-26-19-45t-45-19H832q-26 0-45 19t-19 45v320H448q-26 0-45 19t-19 45v128q0 26 19 45t45 19h320v320q0 26 19 45t45 19h128q26 0 45-19t19-45v-320h320q26 0 45-19t19-45zm256-544v960q0 119-84.5 203.5T1376 1664H416q-119 0-203.5-84.5T128 1376V416q0-119 84.5-203.5T416 128h960q119 0 203.5 84.5T1664 416z"/&gt;&lt;/svg&gt;&lt;/span&gt;
    
            &lt;span class="trace-class"&gt;&lt;abbr title="Doctrine\DBAL\Connection"&gt;Connection&lt;/abbr&gt;&lt;/span&gt;&lt;span class="trace-type"&gt;-&gt;&lt;/span&gt;&lt;span class="trace-method"&gt;connect&lt;/span&gt;&lt;span class="trace-arguments"&gt;()&lt;/span&gt;    
                    &lt;span class="block trace-file-path"&gt;
            in
            &lt;a href=""&gt;
                C:\Users\eman\Documents\GitHub\car_dealer\vendor\doctrine\dbal\src\&lt;strong&gt;Connection.php&lt;/strong&gt;
            &lt;/a&gt;
                        (line 1507)
            &lt;span class="icon icon-copy hidden" data-clipboard-text="C:\Users\eman\Documents\GitHub\car_dealer\vendor\doctrine\dbal\src\Connection.php:1507"&gt;
                &lt;svg xmlns="http://www.w3.org/2000/svg" height="24" viewBox="0 0 24 24" width="24"&gt;&lt;path d="M0 0h24v24H0z" fill="none"/&gt;&lt;path d="M16 1H4c-1.1 0-2 .9-2 2v14h2V3h12V1zm3 4H8c-1.1 0-2 .9-2 2v14c0 1.1.9 2 2 2h11c1.1 0 2-.9 2-2V7c0-1.1-.9-2-2-2zm0 16H8V7h11v14z"/&gt;&lt;/svg&gt;            &lt;/span&gt;
        &lt;/span&gt;
    &lt;/div&gt;
    &lt;div id="trace-html-1-4" class="trace-code sf-toggle-content"&gt;
        &lt;ol start="1502"&gt;&lt;li&gt;&lt;code&gt;&lt;span style="color: var(--highlight-comment)"&gt;&amp;nbsp;&amp;nbsp;&amp;nbsp;&amp;nbsp;&amp;nbsp;*&lt;/span&gt;&lt;/code&gt;&lt;/li&gt;
&lt;li&gt;&lt;code&gt;&lt;span style="color: var(--highlight-comment)"&gt;&amp;nbsp;&amp;nbsp;&amp;nbsp;&amp;nbsp;&amp;nbsp;*&amp;nbsp;@throws&amp;nbsp;Exception&lt;/span&gt;&lt;/code&gt;&lt;/li&gt;
&lt;li&gt;&lt;code&gt;&lt;span style="color: var(--highlight-comment)"&gt;&amp;nbsp;&amp;nbsp;&amp;nbsp;&amp;nbsp;&amp;nbsp;*/&lt;/span&gt;&lt;/code&gt;&lt;/li&gt;
&lt;li&gt;&lt;code&gt;&lt;span style="color: var(--highlight-comment)"&gt;&amp;nbsp;&amp;nbsp;&amp;nbsp;&amp;nbsp;&lt;/span&gt;&lt;span style="color: var(--highlight-keyword)"&gt;public&amp;nbsp;function&amp;nbsp;&lt;/span&gt;&lt;span style="color: var(--highlight-default)"&gt;getWrappedConnection&lt;/span&gt;&lt;span style="color: var(--highlight-keyword)"&gt;()&lt;/span&gt;&lt;/code&gt;&lt;/li&gt;
&lt;li&gt;&lt;code&gt;&lt;span style="color: var(--highlight-keyword)"&gt;&amp;nbsp;&amp;nbsp;&amp;nbsp;&amp;nbsp;{&lt;/span&gt;&lt;/code&gt;&lt;/li&gt;
&lt;li class="selected"&gt;&lt;code&gt;&lt;span style="color: var(--highlight-keyword)"&gt;&amp;nbsp;&amp;nbsp;&amp;nbsp;&amp;nbsp;&amp;nbsp;&amp;nbsp;&amp;nbsp;&amp;nbsp;&lt;/span&gt;&lt;span style="color: var(--highlight-default)"&gt;$this&lt;/span&gt;&lt;span style="color: var(--highlight-keyword)"&gt;-&amp;gt;&lt;/span&gt;&lt;span style="color: var(--highlight-default)"&gt;connect&lt;/span&gt;&lt;span style="color: var(--highlight-keyword)"&gt;();&lt;/span&gt;&lt;/code&gt;&lt;/li&gt;
&lt;li&gt;&lt;code&gt;&lt;span style="color: var(--highlight-keyword)"&gt;&lt;/span&gt;&lt;/code&gt;&lt;/li&gt;
&lt;li&gt;&lt;code&gt;&lt;span style="color: var(--highlight-keyword)"&gt;&amp;nbsp;&amp;nbsp;&amp;nbsp;&amp;nbsp;&amp;nbsp;&amp;nbsp;&amp;nbsp;&amp;nbsp;&lt;/span&gt;&lt;span style="color: var(--highlight-default)"&gt;assert&lt;/span&gt;&lt;span style="color: var(--highlight-keyword)"&gt;(&lt;/span&gt;&lt;span style="color: var(--highlight-default)"&gt;$this&lt;/span&gt;&lt;span style="color: var(--highlight-keyword)"&gt;-&amp;gt;&lt;/span&gt;&lt;span style="color: var(--highlight-default)"&gt;_conn&amp;nbsp;&lt;/span&gt;&lt;span style="color: var(--highlight-keyword)"&gt;!==&amp;nbsp;&lt;/span&gt;&lt;span style="color: var(--highlight-default)"&gt;null&lt;/span&gt;&lt;span style="color: var(--highlight-keyword)"&gt;);&lt;/span&gt;&lt;/code&gt;&lt;/li&gt;
&lt;li&gt;&lt;code&gt;&lt;span style="color: var(--highlight-keyword)"&gt;&lt;/span&gt;&lt;/code&gt;&lt;/li&gt;
&lt;li&gt;&lt;code&gt;&lt;span style="color: var(--highlight-keyword)"&gt;&amp;nbsp;&amp;nbsp;&amp;nbsp;&amp;nbsp;&amp;nbsp;&amp;nbsp;&amp;nbsp;&amp;nbsp;return&amp;nbsp;&lt;/span&gt;&lt;span style="color: var(--highlight-default)"&gt;$this&lt;/span&gt;&lt;span style="color: var(--highlight-keyword)"&gt;-&amp;gt;&lt;/span&gt;&lt;span style="color: var(--highlight-default)"&gt;_conn&lt;/span&gt;&lt;span style="color: var(--highlight-keyword)"&gt;;&lt;/span&gt;&lt;/code&gt;&lt;/li&gt;
&lt;li&gt;&lt;code&gt;&lt;span style="color: var(--highlight-keyword)"&gt;&amp;nbsp;&amp;nbsp;&amp;nbsp;&amp;nbsp;}&lt;/span&gt;&lt;/code&gt;&lt;/li&gt;&lt;/ol&gt;    &lt;/div&gt;            &lt;/div&gt;
                        &lt;div class="trace-line "&gt;
                &lt;div class="trace-line-header break-long-words sf-toggle" data-toggle-selector="#trace-html-1-5" data-toggle-initial=""&gt;
            &lt;span class="icon icon-close"&gt;&lt;svg width="1792" height="1792" viewBox="0 0 1792 1792" xmlns="http://www.w3.org/2000/svg"&gt;&lt;path d="M1408 960V832q0-26-19-45t-45-19H448q-26 0-45 19t-19 45v128q0 26 19 45t45 19h896q26 0 45-19t19-45zm256-544v960q0 119-84.5 203.5T1376 1664H416q-119 0-203.5-84.5T128 1376V416q0-119 84.5-203.5T416 128h960q119 0 203.5 84.5T1664 416z"/&gt;&lt;/svg&gt;&lt;/span&gt;
        &lt;span class="icon icon-open"&gt;&lt;svg width="1792" height="1792" viewBox="0 0 1792 1792" xmlns="http://www.w3.org/2000/svg"&gt;&lt;path d="M1408 960V832q0-26-19-45t-45-19h-320V448q0-26-19-45t-45-19H832q-26 0-45 19t-19 45v320H448q-26 0-45 19t-19 45v128q0 26 19 45t45 19h320v320q0 26 19 45t45 19h128q26 0 45-19t19-45v-320h320q26 0 45-19t19-45zm256-544v960q0 119-84.5 203.5T1376 1664H416q-119 0-203.5-84.5T128 1376V416q0-119 84.5-203.5T416 128h960q119 0 203.5 84.5T1664 416z"/&gt;&lt;/svg&gt;&lt;/span&gt;
    
            &lt;span class="trace-class"&gt;&lt;abbr title="Doctrine\DBAL\Connection"&gt;Connection&lt;/abbr&gt;&lt;/span&gt;&lt;span class="trace-type"&gt;-&gt;&lt;/span&gt;&lt;span class="trace-method"&gt;getWrappedConnection&lt;/span&gt;&lt;span class="trace-arguments"&gt;()&lt;/span&gt;    
                    &lt;span class="block trace-file-path"&gt;
            in
            &lt;a href=""&gt;
                C:\Users\eman\Documents\GitHub\car_dealer\vendor\doctrine\dbal\src\&lt;strong&gt;Connection.php&lt;/strong&gt;
            &lt;/a&gt;
                        (line 1013)
            &lt;span class="icon icon-copy hidden" data-clipboard-text="C:\Users\eman\Documents\GitHub\car_dealer\vendor\doctrine\dbal\src\Connection.php:1013"&gt;
                &lt;svg xmlns="http://www.w3.org/2000/svg" height="24" viewBox="0 0 24 24" width="24"&gt;&lt;path d="M0 0h24v24H0z" fill="none"/&gt;&lt;path d="M16 1H4c-1.1 0-2 .9-2 2v14h2V3h12V1zm3 4H8c-1.1 0-2 .9-2 2v14c0 1.1.9 2 2 2h11c1.1 0 2-.9 2-2V7c0-1.1-.9-2-2-2zm0 16H8V7h11v14z"/&gt;&lt;/svg&gt;            &lt;/span&gt;
        &lt;/span&gt;
    &lt;/div&gt;
    &lt;div id="trace-html-1-5" class="trace-code sf-toggle-content"&gt;
        &lt;ol start="1008"&gt;&lt;li&gt;&lt;code&gt;&lt;span style="color: var(--highlight-default)"&gt;&amp;nbsp;&amp;nbsp;&amp;nbsp;&amp;nbsp;&lt;/span&gt;&lt;span style="color: var(--highlight-keyword)"&gt;):&amp;nbsp;&lt;/span&gt;&lt;span style="color: var(--highlight-default)"&gt;Result&amp;nbsp;&lt;/span&gt;&lt;span style="color: var(--highlight-keyword)"&gt;{&lt;/span&gt;&lt;/code&gt;&lt;/li&gt;
&lt;li&gt;&lt;code&gt;&lt;span style="color: var(--highlight-keyword)"&gt;&amp;nbsp;&amp;nbsp;&amp;nbsp;&amp;nbsp;&amp;nbsp;&amp;nbsp;&amp;nbsp;&amp;nbsp;if&amp;nbsp;(&lt;/span&gt;&lt;span style="color: var(--highlight-default)"&gt;$qcp&amp;nbsp;&lt;/span&gt;&lt;span style="color: var(--highlight-keyword)"&gt;!==&amp;nbsp;&lt;/span&gt;&lt;span style="color: var(--highlight-default)"&gt;null&lt;/span&gt;&lt;span style="color: var(--highlight-keyword)"&gt;)&amp;nbsp;{&lt;/span&gt;&lt;/code&gt;&lt;/li&gt;
&lt;li&gt;&lt;code&gt;&lt;span style="color: var(--highlight-keyword)"&gt;&amp;nbsp;&amp;nbsp;&amp;nbsp;&amp;nbsp;&amp;nbsp;&amp;nbsp;&amp;nbsp;&amp;nbsp;&amp;nbsp;&amp;nbsp;&amp;nbsp;&amp;nbsp;return&amp;nbsp;&lt;/span&gt;&lt;span style="color: var(--highlight-default)"&gt;$this&lt;/span&gt;&lt;span style="color: var(--highlight-keyword)"&gt;-&amp;gt;&lt;/span&gt;&lt;span style="color: var(--highlight-default)"&gt;executeCacheQuery&lt;/span&gt;&lt;span style="color: var(--highlight-keyword)"&gt;(&lt;/span&gt;&lt;span style="color: var(--highlight-default)"&gt;$sql&lt;/span&gt;&lt;span style="color: var(--highlight-keyword)"&gt;,&amp;nbsp;&lt;/span&gt;&lt;span style="color: var(--highlight-default)"&gt;$params&lt;/span&gt;&lt;span style="color: var(--highlight-keyword)"&gt;,&amp;nbsp;&lt;/span&gt;&lt;span style="color: var(--highlight-default)"&gt;$types&lt;/span&gt;&lt;span style="color: var(--highlight-keyword)"&gt;,&amp;nbsp;&lt;/span&gt;&lt;span style="color: var(--highlight-default)"&gt;$qcp&lt;/span&gt;&lt;span style="color: var(--highlight-keyword)"&gt;);&lt;/span&gt;&lt;/code&gt;&lt;/li&gt;
&lt;li&gt;&lt;code&gt;&lt;span style="color: var(--highlight-keyword)"&gt;&amp;nbsp;&amp;nbsp;&amp;nbsp;&amp;nbsp;&amp;nbsp;&amp;nbsp;&amp;nbsp;&amp;nbsp;}&lt;/span&gt;&lt;/code&gt;&lt;/li&gt;
&lt;li&gt;&lt;code&gt;&lt;span style="color: var(--highlight-keyword)"&gt;&lt;/span&gt;&lt;/code&gt;&lt;/li&gt;
&lt;li class="selected"&gt;&lt;code&gt;&lt;span style="color: var(--highlight-keyword)"&gt;&amp;nbsp;&amp;nbsp;&amp;nbsp;&amp;nbsp;&amp;nbsp;&amp;nbsp;&amp;nbsp;&amp;nbsp;&lt;/span&gt;&lt;span style="color: var(--highlight-default)"&gt;$connection&amp;nbsp;&lt;/span&gt;&lt;span style="color: var(--highlight-keyword)"&gt;=&amp;nbsp;&lt;/span&gt;&lt;span style="color: var(--highlight-default)"&gt;$this&lt;/span&gt;&lt;span style="color: var(--highlight-keyword)"&gt;-&amp;gt;&lt;/span&gt;&lt;span style="color: var(--highlight-default)"&gt;getWrappedConnection&lt;/span&gt;&lt;span style="color: var(--highlight-keyword)"&gt;();&lt;/span&gt;&lt;/code&gt;&lt;/li&gt;
&lt;li&gt;&lt;code&gt;&lt;span style="color: var(--highlight-keyword)"&gt;&lt;/span&gt;&lt;/code&gt;&lt;/li&gt;
&lt;li&gt;&lt;code&gt;&lt;span style="color: var(--highlight-keyword)"&gt;&amp;nbsp;&amp;nbsp;&amp;nbsp;&amp;nbsp;&amp;nbsp;&amp;nbsp;&amp;nbsp;&amp;nbsp;&lt;/span&gt;&lt;span style="color: var(--highlight-default)"&gt;$logger&amp;nbsp;&lt;/span&gt;&lt;span style="color: var(--highlight-keyword)"&gt;=&amp;nbsp;&lt;/span&gt;&lt;span style="color: var(--highlight-default)"&gt;$this&lt;/span&gt;&lt;span style="color: var(--highlight-keyword)"&gt;-&amp;gt;&lt;/span&gt;&lt;span style="color: var(--highlight-default)"&gt;_config&lt;/span&gt;&lt;span style="color: var(--highlight-keyword)"&gt;-&amp;gt;&lt;/span&gt;&lt;span style="color: var(--highlight-default)"&gt;getSQLLogger&lt;/span&gt;&lt;span style="color: var(--highlight-keyword)"&gt;();&lt;/span&gt;&lt;/code&gt;&lt;/li&gt;
&lt;li&gt;&lt;code&gt;&lt;span style="color: var(--highlight-keyword)"&gt;&amp;nbsp;&amp;nbsp;&amp;nbsp;&amp;nbsp;&amp;nbsp;&amp;nbsp;&amp;nbsp;&amp;nbsp;if&amp;nbsp;(&lt;/span&gt;&lt;span style="color: var(--highlight-default)"&gt;$logger&amp;nbsp;&lt;/span&gt;&lt;span style="color: var(--highlight-keyword)"&gt;!==&amp;nbsp;&lt;/span&gt;&lt;span style="color: var(--highlight-default)"&gt;null&lt;/span&gt;&lt;span style="color: var(--highlight-keyword)"&gt;)&amp;nbsp;{&lt;/span&gt;&lt;/code&gt;&lt;/li&gt;
&lt;li&gt;&lt;code&gt;&lt;span style="color: var(--highlight-keyword)"&gt;&amp;nbsp;&amp;nbsp;&amp;nbsp;&amp;nbsp;&amp;nbsp;&amp;nbsp;&amp;nbsp;&amp;nbsp;&amp;nbsp;&amp;nbsp;&amp;nbsp;&amp;nbsp;&lt;/span&gt;&lt;span style="color: var(--highlight-default)"&gt;$logger&lt;/span&gt;&lt;span style="color: var(--highlight-keyword)"&gt;-&amp;gt;&lt;/span&gt;&lt;span style="color: var(--highlight-default)"&gt;startQuery&lt;/span&gt;&lt;span style="color: var(--highlight-keyword)"&gt;(&lt;/span&gt;&lt;span style="color: var(--highlight-default)"&gt;$sql&lt;/span&gt;&lt;span style="color: var(--highlight-keyword)"&gt;,&amp;nbsp;&lt;/span&gt;&lt;span style="color: var(--highlight-default)"&gt;$params&lt;/span&gt;&lt;span style="color: var(--highlight-keyword)"&gt;,&amp;nbsp;&lt;/span&gt;&lt;span style="color: var(--highlight-default)"&gt;$types&lt;/span&gt;&lt;span style="color: var(--highlight-keyword)"&gt;);&lt;/span&gt;&lt;/code&gt;&lt;/li&gt;
&lt;li&gt;&lt;code&gt;&lt;span style="color: var(--highlight-keyword)"&gt;&amp;nbsp;&amp;nbsp;&amp;nbsp;&amp;nbsp;&amp;nbsp;&amp;nbsp;&amp;nbsp;&amp;nbsp;}&lt;/span&gt;&lt;/code&gt;&lt;/li&gt;&lt;/ol&gt;    &lt;/div&gt;            &lt;/div&gt;
                        &lt;div class="trace-line "&gt;
                &lt;div class="trace-line-header break-long-words sf-toggle" data-toggle-selector="#trace-html-1-6" data-toggle-initial=""&gt;
            &lt;span class="icon icon-close"&gt;&lt;svg width="1792" height="1792" viewBox="0 0 1792 1792" xmlns="http://www.w3.org/2000/svg"&gt;&lt;path d="M1408 960V832q0-26-19-45t-45-19H448q-26 0-45 19t-19 45v128q0 26 19 45t45 19h896q26 0 45-19t19-45zm256-544v960q0 119-84.5 203.5T1376 1664H416q-119 0-203.5-84.5T128 1376V416q0-119 84.5-203.5T416 128h960q119 0 203.5 84.5T1664 416z"/&gt;&lt;/svg&gt;&lt;/span&gt;
        &lt;span class="icon icon-open"&gt;&lt;svg width="1792" height="1792" viewBox="0 0 1792 1792" xmlns="http://www.w3.org/2000/svg"&gt;&lt;path d="M1408 960V832q0-26-19-45t-45-19h-320V448q0-26-19-45t-45-19H832q-26 0-45 19t-19 45v320H448q-26 0-45 19t-19 45v128q0 26 19 45t45 19h320v320q0 26 19 45t45 19h128q26 0 45-19t19-45v-320h320q26 0 45-19t19-45zm256-544v960q0 119-84.5 203.5T1376 1664H416q-119 0-203.5-84.5T128 1376V416q0-119 84.5-203.5T416 128h960q119 0 203.5 84.5T1664 416z"/&gt;&lt;/svg&gt;&lt;/span&gt;
    
            &lt;span class="trace-class"&gt;&lt;abbr title="Doctrine\DBAL\Connection"&gt;Connection&lt;/abbr&gt;&lt;/span&gt;&lt;span class="trace-type"&gt;-&gt;&lt;/span&gt;&lt;span class="trace-method"&gt;executeQuery&lt;/span&gt;&lt;span class="trace-arguments"&gt;()&lt;/span&gt;    
                    &lt;span class="block trace-file-path"&gt;
            in
            &lt;a href=""&gt;
                C:\Users\eman\Documents\GitHub\car_dealer\vendor\doctrine\orm\lib\Doctrine\ORM\Persisters\Entity\&lt;strong&gt;BasicEntityPersister.php&lt;/strong&gt;
            &lt;/a&gt;
                        (line 883)
            &lt;span class="icon icon-copy hidden" data-clipboard-text="C:\Users\eman\Documents\GitHub\car_dealer\vendor\doctrine\orm\lib\Doctrine\ORM\Persisters\Entity\BasicEntityPersister.php:883"&gt;
                &lt;svg xmlns="http://www.w3.org/2000/svg" height="24" viewBox="0 0 24 24" width="24"&gt;&lt;path d="M0 0h24v24H0z" fill="none"/&gt;&lt;path d="M16 1H4c-1.1 0-2 .9-2 2v14h2V3h12V1zm3 4H8c-1.1 0-2 .9-2 2v14c0 1.1.9 2 2 2h11c1.1 0 2-.9 2-2V7c0-1.1-.9-2-2-2zm0 16H8V7h11v14z"/&gt;&lt;/svg&gt;            &lt;/span&gt;
        &lt;/span&gt;
    &lt;/div&gt;
    &lt;div id="trace-html-1-6" class="trace-code sf-toggle-content"&gt;
        &lt;ol start="878"&gt;&lt;li&gt;&lt;code&gt;&lt;span style="color: var(--highlight-keyword)"&gt;&amp;nbsp;&amp;nbsp;&amp;nbsp;&amp;nbsp;{&lt;/span&gt;&lt;/code&gt;&lt;/li&gt;
&lt;li&gt;&lt;code&gt;&lt;span style="color: var(--highlight-keyword)"&gt;&amp;nbsp;&amp;nbsp;&amp;nbsp;&amp;nbsp;&amp;nbsp;&amp;nbsp;&amp;nbsp;&amp;nbsp;&lt;/span&gt;&lt;span style="color: var(--highlight-default)"&gt;$this&lt;/span&gt;&lt;span style="color: var(--highlight-keyword)"&gt;-&amp;gt;&lt;/span&gt;&lt;span style="color: var(--highlight-default)"&gt;switchPersisterContext&lt;/span&gt;&lt;span style="color: var(--highlight-keyword)"&gt;(&lt;/span&gt;&lt;span style="color: var(--highlight-default)"&gt;$offset&lt;/span&gt;&lt;span style="color: var(--highlight-keyword)"&gt;,&amp;nbsp;&lt;/span&gt;&lt;span style="color: var(--highlight-default)"&gt;$limit&lt;/span&gt;&lt;span style="color: var(--highlight-keyword)"&gt;);&lt;/span&gt;&lt;/code&gt;&lt;/li&gt;
&lt;li&gt;&lt;code&gt;&lt;span style="color: var(--highlight-keyword)"&gt;&lt;/span&gt;&lt;/code&gt;&lt;/li&gt;
&lt;li&gt;&lt;code&gt;&lt;span style="color: var(--highlight-keyword)"&gt;&amp;nbsp;&amp;nbsp;&amp;nbsp;&amp;nbsp;&amp;nbsp;&amp;nbsp;&amp;nbsp;&amp;nbsp;&lt;/span&gt;&lt;span style="color: var(--highlight-default)"&gt;$sql&amp;nbsp;&amp;nbsp;&amp;nbsp;&amp;nbsp;&amp;nbsp;&amp;nbsp;&amp;nbsp;&amp;nbsp;&amp;nbsp;&amp;nbsp;&amp;nbsp;&amp;nbsp;&amp;nbsp;&amp;nbsp;&lt;/span&gt;&lt;span style="color: var(--highlight-keyword)"&gt;=&amp;nbsp;&lt;/span&gt;&lt;span style="color: var(--highlight-default)"&gt;$this&lt;/span&gt;&lt;span style="color: var(--highlight-keyword)"&gt;-&amp;gt;&lt;/span&gt;&lt;span style="color: var(--highlight-default)"&gt;getSelectSQL&lt;/span&gt;&lt;span style="color: var(--highlight-keyword)"&gt;(&lt;/span&gt;&lt;span style="color: var(--highlight-default)"&gt;$criteria&lt;/span&gt;&lt;span style="color: var(--highlight-keyword)"&gt;,&amp;nbsp;&lt;/span&gt;&lt;span style="color: var(--highlight-default)"&gt;null&lt;/span&gt;&lt;span style="color: var(--highlight-keyword)"&gt;,&amp;nbsp;&lt;/span&gt;&lt;span style="color: var(--highlight-default)"&gt;null&lt;/span&gt;&lt;span style="color: var(--highlight-keyword)"&gt;,&amp;nbsp;&lt;/span&gt;&lt;span style="color: var(--highlight-default)"&gt;$limit&lt;/span&gt;&lt;span style="color: var(--highlight-keyword)"&gt;,&amp;nbsp;&lt;/span&gt;&lt;span style="color: var(--highlight-default)"&gt;$offset&lt;/span&gt;&lt;span style="color: var(--highlight-keyword)"&gt;,&amp;nbsp;&lt;/span&gt;&lt;span style="color: var(--highlight-default)"&gt;$orderBy&lt;/span&gt;&lt;span style="color: var(--highlight-keyword)"&gt;);&lt;/span&gt;&lt;/code&gt;&lt;/li&gt;
&lt;li&gt;&lt;code&gt;&lt;span style="color: var(--highlight-keyword)"&gt;&amp;nbsp;&amp;nbsp;&amp;nbsp;&amp;nbsp;&amp;nbsp;&amp;nbsp;&amp;nbsp;&amp;nbsp;[&lt;/span&gt;&lt;span style="color: var(--highlight-default)"&gt;$params&lt;/span&gt;&lt;span style="color: var(--highlight-keyword)"&gt;,&amp;nbsp;&lt;/span&gt;&lt;span style="color: var(--highlight-default)"&gt;$types&lt;/span&gt;&lt;span style="color: var(--highlight-keyword)"&gt;]&amp;nbsp;=&amp;nbsp;&lt;/span&gt;&lt;span style="color: var(--highlight-default)"&gt;$this&lt;/span&gt;&lt;span style="color: var(--highlight-keyword)"&gt;-&amp;gt;&lt;/span&gt;&lt;span style="color: var(--highlight-default)"&gt;expandParameters&lt;/span&gt;&lt;span style="color: var(--highlight-keyword)"&gt;(&lt;/span&gt;&lt;span style="color: var(--highlight-default)"&gt;$criteria&lt;/span&gt;&lt;span style="color: var(--highlight-keyword)"&gt;);&lt;/span&gt;&lt;/code&gt;&lt;/li&gt;
&lt;li class="selected"&gt;&lt;code&gt;&lt;span style="color: var(--highlight-keyword)"&gt;&amp;nbsp;&amp;nbsp;&amp;nbsp;&amp;nbsp;&amp;nbsp;&amp;nbsp;&amp;nbsp;&amp;nbsp;&lt;/span&gt;&lt;span style="color: var(--highlight-default)"&gt;$stmt&amp;nbsp;&amp;nbsp;&amp;nbsp;&amp;nbsp;&amp;nbsp;&amp;nbsp;&amp;nbsp;&amp;nbsp;&amp;nbsp;&amp;nbsp;&amp;nbsp;&amp;nbsp;&amp;nbsp;&lt;/span&gt;&lt;span style="color: var(--highlight-keyword)"&gt;=&amp;nbsp;&lt;/span&gt;&lt;span style="color: var(--highlight-default)"&gt;$this&lt;/span&gt;&lt;span style="color: var(--highlight-keyword)"&gt;-&amp;gt;&lt;/span&gt;&lt;span style="color: var(--highlight-default)"&gt;conn&lt;/span&gt;&lt;span style="color: var(--highlight-keyword)"&gt;-&amp;gt;&lt;/span&gt;&lt;span style="color: var(--highlight-default)"&gt;executeQuery&lt;/span&gt;&lt;span style="color: var(--highlight-keyword)"&gt;(&lt;/span&gt;&lt;span style="color: var(--highlight-default)"&gt;$sql&lt;/span&gt;&lt;span style="color: var(--highlight-keyword)"&gt;,&amp;nbsp;&lt;/span&gt;&lt;span style="color: var(--highlight-default)"&gt;$params&lt;/span&gt;&lt;span style="color: var(--highlight-keyword)"&gt;,&amp;nbsp;&lt;/span&gt;&lt;span style="color: var(--highlight-default)"&gt;$types&lt;/span&gt;&lt;span style="color: var(--highlight-keyword)"&gt;);&lt;/span&gt;&lt;/code&gt;&lt;/li&gt;
&lt;li&gt;&lt;code&gt;&lt;span style="color: var(--highlight-keyword)"&gt;&lt;/span&gt;&lt;/code&gt;&lt;/li&gt;
&lt;li&gt;&lt;code&gt;&lt;span style="color: var(--highlight-keyword)"&gt;&amp;nbsp;&amp;nbsp;&amp;nbsp;&amp;nbsp;&amp;nbsp;&amp;nbsp;&amp;nbsp;&amp;nbsp;&lt;/span&gt;&lt;span style="color: var(--highlight-default)"&gt;$hydrator&amp;nbsp;&lt;/span&gt;&lt;span style="color: var(--highlight-keyword)"&gt;=&amp;nbsp;&lt;/span&gt;&lt;span style="color: var(--highlight-default)"&gt;$this&lt;/span&gt;&lt;span style="color: var(--highlight-keyword)"&gt;-&amp;gt;&lt;/span&gt;&lt;span style="color: var(--highlight-default)"&gt;em&lt;/span&gt;&lt;span style="color: var(--highlight-keyword)"&gt;-&amp;gt;&lt;/span&gt;&lt;span style="color: var(--highlight-default)"&gt;newHydrator&lt;/span&gt;&lt;span style="color: var(--highlight-keyword)"&gt;(&lt;/span&gt;&lt;span style="color: var(--highlight-default)"&gt;$this&lt;/span&gt;&lt;span style="color: var(--highlight-keyword)"&gt;-&amp;gt;&lt;/span&gt;&lt;span style="color: var(--highlight-default)"&gt;currentPersisterContext&lt;/span&gt;&lt;span style="color: var(--highlight-keyword)"&gt;-&amp;gt;&lt;/span&gt;&lt;span style="color: var(--highlight-default)"&gt;selectJoinSql&amp;nbsp;&lt;/span&gt;&lt;span style="color: var(--highlight-keyword)"&gt;?&amp;nbsp;&lt;/span&gt;&lt;span style="color: var(--highlight-default)"&gt;Query&lt;/span&gt;&lt;span style="color: var(--highlight-keyword)"&gt;::&lt;/span&gt;&lt;span style="color: var(--highlight-default)"&gt;HYDRATE_OBJECT&amp;nbsp;&lt;/span&gt;&lt;span style="color: var(--highlight-keyword)"&gt;:&amp;nbsp;&lt;/span&gt;&lt;span style="color: var(--highlight-default)"&gt;Query&lt;/span&gt;&lt;span style="color: var(--highlight-keyword)"&gt;::&lt;/span&gt;&lt;span style="color: var(--highlight-default)"&gt;HYDRATE_SIMPLEOBJECT&lt;/span&gt;&lt;span style="color: var(--highlight-keyword)"&gt;);&lt;/span&gt;&lt;/code&gt;&lt;/li&gt;
&lt;li&gt;&lt;code&gt;&lt;span style="color: var(--highlight-keyword)"&gt;&lt;/span&gt;&lt;/code&gt;&lt;/li&gt;
&lt;li&gt;&lt;code&gt;&lt;span style="color: var(--highlight-keyword)"&gt;&amp;nbsp;&amp;nbsp;&amp;nbsp;&amp;nbsp;&amp;nbsp;&amp;nbsp;&amp;nbsp;&amp;nbsp;return&amp;nbsp;&lt;/span&gt;&lt;span style="color: var(--highlight-default)"&gt;$hydrator&lt;/span&gt;&lt;span style="color: var(--highlight-keyword)"&gt;-&amp;gt;&lt;/span&gt;&lt;span style="color: var(--highlight-default)"&gt;hydrateAll&lt;/span&gt;&lt;span style="color: var(--highlight-keyword)"&gt;(&lt;/span&gt;&lt;span style="color: var(--highlight-default)"&gt;$stmt&lt;/span&gt;&lt;span style="color: var(--highlight-keyword)"&gt;,&amp;nbsp;&lt;/span&gt;&lt;span style="color: var(--highlight-default)"&gt;$this&lt;/span&gt;&lt;span style="color: var(--highlight-keyword)"&gt;-&amp;gt;&lt;/span&gt;&lt;span style="color: var(--highlight-default)"&gt;currentPersisterContext&lt;/span&gt;&lt;span style="color: var(--highlight-keyword)"&gt;-&amp;gt;&lt;/span&gt;&lt;span style="color: var(--highlight-default)"&gt;rsm&lt;/span&gt;&lt;span style="color: var(--highlight-keyword)"&gt;,&amp;nbsp;[&lt;/span&gt;&lt;span style="color: var(--highlight-default)"&gt;UnitOfWork&lt;/span&gt;&lt;span style="color: var(--highlight-keyword)"&gt;::&lt;/span&gt;&lt;span style="color: var(--highlight-default)"&gt;HINT_DEFEREAGERLOAD&amp;nbsp;&lt;/span&gt;&lt;span style="color: var(--highlight-keyword)"&gt;=&amp;gt;&amp;nbsp;&lt;/span&gt;&lt;span style="color: var(--highlight-default)"&gt;true&lt;/span&gt;&lt;span style="color: var(--highlight-keyword)"&gt;]);&lt;/span&gt;&lt;/code&gt;&lt;/li&gt;
&lt;li&gt;&lt;code&gt;&lt;span style="color: var(--highlight-keyword)"&gt;&amp;nbsp;&amp;nbsp;&amp;nbsp;&amp;nbsp;}&lt;/span&gt;&lt;/code&gt;&lt;/li&gt;&lt;/ol&gt;    &lt;/div&gt;            &lt;/div&gt;
                        &lt;div class="trace-line "&gt;
                &lt;div class="trace-line-header break-long-words sf-toggle" data-toggle-selector="#trace-html-1-7" data-toggle-initial=""&gt;
            &lt;span class="icon icon-close"&gt;&lt;svg width="1792" height="1792" viewBox="0 0 1792 1792" xmlns="http://www.w3.org/2000/svg"&gt;&lt;path d="M1408 960V832q0-26-19-45t-45-19H448q-26 0-45 19t-19 45v128q0 26 19 45t45 19h896q26 0 45-19t19-45zm256-544v960q0 119-84.5 203.5T1376 1664H416q-119 0-203.5-84.5T128 1376V416q0-119 84.5-203.5T416 128h960q119 0 203.5 84.5T1664 416z"/&gt;&lt;/svg&gt;&lt;/span&gt;
        &lt;span class="icon icon-open"&gt;&lt;svg width="1792" height="1792" viewBox="0 0 1792 1792" xmlns="http://www.w3.org/2000/svg"&gt;&lt;path d="M1408 960V832q0-26-19-45t-45-19h-320V448q0-26-19-45t-45-19H832q-26 0-45 19t-19 45v320H448q-26 0-45 19t-19 45v128q0 26 19 45t45 19h320v320q0 26 19 45t45 19h128q26 0 45-19t19-45v-320h320q26 0 45-19t19-45zm256-544v960q0 119-84.5 203.5T1376 1664H416q-119 0-203.5-84.5T128 1376V416q0-119 84.5-203.5T416 128h960q119 0 203.5 84.5T1664 416z"/&gt;&lt;/svg&gt;&lt;/span&gt;
    
            &lt;span class="trace-class"&gt;&lt;abbr title="Doctrine\ORM\Persisters\Entity\BasicEntityPersister"&gt;BasicEntityPersister&lt;/abbr&gt;&lt;/span&gt;&lt;span class="trace-type"&gt;-&gt;&lt;/span&gt;&lt;span class="trace-method"&gt;loadAll&lt;/span&gt;&lt;span class="trace-arguments"&gt;()&lt;/span&gt;    
                    &lt;span class="block trace-file-path"&gt;
            in
            &lt;a href=""&gt;
                C:\Users\eman\Documents\GitHub\car_dealer\vendor\doctrine\orm\lib\Doctrine\ORM\&lt;strong&gt;EntityRepository.php&lt;/strong&gt;
            &lt;/a&gt;
                        (line 202)
            &lt;span class="icon icon-copy hidden" data-clipboard-text="C:\Users\eman\Documents\GitHub\car_dealer\vendor\doctrine\orm\lib\Doctrine\ORM\EntityRepository.php:202"&gt;
                &lt;svg xmlns="http://www.w3.org/2000/svg" height="24" viewBox="0 0 24 24" width="24"&gt;&lt;path d="M0 0h24v24H0z" fill="none"/&gt;&lt;path d="M16 1H4c-1.1 0-2 .9-2 2v14h2V3h12V1zm3 4H8c-1.1 0-2 .9-2 2v14c0 1.1.9 2 2 2h11c1.1 0 2-.9 2-2V7c0-1.1-.9-2-2-2zm0 16H8V7h11v14z"/&gt;&lt;/svg&gt;            &lt;/span&gt;
        &lt;/span&gt;
    &lt;/div&gt;
    &lt;div id="trace-html-1-7" class="trace-code sf-toggle-content"&gt;
        &lt;ol start="197"&gt;&lt;li&gt;&lt;code&gt;&lt;span style="color: var(--highlight-comment)"&gt;&amp;nbsp;&amp;nbsp;&amp;nbsp;&amp;nbsp;&amp;nbsp;*/&lt;/span&gt;&lt;/code&gt;&lt;/li&gt;
&lt;li&gt;&lt;code&gt;&lt;span style="color: var(--highlight-comment)"&gt;&amp;nbsp;&amp;nbsp;&amp;nbsp;&amp;nbsp;&lt;/span&gt;&lt;span style="color: var(--highlight-keyword)"&gt;public&amp;nbsp;function&amp;nbsp;&lt;/span&gt;&lt;span style="color: var(--highlight-default)"&gt;findBy&lt;/span&gt;&lt;span style="color: var(--highlight-keyword)"&gt;(array&amp;nbsp;&lt;/span&gt;&lt;span style="color: var(--highlight-default)"&gt;$criteria&lt;/span&gt;&lt;span style="color: var(--highlight-keyword)"&gt;,&amp;nbsp;?array&amp;nbsp;&lt;/span&gt;&lt;span style="color: var(--highlight-default)"&gt;$orderBy&amp;nbsp;&lt;/span&gt;&lt;span style="color: var(--highlight-keyword)"&gt;=&amp;nbsp;&lt;/span&gt;&lt;span style="color: var(--highlight-default)"&gt;null&lt;/span&gt;&lt;span style="color: var(--highlight-keyword)"&gt;,&amp;nbsp;&lt;/span&gt;&lt;span style="color: var(--highlight-default)"&gt;$limit&amp;nbsp;&lt;/span&gt;&lt;span style="color: var(--highlight-keyword)"&gt;=&amp;nbsp;&lt;/span&gt;&lt;span style="color: var(--highlight-default)"&gt;null&lt;/span&gt;&lt;span style="color: var(--highlight-keyword)"&gt;,&amp;nbsp;&lt;/span&gt;&lt;span style="color: var(--highlight-default)"&gt;$offset&amp;nbsp;&lt;/span&gt;&lt;span style="color: var(--highlight-keyword)"&gt;=&amp;nbsp;&lt;/span&gt;&lt;span style="color: var(--highlight-default)"&gt;null&lt;/span&gt;&lt;span style="color: var(--highlight-keyword)"&gt;)&lt;/span&gt;&lt;/code&gt;&lt;/li&gt;
&lt;li&gt;&lt;code&gt;&lt;span style="color: var(--highlight-keyword)"&gt;&amp;nbsp;&amp;nbsp;&amp;nbsp;&amp;nbsp;{&lt;/span&gt;&lt;/code&gt;&lt;/li&gt;
&lt;li&gt;&lt;code&gt;&lt;span style="color: var(--highlight-keyword)"&gt;&amp;nbsp;&amp;nbsp;&amp;nbsp;&amp;nbsp;&amp;nbsp;&amp;nbsp;&amp;nbsp;&amp;nbsp;&lt;/span&gt;&lt;span style="color: var(--highlight-default)"&gt;$persister&amp;nbsp;&lt;/span&gt;&lt;span style="color: var(--highlight-keyword)"&gt;=&amp;nbsp;&lt;/span&gt;&lt;span style="color: var(--highlight-default)"&gt;$this&lt;/span&gt;&lt;span style="color: var(--highlight-keyword)"&gt;-&amp;gt;&lt;/span&gt;&lt;span style="color: var(--highlight-default)"&gt;_em&lt;/span&gt;&lt;span style="color: var(--highlight-keyword)"&gt;-&amp;gt;&lt;/span&gt;&lt;span style="color: var(--highlight-default)"&gt;getUnitOfWork&lt;/span&gt;&lt;span style="color: var(--highlight-keyword)"&gt;()-&amp;gt;&lt;/span&gt;&lt;span style="color: var(--highlight-default)"&gt;getEntityPersister&lt;/span&gt;&lt;span style="color: var(--highlight-keyword)"&gt;(&lt;/span&gt;&lt;span style="color: var(--highlight-default)"&gt;$this&lt;/span&gt;&lt;span style="color: var(--highlight-keyword)"&gt;-&amp;gt;&lt;/span&gt;&lt;span style="color: var(--highlight-default)"&gt;_entityName&lt;/span&gt;&lt;span style="color: var(--highlight-keyword)"&gt;);&lt;/span&gt;&lt;/code&gt;&lt;/li&gt;
&lt;li&gt;&lt;code&gt;&lt;span style="color: var(--highlight-keyword)"&gt;&lt;/span&gt;&lt;/code&gt;&lt;/li&gt;
&lt;li class="selected"&gt;&lt;code&gt;&lt;span style="color: var(--highlight-keyword)"&gt;&amp;nbsp;&amp;nbsp;&amp;nbsp;&amp;nbsp;&amp;nbsp;&amp;nbsp;&amp;nbsp;&amp;nbsp;return&amp;nbsp;&lt;/span&gt;&lt;span style="color: var(--highlight-default)"&gt;$persister&lt;/span&gt;&lt;span style="color: var(--highlight-keyword)"&gt;-&amp;gt;&lt;/span&gt;&lt;span style="color: var(--highlight-default)"&gt;loadAll&lt;/span&gt;&lt;span style="color: var(--highlight-keyword)"&gt;(&lt;/span&gt;&lt;span style="color: var(--highlight-default)"&gt;$criteria&lt;/span&gt;&lt;span style="color: var(--highlight-keyword)"&gt;,&amp;nbsp;&lt;/span&gt;&lt;span style="color: var(--highlight-default)"&gt;$orderBy&lt;/span&gt;&lt;span style="color: var(--highlight-keyword)"&gt;,&amp;nbsp;&lt;/span&gt;&lt;span style="color: var(--highlight-default)"&gt;$limit&lt;/span&gt;&lt;span style="color: var(--highlight-keyword)"&gt;,&amp;nbsp;&lt;/span&gt;&lt;span style="color: var(--highlight-default)"&gt;$offset&lt;/span&gt;&lt;span style="color: var(--highlight-keyword)"&gt;);&lt;/span&gt;&lt;/code&gt;&lt;/li&gt;
&lt;li&gt;&lt;code&gt;&lt;span style="color: var(--highlight-keyword)"&gt;&amp;nbsp;&amp;nbsp;&amp;nbsp;&amp;nbsp;}&lt;/span&gt;&lt;/code&gt;&lt;/li&gt;
&lt;li&gt;&lt;code&gt;&lt;span style="color: var(--highlight-keyword)"&gt;&lt;/span&gt;&lt;/code&gt;&lt;/li&gt;
&lt;li&gt;&lt;code&gt;&lt;span style="color: var(--highlight-keyword)"&gt;&amp;nbsp;&amp;nbsp;&amp;nbsp;&amp;nbsp;&lt;/span&gt;&lt;span style="color: var(--highlight-comment)"&gt;/**&lt;/span&gt;&lt;/code&gt;&lt;/li&gt;
&lt;li&gt;&lt;code&gt;&lt;span style="color: var(--highlight-comment)"&gt;&amp;nbsp;&amp;nbsp;&amp;nbsp;&amp;nbsp;&amp;nbsp;*&amp;nbsp;Finds&amp;nbsp;a&amp;nbsp;single&amp;nbsp;entity&amp;nbsp;by&amp;nbsp;a&amp;nbsp;set&amp;nbsp;of&amp;nbsp;criteria.&lt;/span&gt;&lt;/code&gt;&lt;/li&gt;
&lt;li&gt;&lt;code&gt;&lt;span style="color: var(--highlight-comment)"&gt;&amp;nbsp;&amp;nbsp;&amp;nbsp;&amp;nbsp;&amp;nbsp;*&lt;/span&gt;&lt;/code&gt;&lt;/li&gt;&lt;/ol&gt;    &lt;/div&gt;            &lt;/div&gt;
                        &lt;div class="trace-line "&gt;
                &lt;div class="trace-line-header break-long-words sf-toggle" data-toggle-selector="#trace-html-1-8" data-toggle-initial=""&gt;
            &lt;span class="icon icon-close"&gt;&lt;svg width="1792" height="1792" viewBox="0 0 1792 1792" xmlns="http://www.w3.org/2000/svg"&gt;&lt;path d="M1408 960V832q0-26-19-45t-45-19H448q-26 0-45 19t-19 45v128q0 26 19 45t45 19h896q26 0 45-19t19-45zm256-544v960q0 119-84.5 203.5T1376 1664H416q-119 0-203.5-84.5T128 1376V416q0-119 84.5-203.5T416 128h960q119 0 203.5 84.5T1664 416z"/&gt;&lt;/svg&gt;&lt;/span&gt;
        &lt;span class="icon icon-open"&gt;&lt;svg width="1792" height="1792" viewBox="0 0 1792 1792" xmlns="http://www.w3.org/2000/svg"&gt;&lt;path d="M1408 960V832q0-26-19-45t-45-19h-320V448q0-26-19-45t-45-19H832q-26 0-45 19t-19 45v320H448q-26 0-45 19t-19 45v128q0 26 19 45t45 19h320v320q0 26 19 45t45 19h128q26 0 45-19t19-45v-320h320q26 0 45-19t19-45zm256-544v960q0 119-84.5 203.5T1376 1664H416q-119 0-203.5-84.5T128 1376V416q0-119 84.5-203.5T416 128h960q119 0 203.5 84.5T1664 416z"/&gt;&lt;/svg&gt;&lt;/span&gt;
    
            &lt;span class="trace-class"&gt;&lt;abbr title="Doctrine\ORM\EntityRepository"&gt;EntityRepository&lt;/abbr&gt;&lt;/span&gt;&lt;span class="trace-type"&gt;-&gt;&lt;/span&gt;&lt;span class="trace-method"&gt;findBy&lt;/span&gt;&lt;span class="trace-arguments"&gt;()&lt;/span&gt;    
                    &lt;span class="block trace-file-path"&gt;
            in
            &lt;a href=""&gt;
                C:\Users\eman\Documents\GitHub\car_dealer\vendor\doctrine\orm\lib\Doctrine\ORM\&lt;strong&gt;EntityRepository.php&lt;/strong&gt;
            &lt;/a&gt;
                        (line 184)
            &lt;span class="icon icon-copy hidden" data-clipboard-text="C:\Users\eman\Documents\GitHub\car_dealer\vendor\doctrine\orm\lib\Doctrine\ORM\EntityRepository.php:184"&gt;
                &lt;svg xmlns="http://www.w3.org/2000/svg" height="24" viewBox="0 0 24 24" width="24"&gt;&lt;path d="M0 0h24v24H0z" fill="none"/&gt;&lt;path d="M16 1H4c-1.1 0-2 .9-2 2v14h2V3h12V1zm3 4H8c-1.1 0-2 .9-2 2v14c0 1.1.9 2 2 2h11c1.1 0 2-.9 2-2V7c0-1.1-.9-2-2-2zm0 16H8V7h11v14z"/&gt;&lt;/svg&gt;            &lt;/span&gt;
        &lt;/span&gt;
    &lt;/div&gt;
    &lt;div id="trace-html-1-8" class="trace-code sf-toggle-content"&gt;
        &lt;ol start="179"&gt;&lt;li&gt;&lt;code&gt;&lt;span style="color: var(--highlight-comment)"&gt;&amp;nbsp;&amp;nbsp;&amp;nbsp;&amp;nbsp;&amp;nbsp;*&lt;/span&gt;&lt;/code&gt;&lt;/li&gt;
&lt;li&gt;&lt;code&gt;&lt;span style="color: var(--highlight-comment)"&gt;&amp;nbsp;&amp;nbsp;&amp;nbsp;&amp;nbsp;&amp;nbsp;*&amp;nbsp;@psalm-return&amp;nbsp;list&amp;lt;T&amp;gt;&amp;nbsp;The&amp;nbsp;entities.&lt;/span&gt;&lt;/code&gt;&lt;/li&gt;
&lt;li&gt;&lt;code&gt;&lt;span style="color: var(--highlight-comment)"&gt;&amp;nbsp;&amp;nbsp;&amp;nbsp;&amp;nbsp;&amp;nbsp;*/&lt;/span&gt;&lt;/code&gt;&lt;/li&gt;
&lt;li&gt;&lt;code&gt;&lt;span style="color: var(--highlight-comment)"&gt;&amp;nbsp;&amp;nbsp;&amp;nbsp;&amp;nbsp;&lt;/span&gt;&lt;span style="color: var(--highlight-keyword)"&gt;public&amp;nbsp;function&amp;nbsp;&lt;/span&gt;&lt;span style="color: var(--highlight-default)"&gt;findAll&lt;/span&gt;&lt;span style="color: var(--highlight-keyword)"&gt;()&lt;/span&gt;&lt;/code&gt;&lt;/li&gt;
&lt;li&gt;&lt;code&gt;&lt;span style="color: var(--highlight-keyword)"&gt;&amp;nbsp;&amp;nbsp;&amp;nbsp;&amp;nbsp;{&lt;/span&gt;&lt;/code&gt;&lt;/li&gt;
&lt;li class="selected"&gt;&lt;code&gt;&lt;span style="color: var(--highlight-keyword)"&gt;&amp;nbsp;&amp;nbsp;&amp;nbsp;&amp;nbsp;&amp;nbsp;&amp;nbsp;&amp;nbsp;&amp;nbsp;return&amp;nbsp;&lt;/span&gt;&lt;span style="color: var(--highlight-default)"&gt;$this&lt;/span&gt;&lt;span style="color: var(--highlight-keyword)"&gt;-&amp;gt;&lt;/span&gt;&lt;span style="color: var(--highlight-default)"&gt;findBy&lt;/span&gt;&lt;span style="color: var(--highlight-keyword)"&gt;([]);&lt;/span&gt;&lt;/code&gt;&lt;/li&gt;
&lt;li&gt;&lt;code&gt;&lt;span style="color: var(--highlight-keyword)"&gt;&amp;nbsp;&amp;nbsp;&amp;nbsp;&amp;nbsp;}&lt;/span&gt;&lt;/code&gt;&lt;/li&gt;
&lt;li&gt;&lt;code&gt;&lt;span style="color: var(--highlight-keyword)"&gt;&lt;/span&gt;&lt;/code&gt;&lt;/li&gt;
&lt;li&gt;&lt;code&gt;&lt;span style="color: var(--highlight-keyword)"&gt;&amp;nbsp;&amp;nbsp;&amp;nbsp;&amp;nbsp;&lt;/span&gt;&lt;span style="color: var(--highlight-comment)"&gt;/**&lt;/span&gt;&lt;/code&gt;&lt;/li&gt;
&lt;li&gt;&lt;code&gt;&lt;span style="color: var(--highlight-comment)"&gt;&amp;nbsp;&amp;nbsp;&amp;nbsp;&amp;nbsp;&amp;nbsp;*&amp;nbsp;Finds&amp;nbsp;entities&amp;nbsp;by&amp;nbsp;a&amp;nbsp;set&amp;nbsp;of&amp;nbsp;criteria.&lt;/span&gt;&lt;/code&gt;&lt;/li&gt;
&lt;li&gt;&lt;code&gt;&lt;span style="color: var(--highlight-comment)"&gt;&amp;nbsp;&amp;nbsp;&amp;nbsp;&amp;nbsp;&amp;nbsp;*&lt;/span&gt;&lt;/code&gt;&lt;/li&gt;&lt;/ol&gt;    &lt;/div&gt;            &lt;/div&gt;
                        &lt;div class="trace-line "&gt;
                &lt;div class="trace-line-header break-long-words sf-toggle" data-toggle-selector="#trace-html-1-9" data-toggle-initial=""&gt;
            &lt;span class="icon icon-close"&gt;&lt;svg width="1792" height="1792" viewBox="0 0 1792 1792" xmlns="http://www.w3.org/2000/svg"&gt;&lt;path d="M1408 960V832q0-26-19-45t-45-19H448q-26 0-45 19t-19 45v128q0 26 19 45t45 19h896q26 0 45-19t19-45zm256-544v960q0 119-84.5 203.5T1376 1664H416q-119 0-203.5-84.5T128 1376V416q0-119 84.5-203.5T416 128h960q119 0 203.5 84.5T1664 416z"/&gt;&lt;/svg&gt;&lt;/span&gt;
        &lt;span class="icon icon-open"&gt;&lt;svg width="1792" height="1792" viewBox="0 0 1792 1792" xmlns="http://www.w3.org/2000/svg"&gt;&lt;path d="M1408 960V832q0-26-19-45t-45-19h-320V448q0-26-19-45t-45-19H832q-26 0-45 19t-19 45v320H448q-26 0-45 19t-19 45v128q0 26 19 45t45 19h320v320q0 26 19 45t45 19h128q26 0 45-19t19-45v-320h320q26 0 45-19t19-45zm256-544v960q0 119-84.5 203.5T1376 1664H416q-119 0-203.5-84.5T128 1376V416q0-119 84.5-203.5T416 128h960q119 0 203.5 84.5T1664 416z"/&gt;&lt;/svg&gt;&lt;/span&gt;
    
            &lt;span class="trace-class"&gt;&lt;abbr title="Doctrine\ORM\EntityRepository"&gt;EntityRepository&lt;/abbr&gt;&lt;/span&gt;&lt;span class="trace-type"&gt;-&gt;&lt;/span&gt;&lt;span class="trace-method"&gt;findAll&lt;/span&gt;&lt;span class="trace-arguments"&gt;()&lt;/span&gt;    
                    &lt;span class="block trace-file-path"&gt;
            in
            &lt;a href=""&gt;
                C:\Users\eman\Documents\GitHub\car_dealer\src\Controller\&lt;strong&gt;CarPublicController.php&lt;/strong&gt;
            &lt;/a&gt;
                        (line 21)
            &lt;span class="icon icon-copy hidden" data-clipboard-text="C:\Users\eman\Documents\GitHub\car_dealer\src\Controller\CarPublicController.php:21"&gt;
                &lt;svg xmlns="http://www.w3.org/2000/svg" height="24" viewBox="0 0 24 24" width="24"&gt;&lt;path d="M0 0h24v24H0z" fill="none"/&gt;&lt;path d="M16 1H4c-1.1 0-2 .9-2 2v14h2V3h12V1zm3 4H8c-1.1 0-2 .9-2 2v14c0 1.1.9 2 2 2h11c1.1 0 2-.9 2-2V7c0-1.1-.9-2-2-2zm0 16H8V7h11v14z"/&gt;&lt;/svg&gt;            &lt;/span&gt;
        &lt;/span&gt;
    &lt;/div&gt;
    &lt;div id="trace-html-1-9" class="trace-code sf-toggle-content"&gt;
        &lt;ol start="16"&gt;&lt;li&gt;&lt;code&gt;&lt;span style="color: var(--highlight-keyword)"&gt;&amp;nbsp;&amp;nbsp;&amp;nbsp;&amp;nbsp;&amp;nbsp;&amp;nbsp;&amp;nbsp;&amp;nbsp;&lt;/span&gt;&lt;span style="color: var(--highlight-default)"&gt;$template&amp;nbsp;&lt;/span&gt;&lt;span style="color: var(--highlight-keyword)"&gt;=&amp;nbsp;&lt;/span&gt;&lt;span style="color: var(--highlight-string)"&gt;'carPublic/index.html.twig'&lt;/span&gt;&lt;span style="color: var(--highlight-keyword)"&gt;;&#13;&lt;/span&gt;&lt;/code&gt;&lt;/li&gt;
&lt;li&gt;&lt;code&gt;&lt;span style="color: var(--highlight-keyword)"&gt;&amp;nbsp;&amp;nbsp;&amp;nbsp;&amp;nbsp;&amp;nbsp;&amp;nbsp;&amp;nbsp;&amp;nbsp;&lt;/span&gt;&lt;span style="color: var(--highlight-default)"&gt;$argsArray&amp;nbsp;&lt;/span&gt;&lt;span style="color: var(--highlight-keyword)"&gt;=&amp;nbsp;[];&#13;&lt;/span&gt;&lt;/code&gt;&lt;/li&gt;
&lt;li&gt;&lt;code&gt;&lt;span style="color: var(--highlight-keyword)"&gt;&#13;&lt;/span&gt;&lt;/code&gt;&lt;/li&gt;
&lt;li&gt;&lt;code&gt;&lt;span style="color: var(--highlight-keyword)"&gt;&amp;nbsp;&amp;nbsp;&amp;nbsp;&amp;nbsp;&amp;nbsp;&amp;nbsp;&amp;nbsp;&amp;nbsp;return&amp;nbsp;&lt;/span&gt;&lt;span style="color: var(--highlight-default)"&gt;$this&lt;/span&gt;&lt;span style="color: var(--highlight-keyword)"&gt;-&amp;gt;&lt;/span&gt;&lt;span style="color: var(--highlight-default)"&gt;render&lt;/span&gt;&lt;span style="color: var(--highlight-keyword)"&gt;(&lt;/span&gt;&lt;span style="color: var(--highlight-default)"&gt;$template&lt;/span&gt;&lt;span style="color: var(--highlight-keyword)"&gt;,&amp;nbsp;[&#13;&lt;/span&gt;&lt;/code&gt;&lt;/li&gt;
&lt;li&gt;&lt;code&gt;&lt;span style="color: var(--highlight-keyword)"&gt;&amp;nbsp;&amp;nbsp;&amp;nbsp;&amp;nbsp;&amp;nbsp;&amp;nbsp;&amp;nbsp;&amp;nbsp;&amp;nbsp;&amp;nbsp;&amp;nbsp;&amp;nbsp;&lt;/span&gt;&lt;span style="color: var(--highlight-string)"&gt;'controller_name'&amp;nbsp;&lt;/span&gt;&lt;span style="color: var(--highlight-keyword)"&gt;=&amp;gt;&amp;nbsp;&lt;/span&gt;&lt;span style="color: var(--highlight-string)"&gt;'CarPublicController'&lt;/span&gt;&lt;span style="color: var(--highlight-keyword)"&gt;,&#13;&lt;/span&gt;&lt;/code&gt;&lt;/li&gt;
&lt;li class="selected"&gt;&lt;code&gt;&lt;span style="color: var(--highlight-keyword)"&gt;&amp;nbsp;&amp;nbsp;&amp;nbsp;&amp;nbsp;&amp;nbsp;&amp;nbsp;&amp;nbsp;&amp;nbsp;&amp;nbsp;&amp;nbsp;&amp;nbsp;&amp;nbsp;&lt;/span&gt;&lt;span style="color: var(--highlight-string)"&gt;'cars'&amp;nbsp;&lt;/span&gt;&lt;span style="color: var(--highlight-keyword)"&gt;=&amp;gt;&amp;nbsp;&lt;/span&gt;&lt;span style="color: var(--highlight-default)"&gt;$carRepository&lt;/span&gt;&lt;span style="color: var(--highlight-keyword)"&gt;-&amp;gt;&lt;/span&gt;&lt;span style="color: var(--highlight-default)"&gt;findAll&lt;/span&gt;&lt;span style="color: var(--highlight-keyword)"&gt;()&#13;&lt;/span&gt;&lt;/code&gt;&lt;/li&gt;
&lt;li&gt;&lt;code&gt;&lt;span style="color: var(--highlight-keyword)"&gt;&amp;nbsp;&amp;nbsp;&amp;nbsp;&amp;nbsp;&amp;nbsp;&amp;nbsp;&amp;nbsp;&amp;nbsp;]);&#13;&lt;/span&gt;&lt;/code&gt;&lt;/li&gt;
&lt;li&gt;&lt;code&gt;&lt;span style="color: var(--highlight-keyword)"&gt;&amp;nbsp;&amp;nbsp;&amp;nbsp;&amp;nbsp;}&#13;&lt;/span&gt;&lt;/code&gt;&lt;/li&gt;
&lt;li&gt;&lt;code&gt;&lt;span style="color: var(--highlight-keyword)"&gt;&#13;&lt;/span&gt;&lt;/code&gt;&lt;/li&gt;
&lt;li&gt;&lt;code&gt;&lt;span style="color: var(--highlight-keyword)"&gt;&amp;nbsp;&amp;nbsp;&amp;nbsp;&amp;nbsp;#[&lt;/span&gt;&lt;span style="color: var(--highlight-default)"&gt;Route&lt;/span&gt;&lt;span style="color: var(--highlight-keyword)"&gt;(&lt;/span&gt;&lt;span style="color: var(--highlight-string)"&gt;'/car/{id}/show'&lt;/span&gt;&lt;span style="color: var(--highlight-keyword)"&gt;,&amp;nbsp;&lt;/span&gt;&lt;span style="color: var(--highlight-default)"&gt;name&lt;/span&gt;&lt;span style="color: var(--highlight-keyword)"&gt;:&amp;nbsp;&lt;/span&gt;&lt;span style="color: var(--highlight-string)"&gt;'App_car_show_public'&lt;/span&gt;&lt;span style="color: var(--highlight-keyword)"&gt;,&amp;nbsp;&lt;/span&gt;&lt;span style="color: var(--highlight-default)"&gt;methods&lt;/span&gt;&lt;span style="color: var(--highlight-keyword)"&gt;:&amp;nbsp;[&lt;/span&gt;&lt;span style="color: var(--highlight-string)"&gt;'GET'&lt;/span&gt;&lt;span style="color: var(--highlight-keyword)"&gt;])]&#13;&lt;/span&gt;&lt;/code&gt;&lt;/li&gt;
&lt;li&gt;&lt;code&gt;&lt;span style="color: var(--highlight-keyword)"&gt;&amp;nbsp;&amp;nbsp;&amp;nbsp;&amp;nbsp;public&amp;nbsp;function&amp;nbsp;&lt;/span&gt;&lt;span style="color: var(--highlight-default)"&gt;show&lt;/span&gt;&lt;span style="color: var(--highlight-keyword)"&gt;(&lt;/span&gt;&lt;span style="color: var(--highlight-default)"&gt;Car&amp;nbsp;$car&lt;/span&gt;&lt;span style="color: var(--highlight-keyword)"&gt;):&amp;nbsp;&lt;/span&gt;&lt;span style="color: var(--highlight-default)"&gt;Response&#13;&lt;/span&gt;&lt;/code&gt;&lt;/li&gt;&lt;/ol&gt;    &lt;/div&gt;            &lt;/div&gt;
                        &lt;div class="trace-line "&gt;
                &lt;div class="trace-line-header break-long-words sf-toggle" data-toggle-selector="#trace-html-1-10" data-toggle-initial=""&gt;
            &lt;span class="icon icon-close"&gt;&lt;svg width="1792" height="1792" viewBox="0 0 1792 1792" xmlns="http://www.w3.org/2000/svg"&gt;&lt;path d="M1408 960V832q0-26-19-45t-45-19H448q-26 0-45 19t-19 45v128q0 26 19 45t45 19h896q26 0 45-19t19-45zm256-544v960q0 119-84.5 203.5T1376 1664H416q-119 0-203.5-84.5T128 1376V416q0-119 84.5-203.5T416 128h960q119 0 203.5 84.5T1664 416z"/&gt;&lt;/svg&gt;&lt;/span&gt;
        &lt;span class="icon icon-open"&gt;&lt;svg width="1792" height="1792" viewBox="0 0 1792 1792" xmlns="http://www.w3.org/2000/svg"&gt;&lt;path d="M1408 960V832q0-26-19-45t-45-19h-320V448q0-26-19-45t-45-19H832q-26 0-45 19t-19 45v320H448q-26 0-45 19t-19 45v128q0 26 19 45t45 19h320v320q0 26 19 45t45 19h128q26 0 45-19t19-45v-320h320q26 0 45-19t19-45zm256-544v960q0 119-84.5 203.5T1376 1664H416q-119 0-203.5-84.5T128 1376V416q0-119 84.5-203.5T416 128h960q119 0 203.5 84.5T1664 416z"/&gt;&lt;/svg&gt;&lt;/span&gt;
    
            &lt;span class="trace-class"&gt;&lt;abbr title="App\Controller\CarPublicController"&gt;CarPublicController&lt;/abbr&gt;&lt;/span&gt;&lt;span class="trace-type"&gt;-&gt;&lt;/span&gt;&lt;span class="trace-method"&gt;cars&lt;/span&gt;&lt;span class="trace-arguments"&gt;()&lt;/span&gt;    
                    &lt;span class="block trace-file-path"&gt;
            in
            &lt;a href=""&gt;
                C:\Users\eman\Documents\GitHub\car_dealer\vendor\symfony\http-kernel\&lt;strong&gt;HttpKernel.php&lt;/strong&gt;
            &lt;/a&gt;
                        (line 152)
            &lt;span class="icon icon-copy hidden" data-clipboard-text="C:\Users\eman\Documents\GitHub\car_dealer\vendor\symfony\http-kernel\HttpKernel.php:152"&gt;
                &lt;svg xmlns="http://www.w3.org/2000/svg" height="24" viewBox="0 0 24 24" width="24"&gt;&lt;path d="M0 0h24v24H0z" fill="none"/&gt;&lt;path d="M16 1H4c-1.1 0-2 .9-2 2v14h2V3h12V1zm3 4H8c-1.1 0-2 .9-2 2v14c0 1.1.9 2 2 2h11c1.1 0 2-.9 2-2V7c0-1.1-.9-2-2-2zm0 16H8V7h11v14z"/&gt;&lt;/svg&gt;            &lt;/span&gt;
        &lt;/span&gt;
    &lt;/div&gt;
    &lt;div id="trace-html-1-10" class="trace-code sf-toggle-content"&gt;
        &lt;ol start="147"&gt;&lt;li&gt;&lt;code&gt;&lt;span style="color: var(--highlight-keyword)"&gt;&amp;nbsp;&amp;nbsp;&amp;nbsp;&amp;nbsp;&amp;nbsp;&amp;nbsp;&amp;nbsp;&amp;nbsp;&lt;/span&gt;&lt;span style="color: var(--highlight-default)"&gt;$this&lt;/span&gt;&lt;span style="color: var(--highlight-keyword)"&gt;-&amp;gt;&lt;/span&gt;&lt;span style="color: var(--highlight-default)"&gt;dispatcher&lt;/span&gt;&lt;span style="color: var(--highlight-keyword)"&gt;-&amp;gt;&lt;/span&gt;&lt;span style="color: var(--highlight-default)"&gt;dispatch&lt;/span&gt;&lt;span style="color: var(--highlight-keyword)"&gt;(&lt;/span&gt;&lt;span style="color: var(--highlight-default)"&gt;$event&lt;/span&gt;&lt;span style="color: var(--highlight-keyword)"&gt;,&amp;nbsp;&lt;/span&gt;&lt;span style="color: var(--highlight-default)"&gt;KernelEvents&lt;/span&gt;&lt;span style="color: var(--highlight-keyword)"&gt;::&lt;/span&gt;&lt;span style="color: var(--highlight-default)"&gt;CONTROLLER_ARGUMENTS&lt;/span&gt;&lt;span style="color: var(--highlight-keyword)"&gt;);&lt;/span&gt;&lt;/code&gt;&lt;/li&gt;
&lt;li&gt;&lt;code&gt;&lt;span style="color: var(--highlight-keyword)"&gt;&amp;nbsp;&amp;nbsp;&amp;nbsp;&amp;nbsp;&amp;nbsp;&amp;nbsp;&amp;nbsp;&amp;nbsp;&lt;/span&gt;&lt;span style="color: var(--highlight-default)"&gt;$controller&amp;nbsp;&lt;/span&gt;&lt;span style="color: var(--highlight-keyword)"&gt;=&amp;nbsp;&lt;/span&gt;&lt;span style="color: var(--highlight-default)"&gt;$event&lt;/span&gt;&lt;span style="color: var(--highlight-keyword)"&gt;-&amp;gt;&lt;/span&gt;&lt;span style="color: var(--highlight-default)"&gt;getController&lt;/span&gt;&lt;span style="color: var(--highlight-keyword)"&gt;();&lt;/span&gt;&lt;/code&gt;&lt;/li&gt;
&lt;li&gt;&lt;code&gt;&lt;span style="color: var(--highlight-keyword)"&gt;&amp;nbsp;&amp;nbsp;&amp;nbsp;&amp;nbsp;&amp;nbsp;&amp;nbsp;&amp;nbsp;&amp;nbsp;&lt;/span&gt;&lt;span style="color: var(--highlight-default)"&gt;$arguments&amp;nbsp;&lt;/span&gt;&lt;span style="color: var(--highlight-keyword)"&gt;=&amp;nbsp;&lt;/span&gt;&lt;span style="color: var(--highlight-default)"&gt;$event&lt;/span&gt;&lt;span style="color: var(--highlight-keyword)"&gt;-&amp;gt;&lt;/span&gt;&lt;span style="color: var(--highlight-default)"&gt;getArguments&lt;/span&gt;&lt;span style="color: var(--highlight-keyword)"&gt;();&lt;/span&gt;&lt;/code&gt;&lt;/li&gt;
&lt;li&gt;&lt;code&gt;&lt;span style="color: var(--highlight-keyword)"&gt;&lt;/span&gt;&lt;/code&gt;&lt;/li&gt;
&lt;li&gt;&lt;code&gt;&lt;span style="color: var(--highlight-keyword)"&gt;&amp;nbsp;&amp;nbsp;&amp;nbsp;&amp;nbsp;&amp;nbsp;&amp;nbsp;&amp;nbsp;&amp;nbsp;&lt;/span&gt;&lt;span style="color: var(--highlight-comment)"&gt;//&amp;nbsp;call&amp;nbsp;controller&lt;/span&gt;&lt;/code&gt;&lt;/li&gt;
&lt;li class="selected"&gt;&lt;code&gt;&lt;span style="color: var(--highlight-comment)"&gt;&amp;nbsp;&amp;nbsp;&amp;nbsp;&amp;nbsp;&amp;nbsp;&amp;nbsp;&amp;nbsp;&amp;nbsp;&lt;/span&gt;&lt;span style="color: var(--highlight-default)"&gt;$response&amp;nbsp;&lt;/span&gt;&lt;span style="color: var(--highlight-keyword)"&gt;=&amp;nbsp;&lt;/span&gt;&lt;span style="color: var(--highlight-default)"&gt;$controller&lt;/span&gt;&lt;span style="color: var(--highlight-keyword)"&gt;(...&lt;/span&gt;&lt;span style="color: var(--highlight-default)"&gt;$arguments&lt;/span&gt;&lt;span style="color: var(--highlight-keyword)"&gt;);&lt;/span&gt;&lt;/code&gt;&lt;/li&gt;
&lt;li&gt;&lt;code&gt;&lt;span style="color: var(--highlight-keyword)"&gt;&lt;/span&gt;&lt;/code&gt;&lt;/li&gt;
&lt;li&gt;&lt;code&gt;&lt;span style="color: var(--highlight-keyword)"&gt;&amp;nbsp;&amp;nbsp;&amp;nbsp;&amp;nbsp;&amp;nbsp;&amp;nbsp;&amp;nbsp;&amp;nbsp;&lt;/span&gt;&lt;span style="color: var(--highlight-comment)"&gt;//&amp;nbsp;view&lt;/span&gt;&lt;/code&gt;&lt;/li&gt;
&lt;li&gt;&lt;code&gt;&lt;span style="color: var(--highlight-comment)"&gt;&amp;nbsp;&amp;nbsp;&amp;nbsp;&amp;nbsp;&amp;nbsp;&amp;nbsp;&amp;nbsp;&amp;nbsp;&lt;/span&gt;&lt;span style="color: var(--highlight-keyword)"&gt;if&amp;nbsp;(!&lt;/span&gt;&lt;span style="color: var(--highlight-default)"&gt;$response&amp;nbsp;&lt;/span&gt;&lt;span style="color: var(--highlight-keyword)"&gt;instanceof&amp;nbsp;&lt;/span&gt;&lt;span style="color: var(--highlight-default)"&gt;Response&lt;/span&gt;&lt;span style="color: var(--highlight-keyword)"&gt;)&amp;nbsp;{&lt;/span&gt;&lt;/code&gt;&lt;/li&gt;
&lt;li&gt;&lt;code&gt;&lt;span style="color: var(--highlight-keyword)"&gt;&amp;nbsp;&amp;nbsp;&amp;nbsp;&amp;nbsp;&amp;nbsp;&amp;nbsp;&amp;nbsp;&amp;nbsp;&amp;nbsp;&amp;nbsp;&amp;nbsp;&amp;nbsp;&lt;/span&gt;&lt;span style="color: var(--highlight-default)"&gt;$event&amp;nbsp;&lt;/span&gt;&lt;span style="color: var(--highlight-keyword)"&gt;=&amp;nbsp;new&amp;nbsp;&lt;/span&gt;&lt;span style="color: var(--highlight-default)"&gt;ViewEvent&lt;/span&gt;&lt;span style="color: var(--highlight-keyword)"&gt;(&lt;/span&gt;&lt;span style="color: var(--highlight-default)"&gt;$this&lt;/span&gt;&lt;span style="color: var(--highlight-keyword)"&gt;,&amp;nbsp;&lt;/span&gt;&lt;span style="color: var(--highlight-default)"&gt;$request&lt;/span&gt;&lt;span style="color: var(--highlight-keyword)"&gt;,&amp;nbsp;&lt;/span&gt;&lt;span style="color: var(--highlight-default)"&gt;$type&lt;/span&gt;&lt;span style="color: var(--highlight-keyword)"&gt;,&amp;nbsp;&lt;/span&gt;&lt;span style="color: var(--highlight-default)"&gt;$response&lt;/span&gt;&lt;span style="color: var(--highlight-keyword)"&gt;);&lt;/span&gt;&lt;/code&gt;&lt;/li&gt;
&lt;li&gt;&lt;code&gt;&lt;span style="color: var(--highlight-keyword)"&gt;&amp;nbsp;&amp;nbsp;&amp;nbsp;&amp;nbsp;&amp;nbsp;&amp;nbsp;&amp;nbsp;&amp;nbsp;&amp;nbsp;&amp;nbsp;&amp;nbsp;&amp;nbsp;&lt;/span&gt;&lt;span style="color: var(--highlight-default)"&gt;$this&lt;/span&gt;&lt;span style="color: var(--highlight-keyword)"&gt;-&amp;gt;&lt;/span&gt;&lt;span style="color: var(--highlight-default)"&gt;dispatcher&lt;/span&gt;&lt;span style="color: var(--highlight-keyword)"&gt;-&amp;gt;&lt;/span&gt;&lt;span style="color: var(--highlight-default)"&gt;dispatch&lt;/span&gt;&lt;span style="color: var(--highlight-keyword)"&gt;(&lt;/span&gt;&lt;span style="color: var(--highlight-default)"&gt;$event&lt;/span&gt;&lt;span style="color: var(--highlight-keyword)"&gt;,&amp;nbsp;&lt;/span&gt;&lt;span style="color: var(--highlight-default)"&gt;KernelEvents&lt;/span&gt;&lt;span style="color: var(--highlight-keyword)"&gt;::&lt;/span&gt;&lt;span style="color: var(--highlight-default)"&gt;VIEW&lt;/span&gt;&lt;span style="color: var(--highlight-keyword)"&gt;);&lt;/span&gt;&lt;/code&gt;&lt;/li&gt;&lt;/ol&gt;    &lt;/div&gt;            &lt;/div&gt;
                        &lt;div class="trace-line "&gt;
                &lt;div class="trace-line-header break-long-words sf-toggle" data-toggle-selector="#trace-html-1-11" data-toggle-initial=""&gt;
            &lt;span class="icon icon-close"&gt;&lt;svg width="1792" height="1792" viewBox="0 0 1792 1792" xmlns="http://www.w3.org/2000/svg"&gt;&lt;path d="M1408 960V832q0-26-19-45t-45-19H448q-26 0-45 19t-19 45v128q0 26 19 45t45 19h896q26 0 45-19t19-45zm256-544v960q0 119-84.5 203.5T1376 1664H416q-119 0-203.5-84.5T128 1376V416q0-119 84.5-203.5T416 128h960q119 0 203.5 84.5T1664 416z"/&gt;&lt;/svg&gt;&lt;/span&gt;
        &lt;span class="icon icon-open"&gt;&lt;svg width="1792" height="1792" viewBox="0 0 1792 1792" xmlns="http://www.w3.org/2000/svg"&gt;&lt;path d="M1408 960V832q0-26-19-45t-45-19h-320V448q0-26-19-45t-45-19H832q-26 0-45 19t-19 45v320H448q-26 0-45 19t-19 45v128q0 26 19 45t45 19h320v320q0 26 19 45t45 19h128q26 0 45-19t19-45v-320h320q26 0 45-19t19-45zm256-544v960q0 119-84.5 203.5T1376 1664H416q-119 0-203.5-84.5T128 1376V416q0-119 84.5-203.5T416 128h960q119 0 203.5 84.5T1664 416z"/&gt;&lt;/svg&gt;&lt;/span&gt;
    
            &lt;span class="trace-class"&gt;&lt;abbr title="Symfony\Component\HttpKernel\HttpKernel"&gt;HttpKernel&lt;/abbr&gt;&lt;/span&gt;&lt;span class="trace-type"&gt;-&gt;&lt;/span&gt;&lt;span class="trace-method"&gt;handleRaw&lt;/span&gt;&lt;span class="trace-arguments"&gt;()&lt;/span&gt;    
                    &lt;span class="block trace-file-path"&gt;
            in
            &lt;a href=""&gt;
                C:\Users\eman\Documents\GitHub\car_dealer\vendor\symfony\http-kernel\&lt;strong&gt;HttpKernel.php&lt;/strong&gt;
            &lt;/a&gt;
                        (line 74)
            &lt;span class="icon icon-copy hidden" data-clipboard-text="C:\Users\eman\Documents\GitHub\car_dealer\vendor\symfony\http-kernel\HttpKernel.php:74"&gt;
                &lt;svg xmlns="http://www.w3.org/2000/svg" height="24" viewBox="0 0 24 24" width="24"&gt;&lt;path d="M0 0h24v24H0z" fill="none"/&gt;&lt;path d="M16 1H4c-1.1 0-2 .9-2 2v14h2V3h12V1zm3 4H8c-1.1 0-2 .9-2 2v14c0 1.1.9 2 2 2h11c1.1 0 2-.9 2-2V7c0-1.1-.9-2-2-2zm0 16H8V7h11v14z"/&gt;&lt;/svg&gt;            &lt;/span&gt;
        &lt;/span&gt;
    &lt;/div&gt;
    &lt;div id="trace-html-1-11" class="trace-code sf-toggle-content"&gt;
        &lt;ol start="69"&gt;&lt;li&gt;&lt;code&gt;&lt;span style="color: var(--highlight-comment)"&gt;&amp;nbsp;&amp;nbsp;&amp;nbsp;&amp;nbsp;&lt;/span&gt;&lt;span style="color: var(--highlight-keyword)"&gt;public&amp;nbsp;function&amp;nbsp;&lt;/span&gt;&lt;span style="color: var(--highlight-default)"&gt;handle&lt;/span&gt;&lt;span style="color: var(--highlight-keyword)"&gt;(&lt;/span&gt;&lt;span style="color: var(--highlight-default)"&gt;Request&amp;nbsp;$request&lt;/span&gt;&lt;span style="color: var(--highlight-keyword)"&gt;,&amp;nbsp;&lt;/span&gt;&lt;span style="color: var(--highlight-default)"&gt;int&amp;nbsp;$type&amp;nbsp;&lt;/span&gt;&lt;span style="color: var(--highlight-keyword)"&gt;=&amp;nbsp;&lt;/span&gt;&lt;span style="color: var(--highlight-default)"&gt;HttpKernelInterface&lt;/span&gt;&lt;span style="color: var(--highlight-keyword)"&gt;::&lt;/span&gt;&lt;span style="color: var(--highlight-default)"&gt;MAIN_REQUEST&lt;/span&gt;&lt;span style="color: var(--highlight-keyword)"&gt;,&amp;nbsp;&lt;/span&gt;&lt;span style="color: var(--highlight-default)"&gt;bool&amp;nbsp;$catch&amp;nbsp;&lt;/span&gt;&lt;span style="color: var(--highlight-keyword)"&gt;=&amp;nbsp;&lt;/span&gt;&lt;span style="color: var(--highlight-default)"&gt;true&lt;/span&gt;&lt;span style="color: var(--highlight-keyword)"&gt;):&amp;nbsp;&lt;/span&gt;&lt;span style="color: var(--highlight-default)"&gt;Response&lt;/span&gt;&lt;/code&gt;&lt;/li&gt;
&lt;li&gt;&lt;code&gt;&lt;span style="color: var(--highlight-default)"&gt;&amp;nbsp;&amp;nbsp;&amp;nbsp;&amp;nbsp;&lt;/span&gt;&lt;span style="color: var(--highlight-keyword)"&gt;{&lt;/span&gt;&lt;/code&gt;&lt;/li&gt;
&lt;li&gt;&lt;code&gt;&lt;span style="color: var(--highlight-keyword)"&gt;&amp;nbsp;&amp;nbsp;&amp;nbsp;&amp;nbsp;&amp;nbsp;&amp;nbsp;&amp;nbsp;&amp;nbsp;&lt;/span&gt;&lt;span style="color: var(--highlight-default)"&gt;$request&lt;/span&gt;&lt;span style="color: var(--highlight-keyword)"&gt;-&amp;gt;&lt;/span&gt;&lt;span style="color: var(--highlight-default)"&gt;headers&lt;/span&gt;&lt;span style="color: var(--highlight-keyword)"&gt;-&amp;gt;&lt;/span&gt;&lt;span style="color: var(--highlight-default)"&gt;set&lt;/span&gt;&lt;span style="color: var(--highlight-keyword)"&gt;(&lt;/span&gt;&lt;span style="color: var(--highlight-string)"&gt;'X-Php-Ob-Level'&lt;/span&gt;&lt;span style="color: var(--highlight-keyword)"&gt;,&amp;nbsp;(string)&amp;nbsp;&lt;/span&gt;&lt;span style="color: var(--highlight-default)"&gt;ob_get_level&lt;/span&gt;&lt;span style="color: var(--highlight-keyword)"&gt;());&lt;/span&gt;&lt;/code&gt;&lt;/li&gt;
&lt;li&gt;&lt;code&gt;&lt;span style="color: var(--highlight-keyword)"&gt;&lt;/span&gt;&lt;/code&gt;&lt;/li&gt;
&lt;li&gt;&lt;code&gt;&lt;span style="color: var(--highlight-keyword)"&gt;&amp;nbsp;&amp;nbsp;&amp;nbsp;&amp;nbsp;&amp;nbsp;&amp;nbsp;&amp;nbsp;&amp;nbsp;try&amp;nbsp;{&lt;/span&gt;&lt;/code&gt;&lt;/li&gt;
&lt;li class="selected"&gt;&lt;code&gt;&lt;span style="color: var(--highlight-keyword)"&gt;&amp;nbsp;&amp;nbsp;&amp;nbsp;&amp;nbsp;&amp;nbsp;&amp;nbsp;&amp;nbsp;&amp;nbsp;&amp;nbsp;&amp;nbsp;&amp;nbsp;&amp;nbsp;return&amp;nbsp;&lt;/span&gt;&lt;span style="color: var(--highlight-default)"&gt;$this&lt;/span&gt;&lt;span style="color: var(--highlight-keyword)"&gt;-&amp;gt;&lt;/span&gt;&lt;span style="color: var(--highlight-default)"&gt;handleRaw&lt;/span&gt;&lt;span style="color: var(--highlight-keyword)"&gt;(&lt;/span&gt;&lt;span style="color: var(--highlight-default)"&gt;$request&lt;/span&gt;&lt;span style="color: var(--highlight-keyword)"&gt;,&amp;nbsp;&lt;/span&gt;&lt;span style="color: var(--highlight-default)"&gt;$type&lt;/span&gt;&lt;span style="color: var(--highlight-keyword)"&gt;);&lt;/span&gt;&lt;/code&gt;&lt;/li&gt;
&lt;li&gt;&lt;code&gt;&lt;span style="color: var(--highlight-keyword)"&gt;&amp;nbsp;&amp;nbsp;&amp;nbsp;&amp;nbsp;&amp;nbsp;&amp;nbsp;&amp;nbsp;&amp;nbsp;}&amp;nbsp;catch&amp;nbsp;(&lt;/span&gt;&lt;span style="color: var(--highlight-default)"&gt;\Exception&amp;nbsp;$e&lt;/span&gt;&lt;span style="color: var(--highlight-keyword)"&gt;)&amp;nbsp;{&lt;/span&gt;&lt;/code&gt;&lt;/li&gt;
&lt;li&gt;&lt;code&gt;&lt;span style="color: var(--highlight-keyword)"&gt;&amp;nbsp;&amp;nbsp;&amp;nbsp;&amp;nbsp;&amp;nbsp;&amp;nbsp;&amp;nbsp;&amp;nbsp;&amp;nbsp;&amp;nbsp;&amp;nbsp;&amp;nbsp;if&amp;nbsp;(&lt;/span&gt;&lt;span style="color: var(--highlight-default)"&gt;$e&amp;nbsp;&lt;/span&gt;&lt;span style="color: var(--highlight-keyword)"&gt;instanceof&amp;nbsp;&lt;/span&gt;&lt;span style="color: var(--highlight-default)"&gt;RequestExceptionInterface&lt;/span&gt;&lt;span style="color: var(--highlight-keyword)"&gt;)&amp;nbsp;{&lt;/span&gt;&lt;/code&gt;&lt;/li&gt;
&lt;li&gt;&lt;code&gt;&lt;span style="color: var(--highlight-keyword)"&gt;&amp;nbsp;&amp;nbsp;&amp;nbsp;&amp;nbsp;&amp;nbsp;&amp;nbsp;&amp;nbsp;&amp;nbsp;&amp;nbsp;&amp;nbsp;&amp;nbsp;&amp;nbsp;&amp;nbsp;&amp;nbsp;&amp;nbsp;&amp;nbsp;&lt;/span&gt;&lt;span style="color: var(--highlight-default)"&gt;$e&amp;nbsp;&lt;/span&gt;&lt;span style="color: var(--highlight-keyword)"&gt;=&amp;nbsp;new&amp;nbsp;&lt;/span&gt;&lt;span style="color: var(--highlight-default)"&gt;BadRequestHttpException&lt;/span&gt;&lt;span style="color: var(--highlight-keyword)"&gt;(&lt;/span&gt;&lt;span style="color: var(--highlight-default)"&gt;$e&lt;/span&gt;&lt;span style="color: var(--highlight-keyword)"&gt;-&amp;gt;&lt;/span&gt;&lt;span style="color: var(--highlight-default)"&gt;getMessage&lt;/span&gt;&lt;span style="color: var(--highlight-keyword)"&gt;(),&amp;nbsp;&lt;/span&gt;&lt;span style="color: var(--highlight-default)"&gt;$e&lt;/span&gt;&lt;span style="color: var(--highlight-keyword)"&gt;);&lt;/span&gt;&lt;/code&gt;&lt;/li&gt;
&lt;li&gt;&lt;code&gt;&lt;span style="color: var(--highlight-keyword)"&gt;&amp;nbsp;&amp;nbsp;&amp;nbsp;&amp;nbsp;&amp;nbsp;&amp;nbsp;&amp;nbsp;&amp;nbsp;&amp;nbsp;&amp;nbsp;&amp;nbsp;&amp;nbsp;}&lt;/span&gt;&lt;/code&gt;&lt;/li&gt;
&lt;li&gt;&lt;code&gt;&lt;span style="color: var(--highlight-keyword)"&gt;&amp;nbsp;&amp;nbsp;&amp;nbsp;&amp;nbsp;&amp;nbsp;&amp;nbsp;&amp;nbsp;&amp;nbsp;&amp;nbsp;&amp;nbsp;&amp;nbsp;&amp;nbsp;if&amp;nbsp;(&lt;/span&gt;&lt;span style="color: var(--highlight-default)"&gt;false&amp;nbsp;&lt;/span&gt;&lt;span style="color: var(--highlight-keyword)"&gt;===&amp;nbsp;&lt;/span&gt;&lt;span style="color: var(--highlight-default)"&gt;$catch&lt;/span&gt;&lt;span style="color: var(--highlight-keyword)"&gt;)&amp;nbsp;{&lt;/span&gt;&lt;/code&gt;&lt;/li&gt;&lt;/ol&gt;    &lt;/div&gt;            &lt;/div&gt;
                        &lt;div class="trace-line "&gt;
                &lt;div class="trace-line-header break-long-words sf-toggle" data-toggle-selector="#trace-html-1-12" data-toggle-initial=""&gt;
            &lt;span class="icon icon-close"&gt;&lt;svg width="1792" height="1792" viewBox="0 0 1792 1792" xmlns="http://www.w3.org/2000/svg"&gt;&lt;path d="M1408 960V832q0-26-19-45t-45-19H448q-26 0-45 19t-19 45v128q0 26 19 45t45 19h896q26 0 45-19t19-45zm256-544v960q0 119-84.5 203.5T1376 1664H416q-119 0-203.5-84.5T128 1376V416q0-119 84.5-203.5T416 128h960q119 0 203.5 84.5T1664 416z"/&gt;&lt;/svg&gt;&lt;/span&gt;
        &lt;span class="icon icon-open"&gt;&lt;svg width="1792" height="1792" viewBox="0 0 1792 1792" xmlns="http://www.w3.org/2000/svg"&gt;&lt;path d="M1408 960V832q0-26-19-45t-45-19h-320V448q0-26-19-45t-45-19H832q-26 0-45 19t-19 45v320H448q-26 0-45 19t-19 45v128q0 26 19 45t45 19h320v320q0 26 19 45t45 19h128q26 0 45-19t19-45v-320h320q26 0 45-19t19-45zm256-544v960q0 119-84.5 203.5T1376 1664H416q-119 0-203.5-84.5T128 1376V416q0-119 84.5-203.5T416 128h960q119 0 203.5 84.5T1664 416z"/&gt;&lt;/svg&gt;&lt;/span&gt;
    
            &lt;span class="trace-class"&gt;&lt;abbr title="Symfony\Component\HttpKernel\HttpKernel"&gt;HttpKernel&lt;/abbr&gt;&lt;/span&gt;&lt;span class="trace-type"&gt;-&gt;&lt;/span&gt;&lt;span class="trace-method"&gt;handle&lt;/span&gt;&lt;span class="trace-arguments"&gt;()&lt;/span&gt;    
                    &lt;span class="block trace-file-path"&gt;
            in
            &lt;a href=""&gt;
                C:\Users\eman\Documents\GitHub\car_dealer\vendor\symfony\http-kernel\&lt;strong&gt;Kernel.php&lt;/strong&gt;
            &lt;/a&gt;
                        (line 202)
            &lt;span class="icon icon-copy hidden" data-clipboard-text="C:\Users\eman\Documents\GitHub\car_dealer\vendor\symfony\http-kernel\Kernel.php:202"&gt;
                &lt;svg xmlns="http://www.w3.org/2000/svg" height="24" viewBox="0 0 24 24" width="24"&gt;&lt;path d="M0 0h24v24H0z" fill="none"/&gt;&lt;path d="M16 1H4c-1.1 0-2 .9-2 2v14h2V3h12V1zm3 4H8c-1.1 0-2 .9-2 2v14c0 1.1.9 2 2 2h11c1.1 0 2-.9 2-2V7c0-1.1-.9-2-2-2zm0 16H8V7h11v14z"/&gt;&lt;/svg&gt;            &lt;/span&gt;
        &lt;/span&gt;
    &lt;/div&gt;
    &lt;div id="trace-html-1-12" class="trace-code sf-toggle-content"&gt;
        &lt;ol start="197"&gt;&lt;li&gt;&lt;code&gt;&lt;span style="color: var(--highlight-keyword)"&gt;&amp;nbsp;&amp;nbsp;&amp;nbsp;&amp;nbsp;&amp;nbsp;&amp;nbsp;&amp;nbsp;&amp;nbsp;&lt;/span&gt;&lt;span style="color: var(--highlight-default)"&gt;$this&lt;/span&gt;&lt;span style="color: var(--highlight-keyword)"&gt;-&amp;gt;&lt;/span&gt;&lt;span style="color: var(--highlight-default)"&gt;boot&lt;/span&gt;&lt;span style="color: var(--highlight-keyword)"&gt;();&lt;/span&gt;&lt;/code&gt;&lt;/li&gt;
&lt;li&gt;&lt;code&gt;&lt;span style="color: var(--highlight-keyword)"&gt;&amp;nbsp;&amp;nbsp;&amp;nbsp;&amp;nbsp;&amp;nbsp;&amp;nbsp;&amp;nbsp;&amp;nbsp;++&lt;/span&gt;&lt;span style="color: var(--highlight-default)"&gt;$this&lt;/span&gt;&lt;span style="color: var(--highlight-keyword)"&gt;-&amp;gt;&lt;/span&gt;&lt;span style="color: var(--highlight-default)"&gt;requestStackSize&lt;/span&gt;&lt;span style="color: var(--highlight-keyword)"&gt;;&lt;/span&gt;&lt;/code&gt;&lt;/li&gt;
&lt;li&gt;&lt;code&gt;&lt;span style="color: var(--highlight-keyword)"&gt;&amp;nbsp;&amp;nbsp;&amp;nbsp;&amp;nbsp;&amp;nbsp;&amp;nbsp;&amp;nbsp;&amp;nbsp;&lt;/span&gt;&lt;span style="color: var(--highlight-default)"&gt;$this&lt;/span&gt;&lt;span style="color: var(--highlight-keyword)"&gt;-&amp;gt;&lt;/span&gt;&lt;span style="color: var(--highlight-default)"&gt;resetServices&amp;nbsp;&lt;/span&gt;&lt;span style="color: var(--highlight-keyword)"&gt;=&amp;nbsp;&lt;/span&gt;&lt;span style="color: var(--highlight-default)"&gt;true&lt;/span&gt;&lt;span style="color: var(--highlight-keyword)"&gt;;&lt;/span&gt;&lt;/code&gt;&lt;/li&gt;
&lt;li&gt;&lt;code&gt;&lt;span style="color: var(--highlight-keyword)"&gt;&lt;/span&gt;&lt;/code&gt;&lt;/li&gt;
&lt;li&gt;&lt;code&gt;&lt;span style="color: var(--highlight-keyword)"&gt;&amp;nbsp;&amp;nbsp;&amp;nbsp;&amp;nbsp;&amp;nbsp;&amp;nbsp;&amp;nbsp;&amp;nbsp;try&amp;nbsp;{&lt;/span&gt;&lt;/code&gt;&lt;/li&gt;
&lt;li class="selected"&gt;&lt;code&gt;&lt;span style="color: var(--highlight-keyword)"&gt;&amp;nbsp;&amp;nbsp;&amp;nbsp;&amp;nbsp;&amp;nbsp;&amp;nbsp;&amp;nbsp;&amp;nbsp;&amp;nbsp;&amp;nbsp;&amp;nbsp;&amp;nbsp;return&amp;nbsp;&lt;/span&gt;&lt;span style="color: var(--highlight-default)"&gt;$this&lt;/span&gt;&lt;span style="color: var(--highlight-keyword)"&gt;-&amp;gt;&lt;/span&gt;&lt;span style="color: var(--highlight-default)"&gt;getHttpKernel&lt;/span&gt;&lt;span style="color: var(--highlight-keyword)"&gt;()-&amp;gt;&lt;/span&gt;&lt;span style="color: var(--highlight-default)"&gt;handle&lt;/span&gt;&lt;span style="color: var(--highlight-keyword)"&gt;(&lt;/span&gt;&lt;span style="color: var(--highlight-default)"&gt;$request&lt;/span&gt;&lt;span style="color: var(--highlight-keyword)"&gt;,&amp;nbsp;&lt;/span&gt;&lt;span style="color: var(--highlight-default)"&gt;$type&lt;/span&gt;&lt;span style="color: var(--highlight-keyword)"&gt;,&amp;nbsp;&lt;/span&gt;&lt;span style="color: var(--highlight-default)"&gt;$catch&lt;/span&gt;&lt;span style="color: var(--highlight-keyword)"&gt;);&lt;/span&gt;&lt;/code&gt;&lt;/li&gt;
&lt;li&gt;&lt;code&gt;&lt;span style="color: var(--highlight-keyword)"&gt;&amp;nbsp;&amp;nbsp;&amp;nbsp;&amp;nbsp;&amp;nbsp;&amp;nbsp;&amp;nbsp;&amp;nbsp;}&amp;nbsp;finally&amp;nbsp;{&lt;/span&gt;&lt;/code&gt;&lt;/li&gt;
&lt;li&gt;&lt;code&gt;&lt;span style="color: var(--highlight-keyword)"&gt;&amp;nbsp;&amp;nbsp;&amp;nbsp;&amp;nbsp;&amp;nbsp;&amp;nbsp;&amp;nbsp;&amp;nbsp;&amp;nbsp;&amp;nbsp;&amp;nbsp;&amp;nbsp;--&lt;/span&gt;&lt;span style="color: var(--highlight-default)"&gt;$this&lt;/span&gt;&lt;span style="color: var(--highlight-keyword)"&gt;-&amp;gt;&lt;/span&gt;&lt;span style="color: var(--highlight-default)"&gt;requestStackSize&lt;/span&gt;&lt;span style="color: var(--highlight-keyword)"&gt;;&lt;/span&gt;&lt;/code&gt;&lt;/li&gt;
&lt;li&gt;&lt;code&gt;&lt;span style="color: var(--highlight-keyword)"&gt;&amp;nbsp;&amp;nbsp;&amp;nbsp;&amp;nbsp;&amp;nbsp;&amp;nbsp;&amp;nbsp;&amp;nbsp;}&lt;/span&gt;&lt;/code&gt;&lt;/li&gt;
&lt;li&gt;&lt;code&gt;&lt;span style="color: var(--highlight-keyword)"&gt;&amp;nbsp;&amp;nbsp;&amp;nbsp;&amp;nbsp;}&lt;/span&gt;&lt;/code&gt;&lt;/li&gt;
&lt;li&gt;&lt;code&gt;&lt;span style="color: var(--highlight-keyword)"&gt;&lt;/span&gt;&lt;/code&gt;&lt;/li&gt;&lt;/ol&gt;    &lt;/div&gt;            &lt;/div&gt;
                        &lt;div class="trace-line "&gt;
                &lt;div class="trace-line-header break-long-words sf-toggle" data-toggle-selector="#trace-html-1-13" data-toggle-initial=""&gt;
            &lt;span class="icon icon-close"&gt;&lt;svg width="1792" height="1792" viewBox="0 0 1792 1792" xmlns="http://www.w3.org/2000/svg"&gt;&lt;path d="M1408 960V832q0-26-19-45t-45-19H448q-26 0-45 19t-19 45v128q0 26 19 45t45 19h896q26 0 45-19t19-45zm256-544v960q0 119-84.5 203.5T1376 1664H416q-119 0-203.5-84.5T128 1376V416q0-119 84.5-203.5T416 128h960q119 0 203.5 84.5T1664 416z"/&gt;&lt;/svg&gt;&lt;/span&gt;
        &lt;span class="icon icon-open"&gt;&lt;svg width="1792" height="1792" viewBox="0 0 1792 1792" xmlns="http://www.w3.org/2000/svg"&gt;&lt;path d="M1408 960V832q0-26-19-45t-45-19h-320V448q0-26-19-45t-45-19H832q-26 0-45 19t-19 45v320H448q-26 0-45 19t-19 45v128q0 26 19 45t45 19h320v320q0 26 19 45t45 19h128q26 0 45-19t19-45v-320h320q26 0 45-19t19-45zm256-544v960q0 119-84.5 203.5T1376 1664H416q-119 0-203.5-84.5T128 1376V416q0-119 84.5-203.5T416 128h960q119 0 203.5 84.5T1664 416z"/&gt;&lt;/svg&gt;&lt;/span&gt;
    
            &lt;span class="trace-class"&gt;&lt;abbr title="Symfony\Component\HttpKernel\Kernel"&gt;Kernel&lt;/abbr&gt;&lt;/span&gt;&lt;span class="trace-type"&gt;-&gt;&lt;/span&gt;&lt;span class="trace-method"&gt;handle&lt;/span&gt;&lt;span class="trace-arguments"&gt;()&lt;/span&gt;    
                    &lt;span class="block trace-file-path"&gt;
            in
            &lt;a href=""&gt;
                C:\Users\eman\Documents\GitHub\car_dealer\vendor\symfony\http-kernel\&lt;strong&gt;HttpKernelBrowser.php&lt;/strong&gt;
            &lt;/a&gt;
                        (line 65)
            &lt;span class="icon icon-copy hidden" data-clipboard-text="C:\Users\eman\Documents\GitHub\car_dealer\vendor\symfony\http-kernel\HttpKernelBrowser.php:65"&gt;
                &lt;svg xmlns="http://www.w3.org/2000/svg" height="24" viewBox="0 0 24 24" width="24"&gt;&lt;path d="M0 0h24v24H0z" fill="none"/&gt;&lt;path d="M16 1H4c-1.1 0-2 .9-2 2v14h2V3h12V1zm3 4H8c-1.1 0-2 .9-2 2v14c0 1.1.9 2 2 2h11c1.1 0 2-.9 2-2V7c0-1.1-.9-2-2-2zm0 16H8V7h11v14z"/&gt;&lt;/svg&gt;            &lt;/span&gt;
        &lt;/span&gt;
    &lt;/div&gt;
    &lt;div id="trace-html-1-13" class="trace-code sf-toggle-content"&gt;
        &lt;ol start="60"&gt;&lt;li&gt;&lt;code&gt;&lt;span style="color: var(--highlight-comment)"&gt;&amp;nbsp;&amp;nbsp;&amp;nbsp;&amp;nbsp;&amp;nbsp;*&lt;/span&gt;&lt;/code&gt;&lt;/li&gt;
&lt;li&gt;&lt;code&gt;&lt;span style="color: var(--highlight-comment)"&gt;&amp;nbsp;&amp;nbsp;&amp;nbsp;&amp;nbsp;&amp;nbsp;*&amp;nbsp;@return&amp;nbsp;Response&lt;/span&gt;&lt;/code&gt;&lt;/li&gt;
&lt;li&gt;&lt;code&gt;&lt;span style="color: var(--highlight-comment)"&gt;&amp;nbsp;&amp;nbsp;&amp;nbsp;&amp;nbsp;&amp;nbsp;*/&lt;/span&gt;&lt;/code&gt;&lt;/li&gt;
&lt;li&gt;&lt;code&gt;&lt;span style="color: var(--highlight-comment)"&gt;&amp;nbsp;&amp;nbsp;&amp;nbsp;&amp;nbsp;&lt;/span&gt;&lt;span style="color: var(--highlight-keyword)"&gt;protected&amp;nbsp;function&amp;nbsp;&lt;/span&gt;&lt;span style="color: var(--highlight-default)"&gt;doRequest&lt;/span&gt;&lt;span style="color: var(--highlight-keyword)"&gt;(&lt;/span&gt;&lt;span style="color: var(--highlight-default)"&gt;object&amp;nbsp;$request&lt;/span&gt;&lt;span style="color: var(--highlight-keyword)"&gt;)&lt;/span&gt;&lt;/code&gt;&lt;/li&gt;
&lt;li&gt;&lt;code&gt;&lt;span style="color: var(--highlight-keyword)"&gt;&amp;nbsp;&amp;nbsp;&amp;nbsp;&amp;nbsp;{&lt;/span&gt;&lt;/code&gt;&lt;/li&gt;
&lt;li class="selected"&gt;&lt;code&gt;&lt;span style="color: var(--highlight-keyword)"&gt;&amp;nbsp;&amp;nbsp;&amp;nbsp;&amp;nbsp;&amp;nbsp;&amp;nbsp;&amp;nbsp;&amp;nbsp;&lt;/span&gt;&lt;span style="color: var(--highlight-default)"&gt;$response&amp;nbsp;&lt;/span&gt;&lt;span style="color: var(--highlight-keyword)"&gt;=&amp;nbsp;&lt;/span&gt;&lt;span style="color: var(--highlight-default)"&gt;$this&lt;/span&gt;&lt;span style="color: var(--highlight-keyword)"&gt;-&amp;gt;&lt;/span&gt;&lt;span style="color: var(--highlight-default)"&gt;kernel&lt;/span&gt;&lt;span style="color: var(--highlight-keyword)"&gt;-&amp;gt;&lt;/span&gt;&lt;span style="color: var(--highlight-default)"&gt;handle&lt;/span&gt;&lt;span style="color: var(--highlight-keyword)"&gt;(&lt;/span&gt;&lt;span style="color: var(--highlight-default)"&gt;$request&lt;/span&gt;&lt;span style="color: var(--highlight-keyword)"&gt;,&amp;nbsp;&lt;/span&gt;&lt;span style="color: var(--highlight-default)"&gt;HttpKernelInterface&lt;/span&gt;&lt;span style="color: var(--highlight-keyword)"&gt;::&lt;/span&gt;&lt;span style="color: var(--highlight-default)"&gt;MAIN_REQUEST&lt;/span&gt;&lt;span style="color: var(--highlight-keyword)"&gt;,&amp;nbsp;&lt;/span&gt;&lt;span style="color: var(--highlight-default)"&gt;$this&lt;/span&gt;&lt;span style="color: var(--highlight-keyword)"&gt;-&amp;gt;&lt;/span&gt;&lt;span style="color: var(--highlight-default)"&gt;catchExceptions&lt;/span&gt;&lt;span style="color: var(--highlight-keyword)"&gt;);&lt;/span&gt;&lt;/code&gt;&lt;/li&gt;
&lt;li&gt;&lt;code&gt;&lt;span style="color: var(--highlight-keyword)"&gt;&lt;/span&gt;&lt;/code&gt;&lt;/li&gt;
&lt;li&gt;&lt;code&gt;&lt;span style="color: var(--highlight-keyword)"&gt;&amp;nbsp;&amp;nbsp;&amp;nbsp;&amp;nbsp;&amp;nbsp;&amp;nbsp;&amp;nbsp;&amp;nbsp;if&amp;nbsp;(&lt;/span&gt;&lt;span style="color: var(--highlight-default)"&gt;$this&lt;/span&gt;&lt;span style="color: var(--highlight-keyword)"&gt;-&amp;gt;&lt;/span&gt;&lt;span style="color: var(--highlight-default)"&gt;kernel&amp;nbsp;&lt;/span&gt;&lt;span style="color: var(--highlight-keyword)"&gt;instanceof&amp;nbsp;&lt;/span&gt;&lt;span style="color: var(--highlight-default)"&gt;TerminableInterface&lt;/span&gt;&lt;span style="color: var(--highlight-keyword)"&gt;)&amp;nbsp;{&lt;/span&gt;&lt;/code&gt;&lt;/li&gt;
&lt;li&gt;&lt;code&gt;&lt;span style="color: var(--highlight-keyword)"&gt;&amp;nbsp;&amp;nbsp;&amp;nbsp;&amp;nbsp;&amp;nbsp;&amp;nbsp;&amp;nbsp;&amp;nbsp;&amp;nbsp;&amp;nbsp;&amp;nbsp;&amp;nbsp;&lt;/span&gt;&lt;span style="color: var(--highlight-default)"&gt;$this&lt;/span&gt;&lt;span style="color: var(--highlight-keyword)"&gt;-&amp;gt;&lt;/span&gt;&lt;span style="color: var(--highlight-default)"&gt;kernel&lt;/span&gt;&lt;span style="color: var(--highlight-keyword)"&gt;-&amp;gt;&lt;/span&gt;&lt;span style="color: var(--highlight-default)"&gt;terminate&lt;/span&gt;&lt;span style="color: var(--highlight-keyword)"&gt;(&lt;/span&gt;&lt;span style="color: var(--highlight-default)"&gt;$request&lt;/span&gt;&lt;span style="color: var(--highlight-keyword)"&gt;,&amp;nbsp;&lt;/span&gt;&lt;span style="color: var(--highlight-default)"&gt;$response&lt;/span&gt;&lt;span style="color: var(--highlight-keyword)"&gt;);&lt;/span&gt;&lt;/code&gt;&lt;/li&gt;
&lt;li&gt;&lt;code&gt;&lt;span style="color: var(--highlight-keyword)"&gt;&amp;nbsp;&amp;nbsp;&amp;nbsp;&amp;nbsp;&amp;nbsp;&amp;nbsp;&amp;nbsp;&amp;nbsp;}&lt;/span&gt;&lt;/code&gt;&lt;/li&gt;
&lt;li&gt;&lt;code&gt;&lt;span style="color: var(--highlight-keyword)"&gt;&lt;/span&gt;&lt;/code&gt;&lt;/li&gt;&lt;/ol&gt;    &lt;/div&gt;            &lt;/div&gt;
                        &lt;div class="trace-line "&gt;
                &lt;div class="trace-line-header break-long-words sf-toggle" data-toggle-selector="#trace-html-1-14" data-toggle-initial=""&gt;
            &lt;span class="icon icon-close"&gt;&lt;svg width="1792" height="1792" viewBox="0 0 1792 1792" xmlns="http://www.w3.org/2000/svg"&gt;&lt;path d="M1408 960V832q0-26-19-45t-45-19H448q-26 0-45 19t-19 45v128q0 26 19 45t45 19h896q26 0 45-19t19-45zm256-544v960q0 119-84.5 203.5T1376 1664H416q-119 0-203.5-84.5T128 1376V416q0-119 84.5-203.5T416 128h960q119 0 203.5 84.5T1664 416z"/&gt;&lt;/svg&gt;&lt;/span&gt;
        &lt;span class="icon icon-open"&gt;&lt;svg width="1792" height="1792" viewBox="0 0 1792 1792" xmlns="http://www.w3.org/2000/svg"&gt;&lt;path d="M1408 960V832q0-26-19-45t-45-19h-320V448q0-26-19-45t-45-19H832q-26 0-45 19t-19 45v320H448q-26 0-45 19t-19 45v128q0 26 19 45t45 19h320v320q0 26 19 45t45 19h128q26 0 45-19t19-45v-320h320q26 0 45-19t19-45zm256-544v960q0 119-84.5 203.5T1376 1664H416q-119 0-203.5-84.5T128 1376V416q0-119 84.5-203.5T416 128h960q119 0 203.5 84.5T1664 416z"/&gt;&lt;/svg&gt;&lt;/span&gt;
    
            &lt;span class="trace-class"&gt;&lt;abbr title="Symfony\Component\HttpKernel\HttpKernelBrowser"&gt;HttpKernelBrowser&lt;/abbr&gt;&lt;/span&gt;&lt;span class="trace-type"&gt;-&gt;&lt;/span&gt;&lt;span class="trace-method"&gt;doRequest&lt;/span&gt;&lt;span class="trace-arguments"&gt;()&lt;/span&gt;    
                    &lt;span class="block trace-file-path"&gt;
            in
            &lt;a href=""&gt;
                C:\Users\eman\Documents\GitHub\car_dealer\vendor\symfony\framework-bundle\&lt;strong&gt;KernelBrowser.php&lt;/strong&gt;
            &lt;/a&gt;
                        (line 171)
            &lt;span class="icon icon-copy hidden" data-clipboard-text="C:\Users\eman\Documents\GitHub\car_dealer\vendor\symfony\framework-bundle\KernelBrowser.php:171"&gt;
                &lt;svg xmlns="http://www.w3.org/2000/svg" height="24" viewBox="0 0 24 24" width="24"&gt;&lt;path d="M0 0h24v24H0z" fill="none"/&gt;&lt;path d="M16 1H4c-1.1 0-2 .9-2 2v14h2V3h12V1zm3 4H8c-1.1 0-2 .9-2 2v14c0 1.1.9 2 2 2h11c1.1 0 2-.9 2-2V7c0-1.1-.9-2-2-2zm0 16H8V7h11v14z"/&gt;&lt;/svg&gt;            &lt;/span&gt;
        &lt;/span&gt;
    &lt;/div&gt;
    &lt;div id="trace-html-1-14" class="trace-code sf-toggle-content"&gt;
        &lt;ol start="166"&gt;&lt;li&gt;&lt;code&gt;&lt;span style="color: var(--highlight-keyword)"&gt;&lt;/span&gt;&lt;/code&gt;&lt;/li&gt;
&lt;li&gt;&lt;code&gt;&lt;span style="color: var(--highlight-keyword)"&gt;&amp;nbsp;&amp;nbsp;&amp;nbsp;&amp;nbsp;&amp;nbsp;&amp;nbsp;&amp;nbsp;&amp;nbsp;&amp;nbsp;&amp;nbsp;&amp;nbsp;&amp;nbsp;&lt;/span&gt;&lt;span style="color: var(--highlight-default)"&gt;$this&lt;/span&gt;&lt;span style="color: var(--highlight-keyword)"&gt;-&amp;gt;&lt;/span&gt;&lt;span style="color: var(--highlight-default)"&gt;kernel&lt;/span&gt;&lt;span style="color: var(--highlight-keyword)"&gt;-&amp;gt;&lt;/span&gt;&lt;span style="color: var(--highlight-default)"&gt;boot&lt;/span&gt;&lt;span style="color: var(--highlight-keyword)"&gt;();&lt;/span&gt;&lt;/code&gt;&lt;/li&gt;
&lt;li&gt;&lt;code&gt;&lt;span style="color: var(--highlight-keyword)"&gt;&amp;nbsp;&amp;nbsp;&amp;nbsp;&amp;nbsp;&amp;nbsp;&amp;nbsp;&amp;nbsp;&amp;nbsp;&amp;nbsp;&amp;nbsp;&amp;nbsp;&amp;nbsp;&lt;/span&gt;&lt;span style="color: var(--highlight-default)"&gt;$this&lt;/span&gt;&lt;span style="color: var(--highlight-keyword)"&gt;-&amp;gt;&lt;/span&gt;&lt;span style="color: var(--highlight-default)"&gt;getContainer&lt;/span&gt;&lt;span style="color: var(--highlight-keyword)"&gt;()-&amp;gt;&lt;/span&gt;&lt;span style="color: var(--highlight-default)"&gt;get&lt;/span&gt;&lt;span style="color: var(--highlight-keyword)"&gt;(&lt;/span&gt;&lt;span style="color: var(--highlight-string)"&gt;'profiler'&lt;/span&gt;&lt;span style="color: var(--highlight-keyword)"&gt;)-&amp;gt;&lt;/span&gt;&lt;span style="color: var(--highlight-default)"&gt;enable&lt;/span&gt;&lt;span style="color: var(--highlight-keyword)"&gt;();&lt;/span&gt;&lt;/code&gt;&lt;/li&gt;
&lt;li&gt;&lt;code&gt;&lt;span style="color: var(--highlight-keyword)"&gt;&amp;nbsp;&amp;nbsp;&amp;nbsp;&amp;nbsp;&amp;nbsp;&amp;nbsp;&amp;nbsp;&amp;nbsp;}&lt;/span&gt;&lt;/code&gt;&lt;/li&gt;
&lt;li&gt;&lt;code&gt;&lt;span style="color: var(--highlight-keyword)"&gt;&lt;/span&gt;&lt;/code&gt;&lt;/li&gt;
&lt;li class="selected"&gt;&lt;code&gt;&lt;span style="color: var(--highlight-keyword)"&gt;&amp;nbsp;&amp;nbsp;&amp;nbsp;&amp;nbsp;&amp;nbsp;&amp;nbsp;&amp;nbsp;&amp;nbsp;return&amp;nbsp;&lt;/span&gt;&lt;span style="color: var(--highlight-default)"&gt;parent&lt;/span&gt;&lt;span style="color: var(--highlight-keyword)"&gt;::&lt;/span&gt;&lt;span style="color: var(--highlight-default)"&gt;doRequest&lt;/span&gt;&lt;span style="color: var(--highlight-keyword)"&gt;(&lt;/span&gt;&lt;span style="color: var(--highlight-default)"&gt;$request&lt;/span&gt;&lt;span style="color: var(--highlight-keyword)"&gt;);&lt;/span&gt;&lt;/code&gt;&lt;/li&gt;
&lt;li&gt;&lt;code&gt;&lt;span style="color: var(--highlight-keyword)"&gt;&amp;nbsp;&amp;nbsp;&amp;nbsp;&amp;nbsp;}&lt;/span&gt;&lt;/code&gt;&lt;/li&gt;
&lt;li&gt;&lt;code&gt;&lt;span style="color: var(--highlight-keyword)"&gt;&lt;/span&gt;&lt;/code&gt;&lt;/li&gt;
&lt;li&gt;&lt;code&gt;&lt;span style="color: var(--highlight-keyword)"&gt;&amp;nbsp;&amp;nbsp;&amp;nbsp;&amp;nbsp;&lt;/span&gt;&lt;span style="color: var(--highlight-comment)"&gt;/**&lt;/span&gt;&lt;/code&gt;&lt;/li&gt;
&lt;li&gt;&lt;code&gt;&lt;span style="color: var(--highlight-comment)"&gt;&amp;nbsp;&amp;nbsp;&amp;nbsp;&amp;nbsp;&amp;nbsp;*&amp;nbsp;{@inheritdoc}&lt;/span&gt;&lt;/code&gt;&lt;/li&gt;
&lt;li&gt;&lt;code&gt;&lt;span style="color: var(--highlight-comment)"&gt;&amp;nbsp;&amp;nbsp;&amp;nbsp;&amp;nbsp;&amp;nbsp;*&lt;/span&gt;&lt;/code&gt;&lt;/li&gt;&lt;/ol&gt;    &lt;/div&gt;            &lt;/div&gt;
                        &lt;div class="trace-line "&gt;
                &lt;div class="trace-line-header break-long-words sf-toggle" data-toggle-selector="#trace-html-1-15" data-toggle-initial=""&gt;
            &lt;span class="icon icon-close"&gt;&lt;svg width="1792" height="1792" viewBox="0 0 1792 1792" xmlns="http://www.w3.org/2000/svg"&gt;&lt;path d="M1408 960V832q0-26-19-45t-45-19H448q-26 0-45 19t-19 45v128q0 26 19 45t45 19h896q26 0 45-19t19-45zm256-544v960q0 119-84.5 203.5T1376 1664H416q-119 0-203.5-84.5T128 1376V416q0-119 84.5-203.5T416 128h960q119 0 203.5 84.5T1664 416z"/&gt;&lt;/svg&gt;&lt;/span&gt;
        &lt;span class="icon icon-open"&gt;&lt;svg width="1792" height="1792" viewBox="0 0 1792 1792" xmlns="http://www.w3.org/2000/svg"&gt;&lt;path d="M1408 960V832q0-26-19-45t-45-19h-320V448q0-26-19-45t-45-19H832q-26 0-45 19t-19 45v320H448q-26 0-45 19t-19 45v128q0 26 19 45t45 19h320v320q0 26 19 45t45 19h128q26 0 45-19t19-45v-320h320q26 0 45-19t19-45zm256-544v960q0 119-84.5 203.5T1376 1664H416q-119 0-203.5-84.5T128 1376V416q0-119 84.5-203.5T416 128h960q119 0 203.5 84.5T1664 416z"/&gt;&lt;/svg&gt;&lt;/span&gt;
    
            &lt;span class="trace-class"&gt;&lt;abbr title="Symfony\Bundle\FrameworkBundle\KernelBrowser"&gt;KernelBrowser&lt;/abbr&gt;&lt;/span&gt;&lt;span class="trace-type"&gt;-&gt;&lt;/span&gt;&lt;span class="trace-method"&gt;doRequest&lt;/span&gt;&lt;span class="trace-arguments"&gt;()&lt;/span&gt;    
                    &lt;span class="block trace-file-path"&gt;
            in
            &lt;a href=""&gt;
                C:\Users\eman\Documents\GitHub\car_dealer\vendor\symfony\browser-kit\&lt;strong&gt;AbstractBrowser.php&lt;/strong&gt;
            &lt;/a&gt;
                        (line 370)
            &lt;span class="icon icon-copy hidden" data-clipboard-text="C:\Users\eman\Documents\GitHub\car_dealer\vendor\symfony\browser-kit\AbstractBrowser.php:370"&gt;
                &lt;svg xmlns="http://www.w3.org/2000/svg" height="24" viewBox="0 0 24 24" width="24"&gt;&lt;path d="M0 0h24v24H0z" fill="none"/&gt;&lt;path d="M16 1H4c-1.1 0-2 .9-2 2v14h2V3h12V1zm3 4H8c-1.1 0-2 .9-2 2v14c0 1.1.9 2 2 2h11c1.1 0 2-.9 2-2V7c0-1.1-.9-2-2-2zm0 16H8V7h11v14z"/&gt;&lt;/svg&gt;            &lt;/span&gt;
        &lt;/span&gt;
    &lt;/div&gt;
    &lt;div id="trace-html-1-15" class="trace-code sf-toggle-content"&gt;
        &lt;ol start="365"&gt;&lt;li&gt;&lt;code&gt;&lt;span style="color: var(--highlight-keyword)"&gt;&amp;nbsp;&amp;nbsp;&amp;nbsp;&amp;nbsp;&amp;nbsp;&amp;nbsp;&amp;nbsp;&amp;nbsp;}&lt;/span&gt;&lt;/code&gt;&lt;/li&gt;
&lt;li&gt;&lt;code&gt;&lt;span style="color: var(--highlight-keyword)"&gt;&lt;/span&gt;&lt;/code&gt;&lt;/li&gt;
&lt;li&gt;&lt;code&gt;&lt;span style="color: var(--highlight-keyword)"&gt;&amp;nbsp;&amp;nbsp;&amp;nbsp;&amp;nbsp;&amp;nbsp;&amp;nbsp;&amp;nbsp;&amp;nbsp;if&amp;nbsp;(&lt;/span&gt;&lt;span style="color: var(--highlight-default)"&gt;$this&lt;/span&gt;&lt;span style="color: var(--highlight-keyword)"&gt;-&amp;gt;&lt;/span&gt;&lt;span style="color: var(--highlight-default)"&gt;insulated&lt;/span&gt;&lt;span style="color: var(--highlight-keyword)"&gt;)&amp;nbsp;{&lt;/span&gt;&lt;/code&gt;&lt;/li&gt;
&lt;li&gt;&lt;code&gt;&lt;span style="color: var(--highlight-keyword)"&gt;&amp;nbsp;&amp;nbsp;&amp;nbsp;&amp;nbsp;&amp;nbsp;&amp;nbsp;&amp;nbsp;&amp;nbsp;&amp;nbsp;&amp;nbsp;&amp;nbsp;&amp;nbsp;&lt;/span&gt;&lt;span style="color: var(--highlight-default)"&gt;$this&lt;/span&gt;&lt;span style="color: var(--highlight-keyword)"&gt;-&amp;gt;&lt;/span&gt;&lt;span style="color: var(--highlight-default)"&gt;response&amp;nbsp;&lt;/span&gt;&lt;span style="color: var(--highlight-keyword)"&gt;=&amp;nbsp;&lt;/span&gt;&lt;span style="color: var(--highlight-default)"&gt;$this&lt;/span&gt;&lt;span style="color: var(--highlight-keyword)"&gt;-&amp;gt;&lt;/span&gt;&lt;span style="color: var(--highlight-default)"&gt;doRequestInProcess&lt;/span&gt;&lt;span style="color: var(--highlight-keyword)"&gt;(&lt;/span&gt;&lt;span style="color: var(--highlight-default)"&gt;$this&lt;/span&gt;&lt;span style="color: var(--highlight-keyword)"&gt;-&amp;gt;&lt;/span&gt;&lt;span style="color: var(--highlight-default)"&gt;request&lt;/span&gt;&lt;span style="color: var(--highlight-keyword)"&gt;);&lt;/span&gt;&lt;/code&gt;&lt;/li&gt;
&lt;li&gt;&lt;code&gt;&lt;span style="color: var(--highlight-keyword)"&gt;&amp;nbsp;&amp;nbsp;&amp;nbsp;&amp;nbsp;&amp;nbsp;&amp;nbsp;&amp;nbsp;&amp;nbsp;}&amp;nbsp;else&amp;nbsp;{&lt;/span&gt;&lt;/code&gt;&lt;/li&gt;
&lt;li class="selected"&gt;&lt;code&gt;&lt;span style="color: var(--highlight-keyword)"&gt;&amp;nbsp;&amp;nbsp;&amp;nbsp;&amp;nbsp;&amp;nbsp;&amp;nbsp;&amp;nbsp;&amp;nbsp;&amp;nbsp;&amp;nbsp;&amp;nbsp;&amp;nbsp;&lt;/span&gt;&lt;span style="color: var(--highlight-default)"&gt;$this&lt;/span&gt;&lt;span style="color: var(--highlight-keyword)"&gt;-&amp;gt;&lt;/span&gt;&lt;span style="color: var(--highlight-default)"&gt;response&amp;nbsp;&lt;/span&gt;&lt;span style="color: var(--highlight-keyword)"&gt;=&amp;nbsp;&lt;/span&gt;&lt;span style="color: var(--highlight-default)"&gt;$this&lt;/span&gt;&lt;span style="color: var(--highlight-keyword)"&gt;-&amp;gt;&lt;/span&gt;&lt;span style="color: var(--highlight-default)"&gt;doRequest&lt;/span&gt;&lt;span style="color: var(--highlight-keyword)"&gt;(&lt;/span&gt;&lt;span style="color: var(--highlight-default)"&gt;$this&lt;/span&gt;&lt;span style="color: var(--highlight-keyword)"&gt;-&amp;gt;&lt;/span&gt;&lt;span style="color: var(--highlight-default)"&gt;request&lt;/span&gt;&lt;span style="color: var(--highlight-keyword)"&gt;);&lt;/span&gt;&lt;/code&gt;&lt;/li&gt;
&lt;li&gt;&lt;code&gt;&lt;span style="color: var(--highlight-keyword)"&gt;&amp;nbsp;&amp;nbsp;&amp;nbsp;&amp;nbsp;&amp;nbsp;&amp;nbsp;&amp;nbsp;&amp;nbsp;}&lt;/span&gt;&lt;/code&gt;&lt;/li&gt;
&lt;li&gt;&lt;code&gt;&lt;span style="color: var(--highlight-keyword)"&gt;&lt;/span&gt;&lt;/code&gt;&lt;/li&gt;
&lt;li&gt;&lt;code&gt;&lt;span style="color: var(--highlight-keyword)"&gt;&amp;nbsp;&amp;nbsp;&amp;nbsp;&amp;nbsp;&amp;nbsp;&amp;nbsp;&amp;nbsp;&amp;nbsp;&lt;/span&gt;&lt;span style="color: var(--highlight-default)"&gt;$this&lt;/span&gt;&lt;span style="color: var(--highlight-keyword)"&gt;-&amp;gt;&lt;/span&gt;&lt;span style="color: var(--highlight-default)"&gt;internalResponse&amp;nbsp;&lt;/span&gt;&lt;span style="color: var(--highlight-keyword)"&gt;=&amp;nbsp;&lt;/span&gt;&lt;span style="color: var(--highlight-default)"&gt;$this&lt;/span&gt;&lt;span style="color: var(--highlight-keyword)"&gt;-&amp;gt;&lt;/span&gt;&lt;span style="color: var(--highlight-default)"&gt;filterResponse&lt;/span&gt;&lt;span style="color: var(--highlight-keyword)"&gt;(&lt;/span&gt;&lt;span style="color: var(--highlight-default)"&gt;$this&lt;/span&gt;&lt;span style="color: var(--highlight-keyword)"&gt;-&amp;gt;&lt;/span&gt;&lt;span style="color: var(--highlight-default)"&gt;response&lt;/span&gt;&lt;span style="color: var(--highlight-keyword)"&gt;);&lt;/span&gt;&lt;/code&gt;&lt;/li&gt;
&lt;li&gt;&lt;code&gt;&lt;span style="color: var(--highlight-keyword)"&gt;&lt;/span&gt;&lt;/code&gt;&lt;/li&gt;
&lt;li&gt;&lt;code&gt;&lt;span style="color: var(--highlight-keyword)"&gt;&amp;nbsp;&amp;nbsp;&amp;nbsp;&amp;nbsp;&amp;nbsp;&amp;nbsp;&amp;nbsp;&amp;nbsp;&lt;/span&gt;&lt;span style="color: var(--highlight-default)"&gt;$this&lt;/span&gt;&lt;span style="color: var(--highlight-keyword)"&gt;-&amp;gt;&lt;/span&gt;&lt;span style="color: var(--highlight-default)"&gt;cookieJar&lt;/span&gt;&lt;span style="color: var(--highlight-keyword)"&gt;-&amp;gt;&lt;/span&gt;&lt;span style="color: var(--highlight-default)"&gt;updateFromResponse&lt;/span&gt;&lt;span style="color: var(--highlight-keyword)"&gt;(&lt;/span&gt;&lt;span style="color: var(--highlight-default)"&gt;$this&lt;/span&gt;&lt;span style="color: var(--highlight-keyword)"&gt;-&amp;gt;&lt;/span&gt;&lt;span style="color: var(--highlight-default)"&gt;internalResponse&lt;/span&gt;&lt;span style="color: var(--highlight-keyword)"&gt;,&amp;nbsp;&lt;/span&gt;&lt;span style="color: var(--highlight-default)"&gt;$uri&lt;/span&gt;&lt;span style="color: var(--highlight-keyword)"&gt;);&lt;/span&gt;&lt;/code&gt;&lt;/li&gt;&lt;/ol&gt;    &lt;/div&gt;            &lt;/div&gt;
                        &lt;div class="trace-line "&gt;
                &lt;div class="trace-line-header break-long-words sf-toggle" data-toggle-selector="#trace-html-1-16" data-toggle-initial=""&gt;
            &lt;span class="icon icon-close"&gt;&lt;svg width="1792" height="1792" viewBox="0 0 1792 1792" xmlns="http://www.w3.org/2000/svg"&gt;&lt;path d="M1408 960V832q0-26-19-45t-45-19H448q-26 0-45 19t-19 45v128q0 26 19 45t45 19h896q26 0 45-19t19-45zm256-544v960q0 119-84.5 203.5T1376 1664H416q-119 0-203.5-84.5T128 1376V416q0-119 84.5-203.5T416 128h960q119 0 203.5 84.5T1664 416z"/&gt;&lt;/svg&gt;&lt;/span&gt;
        &lt;span class="icon icon-open"&gt;&lt;svg width="1792" height="1792" viewBox="0 0 1792 1792" xmlns="http://www.w3.org/2000/svg"&gt;&lt;path d="M1408 960V832q0-26-19-45t-45-19h-320V448q0-26-19-45t-45-19H832q-26 0-45 19t-19 45v320H448q-26 0-45 19t-19 45v128q0 26 19 45t45 19h320v320q0 26 19 45t45 19h128q26 0 45-19t19-45v-320h320q26 0 45-19t19-45zm256-544v960q0 119-84.5 203.5T1376 1664H416q-119 0-203.5-84.5T128 1376V416q0-119 84.5-203.5T416 128h960q119 0 203.5 84.5T1664 416z"/&gt;&lt;/svg&gt;&lt;/span&gt;
    
            &lt;span class="trace-class"&gt;&lt;abbr title="Symfony\Component\BrowserKit\AbstractBrowser"&gt;AbstractBrowser&lt;/abbr&gt;&lt;/span&gt;&lt;span class="trace-type"&gt;-&gt;&lt;/span&gt;&lt;span class="trace-method"&gt;request&lt;/span&gt;&lt;span class="trace-arguments"&gt;()&lt;/span&gt;    
                    &lt;span class="block trace-file-path"&gt;
            in
            &lt;a href=""&gt;
                C:\Users\eman\Documents\GitHub\car_dealer\tests\WebTest\&lt;strong&gt;CarsPageTest.php&lt;/strong&gt;
            &lt;/a&gt;
                        (line 28)
            &lt;span class="icon icon-copy hidden" data-clipboard-text="C:\Users\eman\Documents\GitHub\car_dealer\tests\WebTest\CarsPageTest.php:28"&gt;
                &lt;svg xmlns="http://www.w3.org/2000/svg" height="24" viewBox="0 0 24 24" width="24"&gt;&lt;path d="M0 0h24v24H0z" fill="none"/&gt;&lt;path d="M16 1H4c-1.1 0-2 .9-2 2v14h2V3h12V1zm3 4H8c-1.1 0-2 .9-2 2v14c0 1.1.9 2 2 2h11c1.1 0 2-.9 2-2V7c0-1.1-.9-2-2-2zm0 16H8V7h11v14z"/&gt;&lt;/svg&gt;            &lt;/span&gt;
        &lt;/span&gt;
    &lt;/div&gt;
    &lt;div id="trace-html-1-16" class="trace-code sf-toggle-content"&gt;
        &lt;ol start="23"&gt;&lt;li&gt;&lt;code&gt;&lt;span style="color: var(--highlight-keyword)"&gt;&amp;nbsp;&amp;nbsp;&amp;nbsp;&amp;nbsp;&amp;nbsp;&amp;nbsp;&amp;nbsp;&amp;nbsp;&lt;/span&gt;&lt;span style="color: var(--highlight-default)"&gt;$url&amp;nbsp;&lt;/span&gt;&lt;span style="color: var(--highlight-keyword)"&gt;=&amp;nbsp;&lt;/span&gt;&lt;span style="color: var(--highlight-string)"&gt;'/Cars'&lt;/span&gt;&lt;span style="color: var(--highlight-keyword)"&gt;;&lt;/span&gt;&lt;/code&gt;&lt;/li&gt;
&lt;li&gt;&lt;code&gt;&lt;span style="color: var(--highlight-keyword)"&gt;&amp;nbsp;&amp;nbsp;&amp;nbsp;&amp;nbsp;&amp;nbsp;&amp;nbsp;&amp;nbsp;&amp;nbsp;&lt;/span&gt;&lt;span style="color: var(--highlight-default)"&gt;$httpMethod&amp;nbsp;&lt;/span&gt;&lt;span style="color: var(--highlight-keyword)"&gt;=&amp;nbsp;&lt;/span&gt;&lt;span style="color: var(--highlight-string)"&gt;'GET'&lt;/span&gt;&lt;span style="color: var(--highlight-keyword)"&gt;;&lt;/span&gt;&lt;/code&gt;&lt;/li&gt;
&lt;li&gt;&lt;code&gt;&lt;span style="color: var(--highlight-keyword)"&gt;&amp;nbsp;&amp;nbsp;&amp;nbsp;&amp;nbsp;&amp;nbsp;&amp;nbsp;&amp;nbsp;&amp;nbsp;&lt;/span&gt;&lt;span style="color: var(--highlight-default)"&gt;$client&amp;nbsp;&lt;/span&gt;&lt;span style="color: var(--highlight-keyword)"&gt;=&amp;nbsp;static::&lt;/span&gt;&lt;span style="color: var(--highlight-default)"&gt;createClient&lt;/span&gt;&lt;span style="color: var(--highlight-keyword)"&gt;();&lt;/span&gt;&lt;/code&gt;&lt;/li&gt;
&lt;li&gt;&lt;code&gt;&lt;span style="color: var(--highlight-keyword)"&gt;&amp;nbsp;&amp;nbsp;&amp;nbsp;&amp;nbsp;&amp;nbsp;&amp;nbsp;&amp;nbsp;&amp;nbsp;&lt;/span&gt;&lt;span style="color: var(--highlight-default)"&gt;$searchText&amp;nbsp;&lt;/span&gt;&lt;span style="color: var(--highlight-keyword)"&gt;=&amp;nbsp;&lt;/span&gt;&lt;span style="color: var(--highlight-string)"&gt;'Cars'&lt;/span&gt;&lt;span style="color: var(--highlight-keyword)"&gt;;&lt;/span&gt;&lt;/code&gt;&lt;/li&gt;
&lt;li&gt;&lt;code&gt;&lt;span style="color: var(--highlight-keyword)"&gt;&amp;nbsp;&amp;nbsp;&amp;nbsp;&amp;nbsp;&amp;nbsp;&amp;nbsp;&amp;nbsp;&amp;nbsp;&lt;/span&gt;&lt;span style="color: var(--highlight-default)"&gt;$cssSelector&amp;nbsp;&lt;/span&gt;&lt;span style="color: var(--highlight-keyword)"&gt;=&amp;nbsp;&lt;/span&gt;&lt;span style="color: var(--highlight-string)"&gt;'h1'&lt;/span&gt;&lt;span style="color: var(--highlight-keyword)"&gt;;&lt;/span&gt;&lt;/code&gt;&lt;/li&gt;
&lt;li class="selected"&gt;&lt;code&gt;&lt;span style="color: var(--highlight-keyword)"&gt;&amp;nbsp;&amp;nbsp;&amp;nbsp;&amp;nbsp;&amp;nbsp;&amp;nbsp;&amp;nbsp;&amp;nbsp;&lt;/span&gt;&lt;span style="color: var(--highlight-default)"&gt;$crawler&amp;nbsp;&lt;/span&gt;&lt;span style="color: var(--highlight-keyword)"&gt;=&amp;nbsp;&lt;/span&gt;&lt;span style="color: var(--highlight-default)"&gt;$client&lt;/span&gt;&lt;span style="color: var(--highlight-keyword)"&gt;-&amp;gt;&lt;/span&gt;&lt;span style="color: var(--highlight-default)"&gt;request&lt;/span&gt;&lt;span style="color: var(--highlight-keyword)"&gt;(&lt;/span&gt;&lt;span style="color: var(--highlight-default)"&gt;$httpMethod&lt;/span&gt;&lt;span style="color: var(--highlight-keyword)"&gt;,&amp;nbsp;&lt;/span&gt;&lt;span style="color: var(--highlight-default)"&gt;$url&lt;/span&gt;&lt;span style="color: var(--highlight-keyword)"&gt;);&lt;/span&gt;&lt;/code&gt;&lt;/li&gt;
&lt;li&gt;&lt;code&gt;&lt;span style="color: var(--highlight-keyword)"&gt;&amp;nbsp;&amp;nbsp;&amp;nbsp;&amp;nbsp;&amp;nbsp;&amp;nbsp;&amp;nbsp;&amp;nbsp;&lt;/span&gt;&lt;span style="color: var(--highlight-default)"&gt;$content&amp;nbsp;&lt;/span&gt;&lt;span style="color: var(--highlight-keyword)"&gt;=&amp;nbsp;&lt;/span&gt;&lt;span style="color: var(--highlight-default)"&gt;$client&lt;/span&gt;&lt;span style="color: var(--highlight-keyword)"&gt;-&amp;gt;&lt;/span&gt;&lt;span style="color: var(--highlight-default)"&gt;getResponse&lt;/span&gt;&lt;span style="color: var(--highlight-keyword)"&gt;()-&amp;gt;&lt;/span&gt;&lt;span style="color: var(--highlight-default)"&gt;getContent&lt;/span&gt;&lt;span style="color: var(--highlight-keyword)"&gt;();&lt;/span&gt;&lt;/code&gt;&lt;/li&gt;
&lt;li&gt;&lt;code&gt;&lt;span style="color: var(--highlight-keyword)"&gt;&amp;nbsp;&amp;nbsp;&amp;nbsp;&amp;nbsp;&amp;nbsp;&amp;nbsp;&amp;nbsp;&amp;nbsp;&lt;/span&gt;&lt;span style="color: var(--highlight-default)"&gt;$this&lt;/span&gt;&lt;span style="color: var(--highlight-keyword)"&gt;-&amp;gt;&lt;/span&gt;&lt;span style="color: var(--highlight-default)"&gt;assertResponseIsSuccessful&lt;/span&gt;&lt;span style="color: var(--highlight-keyword)"&gt;();&lt;/span&gt;&lt;/code&gt;&lt;/li&gt;
&lt;li&gt;&lt;code&gt;&lt;span style="color: var(--highlight-keyword)"&gt;&amp;nbsp;&amp;nbsp;&amp;nbsp;&amp;nbsp;&amp;nbsp;&amp;nbsp;&amp;nbsp;&amp;nbsp;&lt;/span&gt;&lt;span style="color: var(--highlight-default)"&gt;$this&lt;/span&gt;&lt;span style="color: var(--highlight-keyword)"&gt;-&amp;gt;&lt;/span&gt;&lt;span style="color: var(--highlight-default)"&gt;assertSelectorTextContains&lt;/span&gt;&lt;span style="color: var(--highlight-keyword)"&gt;(&lt;/span&gt;&lt;span style="color: var(--highlight-default)"&gt;$cssSelector&lt;/span&gt;&lt;span style="color: var(--highlight-keyword)"&gt;,&amp;nbsp;&lt;/span&gt;&lt;span style="color: var(--highlight-default)"&gt;$searchText&lt;/span&gt;&lt;span style="color: var(--highlight-keyword)"&gt;);&lt;/span&gt;&lt;/code&gt;&lt;/li&gt;
&lt;li&gt;&lt;code&gt;&lt;span style="color: var(--highlight-keyword)"&gt;&amp;nbsp;&amp;nbsp;&amp;nbsp;&amp;nbsp;}&lt;/span&gt;&lt;/code&gt;&lt;/li&gt;
&lt;li&gt;&lt;code&gt;&lt;span style="color: var(--highlight-keyword)"&gt;&amp;nbsp;&amp;nbsp;&amp;nbsp;&amp;nbsp;public&amp;nbsp;function&amp;nbsp;&lt;/span&gt;&lt;span style="color: var(--highlight-default)"&gt;testHeading2&lt;/span&gt;&lt;span style="color: var(--highlight-keyword)"&gt;():&amp;nbsp;&lt;/span&gt;&lt;span style="color: var(--highlight-default)"&gt;void&lt;/span&gt;&lt;/code&gt;&lt;/li&gt;&lt;/ol&gt;    &lt;/div&gt;            &lt;/div&gt;
                        &lt;div class="trace-line "&gt;
                &lt;div class="trace-line-header break-long-words sf-toggle" data-toggle-selector="#trace-html-1-17" data-toggle-initial=""&gt;
            &lt;span class="icon icon-close"&gt;&lt;svg width="1792" height="1792" viewBox="0 0 1792 1792" xmlns="http://www.w3.org/2000/svg"&gt;&lt;path d="M1408 960V832q0-26-19-45t-45-19H448q-26 0-45 19t-19 45v128q0 26 19 45t45 19h896q26 0 45-19t19-45zm256-544v960q0 119-84.5 203.5T1376 1664H416q-119 0-203.5-84.5T128 1376V416q0-119 84.5-203.5T416 128h960q119 0 203.5 84.5T1664 416z"/&gt;&lt;/svg&gt;&lt;/span&gt;
        &lt;span class="icon icon-open"&gt;&lt;svg width="1792" height="1792" viewBox="0 0 1792 1792" xmlns="http://www.w3.org/2000/svg"&gt;&lt;path d="M1408 960V832q0-26-19-45t-45-19h-320V448q0-26-19-45t-45-19H832q-26 0-45 19t-19 45v320H448q-26 0-45 19t-19 45v128q0 26 19 45t45 19h320v320q0 26 19 45t45 19h128q26 0 45-19t19-45v-320h320q26 0 45-19t19-45zm256-544v960q0 119-84.5 203.5T1376 1664H416q-119 0-203.5-84.5T128 1376V416q0-119 84.5-203.5T416 128h960q119 0 203.5 84.5T1664 416z"/&gt;&lt;/svg&gt;&lt;/span&gt;
    
            &lt;span class="trace-class"&gt;&lt;abbr title="App\Tests\WebTest\CarsPageTest"&gt;CarsPageTest&lt;/abbr&gt;&lt;/span&gt;&lt;span class="trace-type"&gt;-&gt;&lt;/span&gt;&lt;span class="trace-method"&gt;testHeading&lt;/span&gt;&lt;span class="trace-arguments"&gt;()&lt;/span&gt;    
                    &lt;span class="block trace-file-path"&gt;
            in
            &lt;a href=""&gt;
                C:\Users\eman\Documents\GitHub\car_dealer\vendor\phpunit\phpunit\src\Framework\&lt;strong&gt;TestCase.php&lt;/strong&gt;
            &lt;/a&gt;
                        (line 1545)
            &lt;span class="icon icon-copy hidden" data-clipboard-text="C:\Users\eman\Documents\GitHub\car_dealer\vendor\phpunit\phpunit\src\Framework\TestCase.php:1545"&gt;
                &lt;svg xmlns="http://www.w3.org/2000/svg" height="24" viewBox="0 0 24 24" width="24"&gt;&lt;path d="M0 0h24v24H0z" fill="none"/&gt;&lt;path d="M16 1H4c-1.1 0-2 .9-2 2v14h2V3h12V1zm3 4H8c-1.1 0-2 .9-2 2v14c0 1.1.9 2 2 2h11c1.1 0 2-.9 2-2V7c0-1.1-.9-2-2-2zm0 16H8V7h11v14z"/&gt;&lt;/svg&gt;            &lt;/span&gt;
        &lt;/span&gt;
    &lt;/div&gt;
    &lt;div id="trace-html-1-17" class="trace-code sf-toggle-content"&gt;
        &lt;ol start="1540"&gt;&lt;li&gt;&lt;code&gt;&lt;span style="color: var(--highlight-keyword)"&gt;&amp;nbsp;&amp;nbsp;&amp;nbsp;&amp;nbsp;&amp;nbsp;&amp;nbsp;&amp;nbsp;&amp;nbsp;&lt;/span&gt;&lt;span style="color: var(--highlight-default)"&gt;$testArguments&amp;nbsp;&lt;/span&gt;&lt;span style="color: var(--highlight-keyword)"&gt;=&amp;nbsp;&lt;/span&gt;&lt;span style="color: var(--highlight-default)"&gt;array_merge&lt;/span&gt;&lt;span style="color: var(--highlight-keyword)"&gt;(&lt;/span&gt;&lt;span style="color: var(--highlight-default)"&gt;$this&lt;/span&gt;&lt;span style="color: var(--highlight-keyword)"&gt;-&amp;gt;&lt;/span&gt;&lt;span style="color: var(--highlight-default)"&gt;data&lt;/span&gt;&lt;span style="color: var(--highlight-keyword)"&gt;,&amp;nbsp;&lt;/span&gt;&lt;span style="color: var(--highlight-default)"&gt;$this&lt;/span&gt;&lt;span style="color: var(--highlight-keyword)"&gt;-&amp;gt;&lt;/span&gt;&lt;span style="color: var(--highlight-default)"&gt;dependencyInput&lt;/span&gt;&lt;span style="color: var(--highlight-keyword)"&gt;);&lt;/span&gt;&lt;/code&gt;&lt;/li&gt;
&lt;li&gt;&lt;code&gt;&lt;span style="color: var(--highlight-keyword)"&gt;&lt;/span&gt;&lt;/code&gt;&lt;/li&gt;
&lt;li&gt;&lt;code&gt;&lt;span style="color: var(--highlight-keyword)"&gt;&amp;nbsp;&amp;nbsp;&amp;nbsp;&amp;nbsp;&amp;nbsp;&amp;nbsp;&amp;nbsp;&amp;nbsp;&lt;/span&gt;&lt;span style="color: var(--highlight-default)"&gt;$this&lt;/span&gt;&lt;span style="color: var(--highlight-keyword)"&gt;-&amp;gt;&lt;/span&gt;&lt;span style="color: var(--highlight-default)"&gt;registerMockObjectsFromTestArguments&lt;/span&gt;&lt;span style="color: var(--highlight-keyword)"&gt;(&lt;/span&gt;&lt;span style="color: var(--highlight-default)"&gt;$testArguments&lt;/span&gt;&lt;span style="color: var(--highlight-keyword)"&gt;);&lt;/span&gt;&lt;/code&gt;&lt;/li&gt;
&lt;li&gt;&lt;code&gt;&lt;span style="color: var(--highlight-keyword)"&gt;&lt;/span&gt;&lt;/code&gt;&lt;/li&gt;
&lt;li&gt;&lt;code&gt;&lt;span style="color: var(--highlight-keyword)"&gt;&amp;nbsp;&amp;nbsp;&amp;nbsp;&amp;nbsp;&amp;nbsp;&amp;nbsp;&amp;nbsp;&amp;nbsp;try&amp;nbsp;{&lt;/span&gt;&lt;/code&gt;&lt;/li&gt;
&lt;li class="selected"&gt;&lt;code&gt;&lt;span style="color: var(--highlight-keyword)"&gt;&amp;nbsp;&amp;nbsp;&amp;nbsp;&amp;nbsp;&amp;nbsp;&amp;nbsp;&amp;nbsp;&amp;nbsp;&amp;nbsp;&amp;nbsp;&amp;nbsp;&amp;nbsp;&lt;/span&gt;&lt;span style="color: var(--highlight-default)"&gt;$testResult&amp;nbsp;&lt;/span&gt;&lt;span style="color: var(--highlight-keyword)"&gt;=&amp;nbsp;&lt;/span&gt;&lt;span style="color: var(--highlight-default)"&gt;$this&lt;/span&gt;&lt;span style="color: var(--highlight-keyword)"&gt;-&amp;gt;{&lt;/span&gt;&lt;span style="color: var(--highlight-default)"&gt;$this&lt;/span&gt;&lt;span style="color: var(--highlight-keyword)"&gt;-&amp;gt;&lt;/span&gt;&lt;span style="color: var(--highlight-default)"&gt;name&lt;/span&gt;&lt;span style="color: var(--highlight-keyword)"&gt;}(...&lt;/span&gt;&lt;span style="color: var(--highlight-default)"&gt;array_values&lt;/span&gt;&lt;span style="color: var(--highlight-keyword)"&gt;(&lt;/span&gt;&lt;span style="color: var(--highlight-default)"&gt;$testArguments&lt;/span&gt;&lt;span style="color: var(--highlight-keyword)"&gt;));&lt;/span&gt;&lt;/code&gt;&lt;/li&gt;
&lt;li&gt;&lt;code&gt;&lt;span style="color: var(--highlight-keyword)"&gt;&amp;nbsp;&amp;nbsp;&amp;nbsp;&amp;nbsp;&amp;nbsp;&amp;nbsp;&amp;nbsp;&amp;nbsp;}&amp;nbsp;catch&amp;nbsp;(&lt;/span&gt;&lt;span style="color: var(--highlight-default)"&gt;Throwable&amp;nbsp;$exception&lt;/span&gt;&lt;span style="color: var(--highlight-keyword)"&gt;)&amp;nbsp;{&lt;/span&gt;&lt;/code&gt;&lt;/li&gt;
&lt;li&gt;&lt;code&gt;&lt;span style="color: var(--highlight-keyword)"&gt;&amp;nbsp;&amp;nbsp;&amp;nbsp;&amp;nbsp;&amp;nbsp;&amp;nbsp;&amp;nbsp;&amp;nbsp;&amp;nbsp;&amp;nbsp;&amp;nbsp;&amp;nbsp;if&amp;nbsp;(!&lt;/span&gt;&lt;span style="color: var(--highlight-default)"&gt;$this&lt;/span&gt;&lt;span style="color: var(--highlight-keyword)"&gt;-&amp;gt;&lt;/span&gt;&lt;span style="color: var(--highlight-default)"&gt;checkExceptionExpectations&lt;/span&gt;&lt;span style="color: var(--highlight-keyword)"&gt;(&lt;/span&gt;&lt;span style="color: var(--highlight-default)"&gt;$exception&lt;/span&gt;&lt;span style="color: var(--highlight-keyword)"&gt;))&amp;nbsp;{&lt;/span&gt;&lt;/code&gt;&lt;/li&gt;
&lt;li&gt;&lt;code&gt;&lt;span style="color: var(--highlight-keyword)"&gt;&amp;nbsp;&amp;nbsp;&amp;nbsp;&amp;nbsp;&amp;nbsp;&amp;nbsp;&amp;nbsp;&amp;nbsp;&amp;nbsp;&amp;nbsp;&amp;nbsp;&amp;nbsp;&amp;nbsp;&amp;nbsp;&amp;nbsp;&amp;nbsp;throw&amp;nbsp;&lt;/span&gt;&lt;span style="color: var(--highlight-default)"&gt;$exception&lt;/span&gt;&lt;span style="color: var(--highlight-keyword)"&gt;;&lt;/span&gt;&lt;/code&gt;&lt;/li&gt;
&lt;li&gt;&lt;code&gt;&lt;span style="color: var(--highlight-keyword)"&gt;&amp;nbsp;&amp;nbsp;&amp;nbsp;&amp;nbsp;&amp;nbsp;&amp;nbsp;&amp;nbsp;&amp;nbsp;&amp;nbsp;&amp;nbsp;&amp;nbsp;&amp;nbsp;}&lt;/span&gt;&lt;/code&gt;&lt;/li&gt;
&lt;li&gt;&lt;code&gt;&lt;span style="color: var(--highlight-keyword)"&gt;&lt;/span&gt;&lt;/code&gt;&lt;/li&gt;&lt;/ol&gt;    &lt;/div&gt;            &lt;/div&gt;
                        &lt;div class="trace-line "&gt;
                &lt;div class="trace-line-header break-long-words sf-toggle" data-toggle-selector="#trace-html-1-18" data-toggle-initial=""&gt;
            &lt;span class="icon icon-close"&gt;&lt;svg width="1792" height="1792" viewBox="0 0 1792 1792" xmlns="http://www.w3.org/2000/svg"&gt;&lt;path d="M1408 960V832q0-26-19-45t-45-19H448q-26 0-45 19t-19 45v128q0 26 19 45t45 19h896q26 0 45-19t19-45zm256-544v960q0 119-84.5 203.5T1376 1664H416q-119 0-203.5-84.5T128 1376V416q0-119 84.5-203.5T416 128h960q119 0 203.5 84.5T1664 416z"/&gt;&lt;/svg&gt;&lt;/span&gt;
        &lt;span class="icon icon-open"&gt;&lt;svg width="1792" height="1792" viewBox="0 0 1792 1792" xmlns="http://www.w3.org/2000/svg"&gt;&lt;path d="M1408 960V832q0-26-19-45t-45-19h-320V448q0-26-19-45t-45-19H832q-26 0-45 19t-19 45v320H448q-26 0-45 19t-19 45v128q0 26 19 45t45 19h320v320q0 26 19 45t45 19h128q26 0 45-19t19-45v-320h320q26 0 45-19t19-45zm256-544v960q0 119-84.5 203.5T1376 1664H416q-119 0-203.5-84.5T128 1376V416q0-119 84.5-203.5T416 128h960q119 0 203.5 84.5T1664 416z"/&gt;&lt;/svg&gt;&lt;/span&gt;
    
            &lt;span class="trace-class"&gt;&lt;abbr title="PHPUnit\Framework\TestCase"&gt;TestCase&lt;/abbr&gt;&lt;/span&gt;&lt;span class="trace-type"&gt;-&gt;&lt;/span&gt;&lt;span class="trace-method"&gt;runTest&lt;/span&gt;&lt;span class="trace-arguments"&gt;()&lt;/span&gt;    
                    &lt;span class="block trace-file-path"&gt;
            in
            &lt;a href=""&gt;
                C:\Users\eman\Documents\GitHub\car_dealer\vendor\phpunit\phpunit\src\Framework\&lt;strong&gt;TestCase.php&lt;/strong&gt;
            &lt;/a&gt;
                        (line 1151)
            &lt;span class="icon icon-copy hidden" data-clipboard-text="C:\Users\eman\Documents\GitHub\car_dealer\vendor\phpunit\phpunit\src\Framework\TestCase.php:1151"&gt;
                &lt;svg xmlns="http://www.w3.org/2000/svg" height="24" viewBox="0 0 24 24" width="24"&gt;&lt;path d="M0 0h24v24H0z" fill="none"/&gt;&lt;path d="M16 1H4c-1.1 0-2 .9-2 2v14h2V3h12V1zm3 4H8c-1.1 0-2 .9-2 2v14c0 1.1.9 2 2 2h11c1.1 0 2-.9 2-2V7c0-1.1-.9-2-2-2zm0 16H8V7h11v14z"/&gt;&lt;/svg&gt;            &lt;/span&gt;
        &lt;/span&gt;
    &lt;/div&gt;
    &lt;div id="trace-html-1-18" class="trace-code sf-toggle-content"&gt;
        &lt;ol start="1146"&gt;&lt;li&gt;&lt;code&gt;&lt;span style="color: var(--highlight-keyword)"&gt;&lt;/span&gt;&lt;/code&gt;&lt;/li&gt;
&lt;li&gt;&lt;code&gt;&lt;span style="color: var(--highlight-keyword)"&gt;&amp;nbsp;&amp;nbsp;&amp;nbsp;&amp;nbsp;&amp;nbsp;&amp;nbsp;&amp;nbsp;&amp;nbsp;&amp;nbsp;&amp;nbsp;&amp;nbsp;&amp;nbsp;foreach&amp;nbsp;(&lt;/span&gt;&lt;span style="color: var(--highlight-default)"&gt;$hookMethods&lt;/span&gt;&lt;span style="color: var(--highlight-keyword)"&gt;[&lt;/span&gt;&lt;span style="color: var(--highlight-string)"&gt;'preCondition'&lt;/span&gt;&lt;span style="color: var(--highlight-keyword)"&gt;]&amp;nbsp;as&amp;nbsp;&lt;/span&gt;&lt;span style="color: var(--highlight-default)"&gt;$method&lt;/span&gt;&lt;span style="color: var(--highlight-keyword)"&gt;)&amp;nbsp;{&lt;/span&gt;&lt;/code&gt;&lt;/li&gt;
&lt;li&gt;&lt;code&gt;&lt;span style="color: var(--highlight-keyword)"&gt;&amp;nbsp;&amp;nbsp;&amp;nbsp;&amp;nbsp;&amp;nbsp;&amp;nbsp;&amp;nbsp;&amp;nbsp;&amp;nbsp;&amp;nbsp;&amp;nbsp;&amp;nbsp;&amp;nbsp;&amp;nbsp;&amp;nbsp;&amp;nbsp;&lt;/span&gt;&lt;span style="color: var(--highlight-default)"&gt;$this&lt;/span&gt;&lt;span style="color: var(--highlight-keyword)"&gt;-&amp;gt;{&lt;/span&gt;&lt;span style="color: var(--highlight-default)"&gt;$method&lt;/span&gt;&lt;span style="color: var(--highlight-keyword)"&gt;}();&lt;/span&gt;&lt;/code&gt;&lt;/li&gt;
&lt;li&gt;&lt;code&gt;&lt;span style="color: var(--highlight-keyword)"&gt;&amp;nbsp;&amp;nbsp;&amp;nbsp;&amp;nbsp;&amp;nbsp;&amp;nbsp;&amp;nbsp;&amp;nbsp;&amp;nbsp;&amp;nbsp;&amp;nbsp;&amp;nbsp;}&lt;/span&gt;&lt;/code&gt;&lt;/li&gt;
&lt;li&gt;&lt;code&gt;&lt;span style="color: var(--highlight-keyword)"&gt;&lt;/span&gt;&lt;/code&gt;&lt;/li&gt;
&lt;li class="selected"&gt;&lt;code&gt;&lt;span style="color: var(--highlight-keyword)"&gt;&amp;nbsp;&amp;nbsp;&amp;nbsp;&amp;nbsp;&amp;nbsp;&amp;nbsp;&amp;nbsp;&amp;nbsp;&amp;nbsp;&amp;nbsp;&amp;nbsp;&amp;nbsp;&lt;/span&gt;&lt;span style="color: var(--highlight-default)"&gt;$this&lt;/span&gt;&lt;span style="color: var(--highlight-keyword)"&gt;-&amp;gt;&lt;/span&gt;&lt;span style="color: var(--highlight-default)"&gt;testResult&amp;nbsp;&lt;/span&gt;&lt;span style="color: var(--highlight-keyword)"&gt;=&amp;nbsp;&lt;/span&gt;&lt;span style="color: var(--highlight-default)"&gt;$this&lt;/span&gt;&lt;span style="color: var(--highlight-keyword)"&gt;-&amp;gt;&lt;/span&gt;&lt;span style="color: var(--highlight-default)"&gt;runTest&lt;/span&gt;&lt;span style="color: var(--highlight-keyword)"&gt;();&lt;/span&gt;&lt;/code&gt;&lt;/li&gt;
&lt;li&gt;&lt;code&gt;&lt;span style="color: var(--highlight-keyword)"&gt;&amp;nbsp;&amp;nbsp;&amp;nbsp;&amp;nbsp;&amp;nbsp;&amp;nbsp;&amp;nbsp;&amp;nbsp;&amp;nbsp;&amp;nbsp;&amp;nbsp;&amp;nbsp;&lt;/span&gt;&lt;span style="color: var(--highlight-default)"&gt;$this&lt;/span&gt;&lt;span style="color: var(--highlight-keyword)"&gt;-&amp;gt;&lt;/span&gt;&lt;span style="color: var(--highlight-default)"&gt;verifyMockObjects&lt;/span&gt;&lt;span style="color: var(--highlight-keyword)"&gt;();&lt;/span&gt;&lt;/code&gt;&lt;/li&gt;
&lt;li&gt;&lt;code&gt;&lt;span style="color: var(--highlight-keyword)"&gt;&lt;/span&gt;&lt;/code&gt;&lt;/li&gt;
&lt;li&gt;&lt;code&gt;&lt;span style="color: var(--highlight-keyword)"&gt;&amp;nbsp;&amp;nbsp;&amp;nbsp;&amp;nbsp;&amp;nbsp;&amp;nbsp;&amp;nbsp;&amp;nbsp;&amp;nbsp;&amp;nbsp;&amp;nbsp;&amp;nbsp;foreach&amp;nbsp;(&lt;/span&gt;&lt;span style="color: var(--highlight-default)"&gt;$hookMethods&lt;/span&gt;&lt;span style="color: var(--highlight-keyword)"&gt;[&lt;/span&gt;&lt;span style="color: var(--highlight-string)"&gt;'postCondition'&lt;/span&gt;&lt;span style="color: var(--highlight-keyword)"&gt;]&amp;nbsp;as&amp;nbsp;&lt;/span&gt;&lt;span style="color: var(--highlight-default)"&gt;$method&lt;/span&gt;&lt;span style="color: var(--highlight-keyword)"&gt;)&amp;nbsp;{&lt;/span&gt;&lt;/code&gt;&lt;/li&gt;
&lt;li&gt;&lt;code&gt;&lt;span style="color: var(--highlight-keyword)"&gt;&amp;nbsp;&amp;nbsp;&amp;nbsp;&amp;nbsp;&amp;nbsp;&amp;nbsp;&amp;nbsp;&amp;nbsp;&amp;nbsp;&amp;nbsp;&amp;nbsp;&amp;nbsp;&amp;nbsp;&amp;nbsp;&amp;nbsp;&amp;nbsp;&lt;/span&gt;&lt;span style="color: var(--highlight-default)"&gt;$this&lt;/span&gt;&lt;span style="color: var(--highlight-keyword)"&gt;-&amp;gt;{&lt;/span&gt;&lt;span style="color: var(--highlight-default)"&gt;$method&lt;/span&gt;&lt;span style="color: var(--highlight-keyword)"&gt;}();&lt;/span&gt;&lt;/code&gt;&lt;/li&gt;
&lt;li&gt;&lt;code&gt;&lt;span style="color: var(--highlight-keyword)"&gt;&amp;nbsp;&amp;nbsp;&amp;nbsp;&amp;nbsp;&amp;nbsp;&amp;nbsp;&amp;nbsp;&amp;nbsp;&amp;nbsp;&amp;nbsp;&amp;nbsp;&amp;nbsp;}&lt;/span&gt;&lt;/code&gt;&lt;/li&gt;&lt;/ol&gt;    &lt;/div&gt;            &lt;/div&gt;
                        &lt;div class="trace-line "&gt;
                &lt;div class="trace-line-header break-long-words sf-toggle" data-toggle-selector="#trace-html-1-19" data-toggle-initial=""&gt;
            &lt;span class="icon icon-close"&gt;&lt;svg width="1792" height="1792" viewBox="0 0 1792 1792" xmlns="http://www.w3.org/2000/svg"&gt;&lt;path d="M1408 960V832q0-26-19-45t-45-19H448q-26 0-45 19t-19 45v128q0 26 19 45t45 19h896q26 0 45-19t19-45zm256-544v960q0 119-84.5 203.5T1376 1664H416q-119 0-203.5-84.5T128 1376V416q0-119 84.5-203.5T416 128h960q119 0 203.5 84.5T1664 416z"/&gt;&lt;/svg&gt;&lt;/span&gt;
        &lt;span class="icon icon-open"&gt;&lt;svg width="1792" height="1792" viewBox="0 0 1792 1792" xmlns="http://www.w3.org/2000/svg"&gt;&lt;path d="M1408 960V832q0-26-19-45t-45-19h-320V448q0-26-19-45t-45-19H832q-26 0-45 19t-19 45v320H448q-26 0-45 19t-19 45v128q0 26 19 45t45 19h320v320q0 26 19 45t45 19h128q26 0 45-19t19-45v-320h320q26 0 45-19t19-45zm256-544v960q0 119-84.5 203.5T1376 1664H416q-119 0-203.5-84.5T128 1376V416q0-119 84.5-203.5T416 128h960q119 0 203.5 84.5T1664 416z"/&gt;&lt;/svg&gt;&lt;/span&gt;
    
            &lt;span class="trace-class"&gt;&lt;abbr title="PHPUnit\Framework\TestCase"&gt;TestCase&lt;/abbr&gt;&lt;/span&gt;&lt;span class="trace-type"&gt;-&gt;&lt;/span&gt;&lt;span class="trace-method"&gt;runBare&lt;/span&gt;&lt;span class="trace-arguments"&gt;()&lt;/span&gt;    
                    &lt;span class="block trace-file-path"&gt;
            in
            &lt;a href=""&gt;
                C:\Users\eman\Documents\GitHub\car_dealer\vendor\phpunit\phpunit\src\Framework\&lt;strong&gt;TestResult.php&lt;/strong&gt;
            &lt;/a&gt;
                        (line 726)
            &lt;span class="icon icon-copy hidden" data-clipboard-text="C:\Users\eman\Documents\GitHub\car_dealer\vendor\phpunit\phpunit\src\Framework\TestResult.php:726"&gt;
                &lt;svg xmlns="http://www.w3.org/2000/svg" height="24" viewBox="0 0 24 24" width="24"&gt;&lt;path d="M0 0h24v24H0z" fill="none"/&gt;&lt;path d="M16 1H4c-1.1 0-2 .9-2 2v14h2V3h12V1zm3 4H8c-1.1 0-2 .9-2 2v14c0 1.1.9 2 2 2h11c1.1 0 2-.9 2-2V7c0-1.1-.9-2-2-2zm0 16H8V7h11v14z"/&gt;&lt;/svg&gt;            &lt;/span&gt;
        &lt;/span&gt;
    &lt;/div&gt;
    &lt;div id="trace-html-1-19" class="trace-code sf-toggle-content"&gt;
        &lt;ol start="721"&gt;&lt;li&gt;&lt;code&gt;&lt;span style="color: var(--highlight-keyword)"&gt;&amp;nbsp;&amp;nbsp;&amp;nbsp;&amp;nbsp;&amp;nbsp;&amp;nbsp;&amp;nbsp;&amp;nbsp;&amp;nbsp;&amp;nbsp;&amp;nbsp;&amp;nbsp;&amp;nbsp;&amp;nbsp;&amp;nbsp;&amp;nbsp;&amp;nbsp;&amp;nbsp;&amp;nbsp;&amp;nbsp;&amp;nbsp;&amp;nbsp;&amp;nbsp;&amp;nbsp;&lt;/span&gt;&lt;span style="color: var(--highlight-default)"&gt;$_timeout&amp;nbsp;&lt;/span&gt;&lt;span style="color: var(--highlight-keyword)"&gt;=&amp;nbsp;&lt;/span&gt;&lt;span style="color: var(--highlight-default)"&gt;$this&lt;/span&gt;&lt;span style="color: var(--highlight-keyword)"&gt;-&amp;gt;&lt;/span&gt;&lt;span style="color: var(--highlight-default)"&gt;defaultTimeLimit&lt;/span&gt;&lt;span style="color: var(--highlight-keyword)"&gt;;&lt;/span&gt;&lt;/code&gt;&lt;/li&gt;
&lt;li&gt;&lt;code&gt;&lt;span style="color: var(--highlight-keyword)"&gt;&amp;nbsp;&amp;nbsp;&amp;nbsp;&amp;nbsp;&amp;nbsp;&amp;nbsp;&amp;nbsp;&amp;nbsp;&amp;nbsp;&amp;nbsp;&amp;nbsp;&amp;nbsp;&amp;nbsp;&amp;nbsp;&amp;nbsp;&amp;nbsp;}&lt;/span&gt;&lt;/code&gt;&lt;/li&gt;
&lt;li&gt;&lt;code&gt;&lt;span style="color: var(--highlight-keyword)"&gt;&lt;/span&gt;&lt;/code&gt;&lt;/li&gt;
&lt;li&gt;&lt;code&gt;&lt;span style="color: var(--highlight-keyword)"&gt;&amp;nbsp;&amp;nbsp;&amp;nbsp;&amp;nbsp;&amp;nbsp;&amp;nbsp;&amp;nbsp;&amp;nbsp;&amp;nbsp;&amp;nbsp;&amp;nbsp;&amp;nbsp;&amp;nbsp;&amp;nbsp;&amp;nbsp;&amp;nbsp;&lt;/span&gt;&lt;span style="color: var(--highlight-default)"&gt;$invoker&lt;/span&gt;&lt;span style="color: var(--highlight-keyword)"&gt;-&amp;gt;&lt;/span&gt;&lt;span style="color: var(--highlight-default)"&gt;invoke&lt;/span&gt;&lt;span style="color: var(--highlight-keyword)"&gt;([&lt;/span&gt;&lt;span style="color: var(--highlight-default)"&gt;$test&lt;/span&gt;&lt;span style="color: var(--highlight-keyword)"&gt;,&amp;nbsp;&lt;/span&gt;&lt;span style="color: var(--highlight-string)"&gt;'runBare'&lt;/span&gt;&lt;span style="color: var(--highlight-keyword)"&gt;],&amp;nbsp;[],&amp;nbsp;&lt;/span&gt;&lt;span style="color: var(--highlight-default)"&gt;$_timeout&lt;/span&gt;&lt;span style="color: var(--highlight-keyword)"&gt;);&lt;/span&gt;&lt;/code&gt;&lt;/li&gt;
&lt;li&gt;&lt;code&gt;&lt;span style="color: var(--highlight-keyword)"&gt;&amp;nbsp;&amp;nbsp;&amp;nbsp;&amp;nbsp;&amp;nbsp;&amp;nbsp;&amp;nbsp;&amp;nbsp;&amp;nbsp;&amp;nbsp;&amp;nbsp;&amp;nbsp;}&amp;nbsp;else&amp;nbsp;{&lt;/span&gt;&lt;/code&gt;&lt;/li&gt;
&lt;li class="selected"&gt;&lt;code&gt;&lt;span style="color: var(--highlight-keyword)"&gt;&amp;nbsp;&amp;nbsp;&amp;nbsp;&amp;nbsp;&amp;nbsp;&amp;nbsp;&amp;nbsp;&amp;nbsp;&amp;nbsp;&amp;nbsp;&amp;nbsp;&amp;nbsp;&amp;nbsp;&amp;nbsp;&amp;nbsp;&amp;nbsp;&lt;/span&gt;&lt;span style="color: var(--highlight-default)"&gt;$test&lt;/span&gt;&lt;span style="color: var(--highlight-keyword)"&gt;-&amp;gt;&lt;/span&gt;&lt;span style="color: var(--highlight-default)"&gt;runBare&lt;/span&gt;&lt;span style="color: var(--highlight-keyword)"&gt;();&lt;/span&gt;&lt;/code&gt;&lt;/li&gt;
&lt;li&gt;&lt;code&gt;&lt;span style="color: var(--highlight-keyword)"&gt;&amp;nbsp;&amp;nbsp;&amp;nbsp;&amp;nbsp;&amp;nbsp;&amp;nbsp;&amp;nbsp;&amp;nbsp;&amp;nbsp;&amp;nbsp;&amp;nbsp;&amp;nbsp;}&lt;/span&gt;&lt;/code&gt;&lt;/li&gt;
&lt;li&gt;&lt;code&gt;&lt;span style="color: var(--highlight-keyword)"&gt;&amp;nbsp;&amp;nbsp;&amp;nbsp;&amp;nbsp;&amp;nbsp;&amp;nbsp;&amp;nbsp;&amp;nbsp;}&amp;nbsp;catch&amp;nbsp;(&lt;/span&gt;&lt;span style="color: var(--highlight-default)"&gt;TimeoutException&amp;nbsp;$e&lt;/span&gt;&lt;span style="color: var(--highlight-keyword)"&gt;)&amp;nbsp;{&lt;/span&gt;&lt;/code&gt;&lt;/li&gt;
&lt;li&gt;&lt;code&gt;&lt;span style="color: var(--highlight-keyword)"&gt;&amp;nbsp;&amp;nbsp;&amp;nbsp;&amp;nbsp;&amp;nbsp;&amp;nbsp;&amp;nbsp;&amp;nbsp;&amp;nbsp;&amp;nbsp;&amp;nbsp;&amp;nbsp;&lt;/span&gt;&lt;span style="color: var(--highlight-default)"&gt;$this&lt;/span&gt;&lt;span style="color: var(--highlight-keyword)"&gt;-&amp;gt;&lt;/span&gt;&lt;span style="color: var(--highlight-default)"&gt;addFailure&lt;/span&gt;&lt;span style="color: var(--highlight-keyword)"&gt;(&lt;/span&gt;&lt;/code&gt;&lt;/li&gt;
&lt;li&gt;&lt;code&gt;&lt;span style="color: var(--highlight-keyword)"&gt;&amp;nbsp;&amp;nbsp;&amp;nbsp;&amp;nbsp;&amp;nbsp;&amp;nbsp;&amp;nbsp;&amp;nbsp;&amp;nbsp;&amp;nbsp;&amp;nbsp;&amp;nbsp;&amp;nbsp;&amp;nbsp;&amp;nbsp;&amp;nbsp;&lt;/span&gt;&lt;span style="color: var(--highlight-default)"&gt;$test&lt;/span&gt;&lt;span style="color: var(--highlight-keyword)"&gt;,&lt;/span&gt;&lt;/code&gt;&lt;/li&gt;
&lt;li&gt;&lt;code&gt;&lt;span style="color: var(--highlight-keyword)"&gt;&amp;nbsp;&amp;nbsp;&amp;nbsp;&amp;nbsp;&amp;nbsp;&amp;nbsp;&amp;nbsp;&amp;nbsp;&amp;nbsp;&amp;nbsp;&amp;nbsp;&amp;nbsp;&amp;nbsp;&amp;nbsp;&amp;nbsp;&amp;nbsp;new&amp;nbsp;&lt;/span&gt;&lt;span style="color: var(--highlight-default)"&gt;RiskyTestError&lt;/span&gt;&lt;span style="color: var(--highlight-keyword)"&gt;(&lt;/span&gt;&lt;/code&gt;&lt;/li&gt;&lt;/ol&gt;    &lt;/div&gt;            &lt;/div&gt;
                        &lt;div class="trace-line "&gt;
                &lt;div class="trace-line-header break-long-words sf-toggle" data-toggle-selector="#trace-html-1-20" data-toggle-initial=""&gt;
            &lt;span class="icon icon-close"&gt;&lt;svg width="1792" height="1792" viewBox="0 0 1792 1792" xmlns="http://www.w3.org/2000/svg"&gt;&lt;path d="M1408 960V832q0-26-19-45t-45-19H448q-26 0-45 19t-19 45v128q0 26 19 45t45 19h896q26 0 45-19t19-45zm256-544v960q0 119-84.5 203.5T1376 1664H416q-119 0-203.5-84.5T128 1376V416q0-119 84.5-203.5T416 128h960q119 0 203.5 84.5T1664 416z"/&gt;&lt;/svg&gt;&lt;/span&gt;
        &lt;span class="icon icon-open"&gt;&lt;svg width="1792" height="1792" viewBox="0 0 1792 1792" xmlns="http://www.w3.org/2000/svg"&gt;&lt;path d="M1408 960V832q0-26-19-45t-45-19h-320V448q0-26-19-45t-45-19H832q-26 0-45 19t-19 45v320H448q-26 0-45 19t-19 45v128q0 26 19 45t45 19h320v320q0 26 19 45t45 19h128q26 0 45-19t19-45v-320h320q26 0 45-19t19-45zm256-544v960q0 119-84.5 203.5T1376 1664H416q-119 0-203.5-84.5T128 1376V416q0-119 84.5-203.5T416 128h960q119 0 203.5 84.5T1664 416z"/&gt;&lt;/svg&gt;&lt;/span&gt;
    
            &lt;span class="trace-class"&gt;&lt;abbr title="PHPUnit\Framework\TestResult"&gt;TestResult&lt;/abbr&gt;&lt;/span&gt;&lt;span class="trace-type"&gt;-&gt;&lt;/span&gt;&lt;span class="trace-method"&gt;run&lt;/span&gt;&lt;span class="trace-arguments"&gt;()&lt;/span&gt;    
                    &lt;span class="block trace-file-path"&gt;
            in
            &lt;a href=""&gt;
                C:\Users\eman\Documents\GitHub\car_dealer\vendor\phpunit\phpunit\src\Framework\&lt;strong&gt;TestCase.php&lt;/strong&gt;
            &lt;/a&gt;
                        (line 903)
            &lt;span class="icon icon-copy hidden" data-clipboard-text="C:\Users\eman\Documents\GitHub\car_dealer\vendor\phpunit\phpunit\src\Framework\TestCase.php:903"&gt;
                &lt;svg xmlns="http://www.w3.org/2000/svg" height="24" viewBox="0 0 24 24" width="24"&gt;&lt;path d="M0 0h24v24H0z" fill="none"/&gt;&lt;path d="M16 1H4c-1.1 0-2 .9-2 2v14h2V3h12V1zm3 4H8c-1.1 0-2 .9-2 2v14c0 1.1.9 2 2 2h11c1.1 0 2-.9 2-2V7c0-1.1-.9-2-2-2zm0 16H8V7h11v14z"/&gt;&lt;/svg&gt;            &lt;/span&gt;
        &lt;/span&gt;
    &lt;/div&gt;
    &lt;div id="trace-html-1-20" class="trace-code sf-toggle-content"&gt;
        &lt;ol start="898"&gt;&lt;li&gt;&lt;code&gt;&lt;span style="color: var(--highlight-keyword)"&gt;&amp;nbsp;&amp;nbsp;&amp;nbsp;&amp;nbsp;&amp;nbsp;&amp;nbsp;&amp;nbsp;&amp;nbsp;&amp;nbsp;&amp;nbsp;&amp;nbsp;&amp;nbsp;&lt;/span&gt;&lt;span style="color: var(--highlight-default)"&gt;$template&lt;/span&gt;&lt;span style="color: var(--highlight-keyword)"&gt;-&amp;gt;&lt;/span&gt;&lt;span style="color: var(--highlight-default)"&gt;setVar&lt;/span&gt;&lt;span style="color: var(--highlight-keyword)"&gt;(&lt;/span&gt;&lt;span style="color: var(--highlight-default)"&gt;$var&lt;/span&gt;&lt;span style="color: var(--highlight-keyword)"&gt;);&lt;/span&gt;&lt;/code&gt;&lt;/li&gt;
&lt;li&gt;&lt;code&gt;&lt;span style="color: var(--highlight-keyword)"&gt;&lt;/span&gt;&lt;/code&gt;&lt;/li&gt;
&lt;li&gt;&lt;code&gt;&lt;span style="color: var(--highlight-keyword)"&gt;&amp;nbsp;&amp;nbsp;&amp;nbsp;&amp;nbsp;&amp;nbsp;&amp;nbsp;&amp;nbsp;&amp;nbsp;&amp;nbsp;&amp;nbsp;&amp;nbsp;&amp;nbsp;&lt;/span&gt;&lt;span style="color: var(--highlight-default)"&gt;$php&amp;nbsp;&lt;/span&gt;&lt;span style="color: var(--highlight-keyword)"&gt;=&amp;nbsp;&lt;/span&gt;&lt;span style="color: var(--highlight-default)"&gt;AbstractPhpProcess&lt;/span&gt;&lt;span style="color: var(--highlight-keyword)"&gt;::&lt;/span&gt;&lt;span style="color: var(--highlight-default)"&gt;factory&lt;/span&gt;&lt;span style="color: var(--highlight-keyword)"&gt;();&lt;/span&gt;&lt;/code&gt;&lt;/li&gt;
&lt;li&gt;&lt;code&gt;&lt;span style="color: var(--highlight-keyword)"&gt;&amp;nbsp;&amp;nbsp;&amp;nbsp;&amp;nbsp;&amp;nbsp;&amp;nbsp;&amp;nbsp;&amp;nbsp;&amp;nbsp;&amp;nbsp;&amp;nbsp;&amp;nbsp;&lt;/span&gt;&lt;span style="color: var(--highlight-default)"&gt;$php&lt;/span&gt;&lt;span style="color: var(--highlight-keyword)"&gt;-&amp;gt;&lt;/span&gt;&lt;span style="color: var(--highlight-default)"&gt;runTestJob&lt;/span&gt;&lt;span style="color: var(--highlight-keyword)"&gt;(&lt;/span&gt;&lt;span style="color: var(--highlight-default)"&gt;$template&lt;/span&gt;&lt;span style="color: var(--highlight-keyword)"&gt;-&amp;gt;&lt;/span&gt;&lt;span style="color: var(--highlight-default)"&gt;render&lt;/span&gt;&lt;span style="color: var(--highlight-keyword)"&gt;(),&amp;nbsp;&lt;/span&gt;&lt;span style="color: var(--highlight-default)"&gt;$this&lt;/span&gt;&lt;span style="color: var(--highlight-keyword)"&gt;,&amp;nbsp;&lt;/span&gt;&lt;span style="color: var(--highlight-default)"&gt;$result&lt;/span&gt;&lt;span style="color: var(--highlight-keyword)"&gt;);&lt;/span&gt;&lt;/code&gt;&lt;/li&gt;
&lt;li&gt;&lt;code&gt;&lt;span style="color: var(--highlight-keyword)"&gt;&amp;nbsp;&amp;nbsp;&amp;nbsp;&amp;nbsp;&amp;nbsp;&amp;nbsp;&amp;nbsp;&amp;nbsp;}&amp;nbsp;else&amp;nbsp;{&lt;/span&gt;&lt;/code&gt;&lt;/li&gt;
&lt;li class="selected"&gt;&lt;code&gt;&lt;span style="color: var(--highlight-keyword)"&gt;&amp;nbsp;&amp;nbsp;&amp;nbsp;&amp;nbsp;&amp;nbsp;&amp;nbsp;&amp;nbsp;&amp;nbsp;&amp;nbsp;&amp;nbsp;&amp;nbsp;&amp;nbsp;&lt;/span&gt;&lt;span style="color: var(--highlight-default)"&gt;$result&lt;/span&gt;&lt;span style="color: var(--highlight-keyword)"&gt;-&amp;gt;&lt;/span&gt;&lt;span style="color: var(--highlight-default)"&gt;run&lt;/span&gt;&lt;span style="color: var(--highlight-keyword)"&gt;(&lt;/span&gt;&lt;span style="color: var(--highlight-default)"&gt;$this&lt;/span&gt;&lt;span style="color: var(--highlight-keyword)"&gt;);&lt;/span&gt;&lt;/code&gt;&lt;/li&gt;
&lt;li&gt;&lt;code&gt;&lt;span style="color: var(--highlight-keyword)"&gt;&amp;nbsp;&amp;nbsp;&amp;nbsp;&amp;nbsp;&amp;nbsp;&amp;nbsp;&amp;nbsp;&amp;nbsp;}&lt;/span&gt;&lt;/code&gt;&lt;/li&gt;
&lt;li&gt;&lt;code&gt;&lt;span style="color: var(--highlight-keyword)"&gt;&lt;/span&gt;&lt;/code&gt;&lt;/li&gt;
&lt;li&gt;&lt;code&gt;&lt;span style="color: var(--highlight-keyword)"&gt;&amp;nbsp;&amp;nbsp;&amp;nbsp;&amp;nbsp;&amp;nbsp;&amp;nbsp;&amp;nbsp;&amp;nbsp;&lt;/span&gt;&lt;span style="color: var(--highlight-default)"&gt;$this&lt;/span&gt;&lt;span style="color: var(--highlight-keyword)"&gt;-&amp;gt;&lt;/span&gt;&lt;span style="color: var(--highlight-default)"&gt;result&amp;nbsp;&lt;/span&gt;&lt;span style="color: var(--highlight-keyword)"&gt;=&amp;nbsp;&lt;/span&gt;&lt;span style="color: var(--highlight-default)"&gt;null&lt;/span&gt;&lt;span style="color: var(--highlight-keyword)"&gt;;&lt;/span&gt;&lt;/code&gt;&lt;/li&gt;
&lt;li&gt;&lt;code&gt;&lt;span style="color: var(--highlight-keyword)"&gt;&lt;/span&gt;&lt;/code&gt;&lt;/li&gt;
&lt;li&gt;&lt;code&gt;&lt;span style="color: var(--highlight-keyword)"&gt;&amp;nbsp;&amp;nbsp;&amp;nbsp;&amp;nbsp;&amp;nbsp;&amp;nbsp;&amp;nbsp;&amp;nbsp;return&amp;nbsp;&lt;/span&gt;&lt;span style="color: var(--highlight-default)"&gt;$result&lt;/span&gt;&lt;span style="color: var(--highlight-keyword)"&gt;;&lt;/span&gt;&lt;/code&gt;&lt;/li&gt;&lt;/ol&gt;    &lt;/div&gt;            &lt;/div&gt;
                        &lt;div class="trace-line "&gt;
                &lt;div class="trace-line-header break-long-words sf-toggle" data-toggle-selector="#trace-html-1-21" data-toggle-initial=""&gt;
            &lt;span class="icon icon-close"&gt;&lt;svg width="1792" height="1792" viewBox="0 0 1792 1792" xmlns="http://www.w3.org/2000/svg"&gt;&lt;path d="M1408 960V832q0-26-19-45t-45-19H448q-26 0-45 19t-19 45v128q0 26 19 45t45 19h896q26 0 45-19t19-45zm256-544v960q0 119-84.5 203.5T1376 1664H416q-119 0-203.5-84.5T128 1376V416q0-119 84.5-203.5T416 128h960q119 0 203.5 84.5T1664 416z"/&gt;&lt;/svg&gt;&lt;/span&gt;
        &lt;span class="icon icon-open"&gt;&lt;svg width="1792" height="1792" viewBox="0 0 1792 1792" xmlns="http://www.w3.org/2000/svg"&gt;&lt;path d="M1408 960V832q0-26-19-45t-45-19h-320V448q0-26-19-45t-45-19H832q-26 0-45 19t-19 45v320H448q-26 0-45 19t-19 45v128q0 26 19 45t45 19h320v320q0 26 19 45t45 19h128q26 0 45-19t19-45v-320h320q26 0 45-19t19-45zm256-544v960q0 119-84.5 203.5T1376 1664H416q-119 0-203.5-84.5T128 1376V416q0-119 84.5-203.5T416 128h960q119 0 203.5 84.5T1664 416z"/&gt;&lt;/svg&gt;&lt;/span&gt;
    
            &lt;span class="trace-class"&gt;&lt;abbr title="PHPUnit\Framework\TestCase"&gt;TestCase&lt;/abbr&gt;&lt;/span&gt;&lt;span class="trace-type"&gt;-&gt;&lt;/span&gt;&lt;span class="trace-method"&gt;run&lt;/span&gt;&lt;span class="trace-arguments"&gt;()&lt;/span&gt;    
                    &lt;span class="block trace-file-path"&gt;
            in
            &lt;a href=""&gt;
                C:\Users\eman\Documents\GitHub\car_dealer\vendor\phpunit\phpunit\src\Framework\&lt;strong&gt;TestSuite.php&lt;/strong&gt;
            &lt;/a&gt;
                        (line 678)
            &lt;span class="icon icon-copy hidden" data-clipboard-text="C:\Users\eman\Documents\GitHub\car_dealer\vendor\phpunit\phpunit\src\Framework\TestSuite.php:678"&gt;
                &lt;svg xmlns="http://www.w3.org/2000/svg" height="24" viewBox="0 0 24 24" width="24"&gt;&lt;path d="M0 0h24v24H0z" fill="none"/&gt;&lt;path d="M16 1H4c-1.1 0-2 .9-2 2v14h2V3h12V1zm3 4H8c-1.1 0-2 .9-2 2v14c0 1.1.9 2 2 2h11c1.1 0 2-.9 2-2V7c0-1.1-.9-2-2-2zm0 16H8V7h11v14z"/&gt;&lt;/svg&gt;            &lt;/span&gt;
        &lt;/span&gt;
    &lt;/div&gt;
    &lt;div id="trace-html-1-21" class="trace-code sf-toggle-content"&gt;
        &lt;ol start="673"&gt;&lt;li&gt;&lt;code&gt;&lt;span style="color: var(--highlight-keyword)"&gt;&amp;nbsp;&amp;nbsp;&amp;nbsp;&amp;nbsp;&amp;nbsp;&amp;nbsp;&amp;nbsp;&amp;nbsp;&amp;nbsp;&amp;nbsp;&amp;nbsp;&amp;nbsp;&amp;nbsp;&amp;nbsp;&amp;nbsp;&amp;nbsp;&lt;/span&gt;&lt;span style="color: var(--highlight-default)"&gt;$test&lt;/span&gt;&lt;span style="color: var(--highlight-keyword)"&gt;-&amp;gt;&lt;/span&gt;&lt;span style="color: var(--highlight-default)"&gt;setBackupGlobals&lt;/span&gt;&lt;span style="color: var(--highlight-keyword)"&gt;(&lt;/span&gt;&lt;span style="color: var(--highlight-default)"&gt;$this&lt;/span&gt;&lt;span style="color: var(--highlight-keyword)"&gt;-&amp;gt;&lt;/span&gt;&lt;span style="color: var(--highlight-default)"&gt;backupGlobals&lt;/span&gt;&lt;span style="color: var(--highlight-keyword)"&gt;);&lt;/span&gt;&lt;/code&gt;&lt;/li&gt;
&lt;li&gt;&lt;code&gt;&lt;span style="color: var(--highlight-keyword)"&gt;&amp;nbsp;&amp;nbsp;&amp;nbsp;&amp;nbsp;&amp;nbsp;&amp;nbsp;&amp;nbsp;&amp;nbsp;&amp;nbsp;&amp;nbsp;&amp;nbsp;&amp;nbsp;&amp;nbsp;&amp;nbsp;&amp;nbsp;&amp;nbsp;&lt;/span&gt;&lt;span style="color: var(--highlight-default)"&gt;$test&lt;/span&gt;&lt;span style="color: var(--highlight-keyword)"&gt;-&amp;gt;&lt;/span&gt;&lt;span style="color: var(--highlight-default)"&gt;setBackupStaticAttributes&lt;/span&gt;&lt;span style="color: var(--highlight-keyword)"&gt;(&lt;/span&gt;&lt;span style="color: var(--highlight-default)"&gt;$this&lt;/span&gt;&lt;span style="color: var(--highlight-keyword)"&gt;-&amp;gt;&lt;/span&gt;&lt;span style="color: var(--highlight-default)"&gt;backupStaticAttributes&lt;/span&gt;&lt;span style="color: var(--highlight-keyword)"&gt;);&lt;/span&gt;&lt;/code&gt;&lt;/li&gt;
&lt;li&gt;&lt;code&gt;&lt;span style="color: var(--highlight-keyword)"&gt;&amp;nbsp;&amp;nbsp;&amp;nbsp;&amp;nbsp;&amp;nbsp;&amp;nbsp;&amp;nbsp;&amp;nbsp;&amp;nbsp;&amp;nbsp;&amp;nbsp;&amp;nbsp;&amp;nbsp;&amp;nbsp;&amp;nbsp;&amp;nbsp;&lt;/span&gt;&lt;span style="color: var(--highlight-default)"&gt;$test&lt;/span&gt;&lt;span style="color: var(--highlight-keyword)"&gt;-&amp;gt;&lt;/span&gt;&lt;span style="color: var(--highlight-default)"&gt;setRunTestInSeparateProcess&lt;/span&gt;&lt;span style="color: var(--highlight-keyword)"&gt;(&lt;/span&gt;&lt;span style="color: var(--highlight-default)"&gt;$this&lt;/span&gt;&lt;span style="color: var(--highlight-keyword)"&gt;-&amp;gt;&lt;/span&gt;&lt;span style="color: var(--highlight-default)"&gt;runTestInSeparateProcess&lt;/span&gt;&lt;span style="color: var(--highlight-keyword)"&gt;);&lt;/span&gt;&lt;/code&gt;&lt;/li&gt;
&lt;li&gt;&lt;code&gt;&lt;span style="color: var(--highlight-keyword)"&gt;&amp;nbsp;&amp;nbsp;&amp;nbsp;&amp;nbsp;&amp;nbsp;&amp;nbsp;&amp;nbsp;&amp;nbsp;&amp;nbsp;&amp;nbsp;&amp;nbsp;&amp;nbsp;}&lt;/span&gt;&lt;/code&gt;&lt;/li&gt;
&lt;li&gt;&lt;code&gt;&lt;span style="color: var(--highlight-keyword)"&gt;&lt;/span&gt;&lt;/code&gt;&lt;/li&gt;
&lt;li class="selected"&gt;&lt;code&gt;&lt;span style="color: var(--highlight-keyword)"&gt;&amp;nbsp;&amp;nbsp;&amp;nbsp;&amp;nbsp;&amp;nbsp;&amp;nbsp;&amp;nbsp;&amp;nbsp;&amp;nbsp;&amp;nbsp;&amp;nbsp;&amp;nbsp;&lt;/span&gt;&lt;span style="color: var(--highlight-default)"&gt;$test&lt;/span&gt;&lt;span style="color: var(--highlight-keyword)"&gt;-&amp;gt;&lt;/span&gt;&lt;span style="color: var(--highlight-default)"&gt;run&lt;/span&gt;&lt;span style="color: var(--highlight-keyword)"&gt;(&lt;/span&gt;&lt;span style="color: var(--highlight-default)"&gt;$result&lt;/span&gt;&lt;span style="color: var(--highlight-keyword)"&gt;);&lt;/span&gt;&lt;/code&gt;&lt;/li&gt;
&lt;li&gt;&lt;code&gt;&lt;span style="color: var(--highlight-keyword)"&gt;&amp;nbsp;&amp;nbsp;&amp;nbsp;&amp;nbsp;&amp;nbsp;&amp;nbsp;&amp;nbsp;&amp;nbsp;}&lt;/span&gt;&lt;/code&gt;&lt;/li&gt;
&lt;li&gt;&lt;code&gt;&lt;span style="color: var(--highlight-keyword)"&gt;&lt;/span&gt;&lt;/code&gt;&lt;/li&gt;
&lt;li&gt;&lt;code&gt;&lt;span style="color: var(--highlight-keyword)"&gt;&amp;nbsp;&amp;nbsp;&amp;nbsp;&amp;nbsp;&amp;nbsp;&amp;nbsp;&amp;nbsp;&amp;nbsp;if&amp;nbsp;(&lt;/span&gt;&lt;span style="color: var(--highlight-default)"&gt;$this&lt;/span&gt;&lt;span style="color: var(--highlight-keyword)"&gt;-&amp;gt;&lt;/span&gt;&lt;span style="color: var(--highlight-default)"&gt;testCase&amp;nbsp;&lt;/span&gt;&lt;span style="color: var(--highlight-keyword)"&gt;&amp;amp;&amp;amp;&amp;nbsp;&lt;/span&gt;&lt;span style="color: var(--highlight-default)"&gt;class_exists&lt;/span&gt;&lt;span style="color: var(--highlight-keyword)"&gt;(&lt;/span&gt;&lt;span style="color: var(--highlight-default)"&gt;$this&lt;/span&gt;&lt;span style="color: var(--highlight-keyword)"&gt;-&amp;gt;&lt;/span&gt;&lt;span style="color: var(--highlight-default)"&gt;name&lt;/span&gt;&lt;span style="color: var(--highlight-keyword)"&gt;,&amp;nbsp;&lt;/span&gt;&lt;span style="color: var(--highlight-default)"&gt;false&lt;/span&gt;&lt;span style="color: var(--highlight-keyword)"&gt;))&amp;nbsp;{&lt;/span&gt;&lt;/code&gt;&lt;/li&gt;
&lt;li&gt;&lt;code&gt;&lt;span style="color: var(--highlight-keyword)"&gt;&amp;nbsp;&amp;nbsp;&amp;nbsp;&amp;nbsp;&amp;nbsp;&amp;nbsp;&amp;nbsp;&amp;nbsp;&amp;nbsp;&amp;nbsp;&amp;nbsp;&amp;nbsp;foreach&amp;nbsp;(&lt;/span&gt;&lt;span style="color: var(--highlight-default)"&gt;$hookMethods&lt;/span&gt;&lt;span style="color: var(--highlight-keyword)"&gt;[&lt;/span&gt;&lt;span style="color: var(--highlight-string)"&gt;'afterClass'&lt;/span&gt;&lt;span style="color: var(--highlight-keyword)"&gt;]&amp;nbsp;as&amp;nbsp;&lt;/span&gt;&lt;span style="color: var(--highlight-default)"&gt;$afterClassMethod&lt;/span&gt;&lt;span style="color: var(--highlight-keyword)"&gt;)&amp;nbsp;{&lt;/span&gt;&lt;/code&gt;&lt;/li&gt;
&lt;li&gt;&lt;code&gt;&lt;span style="color: var(--highlight-keyword)"&gt;&amp;nbsp;&amp;nbsp;&amp;nbsp;&amp;nbsp;&amp;nbsp;&amp;nbsp;&amp;nbsp;&amp;nbsp;&amp;nbsp;&amp;nbsp;&amp;nbsp;&amp;nbsp;&amp;nbsp;&amp;nbsp;&amp;nbsp;&amp;nbsp;if&amp;nbsp;(&lt;/span&gt;&lt;span style="color: var(--highlight-default)"&gt;method_exists&lt;/span&gt;&lt;span style="color: var(--highlight-keyword)"&gt;(&lt;/span&gt;&lt;span style="color: var(--highlight-default)"&gt;$this&lt;/span&gt;&lt;span style="color: var(--highlight-keyword)"&gt;-&amp;gt;&lt;/span&gt;&lt;span style="color: var(--highlight-default)"&gt;name&lt;/span&gt;&lt;span style="color: var(--highlight-keyword)"&gt;,&amp;nbsp;&lt;/span&gt;&lt;span style="color: var(--highlight-default)"&gt;$afterClassMethod&lt;/span&gt;&lt;span style="color: var(--highlight-keyword)"&gt;))&amp;nbsp;{&lt;/span&gt;&lt;/code&gt;&lt;/li&gt;&lt;/ol&gt;    &lt;/div&gt;            &lt;/div&gt;
                        &lt;div class="trace-line "&gt;
                &lt;div class="trace-line-header break-long-words sf-toggle" data-toggle-selector="#trace-html-1-22" data-toggle-initial=""&gt;
            &lt;span class="icon icon-close"&gt;&lt;svg width="1792" height="1792" viewBox="0 0 1792 1792" xmlns="http://www.w3.org/2000/svg"&gt;&lt;path d="M1408 960V832q0-26-19-45t-45-19H448q-26 0-45 19t-19 45v128q0 26 19 45t45 19h896q26 0 45-19t19-45zm256-544v960q0 119-84.5 203.5T1376 1664H416q-119 0-203.5-84.5T128 1376V416q0-119 84.5-203.5T416 128h960q119 0 203.5 84.5T1664 416z"/&gt;&lt;/svg&gt;&lt;/span&gt;
        &lt;span class="icon icon-open"&gt;&lt;svg width="1792" height="1792" viewBox="0 0 1792 1792" xmlns="http://www.w3.org/2000/svg"&gt;&lt;path d="M1408 960V832q0-26-19-45t-45-19h-320V448q0-26-19-45t-45-19H832q-26 0-45 19t-19 45v320H448q-26 0-45 19t-19 45v128q0 26 19 45t45 19h320v320q0 26 19 45t45 19h128q26 0 45-19t19-45v-320h320q26 0 45-19t19-45zm256-544v960q0 119-84.5 203.5T1376 1664H416q-119 0-203.5-84.5T128 1376V416q0-119 84.5-203.5T416 128h960q119 0 203.5 84.5T1664 416z"/&gt;&lt;/svg&gt;&lt;/span&gt;
    
            &lt;span class="trace-class"&gt;&lt;abbr title="PHPUnit\Framework\TestSuite"&gt;TestSuite&lt;/abbr&gt;&lt;/span&gt;&lt;span class="trace-type"&gt;-&gt;&lt;/span&gt;&lt;span class="trace-method"&gt;run&lt;/span&gt;&lt;span class="trace-arguments"&gt;()&lt;/span&gt;    
                    &lt;span class="block trace-file-path"&gt;
            in
            &lt;a href=""&gt;
                C:\Users\eman\Documents\GitHub\car_dealer\vendor\phpunit\phpunit\src\Framework\&lt;strong&gt;TestSuite.php&lt;/strong&gt;
            &lt;/a&gt;
                        (line 678)
            &lt;span class="icon icon-copy hidden" data-clipboard-text="C:\Users\eman\Documents\GitHub\car_dealer\vendor\phpunit\phpunit\src\Framework\TestSuite.php:678"&gt;
                &lt;svg xmlns="http://www.w3.org/2000/svg" height="24" viewBox="0 0 24 24" width="24"&gt;&lt;path d="M0 0h24v24H0z" fill="none"/&gt;&lt;path d="M16 1H4c-1.1 0-2 .9-2 2v14h2V3h12V1zm3 4H8c-1.1 0-2 .9-2 2v14c0 1.1.9 2 2 2h11c1.1 0 2-.9 2-2V7c0-1.1-.9-2-2-2zm0 16H8V7h11v14z"/&gt;&lt;/svg&gt;            &lt;/span&gt;
        &lt;/span&gt;
    &lt;/div&gt;
    &lt;div id="trace-html-1-22" class="trace-code sf-toggle-content"&gt;
        &lt;ol start="673"&gt;&lt;li&gt;&lt;code&gt;&lt;span style="color: var(--highlight-keyword)"&gt;&amp;nbsp;&amp;nbsp;&amp;nbsp;&amp;nbsp;&amp;nbsp;&amp;nbsp;&amp;nbsp;&amp;nbsp;&amp;nbsp;&amp;nbsp;&amp;nbsp;&amp;nbsp;&amp;nbsp;&amp;nbsp;&amp;nbsp;&amp;nbsp;&lt;/span&gt;&lt;span style="color: var(--highlight-default)"&gt;$test&lt;/span&gt;&lt;span style="color: var(--highlight-keyword)"&gt;-&amp;gt;&lt;/span&gt;&lt;span style="color: var(--highlight-default)"&gt;setBackupGlobals&lt;/span&gt;&lt;span style="color: var(--highlight-keyword)"&gt;(&lt;/span&gt;&lt;span style="color: var(--highlight-default)"&gt;$this&lt;/span&gt;&lt;span style="color: var(--highlight-keyword)"&gt;-&amp;gt;&lt;/span&gt;&lt;span style="color: var(--highlight-default)"&gt;backupGlobals&lt;/span&gt;&lt;span style="color: var(--highlight-keyword)"&gt;);&lt;/span&gt;&lt;/code&gt;&lt;/li&gt;
&lt;li&gt;&lt;code&gt;&lt;span style="color: var(--highlight-keyword)"&gt;&amp;nbsp;&amp;nbsp;&amp;nbsp;&amp;nbsp;&amp;nbsp;&amp;nbsp;&amp;nbsp;&amp;nbsp;&amp;nbsp;&amp;nbsp;&amp;nbsp;&amp;nbsp;&amp;nbsp;&amp;nbsp;&amp;nbsp;&amp;nbsp;&lt;/span&gt;&lt;span style="color: var(--highlight-default)"&gt;$test&lt;/span&gt;&lt;span style="color: var(--highlight-keyword)"&gt;-&amp;gt;&lt;/span&gt;&lt;span style="color: var(--highlight-default)"&gt;setBackupStaticAttributes&lt;/span&gt;&lt;span style="color: var(--highlight-keyword)"&gt;(&lt;/span&gt;&lt;span style="color: var(--highlight-default)"&gt;$this&lt;/span&gt;&lt;span style="color: var(--highlight-keyword)"&gt;-&amp;gt;&lt;/span&gt;&lt;span style="color: var(--highlight-default)"&gt;backupStaticAttributes&lt;/span&gt;&lt;span style="color: var(--highlight-keyword)"&gt;);&lt;/span&gt;&lt;/code&gt;&lt;/li&gt;
&lt;li&gt;&lt;code&gt;&lt;span style="color: var(--highlight-keyword)"&gt;&amp;nbsp;&amp;nbsp;&amp;nbsp;&amp;nbsp;&amp;nbsp;&amp;nbsp;&amp;nbsp;&amp;nbsp;&amp;nbsp;&amp;nbsp;&amp;nbsp;&amp;nbsp;&amp;nbsp;&amp;nbsp;&amp;nbsp;&amp;nbsp;&lt;/span&gt;&lt;span style="color: var(--highlight-default)"&gt;$test&lt;/span&gt;&lt;span style="color: var(--highlight-keyword)"&gt;-&amp;gt;&lt;/span&gt;&lt;span style="color: var(--highlight-default)"&gt;setRunTestInSeparateProcess&lt;/span&gt;&lt;span style="color: var(--highlight-keyword)"&gt;(&lt;/span&gt;&lt;span style="color: var(--highlight-default)"&gt;$this&lt;/span&gt;&lt;span style="color: var(--highlight-keyword)"&gt;-&amp;gt;&lt;/span&gt;&lt;span style="color: var(--highlight-default)"&gt;runTestInSeparateProcess&lt;/span&gt;&lt;span style="color: var(--highlight-keyword)"&gt;);&lt;/span&gt;&lt;/code&gt;&lt;/li&gt;
&lt;li&gt;&lt;code&gt;&lt;span style="color: var(--highlight-keyword)"&gt;&amp;nbsp;&amp;nbsp;&amp;nbsp;&amp;nbsp;&amp;nbsp;&amp;nbsp;&amp;nbsp;&amp;nbsp;&amp;nbsp;&amp;nbsp;&amp;nbsp;&amp;nbsp;}&lt;/span&gt;&lt;/code&gt;&lt;/li&gt;
&lt;li&gt;&lt;code&gt;&lt;span style="color: var(--highlight-keyword)"&gt;&lt;/span&gt;&lt;/code&gt;&lt;/li&gt;
&lt;li class="selected"&gt;&lt;code&gt;&lt;span style="color: var(--highlight-keyword)"&gt;&amp;nbsp;&amp;nbsp;&amp;nbsp;&amp;nbsp;&amp;nbsp;&amp;nbsp;&amp;nbsp;&amp;nbsp;&amp;nbsp;&amp;nbsp;&amp;nbsp;&amp;nbsp;&lt;/span&gt;&lt;span style="color: var(--highlight-default)"&gt;$test&lt;/span&gt;&lt;span style="color: var(--highlight-keyword)"&gt;-&amp;gt;&lt;/span&gt;&lt;span style="color: var(--highlight-default)"&gt;run&lt;/span&gt;&lt;span style="color: var(--highlight-keyword)"&gt;(&lt;/span&gt;&lt;span style="color: var(--highlight-default)"&gt;$result&lt;/span&gt;&lt;span style="color: var(--highlight-keyword)"&gt;);&lt;/span&gt;&lt;/code&gt;&lt;/li&gt;
&lt;li&gt;&lt;code&gt;&lt;span style="color: var(--highlight-keyword)"&gt;&amp;nbsp;&amp;nbsp;&amp;nbsp;&amp;nbsp;&amp;nbsp;&amp;nbsp;&amp;nbsp;&amp;nbsp;}&lt;/span&gt;&lt;/code&gt;&lt;/li&gt;
&lt;li&gt;&lt;code&gt;&lt;span style="color: var(--highlight-keyword)"&gt;&lt;/span&gt;&lt;/code&gt;&lt;/li&gt;
&lt;li&gt;&lt;code&gt;&lt;span style="color: var(--highlight-keyword)"&gt;&amp;nbsp;&amp;nbsp;&amp;nbsp;&amp;nbsp;&amp;nbsp;&amp;nbsp;&amp;nbsp;&amp;nbsp;if&amp;nbsp;(&lt;/span&gt;&lt;span style="color: var(--highlight-default)"&gt;$this&lt;/span&gt;&lt;span style="color: var(--highlight-keyword)"&gt;-&amp;gt;&lt;/span&gt;&lt;span style="color: var(--highlight-default)"&gt;testCase&amp;nbsp;&lt;/span&gt;&lt;span style="color: var(--highlight-keyword)"&gt;&amp;amp;&amp;amp;&amp;nbsp;&lt;/span&gt;&lt;span style="color: var(--highlight-default)"&gt;class_exists&lt;/span&gt;&lt;span style="color: var(--highlight-keyword)"&gt;(&lt;/span&gt;&lt;span style="color: var(--highlight-default)"&gt;$this&lt;/span&gt;&lt;span style="color: var(--highlight-keyword)"&gt;-&amp;gt;&lt;/span&gt;&lt;span style="color: var(--highlight-default)"&gt;name&lt;/span&gt;&lt;span style="color: var(--highlight-keyword)"&gt;,&amp;nbsp;&lt;/span&gt;&lt;span style="color: var(--highlight-default)"&gt;false&lt;/span&gt;&lt;span style="color: var(--highlight-keyword)"&gt;))&amp;nbsp;{&lt;/span&gt;&lt;/code&gt;&lt;/li&gt;
&lt;li&gt;&lt;code&gt;&lt;span style="color: var(--highlight-keyword)"&gt;&amp;nbsp;&amp;nbsp;&amp;nbsp;&amp;nbsp;&amp;nbsp;&amp;nbsp;&amp;nbsp;&amp;nbsp;&amp;nbsp;&amp;nbsp;&amp;nbsp;&amp;nbsp;foreach&amp;nbsp;(&lt;/span&gt;&lt;span style="color: var(--highlight-default)"&gt;$hookMethods&lt;/span&gt;&lt;span style="color: var(--highlight-keyword)"&gt;[&lt;/span&gt;&lt;span style="color: var(--highlight-string)"&gt;'afterClass'&lt;/span&gt;&lt;span style="color: var(--highlight-keyword)"&gt;]&amp;nbsp;as&amp;nbsp;&lt;/span&gt;&lt;span style="color: var(--highlight-default)"&gt;$afterClassMethod&lt;/span&gt;&lt;span style="color: var(--highlight-keyword)"&gt;)&amp;nbsp;{&lt;/span&gt;&lt;/code&gt;&lt;/li&gt;
&lt;li&gt;&lt;code&gt;&lt;span style="color: var(--highlight-keyword)"&gt;&amp;nbsp;&amp;nbsp;&amp;nbsp;&amp;nbsp;&amp;nbsp;&amp;nbsp;&amp;nbsp;&amp;nbsp;&amp;nbsp;&amp;nbsp;&amp;nbsp;&amp;nbsp;&amp;nbsp;&amp;nbsp;&amp;nbsp;&amp;nbsp;if&amp;nbsp;(&lt;/span&gt;&lt;span style="color: var(--highlight-default)"&gt;method_exists&lt;/span&gt;&lt;span style="color: var(--highlight-keyword)"&gt;(&lt;/span&gt;&lt;span style="color: var(--highlight-default)"&gt;$this&lt;/span&gt;&lt;span style="color: var(--highlight-keyword)"&gt;-&amp;gt;&lt;/span&gt;&lt;span style="color: var(--highlight-default)"&gt;name&lt;/span&gt;&lt;span style="color: var(--highlight-keyword)"&gt;,&amp;nbsp;&lt;/span&gt;&lt;span style="color: var(--highlight-default)"&gt;$afterClassMethod&lt;/span&gt;&lt;span style="color: var(--highlight-keyword)"&gt;))&amp;nbsp;{&lt;/span&gt;&lt;/code&gt;&lt;/li&gt;&lt;/ol&gt;    &lt;/div&gt;            &lt;/div&gt;
                        &lt;div class="trace-line "&gt;
                &lt;div class="trace-line-header break-long-words sf-toggle" data-toggle-selector="#trace-html-1-23" data-toggle-initial=""&gt;
            &lt;span class="icon icon-close"&gt;&lt;svg width="1792" height="1792" viewBox="0 0 1792 1792" xmlns="http://www.w3.org/2000/svg"&gt;&lt;path d="M1408 960V832q0-26-19-45t-45-19H448q-26 0-45 19t-19 45v128q0 26 19 45t45 19h896q26 0 45-19t19-45zm256-544v960q0 119-84.5 203.5T1376 1664H416q-119 0-203.5-84.5T128 1376V416q0-119 84.5-203.5T416 128h960q119 0 203.5 84.5T1664 416z"/&gt;&lt;/svg&gt;&lt;/span&gt;
        &lt;span class="icon icon-open"&gt;&lt;svg width="1792" height="1792" viewBox="0 0 1792 1792" xmlns="http://www.w3.org/2000/svg"&gt;&lt;path d="M1408 960V832q0-26-19-45t-45-19h-320V448q0-26-19-45t-45-19H832q-26 0-45 19t-19 45v320H448q-26 0-45 19t-19 45v128q0 26 19 45t45 19h320v320q0 26 19 45t45 19h128q26 0 45-19t19-45v-320h320q26 0 45-19t19-45zm256-544v960q0 119-84.5 203.5T1376 1664H416q-119 0-203.5-84.5T128 1376V416q0-119 84.5-203.5T416 128h960q119 0 203.5 84.5T1664 416z"/&gt;&lt;/svg&gt;&lt;/span&gt;
    
            &lt;span class="trace-class"&gt;&lt;abbr title="PHPUnit\Framework\TestSuite"&gt;TestSuite&lt;/abbr&gt;&lt;/span&gt;&lt;span class="trace-type"&gt;-&gt;&lt;/span&gt;&lt;span class="trace-method"&gt;run&lt;/span&gt;&lt;span class="trace-arguments"&gt;()&lt;/span&gt;    
                    &lt;span class="block trace-file-path"&gt;
            in
            &lt;a href=""&gt;
                C:\Users\eman\Documents\GitHub\car_dealer\vendor\phpunit\phpunit\src\Framework\&lt;strong&gt;TestSuite.php&lt;/strong&gt;
            &lt;/a&gt;
                        (line 678)
            &lt;span class="icon icon-copy hidden" data-clipboard-text="C:\Users\eman\Documents\GitHub\car_dealer\vendor\phpunit\phpunit\src\Framework\TestSuite.php:678"&gt;
                &lt;svg xmlns="http://www.w3.org/2000/svg" height="24" viewBox="0 0 24 24" width="24"&gt;&lt;path d="M0 0h24v24H0z" fill="none"/&gt;&lt;path d="M16 1H4c-1.1 0-2 .9-2 2v14h2V3h12V1zm3 4H8c-1.1 0-2 .9-2 2v14c0 1.1.9 2 2 2h11c1.1 0 2-.9 2-2V7c0-1.1-.9-2-2-2zm0 16H8V7h11v14z"/&gt;&lt;/svg&gt;            &lt;/span&gt;
        &lt;/span&gt;
    &lt;/div&gt;
    &lt;div id="trace-html-1-23" class="trace-code sf-toggle-content"&gt;
        &lt;ol start="673"&gt;&lt;li&gt;&lt;code&gt;&lt;span style="color: var(--highlight-keyword)"&gt;&amp;nbsp;&amp;nbsp;&amp;nbsp;&amp;nbsp;&amp;nbsp;&amp;nbsp;&amp;nbsp;&amp;nbsp;&amp;nbsp;&amp;nbsp;&amp;nbsp;&amp;nbsp;&amp;nbsp;&amp;nbsp;&amp;nbsp;&amp;nbsp;&lt;/span&gt;&lt;span style="color: var(--highlight-default)"&gt;$test&lt;/span&gt;&lt;span style="color: var(--highlight-keyword)"&gt;-&amp;gt;&lt;/span&gt;&lt;span style="color: var(--highlight-default)"&gt;setBackupGlobals&lt;/span&gt;&lt;span style="color: var(--highlight-keyword)"&gt;(&lt;/span&gt;&lt;span style="color: var(--highlight-default)"&gt;$this&lt;/span&gt;&lt;span style="color: var(--highlight-keyword)"&gt;-&amp;gt;&lt;/span&gt;&lt;span style="color: var(--highlight-default)"&gt;backupGlobals&lt;/span&gt;&lt;span style="color: var(--highlight-keyword)"&gt;);&lt;/span&gt;&lt;/code&gt;&lt;/li&gt;
&lt;li&gt;&lt;code&gt;&lt;span style="color: var(--highlight-keyword)"&gt;&amp;nbsp;&amp;nbsp;&amp;nbsp;&amp;nbsp;&amp;nbsp;&amp;nbsp;&amp;nbsp;&amp;nbsp;&amp;nbsp;&amp;nbsp;&amp;nbsp;&amp;nbsp;&amp;nbsp;&amp;nbsp;&amp;nbsp;&amp;nbsp;&lt;/span&gt;&lt;span style="color: var(--highlight-default)"&gt;$test&lt;/span&gt;&lt;span style="color: var(--highlight-keyword)"&gt;-&amp;gt;&lt;/span&gt;&lt;span style="color: var(--highlight-default)"&gt;setBackupStaticAttributes&lt;/span&gt;&lt;span style="color: var(--highlight-keyword)"&gt;(&lt;/span&gt;&lt;span style="color: var(--highlight-default)"&gt;$this&lt;/span&gt;&lt;span style="color: var(--highlight-keyword)"&gt;-&amp;gt;&lt;/span&gt;&lt;span style="color: var(--highlight-default)"&gt;backupStaticAttributes&lt;/span&gt;&lt;span style="color: var(--highlight-keyword)"&gt;);&lt;/span&gt;&lt;/code&gt;&lt;/li&gt;
&lt;li&gt;&lt;code&gt;&lt;span style="color: var(--highlight-keyword)"&gt;&amp;nbsp;&amp;nbsp;&amp;nbsp;&amp;nbsp;&amp;nbsp;&amp;nbsp;&amp;nbsp;&amp;nbsp;&amp;nbsp;&amp;nbsp;&amp;nbsp;&amp;nbsp;&amp;nbsp;&amp;nbsp;&amp;nbsp;&amp;nbsp;&lt;/span&gt;&lt;span style="color: var(--highlight-default)"&gt;$test&lt;/span&gt;&lt;span style="color: var(--highlight-keyword)"&gt;-&amp;gt;&lt;/span&gt;&lt;span style="color: var(--highlight-default)"&gt;setRunTestInSeparateProcess&lt;/span&gt;&lt;span style="color: var(--highlight-keyword)"&gt;(&lt;/span&gt;&lt;span style="color: var(--highlight-default)"&gt;$this&lt;/span&gt;&lt;span style="color: var(--highlight-keyword)"&gt;-&amp;gt;&lt;/span&gt;&lt;span style="color: var(--highlight-default)"&gt;runTestInSeparateProcess&lt;/span&gt;&lt;span style="color: var(--highlight-keyword)"&gt;);&lt;/span&gt;&lt;/code&gt;&lt;/li&gt;
&lt;li&gt;&lt;code&gt;&lt;span style="color: var(--highlight-keyword)"&gt;&amp;nbsp;&amp;nbsp;&amp;nbsp;&amp;nbsp;&amp;nbsp;&amp;nbsp;&amp;nbsp;&amp;nbsp;&amp;nbsp;&amp;nbsp;&amp;nbsp;&amp;nbsp;}&lt;/span&gt;&lt;/code&gt;&lt;/li&gt;
&lt;li&gt;&lt;code&gt;&lt;span style="color: var(--highlight-keyword)"&gt;&lt;/span&gt;&lt;/code&gt;&lt;/li&gt;
&lt;li class="selected"&gt;&lt;code&gt;&lt;span style="color: var(--highlight-keyword)"&gt;&amp;nbsp;&amp;nbsp;&amp;nbsp;&amp;nbsp;&amp;nbsp;&amp;nbsp;&amp;nbsp;&amp;nbsp;&amp;nbsp;&amp;nbsp;&amp;nbsp;&amp;nbsp;&lt;/span&gt;&lt;span style="color: var(--highlight-default)"&gt;$test&lt;/span&gt;&lt;span style="color: var(--highlight-keyword)"&gt;-&amp;gt;&lt;/span&gt;&lt;span style="color: var(--highlight-default)"&gt;run&lt;/span&gt;&lt;span style="color: var(--highlight-keyword)"&gt;(&lt;/span&gt;&lt;span style="color: var(--highlight-default)"&gt;$result&lt;/span&gt;&lt;span style="color: var(--highlight-keyword)"&gt;);&lt;/span&gt;&lt;/code&gt;&lt;/li&gt;
&lt;li&gt;&lt;code&gt;&lt;span style="color: var(--highlight-keyword)"&gt;&amp;nbsp;&amp;nbsp;&amp;nbsp;&amp;nbsp;&amp;nbsp;&amp;nbsp;&amp;nbsp;&amp;nbsp;}&lt;/span&gt;&lt;/code&gt;&lt;/li&gt;
&lt;li&gt;&lt;code&gt;&lt;span style="color: var(--highlight-keyword)"&gt;&lt;/span&gt;&lt;/code&gt;&lt;/li&gt;
&lt;li&gt;&lt;code&gt;&lt;span style="color: var(--highlight-keyword)"&gt;&amp;nbsp;&amp;nbsp;&amp;nbsp;&amp;nbsp;&amp;nbsp;&amp;nbsp;&amp;nbsp;&amp;nbsp;if&amp;nbsp;(&lt;/span&gt;&lt;span style="color: var(--highlight-default)"&gt;$this&lt;/span&gt;&lt;span style="color: var(--highlight-keyword)"&gt;-&amp;gt;&lt;/span&gt;&lt;span style="color: var(--highlight-default)"&gt;testCase&amp;nbsp;&lt;/span&gt;&lt;span style="color: var(--highlight-keyword)"&gt;&amp;amp;&amp;amp;&amp;nbsp;&lt;/span&gt;&lt;span style="color: var(--highlight-default)"&gt;class_exists&lt;/span&gt;&lt;span style="color: var(--highlight-keyword)"&gt;(&lt;/span&gt;&lt;span style="color: var(--highlight-default)"&gt;$this&lt;/span&gt;&lt;span style="color: var(--highlight-keyword)"&gt;-&amp;gt;&lt;/span&gt;&lt;span style="color: var(--highlight-default)"&gt;name&lt;/span&gt;&lt;span style="color: var(--highlight-keyword)"&gt;,&amp;nbsp;&lt;/span&gt;&lt;span style="color: var(--highlight-default)"&gt;false&lt;/span&gt;&lt;span style="color: var(--highlight-keyword)"&gt;))&amp;nbsp;{&lt;/span&gt;&lt;/code&gt;&lt;/li&gt;
&lt;li&gt;&lt;code&gt;&lt;span style="color: var(--highlight-keyword)"&gt;&amp;nbsp;&amp;nbsp;&amp;nbsp;&amp;nbsp;&amp;nbsp;&amp;nbsp;&amp;nbsp;&amp;nbsp;&amp;nbsp;&amp;nbsp;&amp;nbsp;&amp;nbsp;foreach&amp;nbsp;(&lt;/span&gt;&lt;span style="color: var(--highlight-default)"&gt;$hookMethods&lt;/span&gt;&lt;span style="color: var(--highlight-keyword)"&gt;[&lt;/span&gt;&lt;span style="color: var(--highlight-string)"&gt;'afterClass'&lt;/span&gt;&lt;span style="color: var(--highlight-keyword)"&gt;]&amp;nbsp;as&amp;nbsp;&lt;/span&gt;&lt;span style="color: var(--highlight-default)"&gt;$afterClassMethod&lt;/span&gt;&lt;span style="color: var(--highlight-keyword)"&gt;)&amp;nbsp;{&lt;/span&gt;&lt;/code&gt;&lt;/li&gt;
&lt;li&gt;&lt;code&gt;&lt;span style="color: var(--highlight-keyword)"&gt;&amp;nbsp;&amp;nbsp;&amp;nbsp;&amp;nbsp;&amp;nbsp;&amp;nbsp;&amp;nbsp;&amp;nbsp;&amp;nbsp;&amp;nbsp;&amp;nbsp;&amp;nbsp;&amp;nbsp;&amp;nbsp;&amp;nbsp;&amp;nbsp;if&amp;nbsp;(&lt;/span&gt;&lt;span style="color: var(--highlight-default)"&gt;method_exists&lt;/span&gt;&lt;span style="color: var(--highlight-keyword)"&gt;(&lt;/span&gt;&lt;span style="color: var(--highlight-default)"&gt;$this&lt;/span&gt;&lt;span style="color: var(--highlight-keyword)"&gt;-&amp;gt;&lt;/span&gt;&lt;span style="color: var(--highlight-default)"&gt;name&lt;/span&gt;&lt;span style="color: var(--highlight-keyword)"&gt;,&amp;nbsp;&lt;/span&gt;&lt;span style="color: var(--highlight-default)"&gt;$afterClassMethod&lt;/span&gt;&lt;span style="color: var(--highlight-keyword)"&gt;))&amp;nbsp;{&lt;/span&gt;&lt;/code&gt;&lt;/li&gt;&lt;/ol&gt;    &lt;/div&gt;            &lt;/div&gt;
                        &lt;div class="trace-line "&gt;
                &lt;div class="trace-line-header break-long-words sf-toggle" data-toggle-selector="#trace-html-1-24" data-toggle-initial=""&gt;
            &lt;span class="icon icon-close"&gt;&lt;svg width="1792" height="1792" viewBox="0 0 1792 1792" xmlns="http://www.w3.org/2000/svg"&gt;&lt;path d="M1408 960V832q0-26-19-45t-45-19H448q-26 0-45 19t-19 45v128q0 26 19 45t45 19h896q26 0 45-19t19-45zm256-544v960q0 119-84.5 203.5T1376 1664H416q-119 0-203.5-84.5T128 1376V416q0-119 84.5-203.5T416 128h960q119 0 203.5 84.5T1664 416z"/&gt;&lt;/svg&gt;&lt;/span&gt;
        &lt;span class="icon icon-open"&gt;&lt;svg width="1792" height="1792" viewBox="0 0 1792 1792" xmlns="http://www.w3.org/2000/svg"&gt;&lt;path d="M1408 960V832q0-26-19-45t-45-19h-320V448q0-26-19-45t-45-19H832q-26 0-45 19t-19 45v320H448q-26 0-45 19t-19 45v128q0 26 19 45t45 19h320v320q0 26 19 45t45 19h128q26 0 45-19t19-45v-320h320q26 0 45-19t19-45zm256-544v960q0 119-84.5 203.5T1376 1664H416q-119 0-203.5-84.5T128 1376V416q0-119 84.5-203.5T416 128h960q119 0 203.5 84.5T1664 416z"/&gt;&lt;/svg&gt;&lt;/span&gt;
    
            &lt;span class="trace-class"&gt;&lt;abbr title="PHPUnit\Framework\TestSuite"&gt;TestSuite&lt;/abbr&gt;&lt;/span&gt;&lt;span class="trace-type"&gt;-&gt;&lt;/span&gt;&lt;span class="trace-method"&gt;run&lt;/span&gt;&lt;span class="trace-arguments"&gt;()&lt;/span&gt;    
                    &lt;span class="block trace-file-path"&gt;
            in
            &lt;a href=""&gt;
                C:\Users\eman\Documents\GitHub\car_dealer\vendor\phpunit\phpunit\src\TextUI\&lt;strong&gt;TestRunner.php&lt;/strong&gt;
            &lt;/a&gt;
                        (line 670)
            &lt;span class="icon icon-copy hidden" data-clipboard-text="C:\Users\eman\Documents\GitHub\car_dealer\vendor\phpunit\phpunit\src\TextUI\TestRunner.php:670"&gt;
                &lt;svg xmlns="http://www.w3.org/2000/svg" height="24" viewBox="0 0 24 24" width="24"&gt;&lt;path d="M0 0h24v24H0z" fill="none"/&gt;&lt;path d="M16 1H4c-1.1 0-2 .9-2 2v14h2V3h12V1zm3 4H8c-1.1 0-2 .9-2 2v14c0 1.1.9 2 2 2h11c1.1 0 2-.9 2-2V7c0-1.1-.9-2-2-2zm0 16H8V7h11v14z"/&gt;&lt;/svg&gt;            &lt;/span&gt;
        &lt;/span&gt;
    &lt;/div&gt;
    &lt;div id="trace-html-1-24" class="trace-code sf-toggle-content"&gt;
        &lt;ol start="665"&gt;&lt;li&gt;&lt;code&gt;&lt;span style="color: var(--highlight-keyword)"&gt;&lt;/span&gt;&lt;/code&gt;&lt;/li&gt;
&lt;li&gt;&lt;code&gt;&lt;span style="color: var(--highlight-keyword)"&gt;&amp;nbsp;&amp;nbsp;&amp;nbsp;&amp;nbsp;&amp;nbsp;&amp;nbsp;&amp;nbsp;&amp;nbsp;if&amp;nbsp;(&lt;/span&gt;&lt;span style="color: var(--highlight-default)"&gt;$testSuiteWarningsPrinted&lt;/span&gt;&lt;span style="color: var(--highlight-keyword)"&gt;)&amp;nbsp;{&lt;/span&gt;&lt;/code&gt;&lt;/li&gt;
&lt;li&gt;&lt;code&gt;&lt;span style="color: var(--highlight-keyword)"&gt;&amp;nbsp;&amp;nbsp;&amp;nbsp;&amp;nbsp;&amp;nbsp;&amp;nbsp;&amp;nbsp;&amp;nbsp;&amp;nbsp;&amp;nbsp;&amp;nbsp;&amp;nbsp;&lt;/span&gt;&lt;span style="color: var(--highlight-default)"&gt;$this&lt;/span&gt;&lt;span style="color: var(--highlight-keyword)"&gt;-&amp;gt;&lt;/span&gt;&lt;span style="color: var(--highlight-default)"&gt;write&lt;/span&gt;&lt;span style="color: var(--highlight-keyword)"&gt;(&lt;/span&gt;&lt;span style="color: var(--highlight-default)"&gt;PHP_EOL&lt;/span&gt;&lt;span style="color: var(--highlight-keyword)"&gt;);&lt;/span&gt;&lt;/code&gt;&lt;/li&gt;
&lt;li&gt;&lt;code&gt;&lt;span style="color: var(--highlight-keyword)"&gt;&amp;nbsp;&amp;nbsp;&amp;nbsp;&amp;nbsp;&amp;nbsp;&amp;nbsp;&amp;nbsp;&amp;nbsp;}&lt;/span&gt;&lt;/code&gt;&lt;/li&gt;
&lt;li&gt;&lt;code&gt;&lt;span style="color: var(--highlight-keyword)"&gt;&lt;/span&gt;&lt;/code&gt;&lt;/li&gt;
&lt;li class="selected"&gt;&lt;code&gt;&lt;span style="color: var(--highlight-keyword)"&gt;&amp;nbsp;&amp;nbsp;&amp;nbsp;&amp;nbsp;&amp;nbsp;&amp;nbsp;&amp;nbsp;&amp;nbsp;&lt;/span&gt;&lt;span style="color: var(--highlight-default)"&gt;$suite&lt;/span&gt;&lt;span style="color: var(--highlight-keyword)"&gt;-&amp;gt;&lt;/span&gt;&lt;span style="color: var(--highlight-default)"&gt;run&lt;/span&gt;&lt;span style="color: var(--highlight-keyword)"&gt;(&lt;/span&gt;&lt;span style="color: var(--highlight-default)"&gt;$result&lt;/span&gt;&lt;span style="color: var(--highlight-keyword)"&gt;);&lt;/span&gt;&lt;/code&gt;&lt;/li&gt;
&lt;li&gt;&lt;code&gt;&lt;span style="color: var(--highlight-keyword)"&gt;&lt;/span&gt;&lt;/code&gt;&lt;/li&gt;
&lt;li&gt;&lt;code&gt;&lt;span style="color: var(--highlight-keyword)"&gt;&amp;nbsp;&amp;nbsp;&amp;nbsp;&amp;nbsp;&amp;nbsp;&amp;nbsp;&amp;nbsp;&amp;nbsp;foreach&amp;nbsp;(&lt;/span&gt;&lt;span style="color: var(--highlight-default)"&gt;$this&lt;/span&gt;&lt;span style="color: var(--highlight-keyword)"&gt;-&amp;gt;&lt;/span&gt;&lt;span style="color: var(--highlight-default)"&gt;extensions&amp;nbsp;&lt;/span&gt;&lt;span style="color: var(--highlight-keyword)"&gt;as&amp;nbsp;&lt;/span&gt;&lt;span style="color: var(--highlight-default)"&gt;$extension&lt;/span&gt;&lt;span style="color: var(--highlight-keyword)"&gt;)&amp;nbsp;{&lt;/span&gt;&lt;/code&gt;&lt;/li&gt;
&lt;li&gt;&lt;code&gt;&lt;span style="color: var(--highlight-keyword)"&gt;&amp;nbsp;&amp;nbsp;&amp;nbsp;&amp;nbsp;&amp;nbsp;&amp;nbsp;&amp;nbsp;&amp;nbsp;&amp;nbsp;&amp;nbsp;&amp;nbsp;&amp;nbsp;if&amp;nbsp;(&lt;/span&gt;&lt;span style="color: var(--highlight-default)"&gt;$extension&amp;nbsp;&lt;/span&gt;&lt;span style="color: var(--highlight-keyword)"&gt;instanceof&amp;nbsp;&lt;/span&gt;&lt;span style="color: var(--highlight-default)"&gt;AfterLastTestHook&lt;/span&gt;&lt;span style="color: var(--highlight-keyword)"&gt;)&amp;nbsp;{&lt;/span&gt;&lt;/code&gt;&lt;/li&gt;
&lt;li&gt;&lt;code&gt;&lt;span style="color: var(--highlight-keyword)"&gt;&amp;nbsp;&amp;nbsp;&amp;nbsp;&amp;nbsp;&amp;nbsp;&amp;nbsp;&amp;nbsp;&amp;nbsp;&amp;nbsp;&amp;nbsp;&amp;nbsp;&amp;nbsp;&amp;nbsp;&amp;nbsp;&amp;nbsp;&amp;nbsp;&lt;/span&gt;&lt;span style="color: var(--highlight-default)"&gt;$extension&lt;/span&gt;&lt;span style="color: var(--highlight-keyword)"&gt;-&amp;gt;&lt;/span&gt;&lt;span style="color: var(--highlight-default)"&gt;executeAfterLastTest&lt;/span&gt;&lt;span style="color: var(--highlight-keyword)"&gt;();&lt;/span&gt;&lt;/code&gt;&lt;/li&gt;
&lt;li&gt;&lt;code&gt;&lt;span style="color: var(--highlight-keyword)"&gt;&amp;nbsp;&amp;nbsp;&amp;nbsp;&amp;nbsp;&amp;nbsp;&amp;nbsp;&amp;nbsp;&amp;nbsp;&amp;nbsp;&amp;nbsp;&amp;nbsp;&amp;nbsp;}&lt;/span&gt;&lt;/code&gt;&lt;/li&gt;&lt;/ol&gt;    &lt;/div&gt;            &lt;/div&gt;
                        &lt;div class="trace-line "&gt;
                &lt;div class="trace-line-header break-long-words sf-toggle" data-toggle-selector="#trace-html-1-25" data-toggle-initial=""&gt;
            &lt;span class="icon icon-close"&gt;&lt;svg width="1792" height="1792" viewBox="0 0 1792 1792" xmlns="http://www.w3.org/2000/svg"&gt;&lt;path d="M1408 960V832q0-26-19-45t-45-19H448q-26 0-45 19t-19 45v128q0 26 19 45t45 19h896q26 0 45-19t19-45zm256-544v960q0 119-84.5 203.5T1376 1664H416q-119 0-203.5-84.5T128 1376V416q0-119 84.5-203.5T416 128h960q119 0 203.5 84.5T1664 416z"/&gt;&lt;/svg&gt;&lt;/span&gt;
        &lt;span class="icon icon-open"&gt;&lt;svg width="1792" height="1792" viewBox="0 0 1792 1792" xmlns="http://www.w3.org/2000/svg"&gt;&lt;path d="M1408 960V832q0-26-19-45t-45-19h-320V448q0-26-19-45t-45-19H832q-26 0-45 19t-19 45v320H448q-26 0-45 19t-19 45v128q0 26 19 45t45 19h320v320q0 26 19 45t45 19h128q26 0 45-19t19-45v-320h320q26 0 45-19t19-45zm256-544v960q0 119-84.5 203.5T1376 1664H416q-119 0-203.5-84.5T128 1376V416q0-119 84.5-203.5T416 128h960q119 0 203.5 84.5T1664 416z"/&gt;&lt;/svg&gt;&lt;/span&gt;
    
            &lt;span class="trace-class"&gt;&lt;abbr title="PHPUnit\TextUI\TestRunner"&gt;TestRunner&lt;/abbr&gt;&lt;/span&gt;&lt;span class="trace-type"&gt;-&gt;&lt;/span&gt;&lt;span class="trace-method"&gt;run&lt;/span&gt;&lt;span class="trace-arguments"&gt;()&lt;/span&gt;    
                    &lt;span class="block trace-file-path"&gt;
            in
            &lt;a href=""&gt;
                C:\Users\eman\Documents\GitHub\car_dealer\vendor\phpunit\phpunit\src\TextUI\&lt;strong&gt;Command.php&lt;/strong&gt;
            &lt;/a&gt;
                        (line 143)
            &lt;span class="icon icon-copy hidden" data-clipboard-text="C:\Users\eman\Documents\GitHub\car_dealer\vendor\phpunit\phpunit\src\TextUI\Command.php:143"&gt;
                &lt;svg xmlns="http://www.w3.org/2000/svg" height="24" viewBox="0 0 24 24" width="24"&gt;&lt;path d="M0 0h24v24H0z" fill="none"/&gt;&lt;path d="M16 1H4c-1.1 0-2 .9-2 2v14h2V3h12V1zm3 4H8c-1.1 0-2 .9-2 2v14c0 1.1.9 2 2 2h11c1.1 0 2-.9 2-2V7c0-1.1-.9-2-2-2zm0 16H8V7h11v14z"/&gt;&lt;/svg&gt;            &lt;/span&gt;
        &lt;/span&gt;
    &lt;/div&gt;
    &lt;div id="trace-html-1-25" class="trace-code sf-toggle-content"&gt;
        &lt;ol start="138"&gt;&lt;li&gt;&lt;code&gt;&lt;span style="color: var(--highlight-keyword)"&gt;&amp;nbsp;&amp;nbsp;&amp;nbsp;&amp;nbsp;&amp;nbsp;&amp;nbsp;&amp;nbsp;&amp;nbsp;}&lt;/span&gt;&lt;/code&gt;&lt;/li&gt;
&lt;li&gt;&lt;code&gt;&lt;span style="color: var(--highlight-keyword)"&gt;&lt;/span&gt;&lt;/code&gt;&lt;/li&gt;
&lt;li&gt;&lt;code&gt;&lt;span style="color: var(--highlight-keyword)"&gt;&amp;nbsp;&amp;nbsp;&amp;nbsp;&amp;nbsp;&amp;nbsp;&amp;nbsp;&amp;nbsp;&amp;nbsp;unset(&lt;/span&gt;&lt;span style="color: var(--highlight-default)"&gt;$this&lt;/span&gt;&lt;span style="color: var(--highlight-keyword)"&gt;-&amp;gt;&lt;/span&gt;&lt;span style="color: var(--highlight-default)"&gt;arguments&lt;/span&gt;&lt;span style="color: var(--highlight-keyword)"&gt;[&lt;/span&gt;&lt;span style="color: var(--highlight-string)"&gt;'test'&lt;/span&gt;&lt;span style="color: var(--highlight-keyword)"&gt;],&amp;nbsp;&lt;/span&gt;&lt;span style="color: var(--highlight-default)"&gt;$this&lt;/span&gt;&lt;span style="color: var(--highlight-keyword)"&gt;-&amp;gt;&lt;/span&gt;&lt;span style="color: var(--highlight-default)"&gt;arguments&lt;/span&gt;&lt;span style="color: var(--highlight-keyword)"&gt;[&lt;/span&gt;&lt;span style="color: var(--highlight-string)"&gt;'testFile'&lt;/span&gt;&lt;span style="color: var(--highlight-keyword)"&gt;]);&lt;/span&gt;&lt;/code&gt;&lt;/li&gt;
&lt;li&gt;&lt;code&gt;&lt;span style="color: var(--highlight-keyword)"&gt;&lt;/span&gt;&lt;/code&gt;&lt;/li&gt;
&lt;li&gt;&lt;code&gt;&lt;span style="color: var(--highlight-keyword)"&gt;&amp;nbsp;&amp;nbsp;&amp;nbsp;&amp;nbsp;&amp;nbsp;&amp;nbsp;&amp;nbsp;&amp;nbsp;try&amp;nbsp;{&lt;/span&gt;&lt;/code&gt;&lt;/li&gt;
&lt;li class="selected"&gt;&lt;code&gt;&lt;span style="color: var(--highlight-keyword)"&gt;&amp;nbsp;&amp;nbsp;&amp;nbsp;&amp;nbsp;&amp;nbsp;&amp;nbsp;&amp;nbsp;&amp;nbsp;&amp;nbsp;&amp;nbsp;&amp;nbsp;&amp;nbsp;&lt;/span&gt;&lt;span style="color: var(--highlight-default)"&gt;$result&amp;nbsp;&lt;/span&gt;&lt;span style="color: var(--highlight-keyword)"&gt;=&amp;nbsp;&lt;/span&gt;&lt;span style="color: var(--highlight-default)"&gt;$runner&lt;/span&gt;&lt;span style="color: var(--highlight-keyword)"&gt;-&amp;gt;&lt;/span&gt;&lt;span style="color: var(--highlight-default)"&gt;run&lt;/span&gt;&lt;span style="color: var(--highlight-keyword)"&gt;(&lt;/span&gt;&lt;span style="color: var(--highlight-default)"&gt;$suite&lt;/span&gt;&lt;span style="color: var(--highlight-keyword)"&gt;,&amp;nbsp;&lt;/span&gt;&lt;span style="color: var(--highlight-default)"&gt;$this&lt;/span&gt;&lt;span style="color: var(--highlight-keyword)"&gt;-&amp;gt;&lt;/span&gt;&lt;span style="color: var(--highlight-default)"&gt;arguments&lt;/span&gt;&lt;span style="color: var(--highlight-keyword)"&gt;,&amp;nbsp;&lt;/span&gt;&lt;span style="color: var(--highlight-default)"&gt;$this&lt;/span&gt;&lt;span style="color: var(--highlight-keyword)"&gt;-&amp;gt;&lt;/span&gt;&lt;span style="color: var(--highlight-default)"&gt;warnings&lt;/span&gt;&lt;span style="color: var(--highlight-keyword)"&gt;,&amp;nbsp;&lt;/span&gt;&lt;span style="color: var(--highlight-default)"&gt;$exit&lt;/span&gt;&lt;span style="color: var(--highlight-keyword)"&gt;);&lt;/span&gt;&lt;/code&gt;&lt;/li&gt;
&lt;li&gt;&lt;code&gt;&lt;span style="color: var(--highlight-keyword)"&gt;&amp;nbsp;&amp;nbsp;&amp;nbsp;&amp;nbsp;&amp;nbsp;&amp;nbsp;&amp;nbsp;&amp;nbsp;}&amp;nbsp;catch&amp;nbsp;(&lt;/span&gt;&lt;span style="color: var(--highlight-default)"&gt;Throwable&amp;nbsp;$t&lt;/span&gt;&lt;span style="color: var(--highlight-keyword)"&gt;)&amp;nbsp;{&lt;/span&gt;&lt;/code&gt;&lt;/li&gt;
&lt;li&gt;&lt;code&gt;&lt;span style="color: var(--highlight-keyword)"&gt;&amp;nbsp;&amp;nbsp;&amp;nbsp;&amp;nbsp;&amp;nbsp;&amp;nbsp;&amp;nbsp;&amp;nbsp;&amp;nbsp;&amp;nbsp;&amp;nbsp;&amp;nbsp;print&amp;nbsp;&lt;/span&gt;&lt;span style="color: var(--highlight-default)"&gt;$t&lt;/span&gt;&lt;span style="color: var(--highlight-keyword)"&gt;-&amp;gt;&lt;/span&gt;&lt;span style="color: var(--highlight-default)"&gt;getMessage&lt;/span&gt;&lt;span style="color: var(--highlight-keyword)"&gt;()&amp;nbsp;.&amp;nbsp;&lt;/span&gt;&lt;span style="color: var(--highlight-default)"&gt;PHP_EOL&lt;/span&gt;&lt;span style="color: var(--highlight-keyword)"&gt;;&lt;/span&gt;&lt;/code&gt;&lt;/li&gt;
&lt;li&gt;&lt;code&gt;&lt;span style="color: var(--highlight-keyword)"&gt;&amp;nbsp;&amp;nbsp;&amp;nbsp;&amp;nbsp;&amp;nbsp;&amp;nbsp;&amp;nbsp;&amp;nbsp;}&lt;/span&gt;&lt;/code&gt;&lt;/li&gt;
&lt;li&gt;&lt;code&gt;&lt;span style="color: var(--highlight-keyword)"&gt;&lt;/span&gt;&lt;/code&gt;&lt;/li&gt;
&lt;li&gt;&lt;code&gt;&lt;span style="color: var(--highlight-keyword)"&gt;&amp;nbsp;&amp;nbsp;&amp;nbsp;&amp;nbsp;&amp;nbsp;&amp;nbsp;&amp;nbsp;&amp;nbsp;&lt;/span&gt;&lt;span style="color: var(--highlight-default)"&gt;$return&amp;nbsp;&lt;/span&gt;&lt;span style="color: var(--highlight-keyword)"&gt;=&amp;nbsp;&lt;/span&gt;&lt;span style="color: var(--highlight-default)"&gt;TestRunner&lt;/span&gt;&lt;span style="color: var(--highlight-keyword)"&gt;::&lt;/span&gt;&lt;span style="color: var(--highlight-default)"&gt;FAILURE_EXIT&lt;/span&gt;&lt;span style="color: var(--highlight-keyword)"&gt;;&lt;/span&gt;&lt;/code&gt;&lt;/li&gt;&lt;/ol&gt;    &lt;/div&gt;            &lt;/div&gt;
                        &lt;div class="trace-line "&gt;
                &lt;div class="trace-line-header break-long-words sf-toggle" data-toggle-selector="#trace-html-1-26" data-toggle-initial=""&gt;
            &lt;span class="icon icon-close"&gt;&lt;svg width="1792" height="1792" viewBox="0 0 1792 1792" xmlns="http://www.w3.org/2000/svg"&gt;&lt;path d="M1408 960V832q0-26-19-45t-45-19H448q-26 0-45 19t-19 45v128q0 26 19 45t45 19h896q26 0 45-19t19-45zm256-544v960q0 119-84.5 203.5T1376 1664H416q-119 0-203.5-84.5T128 1376V416q0-119 84.5-203.5T416 128h960q119 0 203.5 84.5T1664 416z"/&gt;&lt;/svg&gt;&lt;/span&gt;
        &lt;span class="icon icon-open"&gt;&lt;svg width="1792" height="1792" viewBox="0 0 1792 1792" xmlns="http://www.w3.org/2000/svg"&gt;&lt;path d="M1408 960V832q0-26-19-45t-45-19h-320V448q0-26-19-45t-45-19H832q-26 0-45 19t-19 45v320H448q-26 0-45 19t-19 45v128q0 26 19 45t45 19h320v320q0 26 19 45t45 19h128q26 0 45-19t19-45v-320h320q26 0 45-19t19-45zm256-544v960q0 119-84.5 203.5T1376 1664H416q-119 0-203.5-84.5T128 1376V416q0-119 84.5-203.5T416 128h960q119 0 203.5 84.5T1664 416z"/&gt;&lt;/svg&gt;&lt;/span&gt;
    
            &lt;span class="trace-class"&gt;&lt;abbr title="PHPUnit\TextUI\Command"&gt;Command&lt;/abbr&gt;&lt;/span&gt;&lt;span class="trace-type"&gt;-&gt;&lt;/span&gt;&lt;span class="trace-method"&gt;run&lt;/span&gt;&lt;span class="trace-arguments"&gt;()&lt;/span&gt;    
                    &lt;span class="block trace-file-path"&gt;
            in
            &lt;a href=""&gt;
                C:\Users\eman\Documents\GitHub\car_dealer\vendor\phpunit\phpunit\src\TextUI\&lt;strong&gt;Command.php&lt;/strong&gt;
            &lt;/a&gt;
                        (line 96)
            &lt;span class="icon icon-copy hidden" data-clipboard-text="C:\Users\eman\Documents\GitHub\car_dealer\vendor\phpunit\phpunit\src\TextUI\Command.php:96"&gt;
                &lt;svg xmlns="http://www.w3.org/2000/svg" height="24" viewBox="0 0 24 24" width="24"&gt;&lt;path d="M0 0h24v24H0z" fill="none"/&gt;&lt;path d="M16 1H4c-1.1 0-2 .9-2 2v14h2V3h12V1zm3 4H8c-1.1 0-2 .9-2 2v14c0 1.1.9 2 2 2h11c1.1 0 2-.9 2-2V7c0-1.1-.9-2-2-2zm0 16H8V7h11v14z"/&gt;&lt;/svg&gt;            &lt;/span&gt;
        &lt;/span&gt;
    &lt;/div&gt;
    &lt;div id="trace-html-1-26" class="trace-code sf-toggle-content"&gt;
        &lt;ol start="91"&gt;&lt;li&gt;&lt;code&gt;&lt;span style="color: var(--highlight-comment)"&gt;&amp;nbsp;&amp;nbsp;&amp;nbsp;&amp;nbsp;&amp;nbsp;*&amp;nbsp;@throws&amp;nbsp;Exception&lt;/span&gt;&lt;/code&gt;&lt;/li&gt;
&lt;li&gt;&lt;code&gt;&lt;span style="color: var(--highlight-comment)"&gt;&amp;nbsp;&amp;nbsp;&amp;nbsp;&amp;nbsp;&amp;nbsp;*/&lt;/span&gt;&lt;/code&gt;&lt;/li&gt;
&lt;li&gt;&lt;code&gt;&lt;span style="color: var(--highlight-comment)"&gt;&amp;nbsp;&amp;nbsp;&amp;nbsp;&amp;nbsp;&lt;/span&gt;&lt;span style="color: var(--highlight-keyword)"&gt;public&amp;nbsp;static&amp;nbsp;function&amp;nbsp;&lt;/span&gt;&lt;span style="color: var(--highlight-default)"&gt;main&lt;/span&gt;&lt;span style="color: var(--highlight-keyword)"&gt;(&lt;/span&gt;&lt;span style="color: var(--highlight-default)"&gt;bool&amp;nbsp;$exit&amp;nbsp;&lt;/span&gt;&lt;span style="color: var(--highlight-keyword)"&gt;=&amp;nbsp;&lt;/span&gt;&lt;span style="color: var(--highlight-default)"&gt;true&lt;/span&gt;&lt;span style="color: var(--highlight-keyword)"&gt;):&amp;nbsp;&lt;/span&gt;&lt;span style="color: var(--highlight-default)"&gt;int&lt;/span&gt;&lt;/code&gt;&lt;/li&gt;
&lt;li&gt;&lt;code&gt;&lt;span style="color: var(--highlight-default)"&gt;&amp;nbsp;&amp;nbsp;&amp;nbsp;&amp;nbsp;&lt;/span&gt;&lt;span style="color: var(--highlight-keyword)"&gt;{&lt;/span&gt;&lt;/code&gt;&lt;/li&gt;
&lt;li&gt;&lt;code&gt;&lt;span style="color: var(--highlight-keyword)"&gt;&amp;nbsp;&amp;nbsp;&amp;nbsp;&amp;nbsp;&amp;nbsp;&amp;nbsp;&amp;nbsp;&amp;nbsp;try&amp;nbsp;{&lt;/span&gt;&lt;/code&gt;&lt;/li&gt;
&lt;li class="selected"&gt;&lt;code&gt;&lt;span style="color: var(--highlight-keyword)"&gt;&amp;nbsp;&amp;nbsp;&amp;nbsp;&amp;nbsp;&amp;nbsp;&amp;nbsp;&amp;nbsp;&amp;nbsp;&amp;nbsp;&amp;nbsp;&amp;nbsp;&amp;nbsp;return&amp;nbsp;(new&amp;nbsp;static)-&amp;gt;&lt;/span&gt;&lt;span style="color: var(--highlight-default)"&gt;run&lt;/span&gt;&lt;span style="color: var(--highlight-keyword)"&gt;(&lt;/span&gt;&lt;span style="color: var(--highlight-default)"&gt;$_SERVER&lt;/span&gt;&lt;span style="color: var(--highlight-keyword)"&gt;[&lt;/span&gt;&lt;span style="color: var(--highlight-string)"&gt;'argv'&lt;/span&gt;&lt;span style="color: var(--highlight-keyword)"&gt;],&amp;nbsp;&lt;/span&gt;&lt;span style="color: var(--highlight-default)"&gt;$exit&lt;/span&gt;&lt;span style="color: var(--highlight-keyword)"&gt;);&lt;/span&gt;&lt;/code&gt;&lt;/li&gt;
&lt;li&gt;&lt;code&gt;&lt;span style="color: var(--highlight-keyword)"&gt;&amp;nbsp;&amp;nbsp;&amp;nbsp;&amp;nbsp;&amp;nbsp;&amp;nbsp;&amp;nbsp;&amp;nbsp;}&amp;nbsp;catch&amp;nbsp;(&lt;/span&gt;&lt;span style="color: var(--highlight-default)"&gt;Throwable&amp;nbsp;$t&lt;/span&gt;&lt;span style="color: var(--highlight-keyword)"&gt;)&amp;nbsp;{&lt;/span&gt;&lt;/code&gt;&lt;/li&gt;
&lt;li&gt;&lt;code&gt;&lt;span style="color: var(--highlight-keyword)"&gt;&amp;nbsp;&amp;nbsp;&amp;nbsp;&amp;nbsp;&amp;nbsp;&amp;nbsp;&amp;nbsp;&amp;nbsp;&amp;nbsp;&amp;nbsp;&amp;nbsp;&amp;nbsp;throw&amp;nbsp;new&amp;nbsp;&lt;/span&gt;&lt;span style="color: var(--highlight-default)"&gt;RuntimeException&lt;/span&gt;&lt;span style="color: var(--highlight-keyword)"&gt;(&lt;/span&gt;&lt;/code&gt;&lt;/li&gt;
&lt;li&gt;&lt;code&gt;&lt;span style="color: var(--highlight-keyword)"&gt;&amp;nbsp;&amp;nbsp;&amp;nbsp;&amp;nbsp;&amp;nbsp;&amp;nbsp;&amp;nbsp;&amp;nbsp;&amp;nbsp;&amp;nbsp;&amp;nbsp;&amp;nbsp;&amp;nbsp;&amp;nbsp;&amp;nbsp;&amp;nbsp;&lt;/span&gt;&lt;span style="color: var(--highlight-default)"&gt;$t&lt;/span&gt;&lt;span style="color: var(--highlight-keyword)"&gt;-&amp;gt;&lt;/span&gt;&lt;span style="color: var(--highlight-default)"&gt;getMessage&lt;/span&gt;&lt;span style="color: var(--highlight-keyword)"&gt;(),&lt;/span&gt;&lt;/code&gt;&lt;/li&gt;
&lt;li&gt;&lt;code&gt;&lt;span style="color: var(--highlight-keyword)"&gt;&amp;nbsp;&amp;nbsp;&amp;nbsp;&amp;nbsp;&amp;nbsp;&amp;nbsp;&amp;nbsp;&amp;nbsp;&amp;nbsp;&amp;nbsp;&amp;nbsp;&amp;nbsp;&amp;nbsp;&amp;nbsp;&amp;nbsp;&amp;nbsp;(int)&amp;nbsp;&lt;/span&gt;&lt;span style="color: var(--highlight-default)"&gt;$t&lt;/span&gt;&lt;span style="color: var(--highlight-keyword)"&gt;-&amp;gt;&lt;/span&gt;&lt;span style="color: var(--highlight-default)"&gt;getCode&lt;/span&gt;&lt;span style="color: var(--highlight-keyword)"&gt;(),&lt;/span&gt;&lt;/code&gt;&lt;/li&gt;
&lt;li&gt;&lt;code&gt;&lt;span style="color: var(--highlight-keyword)"&gt;&amp;nbsp;&amp;nbsp;&amp;nbsp;&amp;nbsp;&amp;nbsp;&amp;nbsp;&amp;nbsp;&amp;nbsp;&amp;nbsp;&amp;nbsp;&amp;nbsp;&amp;nbsp;&amp;nbsp;&amp;nbsp;&amp;nbsp;&amp;nbsp;&lt;/span&gt;&lt;span style="color: var(--highlight-default)"&gt;$t&lt;/span&gt;&lt;/code&gt;&lt;/li&gt;&lt;/ol&gt;    &lt;/div&gt;            &lt;/div&gt;
                        &lt;div class="trace-line "&gt;
                &lt;div class="trace-line-header break-long-words sf-toggle" data-toggle-selector="#trace-html-1-27" data-toggle-initial=""&gt;
            &lt;span class="icon icon-close"&gt;&lt;svg width="1792" height="1792" viewBox="0 0 1792 1792" xmlns="http://www.w3.org/2000/svg"&gt;&lt;path d="M1408 960V832q0-26-19-45t-45-19H448q-26 0-45 19t-19 45v128q0 26 19 45t45 19h896q26 0 45-19t19-45zm256-544v960q0 119-84.5 203.5T1376 1664H416q-119 0-203.5-84.5T128 1376V416q0-119 84.5-203.5T416 128h960q119 0 203.5 84.5T1664 416z"/&gt;&lt;/svg&gt;&lt;/span&gt;
        &lt;span class="icon icon-open"&gt;&lt;svg width="1792" height="1792" viewBox="0 0 1792 1792" xmlns="http://www.w3.org/2000/svg"&gt;&lt;path d="M1408 960V832q0-26-19-45t-45-19h-320V448q0-26-19-45t-45-19H832q-26 0-45 19t-19 45v320H448q-26 0-45 19t-19 45v128q0 26 19 45t45 19h320v320q0 26 19 45t45 19h128q26 0 45-19t19-45v-320h320q26 0 45-19t19-45zm256-544v960q0 119-84.5 203.5T1376 1664H416q-119 0-203.5-84.5T128 1376V416q0-119 84.5-203.5T416 128h960q119 0 203.5 84.5T1664 416z"/&gt;&lt;/svg&gt;&lt;/span&gt;
    
            &lt;span class="trace-class"&gt;&lt;abbr title="PHPUnit\TextUI\Command"&gt;Command&lt;/abbr&gt;&lt;/span&gt;&lt;span class="trace-type"&gt;::&lt;/span&gt;&lt;span class="trace-method"&gt;main&lt;/span&gt;&lt;span class="trace-arguments"&gt;()&lt;/span&gt;    
                    &lt;span class="block trace-file-path"&gt;
            in
            &lt;a href=""&gt;
                C:\Users\eman\Documents\GitHub\car_dealer\bin\&lt;strong&gt;phpunit&lt;/strong&gt;
            &lt;/a&gt;
                        (line 11)
            &lt;span class="icon icon-copy hidden" data-clipboard-text="C:\Users\eman\Documents\GitHub\car_dealer\bin\phpunit:11"&gt;
                &lt;svg xmlns="http://www.w3.org/2000/svg" height="24" viewBox="0 0 24 24" width="24"&gt;&lt;path d="M0 0h24v24H0z" fill="none"/&gt;&lt;path d="M16 1H4c-1.1 0-2 .9-2 2v14h2V3h12V1zm3 4H8c-1.1 0-2 .9-2 2v14c0 1.1.9 2 2 2h11c1.1 0 2-.9 2-2V7c0-1.1-.9-2-2-2zm0 16H8V7h11v14z"/&gt;&lt;/svg&gt;            &lt;/span&gt;
        &lt;/span&gt;
    &lt;/div&gt;
    &lt;div id="trace-html-1-27" class="trace-code sf-toggle-content"&gt;
        &lt;ol start="6"&gt;&lt;li&gt;&lt;code&gt;&lt;span style="color: var(--highlight-keyword)"&gt;&lt;/span&gt;&lt;/code&gt;&lt;/li&gt;
&lt;li&gt;&lt;code&gt;&lt;span style="color: var(--highlight-keyword)"&gt;if&amp;nbsp;(&lt;/span&gt;&lt;span style="color: var(--highlight-default)"&gt;is_file&lt;/span&gt;&lt;span style="color: var(--highlight-keyword)"&gt;(&lt;/span&gt;&lt;span style="color: var(--highlight-default)"&gt;dirname&lt;/span&gt;&lt;span style="color: var(--highlight-keyword)"&gt;(&lt;/span&gt;&lt;span style="color: var(--highlight-default)"&gt;__DIR__&lt;/span&gt;&lt;span style="color: var(--highlight-keyword)"&gt;).&lt;/span&gt;&lt;span style="color: var(--highlight-string)"&gt;'/vendor/phpunit/phpunit/phpunit'&lt;/span&gt;&lt;span style="color: var(--highlight-keyword)"&gt;))&amp;nbsp;{&lt;/span&gt;&lt;/code&gt;&lt;/li&gt;
&lt;li&gt;&lt;code&gt;&lt;span style="color: var(--highlight-keyword)"&gt;&amp;nbsp;&amp;nbsp;&amp;nbsp;&amp;nbsp;&lt;/span&gt;&lt;span style="color: var(--highlight-default)"&gt;define&lt;/span&gt;&lt;span style="color: var(--highlight-keyword)"&gt;(&lt;/span&gt;&lt;span style="color: var(--highlight-string)"&gt;'PHPUNIT_COMPOSER_INSTALL'&lt;/span&gt;&lt;span style="color: var(--highlight-keyword)"&gt;,&amp;nbsp;&lt;/span&gt;&lt;span style="color: var(--highlight-default)"&gt;dirname&lt;/span&gt;&lt;span style="color: var(--highlight-keyword)"&gt;(&lt;/span&gt;&lt;span style="color: var(--highlight-default)"&gt;__DIR__&lt;/span&gt;&lt;span style="color: var(--highlight-keyword)"&gt;).&lt;/span&gt;&lt;span style="color: var(--highlight-string)"&gt;'/vendor/autoload.php'&lt;/span&gt;&lt;span style="color: var(--highlight-keyword)"&gt;);&lt;/span&gt;&lt;/code&gt;&lt;/li&gt;
&lt;li&gt;&lt;code&gt;&lt;span style="color: var(--highlight-keyword)"&gt;&amp;nbsp;&amp;nbsp;&amp;nbsp;&amp;nbsp;require&amp;nbsp;&lt;/span&gt;&lt;span style="color: var(--highlight-default)"&gt;PHPUNIT_COMPOSER_INSTALL&lt;/span&gt;&lt;span style="color: var(--highlight-keyword)"&gt;;&lt;/span&gt;&lt;/code&gt;&lt;/li&gt;
&lt;li&gt;&lt;code&gt;&lt;span style="color: var(--highlight-keyword)"&gt;&amp;nbsp;&amp;nbsp;&amp;nbsp;&amp;nbsp;&lt;/span&gt;&lt;span style="color: var(--highlight-default)"&gt;PHPUnit\TextUI\Command&lt;/span&gt;&lt;span style="color: var(--highlight-keyword)"&gt;::&lt;/span&gt;&lt;span style="color: var(--highlight-default)"&gt;main&lt;/span&gt;&lt;span style="color: var(--highlight-keyword)"&gt;();&lt;/span&gt;&lt;/code&gt;&lt;/li&gt;
&lt;li class="selected"&gt;&lt;code&gt;&lt;span style="color: var(--highlight-keyword)"&gt;}&amp;nbsp;else&amp;nbsp;{&lt;/span&gt;&lt;/code&gt;&lt;/li&gt;
&lt;li&gt;&lt;code&gt;&lt;span style="color: var(--highlight-keyword)"&gt;&amp;nbsp;&amp;nbsp;&amp;nbsp;&amp;nbsp;if&amp;nbsp;(!&lt;/span&gt;&lt;span style="color: var(--highlight-default)"&gt;is_file&lt;/span&gt;&lt;span style="color: var(--highlight-keyword)"&gt;(&lt;/span&gt;&lt;span style="color: var(--highlight-default)"&gt;dirname&lt;/span&gt;&lt;span style="color: var(--highlight-keyword)"&gt;(&lt;/span&gt;&lt;span style="color: var(--highlight-default)"&gt;__DIR__&lt;/span&gt;&lt;span style="color: var(--highlight-keyword)"&gt;).&lt;/span&gt;&lt;span style="color: var(--highlight-string)"&gt;'/vendor/symfony/phpunit-bridge/bin/simple-phpunit.php'&lt;/span&gt;&lt;span style="color: var(--highlight-keyword)"&gt;))&amp;nbsp;{&lt;/span&gt;&lt;/code&gt;&lt;/li&gt;
&lt;li&gt;&lt;code&gt;&lt;span style="color: var(--highlight-keyword)"&gt;&amp;nbsp;&amp;nbsp;&amp;nbsp;&amp;nbsp;&amp;nbsp;&amp;nbsp;&amp;nbsp;&amp;nbsp;echo&amp;nbsp;&lt;/span&gt;&lt;span style="color: var(--highlight-string)"&gt;"Unable&amp;nbsp;to&amp;nbsp;find&amp;nbsp;the&amp;nbsp;`simple-phpunit.php`&amp;nbsp;script&amp;nbsp;in&amp;nbsp;`vendor/symfony/phpunit-bridge/bin/`.\n"&lt;/span&gt;&lt;span style="color: var(--highlight-keyword)"&gt;;&lt;/span&gt;&lt;/code&gt;&lt;/li&gt;
&lt;li&gt;&lt;code&gt;&lt;span style="color: var(--highlight-keyword)"&gt;&amp;nbsp;&amp;nbsp;&amp;nbsp;&amp;nbsp;&amp;nbsp;&amp;nbsp;&amp;nbsp;&amp;nbsp;exit(&lt;/span&gt;&lt;span style="color: var(--highlight-default)"&gt;1&lt;/span&gt;&lt;span style="color: var(--highlight-keyword)"&gt;);&lt;/span&gt;&lt;/code&gt;&lt;/li&gt;
&lt;li&gt;&lt;code&gt;&lt;span style="color: var(--highlight-keyword)"&gt;&amp;nbsp;&amp;nbsp;&amp;nbsp;&amp;nbsp;}&lt;/span&gt;&lt;/code&gt;&lt;/li&gt;
&lt;li&gt;&lt;code&gt;&lt;span style="color: var(--highlight-keyword)"&gt;&lt;/span&gt;&lt;/code&gt;&lt;/li&gt;&lt;/ol&gt;    &lt;/div&gt;            &lt;/div&gt;
                    &lt;/div&gt;
    &lt;/div&gt;
&lt;/div&gt;&lt;div class="trace trace-as-html" id="trace-box-2"&gt;
    &lt;div class="trace-details"&gt;
        &lt;div class="trace-head"&gt;
            &lt;div class="sf-toggle" data-toggle-selector="#trace-html-2" data-toggle-initial="display"&gt;
                &lt;span class="icon icon-close"&gt;&lt;svg width="1792" height="1792" viewBox="0 0 1792 1792" xmlns="http://www.w3.org/2000/svg"&gt;&lt;path d="M1344 800v64q0 14-9 23t-23 9H480q-14 0-23-9t-9-23v-64q0-14 9-23t23-9h832q14 0 23 9t9 23zm128 448V416q0-66-47-113t-113-47H480q-66 0-113 47t-47 113v832q0 66 47 113t113 47h832q66 0 113-47t47-113zm128-832v832q0 119-84.5 203.5T1312 1536H480q-119 0-203.5-84.5T192 1248V416q0-119 84.5-203.5T480 128h832q119 0 203.5 84.5T1600 416z"/&gt;&lt;/svg&gt;&lt;/span&gt;
                &lt;span class="icon icon-open"&gt;&lt;svg width="1792" height="1792" viewBox="0 0 1792 1792" xmlns="http://www.w3.org/2000/svg"&gt;&lt;path d="M1344 800v64q0 14-9 23t-23 9H960v352q0 14-9 23t-23 9h-64q-14 0-23-9t-9-23V896H480q-14 0-23-9t-9-23v-64q0-14 9-23t23-9h352V416q0-14 9-23t23-9h64q14 0 23 9t9 23v352h352q14 0 23 9t9 23zm128 448V416q0-66-47-113t-113-47H480q-66 0-113 47t-47 113v832q0 66 47 113t113 47h832q66 0 113-47t47-113zm128-832v832q0 119-84.5 203.5T1312 1536H480q-119 0-203.5-84.5T192 1248V416q0-119 84.5-203.5T480 128h832q119 0 203.5 84.5T1600 416z"/&gt;&lt;/svg&gt;&lt;/span&gt;
                                                    &lt;h3 class="trace-class"&gt;
                                                    &lt;span class="trace-namespace"&gt;Doctrine\DBAL\Driver\PDO\&lt;/span&gt;
                                                Exception                    &lt;/h3&gt;
                                                    &lt;p class="break-long-words trace-message"&gt;SQLSTATE[HY000] [1049] Unknown database 'crud04_test'&lt;/p&gt;
                            &lt;/div&gt;
        &lt;/div&gt;

        &lt;div id="trace-html-2" class="sf-toggle-content"&gt;
                    &lt;div class="trace-line "&gt;
                &lt;div class="trace-line-header break-long-words sf-toggle" data-toggle-selector="#trace-html-2-0" data-toggle-initial="display"&gt;
            &lt;span class="icon icon-close"&gt;&lt;svg width="1792" height="1792" viewBox="0 0 1792 1792" xmlns="http://www.w3.org/2000/svg"&gt;&lt;path d="M1408 960V832q0-26-19-45t-45-19H448q-26 0-45 19t-19 45v128q0 26 19 45t45 19h896q26 0 45-19t19-45zm256-544v960q0 119-84.5 203.5T1376 1664H416q-119 0-203.5-84.5T128 1376V416q0-119 84.5-203.5T416 128h960q119 0 203.5 84.5T1664 416z"/&gt;&lt;/svg&gt;&lt;/span&gt;
        &lt;span class="icon icon-open"&gt;&lt;svg width="1792" height="1792" viewBox="0 0 1792 1792" xmlns="http://www.w3.org/2000/svg"&gt;&lt;path d="M1408 960V832q0-26-19-45t-45-19h-320V448q0-26-19-45t-45-19H832q-26 0-45 19t-19 45v320H448q-26 0-45 19t-19 45v128q0 26 19 45t45 19h320v320q0 26 19 45t45 19h128q26 0 45-19t19-45v-320h320q26 0 45-19t19-45zm256-544v960q0 119-84.5 203.5T1376 1664H416q-119 0-203.5-84.5T128 1376V416q0-119 84.5-203.5T416 128h960q119 0 203.5 84.5T1664 416z"/&gt;&lt;/svg&gt;&lt;/span&gt;
    
    
                    &lt;span class="block trace-file-path"&gt;
            in
            &lt;a href=""&gt;
                C:\Users\eman\Documents\GitHub\car_dealer\vendor\doctrine\dbal\src\Driver\PDO\&lt;strong&gt;Exception.php&lt;/strong&gt;
            &lt;/a&gt;
                        (line 26)
            &lt;span class="icon icon-copy hidden" data-clipboard-text="C:\Users\eman\Documents\GitHub\car_dealer\vendor\doctrine\dbal\src\Driver\PDO\Exception.php:26"&gt;
                &lt;svg xmlns="http://www.w3.org/2000/svg" height="24" viewBox="0 0 24 24" width="24"&gt;&lt;path d="M0 0h24v24H0z" fill="none"/&gt;&lt;path d="M16 1H4c-1.1 0-2 .9-2 2v14h2V3h12V1zm3 4H8c-1.1 0-2 .9-2 2v14c0 1.1.9 2 2 2h11c1.1 0 2-.9 2-2V7c0-1.1-.9-2-2-2zm0 16H8V7h11v14z"/&gt;&lt;/svg&gt;            &lt;/span&gt;
        &lt;/span&gt;
    &lt;/div&gt;
    &lt;div id="trace-html-2-0" class="trace-code sf-toggle-content"&gt;
        &lt;ol start="21"&gt;&lt;li&gt;&lt;code&gt;&lt;span style="color: var(--highlight-keyword)"&gt;&amp;nbsp;&amp;nbsp;&amp;nbsp;&amp;nbsp;&amp;nbsp;&amp;nbsp;&amp;nbsp;&amp;nbsp;}&amp;nbsp;else&amp;nbsp;{&lt;/span&gt;&lt;/code&gt;&lt;/li&gt;
&lt;li&gt;&lt;code&gt;&lt;span style="color: var(--highlight-keyword)"&gt;&amp;nbsp;&amp;nbsp;&amp;nbsp;&amp;nbsp;&amp;nbsp;&amp;nbsp;&amp;nbsp;&amp;nbsp;&amp;nbsp;&amp;nbsp;&amp;nbsp;&amp;nbsp;&lt;/span&gt;&lt;span style="color: var(--highlight-default)"&gt;$code&amp;nbsp;&amp;nbsp;&amp;nbsp;&amp;nbsp;&amp;nbsp;&lt;/span&gt;&lt;span style="color: var(--highlight-keyword)"&gt;=&amp;nbsp;&lt;/span&gt;&lt;span style="color: var(--highlight-default)"&gt;$exception&lt;/span&gt;&lt;span style="color: var(--highlight-keyword)"&gt;-&amp;gt;&lt;/span&gt;&lt;span style="color: var(--highlight-default)"&gt;getCode&lt;/span&gt;&lt;span style="color: var(--highlight-keyword)"&gt;();&lt;/span&gt;&lt;/code&gt;&lt;/li&gt;
&lt;li&gt;&lt;code&gt;&lt;span style="color: var(--highlight-keyword)"&gt;&amp;nbsp;&amp;nbsp;&amp;nbsp;&amp;nbsp;&amp;nbsp;&amp;nbsp;&amp;nbsp;&amp;nbsp;&amp;nbsp;&amp;nbsp;&amp;nbsp;&amp;nbsp;&lt;/span&gt;&lt;span style="color: var(--highlight-default)"&gt;$sqlState&amp;nbsp;&lt;/span&gt;&lt;span style="color: var(--highlight-keyword)"&gt;=&amp;nbsp;&lt;/span&gt;&lt;span style="color: var(--highlight-default)"&gt;null&lt;/span&gt;&lt;span style="color: var(--highlight-keyword)"&gt;;&lt;/span&gt;&lt;/code&gt;&lt;/li&gt;
&lt;li&gt;&lt;code&gt;&lt;span style="color: var(--highlight-keyword)"&gt;&amp;nbsp;&amp;nbsp;&amp;nbsp;&amp;nbsp;&amp;nbsp;&amp;nbsp;&amp;nbsp;&amp;nbsp;}&lt;/span&gt;&lt;/code&gt;&lt;/li&gt;
&lt;li&gt;&lt;code&gt;&lt;span style="color: var(--highlight-keyword)"&gt;&lt;/span&gt;&lt;/code&gt;&lt;/li&gt;
&lt;li class="selected"&gt;&lt;code&gt;&lt;span style="color: var(--highlight-keyword)"&gt;&amp;nbsp;&amp;nbsp;&amp;nbsp;&amp;nbsp;&amp;nbsp;&amp;nbsp;&amp;nbsp;&amp;nbsp;return&amp;nbsp;new&amp;nbsp;&lt;/span&gt;&lt;span style="color: var(--highlight-default)"&gt;self&lt;/span&gt;&lt;span style="color: var(--highlight-keyword)"&gt;(&lt;/span&gt;&lt;span style="color: var(--highlight-default)"&gt;$exception&lt;/span&gt;&lt;span style="color: var(--highlight-keyword)"&gt;-&amp;gt;&lt;/span&gt;&lt;span style="color: var(--highlight-default)"&gt;getMessage&lt;/span&gt;&lt;span style="color: var(--highlight-keyword)"&gt;(),&amp;nbsp;&lt;/span&gt;&lt;span style="color: var(--highlight-default)"&gt;$sqlState&lt;/span&gt;&lt;span style="color: var(--highlight-keyword)"&gt;,&amp;nbsp;&lt;/span&gt;&lt;span style="color: var(--highlight-default)"&gt;$code&lt;/span&gt;&lt;span style="color: var(--highlight-keyword)"&gt;,&amp;nbsp;&lt;/span&gt;&lt;span style="color: var(--highlight-default)"&gt;$exception&lt;/span&gt;&lt;span style="color: var(--highlight-keyword)"&gt;);&lt;/span&gt;&lt;/code&gt;&lt;/li&gt;
&lt;li&gt;&lt;code&gt;&lt;span style="color: var(--highlight-keyword)"&gt;&amp;nbsp;&amp;nbsp;&amp;nbsp;&amp;nbsp;}&lt;/span&gt;&lt;/code&gt;&lt;/li&gt;
&lt;li&gt;&lt;code&gt;&lt;span style="color: var(--highlight-keyword)"&gt;}&lt;/span&gt;&lt;/code&gt;&lt;/li&gt;
&lt;li&gt;&lt;code&gt;&lt;span style="color: var(--highlight-keyword)"&gt;&lt;/span&gt;&lt;/code&gt;&lt;/li&gt;&lt;/ol&gt;    &lt;/div&gt;            &lt;/div&gt;
                        &lt;div class="trace-line "&gt;
                &lt;div class="trace-line-header break-long-words sf-toggle" data-toggle-selector="#trace-html-2-1" data-toggle-initial=""&gt;
            &lt;span class="icon icon-close"&gt;&lt;svg width="1792" height="1792" viewBox="0 0 1792 1792" xmlns="http://www.w3.org/2000/svg"&gt;&lt;path d="M1408 960V832q0-26-19-45t-45-19H448q-26 0-45 19t-19 45v128q0 26 19 45t45 19h896q26 0 45-19t19-45zm256-544v960q0 119-84.5 203.5T1376 1664H416q-119 0-203.5-84.5T128 1376V416q0-119 84.5-203.5T416 128h960q119 0 203.5 84.5T1664 416z"/&gt;&lt;/svg&gt;&lt;/span&gt;
        &lt;span class="icon icon-open"&gt;&lt;svg width="1792" height="1792" viewBox="0 0 1792 1792" xmlns="http://www.w3.org/2000/svg"&gt;&lt;path d="M1408 960V832q0-26-19-45t-45-19h-320V448q0-26-19-45t-45-19H832q-26 0-45 19t-19 45v320H448q-26 0-45 19t-19 45v128q0 26 19 45t45 19h320v320q0 26 19 45t45 19h128q26 0 45-19t19-45v-320h320q26 0 45-19t19-45zm256-544v960q0 119-84.5 203.5T1376 1664H416q-119 0-203.5-84.5T128 1376V416q0-119 84.5-203.5T416 128h960q119 0 203.5 84.5T1664 416z"/&gt;&lt;/svg&gt;&lt;/span&gt;
    
            &lt;span class="trace-class"&gt;&lt;abbr title="Doctrine\DBAL\Driver\PDO\Exception"&gt;Exception&lt;/abbr&gt;&lt;/span&gt;&lt;span class="trace-type"&gt;::&lt;/span&gt;&lt;span class="trace-method"&gt;new&lt;/span&gt;&lt;span class="trace-arguments"&gt;()&lt;/span&gt;    
                    &lt;span class="block trace-file-path"&gt;
            in
            &lt;a href=""&gt;
                C:\Users\eman\Documents\GitHub\car_dealer\vendor\doctrine\dbal\src\Driver\PDO\MySQL\&lt;strong&gt;Driver.php&lt;/strong&gt;
            &lt;/a&gt;
                        (line 34)
            &lt;span class="icon icon-copy hidden" data-clipboard-text="C:\Users\eman\Documents\GitHub\car_dealer\vendor\doctrine\dbal\src\Driver\PDO\MySQL\Driver.php:34"&gt;
                &lt;svg xmlns="http://www.w3.org/2000/svg" height="24" viewBox="0 0 24 24" width="24"&gt;&lt;path d="M0 0h24v24H0z" fill="none"/&gt;&lt;path d="M16 1H4c-1.1 0-2 .9-2 2v14h2V3h12V1zm3 4H8c-1.1 0-2 .9-2 2v14c0 1.1.9 2 2 2h11c1.1 0 2-.9 2-2V7c0-1.1-.9-2-2-2zm0 16H8V7h11v14z"/&gt;&lt;/svg&gt;            &lt;/span&gt;
        &lt;/span&gt;
    &lt;/div&gt;
    &lt;div id="trace-html-2-1" class="trace-code sf-toggle-content"&gt;
        &lt;ol start="29"&gt;&lt;li&gt;&lt;code&gt;&lt;span style="color: var(--highlight-keyword)"&gt;&amp;nbsp;&amp;nbsp;&amp;nbsp;&amp;nbsp;&amp;nbsp;&amp;nbsp;&amp;nbsp;&amp;nbsp;&amp;nbsp;&amp;nbsp;&amp;nbsp;&amp;nbsp;&amp;nbsp;&amp;nbsp;&amp;nbsp;&amp;nbsp;&lt;/span&gt;&lt;span style="color: var(--highlight-default)"&gt;$params&lt;/span&gt;&lt;span style="color: var(--highlight-keyword)"&gt;[&lt;/span&gt;&lt;span style="color: var(--highlight-string)"&gt;'user'&lt;/span&gt;&lt;span style="color: var(--highlight-keyword)"&gt;]&amp;nbsp;??&amp;nbsp;&lt;/span&gt;&lt;span style="color: var(--highlight-string)"&gt;''&lt;/span&gt;&lt;span style="color: var(--highlight-keyword)"&gt;,&lt;/span&gt;&lt;/code&gt;&lt;/li&gt;
&lt;li&gt;&lt;code&gt;&lt;span style="color: var(--highlight-keyword)"&gt;&amp;nbsp;&amp;nbsp;&amp;nbsp;&amp;nbsp;&amp;nbsp;&amp;nbsp;&amp;nbsp;&amp;nbsp;&amp;nbsp;&amp;nbsp;&amp;nbsp;&amp;nbsp;&amp;nbsp;&amp;nbsp;&amp;nbsp;&amp;nbsp;&lt;/span&gt;&lt;span style="color: var(--highlight-default)"&gt;$params&lt;/span&gt;&lt;span style="color: var(--highlight-keyword)"&gt;[&lt;/span&gt;&lt;span style="color: var(--highlight-string)"&gt;'password'&lt;/span&gt;&lt;span style="color: var(--highlight-keyword)"&gt;]&amp;nbsp;??&amp;nbsp;&lt;/span&gt;&lt;span style="color: var(--highlight-string)"&gt;''&lt;/span&gt;&lt;span style="color: var(--highlight-keyword)"&gt;,&lt;/span&gt;&lt;/code&gt;&lt;/li&gt;
&lt;li&gt;&lt;code&gt;&lt;span style="color: var(--highlight-keyword)"&gt;&amp;nbsp;&amp;nbsp;&amp;nbsp;&amp;nbsp;&amp;nbsp;&amp;nbsp;&amp;nbsp;&amp;nbsp;&amp;nbsp;&amp;nbsp;&amp;nbsp;&amp;nbsp;&amp;nbsp;&amp;nbsp;&amp;nbsp;&amp;nbsp;&lt;/span&gt;&lt;span style="color: var(--highlight-default)"&gt;$driverOptions&lt;/span&gt;&lt;/code&gt;&lt;/li&gt;
&lt;li&gt;&lt;code&gt;&lt;span style="color: var(--highlight-default)"&gt;&amp;nbsp;&amp;nbsp;&amp;nbsp;&amp;nbsp;&amp;nbsp;&amp;nbsp;&amp;nbsp;&amp;nbsp;&amp;nbsp;&amp;nbsp;&amp;nbsp;&amp;nbsp;&lt;/span&gt;&lt;span style="color: var(--highlight-keyword)"&gt;);&lt;/span&gt;&lt;/code&gt;&lt;/li&gt;
&lt;li&gt;&lt;code&gt;&lt;span style="color: var(--highlight-keyword)"&gt;&amp;nbsp;&amp;nbsp;&amp;nbsp;&amp;nbsp;&amp;nbsp;&amp;nbsp;&amp;nbsp;&amp;nbsp;}&amp;nbsp;catch&amp;nbsp;(&lt;/span&gt;&lt;span style="color: var(--highlight-default)"&gt;PDOException&amp;nbsp;$exception&lt;/span&gt;&lt;span style="color: var(--highlight-keyword)"&gt;)&amp;nbsp;{&lt;/span&gt;&lt;/code&gt;&lt;/li&gt;
&lt;li class="selected"&gt;&lt;code&gt;&lt;span style="color: var(--highlight-keyword)"&gt;&amp;nbsp;&amp;nbsp;&amp;nbsp;&amp;nbsp;&amp;nbsp;&amp;nbsp;&amp;nbsp;&amp;nbsp;&amp;nbsp;&amp;nbsp;&amp;nbsp;&amp;nbsp;throw&amp;nbsp;&lt;/span&gt;&lt;span style="color: var(--highlight-default)"&gt;Exception&lt;/span&gt;&lt;span style="color: var(--highlight-keyword)"&gt;::new(&lt;/span&gt;&lt;span style="color: var(--highlight-default)"&gt;$exception&lt;/span&gt;&lt;span style="color: var(--highlight-keyword)"&gt;);&lt;/span&gt;&lt;/code&gt;&lt;/li&gt;
&lt;li&gt;&lt;code&gt;&lt;span style="color: var(--highlight-keyword)"&gt;&amp;nbsp;&amp;nbsp;&amp;nbsp;&amp;nbsp;&amp;nbsp;&amp;nbsp;&amp;nbsp;&amp;nbsp;}&lt;/span&gt;&lt;/code&gt;&lt;/li&gt;
&lt;li&gt;&lt;code&gt;&lt;span style="color: var(--highlight-keyword)"&gt;&lt;/span&gt;&lt;/code&gt;&lt;/li&gt;
&lt;li&gt;&lt;code&gt;&lt;span style="color: var(--highlight-keyword)"&gt;&amp;nbsp;&amp;nbsp;&amp;nbsp;&amp;nbsp;&amp;nbsp;&amp;nbsp;&amp;nbsp;&amp;nbsp;return&amp;nbsp;new&amp;nbsp;&lt;/span&gt;&lt;span style="color: var(--highlight-default)"&gt;Connection&lt;/span&gt;&lt;span style="color: var(--highlight-keyword)"&gt;(&lt;/span&gt;&lt;span style="color: var(--highlight-default)"&gt;$pdo&lt;/span&gt;&lt;span style="color: var(--highlight-keyword)"&gt;);&lt;/span&gt;&lt;/code&gt;&lt;/li&gt;
&lt;li&gt;&lt;code&gt;&lt;span style="color: var(--highlight-keyword)"&gt;&amp;nbsp;&amp;nbsp;&amp;nbsp;&amp;nbsp;}&lt;/span&gt;&lt;/code&gt;&lt;/li&gt;
&lt;li&gt;&lt;code&gt;&lt;span style="color: var(--highlight-keyword)"&gt;&lt;/span&gt;&lt;/code&gt;&lt;/li&gt;&lt;/ol&gt;    &lt;/div&gt;            &lt;/div&gt;
                        &lt;div class="trace-line "&gt;
                &lt;div class="trace-line-header break-long-words sf-toggle" data-toggle-selector="#trace-html-2-2" data-toggle-initial=""&gt;
            &lt;span class="icon icon-close"&gt;&lt;svg width="1792" height="1792" viewBox="0 0 1792 1792" xmlns="http://www.w3.org/2000/svg"&gt;&lt;path d="M1408 960V832q0-26-19-45t-45-19H448q-26 0-45 19t-19 45v128q0 26 19 45t45 19h896q26 0 45-19t19-45zm256-544v960q0 119-84.5 203.5T1376 1664H416q-119 0-203.5-84.5T128 1376V416q0-119 84.5-203.5T416 128h960q119 0 203.5 84.5T1664 416z"/&gt;&lt;/svg&gt;&lt;/span&gt;
        &lt;span class="icon icon-open"&gt;&lt;svg width="1792" height="1792" viewBox="0 0 1792 1792" xmlns="http://www.w3.org/2000/svg"&gt;&lt;path d="M1408 960V832q0-26-19-45t-45-19h-320V448q0-26-19-45t-45-19H832q-26 0-45 19t-19 45v320H448q-26 0-45 19t-19 45v128q0 26 19 45t45 19h320v320q0 26 19 45t45 19h128q26 0 45-19t19-45v-320h320q26 0 45-19t19-45zm256-544v960q0 119-84.5 203.5T1376 1664H416q-119 0-203.5-84.5T128 1376V416q0-119 84.5-203.5T416 128h960q119 0 203.5 84.5T1664 416z"/&gt;&lt;/svg&gt;&lt;/span&gt;
    
            &lt;span class="trace-class"&gt;&lt;abbr title="Doctrine\DBAL\Driver\PDO\MySQL\Driver"&gt;Driver&lt;/abbr&gt;&lt;/span&gt;&lt;span class="trace-type"&gt;-&gt;&lt;/span&gt;&lt;span class="trace-method"&gt;connect&lt;/span&gt;&lt;span class="trace-arguments"&gt;()&lt;/span&gt;    
                    &lt;span class="block trace-file-path"&gt;
            in
            &lt;a href=""&gt;
                C:\Users\eman\Documents\GitHub\car_dealer\vendor\doctrine\dbal\src\&lt;strong&gt;Connection.php&lt;/strong&gt;
            &lt;/a&gt;
                        (line 325)
            &lt;span class="icon icon-copy hidden" data-clipboard-text="C:\Users\eman\Documents\GitHub\car_dealer\vendor\doctrine\dbal\src\Connection.php:325"&gt;
                &lt;svg xmlns="http://www.w3.org/2000/svg" height="24" viewBox="0 0 24 24" width="24"&gt;&lt;path d="M0 0h24v24H0z" fill="none"/&gt;&lt;path d="M16 1H4c-1.1 0-2 .9-2 2v14h2V3h12V1zm3 4H8c-1.1 0-2 .9-2 2v14c0 1.1.9 2 2 2h11c1.1 0 2-.9 2-2V7c0-1.1-.9-2-2-2zm0 16H8V7h11v14z"/&gt;&lt;/svg&gt;            &lt;/span&gt;
        &lt;/span&gt;
    &lt;/div&gt;
    &lt;div id="trace-html-2-2" class="trace-code sf-toggle-content"&gt;
        &lt;ol start="320"&gt;&lt;li&gt;&lt;code&gt;&lt;span style="color: var(--highlight-keyword)"&gt;&amp;nbsp;&amp;nbsp;&amp;nbsp;&amp;nbsp;&amp;nbsp;&amp;nbsp;&amp;nbsp;&amp;nbsp;if&amp;nbsp;(&lt;/span&gt;&lt;span style="color: var(--highlight-default)"&gt;$this&lt;/span&gt;&lt;span style="color: var(--highlight-keyword)"&gt;-&amp;gt;&lt;/span&gt;&lt;span style="color: var(--highlight-default)"&gt;_conn&amp;nbsp;&lt;/span&gt;&lt;span style="color: var(--highlight-keyword)"&gt;!==&amp;nbsp;&lt;/span&gt;&lt;span style="color: var(--highlight-default)"&gt;null&lt;/span&gt;&lt;span style="color: var(--highlight-keyword)"&gt;)&amp;nbsp;{&lt;/span&gt;&lt;/code&gt;&lt;/li&gt;
&lt;li&gt;&lt;code&gt;&lt;span style="color: var(--highlight-keyword)"&gt;&amp;nbsp;&amp;nbsp;&amp;nbsp;&amp;nbsp;&amp;nbsp;&amp;nbsp;&amp;nbsp;&amp;nbsp;&amp;nbsp;&amp;nbsp;&amp;nbsp;&amp;nbsp;return&amp;nbsp;&lt;/span&gt;&lt;span style="color: var(--highlight-default)"&gt;false&lt;/span&gt;&lt;span style="color: var(--highlight-keyword)"&gt;;&lt;/span&gt;&lt;/code&gt;&lt;/li&gt;
&lt;li&gt;&lt;code&gt;&lt;span style="color: var(--highlight-keyword)"&gt;&amp;nbsp;&amp;nbsp;&amp;nbsp;&amp;nbsp;&amp;nbsp;&amp;nbsp;&amp;nbsp;&amp;nbsp;}&lt;/span&gt;&lt;/code&gt;&lt;/li&gt;
&lt;li&gt;&lt;code&gt;&lt;span style="color: var(--highlight-keyword)"&gt;&lt;/span&gt;&lt;/code&gt;&lt;/li&gt;
&lt;li&gt;&lt;code&gt;&lt;span style="color: var(--highlight-keyword)"&gt;&amp;nbsp;&amp;nbsp;&amp;nbsp;&amp;nbsp;&amp;nbsp;&amp;nbsp;&amp;nbsp;&amp;nbsp;try&amp;nbsp;{&lt;/span&gt;&lt;/code&gt;&lt;/li&gt;
&lt;li class="selected"&gt;&lt;code&gt;&lt;span style="color: var(--highlight-keyword)"&gt;&amp;nbsp;&amp;nbsp;&amp;nbsp;&amp;nbsp;&amp;nbsp;&amp;nbsp;&amp;nbsp;&amp;nbsp;&amp;nbsp;&amp;nbsp;&amp;nbsp;&amp;nbsp;&lt;/span&gt;&lt;span style="color: var(--highlight-default)"&gt;$this&lt;/span&gt;&lt;span style="color: var(--highlight-keyword)"&gt;-&amp;gt;&lt;/span&gt;&lt;span style="color: var(--highlight-default)"&gt;_conn&amp;nbsp;&lt;/span&gt;&lt;span style="color: var(--highlight-keyword)"&gt;=&amp;nbsp;&lt;/span&gt;&lt;span style="color: var(--highlight-default)"&gt;$this&lt;/span&gt;&lt;span style="color: var(--highlight-keyword)"&gt;-&amp;gt;&lt;/span&gt;&lt;span style="color: var(--highlight-default)"&gt;_driver&lt;/span&gt;&lt;span style="color: var(--highlight-keyword)"&gt;-&amp;gt;&lt;/span&gt;&lt;span style="color: var(--highlight-default)"&gt;connect&lt;/span&gt;&lt;span style="color: var(--highlight-keyword)"&gt;(&lt;/span&gt;&lt;span style="color: var(--highlight-default)"&gt;$this&lt;/span&gt;&lt;span style="color: var(--highlight-keyword)"&gt;-&amp;gt;&lt;/span&gt;&lt;span style="color: var(--highlight-default)"&gt;params&lt;/span&gt;&lt;span style="color: var(--highlight-keyword)"&gt;);&lt;/span&gt;&lt;/code&gt;&lt;/li&gt;
&lt;li&gt;&lt;code&gt;&lt;span style="color: var(--highlight-keyword)"&gt;&amp;nbsp;&amp;nbsp;&amp;nbsp;&amp;nbsp;&amp;nbsp;&amp;nbsp;&amp;nbsp;&amp;nbsp;}&amp;nbsp;catch&amp;nbsp;(&lt;/span&gt;&lt;span style="color: var(--highlight-default)"&gt;Driver\Exception&amp;nbsp;$e&lt;/span&gt;&lt;span style="color: var(--highlight-keyword)"&gt;)&amp;nbsp;{&lt;/span&gt;&lt;/code&gt;&lt;/li&gt;
&lt;li&gt;&lt;code&gt;&lt;span style="color: var(--highlight-keyword)"&gt;&amp;nbsp;&amp;nbsp;&amp;nbsp;&amp;nbsp;&amp;nbsp;&amp;nbsp;&amp;nbsp;&amp;nbsp;&amp;nbsp;&amp;nbsp;&amp;nbsp;&amp;nbsp;throw&amp;nbsp;&lt;/span&gt;&lt;span style="color: var(--highlight-default)"&gt;$this&lt;/span&gt;&lt;span style="color: var(--highlight-keyword)"&gt;-&amp;gt;&lt;/span&gt;&lt;span style="color: var(--highlight-default)"&gt;convertException&lt;/span&gt;&lt;span style="color: var(--highlight-keyword)"&gt;(&lt;/span&gt;&lt;span style="color: var(--highlight-default)"&gt;$e&lt;/span&gt;&lt;span style="color: var(--highlight-keyword)"&gt;);&lt;/span&gt;&lt;/code&gt;&lt;/li&gt;
&lt;li&gt;&lt;code&gt;&lt;span style="color: var(--highlight-keyword)"&gt;&amp;nbsp;&amp;nbsp;&amp;nbsp;&amp;nbsp;&amp;nbsp;&amp;nbsp;&amp;nbsp;&amp;nbsp;}&lt;/span&gt;&lt;/code&gt;&lt;/li&gt;
&lt;li&gt;&lt;code&gt;&lt;span style="color: var(--highlight-keyword)"&gt;&lt;/span&gt;&lt;/code&gt;&lt;/li&gt;
&lt;li&gt;&lt;code&gt;&lt;span style="color: var(--highlight-keyword)"&gt;&amp;nbsp;&amp;nbsp;&amp;nbsp;&amp;nbsp;&amp;nbsp;&amp;nbsp;&amp;nbsp;&amp;nbsp;if&amp;nbsp;(&lt;/span&gt;&lt;span style="color: var(--highlight-default)"&gt;$this&lt;/span&gt;&lt;span style="color: var(--highlight-keyword)"&gt;-&amp;gt;&lt;/span&gt;&lt;span style="color: var(--highlight-default)"&gt;autoCommit&amp;nbsp;&lt;/span&gt;&lt;span style="color: var(--highlight-keyword)"&gt;===&amp;nbsp;&lt;/span&gt;&lt;span style="color: var(--highlight-default)"&gt;false&lt;/span&gt;&lt;span style="color: var(--highlight-keyword)"&gt;)&amp;nbsp;{&lt;/span&gt;&lt;/code&gt;&lt;/li&gt;&lt;/ol&gt;    &lt;/div&gt;            &lt;/div&gt;
                        &lt;div class="trace-line "&gt;
                &lt;div class="trace-line-header break-long-words sf-toggle" data-toggle-selector="#trace-html-2-3" data-toggle-initial=""&gt;
            &lt;span class="icon icon-close"&gt;&lt;svg width="1792" height="1792" viewBox="0 0 1792 1792" xmlns="http://www.w3.org/2000/svg"&gt;&lt;path d="M1408 960V832q0-26-19-45t-45-19H448q-26 0-45 19t-19 45v128q0 26 19 45t45 19h896q26 0 45-19t19-45zm256-544v960q0 119-84.5 203.5T1376 1664H416q-119 0-203.5-84.5T128 1376V416q0-119 84.5-203.5T416 128h960q119 0 203.5 84.5T1664 416z"/&gt;&lt;/svg&gt;&lt;/span&gt;
        &lt;span class="icon icon-open"&gt;&lt;svg width="1792" height="1792" viewBox="0 0 1792 1792" xmlns="http://www.w3.org/2000/svg"&gt;&lt;path d="M1408 960V832q0-26-19-45t-45-19h-320V448q0-26-19-45t-45-19H832q-26 0-45 19t-19 45v320H448q-26 0-45 19t-19 45v128q0 26 19 45t45 19h320v320q0 26 19 45t45 19h128q26 0 45-19t19-45v-320h320q26 0 45-19t19-45zm256-544v960q0 119-84.5 203.5T1376 1664H416q-119 0-203.5-84.5T128 1376V416q0-119 84.5-203.5T416 128h960q119 0 203.5 84.5T1664 416z"/&gt;&lt;/svg&gt;&lt;/span&gt;
    
            &lt;span class="trace-class"&gt;&lt;abbr title="Doctrine\DBAL\Connection"&gt;Connection&lt;/abbr&gt;&lt;/span&gt;&lt;span class="trace-type"&gt;-&gt;&lt;/span&gt;&lt;span class="trace-method"&gt;connect&lt;/span&gt;&lt;span class="trace-arguments"&gt;()&lt;/span&gt;    
                    &lt;span class="block trace-file-path"&gt;
            in
            &lt;a href=""&gt;
                C:\Users\eman\Documents\GitHub\car_dealer\vendor\doctrine\dbal\src\&lt;strong&gt;Connection.php&lt;/strong&gt;
            &lt;/a&gt;
                        (line 1507)
            &lt;span class="icon icon-copy hidden" data-clipboard-text="C:\Users\eman\Documents\GitHub\car_dealer\vendor\doctrine\dbal\src\Connection.php:1507"&gt;
                &lt;svg xmlns="http://www.w3.org/2000/svg" height="24" viewBox="0 0 24 24" width="24"&gt;&lt;path d="M0 0h24v24H0z" fill="none"/&gt;&lt;path d="M16 1H4c-1.1 0-2 .9-2 2v14h2V3h12V1zm3 4H8c-1.1 0-2 .9-2 2v14c0 1.1.9 2 2 2h11c1.1 0 2-.9 2-2V7c0-1.1-.9-2-2-2zm0 16H8V7h11v14z"/&gt;&lt;/svg&gt;            &lt;/span&gt;
        &lt;/span&gt;
    &lt;/div&gt;
    &lt;div id="trace-html-2-3" class="trace-code sf-toggle-content"&gt;
        &lt;ol start="1502"&gt;&lt;li&gt;&lt;code&gt;&lt;span style="color: var(--highlight-comment)"&gt;&amp;nbsp;&amp;nbsp;&amp;nbsp;&amp;nbsp;&amp;nbsp;*&lt;/span&gt;&lt;/code&gt;&lt;/li&gt;
&lt;li&gt;&lt;code&gt;&lt;span style="color: var(--highlight-comment)"&gt;&amp;nbsp;&amp;nbsp;&amp;nbsp;&amp;nbsp;&amp;nbsp;*&amp;nbsp;@throws&amp;nbsp;Exception&lt;/span&gt;&lt;/code&gt;&lt;/li&gt;
&lt;li&gt;&lt;code&gt;&lt;span style="color: var(--highlight-comment)"&gt;&amp;nbsp;&amp;nbsp;&amp;nbsp;&amp;nbsp;&amp;nbsp;*/&lt;/span&gt;&lt;/code&gt;&lt;/li&gt;
&lt;li&gt;&lt;code&gt;&lt;span style="color: var(--highlight-comment)"&gt;&amp;nbsp;&amp;nbsp;&amp;nbsp;&amp;nbsp;&lt;/span&gt;&lt;span style="color: var(--highlight-keyword)"&gt;public&amp;nbsp;function&amp;nbsp;&lt;/span&gt;&lt;span style="color: var(--highlight-default)"&gt;getWrappedConnection&lt;/span&gt;&lt;span style="color: var(--highlight-keyword)"&gt;()&lt;/span&gt;&lt;/code&gt;&lt;/li&gt;
&lt;li&gt;&lt;code&gt;&lt;span style="color: var(--highlight-keyword)"&gt;&amp;nbsp;&amp;nbsp;&amp;nbsp;&amp;nbsp;{&lt;/span&gt;&lt;/code&gt;&lt;/li&gt;
&lt;li class="selected"&gt;&lt;code&gt;&lt;span style="color: var(--highlight-keyword)"&gt;&amp;nbsp;&amp;nbsp;&amp;nbsp;&amp;nbsp;&amp;nbsp;&amp;nbsp;&amp;nbsp;&amp;nbsp;&lt;/span&gt;&lt;span style="color: var(--highlight-default)"&gt;$this&lt;/span&gt;&lt;span style="color: var(--highlight-keyword)"&gt;-&amp;gt;&lt;/span&gt;&lt;span style="color: var(--highlight-default)"&gt;connect&lt;/span&gt;&lt;span style="color: var(--highlight-keyword)"&gt;();&lt;/span&gt;&lt;/code&gt;&lt;/li&gt;
&lt;li&gt;&lt;code&gt;&lt;span style="color: var(--highlight-keyword)"&gt;&lt;/span&gt;&lt;/code&gt;&lt;/li&gt;
&lt;li&gt;&lt;code&gt;&lt;span style="color: var(--highlight-keyword)"&gt;&amp;nbsp;&amp;nbsp;&amp;nbsp;&amp;nbsp;&amp;nbsp;&amp;nbsp;&amp;nbsp;&amp;nbsp;&lt;/span&gt;&lt;span style="color: var(--highlight-default)"&gt;assert&lt;/span&gt;&lt;span style="color: var(--highlight-keyword)"&gt;(&lt;/span&gt;&lt;span style="color: var(--highlight-default)"&gt;$this&lt;/span&gt;&lt;span style="color: var(--highlight-keyword)"&gt;-&amp;gt;&lt;/span&gt;&lt;span style="color: var(--highlight-default)"&gt;_conn&amp;nbsp;&lt;/span&gt;&lt;span style="color: var(--highlight-keyword)"&gt;!==&amp;nbsp;&lt;/span&gt;&lt;span style="color: var(--highlight-default)"&gt;null&lt;/span&gt;&lt;span style="color: var(--highlight-keyword)"&gt;);&lt;/span&gt;&lt;/code&gt;&lt;/li&gt;
&lt;li&gt;&lt;code&gt;&lt;span style="color: var(--highlight-keyword)"&gt;&lt;/span&gt;&lt;/code&gt;&lt;/li&gt;
&lt;li&gt;&lt;code&gt;&lt;span style="color: var(--highlight-keyword)"&gt;&amp;nbsp;&amp;nbsp;&amp;nbsp;&amp;nbsp;&amp;nbsp;&amp;nbsp;&amp;nbsp;&amp;nbsp;return&amp;nbsp;&lt;/span&gt;&lt;span style="color: var(--highlight-default)"&gt;$this&lt;/span&gt;&lt;span style="color: var(--highlight-keyword)"&gt;-&amp;gt;&lt;/span&gt;&lt;span style="color: var(--highlight-default)"&gt;_conn&lt;/span&gt;&lt;span style="color: var(--highlight-keyword)"&gt;;&lt;/span&gt;&lt;/code&gt;&lt;/li&gt;
&lt;li&gt;&lt;code&gt;&lt;span style="color: var(--highlight-keyword)"&gt;&amp;nbsp;&amp;nbsp;&amp;nbsp;&amp;nbsp;}&lt;/span&gt;&lt;/code&gt;&lt;/li&gt;&lt;/ol&gt;    &lt;/div&gt;            &lt;/div&gt;
                        &lt;div class="trace-line "&gt;
                &lt;div class="trace-line-header break-long-words sf-toggle" data-toggle-selector="#trace-html-2-4" data-toggle-initial=""&gt;
            &lt;span class="icon icon-close"&gt;&lt;svg width="1792" height="1792" viewBox="0 0 1792 1792" xmlns="http://www.w3.org/2000/svg"&gt;&lt;path d="M1408 960V832q0-26-19-45t-45-19H448q-26 0-45 19t-19 45v128q0 26 19 45t45 19h896q26 0 45-19t19-45zm256-544v960q0 119-84.5 203.5T1376 1664H416q-119 0-203.5-84.5T128 1376V416q0-119 84.5-203.5T416 128h960q119 0 203.5 84.5T1664 416z"/&gt;&lt;/svg&gt;&lt;/span&gt;
        &lt;span class="icon icon-open"&gt;&lt;svg width="1792" height="1792" viewBox="0 0 1792 1792" xmlns="http://www.w3.org/2000/svg"&gt;&lt;path d="M1408 960V832q0-26-19-45t-45-19h-320V448q0-26-19-45t-45-19H832q-26 0-45 19t-19 45v320H448q-26 0-45 19t-19 45v128q0 26 19 45t45 19h320v320q0 26 19 45t45 19h128q26 0 45-19t19-45v-320h320q26 0 45-19t19-45zm256-544v960q0 119-84.5 203.5T1376 1664H416q-119 0-203.5-84.5T128 1376V416q0-119 84.5-203.5T416 128h960q119 0 203.5 84.5T1664 416z"/&gt;&lt;/svg&gt;&lt;/span&gt;
    
            &lt;span class="trace-class"&gt;&lt;abbr title="Doctrine\DBAL\Connection"&gt;Connection&lt;/abbr&gt;&lt;/span&gt;&lt;span class="trace-type"&gt;-&gt;&lt;/span&gt;&lt;span class="trace-method"&gt;getWrappedConnection&lt;/span&gt;&lt;span class="trace-arguments"&gt;()&lt;/span&gt;    
                    &lt;span class="block trace-file-path"&gt;
            in
            &lt;a href=""&gt;
                C:\Users\eman\Documents\GitHub\car_dealer\vendor\doctrine\dbal\src\&lt;strong&gt;Connection.php&lt;/strong&gt;
            &lt;/a&gt;
                        (line 1013)
            &lt;span class="icon icon-copy hidden" data-clipboard-text="C:\Users\eman\Documents\GitHub\car_dealer\vendor\doctrine\dbal\src\Connection.php:1013"&gt;
                &lt;svg xmlns="http://www.w3.org/2000/svg" height="24" viewBox="0 0 24 24" width="24"&gt;&lt;path d="M0 0h24v24H0z" fill="none"/&gt;&lt;path d="M16 1H4c-1.1 0-2 .9-2 2v14h2V3h12V1zm3 4H8c-1.1 0-2 .9-2 2v14c0 1.1.9 2 2 2h11c1.1 0 2-.9 2-2V7c0-1.1-.9-2-2-2zm0 16H8V7h11v14z"/&gt;&lt;/svg&gt;            &lt;/span&gt;
        &lt;/span&gt;
    &lt;/div&gt;
    &lt;div id="trace-html-2-4" class="trace-code sf-toggle-content"&gt;
        &lt;ol start="1008"&gt;&lt;li&gt;&lt;code&gt;&lt;span style="color: var(--highlight-default)"&gt;&amp;nbsp;&amp;nbsp;&amp;nbsp;&amp;nbsp;&lt;/span&gt;&lt;span style="color: var(--highlight-keyword)"&gt;):&amp;nbsp;&lt;/span&gt;&lt;span style="color: var(--highlight-default)"&gt;Result&amp;nbsp;&lt;/span&gt;&lt;span style="color: var(--highlight-keyword)"&gt;{&lt;/span&gt;&lt;/code&gt;&lt;/li&gt;
&lt;li&gt;&lt;code&gt;&lt;span style="color: var(--highlight-keyword)"&gt;&amp;nbsp;&amp;nbsp;&amp;nbsp;&amp;nbsp;&amp;nbsp;&amp;nbsp;&amp;nbsp;&amp;nbsp;if&amp;nbsp;(&lt;/span&gt;&lt;span style="color: var(--highlight-default)"&gt;$qcp&amp;nbsp;&lt;/span&gt;&lt;span style="color: var(--highlight-keyword)"&gt;!==&amp;nbsp;&lt;/span&gt;&lt;span style="color: var(--highlight-default)"&gt;null&lt;/span&gt;&lt;span style="color: var(--highlight-keyword)"&gt;)&amp;nbsp;{&lt;/span&gt;&lt;/code&gt;&lt;/li&gt;
&lt;li&gt;&lt;code&gt;&lt;span style="color: var(--highlight-keyword)"&gt;&amp;nbsp;&amp;nbsp;&amp;nbsp;&amp;nbsp;&amp;nbsp;&amp;nbsp;&amp;nbsp;&amp;nbsp;&amp;nbsp;&amp;nbsp;&amp;nbsp;&amp;nbsp;return&amp;nbsp;&lt;/span&gt;&lt;span style="color: var(--highlight-default)"&gt;$this&lt;/span&gt;&lt;span style="color: var(--highlight-keyword)"&gt;-&amp;gt;&lt;/span&gt;&lt;span style="color: var(--highlight-default)"&gt;executeCacheQuery&lt;/span&gt;&lt;span style="color: var(--highlight-keyword)"&gt;(&lt;/span&gt;&lt;span style="color: var(--highlight-default)"&gt;$sql&lt;/span&gt;&lt;span style="color: var(--highlight-keyword)"&gt;,&amp;nbsp;&lt;/span&gt;&lt;span style="color: var(--highlight-default)"&gt;$params&lt;/span&gt;&lt;span style="color: var(--highlight-keyword)"&gt;,&amp;nbsp;&lt;/span&gt;&lt;span style="color: var(--highlight-default)"&gt;$types&lt;/span&gt;&lt;span style="color: var(--highlight-keyword)"&gt;,&amp;nbsp;&lt;/span&gt;&lt;span style="color: var(--highlight-default)"&gt;$qcp&lt;/span&gt;&lt;span style="color: var(--highlight-keyword)"&gt;);&lt;/span&gt;&lt;/code&gt;&lt;/li&gt;
&lt;li&gt;&lt;code&gt;&lt;span style="color: var(--highlight-keyword)"&gt;&amp;nbsp;&amp;nbsp;&amp;nbsp;&amp;nbsp;&amp;nbsp;&amp;nbsp;&amp;nbsp;&amp;nbsp;}&lt;/span&gt;&lt;/code&gt;&lt;/li&gt;
&lt;li&gt;&lt;code&gt;&lt;span style="color: var(--highlight-keyword)"&gt;&lt;/span&gt;&lt;/code&gt;&lt;/li&gt;
&lt;li class="selected"&gt;&lt;code&gt;&lt;span style="color: var(--highlight-keyword)"&gt;&amp;nbsp;&amp;nbsp;&amp;nbsp;&amp;nbsp;&amp;nbsp;&amp;nbsp;&amp;nbsp;&amp;nbsp;&lt;/span&gt;&lt;span style="color: var(--highlight-default)"&gt;$connection&amp;nbsp;&lt;/span&gt;&lt;span style="color: var(--highlight-keyword)"&gt;=&amp;nbsp;&lt;/span&gt;&lt;span style="color: var(--highlight-default)"&gt;$this&lt;/span&gt;&lt;span style="color: var(--highlight-keyword)"&gt;-&amp;gt;&lt;/span&gt;&lt;span style="color: var(--highlight-default)"&gt;getWrappedConnection&lt;/span&gt;&lt;span style="color: var(--highlight-keyword)"&gt;();&lt;/span&gt;&lt;/code&gt;&lt;/li&gt;
&lt;li&gt;&lt;code&gt;&lt;span style="color: var(--highlight-keyword)"&gt;&lt;/span&gt;&lt;/code&gt;&lt;/li&gt;
&lt;li&gt;&lt;code&gt;&lt;span style="color: var(--highlight-keyword)"&gt;&amp;nbsp;&amp;nbsp;&amp;nbsp;&amp;nbsp;&amp;nbsp;&amp;nbsp;&amp;nbsp;&amp;nbsp;&lt;/span&gt;&lt;span style="color: var(--highlight-default)"&gt;$logger&amp;nbsp;&lt;/span&gt;&lt;span style="color: var(--highlight-keyword)"&gt;=&amp;nbsp;&lt;/span&gt;&lt;span style="color: var(--highlight-default)"&gt;$this&lt;/span&gt;&lt;span style="color: var(--highlight-keyword)"&gt;-&amp;gt;&lt;/span&gt;&lt;span style="color: var(--highlight-default)"&gt;_config&lt;/span&gt;&lt;span style="color: var(--highlight-keyword)"&gt;-&amp;gt;&lt;/span&gt;&lt;span style="color: var(--highlight-default)"&gt;getSQLLogger&lt;/span&gt;&lt;span style="color: var(--highlight-keyword)"&gt;();&lt;/span&gt;&lt;/code&gt;&lt;/li&gt;
&lt;li&gt;&lt;code&gt;&lt;span style="color: var(--highlight-keyword)"&gt;&amp;nbsp;&amp;nbsp;&amp;nbsp;&amp;nbsp;&amp;nbsp;&amp;nbsp;&amp;nbsp;&amp;nbsp;if&amp;nbsp;(&lt;/span&gt;&lt;span style="color: var(--highlight-default)"&gt;$logger&amp;nbsp;&lt;/span&gt;&lt;span style="color: var(--highlight-keyword)"&gt;!==&amp;nbsp;&lt;/span&gt;&lt;span style="color: var(--highlight-default)"&gt;null&lt;/span&gt;&lt;span style="color: var(--highlight-keyword)"&gt;)&amp;nbsp;{&lt;/span&gt;&lt;/code&gt;&lt;/li&gt;
&lt;li&gt;&lt;code&gt;&lt;span style="color: var(--highlight-keyword)"&gt;&amp;nbsp;&amp;nbsp;&amp;nbsp;&amp;nbsp;&amp;nbsp;&amp;nbsp;&amp;nbsp;&amp;nbsp;&amp;nbsp;&amp;nbsp;&amp;nbsp;&amp;nbsp;&lt;/span&gt;&lt;span style="color: var(--highlight-default)"&gt;$logger&lt;/span&gt;&lt;span style="color: var(--highlight-keyword)"&gt;-&amp;gt;&lt;/span&gt;&lt;span style="color: var(--highlight-default)"&gt;startQuery&lt;/span&gt;&lt;span style="color: var(--highlight-keyword)"&gt;(&lt;/span&gt;&lt;span style="color: var(--highlight-default)"&gt;$sql&lt;/span&gt;&lt;span style="color: var(--highlight-keyword)"&gt;,&amp;nbsp;&lt;/span&gt;&lt;span style="color: var(--highlight-default)"&gt;$params&lt;/span&gt;&lt;span style="color: var(--highlight-keyword)"&gt;,&amp;nbsp;&lt;/span&gt;&lt;span style="color: var(--highlight-default)"&gt;$types&lt;/span&gt;&lt;span style="color: var(--highlight-keyword)"&gt;);&lt;/span&gt;&lt;/code&gt;&lt;/li&gt;
&lt;li&gt;&lt;code&gt;&lt;span style="color: var(--highlight-keyword)"&gt;&amp;nbsp;&amp;nbsp;&amp;nbsp;&amp;nbsp;&amp;nbsp;&amp;nbsp;&amp;nbsp;&amp;nbsp;}&lt;/span&gt;&lt;/code&gt;&lt;/li&gt;&lt;/ol&gt;    &lt;/div&gt;            &lt;/div&gt;
                        &lt;div class="trace-line "&gt;
                &lt;div class="trace-line-header break-long-words sf-toggle" data-toggle-selector="#trace-html-2-5" data-toggle-initial=""&gt;
            &lt;span class="icon icon-close"&gt;&lt;svg width="1792" height="1792" viewBox="0 0 1792 1792" xmlns="http://www.w3.org/2000/svg"&gt;&lt;path d="M1408 960V832q0-26-19-45t-45-19H448q-26 0-45 19t-19 45v128q0 26 19 45t45 19h896q26 0 45-19t19-45zm256-544v960q0 119-84.5 203.5T1376 1664H416q-119 0-203.5-84.5T128 1376V416q0-119 84.5-203.5T416 128h960q119 0 203.5 84.5T1664 416z"/&gt;&lt;/svg&gt;&lt;/span&gt;
        &lt;span class="icon icon-open"&gt;&lt;svg width="1792" height="1792" viewBox="0 0 1792 1792" xmlns="http://www.w3.org/2000/svg"&gt;&lt;path d="M1408 960V832q0-26-19-45t-45-19h-320V448q0-26-19-45t-45-19H832q-26 0-45 19t-19 45v320H448q-26 0-45 19t-19 45v128q0 26 19 45t45 19h320v320q0 26 19 45t45 19h128q26 0 45-19t19-45v-320h320q26 0 45-19t19-45zm256-544v960q0 119-84.5 203.5T1376 1664H416q-119 0-203.5-84.5T128 1376V416q0-119 84.5-203.5T416 128h960q119 0 203.5 84.5T1664 416z"/&gt;&lt;/svg&gt;&lt;/span&gt;
    
            &lt;span class="trace-class"&gt;&lt;abbr title="Doctrine\DBAL\Connection"&gt;Connection&lt;/abbr&gt;&lt;/span&gt;&lt;span class="trace-type"&gt;-&gt;&lt;/span&gt;&lt;span class="trace-method"&gt;executeQuery&lt;/span&gt;&lt;span class="trace-arguments"&gt;()&lt;/span&gt;    
                    &lt;span class="block trace-file-path"&gt;
            in
            &lt;a href=""&gt;
                C:\Users\eman\Documents\GitHub\car_dealer\vendor\doctrine\orm\lib\Doctrine\ORM\Persisters\Entity\&lt;strong&gt;BasicEntityPersister.php&lt;/strong&gt;
            &lt;/a&gt;
                        (line 883)
            &lt;span class="icon icon-copy hidden" data-clipboard-text="C:\Users\eman\Documents\GitHub\car_dealer\vendor\doctrine\orm\lib\Doctrine\ORM\Persisters\Entity\BasicEntityPersister.php:883"&gt;
                &lt;svg xmlns="http://www.w3.org/2000/svg" height="24" viewBox="0 0 24 24" width="24"&gt;&lt;path d="M0 0h24v24H0z" fill="none"/&gt;&lt;path d="M16 1H4c-1.1 0-2 .9-2 2v14h2V3h12V1zm3 4H8c-1.1 0-2 .9-2 2v14c0 1.1.9 2 2 2h11c1.1 0 2-.9 2-2V7c0-1.1-.9-2-2-2zm0 16H8V7h11v14z"/&gt;&lt;/svg&gt;            &lt;/span&gt;
        &lt;/span&gt;
    &lt;/div&gt;
    &lt;div id="trace-html-2-5" class="trace-code sf-toggle-content"&gt;
        &lt;ol start="878"&gt;&lt;li&gt;&lt;code&gt;&lt;span style="color: var(--highlight-keyword)"&gt;&amp;nbsp;&amp;nbsp;&amp;nbsp;&amp;nbsp;{&lt;/span&gt;&lt;/code&gt;&lt;/li&gt;
&lt;li&gt;&lt;code&gt;&lt;span style="color: var(--highlight-keyword)"&gt;&amp;nbsp;&amp;nbsp;&amp;nbsp;&amp;nbsp;&amp;nbsp;&amp;nbsp;&amp;nbsp;&amp;nbsp;&lt;/span&gt;&lt;span style="color: var(--highlight-default)"&gt;$this&lt;/span&gt;&lt;span style="color: var(--highlight-keyword)"&gt;-&amp;gt;&lt;/span&gt;&lt;span style="color: var(--highlight-default)"&gt;switchPersisterContext&lt;/span&gt;&lt;span style="color: var(--highlight-keyword)"&gt;(&lt;/span&gt;&lt;span style="color: var(--highlight-default)"&gt;$offset&lt;/span&gt;&lt;span style="color: var(--highlight-keyword)"&gt;,&amp;nbsp;&lt;/span&gt;&lt;span style="color: var(--highlight-default)"&gt;$limit&lt;/span&gt;&lt;span style="color: var(--highlight-keyword)"&gt;);&lt;/span&gt;&lt;/code&gt;&lt;/li&gt;
&lt;li&gt;&lt;code&gt;&lt;span style="color: var(--highlight-keyword)"&gt;&lt;/span&gt;&lt;/code&gt;&lt;/li&gt;
&lt;li&gt;&lt;code&gt;&lt;span style="color: var(--highlight-keyword)"&gt;&amp;nbsp;&amp;nbsp;&amp;nbsp;&amp;nbsp;&amp;nbsp;&amp;nbsp;&amp;nbsp;&amp;nbsp;&lt;/span&gt;&lt;span style="color: var(--highlight-default)"&gt;$sql&amp;nbsp;&amp;nbsp;&amp;nbsp;&amp;nbsp;&amp;nbsp;&amp;nbsp;&amp;nbsp;&amp;nbsp;&amp;nbsp;&amp;nbsp;&amp;nbsp;&amp;nbsp;&amp;nbsp;&amp;nbsp;&lt;/span&gt;&lt;span style="color: var(--highlight-keyword)"&gt;=&amp;nbsp;&lt;/span&gt;&lt;span style="color: var(--highlight-default)"&gt;$this&lt;/span&gt;&lt;span style="color: var(--highlight-keyword)"&gt;-&amp;gt;&lt;/span&gt;&lt;span style="color: var(--highlight-default)"&gt;getSelectSQL&lt;/span&gt;&lt;span style="color: var(--highlight-keyword)"&gt;(&lt;/span&gt;&lt;span style="color: var(--highlight-default)"&gt;$criteria&lt;/span&gt;&lt;span style="color: var(--highlight-keyword)"&gt;,&amp;nbsp;&lt;/span&gt;&lt;span style="color: var(--highlight-default)"&gt;null&lt;/span&gt;&lt;span style="color: var(--highlight-keyword)"&gt;,&amp;nbsp;&lt;/span&gt;&lt;span style="color: var(--highlight-default)"&gt;null&lt;/span&gt;&lt;span style="color: var(--highlight-keyword)"&gt;,&amp;nbsp;&lt;/span&gt;&lt;span style="color: var(--highlight-default)"&gt;$limit&lt;/span&gt;&lt;span style="color: var(--highlight-keyword)"&gt;,&amp;nbsp;&lt;/span&gt;&lt;span style="color: var(--highlight-default)"&gt;$offset&lt;/span&gt;&lt;span style="color: var(--highlight-keyword)"&gt;,&amp;nbsp;&lt;/span&gt;&lt;span style="color: var(--highlight-default)"&gt;$orderBy&lt;/span&gt;&lt;span style="color: var(--highlight-keyword)"&gt;);&lt;/span&gt;&lt;/code&gt;&lt;/li&gt;
&lt;li&gt;&lt;code&gt;&lt;span style="color: var(--highlight-keyword)"&gt;&amp;nbsp;&amp;nbsp;&amp;nbsp;&amp;nbsp;&amp;nbsp;&amp;nbsp;&amp;nbsp;&amp;nbsp;[&lt;/span&gt;&lt;span style="color: var(--highlight-default)"&gt;$params&lt;/span&gt;&lt;span style="color: var(--highlight-keyword)"&gt;,&amp;nbsp;&lt;/span&gt;&lt;span style="color: var(--highlight-default)"&gt;$types&lt;/span&gt;&lt;span style="color: var(--highlight-keyword)"&gt;]&amp;nbsp;=&amp;nbsp;&lt;/span&gt;&lt;span style="color: var(--highlight-default)"&gt;$this&lt;/span&gt;&lt;span style="color: var(--highlight-keyword)"&gt;-&amp;gt;&lt;/span&gt;&lt;span style="color: var(--highlight-default)"&gt;expandParameters&lt;/span&gt;&lt;span style="color: var(--highlight-keyword)"&gt;(&lt;/span&gt;&lt;span style="color: var(--highlight-default)"&gt;$criteria&lt;/span&gt;&lt;span style="color: var(--highlight-keyword)"&gt;);&lt;/span&gt;&lt;/code&gt;&lt;/li&gt;
&lt;li class="selected"&gt;&lt;code&gt;&lt;span style="color: var(--highlight-keyword)"&gt;&amp;nbsp;&amp;nbsp;&amp;nbsp;&amp;nbsp;&amp;nbsp;&amp;nbsp;&amp;nbsp;&amp;nbsp;&lt;/span&gt;&lt;span style="color: var(--highlight-default)"&gt;$stmt&amp;nbsp;&amp;nbsp;&amp;nbsp;&amp;nbsp;&amp;nbsp;&amp;nbsp;&amp;nbsp;&amp;nbsp;&amp;nbsp;&amp;nbsp;&amp;nbsp;&amp;nbsp;&amp;nbsp;&lt;/span&gt;&lt;span style="color: var(--highlight-keyword)"&gt;=&amp;nbsp;&lt;/span&gt;&lt;span style="color: var(--highlight-default)"&gt;$this&lt;/span&gt;&lt;span style="color: var(--highlight-keyword)"&gt;-&amp;gt;&lt;/span&gt;&lt;span style="color: var(--highlight-default)"&gt;conn&lt;/span&gt;&lt;span style="color: var(--highlight-keyword)"&gt;-&amp;gt;&lt;/span&gt;&lt;span style="color: var(--highlight-default)"&gt;executeQuery&lt;/span&gt;&lt;span style="color: var(--highlight-keyword)"&gt;(&lt;/span&gt;&lt;span style="color: var(--highlight-default)"&gt;$sql&lt;/span&gt;&lt;span style="color: var(--highlight-keyword)"&gt;,&amp;nbsp;&lt;/span&gt;&lt;span style="color: var(--highlight-default)"&gt;$params&lt;/span&gt;&lt;span style="color: var(--highlight-keyword)"&gt;,&amp;nbsp;&lt;/span&gt;&lt;span style="color: var(--highlight-default)"&gt;$types&lt;/span&gt;&lt;span style="color: var(--highlight-keyword)"&gt;);&lt;/span&gt;&lt;/code&gt;&lt;/li&gt;
&lt;li&gt;&lt;code&gt;&lt;span style="color: var(--highlight-keyword)"&gt;&lt;/span&gt;&lt;/code&gt;&lt;/li&gt;
&lt;li&gt;&lt;code&gt;&lt;span style="color: var(--highlight-keyword)"&gt;&amp;nbsp;&amp;nbsp;&amp;nbsp;&amp;nbsp;&amp;nbsp;&amp;nbsp;&amp;nbsp;&amp;nbsp;&lt;/span&gt;&lt;span style="color: var(--highlight-default)"&gt;$hydrator&amp;nbsp;&lt;/span&gt;&lt;span style="color: var(--highlight-keyword)"&gt;=&amp;nbsp;&lt;/span&gt;&lt;span style="color: var(--highlight-default)"&gt;$this&lt;/span&gt;&lt;span style="color: var(--highlight-keyword)"&gt;-&amp;gt;&lt;/span&gt;&lt;span style="color: var(--highlight-default)"&gt;em&lt;/span&gt;&lt;span style="color: var(--highlight-keyword)"&gt;-&amp;gt;&lt;/span&gt;&lt;span style="color: var(--highlight-default)"&gt;newHydrator&lt;/span&gt;&lt;span style="color: var(--highlight-keyword)"&gt;(&lt;/span&gt;&lt;span style="color: var(--highlight-default)"&gt;$this&lt;/span&gt;&lt;span style="color: var(--highlight-keyword)"&gt;-&amp;gt;&lt;/span&gt;&lt;span style="color: var(--highlight-default)"&gt;currentPersisterContext&lt;/span&gt;&lt;span style="color: var(--highlight-keyword)"&gt;-&amp;gt;&lt;/span&gt;&lt;span style="color: var(--highlight-default)"&gt;selectJoinSql&amp;nbsp;&lt;/span&gt;&lt;span style="color: var(--highlight-keyword)"&gt;?&amp;nbsp;&lt;/span&gt;&lt;span style="color: var(--highlight-default)"&gt;Query&lt;/span&gt;&lt;span style="color: var(--highlight-keyword)"&gt;::&lt;/span&gt;&lt;span style="color: var(--highlight-default)"&gt;HYDRATE_OBJECT&amp;nbsp;&lt;/span&gt;&lt;span style="color: var(--highlight-keyword)"&gt;:&amp;nbsp;&lt;/span&gt;&lt;span style="color: var(--highlight-default)"&gt;Query&lt;/span&gt;&lt;span style="color: var(--highlight-keyword)"&gt;::&lt;/span&gt;&lt;span style="color: var(--highlight-default)"&gt;HYDRATE_SIMPLEOBJECT&lt;/span&gt;&lt;span style="color: var(--highlight-keyword)"&gt;);&lt;/span&gt;&lt;/code&gt;&lt;/li&gt;
&lt;li&gt;&lt;code&gt;&lt;span style="color: var(--highlight-keyword)"&gt;&lt;/span&gt;&lt;/code&gt;&lt;/li&gt;
&lt;li&gt;&lt;code&gt;&lt;span style="color: var(--highlight-keyword)"&gt;&amp;nbsp;&amp;nbsp;&amp;nbsp;&amp;nbsp;&amp;nbsp;&amp;nbsp;&amp;nbsp;&amp;nbsp;return&amp;nbsp;&lt;/span&gt;&lt;span style="color: var(--highlight-default)"&gt;$hydrator&lt;/span&gt;&lt;span style="color: var(--highlight-keyword)"&gt;-&amp;gt;&lt;/span&gt;&lt;span style="color: var(--highlight-default)"&gt;hydrateAll&lt;/span&gt;&lt;span style="color: var(--highlight-keyword)"&gt;(&lt;/span&gt;&lt;span style="color: var(--highlight-default)"&gt;$stmt&lt;/span&gt;&lt;span style="color: var(--highlight-keyword)"&gt;,&amp;nbsp;&lt;/span&gt;&lt;span style="color: var(--highlight-default)"&gt;$this&lt;/span&gt;&lt;span style="color: var(--highlight-keyword)"&gt;-&amp;gt;&lt;/span&gt;&lt;span style="color: var(--highlight-default)"&gt;currentPersisterContext&lt;/span&gt;&lt;span style="color: var(--highlight-keyword)"&gt;-&amp;gt;&lt;/span&gt;&lt;span style="color: var(--highlight-default)"&gt;rsm&lt;/span&gt;&lt;span style="color: var(--highlight-keyword)"&gt;,&amp;nbsp;[&lt;/span&gt;&lt;span style="color: var(--highlight-default)"&gt;UnitOfWork&lt;/span&gt;&lt;span style="color: var(--highlight-keyword)"&gt;::&lt;/span&gt;&lt;span style="color: var(--highlight-default)"&gt;HINT_DEFEREAGERLOAD&amp;nbsp;&lt;/span&gt;&lt;span style="color: var(--highlight-keyword)"&gt;=&amp;gt;&amp;nbsp;&lt;/span&gt;&lt;span style="color: var(--highlight-default)"&gt;true&lt;/span&gt;&lt;span style="color: var(--highlight-keyword)"&gt;]);&lt;/span&gt;&lt;/code&gt;&lt;/li&gt;
&lt;li&gt;&lt;code&gt;&lt;span style="color: var(--highlight-keyword)"&gt;&amp;nbsp;&amp;nbsp;&amp;nbsp;&amp;nbsp;}&lt;/span&gt;&lt;/code&gt;&lt;/li&gt;&lt;/ol&gt;    &lt;/div&gt;            &lt;/div&gt;
                        &lt;div class="trace-line "&gt;
                &lt;div class="trace-line-header break-long-words sf-toggle" data-toggle-selector="#trace-html-2-6" data-toggle-initial=""&gt;
            &lt;span class="icon icon-close"&gt;&lt;svg width="1792" height="1792" viewBox="0 0 1792 1792" xmlns="http://www.w3.org/2000/svg"&gt;&lt;path d="M1408 960V832q0-26-19-45t-45-19H448q-26 0-45 19t-19 45v128q0 26 19 45t45 19h896q26 0 45-19t19-45zm256-544v960q0 119-84.5 203.5T1376 1664H416q-119 0-203.5-84.5T128 1376V416q0-119 84.5-203.5T416 128h960q119 0 203.5 84.5T1664 416z"/&gt;&lt;/svg&gt;&lt;/span&gt;
        &lt;span class="icon icon-open"&gt;&lt;svg width="1792" height="1792" viewBox="0 0 1792 1792" xmlns="http://www.w3.org/2000/svg"&gt;&lt;path d="M1408 960V832q0-26-19-45t-45-19h-320V448q0-26-19-45t-45-19H832q-26 0-45 19t-19 45v320H448q-26 0-45 19t-19 45v128q0 26 19 45t45 19h320v320q0 26 19 45t45 19h128q26 0 45-19t19-45v-320h320q26 0 45-19t19-45zm256-544v960q0 119-84.5 203.5T1376 1664H416q-119 0-203.5-84.5T128 1376V416q0-119 84.5-203.5T416 128h960q119 0 203.5 84.5T1664 416z"/&gt;&lt;/svg&gt;&lt;/span&gt;
    
            &lt;span class="trace-class"&gt;&lt;abbr title="Doctrine\ORM\Persisters\Entity\BasicEntityPersister"&gt;BasicEntityPersister&lt;/abbr&gt;&lt;/span&gt;&lt;span class="trace-type"&gt;-&gt;&lt;/span&gt;&lt;span class="trace-method"&gt;loadAll&lt;/span&gt;&lt;span class="trace-arguments"&gt;()&lt;/span&gt;    
                    &lt;span class="block trace-file-path"&gt;
            in
            &lt;a href=""&gt;
                C:\Users\eman\Documents\GitHub\car_dealer\vendor\doctrine\orm\lib\Doctrine\ORM\&lt;strong&gt;EntityRepository.php&lt;/strong&gt;
            &lt;/a&gt;
                        (line 202)
            &lt;span class="icon icon-copy hidden" data-clipboard-text="C:\Users\eman\Documents\GitHub\car_dealer\vendor\doctrine\orm\lib\Doctrine\ORM\EntityRepository.php:202"&gt;
                &lt;svg xmlns="http://www.w3.org/2000/svg" height="24" viewBox="0 0 24 24" width="24"&gt;&lt;path d="M0 0h24v24H0z" fill="none"/&gt;&lt;path d="M16 1H4c-1.1 0-2 .9-2 2v14h2V3h12V1zm3 4H8c-1.1 0-2 .9-2 2v14c0 1.1.9 2 2 2h11c1.1 0 2-.9 2-2V7c0-1.1-.9-2-2-2zm0 16H8V7h11v14z"/&gt;&lt;/svg&gt;            &lt;/span&gt;
        &lt;/span&gt;
    &lt;/div&gt;
    &lt;div id="trace-html-2-6" class="trace-code sf-toggle-content"&gt;
        &lt;ol start="197"&gt;&lt;li&gt;&lt;code&gt;&lt;span style="color: var(--highlight-comment)"&gt;&amp;nbsp;&amp;nbsp;&amp;nbsp;&amp;nbsp;&amp;nbsp;*/&lt;/span&gt;&lt;/code&gt;&lt;/li&gt;
&lt;li&gt;&lt;code&gt;&lt;span style="color: var(--highlight-comment)"&gt;&amp;nbsp;&amp;nbsp;&amp;nbsp;&amp;nbsp;&lt;/span&gt;&lt;span style="color: var(--highlight-keyword)"&gt;public&amp;nbsp;function&amp;nbsp;&lt;/span&gt;&lt;span style="color: var(--highlight-default)"&gt;findBy&lt;/span&gt;&lt;span style="color: var(--highlight-keyword)"&gt;(array&amp;nbsp;&lt;/span&gt;&lt;span style="color: var(--highlight-default)"&gt;$criteria&lt;/span&gt;&lt;span style="color: var(--highlight-keyword)"&gt;,&amp;nbsp;?array&amp;nbsp;&lt;/span&gt;&lt;span style="color: var(--highlight-default)"&gt;$orderBy&amp;nbsp;&lt;/span&gt;&lt;span style="color: var(--highlight-keyword)"&gt;=&amp;nbsp;&lt;/span&gt;&lt;span style="color: var(--highlight-default)"&gt;null&lt;/span&gt;&lt;span style="color: var(--highlight-keyword)"&gt;,&amp;nbsp;&lt;/span&gt;&lt;span style="color: var(--highlight-default)"&gt;$limit&amp;nbsp;&lt;/span&gt;&lt;span style="color: var(--highlight-keyword)"&gt;=&amp;nbsp;&lt;/span&gt;&lt;span style="color: var(--highlight-default)"&gt;null&lt;/span&gt;&lt;span style="color: var(--highlight-keyword)"&gt;,&amp;nbsp;&lt;/span&gt;&lt;span style="color: var(--highlight-default)"&gt;$offset&amp;nbsp;&lt;/span&gt;&lt;span style="color: var(--highlight-keyword)"&gt;=&amp;nbsp;&lt;/span&gt;&lt;span style="color: var(--highlight-default)"&gt;null&lt;/span&gt;&lt;span style="color: var(--highlight-keyword)"&gt;)&lt;/span&gt;&lt;/code&gt;&lt;/li&gt;
&lt;li&gt;&lt;code&gt;&lt;span style="color: var(--highlight-keyword)"&gt;&amp;nbsp;&amp;nbsp;&amp;nbsp;&amp;nbsp;{&lt;/span&gt;&lt;/code&gt;&lt;/li&gt;
&lt;li&gt;&lt;code&gt;&lt;span style="color: var(--highlight-keyword)"&gt;&amp;nbsp;&amp;nbsp;&amp;nbsp;&amp;nbsp;&amp;nbsp;&amp;nbsp;&amp;nbsp;&amp;nbsp;&lt;/span&gt;&lt;span style="color: var(--highlight-default)"&gt;$persister&amp;nbsp;&lt;/span&gt;&lt;span style="color: var(--highlight-keyword)"&gt;=&amp;nbsp;&lt;/span&gt;&lt;span style="color: var(--highlight-default)"&gt;$this&lt;/span&gt;&lt;span style="color: var(--highlight-keyword)"&gt;-&amp;gt;&lt;/span&gt;&lt;span style="color: var(--highlight-default)"&gt;_em&lt;/span&gt;&lt;span style="color: var(--highlight-keyword)"&gt;-&amp;gt;&lt;/span&gt;&lt;span style="color: var(--highlight-default)"&gt;getUnitOfWork&lt;/span&gt;&lt;span style="color: var(--highlight-keyword)"&gt;()-&amp;gt;&lt;/span&gt;&lt;span style="color: var(--highlight-default)"&gt;getEntityPersister&lt;/span&gt;&lt;span style="color: var(--highlight-keyword)"&gt;(&lt;/span&gt;&lt;span style="color: var(--highlight-default)"&gt;$this&lt;/span&gt;&lt;span style="color: var(--highlight-keyword)"&gt;-&amp;gt;&lt;/span&gt;&lt;span style="color: var(--highlight-default)"&gt;_entityName&lt;/span&gt;&lt;span style="color: var(--highlight-keyword)"&gt;);&lt;/span&gt;&lt;/code&gt;&lt;/li&gt;
&lt;li&gt;&lt;code&gt;&lt;span style="color: var(--highlight-keyword)"&gt;&lt;/span&gt;&lt;/code&gt;&lt;/li&gt;
&lt;li class="selected"&gt;&lt;code&gt;&lt;span style="color: var(--highlight-keyword)"&gt;&amp;nbsp;&amp;nbsp;&amp;nbsp;&amp;nbsp;&amp;nbsp;&amp;nbsp;&amp;nbsp;&amp;nbsp;return&amp;nbsp;&lt;/span&gt;&lt;span style="color: var(--highlight-default)"&gt;$persister&lt;/span&gt;&lt;span style="color: var(--highlight-keyword)"&gt;-&amp;gt;&lt;/span&gt;&lt;span style="color: var(--highlight-default)"&gt;loadAll&lt;/span&gt;&lt;span style="color: var(--highlight-keyword)"&gt;(&lt;/span&gt;&lt;span style="color: var(--highlight-default)"&gt;$criteria&lt;/span&gt;&lt;span style="color: var(--highlight-keyword)"&gt;,&amp;nbsp;&lt;/span&gt;&lt;span style="color: var(--highlight-default)"&gt;$orderBy&lt;/span&gt;&lt;span style="color: var(--highlight-keyword)"&gt;,&amp;nbsp;&lt;/span&gt;&lt;span style="color: var(--highlight-default)"&gt;$limit&lt;/span&gt;&lt;span style="color: var(--highlight-keyword)"&gt;,&amp;nbsp;&lt;/span&gt;&lt;span style="color: var(--highlight-default)"&gt;$offset&lt;/span&gt;&lt;span style="color: var(--highlight-keyword)"&gt;);&lt;/span&gt;&lt;/code&gt;&lt;/li&gt;
&lt;li&gt;&lt;code&gt;&lt;span style="color: var(--highlight-keyword)"&gt;&amp;nbsp;&amp;nbsp;&amp;nbsp;&amp;nbsp;}&lt;/span&gt;&lt;/code&gt;&lt;/li&gt;
&lt;li&gt;&lt;code&gt;&lt;span style="color: var(--highlight-keyword)"&gt;&lt;/span&gt;&lt;/code&gt;&lt;/li&gt;
&lt;li&gt;&lt;code&gt;&lt;span style="color: var(--highlight-keyword)"&gt;&amp;nbsp;&amp;nbsp;&amp;nbsp;&amp;nbsp;&lt;/span&gt;&lt;span style="color: var(--highlight-comment)"&gt;/**&lt;/span&gt;&lt;/code&gt;&lt;/li&gt;
&lt;li&gt;&lt;code&gt;&lt;span style="color: var(--highlight-comment)"&gt;&amp;nbsp;&amp;nbsp;&amp;nbsp;&amp;nbsp;&amp;nbsp;*&amp;nbsp;Finds&amp;nbsp;a&amp;nbsp;single&amp;nbsp;entity&amp;nbsp;by&amp;nbsp;a&amp;nbsp;set&amp;nbsp;of&amp;nbsp;criteria.&lt;/span&gt;&lt;/code&gt;&lt;/li&gt;
&lt;li&gt;&lt;code&gt;&lt;span style="color: var(--highlight-comment)"&gt;&amp;nbsp;&amp;nbsp;&amp;nbsp;&amp;nbsp;&amp;nbsp;*&lt;/span&gt;&lt;/code&gt;&lt;/li&gt;&lt;/ol&gt;    &lt;/div&gt;            &lt;/div&gt;
                        &lt;div class="trace-line "&gt;
                &lt;div class="trace-line-header break-long-words sf-toggle" data-toggle-selector="#trace-html-2-7" data-toggle-initial=""&gt;
            &lt;span class="icon icon-close"&gt;&lt;svg width="1792" height="1792" viewBox="0 0 1792 1792" xmlns="http://www.w3.org/2000/svg"&gt;&lt;path d="M1408 960V832q0-26-19-45t-45-19H448q-26 0-45 19t-19 45v128q0 26 19 45t45 19h896q26 0 45-19t19-45zm256-544v960q0 119-84.5 203.5T1376 1664H416q-119 0-203.5-84.5T128 1376V416q0-119 84.5-203.5T416 128h960q119 0 203.5 84.5T1664 416z"/&gt;&lt;/svg&gt;&lt;/span&gt;
        &lt;span class="icon icon-open"&gt;&lt;svg width="1792" height="1792" viewBox="0 0 1792 1792" xmlns="http://www.w3.org/2000/svg"&gt;&lt;path d="M1408 960V832q0-26-19-45t-45-19h-320V448q0-26-19-45t-45-19H832q-26 0-45 19t-19 45v320H448q-26 0-45 19t-19 45v128q0 26 19 45t45 19h320v320q0 26 19 45t45 19h128q26 0 45-19t19-45v-320h320q26 0 45-19t19-45zm256-544v960q0 119-84.5 203.5T1376 1664H416q-119 0-203.5-84.5T128 1376V416q0-119 84.5-203.5T416 128h960q119 0 203.5 84.5T1664 416z"/&gt;&lt;/svg&gt;&lt;/span&gt;
    
            &lt;span class="trace-class"&gt;&lt;abbr title="Doctrine\ORM\EntityRepository"&gt;EntityRepository&lt;/abbr&gt;&lt;/span&gt;&lt;span class="trace-type"&gt;-&gt;&lt;/span&gt;&lt;span class="trace-method"&gt;findBy&lt;/span&gt;&lt;span class="trace-arguments"&gt;()&lt;/span&gt;    
                    &lt;span class="block trace-file-path"&gt;
            in
            &lt;a href=""&gt;
                C:\Users\eman\Documents\GitHub\car_dealer\vendor\doctrine\orm\lib\Doctrine\ORM\&lt;strong&gt;EntityRepository.php&lt;/strong&gt;
            &lt;/a&gt;
                        (line 184)
            &lt;span class="icon icon-copy hidden" data-clipboard-text="C:\Users\eman\Documents\GitHub\car_dealer\vendor\doctrine\orm\lib\Doctrine\ORM\EntityRepository.php:184"&gt;
                &lt;svg xmlns="http://www.w3.org/2000/svg" height="24" viewBox="0 0 24 24" width="24"&gt;&lt;path d="M0 0h24v24H0z" fill="none"/&gt;&lt;path d="M16 1H4c-1.1 0-2 .9-2 2v14h2V3h12V1zm3 4H8c-1.1 0-2 .9-2 2v14c0 1.1.9 2 2 2h11c1.1 0 2-.9 2-2V7c0-1.1-.9-2-2-2zm0 16H8V7h11v14z"/&gt;&lt;/svg&gt;            &lt;/span&gt;
        &lt;/span&gt;
    &lt;/div&gt;
    &lt;div id="trace-html-2-7" class="trace-code sf-toggle-content"&gt;
        &lt;ol start="179"&gt;&lt;li&gt;&lt;code&gt;&lt;span style="color: var(--highlight-comment)"&gt;&amp;nbsp;&amp;nbsp;&amp;nbsp;&amp;nbsp;&amp;nbsp;*&lt;/span&gt;&lt;/code&gt;&lt;/li&gt;
&lt;li&gt;&lt;code&gt;&lt;span style="color: var(--highlight-comment)"&gt;&amp;nbsp;&amp;nbsp;&amp;nbsp;&amp;nbsp;&amp;nbsp;*&amp;nbsp;@psalm-return&amp;nbsp;list&amp;lt;T&amp;gt;&amp;nbsp;The&amp;nbsp;entities.&lt;/span&gt;&lt;/code&gt;&lt;/li&gt;
&lt;li&gt;&lt;code&gt;&lt;span style="color: var(--highlight-comment)"&gt;&amp;nbsp;&amp;nbsp;&amp;nbsp;&amp;nbsp;&amp;nbsp;*/&lt;/span&gt;&lt;/code&gt;&lt;/li&gt;
&lt;li&gt;&lt;code&gt;&lt;span style="color: var(--highlight-comment)"&gt;&amp;nbsp;&amp;nbsp;&amp;nbsp;&amp;nbsp;&lt;/span&gt;&lt;span style="color: var(--highlight-keyword)"&gt;public&amp;nbsp;function&amp;nbsp;&lt;/span&gt;&lt;span style="color: var(--highlight-default)"&gt;findAll&lt;/span&gt;&lt;span style="color: var(--highlight-keyword)"&gt;()&lt;/span&gt;&lt;/code&gt;&lt;/li&gt;
&lt;li&gt;&lt;code&gt;&lt;span style="color: var(--highlight-keyword)"&gt;&amp;nbsp;&amp;nbsp;&amp;nbsp;&amp;nbsp;{&lt;/span&gt;&lt;/code&gt;&lt;/li&gt;
&lt;li class="selected"&gt;&lt;code&gt;&lt;span style="color: var(--highlight-keyword)"&gt;&amp;nbsp;&amp;nbsp;&amp;nbsp;&amp;nbsp;&amp;nbsp;&amp;nbsp;&amp;nbsp;&amp;nbsp;return&amp;nbsp;&lt;/span&gt;&lt;span style="color: var(--highlight-default)"&gt;$this&lt;/span&gt;&lt;span style="color: var(--highlight-keyword)"&gt;-&amp;gt;&lt;/span&gt;&lt;span style="color: var(--highlight-default)"&gt;findBy&lt;/span&gt;&lt;span style="color: var(--highlight-keyword)"&gt;([]);&lt;/span&gt;&lt;/code&gt;&lt;/li&gt;
&lt;li&gt;&lt;code&gt;&lt;span style="color: var(--highlight-keyword)"&gt;&amp;nbsp;&amp;nbsp;&amp;nbsp;&amp;nbsp;}&lt;/span&gt;&lt;/code&gt;&lt;/li&gt;
&lt;li&gt;&lt;code&gt;&lt;span style="color: var(--highlight-keyword)"&gt;&lt;/span&gt;&lt;/code&gt;&lt;/li&gt;
&lt;li&gt;&lt;code&gt;&lt;span style="color: var(--highlight-keyword)"&gt;&amp;nbsp;&amp;nbsp;&amp;nbsp;&amp;nbsp;&lt;/span&gt;&lt;span style="color: var(--highlight-comment)"&gt;/**&lt;/span&gt;&lt;/code&gt;&lt;/li&gt;
&lt;li&gt;&lt;code&gt;&lt;span style="color: var(--highlight-comment)"&gt;&amp;nbsp;&amp;nbsp;&amp;nbsp;&amp;nbsp;&amp;nbsp;*&amp;nbsp;Finds&amp;nbsp;entities&amp;nbsp;by&amp;nbsp;a&amp;nbsp;set&amp;nbsp;of&amp;nbsp;criteria.&lt;/span&gt;&lt;/code&gt;&lt;/li&gt;
&lt;li&gt;&lt;code&gt;&lt;span style="color: var(--highlight-comment)"&gt;&amp;nbsp;&amp;nbsp;&amp;nbsp;&amp;nbsp;&amp;nbsp;*&lt;/span&gt;&lt;/code&gt;&lt;/li&gt;&lt;/ol&gt;    &lt;/div&gt;            &lt;/div&gt;
                        &lt;div class="trace-line "&gt;
                &lt;div class="trace-line-header break-long-words sf-toggle" data-toggle-selector="#trace-html-2-8" data-toggle-initial=""&gt;
            &lt;span class="icon icon-close"&gt;&lt;svg width="1792" height="1792" viewBox="0 0 1792 1792" xmlns="http://www.w3.org/2000/svg"&gt;&lt;path d="M1408 960V832q0-26-19-45t-45-19H448q-26 0-45 19t-19 45v128q0 26 19 45t45 19h896q26 0 45-19t19-45zm256-544v960q0 119-84.5 203.5T1376 1664H416q-119 0-203.5-84.5T128 1376V416q0-119 84.5-203.5T416 128h960q119 0 203.5 84.5T1664 416z"/&gt;&lt;/svg&gt;&lt;/span&gt;
        &lt;span class="icon icon-open"&gt;&lt;svg width="1792" height="1792" viewBox="0 0 1792 1792" xmlns="http://www.w3.org/2000/svg"&gt;&lt;path d="M1408 960V832q0-26-19-45t-45-19h-320V448q0-26-19-45t-45-19H832q-26 0-45 19t-19 45v320H448q-26 0-45 19t-19 45v128q0 26 19 45t45 19h320v320q0 26 19 45t45 19h128q26 0 45-19t19-45v-320h320q26 0 45-19t19-45zm256-544v960q0 119-84.5 203.5T1376 1664H416q-119 0-203.5-84.5T128 1376V416q0-119 84.5-203.5T416 128h960q119 0 203.5 84.5T1664 416z"/&gt;&lt;/svg&gt;&lt;/span&gt;
    
            &lt;span class="trace-class"&gt;&lt;abbr title="Doctrine\ORM\EntityRepository"&gt;EntityRepository&lt;/abbr&gt;&lt;/span&gt;&lt;span class="trace-type"&gt;-&gt;&lt;/span&gt;&lt;span class="trace-method"&gt;findAll&lt;/span&gt;&lt;span class="trace-arguments"&gt;()&lt;/span&gt;    
                    &lt;span class="block trace-file-path"&gt;
            in
            &lt;a href=""&gt;
                C:\Users\eman\Documents\GitHub\car_dealer\src\Controller\&lt;strong&gt;CarPublicController.php&lt;/strong&gt;
            &lt;/a&gt;
                        (line 21)
            &lt;span class="icon icon-copy hidden" data-clipboard-text="C:\Users\eman\Documents\GitHub\car_dealer\src\Controller\CarPublicController.php:21"&gt;
                &lt;svg xmlns="http://www.w3.org/2000/svg" height="24" viewBox="0 0 24 24" width="24"&gt;&lt;path d="M0 0h24v24H0z" fill="none"/&gt;&lt;path d="M16 1H4c-1.1 0-2 .9-2 2v14h2V3h12V1zm3 4H8c-1.1 0-2 .9-2 2v14c0 1.1.9 2 2 2h11c1.1 0 2-.9 2-2V7c0-1.1-.9-2-2-2zm0 16H8V7h11v14z"/&gt;&lt;/svg&gt;            &lt;/span&gt;
        &lt;/span&gt;
    &lt;/div&gt;
    &lt;div id="trace-html-2-8" class="trace-code sf-toggle-content"&gt;
        &lt;ol start="16"&gt;&lt;li&gt;&lt;code&gt;&lt;span style="color: var(--highlight-keyword)"&gt;&amp;nbsp;&amp;nbsp;&amp;nbsp;&amp;nbsp;&amp;nbsp;&amp;nbsp;&amp;nbsp;&amp;nbsp;&lt;/span&gt;&lt;span style="color: var(--highlight-default)"&gt;$template&amp;nbsp;&lt;/span&gt;&lt;span style="color: var(--highlight-keyword)"&gt;=&amp;nbsp;&lt;/span&gt;&lt;span style="color: var(--highlight-string)"&gt;'carPublic/index.html.twig'&lt;/span&gt;&lt;span style="color: var(--highlight-keyword)"&gt;;&#13;&lt;/span&gt;&lt;/code&gt;&lt;/li&gt;
&lt;li&gt;&lt;code&gt;&lt;span style="color: var(--highlight-keyword)"&gt;&amp;nbsp;&amp;nbsp;&amp;nbsp;&amp;nbsp;&amp;nbsp;&amp;nbsp;&amp;nbsp;&amp;nbsp;&lt;/span&gt;&lt;span style="color: var(--highlight-default)"&gt;$argsArray&amp;nbsp;&lt;/span&gt;&lt;span style="color: var(--highlight-keyword)"&gt;=&amp;nbsp;[];&#13;&lt;/span&gt;&lt;/code&gt;&lt;/li&gt;
&lt;li&gt;&lt;code&gt;&lt;span style="color: var(--highlight-keyword)"&gt;&#13;&lt;/span&gt;&lt;/code&gt;&lt;/li&gt;
&lt;li&gt;&lt;code&gt;&lt;span style="color: var(--highlight-keyword)"&gt;&amp;nbsp;&amp;nbsp;&amp;nbsp;&amp;nbsp;&amp;nbsp;&amp;nbsp;&amp;nbsp;&amp;nbsp;return&amp;nbsp;&lt;/span&gt;&lt;span style="color: var(--highlight-default)"&gt;$this&lt;/span&gt;&lt;span style="color: var(--highlight-keyword)"&gt;-&amp;gt;&lt;/span&gt;&lt;span style="color: var(--highlight-default)"&gt;render&lt;/span&gt;&lt;span style="color: var(--highlight-keyword)"&gt;(&lt;/span&gt;&lt;span style="color: var(--highlight-default)"&gt;$template&lt;/span&gt;&lt;span style="color: var(--highlight-keyword)"&gt;,&amp;nbsp;[&#13;&lt;/span&gt;&lt;/code&gt;&lt;/li&gt;
&lt;li&gt;&lt;code&gt;&lt;span style="color: var(--highlight-keyword)"&gt;&amp;nbsp;&amp;nbsp;&amp;nbsp;&amp;nbsp;&amp;nbsp;&amp;nbsp;&amp;nbsp;&amp;nbsp;&amp;nbsp;&amp;nbsp;&amp;nbsp;&amp;nbsp;&lt;/span&gt;&lt;span style="color: var(--highlight-string)"&gt;'controller_name'&amp;nbsp;&lt;/span&gt;&lt;span style="color: var(--highlight-keyword)"&gt;=&amp;gt;&amp;nbsp;&lt;/span&gt;&lt;span style="color: var(--highlight-string)"&gt;'CarPublicController'&lt;/span&gt;&lt;span style="color: var(--highlight-keyword)"&gt;,&#13;&lt;/span&gt;&lt;/code&gt;&lt;/li&gt;
&lt;li class="selected"&gt;&lt;code&gt;&lt;span style="color: var(--highlight-keyword)"&gt;&amp;nbsp;&amp;nbsp;&amp;nbsp;&amp;nbsp;&amp;nbsp;&amp;nbsp;&amp;nbsp;&amp;nbsp;&amp;nbsp;&amp;nbsp;&amp;nbsp;&amp;nbsp;&lt;/span&gt;&lt;span style="color: var(--highlight-string)"&gt;'cars'&amp;nbsp;&lt;/span&gt;&lt;span style="color: var(--highlight-keyword)"&gt;=&amp;gt;&amp;nbsp;&lt;/span&gt;&lt;span style="color: var(--highlight-default)"&gt;$carRepository&lt;/span&gt;&lt;span style="color: var(--highlight-keyword)"&gt;-&amp;gt;&lt;/span&gt;&lt;span style="color: var(--highlight-default)"&gt;findAll&lt;/span&gt;&lt;span style="color: var(--highlight-keyword)"&gt;()&#13;&lt;/span&gt;&lt;/code&gt;&lt;/li&gt;
&lt;li&gt;&lt;code&gt;&lt;span style="color: var(--highlight-keyword)"&gt;&amp;nbsp;&amp;nbsp;&amp;nbsp;&amp;nbsp;&amp;nbsp;&amp;nbsp;&amp;nbsp;&amp;nbsp;]);&#13;&lt;/span&gt;&lt;/code&gt;&lt;/li&gt;
&lt;li&gt;&lt;code&gt;&lt;span style="color: var(--highlight-keyword)"&gt;&amp;nbsp;&amp;nbsp;&amp;nbsp;&amp;nbsp;}&#13;&lt;/span&gt;&lt;/code&gt;&lt;/li&gt;
&lt;li&gt;&lt;code&gt;&lt;span style="color: var(--highlight-keyword)"&gt;&#13;&lt;/span&gt;&lt;/code&gt;&lt;/li&gt;
&lt;li&gt;&lt;code&gt;&lt;span style="color: var(--highlight-keyword)"&gt;&amp;nbsp;&amp;nbsp;&amp;nbsp;&amp;nbsp;#[&lt;/span&gt;&lt;span style="color: var(--highlight-default)"&gt;Route&lt;/span&gt;&lt;span style="color: var(--highlight-keyword)"&gt;(&lt;/span&gt;&lt;span style="color: var(--highlight-string)"&gt;'/car/{id}/show'&lt;/span&gt;&lt;span style="color: var(--highlight-keyword)"&gt;,&amp;nbsp;&lt;/span&gt;&lt;span style="color: var(--highlight-default)"&gt;name&lt;/span&gt;&lt;span style="color: var(--highlight-keyword)"&gt;:&amp;nbsp;&lt;/span&gt;&lt;span style="color: var(--highlight-string)"&gt;'App_car_show_public'&lt;/span&gt;&lt;span style="color: var(--highlight-keyword)"&gt;,&amp;nbsp;&lt;/span&gt;&lt;span style="color: var(--highlight-default)"&gt;methods&lt;/span&gt;&lt;span style="color: var(--highlight-keyword)"&gt;:&amp;nbsp;[&lt;/span&gt;&lt;span style="color: var(--highlight-string)"&gt;'GET'&lt;/span&gt;&lt;span style="color: var(--highlight-keyword)"&gt;])]&#13;&lt;/span&gt;&lt;/code&gt;&lt;/li&gt;
&lt;li&gt;&lt;code&gt;&lt;span style="color: var(--highlight-keyword)"&gt;&amp;nbsp;&amp;nbsp;&amp;nbsp;&amp;nbsp;public&amp;nbsp;function&amp;nbsp;&lt;/span&gt;&lt;span style="color: var(--highlight-default)"&gt;show&lt;/span&gt;&lt;span style="color: var(--highlight-keyword)"&gt;(&lt;/span&gt;&lt;span style="color: var(--highlight-default)"&gt;Car&amp;nbsp;$car&lt;/span&gt;&lt;span style="color: var(--highlight-keyword)"&gt;):&amp;nbsp;&lt;/span&gt;&lt;span style="color: var(--highlight-default)"&gt;Response&#13;&lt;/span&gt;&lt;/code&gt;&lt;/li&gt;&lt;/ol&gt;    &lt;/div&gt;            &lt;/div&gt;
                        &lt;div class="trace-line "&gt;
                &lt;div class="trace-line-header break-long-words sf-toggle" data-toggle-selector="#trace-html-2-9" data-toggle-initial=""&gt;
            &lt;span class="icon icon-close"&gt;&lt;svg width="1792" height="1792" viewBox="0 0 1792 1792" xmlns="http://www.w3.org/2000/svg"&gt;&lt;path d="M1408 960V832q0-26-19-45t-45-19H448q-26 0-45 19t-19 45v128q0 26 19 45t45 19h896q26 0 45-19t19-45zm256-544v960q0 119-84.5 203.5T1376 1664H416q-119 0-203.5-84.5T128 1376V416q0-119 84.5-203.5T416 128h960q119 0 203.5 84.5T1664 416z"/&gt;&lt;/svg&gt;&lt;/span&gt;
        &lt;span class="icon icon-open"&gt;&lt;svg width="1792" height="1792" viewBox="0 0 1792 1792" xmlns="http://www.w3.org/2000/svg"&gt;&lt;path d="M1408 960V832q0-26-19-45t-45-19h-320V448q0-26-19-45t-45-19H832q-26 0-45 19t-19 45v320H448q-26 0-45 19t-19 45v128q0 26 19 45t45 19h320v320q0 26 19 45t45 19h128q26 0 45-19t19-45v-320h320q26 0 45-19t19-45zm256-544v960q0 119-84.5 203.5T1376 1664H416q-119 0-203.5-84.5T128 1376V416q0-119 84.5-203.5T416 128h960q119 0 203.5 84.5T1664 416z"/&gt;&lt;/svg&gt;&lt;/span&gt;
    
            &lt;span class="trace-class"&gt;&lt;abbr title="App\Controller\CarPublicController"&gt;CarPublicController&lt;/abbr&gt;&lt;/span&gt;&lt;span class="trace-type"&gt;-&gt;&lt;/span&gt;&lt;span class="trace-method"&gt;cars&lt;/span&gt;&lt;span class="trace-arguments"&gt;()&lt;/span&gt;    
                    &lt;span class="block trace-file-path"&gt;
            in
            &lt;a href=""&gt;
                C:\Users\eman\Documents\GitHub\car_dealer\vendor\symfony\http-kernel\&lt;strong&gt;HttpKernel.php&lt;/strong&gt;
            &lt;/a&gt;
                        (line 152)
            &lt;span class="icon icon-copy hidden" data-clipboard-text="C:\Users\eman\Documents\GitHub\car_dealer\vendor\symfony\http-kernel\HttpKernel.php:152"&gt;
                &lt;svg xmlns="http://www.w3.org/2000/svg" height="24" viewBox="0 0 24 24" width="24"&gt;&lt;path d="M0 0h24v24H0z" fill="none"/&gt;&lt;path d="M16 1H4c-1.1 0-2 .9-2 2v14h2V3h12V1zm3 4H8c-1.1 0-2 .9-2 2v14c0 1.1.9 2 2 2h11c1.1 0 2-.9 2-2V7c0-1.1-.9-2-2-2zm0 16H8V7h11v14z"/&gt;&lt;/svg&gt;            &lt;/span&gt;
        &lt;/span&gt;
    &lt;/div&gt;
    &lt;div id="trace-html-2-9" class="trace-code sf-toggle-content"&gt;
        &lt;ol start="147"&gt;&lt;li&gt;&lt;code&gt;&lt;span style="color: var(--highlight-keyword)"&gt;&amp;nbsp;&amp;nbsp;&amp;nbsp;&amp;nbsp;&amp;nbsp;&amp;nbsp;&amp;nbsp;&amp;nbsp;&lt;/span&gt;&lt;span style="color: var(--highlight-default)"&gt;$this&lt;/span&gt;&lt;span style="color: var(--highlight-keyword)"&gt;-&amp;gt;&lt;/span&gt;&lt;span style="color: var(--highlight-default)"&gt;dispatcher&lt;/span&gt;&lt;span style="color: var(--highlight-keyword)"&gt;-&amp;gt;&lt;/span&gt;&lt;span style="color: var(--highlight-default)"&gt;dispatch&lt;/span&gt;&lt;span style="color: var(--highlight-keyword)"&gt;(&lt;/span&gt;&lt;span style="color: var(--highlight-default)"&gt;$event&lt;/span&gt;&lt;span style="color: var(--highlight-keyword)"&gt;,&amp;nbsp;&lt;/span&gt;&lt;span style="color: var(--highlight-default)"&gt;KernelEvents&lt;/span&gt;&lt;span style="color: var(--highlight-keyword)"&gt;::&lt;/span&gt;&lt;span style="color: var(--highlight-default)"&gt;CONTROLLER_ARGUMENTS&lt;/span&gt;&lt;span style="color: var(--highlight-keyword)"&gt;);&lt;/span&gt;&lt;/code&gt;&lt;/li&gt;
&lt;li&gt;&lt;code&gt;&lt;span style="color: var(--highlight-keyword)"&gt;&amp;nbsp;&amp;nbsp;&amp;nbsp;&amp;nbsp;&amp;nbsp;&amp;nbsp;&amp;nbsp;&amp;nbsp;&lt;/span&gt;&lt;span style="color: var(--highlight-default)"&gt;$controller&amp;nbsp;&lt;/span&gt;&lt;span style="color: var(--highlight-keyword)"&gt;=&amp;nbsp;&lt;/span&gt;&lt;span style="color: var(--highlight-default)"&gt;$event&lt;/span&gt;&lt;span style="color: var(--highlight-keyword)"&gt;-&amp;gt;&lt;/span&gt;&lt;span style="color: var(--highlight-default)"&gt;getController&lt;/span&gt;&lt;span style="color: var(--highlight-keyword)"&gt;();&lt;/span&gt;&lt;/code&gt;&lt;/li&gt;
&lt;li&gt;&lt;code&gt;&lt;span style="color: var(--highlight-keyword)"&gt;&amp;nbsp;&amp;nbsp;&amp;nbsp;&amp;nbsp;&amp;nbsp;&amp;nbsp;&amp;nbsp;&amp;nbsp;&lt;/span&gt;&lt;span style="color: var(--highlight-default)"&gt;$arguments&amp;nbsp;&lt;/span&gt;&lt;span style="color: var(--highlight-keyword)"&gt;=&amp;nbsp;&lt;/span&gt;&lt;span style="color: var(--highlight-default)"&gt;$event&lt;/span&gt;&lt;span style="color: var(--highlight-keyword)"&gt;-&amp;gt;&lt;/span&gt;&lt;span style="color: var(--highlight-default)"&gt;getArguments&lt;/span&gt;&lt;span style="color: var(--highlight-keyword)"&gt;();&lt;/span&gt;&lt;/code&gt;&lt;/li&gt;
&lt;li&gt;&lt;code&gt;&lt;span style="color: var(--highlight-keyword)"&gt;&lt;/span&gt;&lt;/code&gt;&lt;/li&gt;
&lt;li&gt;&lt;code&gt;&lt;span style="color: var(--highlight-keyword)"&gt;&amp;nbsp;&amp;nbsp;&amp;nbsp;&amp;nbsp;&amp;nbsp;&amp;nbsp;&amp;nbsp;&amp;nbsp;&lt;/span&gt;&lt;span style="color: var(--highlight-comment)"&gt;//&amp;nbsp;call&amp;nbsp;controller&lt;/span&gt;&lt;/code&gt;&lt;/li&gt;
&lt;li class="selected"&gt;&lt;code&gt;&lt;span style="color: var(--highlight-comment)"&gt;&amp;nbsp;&amp;nbsp;&amp;nbsp;&amp;nbsp;&amp;nbsp;&amp;nbsp;&amp;nbsp;&amp;nbsp;&lt;/span&gt;&lt;span style="color: var(--highlight-default)"&gt;$response&amp;nbsp;&lt;/span&gt;&lt;span style="color: var(--highlight-keyword)"&gt;=&amp;nbsp;&lt;/span&gt;&lt;span style="color: var(--highlight-default)"&gt;$controller&lt;/span&gt;&lt;span style="color: var(--highlight-keyword)"&gt;(...&lt;/span&gt;&lt;span style="color: var(--highlight-default)"&gt;$arguments&lt;/span&gt;&lt;span style="color: var(--highlight-keyword)"&gt;);&lt;/span&gt;&lt;/code&gt;&lt;/li&gt;
&lt;li&gt;&lt;code&gt;&lt;span style="color: var(--highlight-keyword)"&gt;&lt;/span&gt;&lt;/code&gt;&lt;/li&gt;
&lt;li&gt;&lt;code&gt;&lt;span style="color: var(--highlight-keyword)"&gt;&amp;nbsp;&amp;nbsp;&amp;nbsp;&amp;nbsp;&amp;nbsp;&amp;nbsp;&amp;nbsp;&amp;nbsp;&lt;/span&gt;&lt;span style="color: var(--highlight-comment)"&gt;//&amp;nbsp;view&lt;/span&gt;&lt;/code&gt;&lt;/li&gt;
&lt;li&gt;&lt;code&gt;&lt;span style="color: var(--highlight-comment)"&gt;&amp;nbsp;&amp;nbsp;&amp;nbsp;&amp;nbsp;&amp;nbsp;&amp;nbsp;&amp;nbsp;&amp;nbsp;&lt;/span&gt;&lt;span style="color: var(--highlight-keyword)"&gt;if&amp;nbsp;(!&lt;/span&gt;&lt;span style="color: var(--highlight-default)"&gt;$response&amp;nbsp;&lt;/span&gt;&lt;span style="color: var(--highlight-keyword)"&gt;instanceof&amp;nbsp;&lt;/span&gt;&lt;span style="color: var(--highlight-default)"&gt;Response&lt;/span&gt;&lt;span style="color: var(--highlight-keyword)"&gt;)&amp;nbsp;{&lt;/span&gt;&lt;/code&gt;&lt;/li&gt;
&lt;li&gt;&lt;code&gt;&lt;span style="color: var(--highlight-keyword)"&gt;&amp;nbsp;&amp;nbsp;&amp;nbsp;&amp;nbsp;&amp;nbsp;&amp;nbsp;&amp;nbsp;&amp;nbsp;&amp;nbsp;&amp;nbsp;&amp;nbsp;&amp;nbsp;&lt;/span&gt;&lt;span style="color: var(--highlight-default)"&gt;$event&amp;nbsp;&lt;/span&gt;&lt;span style="color: var(--highlight-keyword)"&gt;=&amp;nbsp;new&amp;nbsp;&lt;/span&gt;&lt;span style="color: var(--highlight-default)"&gt;ViewEvent&lt;/span&gt;&lt;span style="color: var(--highlight-keyword)"&gt;(&lt;/span&gt;&lt;span style="color: var(--highlight-default)"&gt;$this&lt;/span&gt;&lt;span style="color: var(--highlight-keyword)"&gt;,&amp;nbsp;&lt;/span&gt;&lt;span style="color: var(--highlight-default)"&gt;$request&lt;/span&gt;&lt;span style="color: var(--highlight-keyword)"&gt;,&amp;nbsp;&lt;/span&gt;&lt;span style="color: var(--highlight-default)"&gt;$type&lt;/span&gt;&lt;span style="color: var(--highlight-keyword)"&gt;,&amp;nbsp;&lt;/span&gt;&lt;span style="color: var(--highlight-default)"&gt;$response&lt;/span&gt;&lt;span style="color: var(--highlight-keyword)"&gt;);&lt;/span&gt;&lt;/code&gt;&lt;/li&gt;
&lt;li&gt;&lt;code&gt;&lt;span style="color: var(--highlight-keyword)"&gt;&amp;nbsp;&amp;nbsp;&amp;nbsp;&amp;nbsp;&amp;nbsp;&amp;nbsp;&amp;nbsp;&amp;nbsp;&amp;nbsp;&amp;nbsp;&amp;nbsp;&amp;nbsp;&lt;/span&gt;&lt;span style="color: var(--highlight-default)"&gt;$this&lt;/span&gt;&lt;span style="color: var(--highlight-keyword)"&gt;-&amp;gt;&lt;/span&gt;&lt;span style="color: var(--highlight-default)"&gt;dispatcher&lt;/span&gt;&lt;span style="color: var(--highlight-keyword)"&gt;-&amp;gt;&lt;/span&gt;&lt;span style="color: var(--highlight-default)"&gt;dispatch&lt;/span&gt;&lt;span style="color: var(--highlight-keyword)"&gt;(&lt;/span&gt;&lt;span style="color: var(--highlight-default)"&gt;$event&lt;/span&gt;&lt;span style="color: var(--highlight-keyword)"&gt;,&amp;nbsp;&lt;/span&gt;&lt;span style="color: var(--highlight-default)"&gt;KernelEvents&lt;/span&gt;&lt;span style="color: var(--highlight-keyword)"&gt;::&lt;/span&gt;&lt;span style="color: var(--highlight-default)"&gt;VIEW&lt;/span&gt;&lt;span style="color: var(--highlight-keyword)"&gt;);&lt;/span&gt;&lt;/code&gt;&lt;/li&gt;&lt;/ol&gt;    &lt;/div&gt;            &lt;/div&gt;
                        &lt;div class="trace-line "&gt;
                &lt;div class="trace-line-header break-long-words sf-toggle" data-toggle-selector="#trace-html-2-10" data-toggle-initial=""&gt;
            &lt;span class="icon icon-close"&gt;&lt;svg width="1792" height="1792" viewBox="0 0 1792 1792" xmlns="http://www.w3.org/2000/svg"&gt;&lt;path d="M1408 960V832q0-26-19-45t-45-19H448q-26 0-45 19t-19 45v128q0 26 19 45t45 19h896q26 0 45-19t19-45zm256-544v960q0 119-84.5 203.5T1376 1664H416q-119 0-203.5-84.5T128 1376V416q0-119 84.5-203.5T416 128h960q119 0 203.5 84.5T1664 416z"/&gt;&lt;/svg&gt;&lt;/span&gt;
        &lt;span class="icon icon-open"&gt;&lt;svg width="1792" height="1792" viewBox="0 0 1792 1792" xmlns="http://www.w3.org/2000/svg"&gt;&lt;path d="M1408 960V832q0-26-19-45t-45-19h-320V448q0-26-19-45t-45-19H832q-26 0-45 19t-19 45v320H448q-26 0-45 19t-19 45v128q0 26 19 45t45 19h320v320q0 26 19 45t45 19h128q26 0 45-19t19-45v-320h320q26 0 45-19t19-45zm256-544v960q0 119-84.5 203.5T1376 1664H416q-119 0-203.5-84.5T128 1376V416q0-119 84.5-203.5T416 128h960q119 0 203.5 84.5T1664 416z"/&gt;&lt;/svg&gt;&lt;/span&gt;
    
            &lt;span class="trace-class"&gt;&lt;abbr title="Symfony\Component\HttpKernel\HttpKernel"&gt;HttpKernel&lt;/abbr&gt;&lt;/span&gt;&lt;span class="trace-type"&gt;-&gt;&lt;/span&gt;&lt;span class="trace-method"&gt;handleRaw&lt;/span&gt;&lt;span class="trace-arguments"&gt;()&lt;/span&gt;    
                    &lt;span class="block trace-file-path"&gt;
            in
            &lt;a href=""&gt;
                C:\Users\eman\Documents\GitHub\car_dealer\vendor\symfony\http-kernel\&lt;strong&gt;HttpKernel.php&lt;/strong&gt;
            &lt;/a&gt;
                        (line 74)
            &lt;span class="icon icon-copy hidden" data-clipboard-text="C:\Users\eman\Documents\GitHub\car_dealer\vendor\symfony\http-kernel\HttpKernel.php:74"&gt;
                &lt;svg xmlns="http://www.w3.org/2000/svg" height="24" viewBox="0 0 24 24" width="24"&gt;&lt;path d="M0 0h24v24H0z" fill="none"/&gt;&lt;path d="M16 1H4c-1.1 0-2 .9-2 2v14h2V3h12V1zm3 4H8c-1.1 0-2 .9-2 2v14c0 1.1.9 2 2 2h11c1.1 0 2-.9 2-2V7c0-1.1-.9-2-2-2zm0 16H8V7h11v14z"/&gt;&lt;/svg&gt;            &lt;/span&gt;
        &lt;/span&gt;
    &lt;/div&gt;
    &lt;div id="trace-html-2-10" class="trace-code sf-toggle-content"&gt;
        &lt;ol start="69"&gt;&lt;li&gt;&lt;code&gt;&lt;span style="color: var(--highlight-comment)"&gt;&amp;nbsp;&amp;nbsp;&amp;nbsp;&amp;nbsp;&lt;/span&gt;&lt;span style="color: var(--highlight-keyword)"&gt;public&amp;nbsp;function&amp;nbsp;&lt;/span&gt;&lt;span style="color: var(--highlight-default)"&gt;handle&lt;/span&gt;&lt;span style="color: var(--highlight-keyword)"&gt;(&lt;/span&gt;&lt;span style="color: var(--highlight-default)"&gt;Request&amp;nbsp;$request&lt;/span&gt;&lt;span style="color: var(--highlight-keyword)"&gt;,&amp;nbsp;&lt;/span&gt;&lt;span style="color: var(--highlight-default)"&gt;int&amp;nbsp;$type&amp;nbsp;&lt;/span&gt;&lt;span style="color: var(--highlight-keyword)"&gt;=&amp;nbsp;&lt;/span&gt;&lt;span style="color: var(--highlight-default)"&gt;HttpKernelInterface&lt;/span&gt;&lt;span style="color: var(--highlight-keyword)"&gt;::&lt;/span&gt;&lt;span style="color: var(--highlight-default)"&gt;MAIN_REQUEST&lt;/span&gt;&lt;span style="color: var(--highlight-keyword)"&gt;,&amp;nbsp;&lt;/span&gt;&lt;span style="color: var(--highlight-default)"&gt;bool&amp;nbsp;$catch&amp;nbsp;&lt;/span&gt;&lt;span style="color: var(--highlight-keyword)"&gt;=&amp;nbsp;&lt;/span&gt;&lt;span style="color: var(--highlight-default)"&gt;true&lt;/span&gt;&lt;span style="color: var(--highlight-keyword)"&gt;):&amp;nbsp;&lt;/span&gt;&lt;span style="color: var(--highlight-default)"&gt;Response&lt;/span&gt;&lt;/code&gt;&lt;/li&gt;
&lt;li&gt;&lt;code&gt;&lt;span style="color: var(--highlight-default)"&gt;&amp;nbsp;&amp;nbsp;&amp;nbsp;&amp;nbsp;&lt;/span&gt;&lt;span style="color: var(--highlight-keyword)"&gt;{&lt;/span&gt;&lt;/code&gt;&lt;/li&gt;
&lt;li&gt;&lt;code&gt;&lt;span style="color: var(--highlight-keyword)"&gt;&amp;nbsp;&amp;nbsp;&amp;nbsp;&amp;nbsp;&amp;nbsp;&amp;nbsp;&amp;nbsp;&amp;nbsp;&lt;/span&gt;&lt;span style="color: var(--highlight-default)"&gt;$request&lt;/span&gt;&lt;span style="color: var(--highlight-keyword)"&gt;-&amp;gt;&lt;/span&gt;&lt;span style="color: var(--highlight-default)"&gt;headers&lt;/span&gt;&lt;span style="color: var(--highlight-keyword)"&gt;-&amp;gt;&lt;/span&gt;&lt;span style="color: var(--highlight-default)"&gt;set&lt;/span&gt;&lt;span style="color: var(--highlight-keyword)"&gt;(&lt;/span&gt;&lt;span style="color: var(--highlight-string)"&gt;'X-Php-Ob-Level'&lt;/span&gt;&lt;span style="color: var(--highlight-keyword)"&gt;,&amp;nbsp;(string)&amp;nbsp;&lt;/span&gt;&lt;span style="color: var(--highlight-default)"&gt;ob_get_level&lt;/span&gt;&lt;span style="color: var(--highlight-keyword)"&gt;());&lt;/span&gt;&lt;/code&gt;&lt;/li&gt;
&lt;li&gt;&lt;code&gt;&lt;span style="color: var(--highlight-keyword)"&gt;&lt;/span&gt;&lt;/code&gt;&lt;/li&gt;
&lt;li&gt;&lt;code&gt;&lt;span style="color: var(--highlight-keyword)"&gt;&amp;nbsp;&amp;nbsp;&amp;nbsp;&amp;nbsp;&amp;nbsp;&amp;nbsp;&amp;nbsp;&amp;nbsp;try&amp;nbsp;{&lt;/span&gt;&lt;/code&gt;&lt;/li&gt;
&lt;li class="selected"&gt;&lt;code&gt;&lt;span style="color: var(--highlight-keyword)"&gt;&amp;nbsp;&amp;nbsp;&amp;nbsp;&amp;nbsp;&amp;nbsp;&amp;nbsp;&amp;nbsp;&amp;nbsp;&amp;nbsp;&amp;nbsp;&amp;nbsp;&amp;nbsp;return&amp;nbsp;&lt;/span&gt;&lt;span style="color: var(--highlight-default)"&gt;$this&lt;/span&gt;&lt;span style="color: var(--highlight-keyword)"&gt;-&amp;gt;&lt;/span&gt;&lt;span style="color: var(--highlight-default)"&gt;handleRaw&lt;/span&gt;&lt;span style="color: var(--highlight-keyword)"&gt;(&lt;/span&gt;&lt;span style="color: var(--highlight-default)"&gt;$request&lt;/span&gt;&lt;span style="color: var(--highlight-keyword)"&gt;,&amp;nbsp;&lt;/span&gt;&lt;span style="color: var(--highlight-default)"&gt;$type&lt;/span&gt;&lt;span style="color: var(--highlight-keyword)"&gt;);&lt;/span&gt;&lt;/code&gt;&lt;/li&gt;
&lt;li&gt;&lt;code&gt;&lt;span style="color: var(--highlight-keyword)"&gt;&amp;nbsp;&amp;nbsp;&amp;nbsp;&amp;nbsp;&amp;nbsp;&amp;nbsp;&amp;nbsp;&amp;nbsp;}&amp;nbsp;catch&amp;nbsp;(&lt;/span&gt;&lt;span style="color: var(--highlight-default)"&gt;\Exception&amp;nbsp;$e&lt;/span&gt;&lt;span style="color: var(--highlight-keyword)"&gt;)&amp;nbsp;{&lt;/span&gt;&lt;/code&gt;&lt;/li&gt;
&lt;li&gt;&lt;code&gt;&lt;span style="color: var(--highlight-keyword)"&gt;&amp;nbsp;&amp;nbsp;&amp;nbsp;&amp;nbsp;&amp;nbsp;&amp;nbsp;&amp;nbsp;&amp;nbsp;&amp;nbsp;&amp;nbsp;&amp;nbsp;&amp;nbsp;if&amp;nbsp;(&lt;/span&gt;&lt;span style="color: var(--highlight-default)"&gt;$e&amp;nbsp;&lt;/span&gt;&lt;span style="color: var(--highlight-keyword)"&gt;instanceof&amp;nbsp;&lt;/span&gt;&lt;span style="color: var(--highlight-default)"&gt;RequestExceptionInterface&lt;/span&gt;&lt;span style="color: var(--highlight-keyword)"&gt;)&amp;nbsp;{&lt;/span&gt;&lt;/code&gt;&lt;/li&gt;
&lt;li&gt;&lt;code&gt;&lt;span style="color: var(--highlight-keyword)"&gt;&amp;nbsp;&amp;nbsp;&amp;nbsp;&amp;nbsp;&amp;nbsp;&amp;nbsp;&amp;nbsp;&amp;nbsp;&amp;nbsp;&amp;nbsp;&amp;nbsp;&amp;nbsp;&amp;nbsp;&amp;nbsp;&amp;nbsp;&amp;nbsp;&lt;/span&gt;&lt;span style="color: var(--highlight-default)"&gt;$e&amp;nbsp;&lt;/span&gt;&lt;span style="color: var(--highlight-keyword)"&gt;=&amp;nbsp;new&amp;nbsp;&lt;/span&gt;&lt;span style="color: var(--highlight-default)"&gt;BadRequestHttpException&lt;/span&gt;&lt;span style="color: var(--highlight-keyword)"&gt;(&lt;/span&gt;&lt;span style="color: var(--highlight-default)"&gt;$e&lt;/span&gt;&lt;span style="color: var(--highlight-keyword)"&gt;-&amp;gt;&lt;/span&gt;&lt;span style="color: var(--highlight-default)"&gt;getMessage&lt;/span&gt;&lt;span style="color: var(--highlight-keyword)"&gt;(),&amp;nbsp;&lt;/span&gt;&lt;span style="color: var(--highlight-default)"&gt;$e&lt;/span&gt;&lt;span style="color: var(--highlight-keyword)"&gt;);&lt;/span&gt;&lt;/code&gt;&lt;/li&gt;
&lt;li&gt;&lt;code&gt;&lt;span style="color: var(--highlight-keyword)"&gt;&amp;nbsp;&amp;nbsp;&amp;nbsp;&amp;nbsp;&amp;nbsp;&amp;nbsp;&amp;nbsp;&amp;nbsp;&amp;nbsp;&amp;nbsp;&amp;nbsp;&amp;nbsp;}&lt;/span&gt;&lt;/code&gt;&lt;/li&gt;
&lt;li&gt;&lt;code&gt;&lt;span style="color: var(--highlight-keyword)"&gt;&amp;nbsp;&amp;nbsp;&amp;nbsp;&amp;nbsp;&amp;nbsp;&amp;nbsp;&amp;nbsp;&amp;nbsp;&amp;nbsp;&amp;nbsp;&amp;nbsp;&amp;nbsp;if&amp;nbsp;(&lt;/span&gt;&lt;span style="color: var(--highlight-default)"&gt;false&amp;nbsp;&lt;/span&gt;&lt;span style="color: var(--highlight-keyword)"&gt;===&amp;nbsp;&lt;/span&gt;&lt;span style="color: var(--highlight-default)"&gt;$catch&lt;/span&gt;&lt;span style="color: var(--highlight-keyword)"&gt;)&amp;nbsp;{&lt;/span&gt;&lt;/code&gt;&lt;/li&gt;&lt;/ol&gt;    &lt;/div&gt;            &lt;/div&gt;
                        &lt;div class="trace-line "&gt;
                &lt;div class="trace-line-header break-long-words sf-toggle" data-toggle-selector="#trace-html-2-11" data-toggle-initial=""&gt;
            &lt;span class="icon icon-close"&gt;&lt;svg width="1792" height="1792" viewBox="0 0 1792 1792" xmlns="http://www.w3.org/2000/svg"&gt;&lt;path d="M1408 960V832q0-26-19-45t-45-19H448q-26 0-45 19t-19 45v128q0 26 19 45t45 19h896q26 0 45-19t19-45zm256-544v960q0 119-84.5 203.5T1376 1664H416q-119 0-203.5-84.5T128 1376V416q0-119 84.5-203.5T416 128h960q119 0 203.5 84.5T1664 416z"/&gt;&lt;/svg&gt;&lt;/span&gt;
        &lt;span class="icon icon-open"&gt;&lt;svg width="1792" height="1792" viewBox="0 0 1792 1792" xmlns="http://www.w3.org/2000/svg"&gt;&lt;path d="M1408 960V832q0-26-19-45t-45-19h-320V448q0-26-19-45t-45-19H832q-26 0-45 19t-19 45v320H448q-26 0-45 19t-19 45v128q0 26 19 45t45 19h320v320q0 26 19 45t45 19h128q26 0 45-19t19-45v-320h320q26 0 45-19t19-45zm256-544v960q0 119-84.5 203.5T1376 1664H416q-119 0-203.5-84.5T128 1376V416q0-119 84.5-203.5T416 128h960q119 0 203.5 84.5T1664 416z"/&gt;&lt;/svg&gt;&lt;/span&gt;
    
            &lt;span class="trace-class"&gt;&lt;abbr title="Symfony\Component\HttpKernel\HttpKernel"&gt;HttpKernel&lt;/abbr&gt;&lt;/span&gt;&lt;span class="trace-type"&gt;-&gt;&lt;/span&gt;&lt;span class="trace-method"&gt;handle&lt;/span&gt;&lt;span class="trace-arguments"&gt;()&lt;/span&gt;    
                    &lt;span class="block trace-file-path"&gt;
            in
            &lt;a href=""&gt;
                C:\Users\eman\Documents\GitHub\car_dealer\vendor\symfony\http-kernel\&lt;strong&gt;Kernel.php&lt;/strong&gt;
            &lt;/a&gt;
                        (line 202)
            &lt;span class="icon icon-copy hidden" data-clipboard-text="C:\Users\eman\Documents\GitHub\car_dealer\vendor\symfony\http-kernel\Kernel.php:202"&gt;
                &lt;svg xmlns="http://www.w3.org/2000/svg" height="24" viewBox="0 0 24 24" width="24"&gt;&lt;path d="M0 0h24v24H0z" fill="none"/&gt;&lt;path d="M16 1H4c-1.1 0-2 .9-2 2v14h2V3h12V1zm3 4H8c-1.1 0-2 .9-2 2v14c0 1.1.9 2 2 2h11c1.1 0 2-.9 2-2V7c0-1.1-.9-2-2-2zm0 16H8V7h11v14z"/&gt;&lt;/svg&gt;            &lt;/span&gt;
        &lt;/span&gt;
    &lt;/div&gt;
    &lt;div id="trace-html-2-11" class="trace-code sf-toggle-content"&gt;
        &lt;ol start="197"&gt;&lt;li&gt;&lt;code&gt;&lt;span style="color: var(--highlight-keyword)"&gt;&amp;nbsp;&amp;nbsp;&amp;nbsp;&amp;nbsp;&amp;nbsp;&amp;nbsp;&amp;nbsp;&amp;nbsp;&lt;/span&gt;&lt;span style="color: var(--highlight-default)"&gt;$this&lt;/span&gt;&lt;span style="color: var(--highlight-keyword)"&gt;-&amp;gt;&lt;/span&gt;&lt;span style="color: var(--highlight-default)"&gt;boot&lt;/span&gt;&lt;span style="color: var(--highlight-keyword)"&gt;();&lt;/span&gt;&lt;/code&gt;&lt;/li&gt;
&lt;li&gt;&lt;code&gt;&lt;span style="color: var(--highlight-keyword)"&gt;&amp;nbsp;&amp;nbsp;&amp;nbsp;&amp;nbsp;&amp;nbsp;&amp;nbsp;&amp;nbsp;&amp;nbsp;++&lt;/span&gt;&lt;span style="color: var(--highlight-default)"&gt;$this&lt;/span&gt;&lt;span style="color: var(--highlight-keyword)"&gt;-&amp;gt;&lt;/span&gt;&lt;span style="color: var(--highlight-default)"&gt;requestStackSize&lt;/span&gt;&lt;span style="color: var(--highlight-keyword)"&gt;;&lt;/span&gt;&lt;/code&gt;&lt;/li&gt;
&lt;li&gt;&lt;code&gt;&lt;span style="color: var(--highlight-keyword)"&gt;&amp;nbsp;&amp;nbsp;&amp;nbsp;&amp;nbsp;&amp;nbsp;&amp;nbsp;&amp;nbsp;&amp;nbsp;&lt;/span&gt;&lt;span style="color: var(--highlight-default)"&gt;$this&lt;/span&gt;&lt;span style="color: var(--highlight-keyword)"&gt;-&amp;gt;&lt;/span&gt;&lt;span style="color: var(--highlight-default)"&gt;resetServices&amp;nbsp;&lt;/span&gt;&lt;span style="color: var(--highlight-keyword)"&gt;=&amp;nbsp;&lt;/span&gt;&lt;span style="color: var(--highlight-default)"&gt;true&lt;/span&gt;&lt;span style="color: var(--highlight-keyword)"&gt;;&lt;/span&gt;&lt;/code&gt;&lt;/li&gt;
&lt;li&gt;&lt;code&gt;&lt;span style="color: var(--highlight-keyword)"&gt;&lt;/span&gt;&lt;/code&gt;&lt;/li&gt;
&lt;li&gt;&lt;code&gt;&lt;span style="color: var(--highlight-keyword)"&gt;&amp;nbsp;&amp;nbsp;&amp;nbsp;&amp;nbsp;&amp;nbsp;&amp;nbsp;&amp;nbsp;&amp;nbsp;try&amp;nbsp;{&lt;/span&gt;&lt;/code&gt;&lt;/li&gt;
&lt;li class="selected"&gt;&lt;code&gt;&lt;span style="color: var(--highlight-keyword)"&gt;&amp;nbsp;&amp;nbsp;&amp;nbsp;&amp;nbsp;&amp;nbsp;&amp;nbsp;&amp;nbsp;&amp;nbsp;&amp;nbsp;&amp;nbsp;&amp;nbsp;&amp;nbsp;return&amp;nbsp;&lt;/span&gt;&lt;span style="color: var(--highlight-default)"&gt;$this&lt;/span&gt;&lt;span style="color: var(--highlight-keyword)"&gt;-&amp;gt;&lt;/span&gt;&lt;span style="color: var(--highlight-default)"&gt;getHttpKernel&lt;/span&gt;&lt;span style="color: var(--highlight-keyword)"&gt;()-&amp;gt;&lt;/span&gt;&lt;span style="color: var(--highlight-default)"&gt;handle&lt;/span&gt;&lt;span style="color: var(--highlight-keyword)"&gt;(&lt;/span&gt;&lt;span style="color: var(--highlight-default)"&gt;$request&lt;/span&gt;&lt;span style="color: var(--highlight-keyword)"&gt;,&amp;nbsp;&lt;/span&gt;&lt;span style="color: var(--highlight-default)"&gt;$type&lt;/span&gt;&lt;span style="color: var(--highlight-keyword)"&gt;,&amp;nbsp;&lt;/span&gt;&lt;span style="color: var(--highlight-default)"&gt;$catch&lt;/span&gt;&lt;span style="color: var(--highlight-keyword)"&gt;);&lt;/span&gt;&lt;/code&gt;&lt;/li&gt;
&lt;li&gt;&lt;code&gt;&lt;span style="color: var(--highlight-keyword)"&gt;&amp;nbsp;&amp;nbsp;&amp;nbsp;&amp;nbsp;&amp;nbsp;&amp;nbsp;&amp;nbsp;&amp;nbsp;}&amp;nbsp;finally&amp;nbsp;{&lt;/span&gt;&lt;/code&gt;&lt;/li&gt;
&lt;li&gt;&lt;code&gt;&lt;span style="color: var(--highlight-keyword)"&gt;&amp;nbsp;&amp;nbsp;&amp;nbsp;&amp;nbsp;&amp;nbsp;&amp;nbsp;&amp;nbsp;&amp;nbsp;&amp;nbsp;&amp;nbsp;&amp;nbsp;&amp;nbsp;--&lt;/span&gt;&lt;span style="color: var(--highlight-default)"&gt;$this&lt;/span&gt;&lt;span style="color: var(--highlight-keyword)"&gt;-&amp;gt;&lt;/span&gt;&lt;span style="color: var(--highlight-default)"&gt;requestStackSize&lt;/span&gt;&lt;span style="color: var(--highlight-keyword)"&gt;;&lt;/span&gt;&lt;/code&gt;&lt;/li&gt;
&lt;li&gt;&lt;code&gt;&lt;span style="color: var(--highlight-keyword)"&gt;&amp;nbsp;&amp;nbsp;&amp;nbsp;&amp;nbsp;&amp;nbsp;&amp;nbsp;&amp;nbsp;&amp;nbsp;}&lt;/span&gt;&lt;/code&gt;&lt;/li&gt;
&lt;li&gt;&lt;code&gt;&lt;span style="color: var(--highlight-keyword)"&gt;&amp;nbsp;&amp;nbsp;&amp;nbsp;&amp;nbsp;}&lt;/span&gt;&lt;/code&gt;&lt;/li&gt;
&lt;li&gt;&lt;code&gt;&lt;span style="color: var(--highlight-keyword)"&gt;&lt;/span&gt;&lt;/code&gt;&lt;/li&gt;&lt;/ol&gt;    &lt;/div&gt;            &lt;/div&gt;
                        &lt;div class="trace-line "&gt;
                &lt;div class="trace-line-header break-long-words sf-toggle" data-toggle-selector="#trace-html-2-12" data-toggle-initial=""&gt;
            &lt;span class="icon icon-close"&gt;&lt;svg width="1792" height="1792" viewBox="0 0 1792 1792" xmlns="http://www.w3.org/2000/svg"&gt;&lt;path d="M1408 960V832q0-26-19-45t-45-19H448q-26 0-45 19t-19 45v128q0 26 19 45t45 19h896q26 0 45-19t19-45zm256-544v960q0 119-84.5 203.5T1376 1664H416q-119 0-203.5-84.5T128 1376V416q0-119 84.5-203.5T416 128h960q119 0 203.5 84.5T1664 416z"/&gt;&lt;/svg&gt;&lt;/span&gt;
        &lt;span class="icon icon-open"&gt;&lt;svg width="1792" height="1792" viewBox="0 0 1792 1792" xmlns="http://www.w3.org/2000/svg"&gt;&lt;path d="M1408 960V832q0-26-19-45t-45-19h-320V448q0-26-19-45t-45-19H832q-26 0-45 19t-19 45v320H448q-26 0-45 19t-19 45v128q0 26 19 45t45 19h320v320q0 26 19 45t45 19h128q26 0 45-19t19-45v-320h320q26 0 45-19t19-45zm256-544v960q0 119-84.5 203.5T1376 1664H416q-119 0-203.5-84.5T128 1376V416q0-119 84.5-203.5T416 128h960q119 0 203.5 84.5T1664 416z"/&gt;&lt;/svg&gt;&lt;/span&gt;
    
            &lt;span class="trace-class"&gt;&lt;abbr title="Symfony\Component\HttpKernel\Kernel"&gt;Kernel&lt;/abbr&gt;&lt;/span&gt;&lt;span class="trace-type"&gt;-&gt;&lt;/span&gt;&lt;span class="trace-method"&gt;handle&lt;/span&gt;&lt;span class="trace-arguments"&gt;()&lt;/span&gt;    
                    &lt;span class="block trace-file-path"&gt;
            in
            &lt;a href=""&gt;
                C:\Users\eman\Documents\GitHub\car_dealer\vendor\symfony\http-kernel\&lt;strong&gt;HttpKernelBrowser.php&lt;/strong&gt;
            &lt;/a&gt;
                        (line 65)
            &lt;span class="icon icon-copy hidden" data-clipboard-text="C:\Users\eman\Documents\GitHub\car_dealer\vendor\symfony\http-kernel\HttpKernelBrowser.php:65"&gt;
                &lt;svg xmlns="http://www.w3.org/2000/svg" height="24" viewBox="0 0 24 24" width="24"&gt;&lt;path d="M0 0h24v24H0z" fill="none"/&gt;&lt;path d="M16 1H4c-1.1 0-2 .9-2 2v14h2V3h12V1zm3 4H8c-1.1 0-2 .9-2 2v14c0 1.1.9 2 2 2h11c1.1 0 2-.9 2-2V7c0-1.1-.9-2-2-2zm0 16H8V7h11v14z"/&gt;&lt;/svg&gt;            &lt;/span&gt;
        &lt;/span&gt;
    &lt;/div&gt;
    &lt;div id="trace-html-2-12" class="trace-code sf-toggle-content"&gt;
        &lt;ol start="60"&gt;&lt;li&gt;&lt;code&gt;&lt;span style="color: var(--highlight-comment)"&gt;&amp;nbsp;&amp;nbsp;&amp;nbsp;&amp;nbsp;&amp;nbsp;*&lt;/span&gt;&lt;/code&gt;&lt;/li&gt;
&lt;li&gt;&lt;code&gt;&lt;span style="color: var(--highlight-comment)"&gt;&amp;nbsp;&amp;nbsp;&amp;nbsp;&amp;nbsp;&amp;nbsp;*&amp;nbsp;@return&amp;nbsp;Response&lt;/span&gt;&lt;/code&gt;&lt;/li&gt;
&lt;li&gt;&lt;code&gt;&lt;span style="color: var(--highlight-comment)"&gt;&amp;nbsp;&amp;nbsp;&amp;nbsp;&amp;nbsp;&amp;nbsp;*/&lt;/span&gt;&lt;/code&gt;&lt;/li&gt;
&lt;li&gt;&lt;code&gt;&lt;span style="color: var(--highlight-comment)"&gt;&amp;nbsp;&amp;nbsp;&amp;nbsp;&amp;nbsp;&lt;/span&gt;&lt;span style="color: var(--highlight-keyword)"&gt;protected&amp;nbsp;function&amp;nbsp;&lt;/span&gt;&lt;span style="color: var(--highlight-default)"&gt;doRequest&lt;/span&gt;&lt;span style="color: var(--highlight-keyword)"&gt;(&lt;/span&gt;&lt;span style="color: var(--highlight-default)"&gt;object&amp;nbsp;$request&lt;/span&gt;&lt;span style="color: var(--highlight-keyword)"&gt;)&lt;/span&gt;&lt;/code&gt;&lt;/li&gt;
&lt;li&gt;&lt;code&gt;&lt;span style="color: var(--highlight-keyword)"&gt;&amp;nbsp;&amp;nbsp;&amp;nbsp;&amp;nbsp;{&lt;/span&gt;&lt;/code&gt;&lt;/li&gt;
&lt;li class="selected"&gt;&lt;code&gt;&lt;span style="color: var(--highlight-keyword)"&gt;&amp;nbsp;&amp;nbsp;&amp;nbsp;&amp;nbsp;&amp;nbsp;&amp;nbsp;&amp;nbsp;&amp;nbsp;&lt;/span&gt;&lt;span style="color: var(--highlight-default)"&gt;$response&amp;nbsp;&lt;/span&gt;&lt;span style="color: var(--highlight-keyword)"&gt;=&amp;nbsp;&lt;/span&gt;&lt;span style="color: var(--highlight-default)"&gt;$this&lt;/span&gt;&lt;span style="color: var(--highlight-keyword)"&gt;-&amp;gt;&lt;/span&gt;&lt;span style="color: var(--highlight-default)"&gt;kernel&lt;/span&gt;&lt;span style="color: var(--highlight-keyword)"&gt;-&amp;gt;&lt;/span&gt;&lt;span style="color: var(--highlight-default)"&gt;handle&lt;/span&gt;&lt;span style="color: var(--highlight-keyword)"&gt;(&lt;/span&gt;&lt;span style="color: var(--highlight-default)"&gt;$request&lt;/span&gt;&lt;span style="color: var(--highlight-keyword)"&gt;,&amp;nbsp;&lt;/span&gt;&lt;span style="color: var(--highlight-default)"&gt;HttpKernelInterface&lt;/span&gt;&lt;span style="color: var(--highlight-keyword)"&gt;::&lt;/span&gt;&lt;span style="color: var(--highlight-default)"&gt;MAIN_REQUEST&lt;/span&gt;&lt;span style="color: var(--highlight-keyword)"&gt;,&amp;nbsp;&lt;/span&gt;&lt;span style="color: var(--highlight-default)"&gt;$this&lt;/span&gt;&lt;span style="color: var(--highlight-keyword)"&gt;-&amp;gt;&lt;/span&gt;&lt;span style="color: var(--highlight-default)"&gt;catchExceptions&lt;/span&gt;&lt;span style="color: var(--highlight-keyword)"&gt;);&lt;/span&gt;&lt;/code&gt;&lt;/li&gt;
&lt;li&gt;&lt;code&gt;&lt;span style="color: var(--highlight-keyword)"&gt;&lt;/span&gt;&lt;/code&gt;&lt;/li&gt;
&lt;li&gt;&lt;code&gt;&lt;span style="color: var(--highlight-keyword)"&gt;&amp;nbsp;&amp;nbsp;&amp;nbsp;&amp;nbsp;&amp;nbsp;&amp;nbsp;&amp;nbsp;&amp;nbsp;if&amp;nbsp;(&lt;/span&gt;&lt;span style="color: var(--highlight-default)"&gt;$this&lt;/span&gt;&lt;span style="color: var(--highlight-keyword)"&gt;-&amp;gt;&lt;/span&gt;&lt;span style="color: var(--highlight-default)"&gt;kernel&amp;nbsp;&lt;/span&gt;&lt;span style="color: var(--highlight-keyword)"&gt;instanceof&amp;nbsp;&lt;/span&gt;&lt;span style="color: var(--highlight-default)"&gt;TerminableInterface&lt;/span&gt;&lt;span style="color: var(--highlight-keyword)"&gt;)&amp;nbsp;{&lt;/span&gt;&lt;/code&gt;&lt;/li&gt;
&lt;li&gt;&lt;code&gt;&lt;span style="color: var(--highlight-keyword)"&gt;&amp;nbsp;&amp;nbsp;&amp;nbsp;&amp;nbsp;&amp;nbsp;&amp;nbsp;&amp;nbsp;&amp;nbsp;&amp;nbsp;&amp;nbsp;&amp;nbsp;&amp;nbsp;&lt;/span&gt;&lt;span style="color: var(--highlight-default)"&gt;$this&lt;/span&gt;&lt;span style="color: var(--highlight-keyword)"&gt;-&amp;gt;&lt;/span&gt;&lt;span style="color: var(--highlight-default)"&gt;kernel&lt;/span&gt;&lt;span style="color: var(--highlight-keyword)"&gt;-&amp;gt;&lt;/span&gt;&lt;span style="color: var(--highlight-default)"&gt;terminate&lt;/span&gt;&lt;span style="color: var(--highlight-keyword)"&gt;(&lt;/span&gt;&lt;span style="color: var(--highlight-default)"&gt;$request&lt;/span&gt;&lt;span style="color: var(--highlight-keyword)"&gt;,&amp;nbsp;&lt;/span&gt;&lt;span style="color: var(--highlight-default)"&gt;$response&lt;/span&gt;&lt;span style="color: var(--highlight-keyword)"&gt;);&lt;/span&gt;&lt;/code&gt;&lt;/li&gt;
&lt;li&gt;&lt;code&gt;&lt;span style="color: var(--highlight-keyword)"&gt;&amp;nbsp;&amp;nbsp;&amp;nbsp;&amp;nbsp;&amp;nbsp;&amp;nbsp;&amp;nbsp;&amp;nbsp;}&lt;/span&gt;&lt;/code&gt;&lt;/li&gt;
&lt;li&gt;&lt;code&gt;&lt;span style="color: var(--highlight-keyword)"&gt;&lt;/span&gt;&lt;/code&gt;&lt;/li&gt;&lt;/ol&gt;    &lt;/div&gt;            &lt;/div&gt;
                        &lt;div class="trace-line "&gt;
                &lt;div class="trace-line-header break-long-words sf-toggle" data-toggle-selector="#trace-html-2-13" data-toggle-initial=""&gt;
            &lt;span class="icon icon-close"&gt;&lt;svg width="1792" height="1792" viewBox="0 0 1792 1792" xmlns="http://www.w3.org/2000/svg"&gt;&lt;path d="M1408 960V832q0-26-19-45t-45-19H448q-26 0-45 19t-19 45v128q0 26 19 45t45 19h896q26 0 45-19t19-45zm256-544v960q0 119-84.5 203.5T1376 1664H416q-119 0-203.5-84.5T128 1376V416q0-119 84.5-203.5T416 128h960q119 0 203.5 84.5T1664 416z"/&gt;&lt;/svg&gt;&lt;/span&gt;
        &lt;span class="icon icon-open"&gt;&lt;svg width="1792" height="1792" viewBox="0 0 1792 1792" xmlns="http://www.w3.org/2000/svg"&gt;&lt;path d="M1408 960V832q0-26-19-45t-45-19h-320V448q0-26-19-45t-45-19H832q-26 0-45 19t-19 45v320H448q-26 0-45 19t-19 45v128q0 26 19 45t45 19h320v320q0 26 19 45t45 19h128q26 0 45-19t19-45v-320h320q26 0 45-19t19-45zm256-544v960q0 119-84.5 203.5T1376 1664H416q-119 0-203.5-84.5T128 1376V416q0-119 84.5-203.5T416 128h960q119 0 203.5 84.5T1664 416z"/&gt;&lt;/svg&gt;&lt;/span&gt;
    
            &lt;span class="trace-class"&gt;&lt;abbr title="Symfony\Component\HttpKernel\HttpKernelBrowser"&gt;HttpKernelBrowser&lt;/abbr&gt;&lt;/span&gt;&lt;span class="trace-type"&gt;-&gt;&lt;/span&gt;&lt;span class="trace-method"&gt;doRequest&lt;/span&gt;&lt;span class="trace-arguments"&gt;()&lt;/span&gt;    
                    &lt;span class="block trace-file-path"&gt;
            in
            &lt;a href=""&gt;
                C:\Users\eman\Documents\GitHub\car_dealer\vendor\symfony\framework-bundle\&lt;strong&gt;KernelBrowser.php&lt;/strong&gt;
            &lt;/a&gt;
                        (line 171)
            &lt;span class="icon icon-copy hidden" data-clipboard-text="C:\Users\eman\Documents\GitHub\car_dealer\vendor\symfony\framework-bundle\KernelBrowser.php:171"&gt;
                &lt;svg xmlns="http://www.w3.org/2000/svg" height="24" viewBox="0 0 24 24" width="24"&gt;&lt;path d="M0 0h24v24H0z" fill="none"/&gt;&lt;path d="M16 1H4c-1.1 0-2 .9-2 2v14h2V3h12V1zm3 4H8c-1.1 0-2 .9-2 2v14c0 1.1.9 2 2 2h11c1.1 0 2-.9 2-2V7c0-1.1-.9-2-2-2zm0 16H8V7h11v14z"/&gt;&lt;/svg&gt;            &lt;/span&gt;
        &lt;/span&gt;
    &lt;/div&gt;
    &lt;div id="trace-html-2-13" class="trace-code sf-toggle-content"&gt;
        &lt;ol start="166"&gt;&lt;li&gt;&lt;code&gt;&lt;span style="color: var(--highlight-keyword)"&gt;&lt;/span&gt;&lt;/code&gt;&lt;/li&gt;
&lt;li&gt;&lt;code&gt;&lt;span style="color: var(--highlight-keyword)"&gt;&amp;nbsp;&amp;nbsp;&amp;nbsp;&amp;nbsp;&amp;nbsp;&amp;nbsp;&amp;nbsp;&amp;nbsp;&amp;nbsp;&amp;nbsp;&amp;nbsp;&amp;nbsp;&lt;/span&gt;&lt;span style="color: var(--highlight-default)"&gt;$this&lt;/span&gt;&lt;span style="color: var(--highlight-keyword)"&gt;-&amp;gt;&lt;/span&gt;&lt;span style="color: var(--highlight-default)"&gt;kernel&lt;/span&gt;&lt;span style="color: var(--highlight-keyword)"&gt;-&amp;gt;&lt;/span&gt;&lt;span style="color: var(--highlight-default)"&gt;boot&lt;/span&gt;&lt;span style="color: var(--highlight-keyword)"&gt;();&lt;/span&gt;&lt;/code&gt;&lt;/li&gt;
&lt;li&gt;&lt;code&gt;&lt;span style="color: var(--highlight-keyword)"&gt;&amp;nbsp;&amp;nbsp;&amp;nbsp;&amp;nbsp;&amp;nbsp;&amp;nbsp;&amp;nbsp;&amp;nbsp;&amp;nbsp;&amp;nbsp;&amp;nbsp;&amp;nbsp;&lt;/span&gt;&lt;span style="color: var(--highlight-default)"&gt;$this&lt;/span&gt;&lt;span style="color: var(--highlight-keyword)"&gt;-&amp;gt;&lt;/span&gt;&lt;span style="color: var(--highlight-default)"&gt;getContainer&lt;/span&gt;&lt;span style="color: var(--highlight-keyword)"&gt;()-&amp;gt;&lt;/span&gt;&lt;span style="color: var(--highlight-default)"&gt;get&lt;/span&gt;&lt;span style="color: var(--highlight-keyword)"&gt;(&lt;/span&gt;&lt;span style="color: var(--highlight-string)"&gt;'profiler'&lt;/span&gt;&lt;span style="color: var(--highlight-keyword)"&gt;)-&amp;gt;&lt;/span&gt;&lt;span style="color: var(--highlight-default)"&gt;enable&lt;/span&gt;&lt;span style="color: var(--highlight-keyword)"&gt;();&lt;/span&gt;&lt;/code&gt;&lt;/li&gt;
&lt;li&gt;&lt;code&gt;&lt;span style="color: var(--highlight-keyword)"&gt;&amp;nbsp;&amp;nbsp;&amp;nbsp;&amp;nbsp;&amp;nbsp;&amp;nbsp;&amp;nbsp;&amp;nbsp;}&lt;/span&gt;&lt;/code&gt;&lt;/li&gt;
&lt;li&gt;&lt;code&gt;&lt;span style="color: var(--highlight-keyword)"&gt;&lt;/span&gt;&lt;/code&gt;&lt;/li&gt;
&lt;li class="selected"&gt;&lt;code&gt;&lt;span style="color: var(--highlight-keyword)"&gt;&amp;nbsp;&amp;nbsp;&amp;nbsp;&amp;nbsp;&amp;nbsp;&amp;nbsp;&amp;nbsp;&amp;nbsp;return&amp;nbsp;&lt;/span&gt;&lt;span style="color: var(--highlight-default)"&gt;parent&lt;/span&gt;&lt;span style="color: var(--highlight-keyword)"&gt;::&lt;/span&gt;&lt;span style="color: var(--highlight-default)"&gt;doRequest&lt;/span&gt;&lt;span style="color: var(--highlight-keyword)"&gt;(&lt;/span&gt;&lt;span style="color: var(--highlight-default)"&gt;$request&lt;/span&gt;&lt;span style="color: var(--highlight-keyword)"&gt;);&lt;/span&gt;&lt;/code&gt;&lt;/li&gt;
&lt;li&gt;&lt;code&gt;&lt;span style="color: var(--highlight-keyword)"&gt;&amp;nbsp;&amp;nbsp;&amp;nbsp;&amp;nbsp;}&lt;/span&gt;&lt;/code&gt;&lt;/li&gt;
&lt;li&gt;&lt;code&gt;&lt;span style="color: var(--highlight-keyword)"&gt;&lt;/span&gt;&lt;/code&gt;&lt;/li&gt;
&lt;li&gt;&lt;code&gt;&lt;span style="color: var(--highlight-keyword)"&gt;&amp;nbsp;&amp;nbsp;&amp;nbsp;&amp;nbsp;&lt;/span&gt;&lt;span style="color: var(--highlight-comment)"&gt;/**&lt;/span&gt;&lt;/code&gt;&lt;/li&gt;
&lt;li&gt;&lt;code&gt;&lt;span style="color: var(--highlight-comment)"&gt;&amp;nbsp;&amp;nbsp;&amp;nbsp;&amp;nbsp;&amp;nbsp;*&amp;nbsp;{@inheritdoc}&lt;/span&gt;&lt;/code&gt;&lt;/li&gt;
&lt;li&gt;&lt;code&gt;&lt;span style="color: var(--highlight-comment)"&gt;&amp;nbsp;&amp;nbsp;&amp;nbsp;&amp;nbsp;&amp;nbsp;*&lt;/span&gt;&lt;/code&gt;&lt;/li&gt;&lt;/ol&gt;    &lt;/div&gt;            &lt;/div&gt;
                        &lt;div class="trace-line "&gt;
                &lt;div class="trace-line-header break-long-words sf-toggle" data-toggle-selector="#trace-html-2-14" data-toggle-initial=""&gt;
            &lt;span class="icon icon-close"&gt;&lt;svg width="1792" height="1792" viewBox="0 0 1792 1792" xmlns="http://www.w3.org/2000/svg"&gt;&lt;path d="M1408 960V832q0-26-19-45t-45-19H448q-26 0-45 19t-19 45v128q0 26 19 45t45 19h896q26 0 45-19t19-45zm256-544v960q0 119-84.5 203.5T1376 1664H416q-119 0-203.5-84.5T128 1376V416q0-119 84.5-203.5T416 128h960q119 0 203.5 84.5T1664 416z"/&gt;&lt;/svg&gt;&lt;/span&gt;
        &lt;span class="icon icon-open"&gt;&lt;svg width="1792" height="1792" viewBox="0 0 1792 1792" xmlns="http://www.w3.org/2000/svg"&gt;&lt;path d="M1408 960V832q0-26-19-45t-45-19h-320V448q0-26-19-45t-45-19H832q-26 0-45 19t-19 45v320H448q-26 0-45 19t-19 45v128q0 26 19 45t45 19h320v320q0 26 19 45t45 19h128q26 0 45-19t19-45v-320h320q26 0 45-19t19-45zm256-544v960q0 119-84.5 203.5T1376 1664H416q-119 0-203.5-84.5T128 1376V416q0-119 84.5-203.5T416 128h960q119 0 203.5 84.5T1664 416z"/&gt;&lt;/svg&gt;&lt;/span&gt;
    
            &lt;span class="trace-class"&gt;&lt;abbr title="Symfony\Bundle\FrameworkBundle\KernelBrowser"&gt;KernelBrowser&lt;/abbr&gt;&lt;/span&gt;&lt;span class="trace-type"&gt;-&gt;&lt;/span&gt;&lt;span class="trace-method"&gt;doRequest&lt;/span&gt;&lt;span class="trace-arguments"&gt;()&lt;/span&gt;    
                    &lt;span class="block trace-file-path"&gt;
            in
            &lt;a href=""&gt;
                C:\Users\eman\Documents\GitHub\car_dealer\vendor\symfony\browser-kit\&lt;strong&gt;AbstractBrowser.php&lt;/strong&gt;
            &lt;/a&gt;
                        (line 370)
            &lt;span class="icon icon-copy hidden" data-clipboard-text="C:\Users\eman\Documents\GitHub\car_dealer\vendor\symfony\browser-kit\AbstractBrowser.php:370"&gt;
                &lt;svg xmlns="http://www.w3.org/2000/svg" height="24" viewBox="0 0 24 24" width="24"&gt;&lt;path d="M0 0h24v24H0z" fill="none"/&gt;&lt;path d="M16 1H4c-1.1 0-2 .9-2 2v14h2V3h12V1zm3 4H8c-1.1 0-2 .9-2 2v14c0 1.1.9 2 2 2h11c1.1 0 2-.9 2-2V7c0-1.1-.9-2-2-2zm0 16H8V7h11v14z"/&gt;&lt;/svg&gt;            &lt;/span&gt;
        &lt;/span&gt;
    &lt;/div&gt;
    &lt;div id="trace-html-2-14" class="trace-code sf-toggle-content"&gt;
        &lt;ol start="365"&gt;&lt;li&gt;&lt;code&gt;&lt;span style="color: var(--highlight-keyword)"&gt;&amp;nbsp;&amp;nbsp;&amp;nbsp;&amp;nbsp;&amp;nbsp;&amp;nbsp;&amp;nbsp;&amp;nbsp;}&lt;/span&gt;&lt;/code&gt;&lt;/li&gt;
&lt;li&gt;&lt;code&gt;&lt;span style="color: var(--highlight-keyword)"&gt;&lt;/span&gt;&lt;/code&gt;&lt;/li&gt;
&lt;li&gt;&lt;code&gt;&lt;span style="color: var(--highlight-keyword)"&gt;&amp;nbsp;&amp;nbsp;&amp;nbsp;&amp;nbsp;&amp;nbsp;&amp;nbsp;&amp;nbsp;&amp;nbsp;if&amp;nbsp;(&lt;/span&gt;&lt;span style="color: var(--highlight-default)"&gt;$this&lt;/span&gt;&lt;span style="color: var(--highlight-keyword)"&gt;-&amp;gt;&lt;/span&gt;&lt;span style="color: var(--highlight-default)"&gt;insulated&lt;/span&gt;&lt;span style="color: var(--highlight-keyword)"&gt;)&amp;nbsp;{&lt;/span&gt;&lt;/code&gt;&lt;/li&gt;
&lt;li&gt;&lt;code&gt;&lt;span style="color: var(--highlight-keyword)"&gt;&amp;nbsp;&amp;nbsp;&amp;nbsp;&amp;nbsp;&amp;nbsp;&amp;nbsp;&amp;nbsp;&amp;nbsp;&amp;nbsp;&amp;nbsp;&amp;nbsp;&amp;nbsp;&lt;/span&gt;&lt;span style="color: var(--highlight-default)"&gt;$this&lt;/span&gt;&lt;span style="color: var(--highlight-keyword)"&gt;-&amp;gt;&lt;/span&gt;&lt;span style="color: var(--highlight-default)"&gt;response&amp;nbsp;&lt;/span&gt;&lt;span style="color: var(--highlight-keyword)"&gt;=&amp;nbsp;&lt;/span&gt;&lt;span style="color: var(--highlight-default)"&gt;$this&lt;/span&gt;&lt;span style="color: var(--highlight-keyword)"&gt;-&amp;gt;&lt;/span&gt;&lt;span style="color: var(--highlight-default)"&gt;doRequestInProcess&lt;/span&gt;&lt;span style="color: var(--highlight-keyword)"&gt;(&lt;/span&gt;&lt;span style="color: var(--highlight-default)"&gt;$this&lt;/span&gt;&lt;span style="color: var(--highlight-keyword)"&gt;-&amp;gt;&lt;/span&gt;&lt;span style="color: var(--highlight-default)"&gt;request&lt;/span&gt;&lt;span style="color: var(--highlight-keyword)"&gt;);&lt;/span&gt;&lt;/code&gt;&lt;/li&gt;
&lt;li&gt;&lt;code&gt;&lt;span style="color: var(--highlight-keyword)"&gt;&amp;nbsp;&amp;nbsp;&amp;nbsp;&amp;nbsp;&amp;nbsp;&amp;nbsp;&amp;nbsp;&amp;nbsp;}&amp;nbsp;else&amp;nbsp;{&lt;/span&gt;&lt;/code&gt;&lt;/li&gt;
&lt;li class="selected"&gt;&lt;code&gt;&lt;span style="color: var(--highlight-keyword)"&gt;&amp;nbsp;&amp;nbsp;&amp;nbsp;&amp;nbsp;&amp;nbsp;&amp;nbsp;&amp;nbsp;&amp;nbsp;&amp;nbsp;&amp;nbsp;&amp;nbsp;&amp;nbsp;&lt;/span&gt;&lt;span style="color: var(--highlight-default)"&gt;$this&lt;/span&gt;&lt;span style="color: var(--highlight-keyword)"&gt;-&amp;gt;&lt;/span&gt;&lt;span style="color: var(--highlight-default)"&gt;response&amp;nbsp;&lt;/span&gt;&lt;span style="color: var(--highlight-keyword)"&gt;=&amp;nbsp;&lt;/span&gt;&lt;span style="color: var(--highlight-default)"&gt;$this&lt;/span&gt;&lt;span style="color: var(--highlight-keyword)"&gt;-&amp;gt;&lt;/span&gt;&lt;span style="color: var(--highlight-default)"&gt;doRequest&lt;/span&gt;&lt;span style="color: var(--highlight-keyword)"&gt;(&lt;/span&gt;&lt;span style="color: var(--highlight-default)"&gt;$this&lt;/span&gt;&lt;span style="color: var(--highlight-keyword)"&gt;-&amp;gt;&lt;/span&gt;&lt;span style="color: var(--highlight-default)"&gt;request&lt;/span&gt;&lt;span style="color: var(--highlight-keyword)"&gt;);&lt;/span&gt;&lt;/code&gt;&lt;/li&gt;
&lt;li&gt;&lt;code&gt;&lt;span style="color: var(--highlight-keyword)"&gt;&amp;nbsp;&amp;nbsp;&amp;nbsp;&amp;nbsp;&amp;nbsp;&amp;nbsp;&amp;nbsp;&amp;nbsp;}&lt;/span&gt;&lt;/code&gt;&lt;/li&gt;
&lt;li&gt;&lt;code&gt;&lt;span style="color: var(--highlight-keyword)"&gt;&lt;/span&gt;&lt;/code&gt;&lt;/li&gt;
&lt;li&gt;&lt;code&gt;&lt;span style="color: var(--highlight-keyword)"&gt;&amp;nbsp;&amp;nbsp;&amp;nbsp;&amp;nbsp;&amp;nbsp;&amp;nbsp;&amp;nbsp;&amp;nbsp;&lt;/span&gt;&lt;span style="color: var(--highlight-default)"&gt;$this&lt;/span&gt;&lt;span style="color: var(--highlight-keyword)"&gt;-&amp;gt;&lt;/span&gt;&lt;span style="color: var(--highlight-default)"&gt;internalResponse&amp;nbsp;&lt;/span&gt;&lt;span style="color: var(--highlight-keyword)"&gt;=&amp;nbsp;&lt;/span&gt;&lt;span style="color: var(--highlight-default)"&gt;$this&lt;/span&gt;&lt;span style="color: var(--highlight-keyword)"&gt;-&amp;gt;&lt;/span&gt;&lt;span style="color: var(--highlight-default)"&gt;filterResponse&lt;/span&gt;&lt;span style="color: var(--highlight-keyword)"&gt;(&lt;/span&gt;&lt;span style="color: var(--highlight-default)"&gt;$this&lt;/span&gt;&lt;span style="color: var(--highlight-keyword)"&gt;-&amp;gt;&lt;/span&gt;&lt;span style="color: var(--highlight-default)"&gt;response&lt;/span&gt;&lt;span style="color: var(--highlight-keyword)"&gt;);&lt;/span&gt;&lt;/code&gt;&lt;/li&gt;
&lt;li&gt;&lt;code&gt;&lt;span style="color: var(--highlight-keyword)"&gt;&lt;/span&gt;&lt;/code&gt;&lt;/li&gt;
&lt;li&gt;&lt;code&gt;&lt;span style="color: var(--highlight-keyword)"&gt;&amp;nbsp;&amp;nbsp;&amp;nbsp;&amp;nbsp;&amp;nbsp;&amp;nbsp;&amp;nbsp;&amp;nbsp;&lt;/span&gt;&lt;span style="color: var(--highlight-default)"&gt;$this&lt;/span&gt;&lt;span style="color: var(--highlight-keyword)"&gt;-&amp;gt;&lt;/span&gt;&lt;span style="color: var(--highlight-default)"&gt;cookieJar&lt;/span&gt;&lt;span style="color: var(--highlight-keyword)"&gt;-&amp;gt;&lt;/span&gt;&lt;span style="color: var(--highlight-default)"&gt;updateFromResponse&lt;/span&gt;&lt;span style="color: var(--highlight-keyword)"&gt;(&lt;/span&gt;&lt;span style="color: var(--highlight-default)"&gt;$this&lt;/span&gt;&lt;span style="color: var(--highlight-keyword)"&gt;-&amp;gt;&lt;/span&gt;&lt;span style="color: var(--highlight-default)"&gt;internalResponse&lt;/span&gt;&lt;span style="color: var(--highlight-keyword)"&gt;,&amp;nbsp;&lt;/span&gt;&lt;span style="color: var(--highlight-default)"&gt;$uri&lt;/span&gt;&lt;span style="color: var(--highlight-keyword)"&gt;);&lt;/span&gt;&lt;/code&gt;&lt;/li&gt;&lt;/ol&gt;    &lt;/div&gt;            &lt;/div&gt;
                        &lt;div class="trace-line "&gt;
                &lt;div class="trace-line-header break-long-words sf-toggle" data-toggle-selector="#trace-html-2-15" data-toggle-initial=""&gt;
            &lt;span class="icon icon-close"&gt;&lt;svg width="1792" height="1792" viewBox="0 0 1792 1792" xmlns="http://www.w3.org/2000/svg"&gt;&lt;path d="M1408 960V832q0-26-19-45t-45-19H448q-26 0-45 19t-19 45v128q0 26 19 45t45 19h896q26 0 45-19t19-45zm256-544v960q0 119-84.5 203.5T1376 1664H416q-119 0-203.5-84.5T128 1376V416q0-119 84.5-203.5T416 128h960q119 0 203.5 84.5T1664 416z"/&gt;&lt;/svg&gt;&lt;/span&gt;
        &lt;span class="icon icon-open"&gt;&lt;svg width="1792" height="1792" viewBox="0 0 1792 1792" xmlns="http://www.w3.org/2000/svg"&gt;&lt;path d="M1408 960V832q0-26-19-45t-45-19h-320V448q0-26-19-45t-45-19H832q-26 0-45 19t-19 45v320H448q-26 0-45 19t-19 45v128q0 26 19 45t45 19h320v320q0 26 19 45t45 19h128q26 0 45-19t19-45v-320h320q26 0 45-19t19-45zm256-544v960q0 119-84.5 203.5T1376 1664H416q-119 0-203.5-84.5T128 1376V416q0-119 84.5-203.5T416 128h960q119 0 203.5 84.5T1664 416z"/&gt;&lt;/svg&gt;&lt;/span&gt;
    
            &lt;span class="trace-class"&gt;&lt;abbr title="Symfony\Component\BrowserKit\AbstractBrowser"&gt;AbstractBrowser&lt;/abbr&gt;&lt;/span&gt;&lt;span class="trace-type"&gt;-&gt;&lt;/span&gt;&lt;span class="trace-method"&gt;request&lt;/span&gt;&lt;span class="trace-arguments"&gt;()&lt;/span&gt;    
                    &lt;span class="block trace-file-path"&gt;
            in
            &lt;a href=""&gt;
                C:\Users\eman\Documents\GitHub\car_dealer\tests\WebTest\&lt;strong&gt;CarsPageTest.php&lt;/strong&gt;
            &lt;/a&gt;
                        (line 28)
            &lt;span class="icon icon-copy hidden" data-clipboard-text="C:\Users\eman\Documents\GitHub\car_dealer\tests\WebTest\CarsPageTest.php:28"&gt;
                &lt;svg xmlns="http://www.w3.org/2000/svg" height="24" viewBox="0 0 24 24" width="24"&gt;&lt;path d="M0 0h24v24H0z" fill="none"/&gt;&lt;path d="M16 1H4c-1.1 0-2 .9-2 2v14h2V3h12V1zm3 4H8c-1.1 0-2 .9-2 2v14c0 1.1.9 2 2 2h11c1.1 0 2-.9 2-2V7c0-1.1-.9-2-2-2zm0 16H8V7h11v14z"/&gt;&lt;/svg&gt;            &lt;/span&gt;
        &lt;/span&gt;
    &lt;/div&gt;
    &lt;div id="trace-html-2-15" class="trace-code sf-toggle-content"&gt;
        &lt;ol start="23"&gt;&lt;li&gt;&lt;code&gt;&lt;span style="color: var(--highlight-keyword)"&gt;&amp;nbsp;&amp;nbsp;&amp;nbsp;&amp;nbsp;&amp;nbsp;&amp;nbsp;&amp;nbsp;&amp;nbsp;&lt;/span&gt;&lt;span style="color: var(--highlight-default)"&gt;$url&amp;nbsp;&lt;/span&gt;&lt;span style="color: var(--highlight-keyword)"&gt;=&amp;nbsp;&lt;/span&gt;&lt;span style="color: var(--highlight-string)"&gt;'/Cars'&lt;/span&gt;&lt;span style="color: var(--highlight-keyword)"&gt;;&lt;/span&gt;&lt;/code&gt;&lt;/li&gt;
&lt;li&gt;&lt;code&gt;&lt;span style="color: var(--highlight-keyword)"&gt;&amp;nbsp;&amp;nbsp;&amp;nbsp;&amp;nbsp;&amp;nbsp;&amp;nbsp;&amp;nbsp;&amp;nbsp;&lt;/span&gt;&lt;span style="color: var(--highlight-default)"&gt;$httpMethod&amp;nbsp;&lt;/span&gt;&lt;span style="color: var(--highlight-keyword)"&gt;=&amp;nbsp;&lt;/span&gt;&lt;span style="color: var(--highlight-string)"&gt;'GET'&lt;/span&gt;&lt;span style="color: var(--highlight-keyword)"&gt;;&lt;/span&gt;&lt;/code&gt;&lt;/li&gt;
&lt;li&gt;&lt;code&gt;&lt;span style="color: var(--highlight-keyword)"&gt;&amp;nbsp;&amp;nbsp;&amp;nbsp;&amp;nbsp;&amp;nbsp;&amp;nbsp;&amp;nbsp;&amp;nbsp;&lt;/span&gt;&lt;span style="color: var(--highlight-default)"&gt;$client&amp;nbsp;&lt;/span&gt;&lt;span style="color: var(--highlight-keyword)"&gt;=&amp;nbsp;static::&lt;/span&gt;&lt;span style="color: var(--highlight-default)"&gt;createClient&lt;/span&gt;&lt;span style="color: var(--highlight-keyword)"&gt;();&lt;/span&gt;&lt;/code&gt;&lt;/li&gt;
&lt;li&gt;&lt;code&gt;&lt;span style="color: var(--highlight-keyword)"&gt;&amp;nbsp;&amp;nbsp;&amp;nbsp;&amp;nbsp;&amp;nbsp;&amp;nbsp;&amp;nbsp;&amp;nbsp;&lt;/span&gt;&lt;span style="color: var(--highlight-default)"&gt;$searchText&amp;nbsp;&lt;/span&gt;&lt;span style="color: var(--highlight-keyword)"&gt;=&amp;nbsp;&lt;/span&gt;&lt;span style="color: var(--highlight-string)"&gt;'Cars'&lt;/span&gt;&lt;span style="color: var(--highlight-keyword)"&gt;;&lt;/span&gt;&lt;/code&gt;&lt;/li&gt;
&lt;li&gt;&lt;code&gt;&lt;span style="color: var(--highlight-keyword)"&gt;&amp;nbsp;&amp;nbsp;&amp;nbsp;&amp;nbsp;&amp;nbsp;&amp;nbsp;&amp;nbsp;&amp;nbsp;&lt;/span&gt;&lt;span style="color: var(--highlight-default)"&gt;$cssSelector&amp;nbsp;&lt;/span&gt;&lt;span style="color: var(--highlight-keyword)"&gt;=&amp;nbsp;&lt;/span&gt;&lt;span style="color: var(--highlight-string)"&gt;'h1'&lt;/span&gt;&lt;span style="color: var(--highlight-keyword)"&gt;;&lt;/span&gt;&lt;/code&gt;&lt;/li&gt;
&lt;li class="selected"&gt;&lt;code&gt;&lt;span style="color: var(--highlight-keyword)"&gt;&amp;nbsp;&amp;nbsp;&amp;nbsp;&amp;nbsp;&amp;nbsp;&amp;nbsp;&amp;nbsp;&amp;nbsp;&lt;/span&gt;&lt;span style="color: var(--highlight-default)"&gt;$crawler&amp;nbsp;&lt;/span&gt;&lt;span style="color: var(--highlight-keyword)"&gt;=&amp;nbsp;&lt;/span&gt;&lt;span style="color: var(--highlight-default)"&gt;$client&lt;/span&gt;&lt;span style="color: var(--highlight-keyword)"&gt;-&amp;gt;&lt;/span&gt;&lt;span style="color: var(--highlight-default)"&gt;request&lt;/span&gt;&lt;span style="color: var(--highlight-keyword)"&gt;(&lt;/span&gt;&lt;span style="color: var(--highlight-default)"&gt;$httpMethod&lt;/span&gt;&lt;span style="color: var(--highlight-keyword)"&gt;,&amp;nbsp;&lt;/span&gt;&lt;span style="color: var(--highlight-default)"&gt;$url&lt;/span&gt;&lt;span style="color: var(--highlight-keyword)"&gt;);&lt;/span&gt;&lt;/code&gt;&lt;/li&gt;
&lt;li&gt;&lt;code&gt;&lt;span style="color: var(--highlight-keyword)"&gt;&amp;nbsp;&amp;nbsp;&amp;nbsp;&amp;nbsp;&amp;nbsp;&amp;nbsp;&amp;nbsp;&amp;nbsp;&lt;/span&gt;&lt;span style="color: var(--highlight-default)"&gt;$content&amp;nbsp;&lt;/span&gt;&lt;span style="color: var(--highlight-keyword)"&gt;=&amp;nbsp;&lt;/span&gt;&lt;span style="color: var(--highlight-default)"&gt;$client&lt;/span&gt;&lt;span style="color: var(--highlight-keyword)"&gt;-&amp;gt;&lt;/span&gt;&lt;span style="color: var(--highlight-default)"&gt;getResponse&lt;/span&gt;&lt;span style="color: var(--highlight-keyword)"&gt;()-&amp;gt;&lt;/span&gt;&lt;span style="color: var(--highlight-default)"&gt;getContent&lt;/span&gt;&lt;span style="color: var(--highlight-keyword)"&gt;();&lt;/span&gt;&lt;/code&gt;&lt;/li&gt;
&lt;li&gt;&lt;code&gt;&lt;span style="color: var(--highlight-keyword)"&gt;&amp;nbsp;&amp;nbsp;&amp;nbsp;&amp;nbsp;&amp;nbsp;&amp;nbsp;&amp;nbsp;&amp;nbsp;&lt;/span&gt;&lt;span style="color: var(--highlight-default)"&gt;$this&lt;/span&gt;&lt;span style="color: var(--highlight-keyword)"&gt;-&amp;gt;&lt;/span&gt;&lt;span style="color: var(--highlight-default)"&gt;assertResponseIsSuccessful&lt;/span&gt;&lt;span style="color: var(--highlight-keyword)"&gt;();&lt;/span&gt;&lt;/code&gt;&lt;/li&gt;
&lt;li&gt;&lt;code&gt;&lt;span style="color: var(--highlight-keyword)"&gt;&amp;nbsp;&amp;nbsp;&amp;nbsp;&amp;nbsp;&amp;nbsp;&amp;nbsp;&amp;nbsp;&amp;nbsp;&lt;/span&gt;&lt;span style="color: var(--highlight-default)"&gt;$this&lt;/span&gt;&lt;span style="color: var(--highlight-keyword)"&gt;-&amp;gt;&lt;/span&gt;&lt;span style="color: var(--highlight-default)"&gt;assertSelectorTextContains&lt;/span&gt;&lt;span style="color: var(--highlight-keyword)"&gt;(&lt;/span&gt;&lt;span style="color: var(--highlight-default)"&gt;$cssSelector&lt;/span&gt;&lt;span style="color: var(--highlight-keyword)"&gt;,&amp;nbsp;&lt;/span&gt;&lt;span style="color: var(--highlight-default)"&gt;$searchText&lt;/span&gt;&lt;span style="color: var(--highlight-keyword)"&gt;);&lt;/span&gt;&lt;/code&gt;&lt;/li&gt;
&lt;li&gt;&lt;code&gt;&lt;span style="color: var(--highlight-keyword)"&gt;&amp;nbsp;&amp;nbsp;&amp;nbsp;&amp;nbsp;}&lt;/span&gt;&lt;/code&gt;&lt;/li&gt;
&lt;li&gt;&lt;code&gt;&lt;span style="color: var(--highlight-keyword)"&gt;&amp;nbsp;&amp;nbsp;&amp;nbsp;&amp;nbsp;public&amp;nbsp;function&amp;nbsp;&lt;/span&gt;&lt;span style="color: var(--highlight-default)"&gt;testHeading2&lt;/span&gt;&lt;span style="color: var(--highlight-keyword)"&gt;():&amp;nbsp;&lt;/span&gt;&lt;span style="color: var(--highlight-default)"&gt;void&lt;/span&gt;&lt;/code&gt;&lt;/li&gt;&lt;/ol&gt;    &lt;/div&gt;            &lt;/div&gt;
                        &lt;div class="trace-line "&gt;
                &lt;div class="trace-line-header break-long-words sf-toggle" data-toggle-selector="#trace-html-2-16" data-toggle-initial=""&gt;
            &lt;span class="icon icon-close"&gt;&lt;svg width="1792" height="1792" viewBox="0 0 1792 1792" xmlns="http://www.w3.org/2000/svg"&gt;&lt;path d="M1408 960V832q0-26-19-45t-45-19H448q-26 0-45 19t-19 45v128q0 26 19 45t45 19h896q26 0 45-19t19-45zm256-544v960q0 119-84.5 203.5T1376 1664H416q-119 0-203.5-84.5T128 1376V416q0-119 84.5-203.5T416 128h960q119 0 203.5 84.5T1664 416z"/&gt;&lt;/svg&gt;&lt;/span&gt;
        &lt;span class="icon icon-open"&gt;&lt;svg width="1792" height="1792" viewBox="0 0 1792 1792" xmlns="http://www.w3.org/2000/svg"&gt;&lt;path d="M1408 960V832q0-26-19-45t-45-19h-320V448q0-26-19-45t-45-19H832q-26 0-45 19t-19 45v320H448q-26 0-45 19t-19 45v128q0 26 19 45t45 19h320v320q0 26 19 45t45 19h128q26 0 45-19t19-45v-320h320q26 0 45-19t19-45zm256-544v960q0 119-84.5 203.5T1376 1664H416q-119 0-203.5-84.5T128 1376V416q0-119 84.5-203.5T416 128h960q119 0 203.5 84.5T1664 416z"/&gt;&lt;/svg&gt;&lt;/span&gt;
    
            &lt;span class="trace-class"&gt;&lt;abbr title="App\Tests\WebTest\CarsPageTest"&gt;CarsPageTest&lt;/abbr&gt;&lt;/span&gt;&lt;span class="trace-type"&gt;-&gt;&lt;/span&gt;&lt;span class="trace-method"&gt;testHeading&lt;/span&gt;&lt;span class="trace-arguments"&gt;()&lt;/span&gt;    
                    &lt;span class="block trace-file-path"&gt;
            in
            &lt;a href=""&gt;
                C:\Users\eman\Documents\GitHub\car_dealer\vendor\phpunit\phpunit\src\Framework\&lt;strong&gt;TestCase.php&lt;/strong&gt;
            &lt;/a&gt;
                        (line 1545)
            &lt;span class="icon icon-copy hidden" data-clipboard-text="C:\Users\eman\Documents\GitHub\car_dealer\vendor\phpunit\phpunit\src\Framework\TestCase.php:1545"&gt;
                &lt;svg xmlns="http://www.w3.org/2000/svg" height="24" viewBox="0 0 24 24" width="24"&gt;&lt;path d="M0 0h24v24H0z" fill="none"/&gt;&lt;path d="M16 1H4c-1.1 0-2 .9-2 2v14h2V3h12V1zm3 4H8c-1.1 0-2 .9-2 2v14c0 1.1.9 2 2 2h11c1.1 0 2-.9 2-2V7c0-1.1-.9-2-2-2zm0 16H8V7h11v14z"/&gt;&lt;/svg&gt;            &lt;/span&gt;
        &lt;/span&gt;
    &lt;/div&gt;
    &lt;div id="trace-html-2-16" class="trace-code sf-toggle-content"&gt;
        &lt;ol start="1540"&gt;&lt;li&gt;&lt;code&gt;&lt;span style="color: var(--highlight-keyword)"&gt;&amp;nbsp;&amp;nbsp;&amp;nbsp;&amp;nbsp;&amp;nbsp;&amp;nbsp;&amp;nbsp;&amp;nbsp;&lt;/span&gt;&lt;span style="color: var(--highlight-default)"&gt;$testArguments&amp;nbsp;&lt;/span&gt;&lt;span style="color: var(--highlight-keyword)"&gt;=&amp;nbsp;&lt;/span&gt;&lt;span style="color: var(--highlight-default)"&gt;array_merge&lt;/span&gt;&lt;span style="color: var(--highlight-keyword)"&gt;(&lt;/span&gt;&lt;span style="color: var(--highlight-default)"&gt;$this&lt;/span&gt;&lt;span style="color: var(--highlight-keyword)"&gt;-&amp;gt;&lt;/span&gt;&lt;span style="color: var(--highlight-default)"&gt;data&lt;/span&gt;&lt;span style="color: var(--highlight-keyword)"&gt;,&amp;nbsp;&lt;/span&gt;&lt;span style="color: var(--highlight-default)"&gt;$this&lt;/span&gt;&lt;span style="color: var(--highlight-keyword)"&gt;-&amp;gt;&lt;/span&gt;&lt;span style="color: var(--highlight-default)"&gt;dependencyInput&lt;/span&gt;&lt;span style="color: var(--highlight-keyword)"&gt;);&lt;/span&gt;&lt;/code&gt;&lt;/li&gt;
&lt;li&gt;&lt;code&gt;&lt;span style="color: var(--highlight-keyword)"&gt;&lt;/span&gt;&lt;/code&gt;&lt;/li&gt;
&lt;li&gt;&lt;code&gt;&lt;span style="color: var(--highlight-keyword)"&gt;&amp;nbsp;&amp;nbsp;&amp;nbsp;&amp;nbsp;&amp;nbsp;&amp;nbsp;&amp;nbsp;&amp;nbsp;&lt;/span&gt;&lt;span style="color: var(--highlight-default)"&gt;$this&lt;/span&gt;&lt;span style="color: var(--highlight-keyword)"&gt;-&amp;gt;&lt;/span&gt;&lt;span style="color: var(--highlight-default)"&gt;registerMockObjectsFromTestArguments&lt;/span&gt;&lt;span style="color: var(--highlight-keyword)"&gt;(&lt;/span&gt;&lt;span style="color: var(--highlight-default)"&gt;$testArguments&lt;/span&gt;&lt;span style="color: var(--highlight-keyword)"&gt;);&lt;/span&gt;&lt;/code&gt;&lt;/li&gt;
&lt;li&gt;&lt;code&gt;&lt;span style="color: var(--highlight-keyword)"&gt;&lt;/span&gt;&lt;/code&gt;&lt;/li&gt;
&lt;li&gt;&lt;code&gt;&lt;span style="color: var(--highlight-keyword)"&gt;&amp;nbsp;&amp;nbsp;&amp;nbsp;&amp;nbsp;&amp;nbsp;&amp;nbsp;&amp;nbsp;&amp;nbsp;try&amp;nbsp;{&lt;/span&gt;&lt;/code&gt;&lt;/li&gt;
&lt;li class="selected"&gt;&lt;code&gt;&lt;span style="color: var(--highlight-keyword)"&gt;&amp;nbsp;&amp;nbsp;&amp;nbsp;&amp;nbsp;&amp;nbsp;&amp;nbsp;&amp;nbsp;&amp;nbsp;&amp;nbsp;&amp;nbsp;&amp;nbsp;&amp;nbsp;&lt;/span&gt;&lt;span style="color: var(--highlight-default)"&gt;$testResult&amp;nbsp;&lt;/span&gt;&lt;span style="color: var(--highlight-keyword)"&gt;=&amp;nbsp;&lt;/span&gt;&lt;span style="color: var(--highlight-default)"&gt;$this&lt;/span&gt;&lt;span style="color: var(--highlight-keyword)"&gt;-&amp;gt;{&lt;/span&gt;&lt;span style="color: var(--highlight-default)"&gt;$this&lt;/span&gt;&lt;span style="color: var(--highlight-keyword)"&gt;-&amp;gt;&lt;/span&gt;&lt;span style="color: var(--highlight-default)"&gt;name&lt;/span&gt;&lt;span style="color: var(--highlight-keyword)"&gt;}(...&lt;/span&gt;&lt;span style="color: var(--highlight-default)"&gt;array_values&lt;/span&gt;&lt;span style="color: var(--highlight-keyword)"&gt;(&lt;/span&gt;&lt;span style="color: var(--highlight-default)"&gt;$testArguments&lt;/span&gt;&lt;span style="color: var(--highlight-keyword)"&gt;));&lt;/span&gt;&lt;/code&gt;&lt;/li&gt;
&lt;li&gt;&lt;code&gt;&lt;span style="color: var(--highlight-keyword)"&gt;&amp;nbsp;&amp;nbsp;&amp;nbsp;&amp;nbsp;&amp;nbsp;&amp;nbsp;&amp;nbsp;&amp;nbsp;}&amp;nbsp;catch&amp;nbsp;(&lt;/span&gt;&lt;span style="color: var(--highlight-default)"&gt;Throwable&amp;nbsp;$exception&lt;/span&gt;&lt;span style="color: var(--highlight-keyword)"&gt;)&amp;nbsp;{&lt;/span&gt;&lt;/code&gt;&lt;/li&gt;
&lt;li&gt;&lt;code&gt;&lt;span style="color: var(--highlight-keyword)"&gt;&amp;nbsp;&amp;nbsp;&amp;nbsp;&amp;nbsp;&amp;nbsp;&amp;nbsp;&amp;nbsp;&amp;nbsp;&amp;nbsp;&amp;nbsp;&amp;nbsp;&amp;nbsp;if&amp;nbsp;(!&lt;/span&gt;&lt;span style="color: var(--highlight-default)"&gt;$this&lt;/span&gt;&lt;span style="color: var(--highlight-keyword)"&gt;-&amp;gt;&lt;/span&gt;&lt;span style="color: var(--highlight-default)"&gt;checkExceptionExpectations&lt;/span&gt;&lt;span style="color: var(--highlight-keyword)"&gt;(&lt;/span&gt;&lt;span style="color: var(--highlight-default)"&gt;$exception&lt;/span&gt;&lt;span style="color: var(--highlight-keyword)"&gt;))&amp;nbsp;{&lt;/span&gt;&lt;/code&gt;&lt;/li&gt;
&lt;li&gt;&lt;code&gt;&lt;span style="color: var(--highlight-keyword)"&gt;&amp;nbsp;&amp;nbsp;&amp;nbsp;&amp;nbsp;&amp;nbsp;&amp;nbsp;&amp;nbsp;&amp;nbsp;&amp;nbsp;&amp;nbsp;&amp;nbsp;&amp;nbsp;&amp;nbsp;&amp;nbsp;&amp;nbsp;&amp;nbsp;throw&amp;nbsp;&lt;/span&gt;&lt;span style="color: var(--highlight-default)"&gt;$exception&lt;/span&gt;&lt;span style="color: var(--highlight-keyword)"&gt;;&lt;/span&gt;&lt;/code&gt;&lt;/li&gt;
&lt;li&gt;&lt;code&gt;&lt;span style="color: var(--highlight-keyword)"&gt;&amp;nbsp;&amp;nbsp;&amp;nbsp;&amp;nbsp;&amp;nbsp;&amp;nbsp;&amp;nbsp;&amp;nbsp;&amp;nbsp;&amp;nbsp;&amp;nbsp;&amp;nbsp;}&lt;/span&gt;&lt;/code&gt;&lt;/li&gt;
&lt;li&gt;&lt;code&gt;&lt;span style="color: var(--highlight-keyword)"&gt;&lt;/span&gt;&lt;/code&gt;&lt;/li&gt;&lt;/ol&gt;    &lt;/div&gt;            &lt;/div&gt;
                        &lt;div class="trace-line "&gt;
                &lt;div class="trace-line-header break-long-words sf-toggle" data-toggle-selector="#trace-html-2-17" data-toggle-initial=""&gt;
            &lt;span class="icon icon-close"&gt;&lt;svg width="1792" height="1792" viewBox="0 0 1792 1792" xmlns="http://www.w3.org/2000/svg"&gt;&lt;path d="M1408 960V832q0-26-19-45t-45-19H448q-26 0-45 19t-19 45v128q0 26 19 45t45 19h896q26 0 45-19t19-45zm256-544v960q0 119-84.5 203.5T1376 1664H416q-119 0-203.5-84.5T128 1376V416q0-119 84.5-203.5T416 128h960q119 0 203.5 84.5T1664 416z"/&gt;&lt;/svg&gt;&lt;/span&gt;
        &lt;span class="icon icon-open"&gt;&lt;svg width="1792" height="1792" viewBox="0 0 1792 1792" xmlns="http://www.w3.org/2000/svg"&gt;&lt;path d="M1408 960V832q0-26-19-45t-45-19h-320V448q0-26-19-45t-45-19H832q-26 0-45 19t-19 45v320H448q-26 0-45 19t-19 45v128q0 26 19 45t45 19h320v320q0 26 19 45t45 19h128q26 0 45-19t19-45v-320h320q26 0 45-19t19-45zm256-544v960q0 119-84.5 203.5T1376 1664H416q-119 0-203.5-84.5T128 1376V416q0-119 84.5-203.5T416 128h960q119 0 203.5 84.5T1664 416z"/&gt;&lt;/svg&gt;&lt;/span&gt;
    
            &lt;span class="trace-class"&gt;&lt;abbr title="PHPUnit\Framework\TestCase"&gt;TestCase&lt;/abbr&gt;&lt;/span&gt;&lt;span class="trace-type"&gt;-&gt;&lt;/span&gt;&lt;span class="trace-method"&gt;runTest&lt;/span&gt;&lt;span class="trace-arguments"&gt;()&lt;/span&gt;    
                    &lt;span class="block trace-file-path"&gt;
            in
            &lt;a href=""&gt;
                C:\Users\eman\Documents\GitHub\car_dealer\vendor\phpunit\phpunit\src\Framework\&lt;strong&gt;TestCase.php&lt;/strong&gt;
            &lt;/a&gt;
                        (line 1151)
            &lt;span class="icon icon-copy hidden" data-clipboard-text="C:\Users\eman\Documents\GitHub\car_dealer\vendor\phpunit\phpunit\src\Framework\TestCase.php:1151"&gt;
                &lt;svg xmlns="http://www.w3.org/2000/svg" height="24" viewBox="0 0 24 24" width="24"&gt;&lt;path d="M0 0h24v24H0z" fill="none"/&gt;&lt;path d="M16 1H4c-1.1 0-2 .9-2 2v14h2V3h12V1zm3 4H8c-1.1 0-2 .9-2 2v14c0 1.1.9 2 2 2h11c1.1 0 2-.9 2-2V7c0-1.1-.9-2-2-2zm0 16H8V7h11v14z"/&gt;&lt;/svg&gt;            &lt;/span&gt;
        &lt;/span&gt;
    &lt;/div&gt;
    &lt;div id="trace-html-2-17" class="trace-code sf-toggle-content"&gt;
        &lt;ol start="1146"&gt;&lt;li&gt;&lt;code&gt;&lt;span style="color: var(--highlight-keyword)"&gt;&lt;/span&gt;&lt;/code&gt;&lt;/li&gt;
&lt;li&gt;&lt;code&gt;&lt;span style="color: var(--highlight-keyword)"&gt;&amp;nbsp;&amp;nbsp;&amp;nbsp;&amp;nbsp;&amp;nbsp;&amp;nbsp;&amp;nbsp;&amp;nbsp;&amp;nbsp;&amp;nbsp;&amp;nbsp;&amp;nbsp;foreach&amp;nbsp;(&lt;/span&gt;&lt;span style="color: var(--highlight-default)"&gt;$hookMethods&lt;/span&gt;&lt;span style="color: var(--highlight-keyword)"&gt;[&lt;/span&gt;&lt;span style="color: var(--highlight-string)"&gt;'preCondition'&lt;/span&gt;&lt;span style="color: var(--highlight-keyword)"&gt;]&amp;nbsp;as&amp;nbsp;&lt;/span&gt;&lt;span style="color: var(--highlight-default)"&gt;$method&lt;/span&gt;&lt;span style="color: var(--highlight-keyword)"&gt;)&amp;nbsp;{&lt;/span&gt;&lt;/code&gt;&lt;/li&gt;
&lt;li&gt;&lt;code&gt;&lt;span style="color: var(--highlight-keyword)"&gt;&amp;nbsp;&amp;nbsp;&amp;nbsp;&amp;nbsp;&amp;nbsp;&amp;nbsp;&amp;nbsp;&amp;nbsp;&amp;nbsp;&amp;nbsp;&amp;nbsp;&amp;nbsp;&amp;nbsp;&amp;nbsp;&amp;nbsp;&amp;nbsp;&lt;/span&gt;&lt;span style="color: var(--highlight-default)"&gt;$this&lt;/span&gt;&lt;span style="color: var(--highlight-keyword)"&gt;-&amp;gt;{&lt;/span&gt;&lt;span style="color: var(--highlight-default)"&gt;$method&lt;/span&gt;&lt;span style="color: var(--highlight-keyword)"&gt;}();&lt;/span&gt;&lt;/code&gt;&lt;/li&gt;
&lt;li&gt;&lt;code&gt;&lt;span style="color: var(--highlight-keyword)"&gt;&amp;nbsp;&amp;nbsp;&amp;nbsp;&amp;nbsp;&amp;nbsp;&amp;nbsp;&amp;nbsp;&amp;nbsp;&amp;nbsp;&amp;nbsp;&amp;nbsp;&amp;nbsp;}&lt;/span&gt;&lt;/code&gt;&lt;/li&gt;
&lt;li&gt;&lt;code&gt;&lt;span style="color: var(--highlight-keyword)"&gt;&lt;/span&gt;&lt;/code&gt;&lt;/li&gt;
&lt;li class="selected"&gt;&lt;code&gt;&lt;span style="color: var(--highlight-keyword)"&gt;&amp;nbsp;&amp;nbsp;&amp;nbsp;&amp;nbsp;&amp;nbsp;&amp;nbsp;&amp;nbsp;&amp;nbsp;&amp;nbsp;&amp;nbsp;&amp;nbsp;&amp;nbsp;&lt;/span&gt;&lt;span style="color: var(--highlight-default)"&gt;$this&lt;/span&gt;&lt;span style="color: var(--highlight-keyword)"&gt;-&amp;gt;&lt;/span&gt;&lt;span style="color: var(--highlight-default)"&gt;testResult&amp;nbsp;&lt;/span&gt;&lt;span style="color: var(--highlight-keyword)"&gt;=&amp;nbsp;&lt;/span&gt;&lt;span style="color: var(--highlight-default)"&gt;$this&lt;/span&gt;&lt;span style="color: var(--highlight-keyword)"&gt;-&amp;gt;&lt;/span&gt;&lt;span style="color: var(--highlight-default)"&gt;runTest&lt;/span&gt;&lt;span style="color: var(--highlight-keyword)"&gt;();&lt;/span&gt;&lt;/code&gt;&lt;/li&gt;
&lt;li&gt;&lt;code&gt;&lt;span style="color: var(--highlight-keyword)"&gt;&amp;nbsp;&amp;nbsp;&amp;nbsp;&amp;nbsp;&amp;nbsp;&amp;nbsp;&amp;nbsp;&amp;nbsp;&amp;nbsp;&amp;nbsp;&amp;nbsp;&amp;nbsp;&lt;/span&gt;&lt;span style="color: var(--highlight-default)"&gt;$this&lt;/span&gt;&lt;span style="color: var(--highlight-keyword)"&gt;-&amp;gt;&lt;/span&gt;&lt;span style="color: var(--highlight-default)"&gt;verifyMockObjects&lt;/span&gt;&lt;span style="color: var(--highlight-keyword)"&gt;();&lt;/span&gt;&lt;/code&gt;&lt;/li&gt;
&lt;li&gt;&lt;code&gt;&lt;span style="color: var(--highlight-keyword)"&gt;&lt;/span&gt;&lt;/code&gt;&lt;/li&gt;
&lt;li&gt;&lt;code&gt;&lt;span style="color: var(--highlight-keyword)"&gt;&amp;nbsp;&amp;nbsp;&amp;nbsp;&amp;nbsp;&amp;nbsp;&amp;nbsp;&amp;nbsp;&amp;nbsp;&amp;nbsp;&amp;nbsp;&amp;nbsp;&amp;nbsp;foreach&amp;nbsp;(&lt;/span&gt;&lt;span style="color: var(--highlight-default)"&gt;$hookMethods&lt;/span&gt;&lt;span style="color: var(--highlight-keyword)"&gt;[&lt;/span&gt;&lt;span style="color: var(--highlight-string)"&gt;'postCondition'&lt;/span&gt;&lt;span style="color: var(--highlight-keyword)"&gt;]&amp;nbsp;as&amp;nbsp;&lt;/span&gt;&lt;span style="color: var(--highlight-default)"&gt;$method&lt;/span&gt;&lt;span style="color: var(--highlight-keyword)"&gt;)&amp;nbsp;{&lt;/span&gt;&lt;/code&gt;&lt;/li&gt;
&lt;li&gt;&lt;code&gt;&lt;span style="color: var(--highlight-keyword)"&gt;&amp;nbsp;&amp;nbsp;&amp;nbsp;&amp;nbsp;&amp;nbsp;&amp;nbsp;&amp;nbsp;&amp;nbsp;&amp;nbsp;&amp;nbsp;&amp;nbsp;&amp;nbsp;&amp;nbsp;&amp;nbsp;&amp;nbsp;&amp;nbsp;&lt;/span&gt;&lt;span style="color: var(--highlight-default)"&gt;$this&lt;/span&gt;&lt;span style="color: var(--highlight-keyword)"&gt;-&amp;gt;{&lt;/span&gt;&lt;span style="color: var(--highlight-default)"&gt;$method&lt;/span&gt;&lt;span style="color: var(--highlight-keyword)"&gt;}();&lt;/span&gt;&lt;/code&gt;&lt;/li&gt;
&lt;li&gt;&lt;code&gt;&lt;span style="color: var(--highlight-keyword)"&gt;&amp;nbsp;&amp;nbsp;&amp;nbsp;&amp;nbsp;&amp;nbsp;&amp;nbsp;&amp;nbsp;&amp;nbsp;&amp;nbsp;&amp;nbsp;&amp;nbsp;&amp;nbsp;}&lt;/span&gt;&lt;/code&gt;&lt;/li&gt;&lt;/ol&gt;    &lt;/div&gt;            &lt;/div&gt;
                        &lt;div class="trace-line "&gt;
                &lt;div class="trace-line-header break-long-words sf-toggle" data-toggle-selector="#trace-html-2-18" data-toggle-initial=""&gt;
            &lt;span class="icon icon-close"&gt;&lt;svg width="1792" height="1792" viewBox="0 0 1792 1792" xmlns="http://www.w3.org/2000/svg"&gt;&lt;path d="M1408 960V832q0-26-19-45t-45-19H448q-26 0-45 19t-19 45v128q0 26 19 45t45 19h896q26 0 45-19t19-45zm256-544v960q0 119-84.5 203.5T1376 1664H416q-119 0-203.5-84.5T128 1376V416q0-119 84.5-203.5T416 128h960q119 0 203.5 84.5T1664 416z"/&gt;&lt;/svg&gt;&lt;/span&gt;
        &lt;span class="icon icon-open"&gt;&lt;svg width="1792" height="1792" viewBox="0 0 1792 1792" xmlns="http://www.w3.org/2000/svg"&gt;&lt;path d="M1408 960V832q0-26-19-45t-45-19h-320V448q0-26-19-45t-45-19H832q-26 0-45 19t-19 45v320H448q-26 0-45 19t-19 45v128q0 26 19 45t45 19h320v320q0 26 19 45t45 19h128q26 0 45-19t19-45v-320h320q26 0 45-19t19-45zm256-544v960q0 119-84.5 203.5T1376 1664H416q-119 0-203.5-84.5T128 1376V416q0-119 84.5-203.5T416 128h960q119 0 203.5 84.5T1664 416z"/&gt;&lt;/svg&gt;&lt;/span&gt;
    
            &lt;span class="trace-class"&gt;&lt;abbr title="PHPUnit\Framework\TestCase"&gt;TestCase&lt;/abbr&gt;&lt;/span&gt;&lt;span class="trace-type"&gt;-&gt;&lt;/span&gt;&lt;span class="trace-method"&gt;runBare&lt;/span&gt;&lt;span class="trace-arguments"&gt;()&lt;/span&gt;    
                    &lt;span class="block trace-file-path"&gt;
            in
            &lt;a href=""&gt;
                C:\Users\eman\Documents\GitHub\car_dealer\vendor\phpunit\phpunit\src\Framework\&lt;strong&gt;TestResult.php&lt;/strong&gt;
            &lt;/a&gt;
                        (line 726)
            &lt;span class="icon icon-copy hidden" data-clipboard-text="C:\Users\eman\Documents\GitHub\car_dealer\vendor\phpunit\phpunit\src\Framework\TestResult.php:726"&gt;
                &lt;svg xmlns="http://www.w3.org/2000/svg" height="24" viewBox="0 0 24 24" width="24"&gt;&lt;path d="M0 0h24v24H0z" fill="none"/&gt;&lt;path d="M16 1H4c-1.1 0-2 .9-2 2v14h2V3h12V1zm3 4H8c-1.1 0-2 .9-2 2v14c0 1.1.9 2 2 2h11c1.1 0 2-.9 2-2V7c0-1.1-.9-2-2-2zm0 16H8V7h11v14z"/&gt;&lt;/svg&gt;            &lt;/span&gt;
        &lt;/span&gt;
    &lt;/div&gt;
    &lt;div id="trace-html-2-18" class="trace-code sf-toggle-content"&gt;
        &lt;ol start="721"&gt;&lt;li&gt;&lt;code&gt;&lt;span style="color: var(--highlight-keyword)"&gt;&amp;nbsp;&amp;nbsp;&amp;nbsp;&amp;nbsp;&amp;nbsp;&amp;nbsp;&amp;nbsp;&amp;nbsp;&amp;nbsp;&amp;nbsp;&amp;nbsp;&amp;nbsp;&amp;nbsp;&amp;nbsp;&amp;nbsp;&amp;nbsp;&amp;nbsp;&amp;nbsp;&amp;nbsp;&amp;nbsp;&amp;nbsp;&amp;nbsp;&amp;nbsp;&amp;nbsp;&lt;/span&gt;&lt;span style="color: var(--highlight-default)"&gt;$_timeout&amp;nbsp;&lt;/span&gt;&lt;span style="color: var(--highlight-keyword)"&gt;=&amp;nbsp;&lt;/span&gt;&lt;span style="color: var(--highlight-default)"&gt;$this&lt;/span&gt;&lt;span style="color: var(--highlight-keyword)"&gt;-&amp;gt;&lt;/span&gt;&lt;span style="color: var(--highlight-default)"&gt;defaultTimeLimit&lt;/span&gt;&lt;span style="color: var(--highlight-keyword)"&gt;;&lt;/span&gt;&lt;/code&gt;&lt;/li&gt;
&lt;li&gt;&lt;code&gt;&lt;span style="color: var(--highlight-keyword)"&gt;&amp;nbsp;&amp;nbsp;&amp;nbsp;&amp;nbsp;&amp;nbsp;&amp;nbsp;&amp;nbsp;&amp;nbsp;&amp;nbsp;&amp;nbsp;&amp;nbsp;&amp;nbsp;&amp;nbsp;&amp;nbsp;&amp;nbsp;&amp;nbsp;}&lt;/span&gt;&lt;/code&gt;&lt;/li&gt;
&lt;li&gt;&lt;code&gt;&lt;span style="color: var(--highlight-keyword)"&gt;&lt;/span&gt;&lt;/code&gt;&lt;/li&gt;
&lt;li&gt;&lt;code&gt;&lt;span style="color: var(--highlight-keyword)"&gt;&amp;nbsp;&amp;nbsp;&amp;nbsp;&amp;nbsp;&amp;nbsp;&amp;nbsp;&amp;nbsp;&amp;nbsp;&amp;nbsp;&amp;nbsp;&amp;nbsp;&amp;nbsp;&amp;nbsp;&amp;nbsp;&amp;nbsp;&amp;nbsp;&lt;/span&gt;&lt;span style="color: var(--highlight-default)"&gt;$invoker&lt;/span&gt;&lt;span style="color: var(--highlight-keyword)"&gt;-&amp;gt;&lt;/span&gt;&lt;span style="color: var(--highlight-default)"&gt;invoke&lt;/span&gt;&lt;span style="color: var(--highlight-keyword)"&gt;([&lt;/span&gt;&lt;span style="color: var(--highlight-default)"&gt;$test&lt;/span&gt;&lt;span style="color: var(--highlight-keyword)"&gt;,&amp;nbsp;&lt;/span&gt;&lt;span style="color: var(--highlight-string)"&gt;'runBare'&lt;/span&gt;&lt;span style="color: var(--highlight-keyword)"&gt;],&amp;nbsp;[],&amp;nbsp;&lt;/span&gt;&lt;span style="color: var(--highlight-default)"&gt;$_timeout&lt;/span&gt;&lt;span style="color: var(--highlight-keyword)"&gt;);&lt;/span&gt;&lt;/code&gt;&lt;/li&gt;
&lt;li&gt;&lt;code&gt;&lt;span style="color: var(--highlight-keyword)"&gt;&amp;nbsp;&amp;nbsp;&amp;nbsp;&amp;nbsp;&amp;nbsp;&amp;nbsp;&amp;nbsp;&amp;nbsp;&amp;nbsp;&amp;nbsp;&amp;nbsp;&amp;nbsp;}&amp;nbsp;else&amp;nbsp;{&lt;/span&gt;&lt;/code&gt;&lt;/li&gt;
&lt;li class="selected"&gt;&lt;code&gt;&lt;span style="color: var(--highlight-keyword)"&gt;&amp;nbsp;&amp;nbsp;&amp;nbsp;&amp;nbsp;&amp;nbsp;&amp;nbsp;&amp;nbsp;&amp;nbsp;&amp;nbsp;&amp;nbsp;&amp;nbsp;&amp;nbsp;&amp;nbsp;&amp;nbsp;&amp;nbsp;&amp;nbsp;&lt;/span&gt;&lt;span style="color: var(--highlight-default)"&gt;$test&lt;/span&gt;&lt;span style="color: var(--highlight-keyword)"&gt;-&amp;gt;&lt;/span&gt;&lt;span style="color: var(--highlight-default)"&gt;runBare&lt;/span&gt;&lt;span style="color: var(--highlight-keyword)"&gt;();&lt;/span&gt;&lt;/code&gt;&lt;/li&gt;
&lt;li&gt;&lt;code&gt;&lt;span style="color: var(--highlight-keyword)"&gt;&amp;nbsp;&amp;nbsp;&amp;nbsp;&amp;nbsp;&amp;nbsp;&amp;nbsp;&amp;nbsp;&amp;nbsp;&amp;nbsp;&amp;nbsp;&amp;nbsp;&amp;nbsp;}&lt;/span&gt;&lt;/code&gt;&lt;/li&gt;
&lt;li&gt;&lt;code&gt;&lt;span style="color: var(--highlight-keyword)"&gt;&amp;nbsp;&amp;nbsp;&amp;nbsp;&amp;nbsp;&amp;nbsp;&amp;nbsp;&amp;nbsp;&amp;nbsp;}&amp;nbsp;catch&amp;nbsp;(&lt;/span&gt;&lt;span style="color: var(--highlight-default)"&gt;TimeoutException&amp;nbsp;$e&lt;/span&gt;&lt;span style="color: var(--highlight-keyword)"&gt;)&amp;nbsp;{&lt;/span&gt;&lt;/code&gt;&lt;/li&gt;
&lt;li&gt;&lt;code&gt;&lt;span style="color: var(--highlight-keyword)"&gt;&amp;nbsp;&amp;nbsp;&amp;nbsp;&amp;nbsp;&amp;nbsp;&amp;nbsp;&amp;nbsp;&amp;nbsp;&amp;nbsp;&amp;nbsp;&amp;nbsp;&amp;nbsp;&lt;/span&gt;&lt;span style="color: var(--highlight-default)"&gt;$this&lt;/span&gt;&lt;span style="color: var(--highlight-keyword)"&gt;-&amp;gt;&lt;/span&gt;&lt;span style="color: var(--highlight-default)"&gt;addFailure&lt;/span&gt;&lt;span style="color: var(--highlight-keyword)"&gt;(&lt;/span&gt;&lt;/code&gt;&lt;/li&gt;
&lt;li&gt;&lt;code&gt;&lt;span style="color: var(--highlight-keyword)"&gt;&amp;nbsp;&amp;nbsp;&amp;nbsp;&amp;nbsp;&amp;nbsp;&amp;nbsp;&amp;nbsp;&amp;nbsp;&amp;nbsp;&amp;nbsp;&amp;nbsp;&amp;nbsp;&amp;nbsp;&amp;nbsp;&amp;nbsp;&amp;nbsp;&lt;/span&gt;&lt;span style="color: var(--highlight-default)"&gt;$test&lt;/span&gt;&lt;span style="color: var(--highlight-keyword)"&gt;,&lt;/span&gt;&lt;/code&gt;&lt;/li&gt;
&lt;li&gt;&lt;code&gt;&lt;span style="color: var(--highlight-keyword)"&gt;&amp;nbsp;&amp;nbsp;&amp;nbsp;&amp;nbsp;&amp;nbsp;&amp;nbsp;&amp;nbsp;&amp;nbsp;&amp;nbsp;&amp;nbsp;&amp;nbsp;&amp;nbsp;&amp;nbsp;&amp;nbsp;&amp;nbsp;&amp;nbsp;new&amp;nbsp;&lt;/span&gt;&lt;span style="color: var(--highlight-default)"&gt;RiskyTestError&lt;/span&gt;&lt;span style="color: var(--highlight-keyword)"&gt;(&lt;/span&gt;&lt;/code&gt;&lt;/li&gt;&lt;/ol&gt;    &lt;/div&gt;            &lt;/div&gt;
                        &lt;div class="trace-line "&gt;
                &lt;div class="trace-line-header break-long-words sf-toggle" data-toggle-selector="#trace-html-2-19" data-toggle-initial=""&gt;
            &lt;span class="icon icon-close"&gt;&lt;svg width="1792" height="1792" viewBox="0 0 1792 1792" xmlns="http://www.w3.org/2000/svg"&gt;&lt;path d="M1408 960V832q0-26-19-45t-45-19H448q-26 0-45 19t-19 45v128q0 26 19 45t45 19h896q26 0 45-19t19-45zm256-544v960q0 119-84.5 203.5T1376 1664H416q-119 0-203.5-84.5T128 1376V416q0-119 84.5-203.5T416 128h960q119 0 203.5 84.5T1664 416z"/&gt;&lt;/svg&gt;&lt;/span&gt;
        &lt;span class="icon icon-open"&gt;&lt;svg width="1792" height="1792" viewBox="0 0 1792 1792" xmlns="http://www.w3.org/2000/svg"&gt;&lt;path d="M1408 960V832q0-26-19-45t-45-19h-320V448q0-26-19-45t-45-19H832q-26 0-45 19t-19 45v320H448q-26 0-45 19t-19 45v128q0 26 19 45t45 19h320v320q0 26 19 45t45 19h128q26 0 45-19t19-45v-320h320q26 0 45-19t19-45zm256-544v960q0 119-84.5 203.5T1376 1664H416q-119 0-203.5-84.5T128 1376V416q0-119 84.5-203.5T416 128h960q119 0 203.5 84.5T1664 416z"/&gt;&lt;/svg&gt;&lt;/span&gt;
    
            &lt;span class="trace-class"&gt;&lt;abbr title="PHPUnit\Framework\TestResult"&gt;TestResult&lt;/abbr&gt;&lt;/span&gt;&lt;span class="trace-type"&gt;-&gt;&lt;/span&gt;&lt;span class="trace-method"&gt;run&lt;/span&gt;&lt;span class="trace-arguments"&gt;()&lt;/span&gt;    
                    &lt;span class="block trace-file-path"&gt;
            in
            &lt;a href=""&gt;
                C:\Users\eman\Documents\GitHub\car_dealer\vendor\phpunit\phpunit\src\Framework\&lt;strong&gt;TestCase.php&lt;/strong&gt;
            &lt;/a&gt;
                        (line 903)
            &lt;span class="icon icon-copy hidden" data-clipboard-text="C:\Users\eman\Documents\GitHub\car_dealer\vendor\phpunit\phpunit\src\Framework\TestCase.php:903"&gt;
                &lt;svg xmlns="http://www.w3.org/2000/svg" height="24" viewBox="0 0 24 24" width="24"&gt;&lt;path d="M0 0h24v24H0z" fill="none"/&gt;&lt;path d="M16 1H4c-1.1 0-2 .9-2 2v14h2V3h12V1zm3 4H8c-1.1 0-2 .9-2 2v14c0 1.1.9 2 2 2h11c1.1 0 2-.9 2-2V7c0-1.1-.9-2-2-2zm0 16H8V7h11v14z"/&gt;&lt;/svg&gt;            &lt;/span&gt;
        &lt;/span&gt;
    &lt;/div&gt;
    &lt;div id="trace-html-2-19" class="trace-code sf-toggle-content"&gt;
        &lt;ol start="898"&gt;&lt;li&gt;&lt;code&gt;&lt;span style="color: var(--highlight-keyword)"&gt;&amp;nbsp;&amp;nbsp;&amp;nbsp;&amp;nbsp;&amp;nbsp;&amp;nbsp;&amp;nbsp;&amp;nbsp;&amp;nbsp;&amp;nbsp;&amp;nbsp;&amp;nbsp;&lt;/span&gt;&lt;span style="color: var(--highlight-default)"&gt;$template&lt;/span&gt;&lt;span style="color: var(--highlight-keyword)"&gt;-&amp;gt;&lt;/span&gt;&lt;span style="color: var(--highlight-default)"&gt;setVar&lt;/span&gt;&lt;span style="color: var(--highlight-keyword)"&gt;(&lt;/span&gt;&lt;span style="color: var(--highlight-default)"&gt;$var&lt;/span&gt;&lt;span style="color: var(--highlight-keyword)"&gt;);&lt;/span&gt;&lt;/code&gt;&lt;/li&gt;
&lt;li&gt;&lt;code&gt;&lt;span style="color: var(--highlight-keyword)"&gt;&lt;/span&gt;&lt;/code&gt;&lt;/li&gt;
&lt;li&gt;&lt;code&gt;&lt;span style="color: var(--highlight-keyword)"&gt;&amp;nbsp;&amp;nbsp;&amp;nbsp;&amp;nbsp;&amp;nbsp;&amp;nbsp;&amp;nbsp;&amp;nbsp;&amp;nbsp;&amp;nbsp;&amp;nbsp;&amp;nbsp;&lt;/span&gt;&lt;span style="color: var(--highlight-default)"&gt;$php&amp;nbsp;&lt;/span&gt;&lt;span style="color: var(--highlight-keyword)"&gt;=&amp;nbsp;&lt;/span&gt;&lt;span style="color: var(--highlight-default)"&gt;AbstractPhpProcess&lt;/span&gt;&lt;span style="color: var(--highlight-keyword)"&gt;::&lt;/span&gt;&lt;span style="color: var(--highlight-default)"&gt;factory&lt;/span&gt;&lt;span style="color: var(--highlight-keyword)"&gt;();&lt;/span&gt;&lt;/code&gt;&lt;/li&gt;
&lt;li&gt;&lt;code&gt;&lt;span style="color: var(--highlight-keyword)"&gt;&amp;nbsp;&amp;nbsp;&amp;nbsp;&amp;nbsp;&amp;nbsp;&amp;nbsp;&amp;nbsp;&amp;nbsp;&amp;nbsp;&amp;nbsp;&amp;nbsp;&amp;nbsp;&lt;/span&gt;&lt;span style="color: var(--highlight-default)"&gt;$php&lt;/span&gt;&lt;span style="color: var(--highlight-keyword)"&gt;-&amp;gt;&lt;/span&gt;&lt;span style="color: var(--highlight-default)"&gt;runTestJob&lt;/span&gt;&lt;span style="color: var(--highlight-keyword)"&gt;(&lt;/span&gt;&lt;span style="color: var(--highlight-default)"&gt;$template&lt;/span&gt;&lt;span style="color: var(--highlight-keyword)"&gt;-&amp;gt;&lt;/span&gt;&lt;span style="color: var(--highlight-default)"&gt;render&lt;/span&gt;&lt;span style="color: var(--highlight-keyword)"&gt;(),&amp;nbsp;&lt;/span&gt;&lt;span style="color: var(--highlight-default)"&gt;$this&lt;/span&gt;&lt;span style="color: var(--highlight-keyword)"&gt;,&amp;nbsp;&lt;/span&gt;&lt;span style="color: var(--highlight-default)"&gt;$result&lt;/span&gt;&lt;span style="color: var(--highlight-keyword)"&gt;);&lt;/span&gt;&lt;/code&gt;&lt;/li&gt;
&lt;li&gt;&lt;code&gt;&lt;span style="color: var(--highlight-keyword)"&gt;&amp;nbsp;&amp;nbsp;&amp;nbsp;&amp;nbsp;&amp;nbsp;&amp;nbsp;&amp;nbsp;&amp;nbsp;}&amp;nbsp;else&amp;nbsp;{&lt;/span&gt;&lt;/code&gt;&lt;/li&gt;
&lt;li class="selected"&gt;&lt;code&gt;&lt;span style="color: var(--highlight-keyword)"&gt;&amp;nbsp;&amp;nbsp;&amp;nbsp;&amp;nbsp;&amp;nbsp;&amp;nbsp;&amp;nbsp;&amp;nbsp;&amp;nbsp;&amp;nbsp;&amp;nbsp;&amp;nbsp;&lt;/span&gt;&lt;span style="color: var(--highlight-default)"&gt;$result&lt;/span&gt;&lt;span style="color: var(--highlight-keyword)"&gt;-&amp;gt;&lt;/span&gt;&lt;span style="color: var(--highlight-default)"&gt;run&lt;/span&gt;&lt;span style="color: var(--highlight-keyword)"&gt;(&lt;/span&gt;&lt;span style="color: var(--highlight-default)"&gt;$this&lt;/span&gt;&lt;span style="color: var(--highlight-keyword)"&gt;);&lt;/span&gt;&lt;/code&gt;&lt;/li&gt;
&lt;li&gt;&lt;code&gt;&lt;span style="color: var(--highlight-keyword)"&gt;&amp;nbsp;&amp;nbsp;&amp;nbsp;&amp;nbsp;&amp;nbsp;&amp;nbsp;&amp;nbsp;&amp;nbsp;}&lt;/span&gt;&lt;/code&gt;&lt;/li&gt;
&lt;li&gt;&lt;code&gt;&lt;span style="color: var(--highlight-keyword)"&gt;&lt;/span&gt;&lt;/code&gt;&lt;/li&gt;
&lt;li&gt;&lt;code&gt;&lt;span style="color: var(--highlight-keyword)"&gt;&amp;nbsp;&amp;nbsp;&amp;nbsp;&amp;nbsp;&amp;nbsp;&amp;nbsp;&amp;nbsp;&amp;nbsp;&lt;/span&gt;&lt;span style="color: var(--highlight-default)"&gt;$this&lt;/span&gt;&lt;span style="color: var(--highlight-keyword)"&gt;-&amp;gt;&lt;/span&gt;&lt;span style="color: var(--highlight-default)"&gt;result&amp;nbsp;&lt;/span&gt;&lt;span style="color: var(--highlight-keyword)"&gt;=&amp;nbsp;&lt;/span&gt;&lt;span style="color: var(--highlight-default)"&gt;null&lt;/span&gt;&lt;span style="color: var(--highlight-keyword)"&gt;;&lt;/span&gt;&lt;/code&gt;&lt;/li&gt;
&lt;li&gt;&lt;code&gt;&lt;span style="color: var(--highlight-keyword)"&gt;&lt;/span&gt;&lt;/code&gt;&lt;/li&gt;
&lt;li&gt;&lt;code&gt;&lt;span style="color: var(--highlight-keyword)"&gt;&amp;nbsp;&amp;nbsp;&amp;nbsp;&amp;nbsp;&amp;nbsp;&amp;nbsp;&amp;nbsp;&amp;nbsp;return&amp;nbsp;&lt;/span&gt;&lt;span style="color: var(--highlight-default)"&gt;$result&lt;/span&gt;&lt;span style="color: var(--highlight-keyword)"&gt;;&lt;/span&gt;&lt;/code&gt;&lt;/li&gt;&lt;/ol&gt;    &lt;/div&gt;            &lt;/div&gt;
                        &lt;div class="trace-line "&gt;
                &lt;div class="trace-line-header break-long-words sf-toggle" data-toggle-selector="#trace-html-2-20" data-toggle-initial=""&gt;
            &lt;span class="icon icon-close"&gt;&lt;svg width="1792" height="1792" viewBox="0 0 1792 1792" xmlns="http://www.w3.org/2000/svg"&gt;&lt;path d="M1408 960V832q0-26-19-45t-45-19H448q-26 0-45 19t-19 45v128q0 26 19 45t45 19h896q26 0 45-19t19-45zm256-544v960q0 119-84.5 203.5T1376 1664H416q-119 0-203.5-84.5T128 1376V416q0-119 84.5-203.5T416 128h960q119 0 203.5 84.5T1664 416z"/&gt;&lt;/svg&gt;&lt;/span&gt;
        &lt;span class="icon icon-open"&gt;&lt;svg width="1792" height="1792" viewBox="0 0 1792 1792" xmlns="http://www.w3.org/2000/svg"&gt;&lt;path d="M1408 960V832q0-26-19-45t-45-19h-320V448q0-26-19-45t-45-19H832q-26 0-45 19t-19 45v320H448q-26 0-45 19t-19 45v128q0 26 19 45t45 19h320v320q0 26 19 45t45 19h128q26 0 45-19t19-45v-320h320q26 0 45-19t19-45zm256-544v960q0 119-84.5 203.5T1376 1664H416q-119 0-203.5-84.5T128 1376V416q0-119 84.5-203.5T416 128h960q119 0 203.5 84.5T1664 416z"/&gt;&lt;/svg&gt;&lt;/span&gt;
    
            &lt;span class="trace-class"&gt;&lt;abbr title="PHPUnit\Framework\TestCase"&gt;TestCase&lt;/abbr&gt;&lt;/span&gt;&lt;span class="trace-type"&gt;-&gt;&lt;/span&gt;&lt;span class="trace-method"&gt;run&lt;/span&gt;&lt;span class="trace-arguments"&gt;()&lt;/span&gt;    
                    &lt;span class="block trace-file-path"&gt;
            in
            &lt;a href=""&gt;
                C:\Users\eman\Documents\GitHub\car_dealer\vendor\phpunit\phpunit\src\Framework\&lt;strong&gt;TestSuite.php&lt;/strong&gt;
            &lt;/a&gt;
                        (line 678)
            &lt;span class="icon icon-copy hidden" data-clipboard-text="C:\Users\eman\Documents\GitHub\car_dealer\vendor\phpunit\phpunit\src\Framework\TestSuite.php:678"&gt;
                &lt;svg xmlns="http://www.w3.org/2000/svg" height="24" viewBox="0 0 24 24" width="24"&gt;&lt;path d="M0 0h24v24H0z" fill="none"/&gt;&lt;path d="M16 1H4c-1.1 0-2 .9-2 2v14h2V3h12V1zm3 4H8c-1.1 0-2 .9-2 2v14c0 1.1.9 2 2 2h11c1.1 0 2-.9 2-2V7c0-1.1-.9-2-2-2zm0 16H8V7h11v14z"/&gt;&lt;/svg&gt;            &lt;/span&gt;
        &lt;/span&gt;
    &lt;/div&gt;
    &lt;div id="trace-html-2-20" class="trace-code sf-toggle-content"&gt;
        &lt;ol start="673"&gt;&lt;li&gt;&lt;code&gt;&lt;span style="color: var(--highlight-keyword)"&gt;&amp;nbsp;&amp;nbsp;&amp;nbsp;&amp;nbsp;&amp;nbsp;&amp;nbsp;&amp;nbsp;&amp;nbsp;&amp;nbsp;&amp;nbsp;&amp;nbsp;&amp;nbsp;&amp;nbsp;&amp;nbsp;&amp;nbsp;&amp;nbsp;&lt;/span&gt;&lt;span style="color: var(--highlight-default)"&gt;$test&lt;/span&gt;&lt;span style="color: var(--highlight-keyword)"&gt;-&amp;gt;&lt;/span&gt;&lt;span style="color: var(--highlight-default)"&gt;setBackupGlobals&lt;/span&gt;&lt;span style="color: var(--highlight-keyword)"&gt;(&lt;/span&gt;&lt;span style="color: var(--highlight-default)"&gt;$this&lt;/span&gt;&lt;span style="color: var(--highlight-keyword)"&gt;-&amp;gt;&lt;/span&gt;&lt;span style="color: var(--highlight-default)"&gt;backupGlobals&lt;/span&gt;&lt;span style="color: var(--highlight-keyword)"&gt;);&lt;/span&gt;&lt;/code&gt;&lt;/li&gt;
&lt;li&gt;&lt;code&gt;&lt;span style="color: var(--highlight-keyword)"&gt;&amp;nbsp;&amp;nbsp;&amp;nbsp;&amp;nbsp;&amp;nbsp;&amp;nbsp;&amp;nbsp;&amp;nbsp;&amp;nbsp;&amp;nbsp;&amp;nbsp;&amp;nbsp;&amp;nbsp;&amp;nbsp;&amp;nbsp;&amp;nbsp;&lt;/span&gt;&lt;span style="color: var(--highlight-default)"&gt;$test&lt;/span&gt;&lt;span style="color: var(--highlight-keyword)"&gt;-&amp;gt;&lt;/span&gt;&lt;span style="color: var(--highlight-default)"&gt;setBackupStaticAttributes&lt;/span&gt;&lt;span style="color: var(--highlight-keyword)"&gt;(&lt;/span&gt;&lt;span style="color: var(--highlight-default)"&gt;$this&lt;/span&gt;&lt;span style="color: var(--highlight-keyword)"&gt;-&amp;gt;&lt;/span&gt;&lt;span style="color: var(--highlight-default)"&gt;backupStaticAttributes&lt;/span&gt;&lt;span style="color: var(--highlight-keyword)"&gt;);&lt;/span&gt;&lt;/code&gt;&lt;/li&gt;
&lt;li&gt;&lt;code&gt;&lt;span style="color: var(--highlight-keyword)"&gt;&amp;nbsp;&amp;nbsp;&amp;nbsp;&amp;nbsp;&amp;nbsp;&amp;nbsp;&amp;nbsp;&amp;nbsp;&amp;nbsp;&amp;nbsp;&amp;nbsp;&amp;nbsp;&amp;nbsp;&amp;nbsp;&amp;nbsp;&amp;nbsp;&lt;/span&gt;&lt;span style="color: var(--highlight-default)"&gt;$test&lt;/span&gt;&lt;span style="color: var(--highlight-keyword)"&gt;-&amp;gt;&lt;/span&gt;&lt;span style="color: var(--highlight-default)"&gt;setRunTestInSeparateProcess&lt;/span&gt;&lt;span style="color: var(--highlight-keyword)"&gt;(&lt;/span&gt;&lt;span style="color: var(--highlight-default)"&gt;$this&lt;/span&gt;&lt;span style="color: var(--highlight-keyword)"&gt;-&amp;gt;&lt;/span&gt;&lt;span style="color: var(--highlight-default)"&gt;runTestInSeparateProcess&lt;/span&gt;&lt;span style="color: var(--highlight-keyword)"&gt;);&lt;/span&gt;&lt;/code&gt;&lt;/li&gt;
&lt;li&gt;&lt;code&gt;&lt;span style="color: var(--highlight-keyword)"&gt;&amp;nbsp;&amp;nbsp;&amp;nbsp;&amp;nbsp;&amp;nbsp;&amp;nbsp;&amp;nbsp;&amp;nbsp;&amp;nbsp;&amp;nbsp;&amp;nbsp;&amp;nbsp;}&lt;/span&gt;&lt;/code&gt;&lt;/li&gt;
&lt;li&gt;&lt;code&gt;&lt;span style="color: var(--highlight-keyword)"&gt;&lt;/span&gt;&lt;/code&gt;&lt;/li&gt;
&lt;li class="selected"&gt;&lt;code&gt;&lt;span style="color: var(--highlight-keyword)"&gt;&amp;nbsp;&amp;nbsp;&amp;nbsp;&amp;nbsp;&amp;nbsp;&amp;nbsp;&amp;nbsp;&amp;nbsp;&amp;nbsp;&amp;nbsp;&amp;nbsp;&amp;nbsp;&lt;/span&gt;&lt;span style="color: var(--highlight-default)"&gt;$test&lt;/span&gt;&lt;span style="color: var(--highlight-keyword)"&gt;-&amp;gt;&lt;/span&gt;&lt;span style="color: var(--highlight-default)"&gt;run&lt;/span&gt;&lt;span style="color: var(--highlight-keyword)"&gt;(&lt;/span&gt;&lt;span style="color: var(--highlight-default)"&gt;$result&lt;/span&gt;&lt;span style="color: var(--highlight-keyword)"&gt;);&lt;/span&gt;&lt;/code&gt;&lt;/li&gt;
&lt;li&gt;&lt;code&gt;&lt;span style="color: var(--highlight-keyword)"&gt;&amp;nbsp;&amp;nbsp;&amp;nbsp;&amp;nbsp;&amp;nbsp;&amp;nbsp;&amp;nbsp;&amp;nbsp;}&lt;/span&gt;&lt;/code&gt;&lt;/li&gt;
&lt;li&gt;&lt;code&gt;&lt;span style="color: var(--highlight-keyword)"&gt;&lt;/span&gt;&lt;/code&gt;&lt;/li&gt;
&lt;li&gt;&lt;code&gt;&lt;span style="color: var(--highlight-keyword)"&gt;&amp;nbsp;&amp;nbsp;&amp;nbsp;&amp;nbsp;&amp;nbsp;&amp;nbsp;&amp;nbsp;&amp;nbsp;if&amp;nbsp;(&lt;/span&gt;&lt;span style="color: var(--highlight-default)"&gt;$this&lt;/span&gt;&lt;span style="color: var(--highlight-keyword)"&gt;-&amp;gt;&lt;/span&gt;&lt;span style="color: var(--highlight-default)"&gt;testCase&amp;nbsp;&lt;/span&gt;&lt;span style="color: var(--highlight-keyword)"&gt;&amp;amp;&amp;amp;&amp;nbsp;&lt;/span&gt;&lt;span style="color: var(--highlight-default)"&gt;class_exists&lt;/span&gt;&lt;span style="color: var(--highlight-keyword)"&gt;(&lt;/span&gt;&lt;span style="color: var(--highlight-default)"&gt;$this&lt;/span&gt;&lt;span style="color: var(--highlight-keyword)"&gt;-&amp;gt;&lt;/span&gt;&lt;span style="color: var(--highlight-default)"&gt;name&lt;/span&gt;&lt;span style="color: var(--highlight-keyword)"&gt;,&amp;nbsp;&lt;/span&gt;&lt;span style="color: var(--highlight-default)"&gt;false&lt;/span&gt;&lt;span style="color: var(--highlight-keyword)"&gt;))&amp;nbsp;{&lt;/span&gt;&lt;/code&gt;&lt;/li&gt;
&lt;li&gt;&lt;code&gt;&lt;span style="color: var(--highlight-keyword)"&gt;&amp;nbsp;&amp;nbsp;&amp;nbsp;&amp;nbsp;&amp;nbsp;&amp;nbsp;&amp;nbsp;&amp;nbsp;&amp;nbsp;&amp;nbsp;&amp;nbsp;&amp;nbsp;foreach&amp;nbsp;(&lt;/span&gt;&lt;span style="color: var(--highlight-default)"&gt;$hookMethods&lt;/span&gt;&lt;span style="color: var(--highlight-keyword)"&gt;[&lt;/span&gt;&lt;span style="color: var(--highlight-string)"&gt;'afterClass'&lt;/span&gt;&lt;span style="color: var(--highlight-keyword)"&gt;]&amp;nbsp;as&amp;nbsp;&lt;/span&gt;&lt;span style="color: var(--highlight-default)"&gt;$afterClassMethod&lt;/span&gt;&lt;span style="color: var(--highlight-keyword)"&gt;)&amp;nbsp;{&lt;/span&gt;&lt;/code&gt;&lt;/li&gt;
&lt;li&gt;&lt;code&gt;&lt;span style="color: var(--highlight-keyword)"&gt;&amp;nbsp;&amp;nbsp;&amp;nbsp;&amp;nbsp;&amp;nbsp;&amp;nbsp;&amp;nbsp;&amp;nbsp;&amp;nbsp;&amp;nbsp;&amp;nbsp;&amp;nbsp;&amp;nbsp;&amp;nbsp;&amp;nbsp;&amp;nbsp;if&amp;nbsp;(&lt;/span&gt;&lt;span style="color: var(--highlight-default)"&gt;method_exists&lt;/span&gt;&lt;span style="color: var(--highlight-keyword)"&gt;(&lt;/span&gt;&lt;span style="color: var(--highlight-default)"&gt;$this&lt;/span&gt;&lt;span style="color: var(--highlight-keyword)"&gt;-&amp;gt;&lt;/span&gt;&lt;span style="color: var(--highlight-default)"&gt;name&lt;/span&gt;&lt;span style="color: var(--highlight-keyword)"&gt;,&amp;nbsp;&lt;/span&gt;&lt;span style="color: var(--highlight-default)"&gt;$afterClassMethod&lt;/span&gt;&lt;span style="color: var(--highlight-keyword)"&gt;))&amp;nbsp;{&lt;/span&gt;&lt;/code&gt;&lt;/li&gt;&lt;/ol&gt;    &lt;/div&gt;            &lt;/div&gt;
                        &lt;div class="trace-line "&gt;
                &lt;div class="trace-line-header break-long-words sf-toggle" data-toggle-selector="#trace-html-2-21" data-toggle-initial=""&gt;
            &lt;span class="icon icon-close"&gt;&lt;svg width="1792" height="1792" viewBox="0 0 1792 1792" xmlns="http://www.w3.org/2000/svg"&gt;&lt;path d="M1408 960V832q0-26-19-45t-45-19H448q-26 0-45 19t-19 45v128q0 26 19 45t45 19h896q26 0 45-19t19-45zm256-544v960q0 119-84.5 203.5T1376 1664H416q-119 0-203.5-84.5T128 1376V416q0-119 84.5-203.5T416 128h960q119 0 203.5 84.5T1664 416z"/&gt;&lt;/svg&gt;&lt;/span&gt;
        &lt;span class="icon icon-open"&gt;&lt;svg width="1792" height="1792" viewBox="0 0 1792 1792" xmlns="http://www.w3.org/2000/svg"&gt;&lt;path d="M1408 960V832q0-26-19-45t-45-19h-320V448q0-26-19-45t-45-19H832q-26 0-45 19t-19 45v320H448q-26 0-45 19t-19 45v128q0 26 19 45t45 19h320v320q0 26 19 45t45 19h128q26 0 45-19t19-45v-320h320q26 0 45-19t19-45zm256-544v960q0 119-84.5 203.5T1376 1664H416q-119 0-203.5-84.5T128 1376V416q0-119 84.5-203.5T416 128h960q119 0 203.5 84.5T1664 416z"/&gt;&lt;/svg&gt;&lt;/span&gt;
    
            &lt;span class="trace-class"&gt;&lt;abbr title="PHPUnit\Framework\TestSuite"&gt;TestSuite&lt;/abbr&gt;&lt;/span&gt;&lt;span class="trace-type"&gt;-&gt;&lt;/span&gt;&lt;span class="trace-method"&gt;run&lt;/span&gt;&lt;span class="trace-arguments"&gt;()&lt;/span&gt;    
                    &lt;span class="block trace-file-path"&gt;
            in
            &lt;a href=""&gt;
                C:\Users\eman\Documents\GitHub\car_dealer\vendor\phpunit\phpunit\src\Framework\&lt;strong&gt;TestSuite.php&lt;/strong&gt;
            &lt;/a&gt;
                        (line 678)
            &lt;span class="icon icon-copy hidden" data-clipboard-text="C:\Users\eman\Documents\GitHub\car_dealer\vendor\phpunit\phpunit\src\Framework\TestSuite.php:678"&gt;
                &lt;svg xmlns="http://www.w3.org/2000/svg" height="24" viewBox="0 0 24 24" width="24"&gt;&lt;path d="M0 0h24v24H0z" fill="none"/&gt;&lt;path d="M16 1H4c-1.1 0-2 .9-2 2v14h2V3h12V1zm3 4H8c-1.1 0-2 .9-2 2v14c0 1.1.9 2 2 2h11c1.1 0 2-.9 2-2V7c0-1.1-.9-2-2-2zm0 16H8V7h11v14z"/&gt;&lt;/svg&gt;            &lt;/span&gt;
        &lt;/span&gt;
    &lt;/div&gt;
    &lt;div id="trace-html-2-21" class="trace-code sf-toggle-content"&gt;
        &lt;ol start="673"&gt;&lt;li&gt;&lt;code&gt;&lt;span style="color: var(--highlight-keyword)"&gt;&amp;nbsp;&amp;nbsp;&amp;nbsp;&amp;nbsp;&amp;nbsp;&amp;nbsp;&amp;nbsp;&amp;nbsp;&amp;nbsp;&amp;nbsp;&amp;nbsp;&amp;nbsp;&amp;nbsp;&amp;nbsp;&amp;nbsp;&amp;nbsp;&lt;/span&gt;&lt;span style="color: var(--highlight-default)"&gt;$test&lt;/span&gt;&lt;span style="color: var(--highlight-keyword)"&gt;-&amp;gt;&lt;/span&gt;&lt;span style="color: var(--highlight-default)"&gt;setBackupGlobals&lt;/span&gt;&lt;span style="color: var(--highlight-keyword)"&gt;(&lt;/span&gt;&lt;span style="color: var(--highlight-default)"&gt;$this&lt;/span&gt;&lt;span style="color: var(--highlight-keyword)"&gt;-&amp;gt;&lt;/span&gt;&lt;span style="color: var(--highlight-default)"&gt;backupGlobals&lt;/span&gt;&lt;span style="color: var(--highlight-keyword)"&gt;);&lt;/span&gt;&lt;/code&gt;&lt;/li&gt;
&lt;li&gt;&lt;code&gt;&lt;span style="color: var(--highlight-keyword)"&gt;&amp;nbsp;&amp;nbsp;&amp;nbsp;&amp;nbsp;&amp;nbsp;&amp;nbsp;&amp;nbsp;&amp;nbsp;&amp;nbsp;&amp;nbsp;&amp;nbsp;&amp;nbsp;&amp;nbsp;&amp;nbsp;&amp;nbsp;&amp;nbsp;&lt;/span&gt;&lt;span style="color: var(--highlight-default)"&gt;$test&lt;/span&gt;&lt;span style="color: var(--highlight-keyword)"&gt;-&amp;gt;&lt;/span&gt;&lt;span style="color: var(--highlight-default)"&gt;setBackupStaticAttributes&lt;/span&gt;&lt;span style="color: var(--highlight-keyword)"&gt;(&lt;/span&gt;&lt;span style="color: var(--highlight-default)"&gt;$this&lt;/span&gt;&lt;span style="color: var(--highlight-keyword)"&gt;-&amp;gt;&lt;/span&gt;&lt;span style="color: var(--highlight-default)"&gt;backupStaticAttributes&lt;/span&gt;&lt;span style="color: var(--highlight-keyword)"&gt;);&lt;/span&gt;&lt;/code&gt;&lt;/li&gt;
&lt;li&gt;&lt;code&gt;&lt;span style="color: var(--highlight-keyword)"&gt;&amp;nbsp;&amp;nbsp;&amp;nbsp;&amp;nbsp;&amp;nbsp;&amp;nbsp;&amp;nbsp;&amp;nbsp;&amp;nbsp;&amp;nbsp;&amp;nbsp;&amp;nbsp;&amp;nbsp;&amp;nbsp;&amp;nbsp;&amp;nbsp;&lt;/span&gt;&lt;span style="color: var(--highlight-default)"&gt;$test&lt;/span&gt;&lt;span style="color: var(--highlight-keyword)"&gt;-&amp;gt;&lt;/span&gt;&lt;span style="color: var(--highlight-default)"&gt;setRunTestInSeparateProcess&lt;/span&gt;&lt;span style="color: var(--highlight-keyword)"&gt;(&lt;/span&gt;&lt;span style="color: var(--highlight-default)"&gt;$this&lt;/span&gt;&lt;span style="color: var(--highlight-keyword)"&gt;-&amp;gt;&lt;/span&gt;&lt;span style="color: var(--highlight-default)"&gt;runTestInSeparateProcess&lt;/span&gt;&lt;span style="color: var(--highlight-keyword)"&gt;);&lt;/span&gt;&lt;/code&gt;&lt;/li&gt;
&lt;li&gt;&lt;code&gt;&lt;span style="color: var(--highlight-keyword)"&gt;&amp;nbsp;&amp;nbsp;&amp;nbsp;&amp;nbsp;&amp;nbsp;&amp;nbsp;&amp;nbsp;&amp;nbsp;&amp;nbsp;&amp;nbsp;&amp;nbsp;&amp;nbsp;}&lt;/span&gt;&lt;/code&gt;&lt;/li&gt;
&lt;li&gt;&lt;code&gt;&lt;span style="color: var(--highlight-keyword)"&gt;&lt;/span&gt;&lt;/code&gt;&lt;/li&gt;
&lt;li class="selected"&gt;&lt;code&gt;&lt;span style="color: var(--highlight-keyword)"&gt;&amp;nbsp;&amp;nbsp;&amp;nbsp;&amp;nbsp;&amp;nbsp;&amp;nbsp;&amp;nbsp;&amp;nbsp;&amp;nbsp;&amp;nbsp;&amp;nbsp;&amp;nbsp;&lt;/span&gt;&lt;span style="color: var(--highlight-default)"&gt;$test&lt;/span&gt;&lt;span style="color: var(--highlight-keyword)"&gt;-&amp;gt;&lt;/span&gt;&lt;span style="color: var(--highlight-default)"&gt;run&lt;/span&gt;&lt;span style="color: var(--highlight-keyword)"&gt;(&lt;/span&gt;&lt;span style="color: var(--highlight-default)"&gt;$result&lt;/span&gt;&lt;span style="color: var(--highlight-keyword)"&gt;);&lt;/span&gt;&lt;/code&gt;&lt;/li&gt;
&lt;li&gt;&lt;code&gt;&lt;span style="color: var(--highlight-keyword)"&gt;&amp;nbsp;&amp;nbsp;&amp;nbsp;&amp;nbsp;&amp;nbsp;&amp;nbsp;&amp;nbsp;&amp;nbsp;}&lt;/span&gt;&lt;/code&gt;&lt;/li&gt;
&lt;li&gt;&lt;code&gt;&lt;span style="color: var(--highlight-keyword)"&gt;&lt;/span&gt;&lt;/code&gt;&lt;/li&gt;
&lt;li&gt;&lt;code&gt;&lt;span style="color: var(--highlight-keyword)"&gt;&amp;nbsp;&amp;nbsp;&amp;nbsp;&amp;nbsp;&amp;nbsp;&amp;nbsp;&amp;nbsp;&amp;nbsp;if&amp;nbsp;(&lt;/span&gt;&lt;span style="color: var(--highlight-default)"&gt;$this&lt;/span&gt;&lt;span style="color: var(--highlight-keyword)"&gt;-&amp;gt;&lt;/span&gt;&lt;span style="color: var(--highlight-default)"&gt;testCase&amp;nbsp;&lt;/span&gt;&lt;span style="color: var(--highlight-keyword)"&gt;&amp;amp;&amp;amp;&amp;nbsp;&lt;/span&gt;&lt;span style="color: var(--highlight-default)"&gt;class_exists&lt;/span&gt;&lt;span style="color: var(--highlight-keyword)"&gt;(&lt;/span&gt;&lt;span style="color: var(--highlight-default)"&gt;$this&lt;/span&gt;&lt;span style="color: var(--highlight-keyword)"&gt;-&amp;gt;&lt;/span&gt;&lt;span style="color: var(--highlight-default)"&gt;name&lt;/span&gt;&lt;span style="color: var(--highlight-keyword)"&gt;,&amp;nbsp;&lt;/span&gt;&lt;span style="color: var(--highlight-default)"&gt;false&lt;/span&gt;&lt;span style="color: var(--highlight-keyword)"&gt;))&amp;nbsp;{&lt;/span&gt;&lt;/code&gt;&lt;/li&gt;
&lt;li&gt;&lt;code&gt;&lt;span style="color: var(--highlight-keyword)"&gt;&amp;nbsp;&amp;nbsp;&amp;nbsp;&amp;nbsp;&amp;nbsp;&amp;nbsp;&amp;nbsp;&amp;nbsp;&amp;nbsp;&amp;nbsp;&amp;nbsp;&amp;nbsp;foreach&amp;nbsp;(&lt;/span&gt;&lt;span style="color: var(--highlight-default)"&gt;$hookMethods&lt;/span&gt;&lt;span style="color: var(--highlight-keyword)"&gt;[&lt;/span&gt;&lt;span style="color: var(--highlight-string)"&gt;'afterClass'&lt;/span&gt;&lt;span style="color: var(--highlight-keyword)"&gt;]&amp;nbsp;as&amp;nbsp;&lt;/span&gt;&lt;span style="color: var(--highlight-default)"&gt;$afterClassMethod&lt;/span&gt;&lt;span style="color: var(--highlight-keyword)"&gt;)&amp;nbsp;{&lt;/span&gt;&lt;/code&gt;&lt;/li&gt;
&lt;li&gt;&lt;code&gt;&lt;span style="color: var(--highlight-keyword)"&gt;&amp;nbsp;&amp;nbsp;&amp;nbsp;&amp;nbsp;&amp;nbsp;&amp;nbsp;&amp;nbsp;&amp;nbsp;&amp;nbsp;&amp;nbsp;&amp;nbsp;&amp;nbsp;&amp;nbsp;&amp;nbsp;&amp;nbsp;&amp;nbsp;if&amp;nbsp;(&lt;/span&gt;&lt;span style="color: var(--highlight-default)"&gt;method_exists&lt;/span&gt;&lt;span style="color: var(--highlight-keyword)"&gt;(&lt;/span&gt;&lt;span style="color: var(--highlight-default)"&gt;$this&lt;/span&gt;&lt;span style="color: var(--highlight-keyword)"&gt;-&amp;gt;&lt;/span&gt;&lt;span style="color: var(--highlight-default)"&gt;name&lt;/span&gt;&lt;span style="color: var(--highlight-keyword)"&gt;,&amp;nbsp;&lt;/span&gt;&lt;span style="color: var(--highlight-default)"&gt;$afterClassMethod&lt;/span&gt;&lt;span style="color: var(--highlight-keyword)"&gt;))&amp;nbsp;{&lt;/span&gt;&lt;/code&gt;&lt;/li&gt;&lt;/ol&gt;    &lt;/div&gt;            &lt;/div&gt;
                        &lt;div class="trace-line "&gt;
                &lt;div class="trace-line-header break-long-words sf-toggle" data-toggle-selector="#trace-html-2-22" data-toggle-initial=""&gt;
            &lt;span class="icon icon-close"&gt;&lt;svg width="1792" height="1792" viewBox="0 0 1792 1792" xmlns="http://www.w3.org/2000/svg"&gt;&lt;path d="M1408 960V832q0-26-19-45t-45-19H448q-26 0-45 19t-19 45v128q0 26 19 45t45 19h896q26 0 45-19t19-45zm256-544v960q0 119-84.5 203.5T1376 1664H416q-119 0-203.5-84.5T128 1376V416q0-119 84.5-203.5T416 128h960q119 0 203.5 84.5T1664 416z"/&gt;&lt;/svg&gt;&lt;/span&gt;
        &lt;span class="icon icon-open"&gt;&lt;svg width="1792" height="1792" viewBox="0 0 1792 1792" xmlns="http://www.w3.org/2000/svg"&gt;&lt;path d="M1408 960V832q0-26-19-45t-45-19h-320V448q0-26-19-45t-45-19H832q-26 0-45 19t-19 45v320H448q-26 0-45 19t-19 45v128q0 26 19 45t45 19h320v320q0 26 19 45t45 19h128q26 0 45-19t19-45v-320h320q26 0 45-19t19-45zm256-544v960q0 119-84.5 203.5T1376 1664H416q-119 0-203.5-84.5T128 1376V416q0-119 84.5-203.5T416 128h960q119 0 203.5 84.5T1664 416z"/&gt;&lt;/svg&gt;&lt;/span&gt;
    
            &lt;span class="trace-class"&gt;&lt;abbr title="PHPUnit\Framework\TestSuite"&gt;TestSuite&lt;/abbr&gt;&lt;/span&gt;&lt;span class="trace-type"&gt;-&gt;&lt;/span&gt;&lt;span class="trace-method"&gt;run&lt;/span&gt;&lt;span class="trace-arguments"&gt;()&lt;/span&gt;    
                    &lt;span class="block trace-file-path"&gt;
            in
            &lt;a href=""&gt;
                C:\Users\eman\Documents\GitHub\car_dealer\vendor\phpunit\phpunit\src\Framework\&lt;strong&gt;TestSuite.php&lt;/strong&gt;
            &lt;/a&gt;
                        (line 678)
            &lt;span class="icon icon-copy hidden" data-clipboard-text="C:\Users\eman\Documents\GitHub\car_dealer\vendor\phpunit\phpunit\src\Framework\TestSuite.php:678"&gt;
                &lt;svg xmlns="http://www.w3.org/2000/svg" height="24" viewBox="0 0 24 24" width="24"&gt;&lt;path d="M0 0h24v24H0z" fill="none"/&gt;&lt;path d="M16 1H4c-1.1 0-2 .9-2 2v14h2V3h12V1zm3 4H8c-1.1 0-2 .9-2 2v14c0 1.1.9 2 2 2h11c1.1 0 2-.9 2-2V7c0-1.1-.9-2-2-2zm0 16H8V7h11v14z"/&gt;&lt;/svg&gt;            &lt;/span&gt;
        &lt;/span&gt;
    &lt;/div&gt;
    &lt;div id="trace-html-2-22" class="trace-code sf-toggle-content"&gt;
        &lt;ol start="673"&gt;&lt;li&gt;&lt;code&gt;&lt;span style="color: var(--highlight-keyword)"&gt;&amp;nbsp;&amp;nbsp;&amp;nbsp;&amp;nbsp;&amp;nbsp;&amp;nbsp;&amp;nbsp;&amp;nbsp;&amp;nbsp;&amp;nbsp;&amp;nbsp;&amp;nbsp;&amp;nbsp;&amp;nbsp;&amp;nbsp;&amp;nbsp;&lt;/span&gt;&lt;span style="color: var(--highlight-default)"&gt;$test&lt;/span&gt;&lt;span style="color: var(--highlight-keyword)"&gt;-&amp;gt;&lt;/span&gt;&lt;span style="color: var(--highlight-default)"&gt;setBackupGlobals&lt;/span&gt;&lt;span style="color: var(--highlight-keyword)"&gt;(&lt;/span&gt;&lt;span style="color: var(--highlight-default)"&gt;$this&lt;/span&gt;&lt;span style="color: var(--highlight-keyword)"&gt;-&amp;gt;&lt;/span&gt;&lt;span style="color: var(--highlight-default)"&gt;backupGlobals&lt;/span&gt;&lt;span style="color: var(--highlight-keyword)"&gt;);&lt;/span&gt;&lt;/code&gt;&lt;/li&gt;
&lt;li&gt;&lt;code&gt;&lt;span style="color: var(--highlight-keyword)"&gt;&amp;nbsp;&amp;nbsp;&amp;nbsp;&amp;nbsp;&amp;nbsp;&amp;nbsp;&amp;nbsp;&amp;nbsp;&amp;nbsp;&amp;nbsp;&amp;nbsp;&amp;nbsp;&amp;nbsp;&amp;nbsp;&amp;nbsp;&amp;nbsp;&lt;/span&gt;&lt;span style="color: var(--highlight-default)"&gt;$test&lt;/span&gt;&lt;span style="color: var(--highlight-keyword)"&gt;-&amp;gt;&lt;/span&gt;&lt;span style="color: var(--highlight-default)"&gt;setBackupStaticAttributes&lt;/span&gt;&lt;span style="color: var(--highlight-keyword)"&gt;(&lt;/span&gt;&lt;span style="color: var(--highlight-default)"&gt;$this&lt;/span&gt;&lt;span style="color: var(--highlight-keyword)"&gt;-&amp;gt;&lt;/span&gt;&lt;span style="color: var(--highlight-default)"&gt;backupStaticAttributes&lt;/span&gt;&lt;span style="color: var(--highlight-keyword)"&gt;);&lt;/span&gt;&lt;/code&gt;&lt;/li&gt;
&lt;li&gt;&lt;code&gt;&lt;span style="color: var(--highlight-keyword)"&gt;&amp;nbsp;&amp;nbsp;&amp;nbsp;&amp;nbsp;&amp;nbsp;&amp;nbsp;&amp;nbsp;&amp;nbsp;&amp;nbsp;&amp;nbsp;&amp;nbsp;&amp;nbsp;&amp;nbsp;&amp;nbsp;&amp;nbsp;&amp;nbsp;&lt;/span&gt;&lt;span style="color: var(--highlight-default)"&gt;$test&lt;/span&gt;&lt;span style="color: var(--highlight-keyword)"&gt;-&amp;gt;&lt;/span&gt;&lt;span style="color: var(--highlight-default)"&gt;setRunTestInSeparateProcess&lt;/span&gt;&lt;span style="color: var(--highlight-keyword)"&gt;(&lt;/span&gt;&lt;span style="color: var(--highlight-default)"&gt;$this&lt;/span&gt;&lt;span style="color: var(--highlight-keyword)"&gt;-&amp;gt;&lt;/span&gt;&lt;span style="color: var(--highlight-default)"&gt;runTestInSeparateProcess&lt;/span&gt;&lt;span style="color: var(--highlight-keyword)"&gt;);&lt;/span&gt;&lt;/code&gt;&lt;/li&gt;
&lt;li&gt;&lt;code&gt;&lt;span style="color: var(--highlight-keyword)"&gt;&amp;nbsp;&amp;nbsp;&amp;nbsp;&amp;nbsp;&amp;nbsp;&amp;nbsp;&amp;nbsp;&amp;nbsp;&amp;nbsp;&amp;nbsp;&amp;nbsp;&amp;nbsp;}&lt;/span&gt;&lt;/code&gt;&lt;/li&gt;
&lt;li&gt;&lt;code&gt;&lt;span style="color: var(--highlight-keyword)"&gt;&lt;/span&gt;&lt;/code&gt;&lt;/li&gt;
&lt;li class="selected"&gt;&lt;code&gt;&lt;span style="color: var(--highlight-keyword)"&gt;&amp;nbsp;&amp;nbsp;&amp;nbsp;&amp;nbsp;&amp;nbsp;&amp;nbsp;&amp;nbsp;&amp;nbsp;&amp;nbsp;&amp;nbsp;&amp;nbsp;&amp;nbsp;&lt;/span&gt;&lt;span style="color: var(--highlight-default)"&gt;$test&lt;/span&gt;&lt;span style="color: var(--highlight-keyword)"&gt;-&amp;gt;&lt;/span&gt;&lt;span style="color: var(--highlight-default)"&gt;run&lt;/span&gt;&lt;span style="color: var(--highlight-keyword)"&gt;(&lt;/span&gt;&lt;span style="color: var(--highlight-default)"&gt;$result&lt;/span&gt;&lt;span style="color: var(--highlight-keyword)"&gt;);&lt;/span&gt;&lt;/code&gt;&lt;/li&gt;
&lt;li&gt;&lt;code&gt;&lt;span style="color: var(--highlight-keyword)"&gt;&amp;nbsp;&amp;nbsp;&amp;nbsp;&amp;nbsp;&amp;nbsp;&amp;nbsp;&amp;nbsp;&amp;nbsp;}&lt;/span&gt;&lt;/code&gt;&lt;/li&gt;
&lt;li&gt;&lt;code&gt;&lt;span style="color: var(--highlight-keyword)"&gt;&lt;/span&gt;&lt;/code&gt;&lt;/li&gt;
&lt;li&gt;&lt;code&gt;&lt;span style="color: var(--highlight-keyword)"&gt;&amp;nbsp;&amp;nbsp;&amp;nbsp;&amp;nbsp;&amp;nbsp;&amp;nbsp;&amp;nbsp;&amp;nbsp;if&amp;nbsp;(&lt;/span&gt;&lt;span style="color: var(--highlight-default)"&gt;$this&lt;/span&gt;&lt;span style="color: var(--highlight-keyword)"&gt;-&amp;gt;&lt;/span&gt;&lt;span style="color: var(--highlight-default)"&gt;testCase&amp;nbsp;&lt;/span&gt;&lt;span style="color: var(--highlight-keyword)"&gt;&amp;amp;&amp;amp;&amp;nbsp;&lt;/span&gt;&lt;span style="color: var(--highlight-default)"&gt;class_exists&lt;/span&gt;&lt;span style="color: var(--highlight-keyword)"&gt;(&lt;/span&gt;&lt;span style="color: var(--highlight-default)"&gt;$this&lt;/span&gt;&lt;span style="color: var(--highlight-keyword)"&gt;-&amp;gt;&lt;/span&gt;&lt;span style="color: var(--highlight-default)"&gt;name&lt;/span&gt;&lt;span style="color: var(--highlight-keyword)"&gt;,&amp;nbsp;&lt;/span&gt;&lt;span style="color: var(--highlight-default)"&gt;false&lt;/span&gt;&lt;span style="color: var(--highlight-keyword)"&gt;))&amp;nbsp;{&lt;/span&gt;&lt;/code&gt;&lt;/li&gt;
&lt;li&gt;&lt;code&gt;&lt;span style="color: var(--highlight-keyword)"&gt;&amp;nbsp;&amp;nbsp;&amp;nbsp;&amp;nbsp;&amp;nbsp;&amp;nbsp;&amp;nbsp;&amp;nbsp;&amp;nbsp;&amp;nbsp;&amp;nbsp;&amp;nbsp;foreach&amp;nbsp;(&lt;/span&gt;&lt;span style="color: var(--highlight-default)"&gt;$hookMethods&lt;/span&gt;&lt;span style="color: var(--highlight-keyword)"&gt;[&lt;/span&gt;&lt;span style="color: var(--highlight-string)"&gt;'afterClass'&lt;/span&gt;&lt;span style="color: var(--highlight-keyword)"&gt;]&amp;nbsp;as&amp;nbsp;&lt;/span&gt;&lt;span style="color: var(--highlight-default)"&gt;$afterClassMethod&lt;/span&gt;&lt;span style="color: var(--highlight-keyword)"&gt;)&amp;nbsp;{&lt;/span&gt;&lt;/code&gt;&lt;/li&gt;
&lt;li&gt;&lt;code&gt;&lt;span style="color: var(--highlight-keyword)"&gt;&amp;nbsp;&amp;nbsp;&amp;nbsp;&amp;nbsp;&amp;nbsp;&amp;nbsp;&amp;nbsp;&amp;nbsp;&amp;nbsp;&amp;nbsp;&amp;nbsp;&amp;nbsp;&amp;nbsp;&amp;nbsp;&amp;nbsp;&amp;nbsp;if&amp;nbsp;(&lt;/span&gt;&lt;span style="color: var(--highlight-default)"&gt;method_exists&lt;/span&gt;&lt;span style="color: var(--highlight-keyword)"&gt;(&lt;/span&gt;&lt;span style="color: var(--highlight-default)"&gt;$this&lt;/span&gt;&lt;span style="color: var(--highlight-keyword)"&gt;-&amp;gt;&lt;/span&gt;&lt;span style="color: var(--highlight-default)"&gt;name&lt;/span&gt;&lt;span style="color: var(--highlight-keyword)"&gt;,&amp;nbsp;&lt;/span&gt;&lt;span style="color: var(--highlight-default)"&gt;$afterClassMethod&lt;/span&gt;&lt;span style="color: var(--highlight-keyword)"&gt;))&amp;nbsp;{&lt;/span&gt;&lt;/code&gt;&lt;/li&gt;&lt;/ol&gt;    &lt;/div&gt;            &lt;/div&gt;
                        &lt;div class="trace-line "&gt;
                &lt;div class="trace-line-header break-long-words sf-toggle" data-toggle-selector="#trace-html-2-23" data-toggle-initial=""&gt;
            &lt;span class="icon icon-close"&gt;&lt;svg width="1792" height="1792" viewBox="0 0 1792 1792" xmlns="http://www.w3.org/2000/svg"&gt;&lt;path d="M1408 960V832q0-26-19-45t-45-19H448q-26 0-45 19t-19 45v128q0 26 19 45t45 19h896q26 0 45-19t19-45zm256-544v960q0 119-84.5 203.5T1376 1664H416q-119 0-203.5-84.5T128 1376V416q0-119 84.5-203.5T416 128h960q119 0 203.5 84.5T1664 416z"/&gt;&lt;/svg&gt;&lt;/span&gt;
        &lt;span class="icon icon-open"&gt;&lt;svg width="1792" height="1792" viewBox="0 0 1792 1792" xmlns="http://www.w3.org/2000/svg"&gt;&lt;path d="M1408 960V832q0-26-19-45t-45-19h-320V448q0-26-19-45t-45-19H832q-26 0-45 19t-19 45v320H448q-26 0-45 19t-19 45v128q0 26 19 45t45 19h320v320q0 26 19 45t45 19h128q26 0 45-19t19-45v-320h320q26 0 45-19t19-45zm256-544v960q0 119-84.5 203.5T1376 1664H416q-119 0-203.5-84.5T128 1376V416q0-119 84.5-203.5T416 128h960q119 0 203.5 84.5T1664 416z"/&gt;&lt;/svg&gt;&lt;/span&gt;
    
            &lt;span class="trace-class"&gt;&lt;abbr title="PHPUnit\Framework\TestSuite"&gt;TestSuite&lt;/abbr&gt;&lt;/span&gt;&lt;span class="trace-type"&gt;-&gt;&lt;/span&gt;&lt;span class="trace-method"&gt;run&lt;/span&gt;&lt;span class="trace-arguments"&gt;()&lt;/span&gt;    
                    &lt;span class="block trace-file-path"&gt;
            in
            &lt;a href=""&gt;
                C:\Users\eman\Documents\GitHub\car_dealer\vendor\phpunit\phpunit\src\TextUI\&lt;strong&gt;TestRunner.php&lt;/strong&gt;
            &lt;/a&gt;
                        (line 670)
            &lt;span class="icon icon-copy hidden" data-clipboard-text="C:\Users\eman\Documents\GitHub\car_dealer\vendor\phpunit\phpunit\src\TextUI\TestRunner.php:670"&gt;
                &lt;svg xmlns="http://www.w3.org/2000/svg" height="24" viewBox="0 0 24 24" width="24"&gt;&lt;path d="M0 0h24v24H0z" fill="none"/&gt;&lt;path d="M16 1H4c-1.1 0-2 .9-2 2v14h2V3h12V1zm3 4H8c-1.1 0-2 .9-2 2v14c0 1.1.9 2 2 2h11c1.1 0 2-.9 2-2V7c0-1.1-.9-2-2-2zm0 16H8V7h11v14z"/&gt;&lt;/svg&gt;            &lt;/span&gt;
        &lt;/span&gt;
    &lt;/div&gt;
    &lt;div id="trace-html-2-23" class="trace-code sf-toggle-content"&gt;
        &lt;ol start="665"&gt;&lt;li&gt;&lt;code&gt;&lt;span style="color: var(--highlight-keyword)"&gt;&lt;/span&gt;&lt;/code&gt;&lt;/li&gt;
&lt;li&gt;&lt;code&gt;&lt;span style="color: var(--highlight-keyword)"&gt;&amp;nbsp;&amp;nbsp;&amp;nbsp;&amp;nbsp;&amp;nbsp;&amp;nbsp;&amp;nbsp;&amp;nbsp;if&amp;nbsp;(&lt;/span&gt;&lt;span style="color: var(--highlight-default)"&gt;$testSuiteWarningsPrinted&lt;/span&gt;&lt;span style="color: var(--highlight-keyword)"&gt;)&amp;nbsp;{&lt;/span&gt;&lt;/code&gt;&lt;/li&gt;
&lt;li&gt;&lt;code&gt;&lt;span style="color: var(--highlight-keyword)"&gt;&amp;nbsp;&amp;nbsp;&amp;nbsp;&amp;nbsp;&amp;nbsp;&amp;nbsp;&amp;nbsp;&amp;nbsp;&amp;nbsp;&amp;nbsp;&amp;nbsp;&amp;nbsp;&lt;/span&gt;&lt;span style="color: var(--highlight-default)"&gt;$this&lt;/span&gt;&lt;span style="color: var(--highlight-keyword)"&gt;-&amp;gt;&lt;/span&gt;&lt;span style="color: var(--highlight-default)"&gt;write&lt;/span&gt;&lt;span style="color: var(--highlight-keyword)"&gt;(&lt;/span&gt;&lt;span style="color: var(--highlight-default)"&gt;PHP_EOL&lt;/span&gt;&lt;span style="color: var(--highlight-keyword)"&gt;);&lt;/span&gt;&lt;/code&gt;&lt;/li&gt;
&lt;li&gt;&lt;code&gt;&lt;span style="color: var(--highlight-keyword)"&gt;&amp;nbsp;&amp;nbsp;&amp;nbsp;&amp;nbsp;&amp;nbsp;&amp;nbsp;&amp;nbsp;&amp;nbsp;}&lt;/span&gt;&lt;/code&gt;&lt;/li&gt;
&lt;li&gt;&lt;code&gt;&lt;span style="color: var(--highlight-keyword)"&gt;&lt;/span&gt;&lt;/code&gt;&lt;/li&gt;
&lt;li class="selected"&gt;&lt;code&gt;&lt;span style="color: var(--highlight-keyword)"&gt;&amp;nbsp;&amp;nbsp;&amp;nbsp;&amp;nbsp;&amp;nbsp;&amp;nbsp;&amp;nbsp;&amp;nbsp;&lt;/span&gt;&lt;span style="color: var(--highlight-default)"&gt;$suite&lt;/span&gt;&lt;span style="color: var(--highlight-keyword)"&gt;-&amp;gt;&lt;/span&gt;&lt;span style="color: var(--highlight-default)"&gt;run&lt;/span&gt;&lt;span style="color: var(--highlight-keyword)"&gt;(&lt;/span&gt;&lt;span style="color: var(--highlight-default)"&gt;$result&lt;/span&gt;&lt;span style="color: var(--highlight-keyword)"&gt;);&lt;/span&gt;&lt;/code&gt;&lt;/li&gt;
&lt;li&gt;&lt;code&gt;&lt;span style="color: var(--highlight-keyword)"&gt;&lt;/span&gt;&lt;/code&gt;&lt;/li&gt;
&lt;li&gt;&lt;code&gt;&lt;span style="color: var(--highlight-keyword)"&gt;&amp;nbsp;&amp;nbsp;&amp;nbsp;&amp;nbsp;&amp;nbsp;&amp;nbsp;&amp;nbsp;&amp;nbsp;foreach&amp;nbsp;(&lt;/span&gt;&lt;span style="color: var(--highlight-default)"&gt;$this&lt;/span&gt;&lt;span style="color: var(--highlight-keyword)"&gt;-&amp;gt;&lt;/span&gt;&lt;span style="color: var(--highlight-default)"&gt;extensions&amp;nbsp;&lt;/span&gt;&lt;span style="color: var(--highlight-keyword)"&gt;as&amp;nbsp;&lt;/span&gt;&lt;span style="color: var(--highlight-default)"&gt;$extension&lt;/span&gt;&lt;span style="color: var(--highlight-keyword)"&gt;)&amp;nbsp;{&lt;/span&gt;&lt;/code&gt;&lt;/li&gt;
&lt;li&gt;&lt;code&gt;&lt;span style="color: var(--highlight-keyword)"&gt;&amp;nbsp;&amp;nbsp;&amp;nbsp;&amp;nbsp;&amp;nbsp;&amp;nbsp;&amp;nbsp;&amp;nbsp;&amp;nbsp;&amp;nbsp;&amp;nbsp;&amp;nbsp;if&amp;nbsp;(&lt;/span&gt;&lt;span style="color: var(--highlight-default)"&gt;$extension&amp;nbsp;&lt;/span&gt;&lt;span style="color: var(--highlight-keyword)"&gt;instanceof&amp;nbsp;&lt;/span&gt;&lt;span style="color: var(--highlight-default)"&gt;AfterLastTestHook&lt;/span&gt;&lt;span style="color: var(--highlight-keyword)"&gt;)&amp;nbsp;{&lt;/span&gt;&lt;/code&gt;&lt;/li&gt;
&lt;li&gt;&lt;code&gt;&lt;span style="color: var(--highlight-keyword)"&gt;&amp;nbsp;&amp;nbsp;&amp;nbsp;&amp;nbsp;&amp;nbsp;&amp;nbsp;&amp;nbsp;&amp;nbsp;&amp;nbsp;&amp;nbsp;&amp;nbsp;&amp;nbsp;&amp;nbsp;&amp;nbsp;&amp;nbsp;&amp;nbsp;&lt;/span&gt;&lt;span style="color: var(--highlight-default)"&gt;$extension&lt;/span&gt;&lt;span style="color: var(--highlight-keyword)"&gt;-&amp;gt;&lt;/span&gt;&lt;span style="color: var(--highlight-default)"&gt;executeAfterLastTest&lt;/span&gt;&lt;span style="color: var(--highlight-keyword)"&gt;();&lt;/span&gt;&lt;/code&gt;&lt;/li&gt;
&lt;li&gt;&lt;code&gt;&lt;span style="color: var(--highlight-keyword)"&gt;&amp;nbsp;&amp;nbsp;&amp;nbsp;&amp;nbsp;&amp;nbsp;&amp;nbsp;&amp;nbsp;&amp;nbsp;&amp;nbsp;&amp;nbsp;&amp;nbsp;&amp;nbsp;}&lt;/span&gt;&lt;/code&gt;&lt;/li&gt;&lt;/ol&gt;    &lt;/div&gt;            &lt;/div&gt;
                        &lt;div class="trace-line "&gt;
                &lt;div class="trace-line-header break-long-words sf-toggle" data-toggle-selector="#trace-html-2-24" data-toggle-initial=""&gt;
            &lt;span class="icon icon-close"&gt;&lt;svg width="1792" height="1792" viewBox="0 0 1792 1792" xmlns="http://www.w3.org/2000/svg"&gt;&lt;path d="M1408 960V832q0-26-19-45t-45-19H448q-26 0-45 19t-19 45v128q0 26 19 45t45 19h896q26 0 45-19t19-45zm256-544v960q0 119-84.5 203.5T1376 1664H416q-119 0-203.5-84.5T128 1376V416q0-119 84.5-203.5T416 128h960q119 0 203.5 84.5T1664 416z"/&gt;&lt;/svg&gt;&lt;/span&gt;
        &lt;span class="icon icon-open"&gt;&lt;svg width="1792" height="1792" viewBox="0 0 1792 1792" xmlns="http://www.w3.org/2000/svg"&gt;&lt;path d="M1408 960V832q0-26-19-45t-45-19h-320V448q0-26-19-45t-45-19H832q-26 0-45 19t-19 45v320H448q-26 0-45 19t-19 45v128q0 26 19 45t45 19h320v320q0 26 19 45t45 19h128q26 0 45-19t19-45v-320h320q26 0 45-19t19-45zm256-544v960q0 119-84.5 203.5T1376 1664H416q-119 0-203.5-84.5T128 1376V416q0-119 84.5-203.5T416 128h960q119 0 203.5 84.5T1664 416z"/&gt;&lt;/svg&gt;&lt;/span&gt;
    
            &lt;span class="trace-class"&gt;&lt;abbr title="PHPUnit\TextUI\TestRunner"&gt;TestRunner&lt;/abbr&gt;&lt;/span&gt;&lt;span class="trace-type"&gt;-&gt;&lt;/span&gt;&lt;span class="trace-method"&gt;run&lt;/span&gt;&lt;span class="trace-arguments"&gt;()&lt;/span&gt;    
                    &lt;span class="block trace-file-path"&gt;
            in
            &lt;a href=""&gt;
                C:\Users\eman\Documents\GitHub\car_dealer\vendor\phpunit\phpunit\src\TextUI\&lt;strong&gt;Command.php&lt;/strong&gt;
            &lt;/a&gt;
                        (line 143)
            &lt;span class="icon icon-copy hidden" data-clipboard-text="C:\Users\eman\Documents\GitHub\car_dealer\vendor\phpunit\phpunit\src\TextUI\Command.php:143"&gt;
                &lt;svg xmlns="http://www.w3.org/2000/svg" height="24" viewBox="0 0 24 24" width="24"&gt;&lt;path d="M0 0h24v24H0z" fill="none"/&gt;&lt;path d="M16 1H4c-1.1 0-2 .9-2 2v14h2V3h12V1zm3 4H8c-1.1 0-2 .9-2 2v14c0 1.1.9 2 2 2h11c1.1 0 2-.9 2-2V7c0-1.1-.9-2-2-2zm0 16H8V7h11v14z"/&gt;&lt;/svg&gt;            &lt;/span&gt;
        &lt;/span&gt;
    &lt;/div&gt;
    &lt;div id="trace-html-2-24" class="trace-code sf-toggle-content"&gt;
        &lt;ol start="138"&gt;&lt;li&gt;&lt;code&gt;&lt;span style="color: var(--highlight-keyword)"&gt;&amp;nbsp;&amp;nbsp;&amp;nbsp;&amp;nbsp;&amp;nbsp;&amp;nbsp;&amp;nbsp;&amp;nbsp;}&lt;/span&gt;&lt;/code&gt;&lt;/li&gt;
&lt;li&gt;&lt;code&gt;&lt;span style="color: var(--highlight-keyword)"&gt;&lt;/span&gt;&lt;/code&gt;&lt;/li&gt;
&lt;li&gt;&lt;code&gt;&lt;span style="color: var(--highlight-keyword)"&gt;&amp;nbsp;&amp;nbsp;&amp;nbsp;&amp;nbsp;&amp;nbsp;&amp;nbsp;&amp;nbsp;&amp;nbsp;unset(&lt;/span&gt;&lt;span style="color: var(--highlight-default)"&gt;$this&lt;/span&gt;&lt;span style="color: var(--highlight-keyword)"&gt;-&amp;gt;&lt;/span&gt;&lt;span style="color: var(--highlight-default)"&gt;arguments&lt;/span&gt;&lt;span style="color: var(--highlight-keyword)"&gt;[&lt;/span&gt;&lt;span style="color: var(--highlight-string)"&gt;'test'&lt;/span&gt;&lt;span style="color: var(--highlight-keyword)"&gt;],&amp;nbsp;&lt;/span&gt;&lt;span style="color: var(--highlight-default)"&gt;$this&lt;/span&gt;&lt;span style="color: var(--highlight-keyword)"&gt;-&amp;gt;&lt;/span&gt;&lt;span style="color: var(--highlight-default)"&gt;arguments&lt;/span&gt;&lt;span style="color: var(--highlight-keyword)"&gt;[&lt;/span&gt;&lt;span style="color: var(--highlight-string)"&gt;'testFile'&lt;/span&gt;&lt;span style="color: var(--highlight-keyword)"&gt;]);&lt;/span&gt;&lt;/code&gt;&lt;/li&gt;
&lt;li&gt;&lt;code&gt;&lt;span style="color: var(--highlight-keyword)"&gt;&lt;/span&gt;&lt;/code&gt;&lt;/li&gt;
&lt;li&gt;&lt;code&gt;&lt;span style="color: var(--highlight-keyword)"&gt;&amp;nbsp;&amp;nbsp;&amp;nbsp;&amp;nbsp;&amp;nbsp;&amp;nbsp;&amp;nbsp;&amp;nbsp;try&amp;nbsp;{&lt;/span&gt;&lt;/code&gt;&lt;/li&gt;
&lt;li class="selected"&gt;&lt;code&gt;&lt;span style="color: var(--highlight-keyword)"&gt;&amp;nbsp;&amp;nbsp;&amp;nbsp;&amp;nbsp;&amp;nbsp;&amp;nbsp;&amp;nbsp;&amp;nbsp;&amp;nbsp;&amp;nbsp;&amp;nbsp;&amp;nbsp;&lt;/span&gt;&lt;span style="color: var(--highlight-default)"&gt;$result&amp;nbsp;&lt;/span&gt;&lt;span style="color: var(--highlight-keyword)"&gt;=&amp;nbsp;&lt;/span&gt;&lt;span style="color: var(--highlight-default)"&gt;$runner&lt;/span&gt;&lt;span style="color: var(--highlight-keyword)"&gt;-&amp;gt;&lt;/span&gt;&lt;span style="color: var(--highlight-default)"&gt;run&lt;/span&gt;&lt;span style="color: var(--highlight-keyword)"&gt;(&lt;/span&gt;&lt;span style="color: var(--highlight-default)"&gt;$suite&lt;/span&gt;&lt;span style="color: var(--highlight-keyword)"&gt;,&amp;nbsp;&lt;/span&gt;&lt;span style="color: var(--highlight-default)"&gt;$this&lt;/span&gt;&lt;span style="color: var(--highlight-keyword)"&gt;-&amp;gt;&lt;/span&gt;&lt;span style="color: var(--highlight-default)"&gt;arguments&lt;/span&gt;&lt;span style="color: var(--highlight-keyword)"&gt;,&amp;nbsp;&lt;/span&gt;&lt;span style="color: var(--highlight-default)"&gt;$this&lt;/span&gt;&lt;span style="color: var(--highlight-keyword)"&gt;-&amp;gt;&lt;/span&gt;&lt;span style="color: var(--highlight-default)"&gt;warnings&lt;/span&gt;&lt;span style="color: var(--highlight-keyword)"&gt;,&amp;nbsp;&lt;/span&gt;&lt;span style="color: var(--highlight-default)"&gt;$exit&lt;/span&gt;&lt;span style="color: var(--highlight-keyword)"&gt;);&lt;/span&gt;&lt;/code&gt;&lt;/li&gt;
&lt;li&gt;&lt;code&gt;&lt;span style="color: var(--highlight-keyword)"&gt;&amp;nbsp;&amp;nbsp;&amp;nbsp;&amp;nbsp;&amp;nbsp;&amp;nbsp;&amp;nbsp;&amp;nbsp;}&amp;nbsp;catch&amp;nbsp;(&lt;/span&gt;&lt;span style="color: var(--highlight-default)"&gt;Throwable&amp;nbsp;$t&lt;/span&gt;&lt;span style="color: var(--highlight-keyword)"&gt;)&amp;nbsp;{&lt;/span&gt;&lt;/code&gt;&lt;/li&gt;
&lt;li&gt;&lt;code&gt;&lt;span style="color: var(--highlight-keyword)"&gt;&amp;nbsp;&amp;nbsp;&amp;nbsp;&amp;nbsp;&amp;nbsp;&amp;nbsp;&amp;nbsp;&amp;nbsp;&amp;nbsp;&amp;nbsp;&amp;nbsp;&amp;nbsp;print&amp;nbsp;&lt;/span&gt;&lt;span style="color: var(--highlight-default)"&gt;$t&lt;/span&gt;&lt;span style="color: var(--highlight-keyword)"&gt;-&amp;gt;&lt;/span&gt;&lt;span style="color: var(--highlight-default)"&gt;getMessage&lt;/span&gt;&lt;span style="color: var(--highlight-keyword)"&gt;()&amp;nbsp;.&amp;nbsp;&lt;/span&gt;&lt;span style="color: var(--highlight-default)"&gt;PHP_EOL&lt;/span&gt;&lt;span style="color: var(--highlight-keyword)"&gt;;&lt;/span&gt;&lt;/code&gt;&lt;/li&gt;
&lt;li&gt;&lt;code&gt;&lt;span style="color: var(--highlight-keyword)"&gt;&amp;nbsp;&amp;nbsp;&amp;nbsp;&amp;nbsp;&amp;nbsp;&amp;nbsp;&amp;nbsp;&amp;nbsp;}&lt;/span&gt;&lt;/code&gt;&lt;/li&gt;
&lt;li&gt;&lt;code&gt;&lt;span style="color: var(--highlight-keyword)"&gt;&lt;/span&gt;&lt;/code&gt;&lt;/li&gt;
&lt;li&gt;&lt;code&gt;&lt;span style="color: var(--highlight-keyword)"&gt;&amp;nbsp;&amp;nbsp;&amp;nbsp;&amp;nbsp;&amp;nbsp;&amp;nbsp;&amp;nbsp;&amp;nbsp;&lt;/span&gt;&lt;span style="color: var(--highlight-default)"&gt;$return&amp;nbsp;&lt;/span&gt;&lt;span style="color: var(--highlight-keyword)"&gt;=&amp;nbsp;&lt;/span&gt;&lt;span style="color: var(--highlight-default)"&gt;TestRunner&lt;/span&gt;&lt;span style="color: var(--highlight-keyword)"&gt;::&lt;/span&gt;&lt;span style="color: var(--highlight-default)"&gt;FAILURE_EXIT&lt;/span&gt;&lt;span style="color: var(--highlight-keyword)"&gt;;&lt;/span&gt;&lt;/code&gt;&lt;/li&gt;&lt;/ol&gt;    &lt;/div&gt;            &lt;/div&gt;
                        &lt;div class="trace-line "&gt;
                &lt;div class="trace-line-header break-long-words sf-toggle" data-toggle-selector="#trace-html-2-25" data-toggle-initial=""&gt;
            &lt;span class="icon icon-close"&gt;&lt;svg width="1792" height="1792" viewBox="0 0 1792 1792" xmlns="http://www.w3.org/2000/svg"&gt;&lt;path d="M1408 960V832q0-26-19-45t-45-19H448q-26 0-45 19t-19 45v128q0 26 19 45t45 19h896q26 0 45-19t19-45zm256-544v960q0 119-84.5 203.5T1376 1664H416q-119 0-203.5-84.5T128 1376V416q0-119 84.5-203.5T416 128h960q119 0 203.5 84.5T1664 416z"/&gt;&lt;/svg&gt;&lt;/span&gt;
        &lt;span class="icon icon-open"&gt;&lt;svg width="1792" height="1792" viewBox="0 0 1792 1792" xmlns="http://www.w3.org/2000/svg"&gt;&lt;path d="M1408 960V832q0-26-19-45t-45-19h-320V448q0-26-19-45t-45-19H832q-26 0-45 19t-19 45v320H448q-26 0-45 19t-19 45v128q0 26 19 45t45 19h320v320q0 26 19 45t45 19h128q26 0 45-19t19-45v-320h320q26 0 45-19t19-45zm256-544v960q0 119-84.5 203.5T1376 1664H416q-119 0-203.5-84.5T128 1376V416q0-119 84.5-203.5T416 128h960q119 0 203.5 84.5T1664 416z"/&gt;&lt;/svg&gt;&lt;/span&gt;
    
            &lt;span class="trace-class"&gt;&lt;abbr title="PHPUnit\TextUI\Command"&gt;Command&lt;/abbr&gt;&lt;/span&gt;&lt;span class="trace-type"&gt;-&gt;&lt;/span&gt;&lt;span class="trace-method"&gt;run&lt;/span&gt;&lt;span class="trace-arguments"&gt;()&lt;/span&gt;    
                    &lt;span class="block trace-file-path"&gt;
            in
            &lt;a href=""&gt;
                C:\Users\eman\Documents\GitHub\car_dealer\vendor\phpunit\phpunit\src\TextUI\&lt;strong&gt;Command.php&lt;/strong&gt;
            &lt;/a&gt;
                        (line 96)
            &lt;span class="icon icon-copy hidden" data-clipboard-text="C:\Users\eman\Documents\GitHub\car_dealer\vendor\phpunit\phpunit\src\TextUI\Command.php:96"&gt;
                &lt;svg xmlns="http://www.w3.org/2000/svg" height="24" viewBox="0 0 24 24" width="24"&gt;&lt;path d="M0 0h24v24H0z" fill="none"/&gt;&lt;path d="M16 1H4c-1.1 0-2 .9-2 2v14h2V3h12V1zm3 4H8c-1.1 0-2 .9-2 2v14c0 1.1.9 2 2 2h11c1.1 0 2-.9 2-2V7c0-1.1-.9-2-2-2zm0 16H8V7h11v14z"/&gt;&lt;/svg&gt;            &lt;/span&gt;
        &lt;/span&gt;
    &lt;/div&gt;
    &lt;div id="trace-html-2-25" class="trace-code sf-toggle-content"&gt;
        &lt;ol start="91"&gt;&lt;li&gt;&lt;code&gt;&lt;span style="color: var(--highlight-comment)"&gt;&amp;nbsp;&amp;nbsp;&amp;nbsp;&amp;nbsp;&amp;nbsp;*&amp;nbsp;@throws&amp;nbsp;Exception&lt;/span&gt;&lt;/code&gt;&lt;/li&gt;
&lt;li&gt;&lt;code&gt;&lt;span style="color: var(--highlight-comment)"&gt;&amp;nbsp;&amp;nbsp;&amp;nbsp;&amp;nbsp;&amp;nbsp;*/&lt;/span&gt;&lt;/code&gt;&lt;/li&gt;
&lt;li&gt;&lt;code&gt;&lt;span style="color: var(--highlight-comment)"&gt;&amp;nbsp;&amp;nbsp;&amp;nbsp;&amp;nbsp;&lt;/span&gt;&lt;span style="color: var(--highlight-keyword)"&gt;public&amp;nbsp;static&amp;nbsp;function&amp;nbsp;&lt;/span&gt;&lt;span style="color: var(--highlight-default)"&gt;main&lt;/span&gt;&lt;span style="color: var(--highlight-keyword)"&gt;(&lt;/span&gt;&lt;span style="color: var(--highlight-default)"&gt;bool&amp;nbsp;$exit&amp;nbsp;&lt;/span&gt;&lt;span style="color: var(--highlight-keyword)"&gt;=&amp;nbsp;&lt;/span&gt;&lt;span style="color: var(--highlight-default)"&gt;true&lt;/span&gt;&lt;span style="color: var(--highlight-keyword)"&gt;):&amp;nbsp;&lt;/span&gt;&lt;span style="color: var(--highlight-default)"&gt;int&lt;/span&gt;&lt;/code&gt;&lt;/li&gt;
&lt;li&gt;&lt;code&gt;&lt;span style="color: var(--highlight-default)"&gt;&amp;nbsp;&amp;nbsp;&amp;nbsp;&amp;nbsp;&lt;/span&gt;&lt;span style="color: var(--highlight-keyword)"&gt;{&lt;/span&gt;&lt;/code&gt;&lt;/li&gt;
&lt;li&gt;&lt;code&gt;&lt;span style="color: var(--highlight-keyword)"&gt;&amp;nbsp;&amp;nbsp;&amp;nbsp;&amp;nbsp;&amp;nbsp;&amp;nbsp;&amp;nbsp;&amp;nbsp;try&amp;nbsp;{&lt;/span&gt;&lt;/code&gt;&lt;/li&gt;
&lt;li class="selected"&gt;&lt;code&gt;&lt;span style="color: var(--highlight-keyword)"&gt;&amp;nbsp;&amp;nbsp;&amp;nbsp;&amp;nbsp;&amp;nbsp;&amp;nbsp;&amp;nbsp;&amp;nbsp;&amp;nbsp;&amp;nbsp;&amp;nbsp;&amp;nbsp;return&amp;nbsp;(new&amp;nbsp;static)-&amp;gt;&lt;/span&gt;&lt;span style="color: var(--highlight-default)"&gt;run&lt;/span&gt;&lt;span style="color: var(--highlight-keyword)"&gt;(&lt;/span&gt;&lt;span style="color: var(--highlight-default)"&gt;$_SERVER&lt;/span&gt;&lt;span style="color: var(--highlight-keyword)"&gt;[&lt;/span&gt;&lt;span style="color: var(--highlight-string)"&gt;'argv'&lt;/span&gt;&lt;span style="color: var(--highlight-keyword)"&gt;],&amp;nbsp;&lt;/span&gt;&lt;span style="color: var(--highlight-default)"&gt;$exit&lt;/span&gt;&lt;span style="color: var(--highlight-keyword)"&gt;);&lt;/span&gt;&lt;/code&gt;&lt;/li&gt;
&lt;li&gt;&lt;code&gt;&lt;span style="color: var(--highlight-keyword)"&gt;&amp;nbsp;&amp;nbsp;&amp;nbsp;&amp;nbsp;&amp;nbsp;&amp;nbsp;&amp;nbsp;&amp;nbsp;}&amp;nbsp;catch&amp;nbsp;(&lt;/span&gt;&lt;span style="color: var(--highlight-default)"&gt;Throwable&amp;nbsp;$t&lt;/span&gt;&lt;span style="color: var(--highlight-keyword)"&gt;)&amp;nbsp;{&lt;/span&gt;&lt;/code&gt;&lt;/li&gt;
&lt;li&gt;&lt;code&gt;&lt;span style="color: var(--highlight-keyword)"&gt;&amp;nbsp;&amp;nbsp;&amp;nbsp;&amp;nbsp;&amp;nbsp;&amp;nbsp;&amp;nbsp;&amp;nbsp;&amp;nbsp;&amp;nbsp;&amp;nbsp;&amp;nbsp;throw&amp;nbsp;new&amp;nbsp;&lt;/span&gt;&lt;span style="color: var(--highlight-default)"&gt;RuntimeException&lt;/span&gt;&lt;span style="color: var(--highlight-keyword)"&gt;(&lt;/span&gt;&lt;/code&gt;&lt;/li&gt;
&lt;li&gt;&lt;code&gt;&lt;span style="color: var(--highlight-keyword)"&gt;&amp;nbsp;&amp;nbsp;&amp;nbsp;&amp;nbsp;&amp;nbsp;&amp;nbsp;&amp;nbsp;&amp;nbsp;&amp;nbsp;&amp;nbsp;&amp;nbsp;&amp;nbsp;&amp;nbsp;&amp;nbsp;&amp;nbsp;&amp;nbsp;&lt;/span&gt;&lt;span style="color: var(--highlight-default)"&gt;$t&lt;/span&gt;&lt;span style="color: var(--highlight-keyword)"&gt;-&amp;gt;&lt;/span&gt;&lt;span style="color: var(--highlight-default)"&gt;getMessage&lt;/span&gt;&lt;span style="color: var(--highlight-keyword)"&gt;(),&lt;/span&gt;&lt;/code&gt;&lt;/li&gt;
&lt;li&gt;&lt;code&gt;&lt;span style="color: var(--highlight-keyword)"&gt;&amp;nbsp;&amp;nbsp;&amp;nbsp;&amp;nbsp;&amp;nbsp;&amp;nbsp;&amp;nbsp;&amp;nbsp;&amp;nbsp;&amp;nbsp;&amp;nbsp;&amp;nbsp;&amp;nbsp;&amp;nbsp;&amp;nbsp;&amp;nbsp;(int)&amp;nbsp;&lt;/span&gt;&lt;span style="color: var(--highlight-default)"&gt;$t&lt;/span&gt;&lt;span style="color: var(--highlight-keyword)"&gt;-&amp;gt;&lt;/span&gt;&lt;span style="color: var(--highlight-default)"&gt;getCode&lt;/span&gt;&lt;span style="color: var(--highlight-keyword)"&gt;(),&lt;/span&gt;&lt;/code&gt;&lt;/li&gt;
&lt;li&gt;&lt;code&gt;&lt;span style="color: var(--highlight-keyword)"&gt;&amp;nbsp;&amp;nbsp;&amp;nbsp;&amp;nbsp;&amp;nbsp;&amp;nbsp;&amp;nbsp;&amp;nbsp;&amp;nbsp;&amp;nbsp;&amp;nbsp;&amp;nbsp;&amp;nbsp;&amp;nbsp;&amp;nbsp;&amp;nbsp;&lt;/span&gt;&lt;span style="color: var(--highlight-default)"&gt;$t&lt;/span&gt;&lt;/code&gt;&lt;/li&gt;&lt;/ol&gt;    &lt;/div&gt;            &lt;/div&gt;
                        &lt;div class="trace-line "&gt;
                &lt;div class="trace-line-header break-long-words sf-toggle" data-toggle-selector="#trace-html-2-26" data-toggle-initial=""&gt;
            &lt;span class="icon icon-close"&gt;&lt;svg width="1792" height="1792" viewBox="0 0 1792 1792" xmlns="http://www.w3.org/2000/svg"&gt;&lt;path d="M1408 960V832q0-26-19-45t-45-19H448q-26 0-45 19t-19 45v128q0 26 19 45t45 19h896q26 0 45-19t19-45zm256-544v960q0 119-84.5 203.5T1376 1664H416q-119 0-203.5-84.5T128 1376V416q0-119 84.5-203.5T416 128h960q119 0 203.5 84.5T1664 416z"/&gt;&lt;/svg&gt;&lt;/span&gt;
        &lt;span class="icon icon-open"&gt;&lt;svg width="1792" height="1792" viewBox="0 0 1792 1792" xmlns="http://www.w3.org/2000/svg"&gt;&lt;path d="M1408 960V832q0-26-19-45t-45-19h-320V448q0-26-19-45t-45-19H832q-26 0-45 19t-19 45v320H448q-26 0-45 19t-19 45v128q0 26 19 45t45 19h320v320q0 26 19 45t45 19h128q26 0 45-19t19-45v-320h320q26 0 45-19t19-45zm256-544v960q0 119-84.5 203.5T1376 1664H416q-119 0-203.5-84.5T128 1376V416q0-119 84.5-203.5T416 128h960q119 0 203.5 84.5T1664 416z"/&gt;&lt;/svg&gt;&lt;/span&gt;
    
            &lt;span class="trace-class"&gt;&lt;abbr title="PHPUnit\TextUI\Command"&gt;Command&lt;/abbr&gt;&lt;/span&gt;&lt;span class="trace-type"&gt;::&lt;/span&gt;&lt;span class="trace-method"&gt;main&lt;/span&gt;&lt;span class="trace-arguments"&gt;()&lt;/span&gt;    
                    &lt;span class="block trace-file-path"&gt;
            in
            &lt;a href=""&gt;
                C:\Users\eman\Documents\GitHub\car_dealer\bin\&lt;strong&gt;phpunit&lt;/strong&gt;
            &lt;/a&gt;
                        (line 11)
            &lt;span class="icon icon-copy hidden" data-clipboard-text="C:\Users\eman\Documents\GitHub\car_dealer\bin\phpunit:11"&gt;
                &lt;svg xmlns="http://www.w3.org/2000/svg" height="24" viewBox="0 0 24 24" width="24"&gt;&lt;path d="M0 0h24v24H0z" fill="none"/&gt;&lt;path d="M16 1H4c-1.1 0-2 .9-2 2v14h2V3h12V1zm3 4H8c-1.1 0-2 .9-2 2v14c0 1.1.9 2 2 2h11c1.1 0 2-.9 2-2V7c0-1.1-.9-2-2-2zm0 16H8V7h11v14z"/&gt;&lt;/svg&gt;            &lt;/span&gt;
        &lt;/span&gt;
    &lt;/div&gt;
    &lt;div id="trace-html-2-26" class="trace-code sf-toggle-content"&gt;
        &lt;ol start="6"&gt;&lt;li&gt;&lt;code&gt;&lt;span style="color: var(--highlight-keyword)"&gt;&lt;/span&gt;&lt;/code&gt;&lt;/li&gt;
&lt;li&gt;&lt;code&gt;&lt;span style="color: var(--highlight-keyword)"&gt;if&amp;nbsp;(&lt;/span&gt;&lt;span style="color: var(--highlight-default)"&gt;is_file&lt;/span&gt;&lt;span style="color: var(--highlight-keyword)"&gt;(&lt;/span&gt;&lt;span style="color: var(--highlight-default)"&gt;dirname&lt;/span&gt;&lt;span style="color: var(--highlight-keyword)"&gt;(&lt;/span&gt;&lt;span style="color: var(--highlight-default)"&gt;__DIR__&lt;/span&gt;&lt;span style="color: var(--highlight-keyword)"&gt;).&lt;/span&gt;&lt;span style="color: var(--highlight-string)"&gt;'/vendor/phpunit/phpunit/phpunit'&lt;/span&gt;&lt;span style="color: var(--highlight-keyword)"&gt;))&amp;nbsp;{&lt;/span&gt;&lt;/code&gt;&lt;/li&gt;
&lt;li&gt;&lt;code&gt;&lt;span style="color: var(--highlight-keyword)"&gt;&amp;nbsp;&amp;nbsp;&amp;nbsp;&amp;nbsp;&lt;/span&gt;&lt;span style="color: var(--highlight-default)"&gt;define&lt;/span&gt;&lt;span style="color: var(--highlight-keyword)"&gt;(&lt;/span&gt;&lt;span style="color: var(--highlight-string)"&gt;'PHPUNIT_COMPOSER_INSTALL'&lt;/span&gt;&lt;span style="color: var(--highlight-keyword)"&gt;,&amp;nbsp;&lt;/span&gt;&lt;span style="color: var(--highlight-default)"&gt;dirname&lt;/span&gt;&lt;span style="color: var(--highlight-keyword)"&gt;(&lt;/span&gt;&lt;span style="color: var(--highlight-default)"&gt;__DIR__&lt;/span&gt;&lt;span style="color: var(--highlight-keyword)"&gt;).&lt;/span&gt;&lt;span style="color: var(--highlight-string)"&gt;'/vendor/autoload.php'&lt;/span&gt;&lt;span style="color: var(--highlight-keyword)"&gt;);&lt;/span&gt;&lt;/code&gt;&lt;/li&gt;
&lt;li&gt;&lt;code&gt;&lt;span style="color: var(--highlight-keyword)"&gt;&amp;nbsp;&amp;nbsp;&amp;nbsp;&amp;nbsp;require&amp;nbsp;&lt;/span&gt;&lt;span style="color: var(--highlight-default)"&gt;PHPUNIT_COMPOSER_INSTALL&lt;/span&gt;&lt;span style="color: var(--highlight-keyword)"&gt;;&lt;/span&gt;&lt;/code&gt;&lt;/li&gt;
&lt;li&gt;&lt;code&gt;&lt;span style="color: var(--highlight-keyword)"&gt;&amp;nbsp;&amp;nbsp;&amp;nbsp;&amp;nbsp;&lt;/span&gt;&lt;span style="color: var(--highlight-default)"&gt;PHPUnit\TextUI\Command&lt;/span&gt;&lt;span style="color: var(--highlight-keyword)"&gt;::&lt;/span&gt;&lt;span style="color: var(--highlight-default)"&gt;main&lt;/span&gt;&lt;span style="color: var(--highlight-keyword)"&gt;();&lt;/span&gt;&lt;/code&gt;&lt;/li&gt;
&lt;li class="selected"&gt;&lt;code&gt;&lt;span style="color: var(--highlight-keyword)"&gt;}&amp;nbsp;else&amp;nbsp;{&lt;/span&gt;&lt;/code&gt;&lt;/li&gt;
&lt;li&gt;&lt;code&gt;&lt;span style="color: var(--highlight-keyword)"&gt;&amp;nbsp;&amp;nbsp;&amp;nbsp;&amp;nbsp;if&amp;nbsp;(!&lt;/span&gt;&lt;span style="color: var(--highlight-default)"&gt;is_file&lt;/span&gt;&lt;span style="color: var(--highlight-keyword)"&gt;(&lt;/span&gt;&lt;span style="color: var(--highlight-default)"&gt;dirname&lt;/span&gt;&lt;span style="color: var(--highlight-keyword)"&gt;(&lt;/span&gt;&lt;span style="color: var(--highlight-default)"&gt;__DIR__&lt;/span&gt;&lt;span style="color: var(--highlight-keyword)"&gt;).&lt;/span&gt;&lt;span style="color: var(--highlight-string)"&gt;'/vendor/symfony/phpunit-bridge/bin/simple-phpunit.php'&lt;/span&gt;&lt;span style="color: var(--highlight-keyword)"&gt;))&amp;nbsp;{&lt;/span&gt;&lt;/code&gt;&lt;/li&gt;
&lt;li&gt;&lt;code&gt;&lt;span style="color: var(--highlight-keyword)"&gt;&amp;nbsp;&amp;nbsp;&amp;nbsp;&amp;nbsp;&amp;nbsp;&amp;nbsp;&amp;nbsp;&amp;nbsp;echo&amp;nbsp;&lt;/span&gt;&lt;span style="color: var(--highlight-string)"&gt;"Unable&amp;nbsp;to&amp;nbsp;find&amp;nbsp;the&amp;nbsp;`simple-phpunit.php`&amp;nbsp;script&amp;nbsp;in&amp;nbsp;`vendor/symfony/phpunit-bridge/bin/`.\n"&lt;/span&gt;&lt;span style="color: var(--highlight-keyword)"&gt;;&lt;/span&gt;&lt;/code&gt;&lt;/li&gt;
&lt;li&gt;&lt;code&gt;&lt;span style="color: var(--highlight-keyword)"&gt;&amp;nbsp;&amp;nbsp;&amp;nbsp;&amp;nbsp;&amp;nbsp;&amp;nbsp;&amp;nbsp;&amp;nbsp;exit(&lt;/span&gt;&lt;span style="color: var(--highlight-default)"&gt;1&lt;/span&gt;&lt;span style="color: var(--highlight-keyword)"&gt;);&lt;/span&gt;&lt;/code&gt;&lt;/li&gt;
&lt;li&gt;&lt;code&gt;&lt;span style="color: var(--highlight-keyword)"&gt;&amp;nbsp;&amp;nbsp;&amp;nbsp;&amp;nbsp;}&lt;/span&gt;&lt;/code&gt;&lt;/li&gt;
&lt;li&gt;&lt;code&gt;&lt;span style="color: var(--highlight-keyword)"&gt;&lt;/span&gt;&lt;/code&gt;&lt;/li&gt;&lt;/ol&gt;    &lt;/div&gt;            &lt;/div&gt;
                    &lt;/div&gt;
    &lt;/div&gt;
&lt;/div&gt;&lt;div class="trace trace-as-html" id="trace-box-3"&gt;
    &lt;div class="trace-details"&gt;
        &lt;div class="trace-head"&gt;
            &lt;div class="sf-toggle" data-toggle-selector="#trace-html-3" data-toggle-initial=""&gt;
                &lt;span class="icon icon-close"&gt;&lt;svg width="1792" height="1792" viewBox="0 0 1792 1792" xmlns="http://www.w3.org/2000/svg"&gt;&lt;path d="M1344 800v64q0 14-9 23t-23 9H480q-14 0-23-9t-9-23v-64q0-14 9-23t23-9h832q14 0 23 9t9 23zm128 448V416q0-66-47-113t-113-47H480q-66 0-113 47t-47 113v832q0 66 47 113t113 47h832q66 0 113-47t47-113zm128-832v832q0 119-84.5 203.5T1312 1536H480q-119 0-203.5-84.5T192 1248V416q0-119 84.5-203.5T480 128h832q119 0 203.5 84.5T1600 416z"/&gt;&lt;/svg&gt;&lt;/span&gt;
                &lt;span class="icon icon-open"&gt;&lt;svg width="1792" height="1792" viewBox="0 0 1792 1792" xmlns="http://www.w3.org/2000/svg"&gt;&lt;path d="M1344 800v64q0 14-9 23t-23 9H960v352q0 14-9 23t-23 9h-64q-14 0-23-9t-9-23V896H480q-14 0-23-9t-9-23v-64q0-14 9-23t23-9h352V416q0-14 9-23t23-9h64q14 0 23 9t9 23v352h352q14 0 23 9t9 23zm128 448V416q0-66-47-113t-113-47H480q-66 0-113 47t-47 113v832q0 66 47 113t113 47h832q66 0 113-47t47-113zm128-832v832q0 119-84.5 203.5T1312 1536H480q-119 0-203.5-84.5T192 1248V416q0-119 84.5-203.5T480 128h832q119 0 203.5 84.5T1600 416z"/&gt;&lt;/svg&gt;&lt;/span&gt;
                                                    &lt;h3 class="trace-class"&gt;
                                                PDOException                    &lt;/h3&gt;
                                                    &lt;p class="break-long-words trace-message"&gt;SQLSTATE[HY000] [1049] Unknown database 'crud04_test'&lt;/p&gt;
                            &lt;/div&gt;
        &lt;/div&gt;

        &lt;div id="trace-html-3" class="sf-toggle-content"&gt;
                    &lt;div class="trace-line "&gt;
                &lt;div class="trace-line-header break-long-words sf-toggle" data-toggle-selector="#trace-html-3-0" data-toggle-initial="display"&gt;
            &lt;span class="icon icon-close"&gt;&lt;svg width="1792" height="1792" viewBox="0 0 1792 1792" xmlns="http://www.w3.org/2000/svg"&gt;&lt;path d="M1408 960V832q0-26-19-45t-45-19H448q-26 0-45 19t-19 45v128q0 26 19 45t45 19h896q26 0 45-19t19-45zm256-544v960q0 119-84.5 203.5T1376 1664H416q-119 0-203.5-84.5T128 1376V416q0-119 84.5-203.5T416 128h960q119 0 203.5 84.5T1664 416z"/&gt;&lt;/svg&gt;&lt;/span&gt;
        &lt;span class="icon icon-open"&gt;&lt;svg width="1792" height="1792" viewBox="0 0 1792 1792" xmlns="http://www.w3.org/2000/svg"&gt;&lt;path d="M1408 960V832q0-26-19-45t-45-19h-320V448q0-26-19-45t-45-19H832q-26 0-45 19t-19 45v320H448q-26 0-45 19t-19 45v128q0 26 19 45t45 19h320v320q0 26 19 45t45 19h128q26 0 45-19t19-45v-320h320q26 0 45-19t19-45zm256-544v960q0 119-84.5 203.5T1376 1664H416q-119 0-203.5-84.5T128 1376V416q0-119 84.5-203.5T416 128h960q119 0 203.5 84.5T1664 416z"/&gt;&lt;/svg&gt;&lt;/span&gt;
    
    
                    &lt;span class="block trace-file-path"&gt;
            in
            &lt;a href=""&gt;
                C:\Users\eman\Documents\GitHub\car_dealer\vendor\doctrine\dbal\src\Driver\PDO\MySQL\&lt;strong&gt;Driver.php&lt;/strong&gt;
            &lt;/a&gt;
                        (line 28)
            &lt;span class="icon icon-copy hidden" data-clipboard-text="C:\Users\eman\Documents\GitHub\car_dealer\vendor\doctrine\dbal\src\Driver\PDO\MySQL\Driver.php:28"&gt;
                &lt;svg xmlns="http://www.w3.org/2000/svg" height="24" viewBox="0 0 24 24" width="24"&gt;&lt;path d="M0 0h24v24H0z" fill="none"/&gt;&lt;path d="M16 1H4c-1.1 0-2 .9-2 2v14h2V3h12V1zm3 4H8c-1.1 0-2 .9-2 2v14c0 1.1.9 2 2 2h11c1.1 0 2-.9 2-2V7c0-1.1-.9-2-2-2zm0 16H8V7h11v14z"/&gt;&lt;/svg&gt;            &lt;/span&gt;
        &lt;/span&gt;
    &lt;/div&gt;
    &lt;div id="trace-html-3-0" class="trace-code sf-toggle-content"&gt;
        &lt;ol start="23"&gt;&lt;li&gt;&lt;code&gt;&lt;span style="color: var(--highlight-keyword)"&gt;&amp;nbsp;&amp;nbsp;&amp;nbsp;&amp;nbsp;&amp;nbsp;&amp;nbsp;&amp;nbsp;&amp;nbsp;&amp;nbsp;&amp;nbsp;&amp;nbsp;&amp;nbsp;&lt;/span&gt;&lt;span style="color: var(--highlight-default)"&gt;$driverOptions&lt;/span&gt;&lt;span style="color: var(--highlight-keyword)"&gt;[&lt;/span&gt;&lt;span style="color: var(--highlight-default)"&gt;PDO&lt;/span&gt;&lt;span style="color: var(--highlight-keyword)"&gt;::&lt;/span&gt;&lt;span style="color: var(--highlight-default)"&gt;ATTR_PERSISTENT&lt;/span&gt;&lt;span style="color: var(--highlight-keyword)"&gt;]&amp;nbsp;=&amp;nbsp;&lt;/span&gt;&lt;span style="color: var(--highlight-default)"&gt;true&lt;/span&gt;&lt;span style="color: var(--highlight-keyword)"&gt;;&lt;/span&gt;&lt;/code&gt;&lt;/li&gt;
&lt;li&gt;&lt;code&gt;&lt;span style="color: var(--highlight-keyword)"&gt;&amp;nbsp;&amp;nbsp;&amp;nbsp;&amp;nbsp;&amp;nbsp;&amp;nbsp;&amp;nbsp;&amp;nbsp;}&lt;/span&gt;&lt;/code&gt;&lt;/li&gt;
&lt;li&gt;&lt;code&gt;&lt;span style="color: var(--highlight-keyword)"&gt;&lt;/span&gt;&lt;/code&gt;&lt;/li&gt;
&lt;li&gt;&lt;code&gt;&lt;span style="color: var(--highlight-keyword)"&gt;&amp;nbsp;&amp;nbsp;&amp;nbsp;&amp;nbsp;&amp;nbsp;&amp;nbsp;&amp;nbsp;&amp;nbsp;try&amp;nbsp;{&lt;/span&gt;&lt;/code&gt;&lt;/li&gt;
&lt;li&gt;&lt;code&gt;&lt;span style="color: var(--highlight-keyword)"&gt;&amp;nbsp;&amp;nbsp;&amp;nbsp;&amp;nbsp;&amp;nbsp;&amp;nbsp;&amp;nbsp;&amp;nbsp;&amp;nbsp;&amp;nbsp;&amp;nbsp;&amp;nbsp;&lt;/span&gt;&lt;span style="color: var(--highlight-default)"&gt;$pdo&amp;nbsp;&lt;/span&gt;&lt;span style="color: var(--highlight-keyword)"&gt;=&amp;nbsp;new&amp;nbsp;&lt;/span&gt;&lt;span style="color: var(--highlight-default)"&gt;PDO&lt;/span&gt;&lt;span style="color: var(--highlight-keyword)"&gt;(&lt;/span&gt;&lt;/code&gt;&lt;/li&gt;
&lt;li class="selected"&gt;&lt;code&gt;&lt;span style="color: var(--highlight-keyword)"&gt;&amp;nbsp;&amp;nbsp;&amp;nbsp;&amp;nbsp;&amp;nbsp;&amp;nbsp;&amp;nbsp;&amp;nbsp;&amp;nbsp;&amp;nbsp;&amp;nbsp;&amp;nbsp;&amp;nbsp;&amp;nbsp;&amp;nbsp;&amp;nbsp;&lt;/span&gt;&lt;span style="color: var(--highlight-default)"&gt;$this&lt;/span&gt;&lt;span style="color: var(--highlight-keyword)"&gt;-&amp;gt;&lt;/span&gt;&lt;span style="color: var(--highlight-default)"&gt;constructPdoDsn&lt;/span&gt;&lt;span style="color: var(--highlight-keyword)"&gt;(&lt;/span&gt;&lt;span style="color: var(--highlight-default)"&gt;$params&lt;/span&gt;&lt;span style="color: var(--highlight-keyword)"&gt;),&lt;/span&gt;&lt;/code&gt;&lt;/li&gt;
&lt;li&gt;&lt;code&gt;&lt;span style="color: var(--highlight-keyword)"&gt;&amp;nbsp;&amp;nbsp;&amp;nbsp;&amp;nbsp;&amp;nbsp;&amp;nbsp;&amp;nbsp;&amp;nbsp;&amp;nbsp;&amp;nbsp;&amp;nbsp;&amp;nbsp;&amp;nbsp;&amp;nbsp;&amp;nbsp;&amp;nbsp;&lt;/span&gt;&lt;span style="color: var(--highlight-default)"&gt;$params&lt;/span&gt;&lt;span style="color: var(--highlight-keyword)"&gt;[&lt;/span&gt;&lt;span style="color: var(--highlight-string)"&gt;'user'&lt;/span&gt;&lt;span style="color: var(--highlight-keyword)"&gt;]&amp;nbsp;??&amp;nbsp;&lt;/span&gt;&lt;span style="color: var(--highlight-string)"&gt;''&lt;/span&gt;&lt;span style="color: var(--highlight-keyword)"&gt;,&lt;/span&gt;&lt;/code&gt;&lt;/li&gt;
&lt;li&gt;&lt;code&gt;&lt;span style="color: var(--highlight-keyword)"&gt;&amp;nbsp;&amp;nbsp;&amp;nbsp;&amp;nbsp;&amp;nbsp;&amp;nbsp;&amp;nbsp;&amp;nbsp;&amp;nbsp;&amp;nbsp;&amp;nbsp;&amp;nbsp;&amp;nbsp;&amp;nbsp;&amp;nbsp;&amp;nbsp;&lt;/span&gt;&lt;span style="color: var(--highlight-default)"&gt;$params&lt;/span&gt;&lt;span style="color: var(--highlight-keyword)"&gt;[&lt;/span&gt;&lt;span style="color: var(--highlight-string)"&gt;'password'&lt;/span&gt;&lt;span style="color: var(--highlight-keyword)"&gt;]&amp;nbsp;??&amp;nbsp;&lt;/span&gt;&lt;span style="color: var(--highlight-string)"&gt;''&lt;/span&gt;&lt;span style="color: var(--highlight-keyword)"&gt;,&lt;/span&gt;&lt;/code&gt;&lt;/li&gt;
&lt;li&gt;&lt;code&gt;&lt;span style="color: var(--highlight-keyword)"&gt;&amp;nbsp;&amp;nbsp;&amp;nbsp;&amp;nbsp;&amp;nbsp;&amp;nbsp;&amp;nbsp;&amp;nbsp;&amp;nbsp;&amp;nbsp;&amp;nbsp;&amp;nbsp;&amp;nbsp;&amp;nbsp;&amp;nbsp;&amp;nbsp;&lt;/span&gt;&lt;span style="color: var(--highlight-default)"&gt;$driverOptions&lt;/span&gt;&lt;/code&gt;&lt;/li&gt;
&lt;li&gt;&lt;code&gt;&lt;span style="color: var(--highlight-default)"&gt;&amp;nbsp;&amp;nbsp;&amp;nbsp;&amp;nbsp;&amp;nbsp;&amp;nbsp;&amp;nbsp;&amp;nbsp;&amp;nbsp;&amp;nbsp;&amp;nbsp;&amp;nbsp;&lt;/span&gt;&lt;span style="color: var(--highlight-keyword)"&gt;);&lt;/span&gt;&lt;/code&gt;&lt;/li&gt;
&lt;li&gt;&lt;code&gt;&lt;span style="color: var(--highlight-keyword)"&gt;&amp;nbsp;&amp;nbsp;&amp;nbsp;&amp;nbsp;&amp;nbsp;&amp;nbsp;&amp;nbsp;&amp;nbsp;}&amp;nbsp;catch&amp;nbsp;(&lt;/span&gt;&lt;span style="color: var(--highlight-default)"&gt;PDOException&amp;nbsp;$exception&lt;/span&gt;&lt;span style="color: var(--highlight-keyword)"&gt;)&amp;nbsp;{&lt;/span&gt;&lt;/code&gt;&lt;/li&gt;&lt;/ol&gt;    &lt;/div&gt;            &lt;/div&gt;
                        &lt;div class="trace-line "&gt;
                &lt;div class="trace-line-header break-long-words sf-toggle" data-toggle-selector="#trace-html-3-1" data-toggle-initial=""&gt;
            &lt;span class="icon icon-close"&gt;&lt;svg width="1792" height="1792" viewBox="0 0 1792 1792" xmlns="http://www.w3.org/2000/svg"&gt;&lt;path d="M1408 960V832q0-26-19-45t-45-19H448q-26 0-45 19t-19 45v128q0 26 19 45t45 19h896q26 0 45-19t19-45zm256-544v960q0 119-84.5 203.5T1376 1664H416q-119 0-203.5-84.5T128 1376V416q0-119 84.5-203.5T416 128h960q119 0 203.5 84.5T1664 416z"/&gt;&lt;/svg&gt;&lt;/span&gt;
        &lt;span class="icon icon-open"&gt;&lt;svg width="1792" height="1792" viewBox="0 0 1792 1792" xmlns="http://www.w3.org/2000/svg"&gt;&lt;path d="M1408 960V832q0-26-19-45t-45-19h-320V448q0-26-19-45t-45-19H832q-26 0-45 19t-19 45v320H448q-26 0-45 19t-19 45v128q0 26 19 45t45 19h320v320q0 26 19 45t45 19h128q26 0 45-19t19-45v-320h320q26 0 45-19t19-45zm256-544v960q0 119-84.5 203.5T1376 1664H416q-119 0-203.5-84.5T128 1376V416q0-119 84.5-203.5T416 128h960q119 0 203.5 84.5T1664 416z"/&gt;&lt;/svg&gt;&lt;/span&gt;
    
            &lt;span class="trace-class"&gt;&lt;abbr title="PDO"&gt;PDO&lt;/abbr&gt;&lt;/span&gt;&lt;span class="trace-type"&gt;-&gt;&lt;/span&gt;&lt;span class="trace-method"&gt;__construct&lt;/span&gt;&lt;span class="trace-arguments"&gt;()&lt;/span&gt;    
                    &lt;span class="block trace-file-path"&gt;
            in
            &lt;a href=""&gt;
                C:\Users\eman\Documents\GitHub\car_dealer\vendor\doctrine\dbal\src\Driver\PDO\MySQL\&lt;strong&gt;Driver.php&lt;/strong&gt;
            &lt;/a&gt;
                        (line 28)
            &lt;span class="icon icon-copy hidden" data-clipboard-text="C:\Users\eman\Documents\GitHub\car_dealer\vendor\doctrine\dbal\src\Driver\PDO\MySQL\Driver.php:28"&gt;
                &lt;svg xmlns="http://www.w3.org/2000/svg" height="24" viewBox="0 0 24 24" width="24"&gt;&lt;path d="M0 0h24v24H0z" fill="none"/&gt;&lt;path d="M16 1H4c-1.1 0-2 .9-2 2v14h2V3h12V1zm3 4H8c-1.1 0-2 .9-2 2v14c0 1.1.9 2 2 2h11c1.1 0 2-.9 2-2V7c0-1.1-.9-2-2-2zm0 16H8V7h11v14z"/&gt;&lt;/svg&gt;            &lt;/span&gt;
        &lt;/span&gt;
    &lt;/div&gt;
    &lt;div id="trace-html-3-1" class="trace-code sf-toggle-content"&gt;
        &lt;ol start="23"&gt;&lt;li&gt;&lt;code&gt;&lt;span style="color: var(--highlight-keyword)"&gt;&amp;nbsp;&amp;nbsp;&amp;nbsp;&amp;nbsp;&amp;nbsp;&amp;nbsp;&amp;nbsp;&amp;nbsp;&amp;nbsp;&amp;nbsp;&amp;nbsp;&amp;nbsp;&lt;/span&gt;&lt;span style="color: var(--highlight-default)"&gt;$driverOptions&lt;/span&gt;&lt;span style="color: var(--highlight-keyword)"&gt;[&lt;/span&gt;&lt;span style="color: var(--highlight-default)"&gt;PDO&lt;/span&gt;&lt;span style="color: var(--highlight-keyword)"&gt;::&lt;/span&gt;&lt;span style="color: var(--highlight-default)"&gt;ATTR_PERSISTENT&lt;/span&gt;&lt;span style="color: var(--highlight-keyword)"&gt;]&amp;nbsp;=&amp;nbsp;&lt;/span&gt;&lt;span style="color: var(--highlight-default)"&gt;true&lt;/span&gt;&lt;span style="color: var(--highlight-keyword)"&gt;;&lt;/span&gt;&lt;/code&gt;&lt;/li&gt;
&lt;li&gt;&lt;code&gt;&lt;span style="color: var(--highlight-keyword)"&gt;&amp;nbsp;&amp;nbsp;&amp;nbsp;&amp;nbsp;&amp;nbsp;&amp;nbsp;&amp;nbsp;&amp;nbsp;}&lt;/span&gt;&lt;/code&gt;&lt;/li&gt;
&lt;li&gt;&lt;code&gt;&lt;span style="color: var(--highlight-keyword)"&gt;&lt;/span&gt;&lt;/code&gt;&lt;/li&gt;
&lt;li&gt;&lt;code&gt;&lt;span style="color: var(--highlight-keyword)"&gt;&amp;nbsp;&amp;nbsp;&amp;nbsp;&amp;nbsp;&amp;nbsp;&amp;nbsp;&amp;nbsp;&amp;nbsp;try&amp;nbsp;{&lt;/span&gt;&lt;/code&gt;&lt;/li&gt;
&lt;li&gt;&lt;code&gt;&lt;span style="color: var(--highlight-keyword)"&gt;&amp;nbsp;&amp;nbsp;&amp;nbsp;&amp;nbsp;&amp;nbsp;&amp;nbsp;&amp;nbsp;&amp;nbsp;&amp;nbsp;&amp;nbsp;&amp;nbsp;&amp;nbsp;&lt;/span&gt;&lt;span style="color: var(--highlight-default)"&gt;$pdo&amp;nbsp;&lt;/span&gt;&lt;span style="color: var(--highlight-keyword)"&gt;=&amp;nbsp;new&amp;nbsp;&lt;/span&gt;&lt;span style="color: var(--highlight-default)"&gt;PDO&lt;/span&gt;&lt;span style="color: var(--highlight-keyword)"&gt;(&lt;/span&gt;&lt;/code&gt;&lt;/li&gt;
&lt;li class="selected"&gt;&lt;code&gt;&lt;span style="color: var(--highlight-keyword)"&gt;&amp;nbsp;&amp;nbsp;&amp;nbsp;&amp;nbsp;&amp;nbsp;&amp;nbsp;&amp;nbsp;&amp;nbsp;&amp;nbsp;&amp;nbsp;&amp;nbsp;&amp;nbsp;&amp;nbsp;&amp;nbsp;&amp;nbsp;&amp;nbsp;&lt;/span&gt;&lt;span style="color: var(--highlight-default)"&gt;$this&lt;/span&gt;&lt;span style="color: var(--highlight-keyword)"&gt;-&amp;gt;&lt;/span&gt;&lt;span style="color: var(--highlight-default)"&gt;constructPdoDsn&lt;/span&gt;&lt;span style="color: var(--highlight-keyword)"&gt;(&lt;/span&gt;&lt;span style="color: var(--highlight-default)"&gt;$params&lt;/span&gt;&lt;span style="color: var(--highlight-keyword)"&gt;),&lt;/span&gt;&lt;/code&gt;&lt;/li&gt;
&lt;li&gt;&lt;code&gt;&lt;span style="color: var(--highlight-keyword)"&gt;&amp;nbsp;&amp;nbsp;&amp;nbsp;&amp;nbsp;&amp;nbsp;&amp;nbsp;&amp;nbsp;&amp;nbsp;&amp;nbsp;&amp;nbsp;&amp;nbsp;&amp;nbsp;&amp;nbsp;&amp;nbsp;&amp;nbsp;&amp;nbsp;&lt;/span&gt;&lt;span style="color: var(--highlight-default)"&gt;$params&lt;/span&gt;&lt;span style="color: var(--highlight-keyword)"&gt;[&lt;/span&gt;&lt;span style="color: var(--highlight-string)"&gt;'user'&lt;/span&gt;&lt;span style="color: var(--highlight-keyword)"&gt;]&amp;nbsp;??&amp;nbsp;&lt;/span&gt;&lt;span style="color: var(--highlight-string)"&gt;''&lt;/span&gt;&lt;span style="color: var(--highlight-keyword)"&gt;,&lt;/span&gt;&lt;/code&gt;&lt;/li&gt;
&lt;li&gt;&lt;code&gt;&lt;span style="color: var(--highlight-keyword)"&gt;&amp;nbsp;&amp;nbsp;&amp;nbsp;&amp;nbsp;&amp;nbsp;&amp;nbsp;&amp;nbsp;&amp;nbsp;&amp;nbsp;&amp;nbsp;&amp;nbsp;&amp;nbsp;&amp;nbsp;&amp;nbsp;&amp;nbsp;&amp;nbsp;&lt;/span&gt;&lt;span style="color: var(--highlight-default)"&gt;$params&lt;/span&gt;&lt;span style="color: var(--highlight-keyword)"&gt;[&lt;/span&gt;&lt;span style="color: var(--highlight-string)"&gt;'password'&lt;/span&gt;&lt;span style="color: var(--highlight-keyword)"&gt;]&amp;nbsp;??&amp;nbsp;&lt;/span&gt;&lt;span style="color: var(--highlight-string)"&gt;''&lt;/span&gt;&lt;span style="color: var(--highlight-keyword)"&gt;,&lt;/span&gt;&lt;/code&gt;&lt;/li&gt;
&lt;li&gt;&lt;code&gt;&lt;span style="color: var(--highlight-keyword)"&gt;&amp;nbsp;&amp;nbsp;&amp;nbsp;&amp;nbsp;&amp;nbsp;&amp;nbsp;&amp;nbsp;&amp;nbsp;&amp;nbsp;&amp;nbsp;&amp;nbsp;&amp;nbsp;&amp;nbsp;&amp;nbsp;&amp;nbsp;&amp;nbsp;&lt;/span&gt;&lt;span style="color: var(--highlight-default)"&gt;$driverOptions&lt;/span&gt;&lt;/code&gt;&lt;/li&gt;
&lt;li&gt;&lt;code&gt;&lt;span style="color: var(--highlight-default)"&gt;&amp;nbsp;&amp;nbsp;&amp;nbsp;&amp;nbsp;&amp;nbsp;&amp;nbsp;&amp;nbsp;&amp;nbsp;&amp;nbsp;&amp;nbsp;&amp;nbsp;&amp;nbsp;&lt;/span&gt;&lt;span style="color: var(--highlight-keyword)"&gt;);&lt;/span&gt;&lt;/code&gt;&lt;/li&gt;
&lt;li&gt;&lt;code&gt;&lt;span style="color: var(--highlight-keyword)"&gt;&amp;nbsp;&amp;nbsp;&amp;nbsp;&amp;nbsp;&amp;nbsp;&amp;nbsp;&amp;nbsp;&amp;nbsp;}&amp;nbsp;catch&amp;nbsp;(&lt;/span&gt;&lt;span style="color: var(--highlight-default)"&gt;PDOException&amp;nbsp;$exception&lt;/span&gt;&lt;span style="color: var(--highlight-keyword)"&gt;)&amp;nbsp;{&lt;/span&gt;&lt;/code&gt;&lt;/li&gt;&lt;/ol&gt;    &lt;/div&gt;            &lt;/div&gt;
                        &lt;div class="trace-line "&gt;
                &lt;div class="trace-line-header break-long-words sf-toggle" data-toggle-selector="#trace-html-3-2" data-toggle-initial=""&gt;
            &lt;span class="icon icon-close"&gt;&lt;svg width="1792" height="1792" viewBox="0 0 1792 1792" xmlns="http://www.w3.org/2000/svg"&gt;&lt;path d="M1408 960V832q0-26-19-45t-45-19H448q-26 0-45 19t-19 45v128q0 26 19 45t45 19h896q26 0 45-19t19-45zm256-544v960q0 119-84.5 203.5T1376 1664H416q-119 0-203.5-84.5T128 1376V416q0-119 84.5-203.5T416 128h960q119 0 203.5 84.5T1664 416z"/&gt;&lt;/svg&gt;&lt;/span&gt;
        &lt;span class="icon icon-open"&gt;&lt;svg width="1792" height="1792" viewBox="0 0 1792 1792" xmlns="http://www.w3.org/2000/svg"&gt;&lt;path d="M1408 960V832q0-26-19-45t-45-19h-320V448q0-26-19-45t-45-19H832q-26 0-45 19t-19 45v320H448q-26 0-45 19t-19 45v128q0 26 19 45t45 19h320v320q0 26 19 45t45 19h128q26 0 45-19t19-45v-320h320q26 0 45-19t19-45zm256-544v960q0 119-84.5 203.5T1376 1664H416q-119 0-203.5-84.5T128 1376V416q0-119 84.5-203.5T416 128h960q119 0 203.5 84.5T1664 416z"/&gt;&lt;/svg&gt;&lt;/span&gt;
    
            &lt;span class="trace-class"&gt;&lt;abbr title="Doctrine\DBAL\Driver\PDO\MySQL\Driver"&gt;Driver&lt;/abbr&gt;&lt;/span&gt;&lt;span class="trace-type"&gt;-&gt;&lt;/span&gt;&lt;span class="trace-method"&gt;connect&lt;/span&gt;&lt;span class="trace-arguments"&gt;()&lt;/span&gt;    
                    &lt;span class="block trace-file-path"&gt;
            in
            &lt;a href=""&gt;
                C:\Users\eman\Documents\GitHub\car_dealer\vendor\doctrine\dbal\src\&lt;strong&gt;Connection.php&lt;/strong&gt;
            &lt;/a&gt;
                        (line 325)
            &lt;span class="icon icon-copy hidden" data-clipboard-text="C:\Users\eman\Documents\GitHub\car_dealer\vendor\doctrine\dbal\src\Connection.php:325"&gt;
                &lt;svg xmlns="http://www.w3.org/2000/svg" height="24" viewBox="0 0 24 24" width="24"&gt;&lt;path d="M0 0h24v24H0z" fill="none"/&gt;&lt;path d="M16 1H4c-1.1 0-2 .9-2 2v14h2V3h12V1zm3 4H8c-1.1 0-2 .9-2 2v14c0 1.1.9 2 2 2h11c1.1 0 2-.9 2-2V7c0-1.1-.9-2-2-2zm0 16H8V7h11v14z"/&gt;&lt;/svg&gt;            &lt;/span&gt;
        &lt;/span&gt;
    &lt;/div&gt;
    &lt;div id="trace-html-3-2" class="trace-code sf-toggle-content"&gt;
        &lt;ol start="320"&gt;&lt;li&gt;&lt;code&gt;&lt;span style="color: var(--highlight-keyword)"&gt;&amp;nbsp;&amp;nbsp;&amp;nbsp;&amp;nbsp;&amp;nbsp;&amp;nbsp;&amp;nbsp;&amp;nbsp;if&amp;nbsp;(&lt;/span&gt;&lt;span style="color: var(--highlight-default)"&gt;$this&lt;/span&gt;&lt;span style="color: var(--highlight-keyword)"&gt;-&amp;gt;&lt;/span&gt;&lt;span style="color: var(--highlight-default)"&gt;_conn&amp;nbsp;&lt;/span&gt;&lt;span style="color: var(--highlight-keyword)"&gt;!==&amp;nbsp;&lt;/span&gt;&lt;span style="color: var(--highlight-default)"&gt;null&lt;/span&gt;&lt;span style="color: var(--highlight-keyword)"&gt;)&amp;nbsp;{&lt;/span&gt;&lt;/code&gt;&lt;/li&gt;
&lt;li&gt;&lt;code&gt;&lt;span style="color: var(--highlight-keyword)"&gt;&amp;nbsp;&amp;nbsp;&amp;nbsp;&amp;nbsp;&amp;nbsp;&amp;nbsp;&amp;nbsp;&amp;nbsp;&amp;nbsp;&amp;nbsp;&amp;nbsp;&amp;nbsp;return&amp;nbsp;&lt;/span&gt;&lt;span style="color: var(--highlight-default)"&gt;false&lt;/span&gt;&lt;span style="color: var(--highlight-keyword)"&gt;;&lt;/span&gt;&lt;/code&gt;&lt;/li&gt;
&lt;li&gt;&lt;code&gt;&lt;span style="color: var(--highlight-keyword)"&gt;&amp;nbsp;&amp;nbsp;&amp;nbsp;&amp;nbsp;&amp;nbsp;&amp;nbsp;&amp;nbsp;&amp;nbsp;}&lt;/span&gt;&lt;/code&gt;&lt;/li&gt;
&lt;li&gt;&lt;code&gt;&lt;span style="color: var(--highlight-keyword)"&gt;&lt;/span&gt;&lt;/code&gt;&lt;/li&gt;
&lt;li&gt;&lt;code&gt;&lt;span style="color: var(--highlight-keyword)"&gt;&amp;nbsp;&amp;nbsp;&amp;nbsp;&amp;nbsp;&amp;nbsp;&amp;nbsp;&amp;nbsp;&amp;nbsp;try&amp;nbsp;{&lt;/span&gt;&lt;/code&gt;&lt;/li&gt;
&lt;li class="selected"&gt;&lt;code&gt;&lt;span style="color: var(--highlight-keyword)"&gt;&amp;nbsp;&amp;nbsp;&amp;nbsp;&amp;nbsp;&amp;nbsp;&amp;nbsp;&amp;nbsp;&amp;nbsp;&amp;nbsp;&amp;nbsp;&amp;nbsp;&amp;nbsp;&lt;/span&gt;&lt;span style="color: var(--highlight-default)"&gt;$this&lt;/span&gt;&lt;span style="color: var(--highlight-keyword)"&gt;-&amp;gt;&lt;/span&gt;&lt;span style="color: var(--highlight-default)"&gt;_conn&amp;nbsp;&lt;/span&gt;&lt;span style="color: var(--highlight-keyword)"&gt;=&amp;nbsp;&lt;/span&gt;&lt;span style="color: var(--highlight-default)"&gt;$this&lt;/span&gt;&lt;span style="color: var(--highlight-keyword)"&gt;-&amp;gt;&lt;/span&gt;&lt;span style="color: var(--highlight-default)"&gt;_driver&lt;/span&gt;&lt;span style="color: var(--highlight-keyword)"&gt;-&amp;gt;&lt;/span&gt;&lt;span style="color: var(--highlight-default)"&gt;connect&lt;/span&gt;&lt;span style="color: var(--highlight-keyword)"&gt;(&lt;/span&gt;&lt;span style="color: var(--highlight-default)"&gt;$this&lt;/span&gt;&lt;span style="color: var(--highlight-keyword)"&gt;-&amp;gt;&lt;/span&gt;&lt;span style="color: var(--highlight-default)"&gt;params&lt;/span&gt;&lt;span style="color: var(--highlight-keyword)"&gt;);&lt;/span&gt;&lt;/code&gt;&lt;/li&gt;
&lt;li&gt;&lt;code&gt;&lt;span style="color: var(--highlight-keyword)"&gt;&amp;nbsp;&amp;nbsp;&amp;nbsp;&amp;nbsp;&amp;nbsp;&amp;nbsp;&amp;nbsp;&amp;nbsp;}&amp;nbsp;catch&amp;nbsp;(&lt;/span&gt;&lt;span style="color: var(--highlight-default)"&gt;Driver\Exception&amp;nbsp;$e&lt;/span&gt;&lt;span style="color: var(--highlight-keyword)"&gt;)&amp;nbsp;{&lt;/span&gt;&lt;/code&gt;&lt;/li&gt;
&lt;li&gt;&lt;code&gt;&lt;span style="color: var(--highlight-keyword)"&gt;&amp;nbsp;&amp;nbsp;&amp;nbsp;&amp;nbsp;&amp;nbsp;&amp;nbsp;&amp;nbsp;&amp;nbsp;&amp;nbsp;&amp;nbsp;&amp;nbsp;&amp;nbsp;throw&amp;nbsp;&lt;/span&gt;&lt;span style="color: var(--highlight-default)"&gt;$this&lt;/span&gt;&lt;span style="color: var(--highlight-keyword)"&gt;-&amp;gt;&lt;/span&gt;&lt;span style="color: var(--highlight-default)"&gt;convertException&lt;/span&gt;&lt;span style="color: var(--highlight-keyword)"&gt;(&lt;/span&gt;&lt;span style="color: var(--highlight-default)"&gt;$e&lt;/span&gt;&lt;span style="color: var(--highlight-keyword)"&gt;);&lt;/span&gt;&lt;/code&gt;&lt;/li&gt;
&lt;li&gt;&lt;code&gt;&lt;span style="color: var(--highlight-keyword)"&gt;&amp;nbsp;&amp;nbsp;&amp;nbsp;&amp;nbsp;&amp;nbsp;&amp;nbsp;&amp;nbsp;&amp;nbsp;}&lt;/span&gt;&lt;/code&gt;&lt;/li&gt;
&lt;li&gt;&lt;code&gt;&lt;span style="color: var(--highlight-keyword)"&gt;&lt;/span&gt;&lt;/code&gt;&lt;/li&gt;
&lt;li&gt;&lt;code&gt;&lt;span style="color: var(--highlight-keyword)"&gt;&amp;nbsp;&amp;nbsp;&amp;nbsp;&amp;nbsp;&amp;nbsp;&amp;nbsp;&amp;nbsp;&amp;nbsp;if&amp;nbsp;(&lt;/span&gt;&lt;span style="color: var(--highlight-default)"&gt;$this&lt;/span&gt;&lt;span style="color: var(--highlight-keyword)"&gt;-&amp;gt;&lt;/span&gt;&lt;span style="color: var(--highlight-default)"&gt;autoCommit&amp;nbsp;&lt;/span&gt;&lt;span style="color: var(--highlight-keyword)"&gt;===&amp;nbsp;&lt;/span&gt;&lt;span style="color: var(--highlight-default)"&gt;false&lt;/span&gt;&lt;span style="color: var(--highlight-keyword)"&gt;)&amp;nbsp;{&lt;/span&gt;&lt;/code&gt;&lt;/li&gt;&lt;/ol&gt;    &lt;/div&gt;            &lt;/div&gt;
                        &lt;div class="trace-line "&gt;
                &lt;div class="trace-line-header break-long-words sf-toggle" data-toggle-selector="#trace-html-3-3" data-toggle-initial=""&gt;
            &lt;span class="icon icon-close"&gt;&lt;svg width="1792" height="1792" viewBox="0 0 1792 1792" xmlns="http://www.w3.org/2000/svg"&gt;&lt;path d="M1408 960V832q0-26-19-45t-45-19H448q-26 0-45 19t-19 45v128q0 26 19 45t45 19h896q26 0 45-19t19-45zm256-544v960q0 119-84.5 203.5T1376 1664H416q-119 0-203.5-84.5T128 1376V416q0-119 84.5-203.5T416 128h960q119 0 203.5 84.5T1664 416z"/&gt;&lt;/svg&gt;&lt;/span&gt;
        &lt;span class="icon icon-open"&gt;&lt;svg width="1792" height="1792" viewBox="0 0 1792 1792" xmlns="http://www.w3.org/2000/svg"&gt;&lt;path d="M1408 960V832q0-26-19-45t-45-19h-320V448q0-26-19-45t-45-19H832q-26 0-45 19t-19 45v320H448q-26 0-45 19t-19 45v128q0 26 19 45t45 19h320v320q0 26 19 45t45 19h128q26 0 45-19t19-45v-320h320q26 0 45-19t19-45zm256-544v960q0 119-84.5 203.5T1376 1664H416q-119 0-203.5-84.5T128 1376V416q0-119 84.5-203.5T416 128h960q119 0 203.5 84.5T1664 416z"/&gt;&lt;/svg&gt;&lt;/span&gt;
    
            &lt;span class="trace-class"&gt;&lt;abbr title="Doctrine\DBAL\Connection"&gt;Connection&lt;/abbr&gt;&lt;/span&gt;&lt;span class="trace-type"&gt;-&gt;&lt;/span&gt;&lt;span class="trace-method"&gt;connect&lt;/span&gt;&lt;span class="trace-arguments"&gt;()&lt;/span&gt;    
                    &lt;span class="block trace-file-path"&gt;
            in
            &lt;a href=""&gt;
                C:\Users\eman\Documents\GitHub\car_dealer\vendor\doctrine\dbal\src\&lt;strong&gt;Connection.php&lt;/strong&gt;
            &lt;/a&gt;
                        (line 1507)
            &lt;span class="icon icon-copy hidden" data-clipboard-text="C:\Users\eman\Documents\GitHub\car_dealer\vendor\doctrine\dbal\src\Connection.php:1507"&gt;
                &lt;svg xmlns="http://www.w3.org/2000/svg" height="24" viewBox="0 0 24 24" width="24"&gt;&lt;path d="M0 0h24v24H0z" fill="none"/&gt;&lt;path d="M16 1H4c-1.1 0-2 .9-2 2v14h2V3h12V1zm3 4H8c-1.1 0-2 .9-2 2v14c0 1.1.9 2 2 2h11c1.1 0 2-.9 2-2V7c0-1.1-.9-2-2-2zm0 16H8V7h11v14z"/&gt;&lt;/svg&gt;            &lt;/span&gt;
        &lt;/span&gt;
    &lt;/div&gt;
    &lt;div id="trace-html-3-3" class="trace-code sf-toggle-content"&gt;
        &lt;ol start="1502"&gt;&lt;li&gt;&lt;code&gt;&lt;span style="color: var(--highlight-comment)"&gt;&amp;nbsp;&amp;nbsp;&amp;nbsp;&amp;nbsp;&amp;nbsp;*&lt;/span&gt;&lt;/code&gt;&lt;/li&gt;
&lt;li&gt;&lt;code&gt;&lt;span style="color: var(--highlight-comment)"&gt;&amp;nbsp;&amp;nbsp;&amp;nbsp;&amp;nbsp;&amp;nbsp;*&amp;nbsp;@throws&amp;nbsp;Exception&lt;/span&gt;&lt;/code&gt;&lt;/li&gt;
&lt;li&gt;&lt;code&gt;&lt;span style="color: var(--highlight-comment)"&gt;&amp;nbsp;&amp;nbsp;&amp;nbsp;&amp;nbsp;&amp;nbsp;*/&lt;/span&gt;&lt;/code&gt;&lt;/li&gt;
&lt;li&gt;&lt;code&gt;&lt;span style="color: var(--highlight-comment)"&gt;&amp;nbsp;&amp;nbsp;&amp;nbsp;&amp;nbsp;&lt;/span&gt;&lt;span style="color: var(--highlight-keyword)"&gt;public&amp;nbsp;function&amp;nbsp;&lt;/span&gt;&lt;span style="color: var(--highlight-default)"&gt;getWrappedConnection&lt;/span&gt;&lt;span style="color: var(--highlight-keyword)"&gt;()&lt;/span&gt;&lt;/code&gt;&lt;/li&gt;
&lt;li&gt;&lt;code&gt;&lt;span style="color: var(--highlight-keyword)"&gt;&amp;nbsp;&amp;nbsp;&amp;nbsp;&amp;nbsp;{&lt;/span&gt;&lt;/code&gt;&lt;/li&gt;
&lt;li class="selected"&gt;&lt;code&gt;&lt;span style="color: var(--highlight-keyword)"&gt;&amp;nbsp;&amp;nbsp;&amp;nbsp;&amp;nbsp;&amp;nbsp;&amp;nbsp;&amp;nbsp;&amp;nbsp;&lt;/span&gt;&lt;span style="color: var(--highlight-default)"&gt;$this&lt;/span&gt;&lt;span style="color: var(--highlight-keyword)"&gt;-&amp;gt;&lt;/span&gt;&lt;span style="color: var(--highlight-default)"&gt;connect&lt;/span&gt;&lt;span style="color: var(--highlight-keyword)"&gt;();&lt;/span&gt;&lt;/code&gt;&lt;/li&gt;
&lt;li&gt;&lt;code&gt;&lt;span style="color: var(--highlight-keyword)"&gt;&lt;/span&gt;&lt;/code&gt;&lt;/li&gt;
&lt;li&gt;&lt;code&gt;&lt;span style="color: var(--highlight-keyword)"&gt;&amp;nbsp;&amp;nbsp;&amp;nbsp;&amp;nbsp;&amp;nbsp;&amp;nbsp;&amp;nbsp;&amp;nbsp;&lt;/span&gt;&lt;span style="color: var(--highlight-default)"&gt;assert&lt;/span&gt;&lt;span style="color: var(--highlight-keyword)"&gt;(&lt;/span&gt;&lt;span style="color: var(--highlight-default)"&gt;$this&lt;/span&gt;&lt;span style="color: var(--highlight-keyword)"&gt;-&amp;gt;&lt;/span&gt;&lt;span style="color: var(--highlight-default)"&gt;_conn&amp;nbsp;&lt;/span&gt;&lt;span style="color: var(--highlight-keyword)"&gt;!==&amp;nbsp;&lt;/span&gt;&lt;span style="color: var(--highlight-default)"&gt;null&lt;/span&gt;&lt;span style="color: var(--highlight-keyword)"&gt;);&lt;/span&gt;&lt;/code&gt;&lt;/li&gt;
&lt;li&gt;&lt;code&gt;&lt;span style="color: var(--highlight-keyword)"&gt;&lt;/span&gt;&lt;/code&gt;&lt;/li&gt;
&lt;li&gt;&lt;code&gt;&lt;span style="color: var(--highlight-keyword)"&gt;&amp;nbsp;&amp;nbsp;&amp;nbsp;&amp;nbsp;&amp;nbsp;&amp;nbsp;&amp;nbsp;&amp;nbsp;return&amp;nbsp;&lt;/span&gt;&lt;span style="color: var(--highlight-default)"&gt;$this&lt;/span&gt;&lt;span style="color: var(--highlight-keyword)"&gt;-&amp;gt;&lt;/span&gt;&lt;span style="color: var(--highlight-default)"&gt;_conn&lt;/span&gt;&lt;span style="color: var(--highlight-keyword)"&gt;;&lt;/span&gt;&lt;/code&gt;&lt;/li&gt;
&lt;li&gt;&lt;code&gt;&lt;span style="color: var(--highlight-keyword)"&gt;&amp;nbsp;&amp;nbsp;&amp;nbsp;&amp;nbsp;}&lt;/span&gt;&lt;/code&gt;&lt;/li&gt;&lt;/ol&gt;    &lt;/div&gt;            &lt;/div&gt;
                        &lt;div class="trace-line "&gt;
                &lt;div class="trace-line-header break-long-words sf-toggle" data-toggle-selector="#trace-html-3-4" data-toggle-initial=""&gt;
            &lt;span class="icon icon-close"&gt;&lt;svg width="1792" height="1792" viewBox="0 0 1792 1792" xmlns="http://www.w3.org/2000/svg"&gt;&lt;path d="M1408 960V832q0-26-19-45t-45-19H448q-26 0-45 19t-19 45v128q0 26 19 45t45 19h896q26 0 45-19t19-45zm256-544v960q0 119-84.5 203.5T1376 1664H416q-119 0-203.5-84.5T128 1376V416q0-119 84.5-203.5T416 128h960q119 0 203.5 84.5T1664 416z"/&gt;&lt;/svg&gt;&lt;/span&gt;
        &lt;span class="icon icon-open"&gt;&lt;svg width="1792" height="1792" viewBox="0 0 1792 1792" xmlns="http://www.w3.org/2000/svg"&gt;&lt;path d="M1408 960V832q0-26-19-45t-45-19h-320V448q0-26-19-45t-45-19H832q-26 0-45 19t-19 45v320H448q-26 0-45 19t-19 45v128q0 26 19 45t45 19h320v320q0 26 19 45t45 19h128q26 0 45-19t19-45v-320h320q26 0 45-19t19-45zm256-544v960q0 119-84.5 203.5T1376 1664H416q-119 0-203.5-84.5T128 1376V416q0-119 84.5-203.5T416 128h960q119 0 203.5 84.5T1664 416z"/&gt;&lt;/svg&gt;&lt;/span&gt;
    
            &lt;span class="trace-class"&gt;&lt;abbr title="Doctrine\DBAL\Connection"&gt;Connection&lt;/abbr&gt;&lt;/span&gt;&lt;span class="trace-type"&gt;-&gt;&lt;/span&gt;&lt;span class="trace-method"&gt;getWrappedConnection&lt;/span&gt;&lt;span class="trace-arguments"&gt;()&lt;/span&gt;    
                    &lt;span class="block trace-file-path"&gt;
            in
            &lt;a href=""&gt;
                C:\Users\eman\Documents\GitHub\car_dealer\vendor\doctrine\dbal\src\&lt;strong&gt;Connection.php&lt;/strong&gt;
            &lt;/a&gt;
                        (line 1013)
            &lt;span class="icon icon-copy hidden" data-clipboard-text="C:\Users\eman\Documents\GitHub\car_dealer\vendor\doctrine\dbal\src\Connection.php:1013"&gt;
                &lt;svg xmlns="http://www.w3.org/2000/svg" height="24" viewBox="0 0 24 24" width="24"&gt;&lt;path d="M0 0h24v24H0z" fill="none"/&gt;&lt;path d="M16 1H4c-1.1 0-2 .9-2 2v14h2V3h12V1zm3 4H8c-1.1 0-2 .9-2 2v14c0 1.1.9 2 2 2h11c1.1 0 2-.9 2-2V7c0-1.1-.9-2-2-2zm0 16H8V7h11v14z"/&gt;&lt;/svg&gt;            &lt;/span&gt;
        &lt;/span&gt;
    &lt;/div&gt;
    &lt;div id="trace-html-3-4" class="trace-code sf-toggle-content"&gt;
        &lt;ol start="1008"&gt;&lt;li&gt;&lt;code&gt;&lt;span style="color: var(--highlight-default)"&gt;&amp;nbsp;&amp;nbsp;&amp;nbsp;&amp;nbsp;&lt;/span&gt;&lt;span style="color: var(--highlight-keyword)"&gt;):&amp;nbsp;&lt;/span&gt;&lt;span style="color: var(--highlight-default)"&gt;Result&amp;nbsp;&lt;/span&gt;&lt;span style="color: var(--highlight-keyword)"&gt;{&lt;/span&gt;&lt;/code&gt;&lt;/li&gt;
&lt;li&gt;&lt;code&gt;&lt;span style="color: var(--highlight-keyword)"&gt;&amp;nbsp;&amp;nbsp;&amp;nbsp;&amp;nbsp;&amp;nbsp;&amp;nbsp;&amp;nbsp;&amp;nbsp;if&amp;nbsp;(&lt;/span&gt;&lt;span style="color: var(--highlight-default)"&gt;$qcp&amp;nbsp;&lt;/span&gt;&lt;span style="color: var(--highlight-keyword)"&gt;!==&amp;nbsp;&lt;/span&gt;&lt;span style="color: var(--highlight-default)"&gt;null&lt;/span&gt;&lt;span style="color: var(--highlight-keyword)"&gt;)&amp;nbsp;{&lt;/span&gt;&lt;/code&gt;&lt;/li&gt;
&lt;li&gt;&lt;code&gt;&lt;span style="color: var(--highlight-keyword)"&gt;&amp;nbsp;&amp;nbsp;&amp;nbsp;&amp;nbsp;&amp;nbsp;&amp;nbsp;&amp;nbsp;&amp;nbsp;&amp;nbsp;&amp;nbsp;&amp;nbsp;&amp;nbsp;return&amp;nbsp;&lt;/span&gt;&lt;span style="color: var(--highlight-default)"&gt;$this&lt;/span&gt;&lt;span style="color: var(--highlight-keyword)"&gt;-&amp;gt;&lt;/span&gt;&lt;span style="color: var(--highlight-default)"&gt;executeCacheQuery&lt;/span&gt;&lt;span style="color: var(--highlight-keyword)"&gt;(&lt;/span&gt;&lt;span style="color: var(--highlight-default)"&gt;$sql&lt;/span&gt;&lt;span style="color: var(--highlight-keyword)"&gt;,&amp;nbsp;&lt;/span&gt;&lt;span style="color: var(--highlight-default)"&gt;$params&lt;/span&gt;&lt;span style="color: var(--highlight-keyword)"&gt;,&amp;nbsp;&lt;/span&gt;&lt;span style="color: var(--highlight-default)"&gt;$types&lt;/span&gt;&lt;span style="color: var(--highlight-keyword)"&gt;,&amp;nbsp;&lt;/span&gt;&lt;span style="color: var(--highlight-default)"&gt;$qcp&lt;/span&gt;&lt;span style="color: var(--highlight-keyword)"&gt;);&lt;/span&gt;&lt;/code&gt;&lt;/li&gt;
&lt;li&gt;&lt;code&gt;&lt;span style="color: var(--highlight-keyword)"&gt;&amp;nbsp;&amp;nbsp;&amp;nbsp;&amp;nbsp;&amp;nbsp;&amp;nbsp;&amp;nbsp;&amp;nbsp;}&lt;/span&gt;&lt;/code&gt;&lt;/li&gt;
&lt;li&gt;&lt;code&gt;&lt;span style="color: var(--highlight-keyword)"&gt;&lt;/span&gt;&lt;/code&gt;&lt;/li&gt;
&lt;li class="selected"&gt;&lt;code&gt;&lt;span style="color: var(--highlight-keyword)"&gt;&amp;nbsp;&amp;nbsp;&amp;nbsp;&amp;nbsp;&amp;nbsp;&amp;nbsp;&amp;nbsp;&amp;nbsp;&lt;/span&gt;&lt;span style="color: var(--highlight-default)"&gt;$connection&amp;nbsp;&lt;/span&gt;&lt;span style="color: var(--highlight-keyword)"&gt;=&amp;nbsp;&lt;/span&gt;&lt;span style="color: var(--highlight-default)"&gt;$this&lt;/span&gt;&lt;span style="color: var(--highlight-keyword)"&gt;-&amp;gt;&lt;/span&gt;&lt;span style="color: var(--highlight-default)"&gt;getWrappedConnection&lt;/span&gt;&lt;span style="color: var(--highlight-keyword)"&gt;();&lt;/span&gt;&lt;/code&gt;&lt;/li&gt;
&lt;li&gt;&lt;code&gt;&lt;span style="color: var(--highlight-keyword)"&gt;&lt;/span&gt;&lt;/code&gt;&lt;/li&gt;
&lt;li&gt;&lt;code&gt;&lt;span style="color: var(--highlight-keyword)"&gt;&amp;nbsp;&amp;nbsp;&amp;nbsp;&amp;nbsp;&amp;nbsp;&amp;nbsp;&amp;nbsp;&amp;nbsp;&lt;/span&gt;&lt;span style="color: var(--highlight-default)"&gt;$logger&amp;nbsp;&lt;/span&gt;&lt;span style="color: var(--highlight-keyword)"&gt;=&amp;nbsp;&lt;/span&gt;&lt;span style="color: var(--highlight-default)"&gt;$this&lt;/span&gt;&lt;span style="color: var(--highlight-keyword)"&gt;-&amp;gt;&lt;/span&gt;&lt;span style="color: var(--highlight-default)"&gt;_config&lt;/span&gt;&lt;span style="color: var(--highlight-keyword)"&gt;-&amp;gt;&lt;/span&gt;&lt;span style="color: var(--highlight-default)"&gt;getSQLLogger&lt;/span&gt;&lt;span style="color: var(--highlight-keyword)"&gt;();&lt;/span&gt;&lt;/code&gt;&lt;/li&gt;
&lt;li&gt;&lt;code&gt;&lt;span style="color: var(--highlight-keyword)"&gt;&amp;nbsp;&amp;nbsp;&amp;nbsp;&amp;nbsp;&amp;nbsp;&amp;nbsp;&amp;nbsp;&amp;nbsp;if&amp;nbsp;(&lt;/span&gt;&lt;span style="color: var(--highlight-default)"&gt;$logger&amp;nbsp;&lt;/span&gt;&lt;span style="color: var(--highlight-keyword)"&gt;!==&amp;nbsp;&lt;/span&gt;&lt;span style="color: var(--highlight-default)"&gt;null&lt;/span&gt;&lt;span style="color: var(--highlight-keyword)"&gt;)&amp;nbsp;{&lt;/span&gt;&lt;/code&gt;&lt;/li&gt;
&lt;li&gt;&lt;code&gt;&lt;span style="color: var(--highlight-keyword)"&gt;&amp;nbsp;&amp;nbsp;&amp;nbsp;&amp;nbsp;&amp;nbsp;&amp;nbsp;&amp;nbsp;&amp;nbsp;&amp;nbsp;&amp;nbsp;&amp;nbsp;&amp;nbsp;&lt;/span&gt;&lt;span style="color: var(--highlight-default)"&gt;$logger&lt;/span&gt;&lt;span style="color: var(--highlight-keyword)"&gt;-&amp;gt;&lt;/span&gt;&lt;span style="color: var(--highlight-default)"&gt;startQuery&lt;/span&gt;&lt;span style="color: var(--highlight-keyword)"&gt;(&lt;/span&gt;&lt;span style="color: var(--highlight-default)"&gt;$sql&lt;/span&gt;&lt;span style="color: var(--highlight-keyword)"&gt;,&amp;nbsp;&lt;/span&gt;&lt;span style="color: var(--highlight-default)"&gt;$params&lt;/span&gt;&lt;span style="color: var(--highlight-keyword)"&gt;,&amp;nbsp;&lt;/span&gt;&lt;span style="color: var(--highlight-default)"&gt;$types&lt;/span&gt;&lt;span style="color: var(--highlight-keyword)"&gt;);&lt;/span&gt;&lt;/code&gt;&lt;/li&gt;
&lt;li&gt;&lt;code&gt;&lt;span style="color: var(--highlight-keyword)"&gt;&amp;nbsp;&amp;nbsp;&amp;nbsp;&amp;nbsp;&amp;nbsp;&amp;nbsp;&amp;nbsp;&amp;nbsp;}&lt;/span&gt;&lt;/code&gt;&lt;/li&gt;&lt;/ol&gt;    &lt;/div&gt;            &lt;/div&gt;
                        &lt;div class="trace-line "&gt;
                &lt;div class="trace-line-header break-long-words sf-toggle" data-toggle-selector="#trace-html-3-5" data-toggle-initial=""&gt;
            &lt;span class="icon icon-close"&gt;&lt;svg width="1792" height="1792" viewBox="0 0 1792 1792" xmlns="http://www.w3.org/2000/svg"&gt;&lt;path d="M1408 960V832q0-26-19-45t-45-19H448q-26 0-45 19t-19 45v128q0 26 19 45t45 19h896q26 0 45-19t19-45zm256-544v960q0 119-84.5 203.5T1376 1664H416q-119 0-203.5-84.5T128 1376V416q0-119 84.5-203.5T416 128h960q119 0 203.5 84.5T1664 416z"/&gt;&lt;/svg&gt;&lt;/span&gt;
        &lt;span class="icon icon-open"&gt;&lt;svg width="1792" height="1792" viewBox="0 0 1792 1792" xmlns="http://www.w3.org/2000/svg"&gt;&lt;path d="M1408 960V832q0-26-19-45t-45-19h-320V448q0-26-19-45t-45-19H832q-26 0-45 19t-19 45v320H448q-26 0-45 19t-19 45v128q0 26 19 45t45 19h320v320q0 26 19 45t45 19h128q26 0 45-19t19-45v-320h320q26 0 45-19t19-45zm256-544v960q0 119-84.5 203.5T1376 1664H416q-119 0-203.5-84.5T128 1376V416q0-119 84.5-203.5T416 128h960q119 0 203.5 84.5T1664 416z"/&gt;&lt;/svg&gt;&lt;/span&gt;
    
            &lt;span class="trace-class"&gt;&lt;abbr title="Doctrine\DBAL\Connection"&gt;Connection&lt;/abbr&gt;&lt;/span&gt;&lt;span class="trace-type"&gt;-&gt;&lt;/span&gt;&lt;span class="trace-method"&gt;executeQuery&lt;/span&gt;&lt;span class="trace-arguments"&gt;()&lt;/span&gt;    
                    &lt;span class="block trace-file-path"&gt;
            in
            &lt;a href=""&gt;
                C:\Users\eman\Documents\GitHub\car_dealer\vendor\doctrine\orm\lib\Doctrine\ORM\Persisters\Entity\&lt;strong&gt;BasicEntityPersister.php&lt;/strong&gt;
            &lt;/a&gt;
                        (line 883)
            &lt;span class="icon icon-copy hidden" data-clipboard-text="C:\Users\eman\Documents\GitHub\car_dealer\vendor\doctrine\orm\lib\Doctrine\ORM\Persisters\Entity\BasicEntityPersister.php:883"&gt;
                &lt;svg xmlns="http://www.w3.org/2000/svg" height="24" viewBox="0 0 24 24" width="24"&gt;&lt;path d="M0 0h24v24H0z" fill="none"/&gt;&lt;path d="M16 1H4c-1.1 0-2 .9-2 2v14h2V3h12V1zm3 4H8c-1.1 0-2 .9-2 2v14c0 1.1.9 2 2 2h11c1.1 0 2-.9 2-2V7c0-1.1-.9-2-2-2zm0 16H8V7h11v14z"/&gt;&lt;/svg&gt;            &lt;/span&gt;
        &lt;/span&gt;
    &lt;/div&gt;
    &lt;div id="trace-html-3-5" class="trace-code sf-toggle-content"&gt;
        &lt;ol start="878"&gt;&lt;li&gt;&lt;code&gt;&lt;span style="color: var(--highlight-keyword)"&gt;&amp;nbsp;&amp;nbsp;&amp;nbsp;&amp;nbsp;{&lt;/span&gt;&lt;/code&gt;&lt;/li&gt;
&lt;li&gt;&lt;code&gt;&lt;span style="color: var(--highlight-keyword)"&gt;&amp;nbsp;&amp;nbsp;&amp;nbsp;&amp;nbsp;&amp;nbsp;&amp;nbsp;&amp;nbsp;&amp;nbsp;&lt;/span&gt;&lt;span style="color: var(--highlight-default)"&gt;$this&lt;/span&gt;&lt;span style="color: var(--highlight-keyword)"&gt;-&amp;gt;&lt;/span&gt;&lt;span style="color: var(--highlight-default)"&gt;switchPersisterContext&lt;/span&gt;&lt;span style="color: var(--highlight-keyword)"&gt;(&lt;/span&gt;&lt;span style="color: var(--highlight-default)"&gt;$offset&lt;/span&gt;&lt;span style="color: var(--highlight-keyword)"&gt;,&amp;nbsp;&lt;/span&gt;&lt;span style="color: var(--highlight-default)"&gt;$limit&lt;/span&gt;&lt;span style="color: var(--highlight-keyword)"&gt;);&lt;/span&gt;&lt;/code&gt;&lt;/li&gt;
&lt;li&gt;&lt;code&gt;&lt;span style="color: var(--highlight-keyword)"&gt;&lt;/span&gt;&lt;/code&gt;&lt;/li&gt;
&lt;li&gt;&lt;code&gt;&lt;span style="color: var(--highlight-keyword)"&gt;&amp;nbsp;&amp;nbsp;&amp;nbsp;&amp;nbsp;&amp;nbsp;&amp;nbsp;&amp;nbsp;&amp;nbsp;&lt;/span&gt;&lt;span style="color: var(--highlight-default)"&gt;$sql&amp;nbsp;&amp;nbsp;&amp;nbsp;&amp;nbsp;&amp;nbsp;&amp;nbsp;&amp;nbsp;&amp;nbsp;&amp;nbsp;&amp;nbsp;&amp;nbsp;&amp;nbsp;&amp;nbsp;&amp;nbsp;&lt;/span&gt;&lt;span style="color: var(--highlight-keyword)"&gt;=&amp;nbsp;&lt;/span&gt;&lt;span style="color: var(--highlight-default)"&gt;$this&lt;/span&gt;&lt;span style="color: var(--highlight-keyword)"&gt;-&amp;gt;&lt;/span&gt;&lt;span style="color: var(--highlight-default)"&gt;getSelectSQL&lt;/span&gt;&lt;span style="color: var(--highlight-keyword)"&gt;(&lt;/span&gt;&lt;span style="color: var(--highlight-default)"&gt;$criteria&lt;/span&gt;&lt;span style="color: var(--highlight-keyword)"&gt;,&amp;nbsp;&lt;/span&gt;&lt;span style="color: var(--highlight-default)"&gt;null&lt;/span&gt;&lt;span style="color: var(--highlight-keyword)"&gt;,&amp;nbsp;&lt;/span&gt;&lt;span style="color: var(--highlight-default)"&gt;null&lt;/span&gt;&lt;span style="color: var(--highlight-keyword)"&gt;,&amp;nbsp;&lt;/span&gt;&lt;span style="color: var(--highlight-default)"&gt;$limit&lt;/span&gt;&lt;span style="color: var(--highlight-keyword)"&gt;,&amp;nbsp;&lt;/span&gt;&lt;span style="color: var(--highlight-default)"&gt;$offset&lt;/span&gt;&lt;span style="color: var(--highlight-keyword)"&gt;,&amp;nbsp;&lt;/span&gt;&lt;span style="color: var(--highlight-default)"&gt;$orderBy&lt;/span&gt;&lt;span style="color: var(--highlight-keyword)"&gt;);&lt;/span&gt;&lt;/code&gt;&lt;/li&gt;
&lt;li&gt;&lt;code&gt;&lt;span style="color: var(--highlight-keyword)"&gt;&amp;nbsp;&amp;nbsp;&amp;nbsp;&amp;nbsp;&amp;nbsp;&amp;nbsp;&amp;nbsp;&amp;nbsp;[&lt;/span&gt;&lt;span style="color: var(--highlight-default)"&gt;$params&lt;/span&gt;&lt;span style="color: var(--highlight-keyword)"&gt;,&amp;nbsp;&lt;/span&gt;&lt;span style="color: var(--highlight-default)"&gt;$types&lt;/span&gt;&lt;span style="color: var(--highlight-keyword)"&gt;]&amp;nbsp;=&amp;nbsp;&lt;/span&gt;&lt;span style="color: var(--highlight-default)"&gt;$this&lt;/span&gt;&lt;span style="color: var(--highlight-keyword)"&gt;-&amp;gt;&lt;/span&gt;&lt;span style="color: var(--highlight-default)"&gt;expandParameters&lt;/span&gt;&lt;span style="color: var(--highlight-keyword)"&gt;(&lt;/span&gt;&lt;span style="color: var(--highlight-default)"&gt;$criteria&lt;/span&gt;&lt;span style="color: var(--highlight-keyword)"&gt;);&lt;/span&gt;&lt;/code&gt;&lt;/li&gt;
&lt;li class="selected"&gt;&lt;code&gt;&lt;span style="color: var(--highlight-keyword)"&gt;&amp;nbsp;&amp;nbsp;&amp;nbsp;&amp;nbsp;&amp;nbsp;&amp;nbsp;&amp;nbsp;&amp;nbsp;&lt;/span&gt;&lt;span style="color: var(--highlight-default)"&gt;$stmt&amp;nbsp;&amp;nbsp;&amp;nbsp;&amp;nbsp;&amp;nbsp;&amp;nbsp;&amp;nbsp;&amp;nbsp;&amp;nbsp;&amp;nbsp;&amp;nbsp;&amp;nbsp;&amp;nbsp;&lt;/span&gt;&lt;span style="color: var(--highlight-keyword)"&gt;=&amp;nbsp;&lt;/span&gt;&lt;span style="color: var(--highlight-default)"&gt;$this&lt;/span&gt;&lt;span style="color: var(--highlight-keyword)"&gt;-&amp;gt;&lt;/span&gt;&lt;span style="color: var(--highlight-default)"&gt;conn&lt;/span&gt;&lt;span style="color: var(--highlight-keyword)"&gt;-&amp;gt;&lt;/span&gt;&lt;span style="color: var(--highlight-default)"&gt;executeQuery&lt;/span&gt;&lt;span style="color: var(--highlight-keyword)"&gt;(&lt;/span&gt;&lt;span style="color: var(--highlight-default)"&gt;$sql&lt;/span&gt;&lt;span style="color: var(--highlight-keyword)"&gt;,&amp;nbsp;&lt;/span&gt;&lt;span style="color: var(--highlight-default)"&gt;$params&lt;/span&gt;&lt;span style="color: var(--highlight-keyword)"&gt;,&amp;nbsp;&lt;/span&gt;&lt;span style="color: var(--highlight-default)"&gt;$types&lt;/span&gt;&lt;span style="color: var(--highlight-keyword)"&gt;);&lt;/span&gt;&lt;/code&gt;&lt;/li&gt;
&lt;li&gt;&lt;code&gt;&lt;span style="color: var(--highlight-keyword)"&gt;&lt;/span&gt;&lt;/code&gt;&lt;/li&gt;
&lt;li&gt;&lt;code&gt;&lt;span style="color: var(--highlight-keyword)"&gt;&amp;nbsp;&amp;nbsp;&amp;nbsp;&amp;nbsp;&amp;nbsp;&amp;nbsp;&amp;nbsp;&amp;nbsp;&lt;/span&gt;&lt;span style="color: var(--highlight-default)"&gt;$hydrator&amp;nbsp;&lt;/span&gt;&lt;span style="color: var(--highlight-keyword)"&gt;=&amp;nbsp;&lt;/span&gt;&lt;span style="color: var(--highlight-default)"&gt;$this&lt;/span&gt;&lt;span style="color: var(--highlight-keyword)"&gt;-&amp;gt;&lt;/span&gt;&lt;span style="color: var(--highlight-default)"&gt;em&lt;/span&gt;&lt;span style="color: var(--highlight-keyword)"&gt;-&amp;gt;&lt;/span&gt;&lt;span style="color: var(--highlight-default)"&gt;newHydrator&lt;/span&gt;&lt;span style="color: var(--highlight-keyword)"&gt;(&lt;/span&gt;&lt;span style="color: var(--highlight-default)"&gt;$this&lt;/span&gt;&lt;span style="color: var(--highlight-keyword)"&gt;-&amp;gt;&lt;/span&gt;&lt;span style="color: var(--highlight-default)"&gt;currentPersisterContext&lt;/span&gt;&lt;span style="color: var(--highlight-keyword)"&gt;-&amp;gt;&lt;/span&gt;&lt;span style="color: var(--highlight-default)"&gt;selectJoinSql&amp;nbsp;&lt;/span&gt;&lt;span style="color: var(--highlight-keyword)"&gt;?&amp;nbsp;&lt;/span&gt;&lt;span style="color: var(--highlight-default)"&gt;Query&lt;/span&gt;&lt;span style="color: var(--highlight-keyword)"&gt;::&lt;/span&gt;&lt;span style="color: var(--highlight-default)"&gt;HYDRATE_OBJECT&amp;nbsp;&lt;/span&gt;&lt;span style="color: var(--highlight-keyword)"&gt;:&amp;nbsp;&lt;/span&gt;&lt;span style="color: var(--highlight-default)"&gt;Query&lt;/span&gt;&lt;span style="color: var(--highlight-keyword)"&gt;::&lt;/span&gt;&lt;span style="color: var(--highlight-default)"&gt;HYDRATE_SIMPLEOBJECT&lt;/span&gt;&lt;span style="color: var(--highlight-keyword)"&gt;);&lt;/span&gt;&lt;/code&gt;&lt;/li&gt;
&lt;li&gt;&lt;code&gt;&lt;span style="color: var(--highlight-keyword)"&gt;&lt;/span&gt;&lt;/code&gt;&lt;/li&gt;
&lt;li&gt;&lt;code&gt;&lt;span style="color: var(--highlight-keyword)"&gt;&amp;nbsp;&amp;nbsp;&amp;nbsp;&amp;nbsp;&amp;nbsp;&amp;nbsp;&amp;nbsp;&amp;nbsp;return&amp;nbsp;&lt;/span&gt;&lt;span style="color: var(--highlight-default)"&gt;$hydrator&lt;/span&gt;&lt;span style="color: var(--highlight-keyword)"&gt;-&amp;gt;&lt;/span&gt;&lt;span style="color: var(--highlight-default)"&gt;hydrateAll&lt;/span&gt;&lt;span style="color: var(--highlight-keyword)"&gt;(&lt;/span&gt;&lt;span style="color: var(--highlight-default)"&gt;$stmt&lt;/span&gt;&lt;span style="color: var(--highlight-keyword)"&gt;,&amp;nbsp;&lt;/span&gt;&lt;span style="color: var(--highlight-default)"&gt;$this&lt;/span&gt;&lt;span style="color: var(--highlight-keyword)"&gt;-&amp;gt;&lt;/span&gt;&lt;span style="color: var(--highlight-default)"&gt;currentPersisterContext&lt;/span&gt;&lt;span style="color: var(--highlight-keyword)"&gt;-&amp;gt;&lt;/span&gt;&lt;span style="color: var(--highlight-default)"&gt;rsm&lt;/span&gt;&lt;span style="color: var(--highlight-keyword)"&gt;,&amp;nbsp;[&lt;/span&gt;&lt;span style="color: var(--highlight-default)"&gt;UnitOfWork&lt;/span&gt;&lt;span style="color: var(--highlight-keyword)"&gt;::&lt;/span&gt;&lt;span style="color: var(--highlight-default)"&gt;HINT_DEFEREAGERLOAD&amp;nbsp;&lt;/span&gt;&lt;span style="color: var(--highlight-keyword)"&gt;=&amp;gt;&amp;nbsp;&lt;/span&gt;&lt;span style="color: var(--highlight-default)"&gt;true&lt;/span&gt;&lt;span style="color: var(--highlight-keyword)"&gt;]);&lt;/span&gt;&lt;/code&gt;&lt;/li&gt;
&lt;li&gt;&lt;code&gt;&lt;span style="color: var(--highlight-keyword)"&gt;&amp;nbsp;&amp;nbsp;&amp;nbsp;&amp;nbsp;}&lt;/span&gt;&lt;/code&gt;&lt;/li&gt;&lt;/ol&gt;    &lt;/div&gt;            &lt;/div&gt;
                        &lt;div class="trace-line "&gt;
                &lt;div class="trace-line-header break-long-words sf-toggle" data-toggle-selector="#trace-html-3-6" data-toggle-initial=""&gt;
            &lt;span class="icon icon-close"&gt;&lt;svg width="1792" height="1792" viewBox="0 0 1792 1792" xmlns="http://www.w3.org/2000/svg"&gt;&lt;path d="M1408 960V832q0-26-19-45t-45-19H448q-26 0-45 19t-19 45v128q0 26 19 45t45 19h896q26 0 45-19t19-45zm256-544v960q0 119-84.5 203.5T1376 1664H416q-119 0-203.5-84.5T128 1376V416q0-119 84.5-203.5T416 128h960q119 0 203.5 84.5T1664 416z"/&gt;&lt;/svg&gt;&lt;/span&gt;
        &lt;span class="icon icon-open"&gt;&lt;svg width="1792" height="1792" viewBox="0 0 1792 1792" xmlns="http://www.w3.org/2000/svg"&gt;&lt;path d="M1408 960V832q0-26-19-45t-45-19h-320V448q0-26-19-45t-45-19H832q-26 0-45 19t-19 45v320H448q-26 0-45 19t-19 45v128q0 26 19 45t45 19h320v320q0 26 19 45t45 19h128q26 0 45-19t19-45v-320h320q26 0 45-19t19-45zm256-544v960q0 119-84.5 203.5T1376 1664H416q-119 0-203.5-84.5T128 1376V416q0-119 84.5-203.5T416 128h960q119 0 203.5 84.5T1664 416z"/&gt;&lt;/svg&gt;&lt;/span&gt;
    
            &lt;span class="trace-class"&gt;&lt;abbr title="Doctrine\ORM\Persisters\Entity\BasicEntityPersister"&gt;BasicEntityPersister&lt;/abbr&gt;&lt;/span&gt;&lt;span class="trace-type"&gt;-&gt;&lt;/span&gt;&lt;span class="trace-method"&gt;loadAll&lt;/span&gt;&lt;span class="trace-arguments"&gt;()&lt;/span&gt;    
                    &lt;span class="block trace-file-path"&gt;
            in
            &lt;a href=""&gt;
                C:\Users\eman\Documents\GitHub\car_dealer\vendor\doctrine\orm\lib\Doctrine\ORM\&lt;strong&gt;EntityRepository.php&lt;/strong&gt;
            &lt;/a&gt;
                        (line 202)
            &lt;span class="icon icon-copy hidden" data-clipboard-text="C:\Users\eman\Documents\GitHub\car_dealer\vendor\doctrine\orm\lib\Doctrine\ORM\EntityRepository.php:202"&gt;
                &lt;svg xmlns="http://www.w3.org/2000/svg" height="24" viewBox="0 0 24 24" width="24"&gt;&lt;path d="M0 0h24v24H0z" fill="none"/&gt;&lt;path d="M16 1H4c-1.1 0-2 .9-2 2v14h2V3h12V1zm3 4H8c-1.1 0-2 .9-2 2v14c0 1.1.9 2 2 2h11c1.1 0 2-.9 2-2V7c0-1.1-.9-2-2-2zm0 16H8V7h11v14z"/&gt;&lt;/svg&gt;            &lt;/span&gt;
        &lt;/span&gt;
    &lt;/div&gt;
    &lt;div id="trace-html-3-6" class="trace-code sf-toggle-content"&gt;
        &lt;ol start="197"&gt;&lt;li&gt;&lt;code&gt;&lt;span style="color: var(--highlight-comment)"&gt;&amp;nbsp;&amp;nbsp;&amp;nbsp;&amp;nbsp;&amp;nbsp;*/&lt;/span&gt;&lt;/code&gt;&lt;/li&gt;
&lt;li&gt;&lt;code&gt;&lt;span style="color: var(--highlight-comment)"&gt;&amp;nbsp;&amp;nbsp;&amp;nbsp;&amp;nbsp;&lt;/span&gt;&lt;span style="color: var(--highlight-keyword)"&gt;public&amp;nbsp;function&amp;nbsp;&lt;/span&gt;&lt;span style="color: var(--highlight-default)"&gt;findBy&lt;/span&gt;&lt;span style="color: var(--highlight-keyword)"&gt;(array&amp;nbsp;&lt;/span&gt;&lt;span style="color: var(--highlight-default)"&gt;$criteria&lt;/span&gt;&lt;span style="color: var(--highlight-keyword)"&gt;,&amp;nbsp;?array&amp;nbsp;&lt;/span&gt;&lt;span style="color: var(--highlight-default)"&gt;$orderBy&amp;nbsp;&lt;/span&gt;&lt;span style="color: var(--highlight-keyword)"&gt;=&amp;nbsp;&lt;/span&gt;&lt;span style="color: var(--highlight-default)"&gt;null&lt;/span&gt;&lt;span style="color: var(--highlight-keyword)"&gt;,&amp;nbsp;&lt;/span&gt;&lt;span style="color: var(--highlight-default)"&gt;$limit&amp;nbsp;&lt;/span&gt;&lt;span style="color: var(--highlight-keyword)"&gt;=&amp;nbsp;&lt;/span&gt;&lt;span style="color: var(--highlight-default)"&gt;null&lt;/span&gt;&lt;span style="color: var(--highlight-keyword)"&gt;,&amp;nbsp;&lt;/span&gt;&lt;span style="color: var(--highlight-default)"&gt;$offset&amp;nbsp;&lt;/span&gt;&lt;span style="color: var(--highlight-keyword)"&gt;=&amp;nbsp;&lt;/span&gt;&lt;span style="color: var(--highlight-default)"&gt;null&lt;/span&gt;&lt;span style="color: var(--highlight-keyword)"&gt;)&lt;/span&gt;&lt;/code&gt;&lt;/li&gt;
&lt;li&gt;&lt;code&gt;&lt;span style="color: var(--highlight-keyword)"&gt;&amp;nbsp;&amp;nbsp;&amp;nbsp;&amp;nbsp;{&lt;/span&gt;&lt;/code&gt;&lt;/li&gt;
&lt;li&gt;&lt;code&gt;&lt;span style="color: var(--highlight-keyword)"&gt;&amp;nbsp;&amp;nbsp;&amp;nbsp;&amp;nbsp;&amp;nbsp;&amp;nbsp;&amp;nbsp;&amp;nbsp;&lt;/span&gt;&lt;span style="color: var(--highlight-default)"&gt;$persister&amp;nbsp;&lt;/span&gt;&lt;span style="color: var(--highlight-keyword)"&gt;=&amp;nbsp;&lt;/span&gt;&lt;span style="color: var(--highlight-default)"&gt;$this&lt;/span&gt;&lt;span style="color: var(--highlight-keyword)"&gt;-&amp;gt;&lt;/span&gt;&lt;span style="color: var(--highlight-default)"&gt;_em&lt;/span&gt;&lt;span style="color: var(--highlight-keyword)"&gt;-&amp;gt;&lt;/span&gt;&lt;span style="color: var(--highlight-default)"&gt;getUnitOfWork&lt;/span&gt;&lt;span style="color: var(--highlight-keyword)"&gt;()-&amp;gt;&lt;/span&gt;&lt;span style="color: var(--highlight-default)"&gt;getEntityPersister&lt;/span&gt;&lt;span style="color: var(--highlight-keyword)"&gt;(&lt;/span&gt;&lt;span style="color: var(--highlight-default)"&gt;$this&lt;/span&gt;&lt;span style="color: var(--highlight-keyword)"&gt;-&amp;gt;&lt;/span&gt;&lt;span style="color: var(--highlight-default)"&gt;_entityName&lt;/span&gt;&lt;span style="color: var(--highlight-keyword)"&gt;);&lt;/span&gt;&lt;/code&gt;&lt;/li&gt;
&lt;li&gt;&lt;code&gt;&lt;span style="color: var(--highlight-keyword)"&gt;&lt;/span&gt;&lt;/code&gt;&lt;/li&gt;
&lt;li class="selected"&gt;&lt;code&gt;&lt;span style="color: var(--highlight-keyword)"&gt;&amp;nbsp;&amp;nbsp;&amp;nbsp;&amp;nbsp;&amp;nbsp;&amp;nbsp;&amp;nbsp;&amp;nbsp;return&amp;nbsp;&lt;/span&gt;&lt;span style="color: var(--highlight-default)"&gt;$persister&lt;/span&gt;&lt;span style="color: var(--highlight-keyword)"&gt;-&amp;gt;&lt;/span&gt;&lt;span style="color: var(--highlight-default)"&gt;loadAll&lt;/span&gt;&lt;span style="color: var(--highlight-keyword)"&gt;(&lt;/span&gt;&lt;span style="color: var(--highlight-default)"&gt;$criteria&lt;/span&gt;&lt;span style="color: var(--highlight-keyword)"&gt;,&amp;nbsp;&lt;/span&gt;&lt;span style="color: var(--highlight-default)"&gt;$orderBy&lt;/span&gt;&lt;span style="color: var(--highlight-keyword)"&gt;,&amp;nbsp;&lt;/span&gt;&lt;span style="color: var(--highlight-default)"&gt;$limit&lt;/span&gt;&lt;span style="color: var(--highlight-keyword)"&gt;,&amp;nbsp;&lt;/span&gt;&lt;span style="color: var(--highlight-default)"&gt;$offset&lt;/span&gt;&lt;span style="color: var(--highlight-keyword)"&gt;);&lt;/span&gt;&lt;/code&gt;&lt;/li&gt;
&lt;li&gt;&lt;code&gt;&lt;span style="color: var(--highlight-keyword)"&gt;&amp;nbsp;&amp;nbsp;&amp;nbsp;&amp;nbsp;}&lt;/span&gt;&lt;/code&gt;&lt;/li&gt;
&lt;li&gt;&lt;code&gt;&lt;span style="color: var(--highlight-keyword)"&gt;&lt;/span&gt;&lt;/code&gt;&lt;/li&gt;
&lt;li&gt;&lt;code&gt;&lt;span style="color: var(--highlight-keyword)"&gt;&amp;nbsp;&amp;nbsp;&amp;nbsp;&amp;nbsp;&lt;/span&gt;&lt;span style="color: var(--highlight-comment)"&gt;/**&lt;/span&gt;&lt;/code&gt;&lt;/li&gt;
&lt;li&gt;&lt;code&gt;&lt;span style="color: var(--highlight-comment)"&gt;&amp;nbsp;&amp;nbsp;&amp;nbsp;&amp;nbsp;&amp;nbsp;*&amp;nbsp;Finds&amp;nbsp;a&amp;nbsp;single&amp;nbsp;entity&amp;nbsp;by&amp;nbsp;a&amp;nbsp;set&amp;nbsp;of&amp;nbsp;criteria.&lt;/span&gt;&lt;/code&gt;&lt;/li&gt;
&lt;li&gt;&lt;code&gt;&lt;span style="color: var(--highlight-comment)"&gt;&amp;nbsp;&amp;nbsp;&amp;nbsp;&amp;nbsp;&amp;nbsp;*&lt;/span&gt;&lt;/code&gt;&lt;/li&gt;&lt;/ol&gt;    &lt;/div&gt;            &lt;/div&gt;
                        &lt;div class="trace-line "&gt;
                &lt;div class="trace-line-header break-long-words sf-toggle" data-toggle-selector="#trace-html-3-7" data-toggle-initial=""&gt;
            &lt;span class="icon icon-close"&gt;&lt;svg width="1792" height="1792" viewBox="0 0 1792 1792" xmlns="http://www.w3.org/2000/svg"&gt;&lt;path d="M1408 960V832q0-26-19-45t-45-19H448q-26 0-45 19t-19 45v128q0 26 19 45t45 19h896q26 0 45-19t19-45zm256-544v960q0 119-84.5 203.5T1376 1664H416q-119 0-203.5-84.5T128 1376V416q0-119 84.5-203.5T416 128h960q119 0 203.5 84.5T1664 416z"/&gt;&lt;/svg&gt;&lt;/span&gt;
        &lt;span class="icon icon-open"&gt;&lt;svg width="1792" height="1792" viewBox="0 0 1792 1792" xmlns="http://www.w3.org/2000/svg"&gt;&lt;path d="M1408 960V832q0-26-19-45t-45-19h-320V448q0-26-19-45t-45-19H832q-26 0-45 19t-19 45v320H448q-26 0-45 19t-19 45v128q0 26 19 45t45 19h320v320q0 26 19 45t45 19h128q26 0 45-19t19-45v-320h320q26 0 45-19t19-45zm256-544v960q0 119-84.5 203.5T1376 1664H416q-119 0-203.5-84.5T128 1376V416q0-119 84.5-203.5T416 128h960q119 0 203.5 84.5T1664 416z"/&gt;&lt;/svg&gt;&lt;/span&gt;
    
            &lt;span class="trace-class"&gt;&lt;abbr title="Doctrine\ORM\EntityRepository"&gt;EntityRepository&lt;/abbr&gt;&lt;/span&gt;&lt;span class="trace-type"&gt;-&gt;&lt;/span&gt;&lt;span class="trace-method"&gt;findBy&lt;/span&gt;&lt;span class="trace-arguments"&gt;()&lt;/span&gt;    
                    &lt;span class="block trace-file-path"&gt;
            in
            &lt;a href=""&gt;
                C:\Users\eman\Documents\GitHub\car_dealer\vendor\doctrine\orm\lib\Doctrine\ORM\&lt;strong&gt;EntityRepository.php&lt;/strong&gt;
            &lt;/a&gt;
                        (line 184)
            &lt;span class="icon icon-copy hidden" data-clipboard-text="C:\Users\eman\Documents\GitHub\car_dealer\vendor\doctrine\orm\lib\Doctrine\ORM\EntityRepository.php:184"&gt;
                &lt;svg xmlns="http://www.w3.org/2000/svg" height="24" viewBox="0 0 24 24" width="24"&gt;&lt;path d="M0 0h24v24H0z" fill="none"/&gt;&lt;path d="M16 1H4c-1.1 0-2 .9-2 2v14h2V3h12V1zm3 4H8c-1.1 0-2 .9-2 2v14c0 1.1.9 2 2 2h11c1.1 0 2-.9 2-2V7c0-1.1-.9-2-2-2zm0 16H8V7h11v14z"/&gt;&lt;/svg&gt;            &lt;/span&gt;
        &lt;/span&gt;
    &lt;/div&gt;
    &lt;div id="trace-html-3-7" class="trace-code sf-toggle-content"&gt;
        &lt;ol start="179"&gt;&lt;li&gt;&lt;code&gt;&lt;span style="color: var(--highlight-comment)"&gt;&amp;nbsp;&amp;nbsp;&amp;nbsp;&amp;nbsp;&amp;nbsp;*&lt;/span&gt;&lt;/code&gt;&lt;/li&gt;
&lt;li&gt;&lt;code&gt;&lt;span style="color: var(--highlight-comment)"&gt;&amp;nbsp;&amp;nbsp;&amp;nbsp;&amp;nbsp;&amp;nbsp;*&amp;nbsp;@psalm-return&amp;nbsp;list&amp;lt;T&amp;gt;&amp;nbsp;The&amp;nbsp;entities.&lt;/span&gt;&lt;/code&gt;&lt;/li&gt;
&lt;li&gt;&lt;code&gt;&lt;span style="color: var(--highlight-comment)"&gt;&amp;nbsp;&amp;nbsp;&amp;nbsp;&amp;nbsp;&amp;nbsp;*/&lt;/span&gt;&lt;/code&gt;&lt;/li&gt;
&lt;li&gt;&lt;code&gt;&lt;span style="color: var(--highlight-comment)"&gt;&amp;nbsp;&amp;nbsp;&amp;nbsp;&amp;nbsp;&lt;/span&gt;&lt;span style="color: var(--highlight-keyword)"&gt;public&amp;nbsp;function&amp;nbsp;&lt;/span&gt;&lt;span style="color: var(--highlight-default)"&gt;findAll&lt;/span&gt;&lt;span style="color: var(--highlight-keyword)"&gt;()&lt;/span&gt;&lt;/code&gt;&lt;/li&gt;
&lt;li&gt;&lt;code&gt;&lt;span style="color: var(--highlight-keyword)"&gt;&amp;nbsp;&amp;nbsp;&amp;nbsp;&amp;nbsp;{&lt;/span&gt;&lt;/code&gt;&lt;/li&gt;
&lt;li class="selected"&gt;&lt;code&gt;&lt;span style="color: var(--highlight-keyword)"&gt;&amp;nbsp;&amp;nbsp;&amp;nbsp;&amp;nbsp;&amp;nbsp;&amp;nbsp;&amp;nbsp;&amp;nbsp;return&amp;nbsp;&lt;/span&gt;&lt;span style="color: var(--highlight-default)"&gt;$this&lt;/span&gt;&lt;span style="color: var(--highlight-keyword)"&gt;-&amp;gt;&lt;/span&gt;&lt;span style="color: var(--highlight-default)"&gt;findBy&lt;/span&gt;&lt;span style="color: var(--highlight-keyword)"&gt;([]);&lt;/span&gt;&lt;/code&gt;&lt;/li&gt;
&lt;li&gt;&lt;code&gt;&lt;span style="color: var(--highlight-keyword)"&gt;&amp;nbsp;&amp;nbsp;&amp;nbsp;&amp;nbsp;}&lt;/span&gt;&lt;/code&gt;&lt;/li&gt;
&lt;li&gt;&lt;code&gt;&lt;span style="color: var(--highlight-keyword)"&gt;&lt;/span&gt;&lt;/code&gt;&lt;/li&gt;
&lt;li&gt;&lt;code&gt;&lt;span style="color: var(--highlight-keyword)"&gt;&amp;nbsp;&amp;nbsp;&amp;nbsp;&amp;nbsp;&lt;/span&gt;&lt;span style="color: var(--highlight-comment)"&gt;/**&lt;/span&gt;&lt;/code&gt;&lt;/li&gt;
&lt;li&gt;&lt;code&gt;&lt;span style="color: var(--highlight-comment)"&gt;&amp;nbsp;&amp;nbsp;&amp;nbsp;&amp;nbsp;&amp;nbsp;*&amp;nbsp;Finds&amp;nbsp;entities&amp;nbsp;by&amp;nbsp;a&amp;nbsp;set&amp;nbsp;of&amp;nbsp;criteria.&lt;/span&gt;&lt;/code&gt;&lt;/li&gt;
&lt;li&gt;&lt;code&gt;&lt;span style="color: var(--highlight-comment)"&gt;&amp;nbsp;&amp;nbsp;&amp;nbsp;&amp;nbsp;&amp;nbsp;*&lt;/span&gt;&lt;/code&gt;&lt;/li&gt;&lt;/ol&gt;    &lt;/div&gt;            &lt;/div&gt;
                        &lt;div class="trace-line "&gt;
                &lt;div class="trace-line-header break-long-words sf-toggle" data-toggle-selector="#trace-html-3-8" data-toggle-initial=""&gt;
            &lt;span class="icon icon-close"&gt;&lt;svg width="1792" height="1792" viewBox="0 0 1792 1792" xmlns="http://www.w3.org/2000/svg"&gt;&lt;path d="M1408 960V832q0-26-19-45t-45-19H448q-26 0-45 19t-19 45v128q0 26 19 45t45 19h896q26 0 45-19t19-45zm256-544v960q0 119-84.5 203.5T1376 1664H416q-119 0-203.5-84.5T128 1376V416q0-119 84.5-203.5T416 128h960q119 0 203.5 84.5T1664 416z"/&gt;&lt;/svg&gt;&lt;/span&gt;
        &lt;span class="icon icon-open"&gt;&lt;svg width="1792" height="1792" viewBox="0 0 1792 1792" xmlns="http://www.w3.org/2000/svg"&gt;&lt;path d="M1408 960V832q0-26-19-45t-45-19h-320V448q0-26-19-45t-45-19H832q-26 0-45 19t-19 45v320H448q-26 0-45 19t-19 45v128q0 26 19 45t45 19h320v320q0 26 19 45t45 19h128q26 0 45-19t19-45v-320h320q26 0 45-19t19-45zm256-544v960q0 119-84.5 203.5T1376 1664H416q-119 0-203.5-84.5T128 1376V416q0-119 84.5-203.5T416 128h960q119 0 203.5 84.5T1664 416z"/&gt;&lt;/svg&gt;&lt;/span&gt;
    
            &lt;span class="trace-class"&gt;&lt;abbr title="Doctrine\ORM\EntityRepository"&gt;EntityRepository&lt;/abbr&gt;&lt;/span&gt;&lt;span class="trace-type"&gt;-&gt;&lt;/span&gt;&lt;span class="trace-method"&gt;findAll&lt;/span&gt;&lt;span class="trace-arguments"&gt;()&lt;/span&gt;    
                    &lt;span class="block trace-file-path"&gt;
            in
            &lt;a href=""&gt;
                C:\Users\eman\Documents\GitHub\car_dealer\src\Controller\&lt;strong&gt;CarPublicController.php&lt;/strong&gt;
            &lt;/a&gt;
                        (line 21)
            &lt;span class="icon icon-copy hidden" data-clipboard-text="C:\Users\eman\Documents\GitHub\car_dealer\src\Controller\CarPublicController.php:21"&gt;
                &lt;svg xmlns="http://www.w3.org/2000/svg" height="24" viewBox="0 0 24 24" width="24"&gt;&lt;path d="M0 0h24v24H0z" fill="none"/&gt;&lt;path d="M16 1H4c-1.1 0-2 .9-2 2v14h2V3h12V1zm3 4H8c-1.1 0-2 .9-2 2v14c0 1.1.9 2 2 2h11c1.1 0 2-.9 2-2V7c0-1.1-.9-2-2-2zm0 16H8V7h11v14z"/&gt;&lt;/svg&gt;            &lt;/span&gt;
        &lt;/span&gt;
    &lt;/div&gt;
    &lt;div id="trace-html-3-8" class="trace-code sf-toggle-content"&gt;
        &lt;ol start="16"&gt;&lt;li&gt;&lt;code&gt;&lt;span style="color: var(--highlight-keyword)"&gt;&amp;nbsp;&amp;nbsp;&amp;nbsp;&amp;nbsp;&amp;nbsp;&amp;nbsp;&amp;nbsp;&amp;nbsp;&lt;/span&gt;&lt;span style="color: var(--highlight-default)"&gt;$template&amp;nbsp;&lt;/span&gt;&lt;span style="color: var(--highlight-keyword)"&gt;=&amp;nbsp;&lt;/span&gt;&lt;span style="color: var(--highlight-string)"&gt;'carPublic/index.html.twig'&lt;/span&gt;&lt;span style="color: var(--highlight-keyword)"&gt;;&#13;&lt;/span&gt;&lt;/code&gt;&lt;/li&gt;
&lt;li&gt;&lt;code&gt;&lt;span style="color: var(--highlight-keyword)"&gt;&amp;nbsp;&amp;nbsp;&amp;nbsp;&amp;nbsp;&amp;nbsp;&amp;nbsp;&amp;nbsp;&amp;nbsp;&lt;/span&gt;&lt;span style="color: var(--highlight-default)"&gt;$argsArray&amp;nbsp;&lt;/span&gt;&lt;span style="color: var(--highlight-keyword)"&gt;=&amp;nbsp;[];&#13;&lt;/span&gt;&lt;/code&gt;&lt;/li&gt;
&lt;li&gt;&lt;code&gt;&lt;span style="color: var(--highlight-keyword)"&gt;&#13;&lt;/span&gt;&lt;/code&gt;&lt;/li&gt;
&lt;li&gt;&lt;code&gt;&lt;span style="color: var(--highlight-keyword)"&gt;&amp;nbsp;&amp;nbsp;&amp;nbsp;&amp;nbsp;&amp;nbsp;&amp;nbsp;&amp;nbsp;&amp;nbsp;return&amp;nbsp;&lt;/span&gt;&lt;span style="color: var(--highlight-default)"&gt;$this&lt;/span&gt;&lt;span style="color: var(--highlight-keyword)"&gt;-&amp;gt;&lt;/span&gt;&lt;span style="color: var(--highlight-default)"&gt;render&lt;/span&gt;&lt;span style="color: var(--highlight-keyword)"&gt;(&lt;/span&gt;&lt;span style="color: var(--highlight-default)"&gt;$template&lt;/span&gt;&lt;span style="color: var(--highlight-keyword)"&gt;,&amp;nbsp;[&#13;&lt;/span&gt;&lt;/code&gt;&lt;/li&gt;
&lt;li&gt;&lt;code&gt;&lt;span style="color: var(--highlight-keyword)"&gt;&amp;nbsp;&amp;nbsp;&amp;nbsp;&amp;nbsp;&amp;nbsp;&amp;nbsp;&amp;nbsp;&amp;nbsp;&amp;nbsp;&amp;nbsp;&amp;nbsp;&amp;nbsp;&lt;/span&gt;&lt;span style="color: var(--highlight-string)"&gt;'controller_name'&amp;nbsp;&lt;/span&gt;&lt;span style="color: var(--highlight-keyword)"&gt;=&amp;gt;&amp;nbsp;&lt;/span&gt;&lt;span style="color: var(--highlight-string)"&gt;'CarPublicController'&lt;/span&gt;&lt;span style="color: var(--highlight-keyword)"&gt;,&#13;&lt;/span&gt;&lt;/code&gt;&lt;/li&gt;
&lt;li class="selected"&gt;&lt;code&gt;&lt;span style="color: var(--highlight-keyword)"&gt;&amp;nbsp;&amp;nbsp;&amp;nbsp;&amp;nbsp;&amp;nbsp;&amp;nbsp;&amp;nbsp;&amp;nbsp;&amp;nbsp;&amp;nbsp;&amp;nbsp;&amp;nbsp;&lt;/span&gt;&lt;span style="color: var(--highlight-string)"&gt;'cars'&amp;nbsp;&lt;/span&gt;&lt;span style="color: var(--highlight-keyword)"&gt;=&amp;gt;&amp;nbsp;&lt;/span&gt;&lt;span style="color: var(--highlight-default)"&gt;$carRepository&lt;/span&gt;&lt;span style="color: var(--highlight-keyword)"&gt;-&amp;gt;&lt;/span&gt;&lt;span style="color: var(--highlight-default)"&gt;findAll&lt;/span&gt;&lt;span style="color: var(--highlight-keyword)"&gt;()&#13;&lt;/span&gt;&lt;/code&gt;&lt;/li&gt;
&lt;li&gt;&lt;code&gt;&lt;span style="color: var(--highlight-keyword)"&gt;&amp;nbsp;&amp;nbsp;&amp;nbsp;&amp;nbsp;&amp;nbsp;&amp;nbsp;&amp;nbsp;&amp;nbsp;]);&#13;&lt;/span&gt;&lt;/code&gt;&lt;/li&gt;
&lt;li&gt;&lt;code&gt;&lt;span style="color: var(--highlight-keyword)"&gt;&amp;nbsp;&amp;nbsp;&amp;nbsp;&amp;nbsp;}&#13;&lt;/span&gt;&lt;/code&gt;&lt;/li&gt;
&lt;li&gt;&lt;code&gt;&lt;span style="color: var(--highlight-keyword)"&gt;&#13;&lt;/span&gt;&lt;/code&gt;&lt;/li&gt;
&lt;li&gt;&lt;code&gt;&lt;span style="color: var(--highlight-keyword)"&gt;&amp;nbsp;&amp;nbsp;&amp;nbsp;&amp;nbsp;#[&lt;/span&gt;&lt;span style="color: var(--highlight-default)"&gt;Route&lt;/span&gt;&lt;span style="color: var(--highlight-keyword)"&gt;(&lt;/span&gt;&lt;span style="color: var(--highlight-string)"&gt;'/car/{id}/show'&lt;/span&gt;&lt;span style="color: var(--highlight-keyword)"&gt;,&amp;nbsp;&lt;/span&gt;&lt;span style="color: var(--highlight-default)"&gt;name&lt;/span&gt;&lt;span style="color: var(--highlight-keyword)"&gt;:&amp;nbsp;&lt;/span&gt;&lt;span style="color: var(--highlight-string)"&gt;'App_car_show_public'&lt;/span&gt;&lt;span style="color: var(--highlight-keyword)"&gt;,&amp;nbsp;&lt;/span&gt;&lt;span style="color: var(--highlight-default)"&gt;methods&lt;/span&gt;&lt;span style="color: var(--highlight-keyword)"&gt;:&amp;nbsp;[&lt;/span&gt;&lt;span style="color: var(--highlight-string)"&gt;'GET'&lt;/span&gt;&lt;span style="color: var(--highlight-keyword)"&gt;])]&#13;&lt;/span&gt;&lt;/code&gt;&lt;/li&gt;
&lt;li&gt;&lt;code&gt;&lt;span style="color: var(--highlight-keyword)"&gt;&amp;nbsp;&amp;nbsp;&amp;nbsp;&amp;nbsp;public&amp;nbsp;function&amp;nbsp;&lt;/span&gt;&lt;span style="color: var(--highlight-default)"&gt;show&lt;/span&gt;&lt;span style="color: var(--highlight-keyword)"&gt;(&lt;/span&gt;&lt;span style="color: var(--highlight-default)"&gt;Car&amp;nbsp;$car&lt;/span&gt;&lt;span style="color: var(--highlight-keyword)"&gt;):&amp;nbsp;&lt;/span&gt;&lt;span style="color: var(--highlight-default)"&gt;Response&#13;&lt;/span&gt;&lt;/code&gt;&lt;/li&gt;&lt;/ol&gt;    &lt;/div&gt;            &lt;/div&gt;
                        &lt;div class="trace-line "&gt;
                &lt;div class="trace-line-header break-long-words sf-toggle" data-toggle-selector="#trace-html-3-9" data-toggle-initial=""&gt;
            &lt;span class="icon icon-close"&gt;&lt;svg width="1792" height="1792" viewBox="0 0 1792 1792" xmlns="http://www.w3.org/2000/svg"&gt;&lt;path d="M1408 960V832q0-26-19-45t-45-19H448q-26 0-45 19t-19 45v128q0 26 19 45t45 19h896q26 0 45-19t19-45zm256-544v960q0 119-84.5 203.5T1376 1664H416q-119 0-203.5-84.5T128 1376V416q0-119 84.5-203.5T416 128h960q119 0 203.5 84.5T1664 416z"/&gt;&lt;/svg&gt;&lt;/span&gt;
        &lt;span class="icon icon-open"&gt;&lt;svg width="1792" height="1792" viewBox="0 0 1792 1792" xmlns="http://www.w3.org/2000/svg"&gt;&lt;path d="M1408 960V832q0-26-19-45t-45-19h-320V448q0-26-19-45t-45-19H832q-26 0-45 19t-19 45v320H448q-26 0-45 19t-19 45v128q0 26 19 45t45 19h320v320q0 26 19 45t45 19h128q26 0 45-19t19-45v-320h320q26 0 45-19t19-45zm256-544v960q0 119-84.5 203.5T1376 1664H416q-119 0-203.5-84.5T128 1376V416q0-119 84.5-203.5T416 128h960q119 0 203.5 84.5T1664 416z"/&gt;&lt;/svg&gt;&lt;/span&gt;
    
            &lt;span class="trace-class"&gt;&lt;abbr title="App\Controller\CarPublicController"&gt;CarPublicController&lt;/abbr&gt;&lt;/span&gt;&lt;span class="trace-type"&gt;-&gt;&lt;/span&gt;&lt;span class="trace-method"&gt;cars&lt;/span&gt;&lt;span class="trace-arguments"&gt;()&lt;/span&gt;    
                    &lt;span class="block trace-file-path"&gt;
            in
            &lt;a href=""&gt;
                C:\Users\eman\Documents\GitHub\car_dealer\vendor\symfony\http-kernel\&lt;strong&gt;HttpKernel.php&lt;/strong&gt;
            &lt;/a&gt;
                        (line 152)
            &lt;span class="icon icon-copy hidden" data-clipboard-text="C:\Users\eman\Documents\GitHub\car_dealer\vendor\symfony\http-kernel\HttpKernel.php:152"&gt;
                &lt;svg xmlns="http://www.w3.org/2000/svg" height="24" viewBox="0 0 24 24" width="24"&gt;&lt;path d="M0 0h24v24H0z" fill="none"/&gt;&lt;path d="M16 1H4c-1.1 0-2 .9-2 2v14h2V3h12V1zm3 4H8c-1.1 0-2 .9-2 2v14c0 1.1.9 2 2 2h11c1.1 0 2-.9 2-2V7c0-1.1-.9-2-2-2zm0 16H8V7h11v14z"/&gt;&lt;/svg&gt;            &lt;/span&gt;
        &lt;/span&gt;
    &lt;/div&gt;
    &lt;div id="trace-html-3-9" class="trace-code sf-toggle-content"&gt;
        &lt;ol start="147"&gt;&lt;li&gt;&lt;code&gt;&lt;span style="color: var(--highlight-keyword)"&gt;&amp;nbsp;&amp;nbsp;&amp;nbsp;&amp;nbsp;&amp;nbsp;&amp;nbsp;&amp;nbsp;&amp;nbsp;&lt;/span&gt;&lt;span style="color: var(--highlight-default)"&gt;$this&lt;/span&gt;&lt;span style="color: var(--highlight-keyword)"&gt;-&amp;gt;&lt;/span&gt;&lt;span style="color: var(--highlight-default)"&gt;dispatcher&lt;/span&gt;&lt;span style="color: var(--highlight-keyword)"&gt;-&amp;gt;&lt;/span&gt;&lt;span style="color: var(--highlight-default)"&gt;dispatch&lt;/span&gt;&lt;span style="color: var(--highlight-keyword)"&gt;(&lt;/span&gt;&lt;span style="color: var(--highlight-default)"&gt;$event&lt;/span&gt;&lt;span style="color: var(--highlight-keyword)"&gt;,&amp;nbsp;&lt;/span&gt;&lt;span style="color: var(--highlight-default)"&gt;KernelEvents&lt;/span&gt;&lt;span style="color: var(--highlight-keyword)"&gt;::&lt;/span&gt;&lt;span style="color: var(--highlight-default)"&gt;CONTROLLER_ARGUMENTS&lt;/span&gt;&lt;span style="color: var(--highlight-keyword)"&gt;);&lt;/span&gt;&lt;/code&gt;&lt;/li&gt;
&lt;li&gt;&lt;code&gt;&lt;span style="color: var(--highlight-keyword)"&gt;&amp;nbsp;&amp;nbsp;&amp;nbsp;&amp;nbsp;&amp;nbsp;&amp;nbsp;&amp;nbsp;&amp;nbsp;&lt;/span&gt;&lt;span style="color: var(--highlight-default)"&gt;$controller&amp;nbsp;&lt;/span&gt;&lt;span style="color: var(--highlight-keyword)"&gt;=&amp;nbsp;&lt;/span&gt;&lt;span style="color: var(--highlight-default)"&gt;$event&lt;/span&gt;&lt;span style="color: var(--highlight-keyword)"&gt;-&amp;gt;&lt;/span&gt;&lt;span style="color: var(--highlight-default)"&gt;getController&lt;/span&gt;&lt;span style="color: var(--highlight-keyword)"&gt;();&lt;/span&gt;&lt;/code&gt;&lt;/li&gt;
&lt;li&gt;&lt;code&gt;&lt;span style="color: var(--highlight-keyword)"&gt;&amp;nbsp;&amp;nbsp;&amp;nbsp;&amp;nbsp;&amp;nbsp;&amp;nbsp;&amp;nbsp;&amp;nbsp;&lt;/span&gt;&lt;span style="color: var(--highlight-default)"&gt;$arguments&amp;nbsp;&lt;/span&gt;&lt;span style="color: var(--highlight-keyword)"&gt;=&amp;nbsp;&lt;/span&gt;&lt;span style="color: var(--highlight-default)"&gt;$event&lt;/span&gt;&lt;span style="color: var(--highlight-keyword)"&gt;-&amp;gt;&lt;/span&gt;&lt;span style="color: var(--highlight-default)"&gt;getArguments&lt;/span&gt;&lt;span style="color: var(--highlight-keyword)"&gt;();&lt;/span&gt;&lt;/code&gt;&lt;/li&gt;
&lt;li&gt;&lt;code&gt;&lt;span style="color: var(--highlight-keyword)"&gt;&lt;/span&gt;&lt;/code&gt;&lt;/li&gt;
&lt;li&gt;&lt;code&gt;&lt;span style="color: var(--highlight-keyword)"&gt;&amp;nbsp;&amp;nbsp;&amp;nbsp;&amp;nbsp;&amp;nbsp;&amp;nbsp;&amp;nbsp;&amp;nbsp;&lt;/span&gt;&lt;span style="color: var(--highlight-comment)"&gt;//&amp;nbsp;call&amp;nbsp;controller&lt;/span&gt;&lt;/code&gt;&lt;/li&gt;
&lt;li class="selected"&gt;&lt;code&gt;&lt;span style="color: var(--highlight-comment)"&gt;&amp;nbsp;&amp;nbsp;&amp;nbsp;&amp;nbsp;&amp;nbsp;&amp;nbsp;&amp;nbsp;&amp;nbsp;&lt;/span&gt;&lt;span style="color: var(--highlight-default)"&gt;$response&amp;nbsp;&lt;/span&gt;&lt;span style="color: var(--highlight-keyword)"&gt;=&amp;nbsp;&lt;/span&gt;&lt;span style="color: var(--highlight-default)"&gt;$controller&lt;/span&gt;&lt;span style="color: var(--highlight-keyword)"&gt;(...&lt;/span&gt;&lt;span style="color: var(--highlight-default)"&gt;$arguments&lt;/span&gt;&lt;span style="color: var(--highlight-keyword)"&gt;);&lt;/span&gt;&lt;/code&gt;&lt;/li&gt;
&lt;li&gt;&lt;code&gt;&lt;span style="color: var(--highlight-keyword)"&gt;&lt;/span&gt;&lt;/code&gt;&lt;/li&gt;
&lt;li&gt;&lt;code&gt;&lt;span style="color: var(--highlight-keyword)"&gt;&amp;nbsp;&amp;nbsp;&amp;nbsp;&amp;nbsp;&amp;nbsp;&amp;nbsp;&amp;nbsp;&amp;nbsp;&lt;/span&gt;&lt;span style="color: var(--highlight-comment)"&gt;//&amp;nbsp;view&lt;/span&gt;&lt;/code&gt;&lt;/li&gt;
&lt;li&gt;&lt;code&gt;&lt;span style="color: var(--highlight-comment)"&gt;&amp;nbsp;&amp;nbsp;&amp;nbsp;&amp;nbsp;&amp;nbsp;&amp;nbsp;&amp;nbsp;&amp;nbsp;&lt;/span&gt;&lt;span style="color: var(--highlight-keyword)"&gt;if&amp;nbsp;(!&lt;/span&gt;&lt;span style="color: var(--highlight-default)"&gt;$response&amp;nbsp;&lt;/span&gt;&lt;span style="color: var(--highlight-keyword)"&gt;instanceof&amp;nbsp;&lt;/span&gt;&lt;span style="color: var(--highlight-default)"&gt;Response&lt;/span&gt;&lt;span style="color: var(--highlight-keyword)"&gt;)&amp;nbsp;{&lt;/span&gt;&lt;/code&gt;&lt;/li&gt;
&lt;li&gt;&lt;code&gt;&lt;span style="color: var(--highlight-keyword)"&gt;&amp;nbsp;&amp;nbsp;&amp;nbsp;&amp;nbsp;&amp;nbsp;&amp;nbsp;&amp;nbsp;&amp;nbsp;&amp;nbsp;&amp;nbsp;&amp;nbsp;&amp;nbsp;&lt;/span&gt;&lt;span style="color: var(--highlight-default)"&gt;$event&amp;nbsp;&lt;/span&gt;&lt;span style="color: var(--highlight-keyword)"&gt;=&amp;nbsp;new&amp;nbsp;&lt;/span&gt;&lt;span style="color: var(--highlight-default)"&gt;ViewEvent&lt;/span&gt;&lt;span style="color: var(--highlight-keyword)"&gt;(&lt;/span&gt;&lt;span style="color: var(--highlight-default)"&gt;$this&lt;/span&gt;&lt;span style="color: var(--highlight-keyword)"&gt;,&amp;nbsp;&lt;/span&gt;&lt;span style="color: var(--highlight-default)"&gt;$request&lt;/span&gt;&lt;span style="color: var(--highlight-keyword)"&gt;,&amp;nbsp;&lt;/span&gt;&lt;span style="color: var(--highlight-default)"&gt;$type&lt;/span&gt;&lt;span style="color: var(--highlight-keyword)"&gt;,&amp;nbsp;&lt;/span&gt;&lt;span style="color: var(--highlight-default)"&gt;$response&lt;/span&gt;&lt;span style="color: var(--highlight-keyword)"&gt;);&lt;/span&gt;&lt;/code&gt;&lt;/li&gt;
&lt;li&gt;&lt;code&gt;&lt;span style="color: var(--highlight-keyword)"&gt;&amp;nbsp;&amp;nbsp;&amp;nbsp;&amp;nbsp;&amp;nbsp;&amp;nbsp;&amp;nbsp;&amp;nbsp;&amp;nbsp;&amp;nbsp;&amp;nbsp;&amp;nbsp;&lt;/span&gt;&lt;span style="color: var(--highlight-default)"&gt;$this&lt;/span&gt;&lt;span style="color: var(--highlight-keyword)"&gt;-&amp;gt;&lt;/span&gt;&lt;span style="color: var(--highlight-default)"&gt;dispatcher&lt;/span&gt;&lt;span style="color: var(--highlight-keyword)"&gt;-&amp;gt;&lt;/span&gt;&lt;span style="color: var(--highlight-default)"&gt;dispatch&lt;/span&gt;&lt;span style="color: var(--highlight-keyword)"&gt;(&lt;/span&gt;&lt;span style="color: var(--highlight-default)"&gt;$event&lt;/span&gt;&lt;span style="color: var(--highlight-keyword)"&gt;,&amp;nbsp;&lt;/span&gt;&lt;span style="color: var(--highlight-default)"&gt;KernelEvents&lt;/span&gt;&lt;span style="color: var(--highlight-keyword)"&gt;::&lt;/span&gt;&lt;span style="color: var(--highlight-default)"&gt;VIEW&lt;/span&gt;&lt;span style="color: var(--highlight-keyword)"&gt;);&lt;/span&gt;&lt;/code&gt;&lt;/li&gt;&lt;/ol&gt;    &lt;/div&gt;            &lt;/div&gt;
                        &lt;div class="trace-line "&gt;
                &lt;div class="trace-line-header break-long-words sf-toggle" data-toggle-selector="#trace-html-3-10" data-toggle-initial=""&gt;
            &lt;span class="icon icon-close"&gt;&lt;svg width="1792" height="1792" viewBox="0 0 1792 1792" xmlns="http://www.w3.org/2000/svg"&gt;&lt;path d="M1408 960V832q0-26-19-45t-45-19H448q-26 0-45 19t-19 45v128q0 26 19 45t45 19h896q26 0 45-19t19-45zm256-544v960q0 119-84.5 203.5T1376 1664H416q-119 0-203.5-84.5T128 1376V416q0-119 84.5-203.5T416 128h960q119 0 203.5 84.5T1664 416z"/&gt;&lt;/svg&gt;&lt;/span&gt;
        &lt;span class="icon icon-open"&gt;&lt;svg width="1792" height="1792" viewBox="0 0 1792 1792" xmlns="http://www.w3.org/2000/svg"&gt;&lt;path d="M1408 960V832q0-26-19-45t-45-19h-320V448q0-26-19-45t-45-19H832q-26 0-45 19t-19 45v320H448q-26 0-45 19t-19 45v128q0 26 19 45t45 19h320v320q0 26 19 45t45 19h128q26 0 45-19t19-45v-320h320q26 0 45-19t19-45zm256-544v960q0 119-84.5 203.5T1376 1664H416q-119 0-203.5-84.5T128 1376V416q0-119 84.5-203.5T416 128h960q119 0 203.5 84.5T1664 416z"/&gt;&lt;/svg&gt;&lt;/span&gt;
    
            &lt;span class="trace-class"&gt;&lt;abbr title="Symfony\Component\HttpKernel\HttpKernel"&gt;HttpKernel&lt;/abbr&gt;&lt;/span&gt;&lt;span class="trace-type"&gt;-&gt;&lt;/span&gt;&lt;span class="trace-method"&gt;handleRaw&lt;/span&gt;&lt;span class="trace-arguments"&gt;()&lt;/span&gt;    
                    &lt;span class="block trace-file-path"&gt;
            in
            &lt;a href=""&gt;
                C:\Users\eman\Documents\GitHub\car_dealer\vendor\symfony\http-kernel\&lt;strong&gt;HttpKernel.php&lt;/strong&gt;
            &lt;/a&gt;
                        (line 74)
            &lt;span class="icon icon-copy hidden" data-clipboard-text="C:\Users\eman\Documents\GitHub\car_dealer\vendor\symfony\http-kernel\HttpKernel.php:74"&gt;
                &lt;svg xmlns="http://www.w3.org/2000/svg" height="24" viewBox="0 0 24 24" width="24"&gt;&lt;path d="M0 0h24v24H0z" fill="none"/&gt;&lt;path d="M16 1H4c-1.1 0-2 .9-2 2v14h2V3h12V1zm3 4H8c-1.1 0-2 .9-2 2v14c0 1.1.9 2 2 2h11c1.1 0 2-.9 2-2V7c0-1.1-.9-2-2-2zm0 16H8V7h11v14z"/&gt;&lt;/svg&gt;            &lt;/span&gt;
        &lt;/span&gt;
    &lt;/div&gt;
    &lt;div id="trace-html-3-10" class="trace-code sf-toggle-content"&gt;
        &lt;ol start="69"&gt;&lt;li&gt;&lt;code&gt;&lt;span style="color: var(--highlight-comment)"&gt;&amp;nbsp;&amp;nbsp;&amp;nbsp;&amp;nbsp;&lt;/span&gt;&lt;span style="color: var(--highlight-keyword)"&gt;public&amp;nbsp;function&amp;nbsp;&lt;/span&gt;&lt;span style="color: var(--highlight-default)"&gt;handle&lt;/span&gt;&lt;span style="color: var(--highlight-keyword)"&gt;(&lt;/span&gt;&lt;span style="color: var(--highlight-default)"&gt;Request&amp;nbsp;$request&lt;/span&gt;&lt;span style="color: var(--highlight-keyword)"&gt;,&amp;nbsp;&lt;/span&gt;&lt;span style="color: var(--highlight-default)"&gt;int&amp;nbsp;$type&amp;nbsp;&lt;/span&gt;&lt;span style="color: var(--highlight-keyword)"&gt;=&amp;nbsp;&lt;/span&gt;&lt;span style="color: var(--highlight-default)"&gt;HttpKernelInterface&lt;/span&gt;&lt;span style="color: var(--highlight-keyword)"&gt;::&lt;/span&gt;&lt;span style="color: var(--highlight-default)"&gt;MAIN_REQUEST&lt;/span&gt;&lt;span style="color: var(--highlight-keyword)"&gt;,&amp;nbsp;&lt;/span&gt;&lt;span style="color: var(--highlight-default)"&gt;bool&amp;nbsp;$catch&amp;nbsp;&lt;/span&gt;&lt;span style="color: var(--highlight-keyword)"&gt;=&amp;nbsp;&lt;/span&gt;&lt;span style="color: var(--highlight-default)"&gt;true&lt;/span&gt;&lt;span style="color: var(--highlight-keyword)"&gt;):&amp;nbsp;&lt;/span&gt;&lt;span style="color: var(--highlight-default)"&gt;Response&lt;/span&gt;&lt;/code&gt;&lt;/li&gt;
&lt;li&gt;&lt;code&gt;&lt;span style="color: var(--highlight-default)"&gt;&amp;nbsp;&amp;nbsp;&amp;nbsp;&amp;nbsp;&lt;/span&gt;&lt;span style="color: var(--highlight-keyword)"&gt;{&lt;/span&gt;&lt;/code&gt;&lt;/li&gt;
&lt;li&gt;&lt;code&gt;&lt;span style="color: var(--highlight-keyword)"&gt;&amp;nbsp;&amp;nbsp;&amp;nbsp;&amp;nbsp;&amp;nbsp;&amp;nbsp;&amp;nbsp;&amp;nbsp;&lt;/span&gt;&lt;span style="color: var(--highlight-default)"&gt;$request&lt;/span&gt;&lt;span style="color: var(--highlight-keyword)"&gt;-&amp;gt;&lt;/span&gt;&lt;span style="color: var(--highlight-default)"&gt;headers&lt;/span&gt;&lt;span style="color: var(--highlight-keyword)"&gt;-&amp;gt;&lt;/span&gt;&lt;span style="color: var(--highlight-default)"&gt;set&lt;/span&gt;&lt;span style="color: var(--highlight-keyword)"&gt;(&lt;/span&gt;&lt;span style="color: var(--highlight-string)"&gt;'X-Php-Ob-Level'&lt;/span&gt;&lt;span style="color: var(--highlight-keyword)"&gt;,&amp;nbsp;(string)&amp;nbsp;&lt;/span&gt;&lt;span style="color: var(--highlight-default)"&gt;ob_get_level&lt;/span&gt;&lt;span style="color: var(--highlight-keyword)"&gt;());&lt;/span&gt;&lt;/code&gt;&lt;/li&gt;
&lt;li&gt;&lt;code&gt;&lt;span style="color: var(--highlight-keyword)"&gt;&lt;/span&gt;&lt;/code&gt;&lt;/li&gt;
&lt;li&gt;&lt;code&gt;&lt;span style="color: var(--highlight-keyword)"&gt;&amp;nbsp;&amp;nbsp;&amp;nbsp;&amp;nbsp;&amp;nbsp;&amp;nbsp;&amp;nbsp;&amp;nbsp;try&amp;nbsp;{&lt;/span&gt;&lt;/code&gt;&lt;/li&gt;
&lt;li class="selected"&gt;&lt;code&gt;&lt;span style="color: var(--highlight-keyword)"&gt;&amp;nbsp;&amp;nbsp;&amp;nbsp;&amp;nbsp;&amp;nbsp;&amp;nbsp;&amp;nbsp;&amp;nbsp;&amp;nbsp;&amp;nbsp;&amp;nbsp;&amp;nbsp;return&amp;nbsp;&lt;/span&gt;&lt;span style="color: var(--highlight-default)"&gt;$this&lt;/span&gt;&lt;span style="color: var(--highlight-keyword)"&gt;-&amp;gt;&lt;/span&gt;&lt;span style="color: var(--highlight-default)"&gt;handleRaw&lt;/span&gt;&lt;span style="color: var(--highlight-keyword)"&gt;(&lt;/span&gt;&lt;span style="color: var(--highlight-default)"&gt;$request&lt;/span&gt;&lt;span style="color: var(--highlight-keyword)"&gt;,&amp;nbsp;&lt;/span&gt;&lt;span style="color: var(--highlight-default)"&gt;$type&lt;/span&gt;&lt;span style="color: var(--highlight-keyword)"&gt;);&lt;/span&gt;&lt;/code&gt;&lt;/li&gt;
&lt;li&gt;&lt;code&gt;&lt;span style="color: var(--highlight-keyword)"&gt;&amp;nbsp;&amp;nbsp;&amp;nbsp;&amp;nbsp;&amp;nbsp;&amp;nbsp;&amp;nbsp;&amp;nbsp;}&amp;nbsp;catch&amp;nbsp;(&lt;/span&gt;&lt;span style="color: var(--highlight-default)"&gt;\Exception&amp;nbsp;$e&lt;/span&gt;&lt;span style="color: var(--highlight-keyword)"&gt;)&amp;nbsp;{&lt;/span&gt;&lt;/code&gt;&lt;/li&gt;
&lt;li&gt;&lt;code&gt;&lt;span style="color: var(--highlight-keyword)"&gt;&amp;nbsp;&amp;nbsp;&amp;nbsp;&amp;nbsp;&amp;nbsp;&amp;nbsp;&amp;nbsp;&amp;nbsp;&amp;nbsp;&amp;nbsp;&amp;nbsp;&amp;nbsp;if&amp;nbsp;(&lt;/span&gt;&lt;span style="color: var(--highlight-default)"&gt;$e&amp;nbsp;&lt;/span&gt;&lt;span style="color: var(--highlight-keyword)"&gt;instanceof&amp;nbsp;&lt;/span&gt;&lt;span style="color: var(--highlight-default)"&gt;RequestExceptionInterface&lt;/span&gt;&lt;span style="color: var(--highlight-keyword)"&gt;)&amp;nbsp;{&lt;/span&gt;&lt;/code&gt;&lt;/li&gt;
&lt;li&gt;&lt;code&gt;&lt;span style="color: var(--highlight-keyword)"&gt;&amp;nbsp;&amp;nbsp;&amp;nbsp;&amp;nbsp;&amp;nbsp;&amp;nbsp;&amp;nbsp;&amp;nbsp;&amp;nbsp;&amp;nbsp;&amp;nbsp;&amp;nbsp;&amp;nbsp;&amp;nbsp;&amp;nbsp;&amp;nbsp;&lt;/span&gt;&lt;span style="color: var(--highlight-default)"&gt;$e&amp;nbsp;&lt;/span&gt;&lt;span style="color: var(--highlight-keyword)"&gt;=&amp;nbsp;new&amp;nbsp;&lt;/span&gt;&lt;span style="color: var(--highlight-default)"&gt;BadRequestHttpException&lt;/span&gt;&lt;span style="color: var(--highlight-keyword)"&gt;(&lt;/span&gt;&lt;span style="color: var(--highlight-default)"&gt;$e&lt;/span&gt;&lt;span style="color: var(--highlight-keyword)"&gt;-&amp;gt;&lt;/span&gt;&lt;span style="color: var(--highlight-default)"&gt;getMessage&lt;/span&gt;&lt;span style="color: var(--highlight-keyword)"&gt;(),&amp;nbsp;&lt;/span&gt;&lt;span style="color: var(--highlight-default)"&gt;$e&lt;/span&gt;&lt;span style="color: var(--highlight-keyword)"&gt;);&lt;/span&gt;&lt;/code&gt;&lt;/li&gt;
&lt;li&gt;&lt;code&gt;&lt;span style="color: var(--highlight-keyword)"&gt;&amp;nbsp;&amp;nbsp;&amp;nbsp;&amp;nbsp;&amp;nbsp;&amp;nbsp;&amp;nbsp;&amp;nbsp;&amp;nbsp;&amp;nbsp;&amp;nbsp;&amp;nbsp;}&lt;/span&gt;&lt;/code&gt;&lt;/li&gt;
&lt;li&gt;&lt;code&gt;&lt;span style="color: var(--highlight-keyword)"&gt;&amp;nbsp;&amp;nbsp;&amp;nbsp;&amp;nbsp;&amp;nbsp;&amp;nbsp;&amp;nbsp;&amp;nbsp;&amp;nbsp;&amp;nbsp;&amp;nbsp;&amp;nbsp;if&amp;nbsp;(&lt;/span&gt;&lt;span style="color: var(--highlight-default)"&gt;false&amp;nbsp;&lt;/span&gt;&lt;span style="color: var(--highlight-keyword)"&gt;===&amp;nbsp;&lt;/span&gt;&lt;span style="color: var(--highlight-default)"&gt;$catch&lt;/span&gt;&lt;span style="color: var(--highlight-keyword)"&gt;)&amp;nbsp;{&lt;/span&gt;&lt;/code&gt;&lt;/li&gt;&lt;/ol&gt;    &lt;/div&gt;            &lt;/div&gt;
                        &lt;div class="trace-line "&gt;
                &lt;div class="trace-line-header break-long-words sf-toggle" data-toggle-selector="#trace-html-3-11" data-toggle-initial=""&gt;
            &lt;span class="icon icon-close"&gt;&lt;svg width="1792" height="1792" viewBox="0 0 1792 1792" xmlns="http://www.w3.org/2000/svg"&gt;&lt;path d="M1408 960V832q0-26-19-45t-45-19H448q-26 0-45 19t-19 45v128q0 26 19 45t45 19h896q26 0 45-19t19-45zm256-544v960q0 119-84.5 203.5T1376 1664H416q-119 0-203.5-84.5T128 1376V416q0-119 84.5-203.5T416 128h960q119 0 203.5 84.5T1664 416z"/&gt;&lt;/svg&gt;&lt;/span&gt;
        &lt;span class="icon icon-open"&gt;&lt;svg width="1792" height="1792" viewBox="0 0 1792 1792" xmlns="http://www.w3.org/2000/svg"&gt;&lt;path d="M1408 960V832q0-26-19-45t-45-19h-320V448q0-26-19-45t-45-19H832q-26 0-45 19t-19 45v320H448q-26 0-45 19t-19 45v128q0 26 19 45t45 19h320v320q0 26 19 45t45 19h128q26 0 45-19t19-45v-320h320q26 0 45-19t19-45zm256-544v960q0 119-84.5 203.5T1376 1664H416q-119 0-203.5-84.5T128 1376V416q0-119 84.5-203.5T416 128h960q119 0 203.5 84.5T1664 416z"/&gt;&lt;/svg&gt;&lt;/span&gt;
    
            &lt;span class="trace-class"&gt;&lt;abbr title="Symfony\Component\HttpKernel\HttpKernel"&gt;HttpKernel&lt;/abbr&gt;&lt;/span&gt;&lt;span class="trace-type"&gt;-&gt;&lt;/span&gt;&lt;span class="trace-method"&gt;handle&lt;/span&gt;&lt;span class="trace-arguments"&gt;()&lt;/span&gt;    
                    &lt;span class="block trace-file-path"&gt;
            in
            &lt;a href=""&gt;
                C:\Users\eman\Documents\GitHub\car_dealer\vendor\symfony\http-kernel\&lt;strong&gt;Kernel.php&lt;/strong&gt;
            &lt;/a&gt;
                        (line 202)
            &lt;span class="icon icon-copy hidden" data-clipboard-text="C:\Users\eman\Documents\GitHub\car_dealer\vendor\symfony\http-kernel\Kernel.php:202"&gt;
                &lt;svg xmlns="http://www.w3.org/2000/svg" height="24" viewBox="0 0 24 24" width="24"&gt;&lt;path d="M0 0h24v24H0z" fill="none"/&gt;&lt;path d="M16 1H4c-1.1 0-2 .9-2 2v14h2V3h12V1zm3 4H8c-1.1 0-2 .9-2 2v14c0 1.1.9 2 2 2h11c1.1 0 2-.9 2-2V7c0-1.1-.9-2-2-2zm0 16H8V7h11v14z"/&gt;&lt;/svg&gt;            &lt;/span&gt;
        &lt;/span&gt;
    &lt;/div&gt;
    &lt;div id="trace-html-3-11" class="trace-code sf-toggle-content"&gt;
        &lt;ol start="197"&gt;&lt;li&gt;&lt;code&gt;&lt;span style="color: var(--highlight-keyword)"&gt;&amp;nbsp;&amp;nbsp;&amp;nbsp;&amp;nbsp;&amp;nbsp;&amp;nbsp;&amp;nbsp;&amp;nbsp;&lt;/span&gt;&lt;span style="color: var(--highlight-default)"&gt;$this&lt;/span&gt;&lt;span style="color: var(--highlight-keyword)"&gt;-&amp;gt;&lt;/span&gt;&lt;span style="color: var(--highlight-default)"&gt;boot&lt;/span&gt;&lt;span style="color: var(--highlight-keyword)"&gt;();&lt;/span&gt;&lt;/code&gt;&lt;/li&gt;
&lt;li&gt;&lt;code&gt;&lt;span style="color: var(--highlight-keyword)"&gt;&amp;nbsp;&amp;nbsp;&amp;nbsp;&amp;nbsp;&amp;nbsp;&amp;nbsp;&amp;nbsp;&amp;nbsp;++&lt;/span&gt;&lt;span style="color: var(--highlight-default)"&gt;$this&lt;/span&gt;&lt;span style="color: var(--highlight-keyword)"&gt;-&amp;gt;&lt;/span&gt;&lt;span style="color: var(--highlight-default)"&gt;requestStackSize&lt;/span&gt;&lt;span style="color: var(--highlight-keyword)"&gt;;&lt;/span&gt;&lt;/code&gt;&lt;/li&gt;
&lt;li&gt;&lt;code&gt;&lt;span style="color: var(--highlight-keyword)"&gt;&amp;nbsp;&amp;nbsp;&amp;nbsp;&amp;nbsp;&amp;nbsp;&amp;nbsp;&amp;nbsp;&amp;nbsp;&lt;/span&gt;&lt;span style="color: var(--highlight-default)"&gt;$this&lt;/span&gt;&lt;span style="color: var(--highlight-keyword)"&gt;-&amp;gt;&lt;/span&gt;&lt;span style="color: var(--highlight-default)"&gt;resetServices&amp;nbsp;&lt;/span&gt;&lt;span style="color: var(--highlight-keyword)"&gt;=&amp;nbsp;&lt;/span&gt;&lt;span style="color: var(--highlight-default)"&gt;true&lt;/span&gt;&lt;span style="color: var(--highlight-keyword)"&gt;;&lt;/span&gt;&lt;/code&gt;&lt;/li&gt;
&lt;li&gt;&lt;code&gt;&lt;span style="color: var(--highlight-keyword)"&gt;&lt;/span&gt;&lt;/code&gt;&lt;/li&gt;
&lt;li&gt;&lt;code&gt;&lt;span style="color: var(--highlight-keyword)"&gt;&amp;nbsp;&amp;nbsp;&amp;nbsp;&amp;nbsp;&amp;nbsp;&amp;nbsp;&amp;nbsp;&amp;nbsp;try&amp;nbsp;{&lt;/span&gt;&lt;/code&gt;&lt;/li&gt;
&lt;li class="selected"&gt;&lt;code&gt;&lt;span style="color: var(--highlight-keyword)"&gt;&amp;nbsp;&amp;nbsp;&amp;nbsp;&amp;nbsp;&amp;nbsp;&amp;nbsp;&amp;nbsp;&amp;nbsp;&amp;nbsp;&amp;nbsp;&amp;nbsp;&amp;nbsp;return&amp;nbsp;&lt;/span&gt;&lt;span style="color: var(--highlight-default)"&gt;$this&lt;/span&gt;&lt;span style="color: var(--highlight-keyword)"&gt;-&amp;gt;&lt;/span&gt;&lt;span style="color: var(--highlight-default)"&gt;getHttpKernel&lt;/span&gt;&lt;span style="color: var(--highlight-keyword)"&gt;()-&amp;gt;&lt;/span&gt;&lt;span style="color: var(--highlight-default)"&gt;handle&lt;/span&gt;&lt;span style="color: var(--highlight-keyword)"&gt;(&lt;/span&gt;&lt;span style="color: var(--highlight-default)"&gt;$request&lt;/span&gt;&lt;span style="color: var(--highlight-keyword)"&gt;,&amp;nbsp;&lt;/span&gt;&lt;span style="color: var(--highlight-default)"&gt;$type&lt;/span&gt;&lt;span style="color: var(--highlight-keyword)"&gt;,&amp;nbsp;&lt;/span&gt;&lt;span style="color: var(--highlight-default)"&gt;$catch&lt;/span&gt;&lt;span style="color: var(--highlight-keyword)"&gt;);&lt;/span&gt;&lt;/code&gt;&lt;/li&gt;
&lt;li&gt;&lt;code&gt;&lt;span style="color: var(--highlight-keyword)"&gt;&amp;nbsp;&amp;nbsp;&amp;nbsp;&amp;nbsp;&amp;nbsp;&amp;nbsp;&amp;nbsp;&amp;nbsp;}&amp;nbsp;finally&amp;nbsp;{&lt;/span&gt;&lt;/code&gt;&lt;/li&gt;
&lt;li&gt;&lt;code&gt;&lt;span style="color: var(--highlight-keyword)"&gt;&amp;nbsp;&amp;nbsp;&amp;nbsp;&amp;nbsp;&amp;nbsp;&amp;nbsp;&amp;nbsp;&amp;nbsp;&amp;nbsp;&amp;nbsp;&amp;nbsp;&amp;nbsp;--&lt;/span&gt;&lt;span style="color: var(--highlight-default)"&gt;$this&lt;/span&gt;&lt;span style="color: var(--highlight-keyword)"&gt;-&amp;gt;&lt;/span&gt;&lt;span style="color: var(--highlight-default)"&gt;requestStackSize&lt;/span&gt;&lt;span style="color: var(--highlight-keyword)"&gt;;&lt;/span&gt;&lt;/code&gt;&lt;/li&gt;
&lt;li&gt;&lt;code&gt;&lt;span style="color: var(--highlight-keyword)"&gt;&amp;nbsp;&amp;nbsp;&amp;nbsp;&amp;nbsp;&amp;nbsp;&amp;nbsp;&amp;nbsp;&amp;nbsp;}&lt;/span&gt;&lt;/code&gt;&lt;/li&gt;
&lt;li&gt;&lt;code&gt;&lt;span style="color: var(--highlight-keyword)"&gt;&amp;nbsp;&amp;nbsp;&amp;nbsp;&amp;nbsp;}&lt;/span&gt;&lt;/code&gt;&lt;/li&gt;
&lt;li&gt;&lt;code&gt;&lt;span style="color: var(--highlight-keyword)"&gt;&lt;/span&gt;&lt;/code&gt;&lt;/li&gt;&lt;/ol&gt;    &lt;/div&gt;            &lt;/div&gt;
                        &lt;div class="trace-line "&gt;
                &lt;div class="trace-line-header break-long-words sf-toggle" data-toggle-selector="#trace-html-3-12" data-toggle-initial=""&gt;
            &lt;span class="icon icon-close"&gt;&lt;svg width="1792" height="1792" viewBox="0 0 1792 1792" xmlns="http://www.w3.org/2000/svg"&gt;&lt;path d="M1408 960V832q0-26-19-45t-45-19H448q-26 0-45 19t-19 45v128q0 26 19 45t45 19h896q26 0 45-19t19-45zm256-544v960q0 119-84.5 203.5T1376 1664H416q-119 0-203.5-84.5T128 1376V416q0-119 84.5-203.5T416 128h960q119 0 203.5 84.5T1664 416z"/&gt;&lt;/svg&gt;&lt;/span&gt;
        &lt;span class="icon icon-open"&gt;&lt;svg width="1792" height="1792" viewBox="0 0 1792 1792" xmlns="http://www.w3.org/2000/svg"&gt;&lt;path d="M1408 960V832q0-26-19-45t-45-19h-320V448q0-26-19-45t-45-19H832q-26 0-45 19t-19 45v320H448q-26 0-45 19t-19 45v128q0 26 19 45t45 19h320v320q0 26 19 45t45 19h128q26 0 45-19t19-45v-320h320q26 0 45-19t19-45zm256-544v960q0 119-84.5 203.5T1376 1664H416q-119 0-203.5-84.5T128 1376V416q0-119 84.5-203.5T416 128h960q119 0 203.5 84.5T1664 416z"/&gt;&lt;/svg&gt;&lt;/span&gt;
    
            &lt;span class="trace-class"&gt;&lt;abbr title="Symfony\Component\HttpKernel\Kernel"&gt;Kernel&lt;/abbr&gt;&lt;/span&gt;&lt;span class="trace-type"&gt;-&gt;&lt;/span&gt;&lt;span class="trace-method"&gt;handle&lt;/span&gt;&lt;span class="trace-arguments"&gt;()&lt;/span&gt;    
                    &lt;span class="block trace-file-path"&gt;
            in
            &lt;a href=""&gt;
                C:\Users\eman\Documents\GitHub\car_dealer\vendor\symfony\http-kernel\&lt;strong&gt;HttpKernelBrowser.php&lt;/strong&gt;
            &lt;/a&gt;
                        (line 65)
            &lt;span class="icon icon-copy hidden" data-clipboard-text="C:\Users\eman\Documents\GitHub\car_dealer\vendor\symfony\http-kernel\HttpKernelBrowser.php:65"&gt;
                &lt;svg xmlns="http://www.w3.org/2000/svg" height="24" viewBox="0 0 24 24" width="24"&gt;&lt;path d="M0 0h24v24H0z" fill="none"/&gt;&lt;path d="M16 1H4c-1.1 0-2 .9-2 2v14h2V3h12V1zm3 4H8c-1.1 0-2 .9-2 2v14c0 1.1.9 2 2 2h11c1.1 0 2-.9 2-2V7c0-1.1-.9-2-2-2zm0 16H8V7h11v14z"/&gt;&lt;/svg&gt;            &lt;/span&gt;
        &lt;/span&gt;
    &lt;/div&gt;
    &lt;div id="trace-html-3-12" class="trace-code sf-toggle-content"&gt;
        &lt;ol start="60"&gt;&lt;li&gt;&lt;code&gt;&lt;span style="color: var(--highlight-comment)"&gt;&amp;nbsp;&amp;nbsp;&amp;nbsp;&amp;nbsp;&amp;nbsp;*&lt;/span&gt;&lt;/code&gt;&lt;/li&gt;
&lt;li&gt;&lt;code&gt;&lt;span style="color: var(--highlight-comment)"&gt;&amp;nbsp;&amp;nbsp;&amp;nbsp;&amp;nbsp;&amp;nbsp;*&amp;nbsp;@return&amp;nbsp;Response&lt;/span&gt;&lt;/code&gt;&lt;/li&gt;
&lt;li&gt;&lt;code&gt;&lt;span style="color: var(--highlight-comment)"&gt;&amp;nbsp;&amp;nbsp;&amp;nbsp;&amp;nbsp;&amp;nbsp;*/&lt;/span&gt;&lt;/code&gt;&lt;/li&gt;
&lt;li&gt;&lt;code&gt;&lt;span style="color: var(--highlight-comment)"&gt;&amp;nbsp;&amp;nbsp;&amp;nbsp;&amp;nbsp;&lt;/span&gt;&lt;span style="color: var(--highlight-keyword)"&gt;protected&amp;nbsp;function&amp;nbsp;&lt;/span&gt;&lt;span style="color: var(--highlight-default)"&gt;doRequest&lt;/span&gt;&lt;span style="color: var(--highlight-keyword)"&gt;(&lt;/span&gt;&lt;span style="color: var(--highlight-default)"&gt;object&amp;nbsp;$request&lt;/span&gt;&lt;span style="color: var(--highlight-keyword)"&gt;)&lt;/span&gt;&lt;/code&gt;&lt;/li&gt;
&lt;li&gt;&lt;code&gt;&lt;span style="color: var(--highlight-keyword)"&gt;&amp;nbsp;&amp;nbsp;&amp;nbsp;&amp;nbsp;{&lt;/span&gt;&lt;/code&gt;&lt;/li&gt;
&lt;li class="selected"&gt;&lt;code&gt;&lt;span style="color: var(--highlight-keyword)"&gt;&amp;nbsp;&amp;nbsp;&amp;nbsp;&amp;nbsp;&amp;nbsp;&amp;nbsp;&amp;nbsp;&amp;nbsp;&lt;/span&gt;&lt;span style="color: var(--highlight-default)"&gt;$response&amp;nbsp;&lt;/span&gt;&lt;span style="color: var(--highlight-keyword)"&gt;=&amp;nbsp;&lt;/span&gt;&lt;span style="color: var(--highlight-default)"&gt;$this&lt;/span&gt;&lt;span style="color: var(--highlight-keyword)"&gt;-&amp;gt;&lt;/span&gt;&lt;span style="color: var(--highlight-default)"&gt;kernel&lt;/span&gt;&lt;span style="color: var(--highlight-keyword)"&gt;-&amp;gt;&lt;/span&gt;&lt;span style="color: var(--highlight-default)"&gt;handle&lt;/span&gt;&lt;span style="color: var(--highlight-keyword)"&gt;(&lt;/span&gt;&lt;span style="color: var(--highlight-default)"&gt;$request&lt;/span&gt;&lt;span style="color: var(--highlight-keyword)"&gt;,&amp;nbsp;&lt;/span&gt;&lt;span style="color: var(--highlight-default)"&gt;HttpKernelInterface&lt;/span&gt;&lt;span style="color: var(--highlight-keyword)"&gt;::&lt;/span&gt;&lt;span style="color: var(--highlight-default)"&gt;MAIN_REQUEST&lt;/span&gt;&lt;span style="color: var(--highlight-keyword)"&gt;,&amp;nbsp;&lt;/span&gt;&lt;span style="color: var(--highlight-default)"&gt;$this&lt;/span&gt;&lt;span style="color: var(--highlight-keyword)"&gt;-&amp;gt;&lt;/span&gt;&lt;span style="color: var(--highlight-default)"&gt;catchExceptions&lt;/span&gt;&lt;span style="color: var(--highlight-keyword)"&gt;);&lt;/span&gt;&lt;/code&gt;&lt;/li&gt;
&lt;li&gt;&lt;code&gt;&lt;span style="color: var(--highlight-keyword)"&gt;&lt;/span&gt;&lt;/code&gt;&lt;/li&gt;
&lt;li&gt;&lt;code&gt;&lt;span style="color: var(--highlight-keyword)"&gt;&amp;nbsp;&amp;nbsp;&amp;nbsp;&amp;nbsp;&amp;nbsp;&amp;nbsp;&amp;nbsp;&amp;nbsp;if&amp;nbsp;(&lt;/span&gt;&lt;span style="color: var(--highlight-default)"&gt;$this&lt;/span&gt;&lt;span style="color: var(--highlight-keyword)"&gt;-&amp;gt;&lt;/span&gt;&lt;span style="color: var(--highlight-default)"&gt;kernel&amp;nbsp;&lt;/span&gt;&lt;span style="color: var(--highlight-keyword)"&gt;instanceof&amp;nbsp;&lt;/span&gt;&lt;span style="color: var(--highlight-default)"&gt;TerminableInterface&lt;/span&gt;&lt;span style="color: var(--highlight-keyword)"&gt;)&amp;nbsp;{&lt;/span&gt;&lt;/code&gt;&lt;/li&gt;
&lt;li&gt;&lt;code&gt;&lt;span style="color: var(--highlight-keyword)"&gt;&amp;nbsp;&amp;nbsp;&amp;nbsp;&amp;nbsp;&amp;nbsp;&amp;nbsp;&amp;nbsp;&amp;nbsp;&amp;nbsp;&amp;nbsp;&amp;nbsp;&amp;nbsp;&lt;/span&gt;&lt;span style="color: var(--highlight-default)"&gt;$this&lt;/span&gt;&lt;span style="color: var(--highlight-keyword)"&gt;-&amp;gt;&lt;/span&gt;&lt;span style="color: var(--highlight-default)"&gt;kernel&lt;/span&gt;&lt;span style="color: var(--highlight-keyword)"&gt;-&amp;gt;&lt;/span&gt;&lt;span style="color: var(--highlight-default)"&gt;terminate&lt;/span&gt;&lt;span style="color: var(--highlight-keyword)"&gt;(&lt;/span&gt;&lt;span style="color: var(--highlight-default)"&gt;$request&lt;/span&gt;&lt;span style="color: var(--highlight-keyword)"&gt;,&amp;nbsp;&lt;/span&gt;&lt;span style="color: var(--highlight-default)"&gt;$response&lt;/span&gt;&lt;span style="color: var(--highlight-keyword)"&gt;);&lt;/span&gt;&lt;/code&gt;&lt;/li&gt;
&lt;li&gt;&lt;code&gt;&lt;span style="color: var(--highlight-keyword)"&gt;&amp;nbsp;&amp;nbsp;&amp;nbsp;&amp;nbsp;&amp;nbsp;&amp;nbsp;&amp;nbsp;&amp;nbsp;}&lt;/span&gt;&lt;/code&gt;&lt;/li&gt;
&lt;li&gt;&lt;code&gt;&lt;span style="color: var(--highlight-keyword)"&gt;&lt;/span&gt;&lt;/code&gt;&lt;/li&gt;&lt;/ol&gt;    &lt;/div&gt;            &lt;/div&gt;
                        &lt;div class="trace-line "&gt;
                &lt;div class="trace-line-header break-long-words sf-toggle" data-toggle-selector="#trace-html-3-13" data-toggle-initial=""&gt;
            &lt;span class="icon icon-close"&gt;&lt;svg width="1792" height="1792" viewBox="0 0 1792 1792" xmlns="http://www.w3.org/2000/svg"&gt;&lt;path d="M1408 960V832q0-26-19-45t-45-19H448q-26 0-45 19t-19 45v128q0 26 19 45t45 19h896q26 0 45-19t19-45zm256-544v960q0 119-84.5 203.5T1376 1664H416q-119 0-203.5-84.5T128 1376V416q0-119 84.5-203.5T416 128h960q119 0 203.5 84.5T1664 416z"/&gt;&lt;/svg&gt;&lt;/span&gt;
        &lt;span class="icon icon-open"&gt;&lt;svg width="1792" height="1792" viewBox="0 0 1792 1792" xmlns="http://www.w3.org/2000/svg"&gt;&lt;path d="M1408 960V832q0-26-19-45t-45-19h-320V448q0-26-19-45t-45-19H832q-26 0-45 19t-19 45v320H448q-26 0-45 19t-19 45v128q0 26 19 45t45 19h320v320q0 26 19 45t45 19h128q26 0 45-19t19-45v-320h320q26 0 45-19t19-45zm256-544v960q0 119-84.5 203.5T1376 1664H416q-119 0-203.5-84.5T128 1376V416q0-119 84.5-203.5T416 128h960q119 0 203.5 84.5T1664 416z"/&gt;&lt;/svg&gt;&lt;/span&gt;
    
            &lt;span class="trace-class"&gt;&lt;abbr title="Symfony\Component\HttpKernel\HttpKernelBrowser"&gt;HttpKernelBrowser&lt;/abbr&gt;&lt;/span&gt;&lt;span class="trace-type"&gt;-&gt;&lt;/span&gt;&lt;span class="trace-method"&gt;doRequest&lt;/span&gt;&lt;span class="trace-arguments"&gt;()&lt;/span&gt;    
                    &lt;span class="block trace-file-path"&gt;
            in
            &lt;a href=""&gt;
                C:\Users\eman\Documents\GitHub\car_dealer\vendor\symfony\framework-bundle\&lt;strong&gt;KernelBrowser.php&lt;/strong&gt;
            &lt;/a&gt;
                        (line 171)
            &lt;span class="icon icon-copy hidden" data-clipboard-text="C:\Users\eman\Documents\GitHub\car_dealer\vendor\symfony\framework-bundle\KernelBrowser.php:171"&gt;
                &lt;svg xmlns="http://www.w3.org/2000/svg" height="24" viewBox="0 0 24 24" width="24"&gt;&lt;path d="M0 0h24v24H0z" fill="none"/&gt;&lt;path d="M16 1H4c-1.1 0-2 .9-2 2v14h2V3h12V1zm3 4H8c-1.1 0-2 .9-2 2v14c0 1.1.9 2 2 2h11c1.1 0 2-.9 2-2V7c0-1.1-.9-2-2-2zm0 16H8V7h11v14z"/&gt;&lt;/svg&gt;            &lt;/span&gt;
        &lt;/span&gt;
    &lt;/div&gt;
    &lt;div id="trace-html-3-13" class="trace-code sf-toggle-content"&gt;
        &lt;ol start="166"&gt;&lt;li&gt;&lt;code&gt;&lt;span style="color: var(--highlight-keyword)"&gt;&lt;/span&gt;&lt;/code&gt;&lt;/li&gt;
&lt;li&gt;&lt;code&gt;&lt;span style="color: var(--highlight-keyword)"&gt;&amp;nbsp;&amp;nbsp;&amp;nbsp;&amp;nbsp;&amp;nbsp;&amp;nbsp;&amp;nbsp;&amp;nbsp;&amp;nbsp;&amp;nbsp;&amp;nbsp;&amp;nbsp;&lt;/span&gt;&lt;span style="color: var(--highlight-default)"&gt;$this&lt;/span&gt;&lt;span style="color: var(--highlight-keyword)"&gt;-&amp;gt;&lt;/span&gt;&lt;span style="color: var(--highlight-default)"&gt;kernel&lt;/span&gt;&lt;span style="color: var(--highlight-keyword)"&gt;-&amp;gt;&lt;/span&gt;&lt;span style="color: var(--highlight-default)"&gt;boot&lt;/span&gt;&lt;span style="color: var(--highlight-keyword)"&gt;();&lt;/span&gt;&lt;/code&gt;&lt;/li&gt;
&lt;li&gt;&lt;code&gt;&lt;span style="color: var(--highlight-keyword)"&gt;&amp;nbsp;&amp;nbsp;&amp;nbsp;&amp;nbsp;&amp;nbsp;&amp;nbsp;&amp;nbsp;&amp;nbsp;&amp;nbsp;&amp;nbsp;&amp;nbsp;&amp;nbsp;&lt;/span&gt;&lt;span style="color: var(--highlight-default)"&gt;$this&lt;/span&gt;&lt;span style="color: var(--highlight-keyword)"&gt;-&amp;gt;&lt;/span&gt;&lt;span style="color: var(--highlight-default)"&gt;getContainer&lt;/span&gt;&lt;span style="color: var(--highlight-keyword)"&gt;()-&amp;gt;&lt;/span&gt;&lt;span style="color: var(--highlight-default)"&gt;get&lt;/span&gt;&lt;span style="color: var(--highlight-keyword)"&gt;(&lt;/span&gt;&lt;span style="color: var(--highlight-string)"&gt;'profiler'&lt;/span&gt;&lt;span style="color: var(--highlight-keyword)"&gt;)-&amp;gt;&lt;/span&gt;&lt;span style="color: var(--highlight-default)"&gt;enable&lt;/span&gt;&lt;span style="color: var(--highlight-keyword)"&gt;();&lt;/span&gt;&lt;/code&gt;&lt;/li&gt;
&lt;li&gt;&lt;code&gt;&lt;span style="color: var(--highlight-keyword)"&gt;&amp;nbsp;&amp;nbsp;&amp;nbsp;&amp;nbsp;&amp;nbsp;&amp;nbsp;&amp;nbsp;&amp;nbsp;}&lt;/span&gt;&lt;/code&gt;&lt;/li&gt;
&lt;li&gt;&lt;code&gt;&lt;span style="color: var(--highlight-keyword)"&gt;&lt;/span&gt;&lt;/code&gt;&lt;/li&gt;
&lt;li class="selected"&gt;&lt;code&gt;&lt;span style="color: var(--highlight-keyword)"&gt;&amp;nbsp;&amp;nbsp;&amp;nbsp;&amp;nbsp;&amp;nbsp;&amp;nbsp;&amp;nbsp;&amp;nbsp;return&amp;nbsp;&lt;/span&gt;&lt;span style="color: var(--highlight-default)"&gt;parent&lt;/span&gt;&lt;span style="color: var(--highlight-keyword)"&gt;::&lt;/span&gt;&lt;span style="color: var(--highlight-default)"&gt;doRequest&lt;/span&gt;&lt;span style="color: var(--highlight-keyword)"&gt;(&lt;/span&gt;&lt;span style="color: var(--highlight-default)"&gt;$request&lt;/span&gt;&lt;span style="color: var(--highlight-keyword)"&gt;);&lt;/span&gt;&lt;/code&gt;&lt;/li&gt;
&lt;li&gt;&lt;code&gt;&lt;span style="color: var(--highlight-keyword)"&gt;&amp;nbsp;&amp;nbsp;&amp;nbsp;&amp;nbsp;}&lt;/span&gt;&lt;/code&gt;&lt;/li&gt;
&lt;li&gt;&lt;code&gt;&lt;span style="color: var(--highlight-keyword)"&gt;&lt;/span&gt;&lt;/code&gt;&lt;/li&gt;
&lt;li&gt;&lt;code&gt;&lt;span style="color: var(--highlight-keyword)"&gt;&amp;nbsp;&amp;nbsp;&amp;nbsp;&amp;nbsp;&lt;/span&gt;&lt;span style="color: var(--highlight-comment)"&gt;/**&lt;/span&gt;&lt;/code&gt;&lt;/li&gt;
&lt;li&gt;&lt;code&gt;&lt;span style="color: var(--highlight-comment)"&gt;&amp;nbsp;&amp;nbsp;&amp;nbsp;&amp;nbsp;&amp;nbsp;*&amp;nbsp;{@inheritdoc}&lt;/span&gt;&lt;/code&gt;&lt;/li&gt;
&lt;li&gt;&lt;code&gt;&lt;span style="color: var(--highlight-comment)"&gt;&amp;nbsp;&amp;nbsp;&amp;nbsp;&amp;nbsp;&amp;nbsp;*&lt;/span&gt;&lt;/code&gt;&lt;/li&gt;&lt;/ol&gt;    &lt;/div&gt;            &lt;/div&gt;
                        &lt;div class="trace-line "&gt;
                &lt;div class="trace-line-header break-long-words sf-toggle" data-toggle-selector="#trace-html-3-14" data-toggle-initial=""&gt;
            &lt;span class="icon icon-close"&gt;&lt;svg width="1792" height="1792" viewBox="0 0 1792 1792" xmlns="http://www.w3.org/2000/svg"&gt;&lt;path d="M1408 960V832q0-26-19-45t-45-19H448q-26 0-45 19t-19 45v128q0 26 19 45t45 19h896q26 0 45-19t19-45zm256-544v960q0 119-84.5 203.5T1376 1664H416q-119 0-203.5-84.5T128 1376V416q0-119 84.5-203.5T416 128h960q119 0 203.5 84.5T1664 416z"/&gt;&lt;/svg&gt;&lt;/span&gt;
        &lt;span class="icon icon-open"&gt;&lt;svg width="1792" height="1792" viewBox="0 0 1792 1792" xmlns="http://www.w3.org/2000/svg"&gt;&lt;path d="M1408 960V832q0-26-19-45t-45-19h-320V448q0-26-19-45t-45-19H832q-26 0-45 19t-19 45v320H448q-26 0-45 19t-19 45v128q0 26 19 45t45 19h320v320q0 26 19 45t45 19h128q26 0 45-19t19-45v-320h320q26 0 45-19t19-45zm256-544v960q0 119-84.5 203.5T1376 1664H416q-119 0-203.5-84.5T128 1376V416q0-119 84.5-203.5T416 128h960q119 0 203.5 84.5T1664 416z"/&gt;&lt;/svg&gt;&lt;/span&gt;
    
            &lt;span class="trace-class"&gt;&lt;abbr title="Symfony\Bundle\FrameworkBundle\KernelBrowser"&gt;KernelBrowser&lt;/abbr&gt;&lt;/span&gt;&lt;span class="trace-type"&gt;-&gt;&lt;/span&gt;&lt;span class="trace-method"&gt;doRequest&lt;/span&gt;&lt;span class="trace-arguments"&gt;()&lt;/span&gt;    
                    &lt;span class="block trace-file-path"&gt;
            in
            &lt;a href=""&gt;
                C:\Users\eman\Documents\GitHub\car_dealer\vendor\symfony\browser-kit\&lt;strong&gt;AbstractBrowser.php&lt;/strong&gt;
            &lt;/a&gt;
                        (line 370)
            &lt;span class="icon icon-copy hidden" data-clipboard-text="C:\Users\eman\Documents\GitHub\car_dealer\vendor\symfony\browser-kit\AbstractBrowser.php:370"&gt;
                &lt;svg xmlns="http://www.w3.org/2000/svg" height="24" viewBox="0 0 24 24" width="24"&gt;&lt;path d="M0 0h24v24H0z" fill="none"/&gt;&lt;path d="M16 1H4c-1.1 0-2 .9-2 2v14h2V3h12V1zm3 4H8c-1.1 0-2 .9-2 2v14c0 1.1.9 2 2 2h11c1.1 0 2-.9 2-2V7c0-1.1-.9-2-2-2zm0 16H8V7h11v14z"/&gt;&lt;/svg&gt;            &lt;/span&gt;
        &lt;/span&gt;
    &lt;/div&gt;
    &lt;div id="trace-html-3-14" class="trace-code sf-toggle-content"&gt;
        &lt;ol start="365"&gt;&lt;li&gt;&lt;code&gt;&lt;span style="color: var(--highlight-keyword)"&gt;&amp;nbsp;&amp;nbsp;&amp;nbsp;&amp;nbsp;&amp;nbsp;&amp;nbsp;&amp;nbsp;&amp;nbsp;}&lt;/span&gt;&lt;/code&gt;&lt;/li&gt;
&lt;li&gt;&lt;code&gt;&lt;span style="color: var(--highlight-keyword)"&gt;&lt;/span&gt;&lt;/code&gt;&lt;/li&gt;
&lt;li&gt;&lt;code&gt;&lt;span style="color: var(--highlight-keyword)"&gt;&amp;nbsp;&amp;nbsp;&amp;nbsp;&amp;nbsp;&amp;nbsp;&amp;nbsp;&amp;nbsp;&amp;nbsp;if&amp;nbsp;(&lt;/span&gt;&lt;span style="color: var(--highlight-default)"&gt;$this&lt;/span&gt;&lt;span style="color: var(--highlight-keyword)"&gt;-&amp;gt;&lt;/span&gt;&lt;span style="color: var(--highlight-default)"&gt;insulated&lt;/span&gt;&lt;span style="color: var(--highlight-keyword)"&gt;)&amp;nbsp;{&lt;/span&gt;&lt;/code&gt;&lt;/li&gt;
&lt;li&gt;&lt;code&gt;&lt;span style="color: var(--highlight-keyword)"&gt;&amp;nbsp;&amp;nbsp;&amp;nbsp;&amp;nbsp;&amp;nbsp;&amp;nbsp;&amp;nbsp;&amp;nbsp;&amp;nbsp;&amp;nbsp;&amp;nbsp;&amp;nbsp;&lt;/span&gt;&lt;span style="color: var(--highlight-default)"&gt;$this&lt;/span&gt;&lt;span style="color: var(--highlight-keyword)"&gt;-&amp;gt;&lt;/span&gt;&lt;span style="color: var(--highlight-default)"&gt;response&amp;nbsp;&lt;/span&gt;&lt;span style="color: var(--highlight-keyword)"&gt;=&amp;nbsp;&lt;/span&gt;&lt;span style="color: var(--highlight-default)"&gt;$this&lt;/span&gt;&lt;span style="color: var(--highlight-keyword)"&gt;-&amp;gt;&lt;/span&gt;&lt;span style="color: var(--highlight-default)"&gt;doRequestInProcess&lt;/span&gt;&lt;span style="color: var(--highlight-keyword)"&gt;(&lt;/span&gt;&lt;span style="color: var(--highlight-default)"&gt;$this&lt;/span&gt;&lt;span style="color: var(--highlight-keyword)"&gt;-&amp;gt;&lt;/span&gt;&lt;span style="color: var(--highlight-default)"&gt;request&lt;/span&gt;&lt;span style="color: var(--highlight-keyword)"&gt;);&lt;/span&gt;&lt;/code&gt;&lt;/li&gt;
&lt;li&gt;&lt;code&gt;&lt;span style="color: var(--highlight-keyword)"&gt;&amp;nbsp;&amp;nbsp;&amp;nbsp;&amp;nbsp;&amp;nbsp;&amp;nbsp;&amp;nbsp;&amp;nbsp;}&amp;nbsp;else&amp;nbsp;{&lt;/span&gt;&lt;/code&gt;&lt;/li&gt;
&lt;li class="selected"&gt;&lt;code&gt;&lt;span style="color: var(--highlight-keyword)"&gt;&amp;nbsp;&amp;nbsp;&amp;nbsp;&amp;nbsp;&amp;nbsp;&amp;nbsp;&amp;nbsp;&amp;nbsp;&amp;nbsp;&amp;nbsp;&amp;nbsp;&amp;nbsp;&lt;/span&gt;&lt;span style="color: var(--highlight-default)"&gt;$this&lt;/span&gt;&lt;span style="color: var(--highlight-keyword)"&gt;-&amp;gt;&lt;/span&gt;&lt;span style="color: var(--highlight-default)"&gt;response&amp;nbsp;&lt;/span&gt;&lt;span style="color: var(--highlight-keyword)"&gt;=&amp;nbsp;&lt;/span&gt;&lt;span style="color: var(--highlight-default)"&gt;$this&lt;/span&gt;&lt;span style="color: var(--highlight-keyword)"&gt;-&amp;gt;&lt;/span&gt;&lt;span style="color: var(--highlight-default)"&gt;doRequest&lt;/span&gt;&lt;span style="color: var(--highlight-keyword)"&gt;(&lt;/span&gt;&lt;span style="color: var(--highlight-default)"&gt;$this&lt;/span&gt;&lt;span style="color: var(--highlight-keyword)"&gt;-&amp;gt;&lt;/span&gt;&lt;span style="color: var(--highlight-default)"&gt;request&lt;/span&gt;&lt;span style="color: var(--highlight-keyword)"&gt;);&lt;/span&gt;&lt;/code&gt;&lt;/li&gt;
&lt;li&gt;&lt;code&gt;&lt;span style="color: var(--highlight-keyword)"&gt;&amp;nbsp;&amp;nbsp;&amp;nbsp;&amp;nbsp;&amp;nbsp;&amp;nbsp;&amp;nbsp;&amp;nbsp;}&lt;/span&gt;&lt;/code&gt;&lt;/li&gt;
&lt;li&gt;&lt;code&gt;&lt;span style="color: var(--highlight-keyword)"&gt;&lt;/span&gt;&lt;/code&gt;&lt;/li&gt;
&lt;li&gt;&lt;code&gt;&lt;span style="color: var(--highlight-keyword)"&gt;&amp;nbsp;&amp;nbsp;&amp;nbsp;&amp;nbsp;&amp;nbsp;&amp;nbsp;&amp;nbsp;&amp;nbsp;&lt;/span&gt;&lt;span style="color: var(--highlight-default)"&gt;$this&lt;/span&gt;&lt;span style="color: var(--highlight-keyword)"&gt;-&amp;gt;&lt;/span&gt;&lt;span style="color: var(--highlight-default)"&gt;internalResponse&amp;nbsp;&lt;/span&gt;&lt;span style="color: var(--highlight-keyword)"&gt;=&amp;nbsp;&lt;/span&gt;&lt;span style="color: var(--highlight-default)"&gt;$this&lt;/span&gt;&lt;span style="color: var(--highlight-keyword)"&gt;-&amp;gt;&lt;/span&gt;&lt;span style="color: var(--highlight-default)"&gt;filterResponse&lt;/span&gt;&lt;span style="color: var(--highlight-keyword)"&gt;(&lt;/span&gt;&lt;span style="color: var(--highlight-default)"&gt;$this&lt;/span&gt;&lt;span style="color: var(--highlight-keyword)"&gt;-&amp;gt;&lt;/span&gt;&lt;span style="color: var(--highlight-default)"&gt;response&lt;/span&gt;&lt;span style="color: var(--highlight-keyword)"&gt;);&lt;/span&gt;&lt;/code&gt;&lt;/li&gt;
&lt;li&gt;&lt;code&gt;&lt;span style="color: var(--highlight-keyword)"&gt;&lt;/span&gt;&lt;/code&gt;&lt;/li&gt;
&lt;li&gt;&lt;code&gt;&lt;span style="color: var(--highlight-keyword)"&gt;&amp;nbsp;&amp;nbsp;&amp;nbsp;&amp;nbsp;&amp;nbsp;&amp;nbsp;&amp;nbsp;&amp;nbsp;&lt;/span&gt;&lt;span style="color: var(--highlight-default)"&gt;$this&lt;/span&gt;&lt;span style="color: var(--highlight-keyword)"&gt;-&amp;gt;&lt;/span&gt;&lt;span style="color: var(--highlight-default)"&gt;cookieJar&lt;/span&gt;&lt;span style="color: var(--highlight-keyword)"&gt;-&amp;gt;&lt;/span&gt;&lt;span style="color: var(--highlight-default)"&gt;updateFromResponse&lt;/span&gt;&lt;span style="color: var(--highlight-keyword)"&gt;(&lt;/span&gt;&lt;span style="color: var(--highlight-default)"&gt;$this&lt;/span&gt;&lt;span style="color: var(--highlight-keyword)"&gt;-&amp;gt;&lt;/span&gt;&lt;span style="color: var(--highlight-default)"&gt;internalResponse&lt;/span&gt;&lt;span style="color: var(--highlight-keyword)"&gt;,&amp;nbsp;&lt;/span&gt;&lt;span style="color: var(--highlight-default)"&gt;$uri&lt;/span&gt;&lt;span style="color: var(--highlight-keyword)"&gt;);&lt;/span&gt;&lt;/code&gt;&lt;/li&gt;&lt;/ol&gt;    &lt;/div&gt;            &lt;/div&gt;
                        &lt;div class="trace-line "&gt;
                &lt;div class="trace-line-header break-long-words sf-toggle" data-toggle-selector="#trace-html-3-15" data-toggle-initial=""&gt;
            &lt;span class="icon icon-close"&gt;&lt;svg width="1792" height="1792" viewBox="0 0 1792 1792" xmlns="http://www.w3.org/2000/svg"&gt;&lt;path d="M1408 960V832q0-26-19-45t-45-19H448q-26 0-45 19t-19 45v128q0 26 19 45t45 19h896q26 0 45-19t19-45zm256-544v960q0 119-84.5 203.5T1376 1664H416q-119 0-203.5-84.5T128 1376V416q0-119 84.5-203.5T416 128h960q119 0 203.5 84.5T1664 416z"/&gt;&lt;/svg&gt;&lt;/span&gt;
        &lt;span class="icon icon-open"&gt;&lt;svg width="1792" height="1792" viewBox="0 0 1792 1792" xmlns="http://www.w3.org/2000/svg"&gt;&lt;path d="M1408 960V832q0-26-19-45t-45-19h-320V448q0-26-19-45t-45-19H832q-26 0-45 19t-19 45v320H448q-26 0-45 19t-19 45v128q0 26 19 45t45 19h320v320q0 26 19 45t45 19h128q26 0 45-19t19-45v-320h320q26 0 45-19t19-45zm256-544v960q0 119-84.5 203.5T1376 1664H416q-119 0-203.5-84.5T128 1376V416q0-119 84.5-203.5T416 128h960q119 0 203.5 84.5T1664 416z"/&gt;&lt;/svg&gt;&lt;/span&gt;
    
            &lt;span class="trace-class"&gt;&lt;abbr title="Symfony\Component\BrowserKit\AbstractBrowser"&gt;AbstractBrowser&lt;/abbr&gt;&lt;/span&gt;&lt;span class="trace-type"&gt;-&gt;&lt;/span&gt;&lt;span class="trace-method"&gt;request&lt;/span&gt;&lt;span class="trace-arguments"&gt;()&lt;/span&gt;    
                    &lt;span class="block trace-file-path"&gt;
            in
            &lt;a href=""&gt;
                C:\Users\eman\Documents\GitHub\car_dealer\tests\WebTest\&lt;strong&gt;CarsPageTest.php&lt;/strong&gt;
            &lt;/a&gt;
                        (line 28)
            &lt;span class="icon icon-copy hidden" data-clipboard-text="C:\Users\eman\Documents\GitHub\car_dealer\tests\WebTest\CarsPageTest.php:28"&gt;
                &lt;svg xmlns="http://www.w3.org/2000/svg" height="24" viewBox="0 0 24 24" width="24"&gt;&lt;path d="M0 0h24v24H0z" fill="none"/&gt;&lt;path d="M16 1H4c-1.1 0-2 .9-2 2v14h2V3h12V1zm3 4H8c-1.1 0-2 .9-2 2v14c0 1.1.9 2 2 2h11c1.1 0 2-.9 2-2V7c0-1.1-.9-2-2-2zm0 16H8V7h11v14z"/&gt;&lt;/svg&gt;            &lt;/span&gt;
        &lt;/span&gt;
    &lt;/div&gt;
    &lt;div id="trace-html-3-15" class="trace-code sf-toggle-content"&gt;
        &lt;ol start="23"&gt;&lt;li&gt;&lt;code&gt;&lt;span style="color: var(--highlight-keyword)"&gt;&amp;nbsp;&amp;nbsp;&amp;nbsp;&amp;nbsp;&amp;nbsp;&amp;nbsp;&amp;nbsp;&amp;nbsp;&lt;/span&gt;&lt;span style="color: var(--highlight-default)"&gt;$url&amp;nbsp;&lt;/span&gt;&lt;span style="color: var(--highlight-keyword)"&gt;=&amp;nbsp;&lt;/span&gt;&lt;span style="color: var(--highlight-string)"&gt;'/Cars'&lt;/span&gt;&lt;span style="color: var(--highlight-keyword)"&gt;;&lt;/span&gt;&lt;/code&gt;&lt;/li&gt;
&lt;li&gt;&lt;code&gt;&lt;span style="color: var(--highlight-keyword)"&gt;&amp;nbsp;&amp;nbsp;&amp;nbsp;&amp;nbsp;&amp;nbsp;&amp;nbsp;&amp;nbsp;&amp;nbsp;&lt;/span&gt;&lt;span style="color: var(--highlight-default)"&gt;$httpMethod&amp;nbsp;&lt;/span&gt;&lt;span style="color: var(--highlight-keyword)"&gt;=&amp;nbsp;&lt;/span&gt;&lt;span style="color: var(--highlight-string)"&gt;'GET'&lt;/span&gt;&lt;span style="color: var(--highlight-keyword)"&gt;;&lt;/span&gt;&lt;/code&gt;&lt;/li&gt;
&lt;li&gt;&lt;code&gt;&lt;span style="color: var(--highlight-keyword)"&gt;&amp;nbsp;&amp;nbsp;&amp;nbsp;&amp;nbsp;&amp;nbsp;&amp;nbsp;&amp;nbsp;&amp;nbsp;&lt;/span&gt;&lt;span style="color: var(--highlight-default)"&gt;$client&amp;nbsp;&lt;/span&gt;&lt;span style="color: var(--highlight-keyword)"&gt;=&amp;nbsp;static::&lt;/span&gt;&lt;span style="color: var(--highlight-default)"&gt;createClient&lt;/span&gt;&lt;span style="color: var(--highlight-keyword)"&gt;();&lt;/span&gt;&lt;/code&gt;&lt;/li&gt;
&lt;li&gt;&lt;code&gt;&lt;span style="color: var(--highlight-keyword)"&gt;&amp;nbsp;&amp;nbsp;&amp;nbsp;&amp;nbsp;&amp;nbsp;&amp;nbsp;&amp;nbsp;&amp;nbsp;&lt;/span&gt;&lt;span style="color: var(--highlight-default)"&gt;$searchText&amp;nbsp;&lt;/span&gt;&lt;span style="color: var(--highlight-keyword)"&gt;=&amp;nbsp;&lt;/span&gt;&lt;span style="color: var(--highlight-string)"&gt;'Cars'&lt;/span&gt;&lt;span style="color: var(--highlight-keyword)"&gt;;&lt;/span&gt;&lt;/code&gt;&lt;/li&gt;
&lt;li&gt;&lt;code&gt;&lt;span style="color: var(--highlight-keyword)"&gt;&amp;nbsp;&amp;nbsp;&amp;nbsp;&amp;nbsp;&amp;nbsp;&amp;nbsp;&amp;nbsp;&amp;nbsp;&lt;/span&gt;&lt;span style="color: var(--highlight-default)"&gt;$cssSelector&amp;nbsp;&lt;/span&gt;&lt;span style="color: var(--highlight-keyword)"&gt;=&amp;nbsp;&lt;/span&gt;&lt;span style="color: var(--highlight-string)"&gt;'h1'&lt;/span&gt;&lt;span style="color: var(--highlight-keyword)"&gt;;&lt;/span&gt;&lt;/code&gt;&lt;/li&gt;
&lt;li class="selected"&gt;&lt;code&gt;&lt;span style="color: var(--highlight-keyword)"&gt;&amp;nbsp;&amp;nbsp;&amp;nbsp;&amp;nbsp;&amp;nbsp;&amp;nbsp;&amp;nbsp;&amp;nbsp;&lt;/span&gt;&lt;span style="color: var(--highlight-default)"&gt;$crawler&amp;nbsp;&lt;/span&gt;&lt;span style="color: var(--highlight-keyword)"&gt;=&amp;nbsp;&lt;/span&gt;&lt;span style="color: var(--highlight-default)"&gt;$client&lt;/span&gt;&lt;span style="color: var(--highlight-keyword)"&gt;-&amp;gt;&lt;/span&gt;&lt;span style="color: var(--highlight-default)"&gt;request&lt;/span&gt;&lt;span style="color: var(--highlight-keyword)"&gt;(&lt;/span&gt;&lt;span style="color: var(--highlight-default)"&gt;$httpMethod&lt;/span&gt;&lt;span style="color: var(--highlight-keyword)"&gt;,&amp;nbsp;&lt;/span&gt;&lt;span style="color: var(--highlight-default)"&gt;$url&lt;/span&gt;&lt;span style="color: var(--highlight-keyword)"&gt;);&lt;/span&gt;&lt;/code&gt;&lt;/li&gt;
&lt;li&gt;&lt;code&gt;&lt;span style="color: var(--highlight-keyword)"&gt;&amp;nbsp;&amp;nbsp;&amp;nbsp;&amp;nbsp;&amp;nbsp;&amp;nbsp;&amp;nbsp;&amp;nbsp;&lt;/span&gt;&lt;span style="color: var(--highlight-default)"&gt;$content&amp;nbsp;&lt;/span&gt;&lt;span style="color: var(--highlight-keyword)"&gt;=&amp;nbsp;&lt;/span&gt;&lt;span style="color: var(--highlight-default)"&gt;$client&lt;/span&gt;&lt;span style="color: var(--highlight-keyword)"&gt;-&amp;gt;&lt;/span&gt;&lt;span style="color: var(--highlight-default)"&gt;getResponse&lt;/span&gt;&lt;span style="color: var(--highlight-keyword)"&gt;()-&amp;gt;&lt;/span&gt;&lt;span style="color: var(--highlight-default)"&gt;getContent&lt;/span&gt;&lt;span style="color: var(--highlight-keyword)"&gt;();&lt;/span&gt;&lt;/code&gt;&lt;/li&gt;
&lt;li&gt;&lt;code&gt;&lt;span style="color: var(--highlight-keyword)"&gt;&amp;nbsp;&amp;nbsp;&amp;nbsp;&amp;nbsp;&amp;nbsp;&amp;nbsp;&amp;nbsp;&amp;nbsp;&lt;/span&gt;&lt;span style="color: var(--highlight-default)"&gt;$this&lt;/span&gt;&lt;span style="color: var(--highlight-keyword)"&gt;-&amp;gt;&lt;/span&gt;&lt;span style="color: var(--highlight-default)"&gt;assertResponseIsSuccessful&lt;/span&gt;&lt;span style="color: var(--highlight-keyword)"&gt;();&lt;/span&gt;&lt;/code&gt;&lt;/li&gt;
&lt;li&gt;&lt;code&gt;&lt;span style="color: var(--highlight-keyword)"&gt;&amp;nbsp;&amp;nbsp;&amp;nbsp;&amp;nbsp;&amp;nbsp;&amp;nbsp;&amp;nbsp;&amp;nbsp;&lt;/span&gt;&lt;span style="color: var(--highlight-default)"&gt;$this&lt;/span&gt;&lt;span style="color: var(--highlight-keyword)"&gt;-&amp;gt;&lt;/span&gt;&lt;span style="color: var(--highlight-default)"&gt;assertSelectorTextContains&lt;/span&gt;&lt;span style="color: var(--highlight-keyword)"&gt;(&lt;/span&gt;&lt;span style="color: var(--highlight-default)"&gt;$cssSelector&lt;/span&gt;&lt;span style="color: var(--highlight-keyword)"&gt;,&amp;nbsp;&lt;/span&gt;&lt;span style="color: var(--highlight-default)"&gt;$searchText&lt;/span&gt;&lt;span style="color: var(--highlight-keyword)"&gt;);&lt;/span&gt;&lt;/code&gt;&lt;/li&gt;
&lt;li&gt;&lt;code&gt;&lt;span style="color: var(--highlight-keyword)"&gt;&amp;nbsp;&amp;nbsp;&amp;nbsp;&amp;nbsp;}&lt;/span&gt;&lt;/code&gt;&lt;/li&gt;
&lt;li&gt;&lt;code&gt;&lt;span style="color: var(--highlight-keyword)"&gt;&amp;nbsp;&amp;nbsp;&amp;nbsp;&amp;nbsp;public&amp;nbsp;function&amp;nbsp;&lt;/span&gt;&lt;span style="color: var(--highlight-default)"&gt;testHeading2&lt;/span&gt;&lt;span style="color: var(--highlight-keyword)"&gt;():&amp;nbsp;&lt;/span&gt;&lt;span style="color: var(--highlight-default)"&gt;void&lt;/span&gt;&lt;/code&gt;&lt;/li&gt;&lt;/ol&gt;    &lt;/div&gt;            &lt;/div&gt;
                        &lt;div class="trace-line "&gt;
                &lt;div class="trace-line-header break-long-words sf-toggle" data-toggle-selector="#trace-html-3-16" data-toggle-initial=""&gt;
            &lt;span class="icon icon-close"&gt;&lt;svg width="1792" height="1792" viewBox="0 0 1792 1792" xmlns="http://www.w3.org/2000/svg"&gt;&lt;path d="M1408 960V832q0-26-19-45t-45-19H448q-26 0-45 19t-19 45v128q0 26 19 45t45 19h896q26 0 45-19t19-45zm256-544v960q0 119-84.5 203.5T1376 1664H416q-119 0-203.5-84.5T128 1376V416q0-119 84.5-203.5T416 128h960q119 0 203.5 84.5T1664 416z"/&gt;&lt;/svg&gt;&lt;/span&gt;
        &lt;span class="icon icon-open"&gt;&lt;svg width="1792" height="1792" viewBox="0 0 1792 1792" xmlns="http://www.w3.org/2000/svg"&gt;&lt;path d="M1408 960V832q0-26-19-45t-45-19h-320V448q0-26-19-45t-45-19H832q-26 0-45 19t-19 45v320H448q-26 0-45 19t-19 45v128q0 26 19 45t45 19h320v320q0 26 19 45t45 19h128q26 0 45-19t19-45v-320h320q26 0 45-19t19-45zm256-544v960q0 119-84.5 203.5T1376 1664H416q-119 0-203.5-84.5T128 1376V416q0-119 84.5-203.5T416 128h960q119 0 203.5 84.5T1664 416z"/&gt;&lt;/svg&gt;&lt;/span&gt;
    
            &lt;span class="trace-class"&gt;&lt;abbr title="App\Tests\WebTest\CarsPageTest"&gt;CarsPageTest&lt;/abbr&gt;&lt;/span&gt;&lt;span class="trace-type"&gt;-&gt;&lt;/span&gt;&lt;span class="trace-method"&gt;testHeading&lt;/span&gt;&lt;span class="trace-arguments"&gt;()&lt;/span&gt;    
                    &lt;span class="block trace-file-path"&gt;
            in
            &lt;a href=""&gt;
                C:\Users\eman\Documents\GitHub\car_dealer\vendor\phpunit\phpunit\src\Framework\&lt;strong&gt;TestCase.php&lt;/strong&gt;
            &lt;/a&gt;
                        (line 1545)
            &lt;span class="icon icon-copy hidden" data-clipboard-text="C:\Users\eman\Documents\GitHub\car_dealer\vendor\phpunit\phpunit\src\Framework\TestCase.php:1545"&gt;
                &lt;svg xmlns="http://www.w3.org/2000/svg" height="24" viewBox="0 0 24 24" width="24"&gt;&lt;path d="M0 0h24v24H0z" fill="none"/&gt;&lt;path d="M16 1H4c-1.1 0-2 .9-2 2v14h2V3h12V1zm3 4H8c-1.1 0-2 .9-2 2v14c0 1.1.9 2 2 2h11c1.1 0 2-.9 2-2V7c0-1.1-.9-2-2-2zm0 16H8V7h11v14z"/&gt;&lt;/svg&gt;            &lt;/span&gt;
        &lt;/span&gt;
    &lt;/div&gt;
    &lt;div id="trace-html-3-16" class="trace-code sf-toggle-content"&gt;
        &lt;ol start="1540"&gt;&lt;li&gt;&lt;code&gt;&lt;span style="color: var(--highlight-keyword)"&gt;&amp;nbsp;&amp;nbsp;&amp;nbsp;&amp;nbsp;&amp;nbsp;&amp;nbsp;&amp;nbsp;&amp;nbsp;&lt;/span&gt;&lt;span style="color: var(--highlight-default)"&gt;$testArguments&amp;nbsp;&lt;/span&gt;&lt;span style="color: var(--highlight-keyword)"&gt;=&amp;nbsp;&lt;/span&gt;&lt;span style="color: var(--highlight-default)"&gt;array_merge&lt;/span&gt;&lt;span style="color: var(--highlight-keyword)"&gt;(&lt;/span&gt;&lt;span style="color: var(--highlight-default)"&gt;$this&lt;/span&gt;&lt;span style="color: var(--highlight-keyword)"&gt;-&amp;gt;&lt;/span&gt;&lt;span style="color: var(--highlight-default)"&gt;data&lt;/span&gt;&lt;span style="color: var(--highlight-keyword)"&gt;,&amp;nbsp;&lt;/span&gt;&lt;span style="color: var(--highlight-default)"&gt;$this&lt;/span&gt;&lt;span style="color: var(--highlight-keyword)"&gt;-&amp;gt;&lt;/span&gt;&lt;span style="color: var(--highlight-default)"&gt;dependencyInput&lt;/span&gt;&lt;span style="color: var(--highlight-keyword)"&gt;);&lt;/span&gt;&lt;/code&gt;&lt;/li&gt;
&lt;li&gt;&lt;code&gt;&lt;span style="color: var(--highlight-keyword)"&gt;&lt;/span&gt;&lt;/code&gt;&lt;/li&gt;
&lt;li&gt;&lt;code&gt;&lt;span style="color: var(--highlight-keyword)"&gt;&amp;nbsp;&amp;nbsp;&amp;nbsp;&amp;nbsp;&amp;nbsp;&amp;nbsp;&amp;nbsp;&amp;nbsp;&lt;/span&gt;&lt;span style="color: var(--highlight-default)"&gt;$this&lt;/span&gt;&lt;span style="color: var(--highlight-keyword)"&gt;-&amp;gt;&lt;/span&gt;&lt;span style="color: var(--highlight-default)"&gt;registerMockObjectsFromTestArguments&lt;/span&gt;&lt;span style="color: var(--highlight-keyword)"&gt;(&lt;/span&gt;&lt;span style="color: var(--highlight-default)"&gt;$testArguments&lt;/span&gt;&lt;span style="color: var(--highlight-keyword)"&gt;);&lt;/span&gt;&lt;/code&gt;&lt;/li&gt;
&lt;li&gt;&lt;code&gt;&lt;span style="color: var(--highlight-keyword)"&gt;&lt;/span&gt;&lt;/code&gt;&lt;/li&gt;
&lt;li&gt;&lt;code&gt;&lt;span style="color: var(--highlight-keyword)"&gt;&amp;nbsp;&amp;nbsp;&amp;nbsp;&amp;nbsp;&amp;nbsp;&amp;nbsp;&amp;nbsp;&amp;nbsp;try&amp;nbsp;{&lt;/span&gt;&lt;/code&gt;&lt;/li&gt;
&lt;li class="selected"&gt;&lt;code&gt;&lt;span style="color: var(--highlight-keyword)"&gt;&amp;nbsp;&amp;nbsp;&amp;nbsp;&amp;nbsp;&amp;nbsp;&amp;nbsp;&amp;nbsp;&amp;nbsp;&amp;nbsp;&amp;nbsp;&amp;nbsp;&amp;nbsp;&lt;/span&gt;&lt;span style="color: var(--highlight-default)"&gt;$testResult&amp;nbsp;&lt;/span&gt;&lt;span style="color: var(--highlight-keyword)"&gt;=&amp;nbsp;&lt;/span&gt;&lt;span style="color: var(--highlight-default)"&gt;$this&lt;/span&gt;&lt;span style="color: var(--highlight-keyword)"&gt;-&amp;gt;{&lt;/span&gt;&lt;span style="color: var(--highlight-default)"&gt;$this&lt;/span&gt;&lt;span style="color: var(--highlight-keyword)"&gt;-&amp;gt;&lt;/span&gt;&lt;span style="color: var(--highlight-default)"&gt;name&lt;/span&gt;&lt;span style="color: var(--highlight-keyword)"&gt;}(...&lt;/span&gt;&lt;span style="color: var(--highlight-default)"&gt;array_values&lt;/span&gt;&lt;span style="color: var(--highlight-keyword)"&gt;(&lt;/span&gt;&lt;span style="color: var(--highlight-default)"&gt;$testArguments&lt;/span&gt;&lt;span style="color: var(--highlight-keyword)"&gt;));&lt;/span&gt;&lt;/code&gt;&lt;/li&gt;
&lt;li&gt;&lt;code&gt;&lt;span style="color: var(--highlight-keyword)"&gt;&amp;nbsp;&amp;nbsp;&amp;nbsp;&amp;nbsp;&amp;nbsp;&amp;nbsp;&amp;nbsp;&amp;nbsp;}&amp;nbsp;catch&amp;nbsp;(&lt;/span&gt;&lt;span style="color: var(--highlight-default)"&gt;Throwable&amp;nbsp;$exception&lt;/span&gt;&lt;span style="color: var(--highlight-keyword)"&gt;)&amp;nbsp;{&lt;/span&gt;&lt;/code&gt;&lt;/li&gt;
&lt;li&gt;&lt;code&gt;&lt;span style="color: var(--highlight-keyword)"&gt;&amp;nbsp;&amp;nbsp;&amp;nbsp;&amp;nbsp;&amp;nbsp;&amp;nbsp;&amp;nbsp;&amp;nbsp;&amp;nbsp;&amp;nbsp;&amp;nbsp;&amp;nbsp;if&amp;nbsp;(!&lt;/span&gt;&lt;span style="color: var(--highlight-default)"&gt;$this&lt;/span&gt;&lt;span style="color: var(--highlight-keyword)"&gt;-&amp;gt;&lt;/span&gt;&lt;span style="color: var(--highlight-default)"&gt;checkExceptionExpectations&lt;/span&gt;&lt;span style="color: var(--highlight-keyword)"&gt;(&lt;/span&gt;&lt;span style="color: var(--highlight-default)"&gt;$exception&lt;/span&gt;&lt;span style="color: var(--highlight-keyword)"&gt;))&amp;nbsp;{&lt;/span&gt;&lt;/code&gt;&lt;/li&gt;
&lt;li&gt;&lt;code&gt;&lt;span style="color: var(--highlight-keyword)"&gt;&amp;nbsp;&amp;nbsp;&amp;nbsp;&amp;nbsp;&amp;nbsp;&amp;nbsp;&amp;nbsp;&amp;nbsp;&amp;nbsp;&amp;nbsp;&amp;nbsp;&amp;nbsp;&amp;nbsp;&amp;nbsp;&amp;nbsp;&amp;nbsp;throw&amp;nbsp;&lt;/span&gt;&lt;span style="color: var(--highlight-default)"&gt;$exception&lt;/span&gt;&lt;span style="color: var(--highlight-keyword)"&gt;;&lt;/span&gt;&lt;/code&gt;&lt;/li&gt;
&lt;li&gt;&lt;code&gt;&lt;span style="color: var(--highlight-keyword)"&gt;&amp;nbsp;&amp;nbsp;&amp;nbsp;&amp;nbsp;&amp;nbsp;&amp;nbsp;&amp;nbsp;&amp;nbsp;&amp;nbsp;&amp;nbsp;&amp;nbsp;&amp;nbsp;}&lt;/span&gt;&lt;/code&gt;&lt;/li&gt;
&lt;li&gt;&lt;code&gt;&lt;span style="color: var(--highlight-keyword)"&gt;&lt;/span&gt;&lt;/code&gt;&lt;/li&gt;&lt;/ol&gt;    &lt;/div&gt;            &lt;/div&gt;
                        &lt;div class="trace-line "&gt;
                &lt;div class="trace-line-header break-long-words sf-toggle" data-toggle-selector="#trace-html-3-17" data-toggle-initial=""&gt;
            &lt;span class="icon icon-close"&gt;&lt;svg width="1792" height="1792" viewBox="0 0 1792 1792" xmlns="http://www.w3.org/2000/svg"&gt;&lt;path d="M1408 960V832q0-26-19-45t-45-19H448q-26 0-45 19t-19 45v128q0 26 19 45t45 19h896q26 0 45-19t19-45zm256-544v960q0 119-84.5 203.5T1376 1664H416q-119 0-203.5-84.5T128 1376V416q0-119 84.5-203.5T416 128h960q119 0 203.5 84.5T1664 416z"/&gt;&lt;/svg&gt;&lt;/span&gt;
        &lt;span class="icon icon-open"&gt;&lt;svg width="1792" height="1792" viewBox="0 0 1792 1792" xmlns="http://www.w3.org/2000/svg"&gt;&lt;path d="M1408 960V832q0-26-19-45t-45-19h-320V448q0-26-19-45t-45-19H832q-26 0-45 19t-19 45v320H448q-26 0-45 19t-19 45v128q0 26 19 45t45 19h320v320q0 26 19 45t45 19h128q26 0 45-19t19-45v-320h320q26 0 45-19t19-45zm256-544v960q0 119-84.5 203.5T1376 1664H416q-119 0-203.5-84.5T128 1376V416q0-119 84.5-203.5T416 128h960q119 0 203.5 84.5T1664 416z"/&gt;&lt;/svg&gt;&lt;/span&gt;
    
            &lt;span class="trace-class"&gt;&lt;abbr title="PHPUnit\Framework\TestCase"&gt;TestCase&lt;/abbr&gt;&lt;/span&gt;&lt;span class="trace-type"&gt;-&gt;&lt;/span&gt;&lt;span class="trace-method"&gt;runTest&lt;/span&gt;&lt;span class="trace-arguments"&gt;()&lt;/span&gt;    
                    &lt;span class="block trace-file-path"&gt;
            in
            &lt;a href=""&gt;
                C:\Users\eman\Documents\GitHub\car_dealer\vendor\phpunit\phpunit\src\Framework\&lt;strong&gt;TestCase.php&lt;/strong&gt;
            &lt;/a&gt;
                        (line 1151)
            &lt;span class="icon icon-copy hidden" data-clipboard-text="C:\Users\eman\Documents\GitHub\car_dealer\vendor\phpunit\phpunit\src\Framework\TestCase.php:1151"&gt;
                &lt;svg xmlns="http://www.w3.org/2000/svg" height="24" viewBox="0 0 24 24" width="24"&gt;&lt;path d="M0 0h24v24H0z" fill="none"/&gt;&lt;path d="M16 1H4c-1.1 0-2 .9-2 2v14h2V3h12V1zm3 4H8c-1.1 0-2 .9-2 2v14c0 1.1.9 2 2 2h11c1.1 0 2-.9 2-2V7c0-1.1-.9-2-2-2zm0 16H8V7h11v14z"/&gt;&lt;/svg&gt;            &lt;/span&gt;
        &lt;/span&gt;
    &lt;/div&gt;
    &lt;div id="trace-html-3-17" class="trace-code sf-toggle-content"&gt;
        &lt;ol start="1146"&gt;&lt;li&gt;&lt;code&gt;&lt;span style="color: var(--highlight-keyword)"&gt;&lt;/span&gt;&lt;/code&gt;&lt;/li&gt;
&lt;li&gt;&lt;code&gt;&lt;span style="color: var(--highlight-keyword)"&gt;&amp;nbsp;&amp;nbsp;&amp;nbsp;&amp;nbsp;&amp;nbsp;&amp;nbsp;&amp;nbsp;&amp;nbsp;&amp;nbsp;&amp;nbsp;&amp;nbsp;&amp;nbsp;foreach&amp;nbsp;(&lt;/span&gt;&lt;span style="color: var(--highlight-default)"&gt;$hookMethods&lt;/span&gt;&lt;span style="color: var(--highlight-keyword)"&gt;[&lt;/span&gt;&lt;span style="color: var(--highlight-string)"&gt;'preCondition'&lt;/span&gt;&lt;span style="color: var(--highlight-keyword)"&gt;]&amp;nbsp;as&amp;nbsp;&lt;/span&gt;&lt;span style="color: var(--highlight-default)"&gt;$method&lt;/span&gt;&lt;span style="color: var(--highlight-keyword)"&gt;)&amp;nbsp;{&lt;/span&gt;&lt;/code&gt;&lt;/li&gt;
&lt;li&gt;&lt;code&gt;&lt;span style="color: var(--highlight-keyword)"&gt;&amp;nbsp;&amp;nbsp;&amp;nbsp;&amp;nbsp;&amp;nbsp;&amp;nbsp;&amp;nbsp;&amp;nbsp;&amp;nbsp;&amp;nbsp;&amp;nbsp;&amp;nbsp;&amp;nbsp;&amp;nbsp;&amp;nbsp;&amp;nbsp;&lt;/span&gt;&lt;span style="color: var(--highlight-default)"&gt;$this&lt;/span&gt;&lt;span style="color: var(--highlight-keyword)"&gt;-&amp;gt;{&lt;/span&gt;&lt;span style="color: var(--highlight-default)"&gt;$method&lt;/span&gt;&lt;span style="color: var(--highlight-keyword)"&gt;}();&lt;/span&gt;&lt;/code&gt;&lt;/li&gt;
&lt;li&gt;&lt;code&gt;&lt;span style="color: var(--highlight-keyword)"&gt;&amp;nbsp;&amp;nbsp;&amp;nbsp;&amp;nbsp;&amp;nbsp;&amp;nbsp;&amp;nbsp;&amp;nbsp;&amp;nbsp;&amp;nbsp;&amp;nbsp;&amp;nbsp;}&lt;/span&gt;&lt;/code&gt;&lt;/li&gt;
&lt;li&gt;&lt;code&gt;&lt;span style="color: var(--highlight-keyword)"&gt;&lt;/span&gt;&lt;/code&gt;&lt;/li&gt;
&lt;li class="selected"&gt;&lt;code&gt;&lt;span style="color: var(--highlight-keyword)"&gt;&amp;nbsp;&amp;nbsp;&amp;nbsp;&amp;nbsp;&amp;nbsp;&amp;nbsp;&amp;nbsp;&amp;nbsp;&amp;nbsp;&amp;nbsp;&amp;nbsp;&amp;nbsp;&lt;/span&gt;&lt;span style="color: var(--highlight-default)"&gt;$this&lt;/span&gt;&lt;span style="color: var(--highlight-keyword)"&gt;-&amp;gt;&lt;/span&gt;&lt;span style="color: var(--highlight-default)"&gt;testResult&amp;nbsp;&lt;/span&gt;&lt;span style="color: var(--highlight-keyword)"&gt;=&amp;nbsp;&lt;/span&gt;&lt;span style="color: var(--highlight-default)"&gt;$this&lt;/span&gt;&lt;span style="color: var(--highlight-keyword)"&gt;-&amp;gt;&lt;/span&gt;&lt;span style="color: var(--highlight-default)"&gt;runTest&lt;/span&gt;&lt;span style="color: var(--highlight-keyword)"&gt;();&lt;/span&gt;&lt;/code&gt;&lt;/li&gt;
&lt;li&gt;&lt;code&gt;&lt;span style="color: var(--highlight-keyword)"&gt;&amp;nbsp;&amp;nbsp;&amp;nbsp;&amp;nbsp;&amp;nbsp;&amp;nbsp;&amp;nbsp;&amp;nbsp;&amp;nbsp;&amp;nbsp;&amp;nbsp;&amp;nbsp;&lt;/span&gt;&lt;span style="color: var(--highlight-default)"&gt;$this&lt;/span&gt;&lt;span style="color: var(--highlight-keyword)"&gt;-&amp;gt;&lt;/span&gt;&lt;span style="color: var(--highlight-default)"&gt;verifyMockObjects&lt;/span&gt;&lt;span style="color: var(--highlight-keyword)"&gt;();&lt;/span&gt;&lt;/code&gt;&lt;/li&gt;
&lt;li&gt;&lt;code&gt;&lt;span style="color: var(--highlight-keyword)"&gt;&lt;/span&gt;&lt;/code&gt;&lt;/li&gt;
&lt;li&gt;&lt;code&gt;&lt;span style="color: var(--highlight-keyword)"&gt;&amp;nbsp;&amp;nbsp;&amp;nbsp;&amp;nbsp;&amp;nbsp;&amp;nbsp;&amp;nbsp;&amp;nbsp;&amp;nbsp;&amp;nbsp;&amp;nbsp;&amp;nbsp;foreach&amp;nbsp;(&lt;/span&gt;&lt;span style="color: var(--highlight-default)"&gt;$hookMethods&lt;/span&gt;&lt;span style="color: var(--highlight-keyword)"&gt;[&lt;/span&gt;&lt;span style="color: var(--highlight-string)"&gt;'postCondition'&lt;/span&gt;&lt;span style="color: var(--highlight-keyword)"&gt;]&amp;nbsp;as&amp;nbsp;&lt;/span&gt;&lt;span style="color: var(--highlight-default)"&gt;$method&lt;/span&gt;&lt;span style="color: var(--highlight-keyword)"&gt;)&amp;nbsp;{&lt;/span&gt;&lt;/code&gt;&lt;/li&gt;
&lt;li&gt;&lt;code&gt;&lt;span style="color: var(--highlight-keyword)"&gt;&amp;nbsp;&amp;nbsp;&amp;nbsp;&amp;nbsp;&amp;nbsp;&amp;nbsp;&amp;nbsp;&amp;nbsp;&amp;nbsp;&amp;nbsp;&amp;nbsp;&amp;nbsp;&amp;nbsp;&amp;nbsp;&amp;nbsp;&amp;nbsp;&lt;/span&gt;&lt;span style="color: var(--highlight-default)"&gt;$this&lt;/span&gt;&lt;span style="color: var(--highlight-keyword)"&gt;-&amp;gt;{&lt;/span&gt;&lt;span style="color: var(--highlight-default)"&gt;$method&lt;/span&gt;&lt;span style="color: var(--highlight-keyword)"&gt;}();&lt;/span&gt;&lt;/code&gt;&lt;/li&gt;
&lt;li&gt;&lt;code&gt;&lt;span style="color: var(--highlight-keyword)"&gt;&amp;nbsp;&amp;nbsp;&amp;nbsp;&amp;nbsp;&amp;nbsp;&amp;nbsp;&amp;nbsp;&amp;nbsp;&amp;nbsp;&amp;nbsp;&amp;nbsp;&amp;nbsp;}&lt;/span&gt;&lt;/code&gt;&lt;/li&gt;&lt;/ol&gt;    &lt;/div&gt;            &lt;/div&gt;
                        &lt;div class="trace-line "&gt;
                &lt;div class="trace-line-header break-long-words sf-toggle" data-toggle-selector="#trace-html-3-18" data-toggle-initial=""&gt;
            &lt;span class="icon icon-close"&gt;&lt;svg width="1792" height="1792" viewBox="0 0 1792 1792" xmlns="http://www.w3.org/2000/svg"&gt;&lt;path d="M1408 960V832q0-26-19-45t-45-19H448q-26 0-45 19t-19 45v128q0 26 19 45t45 19h896q26 0 45-19t19-45zm256-544v960q0 119-84.5 203.5T1376 1664H416q-119 0-203.5-84.5T128 1376V416q0-119 84.5-203.5T416 128h960q119 0 203.5 84.5T1664 416z"/&gt;&lt;/svg&gt;&lt;/span&gt;
        &lt;span class="icon icon-open"&gt;&lt;svg width="1792" height="1792" viewBox="0 0 1792 1792" xmlns="http://www.w3.org/2000/svg"&gt;&lt;path d="M1408 960V832q0-26-19-45t-45-19h-320V448q0-26-19-45t-45-19H832q-26 0-45 19t-19 45v320H448q-26 0-45 19t-19 45v128q0 26 19 45t45 19h320v320q0 26 19 45t45 19h128q26 0 45-19t19-45v-320h320q26 0 45-19t19-45zm256-544v960q0 119-84.5 203.5T1376 1664H416q-119 0-203.5-84.5T128 1376V416q0-119 84.5-203.5T416 128h960q119 0 203.5 84.5T1664 416z"/&gt;&lt;/svg&gt;&lt;/span&gt;
    
            &lt;span class="trace-class"&gt;&lt;abbr title="PHPUnit\Framework\TestCase"&gt;TestCase&lt;/abbr&gt;&lt;/span&gt;&lt;span class="trace-type"&gt;-&gt;&lt;/span&gt;&lt;span class="trace-method"&gt;runBare&lt;/span&gt;&lt;span class="trace-arguments"&gt;()&lt;/span&gt;    
                    &lt;span class="block trace-file-path"&gt;
            in
            &lt;a href=""&gt;
                C:\Users\eman\Documents\GitHub\car_dealer\vendor\phpunit\phpunit\src\Framework\&lt;strong&gt;TestResult.php&lt;/strong&gt;
            &lt;/a&gt;
                        (line 726)
            &lt;span class="icon icon-copy hidden" data-clipboard-text="C:\Users\eman\Documents\GitHub\car_dealer\vendor\phpunit\phpunit\src\Framework\TestResult.php:726"&gt;
                &lt;svg xmlns="http://www.w3.org/2000/svg" height="24" viewBox="0 0 24 24" width="24"&gt;&lt;path d="M0 0h24v24H0z" fill="none"/&gt;&lt;path d="M16 1H4c-1.1 0-2 .9-2 2v14h2V3h12V1zm3 4H8c-1.1 0-2 .9-2 2v14c0 1.1.9 2 2 2h11c1.1 0 2-.9 2-2V7c0-1.1-.9-2-2-2zm0 16H8V7h11v14z"/&gt;&lt;/svg&gt;            &lt;/span&gt;
        &lt;/span&gt;
    &lt;/div&gt;
    &lt;div id="trace-html-3-18" class="trace-code sf-toggle-content"&gt;
        &lt;ol start="721"&gt;&lt;li&gt;&lt;code&gt;&lt;span style="color: var(--highlight-keyword)"&gt;&amp;nbsp;&amp;nbsp;&amp;nbsp;&amp;nbsp;&amp;nbsp;&amp;nbsp;&amp;nbsp;&amp;nbsp;&amp;nbsp;&amp;nbsp;&amp;nbsp;&amp;nbsp;&amp;nbsp;&amp;nbsp;&amp;nbsp;&amp;nbsp;&amp;nbsp;&amp;nbsp;&amp;nbsp;&amp;nbsp;&amp;nbsp;&amp;nbsp;&amp;nbsp;&amp;nbsp;&lt;/span&gt;&lt;span style="color: var(--highlight-default)"&gt;$_timeout&amp;nbsp;&lt;/span&gt;&lt;span style="color: var(--highlight-keyword)"&gt;=&amp;nbsp;&lt;/span&gt;&lt;span style="color: var(--highlight-default)"&gt;$this&lt;/span&gt;&lt;span style="color: var(--highlight-keyword)"&gt;-&amp;gt;&lt;/span&gt;&lt;span style="color: var(--highlight-default)"&gt;defaultTimeLimit&lt;/span&gt;&lt;span style="color: var(--highlight-keyword)"&gt;;&lt;/span&gt;&lt;/code&gt;&lt;/li&gt;
&lt;li&gt;&lt;code&gt;&lt;span style="color: var(--highlight-keyword)"&gt;&amp;nbsp;&amp;nbsp;&amp;nbsp;&amp;nbsp;&amp;nbsp;&amp;nbsp;&amp;nbsp;&amp;nbsp;&amp;nbsp;&amp;nbsp;&amp;nbsp;&amp;nbsp;&amp;nbsp;&amp;nbsp;&amp;nbsp;&amp;nbsp;}&lt;/span&gt;&lt;/code&gt;&lt;/li&gt;
&lt;li&gt;&lt;code&gt;&lt;span style="color: var(--highlight-keyword)"&gt;&lt;/span&gt;&lt;/code&gt;&lt;/li&gt;
&lt;li&gt;&lt;code&gt;&lt;span style="color: var(--highlight-keyword)"&gt;&amp;nbsp;&amp;nbsp;&amp;nbsp;&amp;nbsp;&amp;nbsp;&amp;nbsp;&amp;nbsp;&amp;nbsp;&amp;nbsp;&amp;nbsp;&amp;nbsp;&amp;nbsp;&amp;nbsp;&amp;nbsp;&amp;nbsp;&amp;nbsp;&lt;/span&gt;&lt;span style="color: var(--highlight-default)"&gt;$invoker&lt;/span&gt;&lt;span style="color: var(--highlight-keyword)"&gt;-&amp;gt;&lt;/span&gt;&lt;span style="color: var(--highlight-default)"&gt;invoke&lt;/span&gt;&lt;span style="color: var(--highlight-keyword)"&gt;([&lt;/span&gt;&lt;span style="color: var(--highlight-default)"&gt;$test&lt;/span&gt;&lt;span style="color: var(--highlight-keyword)"&gt;,&amp;nbsp;&lt;/span&gt;&lt;span style="color: var(--highlight-string)"&gt;'runBare'&lt;/span&gt;&lt;span style="color: var(--highlight-keyword)"&gt;],&amp;nbsp;[],&amp;nbsp;&lt;/span&gt;&lt;span style="color: var(--highlight-default)"&gt;$_timeout&lt;/span&gt;&lt;span style="color: var(--highlight-keyword)"&gt;);&lt;/span&gt;&lt;/code&gt;&lt;/li&gt;
&lt;li&gt;&lt;code&gt;&lt;span style="color: var(--highlight-keyword)"&gt;&amp;nbsp;&amp;nbsp;&amp;nbsp;&amp;nbsp;&amp;nbsp;&amp;nbsp;&amp;nbsp;&amp;nbsp;&amp;nbsp;&amp;nbsp;&amp;nbsp;&amp;nbsp;}&amp;nbsp;else&amp;nbsp;{&lt;/span&gt;&lt;/code&gt;&lt;/li&gt;
&lt;li class="selected"&gt;&lt;code&gt;&lt;span style="color: var(--highlight-keyword)"&gt;&amp;nbsp;&amp;nbsp;&amp;nbsp;&amp;nbsp;&amp;nbsp;&amp;nbsp;&amp;nbsp;&amp;nbsp;&amp;nbsp;&amp;nbsp;&amp;nbsp;&amp;nbsp;&amp;nbsp;&amp;nbsp;&amp;nbsp;&amp;nbsp;&lt;/span&gt;&lt;span style="color: var(--highlight-default)"&gt;$test&lt;/span&gt;&lt;span style="color: var(--highlight-keyword)"&gt;-&amp;gt;&lt;/span&gt;&lt;span style="color: var(--highlight-default)"&gt;runBare&lt;/span&gt;&lt;span style="color: var(--highlight-keyword)"&gt;();&lt;/span&gt;&lt;/code&gt;&lt;/li&gt;
&lt;li&gt;&lt;code&gt;&lt;span style="color: var(--highlight-keyword)"&gt;&amp;nbsp;&amp;nbsp;&amp;nbsp;&amp;nbsp;&amp;nbsp;&amp;nbsp;&amp;nbsp;&amp;nbsp;&amp;nbsp;&amp;nbsp;&amp;nbsp;&amp;nbsp;}&lt;/span&gt;&lt;/code&gt;&lt;/li&gt;
&lt;li&gt;&lt;code&gt;&lt;span style="color: var(--highlight-keyword)"&gt;&amp;nbsp;&amp;nbsp;&amp;nbsp;&amp;nbsp;&amp;nbsp;&amp;nbsp;&amp;nbsp;&amp;nbsp;}&amp;nbsp;catch&amp;nbsp;(&lt;/span&gt;&lt;span style="color: var(--highlight-default)"&gt;TimeoutException&amp;nbsp;$e&lt;/span&gt;&lt;span style="color: var(--highlight-keyword)"&gt;)&amp;nbsp;{&lt;/span&gt;&lt;/code&gt;&lt;/li&gt;
&lt;li&gt;&lt;code&gt;&lt;span style="color: var(--highlight-keyword)"&gt;&amp;nbsp;&amp;nbsp;&amp;nbsp;&amp;nbsp;&amp;nbsp;&amp;nbsp;&amp;nbsp;&amp;nbsp;&amp;nbsp;&amp;nbsp;&amp;nbsp;&amp;nbsp;&lt;/span&gt;&lt;span style="color: var(--highlight-default)"&gt;$this&lt;/span&gt;&lt;span style="color: var(--highlight-keyword)"&gt;-&amp;gt;&lt;/span&gt;&lt;span style="color: var(--highlight-default)"&gt;addFailure&lt;/span&gt;&lt;span style="color: var(--highlight-keyword)"&gt;(&lt;/span&gt;&lt;/code&gt;&lt;/li&gt;
&lt;li&gt;&lt;code&gt;&lt;span style="color: var(--highlight-keyword)"&gt;&amp;nbsp;&amp;nbsp;&amp;nbsp;&amp;nbsp;&amp;nbsp;&amp;nbsp;&amp;nbsp;&amp;nbsp;&amp;nbsp;&amp;nbsp;&amp;nbsp;&amp;nbsp;&amp;nbsp;&amp;nbsp;&amp;nbsp;&amp;nbsp;&lt;/span&gt;&lt;span style="color: var(--highlight-default)"&gt;$test&lt;/span&gt;&lt;span style="color: var(--highlight-keyword)"&gt;,&lt;/span&gt;&lt;/code&gt;&lt;/li&gt;
&lt;li&gt;&lt;code&gt;&lt;span style="color: var(--highlight-keyword)"&gt;&amp;nbsp;&amp;nbsp;&amp;nbsp;&amp;nbsp;&amp;nbsp;&amp;nbsp;&amp;nbsp;&amp;nbsp;&amp;nbsp;&amp;nbsp;&amp;nbsp;&amp;nbsp;&amp;nbsp;&amp;nbsp;&amp;nbsp;&amp;nbsp;new&amp;nbsp;&lt;/span&gt;&lt;span style="color: var(--highlight-default)"&gt;RiskyTestError&lt;/span&gt;&lt;span style="color: var(--highlight-keyword)"&gt;(&lt;/span&gt;&lt;/code&gt;&lt;/li&gt;&lt;/ol&gt;    &lt;/div&gt;            &lt;/div&gt;
                        &lt;div class="trace-line "&gt;
                &lt;div class="trace-line-header break-long-words sf-toggle" data-toggle-selector="#trace-html-3-19" data-toggle-initial=""&gt;
            &lt;span class="icon icon-close"&gt;&lt;svg width="1792" height="1792" viewBox="0 0 1792 1792" xmlns="http://www.w3.org/2000/svg"&gt;&lt;path d="M1408 960V832q0-26-19-45t-45-19H448q-26 0-45 19t-19 45v128q0 26 19 45t45 19h896q26 0 45-19t19-45zm256-544v960q0 119-84.5 203.5T1376 1664H416q-119 0-203.5-84.5T128 1376V416q0-119 84.5-203.5T416 128h960q119 0 203.5 84.5T1664 416z"/&gt;&lt;/svg&gt;&lt;/span&gt;
        &lt;span class="icon icon-open"&gt;&lt;svg width="1792" height="1792" viewBox="0 0 1792 1792" xmlns="http://www.w3.org/2000/svg"&gt;&lt;path d="M1408 960V832q0-26-19-45t-45-19h-320V448q0-26-19-45t-45-19H832q-26 0-45 19t-19 45v320H448q-26 0-45 19t-19 45v128q0 26 19 45t45 19h320v320q0 26 19 45t45 19h128q26 0 45-19t19-45v-320h320q26 0 45-19t19-45zm256-544v960q0 119-84.5 203.5T1376 1664H416q-119 0-203.5-84.5T128 1376V416q0-119 84.5-203.5T416 128h960q119 0 203.5 84.5T1664 416z"/&gt;&lt;/svg&gt;&lt;/span&gt;
    
            &lt;span class="trace-class"&gt;&lt;abbr title="PHPUnit\Framework\TestResult"&gt;TestResult&lt;/abbr&gt;&lt;/span&gt;&lt;span class="trace-type"&gt;-&gt;&lt;/span&gt;&lt;span class="trace-method"&gt;run&lt;/span&gt;&lt;span class="trace-arguments"&gt;()&lt;/span&gt;    
                    &lt;span class="block trace-file-path"&gt;
            in
            &lt;a href=""&gt;
                C:\Users\eman\Documents\GitHub\car_dealer\vendor\phpunit\phpunit\src\Framework\&lt;strong&gt;TestCase.php&lt;/strong&gt;
            &lt;/a&gt;
                        (line 903)
            &lt;span class="icon icon-copy hidden" data-clipboard-text="C:\Users\eman\Documents\GitHub\car_dealer\vendor\phpunit\phpunit\src\Framework\TestCase.php:903"&gt;
                &lt;svg xmlns="http://www.w3.org/2000/svg" height="24" viewBox="0 0 24 24" width="24"&gt;&lt;path d="M0 0h24v24H0z" fill="none"/&gt;&lt;path d="M16 1H4c-1.1 0-2 .9-2 2v14h2V3h12V1zm3 4H8c-1.1 0-2 .9-2 2v14c0 1.1.9 2 2 2h11c1.1 0 2-.9 2-2V7c0-1.1-.9-2-2-2zm0 16H8V7h11v14z"/&gt;&lt;/svg&gt;            &lt;/span&gt;
        &lt;/span&gt;
    &lt;/div&gt;
    &lt;div id="trace-html-3-19" class="trace-code sf-toggle-content"&gt;
        &lt;ol start="898"&gt;&lt;li&gt;&lt;code&gt;&lt;span style="color: var(--highlight-keyword)"&gt;&amp;nbsp;&amp;nbsp;&amp;nbsp;&amp;nbsp;&amp;nbsp;&amp;nbsp;&amp;nbsp;&amp;nbsp;&amp;nbsp;&amp;nbsp;&amp;nbsp;&amp;nbsp;&lt;/span&gt;&lt;span style="color: var(--highlight-default)"&gt;$template&lt;/span&gt;&lt;span style="color: var(--highlight-keyword)"&gt;-&amp;gt;&lt;/span&gt;&lt;span style="color: var(--highlight-default)"&gt;setVar&lt;/span&gt;&lt;span style="color: var(--highlight-keyword)"&gt;(&lt;/span&gt;&lt;span style="color: var(--highlight-default)"&gt;$var&lt;/span&gt;&lt;span style="color: var(--highlight-keyword)"&gt;);&lt;/span&gt;&lt;/code&gt;&lt;/li&gt;
&lt;li&gt;&lt;code&gt;&lt;span style="color: var(--highlight-keyword)"&gt;&lt;/span&gt;&lt;/code&gt;&lt;/li&gt;
&lt;li&gt;&lt;code&gt;&lt;span style="color: var(--highlight-keyword)"&gt;&amp;nbsp;&amp;nbsp;&amp;nbsp;&amp;nbsp;&amp;nbsp;&amp;nbsp;&amp;nbsp;&amp;nbsp;&amp;nbsp;&amp;nbsp;&amp;nbsp;&amp;nbsp;&lt;/span&gt;&lt;span style="color: var(--highlight-default)"&gt;$php&amp;nbsp;&lt;/span&gt;&lt;span style="color: var(--highlight-keyword)"&gt;=&amp;nbsp;&lt;/span&gt;&lt;span style="color: var(--highlight-default)"&gt;AbstractPhpProcess&lt;/span&gt;&lt;span style="color: var(--highlight-keyword)"&gt;::&lt;/span&gt;&lt;span style="color: var(--highlight-default)"&gt;factory&lt;/span&gt;&lt;span style="color: var(--highlight-keyword)"&gt;();&lt;/span&gt;&lt;/code&gt;&lt;/li&gt;
&lt;li&gt;&lt;code&gt;&lt;span style="color: var(--highlight-keyword)"&gt;&amp;nbsp;&amp;nbsp;&amp;nbsp;&amp;nbsp;&amp;nbsp;&amp;nbsp;&amp;nbsp;&amp;nbsp;&amp;nbsp;&amp;nbsp;&amp;nbsp;&amp;nbsp;&lt;/span&gt;&lt;span style="color: var(--highlight-default)"&gt;$php&lt;/span&gt;&lt;span style="color: var(--highlight-keyword)"&gt;-&amp;gt;&lt;/span&gt;&lt;span style="color: var(--highlight-default)"&gt;runTestJob&lt;/span&gt;&lt;span style="color: var(--highlight-keyword)"&gt;(&lt;/span&gt;&lt;span style="color: var(--highlight-default)"&gt;$template&lt;/span&gt;&lt;span style="color: var(--highlight-keyword)"&gt;-&amp;gt;&lt;/span&gt;&lt;span style="color: var(--highlight-default)"&gt;render&lt;/span&gt;&lt;span style="color: var(--highlight-keyword)"&gt;(),&amp;nbsp;&lt;/span&gt;&lt;span style="color: var(--highlight-default)"&gt;$this&lt;/span&gt;&lt;span style="color: var(--highlight-keyword)"&gt;,&amp;nbsp;&lt;/span&gt;&lt;span style="color: var(--highlight-default)"&gt;$result&lt;/span&gt;&lt;span style="color: var(--highlight-keyword)"&gt;);&lt;/span&gt;&lt;/code&gt;&lt;/li&gt;
&lt;li&gt;&lt;code&gt;&lt;span style="color: var(--highlight-keyword)"&gt;&amp;nbsp;&amp;nbsp;&amp;nbsp;&amp;nbsp;&amp;nbsp;&amp;nbsp;&amp;nbsp;&amp;nbsp;}&amp;nbsp;else&amp;nbsp;{&lt;/span&gt;&lt;/code&gt;&lt;/li&gt;
&lt;li class="selected"&gt;&lt;code&gt;&lt;span style="color: var(--highlight-keyword)"&gt;&amp;nbsp;&amp;nbsp;&amp;nbsp;&amp;nbsp;&amp;nbsp;&amp;nbsp;&amp;nbsp;&amp;nbsp;&amp;nbsp;&amp;nbsp;&amp;nbsp;&amp;nbsp;&lt;/span&gt;&lt;span style="color: var(--highlight-default)"&gt;$result&lt;/span&gt;&lt;span style="color: var(--highlight-keyword)"&gt;-&amp;gt;&lt;/span&gt;&lt;span style="color: var(--highlight-default)"&gt;run&lt;/span&gt;&lt;span style="color: var(--highlight-keyword)"&gt;(&lt;/span&gt;&lt;span style="color: var(--highlight-default)"&gt;$this&lt;/span&gt;&lt;span style="color: var(--highlight-keyword)"&gt;);&lt;/span&gt;&lt;/code&gt;&lt;/li&gt;
&lt;li&gt;&lt;code&gt;&lt;span style="color: var(--highlight-keyword)"&gt;&amp;nbsp;&amp;nbsp;&amp;nbsp;&amp;nbsp;&amp;nbsp;&amp;nbsp;&amp;nbsp;&amp;nbsp;}&lt;/span&gt;&lt;/code&gt;&lt;/li&gt;
&lt;li&gt;&lt;code&gt;&lt;span style="color: var(--highlight-keyword)"&gt;&lt;/span&gt;&lt;/code&gt;&lt;/li&gt;
&lt;li&gt;&lt;code&gt;&lt;span style="color: var(--highlight-keyword)"&gt;&amp;nbsp;&amp;nbsp;&amp;nbsp;&amp;nbsp;&amp;nbsp;&amp;nbsp;&amp;nbsp;&amp;nbsp;&lt;/span&gt;&lt;span style="color: var(--highlight-default)"&gt;$this&lt;/span&gt;&lt;span style="color: var(--highlight-keyword)"&gt;-&amp;gt;&lt;/span&gt;&lt;span style="color: var(--highlight-default)"&gt;result&amp;nbsp;&lt;/span&gt;&lt;span style="color: var(--highlight-keyword)"&gt;=&amp;nbsp;&lt;/span&gt;&lt;span style="color: var(--highlight-default)"&gt;null&lt;/span&gt;&lt;span style="color: var(--highlight-keyword)"&gt;;&lt;/span&gt;&lt;/code&gt;&lt;/li&gt;
&lt;li&gt;&lt;code&gt;&lt;span style="color: var(--highlight-keyword)"&gt;&lt;/span&gt;&lt;/code&gt;&lt;/li&gt;
&lt;li&gt;&lt;code&gt;&lt;span style="color: var(--highlight-keyword)"&gt;&amp;nbsp;&amp;nbsp;&amp;nbsp;&amp;nbsp;&amp;nbsp;&amp;nbsp;&amp;nbsp;&amp;nbsp;return&amp;nbsp;&lt;/span&gt;&lt;span style="color: var(--highlight-default)"&gt;$result&lt;/span&gt;&lt;span style="color: var(--highlight-keyword)"&gt;;&lt;/span&gt;&lt;/code&gt;&lt;/li&gt;&lt;/ol&gt;    &lt;/div&gt;            &lt;/div&gt;
                        &lt;div class="trace-line "&gt;
                &lt;div class="trace-line-header break-long-words sf-toggle" data-toggle-selector="#trace-html-3-20" data-toggle-initial=""&gt;
            &lt;span class="icon icon-close"&gt;&lt;svg width="1792" height="1792" viewBox="0 0 1792 1792" xmlns="http://www.w3.org/2000/svg"&gt;&lt;path d="M1408 960V832q0-26-19-45t-45-19H448q-26 0-45 19t-19 45v128q0 26 19 45t45 19h896q26 0 45-19t19-45zm256-544v960q0 119-84.5 203.5T1376 1664H416q-119 0-203.5-84.5T128 1376V416q0-119 84.5-203.5T416 128h960q119 0 203.5 84.5T1664 416z"/&gt;&lt;/svg&gt;&lt;/span&gt;
        &lt;span class="icon icon-open"&gt;&lt;svg width="1792" height="1792" viewBox="0 0 1792 1792" xmlns="http://www.w3.org/2000/svg"&gt;&lt;path d="M1408 960V832q0-26-19-45t-45-19h-320V448q0-26-19-45t-45-19H832q-26 0-45 19t-19 45v320H448q-26 0-45 19t-19 45v128q0 26 19 45t45 19h320v320q0 26 19 45t45 19h128q26 0 45-19t19-45v-320h320q26 0 45-19t19-45zm256-544v960q0 119-84.5 203.5T1376 1664H416q-119 0-203.5-84.5T128 1376V416q0-119 84.5-203.5T416 128h960q119 0 203.5 84.5T1664 416z"/&gt;&lt;/svg&gt;&lt;/span&gt;
    
            &lt;span class="trace-class"&gt;&lt;abbr title="PHPUnit\Framework\TestCase"&gt;TestCase&lt;/abbr&gt;&lt;/span&gt;&lt;span class="trace-type"&gt;-&gt;&lt;/span&gt;&lt;span class="trace-method"&gt;run&lt;/span&gt;&lt;span class="trace-arguments"&gt;()&lt;/span&gt;    
                    &lt;span class="block trace-file-path"&gt;
            in
            &lt;a href=""&gt;
                C:\Users\eman\Documents\GitHub\car_dealer\vendor\phpunit\phpunit\src\Framework\&lt;strong&gt;TestSuite.php&lt;/strong&gt;
            &lt;/a&gt;
                        (line 678)
            &lt;span class="icon icon-copy hidden" data-clipboard-text="C:\Users\eman\Documents\GitHub\car_dealer\vendor\phpunit\phpunit\src\Framework\TestSuite.php:678"&gt;
                &lt;svg xmlns="http://www.w3.org/2000/svg" height="24" viewBox="0 0 24 24" width="24"&gt;&lt;path d="M0 0h24v24H0z" fill="none"/&gt;&lt;path d="M16 1H4c-1.1 0-2 .9-2 2v14h2V3h12V1zm3 4H8c-1.1 0-2 .9-2 2v14c0 1.1.9 2 2 2h11c1.1 0 2-.9 2-2V7c0-1.1-.9-2-2-2zm0 16H8V7h11v14z"/&gt;&lt;/svg&gt;            &lt;/span&gt;
        &lt;/span&gt;
    &lt;/div&gt;
    &lt;div id="trace-html-3-20" class="trace-code sf-toggle-content"&gt;
        &lt;ol start="673"&gt;&lt;li&gt;&lt;code&gt;&lt;span style="color: var(--highlight-keyword)"&gt;&amp;nbsp;&amp;nbsp;&amp;nbsp;&amp;nbsp;&amp;nbsp;&amp;nbsp;&amp;nbsp;&amp;nbsp;&amp;nbsp;&amp;nbsp;&amp;nbsp;&amp;nbsp;&amp;nbsp;&amp;nbsp;&amp;nbsp;&amp;nbsp;&lt;/span&gt;&lt;span style="color: var(--highlight-default)"&gt;$test&lt;/span&gt;&lt;span style="color: var(--highlight-keyword)"&gt;-&amp;gt;&lt;/span&gt;&lt;span style="color: var(--highlight-default)"&gt;setBackupGlobals&lt;/span&gt;&lt;span style="color: var(--highlight-keyword)"&gt;(&lt;/span&gt;&lt;span style="color: var(--highlight-default)"&gt;$this&lt;/span&gt;&lt;span style="color: var(--highlight-keyword)"&gt;-&amp;gt;&lt;/span&gt;&lt;span style="color: var(--highlight-default)"&gt;backupGlobals&lt;/span&gt;&lt;span style="color: var(--highlight-keyword)"&gt;);&lt;/span&gt;&lt;/code&gt;&lt;/li&gt;
&lt;li&gt;&lt;code&gt;&lt;span style="color: var(--highlight-keyword)"&gt;&amp;nbsp;&amp;nbsp;&amp;nbsp;&amp;nbsp;&amp;nbsp;&amp;nbsp;&amp;nbsp;&amp;nbsp;&amp;nbsp;&amp;nbsp;&amp;nbsp;&amp;nbsp;&amp;nbsp;&amp;nbsp;&amp;nbsp;&amp;nbsp;&lt;/span&gt;&lt;span style="color: var(--highlight-default)"&gt;$test&lt;/span&gt;&lt;span style="color: var(--highlight-keyword)"&gt;-&amp;gt;&lt;/span&gt;&lt;span style="color: var(--highlight-default)"&gt;setBackupStaticAttributes&lt;/span&gt;&lt;span style="color: var(--highlight-keyword)"&gt;(&lt;/span&gt;&lt;span style="color: var(--highlight-default)"&gt;$this&lt;/span&gt;&lt;span style="color: var(--highlight-keyword)"&gt;-&amp;gt;&lt;/span&gt;&lt;span style="color: var(--highlight-default)"&gt;backupStaticAttributes&lt;/span&gt;&lt;span style="color: var(--highlight-keyword)"&gt;);&lt;/span&gt;&lt;/code&gt;&lt;/li&gt;
&lt;li&gt;&lt;code&gt;&lt;span style="color: var(--highlight-keyword)"&gt;&amp;nbsp;&amp;nbsp;&amp;nbsp;&amp;nbsp;&amp;nbsp;&amp;nbsp;&amp;nbsp;&amp;nbsp;&amp;nbsp;&amp;nbsp;&amp;nbsp;&amp;nbsp;&amp;nbsp;&amp;nbsp;&amp;nbsp;&amp;nbsp;&lt;/span&gt;&lt;span style="color: var(--highlight-default)"&gt;$test&lt;/span&gt;&lt;span style="color: var(--highlight-keyword)"&gt;-&amp;gt;&lt;/span&gt;&lt;span style="color: var(--highlight-default)"&gt;setRunTestInSeparateProcess&lt;/span&gt;&lt;span style="color: var(--highlight-keyword)"&gt;(&lt;/span&gt;&lt;span style="color: var(--highlight-default)"&gt;$this&lt;/span&gt;&lt;span style="color: var(--highlight-keyword)"&gt;-&amp;gt;&lt;/span&gt;&lt;span style="color: var(--highlight-default)"&gt;runTestInSeparateProcess&lt;/span&gt;&lt;span style="color: var(--highlight-keyword)"&gt;);&lt;/span&gt;&lt;/code&gt;&lt;/li&gt;
&lt;li&gt;&lt;code&gt;&lt;span style="color: var(--highlight-keyword)"&gt;&amp;nbsp;&amp;nbsp;&amp;nbsp;&amp;nbsp;&amp;nbsp;&amp;nbsp;&amp;nbsp;&amp;nbsp;&amp;nbsp;&amp;nbsp;&amp;nbsp;&amp;nbsp;}&lt;/span&gt;&lt;/code&gt;&lt;/li&gt;
&lt;li&gt;&lt;code&gt;&lt;span style="color: var(--highlight-keyword)"&gt;&lt;/span&gt;&lt;/code&gt;&lt;/li&gt;
&lt;li class="selected"&gt;&lt;code&gt;&lt;span style="color: var(--highlight-keyword)"&gt;&amp;nbsp;&amp;nbsp;&amp;nbsp;&amp;nbsp;&amp;nbsp;&amp;nbsp;&amp;nbsp;&amp;nbsp;&amp;nbsp;&amp;nbsp;&amp;nbsp;&amp;nbsp;&lt;/span&gt;&lt;span style="color: var(--highlight-default)"&gt;$test&lt;/span&gt;&lt;span style="color: var(--highlight-keyword)"&gt;-&amp;gt;&lt;/span&gt;&lt;span style="color: var(--highlight-default)"&gt;run&lt;/span&gt;&lt;span style="color: var(--highlight-keyword)"&gt;(&lt;/span&gt;&lt;span style="color: var(--highlight-default)"&gt;$result&lt;/span&gt;&lt;span style="color: var(--highlight-keyword)"&gt;);&lt;/span&gt;&lt;/code&gt;&lt;/li&gt;
&lt;li&gt;&lt;code&gt;&lt;span style="color: var(--highlight-keyword)"&gt;&amp;nbsp;&amp;nbsp;&amp;nbsp;&amp;nbsp;&amp;nbsp;&amp;nbsp;&amp;nbsp;&amp;nbsp;}&lt;/span&gt;&lt;/code&gt;&lt;/li&gt;
&lt;li&gt;&lt;code&gt;&lt;span style="color: var(--highlight-keyword)"&gt;&lt;/span&gt;&lt;/code&gt;&lt;/li&gt;
&lt;li&gt;&lt;code&gt;&lt;span style="color: var(--highlight-keyword)"&gt;&amp;nbsp;&amp;nbsp;&amp;nbsp;&amp;nbsp;&amp;nbsp;&amp;nbsp;&amp;nbsp;&amp;nbsp;if&amp;nbsp;(&lt;/span&gt;&lt;span style="color: var(--highlight-default)"&gt;$this&lt;/span&gt;&lt;span style="color: var(--highlight-keyword)"&gt;-&amp;gt;&lt;/span&gt;&lt;span style="color: var(--highlight-default)"&gt;testCase&amp;nbsp;&lt;/span&gt;&lt;span style="color: var(--highlight-keyword)"&gt;&amp;amp;&amp;amp;&amp;nbsp;&lt;/span&gt;&lt;span style="color: var(--highlight-default)"&gt;class_exists&lt;/span&gt;&lt;span style="color: var(--highlight-keyword)"&gt;(&lt;/span&gt;&lt;span style="color: var(--highlight-default)"&gt;$this&lt;/span&gt;&lt;span style="color: var(--highlight-keyword)"&gt;-&amp;gt;&lt;/span&gt;&lt;span style="color: var(--highlight-default)"&gt;name&lt;/span&gt;&lt;span style="color: var(--highlight-keyword)"&gt;,&amp;nbsp;&lt;/span&gt;&lt;span style="color: var(--highlight-default)"&gt;false&lt;/span&gt;&lt;span style="color: var(--highlight-keyword)"&gt;))&amp;nbsp;{&lt;/span&gt;&lt;/code&gt;&lt;/li&gt;
&lt;li&gt;&lt;code&gt;&lt;span style="color: var(--highlight-keyword)"&gt;&amp;nbsp;&amp;nbsp;&amp;nbsp;&amp;nbsp;&amp;nbsp;&amp;nbsp;&amp;nbsp;&amp;nbsp;&amp;nbsp;&amp;nbsp;&amp;nbsp;&amp;nbsp;foreach&amp;nbsp;(&lt;/span&gt;&lt;span style="color: var(--highlight-default)"&gt;$hookMethods&lt;/span&gt;&lt;span style="color: var(--highlight-keyword)"&gt;[&lt;/span&gt;&lt;span style="color: var(--highlight-string)"&gt;'afterClass'&lt;/span&gt;&lt;span style="color: var(--highlight-keyword)"&gt;]&amp;nbsp;as&amp;nbsp;&lt;/span&gt;&lt;span style="color: var(--highlight-default)"&gt;$afterClassMethod&lt;/span&gt;&lt;span style="color: var(--highlight-keyword)"&gt;)&amp;nbsp;{&lt;/span&gt;&lt;/code&gt;&lt;/li&gt;
&lt;li&gt;&lt;code&gt;&lt;span style="color: var(--highlight-keyword)"&gt;&amp;nbsp;&amp;nbsp;&amp;nbsp;&amp;nbsp;&amp;nbsp;&amp;nbsp;&amp;nbsp;&amp;nbsp;&amp;nbsp;&amp;nbsp;&amp;nbsp;&amp;nbsp;&amp;nbsp;&amp;nbsp;&amp;nbsp;&amp;nbsp;if&amp;nbsp;(&lt;/span&gt;&lt;span style="color: var(--highlight-default)"&gt;method_exists&lt;/span&gt;&lt;span style="color: var(--highlight-keyword)"&gt;(&lt;/span&gt;&lt;span style="color: var(--highlight-default)"&gt;$this&lt;/span&gt;&lt;span style="color: var(--highlight-keyword)"&gt;-&amp;gt;&lt;/span&gt;&lt;span style="color: var(--highlight-default)"&gt;name&lt;/span&gt;&lt;span style="color: var(--highlight-keyword)"&gt;,&amp;nbsp;&lt;/span&gt;&lt;span style="color: var(--highlight-default)"&gt;$afterClassMethod&lt;/span&gt;&lt;span style="color: var(--highlight-keyword)"&gt;))&amp;nbsp;{&lt;/span&gt;&lt;/code&gt;&lt;/li&gt;&lt;/ol&gt;    &lt;/div&gt;            &lt;/div&gt;
                        &lt;div class="trace-line "&gt;
                &lt;div class="trace-line-header break-long-words sf-toggle" data-toggle-selector="#trace-html-3-21" data-toggle-initial=""&gt;
            &lt;span class="icon icon-close"&gt;&lt;svg width="1792" height="1792" viewBox="0 0 1792 1792" xmlns="http://www.w3.org/2000/svg"&gt;&lt;path d="M1408 960V832q0-26-19-45t-45-19H448q-26 0-45 19t-19 45v128q0 26 19 45t45 19h896q26 0 45-19t19-45zm256-544v960q0 119-84.5 203.5T1376 1664H416q-119 0-203.5-84.5T128 1376V416q0-119 84.5-203.5T416 128h960q119 0 203.5 84.5T1664 416z"/&gt;&lt;/svg&gt;&lt;/span&gt;
        &lt;span class="icon icon-open"&gt;&lt;svg width="1792" height="1792" viewBox="0 0 1792 1792" xmlns="http://www.w3.org/2000/svg"&gt;&lt;path d="M1408 960V832q0-26-19-45t-45-19h-320V448q0-26-19-45t-45-19H832q-26 0-45 19t-19 45v320H448q-26 0-45 19t-19 45v128q0 26 19 45t45 19h320v320q0 26 19 45t45 19h128q26 0 45-19t19-45v-320h320q26 0 45-19t19-45zm256-544v960q0 119-84.5 203.5T1376 1664H416q-119 0-203.5-84.5T128 1376V416q0-119 84.5-203.5T416 128h960q119 0 203.5 84.5T1664 416z"/&gt;&lt;/svg&gt;&lt;/span&gt;
    
            &lt;span class="trace-class"&gt;&lt;abbr title="PHPUnit\Framework\TestSuite"&gt;TestSuite&lt;/abbr&gt;&lt;/span&gt;&lt;span class="trace-type"&gt;-&gt;&lt;/span&gt;&lt;span class="trace-method"&gt;run&lt;/span&gt;&lt;span class="trace-arguments"&gt;()&lt;/span&gt;    
                    &lt;span class="block trace-file-path"&gt;
            in
            &lt;a href=""&gt;
                C:\Users\eman\Documents\GitHub\car_dealer\vendor\phpunit\phpunit\src\Framework\&lt;strong&gt;TestSuite.php&lt;/strong&gt;
            &lt;/a&gt;
                        (line 678)
            &lt;span class="icon icon-copy hidden" data-clipboard-text="C:\Users\eman\Documents\GitHub\car_dealer\vendor\phpunit\phpunit\src\Framework\TestSuite.php:678"&gt;
                &lt;svg xmlns="http://www.w3.org/2000/svg" height="24" viewBox="0 0 24 24" width="24"&gt;&lt;path d="M0 0h24v24H0z" fill="none"/&gt;&lt;path d="M16 1H4c-1.1 0-2 .9-2 2v14h2V3h12V1zm3 4H8c-1.1 0-2 .9-2 2v14c0 1.1.9 2 2 2h11c1.1 0 2-.9 2-2V7c0-1.1-.9-2-2-2zm0 16H8V7h11v14z"/&gt;&lt;/svg&gt;            &lt;/span&gt;
        &lt;/span&gt;
    &lt;/div&gt;
    &lt;div id="trace-html-3-21" class="trace-code sf-toggle-content"&gt;
        &lt;ol start="673"&gt;&lt;li&gt;&lt;code&gt;&lt;span style="color: var(--highlight-keyword)"&gt;&amp;nbsp;&amp;nbsp;&amp;nbsp;&amp;nbsp;&amp;nbsp;&amp;nbsp;&amp;nbsp;&amp;nbsp;&amp;nbsp;&amp;nbsp;&amp;nbsp;&amp;nbsp;&amp;nbsp;&amp;nbsp;&amp;nbsp;&amp;nbsp;&lt;/span&gt;&lt;span style="color: var(--highlight-default)"&gt;$test&lt;/span&gt;&lt;span style="color: var(--highlight-keyword)"&gt;-&amp;gt;&lt;/span&gt;&lt;span style="color: var(--highlight-default)"&gt;setBackupGlobals&lt;/span&gt;&lt;span style="color: var(--highlight-keyword)"&gt;(&lt;/span&gt;&lt;span style="color: var(--highlight-default)"&gt;$this&lt;/span&gt;&lt;span style="color: var(--highlight-keyword)"&gt;-&amp;gt;&lt;/span&gt;&lt;span style="color: var(--highlight-default)"&gt;backupGlobals&lt;/span&gt;&lt;span style="color: var(--highlight-keyword)"&gt;);&lt;/span&gt;&lt;/code&gt;&lt;/li&gt;
&lt;li&gt;&lt;code&gt;&lt;span style="color: var(--highlight-keyword)"&gt;&amp;nbsp;&amp;nbsp;&amp;nbsp;&amp;nbsp;&amp;nbsp;&amp;nbsp;&amp;nbsp;&amp;nbsp;&amp;nbsp;&amp;nbsp;&amp;nbsp;&amp;nbsp;&amp;nbsp;&amp;nbsp;&amp;nbsp;&amp;nbsp;&lt;/span&gt;&lt;span style="color: var(--highlight-default)"&gt;$test&lt;/span&gt;&lt;span style="color: var(--highlight-keyword)"&gt;-&amp;gt;&lt;/span&gt;&lt;span style="color: var(--highlight-default)"&gt;setBackupStaticAttributes&lt;/span&gt;&lt;span style="color: var(--highlight-keyword)"&gt;(&lt;/span&gt;&lt;span style="color: var(--highlight-default)"&gt;$this&lt;/span&gt;&lt;span style="color: var(--highlight-keyword)"&gt;-&amp;gt;&lt;/span&gt;&lt;span style="color: var(--highlight-default)"&gt;backupStaticAttributes&lt;/span&gt;&lt;span style="color: var(--highlight-keyword)"&gt;);&lt;/span&gt;&lt;/code&gt;&lt;/li&gt;
&lt;li&gt;&lt;code&gt;&lt;span style="color: var(--highlight-keyword)"&gt;&amp;nbsp;&amp;nbsp;&amp;nbsp;&amp;nbsp;&amp;nbsp;&amp;nbsp;&amp;nbsp;&amp;nbsp;&amp;nbsp;&amp;nbsp;&amp;nbsp;&amp;nbsp;&amp;nbsp;&amp;nbsp;&amp;nbsp;&amp;nbsp;&lt;/span&gt;&lt;span style="color: var(--highlight-default)"&gt;$test&lt;/span&gt;&lt;span style="color: var(--highlight-keyword)"&gt;-&amp;gt;&lt;/span&gt;&lt;span style="color: var(--highlight-default)"&gt;setRunTestInSeparateProcess&lt;/span&gt;&lt;span style="color: var(--highlight-keyword)"&gt;(&lt;/span&gt;&lt;span style="color: var(--highlight-default)"&gt;$this&lt;/span&gt;&lt;span style="color: var(--highlight-keyword)"&gt;-&amp;gt;&lt;/span&gt;&lt;span style="color: var(--highlight-default)"&gt;runTestInSeparateProcess&lt;/span&gt;&lt;span style="color: var(--highlight-keyword)"&gt;);&lt;/span&gt;&lt;/code&gt;&lt;/li&gt;
&lt;li&gt;&lt;code&gt;&lt;span style="color: var(--highlight-keyword)"&gt;&amp;nbsp;&amp;nbsp;&amp;nbsp;&amp;nbsp;&amp;nbsp;&amp;nbsp;&amp;nbsp;&amp;nbsp;&amp;nbsp;&amp;nbsp;&amp;nbsp;&amp;nbsp;}&lt;/span&gt;&lt;/code&gt;&lt;/li&gt;
&lt;li&gt;&lt;code&gt;&lt;span style="color: var(--highlight-keyword)"&gt;&lt;/span&gt;&lt;/code&gt;&lt;/li&gt;
&lt;li class="selected"&gt;&lt;code&gt;&lt;span style="color: var(--highlight-keyword)"&gt;&amp;nbsp;&amp;nbsp;&amp;nbsp;&amp;nbsp;&amp;nbsp;&amp;nbsp;&amp;nbsp;&amp;nbsp;&amp;nbsp;&amp;nbsp;&amp;nbsp;&amp;nbsp;&lt;/span&gt;&lt;span style="color: var(--highlight-default)"&gt;$test&lt;/span&gt;&lt;span style="color: var(--highlight-keyword)"&gt;-&amp;gt;&lt;/span&gt;&lt;span style="color: var(--highlight-default)"&gt;run&lt;/span&gt;&lt;span style="color: var(--highlight-keyword)"&gt;(&lt;/span&gt;&lt;span style="color: var(--highlight-default)"&gt;$result&lt;/span&gt;&lt;span style="color: var(--highlight-keyword)"&gt;);&lt;/span&gt;&lt;/code&gt;&lt;/li&gt;
&lt;li&gt;&lt;code&gt;&lt;span style="color: var(--highlight-keyword)"&gt;&amp;nbsp;&amp;nbsp;&amp;nbsp;&amp;nbsp;&amp;nbsp;&amp;nbsp;&amp;nbsp;&amp;nbsp;}&lt;/span&gt;&lt;/code&gt;&lt;/li&gt;
&lt;li&gt;&lt;code&gt;&lt;span style="color: var(--highlight-keyword)"&gt;&lt;/span&gt;&lt;/code&gt;&lt;/li&gt;
&lt;li&gt;&lt;code&gt;&lt;span style="color: var(--highlight-keyword)"&gt;&amp;nbsp;&amp;nbsp;&amp;nbsp;&amp;nbsp;&amp;nbsp;&amp;nbsp;&amp;nbsp;&amp;nbsp;if&amp;nbsp;(&lt;/span&gt;&lt;span style="color: var(--highlight-default)"&gt;$this&lt;/span&gt;&lt;span style="color: var(--highlight-keyword)"&gt;-&amp;gt;&lt;/span&gt;&lt;span style="color: var(--highlight-default)"&gt;testCase&amp;nbsp;&lt;/span&gt;&lt;span style="color: var(--highlight-keyword)"&gt;&amp;amp;&amp;amp;&amp;nbsp;&lt;/span&gt;&lt;span style="color: var(--highlight-default)"&gt;class_exists&lt;/span&gt;&lt;span style="color: var(--highlight-keyword)"&gt;(&lt;/span&gt;&lt;span style="color: var(--highlight-default)"&gt;$this&lt;/span&gt;&lt;span style="color: var(--highlight-keyword)"&gt;-&amp;gt;&lt;/span&gt;&lt;span style="color: var(--highlight-default)"&gt;name&lt;/span&gt;&lt;span style="color: var(--highlight-keyword)"&gt;,&amp;nbsp;&lt;/span&gt;&lt;span style="color: var(--highlight-default)"&gt;false&lt;/span&gt;&lt;span style="color: var(--highlight-keyword)"&gt;))&amp;nbsp;{&lt;/span&gt;&lt;/code&gt;&lt;/li&gt;
&lt;li&gt;&lt;code&gt;&lt;span style="color: var(--highlight-keyword)"&gt;&amp;nbsp;&amp;nbsp;&amp;nbsp;&amp;nbsp;&amp;nbsp;&amp;nbsp;&amp;nbsp;&amp;nbsp;&amp;nbsp;&amp;nbsp;&amp;nbsp;&amp;nbsp;foreach&amp;nbsp;(&lt;/span&gt;&lt;span style="color: var(--highlight-default)"&gt;$hookMethods&lt;/span&gt;&lt;span style="color: var(--highlight-keyword)"&gt;[&lt;/span&gt;&lt;span style="color: var(--highlight-string)"&gt;'afterClass'&lt;/span&gt;&lt;span style="color: var(--highlight-keyword)"&gt;]&amp;nbsp;as&amp;nbsp;&lt;/span&gt;&lt;span style="color: var(--highlight-default)"&gt;$afterClassMethod&lt;/span&gt;&lt;span style="color: var(--highlight-keyword)"&gt;)&amp;nbsp;{&lt;/span&gt;&lt;/code&gt;&lt;/li&gt;
&lt;li&gt;&lt;code&gt;&lt;span style="color: var(--highlight-keyword)"&gt;&amp;nbsp;&amp;nbsp;&amp;nbsp;&amp;nbsp;&amp;nbsp;&amp;nbsp;&amp;nbsp;&amp;nbsp;&amp;nbsp;&amp;nbsp;&amp;nbsp;&amp;nbsp;&amp;nbsp;&amp;nbsp;&amp;nbsp;&amp;nbsp;if&amp;nbsp;(&lt;/span&gt;&lt;span style="color: var(--highlight-default)"&gt;method_exists&lt;/span&gt;&lt;span style="color: var(--highlight-keyword)"&gt;(&lt;/span&gt;&lt;span style="color: var(--highlight-default)"&gt;$this&lt;/span&gt;&lt;span style="color: var(--highlight-keyword)"&gt;-&amp;gt;&lt;/span&gt;&lt;span style="color: var(--highlight-default)"&gt;name&lt;/span&gt;&lt;span style="color: var(--highlight-keyword)"&gt;,&amp;nbsp;&lt;/span&gt;&lt;span style="color: var(--highlight-default)"&gt;$afterClassMethod&lt;/span&gt;&lt;span style="color: var(--highlight-keyword)"&gt;))&amp;nbsp;{&lt;/span&gt;&lt;/code&gt;&lt;/li&gt;&lt;/ol&gt;    &lt;/div&gt;            &lt;/div&gt;
                        &lt;div class="trace-line "&gt;
                &lt;div class="trace-line-header break-long-words sf-toggle" data-toggle-selector="#trace-html-3-22" data-toggle-initial=""&gt;
            &lt;span class="icon icon-close"&gt;&lt;svg width="1792" height="1792" viewBox="0 0 1792 1792" xmlns="http://www.w3.org/2000/svg"&gt;&lt;path d="M1408 960V832q0-26-19-45t-45-19H448q-26 0-45 19t-19 45v128q0 26 19 45t45 19h896q26 0 45-19t19-45zm256-544v960q0 119-84.5 203.5T1376 1664H416q-119 0-203.5-84.5T128 1376V416q0-119 84.5-203.5T416 128h960q119 0 203.5 84.5T1664 416z"/&gt;&lt;/svg&gt;&lt;/span&gt;
        &lt;span class="icon icon-open"&gt;&lt;svg width="1792" height="1792" viewBox="0 0 1792 1792" xmlns="http://www.w3.org/2000/svg"&gt;&lt;path d="M1408 960V832q0-26-19-45t-45-19h-320V448q0-26-19-45t-45-19H832q-26 0-45 19t-19 45v320H448q-26 0-45 19t-19 45v128q0 26 19 45t45 19h320v320q0 26 19 45t45 19h128q26 0 45-19t19-45v-320h320q26 0 45-19t19-45zm256-544v960q0 119-84.5 203.5T1376 1664H416q-119 0-203.5-84.5T128 1376V416q0-119 84.5-203.5T416 128h960q119 0 203.5 84.5T1664 416z"/&gt;&lt;/svg&gt;&lt;/span&gt;
    
            &lt;span class="trace-class"&gt;&lt;abbr title="PHPUnit\Framework\TestSuite"&gt;TestSuite&lt;/abbr&gt;&lt;/span&gt;&lt;span class="trace-type"&gt;-&gt;&lt;/span&gt;&lt;span class="trace-method"&gt;run&lt;/span&gt;&lt;span class="trace-arguments"&gt;()&lt;/span&gt;    
                    &lt;span class="block trace-file-path"&gt;
            in
            &lt;a href=""&gt;
                C:\Users\eman\Documents\GitHub\car_dealer\vendor\phpunit\phpunit\src\Framework\&lt;strong&gt;TestSuite.php&lt;/strong&gt;
            &lt;/a&gt;
                        (line 678)
            &lt;span class="icon icon-copy hidden" data-clipboard-text="C:\Users\eman\Documents\GitHub\car_dealer\vendor\phpunit\phpunit\src\Framework\TestSuite.php:678"&gt;
                &lt;svg xmlns="http://www.w3.org/2000/svg" height="24" viewBox="0 0 24 24" width="24"&gt;&lt;path d="M0 0h24v24H0z" fill="none"/&gt;&lt;path d="M16 1H4c-1.1 0-2 .9-2 2v14h2V3h12V1zm3 4H8c-1.1 0-2 .9-2 2v14c0 1.1.9 2 2 2h11c1.1 0 2-.9 2-2V7c0-1.1-.9-2-2-2zm0 16H8V7h11v14z"/&gt;&lt;/svg&gt;            &lt;/span&gt;
        &lt;/span&gt;
    &lt;/div&gt;
    &lt;div id="trace-html-3-22" class="trace-code sf-toggle-content"&gt;
        &lt;ol start="673"&gt;&lt;li&gt;&lt;code&gt;&lt;span style="color: var(--highlight-keyword)"&gt;&amp;nbsp;&amp;nbsp;&amp;nbsp;&amp;nbsp;&amp;nbsp;&amp;nbsp;&amp;nbsp;&amp;nbsp;&amp;nbsp;&amp;nbsp;&amp;nbsp;&amp;nbsp;&amp;nbsp;&amp;nbsp;&amp;nbsp;&amp;nbsp;&lt;/span&gt;&lt;span style="color: var(--highlight-default)"&gt;$test&lt;/span&gt;&lt;span style="color: var(--highlight-keyword)"&gt;-&amp;gt;&lt;/span&gt;&lt;span style="color: var(--highlight-default)"&gt;setBackupGlobals&lt;/span&gt;&lt;span style="color: var(--highlight-keyword)"&gt;(&lt;/span&gt;&lt;span style="color: var(--highlight-default)"&gt;$this&lt;/span&gt;&lt;span style="color: var(--highlight-keyword)"&gt;-&amp;gt;&lt;/span&gt;&lt;span style="color: var(--highlight-default)"&gt;backupGlobals&lt;/span&gt;&lt;span style="color: var(--highlight-keyword)"&gt;);&lt;/span&gt;&lt;/code&gt;&lt;/li&gt;
&lt;li&gt;&lt;code&gt;&lt;span style="color: var(--highlight-keyword)"&gt;&amp;nbsp;&amp;nbsp;&amp;nbsp;&amp;nbsp;&amp;nbsp;&amp;nbsp;&amp;nbsp;&amp;nbsp;&amp;nbsp;&amp;nbsp;&amp;nbsp;&amp;nbsp;&amp;nbsp;&amp;nbsp;&amp;nbsp;&amp;nbsp;&lt;/span&gt;&lt;span style="color: var(--highlight-default)"&gt;$test&lt;/span&gt;&lt;span style="color: var(--highlight-keyword)"&gt;-&amp;gt;&lt;/span&gt;&lt;span style="color: var(--highlight-default)"&gt;setBackupStaticAttributes&lt;/span&gt;&lt;span style="color: var(--highlight-keyword)"&gt;(&lt;/span&gt;&lt;span style="color: var(--highlight-default)"&gt;$this&lt;/span&gt;&lt;span style="color: var(--highlight-keyword)"&gt;-&amp;gt;&lt;/span&gt;&lt;span style="color: var(--highlight-default)"&gt;backupStaticAttributes&lt;/span&gt;&lt;span style="color: var(--highlight-keyword)"&gt;);&lt;/span&gt;&lt;/code&gt;&lt;/li&gt;
&lt;li&gt;&lt;code&gt;&lt;span style="color: var(--highlight-keyword)"&gt;&amp;nbsp;&amp;nbsp;&amp;nbsp;&amp;nbsp;&amp;nbsp;&amp;nbsp;&amp;nbsp;&amp;nbsp;&amp;nbsp;&amp;nbsp;&amp;nbsp;&amp;nbsp;&amp;nbsp;&amp;nbsp;&amp;nbsp;&amp;nbsp;&lt;/span&gt;&lt;span style="color: var(--highlight-default)"&gt;$test&lt;/span&gt;&lt;span style="color: var(--highlight-keyword)"&gt;-&amp;gt;&lt;/span&gt;&lt;span style="color: var(--highlight-default)"&gt;setRunTestInSeparateProcess&lt;/span&gt;&lt;span style="color: var(--highlight-keyword)"&gt;(&lt;/span&gt;&lt;span style="color: var(--highlight-default)"&gt;$this&lt;/span&gt;&lt;span style="color: var(--highlight-keyword)"&gt;-&amp;gt;&lt;/span&gt;&lt;span style="color: var(--highlight-default)"&gt;runTestInSeparateProcess&lt;/span&gt;&lt;span style="color: var(--highlight-keyword)"&gt;);&lt;/span&gt;&lt;/code&gt;&lt;/li&gt;
&lt;li&gt;&lt;code&gt;&lt;span style="color: var(--highlight-keyword)"&gt;&amp;nbsp;&amp;nbsp;&amp;nbsp;&amp;nbsp;&amp;nbsp;&amp;nbsp;&amp;nbsp;&amp;nbsp;&amp;nbsp;&amp;nbsp;&amp;nbsp;&amp;nbsp;}&lt;/span&gt;&lt;/code&gt;&lt;/li&gt;
&lt;li&gt;&lt;code&gt;&lt;span style="color: var(--highlight-keyword)"&gt;&lt;/span&gt;&lt;/code&gt;&lt;/li&gt;
&lt;li class="selected"&gt;&lt;code&gt;&lt;span style="color: var(--highlight-keyword)"&gt;&amp;nbsp;&amp;nbsp;&amp;nbsp;&amp;nbsp;&amp;nbsp;&amp;nbsp;&amp;nbsp;&amp;nbsp;&amp;nbsp;&amp;nbsp;&amp;nbsp;&amp;nbsp;&lt;/span&gt;&lt;span style="color: var(--highlight-default)"&gt;$test&lt;/span&gt;&lt;span style="color: var(--highlight-keyword)"&gt;-&amp;gt;&lt;/span&gt;&lt;span style="color: var(--highlight-default)"&gt;run&lt;/span&gt;&lt;span style="color: var(--highlight-keyword)"&gt;(&lt;/span&gt;&lt;span style="color: var(--highlight-default)"&gt;$result&lt;/span&gt;&lt;span style="color: var(--highlight-keyword)"&gt;);&lt;/span&gt;&lt;/code&gt;&lt;/li&gt;
&lt;li&gt;&lt;code&gt;&lt;span style="color: var(--highlight-keyword)"&gt;&amp;nbsp;&amp;nbsp;&amp;nbsp;&amp;nbsp;&amp;nbsp;&amp;nbsp;&amp;nbsp;&amp;nbsp;}&lt;/span&gt;&lt;/code&gt;&lt;/li&gt;
&lt;li&gt;&lt;code&gt;&lt;span style="color: var(--highlight-keyword)"&gt;&lt;/span&gt;&lt;/code&gt;&lt;/li&gt;
&lt;li&gt;&lt;code&gt;&lt;span style="color: var(--highlight-keyword)"&gt;&amp;nbsp;&amp;nbsp;&amp;nbsp;&amp;nbsp;&amp;nbsp;&amp;nbsp;&amp;nbsp;&amp;nbsp;if&amp;nbsp;(&lt;/span&gt;&lt;span style="color: var(--highlight-default)"&gt;$this&lt;/span&gt;&lt;span style="color: var(--highlight-keyword)"&gt;-&amp;gt;&lt;/span&gt;&lt;span style="color: var(--highlight-default)"&gt;testCase&amp;nbsp;&lt;/span&gt;&lt;span style="color: var(--highlight-keyword)"&gt;&amp;amp;&amp;amp;&amp;nbsp;&lt;/span&gt;&lt;span style="color: var(--highlight-default)"&gt;class_exists&lt;/span&gt;&lt;span style="color: var(--highlight-keyword)"&gt;(&lt;/span&gt;&lt;span style="color: var(--highlight-default)"&gt;$this&lt;/span&gt;&lt;span style="color: var(--highlight-keyword)"&gt;-&amp;gt;&lt;/span&gt;&lt;span style="color: var(--highlight-default)"&gt;name&lt;/span&gt;&lt;span style="color: var(--highlight-keyword)"&gt;,&amp;nbsp;&lt;/span&gt;&lt;span style="color: var(--highlight-default)"&gt;false&lt;/span&gt;&lt;span style="color: var(--highlight-keyword)"&gt;))&amp;nbsp;{&lt;/span&gt;&lt;/code&gt;&lt;/li&gt;
&lt;li&gt;&lt;code&gt;&lt;span style="color: var(--highlight-keyword)"&gt;&amp;nbsp;&amp;nbsp;&amp;nbsp;&amp;nbsp;&amp;nbsp;&amp;nbsp;&amp;nbsp;&amp;nbsp;&amp;nbsp;&amp;nbsp;&amp;nbsp;&amp;nbsp;foreach&amp;nbsp;(&lt;/span&gt;&lt;span style="color: var(--highlight-default)"&gt;$hookMethods&lt;/span&gt;&lt;span style="color: var(--highlight-keyword)"&gt;[&lt;/span&gt;&lt;span style="color: var(--highlight-string)"&gt;'afterClass'&lt;/span&gt;&lt;span style="color: var(--highlight-keyword)"&gt;]&amp;nbsp;as&amp;nbsp;&lt;/span&gt;&lt;span style="color: var(--highlight-default)"&gt;$afterClassMethod&lt;/span&gt;&lt;span style="color: var(--highlight-keyword)"&gt;)&amp;nbsp;{&lt;/span&gt;&lt;/code&gt;&lt;/li&gt;
&lt;li&gt;&lt;code&gt;&lt;span style="color: var(--highlight-keyword)"&gt;&amp;nbsp;&amp;nbsp;&amp;nbsp;&amp;nbsp;&amp;nbsp;&amp;nbsp;&amp;nbsp;&amp;nbsp;&amp;nbsp;&amp;nbsp;&amp;nbsp;&amp;nbsp;&amp;nbsp;&amp;nbsp;&amp;nbsp;&amp;nbsp;if&amp;nbsp;(&lt;/span&gt;&lt;span style="color: var(--highlight-default)"&gt;method_exists&lt;/span&gt;&lt;span style="color: var(--highlight-keyword)"&gt;(&lt;/span&gt;&lt;span style="color: var(--highlight-default)"&gt;$this&lt;/span&gt;&lt;span style="color: var(--highlight-keyword)"&gt;-&amp;gt;&lt;/span&gt;&lt;span style="color: var(--highlight-default)"&gt;name&lt;/span&gt;&lt;span style="color: var(--highlight-keyword)"&gt;,&amp;nbsp;&lt;/span&gt;&lt;span style="color: var(--highlight-default)"&gt;$afterClassMethod&lt;/span&gt;&lt;span style="color: var(--highlight-keyword)"&gt;))&amp;nbsp;{&lt;/span&gt;&lt;/code&gt;&lt;/li&gt;&lt;/ol&gt;    &lt;/div&gt;            &lt;/div&gt;
                        &lt;div class="trace-line "&gt;
                &lt;div class="trace-line-header break-long-words sf-toggle" data-toggle-selector="#trace-html-3-23" data-toggle-initial=""&gt;
            &lt;span class="icon icon-close"&gt;&lt;svg width="1792" height="1792" viewBox="0 0 1792 1792" xmlns="http://www.w3.org/2000/svg"&gt;&lt;path d="M1408 960V832q0-26-19-45t-45-19H448q-26 0-45 19t-19 45v128q0 26 19 45t45 19h896q26 0 45-19t19-45zm256-544v960q0 119-84.5 203.5T1376 1664H416q-119 0-203.5-84.5T128 1376V416q0-119 84.5-203.5T416 128h960q119 0 203.5 84.5T1664 416z"/&gt;&lt;/svg&gt;&lt;/span&gt;
        &lt;span class="icon icon-open"&gt;&lt;svg width="1792" height="1792" viewBox="0 0 1792 1792" xmlns="http://www.w3.org/2000/svg"&gt;&lt;path d="M1408 960V832q0-26-19-45t-45-19h-320V448q0-26-19-45t-45-19H832q-26 0-45 19t-19 45v320H448q-26 0-45 19t-19 45v128q0 26 19 45t45 19h320v320q0 26 19 45t45 19h128q26 0 45-19t19-45v-320h320q26 0 45-19t19-45zm256-544v960q0 119-84.5 203.5T1376 1664H416q-119 0-203.5-84.5T128 1376V416q0-119 84.5-203.5T416 128h960q119 0 203.5 84.5T1664 416z"/&gt;&lt;/svg&gt;&lt;/span&gt;
    
            &lt;span class="trace-class"&gt;&lt;abbr title="PHPUnit\Framework\TestSuite"&gt;TestSuite&lt;/abbr&gt;&lt;/span&gt;&lt;span class="trace-type"&gt;-&gt;&lt;/span&gt;&lt;span class="trace-method"&gt;run&lt;/span&gt;&lt;span class="trace-arguments"&gt;()&lt;/span&gt;    
                    &lt;span class="block trace-file-path"&gt;
            in
            &lt;a href=""&gt;
                C:\Users\eman\Documents\GitHub\car_dealer\vendor\phpunit\phpunit\src\TextUI\&lt;strong&gt;TestRunner.php&lt;/strong&gt;
            &lt;/a&gt;
                        (line 670)
            &lt;span class="icon icon-copy hidden" data-clipboard-text="C:\Users\eman\Documents\GitHub\car_dealer\vendor\phpunit\phpunit\src\TextUI\TestRunner.php:670"&gt;
                &lt;svg xmlns="http://www.w3.org/2000/svg" height="24" viewBox="0 0 24 24" width="24"&gt;&lt;path d="M0 0h24v24H0z" fill="none"/&gt;&lt;path d="M16 1H4c-1.1 0-2 .9-2 2v14h2V3h12V1zm3 4H8c-1.1 0-2 .9-2 2v14c0 1.1.9 2 2 2h11c1.1 0 2-.9 2-2V7c0-1.1-.9-2-2-2zm0 16H8V7h11v14z"/&gt;&lt;/svg&gt;            &lt;/span&gt;
        &lt;/span&gt;
    &lt;/div&gt;
    &lt;div id="trace-html-3-23" class="trace-code sf-toggle-content"&gt;
        &lt;ol start="665"&gt;&lt;li&gt;&lt;code&gt;&lt;span style="color: var(--highlight-keyword)"&gt;&lt;/span&gt;&lt;/code&gt;&lt;/li&gt;
&lt;li&gt;&lt;code&gt;&lt;span style="color: var(--highlight-keyword)"&gt;&amp;nbsp;&amp;nbsp;&amp;nbsp;&amp;nbsp;&amp;nbsp;&amp;nbsp;&amp;nbsp;&amp;nbsp;if&amp;nbsp;(&lt;/span&gt;&lt;span style="color: var(--highlight-default)"&gt;$testSuiteWarningsPrinted&lt;/span&gt;&lt;span style="color: var(--highlight-keyword)"&gt;)&amp;nbsp;{&lt;/span&gt;&lt;/code&gt;&lt;/li&gt;
&lt;li&gt;&lt;code&gt;&lt;span style="color: var(--highlight-keyword)"&gt;&amp;nbsp;&amp;nbsp;&amp;nbsp;&amp;nbsp;&amp;nbsp;&amp;nbsp;&amp;nbsp;&amp;nbsp;&amp;nbsp;&amp;nbsp;&amp;nbsp;&amp;nbsp;&lt;/span&gt;&lt;span style="color: var(--highlight-default)"&gt;$this&lt;/span&gt;&lt;span style="color: var(--highlight-keyword)"&gt;-&amp;gt;&lt;/span&gt;&lt;span style="color: var(--highlight-default)"&gt;write&lt;/span&gt;&lt;span style="color: var(--highlight-keyword)"&gt;(&lt;/span&gt;&lt;span style="color: var(--highlight-default)"&gt;PHP_EOL&lt;/span&gt;&lt;span style="color: var(--highlight-keyword)"&gt;);&lt;/span&gt;&lt;/code&gt;&lt;/li&gt;
&lt;li&gt;&lt;code&gt;&lt;span style="color: var(--highlight-keyword)"&gt;&amp;nbsp;&amp;nbsp;&amp;nbsp;&amp;nbsp;&amp;nbsp;&amp;nbsp;&amp;nbsp;&amp;nbsp;}&lt;/span&gt;&lt;/code&gt;&lt;/li&gt;
&lt;li&gt;&lt;code&gt;&lt;span style="color: var(--highlight-keyword)"&gt;&lt;/span&gt;&lt;/code&gt;&lt;/li&gt;
&lt;li class="selected"&gt;&lt;code&gt;&lt;span style="color: var(--highlight-keyword)"&gt;&amp;nbsp;&amp;nbsp;&amp;nbsp;&amp;nbsp;&amp;nbsp;&amp;nbsp;&amp;nbsp;&amp;nbsp;&lt;/span&gt;&lt;span style="color: var(--highlight-default)"&gt;$suite&lt;/span&gt;&lt;span style="color: var(--highlight-keyword)"&gt;-&amp;gt;&lt;/span&gt;&lt;span style="color: var(--highlight-default)"&gt;run&lt;/span&gt;&lt;span style="color: var(--highlight-keyword)"&gt;(&lt;/span&gt;&lt;span style="color: var(--highlight-default)"&gt;$result&lt;/span&gt;&lt;span style="color: var(--highlight-keyword)"&gt;);&lt;/span&gt;&lt;/code&gt;&lt;/li&gt;
&lt;li&gt;&lt;code&gt;&lt;span style="color: var(--highlight-keyword)"&gt;&lt;/span&gt;&lt;/code&gt;&lt;/li&gt;
&lt;li&gt;&lt;code&gt;&lt;span style="color: var(--highlight-keyword)"&gt;&amp;nbsp;&amp;nbsp;&amp;nbsp;&amp;nbsp;&amp;nbsp;&amp;nbsp;&amp;nbsp;&amp;nbsp;foreach&amp;nbsp;(&lt;/span&gt;&lt;span style="color: var(--highlight-default)"&gt;$this&lt;/span&gt;&lt;span style="color: var(--highlight-keyword)"&gt;-&amp;gt;&lt;/span&gt;&lt;span style="color: var(--highlight-default)"&gt;extensions&amp;nbsp;&lt;/span&gt;&lt;span style="color: var(--highlight-keyword)"&gt;as&amp;nbsp;&lt;/span&gt;&lt;span style="color: var(--highlight-default)"&gt;$extension&lt;/span&gt;&lt;span style="color: var(--highlight-keyword)"&gt;)&amp;nbsp;{&lt;/span&gt;&lt;/code&gt;&lt;/li&gt;
&lt;li&gt;&lt;code&gt;&lt;span style="color: var(--highlight-keyword)"&gt;&amp;nbsp;&amp;nbsp;&amp;nbsp;&amp;nbsp;&amp;nbsp;&amp;nbsp;&amp;nbsp;&amp;nbsp;&amp;nbsp;&amp;nbsp;&amp;nbsp;&amp;nbsp;if&amp;nbsp;(&lt;/span&gt;&lt;span style="color: var(--highlight-default)"&gt;$extension&amp;nbsp;&lt;/span&gt;&lt;span style="color: var(--highlight-keyword)"&gt;instanceof&amp;nbsp;&lt;/span&gt;&lt;span style="color: var(--highlight-default)"&gt;AfterLastTestHook&lt;/span&gt;&lt;span style="color: var(--highlight-keyword)"&gt;)&amp;nbsp;{&lt;/span&gt;&lt;/code&gt;&lt;/li&gt;
&lt;li&gt;&lt;code&gt;&lt;span style="color: var(--highlight-keyword)"&gt;&amp;nbsp;&amp;nbsp;&amp;nbsp;&amp;nbsp;&amp;nbsp;&amp;nbsp;&amp;nbsp;&amp;nbsp;&amp;nbsp;&amp;nbsp;&amp;nbsp;&amp;nbsp;&amp;nbsp;&amp;nbsp;&amp;nbsp;&amp;nbsp;&lt;/span&gt;&lt;span style="color: var(--highlight-default)"&gt;$extension&lt;/span&gt;&lt;span style="color: var(--highlight-keyword)"&gt;-&amp;gt;&lt;/span&gt;&lt;span style="color: var(--highlight-default)"&gt;executeAfterLastTest&lt;/span&gt;&lt;span style="color: var(--highlight-keyword)"&gt;();&lt;/span&gt;&lt;/code&gt;&lt;/li&gt;
&lt;li&gt;&lt;code&gt;&lt;span style="color: var(--highlight-keyword)"&gt;&amp;nbsp;&amp;nbsp;&amp;nbsp;&amp;nbsp;&amp;nbsp;&amp;nbsp;&amp;nbsp;&amp;nbsp;&amp;nbsp;&amp;nbsp;&amp;nbsp;&amp;nbsp;}&lt;/span&gt;&lt;/code&gt;&lt;/li&gt;&lt;/ol&gt;    &lt;/div&gt;            &lt;/div&gt;
                        &lt;div class="trace-line "&gt;
                &lt;div class="trace-line-header break-long-words sf-toggle" data-toggle-selector="#trace-html-3-24" data-toggle-initial=""&gt;
            &lt;span class="icon icon-close"&gt;&lt;svg width="1792" height="1792" viewBox="0 0 1792 1792" xmlns="http://www.w3.org/2000/svg"&gt;&lt;path d="M1408 960V832q0-26-19-45t-45-19H448q-26 0-45 19t-19 45v128q0 26 19 45t45 19h896q26 0 45-19t19-45zm256-544v960q0 119-84.5 203.5T1376 1664H416q-119 0-203.5-84.5T128 1376V416q0-119 84.5-203.5T416 128h960q119 0 203.5 84.5T1664 416z"/&gt;&lt;/svg&gt;&lt;/span&gt;
        &lt;span class="icon icon-open"&gt;&lt;svg width="1792" height="1792" viewBox="0 0 1792 1792" xmlns="http://www.w3.org/2000/svg"&gt;&lt;path d="M1408 960V832q0-26-19-45t-45-19h-320V448q0-26-19-45t-45-19H832q-26 0-45 19t-19 45v320H448q-26 0-45 19t-19 45v128q0 26 19 45t45 19h320v320q0 26 19 45t45 19h128q26 0 45-19t19-45v-320h320q26 0 45-19t19-45zm256-544v960q0 119-84.5 203.5T1376 1664H416q-119 0-203.5-84.5T128 1376V416q0-119 84.5-203.5T416 128h960q119 0 203.5 84.5T1664 416z"/&gt;&lt;/svg&gt;&lt;/span&gt;
    
            &lt;span class="trace-class"&gt;&lt;abbr title="PHPUnit\TextUI\TestRunner"&gt;TestRunner&lt;/abbr&gt;&lt;/span&gt;&lt;span class="trace-type"&gt;-&gt;&lt;/span&gt;&lt;span class="trace-method"&gt;run&lt;/span&gt;&lt;span class="trace-arguments"&gt;()&lt;/span&gt;    
                    &lt;span class="block trace-file-path"&gt;
            in
            &lt;a href=""&gt;
                C:\Users\eman\Documents\GitHub\car_dealer\vendor\phpunit\phpunit\src\TextUI\&lt;strong&gt;Command.php&lt;/strong&gt;
            &lt;/a&gt;
                        (line 143)
            &lt;span class="icon icon-copy hidden" data-clipboard-text="C:\Users\eman\Documents\GitHub\car_dealer\vendor\phpunit\phpunit\src\TextUI\Command.php:143"&gt;
                &lt;svg xmlns="http://www.w3.org/2000/svg" height="24" viewBox="0 0 24 24" width="24"&gt;&lt;path d="M0 0h24v24H0z" fill="none"/&gt;&lt;path d="M16 1H4c-1.1 0-2 .9-2 2v14h2V3h12V1zm3 4H8c-1.1 0-2 .9-2 2v14c0 1.1.9 2 2 2h11c1.1 0 2-.9 2-2V7c0-1.1-.9-2-2-2zm0 16H8V7h11v14z"/&gt;&lt;/svg&gt;            &lt;/span&gt;
        &lt;/span&gt;
    &lt;/div&gt;
    &lt;div id="trace-html-3-24" class="trace-code sf-toggle-content"&gt;
        &lt;ol start="138"&gt;&lt;li&gt;&lt;code&gt;&lt;span style="color: var(--highlight-keyword)"&gt;&amp;nbsp;&amp;nbsp;&amp;nbsp;&amp;nbsp;&amp;nbsp;&amp;nbsp;&amp;nbsp;&amp;nbsp;}&lt;/span&gt;&lt;/code&gt;&lt;/li&gt;
&lt;li&gt;&lt;code&gt;&lt;span style="color: var(--highlight-keyword)"&gt;&lt;/span&gt;&lt;/code&gt;&lt;/li&gt;
&lt;li&gt;&lt;code&gt;&lt;span style="color: var(--highlight-keyword)"&gt;&amp;nbsp;&amp;nbsp;&amp;nbsp;&amp;nbsp;&amp;nbsp;&amp;nbsp;&amp;nbsp;&amp;nbsp;unset(&lt;/span&gt;&lt;span style="color: var(--highlight-default)"&gt;$this&lt;/span&gt;&lt;span style="color: var(--highlight-keyword)"&gt;-&amp;gt;&lt;/span&gt;&lt;span style="color: var(--highlight-default)"&gt;arguments&lt;/span&gt;&lt;span style="color: var(--highlight-keyword)"&gt;[&lt;/span&gt;&lt;span style="color: var(--highlight-string)"&gt;'test'&lt;/span&gt;&lt;span style="color: var(--highlight-keyword)"&gt;],&amp;nbsp;&lt;/span&gt;&lt;span style="color: var(--highlight-default)"&gt;$this&lt;/span&gt;&lt;span style="color: var(--highlight-keyword)"&gt;-&amp;gt;&lt;/span&gt;&lt;span style="color: var(--highlight-default)"&gt;arguments&lt;/span&gt;&lt;span style="color: var(--highlight-keyword)"&gt;[&lt;/span&gt;&lt;span style="color: var(--highlight-string)"&gt;'testFile'&lt;/span&gt;&lt;span style="color: var(--highlight-keyword)"&gt;]);&lt;/span&gt;&lt;/code&gt;&lt;/li&gt;
&lt;li&gt;&lt;code&gt;&lt;span style="color: var(--highlight-keyword)"&gt;&lt;/span&gt;&lt;/code&gt;&lt;/li&gt;
&lt;li&gt;&lt;code&gt;&lt;span style="color: var(--highlight-keyword)"&gt;&amp;nbsp;&amp;nbsp;&amp;nbsp;&amp;nbsp;&amp;nbsp;&amp;nbsp;&amp;nbsp;&amp;nbsp;try&amp;nbsp;{&lt;/span&gt;&lt;/code&gt;&lt;/li&gt;
&lt;li class="selected"&gt;&lt;code&gt;&lt;span style="color: var(--highlight-keyword)"&gt;&amp;nbsp;&amp;nbsp;&amp;nbsp;&amp;nbsp;&amp;nbsp;&amp;nbsp;&amp;nbsp;&amp;nbsp;&amp;nbsp;&amp;nbsp;&amp;nbsp;&amp;nbsp;&lt;/span&gt;&lt;span style="color: var(--highlight-default)"&gt;$result&amp;nbsp;&lt;/span&gt;&lt;span style="color: var(--highlight-keyword)"&gt;=&amp;nbsp;&lt;/span&gt;&lt;span style="color: var(--highlight-default)"&gt;$runner&lt;/span&gt;&lt;span style="color: var(--highlight-keyword)"&gt;-&amp;gt;&lt;/span&gt;&lt;span style="color: var(--highlight-default)"&gt;run&lt;/span&gt;&lt;span style="color: var(--highlight-keyword)"&gt;(&lt;/span&gt;&lt;span style="color: var(--highlight-default)"&gt;$suite&lt;/span&gt;&lt;span style="color: var(--highlight-keyword)"&gt;,&amp;nbsp;&lt;/span&gt;&lt;span style="color: var(--highlight-default)"&gt;$this&lt;/span&gt;&lt;span style="color: var(--highlight-keyword)"&gt;-&amp;gt;&lt;/span&gt;&lt;span style="color: var(--highlight-default)"&gt;arguments&lt;/span&gt;&lt;span style="color: var(--highlight-keyword)"&gt;,&amp;nbsp;&lt;/span&gt;&lt;span style="color: var(--highlight-default)"&gt;$this&lt;/span&gt;&lt;span style="color: var(--highlight-keyword)"&gt;-&amp;gt;&lt;/span&gt;&lt;span style="color: var(--highlight-default)"&gt;warnings&lt;/span&gt;&lt;span style="color: var(--highlight-keyword)"&gt;,&amp;nbsp;&lt;/span&gt;&lt;span style="color: var(--highlight-default)"&gt;$exit&lt;/span&gt;&lt;span style="color: var(--highlight-keyword)"&gt;);&lt;/span&gt;&lt;/code&gt;&lt;/li&gt;
&lt;li&gt;&lt;code&gt;&lt;span style="color: var(--highlight-keyword)"&gt;&amp;nbsp;&amp;nbsp;&amp;nbsp;&amp;nbsp;&amp;nbsp;&amp;nbsp;&amp;nbsp;&amp;nbsp;}&amp;nbsp;catch&amp;nbsp;(&lt;/span&gt;&lt;span style="color: var(--highlight-default)"&gt;Throwable&amp;nbsp;$t&lt;/span&gt;&lt;span style="color: var(--highlight-keyword)"&gt;)&amp;nbsp;{&lt;/span&gt;&lt;/code&gt;&lt;/li&gt;
&lt;li&gt;&lt;code&gt;&lt;span style="color: var(--highlight-keyword)"&gt;&amp;nbsp;&amp;nbsp;&amp;nbsp;&amp;nbsp;&amp;nbsp;&amp;nbsp;&amp;nbsp;&amp;nbsp;&amp;nbsp;&amp;nbsp;&amp;nbsp;&amp;nbsp;print&amp;nbsp;&lt;/span&gt;&lt;span style="color: var(--highlight-default)"&gt;$t&lt;/span&gt;&lt;span style="color: var(--highlight-keyword)"&gt;-&amp;gt;&lt;/span&gt;&lt;span style="color: var(--highlight-default)"&gt;getMessage&lt;/span&gt;&lt;span style="color: var(--highlight-keyword)"&gt;()&amp;nbsp;.&amp;nbsp;&lt;/span&gt;&lt;span style="color: var(--highlight-default)"&gt;PHP_EOL&lt;/span&gt;&lt;span style="color: var(--highlight-keyword)"&gt;;&lt;/span&gt;&lt;/code&gt;&lt;/li&gt;
&lt;li&gt;&lt;code&gt;&lt;span style="color: var(--highlight-keyword)"&gt;&amp;nbsp;&amp;nbsp;&amp;nbsp;&amp;nbsp;&amp;nbsp;&amp;nbsp;&amp;nbsp;&amp;nbsp;}&lt;/span&gt;&lt;/code&gt;&lt;/li&gt;
&lt;li&gt;&lt;code&gt;&lt;span style="color: var(--highlight-keyword)"&gt;&lt;/span&gt;&lt;/code&gt;&lt;/li&gt;
&lt;li&gt;&lt;code&gt;&lt;span style="color: var(--highlight-keyword)"&gt;&amp;nbsp;&amp;nbsp;&amp;nbsp;&amp;nbsp;&amp;nbsp;&amp;nbsp;&amp;nbsp;&amp;nbsp;&lt;/span&gt;&lt;span style="color: var(--highlight-default)"&gt;$return&amp;nbsp;&lt;/span&gt;&lt;span style="color: var(--highlight-keyword)"&gt;=&amp;nbsp;&lt;/span&gt;&lt;span style="color: var(--highlight-default)"&gt;TestRunner&lt;/span&gt;&lt;span style="color: var(--highlight-keyword)"&gt;::&lt;/span&gt;&lt;span style="color: var(--highlight-default)"&gt;FAILURE_EXIT&lt;/span&gt;&lt;span style="color: var(--highlight-keyword)"&gt;;&lt;/span&gt;&lt;/code&gt;&lt;/li&gt;&lt;/ol&gt;    &lt;/div&gt;            &lt;/div&gt;
                        &lt;div class="trace-line "&gt;
                &lt;div class="trace-line-header break-long-words sf-toggle" data-toggle-selector="#trace-html-3-25" data-toggle-initial=""&gt;
            &lt;span class="icon icon-close"&gt;&lt;svg width="1792" height="1792" viewBox="0 0 1792 1792" xmlns="http://www.w3.org/2000/svg"&gt;&lt;path d="M1408 960V832q0-26-19-45t-45-19H448q-26 0-45 19t-19 45v128q0 26 19 45t45 19h896q26 0 45-19t19-45zm256-544v960q0 119-84.5 203.5T1376 1664H416q-119 0-203.5-84.5T128 1376V416q0-119 84.5-203.5T416 128h960q119 0 203.5 84.5T1664 416z"/&gt;&lt;/svg&gt;&lt;/span&gt;
        &lt;span class="icon icon-open"&gt;&lt;svg width="1792" height="1792" viewBox="0 0 1792 1792" xmlns="http://www.w3.org/2000/svg"&gt;&lt;path d="M1408 960V832q0-26-19-45t-45-19h-320V448q0-26-19-45t-45-19H832q-26 0-45 19t-19 45v320H448q-26 0-45 19t-19 45v128q0 26 19 45t45 19h320v320q0 26 19 45t45 19h128q26 0 45-19t19-45v-320h320q26 0 45-19t19-45zm256-544v960q0 119-84.5 203.5T1376 1664H416q-119 0-203.5-84.5T128 1376V416q0-119 84.5-203.5T416 128h960q119 0 203.5 84.5T1664 416z"/&gt;&lt;/svg&gt;&lt;/span&gt;
    
            &lt;span class="trace-class"&gt;&lt;abbr title="PHPUnit\TextUI\Command"&gt;Command&lt;/abbr&gt;&lt;/span&gt;&lt;span class="trace-type"&gt;-&gt;&lt;/span&gt;&lt;span class="trace-method"&gt;run&lt;/span&gt;&lt;span class="trace-arguments"&gt;()&lt;/span&gt;    
                    &lt;span class="block trace-file-path"&gt;
            in
            &lt;a href=""&gt;
                C:\Users\eman\Documents\GitHub\car_dealer\vendor\phpunit\phpunit\src\TextUI\&lt;strong&gt;Command.php&lt;/strong&gt;
            &lt;/a&gt;
                        (line 96)
            &lt;span class="icon icon-copy hidden" data-clipboard-text="C:\Users\eman\Documents\GitHub\car_dealer\vendor\phpunit\phpunit\src\TextUI\Command.php:96"&gt;
                &lt;svg xmlns="http://www.w3.org/2000/svg" height="24" viewBox="0 0 24 24" width="24"&gt;&lt;path d="M0 0h24v24H0z" fill="none"/&gt;&lt;path d="M16 1H4c-1.1 0-2 .9-2 2v14h2V3h12V1zm3 4H8c-1.1 0-2 .9-2 2v14c0 1.1.9 2 2 2h11c1.1 0 2-.9 2-2V7c0-1.1-.9-2-2-2zm0 16H8V7h11v14z"/&gt;&lt;/svg&gt;            &lt;/span&gt;
        &lt;/span&gt;
    &lt;/div&gt;
    &lt;div id="trace-html-3-25" class="trace-code sf-toggle-content"&gt;
        &lt;ol start="91"&gt;&lt;li&gt;&lt;code&gt;&lt;span style="color: var(--highlight-comment)"&gt;&amp;nbsp;&amp;nbsp;&amp;nbsp;&amp;nbsp;&amp;nbsp;*&amp;nbsp;@throws&amp;nbsp;Exception&lt;/span&gt;&lt;/code&gt;&lt;/li&gt;
&lt;li&gt;&lt;code&gt;&lt;span style="color: var(--highlight-comment)"&gt;&amp;nbsp;&amp;nbsp;&amp;nbsp;&amp;nbsp;&amp;nbsp;*/&lt;/span&gt;&lt;/code&gt;&lt;/li&gt;
&lt;li&gt;&lt;code&gt;&lt;span style="color: var(--highlight-comment)"&gt;&amp;nbsp;&amp;nbsp;&amp;nbsp;&amp;nbsp;&lt;/span&gt;&lt;span style="color: var(--highlight-keyword)"&gt;public&amp;nbsp;static&amp;nbsp;function&amp;nbsp;&lt;/span&gt;&lt;span style="color: var(--highlight-default)"&gt;main&lt;/span&gt;&lt;span style="color: var(--highlight-keyword)"&gt;(&lt;/span&gt;&lt;span style="color: var(--highlight-default)"&gt;bool&amp;nbsp;$exit&amp;nbsp;&lt;/span&gt;&lt;span style="color: var(--highlight-keyword)"&gt;=&amp;nbsp;&lt;/span&gt;&lt;span style="color: var(--highlight-default)"&gt;true&lt;/span&gt;&lt;span style="color: var(--highlight-keyword)"&gt;):&amp;nbsp;&lt;/span&gt;&lt;span style="color: var(--highlight-default)"&gt;int&lt;/span&gt;&lt;/code&gt;&lt;/li&gt;
&lt;li&gt;&lt;code&gt;&lt;span style="color: var(--highlight-default)"&gt;&amp;nbsp;&amp;nbsp;&amp;nbsp;&amp;nbsp;&lt;/span&gt;&lt;span style="color: var(--highlight-keyword)"&gt;{&lt;/span&gt;&lt;/code&gt;&lt;/li&gt;
&lt;li&gt;&lt;code&gt;&lt;span style="color: var(--highlight-keyword)"&gt;&amp;nbsp;&amp;nbsp;&amp;nbsp;&amp;nbsp;&amp;nbsp;&amp;nbsp;&amp;nbsp;&amp;nbsp;try&amp;nbsp;{&lt;/span&gt;&lt;/code&gt;&lt;/li&gt;
&lt;li class="selected"&gt;&lt;code&gt;&lt;span style="color: var(--highlight-keyword)"&gt;&amp;nbsp;&amp;nbsp;&amp;nbsp;&amp;nbsp;&amp;nbsp;&amp;nbsp;&amp;nbsp;&amp;nbsp;&amp;nbsp;&amp;nbsp;&amp;nbsp;&amp;nbsp;return&amp;nbsp;(new&amp;nbsp;static)-&amp;gt;&lt;/span&gt;&lt;span style="color: var(--highlight-default)"&gt;run&lt;/span&gt;&lt;span style="color: var(--highlight-keyword)"&gt;(&lt;/span&gt;&lt;span style="color: var(--highlight-default)"&gt;$_SERVER&lt;/span&gt;&lt;span style="color: var(--highlight-keyword)"&gt;[&lt;/span&gt;&lt;span style="color: var(--highlight-string)"&gt;'argv'&lt;/span&gt;&lt;span style="color: var(--highlight-keyword)"&gt;],&amp;nbsp;&lt;/span&gt;&lt;span style="color: var(--highlight-default)"&gt;$exit&lt;/span&gt;&lt;span style="color: var(--highlight-keyword)"&gt;);&lt;/span&gt;&lt;/code&gt;&lt;/li&gt;
&lt;li&gt;&lt;code&gt;&lt;span style="color: var(--highlight-keyword)"&gt;&amp;nbsp;&amp;nbsp;&amp;nbsp;&amp;nbsp;&amp;nbsp;&amp;nbsp;&amp;nbsp;&amp;nbsp;}&amp;nbsp;catch&amp;nbsp;(&lt;/span&gt;&lt;span style="color: var(--highlight-default)"&gt;Throwable&amp;nbsp;$t&lt;/span&gt;&lt;span style="color: var(--highlight-keyword)"&gt;)&amp;nbsp;{&lt;/span&gt;&lt;/code&gt;&lt;/li&gt;
&lt;li&gt;&lt;code&gt;&lt;span style="color: var(--highlight-keyword)"&gt;&amp;nbsp;&amp;nbsp;&amp;nbsp;&amp;nbsp;&amp;nbsp;&amp;nbsp;&amp;nbsp;&amp;nbsp;&amp;nbsp;&amp;nbsp;&amp;nbsp;&amp;nbsp;throw&amp;nbsp;new&amp;nbsp;&lt;/span&gt;&lt;span style="color: var(--highlight-default)"&gt;RuntimeException&lt;/span&gt;&lt;span style="color: var(--highlight-keyword)"&gt;(&lt;/span&gt;&lt;/code&gt;&lt;/li&gt;
&lt;li&gt;&lt;code&gt;&lt;span style="color: var(--highlight-keyword)"&gt;&amp;nbsp;&amp;nbsp;&amp;nbsp;&amp;nbsp;&amp;nbsp;&amp;nbsp;&amp;nbsp;&amp;nbsp;&amp;nbsp;&amp;nbsp;&amp;nbsp;&amp;nbsp;&amp;nbsp;&amp;nbsp;&amp;nbsp;&amp;nbsp;&lt;/span&gt;&lt;span style="color: var(--highlight-default)"&gt;$t&lt;/span&gt;&lt;span style="color: var(--highlight-keyword)"&gt;-&amp;gt;&lt;/span&gt;&lt;span style="color: var(--highlight-default)"&gt;getMessage&lt;/span&gt;&lt;span style="color: var(--highlight-keyword)"&gt;(),&lt;/span&gt;&lt;/code&gt;&lt;/li&gt;
&lt;li&gt;&lt;code&gt;&lt;span style="color: var(--highlight-keyword)"&gt;&amp;nbsp;&amp;nbsp;&amp;nbsp;&amp;nbsp;&amp;nbsp;&amp;nbsp;&amp;nbsp;&amp;nbsp;&amp;nbsp;&amp;nbsp;&amp;nbsp;&amp;nbsp;&amp;nbsp;&amp;nbsp;&amp;nbsp;&amp;nbsp;(int)&amp;nbsp;&lt;/span&gt;&lt;span style="color: var(--highlight-default)"&gt;$t&lt;/span&gt;&lt;span style="color: var(--highlight-keyword)"&gt;-&amp;gt;&lt;/span&gt;&lt;span style="color: var(--highlight-default)"&gt;getCode&lt;/span&gt;&lt;span style="color: var(--highlight-keyword)"&gt;(),&lt;/span&gt;&lt;/code&gt;&lt;/li&gt;
&lt;li&gt;&lt;code&gt;&lt;span style="color: var(--highlight-keyword)"&gt;&amp;nbsp;&amp;nbsp;&amp;nbsp;&amp;nbsp;&amp;nbsp;&amp;nbsp;&amp;nbsp;&amp;nbsp;&amp;nbsp;&amp;nbsp;&amp;nbsp;&amp;nbsp;&amp;nbsp;&amp;nbsp;&amp;nbsp;&amp;nbsp;&lt;/span&gt;&lt;span style="color: var(--highlight-default)"&gt;$t&lt;/span&gt;&lt;/code&gt;&lt;/li&gt;&lt;/ol&gt;    &lt;/div&gt;            &lt;/div&gt;
                        &lt;div class="trace-line "&gt;
                &lt;div class="trace-line-header break-long-words sf-toggle" data-toggle-selector="#trace-html-3-26" data-toggle-initial=""&gt;
            &lt;span class="icon icon-close"&gt;&lt;svg width="1792" height="1792" viewBox="0 0 1792 1792" xmlns="http://www.w3.org/2000/svg"&gt;&lt;path d="M1408 960V832q0-26-19-45t-45-19H448q-26 0-45 19t-19 45v128q0 26 19 45t45 19h896q26 0 45-19t19-45zm256-544v960q0 119-84.5 203.5T1376 1664H416q-119 0-203.5-84.5T128 1376V416q0-119 84.5-203.5T416 128h960q119 0 203.5 84.5T1664 416z"/&gt;&lt;/svg&gt;&lt;/span&gt;
        &lt;span class="icon icon-open"&gt;&lt;svg width="1792" height="1792" viewBox="0 0 1792 1792" xmlns="http://www.w3.org/2000/svg"&gt;&lt;path d="M1408 960V832q0-26-19-45t-45-19h-320V448q0-26-19-45t-45-19H832q-26 0-45 19t-19 45v320H448q-26 0-45 19t-19 45v128q0 26 19 45t45 19h320v320q0 26 19 45t45 19h128q26 0 45-19t19-45v-320h320q26 0 45-19t19-45zm256-544v960q0 119-84.5 203.5T1376 1664H416q-119 0-203.5-84.5T128 1376V416q0-119 84.5-203.5T416 128h960q119 0 203.5 84.5T1664 416z"/&gt;&lt;/svg&gt;&lt;/span&gt;
    
            &lt;span class="trace-class"&gt;&lt;abbr title="PHPUnit\TextUI\Command"&gt;Command&lt;/abbr&gt;&lt;/span&gt;&lt;span class="trace-type"&gt;::&lt;/span&gt;&lt;span class="trace-method"&gt;main&lt;/span&gt;&lt;span class="trace-arguments"&gt;()&lt;/span&gt;    
                    &lt;span class="block trace-file-path"&gt;
            in
            &lt;a href=""&gt;
                C:\Users\eman\Documents\GitHub\car_dealer\bin\&lt;strong&gt;phpunit&lt;/strong&gt;
            &lt;/a&gt;
                        (line 11)
            &lt;span class="icon icon-copy hidden" data-clipboard-text="C:\Users\eman\Documents\GitHub\car_dealer\bin\phpunit:11"&gt;
                &lt;svg xmlns="http://www.w3.org/2000/svg" height="24" viewBox="0 0 24 24" width="24"&gt;&lt;path d="M0 0h24v24H0z" fill="none"/&gt;&lt;path d="M16 1H4c-1.1 0-2 .9-2 2v14h2V3h12V1zm3 4H8c-1.1 0-2 .9-2 2v14c0 1.1.9 2 2 2h11c1.1 0 2-.9 2-2V7c0-1.1-.9-2-2-2zm0 16H8V7h11v14z"/&gt;&lt;/svg&gt;            &lt;/span&gt;
        &lt;/span&gt;
    &lt;/div&gt;
    &lt;div id="trace-html-3-26" class="trace-code sf-toggle-content"&gt;
        &lt;ol start="6"&gt;&lt;li&gt;&lt;code&gt;&lt;span style="color: var(--highlight-keyword)"&gt;&lt;/span&gt;&lt;/code&gt;&lt;/li&gt;
&lt;li&gt;&lt;code&gt;&lt;span style="color: var(--highlight-keyword)"&gt;if&amp;nbsp;(&lt;/span&gt;&lt;span style="color: var(--highlight-default)"&gt;is_file&lt;/span&gt;&lt;span style="color: var(--highlight-keyword)"&gt;(&lt;/span&gt;&lt;span style="color: var(--highlight-default)"&gt;dirname&lt;/span&gt;&lt;span style="color: var(--highlight-keyword)"&gt;(&lt;/span&gt;&lt;span style="color: var(--highlight-default)"&gt;__DIR__&lt;/span&gt;&lt;span style="color: var(--highlight-keyword)"&gt;).&lt;/span&gt;&lt;span style="color: var(--highlight-string)"&gt;'/vendor/phpunit/phpunit/phpunit'&lt;/span&gt;&lt;span style="color: var(--highlight-keyword)"&gt;))&amp;nbsp;{&lt;/span&gt;&lt;/code&gt;&lt;/li&gt;
&lt;li&gt;&lt;code&gt;&lt;span style="color: var(--highlight-keyword)"&gt;&amp;nbsp;&amp;nbsp;&amp;nbsp;&amp;nbsp;&lt;/span&gt;&lt;span style="color: var(--highlight-default)"&gt;define&lt;/span&gt;&lt;span style="color: var(--highlight-keyword)"&gt;(&lt;/span&gt;&lt;span style="color: var(--highlight-string)"&gt;'PHPUNIT_COMPOSER_INSTALL'&lt;/span&gt;&lt;span style="color: var(--highlight-keyword)"&gt;,&amp;nbsp;&lt;/span&gt;&lt;span style="color: var(--highlight-default)"&gt;dirname&lt;/span&gt;&lt;span style="color: var(--highlight-keyword)"&gt;(&lt;/span&gt;&lt;span style="color: var(--highlight-default)"&gt;__DIR__&lt;/span&gt;&lt;span style="color: var(--highlight-keyword)"&gt;).&lt;/span&gt;&lt;span style="color: var(--highlight-string)"&gt;'/vendor/autoload.php'&lt;/span&gt;&lt;span style="color: var(--highlight-keyword)"&gt;);&lt;/span&gt;&lt;/code&gt;&lt;/li&gt;
&lt;li&gt;&lt;code&gt;&lt;span style="color: var(--highlight-keyword)"&gt;&amp;nbsp;&amp;nbsp;&amp;nbsp;&amp;nbsp;require&amp;nbsp;&lt;/span&gt;&lt;span style="color: var(--highlight-default)"&gt;PHPUNIT_COMPOSER_INSTALL&lt;/span&gt;&lt;span style="color: var(--highlight-keyword)"&gt;;&lt;/span&gt;&lt;/code&gt;&lt;/li&gt;
&lt;li&gt;&lt;code&gt;&lt;span style="color: var(--highlight-keyword)"&gt;&amp;nbsp;&amp;nbsp;&amp;nbsp;&amp;nbsp;&lt;/span&gt;&lt;span style="color: var(--highlight-default)"&gt;PHPUnit\TextUI\Command&lt;/span&gt;&lt;span style="color: var(--highlight-keyword)"&gt;::&lt;/span&gt;&lt;span style="color: var(--highlight-default)"&gt;main&lt;/span&gt;&lt;span style="color: var(--highlight-keyword)"&gt;();&lt;/span&gt;&lt;/code&gt;&lt;/li&gt;
&lt;li class="selected"&gt;&lt;code&gt;&lt;span style="color: var(--highlight-keyword)"&gt;}&amp;nbsp;else&amp;nbsp;{&lt;/span&gt;&lt;/code&gt;&lt;/li&gt;
&lt;li&gt;&lt;code&gt;&lt;span style="color: var(--highlight-keyword)"&gt;&amp;nbsp;&amp;nbsp;&amp;nbsp;&amp;nbsp;if&amp;nbsp;(!&lt;/span&gt;&lt;span style="color: var(--highlight-default)"&gt;is_file&lt;/span&gt;&lt;span style="color: var(--highlight-keyword)"&gt;(&lt;/span&gt;&lt;span style="color: var(--highlight-default)"&gt;dirname&lt;/span&gt;&lt;span style="color: var(--highlight-keyword)"&gt;(&lt;/span&gt;&lt;span style="color: var(--highlight-default)"&gt;__DIR__&lt;/span&gt;&lt;span style="color: var(--highlight-keyword)"&gt;).&lt;/span&gt;&lt;span style="color: var(--highlight-string)"&gt;'/vendor/symfony/phpunit-bridge/bin/simple-phpunit.php'&lt;/span&gt;&lt;span style="color: var(--highlight-keyword)"&gt;))&amp;nbsp;{&lt;/span&gt;&lt;/code&gt;&lt;/li&gt;
&lt;li&gt;&lt;code&gt;&lt;span style="color: var(--highlight-keyword)"&gt;&amp;nbsp;&amp;nbsp;&amp;nbsp;&amp;nbsp;&amp;nbsp;&amp;nbsp;&amp;nbsp;&amp;nbsp;echo&amp;nbsp;&lt;/span&gt;&lt;span style="color: var(--highlight-string)"&gt;"Unable&amp;nbsp;to&amp;nbsp;find&amp;nbsp;the&amp;nbsp;`simple-phpunit.php`&amp;nbsp;script&amp;nbsp;in&amp;nbsp;`vendor/symfony/phpunit-bridge/bin/`.\n"&lt;/span&gt;&lt;span style="color: var(--highlight-keyword)"&gt;;&lt;/span&gt;&lt;/code&gt;&lt;/li&gt;
&lt;li&gt;&lt;code&gt;&lt;span style="color: var(--highlight-keyword)"&gt;&amp;nbsp;&amp;nbsp;&amp;nbsp;&amp;nbsp;&amp;nbsp;&amp;nbsp;&amp;nbsp;&amp;nbsp;exit(&lt;/span&gt;&lt;span style="color: var(--highlight-default)"&gt;1&lt;/span&gt;&lt;span style="color: var(--highlight-keyword)"&gt;);&lt;/span&gt;&lt;/code&gt;&lt;/li&gt;
&lt;li&gt;&lt;code&gt;&lt;span style="color: var(--highlight-keyword)"&gt;&amp;nbsp;&amp;nbsp;&amp;nbsp;&amp;nbsp;}&lt;/span&gt;&lt;/code&gt;&lt;/li&gt;
&lt;li&gt;&lt;code&gt;&lt;span style="color: var(--highlight-keyword)"&gt;&lt;/span&gt;&lt;/code&gt;&lt;/li&gt;&lt;/ol&gt;    &lt;/div&gt;            &lt;/div&gt;
                    &lt;/div&gt;
    &lt;/div&gt;
&lt;/div&gt;            &lt;/div&gt;
        &lt;/div&gt;

                &lt;div class="tab disabled"&gt;
            &lt;h3 class="tab-title"&gt;
                Logs
                            &lt;/h3&gt;

            &lt;div class="tab-content"&gt;
                                    &lt;div class="empty"&gt;
                        &lt;p&gt;No log messages&lt;/p&gt;
                    &lt;/div&gt;
                            &lt;/div&gt;
        &lt;/div&gt;
        
        &lt;div class="tab"&gt;
            &lt;h3 class="tab-title"&gt;
                                    Stack Traces &lt;span class="badge"&gt;3&lt;/span&gt;
                            &lt;/h3&gt;

            &lt;div class="tab-content"&gt;
                &lt;table class="trace trace-as-text"&gt;
    &lt;thead class="trace-head"&gt;
        &lt;tr&gt;
            &lt;th class="sf-toggle" data-toggle-selector="#trace-text-1" data-toggle-initial="display"&gt;
                &lt;div class="trace-class"&gt;
                                            &lt;span class="text-muted"&gt;[3/3]&lt;/span&gt;
                                        ConnectionException                    &lt;span class="icon icon-close"&gt;&lt;svg width="1792" height="1792" viewBox="0 0 1792 1792" xmlns="http://www.w3.org/2000/svg"&gt;&lt;path d="M1344 800v64q0 14-9 23t-23 9H480q-14 0-23-9t-9-23v-64q0-14 9-23t23-9h832q14 0 23 9t9 23zm128 448V416q0-66-47-113t-113-47H480q-66 0-113 47t-47 113v832q0 66 47 113t113 47h832q66 0 113-47t47-113zm128-832v832q0 119-84.5 203.5T1312 1536H480q-119 0-203.5-84.5T192 1248V416q0-119 84.5-203.5T480 128h832q119 0 203.5 84.5T1600 416z"/&gt;&lt;/svg&gt;&lt;/span&gt;
                    &lt;span class="icon icon-open"&gt;&lt;svg width="1792" height="1792" viewBox="0 0 1792 1792" xmlns="http://www.w3.org/2000/svg"&gt;&lt;path d="M1344 800v64q0 14-9 23t-23 9H960v352q0 14-9 23t-23 9h-64q-14 0-23-9t-9-23V896H480q-14 0-23-9t-9-23v-64q0-14 9-23t23-9h352V416q0-14 9-23t23-9h64q14 0 23 9t9 23v352h352q14 0 23 9t9 23zm128 448V416q0-66-47-113t-113-47H480q-66 0-113 47t-47 113v832q0 66 47 113t113 47h832q66 0 113-47t47-113zm128-832v832q0 119-84.5 203.5T1312 1536H480q-119 0-203.5-84.5T192 1248V416q0-119 84.5-203.5T480 128h832q119 0 203.5 84.5T1600 416z"/&gt;&lt;/svg&gt;&lt;/span&gt;
                &lt;/div&gt;
            &lt;/th&gt;
        &lt;/tr&gt;
    &lt;/thead&gt;

    &lt;tbody id="trace-text-1"&gt;
        &lt;tr&gt;
            &lt;td&gt;
                                &lt;pre class="stacktrace"&gt;
Doctrine\DBAL\Exception\ConnectionException:
An exception occurred in the driver: SQLSTATE[HY000] [1049] Unknown database 'crud04_test'

  at C:\Users\eman\Documents\GitHub\car_dealer\vendor\doctrine\dbal\src\Driver\API\MySQL\ExceptionConverter.php:103
  at Doctrine\DBAL\Driver\API\MySQL\ExceptionConverter-&amp;gt;convert()
     (C:\Users\eman\Documents\GitHub\car_dealer\vendor\doctrine\dbal\src\Connection.php:1768)
  at Doctrine\DBAL\Connection-&amp;gt;handleDriverException()
     (C:\Users\eman\Documents\GitHub\car_dealer\vendor\doctrine\dbal\src\Connection.php:1715)
  at Doctrine\DBAL\Connection-&amp;gt;convertException()
     (C:\Users\eman\Documents\GitHub\car_dealer\vendor\doctrine\dbal\src\Connection.php:327)
  at Doctrine\DBAL\Connection-&amp;gt;connect()
     (C:\Users\eman\Documents\GitHub\car_dealer\vendor\doctrine\dbal\src\Connection.php:1507)
  at Doctrine\DBAL\Connection-&amp;gt;getWrappedConnection()
     (C:\Users\eman\Documents\GitHub\car_dealer\vendor\doctrine\dbal\src\Connection.php:1013)
  at Doctrine\DBAL\Connection-&amp;gt;executeQuery()
     (C:\Users\eman\Documents\GitHub\car_dealer\vendor\doctrine\orm\lib\Doctrine\ORM\Persisters\Entity\BasicEntityPersister.php:883)
  at Doctrine\ORM\Persisters\Entity\BasicEntityPersister-&amp;gt;loadAll()
     (C:\Users\eman\Documents\GitHub\car_dealer\vendor\doctrine\orm\lib\Doctrine\ORM\EntityRepository.php:202)
  at Doctrine\ORM\EntityRepository-&amp;gt;findBy()
     (C:\Users\eman\Documents\GitHub\car_dealer\vendor\doctrine\orm\lib\Doctrine\ORM\EntityRepository.php:184)
  at Doctrine\ORM\EntityRepository-&amp;gt;findAll()
     (C:\Users\eman\Documents\GitHub\car_dealer\src\Controller\CarPublicController.php:21)
  at App\Controller\CarPublicController-&amp;gt;cars()
     (C:\Users\eman\Documents\GitHub\car_dealer\vendor\symfony\http-kernel\HttpKernel.php:152)
  at Symfony\Component\HttpKernel\HttpKernel-&amp;gt;handleRaw()
     (C:\Users\eman\Documents\GitHub\car_dealer\vendor\symfony\http-kernel\HttpKernel.php:74)
  at Symfony\Component\HttpKernel\HttpKernel-&amp;gt;handle()
     (C:\Users\eman\Documents\GitHub\car_dealer\vendor\symfony\http-kernel\Kernel.php:202)
  at Symfony\Component\HttpKernel\Kernel-&amp;gt;handle()
     (C:\Users\eman\Documents\GitHub\car_dealer\vendor\symfony\http-kernel\HttpKernelBrowser.php:65)
  at Symfony\Component\HttpKernel\HttpKernelBrowser-&amp;gt;doRequest()
     (C:\Users\eman\Documents\GitHub\car_dealer\vendor\symfony\framework-bundle\KernelBrowser.php:171)
  at Symfony\Bundle\FrameworkBundle\KernelBrowser-&amp;gt;doRequest()
     (C:\Users\eman\Documents\GitHub\car_dealer\vendor\symfony\browser-kit\AbstractBrowser.php:370)
  at Symfony\Component\BrowserKit\AbstractBrowser-&amp;gt;request()
     (C:\Users\eman\Documents\GitHub\car_dealer\tests\WebTest\CarsPageTest.php:28)
  at App\Tests\WebTest\CarsPageTest-&amp;gt;testHeading()
     (C:\Users\eman\Documents\GitHub\car_dealer\vendor\phpunit\phpunit\src\Framework\TestCase.php:1545)
  at PHPUnit\Framework\TestCase-&amp;gt;runTest()
     (C:\Users\eman\Documents\GitHub\car_dealer\vendor\phpunit\phpunit\src\Framework\TestCase.php:1151)
  at PHPUnit\Framework\TestCase-&amp;gt;runBare()
     (C:\Users\eman\Documents\GitHub\car_dealer\vendor\phpunit\phpunit\src\Framework\TestResult.php:726)
  at PHPUnit\Framework\TestResult-&amp;gt;run()
     (C:\Users\eman\Documents\GitHub\car_dealer\vendor\phpunit\phpunit\src\Framework\TestCase.php:903)
  at PHPUnit\Framework\TestCase-&amp;gt;run()
     (C:\Users\eman\Documents\GitHub\car_dealer\vendor\phpunit\phpunit\src\Framework\TestSuite.php:678)
  at PHPUnit\Framework\TestSuite-&amp;gt;run()
     (C:\Users\eman\Documents\GitHub\car_dealer\vendor\phpunit\phpunit\src\Framework\TestSuite.php:678)
  at PHPUnit\Framework\TestSuite-&amp;gt;run()
     (C:\Users\eman\Documents\GitHub\car_dealer\vendor\phpunit\phpunit\src\Framework\TestSuite.php:678)
  at PHPUnit\Framework\TestSuite-&amp;gt;run()
     (C:\Users\eman\Documents\GitHub\car_dealer\vendor\phpunit\phpunit\src\TextUI\TestRunner.php:670)
  at PHPUnit\TextUI\TestRunner-&amp;gt;run()
     (C:\Users\eman\Documents\GitHub\car_dealer\vendor\phpunit\phpunit\src\TextUI\Command.php:143)
  at PHPUnit\TextUI\Command-&amp;gt;run()
     (C:\Users\eman\Documents\GitHub\car_dealer\vendor\phpunit\phpunit\src\TextUI\Command.php:96)
  at PHPUnit\TextUI\Command::main()
     (C:\Users\eman\Documents\GitHub\car_dealer\bin\phpunit:11)                &lt;/pre&gt;
                            &lt;/td&gt;
        &lt;/tr&gt;
    &lt;/tbody&gt;
&lt;/table&gt;&lt;table class="trace trace-as-text"&gt;
    &lt;thead class="trace-head"&gt;
        &lt;tr&gt;
            &lt;th class="sf-toggle" data-toggle-selector="#trace-text-2" data-toggle-initial=""&gt;
                &lt;div class="trace-class"&gt;
                                            &lt;span class="text-muted"&gt;[2/3]&lt;/span&gt;
                                        Exception                    &lt;span class="icon icon-close"&gt;&lt;svg width="1792" height="1792" viewBox="0 0 1792 1792" xmlns="http://www.w3.org/2000/svg"&gt;&lt;path d="M1344 800v64q0 14-9 23t-23 9H480q-14 0-23-9t-9-23v-64q0-14 9-23t23-9h832q14 0 23 9t9 23zm128 448V416q0-66-47-113t-113-47H480q-66 0-113 47t-47 113v832q0 66 47 113t113 47h832q66 0 113-47t47-113zm128-832v832q0 119-84.5 203.5T1312 1536H480q-119 0-203.5-84.5T192 1248V416q0-119 84.5-203.5T480 128h832q119 0 203.5 84.5T1600 416z"/&gt;&lt;/svg&gt;&lt;/span&gt;
                    &lt;span class="icon icon-open"&gt;&lt;svg width="1792" height="1792" viewBox="0 0 1792 1792" xmlns="http://www.w3.org/2000/svg"&gt;&lt;path d="M1344 800v64q0 14-9 23t-23 9H960v352q0 14-9 23t-23 9h-64q-14 0-23-9t-9-23V896H480q-14 0-23-9t-9-23v-64q0-14 9-23t23-9h352V416q0-14 9-23t23-9h64q14 0 23 9t9 23v352h352q14 0 23 9t9 23zm128 448V416q0-66-47-113t-113-47H480q-66 0-113 47t-47 113v832q0 66 47 113t113 47h832q66 0 113-47t47-113zm128-832v832q0 119-84.5 203.5T1312 1536H480q-119 0-203.5-84.5T192 1248V416q0-119 84.5-203.5T480 128h832q119 0 203.5 84.5T1600 416z"/&gt;&lt;/svg&gt;&lt;/span&gt;
                &lt;/div&gt;
            &lt;/th&gt;
        &lt;/tr&gt;
    &lt;/thead&gt;

    &lt;tbody id="trace-text-2"&gt;
        &lt;tr&gt;
            &lt;td&gt;
                                &lt;pre class="stacktrace"&gt;
Doctrine\DBAL\Driver\PDO\Exception:
SQLSTATE[HY000] [1049] Unknown database 'crud04_test'

  at C:\Users\eman\Documents\GitHub\car_dealer\vendor\doctrine\dbal\src\Driver\PDO\Exception.php:26
  at Doctrine\DBAL\Driver\PDO\Exception::new()
     (C:\Users\eman\Documents\GitHub\car_dealer\vendor\doctrine\dbal\src\Driver\PDO\MySQL\Driver.php:34)
  at Doctrine\DBAL\Driver\PDO\MySQL\Driver-&amp;gt;connect()
     (C:\Users\eman\Documents\GitHub\car_dealer\vendor\doctrine\dbal\src\Connection.php:325)
  at Doctrine\DBAL\Connection-&amp;gt;connect()
     (C:\Users\eman\Documents\GitHub\car_dealer\vendor\doctrine\dbal\src\Connection.php:1507)
  at Doctrine\DBAL\Connection-&amp;gt;getWrappedConnection()
     (C:\Users\eman\Documents\GitHub\car_dealer\vendor\doctrine\dbal\src\Connection.php:1013)
  at Doctrine\DBAL\Connection-&amp;gt;executeQuery()
     (C:\Users\eman\Documents\GitHub\car_dealer\vendor\doctrine\orm\lib\Doctrine\ORM\Persisters\Entity\BasicEntityPersister.php:883)
  at Doctrine\ORM\Persisters\Entity\BasicEntityPersister-&amp;gt;loadAll()
     (C:\Users\eman\Documents\GitHub\car_dealer\vendor\doctrine\orm\lib\Doctrine\ORM\EntityRepository.php:202)
  at Doctrine\ORM\EntityRepository-&amp;gt;findBy()
     (C:\Users\eman\Documents\GitHub\car_dealer\vendor\doctrine\orm\lib\Doctrine\ORM\EntityRepository.php:184)
  at Doctrine\ORM\EntityRepository-&amp;gt;findAll()
     (C:\Users\eman\Documents\GitHub\car_dealer\src\Controller\CarPublicController.php:21)
  at App\Controller\CarPublicController-&amp;gt;cars()
     (C:\Users\eman\Documents\GitHub\car_dealer\vendor\symfony\http-kernel\HttpKernel.php:152)
  at Symfony\Component\HttpKernel\HttpKernel-&amp;gt;handleRaw()
     (C:\Users\eman\Documents\GitHub\car_dealer\vendor\symfony\http-kernel\HttpKernel.php:74)
  at Symfony\Component\HttpKernel\HttpKernel-&amp;gt;handle()
     (C:\Users\eman\Documents\GitHub\car_dealer\vendor\symfony\http-kernel\Kernel.php:202)
  at Symfony\Component\HttpKernel\Kernel-&amp;gt;handle()
     (C:\Users\eman\Documents\GitHub\car_dealer\vendor\symfony\http-kernel\HttpKernelBrowser.php:65)
  at Symfony\Component\HttpKernel\HttpKernelBrowser-&amp;gt;doRequest()
     (C:\Users\eman\Documents\GitHub\car_dealer\vendor\symfony\framework-bundle\KernelBrowser.php:171)
  at Symfony\Bundle\FrameworkBundle\KernelBrowser-&amp;gt;doRequest()
     (C:\Users\eman\Documents\GitHub\car_dealer\vendor\symfony\browser-kit\AbstractBrowser.php:370)
  at Symfony\Component\BrowserKit\AbstractBrowser-&amp;gt;request()
     (C:\Users\eman\Documents\GitHub\car_dealer\tests\WebTest\CarsPageTest.php:28)
  at App\Tests\WebTest\CarsPageTest-&amp;gt;testHeading()
     (C:\Users\eman\Documents\GitHub\car_dealer\vendor\phpunit\phpunit\src\Framework\TestCase.php:1545)
  at PHPUnit\Framework\TestCase-&amp;gt;runTest()
     (C:\Users\eman\Documents\GitHub\car_dealer\vendor\phpunit\phpunit\src\Framework\TestCase.php:1151)
  at PHPUnit\Framework\TestCase-&amp;gt;runBare()
     (C:\Users\eman\Documents\GitHub\car_dealer\vendor\phpunit\phpunit\src\Framework\TestResult.php:726)
  at PHPUnit\Framework\TestResult-&amp;gt;run()
     (C:\Users\eman\Documents\GitHub\car_dealer\vendor\phpunit\phpunit\src\Framework\TestCase.php:903)
  at PHPUnit\Framework\TestCase-&amp;gt;run()
     (C:\Users\eman\Documents\GitHub\car_dealer\vendor\phpunit\phpunit\src\Framework\TestSuite.php:678)
  at PHPUnit\Framework\TestSuite-&amp;gt;run()
     (C:\Users\eman\Documents\GitHub\car_dealer\vendor\phpunit\phpunit\src\Framework\TestSuite.php:678)
  at PHPUnit\Framework\TestSuite-&amp;gt;run()
     (C:\Users\eman\Documents\GitHub\car_dealer\vendor\phpunit\phpunit\src\Framework\TestSuite.php:678)
  at PHPUnit\Framework\TestSuite-&amp;gt;run()
     (C:\Users\eman\Documents\GitHub\car_dealer\vendor\phpunit\phpunit\src\TextUI\TestRunner.php:670)
  at PHPUnit\TextUI\TestRunner-&amp;gt;run()
     (C:\Users\eman\Documents\GitHub\car_dealer\vendor\phpunit\phpunit\src\TextUI\Command.php:143)
  at PHPUnit\TextUI\Command-&amp;gt;run()
     (C:\Users\eman\Documents\GitHub\car_dealer\vendor\phpunit\phpunit\src\TextUI\Command.php:96)
  at PHPUnit\TextUI\Command::main()
     (C:\Users\eman\Documents\GitHub\car_dealer\bin\phpunit:11)                &lt;/pre&gt;
                            &lt;/td&gt;
        &lt;/tr&gt;
    &lt;/tbody&gt;
&lt;/table&gt;&lt;table class="trace trace-as-text"&gt;
    &lt;thead class="trace-head"&gt;
        &lt;tr&gt;
            &lt;th class="sf-toggle" data-toggle-selector="#trace-text-3" data-toggle-initial=""&gt;
                &lt;div class="trace-class"&gt;
                                            &lt;span class="text-muted"&gt;[1/3]&lt;/span&gt;
                                        PDOException                    &lt;span class="icon icon-close"&gt;&lt;svg width="1792" height="1792" viewBox="0 0 1792 1792" xmlns="http://www.w3.org/2000/svg"&gt;&lt;path d="M1344 800v64q0 14-9 23t-23 9H480q-14 0-23-9t-9-23v-64q0-14 9-23t23-9h832q14 0 23 9t9 23zm128 448V416q0-66-47-113t-113-47H480q-66 0-113 47t-47 113v832q0 66 47 113t113 47h832q66 0 113-47t47-113zm128-832v832q0 119-84.5 203.5T1312 1536H480q-119 0-203.5-84.5T192 1248V416q0-119 84.5-203.5T480 128h832q119 0 203.5 84.5T1600 416z"/&gt;&lt;/svg&gt;&lt;/span&gt;
                    &lt;span class="icon icon-open"&gt;&lt;svg width="1792" height="1792" viewBox="0 0 1792 1792" xmlns="http://www.w3.org/2000/svg"&gt;&lt;path d="M1344 800v64q0 14-9 23t-23 9H960v352q0 14-9 23t-23 9h-64q-14 0-23-9t-9-23V896H480q-14 0-23-9t-9-23v-64q0-14 9-23t23-9h352V416q0-14 9-23t23-9h64q14 0 23 9t9 23v352h352q14 0 23 9t9 23zm128 448V416q0-66-47-113t-113-47H480q-66 0-113 47t-47 113v832q0 66 47 113t113 47h832q66 0 113-47t47-113zm128-832v832q0 119-84.5 203.5T1312 1536H480q-119 0-203.5-84.5T192 1248V416q0-119 84.5-203.5T480 128h832q119 0 203.5 84.5T1600 416z"/&gt;&lt;/svg&gt;&lt;/span&gt;
                &lt;/div&gt;
            &lt;/th&gt;
        &lt;/tr&gt;
    &lt;/thead&gt;

    &lt;tbody id="trace-text-3"&gt;
        &lt;tr&gt;
            &lt;td&gt;
                                &lt;pre class="stacktrace"&gt;
PDOException:
SQLSTATE[HY000] [1049] Unknown database 'crud04_test'

  at C:\Users\eman\Documents\GitHub\car_dealer\vendor\doctrine\dbal\src\Driver\PDO\MySQL\Driver.php:28
  at PDO-&amp;gt;__construct()
     (C:\Users\eman\Documents\GitHub\car_dealer\vendor\doctrine\dbal\src\Driver\PDO\MySQL\Driver.php:28)
  at Doctrine\DBAL\Driver\PDO\MySQL\Driver-&amp;gt;connect()
     (C:\Users\eman\Documents\GitHub\car_dealer\vendor\doctrine\dbal\src\Connection.php:325)
  at Doctrine\DBAL\Connection-&amp;gt;connect()
     (C:\Users\eman\Documents\GitHub\car_dealer\vendor\doctrine\dbal\src\Connection.php:1507)
  at Doctrine\DBAL\Connection-&amp;gt;getWrappedConnection()
     (C:\Users\eman\Documents\GitHub\car_dealer\vendor\doctrine\dbal\src\Connection.php:1013)
  at Doctrine\DBAL\Connection-&amp;gt;executeQuery()
     (C:\Users\eman\Documents\GitHub\car_dealer\vendor\doctrine\orm\lib\Doctrine\ORM\Persisters\Entity\BasicEntityPersister.php:883)
  at Doctrine\ORM\Persisters\Entity\BasicEntityPersister-&amp;gt;loadAll()
     (C:\Users\eman\Documents\GitHub\car_dealer\vendor\doctrine\orm\lib\Doctrine\ORM\EntityRepository.php:202)
  at Doctrine\ORM\EntityRepository-&amp;gt;findBy()
     (C:\Users\eman\Documents\GitHub\car_dealer\vendor\doctrine\orm\lib\Doctrine\ORM\EntityRepository.php:184)
  at Doctrine\ORM\EntityRepository-&amp;gt;findAll()
     (C:\Users\eman\Documents\GitHub\car_dealer\src\Controller\CarPublicController.php:21)
  at App\Controller\CarPublicController-&amp;gt;cars()
     (C:\Users\eman\Documents\GitHub\car_dealer\vendor\symfony\http-kernel\HttpKernel.php:152)
  at Symfony\Component\HttpKernel\HttpKernel-&amp;gt;handleRaw()
     (C:\Users\eman\Documents\GitHub\car_dealer\vendor\symfony\http-kernel\HttpKernel.php:74)
  at Symfony\Component\HttpKernel\HttpKernel-&amp;gt;handle()
     (C:\Users\eman\Documents\GitHub\car_dealer\vendor\symfony\http-kernel\Kernel.php:202)
  at Symfony\Component\HttpKernel\Kernel-&amp;gt;handle()
     (C:\Users\eman\Documents\GitHub\car_dealer\vendor\symfony\http-kernel\HttpKernelBrowser.php:65)
  at Symfony\Component\HttpKernel\HttpKernelBrowser-&amp;gt;doRequest()
     (C:\Users\eman\Documents\GitHub\car_dealer\vendor\symfony\framework-bundle\KernelBrowser.php:171)
  at Symfony\Bundle\FrameworkBundle\KernelBrowser-&amp;gt;doRequest()
     (C:\Users\eman\Documents\GitHub\car_dealer\vendor\symfony\browser-kit\AbstractBrowser.php:370)
  at Symfony\Component\BrowserKit\AbstractBrowser-&amp;gt;request()
     (C:\Users\eman\Documents\GitHub\car_dealer\tests\WebTest\CarsPageTest.php:28)
  at App\Tests\WebTest\CarsPageTest-&amp;gt;testHeading()
     (C:\Users\eman\Documents\GitHub\car_dealer\vendor\phpunit\phpunit\src\Framework\TestCase.php:1545)
  at PHPUnit\Framework\TestCase-&amp;gt;runTest()
     (C:\Users\eman\Documents\GitHub\car_dealer\vendor\phpunit\phpunit\src\Framework\TestCase.php:1151)
  at PHPUnit\Framework\TestCase-&amp;gt;runBare()
     (C:\Users\eman\Documents\GitHub\car_dealer\vendor\phpunit\phpunit\src\Framework\TestResult.php:726)
  at PHPUnit\Framework\TestResult-&amp;gt;run()
     (C:\Users\eman\Documents\GitHub\car_dealer\vendor\phpunit\phpunit\src\Framework\TestCase.php:903)
  at PHPUnit\Framework\TestCase-&amp;gt;run()
     (C:\Users\eman\Documents\GitHub\car_dealer\vendor\phpunit\phpunit\src\Framework\TestSuite.php:678)
  at PHPUnit\Framework\TestSuite-&amp;gt;run()
     (C:\Users\eman\Documents\GitHub\car_dealer\vendor\phpunit\phpunit\src\Framework\TestSuite.php:678)
  at PHPUnit\Framework\TestSuite-&amp;gt;run()
     (C:\Users\eman\Documents\GitHub\car_dealer\vendor\phpunit\phpunit\src\Framework\TestSuite.php:678)
  at PHPUnit\Framework\TestSuite-&amp;gt;run()
     (C:\Users\eman\Documents\GitHub\car_dealer\vendor\phpunit\phpunit\src\TextUI\TestRunner.php:670)
  at PHPUnit\TextUI\TestRunner-&amp;gt;run()
     (C:\Users\eman\Documents\GitHub\car_dealer\vendor\phpunit\phpunit\src\TextUI\Command.php:143)
  at PHPUnit\TextUI\Command-&amp;gt;run()
     (C:\Users\eman\Documents\GitHub\car_dealer\vendor\phpunit\phpunit\src\TextUI\Command.php:96)
  at PHPUnit\TextUI\Command::main()
     (C:\Users\eman\Documents\GitHub\car_dealer\bin\phpunit:11)                &lt;/pre&gt;
                            &lt;/td&gt;
        &lt;/tr&gt;
    &lt;/tbody&gt;
&lt;/table&gt;            &lt;/div&gt;
        &lt;/div&gt;

            &lt;/div&gt;
&lt;/div&gt;
        &lt;script&gt;
            /* This file is based on WebProfilerBundle/Resources/views/Profiler/base_js.html.twig.
   If you make any change in this file, verify the same change is needed in the other file. */
/*&lt;![CDATA[*/
if (typeof Sfjs === 'undefined') {
    Sfjs = (function() {
        "use strict";

        if ('classList' in document.documentElement) {
            var hasClass = function (el, cssClass) { return el.classList.contains(cssClass); };
            var removeClass = function(el, cssClass) { el.classList.remove(cssClass); };
            var addClass = function(el, cssClass) { el.classList.add(cssClass); };
            var toggleClass = function(el, cssClass) { el.classList.toggle(cssClass); };
        } else {
            var hasClass = function (el, cssClass) { return el.className.match(new RegExp('\\b' + cssClass + '\\b')); };
            var removeClass = function(el, cssClass) { el.className = el.className.replace(new RegExp('\\b' + cssClass + '\\b'), ' '); };
            var addClass = function(el, cssClass) { if (!hasClass(el, cssClass)) { el.className += " " + cssClass; } };
            var toggleClass = function(el, cssClass) { hasClass(el, cssClass) ? removeClass(el, cssClass) : addClass(el, cssClass); };
        }

        var addEventListener;

        var el = document.createElement('div');
        if (!('addEventListener' in el)) {
            addEventListener = function (element, eventName, callback) {
                element.attachEvent('on' + eventName, callback);
            };
        } else {
            addEventListener = function (element, eventName, callback) {
                element.addEventListener(eventName, callback, false);
            };
        }

        if (navigator.clipboard) {
            document.querySelectorAll('[data-clipboard-text]').forEach(function(element) {
                removeClass(element, 'hidden');
                element.addEventListener('click', function() {
                    navigator.clipboard.writeText(element.getAttribute('data-clipboard-text'));
                })
            });
        }

        return {
            addEventListener: addEventListener,

            createTabs: function() {
                var tabGroups = document.querySelectorAll('.sf-tabs:not([data-processed=true])');

                /* create the tab navigation for each group of tabs */
                for (var i = 0; i &lt; tabGroups.length; i++) {
                    var tabs = tabGroups[i].querySelectorAll(':scope &gt; .tab');
                    var tabNavigation = document.createElement('ul');
                    tabNavigation.className = 'tab-navigation';

                    var selectedTabId = 'tab-' + i + '-0'; /* select the first tab by default */
                    for (var j = 0; j &lt; tabs.length; j++) {
                        var tabId = 'tab-' + i + '-' + j;
                        var tabTitle = tabs[j].querySelector('.tab-title').innerHTML;

                        var tabNavigationItem = document.createElement('li');
                        tabNavigationItem.setAttribute('data-tab-id', tabId);
                        if (hasClass(tabs[j], 'active')) { selectedTabId = tabId; }
                        if (hasClass(tabs[j], 'disabled')) { addClass(tabNavigationItem, 'disabled'); }
                        tabNavigationItem.innerHTML = tabTitle;
                        tabNavigation.appendChild(tabNavigationItem);

                        var tabContent = tabs[j].querySelector('.tab-content');
                        tabContent.parentElement.setAttribute('id', tabId);
                    }

                    tabGroups[i].insertBefore(tabNavigation, tabGroups[i].firstChild);
                    addClass(document.querySelector('[data-tab-id="' + selectedTabId + '"]'), 'active');
                }

                /* display the active tab and add the 'click' event listeners */
                for (i = 0; i &lt; tabGroups.length; i++) {
                    tabNavigation = tabGroups[i].querySelectorAll(':scope &gt;.tab-navigation li');

                    for (j = 0; j &lt; tabNavigation.length; j++) {
                        tabId = tabNavigation[j].getAttribute('data-tab-id');
                        document.getElementById(tabId).querySelector('.tab-title').className = 'hidden';

                        if (hasClass(tabNavigation[j], 'active')) {
                            document.getElementById(tabId).className = 'block';
                        } else {
                            document.getElementById(tabId).className = 'hidden';
                        }

                        tabNavigation[j].addEventListener('click', function(e) {
                            var activeTab = e.target || e.srcElement;

                            /* needed because when the tab contains HTML contents, user can click */
                            /* on any of those elements instead of their parent '&lt;li&gt;' element */
                            while (activeTab.tagName.toLowerCase() !== 'li') {
                                activeTab = activeTab.parentNode;
                            }

                            /* get the full list of tabs through the parent of the active tab element */
                            var tabNavigation = activeTab.parentNode.children;
                            for (var k = 0; k &lt; tabNavigation.length; k++) {
                                var tabId = tabNavigation[k].getAttribute('data-tab-id');
                                document.getElementById(tabId).className = 'hidden';
                                removeClass(tabNavigation[k], 'active');
                            }

                            addClass(activeTab, 'active');
                            var activeTabId = activeTab.getAttribute('data-tab-id');
                            document.getElementById(activeTabId).className = 'block';
                        });
                    }

                    tabGroups[i].setAttribute('data-processed', 'true');
                }
            },

            createToggles: function() {
                var toggles = document.querySelectorAll('.sf-toggle:not([data-processed=true])');

                for (var i = 0; i &lt; toggles.length; i++) {
                    var elementSelector = toggles[i].getAttribute('data-toggle-selector');
                    var element = document.querySelector(elementSelector);

                    addClass(element, 'sf-toggle-content');

                    if (toggles[i].hasAttribute('data-toggle-initial') &amp;&amp; toggles[i].getAttribute('data-toggle-initial') == 'display') {
                        addClass(toggles[i], 'sf-toggle-on');
                        addClass(element, 'sf-toggle-visible');
                    } else {
                        addClass(toggles[i], 'sf-toggle-off');
                        addClass(element, 'sf-toggle-hidden');
                    }

                    addEventListener(toggles[i], 'click', function(e) {
                        e.preventDefault();

                        if ('' !== window.getSelection().toString()) {
                            /* Don't do anything on text selection */
                            return;
                        }

                        var toggle = e.target || e.srcElement;

                        /* needed because when the toggle contains HTML contents, user can click */
                        /* on any of those elements instead of their parent '.sf-toggle' element */
                        while (!hasClass(toggle, 'sf-toggle')) {
                            toggle = toggle.parentNode;
                        }

                        var element = document.querySelector(toggle.getAttribute('data-toggle-selector'));

                        toggleClass(toggle, 'sf-toggle-on');
                        toggleClass(toggle, 'sf-toggle-off');
                        toggleClass(element, 'sf-toggle-hidden');
                        toggleClass(element, 'sf-toggle-visible');

                        /* the toggle doesn't change its contents when clicking on it */
                        if (!toggle.hasAttribute('data-toggle-alt-content')) {
                            return;
                        }

                        if (!toggle.hasAttribute('data-toggle-original-content')) {
                            toggle.setAttribute('data-toggle-original-content', toggle.innerHTML);
                        }

                        var currentContent = toggle.innerHTML;
                        var originalContent = toggle.getAttribute('data-toggle-original-content');
                        var altContent = toggle.getAttribute('data-toggle-alt-content');
                        toggle.innerHTML = currentContent !== altContent ? altContent : originalContent;
                    });

                    /* Prevents from disallowing clicks on links inside toggles */
                    var toggleLinks = toggles[i].querySelectorAll('a');
                    for (var j = 0; j &lt; toggleLinks.length; j++) {
                        addEventListener(toggleLinks[j], 'click', function(e) {
                            e.stopPropagation();
                        });
                    }

                    /* Prevents from disallowing clicks on "copy to clipboard" elements inside toggles */
                    var copyToClipboardElements = toggles[i].querySelectorAll('span[data-clipboard-text]');
                    for (var k = 0; k &lt; copyToClipboardElements.length; k++) {
                        addEventListener(copyToClipboardElements[k], 'click', function(e) {
                            e.stopPropagation();
                        });
                    }

                    toggles[i].setAttribute('data-processed', 'true');
                }
            },

            createFilters: function() {
                document.querySelectorAll('[data-filters] [data-filter]').forEach(function (filter) {
                    var filters = filter.closest('[data-filters]'),
                        type = 'choice',
                        name = filter.dataset.filter,
                        ucName = name.charAt(0).toUpperCase()+name.slice(1),
                        list = document.createElement('ul'),
                        values = filters.dataset['filter'+ucName] || filters.querySelectorAll('[data-filter-'+name+']'),
                        labels = {},
                        defaults = null,
                        indexed = {},
                        processed = {};
                    if (typeof values === 'string') {
                        type = 'level';
                        labels = values.split(',');
                        values = values.toLowerCase().split(',');
                        defaults = values.length - 1;
                    }
                    addClass(list, 'filter-list');
                    addClass(list, 'filter-list-'+type);
                    values.forEach(function (value, i) {
                        if (value instanceof HTMLElement) {
                            value = value.dataset['filter'+ucName];
                        }
                        if (value in processed) {
                            return;
                        }
                        var option = document.createElement('li'),
                            label = i in labels ? labels[i] : value,
                            active = false,
                            matches;
                        if ('' === label) {
                            option.innerHTML = '&lt;em&gt;(none)&lt;/em&gt;';
                        } else {
                            option.innerText = label;
                        }
                        option.dataset.filter = value;
                        option.setAttribute('title', 1 === (matches = filters.querySelectorAll('[data-filter-'+name+'="'+value+'"]').length) ? 'Matches 1 row' : 'Matches '+matches+' rows');
                        indexed[value] = i;
                        list.appendChild(option);
                        addEventListener(option, 'click', function () {
                            if ('choice' === type) {
                                filters.querySelectorAll('[data-filter-'+name+']').forEach(function (row) {
                                    if (option.dataset.filter === row.dataset['filter'+ucName]) {
                                        toggleClass(row, 'filter-hidden-'+name);
                                    }
                                });
                                toggleClass(option, 'active');
                            } else if ('level' === type) {
                                if (i === this.parentNode.querySelectorAll('.active').length - 1) {
                                    return;
                                }
                                this.parentNode.querySelectorAll('li').forEach(function (currentOption, j) {
                                    if (j &lt;= i) {
                                        addClass(currentOption, 'active');
                                        if (i === j) {
                                            addClass(currentOption, 'last-active');
                                        } else {
                                            removeClass(currentOption, 'last-active');
                                        }
                                    } else {
                                        removeClass(currentOption, 'active');
                                        removeClass(currentOption, 'last-active');
                                    }
                                });
                                filters.querySelectorAll('[data-filter-'+name+']').forEach(function (row) {
                                    if (i &lt; indexed[row.dataset['filter'+ucName]]) {
                                        addClass(row, 'filter-hidden-'+name);
                                    } else {
                                        removeClass(row, 'filter-hidden-'+name);
                                    }
                                });
                            }
                        });
                        if ('choice' === type) {
                            active = null === defaults || 0 &lt;= defaults.indexOf(value);
                        } else if ('level' === type) {
                            active = i &lt;= defaults;
                            if (active &amp;&amp; i === defaults) {
                                addClass(option, 'last-active');
                            }
                        }
                        if (active) {
                            addClass(option, 'active');
                        } else {
                            filters.querySelectorAll('[data-filter-'+name+'="'+value+'"]').forEach(function (row) {
                                toggleClass(row, 'filter-hidden-'+name);
                            });
                        }
                        processed[value] = true;
                    });

                    if (1 &lt; list.childNodes.length) {
                        filter.appendChild(list);
                        filter.dataset.filtered = '';
                    }
                });
            }
        };
    })();

    Sfjs.addEventListener(document, 'DOMContentLoaded', function() {
        Sfjs.createTabs();
        Sfjs.createToggles();
        Sfjs.createFilters();
    });
}
/*]]&gt;*/        &lt;/script&gt;
    &lt;/body&gt;
&lt;/html&gt;
&lt;!-- An exception occurred in the driver: SQLSTATE[HY000] [1049] Unknown database 'crud04_test' (500 Internal Server Error) --&gt;

C:\Users\eman\Documents\GitHub\car_dealer\vendor\symfony\framework-bundle\Test\BrowserKitAssertionsTrait.php:142
C:\Users\eman\Documents\GitHub\car_dealer\vendor\symfony\framework-bundle\Test\BrowserKitAssertionsTrait.php:33
C:\Users\eman\Documents\GitHub\car_dealer\tests\WebTest\CarsPageTest.php:30</failure>
        </testcase>
        <testcase name="testHeading2" class="App\Tests\WebTest\CarsPageTest" classname="App.Tests.WebTest.CarsPageTest" file="C:\Users\eman\Documents\GitHub\car_dealer\tests\WebTest\CarsPageTest.php" line="33" assertions="1" time="0.242101">
          <failure type="PHPUnit\Framework\ExpectationFailedException">App\Tests\WebTest\CarsPageTest::testHeading2
Failed asserting that the Response is successful.
HTTP/1.1 500 Internal Server Error&#13;
Cache-Control:          no-cache, private&#13;
Content-Type:           text/html; charset=UTF-8&#13;
Date:                   Sat, 30 Apr 2022 19:16:56 GMT&#13;
X-Debug-Exception:      An%20exception%20occurred%20in%20the%20driver%3A%20SQLSTATE%5BHY000%5D%20%5B1049%5D%20Unknown%20database%20%27crud04_test%27&#13;
X-Debug-Exception-File: C%3A%5CUsers%5Ceman%5CDocuments%5CGitHub%5Ccar_dealer%5Cvendor%5Cdoctrine%5Cdbal%5Csrc%5CDriver%5CAPI%5CMySQL%5CExceptionConverter.php:103&#13;
X-Robots-Tag:           noindex&#13;
&#13;
&lt;!-- An exception occurred in the driver: SQLSTATE[HY000] [1049] Unknown database 'crud04_test' (500 Internal Server Error) --&gt;
&lt;!DOCTYPE html&gt;
&lt;html lang="en"&gt;
    &lt;head&gt;
        &lt;meta charset="UTF-8" /&gt;
        &lt;meta name="robots" content="noindex,nofollow" /&gt;
        &lt;meta name="viewport" content="width=device-width,initial-scale=1" /&gt;
        &lt;title&gt;An exception occurred in the driver: SQLSTATE[HY000] [1049] Unknown database 'crud04_test' (500 Internal Server Error)&lt;/title&gt;
        &lt;link rel="icon" type="image/png" href="data:image/png;base64,iVBORw0KGgoAAAANSUhEUgAAABwAAAAgCAYAAAABtRhCAAADVUlEQVRIx82XX0jTURTHLYPyqZdefQx66CEo80+aYpoIkqzUikz6Z5klQoWUWYRIJYEUGpQ+lIr9U5dOTLdCtkmWZis3rbnC5fw/neYW002307mX/cZvP3/7o1PwwOdh95x7vnf39zvnd29AgBer2xO6DclAXiMqZAqxIiNIN/IYSUS2BPhjmGATchUxI+ADWiRhpWK7HKuHFVBFdmU5YvnI4grFGCaReF/EBH4KsZlGgj2JBTuCYBWRIYF8YoEOJ6wBt/gEs7mBbyOjQXruPLSdOgPCiEiPSUUHDoL8Ug5IUo9B/d5wrt+G7OAKNrODPuVdB6vRCIzN6SdBlpW9RIgk/1FeAXabzRlrUPVCS/JhbmwudztnGeeH9AyXBIwtmM3wLinZJZHifjHw2V+NBoRh+9ixQrbgbnaSIcl7cGea6hoXQbNe7za241oeO5Z0p42M4BV2EqP2D50wo+6HzvwC6C4sApNOR8cmOrtcnhtj2kYRyC9eBvXzKrBZrXSs72kFd1t3MoKVbMekQkEnSNKOO8fac3LpmK6l1TlGtsxmsdKFsecPYgwxst0cwROMYDXboSotg0WLBRqjY51jLYcENElXwW2XJKPydvoI2GN9T8rBtrAArYIUruBJXkFheCQYlCpQP6uk5dAQFQNaUROMSGVQFxLmkoQsxDJrhLbTZ+nvVsERME9MgPJRKV/58AsyomTSzE813WLFvWK++qI0xSfQl8k8Pg46sYRuv5t6dS+4RqxDwaa4BGjYH+NTQvKScIp9+YL/hoZh3jDtLRHtt2C3g6bmhX+CpsFBWg7ilDSPgj0lD2ncr5ev/BP8VvyAJhqVyZeUhPOrEhEFxgEtjft846Z/guQTNT89Q5P9flMLoth4F7808wKtWWKzAwNQHxrh/1vaid2F+XpYTSbQf1XA2McOmOpROnvpvMEA4tSjq1cW0sws2gCYxswY6TKkvzYnJq1NHZLnRU4BX+4U0uburvusu8Kv8iHY7qefkM4IFngJHEOUXmLEPgiGsI8YnlZILit3vSSLRTQe/MPIZva5pshNIEmyFQlCvruJKXPkCEfmePzkphXHdzZNQdoRI9KPlBAxlj/I8U97ERPS5bjGbWDFbEdqHVe5caTBeZZx2H/IMvzeN15yoQAAAABJRU5ErkJggg=="&gt;
        &lt;style&gt;/* This file is based on WebProfilerBundle/Resources/views/Profiler/profiler.css.twig.
   If you make any change in this file, verify the same change is needed in the other file. */
:root {
    --font-sans-serif: Helvetica, Arial, sans-serif;
    --page-background: #f9f9f9;
    --color-text: #222;
    /* when updating any of these colors, do the same in toolbar.css.twig */
    --color-success: #4f805d;
    --color-warning: #a46a1f;
    --color-error: #b0413e;
    --color-muted: #999;
    --tab-background: #fff;
    --tab-color: #444;
    --tab-active-background: #666;
    --tab-active-color: #fafafa;
    --tab-disabled-background: #f5f5f5;
    --tab-disabled-color: #999;
    --metric-value-background: #fff;
    --metric-value-color: inherit;
    --metric-unit-color: #999;
    --metric-label-background: #e0e0e0;
    --metric-label-color: inherit;
    --table-border: #e0e0e0;
    --table-background: #fff;
    --table-header: #e0e0e0;
    --trace-selected-background: #F7E5A1;
    --tree-active-background: #F7E5A1;
    --exception-title-color: var(--base-2);
    --shadow: 0px 0px 1px rgba(128, 128, 128, .2);
    --border: 1px solid #e0e0e0;
    --background-error: var(--color-error);
    --highlight-comment: #969896;
    --highlight-default: #222222;
    --highlight-keyword: #a71d5d;
    --highlight-string: #183691;
    --base-0: #fff;
    --base-1: #f5f5f5;
    --base-2: #e0e0e0;
    --base-3: #ccc;
    --base-4: #666;
    --base-5: #444;
    --base-6: #222;
}

.theme-dark {
    --page-background: #36393e;
    --color-text: #e0e0e0;
    --color-muted: #777;
    --color-error: #d43934;
    --tab-background: #555;
    --tab-color: #ccc;
    --tab-active-background: #888;
    --tab-active-color: #fafafa;
    --tab-disabled-background: var(--page-background);
    --tab-disabled-color: #777;
    --metric-value-background: #555;
    --metric-value-color: inherit;
    --metric-unit-color: #999;
    --metric-label-background: #777;
    --metric-label-color: #e0e0e0;
    --trace-selected-background: #71663acc;
    --table-border: #444;
    --table-background: #333;
    --table-header: #555;
    --info-background: rgba(79, 148, 195, 0.5);
    --tree-active-background: var(--metric-label-background);
    --exception-title-color: var(--base-2);
    --shadow: 0px 0px 1px rgba(32, 32, 32, .2);
    --border: 1px solid #666;
    --background-error: #b0413e;
    --highlight-comment: #dedede;
    --highlight-default: var(--base-6);
    --highlight-keyword: #ff413c;
    --highlight-string: #70a6fd;
    --base-0: #2e3136;
    --base-1: #444;
    --base-2: #666;
    --base-3: #666;
    --base-4: #666;
    --base-5: #e0e0e0;
    --base-6: #f5f5f5;
    --card-label-background: var(--tab-active-background);
    --card-label-color: var(--tab-active-color);
}

html{font-family:sans-serif;-webkit-text-size-adjust:100%;-ms-text-size-adjust:100%}body{margin:0}article,aside,details,figcaption,figure,footer,header,hgroup,main,menu,nav,section,summary{display:block}audio,canvas,progress,video{display:inline-block;vertical-align:baseline}audio:not([controls]){display:none;height:0}[hidden],template{display:none}a{background-color:transparent}a:active,a:hover{outline:0}abbr[title]{border-bottom:1px dotted}b,strong{font-weight:700}dfn{font-style:italic}h1{margin:.67em 0;font-size:2em}mark{color:#000;background:#ff0}small{font-size:80%}sub,sup{position:relative;font-size:75%;line-height:0;vertical-align:baseline}sup{top:-.5em}sub{bottom:-.25em}img{border:0}svg:not(:root){overflow:hidden}figure{margin:1em 40px}hr{height:0;-webkit-box-sizing:content-box;-moz-box-sizing:content-box;box-sizing:content-box}pre{overflow:auto}code,kbd,pre,samp{font-family:monospace,monospace;font-size:1em}button,input,optgroup,select,textarea{margin:0;font:inherit;color:inherit}button{overflow:visible}button,select{text-transform:none}button,html input[type="button"],input[type="reset"],input[type="submit"]{-webkit-appearance:button;cursor:pointer}button[disabled],html input[disabled]{cursor:default}button::-moz-focus-inner,input::-moz-focus-inner{padding:0;border:0}input{line-height:normal}input[type="checkbox"],input[type="radio"]{-webkit-box-sizing:border-box;-moz-box-sizing:border-box;box-sizing:border-box;padding:0}input[type="number"]::-webkit-inner-spin-button,input[type="number"]::-webkit-outer-spin-button{height:auto}input[type="search"]{-webkit-box-sizing:content-box;-moz-box-sizing:content-box;box-sizing:content-box;-webkit-appearance:textfield}input[type="search"]::-webkit-search-cancel-button,input[type="search"]::-webkit-search-decoration{-webkit-appearance:none}fieldset{padding:.35em .625em .75em;margin:0 2px;border:1px solid silver}legend{padding:0;border:0}textarea{overflow:auto}optgroup{font-weight:700}table{border-spacing:0;border-collapse:collapse}td,th{padding:0}

html {
    /* always display the vertical scrollbar to avoid jumps when toggling contents */
    overflow-y: scroll;
}
body { background-color: var(--page-background); color: var(--base-6); font: 14px/1.4 Helvetica, Arial, sans-serif; padding-bottom: 45px; }

a { cursor: pointer; text-decoration: none; }
a:hover { text-decoration: underline; }
abbr[title] { border-bottom: none; cursor: help; text-decoration: none; }

code, pre { font: 13px/1.5 Consolas, Monaco, Menlo, "Ubuntu Mono", "Liberation Mono", monospace; }

table, tr, th, td { background: var(--base-0); border-collapse: collapse; vertical-align: top; }
table { background: var(--base-0); border: var(--border); box-shadow: 0px 0px 1px rgba(128, 128, 128, .2); margin: 1em 0; width: 100%; }
table th, table td { border: solid var(--base-2); border-width: 1px 0; padding: 8px 10px; }
table th { background-color: var(--base-2); font-weight: bold; text-align: left; }

.m-t-5 { margin-top: 5px; }
.hidden-xs-down { display: none; }
.block { display: block; }
.full-width { width: 100%; }
.hidden { display: none; }
.prewrap { white-space: pre-wrap; }
.nowrap { white-space: nowrap; }
.newline { display: block; }
.break-long-words { word-wrap: break-word; overflow-wrap: break-word; -webkit-hyphens: auto; -moz-hyphens: auto; hyphens: auto; min-width: 0; }
.text-small { font-size: 12px !important; }
.text-muted { color: #999; }
.text-bold { font-weight: bold; }
.empty { border: 4px dashed var(--base-2); color: #999; margin: 1em 0; padding: .5em 2em; }

.status-success { background: rgba(94, 151, 110, 0.3); }
.status-warning { background: rgba(240, 181, 24, 0.3); }
.status-error { background: rgba(176, 65, 62, 0.2); }
.status-success td, .status-warning td, .status-error td { background: transparent; }
tr.status-error td, tr.status-warning td { border-bottom: 1px solid var(--base-2); border-top: 1px solid var(--base-2); }
.status-warning .colored { color: #A46A1F; }
.status-error .colored  { color: var(--color-error); }

.sf-toggle { cursor: pointer; position: relative; }
.sf-toggle-content { -moz-transition: display .25s ease; -webkit-transition: display .25s ease; transition: display .25s ease; }
.sf-toggle-content.sf-toggle-hidden { display: none; }
.sf-toggle-content.sf-toggle-visible { display: block; }
thead.sf-toggle-content.sf-toggle-visible, tbody.sf-toggle-content.sf-toggle-visible { display: table-row-group; }
.sf-toggle-off .icon-close, .sf-toggle-on .icon-open { display: none; }
.sf-toggle-off .icon-open, .sf-toggle-on .icon-close { display: block; }

.tab-navigation { margin: 0 0 1em 0; padding: 0; }
.tab-navigation li { background: var(--tab-background); border: 1px solid var(--table-border); color: var(--tab-color); cursor: pointer; display: inline-block; font-size: 16px; margin: 0 0 0 -1px; padding: .5em .75em; z-index: 1; }
.tab-navigation li .badge { background-color: var(--base-1); color: var(--base-4); display: inline-block; font-size: 14px; font-weight: bold; margin-left: 8px; min-width: 10px; padding: 1px 6px; text-align: center; white-space: nowrap; }
.tab-navigation li.disabled { background: var(--tab-disabled-background); color: var(--tab-disabled-color); }
.tab-navigation li.active { background: var(--tab-active-background); color: var(--tab-active-color); z-index: 1100; }
.tab-navigation li.active .badge { background-color: var(--base-5); color: var(--base-2); }
.tab-content &gt; *:first-child { margin-top: 0; }
.tab-navigation li .badge.status-warning { background: var(--color-warning); color: #FFF; }
.tab-navigation li .badge.status-error { background: var(--background-error); color: #FFF; }
.sf-tabs .tab:not(:first-child) { display: none; }

[data-filters] { position: relative; }
[data-filtered] { cursor: pointer; }
[data-filtered]:after { content: '\00a0\25BE'; }
[data-filtered]:hover .filter-list li { display: inline-flex; }
[class*="filter-hidden-"] { display: none; }
.filter-list { position: absolute; border: var(--border); box-shadow: var(--shadow); margin: 0; padding: 0; display: flex; flex-direction: column; }
.filter-list :after { content: ''; }
.filter-list li {
    background: var(--tab-disabled-background);
    border-bottom: var(--border);
    color: var(--tab-disabled-color);
    display: none;
    list-style: none;
    margin: 0;
    padding: 5px 10px;
    text-align: left;
    font-weight: normal;
}
.filter-list li.active {
    background: var(--tab-background);
    color: var(--tab-color);
}
.filter-list li.last-active {
    background: var(--tab-active-background);
    color: var(--tab-active-color);
}

.filter-list-level li { cursor: s-resize; }
.filter-list-level li.active { cursor: n-resize; }
.filter-list-level li.last-active { cursor: default; }
.filter-list-level li.last-active:before { content: '\2714\00a0'; }
.filter-list-choice li:before { content: '\2714\00a0'; color: transparent; }
.filter-list-choice li.active:before { color: unset; }

.container { max-width: 1024px; margin: 0 auto; padding: 0 15px; }
.container::after { content: ""; display: table; clear: both; }

header { background-color: #222; color: rgba(255, 255, 255, 0.75); font-size: 13px; height: 33px; line-height: 33px; padding: 0; }
header .container { display: flex; justify-content: space-between; }
.logo { flex: 1; font-size: 13px; font-weight: normal; margin: 0; padding: 0; }
.logo svg { height: 18px; width: 18px; opacity: .8; vertical-align: -5px; }

.help-link { margin-left: 15px; }
.help-link a { color: inherit; }
.help-link .icon svg { height: 15px; width: 15px; opacity: .7; vertical-align: -2px; }
.help-link a:hover { color: #EEE; text-decoration: none; }
.help-link a:hover svg { opacity: .9; }

.exception-summary { background: var(--background-error); border-bottom: 2px solid rgba(0, 0, 0, 0.1); border-top: 1px solid rgba(0, 0, 0, .3); flex: 0 0 auto; margin-bottom: 15px; }
.exception-metadata { background: rgba(0, 0, 0, 0.1); padding: 7px 0; }
.exception-metadata .container { display: flex; flex-direction: row; justify-content: space-between; }
.exception-metadata h2, .exception-metadata h2 &gt; a { color: rgba(255, 255, 255, 0.8); font-size: 13px; font-weight: 400; margin: 0; }
.exception-http small { font-size: 13px; opacity: .7; }
.exception-hierarchy { flex: 1; }
.exception-hierarchy .icon { margin: 0 3px; opacity: .7; }
.exception-hierarchy .icon svg { height: 13px; width: 13px; vertical-align: -2px; }

.exception-without-message .exception-message-wrapper { display: none; }
.exception-message-wrapper .container { display: flex; align-items: flex-start; min-height: 70px; padding: 10px 15px 8px; }
.exception-message { flex-grow: 1; }
.exception-message, .exception-message a { color: #FFF; font-size: 21px; font-weight: 400; margin: 0; }
.exception-message.long { font-size: 18px; }
.exception-message a { border-bottom: 1px solid rgba(255, 255, 255, 0.5); font-size: inherit; text-decoration: none; }
.exception-message a:hover { border-bottom-color: #ffffff; }

.exception-illustration { flex-basis: 111px; flex-shrink: 0; height: 66px; margin-left: 15px; opacity: .7; }

.trace + .trace { margin-top: 30px; }
.trace-head { background-color: var(--base-2); padding: 10px; position: relative; }
.trace-head .trace-class { color: var(--base-6); font-size: 18px; font-weight: bold; line-height: 1.3; margin: 0; position: relative; }
.trace-head .trace-namespace { color: #999; display: block; font-size: 13px; }
.trace-head .icon { position: absolute; right: 0; top: 0; }
.trace-head .icon svg { fill: var(--base-5); height: 24px; width: 24px; }

.trace-details { background: var(--base-0); border: var(--border); box-shadow: 0px 0px 1px rgba(128, 128, 128, .2); margin: 1em 0; table-layout: fixed; }

.trace-message { font-size: 14px; font-weight: normal; margin: .5em 0 0; }

.trace-line { position: relative; padding-top: 8px; padding-bottom: 8px; }
.trace-line + .trace-line { border-top: var(--border); }
.trace-line:hover { background: var(--base-1); }
.trace-line a { color: var(--base-6); }
.trace-line .icon { opacity: .4; position: absolute; left: 10px; top: 11px; }
.trace-line .icon svg { fill: var(--base-5); height: 16px; width: 16px; }
.trace-line .icon.icon-copy { left: auto; top: auto; padding-left: 5px; display: none }
.trace-line:hover .icon.icon-copy:not(.hidden) { display: inline-block }
.trace-line-header { padding-left: 36px; padding-right: 10px; }

.trace-file-path, .trace-file-path a { color: var(--base-6); font-size: 13px; }
.trace-class { color: var(--color-error); }
.trace-type { padding: 0 2px; }
.trace-method { color: var(--color-error); font-weight: bold; }
.trace-arguments { color: #777; font-weight: normal; padding-left: 2px; }

.trace-code { background: var(--base-0); font-size: 12px; margin: 10px 10px 2px 10px; padding: 10px; overflow-x: auto; white-space: nowrap; }
.trace-code ol { margin: 0; float: left; }
.trace-code li { color: #969896; margin: 0; padding-left: 10px; float: left; width: 100%; }
.trace-code li + li { margin-top: 5px; }
.trace-code li.selected { background: var(--trace-selected-background); margin-top: 2px; }
.trace-code li code { color: var(--base-6); white-space: nowrap; }

.trace-as-text .stacktrace { line-height: 1.8; margin: 0 0 15px; white-space: pre-wrap; }

@media (min-width: 575px) {
    .hidden-xs-down { display: initial; }
    .help-link { margin-left: 30px; }
}&lt;/style&gt;
        &lt;style&gt;.sf-reset .traces {
    padding-bottom: 14px;
}
.sf-reset .traces li {
    font-size: 12px;
    color: #868686;
    padding: 5px 4px;
    list-style-type: decimal;
    margin-left: 20px;
}
.sf-reset #logs .traces li.error {
    font-style: normal;
    color: #AA3333;
    background: #f9ecec;
}
.sf-reset #logs .traces li.warning {
    font-style: normal;
    background: #ffcc00;
}
/* fix for Opera not liking empty &lt;li&gt; */
.sf-reset .traces li:after {
    content: "\00A0";
}
.sf-reset .trace {
    border: 1px solid #D3D3D3;
    padding: 10px;
    overflow: auto;
    margin: 10px 0 20px;
}
.sf-reset .block-exception {
    -moz-border-radius: 16px;
    -webkit-border-radius: 16px;
    border-radius: 16px;
    margin-bottom: 20px;
    background-color: #f6f6f6;
    border: 1px solid #dfdfdf;
    padding: 30px 28px;
    word-wrap: break-word;
    overflow: hidden;
}
.sf-reset .block-exception div {
    color: #313131;
    font-size: 10px;
}
.sf-reset .block-exception-detected .illustration-exception,
.sf-reset .block-exception-detected .text-exception {
    float: left;
}
.sf-reset .block-exception-detected .illustration-exception {
    width: 152px;
}
.sf-reset .block-exception-detected .text-exception {
    width: 670px;
    padding: 30px 44px 24px 46px;
    position: relative;
}
.sf-reset .text-exception .open-quote,
.sf-reset .text-exception .close-quote {
    font-family: Arial, Helvetica, sans-serif;
    position: absolute;
    color: #C9C9C9;
    font-size: 8em;
}
.sf-reset .open-quote {
    top: 0;
    left: 0;
}
.sf-reset .close-quote {
    bottom: -0.5em;
    right: 50px;
}
.sf-reset .block-exception p {
    font-family: Arial, Helvetica, sans-serif;
}
.sf-reset .block-exception p a,
.sf-reset .block-exception p a:hover {
    color: #565656;
}
.sf-reset .logs h2 {
    float: left;
    width: 654px;
}
.sf-reset .error-count, .sf-reset .support {
    float: right;
    width: 170px;
    text-align: right;
}
.sf-reset .error-count span {
    display: inline-block;
    background-color: #aacd4e;
    -moz-border-radius: 6px;
    -webkit-border-radius: 6px;
    border-radius: 6px;
    padding: 4px;
    color: white;
    margin-right: 2px;
    font-size: 11px;
    font-weight: bold;
}

.sf-reset .support a {
    display: inline-block;
    -moz-border-radius: 6px;
    -webkit-border-radius: 6px;
    border-radius: 6px;
    padding: 4px;
    color: #000000;
    margin-right: 2px;
    font-size: 11px;
    font-weight: bold;
}

.sf-reset .toggle {
    vertical-align: middle;
}
.sf-reset .linked ul,
.sf-reset .linked li {
    display: inline;
}
.sf-reset #output-content {
    color: #000;
    font-size: 12px;
}
.sf-reset #traces-text pre {
    white-space: pre;
    font-size: 12px;
    font-family: monospace;
}&lt;/style&gt;
    &lt;/head&gt;
    &lt;body&gt;
        &lt;script&gt;
            document.body.classList.add(
                localStorage.getItem('symfony/profiler/theme') || (matchMedia('(prefers-color-scheme: dark)').matches ? 'theme-dark' : 'theme-light')
            );
        &lt;/script&gt;

                    &lt;header&gt;
                &lt;div class="container"&gt;
                    &lt;h1 class="logo"&gt;&lt;svg xmlns="http://www.w3.org/2000/svg" width="24" height="24" viewBox="0 0 24 24"&gt;&lt;path fill="#FFF" d="M12 .9C5.8.9.9 5.8.9 12a11 11 0 1 0 22.2 0A11 11 0 0 0 12 .9zm6.5 6c-.6 0-.9-.3-.9-.8 0-.2 0-.4.2-.6l.2-.4c0-.3-.5-.4-.6-.4-1.8.1-2.3 2.5-2.7 4.4l-.2 1c1 .2 1.8 0 2.2-.3.6-.4-.2-.7-.1-1.2.1-.3.5-.5.7-.6.5 0 .7.5.7.9 0 .7-1 1.8-3 1.8l-.6-.1-.6 2.4c-.4 1.6-.8 3.8-2.4 5.7-1.4 1.7-2.9 1.9-3.5 1.9-1.2 0-1.9-.6-2-1.5 0-.8.7-1.3 1.2-1.3.6 0 1.1.5 1.1 1s-.2.6-.4.6c-.1.1-.3.2-.3.4 0 .1.1.3.4.3.5 0 .8-.3 1.1-.5 1.2-.9 1.6-2.7 2.2-5.7l.1-.7.7-3.2c-.8-.6-1.3-1.4-2.4-1.7-.6-.1-1.1.1-1.5.5-.4.5-.2 1.1.2 1.5l.7.6c.7.8 1.2 1.6 1 2.5-.3 1.5-2 2.6-4 1.9-1.8-.6-2-1.8-1.8-2.5.2-.6.6-.7 1.1-.6.5.2.6.7.6 1.2l-.1.3c-.2.1-.3.3-.3.4-.1.4.4.6.7.7.7.3 1.6-.2 1.8-.8a1 1 0 0 0-.4-1.1l-.7-.8c-.4-.4-1.1-1.4-.7-2.6.1-.5.4-.9.7-1.3a4 4 0 0 1 2.8-.6c1.2.4 1.8 1.1 2.6 1.8.5-1.2 1-2.4 1.8-3.5.9-.9 1.9-1.6 3.1-1.7 1.3.2 2.2.7 2.2 1.6 0 .4-.2 1.1-.9 1.1z"/&gt;&lt;/svg&gt; Symfony Exception&lt;/h1&gt;

                    &lt;div class="help-link"&gt;
                        &lt;a href="https://symfony.com/doc/6.0.2/index.html"&gt;
                            &lt;span class="icon"&gt;&lt;svg width="1792" height="1792" viewBox="0 0 1792 1792" xmlns="http://www.w3.org/2000/svg"&gt;&lt;path fill="#FFF" d="M1703 478q40 57 18 129l-275 906q-19 64-76.5 107.5T1247 1664H324q-77 0-148.5-53.5T76 1479q-24-67-2-127 0-4 3-27t4-37q1-8-3-21.5t-3-19.5q2-11 8-21t16.5-23.5T116 1179q23-38 45-91.5t30-91.5q3-10 .5-30t-.5-28q3-11 17-28t17-23q21-36 42-92t25-90q1-9-2.5-32t.5-28q4-13 22-30.5t22-22.5q19-26 42.5-84.5T404 411q1-8-3-25.5t-2-26.5q2-8 9-18t18-23 17-21q8-12 16.5-30.5t15-35 16-36 19.5-32 26.5-23.5 36-11.5T620 134l-1 3q38-9 51-9h761q74 0 114 56t18 130l-274 906q-36 119-71.5 153.5T1089 1408H220q-27 0-38 15-11 16-1 43 24 70 144 70h923q29 0 56-15.5t35-41.5l300-987q7-22 5-57 38 15 59 43zm-1064 2q-4 13 2 22.5t20 9.5h608q13 0 25.5-9.5T1311 480l21-64q4-13-2-22.5t-20-9.5H702q-13 0-25.5 9.5T660 416zm-83 256q-4 13 2 22.5t20 9.5h608q13 0 25.5-9.5T1228 736l21-64q4-13-2-22.5t-20-9.5H619q-13 0-25.5 9.5T577 672z"/&gt;&lt;/svg&gt;&lt;/span&gt;
                            &lt;span class="hidden-xs-down"&gt;Symfony&lt;/span&gt; Docs
                        &lt;/a&gt;
                    &lt;/div&gt;
                &lt;/div&gt;
            &lt;/header&gt;
        
        &lt;div class="exception-summary "&gt;
    &lt;div class="exception-metadata"&gt;
        &lt;div class="container"&gt;
            &lt;h2 class="exception-hierarchy"&gt;
                                    &lt;a href="#trace-box-3"&gt;&lt;abbr title="PDOException"&gt;PDOException&lt;/abbr&gt;&lt;/a&gt;
                    &lt;span class="icon"&gt;&lt;svg width="1792" height="1792" viewBox="0 0 1792 1792" xmlns="http://www.w3.org/2000/svg"&gt;&lt;path fill="#FFF" d="M1363 877l-742 742q-19 19-45 19t-45-19l-166-166q-19-19-19-45t19-45l531-531-531-531q-19-19-19-45t19-45L531 45q19-19 45-19t45 19l742 742q19 19 19 45t-19 45z"/&gt;&lt;/svg&gt;&lt;/span&gt;
                                    &lt;a href="#trace-box-2"&gt;&lt;abbr title="Doctrine\DBAL\Driver\PDO\Exception"&gt;Exception&lt;/abbr&gt;&lt;/a&gt;
                    &lt;span class="icon"&gt;&lt;svg width="1792" height="1792" viewBox="0 0 1792 1792" xmlns="http://www.w3.org/2000/svg"&gt;&lt;path fill="#FFF" d="M1363 877l-742 742q-19 19-45 19t-45-19l-166-166q-19-19-19-45t19-45l531-531-531-531q-19-19-19-45t19-45L531 45q19-19 45-19t45 19l742 742q19 19 19 45t-19 45z"/&gt;&lt;/svg&gt;&lt;/span&gt;
                                &lt;a href="#trace-box-1"&gt;&lt;abbr title="Doctrine\DBAL\Exception\ConnectionException"&gt;ConnectionException&lt;/abbr&gt;&lt;/a&gt;
            &lt;/h2&gt;
            &lt;h2 class="exception-http"&gt;
                HTTP 500 &lt;small&gt;Internal Server Error&lt;/small&gt;
            &lt;/h2&gt;
        &lt;/div&gt;
    &lt;/div&gt;

    &lt;div class="exception-message-wrapper"&gt;
        &lt;div class="container"&gt;
            &lt;h1 class="break-long-words exception-message"&gt;An exception occurred in the driver: SQLSTATE[HY000] [1049] Unknown database 'crud04_test'&lt;/h1&gt;

            &lt;div class="exception-illustration hidden-xs-down"&gt;
                &lt;svg viewBox="0 0 136 81" xmlns="http://www.w3.org/2000/svg" fill-rule="evenodd" clip-rule="evenodd" stroke-linejoin="round" stroke-miterlimit="1.4"&gt;&lt;path d="M92.4 20.4a23.2 23.2 0 0 1 9 1.9 23.7 23.7 0 0 1 5.2 3 24.3 24.3 0 0 1 3.4 3.4 24.8 24.8 0 0 1 5 9.4c.5 1.7.8 3.4 1 5.2v14.5h.4l.5.2a7.4 7.4 0 0 0 2.5.2l.2-.2.6-.8.8-1.3-.2-.1a5.5 5.5 0 0 1-.8-.3 5.6 5.6 0 0 1-2.3-1.8 5.7 5.7 0 0 1-.9-1.6 6.5 6.5 0 0 1-.2-2.8 7.3 7.3 0 0 1 .5-2l.3-.3.8-.9.3-.3c.2-.2.5-.3.8-.3H120.7c.2 0 .3-.1.4 0h.4l.2.1.3.2.2-.4.3-.4.1-.1 1.2-1 .3-.2.4-.1.4-.1h.3l1.5.1.4.1.8.5.1.2 1 1.1v.2H129.4l.4-.2 1.4-.5h1.1c.3 0 .7.2 1 .4.2 0 .3.2.5.3l.2.2.5.3.4.6.1.3.4 1.4.1.4v.6a7.8 7.8 0 0 1-.1.6 9.9 9.9 0 0 1-.8 2.4 7.8 7.8 0 0 1-3 3.3 6.4 6.4 0 0 1-1 .5 6.1 6.1 0 0 1-.6.2l-.7.1h-.1a23.4 23.4 0 0 1-.2 1.7 14.3 14.3 0 0 1-.6 2.1l-.8 2a9.2 9.2 0 0 1-.4.6l-.7 1a9.1 9.1 0 0 1-2.3 2.2c-.9.5-2 .6-3 .7l-1.4.1h-.5l-.4.1a15.8 15.8 0 0 1-2.8-.1v4.2a9.7 9.7 0 0 1-.7 3.5 9.6 9.6 0 0 1-1.7 2.8 9.3 9.3 0 0 1-3 2.3 9 9 0 0 1-5.4.7 9 9 0 0 1-3-1 9.4 9.4 0 0 1-2.7-2.5 10 10 0 0 1-1 1.2 9.3 9.3 0 0 1-2 1.3 9 9 0 0 1-2.4 1 9 9 0 0 1-6.5-1.1A9.4 9.4 0 0 1 85 77V77a10.9 10.9 0 0 1-.6.6 9.3 9.3 0 0 1-2.7 2 9 9 0 0 1-6 .8 9 9 0 0 1-2.4-1 9.3 9.3 0 0 1-2.3-1.7 9.6 9.6 0 0 1-1.8-2.8 9.7 9.7 0 0 1-.8-3.7v-4a18.5 18.5 0 0 1-2.9.2l-1.2-.1c-1.9-.3-3.7-1-5.1-2.2a8.2 8.2 0 0 1-1.1-1 10.2 10.2 0 0 1-.9-1.2 15.3 15.3 0 0 1-.7-1.3 20.8 20.8 0 0 1-1.9-6.2v-.2a6.5 6.5 0 0 1-1-.3 6.1 6.1 0 0 1-.6-.3 6.6 6.6 0 0 1-.9-.6 8.2 8.2 0 0 1-2.7-3.7 10 10 0 0 1-.3-1 10.3 10.3 0 0 1-.3-1.9V47v-.4l.1-.4.6-1.4.1-.2a2 2 0 0 1 .8-.8l.3-.2.3-.2a3.2 3.2 0 0 1 1.8-.5h.4l.3.2 1.4.6.2.2.4.3.3.4.7-.7.2-.2.4-.2.6-.2h2.1l.4.2.4.2.3.2.8 1 .2-.1h.1v-.1H63l1.1.1h.3l.8.5.3.4.7 1 .2.3.1.5a11 11 0 0 1 .2 1.5c0 .8 0 1.6-.3 2.3a6 6 0 0 1-.5 1.2 5.5 5.5 0 0 1-3.3 2.5 12.3 12.3 0 0 0 1.4 3h.1l.2.1 1 .2h1.5l.5-.2H67.8l.5-.2h.1V44v-.4a26.7 26.7 0 0 1 .3-2.3 24.7 24.7 0 0 1 5.7-12.5 24.2 24.2 0 0 1 3.5-3.3 23.7 23.7 0 0 1 4.9-3 23.2 23.2 0 0 1 5.6-1.7 23.7 23.7 0 0 1 4-.3zm-.3 2a21.2 21.2 0 0 0-8 1.7 21.6 21.6 0 0 0-4.8 2.7 22.2 22.2 0 0 0-3.2 3 22.7 22.7 0 0 0-5 9.2 23.4 23.4 0 0 0-.7 4.9v15.7l-.5.1a34.3 34.3 0 0 1-1.5.3h-.2l-.4.1h-.4l-.9.2a10 10 0 0 1-1.9 0c-.5 0-1-.2-1.5-.4a1.8 1.8 0 0 1-.3-.2 2 2 0 0 1-.3-.3 5.2 5.2 0 0 1-.1-.2 9 9 0 0 1-.6-.9 13.8 13.8 0 0 1-1-2 14.3 14.3 0 0 1-.6-2 14 14 0 0 1-.1-.8v-.2h.3a12.8 12.8 0 0 0 1.4-.2 4.4 4.4 0 0 0 .3 0 3.6 3.6 0 0 0 1.1-.7 3.4 3.4 0 0 0 1.2-1.7l.2-1.2a5.1 5.1 0 0 0 0-.8 7.2 7.2 0 0 0-.1-.8l-.7-1-1.2-.2-1 .7-.1 1.3a5 5 0 0 1 .1.4v.6a1 1 0 0 1 0 .3c-.1.3-.4.4-.7.5l-1.2.4v-.7A9.9 9.9 0 0 1 60 49l.3-.6v-.2l.1-.1v-1.6l-1-1.2h-1.5l-1 1.1v.4a5.3 5.3 0 0 0-.2.6 5.5 5.5 0 0 0 0 .5c0 .7 0 1.4.3 2 0 .4.2.8.4 1.2L57 51a9.5 9.5 0 0 1-1.1-.5h-.2a2 2 0 0 1-.4-.3c-.4-.4-.5-1-.6-1.6a5.6 5.6 0 0 1 0-.5v-.5-.5l-.6-1.5-1.4-.6-.9.3s-.2 0-.3.2a2 2 0 0 1-.1 0l-.6 1.4v.7a8.5 8.5 0 0 0 .5 2c.4 1.1 1 2.1 2 2.8a4.7 4.7 0 0 0 2.1.9h1a22.8 22.8 0 0 0 .1 1 18.1 18.1 0 0 0 .8 3.8 18.2 18.2 0 0 0 1.6 3.7l1 1.3c1 1 2.3 1.6 3.7 2a11.7 11.7 0 0 0 4.8 0h.4l.5-.2.5-.1.6-.2v6.6a8 8 0 0 0 .1 1.3 7.5 7.5 0 0 0 2.4 4.3 7.2 7.2 0 0 0 2.3 1.3 7 7 0 0 0 7-1.1 7.5 7.5 0 0 0 2-2.6A7.7 7.7 0 0 0 85 72V71a8.2 8.2 0 0 0 .2 1.3c0 .7.3 1.4.6 2a7.5 7.5 0 0 0 1.7 2.3 7.3 7.3 0 0 0 2.2 1.4 7.1 7.1 0 0 0 4.6.2 7.2 7.2 0 0 0 2.4-1.2 7.5 7.5 0 0 0 2.1-2.7 7.8 7.8 0 0 0 .7-2.4V71a9.3 9.3 0 0 0 .1.6 7.6 7.6 0 0 0 .6 2.5 7.5 7.5 0 0 0 2.4 3 7.1 7.1 0 0 0 7 .8 7.3 7.3 0 0 0 2.3-1.5 7.5 7.5 0 0 0 1.6-2.3 7.6 7.6 0 0 0 .5-2l.1-1.1v-6.7l.4.1a12.2 12.2 0 0 0 2 .5 11.1 11.1 0 0 0 2.5 0h.8l1.2-.1a9.5 9.5 0 0 0 1.4-.2l.9-.3a3.5 3.5 0 0 0 .6-.4l1.2-1.4a12.2 12.2 0 0 0 .8-1.2c0-.3.2-.5.3-.7a15.9 15.9 0 0 0 .7-2l.3-1.6v-1.3l.2-.9V54.6a15.5 15.5 0 0 0 1.8 0 4.5 4.5 0 0 0 1.4-.5 5.7 5.7 0 0 0 2.5-3.2 7.6 7.6 0 0 0 .4-1.5v-.3l-.4-1.4a5.2 5.2 0 0 1-.2-.1l-.4-.4a3.8 3.8 0 0 0-.2 0 1.4 1.4 0 0 0-.5-.2l-1.4.4-.7 1.3v.7a5.7 5.7 0 0 1-.1.8l-.7 1.4a1.9 1.9 0 0 1-.5.3h-.3a9.6 9.6 0 0 1-.8.3 8.8 8.8 0 0 1-.6 0l.2-.4.2-.5.2-.3v-.4l.1-.2V50l.1-1 .1-.6v-.6a4.8 4.8 0 0 0 0-.8v-.2l-1-1.1-1.5-.2-1.1 1-.2 1.4v.1l.2.4.2.3v.4l.1 1.1v.3l.1.5v.8a9.6 9.6 0 0 1-.8-.3l-.2-.1h-.3l-.8-.1h-.2a1.6 1.6 0 0 1-.2-.2.9.9 0 0 1-.2-.2 1 1 0 0 1-.1-.5l.2-.9v-1.2l-.9-.8h-1.2l-.8.9v.3a4.8 4.8 0 0 0-.3 2l.3.9a3.5 3.5 0 0 0 1.2 1.6l1 .5.8.2 1.4.1h.4l.2.1a12.1 12.1 0 0 1-1 2.6 13.2 13.2 0 0 1-.8 1.5 9.5 9.5 0 0 1-1 1.2l-.2.3a1.7 1.7 0 0 1-.4.3 2.4 2.4 0 0 1-.7.2h-2.5a7.8 7.8 0 0 1-.6-.2l-.7-.2h-.2a14.8 14.8 0 0 1-.6-.2 23.4 23.4 0 0 1-.4-.1l-.4-.1-.3-.1V43.9a34.6 34.6 0 0 0 0-.6 23.6 23.6 0 0 0-.4-3 22.7 22.7 0 0 0-1.5-4.7 22.6 22.6 0 0 0-4.6-6.7 21.9 21.9 0 0 0-6.9-4.7 21.2 21.2 0 0 0-8.1-1.8H92zm9.1 33.7l.3.1a1 1 0 0 1 .6.8v.4a8.4 8.4 0 0 1 0 .5 8.8 8.8 0 0 1-1.6 4.2l-1 1.3A10 10 0 0 1 95 66c-1.3.3-2.7.4-4 .3a10.4 10.4 0 0 1-2.7-.8 10 10 0 0 1-3.6-2.5 9.3 9.3 0 0 1-.8-1 9 9 0 0 1-.7-1.2 8.6 8.6 0 0 1-.8-3.4V57a1 1 0 0 1 .3-.6 1 1 0 0 1 1.3-.2 1 1 0 0 1 .4.8v.4a6.5 6.5 0 0 0 .5 2.2 7 7 0 0 0 2.1 2.8l1 .6c2.6 1.6 6 1.6 8.5 0a8 8 0 0 0 1.1-.6 7.6 7.6 0 0 0 1.2-1.2 7 7 0 0 0 1-1.7 6.5 6.5 0 0 0 .4-2.5 1 1 0 0 1 .7-1h.4zM30.7 43.7c-15.5 1-28.5-6-30.1-16.4C-1.2 15.7 11.6 4 29 1.3 46.6-1.7 62.3 5.5 64 17.1c1.6 10.4-8.7 21-23.7 25a31.2 31.2 0 0 0 0 .9v.3a19 19 0 0 0 .1 1l.1.4.1.9a4.7 4.7 0 0 0 .5 1l.7 1a9.2 9.2 0 0 0 1.2 1l1.5.8.6.8-.7.6-1.1.3a11.2 11.2 0 0 1-2.6.4 8.6 8.6 0 0 1-3-.5 8.5 8.5 0 0 1-1-.4 11.2 11.2 0 0 1-1.8-1.2 13.3 13.3 0 0 1-1-1 18 18 0 0 1-.7-.6l-.4-.4a23.4 23.4 0 0 1-1.3-1.8l-.1-.1-.3-.5V45l-.3-.6v-.7zM83.1 36c3.6 0 6.5 3.2 6.5 7.1 0 4-3 7.2-6.5 7.2S76.7 47 76.7 43 79.6 36 83 36zm18 0c3.6 0 6.5 3.2 6.5 7.1 0 4-2.9 7.2-6.4 7.2S94.7 47 94.7 43s3-7.1 6.5-7.1zm-18 6.1c2 0 3.5 1.6 3.5 3.6S85 49.2 83 49.2s-3.4-1.6-3.4-3.6S81.2 42 83 42zm17.9 0c1.9 0 3.4 1.6 3.4 3.6s-1.5 3.6-3.4 3.6c-2 0-3.5-1.6-3.5-3.6S99.1 42 101 42zM17 28c-.3 1.6-1.8 5-5.2 5.8-2.5.6-4.1-.8-4.5-2.6-.4-1.9.7-3.5 2.1-4.5A3.5 3.5 0 0 1 8 24.6c-.4-2 .8-3.7 3.2-4.2 1.9-.5 3.1.2 3.4 1.5.3 1.1-.5 2.2-1.8 2.5-.9.3-1.6 0-1.7-.6a1.4 1.4 0 0 1 0-.7s.3.2 1 0c.7-.1 1-.7.9-1.2-.2-.6-1-.8-1.8-.6-1 .2-2 1-1.7 2.6.3 1 .9 1.6 1.5 1.8l.7-.2c1-.2 1.5 0 1.6.5 0 .4-.2 1-1.2 1.2a3.3 3.3 0 0 1-1.5 0c-.9.7-1.6 1.9-1.3 3.2.3 1.3 1.3 2.2 3 1.8 2.5-.7 3.8-3.7 4.2-5-.3-.5-.6-1-.7-1.6-.1-.5.1-1 .9-1.2.4 0 .7.2.8.8a2.8 2.8 0 0 1 0 1l.7 1c.6-2 1.4-4 1.7-4 .6-.2 1.5.6 1.5.6-.8.7-1.7 2.4-2.3 4.2.8.6 1.6 1 2.1 1 .5-.1.8-.6 1-1.2-.3-2.2 1-4.3 2.3-4.6.7-.2 1.3.2 1.4.8.1.5 0 1.3-.9 1.7-.2-1-.6-1.3-1-1.3-.4.1-.7 1.4-.4 2.8.2 1 .7 1.5 1.3 1.4.8-.2 1.3-1.2 1.7-2.1-.3-2.1.9-4.2 2.2-4.5.7-.2 1.2.1 1.4 1 .4 1.4-1 2.8-2.2 3.4.3.7.7 1 1.3.9 1-.3 1.6-1.5 2-2.5l-.5-3v-.3s1.6-.3 1.8.6v.1c.2-.6.7-1.2 1.3-1.4.8-.1 1.5.6 1.7 1.6.5 2.2-.5 4.4-1.8 4.7H33a31.9 31.9 0 0 0 1 5.2c-.4.1-1.8.4-2-.4l-.5-5.6c-.5 1-1.3 2.2-2.5 2.4-1 .3-1.6-.3-2-1.1-.5 1-1.3 2.1-2.4 2.4-.8.2-1.5-.1-2-1-.3.8-.9 1.5-1.5 1.7-.7.1-1.5-.3-2.4-1-.3.8-.4 1.6-.4 2.2 0 0-.7 0-.8-.4-.1-.5 0-1.5.3-2.7a10.3 10.3 0 0 1-.7-.8zm38.2-17.8l.2.9c.5 1.9.4 4.4.8 6.4 0 .6-.4 3-1.4 3.3-.2 0-.3 0-.4-.4-.1-.7 0-1.6-.3-2.6-.2-1.1-.8-1.6-1.5-1.5-.8.2-1.3 1-1.6 2l-.1-.5c-.2-1-1.8-.6-1.8-.6a6.2 6.2 0 0 1 .4 1.3l.2 1c-.2.5-.6 1-1.2 1l-.2.1a7 7 0 0 0-.1-.8c-.3-1.1-1-2-1.6-1.8a.7.7 0 0 0-.4.3c-1.3.3-2.4 2-2.1 3.9-.2.9-.6 1.7-1 1.9-.5 0-.8-.5-1.1-1.8l-.1-1.2a4 4 0 0 0 0-1.7c0-.4-.4-.7-.8-.6-.7.2-.9 1.7-.5 3.8-.2 1-.6 2-1.3 2-.4.2-.8-.2-1-1l-.2-3c1.2-.5 2-1 1.8-1.7-.1-.5-.8-.7-.8-.7s0 .7-1 1.2l-.2-1.4c-.1-.6-.4-1-1.7-.6l.4 1 .2 1.5h-1v.8c0 .3.4.3 1 .2 0 1.3 0 2.7.2 3.6.3 1.4 1.2 2 2 1.7 1-.2 1.6-1.3 2-2.3.3 1.2 1 2 1.9 1.7.7-.2 1.2-1.1 1.6-2.2.4.8 1.1 1.1 2 1 1.2-.4 1.7-1.6 1.8-2.8h.2c.6-.2 1-.6 1.3-1 0 .8 0 1.5.2 2.1.1.5.3.7.6.6.5-.1 1-.9 1-.9a4 4 0 0 1-.3-1c-.3-1.3.3-3.6 1-3.7.2 0 .3.2.5.7v.8l.2 1.5v.7c.2.7.7 1.3 1.5 1 1.3-.2 2-2.6 2.1-3.9.3.2.6.2 1 .1-.6-2.2 0-6.1-.3-7.9-.1-.4-1-.5-1.7-.5h-.4zm-21.5 12c.4 0 .7.3 1 1.1.2 1.3-.3 2.6-.9 2.8-.2 0-.7 0-1-1.2v-.4c0-1.3.4-2 1-2.2zm-5.2 1c.3 0 .6.2.6.5.2.6-.3 1.3-1.2 2-.3-1.4.1-2.3.6-2.5zm18-.4c-.5.2-1-.4-1.2-1.2-.2-1 0-2.1.7-2.5v.5c.2.7.6 1.5 1.3 1.9 0 .7-.2 1.2-.7 1.3zm10-1.6c0 .5.4.7 1 .6.8-.2 1-1 .8-1.6 0-.5-.4-1-1-.8-.5.1-1 .9-.8 1.8zm-14.3-5.5c0-.4-.5-.7-1-.5-.8.2-1 1-.9 1.5.2.6.5 1 1 .8.5 0 1.1-1 1-1.8z" fill="#fff" fill-opacity=".6"/&gt;&lt;/svg&gt;            &lt;/div&gt;
        &lt;/div&gt;
    &lt;/div&gt;
&lt;/div&gt;

&lt;div class="container"&gt;
    &lt;div class="sf-tabs"&gt;
        &lt;div class="tab"&gt;
                        &lt;h3 class="tab-title"&gt;
                                    Exceptions &lt;span class="badge"&gt;3&lt;/span&gt;
                            &lt;/h3&gt;

            &lt;div class="tab-content"&gt;
                &lt;div class="trace trace-as-html" id="trace-box-1"&gt;
    &lt;div class="trace-details"&gt;
        &lt;div class="trace-head"&gt;
            &lt;div class="sf-toggle" data-toggle-selector="#trace-html-1" data-toggle-initial="display"&gt;
                &lt;span class="icon icon-close"&gt;&lt;svg width="1792" height="1792" viewBox="0 0 1792 1792" xmlns="http://www.w3.org/2000/svg"&gt;&lt;path d="M1344 800v64q0 14-9 23t-23 9H480q-14 0-23-9t-9-23v-64q0-14 9-23t23-9h832q14 0 23 9t9 23zm128 448V416q0-66-47-113t-113-47H480q-66 0-113 47t-47 113v832q0 66 47 113t113 47h832q66 0 113-47t47-113zm128-832v832q0 119-84.5 203.5T1312 1536H480q-119 0-203.5-84.5T192 1248V416q0-119 84.5-203.5T480 128h832q119 0 203.5 84.5T1600 416z"/&gt;&lt;/svg&gt;&lt;/span&gt;
                &lt;span class="icon icon-open"&gt;&lt;svg width="1792" height="1792" viewBox="0 0 1792 1792" xmlns="http://www.w3.org/2000/svg"&gt;&lt;path d="M1344 800v64q0 14-9 23t-23 9H960v352q0 14-9 23t-23 9h-64q-14 0-23-9t-9-23V896H480q-14 0-23-9t-9-23v-64q0-14 9-23t23-9h352V416q0-14 9-23t23-9h64q14 0 23 9t9 23v352h352q14 0 23 9t9 23zm128 448V416q0-66-47-113t-113-47H480q-66 0-113 47t-47 113v832q0 66 47 113t113 47h832q66 0 113-47t47-113zm128-832v832q0 119-84.5 203.5T1312 1536H480q-119 0-203.5-84.5T192 1248V416q0-119 84.5-203.5T480 128h832q119 0 203.5 84.5T1600 416z"/&gt;&lt;/svg&gt;&lt;/span&gt;
                                                    &lt;h3 class="trace-class"&gt;
                                                    &lt;span class="trace-namespace"&gt;Doctrine\DBAL\Exception\&lt;/span&gt;
                                                ConnectionException                    &lt;/h3&gt;
                                            &lt;/div&gt;
        &lt;/div&gt;

        &lt;div id="trace-html-1" class="sf-toggle-content"&gt;
                    &lt;div class="trace-line "&gt;
                &lt;div class="trace-line-header break-long-words sf-toggle" data-toggle-selector="#trace-html-1-0" data-toggle-initial="display"&gt;
            &lt;span class="icon icon-close"&gt;&lt;svg width="1792" height="1792" viewBox="0 0 1792 1792" xmlns="http://www.w3.org/2000/svg"&gt;&lt;path d="M1408 960V832q0-26-19-45t-45-19H448q-26 0-45 19t-19 45v128q0 26 19 45t45 19h896q26 0 45-19t19-45zm256-544v960q0 119-84.5 203.5T1376 1664H416q-119 0-203.5-84.5T128 1376V416q0-119 84.5-203.5T416 128h960q119 0 203.5 84.5T1664 416z"/&gt;&lt;/svg&gt;&lt;/span&gt;
        &lt;span class="icon icon-open"&gt;&lt;svg width="1792" height="1792" viewBox="0 0 1792 1792" xmlns="http://www.w3.org/2000/svg"&gt;&lt;path d="M1408 960V832q0-26-19-45t-45-19h-320V448q0-26-19-45t-45-19H832q-26 0-45 19t-19 45v320H448q-26 0-45 19t-19 45v128q0 26 19 45t45 19h320v320q0 26 19 45t45 19h128q26 0 45-19t19-45v-320h320q26 0 45-19t19-45zm256-544v960q0 119-84.5 203.5T1376 1664H416q-119 0-203.5-84.5T128 1376V416q0-119 84.5-203.5T416 128h960q119 0 203.5 84.5T1664 416z"/&gt;&lt;/svg&gt;&lt;/span&gt;
    
    
                    &lt;span class="block trace-file-path"&gt;
            in
            &lt;a href=""&gt;
                C:\Users\eman\Documents\GitHub\car_dealer\vendor\doctrine\dbal\src\Driver\API\MySQL\&lt;strong&gt;ExceptionConverter.php&lt;/strong&gt;
            &lt;/a&gt;
                        (line 103)
            &lt;span class="icon icon-copy hidden" data-clipboard-text="C:\Users\eman\Documents\GitHub\car_dealer\vendor\doctrine\dbal\src\Driver\API\MySQL\ExceptionConverter.php:103"&gt;
                &lt;svg xmlns="http://www.w3.org/2000/svg" height="24" viewBox="0 0 24 24" width="24"&gt;&lt;path d="M0 0h24v24H0z" fill="none"/&gt;&lt;path d="M16 1H4c-1.1 0-2 .9-2 2v14h2V3h12V1zm3 4H8c-1.1 0-2 .9-2 2v14c0 1.1.9 2 2 2h11c1.1 0 2-.9 2-2V7c0-1.1-.9-2-2-2zm0 16H8V7h11v14z"/&gt;&lt;/svg&gt;            &lt;/span&gt;
        &lt;/span&gt;
    &lt;/div&gt;
    &lt;div id="trace-html-1-0" class="trace-code sf-toggle-content"&gt;
        &lt;ol start="98"&gt;&lt;li&gt;&lt;code&gt;&lt;span style="color: var(--highlight-keyword)"&gt;&amp;nbsp;&amp;nbsp;&amp;nbsp;&amp;nbsp;&amp;nbsp;&amp;nbsp;&amp;nbsp;&amp;nbsp;&amp;nbsp;&amp;nbsp;&amp;nbsp;&amp;nbsp;case&amp;nbsp;&lt;/span&gt;&lt;span style="color: var(--highlight-default)"&gt;1370&lt;/span&gt;&lt;span style="color: var(--highlight-keyword)"&gt;:&lt;/span&gt;&lt;/code&gt;&lt;/li&gt;
&lt;li&gt;&lt;code&gt;&lt;span style="color: var(--highlight-keyword)"&gt;&amp;nbsp;&amp;nbsp;&amp;nbsp;&amp;nbsp;&amp;nbsp;&amp;nbsp;&amp;nbsp;&amp;nbsp;&amp;nbsp;&amp;nbsp;&amp;nbsp;&amp;nbsp;case&amp;nbsp;&lt;/span&gt;&lt;span style="color: var(--highlight-default)"&gt;1429&lt;/span&gt;&lt;span style="color: var(--highlight-keyword)"&gt;:&lt;/span&gt;&lt;/code&gt;&lt;/li&gt;
&lt;li&gt;&lt;code&gt;&lt;span style="color: var(--highlight-keyword)"&gt;&amp;nbsp;&amp;nbsp;&amp;nbsp;&amp;nbsp;&amp;nbsp;&amp;nbsp;&amp;nbsp;&amp;nbsp;&amp;nbsp;&amp;nbsp;&amp;nbsp;&amp;nbsp;case&amp;nbsp;&lt;/span&gt;&lt;span style="color: var(--highlight-default)"&gt;2002&lt;/span&gt;&lt;span style="color: var(--highlight-keyword)"&gt;:&lt;/span&gt;&lt;/code&gt;&lt;/li&gt;
&lt;li&gt;&lt;code&gt;&lt;span style="color: var(--highlight-keyword)"&gt;&amp;nbsp;&amp;nbsp;&amp;nbsp;&amp;nbsp;&amp;nbsp;&amp;nbsp;&amp;nbsp;&amp;nbsp;&amp;nbsp;&amp;nbsp;&amp;nbsp;&amp;nbsp;case&amp;nbsp;&lt;/span&gt;&lt;span style="color: var(--highlight-default)"&gt;2005&lt;/span&gt;&lt;span style="color: var(--highlight-keyword)"&gt;:&lt;/span&gt;&lt;/code&gt;&lt;/li&gt;
&lt;li&gt;&lt;code&gt;&lt;span style="color: var(--highlight-keyword)"&gt;&amp;nbsp;&amp;nbsp;&amp;nbsp;&amp;nbsp;&amp;nbsp;&amp;nbsp;&amp;nbsp;&amp;nbsp;&amp;nbsp;&amp;nbsp;&amp;nbsp;&amp;nbsp;case&amp;nbsp;&lt;/span&gt;&lt;span style="color: var(--highlight-default)"&gt;2054&lt;/span&gt;&lt;span style="color: var(--highlight-keyword)"&gt;:&lt;/span&gt;&lt;/code&gt;&lt;/li&gt;
&lt;li class="selected"&gt;&lt;code&gt;&lt;span style="color: var(--highlight-keyword)"&gt;&amp;nbsp;&amp;nbsp;&amp;nbsp;&amp;nbsp;&amp;nbsp;&amp;nbsp;&amp;nbsp;&amp;nbsp;&amp;nbsp;&amp;nbsp;&amp;nbsp;&amp;nbsp;&amp;nbsp;&amp;nbsp;&amp;nbsp;&amp;nbsp;return&amp;nbsp;new&amp;nbsp;&lt;/span&gt;&lt;span style="color: var(--highlight-default)"&gt;ConnectionException&lt;/span&gt;&lt;span style="color: var(--highlight-keyword)"&gt;(&lt;/span&gt;&lt;span style="color: var(--highlight-default)"&gt;$exception&lt;/span&gt;&lt;span style="color: var(--highlight-keyword)"&gt;,&amp;nbsp;&lt;/span&gt;&lt;span style="color: var(--highlight-default)"&gt;$query&lt;/span&gt;&lt;span style="color: var(--highlight-keyword)"&gt;);&lt;/span&gt;&lt;/code&gt;&lt;/li&gt;
&lt;li&gt;&lt;code&gt;&lt;span style="color: var(--highlight-keyword)"&gt;&lt;/span&gt;&lt;/code&gt;&lt;/li&gt;
&lt;li&gt;&lt;code&gt;&lt;span style="color: var(--highlight-keyword)"&gt;&amp;nbsp;&amp;nbsp;&amp;nbsp;&amp;nbsp;&amp;nbsp;&amp;nbsp;&amp;nbsp;&amp;nbsp;&amp;nbsp;&amp;nbsp;&amp;nbsp;&amp;nbsp;case&amp;nbsp;&lt;/span&gt;&lt;span style="color: var(--highlight-default)"&gt;2006&lt;/span&gt;&lt;span style="color: var(--highlight-keyword)"&gt;:&lt;/span&gt;&lt;/code&gt;&lt;/li&gt;
&lt;li&gt;&lt;code&gt;&lt;span style="color: var(--highlight-keyword)"&gt;&amp;nbsp;&amp;nbsp;&amp;nbsp;&amp;nbsp;&amp;nbsp;&amp;nbsp;&amp;nbsp;&amp;nbsp;&amp;nbsp;&amp;nbsp;&amp;nbsp;&amp;nbsp;&amp;nbsp;&amp;nbsp;&amp;nbsp;&amp;nbsp;return&amp;nbsp;new&amp;nbsp;&lt;/span&gt;&lt;span style="color: var(--highlight-default)"&gt;ConnectionLost&lt;/span&gt;&lt;span style="color: var(--highlight-keyword)"&gt;(&lt;/span&gt;&lt;span style="color: var(--highlight-default)"&gt;$exception&lt;/span&gt;&lt;span style="color: var(--highlight-keyword)"&gt;,&amp;nbsp;&lt;/span&gt;&lt;span style="color: var(--highlight-default)"&gt;$query&lt;/span&gt;&lt;span style="color: var(--highlight-keyword)"&gt;);&lt;/span&gt;&lt;/code&gt;&lt;/li&gt;
&lt;li&gt;&lt;code&gt;&lt;span style="color: var(--highlight-keyword)"&gt;&lt;/span&gt;&lt;/code&gt;&lt;/li&gt;
&lt;li&gt;&lt;code&gt;&lt;span style="color: var(--highlight-keyword)"&gt;&amp;nbsp;&amp;nbsp;&amp;nbsp;&amp;nbsp;&amp;nbsp;&amp;nbsp;&amp;nbsp;&amp;nbsp;&amp;nbsp;&amp;nbsp;&amp;nbsp;&amp;nbsp;case&amp;nbsp;&lt;/span&gt;&lt;span style="color: var(--highlight-default)"&gt;1048&lt;/span&gt;&lt;span style="color: var(--highlight-keyword)"&gt;:&lt;/span&gt;&lt;/code&gt;&lt;/li&gt;&lt;/ol&gt;    &lt;/div&gt;            &lt;/div&gt;
                        &lt;div class="trace-line "&gt;
                &lt;div class="trace-line-header break-long-words sf-toggle" data-toggle-selector="#trace-html-1-1" data-toggle-initial=""&gt;
            &lt;span class="icon icon-close"&gt;&lt;svg width="1792" height="1792" viewBox="0 0 1792 1792" xmlns="http://www.w3.org/2000/svg"&gt;&lt;path d="M1408 960V832q0-26-19-45t-45-19H448q-26 0-45 19t-19 45v128q0 26 19 45t45 19h896q26 0 45-19t19-45zm256-544v960q0 119-84.5 203.5T1376 1664H416q-119 0-203.5-84.5T128 1376V416q0-119 84.5-203.5T416 128h960q119 0 203.5 84.5T1664 416z"/&gt;&lt;/svg&gt;&lt;/span&gt;
        &lt;span class="icon icon-open"&gt;&lt;svg width="1792" height="1792" viewBox="0 0 1792 1792" xmlns="http://www.w3.org/2000/svg"&gt;&lt;path d="M1408 960V832q0-26-19-45t-45-19h-320V448q0-26-19-45t-45-19H832q-26 0-45 19t-19 45v320H448q-26 0-45 19t-19 45v128q0 26 19 45t45 19h320v320q0 26 19 45t45 19h128q26 0 45-19t19-45v-320h320q26 0 45-19t19-45zm256-544v960q0 119-84.5 203.5T1376 1664H416q-119 0-203.5-84.5T128 1376V416q0-119 84.5-203.5T416 128h960q119 0 203.5 84.5T1664 416z"/&gt;&lt;/svg&gt;&lt;/span&gt;
    
            &lt;span class="trace-class"&gt;&lt;abbr title="Doctrine\DBAL\Driver\API\MySQL\ExceptionConverter"&gt;ExceptionConverter&lt;/abbr&gt;&lt;/span&gt;&lt;span class="trace-type"&gt;-&gt;&lt;/span&gt;&lt;span class="trace-method"&gt;convert&lt;/span&gt;&lt;span class="trace-arguments"&gt;()&lt;/span&gt;    
                    &lt;span class="block trace-file-path"&gt;
            in
            &lt;a href=""&gt;
                C:\Users\eman\Documents\GitHub\car_dealer\vendor\doctrine\dbal\src\&lt;strong&gt;Connection.php&lt;/strong&gt;
            &lt;/a&gt;
                        (line 1768)
            &lt;span class="icon icon-copy hidden" data-clipboard-text="C:\Users\eman\Documents\GitHub\car_dealer\vendor\doctrine\dbal\src\Connection.php:1768"&gt;
                &lt;svg xmlns="http://www.w3.org/2000/svg" height="24" viewBox="0 0 24 24" width="24"&gt;&lt;path d="M0 0h24v24H0z" fill="none"/&gt;&lt;path d="M16 1H4c-1.1 0-2 .9-2 2v14h2V3h12V1zm3 4H8c-1.1 0-2 .9-2 2v14c0 1.1.9 2 2 2h11c1.1 0 2-.9 2-2V7c0-1.1-.9-2-2-2zm0 16H8V7h11v14z"/&gt;&lt;/svg&gt;            &lt;/span&gt;
        &lt;/span&gt;
    &lt;/div&gt;
    &lt;div id="trace-html-1-1" class="trace-code sf-toggle-content"&gt;
        &lt;ol start="1763"&gt;&lt;li&gt;&lt;code&gt;&lt;span style="color: var(--highlight-default)"&gt;&amp;nbsp;&amp;nbsp;&amp;nbsp;&amp;nbsp;&lt;/span&gt;&lt;span style="color: var(--highlight-keyword)"&gt;):&amp;nbsp;&lt;/span&gt;&lt;span style="color: var(--highlight-default)"&gt;DriverException&amp;nbsp;&lt;/span&gt;&lt;span style="color: var(--highlight-keyword)"&gt;{&lt;/span&gt;&lt;/code&gt;&lt;/li&gt;
&lt;li&gt;&lt;code&gt;&lt;span style="color: var(--highlight-keyword)"&gt;&amp;nbsp;&amp;nbsp;&amp;nbsp;&amp;nbsp;&amp;nbsp;&amp;nbsp;&amp;nbsp;&amp;nbsp;if&amp;nbsp;(&lt;/span&gt;&lt;span style="color: var(--highlight-default)"&gt;$this&lt;/span&gt;&lt;span style="color: var(--highlight-keyword)"&gt;-&amp;gt;&lt;/span&gt;&lt;span style="color: var(--highlight-default)"&gt;exceptionConverter&amp;nbsp;&lt;/span&gt;&lt;span style="color: var(--highlight-keyword)"&gt;===&amp;nbsp;&lt;/span&gt;&lt;span style="color: var(--highlight-default)"&gt;null&lt;/span&gt;&lt;span style="color: var(--highlight-keyword)"&gt;)&amp;nbsp;{&lt;/span&gt;&lt;/code&gt;&lt;/li&gt;
&lt;li&gt;&lt;code&gt;&lt;span style="color: var(--highlight-keyword)"&gt;&amp;nbsp;&amp;nbsp;&amp;nbsp;&amp;nbsp;&amp;nbsp;&amp;nbsp;&amp;nbsp;&amp;nbsp;&amp;nbsp;&amp;nbsp;&amp;nbsp;&amp;nbsp;&lt;/span&gt;&lt;span style="color: var(--highlight-default)"&gt;$this&lt;/span&gt;&lt;span style="color: var(--highlight-keyword)"&gt;-&amp;gt;&lt;/span&gt;&lt;span style="color: var(--highlight-default)"&gt;exceptionConverter&amp;nbsp;&lt;/span&gt;&lt;span style="color: var(--highlight-keyword)"&gt;=&amp;nbsp;&lt;/span&gt;&lt;span style="color: var(--highlight-default)"&gt;$this&lt;/span&gt;&lt;span style="color: var(--highlight-keyword)"&gt;-&amp;gt;&lt;/span&gt;&lt;span style="color: var(--highlight-default)"&gt;_driver&lt;/span&gt;&lt;span style="color: var(--highlight-keyword)"&gt;-&amp;gt;&lt;/span&gt;&lt;span style="color: var(--highlight-default)"&gt;getExceptionConverter&lt;/span&gt;&lt;span style="color: var(--highlight-keyword)"&gt;();&lt;/span&gt;&lt;/code&gt;&lt;/li&gt;
&lt;li&gt;&lt;code&gt;&lt;span style="color: var(--highlight-keyword)"&gt;&amp;nbsp;&amp;nbsp;&amp;nbsp;&amp;nbsp;&amp;nbsp;&amp;nbsp;&amp;nbsp;&amp;nbsp;}&lt;/span&gt;&lt;/code&gt;&lt;/li&gt;
&lt;li&gt;&lt;code&gt;&lt;span style="color: var(--highlight-keyword)"&gt;&lt;/span&gt;&lt;/code&gt;&lt;/li&gt;
&lt;li class="selected"&gt;&lt;code&gt;&lt;span style="color: var(--highlight-keyword)"&gt;&amp;nbsp;&amp;nbsp;&amp;nbsp;&amp;nbsp;&amp;nbsp;&amp;nbsp;&amp;nbsp;&amp;nbsp;&lt;/span&gt;&lt;span style="color: var(--highlight-default)"&gt;$exception&amp;nbsp;&lt;/span&gt;&lt;span style="color: var(--highlight-keyword)"&gt;=&amp;nbsp;&lt;/span&gt;&lt;span style="color: var(--highlight-default)"&gt;$this&lt;/span&gt;&lt;span style="color: var(--highlight-keyword)"&gt;-&amp;gt;&lt;/span&gt;&lt;span style="color: var(--highlight-default)"&gt;exceptionConverter&lt;/span&gt;&lt;span style="color: var(--highlight-keyword)"&gt;-&amp;gt;&lt;/span&gt;&lt;span style="color: var(--highlight-default)"&gt;convert&lt;/span&gt;&lt;span style="color: var(--highlight-keyword)"&gt;(&lt;/span&gt;&lt;span style="color: var(--highlight-default)"&gt;$driverException&lt;/span&gt;&lt;span style="color: var(--highlight-keyword)"&gt;,&amp;nbsp;&lt;/span&gt;&lt;span style="color: var(--highlight-default)"&gt;$query&lt;/span&gt;&lt;span style="color: var(--highlight-keyword)"&gt;);&lt;/span&gt;&lt;/code&gt;&lt;/li&gt;
&lt;li&gt;&lt;code&gt;&lt;span style="color: var(--highlight-keyword)"&gt;&lt;/span&gt;&lt;/code&gt;&lt;/li&gt;
&lt;li&gt;&lt;code&gt;&lt;span style="color: var(--highlight-keyword)"&gt;&amp;nbsp;&amp;nbsp;&amp;nbsp;&amp;nbsp;&amp;nbsp;&amp;nbsp;&amp;nbsp;&amp;nbsp;if&amp;nbsp;(&lt;/span&gt;&lt;span style="color: var(--highlight-default)"&gt;$exception&amp;nbsp;&lt;/span&gt;&lt;span style="color: var(--highlight-keyword)"&gt;instanceof&amp;nbsp;&lt;/span&gt;&lt;span style="color: var(--highlight-default)"&gt;ConnectionLost&lt;/span&gt;&lt;span style="color: var(--highlight-keyword)"&gt;)&amp;nbsp;{&lt;/span&gt;&lt;/code&gt;&lt;/li&gt;
&lt;li&gt;&lt;code&gt;&lt;span style="color: var(--highlight-keyword)"&gt;&amp;nbsp;&amp;nbsp;&amp;nbsp;&amp;nbsp;&amp;nbsp;&amp;nbsp;&amp;nbsp;&amp;nbsp;&amp;nbsp;&amp;nbsp;&amp;nbsp;&amp;nbsp;&lt;/span&gt;&lt;span style="color: var(--highlight-default)"&gt;$this&lt;/span&gt;&lt;span style="color: var(--highlight-keyword)"&gt;-&amp;gt;&lt;/span&gt;&lt;span style="color: var(--highlight-default)"&gt;close&lt;/span&gt;&lt;span style="color: var(--highlight-keyword)"&gt;();&lt;/span&gt;&lt;/code&gt;&lt;/li&gt;
&lt;li&gt;&lt;code&gt;&lt;span style="color: var(--highlight-keyword)"&gt;&amp;nbsp;&amp;nbsp;&amp;nbsp;&amp;nbsp;&amp;nbsp;&amp;nbsp;&amp;nbsp;&amp;nbsp;}&lt;/span&gt;&lt;/code&gt;&lt;/li&gt;
&lt;li&gt;&lt;code&gt;&lt;span style="color: var(--highlight-keyword)"&gt;&lt;/span&gt;&lt;/code&gt;&lt;/li&gt;&lt;/ol&gt;    &lt;/div&gt;            &lt;/div&gt;
                        &lt;div class="trace-line "&gt;
                &lt;div class="trace-line-header break-long-words sf-toggle" data-toggle-selector="#trace-html-1-2" data-toggle-initial=""&gt;
            &lt;span class="icon icon-close"&gt;&lt;svg width="1792" height="1792" viewBox="0 0 1792 1792" xmlns="http://www.w3.org/2000/svg"&gt;&lt;path d="M1408 960V832q0-26-19-45t-45-19H448q-26 0-45 19t-19 45v128q0 26 19 45t45 19h896q26 0 45-19t19-45zm256-544v960q0 119-84.5 203.5T1376 1664H416q-119 0-203.5-84.5T128 1376V416q0-119 84.5-203.5T416 128h960q119 0 203.5 84.5T1664 416z"/&gt;&lt;/svg&gt;&lt;/span&gt;
        &lt;span class="icon icon-open"&gt;&lt;svg width="1792" height="1792" viewBox="0 0 1792 1792" xmlns="http://www.w3.org/2000/svg"&gt;&lt;path d="M1408 960V832q0-26-19-45t-45-19h-320V448q0-26-19-45t-45-19H832q-26 0-45 19t-19 45v320H448q-26 0-45 19t-19 45v128q0 26 19 45t45 19h320v320q0 26 19 45t45 19h128q26 0 45-19t19-45v-320h320q26 0 45-19t19-45zm256-544v960q0 119-84.5 203.5T1376 1664H416q-119 0-203.5-84.5T128 1376V416q0-119 84.5-203.5T416 128h960q119 0 203.5 84.5T1664 416z"/&gt;&lt;/svg&gt;&lt;/span&gt;
    
            &lt;span class="trace-class"&gt;&lt;abbr title="Doctrine\DBAL\Connection"&gt;Connection&lt;/abbr&gt;&lt;/span&gt;&lt;span class="trace-type"&gt;-&gt;&lt;/span&gt;&lt;span class="trace-method"&gt;handleDriverException&lt;/span&gt;&lt;span class="trace-arguments"&gt;()&lt;/span&gt;    
                    &lt;span class="block trace-file-path"&gt;
            in
            &lt;a href=""&gt;
                C:\Users\eman\Documents\GitHub\car_dealer\vendor\doctrine\dbal\src\&lt;strong&gt;Connection.php&lt;/strong&gt;
            &lt;/a&gt;
                        (line 1715)
            &lt;span class="icon icon-copy hidden" data-clipboard-text="C:\Users\eman\Documents\GitHub\car_dealer\vendor\doctrine\dbal\src\Connection.php:1715"&gt;
                &lt;svg xmlns="http://www.w3.org/2000/svg" height="24" viewBox="0 0 24 24" width="24"&gt;&lt;path d="M0 0h24v24H0z" fill="none"/&gt;&lt;path d="M16 1H4c-1.1 0-2 .9-2 2v14h2V3h12V1zm3 4H8c-1.1 0-2 .9-2 2v14c0 1.1.9 2 2 2h11c1.1 0 2-.9 2-2V7c0-1.1-.9-2-2-2zm0 16H8V7h11v14z"/&gt;&lt;/svg&gt;            &lt;/span&gt;
        &lt;/span&gt;
    &lt;/div&gt;
    &lt;div id="trace-html-1-2" class="trace-code sf-toggle-content"&gt;
        &lt;ol start="1710"&gt;&lt;li&gt;&lt;code&gt;&lt;span style="color: var(--highlight-keyword)"&gt;&amp;nbsp;&amp;nbsp;&amp;nbsp;&amp;nbsp;&lt;/span&gt;&lt;span style="color: var(--highlight-comment)"&gt;/**&lt;/span&gt;&lt;/code&gt;&lt;/li&gt;
&lt;li&gt;&lt;code&gt;&lt;span style="color: var(--highlight-comment)"&gt;&amp;nbsp;&amp;nbsp;&amp;nbsp;&amp;nbsp;&amp;nbsp;*&amp;nbsp;@internal&lt;/span&gt;&lt;/code&gt;&lt;/li&gt;
&lt;li&gt;&lt;code&gt;&lt;span style="color: var(--highlight-comment)"&gt;&amp;nbsp;&amp;nbsp;&amp;nbsp;&amp;nbsp;&amp;nbsp;*/&lt;/span&gt;&lt;/code&gt;&lt;/li&gt;
&lt;li&gt;&lt;code&gt;&lt;span style="color: var(--highlight-comment)"&gt;&amp;nbsp;&amp;nbsp;&amp;nbsp;&amp;nbsp;&lt;/span&gt;&lt;span style="color: var(--highlight-keyword)"&gt;final&amp;nbsp;public&amp;nbsp;function&amp;nbsp;&lt;/span&gt;&lt;span style="color: var(--highlight-default)"&gt;convertException&lt;/span&gt;&lt;span style="color: var(--highlight-keyword)"&gt;(&lt;/span&gt;&lt;span style="color: var(--highlight-default)"&gt;Driver\Exception&amp;nbsp;$e&lt;/span&gt;&lt;span style="color: var(--highlight-keyword)"&gt;):&amp;nbsp;&lt;/span&gt;&lt;span style="color: var(--highlight-default)"&gt;DriverException&lt;/span&gt;&lt;/code&gt;&lt;/li&gt;
&lt;li&gt;&lt;code&gt;&lt;span style="color: var(--highlight-default)"&gt;&amp;nbsp;&amp;nbsp;&amp;nbsp;&amp;nbsp;&lt;/span&gt;&lt;span style="color: var(--highlight-keyword)"&gt;{&lt;/span&gt;&lt;/code&gt;&lt;/li&gt;
&lt;li class="selected"&gt;&lt;code&gt;&lt;span style="color: var(--highlight-keyword)"&gt;&amp;nbsp;&amp;nbsp;&amp;nbsp;&amp;nbsp;&amp;nbsp;&amp;nbsp;&amp;nbsp;&amp;nbsp;return&amp;nbsp;&lt;/span&gt;&lt;span style="color: var(--highlight-default)"&gt;$this&lt;/span&gt;&lt;span style="color: var(--highlight-keyword)"&gt;-&amp;gt;&lt;/span&gt;&lt;span style="color: var(--highlight-default)"&gt;handleDriverException&lt;/span&gt;&lt;span style="color: var(--highlight-keyword)"&gt;(&lt;/span&gt;&lt;span style="color: var(--highlight-default)"&gt;$e&lt;/span&gt;&lt;span style="color: var(--highlight-keyword)"&gt;,&amp;nbsp;&lt;/span&gt;&lt;span style="color: var(--highlight-default)"&gt;null&lt;/span&gt;&lt;span style="color: var(--highlight-keyword)"&gt;);&lt;/span&gt;&lt;/code&gt;&lt;/li&gt;
&lt;li&gt;&lt;code&gt;&lt;span style="color: var(--highlight-keyword)"&gt;&amp;nbsp;&amp;nbsp;&amp;nbsp;&amp;nbsp;}&lt;/span&gt;&lt;/code&gt;&lt;/li&gt;
&lt;li&gt;&lt;code&gt;&lt;span style="color: var(--highlight-keyword)"&gt;&lt;/span&gt;&lt;/code&gt;&lt;/li&gt;
&lt;li&gt;&lt;code&gt;&lt;span style="color: var(--highlight-keyword)"&gt;&amp;nbsp;&amp;nbsp;&amp;nbsp;&amp;nbsp;&lt;/span&gt;&lt;span style="color: var(--highlight-comment)"&gt;/**&lt;/span&gt;&lt;/code&gt;&lt;/li&gt;
&lt;li&gt;&lt;code&gt;&lt;span style="color: var(--highlight-comment)"&gt;&amp;nbsp;&amp;nbsp;&amp;nbsp;&amp;nbsp;&amp;nbsp;*&amp;nbsp;@param&amp;nbsp;array&amp;lt;int,&amp;nbsp;mixed&amp;gt;|array&amp;lt;string,&amp;nbsp;mixed&amp;gt;&amp;nbsp;&amp;nbsp;&amp;nbsp;&amp;nbsp;&amp;nbsp;&amp;nbsp;&amp;nbsp;&amp;nbsp;&amp;nbsp;&amp;nbsp;&amp;nbsp;&amp;nbsp;&amp;nbsp;&amp;nbsp;&amp;nbsp;&amp;nbsp;&amp;nbsp;&amp;nbsp;&amp;nbsp;&amp;nbsp;&amp;nbsp;&amp;nbsp;&amp;nbsp;&amp;nbsp;&amp;nbsp;&amp;nbsp;&amp;nbsp;&amp;nbsp;&amp;nbsp;&amp;nbsp;&amp;nbsp;$params&lt;/span&gt;&lt;/code&gt;&lt;/li&gt;
&lt;li&gt;&lt;code&gt;&lt;span style="color: var(--highlight-comment)"&gt;&amp;nbsp;&amp;nbsp;&amp;nbsp;&amp;nbsp;&amp;nbsp;*&amp;nbsp;@param&amp;nbsp;array&amp;lt;int,&amp;nbsp;int|string|Type|null&amp;gt;|array&amp;lt;string,&amp;nbsp;int|string|Type|null&amp;gt;&amp;nbsp;$types&lt;/span&gt;&lt;/code&gt;&lt;/li&gt;&lt;/ol&gt;    &lt;/div&gt;            &lt;/div&gt;
                        &lt;div class="trace-line "&gt;
                &lt;div class="trace-line-header break-long-words sf-toggle" data-toggle-selector="#trace-html-1-3" data-toggle-initial=""&gt;
            &lt;span class="icon icon-close"&gt;&lt;svg width="1792" height="1792" viewBox="0 0 1792 1792" xmlns="http://www.w3.org/2000/svg"&gt;&lt;path d="M1408 960V832q0-26-19-45t-45-19H448q-26 0-45 19t-19 45v128q0 26 19 45t45 19h896q26 0 45-19t19-45zm256-544v960q0 119-84.5 203.5T1376 1664H416q-119 0-203.5-84.5T128 1376V416q0-119 84.5-203.5T416 128h960q119 0 203.5 84.5T1664 416z"/&gt;&lt;/svg&gt;&lt;/span&gt;
        &lt;span class="icon icon-open"&gt;&lt;svg width="1792" height="1792" viewBox="0 0 1792 1792" xmlns="http://www.w3.org/2000/svg"&gt;&lt;path d="M1408 960V832q0-26-19-45t-45-19h-320V448q0-26-19-45t-45-19H832q-26 0-45 19t-19 45v320H448q-26 0-45 19t-19 45v128q0 26 19 45t45 19h320v320q0 26 19 45t45 19h128q26 0 45-19t19-45v-320h320q26 0 45-19t19-45zm256-544v960q0 119-84.5 203.5T1376 1664H416q-119 0-203.5-84.5T128 1376V416q0-119 84.5-203.5T416 128h960q119 0 203.5 84.5T1664 416z"/&gt;&lt;/svg&gt;&lt;/span&gt;
    
            &lt;span class="trace-class"&gt;&lt;abbr title="Doctrine\DBAL\Connection"&gt;Connection&lt;/abbr&gt;&lt;/span&gt;&lt;span class="trace-type"&gt;-&gt;&lt;/span&gt;&lt;span class="trace-method"&gt;convertException&lt;/span&gt;&lt;span class="trace-arguments"&gt;()&lt;/span&gt;    
                    &lt;span class="block trace-file-path"&gt;
            in
            &lt;a href=""&gt;
                C:\Users\eman\Documents\GitHub\car_dealer\vendor\doctrine\dbal\src\&lt;strong&gt;Connection.php&lt;/strong&gt;
            &lt;/a&gt;
                        (line 327)
            &lt;span class="icon icon-copy hidden" data-clipboard-text="C:\Users\eman\Documents\GitHub\car_dealer\vendor\doctrine\dbal\src\Connection.php:327"&gt;
                &lt;svg xmlns="http://www.w3.org/2000/svg" height="24" viewBox="0 0 24 24" width="24"&gt;&lt;path d="M0 0h24v24H0z" fill="none"/&gt;&lt;path d="M16 1H4c-1.1 0-2 .9-2 2v14h2V3h12V1zm3 4H8c-1.1 0-2 .9-2 2v14c0 1.1.9 2 2 2h11c1.1 0 2-.9 2-2V7c0-1.1-.9-2-2-2zm0 16H8V7h11v14z"/&gt;&lt;/svg&gt;            &lt;/span&gt;
        &lt;/span&gt;
    &lt;/div&gt;
    &lt;div id="trace-html-1-3" class="trace-code sf-toggle-content"&gt;
        &lt;ol start="322"&gt;&lt;li&gt;&lt;code&gt;&lt;span style="color: var(--highlight-keyword)"&gt;&amp;nbsp;&amp;nbsp;&amp;nbsp;&amp;nbsp;&amp;nbsp;&amp;nbsp;&amp;nbsp;&amp;nbsp;}&lt;/span&gt;&lt;/code&gt;&lt;/li&gt;
&lt;li&gt;&lt;code&gt;&lt;span style="color: var(--highlight-keyword)"&gt;&lt;/span&gt;&lt;/code&gt;&lt;/li&gt;
&lt;li&gt;&lt;code&gt;&lt;span style="color: var(--highlight-keyword)"&gt;&amp;nbsp;&amp;nbsp;&amp;nbsp;&amp;nbsp;&amp;nbsp;&amp;nbsp;&amp;nbsp;&amp;nbsp;try&amp;nbsp;{&lt;/span&gt;&lt;/code&gt;&lt;/li&gt;
&lt;li&gt;&lt;code&gt;&lt;span style="color: var(--highlight-keyword)"&gt;&amp;nbsp;&amp;nbsp;&amp;nbsp;&amp;nbsp;&amp;nbsp;&amp;nbsp;&amp;nbsp;&amp;nbsp;&amp;nbsp;&amp;nbsp;&amp;nbsp;&amp;nbsp;&lt;/span&gt;&lt;span style="color: var(--highlight-default)"&gt;$this&lt;/span&gt;&lt;span style="color: var(--highlight-keyword)"&gt;-&amp;gt;&lt;/span&gt;&lt;span style="color: var(--highlight-default)"&gt;_conn&amp;nbsp;&lt;/span&gt;&lt;span style="color: var(--highlight-keyword)"&gt;=&amp;nbsp;&lt;/span&gt;&lt;span style="color: var(--highlight-default)"&gt;$this&lt;/span&gt;&lt;span style="color: var(--highlight-keyword)"&gt;-&amp;gt;&lt;/span&gt;&lt;span style="color: var(--highlight-default)"&gt;_driver&lt;/span&gt;&lt;span style="color: var(--highlight-keyword)"&gt;-&amp;gt;&lt;/span&gt;&lt;span style="color: var(--highlight-default)"&gt;connect&lt;/span&gt;&lt;span style="color: var(--highlight-keyword)"&gt;(&lt;/span&gt;&lt;span style="color: var(--highlight-default)"&gt;$this&lt;/span&gt;&lt;span style="color: var(--highlight-keyword)"&gt;-&amp;gt;&lt;/span&gt;&lt;span style="color: var(--highlight-default)"&gt;params&lt;/span&gt;&lt;span style="color: var(--highlight-keyword)"&gt;);&lt;/span&gt;&lt;/code&gt;&lt;/li&gt;
&lt;li&gt;&lt;code&gt;&lt;span style="color: var(--highlight-keyword)"&gt;&amp;nbsp;&amp;nbsp;&amp;nbsp;&amp;nbsp;&amp;nbsp;&amp;nbsp;&amp;nbsp;&amp;nbsp;}&amp;nbsp;catch&amp;nbsp;(&lt;/span&gt;&lt;span style="color: var(--highlight-default)"&gt;Driver\Exception&amp;nbsp;$e&lt;/span&gt;&lt;span style="color: var(--highlight-keyword)"&gt;)&amp;nbsp;{&lt;/span&gt;&lt;/code&gt;&lt;/li&gt;
&lt;li class="selected"&gt;&lt;code&gt;&lt;span style="color: var(--highlight-keyword)"&gt;&amp;nbsp;&amp;nbsp;&amp;nbsp;&amp;nbsp;&amp;nbsp;&amp;nbsp;&amp;nbsp;&amp;nbsp;&amp;nbsp;&amp;nbsp;&amp;nbsp;&amp;nbsp;throw&amp;nbsp;&lt;/span&gt;&lt;span style="color: var(--highlight-default)"&gt;$this&lt;/span&gt;&lt;span style="color: var(--highlight-keyword)"&gt;-&amp;gt;&lt;/span&gt;&lt;span style="color: var(--highlight-default)"&gt;convertException&lt;/span&gt;&lt;span style="color: var(--highlight-keyword)"&gt;(&lt;/span&gt;&lt;span style="color: var(--highlight-default)"&gt;$e&lt;/span&gt;&lt;span style="color: var(--highlight-keyword)"&gt;);&lt;/span&gt;&lt;/code&gt;&lt;/li&gt;
&lt;li&gt;&lt;code&gt;&lt;span style="color: var(--highlight-keyword)"&gt;&amp;nbsp;&amp;nbsp;&amp;nbsp;&amp;nbsp;&amp;nbsp;&amp;nbsp;&amp;nbsp;&amp;nbsp;}&lt;/span&gt;&lt;/code&gt;&lt;/li&gt;
&lt;li&gt;&lt;code&gt;&lt;span style="color: var(--highlight-keyword)"&gt;&lt;/span&gt;&lt;/code&gt;&lt;/li&gt;
&lt;li&gt;&lt;code&gt;&lt;span style="color: var(--highlight-keyword)"&gt;&amp;nbsp;&amp;nbsp;&amp;nbsp;&amp;nbsp;&amp;nbsp;&amp;nbsp;&amp;nbsp;&amp;nbsp;if&amp;nbsp;(&lt;/span&gt;&lt;span style="color: var(--highlight-default)"&gt;$this&lt;/span&gt;&lt;span style="color: var(--highlight-keyword)"&gt;-&amp;gt;&lt;/span&gt;&lt;span style="color: var(--highlight-default)"&gt;autoCommit&amp;nbsp;&lt;/span&gt;&lt;span style="color: var(--highlight-keyword)"&gt;===&amp;nbsp;&lt;/span&gt;&lt;span style="color: var(--highlight-default)"&gt;false&lt;/span&gt;&lt;span style="color: var(--highlight-keyword)"&gt;)&amp;nbsp;{&lt;/span&gt;&lt;/code&gt;&lt;/li&gt;
&lt;li&gt;&lt;code&gt;&lt;span style="color: var(--highlight-keyword)"&gt;&amp;nbsp;&amp;nbsp;&amp;nbsp;&amp;nbsp;&amp;nbsp;&amp;nbsp;&amp;nbsp;&amp;nbsp;&amp;nbsp;&amp;nbsp;&amp;nbsp;&amp;nbsp;&lt;/span&gt;&lt;span style="color: var(--highlight-default)"&gt;$this&lt;/span&gt;&lt;span style="color: var(--highlight-keyword)"&gt;-&amp;gt;&lt;/span&gt;&lt;span style="color: var(--highlight-default)"&gt;beginTransaction&lt;/span&gt;&lt;span style="color: var(--highlight-keyword)"&gt;();&lt;/span&gt;&lt;/code&gt;&lt;/li&gt;
&lt;li&gt;&lt;code&gt;&lt;span style="color: var(--highlight-keyword)"&gt;&amp;nbsp;&amp;nbsp;&amp;nbsp;&amp;nbsp;&amp;nbsp;&amp;nbsp;&amp;nbsp;&amp;nbsp;}&lt;/span&gt;&lt;/code&gt;&lt;/li&gt;&lt;/ol&gt;    &lt;/div&gt;            &lt;/div&gt;
                        &lt;div class="trace-line "&gt;
                &lt;div class="trace-line-header break-long-words sf-toggle" data-toggle-selector="#trace-html-1-4" data-toggle-initial=""&gt;
            &lt;span class="icon icon-close"&gt;&lt;svg width="1792" height="1792" viewBox="0 0 1792 1792" xmlns="http://www.w3.org/2000/svg"&gt;&lt;path d="M1408 960V832q0-26-19-45t-45-19H448q-26 0-45 19t-19 45v128q0 26 19 45t45 19h896q26 0 45-19t19-45zm256-544v960q0 119-84.5 203.5T1376 1664H416q-119 0-203.5-84.5T128 1376V416q0-119 84.5-203.5T416 128h960q119 0 203.5 84.5T1664 416z"/&gt;&lt;/svg&gt;&lt;/span&gt;
        &lt;span class="icon icon-open"&gt;&lt;svg width="1792" height="1792" viewBox="0 0 1792 1792" xmlns="http://www.w3.org/2000/svg"&gt;&lt;path d="M1408 960V832q0-26-19-45t-45-19h-320V448q0-26-19-45t-45-19H832q-26 0-45 19t-19 45v320H448q-26 0-45 19t-19 45v128q0 26 19 45t45 19h320v320q0 26 19 45t45 19h128q26 0 45-19t19-45v-320h320q26 0 45-19t19-45zm256-544v960q0 119-84.5 203.5T1376 1664H416q-119 0-203.5-84.5T128 1376V416q0-119 84.5-203.5T416 128h960q119 0 203.5 84.5T1664 416z"/&gt;&lt;/svg&gt;&lt;/span&gt;
    
            &lt;span class="trace-class"&gt;&lt;abbr title="Doctrine\DBAL\Connection"&gt;Connection&lt;/abbr&gt;&lt;/span&gt;&lt;span class="trace-type"&gt;-&gt;&lt;/span&gt;&lt;span class="trace-method"&gt;connect&lt;/span&gt;&lt;span class="trace-arguments"&gt;()&lt;/span&gt;    
                    &lt;span class="block trace-file-path"&gt;
            in
            &lt;a href=""&gt;
                C:\Users\eman\Documents\GitHub\car_dealer\vendor\doctrine\dbal\src\&lt;strong&gt;Connection.php&lt;/strong&gt;
            &lt;/a&gt;
                        (line 1507)
            &lt;span class="icon icon-copy hidden" data-clipboard-text="C:\Users\eman\Documents\GitHub\car_dealer\vendor\doctrine\dbal\src\Connection.php:1507"&gt;
                &lt;svg xmlns="http://www.w3.org/2000/svg" height="24" viewBox="0 0 24 24" width="24"&gt;&lt;path d="M0 0h24v24H0z" fill="none"/&gt;&lt;path d="M16 1H4c-1.1 0-2 .9-2 2v14h2V3h12V1zm3 4H8c-1.1 0-2 .9-2 2v14c0 1.1.9 2 2 2h11c1.1 0 2-.9 2-2V7c0-1.1-.9-2-2-2zm0 16H8V7h11v14z"/&gt;&lt;/svg&gt;            &lt;/span&gt;
        &lt;/span&gt;
    &lt;/div&gt;
    &lt;div id="trace-html-1-4" class="trace-code sf-toggle-content"&gt;
        &lt;ol start="1502"&gt;&lt;li&gt;&lt;code&gt;&lt;span style="color: var(--highlight-comment)"&gt;&amp;nbsp;&amp;nbsp;&amp;nbsp;&amp;nbsp;&amp;nbsp;*&lt;/span&gt;&lt;/code&gt;&lt;/li&gt;
&lt;li&gt;&lt;code&gt;&lt;span style="color: var(--highlight-comment)"&gt;&amp;nbsp;&amp;nbsp;&amp;nbsp;&amp;nbsp;&amp;nbsp;*&amp;nbsp;@throws&amp;nbsp;Exception&lt;/span&gt;&lt;/code&gt;&lt;/li&gt;
&lt;li&gt;&lt;code&gt;&lt;span style="color: var(--highlight-comment)"&gt;&amp;nbsp;&amp;nbsp;&amp;nbsp;&amp;nbsp;&amp;nbsp;*/&lt;/span&gt;&lt;/code&gt;&lt;/li&gt;
&lt;li&gt;&lt;code&gt;&lt;span style="color: var(--highlight-comment)"&gt;&amp;nbsp;&amp;nbsp;&amp;nbsp;&amp;nbsp;&lt;/span&gt;&lt;span style="color: var(--highlight-keyword)"&gt;public&amp;nbsp;function&amp;nbsp;&lt;/span&gt;&lt;span style="color: var(--highlight-default)"&gt;getWrappedConnection&lt;/span&gt;&lt;span style="color: var(--highlight-keyword)"&gt;()&lt;/span&gt;&lt;/code&gt;&lt;/li&gt;
&lt;li&gt;&lt;code&gt;&lt;span style="color: var(--highlight-keyword)"&gt;&amp;nbsp;&amp;nbsp;&amp;nbsp;&amp;nbsp;{&lt;/span&gt;&lt;/code&gt;&lt;/li&gt;
&lt;li class="selected"&gt;&lt;code&gt;&lt;span style="color: var(--highlight-keyword)"&gt;&amp;nbsp;&amp;nbsp;&amp;nbsp;&amp;nbsp;&amp;nbsp;&amp;nbsp;&amp;nbsp;&amp;nbsp;&lt;/span&gt;&lt;span style="color: var(--highlight-default)"&gt;$this&lt;/span&gt;&lt;span style="color: var(--highlight-keyword)"&gt;-&amp;gt;&lt;/span&gt;&lt;span style="color: var(--highlight-default)"&gt;connect&lt;/span&gt;&lt;span style="color: var(--highlight-keyword)"&gt;();&lt;/span&gt;&lt;/code&gt;&lt;/li&gt;
&lt;li&gt;&lt;code&gt;&lt;span style="color: var(--highlight-keyword)"&gt;&lt;/span&gt;&lt;/code&gt;&lt;/li&gt;
&lt;li&gt;&lt;code&gt;&lt;span style="color: var(--highlight-keyword)"&gt;&amp;nbsp;&amp;nbsp;&amp;nbsp;&amp;nbsp;&amp;nbsp;&amp;nbsp;&amp;nbsp;&amp;nbsp;&lt;/span&gt;&lt;span style="color: var(--highlight-default)"&gt;assert&lt;/span&gt;&lt;span style="color: var(--highlight-keyword)"&gt;(&lt;/span&gt;&lt;span style="color: var(--highlight-default)"&gt;$this&lt;/span&gt;&lt;span style="color: var(--highlight-keyword)"&gt;-&amp;gt;&lt;/span&gt;&lt;span style="color: var(--highlight-default)"&gt;_conn&amp;nbsp;&lt;/span&gt;&lt;span style="color: var(--highlight-keyword)"&gt;!==&amp;nbsp;&lt;/span&gt;&lt;span style="color: var(--highlight-default)"&gt;null&lt;/span&gt;&lt;span style="color: var(--highlight-keyword)"&gt;);&lt;/span&gt;&lt;/code&gt;&lt;/li&gt;
&lt;li&gt;&lt;code&gt;&lt;span style="color: var(--highlight-keyword)"&gt;&lt;/span&gt;&lt;/code&gt;&lt;/li&gt;
&lt;li&gt;&lt;code&gt;&lt;span style="color: var(--highlight-keyword)"&gt;&amp;nbsp;&amp;nbsp;&amp;nbsp;&amp;nbsp;&amp;nbsp;&amp;nbsp;&amp;nbsp;&amp;nbsp;return&amp;nbsp;&lt;/span&gt;&lt;span style="color: var(--highlight-default)"&gt;$this&lt;/span&gt;&lt;span style="color: var(--highlight-keyword)"&gt;-&amp;gt;&lt;/span&gt;&lt;span style="color: var(--highlight-default)"&gt;_conn&lt;/span&gt;&lt;span style="color: var(--highlight-keyword)"&gt;;&lt;/span&gt;&lt;/code&gt;&lt;/li&gt;
&lt;li&gt;&lt;code&gt;&lt;span style="color: var(--highlight-keyword)"&gt;&amp;nbsp;&amp;nbsp;&amp;nbsp;&amp;nbsp;}&lt;/span&gt;&lt;/code&gt;&lt;/li&gt;&lt;/ol&gt;    &lt;/div&gt;            &lt;/div&gt;
                        &lt;div class="trace-line "&gt;
                &lt;div class="trace-line-header break-long-words sf-toggle" data-toggle-selector="#trace-html-1-5" data-toggle-initial=""&gt;
            &lt;span class="icon icon-close"&gt;&lt;svg width="1792" height="1792" viewBox="0 0 1792 1792" xmlns="http://www.w3.org/2000/svg"&gt;&lt;path d="M1408 960V832q0-26-19-45t-45-19H448q-26 0-45 19t-19 45v128q0 26 19 45t45 19h896q26 0 45-19t19-45zm256-544v960q0 119-84.5 203.5T1376 1664H416q-119 0-203.5-84.5T128 1376V416q0-119 84.5-203.5T416 128h960q119 0 203.5 84.5T1664 416z"/&gt;&lt;/svg&gt;&lt;/span&gt;
        &lt;span class="icon icon-open"&gt;&lt;svg width="1792" height="1792" viewBox="0 0 1792 1792" xmlns="http://www.w3.org/2000/svg"&gt;&lt;path d="M1408 960V832q0-26-19-45t-45-19h-320V448q0-26-19-45t-45-19H832q-26 0-45 19t-19 45v320H448q-26 0-45 19t-19 45v128q0 26 19 45t45 19h320v320q0 26 19 45t45 19h128q26 0 45-19t19-45v-320h320q26 0 45-19t19-45zm256-544v960q0 119-84.5 203.5T1376 1664H416q-119 0-203.5-84.5T128 1376V416q0-119 84.5-203.5T416 128h960q119 0 203.5 84.5T1664 416z"/&gt;&lt;/svg&gt;&lt;/span&gt;
    
            &lt;span class="trace-class"&gt;&lt;abbr title="Doctrine\DBAL\Connection"&gt;Connection&lt;/abbr&gt;&lt;/span&gt;&lt;span class="trace-type"&gt;-&gt;&lt;/span&gt;&lt;span class="trace-method"&gt;getWrappedConnection&lt;/span&gt;&lt;span class="trace-arguments"&gt;()&lt;/span&gt;    
                    &lt;span class="block trace-file-path"&gt;
            in
            &lt;a href=""&gt;
                C:\Users\eman\Documents\GitHub\car_dealer\vendor\doctrine\dbal\src\&lt;strong&gt;Connection.php&lt;/strong&gt;
            &lt;/a&gt;
                        (line 1013)
            &lt;span class="icon icon-copy hidden" data-clipboard-text="C:\Users\eman\Documents\GitHub\car_dealer\vendor\doctrine\dbal\src\Connection.php:1013"&gt;
                &lt;svg xmlns="http://www.w3.org/2000/svg" height="24" viewBox="0 0 24 24" width="24"&gt;&lt;path d="M0 0h24v24H0z" fill="none"/&gt;&lt;path d="M16 1H4c-1.1 0-2 .9-2 2v14h2V3h12V1zm3 4H8c-1.1 0-2 .9-2 2v14c0 1.1.9 2 2 2h11c1.1 0 2-.9 2-2V7c0-1.1-.9-2-2-2zm0 16H8V7h11v14z"/&gt;&lt;/svg&gt;            &lt;/span&gt;
        &lt;/span&gt;
    &lt;/div&gt;
    &lt;div id="trace-html-1-5" class="trace-code sf-toggle-content"&gt;
        &lt;ol start="1008"&gt;&lt;li&gt;&lt;code&gt;&lt;span style="color: var(--highlight-default)"&gt;&amp;nbsp;&amp;nbsp;&amp;nbsp;&amp;nbsp;&lt;/span&gt;&lt;span style="color: var(--highlight-keyword)"&gt;):&amp;nbsp;&lt;/span&gt;&lt;span style="color: var(--highlight-default)"&gt;Result&amp;nbsp;&lt;/span&gt;&lt;span style="color: var(--highlight-keyword)"&gt;{&lt;/span&gt;&lt;/code&gt;&lt;/li&gt;
&lt;li&gt;&lt;code&gt;&lt;span style="color: var(--highlight-keyword)"&gt;&amp;nbsp;&amp;nbsp;&amp;nbsp;&amp;nbsp;&amp;nbsp;&amp;nbsp;&amp;nbsp;&amp;nbsp;if&amp;nbsp;(&lt;/span&gt;&lt;span style="color: var(--highlight-default)"&gt;$qcp&amp;nbsp;&lt;/span&gt;&lt;span style="color: var(--highlight-keyword)"&gt;!==&amp;nbsp;&lt;/span&gt;&lt;span style="color: var(--highlight-default)"&gt;null&lt;/span&gt;&lt;span style="color: var(--highlight-keyword)"&gt;)&amp;nbsp;{&lt;/span&gt;&lt;/code&gt;&lt;/li&gt;
&lt;li&gt;&lt;code&gt;&lt;span style="color: var(--highlight-keyword)"&gt;&amp;nbsp;&amp;nbsp;&amp;nbsp;&amp;nbsp;&amp;nbsp;&amp;nbsp;&amp;nbsp;&amp;nbsp;&amp;nbsp;&amp;nbsp;&amp;nbsp;&amp;nbsp;return&amp;nbsp;&lt;/span&gt;&lt;span style="color: var(--highlight-default)"&gt;$this&lt;/span&gt;&lt;span style="color: var(--highlight-keyword)"&gt;-&amp;gt;&lt;/span&gt;&lt;span style="color: var(--highlight-default)"&gt;executeCacheQuery&lt;/span&gt;&lt;span style="color: var(--highlight-keyword)"&gt;(&lt;/span&gt;&lt;span style="color: var(--highlight-default)"&gt;$sql&lt;/span&gt;&lt;span style="color: var(--highlight-keyword)"&gt;,&amp;nbsp;&lt;/span&gt;&lt;span style="color: var(--highlight-default)"&gt;$params&lt;/span&gt;&lt;span style="color: var(--highlight-keyword)"&gt;,&amp;nbsp;&lt;/span&gt;&lt;span style="color: var(--highlight-default)"&gt;$types&lt;/span&gt;&lt;span style="color: var(--highlight-keyword)"&gt;,&amp;nbsp;&lt;/span&gt;&lt;span style="color: var(--highlight-default)"&gt;$qcp&lt;/span&gt;&lt;span style="color: var(--highlight-keyword)"&gt;);&lt;/span&gt;&lt;/code&gt;&lt;/li&gt;
&lt;li&gt;&lt;code&gt;&lt;span style="color: var(--highlight-keyword)"&gt;&amp;nbsp;&amp;nbsp;&amp;nbsp;&amp;nbsp;&amp;nbsp;&amp;nbsp;&amp;nbsp;&amp;nbsp;}&lt;/span&gt;&lt;/code&gt;&lt;/li&gt;
&lt;li&gt;&lt;code&gt;&lt;span style="color: var(--highlight-keyword)"&gt;&lt;/span&gt;&lt;/code&gt;&lt;/li&gt;
&lt;li class="selected"&gt;&lt;code&gt;&lt;span style="color: var(--highlight-keyword)"&gt;&amp;nbsp;&amp;nbsp;&amp;nbsp;&amp;nbsp;&amp;nbsp;&amp;nbsp;&amp;nbsp;&amp;nbsp;&lt;/span&gt;&lt;span style="color: var(--highlight-default)"&gt;$connection&amp;nbsp;&lt;/span&gt;&lt;span style="color: var(--highlight-keyword)"&gt;=&amp;nbsp;&lt;/span&gt;&lt;span style="color: var(--highlight-default)"&gt;$this&lt;/span&gt;&lt;span style="color: var(--highlight-keyword)"&gt;-&amp;gt;&lt;/span&gt;&lt;span style="color: var(--highlight-default)"&gt;getWrappedConnection&lt;/span&gt;&lt;span style="color: var(--highlight-keyword)"&gt;();&lt;/span&gt;&lt;/code&gt;&lt;/li&gt;
&lt;li&gt;&lt;code&gt;&lt;span style="color: var(--highlight-keyword)"&gt;&lt;/span&gt;&lt;/code&gt;&lt;/li&gt;
&lt;li&gt;&lt;code&gt;&lt;span style="color: var(--highlight-keyword)"&gt;&amp;nbsp;&amp;nbsp;&amp;nbsp;&amp;nbsp;&amp;nbsp;&amp;nbsp;&amp;nbsp;&amp;nbsp;&lt;/span&gt;&lt;span style="color: var(--highlight-default)"&gt;$logger&amp;nbsp;&lt;/span&gt;&lt;span style="color: var(--highlight-keyword)"&gt;=&amp;nbsp;&lt;/span&gt;&lt;span style="color: var(--highlight-default)"&gt;$this&lt;/span&gt;&lt;span style="color: var(--highlight-keyword)"&gt;-&amp;gt;&lt;/span&gt;&lt;span style="color: var(--highlight-default)"&gt;_config&lt;/span&gt;&lt;span style="color: var(--highlight-keyword)"&gt;-&amp;gt;&lt;/span&gt;&lt;span style="color: var(--highlight-default)"&gt;getSQLLogger&lt;/span&gt;&lt;span style="color: var(--highlight-keyword)"&gt;();&lt;/span&gt;&lt;/code&gt;&lt;/li&gt;
&lt;li&gt;&lt;code&gt;&lt;span style="color: var(--highlight-keyword)"&gt;&amp;nbsp;&amp;nbsp;&amp;nbsp;&amp;nbsp;&amp;nbsp;&amp;nbsp;&amp;nbsp;&amp;nbsp;if&amp;nbsp;(&lt;/span&gt;&lt;span style="color: var(--highlight-default)"&gt;$logger&amp;nbsp;&lt;/span&gt;&lt;span style="color: var(--highlight-keyword)"&gt;!==&amp;nbsp;&lt;/span&gt;&lt;span style="color: var(--highlight-default)"&gt;null&lt;/span&gt;&lt;span style="color: var(--highlight-keyword)"&gt;)&amp;nbsp;{&lt;/span&gt;&lt;/code&gt;&lt;/li&gt;
&lt;li&gt;&lt;code&gt;&lt;span style="color: var(--highlight-keyword)"&gt;&amp;nbsp;&amp;nbsp;&amp;nbsp;&amp;nbsp;&amp;nbsp;&amp;nbsp;&amp;nbsp;&amp;nbsp;&amp;nbsp;&amp;nbsp;&amp;nbsp;&amp;nbsp;&lt;/span&gt;&lt;span style="color: var(--highlight-default)"&gt;$logger&lt;/span&gt;&lt;span style="color: var(--highlight-keyword)"&gt;-&amp;gt;&lt;/span&gt;&lt;span style="color: var(--highlight-default)"&gt;startQuery&lt;/span&gt;&lt;span style="color: var(--highlight-keyword)"&gt;(&lt;/span&gt;&lt;span style="color: var(--highlight-default)"&gt;$sql&lt;/span&gt;&lt;span style="color: var(--highlight-keyword)"&gt;,&amp;nbsp;&lt;/span&gt;&lt;span style="color: var(--highlight-default)"&gt;$params&lt;/span&gt;&lt;span style="color: var(--highlight-keyword)"&gt;,&amp;nbsp;&lt;/span&gt;&lt;span style="color: var(--highlight-default)"&gt;$types&lt;/span&gt;&lt;span style="color: var(--highlight-keyword)"&gt;);&lt;/span&gt;&lt;/code&gt;&lt;/li&gt;
&lt;li&gt;&lt;code&gt;&lt;span style="color: var(--highlight-keyword)"&gt;&amp;nbsp;&amp;nbsp;&amp;nbsp;&amp;nbsp;&amp;nbsp;&amp;nbsp;&amp;nbsp;&amp;nbsp;}&lt;/span&gt;&lt;/code&gt;&lt;/li&gt;&lt;/ol&gt;    &lt;/div&gt;            &lt;/div&gt;
                        &lt;div class="trace-line "&gt;
                &lt;div class="trace-line-header break-long-words sf-toggle" data-toggle-selector="#trace-html-1-6" data-toggle-initial=""&gt;
            &lt;span class="icon icon-close"&gt;&lt;svg width="1792" height="1792" viewBox="0 0 1792 1792" xmlns="http://www.w3.org/2000/svg"&gt;&lt;path d="M1408 960V832q0-26-19-45t-45-19H448q-26 0-45 19t-19 45v128q0 26 19 45t45 19h896q26 0 45-19t19-45zm256-544v960q0 119-84.5 203.5T1376 1664H416q-119 0-203.5-84.5T128 1376V416q0-119 84.5-203.5T416 128h960q119 0 203.5 84.5T1664 416z"/&gt;&lt;/svg&gt;&lt;/span&gt;
        &lt;span class="icon icon-open"&gt;&lt;svg width="1792" height="1792" viewBox="0 0 1792 1792" xmlns="http://www.w3.org/2000/svg"&gt;&lt;path d="M1408 960V832q0-26-19-45t-45-19h-320V448q0-26-19-45t-45-19H832q-26 0-45 19t-19 45v320H448q-26 0-45 19t-19 45v128q0 26 19 45t45 19h320v320q0 26 19 45t45 19h128q26 0 45-19t19-45v-320h320q26 0 45-19t19-45zm256-544v960q0 119-84.5 203.5T1376 1664H416q-119 0-203.5-84.5T128 1376V416q0-119 84.5-203.5T416 128h960q119 0 203.5 84.5T1664 416z"/&gt;&lt;/svg&gt;&lt;/span&gt;
    
            &lt;span class="trace-class"&gt;&lt;abbr title="Doctrine\DBAL\Connection"&gt;Connection&lt;/abbr&gt;&lt;/span&gt;&lt;span class="trace-type"&gt;-&gt;&lt;/span&gt;&lt;span class="trace-method"&gt;executeQuery&lt;/span&gt;&lt;span class="trace-arguments"&gt;()&lt;/span&gt;    
                    &lt;span class="block trace-file-path"&gt;
            in
            &lt;a href=""&gt;
                C:\Users\eman\Documents\GitHub\car_dealer\vendor\doctrine\orm\lib\Doctrine\ORM\Persisters\Entity\&lt;strong&gt;BasicEntityPersister.php&lt;/strong&gt;
            &lt;/a&gt;
                        (line 883)
            &lt;span class="icon icon-copy hidden" data-clipboard-text="C:\Users\eman\Documents\GitHub\car_dealer\vendor\doctrine\orm\lib\Doctrine\ORM\Persisters\Entity\BasicEntityPersister.php:883"&gt;
                &lt;svg xmlns="http://www.w3.org/2000/svg" height="24" viewBox="0 0 24 24" width="24"&gt;&lt;path d="M0 0h24v24H0z" fill="none"/&gt;&lt;path d="M16 1H4c-1.1 0-2 .9-2 2v14h2V3h12V1zm3 4H8c-1.1 0-2 .9-2 2v14c0 1.1.9 2 2 2h11c1.1 0 2-.9 2-2V7c0-1.1-.9-2-2-2zm0 16H8V7h11v14z"/&gt;&lt;/svg&gt;            &lt;/span&gt;
        &lt;/span&gt;
    &lt;/div&gt;
    &lt;div id="trace-html-1-6" class="trace-code sf-toggle-content"&gt;
        &lt;ol start="878"&gt;&lt;li&gt;&lt;code&gt;&lt;span style="color: var(--highlight-keyword)"&gt;&amp;nbsp;&amp;nbsp;&amp;nbsp;&amp;nbsp;{&lt;/span&gt;&lt;/code&gt;&lt;/li&gt;
&lt;li&gt;&lt;code&gt;&lt;span style="color: var(--highlight-keyword)"&gt;&amp;nbsp;&amp;nbsp;&amp;nbsp;&amp;nbsp;&amp;nbsp;&amp;nbsp;&amp;nbsp;&amp;nbsp;&lt;/span&gt;&lt;span style="color: var(--highlight-default)"&gt;$this&lt;/span&gt;&lt;span style="color: var(--highlight-keyword)"&gt;-&amp;gt;&lt;/span&gt;&lt;span style="color: var(--highlight-default)"&gt;switchPersisterContext&lt;/span&gt;&lt;span style="color: var(--highlight-keyword)"&gt;(&lt;/span&gt;&lt;span style="color: var(--highlight-default)"&gt;$offset&lt;/span&gt;&lt;span style="color: var(--highlight-keyword)"&gt;,&amp;nbsp;&lt;/span&gt;&lt;span style="color: var(--highlight-default)"&gt;$limit&lt;/span&gt;&lt;span style="color: var(--highlight-keyword)"&gt;);&lt;/span&gt;&lt;/code&gt;&lt;/li&gt;
&lt;li&gt;&lt;code&gt;&lt;span style="color: var(--highlight-keyword)"&gt;&lt;/span&gt;&lt;/code&gt;&lt;/li&gt;
&lt;li&gt;&lt;code&gt;&lt;span style="color: var(--highlight-keyword)"&gt;&amp;nbsp;&amp;nbsp;&amp;nbsp;&amp;nbsp;&amp;nbsp;&amp;nbsp;&amp;nbsp;&amp;nbsp;&lt;/span&gt;&lt;span style="color: var(--highlight-default)"&gt;$sql&amp;nbsp;&amp;nbsp;&amp;nbsp;&amp;nbsp;&amp;nbsp;&amp;nbsp;&amp;nbsp;&amp;nbsp;&amp;nbsp;&amp;nbsp;&amp;nbsp;&amp;nbsp;&amp;nbsp;&amp;nbsp;&lt;/span&gt;&lt;span style="color: var(--highlight-keyword)"&gt;=&amp;nbsp;&lt;/span&gt;&lt;span style="color: var(--highlight-default)"&gt;$this&lt;/span&gt;&lt;span style="color: var(--highlight-keyword)"&gt;-&amp;gt;&lt;/span&gt;&lt;span style="color: var(--highlight-default)"&gt;getSelectSQL&lt;/span&gt;&lt;span style="color: var(--highlight-keyword)"&gt;(&lt;/span&gt;&lt;span style="color: var(--highlight-default)"&gt;$criteria&lt;/span&gt;&lt;span style="color: var(--highlight-keyword)"&gt;,&amp;nbsp;&lt;/span&gt;&lt;span style="color: var(--highlight-default)"&gt;null&lt;/span&gt;&lt;span style="color: var(--highlight-keyword)"&gt;,&amp;nbsp;&lt;/span&gt;&lt;span style="color: var(--highlight-default)"&gt;null&lt;/span&gt;&lt;span style="color: var(--highlight-keyword)"&gt;,&amp;nbsp;&lt;/span&gt;&lt;span style="color: var(--highlight-default)"&gt;$limit&lt;/span&gt;&lt;span style="color: var(--highlight-keyword)"&gt;,&amp;nbsp;&lt;/span&gt;&lt;span style="color: var(--highlight-default)"&gt;$offset&lt;/span&gt;&lt;span style="color: var(--highlight-keyword)"&gt;,&amp;nbsp;&lt;/span&gt;&lt;span style="color: var(--highlight-default)"&gt;$orderBy&lt;/span&gt;&lt;span style="color: var(--highlight-keyword)"&gt;);&lt;/span&gt;&lt;/code&gt;&lt;/li&gt;
&lt;li&gt;&lt;code&gt;&lt;span style="color: var(--highlight-keyword)"&gt;&amp;nbsp;&amp;nbsp;&amp;nbsp;&amp;nbsp;&amp;nbsp;&amp;nbsp;&amp;nbsp;&amp;nbsp;[&lt;/span&gt;&lt;span style="color: var(--highlight-default)"&gt;$params&lt;/span&gt;&lt;span style="color: var(--highlight-keyword)"&gt;,&amp;nbsp;&lt;/span&gt;&lt;span style="color: var(--highlight-default)"&gt;$types&lt;/span&gt;&lt;span style="color: var(--highlight-keyword)"&gt;]&amp;nbsp;=&amp;nbsp;&lt;/span&gt;&lt;span style="color: var(--highlight-default)"&gt;$this&lt;/span&gt;&lt;span style="color: var(--highlight-keyword)"&gt;-&amp;gt;&lt;/span&gt;&lt;span style="color: var(--highlight-default)"&gt;expandParameters&lt;/span&gt;&lt;span style="color: var(--highlight-keyword)"&gt;(&lt;/span&gt;&lt;span style="color: var(--highlight-default)"&gt;$criteria&lt;/span&gt;&lt;span style="color: var(--highlight-keyword)"&gt;);&lt;/span&gt;&lt;/code&gt;&lt;/li&gt;
&lt;li class="selected"&gt;&lt;code&gt;&lt;span style="color: var(--highlight-keyword)"&gt;&amp;nbsp;&amp;nbsp;&amp;nbsp;&amp;nbsp;&amp;nbsp;&amp;nbsp;&amp;nbsp;&amp;nbsp;&lt;/span&gt;&lt;span style="color: var(--highlight-default)"&gt;$stmt&amp;nbsp;&amp;nbsp;&amp;nbsp;&amp;nbsp;&amp;nbsp;&amp;nbsp;&amp;nbsp;&amp;nbsp;&amp;nbsp;&amp;nbsp;&amp;nbsp;&amp;nbsp;&amp;nbsp;&lt;/span&gt;&lt;span style="color: var(--highlight-keyword)"&gt;=&amp;nbsp;&lt;/span&gt;&lt;span style="color: var(--highlight-default)"&gt;$this&lt;/span&gt;&lt;span style="color: var(--highlight-keyword)"&gt;-&amp;gt;&lt;/span&gt;&lt;span style="color: var(--highlight-default)"&gt;conn&lt;/span&gt;&lt;span style="color: var(--highlight-keyword)"&gt;-&amp;gt;&lt;/span&gt;&lt;span style="color: var(--highlight-default)"&gt;executeQuery&lt;/span&gt;&lt;span style="color: var(--highlight-keyword)"&gt;(&lt;/span&gt;&lt;span style="color: var(--highlight-default)"&gt;$sql&lt;/span&gt;&lt;span style="color: var(--highlight-keyword)"&gt;,&amp;nbsp;&lt;/span&gt;&lt;span style="color: var(--highlight-default)"&gt;$params&lt;/span&gt;&lt;span style="color: var(--highlight-keyword)"&gt;,&amp;nbsp;&lt;/span&gt;&lt;span style="color: var(--highlight-default)"&gt;$types&lt;/span&gt;&lt;span style="color: var(--highlight-keyword)"&gt;);&lt;/span&gt;&lt;/code&gt;&lt;/li&gt;
&lt;li&gt;&lt;code&gt;&lt;span style="color: var(--highlight-keyword)"&gt;&lt;/span&gt;&lt;/code&gt;&lt;/li&gt;
&lt;li&gt;&lt;code&gt;&lt;span style="color: var(--highlight-keyword)"&gt;&amp;nbsp;&amp;nbsp;&amp;nbsp;&amp;nbsp;&amp;nbsp;&amp;nbsp;&amp;nbsp;&amp;nbsp;&lt;/span&gt;&lt;span style="color: var(--highlight-default)"&gt;$hydrator&amp;nbsp;&lt;/span&gt;&lt;span style="color: var(--highlight-keyword)"&gt;=&amp;nbsp;&lt;/span&gt;&lt;span style="color: var(--highlight-default)"&gt;$this&lt;/span&gt;&lt;span style="color: var(--highlight-keyword)"&gt;-&amp;gt;&lt;/span&gt;&lt;span style="color: var(--highlight-default)"&gt;em&lt;/span&gt;&lt;span style="color: var(--highlight-keyword)"&gt;-&amp;gt;&lt;/span&gt;&lt;span style="color: var(--highlight-default)"&gt;newHydrator&lt;/span&gt;&lt;span style="color: var(--highlight-keyword)"&gt;(&lt;/span&gt;&lt;span style="color: var(--highlight-default)"&gt;$this&lt;/span&gt;&lt;span style="color: var(--highlight-keyword)"&gt;-&amp;gt;&lt;/span&gt;&lt;span style="color: var(--highlight-default)"&gt;currentPersisterContext&lt;/span&gt;&lt;span style="color: var(--highlight-keyword)"&gt;-&amp;gt;&lt;/span&gt;&lt;span style="color: var(--highlight-default)"&gt;selectJoinSql&amp;nbsp;&lt;/span&gt;&lt;span style="color: var(--highlight-keyword)"&gt;?&amp;nbsp;&lt;/span&gt;&lt;span style="color: var(--highlight-default)"&gt;Query&lt;/span&gt;&lt;span style="color: var(--highlight-keyword)"&gt;::&lt;/span&gt;&lt;span style="color: var(--highlight-default)"&gt;HYDRATE_OBJECT&amp;nbsp;&lt;/span&gt;&lt;span style="color: var(--highlight-keyword)"&gt;:&amp;nbsp;&lt;/span&gt;&lt;span style="color: var(--highlight-default)"&gt;Query&lt;/span&gt;&lt;span style="color: var(--highlight-keyword)"&gt;::&lt;/span&gt;&lt;span style="color: var(--highlight-default)"&gt;HYDRATE_SIMPLEOBJECT&lt;/span&gt;&lt;span style="color: var(--highlight-keyword)"&gt;);&lt;/span&gt;&lt;/code&gt;&lt;/li&gt;
&lt;li&gt;&lt;code&gt;&lt;span style="color: var(--highlight-keyword)"&gt;&lt;/span&gt;&lt;/code&gt;&lt;/li&gt;
&lt;li&gt;&lt;code&gt;&lt;span style="color: var(--highlight-keyword)"&gt;&amp;nbsp;&amp;nbsp;&amp;nbsp;&amp;nbsp;&amp;nbsp;&amp;nbsp;&amp;nbsp;&amp;nbsp;return&amp;nbsp;&lt;/span&gt;&lt;span style="color: var(--highlight-default)"&gt;$hydrator&lt;/span&gt;&lt;span style="color: var(--highlight-keyword)"&gt;-&amp;gt;&lt;/span&gt;&lt;span style="color: var(--highlight-default)"&gt;hydrateAll&lt;/span&gt;&lt;span style="color: var(--highlight-keyword)"&gt;(&lt;/span&gt;&lt;span style="color: var(--highlight-default)"&gt;$stmt&lt;/span&gt;&lt;span style="color: var(--highlight-keyword)"&gt;,&amp;nbsp;&lt;/span&gt;&lt;span style="color: var(--highlight-default)"&gt;$this&lt;/span&gt;&lt;span style="color: var(--highlight-keyword)"&gt;-&amp;gt;&lt;/span&gt;&lt;span style="color: var(--highlight-default)"&gt;currentPersisterContext&lt;/span&gt;&lt;span style="color: var(--highlight-keyword)"&gt;-&amp;gt;&lt;/span&gt;&lt;span style="color: var(--highlight-default)"&gt;rsm&lt;/span&gt;&lt;span style="color: var(--highlight-keyword)"&gt;,&amp;nbsp;[&lt;/span&gt;&lt;span style="color: var(--highlight-default)"&gt;UnitOfWork&lt;/span&gt;&lt;span style="color: var(--highlight-keyword)"&gt;::&lt;/span&gt;&lt;span style="color: var(--highlight-default)"&gt;HINT_DEFEREAGERLOAD&amp;nbsp;&lt;/span&gt;&lt;span style="color: var(--highlight-keyword)"&gt;=&amp;gt;&amp;nbsp;&lt;/span&gt;&lt;span style="color: var(--highlight-default)"&gt;true&lt;/span&gt;&lt;span style="color: var(--highlight-keyword)"&gt;]);&lt;/span&gt;&lt;/code&gt;&lt;/li&gt;
&lt;li&gt;&lt;code&gt;&lt;span style="color: var(--highlight-keyword)"&gt;&amp;nbsp;&amp;nbsp;&amp;nbsp;&amp;nbsp;}&lt;/span&gt;&lt;/code&gt;&lt;/li&gt;&lt;/ol&gt;    &lt;/div&gt;            &lt;/div&gt;
                        &lt;div class="trace-line "&gt;
                &lt;div class="trace-line-header break-long-words sf-toggle" data-toggle-selector="#trace-html-1-7" data-toggle-initial=""&gt;
            &lt;span class="icon icon-close"&gt;&lt;svg width="1792" height="1792" viewBox="0 0 1792 1792" xmlns="http://www.w3.org/2000/svg"&gt;&lt;path d="M1408 960V832q0-26-19-45t-45-19H448q-26 0-45 19t-19 45v128q0 26 19 45t45 19h896q26 0 45-19t19-45zm256-544v960q0 119-84.5 203.5T1376 1664H416q-119 0-203.5-84.5T128 1376V416q0-119 84.5-203.5T416 128h960q119 0 203.5 84.5T1664 416z"/&gt;&lt;/svg&gt;&lt;/span&gt;
        &lt;span class="icon icon-open"&gt;&lt;svg width="1792" height="1792" viewBox="0 0 1792 1792" xmlns="http://www.w3.org/2000/svg"&gt;&lt;path d="M1408 960V832q0-26-19-45t-45-19h-320V448q0-26-19-45t-45-19H832q-26 0-45 19t-19 45v320H448q-26 0-45 19t-19 45v128q0 26 19 45t45 19h320v320q0 26 19 45t45 19h128q26 0 45-19t19-45v-320h320q26 0 45-19t19-45zm256-544v960q0 119-84.5 203.5T1376 1664H416q-119 0-203.5-84.5T128 1376V416q0-119 84.5-203.5T416 128h960q119 0 203.5 84.5T1664 416z"/&gt;&lt;/svg&gt;&lt;/span&gt;
    
            &lt;span class="trace-class"&gt;&lt;abbr title="Doctrine\ORM\Persisters\Entity\BasicEntityPersister"&gt;BasicEntityPersister&lt;/abbr&gt;&lt;/span&gt;&lt;span class="trace-type"&gt;-&gt;&lt;/span&gt;&lt;span class="trace-method"&gt;loadAll&lt;/span&gt;&lt;span class="trace-arguments"&gt;()&lt;/span&gt;    
                    &lt;span class="block trace-file-path"&gt;
            in
            &lt;a href=""&gt;
                C:\Users\eman\Documents\GitHub\car_dealer\vendor\doctrine\orm\lib\Doctrine\ORM\&lt;strong&gt;EntityRepository.php&lt;/strong&gt;
            &lt;/a&gt;
                        (line 202)
            &lt;span class="icon icon-copy hidden" data-clipboard-text="C:\Users\eman\Documents\GitHub\car_dealer\vendor\doctrine\orm\lib\Doctrine\ORM\EntityRepository.php:202"&gt;
                &lt;svg xmlns="http://www.w3.org/2000/svg" height="24" viewBox="0 0 24 24" width="24"&gt;&lt;path d="M0 0h24v24H0z" fill="none"/&gt;&lt;path d="M16 1H4c-1.1 0-2 .9-2 2v14h2V3h12V1zm3 4H8c-1.1 0-2 .9-2 2v14c0 1.1.9 2 2 2h11c1.1 0 2-.9 2-2V7c0-1.1-.9-2-2-2zm0 16H8V7h11v14z"/&gt;&lt;/svg&gt;            &lt;/span&gt;
        &lt;/span&gt;
    &lt;/div&gt;
    &lt;div id="trace-html-1-7" class="trace-code sf-toggle-content"&gt;
        &lt;ol start="197"&gt;&lt;li&gt;&lt;code&gt;&lt;span style="color: var(--highlight-comment)"&gt;&amp;nbsp;&amp;nbsp;&amp;nbsp;&amp;nbsp;&amp;nbsp;*/&lt;/span&gt;&lt;/code&gt;&lt;/li&gt;
&lt;li&gt;&lt;code&gt;&lt;span style="color: var(--highlight-comment)"&gt;&amp;nbsp;&amp;nbsp;&amp;nbsp;&amp;nbsp;&lt;/span&gt;&lt;span style="color: var(--highlight-keyword)"&gt;public&amp;nbsp;function&amp;nbsp;&lt;/span&gt;&lt;span style="color: var(--highlight-default)"&gt;findBy&lt;/span&gt;&lt;span style="color: var(--highlight-keyword)"&gt;(array&amp;nbsp;&lt;/span&gt;&lt;span style="color: var(--highlight-default)"&gt;$criteria&lt;/span&gt;&lt;span style="color: var(--highlight-keyword)"&gt;,&amp;nbsp;?array&amp;nbsp;&lt;/span&gt;&lt;span style="color: var(--highlight-default)"&gt;$orderBy&amp;nbsp;&lt;/span&gt;&lt;span style="color: var(--highlight-keyword)"&gt;=&amp;nbsp;&lt;/span&gt;&lt;span style="color: var(--highlight-default)"&gt;null&lt;/span&gt;&lt;span style="color: var(--highlight-keyword)"&gt;,&amp;nbsp;&lt;/span&gt;&lt;span style="color: var(--highlight-default)"&gt;$limit&amp;nbsp;&lt;/span&gt;&lt;span style="color: var(--highlight-keyword)"&gt;=&amp;nbsp;&lt;/span&gt;&lt;span style="color: var(--highlight-default)"&gt;null&lt;/span&gt;&lt;span style="color: var(--highlight-keyword)"&gt;,&amp;nbsp;&lt;/span&gt;&lt;span style="color: var(--highlight-default)"&gt;$offset&amp;nbsp;&lt;/span&gt;&lt;span style="color: var(--highlight-keyword)"&gt;=&amp;nbsp;&lt;/span&gt;&lt;span style="color: var(--highlight-default)"&gt;null&lt;/span&gt;&lt;span style="color: var(--highlight-keyword)"&gt;)&lt;/span&gt;&lt;/code&gt;&lt;/li&gt;
&lt;li&gt;&lt;code&gt;&lt;span style="color: var(--highlight-keyword)"&gt;&amp;nbsp;&amp;nbsp;&amp;nbsp;&amp;nbsp;{&lt;/span&gt;&lt;/code&gt;&lt;/li&gt;
&lt;li&gt;&lt;code&gt;&lt;span style="color: var(--highlight-keyword)"&gt;&amp;nbsp;&amp;nbsp;&amp;nbsp;&amp;nbsp;&amp;nbsp;&amp;nbsp;&amp;nbsp;&amp;nbsp;&lt;/span&gt;&lt;span style="color: var(--highlight-default)"&gt;$persister&amp;nbsp;&lt;/span&gt;&lt;span style="color: var(--highlight-keyword)"&gt;=&amp;nbsp;&lt;/span&gt;&lt;span style="color: var(--highlight-default)"&gt;$this&lt;/span&gt;&lt;span style="color: var(--highlight-keyword)"&gt;-&amp;gt;&lt;/span&gt;&lt;span style="color: var(--highlight-default)"&gt;_em&lt;/span&gt;&lt;span style="color: var(--highlight-keyword)"&gt;-&amp;gt;&lt;/span&gt;&lt;span style="color: var(--highlight-default)"&gt;getUnitOfWork&lt;/span&gt;&lt;span style="color: var(--highlight-keyword)"&gt;()-&amp;gt;&lt;/span&gt;&lt;span style="color: var(--highlight-default)"&gt;getEntityPersister&lt;/span&gt;&lt;span style="color: var(--highlight-keyword)"&gt;(&lt;/span&gt;&lt;span style="color: var(--highlight-default)"&gt;$this&lt;/span&gt;&lt;span style="color: var(--highlight-keyword)"&gt;-&amp;gt;&lt;/span&gt;&lt;span style="color: var(--highlight-default)"&gt;_entityName&lt;/span&gt;&lt;span style="color: var(--highlight-keyword)"&gt;);&lt;/span&gt;&lt;/code&gt;&lt;/li&gt;
&lt;li&gt;&lt;code&gt;&lt;span style="color: var(--highlight-keyword)"&gt;&lt;/span&gt;&lt;/code&gt;&lt;/li&gt;
&lt;li class="selected"&gt;&lt;code&gt;&lt;span style="color: var(--highlight-keyword)"&gt;&amp;nbsp;&amp;nbsp;&amp;nbsp;&amp;nbsp;&amp;nbsp;&amp;nbsp;&amp;nbsp;&amp;nbsp;return&amp;nbsp;&lt;/span&gt;&lt;span style="color: var(--highlight-default)"&gt;$persister&lt;/span&gt;&lt;span style="color: var(--highlight-keyword)"&gt;-&amp;gt;&lt;/span&gt;&lt;span style="color: var(--highlight-default)"&gt;loadAll&lt;/span&gt;&lt;span style="color: var(--highlight-keyword)"&gt;(&lt;/span&gt;&lt;span style="color: var(--highlight-default)"&gt;$criteria&lt;/span&gt;&lt;span style="color: var(--highlight-keyword)"&gt;,&amp;nbsp;&lt;/span&gt;&lt;span style="color: var(--highlight-default)"&gt;$orderBy&lt;/span&gt;&lt;span style="color: var(--highlight-keyword)"&gt;,&amp;nbsp;&lt;/span&gt;&lt;span style="color: var(--highlight-default)"&gt;$limit&lt;/span&gt;&lt;span style="color: var(--highlight-keyword)"&gt;,&amp;nbsp;&lt;/span&gt;&lt;span style="color: var(--highlight-default)"&gt;$offset&lt;/span&gt;&lt;span style="color: var(--highlight-keyword)"&gt;);&lt;/span&gt;&lt;/code&gt;&lt;/li&gt;
&lt;li&gt;&lt;code&gt;&lt;span style="color: var(--highlight-keyword)"&gt;&amp;nbsp;&amp;nbsp;&amp;nbsp;&amp;nbsp;}&lt;/span&gt;&lt;/code&gt;&lt;/li&gt;
&lt;li&gt;&lt;code&gt;&lt;span style="color: var(--highlight-keyword)"&gt;&lt;/span&gt;&lt;/code&gt;&lt;/li&gt;
&lt;li&gt;&lt;code&gt;&lt;span style="color: var(--highlight-keyword)"&gt;&amp;nbsp;&amp;nbsp;&amp;nbsp;&amp;nbsp;&lt;/span&gt;&lt;span style="color: var(--highlight-comment)"&gt;/**&lt;/span&gt;&lt;/code&gt;&lt;/li&gt;
&lt;li&gt;&lt;code&gt;&lt;span style="color: var(--highlight-comment)"&gt;&amp;nbsp;&amp;nbsp;&amp;nbsp;&amp;nbsp;&amp;nbsp;*&amp;nbsp;Finds&amp;nbsp;a&amp;nbsp;single&amp;nbsp;entity&amp;nbsp;by&amp;nbsp;a&amp;nbsp;set&amp;nbsp;of&amp;nbsp;criteria.&lt;/span&gt;&lt;/code&gt;&lt;/li&gt;
&lt;li&gt;&lt;code&gt;&lt;span style="color: var(--highlight-comment)"&gt;&amp;nbsp;&amp;nbsp;&amp;nbsp;&amp;nbsp;&amp;nbsp;*&lt;/span&gt;&lt;/code&gt;&lt;/li&gt;&lt;/ol&gt;    &lt;/div&gt;            &lt;/div&gt;
                        &lt;div class="trace-line "&gt;
                &lt;div class="trace-line-header break-long-words sf-toggle" data-toggle-selector="#trace-html-1-8" data-toggle-initial=""&gt;
            &lt;span class="icon icon-close"&gt;&lt;svg width="1792" height="1792" viewBox="0 0 1792 1792" xmlns="http://www.w3.org/2000/svg"&gt;&lt;path d="M1408 960V832q0-26-19-45t-45-19H448q-26 0-45 19t-19 45v128q0 26 19 45t45 19h896q26 0 45-19t19-45zm256-544v960q0 119-84.5 203.5T1376 1664H416q-119 0-203.5-84.5T128 1376V416q0-119 84.5-203.5T416 128h960q119 0 203.5 84.5T1664 416z"/&gt;&lt;/svg&gt;&lt;/span&gt;
        &lt;span class="icon icon-open"&gt;&lt;svg width="1792" height="1792" viewBox="0 0 1792 1792" xmlns="http://www.w3.org/2000/svg"&gt;&lt;path d="M1408 960V832q0-26-19-45t-45-19h-320V448q0-26-19-45t-45-19H832q-26 0-45 19t-19 45v320H448q-26 0-45 19t-19 45v128q0 26 19 45t45 19h320v320q0 26 19 45t45 19h128q26 0 45-19t19-45v-320h320q26 0 45-19t19-45zm256-544v960q0 119-84.5 203.5T1376 1664H416q-119 0-203.5-84.5T128 1376V416q0-119 84.5-203.5T416 128h960q119 0 203.5 84.5T1664 416z"/&gt;&lt;/svg&gt;&lt;/span&gt;
    
            &lt;span class="trace-class"&gt;&lt;abbr title="Doctrine\ORM\EntityRepository"&gt;EntityRepository&lt;/abbr&gt;&lt;/span&gt;&lt;span class="trace-type"&gt;-&gt;&lt;/span&gt;&lt;span class="trace-method"&gt;findBy&lt;/span&gt;&lt;span class="trace-arguments"&gt;()&lt;/span&gt;    
                    &lt;span class="block trace-file-path"&gt;
            in
            &lt;a href=""&gt;
                C:\Users\eman\Documents\GitHub\car_dealer\vendor\doctrine\orm\lib\Doctrine\ORM\&lt;strong&gt;EntityRepository.php&lt;/strong&gt;
            &lt;/a&gt;
                        (line 184)
            &lt;span class="icon icon-copy hidden" data-clipboard-text="C:\Users\eman\Documents\GitHub\car_dealer\vendor\doctrine\orm\lib\Doctrine\ORM\EntityRepository.php:184"&gt;
                &lt;svg xmlns="http://www.w3.org/2000/svg" height="24" viewBox="0 0 24 24" width="24"&gt;&lt;path d="M0 0h24v24H0z" fill="none"/&gt;&lt;path d="M16 1H4c-1.1 0-2 .9-2 2v14h2V3h12V1zm3 4H8c-1.1 0-2 .9-2 2v14c0 1.1.9 2 2 2h11c1.1 0 2-.9 2-2V7c0-1.1-.9-2-2-2zm0 16H8V7h11v14z"/&gt;&lt;/svg&gt;            &lt;/span&gt;
        &lt;/span&gt;
    &lt;/div&gt;
    &lt;div id="trace-html-1-8" class="trace-code sf-toggle-content"&gt;
        &lt;ol start="179"&gt;&lt;li&gt;&lt;code&gt;&lt;span style="color: var(--highlight-comment)"&gt;&amp;nbsp;&amp;nbsp;&amp;nbsp;&amp;nbsp;&amp;nbsp;*&lt;/span&gt;&lt;/code&gt;&lt;/li&gt;
&lt;li&gt;&lt;code&gt;&lt;span style="color: var(--highlight-comment)"&gt;&amp;nbsp;&amp;nbsp;&amp;nbsp;&amp;nbsp;&amp;nbsp;*&amp;nbsp;@psalm-return&amp;nbsp;list&amp;lt;T&amp;gt;&amp;nbsp;The&amp;nbsp;entities.&lt;/span&gt;&lt;/code&gt;&lt;/li&gt;
&lt;li&gt;&lt;code&gt;&lt;span style="color: var(--highlight-comment)"&gt;&amp;nbsp;&amp;nbsp;&amp;nbsp;&amp;nbsp;&amp;nbsp;*/&lt;/span&gt;&lt;/code&gt;&lt;/li&gt;
&lt;li&gt;&lt;code&gt;&lt;span style="color: var(--highlight-comment)"&gt;&amp;nbsp;&amp;nbsp;&amp;nbsp;&amp;nbsp;&lt;/span&gt;&lt;span style="color: var(--highlight-keyword)"&gt;public&amp;nbsp;function&amp;nbsp;&lt;/span&gt;&lt;span style="color: var(--highlight-default)"&gt;findAll&lt;/span&gt;&lt;span style="color: var(--highlight-keyword)"&gt;()&lt;/span&gt;&lt;/code&gt;&lt;/li&gt;
&lt;li&gt;&lt;code&gt;&lt;span style="color: var(--highlight-keyword)"&gt;&amp;nbsp;&amp;nbsp;&amp;nbsp;&amp;nbsp;{&lt;/span&gt;&lt;/code&gt;&lt;/li&gt;
&lt;li class="selected"&gt;&lt;code&gt;&lt;span style="color: var(--highlight-keyword)"&gt;&amp;nbsp;&amp;nbsp;&amp;nbsp;&amp;nbsp;&amp;nbsp;&amp;nbsp;&amp;nbsp;&amp;nbsp;return&amp;nbsp;&lt;/span&gt;&lt;span style="color: var(--highlight-default)"&gt;$this&lt;/span&gt;&lt;span style="color: var(--highlight-keyword)"&gt;-&amp;gt;&lt;/span&gt;&lt;span style="color: var(--highlight-default)"&gt;findBy&lt;/span&gt;&lt;span style="color: var(--highlight-keyword)"&gt;([]);&lt;/span&gt;&lt;/code&gt;&lt;/li&gt;
&lt;li&gt;&lt;code&gt;&lt;span style="color: var(--highlight-keyword)"&gt;&amp;nbsp;&amp;nbsp;&amp;nbsp;&amp;nbsp;}&lt;/span&gt;&lt;/code&gt;&lt;/li&gt;
&lt;li&gt;&lt;code&gt;&lt;span style="color: var(--highlight-keyword)"&gt;&lt;/span&gt;&lt;/code&gt;&lt;/li&gt;
&lt;li&gt;&lt;code&gt;&lt;span style="color: var(--highlight-keyword)"&gt;&amp;nbsp;&amp;nbsp;&amp;nbsp;&amp;nbsp;&lt;/span&gt;&lt;span style="color: var(--highlight-comment)"&gt;/**&lt;/span&gt;&lt;/code&gt;&lt;/li&gt;
&lt;li&gt;&lt;code&gt;&lt;span style="color: var(--highlight-comment)"&gt;&amp;nbsp;&amp;nbsp;&amp;nbsp;&amp;nbsp;&amp;nbsp;*&amp;nbsp;Finds&amp;nbsp;entities&amp;nbsp;by&amp;nbsp;a&amp;nbsp;set&amp;nbsp;of&amp;nbsp;criteria.&lt;/span&gt;&lt;/code&gt;&lt;/li&gt;
&lt;li&gt;&lt;code&gt;&lt;span style="color: var(--highlight-comment)"&gt;&amp;nbsp;&amp;nbsp;&amp;nbsp;&amp;nbsp;&amp;nbsp;*&lt;/span&gt;&lt;/code&gt;&lt;/li&gt;&lt;/ol&gt;    &lt;/div&gt;            &lt;/div&gt;
                        &lt;div class="trace-line "&gt;
                &lt;div class="trace-line-header break-long-words sf-toggle" data-toggle-selector="#trace-html-1-9" data-toggle-initial=""&gt;
            &lt;span class="icon icon-close"&gt;&lt;svg width="1792" height="1792" viewBox="0 0 1792 1792" xmlns="http://www.w3.org/2000/svg"&gt;&lt;path d="M1408 960V832q0-26-19-45t-45-19H448q-26 0-45 19t-19 45v128q0 26 19 45t45 19h896q26 0 45-19t19-45zm256-544v960q0 119-84.5 203.5T1376 1664H416q-119 0-203.5-84.5T128 1376V416q0-119 84.5-203.5T416 128h960q119 0 203.5 84.5T1664 416z"/&gt;&lt;/svg&gt;&lt;/span&gt;
        &lt;span class="icon icon-open"&gt;&lt;svg width="1792" height="1792" viewBox="0 0 1792 1792" xmlns="http://www.w3.org/2000/svg"&gt;&lt;path d="M1408 960V832q0-26-19-45t-45-19h-320V448q0-26-19-45t-45-19H832q-26 0-45 19t-19 45v320H448q-26 0-45 19t-19 45v128q0 26 19 45t45 19h320v320q0 26 19 45t45 19h128q26 0 45-19t19-45v-320h320q26 0 45-19t19-45zm256-544v960q0 119-84.5 203.5T1376 1664H416q-119 0-203.5-84.5T128 1376V416q0-119 84.5-203.5T416 128h960q119 0 203.5 84.5T1664 416z"/&gt;&lt;/svg&gt;&lt;/span&gt;
    
            &lt;span class="trace-class"&gt;&lt;abbr title="Doctrine\ORM\EntityRepository"&gt;EntityRepository&lt;/abbr&gt;&lt;/span&gt;&lt;span class="trace-type"&gt;-&gt;&lt;/span&gt;&lt;span class="trace-method"&gt;findAll&lt;/span&gt;&lt;span class="trace-arguments"&gt;()&lt;/span&gt;    
                    &lt;span class="block trace-file-path"&gt;
            in
            &lt;a href=""&gt;
                C:\Users\eman\Documents\GitHub\car_dealer\src\Controller\&lt;strong&gt;CarPublicController.php&lt;/strong&gt;
            &lt;/a&gt;
                        (line 21)
            &lt;span class="icon icon-copy hidden" data-clipboard-text="C:\Users\eman\Documents\GitHub\car_dealer\src\Controller\CarPublicController.php:21"&gt;
                &lt;svg xmlns="http://www.w3.org/2000/svg" height="24" viewBox="0 0 24 24" width="24"&gt;&lt;path d="M0 0h24v24H0z" fill="none"/&gt;&lt;path d="M16 1H4c-1.1 0-2 .9-2 2v14h2V3h12V1zm3 4H8c-1.1 0-2 .9-2 2v14c0 1.1.9 2 2 2h11c1.1 0 2-.9 2-2V7c0-1.1-.9-2-2-2zm0 16H8V7h11v14z"/&gt;&lt;/svg&gt;            &lt;/span&gt;
        &lt;/span&gt;
    &lt;/div&gt;
    &lt;div id="trace-html-1-9" class="trace-code sf-toggle-content"&gt;
        &lt;ol start="16"&gt;&lt;li&gt;&lt;code&gt;&lt;span style="color: var(--highlight-keyword)"&gt;&amp;nbsp;&amp;nbsp;&amp;nbsp;&amp;nbsp;&amp;nbsp;&amp;nbsp;&amp;nbsp;&amp;nbsp;&lt;/span&gt;&lt;span style="color: var(--highlight-default)"&gt;$template&amp;nbsp;&lt;/span&gt;&lt;span style="color: var(--highlight-keyword)"&gt;=&amp;nbsp;&lt;/span&gt;&lt;span style="color: var(--highlight-string)"&gt;'carPublic/index.html.twig'&lt;/span&gt;&lt;span style="color: var(--highlight-keyword)"&gt;;&#13;&lt;/span&gt;&lt;/code&gt;&lt;/li&gt;
&lt;li&gt;&lt;code&gt;&lt;span style="color: var(--highlight-keyword)"&gt;&amp;nbsp;&amp;nbsp;&amp;nbsp;&amp;nbsp;&amp;nbsp;&amp;nbsp;&amp;nbsp;&amp;nbsp;&lt;/span&gt;&lt;span style="color: var(--highlight-default)"&gt;$argsArray&amp;nbsp;&lt;/span&gt;&lt;span style="color: var(--highlight-keyword)"&gt;=&amp;nbsp;[];&#13;&lt;/span&gt;&lt;/code&gt;&lt;/li&gt;
&lt;li&gt;&lt;code&gt;&lt;span style="color: var(--highlight-keyword)"&gt;&#13;&lt;/span&gt;&lt;/code&gt;&lt;/li&gt;
&lt;li&gt;&lt;code&gt;&lt;span style="color: var(--highlight-keyword)"&gt;&amp;nbsp;&amp;nbsp;&amp;nbsp;&amp;nbsp;&amp;nbsp;&amp;nbsp;&amp;nbsp;&amp;nbsp;return&amp;nbsp;&lt;/span&gt;&lt;span style="color: var(--highlight-default)"&gt;$this&lt;/span&gt;&lt;span style="color: var(--highlight-keyword)"&gt;-&amp;gt;&lt;/span&gt;&lt;span style="color: var(--highlight-default)"&gt;render&lt;/span&gt;&lt;span style="color: var(--highlight-keyword)"&gt;(&lt;/span&gt;&lt;span style="color: var(--highlight-default)"&gt;$template&lt;/span&gt;&lt;span style="color: var(--highlight-keyword)"&gt;,&amp;nbsp;[&#13;&lt;/span&gt;&lt;/code&gt;&lt;/li&gt;
&lt;li&gt;&lt;code&gt;&lt;span style="color: var(--highlight-keyword)"&gt;&amp;nbsp;&amp;nbsp;&amp;nbsp;&amp;nbsp;&amp;nbsp;&amp;nbsp;&amp;nbsp;&amp;nbsp;&amp;nbsp;&amp;nbsp;&amp;nbsp;&amp;nbsp;&lt;/span&gt;&lt;span style="color: var(--highlight-string)"&gt;'controller_name'&amp;nbsp;&lt;/span&gt;&lt;span style="color: var(--highlight-keyword)"&gt;=&amp;gt;&amp;nbsp;&lt;/span&gt;&lt;span style="color: var(--highlight-string)"&gt;'CarPublicController'&lt;/span&gt;&lt;span style="color: var(--highlight-keyword)"&gt;,&#13;&lt;/span&gt;&lt;/code&gt;&lt;/li&gt;
&lt;li class="selected"&gt;&lt;code&gt;&lt;span style="color: var(--highlight-keyword)"&gt;&amp;nbsp;&amp;nbsp;&amp;nbsp;&amp;nbsp;&amp;nbsp;&amp;nbsp;&amp;nbsp;&amp;nbsp;&amp;nbsp;&amp;nbsp;&amp;nbsp;&amp;nbsp;&lt;/span&gt;&lt;span style="color: var(--highlight-string)"&gt;'cars'&amp;nbsp;&lt;/span&gt;&lt;span style="color: var(--highlight-keyword)"&gt;=&amp;gt;&amp;nbsp;&lt;/span&gt;&lt;span style="color: var(--highlight-default)"&gt;$carRepository&lt;/span&gt;&lt;span style="color: var(--highlight-keyword)"&gt;-&amp;gt;&lt;/span&gt;&lt;span style="color: var(--highlight-default)"&gt;findAll&lt;/span&gt;&lt;span style="color: var(--highlight-keyword)"&gt;()&#13;&lt;/span&gt;&lt;/code&gt;&lt;/li&gt;
&lt;li&gt;&lt;code&gt;&lt;span style="color: var(--highlight-keyword)"&gt;&amp;nbsp;&amp;nbsp;&amp;nbsp;&amp;nbsp;&amp;nbsp;&amp;nbsp;&amp;nbsp;&amp;nbsp;]);&#13;&lt;/span&gt;&lt;/code&gt;&lt;/li&gt;
&lt;li&gt;&lt;code&gt;&lt;span style="color: var(--highlight-keyword)"&gt;&amp;nbsp;&amp;nbsp;&amp;nbsp;&amp;nbsp;}&#13;&lt;/span&gt;&lt;/code&gt;&lt;/li&gt;
&lt;li&gt;&lt;code&gt;&lt;span style="color: var(--highlight-keyword)"&gt;&#13;&lt;/span&gt;&lt;/code&gt;&lt;/li&gt;
&lt;li&gt;&lt;code&gt;&lt;span style="color: var(--highlight-keyword)"&gt;&amp;nbsp;&amp;nbsp;&amp;nbsp;&amp;nbsp;#[&lt;/span&gt;&lt;span style="color: var(--highlight-default)"&gt;Route&lt;/span&gt;&lt;span style="color: var(--highlight-keyword)"&gt;(&lt;/span&gt;&lt;span style="color: var(--highlight-string)"&gt;'/car/{id}/show'&lt;/span&gt;&lt;span style="color: var(--highlight-keyword)"&gt;,&amp;nbsp;&lt;/span&gt;&lt;span style="color: var(--highlight-default)"&gt;name&lt;/span&gt;&lt;span style="color: var(--highlight-keyword)"&gt;:&amp;nbsp;&lt;/span&gt;&lt;span style="color: var(--highlight-string)"&gt;'App_car_show_public'&lt;/span&gt;&lt;span style="color: var(--highlight-keyword)"&gt;,&amp;nbsp;&lt;/span&gt;&lt;span style="color: var(--highlight-default)"&gt;methods&lt;/span&gt;&lt;span style="color: var(--highlight-keyword)"&gt;:&amp;nbsp;[&lt;/span&gt;&lt;span style="color: var(--highlight-string)"&gt;'GET'&lt;/span&gt;&lt;span style="color: var(--highlight-keyword)"&gt;])]&#13;&lt;/span&gt;&lt;/code&gt;&lt;/li&gt;
&lt;li&gt;&lt;code&gt;&lt;span style="color: var(--highlight-keyword)"&gt;&amp;nbsp;&amp;nbsp;&amp;nbsp;&amp;nbsp;public&amp;nbsp;function&amp;nbsp;&lt;/span&gt;&lt;span style="color: var(--highlight-default)"&gt;show&lt;/span&gt;&lt;span style="color: var(--highlight-keyword)"&gt;(&lt;/span&gt;&lt;span style="color: var(--highlight-default)"&gt;Car&amp;nbsp;$car&lt;/span&gt;&lt;span style="color: var(--highlight-keyword)"&gt;):&amp;nbsp;&lt;/span&gt;&lt;span style="color: var(--highlight-default)"&gt;Response&#13;&lt;/span&gt;&lt;/code&gt;&lt;/li&gt;&lt;/ol&gt;    &lt;/div&gt;            &lt;/div&gt;
                        &lt;div class="trace-line "&gt;
                &lt;div class="trace-line-header break-long-words sf-toggle" data-toggle-selector="#trace-html-1-10" data-toggle-initial=""&gt;
            &lt;span class="icon icon-close"&gt;&lt;svg width="1792" height="1792" viewBox="0 0 1792 1792" xmlns="http://www.w3.org/2000/svg"&gt;&lt;path d="M1408 960V832q0-26-19-45t-45-19H448q-26 0-45 19t-19 45v128q0 26 19 45t45 19h896q26 0 45-19t19-45zm256-544v960q0 119-84.5 203.5T1376 1664H416q-119 0-203.5-84.5T128 1376V416q0-119 84.5-203.5T416 128h960q119 0 203.5 84.5T1664 416z"/&gt;&lt;/svg&gt;&lt;/span&gt;
        &lt;span class="icon icon-open"&gt;&lt;svg width="1792" height="1792" viewBox="0 0 1792 1792" xmlns="http://www.w3.org/2000/svg"&gt;&lt;path d="M1408 960V832q0-26-19-45t-45-19h-320V448q0-26-19-45t-45-19H832q-26 0-45 19t-19 45v320H448q-26 0-45 19t-19 45v128q0 26 19 45t45 19h320v320q0 26 19 45t45 19h128q26 0 45-19t19-45v-320h320q26 0 45-19t19-45zm256-544v960q0 119-84.5 203.5T1376 1664H416q-119 0-203.5-84.5T128 1376V416q0-119 84.5-203.5T416 128h960q119 0 203.5 84.5T1664 416z"/&gt;&lt;/svg&gt;&lt;/span&gt;
    
            &lt;span class="trace-class"&gt;&lt;abbr title="App\Controller\CarPublicController"&gt;CarPublicController&lt;/abbr&gt;&lt;/span&gt;&lt;span class="trace-type"&gt;-&gt;&lt;/span&gt;&lt;span class="trace-method"&gt;cars&lt;/span&gt;&lt;span class="trace-arguments"&gt;()&lt;/span&gt;    
                    &lt;span class="block trace-file-path"&gt;
            in
            &lt;a href=""&gt;
                C:\Users\eman\Documents\GitHub\car_dealer\vendor\symfony\http-kernel\&lt;strong&gt;HttpKernel.php&lt;/strong&gt;
            &lt;/a&gt;
                        (line 152)
            &lt;span class="icon icon-copy hidden" data-clipboard-text="C:\Users\eman\Documents\GitHub\car_dealer\vendor\symfony\http-kernel\HttpKernel.php:152"&gt;
                &lt;svg xmlns="http://www.w3.org/2000/svg" height="24" viewBox="0 0 24 24" width="24"&gt;&lt;path d="M0 0h24v24H0z" fill="none"/&gt;&lt;path d="M16 1H4c-1.1 0-2 .9-2 2v14h2V3h12V1zm3 4H8c-1.1 0-2 .9-2 2v14c0 1.1.9 2 2 2h11c1.1 0 2-.9 2-2V7c0-1.1-.9-2-2-2zm0 16H8V7h11v14z"/&gt;&lt;/svg&gt;            &lt;/span&gt;
        &lt;/span&gt;
    &lt;/div&gt;
    &lt;div id="trace-html-1-10" class="trace-code sf-toggle-content"&gt;
        &lt;ol start="147"&gt;&lt;li&gt;&lt;code&gt;&lt;span style="color: var(--highlight-keyword)"&gt;&amp;nbsp;&amp;nbsp;&amp;nbsp;&amp;nbsp;&amp;nbsp;&amp;nbsp;&amp;nbsp;&amp;nbsp;&lt;/span&gt;&lt;span style="color: var(--highlight-default)"&gt;$this&lt;/span&gt;&lt;span style="color: var(--highlight-keyword)"&gt;-&amp;gt;&lt;/span&gt;&lt;span style="color: var(--highlight-default)"&gt;dispatcher&lt;/span&gt;&lt;span style="color: var(--highlight-keyword)"&gt;-&amp;gt;&lt;/span&gt;&lt;span style="color: var(--highlight-default)"&gt;dispatch&lt;/span&gt;&lt;span style="color: var(--highlight-keyword)"&gt;(&lt;/span&gt;&lt;span style="color: var(--highlight-default)"&gt;$event&lt;/span&gt;&lt;span style="color: var(--highlight-keyword)"&gt;,&amp;nbsp;&lt;/span&gt;&lt;span style="color: var(--highlight-default)"&gt;KernelEvents&lt;/span&gt;&lt;span style="color: var(--highlight-keyword)"&gt;::&lt;/span&gt;&lt;span style="color: var(--highlight-default)"&gt;CONTROLLER_ARGUMENTS&lt;/span&gt;&lt;span style="color: var(--highlight-keyword)"&gt;);&lt;/span&gt;&lt;/code&gt;&lt;/li&gt;
&lt;li&gt;&lt;code&gt;&lt;span style="color: var(--highlight-keyword)"&gt;&amp;nbsp;&amp;nbsp;&amp;nbsp;&amp;nbsp;&amp;nbsp;&amp;nbsp;&amp;nbsp;&amp;nbsp;&lt;/span&gt;&lt;span style="color: var(--highlight-default)"&gt;$controller&amp;nbsp;&lt;/span&gt;&lt;span style="color: var(--highlight-keyword)"&gt;=&amp;nbsp;&lt;/span&gt;&lt;span style="color: var(--highlight-default)"&gt;$event&lt;/span&gt;&lt;span style="color: var(--highlight-keyword)"&gt;-&amp;gt;&lt;/span&gt;&lt;span style="color: var(--highlight-default)"&gt;getController&lt;/span&gt;&lt;span style="color: var(--highlight-keyword)"&gt;();&lt;/span&gt;&lt;/code&gt;&lt;/li&gt;
&lt;li&gt;&lt;code&gt;&lt;span style="color: var(--highlight-keyword)"&gt;&amp;nbsp;&amp;nbsp;&amp;nbsp;&amp;nbsp;&amp;nbsp;&amp;nbsp;&amp;nbsp;&amp;nbsp;&lt;/span&gt;&lt;span style="color: var(--highlight-default)"&gt;$arguments&amp;nbsp;&lt;/span&gt;&lt;span style="color: var(--highlight-keyword)"&gt;=&amp;nbsp;&lt;/span&gt;&lt;span style="color: var(--highlight-default)"&gt;$event&lt;/span&gt;&lt;span style="color: var(--highlight-keyword)"&gt;-&amp;gt;&lt;/span&gt;&lt;span style="color: var(--highlight-default)"&gt;getArguments&lt;/span&gt;&lt;span style="color: var(--highlight-keyword)"&gt;();&lt;/span&gt;&lt;/code&gt;&lt;/li&gt;
&lt;li&gt;&lt;code&gt;&lt;span style="color: var(--highlight-keyword)"&gt;&lt;/span&gt;&lt;/code&gt;&lt;/li&gt;
&lt;li&gt;&lt;code&gt;&lt;span style="color: var(--highlight-keyword)"&gt;&amp;nbsp;&amp;nbsp;&amp;nbsp;&amp;nbsp;&amp;nbsp;&amp;nbsp;&amp;nbsp;&amp;nbsp;&lt;/span&gt;&lt;span style="color: var(--highlight-comment)"&gt;//&amp;nbsp;call&amp;nbsp;controller&lt;/span&gt;&lt;/code&gt;&lt;/li&gt;
&lt;li class="selected"&gt;&lt;code&gt;&lt;span style="color: var(--highlight-comment)"&gt;&amp;nbsp;&amp;nbsp;&amp;nbsp;&amp;nbsp;&amp;nbsp;&amp;nbsp;&amp;nbsp;&amp;nbsp;&lt;/span&gt;&lt;span style="color: var(--highlight-default)"&gt;$response&amp;nbsp;&lt;/span&gt;&lt;span style="color: var(--highlight-keyword)"&gt;=&amp;nbsp;&lt;/span&gt;&lt;span style="color: var(--highlight-default)"&gt;$controller&lt;/span&gt;&lt;span style="color: var(--highlight-keyword)"&gt;(...&lt;/span&gt;&lt;span style="color: var(--highlight-default)"&gt;$arguments&lt;/span&gt;&lt;span style="color: var(--highlight-keyword)"&gt;);&lt;/span&gt;&lt;/code&gt;&lt;/li&gt;
&lt;li&gt;&lt;code&gt;&lt;span style="color: var(--highlight-keyword)"&gt;&lt;/span&gt;&lt;/code&gt;&lt;/li&gt;
&lt;li&gt;&lt;code&gt;&lt;span style="color: var(--highlight-keyword)"&gt;&amp;nbsp;&amp;nbsp;&amp;nbsp;&amp;nbsp;&amp;nbsp;&amp;nbsp;&amp;nbsp;&amp;nbsp;&lt;/span&gt;&lt;span style="color: var(--highlight-comment)"&gt;//&amp;nbsp;view&lt;/span&gt;&lt;/code&gt;&lt;/li&gt;
&lt;li&gt;&lt;code&gt;&lt;span style="color: var(--highlight-comment)"&gt;&amp;nbsp;&amp;nbsp;&amp;nbsp;&amp;nbsp;&amp;nbsp;&amp;nbsp;&amp;nbsp;&amp;nbsp;&lt;/span&gt;&lt;span style="color: var(--highlight-keyword)"&gt;if&amp;nbsp;(!&lt;/span&gt;&lt;span style="color: var(--highlight-default)"&gt;$response&amp;nbsp;&lt;/span&gt;&lt;span style="color: var(--highlight-keyword)"&gt;instanceof&amp;nbsp;&lt;/span&gt;&lt;span style="color: var(--highlight-default)"&gt;Response&lt;/span&gt;&lt;span style="color: var(--highlight-keyword)"&gt;)&amp;nbsp;{&lt;/span&gt;&lt;/code&gt;&lt;/li&gt;
&lt;li&gt;&lt;code&gt;&lt;span style="color: var(--highlight-keyword)"&gt;&amp;nbsp;&amp;nbsp;&amp;nbsp;&amp;nbsp;&amp;nbsp;&amp;nbsp;&amp;nbsp;&amp;nbsp;&amp;nbsp;&amp;nbsp;&amp;nbsp;&amp;nbsp;&lt;/span&gt;&lt;span style="color: var(--highlight-default)"&gt;$event&amp;nbsp;&lt;/span&gt;&lt;span style="color: var(--highlight-keyword)"&gt;=&amp;nbsp;new&amp;nbsp;&lt;/span&gt;&lt;span style="color: var(--highlight-default)"&gt;ViewEvent&lt;/span&gt;&lt;span style="color: var(--highlight-keyword)"&gt;(&lt;/span&gt;&lt;span style="color: var(--highlight-default)"&gt;$this&lt;/span&gt;&lt;span style="color: var(--highlight-keyword)"&gt;,&amp;nbsp;&lt;/span&gt;&lt;span style="color: var(--highlight-default)"&gt;$request&lt;/span&gt;&lt;span style="color: var(--highlight-keyword)"&gt;,&amp;nbsp;&lt;/span&gt;&lt;span style="color: var(--highlight-default)"&gt;$type&lt;/span&gt;&lt;span style="color: var(--highlight-keyword)"&gt;,&amp;nbsp;&lt;/span&gt;&lt;span style="color: var(--highlight-default)"&gt;$response&lt;/span&gt;&lt;span style="color: var(--highlight-keyword)"&gt;);&lt;/span&gt;&lt;/code&gt;&lt;/li&gt;
&lt;li&gt;&lt;code&gt;&lt;span style="color: var(--highlight-keyword)"&gt;&amp;nbsp;&amp;nbsp;&amp;nbsp;&amp;nbsp;&amp;nbsp;&amp;nbsp;&amp;nbsp;&amp;nbsp;&amp;nbsp;&amp;nbsp;&amp;nbsp;&amp;nbsp;&lt;/span&gt;&lt;span style="color: var(--highlight-default)"&gt;$this&lt;/span&gt;&lt;span style="color: var(--highlight-keyword)"&gt;-&amp;gt;&lt;/span&gt;&lt;span style="color: var(--highlight-default)"&gt;dispatcher&lt;/span&gt;&lt;span style="color: var(--highlight-keyword)"&gt;-&amp;gt;&lt;/span&gt;&lt;span style="color: var(--highlight-default)"&gt;dispatch&lt;/span&gt;&lt;span style="color: var(--highlight-keyword)"&gt;(&lt;/span&gt;&lt;span style="color: var(--highlight-default)"&gt;$event&lt;/span&gt;&lt;span style="color: var(--highlight-keyword)"&gt;,&amp;nbsp;&lt;/span&gt;&lt;span style="color: var(--highlight-default)"&gt;KernelEvents&lt;/span&gt;&lt;span style="color: var(--highlight-keyword)"&gt;::&lt;/span&gt;&lt;span style="color: var(--highlight-default)"&gt;VIEW&lt;/span&gt;&lt;span style="color: var(--highlight-keyword)"&gt;);&lt;/span&gt;&lt;/code&gt;&lt;/li&gt;&lt;/ol&gt;    &lt;/div&gt;            &lt;/div&gt;
                        &lt;div class="trace-line "&gt;
                &lt;div class="trace-line-header break-long-words sf-toggle" data-toggle-selector="#trace-html-1-11" data-toggle-initial=""&gt;
            &lt;span class="icon icon-close"&gt;&lt;svg width="1792" height="1792" viewBox="0 0 1792 1792" xmlns="http://www.w3.org/2000/svg"&gt;&lt;path d="M1408 960V832q0-26-19-45t-45-19H448q-26 0-45 19t-19 45v128q0 26 19 45t45 19h896q26 0 45-19t19-45zm256-544v960q0 119-84.5 203.5T1376 1664H416q-119 0-203.5-84.5T128 1376V416q0-119 84.5-203.5T416 128h960q119 0 203.5 84.5T1664 416z"/&gt;&lt;/svg&gt;&lt;/span&gt;
        &lt;span class="icon icon-open"&gt;&lt;svg width="1792" height="1792" viewBox="0 0 1792 1792" xmlns="http://www.w3.org/2000/svg"&gt;&lt;path d="M1408 960V832q0-26-19-45t-45-19h-320V448q0-26-19-45t-45-19H832q-26 0-45 19t-19 45v320H448q-26 0-45 19t-19 45v128q0 26 19 45t45 19h320v320q0 26 19 45t45 19h128q26 0 45-19t19-45v-320h320q26 0 45-19t19-45zm256-544v960q0 119-84.5 203.5T1376 1664H416q-119 0-203.5-84.5T128 1376V416q0-119 84.5-203.5T416 128h960q119 0 203.5 84.5T1664 416z"/&gt;&lt;/svg&gt;&lt;/span&gt;
    
            &lt;span class="trace-class"&gt;&lt;abbr title="Symfony\Component\HttpKernel\HttpKernel"&gt;HttpKernel&lt;/abbr&gt;&lt;/span&gt;&lt;span class="trace-type"&gt;-&gt;&lt;/span&gt;&lt;span class="trace-method"&gt;handleRaw&lt;/span&gt;&lt;span class="trace-arguments"&gt;()&lt;/span&gt;    
                    &lt;span class="block trace-file-path"&gt;
            in
            &lt;a href=""&gt;
                C:\Users\eman\Documents\GitHub\car_dealer\vendor\symfony\http-kernel\&lt;strong&gt;HttpKernel.php&lt;/strong&gt;
            &lt;/a&gt;
                        (line 74)
            &lt;span class="icon icon-copy hidden" data-clipboard-text="C:\Users\eman\Documents\GitHub\car_dealer\vendor\symfony\http-kernel\HttpKernel.php:74"&gt;
                &lt;svg xmlns="http://www.w3.org/2000/svg" height="24" viewBox="0 0 24 24" width="24"&gt;&lt;path d="M0 0h24v24H0z" fill="none"/&gt;&lt;path d="M16 1H4c-1.1 0-2 .9-2 2v14h2V3h12V1zm3 4H8c-1.1 0-2 .9-2 2v14c0 1.1.9 2 2 2h11c1.1 0 2-.9 2-2V7c0-1.1-.9-2-2-2zm0 16H8V7h11v14z"/&gt;&lt;/svg&gt;            &lt;/span&gt;
        &lt;/span&gt;
    &lt;/div&gt;
    &lt;div id="trace-html-1-11" class="trace-code sf-toggle-content"&gt;
        &lt;ol start="69"&gt;&lt;li&gt;&lt;code&gt;&lt;span style="color: var(--highlight-comment)"&gt;&amp;nbsp;&amp;nbsp;&amp;nbsp;&amp;nbsp;&lt;/span&gt;&lt;span style="color: var(--highlight-keyword)"&gt;public&amp;nbsp;function&amp;nbsp;&lt;/span&gt;&lt;span style="color: var(--highlight-default)"&gt;handle&lt;/span&gt;&lt;span style="color: var(--highlight-keyword)"&gt;(&lt;/span&gt;&lt;span style="color: var(--highlight-default)"&gt;Request&amp;nbsp;$request&lt;/span&gt;&lt;span style="color: var(--highlight-keyword)"&gt;,&amp;nbsp;&lt;/span&gt;&lt;span style="color: var(--highlight-default)"&gt;int&amp;nbsp;$type&amp;nbsp;&lt;/span&gt;&lt;span style="color: var(--highlight-keyword)"&gt;=&amp;nbsp;&lt;/span&gt;&lt;span style="color: var(--highlight-default)"&gt;HttpKernelInterface&lt;/span&gt;&lt;span style="color: var(--highlight-keyword)"&gt;::&lt;/span&gt;&lt;span style="color: var(--highlight-default)"&gt;MAIN_REQUEST&lt;/span&gt;&lt;span style="color: var(--highlight-keyword)"&gt;,&amp;nbsp;&lt;/span&gt;&lt;span style="color: var(--highlight-default)"&gt;bool&amp;nbsp;$catch&amp;nbsp;&lt;/span&gt;&lt;span style="color: var(--highlight-keyword)"&gt;=&amp;nbsp;&lt;/span&gt;&lt;span style="color: var(--highlight-default)"&gt;true&lt;/span&gt;&lt;span style="color: var(--highlight-keyword)"&gt;):&amp;nbsp;&lt;/span&gt;&lt;span style="color: var(--highlight-default)"&gt;Response&lt;/span&gt;&lt;/code&gt;&lt;/li&gt;
&lt;li&gt;&lt;code&gt;&lt;span style="color: var(--highlight-default)"&gt;&amp;nbsp;&amp;nbsp;&amp;nbsp;&amp;nbsp;&lt;/span&gt;&lt;span style="color: var(--highlight-keyword)"&gt;{&lt;/span&gt;&lt;/code&gt;&lt;/li&gt;
&lt;li&gt;&lt;code&gt;&lt;span style="color: var(--highlight-keyword)"&gt;&amp;nbsp;&amp;nbsp;&amp;nbsp;&amp;nbsp;&amp;nbsp;&amp;nbsp;&amp;nbsp;&amp;nbsp;&lt;/span&gt;&lt;span style="color: var(--highlight-default)"&gt;$request&lt;/span&gt;&lt;span style="color: var(--highlight-keyword)"&gt;-&amp;gt;&lt;/span&gt;&lt;span style="color: var(--highlight-default)"&gt;headers&lt;/span&gt;&lt;span style="color: var(--highlight-keyword)"&gt;-&amp;gt;&lt;/span&gt;&lt;span style="color: var(--highlight-default)"&gt;set&lt;/span&gt;&lt;span style="color: var(--highlight-keyword)"&gt;(&lt;/span&gt;&lt;span style="color: var(--highlight-string)"&gt;'X-Php-Ob-Level'&lt;/span&gt;&lt;span style="color: var(--highlight-keyword)"&gt;,&amp;nbsp;(string)&amp;nbsp;&lt;/span&gt;&lt;span style="color: var(--highlight-default)"&gt;ob_get_level&lt;/span&gt;&lt;span style="color: var(--highlight-keyword)"&gt;());&lt;/span&gt;&lt;/code&gt;&lt;/li&gt;
&lt;li&gt;&lt;code&gt;&lt;span style="color: var(--highlight-keyword)"&gt;&lt;/span&gt;&lt;/code&gt;&lt;/li&gt;
&lt;li&gt;&lt;code&gt;&lt;span style="color: var(--highlight-keyword)"&gt;&amp;nbsp;&amp;nbsp;&amp;nbsp;&amp;nbsp;&amp;nbsp;&amp;nbsp;&amp;nbsp;&amp;nbsp;try&amp;nbsp;{&lt;/span&gt;&lt;/code&gt;&lt;/li&gt;
&lt;li class="selected"&gt;&lt;code&gt;&lt;span style="color: var(--highlight-keyword)"&gt;&amp;nbsp;&amp;nbsp;&amp;nbsp;&amp;nbsp;&amp;nbsp;&amp;nbsp;&amp;nbsp;&amp;nbsp;&amp;nbsp;&amp;nbsp;&amp;nbsp;&amp;nbsp;return&amp;nbsp;&lt;/span&gt;&lt;span style="color: var(--highlight-default)"&gt;$this&lt;/span&gt;&lt;span style="color: var(--highlight-keyword)"&gt;-&amp;gt;&lt;/span&gt;&lt;span style="color: var(--highlight-default)"&gt;handleRaw&lt;/span&gt;&lt;span style="color: var(--highlight-keyword)"&gt;(&lt;/span&gt;&lt;span style="color: var(--highlight-default)"&gt;$request&lt;/span&gt;&lt;span style="color: var(--highlight-keyword)"&gt;,&amp;nbsp;&lt;/span&gt;&lt;span style="color: var(--highlight-default)"&gt;$type&lt;/span&gt;&lt;span style="color: var(--highlight-keyword)"&gt;);&lt;/span&gt;&lt;/code&gt;&lt;/li&gt;
&lt;li&gt;&lt;code&gt;&lt;span style="color: var(--highlight-keyword)"&gt;&amp;nbsp;&amp;nbsp;&amp;nbsp;&amp;nbsp;&amp;nbsp;&amp;nbsp;&amp;nbsp;&amp;nbsp;}&amp;nbsp;catch&amp;nbsp;(&lt;/span&gt;&lt;span style="color: var(--highlight-default)"&gt;\Exception&amp;nbsp;$e&lt;/span&gt;&lt;span style="color: var(--highlight-keyword)"&gt;)&amp;nbsp;{&lt;/span&gt;&lt;/code&gt;&lt;/li&gt;
&lt;li&gt;&lt;code&gt;&lt;span style="color: var(--highlight-keyword)"&gt;&amp;nbsp;&amp;nbsp;&amp;nbsp;&amp;nbsp;&amp;nbsp;&amp;nbsp;&amp;nbsp;&amp;nbsp;&amp;nbsp;&amp;nbsp;&amp;nbsp;&amp;nbsp;if&amp;nbsp;(&lt;/span&gt;&lt;span style="color: var(--highlight-default)"&gt;$e&amp;nbsp;&lt;/span&gt;&lt;span style="color: var(--highlight-keyword)"&gt;instanceof&amp;nbsp;&lt;/span&gt;&lt;span style="color: var(--highlight-default)"&gt;RequestExceptionInterface&lt;/span&gt;&lt;span style="color: var(--highlight-keyword)"&gt;)&amp;nbsp;{&lt;/span&gt;&lt;/code&gt;&lt;/li&gt;
&lt;li&gt;&lt;code&gt;&lt;span style="color: var(--highlight-keyword)"&gt;&amp;nbsp;&amp;nbsp;&amp;nbsp;&amp;nbsp;&amp;nbsp;&amp;nbsp;&amp;nbsp;&amp;nbsp;&amp;nbsp;&amp;nbsp;&amp;nbsp;&amp;nbsp;&amp;nbsp;&amp;nbsp;&amp;nbsp;&amp;nbsp;&lt;/span&gt;&lt;span style="color: var(--highlight-default)"&gt;$e&amp;nbsp;&lt;/span&gt;&lt;span style="color: var(--highlight-keyword)"&gt;=&amp;nbsp;new&amp;nbsp;&lt;/span&gt;&lt;span style="color: var(--highlight-default)"&gt;BadRequestHttpException&lt;/span&gt;&lt;span style="color: var(--highlight-keyword)"&gt;(&lt;/span&gt;&lt;span style="color: var(--highlight-default)"&gt;$e&lt;/span&gt;&lt;span style="color: var(--highlight-keyword)"&gt;-&amp;gt;&lt;/span&gt;&lt;span style="color: var(--highlight-default)"&gt;getMessage&lt;/span&gt;&lt;span style="color: var(--highlight-keyword)"&gt;(),&amp;nbsp;&lt;/span&gt;&lt;span style="color: var(--highlight-default)"&gt;$e&lt;/span&gt;&lt;span style="color: var(--highlight-keyword)"&gt;);&lt;/span&gt;&lt;/code&gt;&lt;/li&gt;
&lt;li&gt;&lt;code&gt;&lt;span style="color: var(--highlight-keyword)"&gt;&amp;nbsp;&amp;nbsp;&amp;nbsp;&amp;nbsp;&amp;nbsp;&amp;nbsp;&amp;nbsp;&amp;nbsp;&amp;nbsp;&amp;nbsp;&amp;nbsp;&amp;nbsp;}&lt;/span&gt;&lt;/code&gt;&lt;/li&gt;
&lt;li&gt;&lt;code&gt;&lt;span style="color: var(--highlight-keyword)"&gt;&amp;nbsp;&amp;nbsp;&amp;nbsp;&amp;nbsp;&amp;nbsp;&amp;nbsp;&amp;nbsp;&amp;nbsp;&amp;nbsp;&amp;nbsp;&amp;nbsp;&amp;nbsp;if&amp;nbsp;(&lt;/span&gt;&lt;span style="color: var(--highlight-default)"&gt;false&amp;nbsp;&lt;/span&gt;&lt;span style="color: var(--highlight-keyword)"&gt;===&amp;nbsp;&lt;/span&gt;&lt;span style="color: var(--highlight-default)"&gt;$catch&lt;/span&gt;&lt;span style="color: var(--highlight-keyword)"&gt;)&amp;nbsp;{&lt;/span&gt;&lt;/code&gt;&lt;/li&gt;&lt;/ol&gt;    &lt;/div&gt;            &lt;/div&gt;
                        &lt;div class="trace-line "&gt;
                &lt;div class="trace-line-header break-long-words sf-toggle" data-toggle-selector="#trace-html-1-12" data-toggle-initial=""&gt;
            &lt;span class="icon icon-close"&gt;&lt;svg width="1792" height="1792" viewBox="0 0 1792 1792" xmlns="http://www.w3.org/2000/svg"&gt;&lt;path d="M1408 960V832q0-26-19-45t-45-19H448q-26 0-45 19t-19 45v128q0 26 19 45t45 19h896q26 0 45-19t19-45zm256-544v960q0 119-84.5 203.5T1376 1664H416q-119 0-203.5-84.5T128 1376V416q0-119 84.5-203.5T416 128h960q119 0 203.5 84.5T1664 416z"/&gt;&lt;/svg&gt;&lt;/span&gt;
        &lt;span class="icon icon-open"&gt;&lt;svg width="1792" height="1792" viewBox="0 0 1792 1792" xmlns="http://www.w3.org/2000/svg"&gt;&lt;path d="M1408 960V832q0-26-19-45t-45-19h-320V448q0-26-19-45t-45-19H832q-26 0-45 19t-19 45v320H448q-26 0-45 19t-19 45v128q0 26 19 45t45 19h320v320q0 26 19 45t45 19h128q26 0 45-19t19-45v-320h320q26 0 45-19t19-45zm256-544v960q0 119-84.5 203.5T1376 1664H416q-119 0-203.5-84.5T128 1376V416q0-119 84.5-203.5T416 128h960q119 0 203.5 84.5T1664 416z"/&gt;&lt;/svg&gt;&lt;/span&gt;
    
            &lt;span class="trace-class"&gt;&lt;abbr title="Symfony\Component\HttpKernel\HttpKernel"&gt;HttpKernel&lt;/abbr&gt;&lt;/span&gt;&lt;span class="trace-type"&gt;-&gt;&lt;/span&gt;&lt;span class="trace-method"&gt;handle&lt;/span&gt;&lt;span class="trace-arguments"&gt;()&lt;/span&gt;    
                    &lt;span class="block trace-file-path"&gt;
            in
            &lt;a href=""&gt;
                C:\Users\eman\Documents\GitHub\car_dealer\vendor\symfony\http-kernel\&lt;strong&gt;Kernel.php&lt;/strong&gt;
            &lt;/a&gt;
                        (line 202)
            &lt;span class="icon icon-copy hidden" data-clipboard-text="C:\Users\eman\Documents\GitHub\car_dealer\vendor\symfony\http-kernel\Kernel.php:202"&gt;
                &lt;svg xmlns="http://www.w3.org/2000/svg" height="24" viewBox="0 0 24 24" width="24"&gt;&lt;path d="M0 0h24v24H0z" fill="none"/&gt;&lt;path d="M16 1H4c-1.1 0-2 .9-2 2v14h2V3h12V1zm3 4H8c-1.1 0-2 .9-2 2v14c0 1.1.9 2 2 2h11c1.1 0 2-.9 2-2V7c0-1.1-.9-2-2-2zm0 16H8V7h11v14z"/&gt;&lt;/svg&gt;            &lt;/span&gt;
        &lt;/span&gt;
    &lt;/div&gt;
    &lt;div id="trace-html-1-12" class="trace-code sf-toggle-content"&gt;
        &lt;ol start="197"&gt;&lt;li&gt;&lt;code&gt;&lt;span style="color: var(--highlight-keyword)"&gt;&amp;nbsp;&amp;nbsp;&amp;nbsp;&amp;nbsp;&amp;nbsp;&amp;nbsp;&amp;nbsp;&amp;nbsp;&lt;/span&gt;&lt;span style="color: var(--highlight-default)"&gt;$this&lt;/span&gt;&lt;span style="color: var(--highlight-keyword)"&gt;-&amp;gt;&lt;/span&gt;&lt;span style="color: var(--highlight-default)"&gt;boot&lt;/span&gt;&lt;span style="color: var(--highlight-keyword)"&gt;();&lt;/span&gt;&lt;/code&gt;&lt;/li&gt;
&lt;li&gt;&lt;code&gt;&lt;span style="color: var(--highlight-keyword)"&gt;&amp;nbsp;&amp;nbsp;&amp;nbsp;&amp;nbsp;&amp;nbsp;&amp;nbsp;&amp;nbsp;&amp;nbsp;++&lt;/span&gt;&lt;span style="color: var(--highlight-default)"&gt;$this&lt;/span&gt;&lt;span style="color: var(--highlight-keyword)"&gt;-&amp;gt;&lt;/span&gt;&lt;span style="color: var(--highlight-default)"&gt;requestStackSize&lt;/span&gt;&lt;span style="color: var(--highlight-keyword)"&gt;;&lt;/span&gt;&lt;/code&gt;&lt;/li&gt;
&lt;li&gt;&lt;code&gt;&lt;span style="color: var(--highlight-keyword)"&gt;&amp;nbsp;&amp;nbsp;&amp;nbsp;&amp;nbsp;&amp;nbsp;&amp;nbsp;&amp;nbsp;&amp;nbsp;&lt;/span&gt;&lt;span style="color: var(--highlight-default)"&gt;$this&lt;/span&gt;&lt;span style="color: var(--highlight-keyword)"&gt;-&amp;gt;&lt;/span&gt;&lt;span style="color: var(--highlight-default)"&gt;resetServices&amp;nbsp;&lt;/span&gt;&lt;span style="color: var(--highlight-keyword)"&gt;=&amp;nbsp;&lt;/span&gt;&lt;span style="color: var(--highlight-default)"&gt;true&lt;/span&gt;&lt;span style="color: var(--highlight-keyword)"&gt;;&lt;/span&gt;&lt;/code&gt;&lt;/li&gt;
&lt;li&gt;&lt;code&gt;&lt;span style="color: var(--highlight-keyword)"&gt;&lt;/span&gt;&lt;/code&gt;&lt;/li&gt;
&lt;li&gt;&lt;code&gt;&lt;span style="color: var(--highlight-keyword)"&gt;&amp;nbsp;&amp;nbsp;&amp;nbsp;&amp;nbsp;&amp;nbsp;&amp;nbsp;&amp;nbsp;&amp;nbsp;try&amp;nbsp;{&lt;/span&gt;&lt;/code&gt;&lt;/li&gt;
&lt;li class="selected"&gt;&lt;code&gt;&lt;span style="color: var(--highlight-keyword)"&gt;&amp;nbsp;&amp;nbsp;&amp;nbsp;&amp;nbsp;&amp;nbsp;&amp;nbsp;&amp;nbsp;&amp;nbsp;&amp;nbsp;&amp;nbsp;&amp;nbsp;&amp;nbsp;return&amp;nbsp;&lt;/span&gt;&lt;span style="color: var(--highlight-default)"&gt;$this&lt;/span&gt;&lt;span style="color: var(--highlight-keyword)"&gt;-&amp;gt;&lt;/span&gt;&lt;span style="color: var(--highlight-default)"&gt;getHttpKernel&lt;/span&gt;&lt;span style="color: var(--highlight-keyword)"&gt;()-&amp;gt;&lt;/span&gt;&lt;span style="color: var(--highlight-default)"&gt;handle&lt;/span&gt;&lt;span style="color: var(--highlight-keyword)"&gt;(&lt;/span&gt;&lt;span style="color: var(--highlight-default)"&gt;$request&lt;/span&gt;&lt;span style="color: var(--highlight-keyword)"&gt;,&amp;nbsp;&lt;/span&gt;&lt;span style="color: var(--highlight-default)"&gt;$type&lt;/span&gt;&lt;span style="color: var(--highlight-keyword)"&gt;,&amp;nbsp;&lt;/span&gt;&lt;span style="color: var(--highlight-default)"&gt;$catch&lt;/span&gt;&lt;span style="color: var(--highlight-keyword)"&gt;);&lt;/span&gt;&lt;/code&gt;&lt;/li&gt;
&lt;li&gt;&lt;code&gt;&lt;span style="color: var(--highlight-keyword)"&gt;&amp;nbsp;&amp;nbsp;&amp;nbsp;&amp;nbsp;&amp;nbsp;&amp;nbsp;&amp;nbsp;&amp;nbsp;}&amp;nbsp;finally&amp;nbsp;{&lt;/span&gt;&lt;/code&gt;&lt;/li&gt;
&lt;li&gt;&lt;code&gt;&lt;span style="color: var(--highlight-keyword)"&gt;&amp;nbsp;&amp;nbsp;&amp;nbsp;&amp;nbsp;&amp;nbsp;&amp;nbsp;&amp;nbsp;&amp;nbsp;&amp;nbsp;&amp;nbsp;&amp;nbsp;&amp;nbsp;--&lt;/span&gt;&lt;span style="color: var(--highlight-default)"&gt;$this&lt;/span&gt;&lt;span style="color: var(--highlight-keyword)"&gt;-&amp;gt;&lt;/span&gt;&lt;span style="color: var(--highlight-default)"&gt;requestStackSize&lt;/span&gt;&lt;span style="color: var(--highlight-keyword)"&gt;;&lt;/span&gt;&lt;/code&gt;&lt;/li&gt;
&lt;li&gt;&lt;code&gt;&lt;span style="color: var(--highlight-keyword)"&gt;&amp;nbsp;&amp;nbsp;&amp;nbsp;&amp;nbsp;&amp;nbsp;&amp;nbsp;&amp;nbsp;&amp;nbsp;}&lt;/span&gt;&lt;/code&gt;&lt;/li&gt;
&lt;li&gt;&lt;code&gt;&lt;span style="color: var(--highlight-keyword)"&gt;&amp;nbsp;&amp;nbsp;&amp;nbsp;&amp;nbsp;}&lt;/span&gt;&lt;/code&gt;&lt;/li&gt;
&lt;li&gt;&lt;code&gt;&lt;span style="color: var(--highlight-keyword)"&gt;&lt;/span&gt;&lt;/code&gt;&lt;/li&gt;&lt;/ol&gt;    &lt;/div&gt;            &lt;/div&gt;
                        &lt;div class="trace-line "&gt;
                &lt;div class="trace-line-header break-long-words sf-toggle" data-toggle-selector="#trace-html-1-13" data-toggle-initial=""&gt;
            &lt;span class="icon icon-close"&gt;&lt;svg width="1792" height="1792" viewBox="0 0 1792 1792" xmlns="http://www.w3.org/2000/svg"&gt;&lt;path d="M1408 960V832q0-26-19-45t-45-19H448q-26 0-45 19t-19 45v128q0 26 19 45t45 19h896q26 0 45-19t19-45zm256-544v960q0 119-84.5 203.5T1376 1664H416q-119 0-203.5-84.5T128 1376V416q0-119 84.5-203.5T416 128h960q119 0 203.5 84.5T1664 416z"/&gt;&lt;/svg&gt;&lt;/span&gt;
        &lt;span class="icon icon-open"&gt;&lt;svg width="1792" height="1792" viewBox="0 0 1792 1792" xmlns="http://www.w3.org/2000/svg"&gt;&lt;path d="M1408 960V832q0-26-19-45t-45-19h-320V448q0-26-19-45t-45-19H832q-26 0-45 19t-19 45v320H448q-26 0-45 19t-19 45v128q0 26 19 45t45 19h320v320q0 26 19 45t45 19h128q26 0 45-19t19-45v-320h320q26 0 45-19t19-45zm256-544v960q0 119-84.5 203.5T1376 1664H416q-119 0-203.5-84.5T128 1376V416q0-119 84.5-203.5T416 128h960q119 0 203.5 84.5T1664 416z"/&gt;&lt;/svg&gt;&lt;/span&gt;
    
            &lt;span class="trace-class"&gt;&lt;abbr title="Symfony\Component\HttpKernel\Kernel"&gt;Kernel&lt;/abbr&gt;&lt;/span&gt;&lt;span class="trace-type"&gt;-&gt;&lt;/span&gt;&lt;span class="trace-method"&gt;handle&lt;/span&gt;&lt;span class="trace-arguments"&gt;()&lt;/span&gt;    
                    &lt;span class="block trace-file-path"&gt;
            in
            &lt;a href=""&gt;
                C:\Users\eman\Documents\GitHub\car_dealer\vendor\symfony\http-kernel\&lt;strong&gt;HttpKernelBrowser.php&lt;/strong&gt;
            &lt;/a&gt;
                        (line 65)
            &lt;span class="icon icon-copy hidden" data-clipboard-text="C:\Users\eman\Documents\GitHub\car_dealer\vendor\symfony\http-kernel\HttpKernelBrowser.php:65"&gt;
                &lt;svg xmlns="http://www.w3.org/2000/svg" height="24" viewBox="0 0 24 24" width="24"&gt;&lt;path d="M0 0h24v24H0z" fill="none"/&gt;&lt;path d="M16 1H4c-1.1 0-2 .9-2 2v14h2V3h12V1zm3 4H8c-1.1 0-2 .9-2 2v14c0 1.1.9 2 2 2h11c1.1 0 2-.9 2-2V7c0-1.1-.9-2-2-2zm0 16H8V7h11v14z"/&gt;&lt;/svg&gt;            &lt;/span&gt;
        &lt;/span&gt;
    &lt;/div&gt;
    &lt;div id="trace-html-1-13" class="trace-code sf-toggle-content"&gt;
        &lt;ol start="60"&gt;&lt;li&gt;&lt;code&gt;&lt;span style="color: var(--highlight-comment)"&gt;&amp;nbsp;&amp;nbsp;&amp;nbsp;&amp;nbsp;&amp;nbsp;*&lt;/span&gt;&lt;/code&gt;&lt;/li&gt;
&lt;li&gt;&lt;code&gt;&lt;span style="color: var(--highlight-comment)"&gt;&amp;nbsp;&amp;nbsp;&amp;nbsp;&amp;nbsp;&amp;nbsp;*&amp;nbsp;@return&amp;nbsp;Response&lt;/span&gt;&lt;/code&gt;&lt;/li&gt;
&lt;li&gt;&lt;code&gt;&lt;span style="color: var(--highlight-comment)"&gt;&amp;nbsp;&amp;nbsp;&amp;nbsp;&amp;nbsp;&amp;nbsp;*/&lt;/span&gt;&lt;/code&gt;&lt;/li&gt;
&lt;li&gt;&lt;code&gt;&lt;span style="color: var(--highlight-comment)"&gt;&amp;nbsp;&amp;nbsp;&amp;nbsp;&amp;nbsp;&lt;/span&gt;&lt;span style="color: var(--highlight-keyword)"&gt;protected&amp;nbsp;function&amp;nbsp;&lt;/span&gt;&lt;span style="color: var(--highlight-default)"&gt;doRequest&lt;/span&gt;&lt;span style="color: var(--highlight-keyword)"&gt;(&lt;/span&gt;&lt;span style="color: var(--highlight-default)"&gt;object&amp;nbsp;$request&lt;/span&gt;&lt;span style="color: var(--highlight-keyword)"&gt;)&lt;/span&gt;&lt;/code&gt;&lt;/li&gt;
&lt;li&gt;&lt;code&gt;&lt;span style="color: var(--highlight-keyword)"&gt;&amp;nbsp;&amp;nbsp;&amp;nbsp;&amp;nbsp;{&lt;/span&gt;&lt;/code&gt;&lt;/li&gt;
&lt;li class="selected"&gt;&lt;code&gt;&lt;span style="color: var(--highlight-keyword)"&gt;&amp;nbsp;&amp;nbsp;&amp;nbsp;&amp;nbsp;&amp;nbsp;&amp;nbsp;&amp;nbsp;&amp;nbsp;&lt;/span&gt;&lt;span style="color: var(--highlight-default)"&gt;$response&amp;nbsp;&lt;/span&gt;&lt;span style="color: var(--highlight-keyword)"&gt;=&amp;nbsp;&lt;/span&gt;&lt;span style="color: var(--highlight-default)"&gt;$this&lt;/span&gt;&lt;span style="color: var(--highlight-keyword)"&gt;-&amp;gt;&lt;/span&gt;&lt;span style="color: var(--highlight-default)"&gt;kernel&lt;/span&gt;&lt;span style="color: var(--highlight-keyword)"&gt;-&amp;gt;&lt;/span&gt;&lt;span style="color: var(--highlight-default)"&gt;handle&lt;/span&gt;&lt;span style="color: var(--highlight-keyword)"&gt;(&lt;/span&gt;&lt;span style="color: var(--highlight-default)"&gt;$request&lt;/span&gt;&lt;span style="color: var(--highlight-keyword)"&gt;,&amp;nbsp;&lt;/span&gt;&lt;span style="color: var(--highlight-default)"&gt;HttpKernelInterface&lt;/span&gt;&lt;span style="color: var(--highlight-keyword)"&gt;::&lt;/span&gt;&lt;span style="color: var(--highlight-default)"&gt;MAIN_REQUEST&lt;/span&gt;&lt;span style="color: var(--highlight-keyword)"&gt;,&amp;nbsp;&lt;/span&gt;&lt;span style="color: var(--highlight-default)"&gt;$this&lt;/span&gt;&lt;span style="color: var(--highlight-keyword)"&gt;-&amp;gt;&lt;/span&gt;&lt;span style="color: var(--highlight-default)"&gt;catchExceptions&lt;/span&gt;&lt;span style="color: var(--highlight-keyword)"&gt;);&lt;/span&gt;&lt;/code&gt;&lt;/li&gt;
&lt;li&gt;&lt;code&gt;&lt;span style="color: var(--highlight-keyword)"&gt;&lt;/span&gt;&lt;/code&gt;&lt;/li&gt;
&lt;li&gt;&lt;code&gt;&lt;span style="color: var(--highlight-keyword)"&gt;&amp;nbsp;&amp;nbsp;&amp;nbsp;&amp;nbsp;&amp;nbsp;&amp;nbsp;&amp;nbsp;&amp;nbsp;if&amp;nbsp;(&lt;/span&gt;&lt;span style="color: var(--highlight-default)"&gt;$this&lt;/span&gt;&lt;span style="color: var(--highlight-keyword)"&gt;-&amp;gt;&lt;/span&gt;&lt;span style="color: var(--highlight-default)"&gt;kernel&amp;nbsp;&lt;/span&gt;&lt;span style="color: var(--highlight-keyword)"&gt;instanceof&amp;nbsp;&lt;/span&gt;&lt;span style="color: var(--highlight-default)"&gt;TerminableInterface&lt;/span&gt;&lt;span style="color: var(--highlight-keyword)"&gt;)&amp;nbsp;{&lt;/span&gt;&lt;/code&gt;&lt;/li&gt;
&lt;li&gt;&lt;code&gt;&lt;span style="color: var(--highlight-keyword)"&gt;&amp;nbsp;&amp;nbsp;&amp;nbsp;&amp;nbsp;&amp;nbsp;&amp;nbsp;&amp;nbsp;&amp;nbsp;&amp;nbsp;&amp;nbsp;&amp;nbsp;&amp;nbsp;&lt;/span&gt;&lt;span style="color: var(--highlight-default)"&gt;$this&lt;/span&gt;&lt;span style="color: var(--highlight-keyword)"&gt;-&amp;gt;&lt;/span&gt;&lt;span style="color: var(--highlight-default)"&gt;kernel&lt;/span&gt;&lt;span style="color: var(--highlight-keyword)"&gt;-&amp;gt;&lt;/span&gt;&lt;span style="color: var(--highlight-default)"&gt;terminate&lt;/span&gt;&lt;span style="color: var(--highlight-keyword)"&gt;(&lt;/span&gt;&lt;span style="color: var(--highlight-default)"&gt;$request&lt;/span&gt;&lt;span style="color: var(--highlight-keyword)"&gt;,&amp;nbsp;&lt;/span&gt;&lt;span style="color: var(--highlight-default)"&gt;$response&lt;/span&gt;&lt;span style="color: var(--highlight-keyword)"&gt;);&lt;/span&gt;&lt;/code&gt;&lt;/li&gt;
&lt;li&gt;&lt;code&gt;&lt;span style="color: var(--highlight-keyword)"&gt;&amp;nbsp;&amp;nbsp;&amp;nbsp;&amp;nbsp;&amp;nbsp;&amp;nbsp;&amp;nbsp;&amp;nbsp;}&lt;/span&gt;&lt;/code&gt;&lt;/li&gt;
&lt;li&gt;&lt;code&gt;&lt;span style="color: var(--highlight-keyword)"&gt;&lt;/span&gt;&lt;/code&gt;&lt;/li&gt;&lt;/ol&gt;    &lt;/div&gt;            &lt;/div&gt;
                        &lt;div class="trace-line "&gt;
                &lt;div class="trace-line-header break-long-words sf-toggle" data-toggle-selector="#trace-html-1-14" data-toggle-initial=""&gt;
            &lt;span class="icon icon-close"&gt;&lt;svg width="1792" height="1792" viewBox="0 0 1792 1792" xmlns="http://www.w3.org/2000/svg"&gt;&lt;path d="M1408 960V832q0-26-19-45t-45-19H448q-26 0-45 19t-19 45v128q0 26 19 45t45 19h896q26 0 45-19t19-45zm256-544v960q0 119-84.5 203.5T1376 1664H416q-119 0-203.5-84.5T128 1376V416q0-119 84.5-203.5T416 128h960q119 0 203.5 84.5T1664 416z"/&gt;&lt;/svg&gt;&lt;/span&gt;
        &lt;span class="icon icon-open"&gt;&lt;svg width="1792" height="1792" viewBox="0 0 1792 1792" xmlns="http://www.w3.org/2000/svg"&gt;&lt;path d="M1408 960V832q0-26-19-45t-45-19h-320V448q0-26-19-45t-45-19H832q-26 0-45 19t-19 45v320H448q-26 0-45 19t-19 45v128q0 26 19 45t45 19h320v320q0 26 19 45t45 19h128q26 0 45-19t19-45v-320h320q26 0 45-19t19-45zm256-544v960q0 119-84.5 203.5T1376 1664H416q-119 0-203.5-84.5T128 1376V416q0-119 84.5-203.5T416 128h960q119 0 203.5 84.5T1664 416z"/&gt;&lt;/svg&gt;&lt;/span&gt;
    
            &lt;span class="trace-class"&gt;&lt;abbr title="Symfony\Component\HttpKernel\HttpKernelBrowser"&gt;HttpKernelBrowser&lt;/abbr&gt;&lt;/span&gt;&lt;span class="trace-type"&gt;-&gt;&lt;/span&gt;&lt;span class="trace-method"&gt;doRequest&lt;/span&gt;&lt;span class="trace-arguments"&gt;()&lt;/span&gt;    
                    &lt;span class="block trace-file-path"&gt;
            in
            &lt;a href=""&gt;
                C:\Users\eman\Documents\GitHub\car_dealer\vendor\symfony\framework-bundle\&lt;strong&gt;KernelBrowser.php&lt;/strong&gt;
            &lt;/a&gt;
                        (line 171)
            &lt;span class="icon icon-copy hidden" data-clipboard-text="C:\Users\eman\Documents\GitHub\car_dealer\vendor\symfony\framework-bundle\KernelBrowser.php:171"&gt;
                &lt;svg xmlns="http://www.w3.org/2000/svg" height="24" viewBox="0 0 24 24" width="24"&gt;&lt;path d="M0 0h24v24H0z" fill="none"/&gt;&lt;path d="M16 1H4c-1.1 0-2 .9-2 2v14h2V3h12V1zm3 4H8c-1.1 0-2 .9-2 2v14c0 1.1.9 2 2 2h11c1.1 0 2-.9 2-2V7c0-1.1-.9-2-2-2zm0 16H8V7h11v14z"/&gt;&lt;/svg&gt;            &lt;/span&gt;
        &lt;/span&gt;
    &lt;/div&gt;
    &lt;div id="trace-html-1-14" class="trace-code sf-toggle-content"&gt;
        &lt;ol start="166"&gt;&lt;li&gt;&lt;code&gt;&lt;span style="color: var(--highlight-keyword)"&gt;&lt;/span&gt;&lt;/code&gt;&lt;/li&gt;
&lt;li&gt;&lt;code&gt;&lt;span style="color: var(--highlight-keyword)"&gt;&amp;nbsp;&amp;nbsp;&amp;nbsp;&amp;nbsp;&amp;nbsp;&amp;nbsp;&amp;nbsp;&amp;nbsp;&amp;nbsp;&amp;nbsp;&amp;nbsp;&amp;nbsp;&lt;/span&gt;&lt;span style="color: var(--highlight-default)"&gt;$this&lt;/span&gt;&lt;span style="color: var(--highlight-keyword)"&gt;-&amp;gt;&lt;/span&gt;&lt;span style="color: var(--highlight-default)"&gt;kernel&lt;/span&gt;&lt;span style="color: var(--highlight-keyword)"&gt;-&amp;gt;&lt;/span&gt;&lt;span style="color: var(--highlight-default)"&gt;boot&lt;/span&gt;&lt;span style="color: var(--highlight-keyword)"&gt;();&lt;/span&gt;&lt;/code&gt;&lt;/li&gt;
&lt;li&gt;&lt;code&gt;&lt;span style="color: var(--highlight-keyword)"&gt;&amp;nbsp;&amp;nbsp;&amp;nbsp;&amp;nbsp;&amp;nbsp;&amp;nbsp;&amp;nbsp;&amp;nbsp;&amp;nbsp;&amp;nbsp;&amp;nbsp;&amp;nbsp;&lt;/span&gt;&lt;span style="color: var(--highlight-default)"&gt;$this&lt;/span&gt;&lt;span style="color: var(--highlight-keyword)"&gt;-&amp;gt;&lt;/span&gt;&lt;span style="color: var(--highlight-default)"&gt;getContainer&lt;/span&gt;&lt;span style="color: var(--highlight-keyword)"&gt;()-&amp;gt;&lt;/span&gt;&lt;span style="color: var(--highlight-default)"&gt;get&lt;/span&gt;&lt;span style="color: var(--highlight-keyword)"&gt;(&lt;/span&gt;&lt;span style="color: var(--highlight-string)"&gt;'profiler'&lt;/span&gt;&lt;span style="color: var(--highlight-keyword)"&gt;)-&amp;gt;&lt;/span&gt;&lt;span style="color: var(--highlight-default)"&gt;enable&lt;/span&gt;&lt;span style="color: var(--highlight-keyword)"&gt;();&lt;/span&gt;&lt;/code&gt;&lt;/li&gt;
&lt;li&gt;&lt;code&gt;&lt;span style="color: var(--highlight-keyword)"&gt;&amp;nbsp;&amp;nbsp;&amp;nbsp;&amp;nbsp;&amp;nbsp;&amp;nbsp;&amp;nbsp;&amp;nbsp;}&lt;/span&gt;&lt;/code&gt;&lt;/li&gt;
&lt;li&gt;&lt;code&gt;&lt;span style="color: var(--highlight-keyword)"&gt;&lt;/span&gt;&lt;/code&gt;&lt;/li&gt;
&lt;li class="selected"&gt;&lt;code&gt;&lt;span style="color: var(--highlight-keyword)"&gt;&amp;nbsp;&amp;nbsp;&amp;nbsp;&amp;nbsp;&amp;nbsp;&amp;nbsp;&amp;nbsp;&amp;nbsp;return&amp;nbsp;&lt;/span&gt;&lt;span style="color: var(--highlight-default)"&gt;parent&lt;/span&gt;&lt;span style="color: var(--highlight-keyword)"&gt;::&lt;/span&gt;&lt;span style="color: var(--highlight-default)"&gt;doRequest&lt;/span&gt;&lt;span style="color: var(--highlight-keyword)"&gt;(&lt;/span&gt;&lt;span style="color: var(--highlight-default)"&gt;$request&lt;/span&gt;&lt;span style="color: var(--highlight-keyword)"&gt;);&lt;/span&gt;&lt;/code&gt;&lt;/li&gt;
&lt;li&gt;&lt;code&gt;&lt;span style="color: var(--highlight-keyword)"&gt;&amp;nbsp;&amp;nbsp;&amp;nbsp;&amp;nbsp;}&lt;/span&gt;&lt;/code&gt;&lt;/li&gt;
&lt;li&gt;&lt;code&gt;&lt;span style="color: var(--highlight-keyword)"&gt;&lt;/span&gt;&lt;/code&gt;&lt;/li&gt;
&lt;li&gt;&lt;code&gt;&lt;span style="color: var(--highlight-keyword)"&gt;&amp;nbsp;&amp;nbsp;&amp;nbsp;&amp;nbsp;&lt;/span&gt;&lt;span style="color: var(--highlight-comment)"&gt;/**&lt;/span&gt;&lt;/code&gt;&lt;/li&gt;
&lt;li&gt;&lt;code&gt;&lt;span style="color: var(--highlight-comment)"&gt;&amp;nbsp;&amp;nbsp;&amp;nbsp;&amp;nbsp;&amp;nbsp;*&amp;nbsp;{@inheritdoc}&lt;/span&gt;&lt;/code&gt;&lt;/li&gt;
&lt;li&gt;&lt;code&gt;&lt;span style="color: var(--highlight-comment)"&gt;&amp;nbsp;&amp;nbsp;&amp;nbsp;&amp;nbsp;&amp;nbsp;*&lt;/span&gt;&lt;/code&gt;&lt;/li&gt;&lt;/ol&gt;    &lt;/div&gt;            &lt;/div&gt;
                        &lt;div class="trace-line "&gt;
                &lt;div class="trace-line-header break-long-words sf-toggle" data-toggle-selector="#trace-html-1-15" data-toggle-initial=""&gt;
            &lt;span class="icon icon-close"&gt;&lt;svg width="1792" height="1792" viewBox="0 0 1792 1792" xmlns="http://www.w3.org/2000/svg"&gt;&lt;path d="M1408 960V832q0-26-19-45t-45-19H448q-26 0-45 19t-19 45v128q0 26 19 45t45 19h896q26 0 45-19t19-45zm256-544v960q0 119-84.5 203.5T1376 1664H416q-119 0-203.5-84.5T128 1376V416q0-119 84.5-203.5T416 128h960q119 0 203.5 84.5T1664 416z"/&gt;&lt;/svg&gt;&lt;/span&gt;
        &lt;span class="icon icon-open"&gt;&lt;svg width="1792" height="1792" viewBox="0 0 1792 1792" xmlns="http://www.w3.org/2000/svg"&gt;&lt;path d="M1408 960V832q0-26-19-45t-45-19h-320V448q0-26-19-45t-45-19H832q-26 0-45 19t-19 45v320H448q-26 0-45 19t-19 45v128q0 26 19 45t45 19h320v320q0 26 19 45t45 19h128q26 0 45-19t19-45v-320h320q26 0 45-19t19-45zm256-544v960q0 119-84.5 203.5T1376 1664H416q-119 0-203.5-84.5T128 1376V416q0-119 84.5-203.5T416 128h960q119 0 203.5 84.5T1664 416z"/&gt;&lt;/svg&gt;&lt;/span&gt;
    
            &lt;span class="trace-class"&gt;&lt;abbr title="Symfony\Bundle\FrameworkBundle\KernelBrowser"&gt;KernelBrowser&lt;/abbr&gt;&lt;/span&gt;&lt;span class="trace-type"&gt;-&gt;&lt;/span&gt;&lt;span class="trace-method"&gt;doRequest&lt;/span&gt;&lt;span class="trace-arguments"&gt;()&lt;/span&gt;    
                    &lt;span class="block trace-file-path"&gt;
            in
            &lt;a href=""&gt;
                C:\Users\eman\Documents\GitHub\car_dealer\vendor\symfony\browser-kit\&lt;strong&gt;AbstractBrowser.php&lt;/strong&gt;
            &lt;/a&gt;
                        (line 370)
            &lt;span class="icon icon-copy hidden" data-clipboard-text="C:\Users\eman\Documents\GitHub\car_dealer\vendor\symfony\browser-kit\AbstractBrowser.php:370"&gt;
                &lt;svg xmlns="http://www.w3.org/2000/svg" height="24" viewBox="0 0 24 24" width="24"&gt;&lt;path d="M0 0h24v24H0z" fill="none"/&gt;&lt;path d="M16 1H4c-1.1 0-2 .9-2 2v14h2V3h12V1zm3 4H8c-1.1 0-2 .9-2 2v14c0 1.1.9 2 2 2h11c1.1 0 2-.9 2-2V7c0-1.1-.9-2-2-2zm0 16H8V7h11v14z"/&gt;&lt;/svg&gt;            &lt;/span&gt;
        &lt;/span&gt;
    &lt;/div&gt;
    &lt;div id="trace-html-1-15" class="trace-code sf-toggle-content"&gt;
        &lt;ol start="365"&gt;&lt;li&gt;&lt;code&gt;&lt;span style="color: var(--highlight-keyword)"&gt;&amp;nbsp;&amp;nbsp;&amp;nbsp;&amp;nbsp;&amp;nbsp;&amp;nbsp;&amp;nbsp;&amp;nbsp;}&lt;/span&gt;&lt;/code&gt;&lt;/li&gt;
&lt;li&gt;&lt;code&gt;&lt;span style="color: var(--highlight-keyword)"&gt;&lt;/span&gt;&lt;/code&gt;&lt;/li&gt;
&lt;li&gt;&lt;code&gt;&lt;span style="color: var(--highlight-keyword)"&gt;&amp;nbsp;&amp;nbsp;&amp;nbsp;&amp;nbsp;&amp;nbsp;&amp;nbsp;&amp;nbsp;&amp;nbsp;if&amp;nbsp;(&lt;/span&gt;&lt;span style="color: var(--highlight-default)"&gt;$this&lt;/span&gt;&lt;span style="color: var(--highlight-keyword)"&gt;-&amp;gt;&lt;/span&gt;&lt;span style="color: var(--highlight-default)"&gt;insulated&lt;/span&gt;&lt;span style="color: var(--highlight-keyword)"&gt;)&amp;nbsp;{&lt;/span&gt;&lt;/code&gt;&lt;/li&gt;
&lt;li&gt;&lt;code&gt;&lt;span style="color: var(--highlight-keyword)"&gt;&amp;nbsp;&amp;nbsp;&amp;nbsp;&amp;nbsp;&amp;nbsp;&amp;nbsp;&amp;nbsp;&amp;nbsp;&amp;nbsp;&amp;nbsp;&amp;nbsp;&amp;nbsp;&lt;/span&gt;&lt;span style="color: var(--highlight-default)"&gt;$this&lt;/span&gt;&lt;span style="color: var(--highlight-keyword)"&gt;-&amp;gt;&lt;/span&gt;&lt;span style="color: var(--highlight-default)"&gt;response&amp;nbsp;&lt;/span&gt;&lt;span style="color: var(--highlight-keyword)"&gt;=&amp;nbsp;&lt;/span&gt;&lt;span style="color: var(--highlight-default)"&gt;$this&lt;/span&gt;&lt;span style="color: var(--highlight-keyword)"&gt;-&amp;gt;&lt;/span&gt;&lt;span style="color: var(--highlight-default)"&gt;doRequestInProcess&lt;/span&gt;&lt;span style="color: var(--highlight-keyword)"&gt;(&lt;/span&gt;&lt;span style="color: var(--highlight-default)"&gt;$this&lt;/span&gt;&lt;span style="color: var(--highlight-keyword)"&gt;-&amp;gt;&lt;/span&gt;&lt;span style="color: var(--highlight-default)"&gt;request&lt;/span&gt;&lt;span style="color: var(--highlight-keyword)"&gt;);&lt;/span&gt;&lt;/code&gt;&lt;/li&gt;
&lt;li&gt;&lt;code&gt;&lt;span style="color: var(--highlight-keyword)"&gt;&amp;nbsp;&amp;nbsp;&amp;nbsp;&amp;nbsp;&amp;nbsp;&amp;nbsp;&amp;nbsp;&amp;nbsp;}&amp;nbsp;else&amp;nbsp;{&lt;/span&gt;&lt;/code&gt;&lt;/li&gt;
&lt;li class="selected"&gt;&lt;code&gt;&lt;span style="color: var(--highlight-keyword)"&gt;&amp;nbsp;&amp;nbsp;&amp;nbsp;&amp;nbsp;&amp;nbsp;&amp;nbsp;&amp;nbsp;&amp;nbsp;&amp;nbsp;&amp;nbsp;&amp;nbsp;&amp;nbsp;&lt;/span&gt;&lt;span style="color: var(--highlight-default)"&gt;$this&lt;/span&gt;&lt;span style="color: var(--highlight-keyword)"&gt;-&amp;gt;&lt;/span&gt;&lt;span style="color: var(--highlight-default)"&gt;response&amp;nbsp;&lt;/span&gt;&lt;span style="color: var(--highlight-keyword)"&gt;=&amp;nbsp;&lt;/span&gt;&lt;span style="color: var(--highlight-default)"&gt;$this&lt;/span&gt;&lt;span style="color: var(--highlight-keyword)"&gt;-&amp;gt;&lt;/span&gt;&lt;span style="color: var(--highlight-default)"&gt;doRequest&lt;/span&gt;&lt;span style="color: var(--highlight-keyword)"&gt;(&lt;/span&gt;&lt;span style="color: var(--highlight-default)"&gt;$this&lt;/span&gt;&lt;span style="color: var(--highlight-keyword)"&gt;-&amp;gt;&lt;/span&gt;&lt;span style="color: var(--highlight-default)"&gt;request&lt;/span&gt;&lt;span style="color: var(--highlight-keyword)"&gt;);&lt;/span&gt;&lt;/code&gt;&lt;/li&gt;
&lt;li&gt;&lt;code&gt;&lt;span style="color: var(--highlight-keyword)"&gt;&amp;nbsp;&amp;nbsp;&amp;nbsp;&amp;nbsp;&amp;nbsp;&amp;nbsp;&amp;nbsp;&amp;nbsp;}&lt;/span&gt;&lt;/code&gt;&lt;/li&gt;
&lt;li&gt;&lt;code&gt;&lt;span style="color: var(--highlight-keyword)"&gt;&lt;/span&gt;&lt;/code&gt;&lt;/li&gt;
&lt;li&gt;&lt;code&gt;&lt;span style="color: var(--highlight-keyword)"&gt;&amp;nbsp;&amp;nbsp;&amp;nbsp;&amp;nbsp;&amp;nbsp;&amp;nbsp;&amp;nbsp;&amp;nbsp;&lt;/span&gt;&lt;span style="color: var(--highlight-default)"&gt;$this&lt;/span&gt;&lt;span style="color: var(--highlight-keyword)"&gt;-&amp;gt;&lt;/span&gt;&lt;span style="color: var(--highlight-default)"&gt;internalResponse&amp;nbsp;&lt;/span&gt;&lt;span style="color: var(--highlight-keyword)"&gt;=&amp;nbsp;&lt;/span&gt;&lt;span style="color: var(--highlight-default)"&gt;$this&lt;/span&gt;&lt;span style="color: var(--highlight-keyword)"&gt;-&amp;gt;&lt;/span&gt;&lt;span style="color: var(--highlight-default)"&gt;filterResponse&lt;/span&gt;&lt;span style="color: var(--highlight-keyword)"&gt;(&lt;/span&gt;&lt;span style="color: var(--highlight-default)"&gt;$this&lt;/span&gt;&lt;span style="color: var(--highlight-keyword)"&gt;-&amp;gt;&lt;/span&gt;&lt;span style="color: var(--highlight-default)"&gt;response&lt;/span&gt;&lt;span style="color: var(--highlight-keyword)"&gt;);&lt;/span&gt;&lt;/code&gt;&lt;/li&gt;
&lt;li&gt;&lt;code&gt;&lt;span style="color: var(--highlight-keyword)"&gt;&lt;/span&gt;&lt;/code&gt;&lt;/li&gt;
&lt;li&gt;&lt;code&gt;&lt;span style="color: var(--highlight-keyword)"&gt;&amp;nbsp;&amp;nbsp;&amp;nbsp;&amp;nbsp;&amp;nbsp;&amp;nbsp;&amp;nbsp;&amp;nbsp;&lt;/span&gt;&lt;span style="color: var(--highlight-default)"&gt;$this&lt;/span&gt;&lt;span style="color: var(--highlight-keyword)"&gt;-&amp;gt;&lt;/span&gt;&lt;span style="color: var(--highlight-default)"&gt;cookieJar&lt;/span&gt;&lt;span style="color: var(--highlight-keyword)"&gt;-&amp;gt;&lt;/span&gt;&lt;span style="color: var(--highlight-default)"&gt;updateFromResponse&lt;/span&gt;&lt;span style="color: var(--highlight-keyword)"&gt;(&lt;/span&gt;&lt;span style="color: var(--highlight-default)"&gt;$this&lt;/span&gt;&lt;span style="color: var(--highlight-keyword)"&gt;-&amp;gt;&lt;/span&gt;&lt;span style="color: var(--highlight-default)"&gt;internalResponse&lt;/span&gt;&lt;span style="color: var(--highlight-keyword)"&gt;,&amp;nbsp;&lt;/span&gt;&lt;span style="color: var(--highlight-default)"&gt;$uri&lt;/span&gt;&lt;span style="color: var(--highlight-keyword)"&gt;);&lt;/span&gt;&lt;/code&gt;&lt;/li&gt;&lt;/ol&gt;    &lt;/div&gt;            &lt;/div&gt;
                        &lt;div class="trace-line "&gt;
                &lt;div class="trace-line-header break-long-words sf-toggle" data-toggle-selector="#trace-html-1-16" data-toggle-initial=""&gt;
            &lt;span class="icon icon-close"&gt;&lt;svg width="1792" height="1792" viewBox="0 0 1792 1792" xmlns="http://www.w3.org/2000/svg"&gt;&lt;path d="M1408 960V832q0-26-19-45t-45-19H448q-26 0-45 19t-19 45v128q0 26 19 45t45 19h896q26 0 45-19t19-45zm256-544v960q0 119-84.5 203.5T1376 1664H416q-119 0-203.5-84.5T128 1376V416q0-119 84.5-203.5T416 128h960q119 0 203.5 84.5T1664 416z"/&gt;&lt;/svg&gt;&lt;/span&gt;
        &lt;span class="icon icon-open"&gt;&lt;svg width="1792" height="1792" viewBox="0 0 1792 1792" xmlns="http://www.w3.org/2000/svg"&gt;&lt;path d="M1408 960V832q0-26-19-45t-45-19h-320V448q0-26-19-45t-45-19H832q-26 0-45 19t-19 45v320H448q-26 0-45 19t-19 45v128q0 26 19 45t45 19h320v320q0 26 19 45t45 19h128q26 0 45-19t19-45v-320h320q26 0 45-19t19-45zm256-544v960q0 119-84.5 203.5T1376 1664H416q-119 0-203.5-84.5T128 1376V416q0-119 84.5-203.5T416 128h960q119 0 203.5 84.5T1664 416z"/&gt;&lt;/svg&gt;&lt;/span&gt;
    
            &lt;span class="trace-class"&gt;&lt;abbr title="Symfony\Component\BrowserKit\AbstractBrowser"&gt;AbstractBrowser&lt;/abbr&gt;&lt;/span&gt;&lt;span class="trace-type"&gt;-&gt;&lt;/span&gt;&lt;span class="trace-method"&gt;request&lt;/span&gt;&lt;span class="trace-arguments"&gt;()&lt;/span&gt;    
                    &lt;span class="block trace-file-path"&gt;
            in
            &lt;a href=""&gt;
                C:\Users\eman\Documents\GitHub\car_dealer\tests\WebTest\&lt;strong&gt;CarsPageTest.php&lt;/strong&gt;
            &lt;/a&gt;
                        (line 40)
            &lt;span class="icon icon-copy hidden" data-clipboard-text="C:\Users\eman\Documents\GitHub\car_dealer\tests\WebTest\CarsPageTest.php:40"&gt;
                &lt;svg xmlns="http://www.w3.org/2000/svg" height="24" viewBox="0 0 24 24" width="24"&gt;&lt;path d="M0 0h24v24H0z" fill="none"/&gt;&lt;path d="M16 1H4c-1.1 0-2 .9-2 2v14h2V3h12V1zm3 4H8c-1.1 0-2 .9-2 2v14c0 1.1.9 2 2 2h11c1.1 0 2-.9 2-2V7c0-1.1-.9-2-2-2zm0 16H8V7h11v14z"/&gt;&lt;/svg&gt;            &lt;/span&gt;
        &lt;/span&gt;
    &lt;/div&gt;
    &lt;div id="trace-html-1-16" class="trace-code sf-toggle-content"&gt;
        &lt;ol start="35"&gt;&lt;li&gt;&lt;code&gt;&lt;span style="color: var(--highlight-keyword)"&gt;&amp;nbsp;&amp;nbsp;&amp;nbsp;&amp;nbsp;&amp;nbsp;&amp;nbsp;&amp;nbsp;&amp;nbsp;&lt;/span&gt;&lt;span style="color: var(--highlight-default)"&gt;$url&amp;nbsp;&lt;/span&gt;&lt;span style="color: var(--highlight-keyword)"&gt;=&amp;nbsp;&lt;/span&gt;&lt;span style="color: var(--highlight-string)"&gt;'/Cars'&lt;/span&gt;&lt;span style="color: var(--highlight-keyword)"&gt;;&lt;/span&gt;&lt;/code&gt;&lt;/li&gt;
&lt;li&gt;&lt;code&gt;&lt;span style="color: var(--highlight-keyword)"&gt;&amp;nbsp;&amp;nbsp;&amp;nbsp;&amp;nbsp;&amp;nbsp;&amp;nbsp;&amp;nbsp;&amp;nbsp;&lt;/span&gt;&lt;span style="color: var(--highlight-default)"&gt;$httpMethod&amp;nbsp;&lt;/span&gt;&lt;span style="color: var(--highlight-keyword)"&gt;=&amp;nbsp;&lt;/span&gt;&lt;span style="color: var(--highlight-string)"&gt;'GET'&lt;/span&gt;&lt;span style="color: var(--highlight-keyword)"&gt;;&lt;/span&gt;&lt;/code&gt;&lt;/li&gt;
&lt;li&gt;&lt;code&gt;&lt;span style="color: var(--highlight-keyword)"&gt;&amp;nbsp;&amp;nbsp;&amp;nbsp;&amp;nbsp;&amp;nbsp;&amp;nbsp;&amp;nbsp;&amp;nbsp;&lt;/span&gt;&lt;span style="color: var(--highlight-default)"&gt;$client&amp;nbsp;&lt;/span&gt;&lt;span style="color: var(--highlight-keyword)"&gt;=&amp;nbsp;static::&lt;/span&gt;&lt;span style="color: var(--highlight-default)"&gt;createClient&lt;/span&gt;&lt;span style="color: var(--highlight-keyword)"&gt;();&lt;/span&gt;&lt;/code&gt;&lt;/li&gt;
&lt;li&gt;&lt;code&gt;&lt;span style="color: var(--highlight-keyword)"&gt;&amp;nbsp;&amp;nbsp;&amp;nbsp;&amp;nbsp;&amp;nbsp;&amp;nbsp;&amp;nbsp;&amp;nbsp;&lt;/span&gt;&lt;span style="color: var(--highlight-default)"&gt;$searchText&amp;nbsp;&lt;/span&gt;&lt;span style="color: var(--highlight-keyword)"&gt;=&amp;nbsp;&lt;/span&gt;&lt;span style="color: var(--highlight-string)"&gt;'Make:&amp;nbsp;Audi'&lt;/span&gt;&lt;span style="color: var(--highlight-keyword)"&gt;;&lt;/span&gt;&lt;/code&gt;&lt;/li&gt;
&lt;li&gt;&lt;code&gt;&lt;span style="color: var(--highlight-keyword)"&gt;&amp;nbsp;&amp;nbsp;&amp;nbsp;&amp;nbsp;&amp;nbsp;&amp;nbsp;&amp;nbsp;&amp;nbsp;&lt;/span&gt;&lt;span style="color: var(--highlight-default)"&gt;$cssSelector&amp;nbsp;&lt;/span&gt;&lt;span style="color: var(--highlight-keyword)"&gt;=&amp;nbsp;&lt;/span&gt;&lt;span style="color: var(--highlight-string)"&gt;'h2'&lt;/span&gt;&lt;span style="color: var(--highlight-keyword)"&gt;;&lt;/span&gt;&lt;/code&gt;&lt;/li&gt;
&lt;li class="selected"&gt;&lt;code&gt;&lt;span style="color: var(--highlight-keyword)"&gt;&amp;nbsp;&amp;nbsp;&amp;nbsp;&amp;nbsp;&amp;nbsp;&amp;nbsp;&amp;nbsp;&amp;nbsp;&lt;/span&gt;&lt;span style="color: var(--highlight-default)"&gt;$crawler&amp;nbsp;&lt;/span&gt;&lt;span style="color: var(--highlight-keyword)"&gt;=&amp;nbsp;&lt;/span&gt;&lt;span style="color: var(--highlight-default)"&gt;$client&lt;/span&gt;&lt;span style="color: var(--highlight-keyword)"&gt;-&amp;gt;&lt;/span&gt;&lt;span style="color: var(--highlight-default)"&gt;request&lt;/span&gt;&lt;span style="color: var(--highlight-keyword)"&gt;(&lt;/span&gt;&lt;span style="color: var(--highlight-default)"&gt;$httpMethod&lt;/span&gt;&lt;span style="color: var(--highlight-keyword)"&gt;,&amp;nbsp;&lt;/span&gt;&lt;span style="color: var(--highlight-default)"&gt;$url&lt;/span&gt;&lt;span style="color: var(--highlight-keyword)"&gt;);&lt;/span&gt;&lt;/code&gt;&lt;/li&gt;
&lt;li&gt;&lt;code&gt;&lt;span style="color: var(--highlight-keyword)"&gt;&amp;nbsp;&amp;nbsp;&amp;nbsp;&amp;nbsp;&amp;nbsp;&amp;nbsp;&amp;nbsp;&amp;nbsp;&lt;/span&gt;&lt;span style="color: var(--highlight-default)"&gt;$content&amp;nbsp;&lt;/span&gt;&lt;span style="color: var(--highlight-keyword)"&gt;=&amp;nbsp;&lt;/span&gt;&lt;span style="color: var(--highlight-default)"&gt;$client&lt;/span&gt;&lt;span style="color: var(--highlight-keyword)"&gt;-&amp;gt;&lt;/span&gt;&lt;span style="color: var(--highlight-default)"&gt;getResponse&lt;/span&gt;&lt;span style="color: var(--highlight-keyword)"&gt;()-&amp;gt;&lt;/span&gt;&lt;span style="color: var(--highlight-default)"&gt;getContent&lt;/span&gt;&lt;span style="color: var(--highlight-keyword)"&gt;();&lt;/span&gt;&lt;/code&gt;&lt;/li&gt;
&lt;li&gt;&lt;code&gt;&lt;span style="color: var(--highlight-keyword)"&gt;&amp;nbsp;&amp;nbsp;&amp;nbsp;&amp;nbsp;&amp;nbsp;&amp;nbsp;&amp;nbsp;&amp;nbsp;&lt;/span&gt;&lt;span style="color: var(--highlight-default)"&gt;$this&lt;/span&gt;&lt;span style="color: var(--highlight-keyword)"&gt;-&amp;gt;&lt;/span&gt;&lt;span style="color: var(--highlight-default)"&gt;assertResponseIsSuccessful&lt;/span&gt;&lt;span style="color: var(--highlight-keyword)"&gt;();&lt;/span&gt;&lt;/code&gt;&lt;/li&gt;
&lt;li&gt;&lt;code&gt;&lt;span style="color: var(--highlight-keyword)"&gt;&amp;nbsp;&amp;nbsp;&amp;nbsp;&amp;nbsp;&amp;nbsp;&amp;nbsp;&amp;nbsp;&amp;nbsp;&lt;/span&gt;&lt;span style="color: var(--highlight-default)"&gt;$this&lt;/span&gt;&lt;span style="color: var(--highlight-keyword)"&gt;-&amp;gt;&lt;/span&gt;&lt;span style="color: var(--highlight-default)"&gt;assertSelectorTextContains&lt;/span&gt;&lt;span style="color: var(--highlight-keyword)"&gt;(&lt;/span&gt;&lt;span style="color: var(--highlight-default)"&gt;$cssSelector&lt;/span&gt;&lt;span style="color: var(--highlight-keyword)"&gt;,&amp;nbsp;&lt;/span&gt;&lt;span style="color: var(--highlight-default)"&gt;$searchText&lt;/span&gt;&lt;span style="color: var(--highlight-keyword)"&gt;);&lt;/span&gt;&lt;/code&gt;&lt;/li&gt;
&lt;li&gt;&lt;code&gt;&lt;span style="color: var(--highlight-keyword)"&gt;&amp;nbsp;&amp;nbsp;&amp;nbsp;&amp;nbsp;}&lt;/span&gt;&lt;/code&gt;&lt;/li&gt;
&lt;li&gt;&lt;code&gt;&lt;span style="color: var(--highlight-keyword)"&gt;&amp;nbsp;&amp;nbsp;&amp;nbsp;&amp;nbsp;public&amp;nbsp;function&amp;nbsp;&lt;/span&gt;&lt;span style="color: var(--highlight-default)"&gt;testHead&lt;/span&gt;&lt;span style="color: var(--highlight-keyword)"&gt;():&amp;nbsp;&lt;/span&gt;&lt;span style="color: var(--highlight-default)"&gt;void&lt;/span&gt;&lt;/code&gt;&lt;/li&gt;&lt;/ol&gt;    &lt;/div&gt;            &lt;/div&gt;
                        &lt;div class="trace-line "&gt;
                &lt;div class="trace-line-header break-long-words sf-toggle" data-toggle-selector="#trace-html-1-17" data-toggle-initial=""&gt;
            &lt;span class="icon icon-close"&gt;&lt;svg width="1792" height="1792" viewBox="0 0 1792 1792" xmlns="http://www.w3.org/2000/svg"&gt;&lt;path d="M1408 960V832q0-26-19-45t-45-19H448q-26 0-45 19t-19 45v128q0 26 19 45t45 19h896q26 0 45-19t19-45zm256-544v960q0 119-84.5 203.5T1376 1664H416q-119 0-203.5-84.5T128 1376V416q0-119 84.5-203.5T416 128h960q119 0 203.5 84.5T1664 416z"/&gt;&lt;/svg&gt;&lt;/span&gt;
        &lt;span class="icon icon-open"&gt;&lt;svg width="1792" height="1792" viewBox="0 0 1792 1792" xmlns="http://www.w3.org/2000/svg"&gt;&lt;path d="M1408 960V832q0-26-19-45t-45-19h-320V448q0-26-19-45t-45-19H832q-26 0-45 19t-19 45v320H448q-26 0-45 19t-19 45v128q0 26 19 45t45 19h320v320q0 26 19 45t45 19h128q26 0 45-19t19-45v-320h320q26 0 45-19t19-45zm256-544v960q0 119-84.5 203.5T1376 1664H416q-119 0-203.5-84.5T128 1376V416q0-119 84.5-203.5T416 128h960q119 0 203.5 84.5T1664 416z"/&gt;&lt;/svg&gt;&lt;/span&gt;
    
            &lt;span class="trace-class"&gt;&lt;abbr title="App\Tests\WebTest\CarsPageTest"&gt;CarsPageTest&lt;/abbr&gt;&lt;/span&gt;&lt;span class="trace-type"&gt;-&gt;&lt;/span&gt;&lt;span class="trace-method"&gt;testHeading2&lt;/span&gt;&lt;span class="trace-arguments"&gt;()&lt;/span&gt;    
                    &lt;span class="block trace-file-path"&gt;
            in
            &lt;a href=""&gt;
                C:\Users\eman\Documents\GitHub\car_dealer\vendor\phpunit\phpunit\src\Framework\&lt;strong&gt;TestCase.php&lt;/strong&gt;
            &lt;/a&gt;
                        (line 1545)
            &lt;span class="icon icon-copy hidden" data-clipboard-text="C:\Users\eman\Documents\GitHub\car_dealer\vendor\phpunit\phpunit\src\Framework\TestCase.php:1545"&gt;
                &lt;svg xmlns="http://www.w3.org/2000/svg" height="24" viewBox="0 0 24 24" width="24"&gt;&lt;path d="M0 0h24v24H0z" fill="none"/&gt;&lt;path d="M16 1H4c-1.1 0-2 .9-2 2v14h2V3h12V1zm3 4H8c-1.1 0-2 .9-2 2v14c0 1.1.9 2 2 2h11c1.1 0 2-.9 2-2V7c0-1.1-.9-2-2-2zm0 16H8V7h11v14z"/&gt;&lt;/svg&gt;            &lt;/span&gt;
        &lt;/span&gt;
    &lt;/div&gt;
    &lt;div id="trace-html-1-17" class="trace-code sf-toggle-content"&gt;
        &lt;ol start="1540"&gt;&lt;li&gt;&lt;code&gt;&lt;span style="color: var(--highlight-keyword)"&gt;&amp;nbsp;&amp;nbsp;&amp;nbsp;&amp;nbsp;&amp;nbsp;&amp;nbsp;&amp;nbsp;&amp;nbsp;&lt;/span&gt;&lt;span style="color: var(--highlight-default)"&gt;$testArguments&amp;nbsp;&lt;/span&gt;&lt;span style="color: var(--highlight-keyword)"&gt;=&amp;nbsp;&lt;/span&gt;&lt;span style="color: var(--highlight-default)"&gt;array_merge&lt;/span&gt;&lt;span style="color: var(--highlight-keyword)"&gt;(&lt;/span&gt;&lt;span style="color: var(--highlight-default)"&gt;$this&lt;/span&gt;&lt;span style="color: var(--highlight-keyword)"&gt;-&amp;gt;&lt;/span&gt;&lt;span style="color: var(--highlight-default)"&gt;data&lt;/span&gt;&lt;span style="color: var(--highlight-keyword)"&gt;,&amp;nbsp;&lt;/span&gt;&lt;span style="color: var(--highlight-default)"&gt;$this&lt;/span&gt;&lt;span style="color: var(--highlight-keyword)"&gt;-&amp;gt;&lt;/span&gt;&lt;span style="color: var(--highlight-default)"&gt;dependencyInput&lt;/span&gt;&lt;span style="color: var(--highlight-keyword)"&gt;);&lt;/span&gt;&lt;/code&gt;&lt;/li&gt;
&lt;li&gt;&lt;code&gt;&lt;span style="color: var(--highlight-keyword)"&gt;&lt;/span&gt;&lt;/code&gt;&lt;/li&gt;
&lt;li&gt;&lt;code&gt;&lt;span style="color: var(--highlight-keyword)"&gt;&amp;nbsp;&amp;nbsp;&amp;nbsp;&amp;nbsp;&amp;nbsp;&amp;nbsp;&amp;nbsp;&amp;nbsp;&lt;/span&gt;&lt;span style="color: var(--highlight-default)"&gt;$this&lt;/span&gt;&lt;span style="color: var(--highlight-keyword)"&gt;-&amp;gt;&lt;/span&gt;&lt;span style="color: var(--highlight-default)"&gt;registerMockObjectsFromTestArguments&lt;/span&gt;&lt;span style="color: var(--highlight-keyword)"&gt;(&lt;/span&gt;&lt;span style="color: var(--highlight-default)"&gt;$testArguments&lt;/span&gt;&lt;span style="color: var(--highlight-keyword)"&gt;);&lt;/span&gt;&lt;/code&gt;&lt;/li&gt;
&lt;li&gt;&lt;code&gt;&lt;span style="color: var(--highlight-keyword)"&gt;&lt;/span&gt;&lt;/code&gt;&lt;/li&gt;
&lt;li&gt;&lt;code&gt;&lt;span style="color: var(--highlight-keyword)"&gt;&amp;nbsp;&amp;nbsp;&amp;nbsp;&amp;nbsp;&amp;nbsp;&amp;nbsp;&amp;nbsp;&amp;nbsp;try&amp;nbsp;{&lt;/span&gt;&lt;/code&gt;&lt;/li&gt;
&lt;li class="selected"&gt;&lt;code&gt;&lt;span style="color: var(--highlight-keyword)"&gt;&amp;nbsp;&amp;nbsp;&amp;nbsp;&amp;nbsp;&amp;nbsp;&amp;nbsp;&amp;nbsp;&amp;nbsp;&amp;nbsp;&amp;nbsp;&amp;nbsp;&amp;nbsp;&lt;/span&gt;&lt;span style="color: var(--highlight-default)"&gt;$testResult&amp;nbsp;&lt;/span&gt;&lt;span style="color: var(--highlight-keyword)"&gt;=&amp;nbsp;&lt;/span&gt;&lt;span style="color: var(--highlight-default)"&gt;$this&lt;/span&gt;&lt;span style="color: var(--highlight-keyword)"&gt;-&amp;gt;{&lt;/span&gt;&lt;span style="color: var(--highlight-default)"&gt;$this&lt;/span&gt;&lt;span style="color: var(--highlight-keyword)"&gt;-&amp;gt;&lt;/span&gt;&lt;span style="color: var(--highlight-default)"&gt;name&lt;/span&gt;&lt;span style="color: var(--highlight-keyword)"&gt;}(...&lt;/span&gt;&lt;span style="color: var(--highlight-default)"&gt;array_values&lt;/span&gt;&lt;span style="color: var(--highlight-keyword)"&gt;(&lt;/span&gt;&lt;span style="color: var(--highlight-default)"&gt;$testArguments&lt;/span&gt;&lt;span style="color: var(--highlight-keyword)"&gt;));&lt;/span&gt;&lt;/code&gt;&lt;/li&gt;
&lt;li&gt;&lt;code&gt;&lt;span style="color: var(--highlight-keyword)"&gt;&amp;nbsp;&amp;nbsp;&amp;nbsp;&amp;nbsp;&amp;nbsp;&amp;nbsp;&amp;nbsp;&amp;nbsp;}&amp;nbsp;catch&amp;nbsp;(&lt;/span&gt;&lt;span style="color: var(--highlight-default)"&gt;Throwable&amp;nbsp;$exception&lt;/span&gt;&lt;span style="color: var(--highlight-keyword)"&gt;)&amp;nbsp;{&lt;/span&gt;&lt;/code&gt;&lt;/li&gt;
&lt;li&gt;&lt;code&gt;&lt;span style="color: var(--highlight-keyword)"&gt;&amp;nbsp;&amp;nbsp;&amp;nbsp;&amp;nbsp;&amp;nbsp;&amp;nbsp;&amp;nbsp;&amp;nbsp;&amp;nbsp;&amp;nbsp;&amp;nbsp;&amp;nbsp;if&amp;nbsp;(!&lt;/span&gt;&lt;span style="color: var(--highlight-default)"&gt;$this&lt;/span&gt;&lt;span style="color: var(--highlight-keyword)"&gt;-&amp;gt;&lt;/span&gt;&lt;span style="color: var(--highlight-default)"&gt;checkExceptionExpectations&lt;/span&gt;&lt;span style="color: var(--highlight-keyword)"&gt;(&lt;/span&gt;&lt;span style="color: var(--highlight-default)"&gt;$exception&lt;/span&gt;&lt;span style="color: var(--highlight-keyword)"&gt;))&amp;nbsp;{&lt;/span&gt;&lt;/code&gt;&lt;/li&gt;
&lt;li&gt;&lt;code&gt;&lt;span style="color: var(--highlight-keyword)"&gt;&amp;nbsp;&amp;nbsp;&amp;nbsp;&amp;nbsp;&amp;nbsp;&amp;nbsp;&amp;nbsp;&amp;nbsp;&amp;nbsp;&amp;nbsp;&amp;nbsp;&amp;nbsp;&amp;nbsp;&amp;nbsp;&amp;nbsp;&amp;nbsp;throw&amp;nbsp;&lt;/span&gt;&lt;span style="color: var(--highlight-default)"&gt;$exception&lt;/span&gt;&lt;span style="color: var(--highlight-keyword)"&gt;;&lt;/span&gt;&lt;/code&gt;&lt;/li&gt;
&lt;li&gt;&lt;code&gt;&lt;span style="color: var(--highlight-keyword)"&gt;&amp;nbsp;&amp;nbsp;&amp;nbsp;&amp;nbsp;&amp;nbsp;&amp;nbsp;&amp;nbsp;&amp;nbsp;&amp;nbsp;&amp;nbsp;&amp;nbsp;&amp;nbsp;}&lt;/span&gt;&lt;/code&gt;&lt;/li&gt;
&lt;li&gt;&lt;code&gt;&lt;span style="color: var(--highlight-keyword)"&gt;&lt;/span&gt;&lt;/code&gt;&lt;/li&gt;&lt;/ol&gt;    &lt;/div&gt;            &lt;/div&gt;
                        &lt;div class="trace-line "&gt;
                &lt;div class="trace-line-header break-long-words sf-toggle" data-toggle-selector="#trace-html-1-18" data-toggle-initial=""&gt;
            &lt;span class="icon icon-close"&gt;&lt;svg width="1792" height="1792" viewBox="0 0 1792 1792" xmlns="http://www.w3.org/2000/svg"&gt;&lt;path d="M1408 960V832q0-26-19-45t-45-19H448q-26 0-45 19t-19 45v128q0 26 19 45t45 19h896q26 0 45-19t19-45zm256-544v960q0 119-84.5 203.5T1376 1664H416q-119 0-203.5-84.5T128 1376V416q0-119 84.5-203.5T416 128h960q119 0 203.5 84.5T1664 416z"/&gt;&lt;/svg&gt;&lt;/span&gt;
        &lt;span class="icon icon-open"&gt;&lt;svg width="1792" height="1792" viewBox="0 0 1792 1792" xmlns="http://www.w3.org/2000/svg"&gt;&lt;path d="M1408 960V832q0-26-19-45t-45-19h-320V448q0-26-19-45t-45-19H832q-26 0-45 19t-19 45v320H448q-26 0-45 19t-19 45v128q0 26 19 45t45 19h320v320q0 26 19 45t45 19h128q26 0 45-19t19-45v-320h320q26 0 45-19t19-45zm256-544v960q0 119-84.5 203.5T1376 1664H416q-119 0-203.5-84.5T128 1376V416q0-119 84.5-203.5T416 128h960q119 0 203.5 84.5T1664 416z"/&gt;&lt;/svg&gt;&lt;/span&gt;
    
            &lt;span class="trace-class"&gt;&lt;abbr title="PHPUnit\Framework\TestCase"&gt;TestCase&lt;/abbr&gt;&lt;/span&gt;&lt;span class="trace-type"&gt;-&gt;&lt;/span&gt;&lt;span class="trace-method"&gt;runTest&lt;/span&gt;&lt;span class="trace-arguments"&gt;()&lt;/span&gt;    
                    &lt;span class="block trace-file-path"&gt;
            in
            &lt;a href=""&gt;
                C:\Users\eman\Documents\GitHub\car_dealer\vendor\phpunit\phpunit\src\Framework\&lt;strong&gt;TestCase.php&lt;/strong&gt;
            &lt;/a&gt;
                        (line 1151)
            &lt;span class="icon icon-copy hidden" data-clipboard-text="C:\Users\eman\Documents\GitHub\car_dealer\vendor\phpunit\phpunit\src\Framework\TestCase.php:1151"&gt;
                &lt;svg xmlns="http://www.w3.org/2000/svg" height="24" viewBox="0 0 24 24" width="24"&gt;&lt;path d="M0 0h24v24H0z" fill="none"/&gt;&lt;path d="M16 1H4c-1.1 0-2 .9-2 2v14h2V3h12V1zm3 4H8c-1.1 0-2 .9-2 2v14c0 1.1.9 2 2 2h11c1.1 0 2-.9 2-2V7c0-1.1-.9-2-2-2zm0 16H8V7h11v14z"/&gt;&lt;/svg&gt;            &lt;/span&gt;
        &lt;/span&gt;
    &lt;/div&gt;
    &lt;div id="trace-html-1-18" class="trace-code sf-toggle-content"&gt;
        &lt;ol start="1146"&gt;&lt;li&gt;&lt;code&gt;&lt;span style="color: var(--highlight-keyword)"&gt;&lt;/span&gt;&lt;/code&gt;&lt;/li&gt;
&lt;li&gt;&lt;code&gt;&lt;span style="color: var(--highlight-keyword)"&gt;&amp;nbsp;&amp;nbsp;&amp;nbsp;&amp;nbsp;&amp;nbsp;&amp;nbsp;&amp;nbsp;&amp;nbsp;&amp;nbsp;&amp;nbsp;&amp;nbsp;&amp;nbsp;foreach&amp;nbsp;(&lt;/span&gt;&lt;span style="color: var(--highlight-default)"&gt;$hookMethods&lt;/span&gt;&lt;span style="color: var(--highlight-keyword)"&gt;[&lt;/span&gt;&lt;span style="color: var(--highlight-string)"&gt;'preCondition'&lt;/span&gt;&lt;span style="color: var(--highlight-keyword)"&gt;]&amp;nbsp;as&amp;nbsp;&lt;/span&gt;&lt;span style="color: var(--highlight-default)"&gt;$method&lt;/span&gt;&lt;span style="color: var(--highlight-keyword)"&gt;)&amp;nbsp;{&lt;/span&gt;&lt;/code&gt;&lt;/li&gt;
&lt;li&gt;&lt;code&gt;&lt;span style="color: var(--highlight-keyword)"&gt;&amp;nbsp;&amp;nbsp;&amp;nbsp;&amp;nbsp;&amp;nbsp;&amp;nbsp;&amp;nbsp;&amp;nbsp;&amp;nbsp;&amp;nbsp;&amp;nbsp;&amp;nbsp;&amp;nbsp;&amp;nbsp;&amp;nbsp;&amp;nbsp;&lt;/span&gt;&lt;span style="color: var(--highlight-default)"&gt;$this&lt;/span&gt;&lt;span style="color: var(--highlight-keyword)"&gt;-&amp;gt;{&lt;/span&gt;&lt;span style="color: var(--highlight-default)"&gt;$method&lt;/span&gt;&lt;span style="color: var(--highlight-keyword)"&gt;}();&lt;/span&gt;&lt;/code&gt;&lt;/li&gt;
&lt;li&gt;&lt;code&gt;&lt;span style="color: var(--highlight-keyword)"&gt;&amp;nbsp;&amp;nbsp;&amp;nbsp;&amp;nbsp;&amp;nbsp;&amp;nbsp;&amp;nbsp;&amp;nbsp;&amp;nbsp;&amp;nbsp;&amp;nbsp;&amp;nbsp;}&lt;/span&gt;&lt;/code&gt;&lt;/li&gt;
&lt;li&gt;&lt;code&gt;&lt;span style="color: var(--highlight-keyword)"&gt;&lt;/span&gt;&lt;/code&gt;&lt;/li&gt;
&lt;li class="selected"&gt;&lt;code&gt;&lt;span style="color: var(--highlight-keyword)"&gt;&amp;nbsp;&amp;nbsp;&amp;nbsp;&amp;nbsp;&amp;nbsp;&amp;nbsp;&amp;nbsp;&amp;nbsp;&amp;nbsp;&amp;nbsp;&amp;nbsp;&amp;nbsp;&lt;/span&gt;&lt;span style="color: var(--highlight-default)"&gt;$this&lt;/span&gt;&lt;span style="color: var(--highlight-keyword)"&gt;-&amp;gt;&lt;/span&gt;&lt;span style="color: var(--highlight-default)"&gt;testResult&amp;nbsp;&lt;/span&gt;&lt;span style="color: var(--highlight-keyword)"&gt;=&amp;nbsp;&lt;/span&gt;&lt;span style="color: var(--highlight-default)"&gt;$this&lt;/span&gt;&lt;span style="color: var(--highlight-keyword)"&gt;-&amp;gt;&lt;/span&gt;&lt;span style="color: var(--highlight-default)"&gt;runTest&lt;/span&gt;&lt;span style="color: var(--highlight-keyword)"&gt;();&lt;/span&gt;&lt;/code&gt;&lt;/li&gt;
&lt;li&gt;&lt;code&gt;&lt;span style="color: var(--highlight-keyword)"&gt;&amp;nbsp;&amp;nbsp;&amp;nbsp;&amp;nbsp;&amp;nbsp;&amp;nbsp;&amp;nbsp;&amp;nbsp;&amp;nbsp;&amp;nbsp;&amp;nbsp;&amp;nbsp;&lt;/span&gt;&lt;span style="color: var(--highlight-default)"&gt;$this&lt;/span&gt;&lt;span style="color: var(--highlight-keyword)"&gt;-&amp;gt;&lt;/span&gt;&lt;span style="color: var(--highlight-default)"&gt;verifyMockObjects&lt;/span&gt;&lt;span style="color: var(--highlight-keyword)"&gt;();&lt;/span&gt;&lt;/code&gt;&lt;/li&gt;
&lt;li&gt;&lt;code&gt;&lt;span style="color: var(--highlight-keyword)"&gt;&lt;/span&gt;&lt;/code&gt;&lt;/li&gt;
&lt;li&gt;&lt;code&gt;&lt;span style="color: var(--highlight-keyword)"&gt;&amp;nbsp;&amp;nbsp;&amp;nbsp;&amp;nbsp;&amp;nbsp;&amp;nbsp;&amp;nbsp;&amp;nbsp;&amp;nbsp;&amp;nbsp;&amp;nbsp;&amp;nbsp;foreach&amp;nbsp;(&lt;/span&gt;&lt;span style="color: var(--highlight-default)"&gt;$hookMethods&lt;/span&gt;&lt;span style="color: var(--highlight-keyword)"&gt;[&lt;/span&gt;&lt;span style="color: var(--highlight-string)"&gt;'postCondition'&lt;/span&gt;&lt;span style="color: var(--highlight-keyword)"&gt;]&amp;nbsp;as&amp;nbsp;&lt;/span&gt;&lt;span style="color: var(--highlight-default)"&gt;$method&lt;/span&gt;&lt;span style="color: var(--highlight-keyword)"&gt;)&amp;nbsp;{&lt;/span&gt;&lt;/code&gt;&lt;/li&gt;
&lt;li&gt;&lt;code&gt;&lt;span style="color: var(--highlight-keyword)"&gt;&amp;nbsp;&amp;nbsp;&amp;nbsp;&amp;nbsp;&amp;nbsp;&amp;nbsp;&amp;nbsp;&amp;nbsp;&amp;nbsp;&amp;nbsp;&amp;nbsp;&amp;nbsp;&amp;nbsp;&amp;nbsp;&amp;nbsp;&amp;nbsp;&lt;/span&gt;&lt;span style="color: var(--highlight-default)"&gt;$this&lt;/span&gt;&lt;span style="color: var(--highlight-keyword)"&gt;-&amp;gt;{&lt;/span&gt;&lt;span style="color: var(--highlight-default)"&gt;$method&lt;/span&gt;&lt;span style="color: var(--highlight-keyword)"&gt;}();&lt;/span&gt;&lt;/code&gt;&lt;/li&gt;
&lt;li&gt;&lt;code&gt;&lt;span style="color: var(--highlight-keyword)"&gt;&amp;nbsp;&amp;nbsp;&amp;nbsp;&amp;nbsp;&amp;nbsp;&amp;nbsp;&amp;nbsp;&amp;nbsp;&amp;nbsp;&amp;nbsp;&amp;nbsp;&amp;nbsp;}&lt;/span&gt;&lt;/code&gt;&lt;/li&gt;&lt;/ol&gt;    &lt;/div&gt;            &lt;/div&gt;
                        &lt;div class="trace-line "&gt;
                &lt;div class="trace-line-header break-long-words sf-toggle" data-toggle-selector="#trace-html-1-19" data-toggle-initial=""&gt;
            &lt;span class="icon icon-close"&gt;&lt;svg width="1792" height="1792" viewBox="0 0 1792 1792" xmlns="http://www.w3.org/2000/svg"&gt;&lt;path d="M1408 960V832q0-26-19-45t-45-19H448q-26 0-45 19t-19 45v128q0 26 19 45t45 19h896q26 0 45-19t19-45zm256-544v960q0 119-84.5 203.5T1376 1664H416q-119 0-203.5-84.5T128 1376V416q0-119 84.5-203.5T416 128h960q119 0 203.5 84.5T1664 416z"/&gt;&lt;/svg&gt;&lt;/span&gt;
        &lt;span class="icon icon-open"&gt;&lt;svg width="1792" height="1792" viewBox="0 0 1792 1792" xmlns="http://www.w3.org/2000/svg"&gt;&lt;path d="M1408 960V832q0-26-19-45t-45-19h-320V448q0-26-19-45t-45-19H832q-26 0-45 19t-19 45v320H448q-26 0-45 19t-19 45v128q0 26 19 45t45 19h320v320q0 26 19 45t45 19h128q26 0 45-19t19-45v-320h320q26 0 45-19t19-45zm256-544v960q0 119-84.5 203.5T1376 1664H416q-119 0-203.5-84.5T128 1376V416q0-119 84.5-203.5T416 128h960q119 0 203.5 84.5T1664 416z"/&gt;&lt;/svg&gt;&lt;/span&gt;
    
            &lt;span class="trace-class"&gt;&lt;abbr title="PHPUnit\Framework\TestCase"&gt;TestCase&lt;/abbr&gt;&lt;/span&gt;&lt;span class="trace-type"&gt;-&gt;&lt;/span&gt;&lt;span class="trace-method"&gt;runBare&lt;/span&gt;&lt;span class="trace-arguments"&gt;()&lt;/span&gt;    
                    &lt;span class="block trace-file-path"&gt;
            in
            &lt;a href=""&gt;
                C:\Users\eman\Documents\GitHub\car_dealer\vendor\phpunit\phpunit\src\Framework\&lt;strong&gt;TestResult.php&lt;/strong&gt;
            &lt;/a&gt;
                        (line 726)
            &lt;span class="icon icon-copy hidden" data-clipboard-text="C:\Users\eman\Documents\GitHub\car_dealer\vendor\phpunit\phpunit\src\Framework\TestResult.php:726"&gt;
                &lt;svg xmlns="http://www.w3.org/2000/svg" height="24" viewBox="0 0 24 24" width="24"&gt;&lt;path d="M0 0h24v24H0z" fill="none"/&gt;&lt;path d="M16 1H4c-1.1 0-2 .9-2 2v14h2V3h12V1zm3 4H8c-1.1 0-2 .9-2 2v14c0 1.1.9 2 2 2h11c1.1 0 2-.9 2-2V7c0-1.1-.9-2-2-2zm0 16H8V7h11v14z"/&gt;&lt;/svg&gt;            &lt;/span&gt;
        &lt;/span&gt;
    &lt;/div&gt;
    &lt;div id="trace-html-1-19" class="trace-code sf-toggle-content"&gt;
        &lt;ol start="721"&gt;&lt;li&gt;&lt;code&gt;&lt;span style="color: var(--highlight-keyword)"&gt;&amp;nbsp;&amp;nbsp;&amp;nbsp;&amp;nbsp;&amp;nbsp;&amp;nbsp;&amp;nbsp;&amp;nbsp;&amp;nbsp;&amp;nbsp;&amp;nbsp;&amp;nbsp;&amp;nbsp;&amp;nbsp;&amp;nbsp;&amp;nbsp;&amp;nbsp;&amp;nbsp;&amp;nbsp;&amp;nbsp;&amp;nbsp;&amp;nbsp;&amp;nbsp;&amp;nbsp;&lt;/span&gt;&lt;span style="color: var(--highlight-default)"&gt;$_timeout&amp;nbsp;&lt;/span&gt;&lt;span style="color: var(--highlight-keyword)"&gt;=&amp;nbsp;&lt;/span&gt;&lt;span style="color: var(--highlight-default)"&gt;$this&lt;/span&gt;&lt;span style="color: var(--highlight-keyword)"&gt;-&amp;gt;&lt;/span&gt;&lt;span style="color: var(--highlight-default)"&gt;defaultTimeLimit&lt;/span&gt;&lt;span style="color: var(--highlight-keyword)"&gt;;&lt;/span&gt;&lt;/code&gt;&lt;/li&gt;
&lt;li&gt;&lt;code&gt;&lt;span style="color: var(--highlight-keyword)"&gt;&amp;nbsp;&amp;nbsp;&amp;nbsp;&amp;nbsp;&amp;nbsp;&amp;nbsp;&amp;nbsp;&amp;nbsp;&amp;nbsp;&amp;nbsp;&amp;nbsp;&amp;nbsp;&amp;nbsp;&amp;nbsp;&amp;nbsp;&amp;nbsp;}&lt;/span&gt;&lt;/code&gt;&lt;/li&gt;
&lt;li&gt;&lt;code&gt;&lt;span style="color: var(--highlight-keyword)"&gt;&lt;/span&gt;&lt;/code&gt;&lt;/li&gt;
&lt;li&gt;&lt;code&gt;&lt;span style="color: var(--highlight-keyword)"&gt;&amp;nbsp;&amp;nbsp;&amp;nbsp;&amp;nbsp;&amp;nbsp;&amp;nbsp;&amp;nbsp;&amp;nbsp;&amp;nbsp;&amp;nbsp;&amp;nbsp;&amp;nbsp;&amp;nbsp;&amp;nbsp;&amp;nbsp;&amp;nbsp;&lt;/span&gt;&lt;span style="color: var(--highlight-default)"&gt;$invoker&lt;/span&gt;&lt;span style="color: var(--highlight-keyword)"&gt;-&amp;gt;&lt;/span&gt;&lt;span style="color: var(--highlight-default)"&gt;invoke&lt;/span&gt;&lt;span style="color: var(--highlight-keyword)"&gt;([&lt;/span&gt;&lt;span style="color: var(--highlight-default)"&gt;$test&lt;/span&gt;&lt;span style="color: var(--highlight-keyword)"&gt;,&amp;nbsp;&lt;/span&gt;&lt;span style="color: var(--highlight-string)"&gt;'runBare'&lt;/span&gt;&lt;span style="color: var(--highlight-keyword)"&gt;],&amp;nbsp;[],&amp;nbsp;&lt;/span&gt;&lt;span style="color: var(--highlight-default)"&gt;$_timeout&lt;/span&gt;&lt;span style="color: var(--highlight-keyword)"&gt;);&lt;/span&gt;&lt;/code&gt;&lt;/li&gt;
&lt;li&gt;&lt;code&gt;&lt;span style="color: var(--highlight-keyword)"&gt;&amp;nbsp;&amp;nbsp;&amp;nbsp;&amp;nbsp;&amp;nbsp;&amp;nbsp;&amp;nbsp;&amp;nbsp;&amp;nbsp;&amp;nbsp;&amp;nbsp;&amp;nbsp;}&amp;nbsp;else&amp;nbsp;{&lt;/span&gt;&lt;/code&gt;&lt;/li&gt;
&lt;li class="selected"&gt;&lt;code&gt;&lt;span style="color: var(--highlight-keyword)"&gt;&amp;nbsp;&amp;nbsp;&amp;nbsp;&amp;nbsp;&amp;nbsp;&amp;nbsp;&amp;nbsp;&amp;nbsp;&amp;nbsp;&amp;nbsp;&amp;nbsp;&amp;nbsp;&amp;nbsp;&amp;nbsp;&amp;nbsp;&amp;nbsp;&lt;/span&gt;&lt;span style="color: var(--highlight-default)"&gt;$test&lt;/span&gt;&lt;span style="color: var(--highlight-keyword)"&gt;-&amp;gt;&lt;/span&gt;&lt;span style="color: var(--highlight-default)"&gt;runBare&lt;/span&gt;&lt;span style="color: var(--highlight-keyword)"&gt;();&lt;/span&gt;&lt;/code&gt;&lt;/li&gt;
&lt;li&gt;&lt;code&gt;&lt;span style="color: var(--highlight-keyword)"&gt;&amp;nbsp;&amp;nbsp;&amp;nbsp;&amp;nbsp;&amp;nbsp;&amp;nbsp;&amp;nbsp;&amp;nbsp;&amp;nbsp;&amp;nbsp;&amp;nbsp;&amp;nbsp;}&lt;/span&gt;&lt;/code&gt;&lt;/li&gt;
&lt;li&gt;&lt;code&gt;&lt;span style="color: var(--highlight-keyword)"&gt;&amp;nbsp;&amp;nbsp;&amp;nbsp;&amp;nbsp;&amp;nbsp;&amp;nbsp;&amp;nbsp;&amp;nbsp;}&amp;nbsp;catch&amp;nbsp;(&lt;/span&gt;&lt;span style="color: var(--highlight-default)"&gt;TimeoutException&amp;nbsp;$e&lt;/span&gt;&lt;span style="color: var(--highlight-keyword)"&gt;)&amp;nbsp;{&lt;/span&gt;&lt;/code&gt;&lt;/li&gt;
&lt;li&gt;&lt;code&gt;&lt;span style="color: var(--highlight-keyword)"&gt;&amp;nbsp;&amp;nbsp;&amp;nbsp;&amp;nbsp;&amp;nbsp;&amp;nbsp;&amp;nbsp;&amp;nbsp;&amp;nbsp;&amp;nbsp;&amp;nbsp;&amp;nbsp;&lt;/span&gt;&lt;span style="color: var(--highlight-default)"&gt;$this&lt;/span&gt;&lt;span style="color: var(--highlight-keyword)"&gt;-&amp;gt;&lt;/span&gt;&lt;span style="color: var(--highlight-default)"&gt;addFailure&lt;/span&gt;&lt;span style="color: var(--highlight-keyword)"&gt;(&lt;/span&gt;&lt;/code&gt;&lt;/li&gt;
&lt;li&gt;&lt;code&gt;&lt;span style="color: var(--highlight-keyword)"&gt;&amp;nbsp;&amp;nbsp;&amp;nbsp;&amp;nbsp;&amp;nbsp;&amp;nbsp;&amp;nbsp;&amp;nbsp;&amp;nbsp;&amp;nbsp;&amp;nbsp;&amp;nbsp;&amp;nbsp;&amp;nbsp;&amp;nbsp;&amp;nbsp;&lt;/span&gt;&lt;span style="color: var(--highlight-default)"&gt;$test&lt;/span&gt;&lt;span style="color: var(--highlight-keyword)"&gt;,&lt;/span&gt;&lt;/code&gt;&lt;/li&gt;
&lt;li&gt;&lt;code&gt;&lt;span style="color: var(--highlight-keyword)"&gt;&amp;nbsp;&amp;nbsp;&amp;nbsp;&amp;nbsp;&amp;nbsp;&amp;nbsp;&amp;nbsp;&amp;nbsp;&amp;nbsp;&amp;nbsp;&amp;nbsp;&amp;nbsp;&amp;nbsp;&amp;nbsp;&amp;nbsp;&amp;nbsp;new&amp;nbsp;&lt;/span&gt;&lt;span style="color: var(--highlight-default)"&gt;RiskyTestError&lt;/span&gt;&lt;span style="color: var(--highlight-keyword)"&gt;(&lt;/span&gt;&lt;/code&gt;&lt;/li&gt;&lt;/ol&gt;    &lt;/div&gt;            &lt;/div&gt;
                        &lt;div class="trace-line "&gt;
                &lt;div class="trace-line-header break-long-words sf-toggle" data-toggle-selector="#trace-html-1-20" data-toggle-initial=""&gt;
            &lt;span class="icon icon-close"&gt;&lt;svg width="1792" height="1792" viewBox="0 0 1792 1792" xmlns="http://www.w3.org/2000/svg"&gt;&lt;path d="M1408 960V832q0-26-19-45t-45-19H448q-26 0-45 19t-19 45v128q0 26 19 45t45 19h896q26 0 45-19t19-45zm256-544v960q0 119-84.5 203.5T1376 1664H416q-119 0-203.5-84.5T128 1376V416q0-119 84.5-203.5T416 128h960q119 0 203.5 84.5T1664 416z"/&gt;&lt;/svg&gt;&lt;/span&gt;
        &lt;span class="icon icon-open"&gt;&lt;svg width="1792" height="1792" viewBox="0 0 1792 1792" xmlns="http://www.w3.org/2000/svg"&gt;&lt;path d="M1408 960V832q0-26-19-45t-45-19h-320V448q0-26-19-45t-45-19H832q-26 0-45 19t-19 45v320H448q-26 0-45 19t-19 45v128q0 26 19 45t45 19h320v320q0 26 19 45t45 19h128q26 0 45-19t19-45v-320h320q26 0 45-19t19-45zm256-544v960q0 119-84.5 203.5T1376 1664H416q-119 0-203.5-84.5T128 1376V416q0-119 84.5-203.5T416 128h960q119 0 203.5 84.5T1664 416z"/&gt;&lt;/svg&gt;&lt;/span&gt;
    
            &lt;span class="trace-class"&gt;&lt;abbr title="PHPUnit\Framework\TestResult"&gt;TestResult&lt;/abbr&gt;&lt;/span&gt;&lt;span class="trace-type"&gt;-&gt;&lt;/span&gt;&lt;span class="trace-method"&gt;run&lt;/span&gt;&lt;span class="trace-arguments"&gt;()&lt;/span&gt;    
                    &lt;span class="block trace-file-path"&gt;
            in
            &lt;a href=""&gt;
                C:\Users\eman\Documents\GitHub\car_dealer\vendor\phpunit\phpunit\src\Framework\&lt;strong&gt;TestCase.php&lt;/strong&gt;
            &lt;/a&gt;
                        (line 903)
            &lt;span class="icon icon-copy hidden" data-clipboard-text="C:\Users\eman\Documents\GitHub\car_dealer\vendor\phpunit\phpunit\src\Framework\TestCase.php:903"&gt;
                &lt;svg xmlns="http://www.w3.org/2000/svg" height="24" viewBox="0 0 24 24" width="24"&gt;&lt;path d="M0 0h24v24H0z" fill="none"/&gt;&lt;path d="M16 1H4c-1.1 0-2 .9-2 2v14h2V3h12V1zm3 4H8c-1.1 0-2 .9-2 2v14c0 1.1.9 2 2 2h11c1.1 0 2-.9 2-2V7c0-1.1-.9-2-2-2zm0 16H8V7h11v14z"/&gt;&lt;/svg&gt;            &lt;/span&gt;
        &lt;/span&gt;
    &lt;/div&gt;
    &lt;div id="trace-html-1-20" class="trace-code sf-toggle-content"&gt;
        &lt;ol start="898"&gt;&lt;li&gt;&lt;code&gt;&lt;span style="color: var(--highlight-keyword)"&gt;&amp;nbsp;&amp;nbsp;&amp;nbsp;&amp;nbsp;&amp;nbsp;&amp;nbsp;&amp;nbsp;&amp;nbsp;&amp;nbsp;&amp;nbsp;&amp;nbsp;&amp;nbsp;&lt;/span&gt;&lt;span style="color: var(--highlight-default)"&gt;$template&lt;/span&gt;&lt;span style="color: var(--highlight-keyword)"&gt;-&amp;gt;&lt;/span&gt;&lt;span style="color: var(--highlight-default)"&gt;setVar&lt;/span&gt;&lt;span style="color: var(--highlight-keyword)"&gt;(&lt;/span&gt;&lt;span style="color: var(--highlight-default)"&gt;$var&lt;/span&gt;&lt;span style="color: var(--highlight-keyword)"&gt;);&lt;/span&gt;&lt;/code&gt;&lt;/li&gt;
&lt;li&gt;&lt;code&gt;&lt;span style="color: var(--highlight-keyword)"&gt;&lt;/span&gt;&lt;/code&gt;&lt;/li&gt;
&lt;li&gt;&lt;code&gt;&lt;span style="color: var(--highlight-keyword)"&gt;&amp;nbsp;&amp;nbsp;&amp;nbsp;&amp;nbsp;&amp;nbsp;&amp;nbsp;&amp;nbsp;&amp;nbsp;&amp;nbsp;&amp;nbsp;&amp;nbsp;&amp;nbsp;&lt;/span&gt;&lt;span style="color: var(--highlight-default)"&gt;$php&amp;nbsp;&lt;/span&gt;&lt;span style="color: var(--highlight-keyword)"&gt;=&amp;nbsp;&lt;/span&gt;&lt;span style="color: var(--highlight-default)"&gt;AbstractPhpProcess&lt;/span&gt;&lt;span style="color: var(--highlight-keyword)"&gt;::&lt;/span&gt;&lt;span style="color: var(--highlight-default)"&gt;factory&lt;/span&gt;&lt;span style="color: var(--highlight-keyword)"&gt;();&lt;/span&gt;&lt;/code&gt;&lt;/li&gt;
&lt;li&gt;&lt;code&gt;&lt;span style="color: var(--highlight-keyword)"&gt;&amp;nbsp;&amp;nbsp;&amp;nbsp;&amp;nbsp;&amp;nbsp;&amp;nbsp;&amp;nbsp;&amp;nbsp;&amp;nbsp;&amp;nbsp;&amp;nbsp;&amp;nbsp;&lt;/span&gt;&lt;span style="color: var(--highlight-default)"&gt;$php&lt;/span&gt;&lt;span style="color: var(--highlight-keyword)"&gt;-&amp;gt;&lt;/span&gt;&lt;span style="color: var(--highlight-default)"&gt;runTestJob&lt;/span&gt;&lt;span style="color: var(--highlight-keyword)"&gt;(&lt;/span&gt;&lt;span style="color: var(--highlight-default)"&gt;$template&lt;/span&gt;&lt;span style="color: var(--highlight-keyword)"&gt;-&amp;gt;&lt;/span&gt;&lt;span style="color: var(--highlight-default)"&gt;render&lt;/span&gt;&lt;span style="color: var(--highlight-keyword)"&gt;(),&amp;nbsp;&lt;/span&gt;&lt;span style="color: var(--highlight-default)"&gt;$this&lt;/span&gt;&lt;span style="color: var(--highlight-keyword)"&gt;,&amp;nbsp;&lt;/span&gt;&lt;span style="color: var(--highlight-default)"&gt;$result&lt;/span&gt;&lt;span style="color: var(--highlight-keyword)"&gt;);&lt;/span&gt;&lt;/code&gt;&lt;/li&gt;
&lt;li&gt;&lt;code&gt;&lt;span style="color: var(--highlight-keyword)"&gt;&amp;nbsp;&amp;nbsp;&amp;nbsp;&amp;nbsp;&amp;nbsp;&amp;nbsp;&amp;nbsp;&amp;nbsp;}&amp;nbsp;else&amp;nbsp;{&lt;/span&gt;&lt;/code&gt;&lt;/li&gt;
&lt;li class="selected"&gt;&lt;code&gt;&lt;span style="color: var(--highlight-keyword)"&gt;&amp;nbsp;&amp;nbsp;&amp;nbsp;&amp;nbsp;&amp;nbsp;&amp;nbsp;&amp;nbsp;&amp;nbsp;&amp;nbsp;&amp;nbsp;&amp;nbsp;&amp;nbsp;&lt;/span&gt;&lt;span style="color: var(--highlight-default)"&gt;$result&lt;/span&gt;&lt;span style="color: var(--highlight-keyword)"&gt;-&amp;gt;&lt;/span&gt;&lt;span style="color: var(--highlight-default)"&gt;run&lt;/span&gt;&lt;span style="color: var(--highlight-keyword)"&gt;(&lt;/span&gt;&lt;span style="color: var(--highlight-default)"&gt;$this&lt;/span&gt;&lt;span style="color: var(--highlight-keyword)"&gt;);&lt;/span&gt;&lt;/code&gt;&lt;/li&gt;
&lt;li&gt;&lt;code&gt;&lt;span style="color: var(--highlight-keyword)"&gt;&amp;nbsp;&amp;nbsp;&amp;nbsp;&amp;nbsp;&amp;nbsp;&amp;nbsp;&amp;nbsp;&amp;nbsp;}&lt;/span&gt;&lt;/code&gt;&lt;/li&gt;
&lt;li&gt;&lt;code&gt;&lt;span style="color: var(--highlight-keyword)"&gt;&lt;/span&gt;&lt;/code&gt;&lt;/li&gt;
&lt;li&gt;&lt;code&gt;&lt;span style="color: var(--highlight-keyword)"&gt;&amp;nbsp;&amp;nbsp;&amp;nbsp;&amp;nbsp;&amp;nbsp;&amp;nbsp;&amp;nbsp;&amp;nbsp;&lt;/span&gt;&lt;span style="color: var(--highlight-default)"&gt;$this&lt;/span&gt;&lt;span style="color: var(--highlight-keyword)"&gt;-&amp;gt;&lt;/span&gt;&lt;span style="color: var(--highlight-default)"&gt;result&amp;nbsp;&lt;/span&gt;&lt;span style="color: var(--highlight-keyword)"&gt;=&amp;nbsp;&lt;/span&gt;&lt;span style="color: var(--highlight-default)"&gt;null&lt;/span&gt;&lt;span style="color: var(--highlight-keyword)"&gt;;&lt;/span&gt;&lt;/code&gt;&lt;/li&gt;
&lt;li&gt;&lt;code&gt;&lt;span style="color: var(--highlight-keyword)"&gt;&lt;/span&gt;&lt;/code&gt;&lt;/li&gt;
&lt;li&gt;&lt;code&gt;&lt;span style="color: var(--highlight-keyword)"&gt;&amp;nbsp;&amp;nbsp;&amp;nbsp;&amp;nbsp;&amp;nbsp;&amp;nbsp;&amp;nbsp;&amp;nbsp;return&amp;nbsp;&lt;/span&gt;&lt;span style="color: var(--highlight-default)"&gt;$result&lt;/span&gt;&lt;span style="color: var(--highlight-keyword)"&gt;;&lt;/span&gt;&lt;/code&gt;&lt;/li&gt;&lt;/ol&gt;    &lt;/div&gt;            &lt;/div&gt;
                        &lt;div class="trace-line "&gt;
                &lt;div class="trace-line-header break-long-words sf-toggle" data-toggle-selector="#trace-html-1-21" data-toggle-initial=""&gt;
            &lt;span class="icon icon-close"&gt;&lt;svg width="1792" height="1792" viewBox="0 0 1792 1792" xmlns="http://www.w3.org/2000/svg"&gt;&lt;path d="M1408 960V832q0-26-19-45t-45-19H448q-26 0-45 19t-19 45v128q0 26 19 45t45 19h896q26 0 45-19t19-45zm256-544v960q0 119-84.5 203.5T1376 1664H416q-119 0-203.5-84.5T128 1376V416q0-119 84.5-203.5T416 128h960q119 0 203.5 84.5T1664 416z"/&gt;&lt;/svg&gt;&lt;/span&gt;
        &lt;span class="icon icon-open"&gt;&lt;svg width="1792" height="1792" viewBox="0 0 1792 1792" xmlns="http://www.w3.org/2000/svg"&gt;&lt;path d="M1408 960V832q0-26-19-45t-45-19h-320V448q0-26-19-45t-45-19H832q-26 0-45 19t-19 45v320H448q-26 0-45 19t-19 45v128q0 26 19 45t45 19h320v320q0 26 19 45t45 19h128q26 0 45-19t19-45v-320h320q26 0 45-19t19-45zm256-544v960q0 119-84.5 203.5T1376 1664H416q-119 0-203.5-84.5T128 1376V416q0-119 84.5-203.5T416 128h960q119 0 203.5 84.5T1664 416z"/&gt;&lt;/svg&gt;&lt;/span&gt;
    
            &lt;span class="trace-class"&gt;&lt;abbr title="PHPUnit\Framework\TestCase"&gt;TestCase&lt;/abbr&gt;&lt;/span&gt;&lt;span class="trace-type"&gt;-&gt;&lt;/span&gt;&lt;span class="trace-method"&gt;run&lt;/span&gt;&lt;span class="trace-arguments"&gt;()&lt;/span&gt;    
                    &lt;span class="block trace-file-path"&gt;
            in
            &lt;a href=""&gt;
                C:\Users\eman\Documents\GitHub\car_dealer\vendor\phpunit\phpunit\src\Framework\&lt;strong&gt;TestSuite.php&lt;/strong&gt;
            &lt;/a&gt;
                        (line 678)
            &lt;span class="icon icon-copy hidden" data-clipboard-text="C:\Users\eman\Documents\GitHub\car_dealer\vendor\phpunit\phpunit\src\Framework\TestSuite.php:678"&gt;
                &lt;svg xmlns="http://www.w3.org/2000/svg" height="24" viewBox="0 0 24 24" width="24"&gt;&lt;path d="M0 0h24v24H0z" fill="none"/&gt;&lt;path d="M16 1H4c-1.1 0-2 .9-2 2v14h2V3h12V1zm3 4H8c-1.1 0-2 .9-2 2v14c0 1.1.9 2 2 2h11c1.1 0 2-.9 2-2V7c0-1.1-.9-2-2-2zm0 16H8V7h11v14z"/&gt;&lt;/svg&gt;            &lt;/span&gt;
        &lt;/span&gt;
    &lt;/div&gt;
    &lt;div id="trace-html-1-21" class="trace-code sf-toggle-content"&gt;
        &lt;ol start="673"&gt;&lt;li&gt;&lt;code&gt;&lt;span style="color: var(--highlight-keyword)"&gt;&amp;nbsp;&amp;nbsp;&amp;nbsp;&amp;nbsp;&amp;nbsp;&amp;nbsp;&amp;nbsp;&amp;nbsp;&amp;nbsp;&amp;nbsp;&amp;nbsp;&amp;nbsp;&amp;nbsp;&amp;nbsp;&amp;nbsp;&amp;nbsp;&lt;/span&gt;&lt;span style="color: var(--highlight-default)"&gt;$test&lt;/span&gt;&lt;span style="color: var(--highlight-keyword)"&gt;-&amp;gt;&lt;/span&gt;&lt;span style="color: var(--highlight-default)"&gt;setBackupGlobals&lt;/span&gt;&lt;span style="color: var(--highlight-keyword)"&gt;(&lt;/span&gt;&lt;span style="color: var(--highlight-default)"&gt;$this&lt;/span&gt;&lt;span style="color: var(--highlight-keyword)"&gt;-&amp;gt;&lt;/span&gt;&lt;span style="color: var(--highlight-default)"&gt;backupGlobals&lt;/span&gt;&lt;span style="color: var(--highlight-keyword)"&gt;);&lt;/span&gt;&lt;/code&gt;&lt;/li&gt;
&lt;li&gt;&lt;code&gt;&lt;span style="color: var(--highlight-keyword)"&gt;&amp;nbsp;&amp;nbsp;&amp;nbsp;&amp;nbsp;&amp;nbsp;&amp;nbsp;&amp;nbsp;&amp;nbsp;&amp;nbsp;&amp;nbsp;&amp;nbsp;&amp;nbsp;&amp;nbsp;&amp;nbsp;&amp;nbsp;&amp;nbsp;&lt;/span&gt;&lt;span style="color: var(--highlight-default)"&gt;$test&lt;/span&gt;&lt;span style="color: var(--highlight-keyword)"&gt;-&amp;gt;&lt;/span&gt;&lt;span style="color: var(--highlight-default)"&gt;setBackupStaticAttributes&lt;/span&gt;&lt;span style="color: var(--highlight-keyword)"&gt;(&lt;/span&gt;&lt;span style="color: var(--highlight-default)"&gt;$this&lt;/span&gt;&lt;span style="color: var(--highlight-keyword)"&gt;-&amp;gt;&lt;/span&gt;&lt;span style="color: var(--highlight-default)"&gt;backupStaticAttributes&lt;/span&gt;&lt;span style="color: var(--highlight-keyword)"&gt;);&lt;/span&gt;&lt;/code&gt;&lt;/li&gt;
&lt;li&gt;&lt;code&gt;&lt;span style="color: var(--highlight-keyword)"&gt;&amp;nbsp;&amp;nbsp;&amp;nbsp;&amp;nbsp;&amp;nbsp;&amp;nbsp;&amp;nbsp;&amp;nbsp;&amp;nbsp;&amp;nbsp;&amp;nbsp;&amp;nbsp;&amp;nbsp;&amp;nbsp;&amp;nbsp;&amp;nbsp;&lt;/span&gt;&lt;span style="color: var(--highlight-default)"&gt;$test&lt;/span&gt;&lt;span style="color: var(--highlight-keyword)"&gt;-&amp;gt;&lt;/span&gt;&lt;span style="color: var(--highlight-default)"&gt;setRunTestInSeparateProcess&lt;/span&gt;&lt;span style="color: var(--highlight-keyword)"&gt;(&lt;/span&gt;&lt;span style="color: var(--highlight-default)"&gt;$this&lt;/span&gt;&lt;span style="color: var(--highlight-keyword)"&gt;-&amp;gt;&lt;/span&gt;&lt;span style="color: var(--highlight-default)"&gt;runTestInSeparateProcess&lt;/span&gt;&lt;span style="color: var(--highlight-keyword)"&gt;);&lt;/span&gt;&lt;/code&gt;&lt;/li&gt;
&lt;li&gt;&lt;code&gt;&lt;span style="color: var(--highlight-keyword)"&gt;&amp;nbsp;&amp;nbsp;&amp;nbsp;&amp;nbsp;&amp;nbsp;&amp;nbsp;&amp;nbsp;&amp;nbsp;&amp;nbsp;&amp;nbsp;&amp;nbsp;&amp;nbsp;}&lt;/span&gt;&lt;/code&gt;&lt;/li&gt;
&lt;li&gt;&lt;code&gt;&lt;span style="color: var(--highlight-keyword)"&gt;&lt;/span&gt;&lt;/code&gt;&lt;/li&gt;
&lt;li class="selected"&gt;&lt;code&gt;&lt;span style="color: var(--highlight-keyword)"&gt;&amp;nbsp;&amp;nbsp;&amp;nbsp;&amp;nbsp;&amp;nbsp;&amp;nbsp;&amp;nbsp;&amp;nbsp;&amp;nbsp;&amp;nbsp;&amp;nbsp;&amp;nbsp;&lt;/span&gt;&lt;span style="color: var(--highlight-default)"&gt;$test&lt;/span&gt;&lt;span style="color: var(--highlight-keyword)"&gt;-&amp;gt;&lt;/span&gt;&lt;span style="color: var(--highlight-default)"&gt;run&lt;/span&gt;&lt;span style="color: var(--highlight-keyword)"&gt;(&lt;/span&gt;&lt;span style="color: var(--highlight-default)"&gt;$result&lt;/span&gt;&lt;span style="color: var(--highlight-keyword)"&gt;);&lt;/span&gt;&lt;/code&gt;&lt;/li&gt;
&lt;li&gt;&lt;code&gt;&lt;span style="color: var(--highlight-keyword)"&gt;&amp;nbsp;&amp;nbsp;&amp;nbsp;&amp;nbsp;&amp;nbsp;&amp;nbsp;&amp;nbsp;&amp;nbsp;}&lt;/span&gt;&lt;/code&gt;&lt;/li&gt;
&lt;li&gt;&lt;code&gt;&lt;span style="color: var(--highlight-keyword)"&gt;&lt;/span&gt;&lt;/code&gt;&lt;/li&gt;
&lt;li&gt;&lt;code&gt;&lt;span style="color: var(--highlight-keyword)"&gt;&amp;nbsp;&amp;nbsp;&amp;nbsp;&amp;nbsp;&amp;nbsp;&amp;nbsp;&amp;nbsp;&amp;nbsp;if&amp;nbsp;(&lt;/span&gt;&lt;span style="color: var(--highlight-default)"&gt;$this&lt;/span&gt;&lt;span style="color: var(--highlight-keyword)"&gt;-&amp;gt;&lt;/span&gt;&lt;span style="color: var(--highlight-default)"&gt;testCase&amp;nbsp;&lt;/span&gt;&lt;span style="color: var(--highlight-keyword)"&gt;&amp;amp;&amp;amp;&amp;nbsp;&lt;/span&gt;&lt;span style="color: var(--highlight-default)"&gt;class_exists&lt;/span&gt;&lt;span style="color: var(--highlight-keyword)"&gt;(&lt;/span&gt;&lt;span style="color: var(--highlight-default)"&gt;$this&lt;/span&gt;&lt;span style="color: var(--highlight-keyword)"&gt;-&amp;gt;&lt;/span&gt;&lt;span style="color: var(--highlight-default)"&gt;name&lt;/span&gt;&lt;span style="color: var(--highlight-keyword)"&gt;,&amp;nbsp;&lt;/span&gt;&lt;span style="color: var(--highlight-default)"&gt;false&lt;/span&gt;&lt;span style="color: var(--highlight-keyword)"&gt;))&amp;nbsp;{&lt;/span&gt;&lt;/code&gt;&lt;/li&gt;
&lt;li&gt;&lt;code&gt;&lt;span style="color: var(--highlight-keyword)"&gt;&amp;nbsp;&amp;nbsp;&amp;nbsp;&amp;nbsp;&amp;nbsp;&amp;nbsp;&amp;nbsp;&amp;nbsp;&amp;nbsp;&amp;nbsp;&amp;nbsp;&amp;nbsp;foreach&amp;nbsp;(&lt;/span&gt;&lt;span style="color: var(--highlight-default)"&gt;$hookMethods&lt;/span&gt;&lt;span style="color: var(--highlight-keyword)"&gt;[&lt;/span&gt;&lt;span style="color: var(--highlight-string)"&gt;'afterClass'&lt;/span&gt;&lt;span style="color: var(--highlight-keyword)"&gt;]&amp;nbsp;as&amp;nbsp;&lt;/span&gt;&lt;span style="color: var(--highlight-default)"&gt;$afterClassMethod&lt;/span&gt;&lt;span style="color: var(--highlight-keyword)"&gt;)&amp;nbsp;{&lt;/span&gt;&lt;/code&gt;&lt;/li&gt;
&lt;li&gt;&lt;code&gt;&lt;span style="color: var(--highlight-keyword)"&gt;&amp;nbsp;&amp;nbsp;&amp;nbsp;&amp;nbsp;&amp;nbsp;&amp;nbsp;&amp;nbsp;&amp;nbsp;&amp;nbsp;&amp;nbsp;&amp;nbsp;&amp;nbsp;&amp;nbsp;&amp;nbsp;&amp;nbsp;&amp;nbsp;if&amp;nbsp;(&lt;/span&gt;&lt;span style="color: var(--highlight-default)"&gt;method_exists&lt;/span&gt;&lt;span style="color: var(--highlight-keyword)"&gt;(&lt;/span&gt;&lt;span style="color: var(--highlight-default)"&gt;$this&lt;/span&gt;&lt;span style="color: var(--highlight-keyword)"&gt;-&amp;gt;&lt;/span&gt;&lt;span style="color: var(--highlight-default)"&gt;name&lt;/span&gt;&lt;span style="color: var(--highlight-keyword)"&gt;,&amp;nbsp;&lt;/span&gt;&lt;span style="color: var(--highlight-default)"&gt;$afterClassMethod&lt;/span&gt;&lt;span style="color: var(--highlight-keyword)"&gt;))&amp;nbsp;{&lt;/span&gt;&lt;/code&gt;&lt;/li&gt;&lt;/ol&gt;    &lt;/div&gt;            &lt;/div&gt;
                        &lt;div class="trace-line "&gt;
                &lt;div class="trace-line-header break-long-words sf-toggle" data-toggle-selector="#trace-html-1-22" data-toggle-initial=""&gt;
            &lt;span class="icon icon-close"&gt;&lt;svg width="1792" height="1792" viewBox="0 0 1792 1792" xmlns="http://www.w3.org/2000/svg"&gt;&lt;path d="M1408 960V832q0-26-19-45t-45-19H448q-26 0-45 19t-19 45v128q0 26 19 45t45 19h896q26 0 45-19t19-45zm256-544v960q0 119-84.5 203.5T1376 1664H416q-119 0-203.5-84.5T128 1376V416q0-119 84.5-203.5T416 128h960q119 0 203.5 84.5T1664 416z"/&gt;&lt;/svg&gt;&lt;/span&gt;
        &lt;span class="icon icon-open"&gt;&lt;svg width="1792" height="1792" viewBox="0 0 1792 1792" xmlns="http://www.w3.org/2000/svg"&gt;&lt;path d="M1408 960V832q0-26-19-45t-45-19h-320V448q0-26-19-45t-45-19H832q-26 0-45 19t-19 45v320H448q-26 0-45 19t-19 45v128q0 26 19 45t45 19h320v320q0 26 19 45t45 19h128q26 0 45-19t19-45v-320h320q26 0 45-19t19-45zm256-544v960q0 119-84.5 203.5T1376 1664H416q-119 0-203.5-84.5T128 1376V416q0-119 84.5-203.5T416 128h960q119 0 203.5 84.5T1664 416z"/&gt;&lt;/svg&gt;&lt;/span&gt;
    
            &lt;span class="trace-class"&gt;&lt;abbr title="PHPUnit\Framework\TestSuite"&gt;TestSuite&lt;/abbr&gt;&lt;/span&gt;&lt;span class="trace-type"&gt;-&gt;&lt;/span&gt;&lt;span class="trace-method"&gt;run&lt;/span&gt;&lt;span class="trace-arguments"&gt;()&lt;/span&gt;    
                    &lt;span class="block trace-file-path"&gt;
            in
            &lt;a href=""&gt;
                C:\Users\eman\Documents\GitHub\car_dealer\vendor\phpunit\phpunit\src\Framework\&lt;strong&gt;TestSuite.php&lt;/strong&gt;
            &lt;/a&gt;
                        (line 678)
            &lt;span class="icon icon-copy hidden" data-clipboard-text="C:\Users\eman\Documents\GitHub\car_dealer\vendor\phpunit\phpunit\src\Framework\TestSuite.php:678"&gt;
                &lt;svg xmlns="http://www.w3.org/2000/svg" height="24" viewBox="0 0 24 24" width="24"&gt;&lt;path d="M0 0h24v24H0z" fill="none"/&gt;&lt;path d="M16 1H4c-1.1 0-2 .9-2 2v14h2V3h12V1zm3 4H8c-1.1 0-2 .9-2 2v14c0 1.1.9 2 2 2h11c1.1 0 2-.9 2-2V7c0-1.1-.9-2-2-2zm0 16H8V7h11v14z"/&gt;&lt;/svg&gt;            &lt;/span&gt;
        &lt;/span&gt;
    &lt;/div&gt;
    &lt;div id="trace-html-1-22" class="trace-code sf-toggle-content"&gt;
        &lt;ol start="673"&gt;&lt;li&gt;&lt;code&gt;&lt;span style="color: var(--highlight-keyword)"&gt;&amp;nbsp;&amp;nbsp;&amp;nbsp;&amp;nbsp;&amp;nbsp;&amp;nbsp;&amp;nbsp;&amp;nbsp;&amp;nbsp;&amp;nbsp;&amp;nbsp;&amp;nbsp;&amp;nbsp;&amp;nbsp;&amp;nbsp;&amp;nbsp;&lt;/span&gt;&lt;span style="color: var(--highlight-default)"&gt;$test&lt;/span&gt;&lt;span style="color: var(--highlight-keyword)"&gt;-&amp;gt;&lt;/span&gt;&lt;span style="color: var(--highlight-default)"&gt;setBackupGlobals&lt;/span&gt;&lt;span style="color: var(--highlight-keyword)"&gt;(&lt;/span&gt;&lt;span style="color: var(--highlight-default)"&gt;$this&lt;/span&gt;&lt;span style="color: var(--highlight-keyword)"&gt;-&amp;gt;&lt;/span&gt;&lt;span style="color: var(--highlight-default)"&gt;backupGlobals&lt;/span&gt;&lt;span style="color: var(--highlight-keyword)"&gt;);&lt;/span&gt;&lt;/code&gt;&lt;/li&gt;
&lt;li&gt;&lt;code&gt;&lt;span style="color: var(--highlight-keyword)"&gt;&amp;nbsp;&amp;nbsp;&amp;nbsp;&amp;nbsp;&amp;nbsp;&amp;nbsp;&amp;nbsp;&amp;nbsp;&amp;nbsp;&amp;nbsp;&amp;nbsp;&amp;nbsp;&amp;nbsp;&amp;nbsp;&amp;nbsp;&amp;nbsp;&lt;/span&gt;&lt;span style="color: var(--highlight-default)"&gt;$test&lt;/span&gt;&lt;span style="color: var(--highlight-keyword)"&gt;-&amp;gt;&lt;/span&gt;&lt;span style="color: var(--highlight-default)"&gt;setBackupStaticAttributes&lt;/span&gt;&lt;span style="color: var(--highlight-keyword)"&gt;(&lt;/span&gt;&lt;span style="color: var(--highlight-default)"&gt;$this&lt;/span&gt;&lt;span style="color: var(--highlight-keyword)"&gt;-&amp;gt;&lt;/span&gt;&lt;span style="color: var(--highlight-default)"&gt;backupStaticAttributes&lt;/span&gt;&lt;span style="color: var(--highlight-keyword)"&gt;);&lt;/span&gt;&lt;/code&gt;&lt;/li&gt;
&lt;li&gt;&lt;code&gt;&lt;span style="color: var(--highlight-keyword)"&gt;&amp;nbsp;&amp;nbsp;&amp;nbsp;&amp;nbsp;&amp;nbsp;&amp;nbsp;&amp;nbsp;&amp;nbsp;&amp;nbsp;&amp;nbsp;&amp;nbsp;&amp;nbsp;&amp;nbsp;&amp;nbsp;&amp;nbsp;&amp;nbsp;&lt;/span&gt;&lt;span style="color: var(--highlight-default)"&gt;$test&lt;/span&gt;&lt;span style="color: var(--highlight-keyword)"&gt;-&amp;gt;&lt;/span&gt;&lt;span style="color: var(--highlight-default)"&gt;setRunTestInSeparateProcess&lt;/span&gt;&lt;span style="color: var(--highlight-keyword)"&gt;(&lt;/span&gt;&lt;span style="color: var(--highlight-default)"&gt;$this&lt;/span&gt;&lt;span style="color: var(--highlight-keyword)"&gt;-&amp;gt;&lt;/span&gt;&lt;span style="color: var(--highlight-default)"&gt;runTestInSeparateProcess&lt;/span&gt;&lt;span style="color: var(--highlight-keyword)"&gt;);&lt;/span&gt;&lt;/code&gt;&lt;/li&gt;
&lt;li&gt;&lt;code&gt;&lt;span style="color: var(--highlight-keyword)"&gt;&amp;nbsp;&amp;nbsp;&amp;nbsp;&amp;nbsp;&amp;nbsp;&amp;nbsp;&amp;nbsp;&amp;nbsp;&amp;nbsp;&amp;nbsp;&amp;nbsp;&amp;nbsp;}&lt;/span&gt;&lt;/code&gt;&lt;/li&gt;
&lt;li&gt;&lt;code&gt;&lt;span style="color: var(--highlight-keyword)"&gt;&lt;/span&gt;&lt;/code&gt;&lt;/li&gt;
&lt;li class="selected"&gt;&lt;code&gt;&lt;span style="color: var(--highlight-keyword)"&gt;&amp;nbsp;&amp;nbsp;&amp;nbsp;&amp;nbsp;&amp;nbsp;&amp;nbsp;&amp;nbsp;&amp;nbsp;&amp;nbsp;&amp;nbsp;&amp;nbsp;&amp;nbsp;&lt;/span&gt;&lt;span style="color: var(--highlight-default)"&gt;$test&lt;/span&gt;&lt;span style="color: var(--highlight-keyword)"&gt;-&amp;gt;&lt;/span&gt;&lt;span style="color: var(--highlight-default)"&gt;run&lt;/span&gt;&lt;span style="color: var(--highlight-keyword)"&gt;(&lt;/span&gt;&lt;span style="color: var(--highlight-default)"&gt;$result&lt;/span&gt;&lt;span style="color: var(--highlight-keyword)"&gt;);&lt;/span&gt;&lt;/code&gt;&lt;/li&gt;
&lt;li&gt;&lt;code&gt;&lt;span style="color: var(--highlight-keyword)"&gt;&amp;nbsp;&amp;nbsp;&amp;nbsp;&amp;nbsp;&amp;nbsp;&amp;nbsp;&amp;nbsp;&amp;nbsp;}&lt;/span&gt;&lt;/code&gt;&lt;/li&gt;
&lt;li&gt;&lt;code&gt;&lt;span style="color: var(--highlight-keyword)"&gt;&lt;/span&gt;&lt;/code&gt;&lt;/li&gt;
&lt;li&gt;&lt;code&gt;&lt;span style="color: var(--highlight-keyword)"&gt;&amp;nbsp;&amp;nbsp;&amp;nbsp;&amp;nbsp;&amp;nbsp;&amp;nbsp;&amp;nbsp;&amp;nbsp;if&amp;nbsp;(&lt;/span&gt;&lt;span style="color: var(--highlight-default)"&gt;$this&lt;/span&gt;&lt;span style="color: var(--highlight-keyword)"&gt;-&amp;gt;&lt;/span&gt;&lt;span style="color: var(--highlight-default)"&gt;testCase&amp;nbsp;&lt;/span&gt;&lt;span style="color: var(--highlight-keyword)"&gt;&amp;amp;&amp;amp;&amp;nbsp;&lt;/span&gt;&lt;span style="color: var(--highlight-default)"&gt;class_exists&lt;/span&gt;&lt;span style="color: var(--highlight-keyword)"&gt;(&lt;/span&gt;&lt;span style="color: var(--highlight-default)"&gt;$this&lt;/span&gt;&lt;span style="color: var(--highlight-keyword)"&gt;-&amp;gt;&lt;/span&gt;&lt;span style="color: var(--highlight-default)"&gt;name&lt;/span&gt;&lt;span style="color: var(--highlight-keyword)"&gt;,&amp;nbsp;&lt;/span&gt;&lt;span style="color: var(--highlight-default)"&gt;false&lt;/span&gt;&lt;span style="color: var(--highlight-keyword)"&gt;))&amp;nbsp;{&lt;/span&gt;&lt;/code&gt;&lt;/li&gt;
&lt;li&gt;&lt;code&gt;&lt;span style="color: var(--highlight-keyword)"&gt;&amp;nbsp;&amp;nbsp;&amp;nbsp;&amp;nbsp;&amp;nbsp;&amp;nbsp;&amp;nbsp;&amp;nbsp;&amp;nbsp;&amp;nbsp;&amp;nbsp;&amp;nbsp;foreach&amp;nbsp;(&lt;/span&gt;&lt;span style="color: var(--highlight-default)"&gt;$hookMethods&lt;/span&gt;&lt;span style="color: var(--highlight-keyword)"&gt;[&lt;/span&gt;&lt;span style="color: var(--highlight-string)"&gt;'afterClass'&lt;/span&gt;&lt;span style="color: var(--highlight-keyword)"&gt;]&amp;nbsp;as&amp;nbsp;&lt;/span&gt;&lt;span style="color: var(--highlight-default)"&gt;$afterClassMethod&lt;/span&gt;&lt;span style="color: var(--highlight-keyword)"&gt;)&amp;nbsp;{&lt;/span&gt;&lt;/code&gt;&lt;/li&gt;
&lt;li&gt;&lt;code&gt;&lt;span style="color: var(--highlight-keyword)"&gt;&amp;nbsp;&amp;nbsp;&amp;nbsp;&amp;nbsp;&amp;nbsp;&amp;nbsp;&amp;nbsp;&amp;nbsp;&amp;nbsp;&amp;nbsp;&amp;nbsp;&amp;nbsp;&amp;nbsp;&amp;nbsp;&amp;nbsp;&amp;nbsp;if&amp;nbsp;(&lt;/span&gt;&lt;span style="color: var(--highlight-default)"&gt;method_exists&lt;/span&gt;&lt;span style="color: var(--highlight-keyword)"&gt;(&lt;/span&gt;&lt;span style="color: var(--highlight-default)"&gt;$this&lt;/span&gt;&lt;span style="color: var(--highlight-keyword)"&gt;-&amp;gt;&lt;/span&gt;&lt;span style="color: var(--highlight-default)"&gt;name&lt;/span&gt;&lt;span style="color: var(--highlight-keyword)"&gt;,&amp;nbsp;&lt;/span&gt;&lt;span style="color: var(--highlight-default)"&gt;$afterClassMethod&lt;/span&gt;&lt;span style="color: var(--highlight-keyword)"&gt;))&amp;nbsp;{&lt;/span&gt;&lt;/code&gt;&lt;/li&gt;&lt;/ol&gt;    &lt;/div&gt;            &lt;/div&gt;
                        &lt;div class="trace-line "&gt;
                &lt;div class="trace-line-header break-long-words sf-toggle" data-toggle-selector="#trace-html-1-23" data-toggle-initial=""&gt;
            &lt;span class="icon icon-close"&gt;&lt;svg width="1792" height="1792" viewBox="0 0 1792 1792" xmlns="http://www.w3.org/2000/svg"&gt;&lt;path d="M1408 960V832q0-26-19-45t-45-19H448q-26 0-45 19t-19 45v128q0 26 19 45t45 19h896q26 0 45-19t19-45zm256-544v960q0 119-84.5 203.5T1376 1664H416q-119 0-203.5-84.5T128 1376V416q0-119 84.5-203.5T416 128h960q119 0 203.5 84.5T1664 416z"/&gt;&lt;/svg&gt;&lt;/span&gt;
        &lt;span class="icon icon-open"&gt;&lt;svg width="1792" height="1792" viewBox="0 0 1792 1792" xmlns="http://www.w3.org/2000/svg"&gt;&lt;path d="M1408 960V832q0-26-19-45t-45-19h-320V448q0-26-19-45t-45-19H832q-26 0-45 19t-19 45v320H448q-26 0-45 19t-19 45v128q0 26 19 45t45 19h320v320q0 26 19 45t45 19h128q26 0 45-19t19-45v-320h320q26 0 45-19t19-45zm256-544v960q0 119-84.5 203.5T1376 1664H416q-119 0-203.5-84.5T128 1376V416q0-119 84.5-203.5T416 128h960q119 0 203.5 84.5T1664 416z"/&gt;&lt;/svg&gt;&lt;/span&gt;
    
            &lt;span class="trace-class"&gt;&lt;abbr title="PHPUnit\Framework\TestSuite"&gt;TestSuite&lt;/abbr&gt;&lt;/span&gt;&lt;span class="trace-type"&gt;-&gt;&lt;/span&gt;&lt;span class="trace-method"&gt;run&lt;/span&gt;&lt;span class="trace-arguments"&gt;()&lt;/span&gt;    
                    &lt;span class="block trace-file-path"&gt;
            in
            &lt;a href=""&gt;
                C:\Users\eman\Documents\GitHub\car_dealer\vendor\phpunit\phpunit\src\Framework\&lt;strong&gt;TestSuite.php&lt;/strong&gt;
            &lt;/a&gt;
                        (line 678)
            &lt;span class="icon icon-copy hidden" data-clipboard-text="C:\Users\eman\Documents\GitHub\car_dealer\vendor\phpunit\phpunit\src\Framework\TestSuite.php:678"&gt;
                &lt;svg xmlns="http://www.w3.org/2000/svg" height="24" viewBox="0 0 24 24" width="24"&gt;&lt;path d="M0 0h24v24H0z" fill="none"/&gt;&lt;path d="M16 1H4c-1.1 0-2 .9-2 2v14h2V3h12V1zm3 4H8c-1.1 0-2 .9-2 2v14c0 1.1.9 2 2 2h11c1.1 0 2-.9 2-2V7c0-1.1-.9-2-2-2zm0 16H8V7h11v14z"/&gt;&lt;/svg&gt;            &lt;/span&gt;
        &lt;/span&gt;
    &lt;/div&gt;
    &lt;div id="trace-html-1-23" class="trace-code sf-toggle-content"&gt;
        &lt;ol start="673"&gt;&lt;li&gt;&lt;code&gt;&lt;span style="color: var(--highlight-keyword)"&gt;&amp;nbsp;&amp;nbsp;&amp;nbsp;&amp;nbsp;&amp;nbsp;&amp;nbsp;&amp;nbsp;&amp;nbsp;&amp;nbsp;&amp;nbsp;&amp;nbsp;&amp;nbsp;&amp;nbsp;&amp;nbsp;&amp;nbsp;&amp;nbsp;&lt;/span&gt;&lt;span style="color: var(--highlight-default)"&gt;$test&lt;/span&gt;&lt;span style="color: var(--highlight-keyword)"&gt;-&amp;gt;&lt;/span&gt;&lt;span style="color: var(--highlight-default)"&gt;setBackupGlobals&lt;/span&gt;&lt;span style="color: var(--highlight-keyword)"&gt;(&lt;/span&gt;&lt;span style="color: var(--highlight-default)"&gt;$this&lt;/span&gt;&lt;span style="color: var(--highlight-keyword)"&gt;-&amp;gt;&lt;/span&gt;&lt;span style="color: var(--highlight-default)"&gt;backupGlobals&lt;/span&gt;&lt;span style="color: var(--highlight-keyword)"&gt;);&lt;/span&gt;&lt;/code&gt;&lt;/li&gt;
&lt;li&gt;&lt;code&gt;&lt;span style="color: var(--highlight-keyword)"&gt;&amp;nbsp;&amp;nbsp;&amp;nbsp;&amp;nbsp;&amp;nbsp;&amp;nbsp;&amp;nbsp;&amp;nbsp;&amp;nbsp;&amp;nbsp;&amp;nbsp;&amp;nbsp;&amp;nbsp;&amp;nbsp;&amp;nbsp;&amp;nbsp;&lt;/span&gt;&lt;span style="color: var(--highlight-default)"&gt;$test&lt;/span&gt;&lt;span style="color: var(--highlight-keyword)"&gt;-&amp;gt;&lt;/span&gt;&lt;span style="color: var(--highlight-default)"&gt;setBackupStaticAttributes&lt;/span&gt;&lt;span style="color: var(--highlight-keyword)"&gt;(&lt;/span&gt;&lt;span style="color: var(--highlight-default)"&gt;$this&lt;/span&gt;&lt;span style="color: var(--highlight-keyword)"&gt;-&amp;gt;&lt;/span&gt;&lt;span style="color: var(--highlight-default)"&gt;backupStaticAttributes&lt;/span&gt;&lt;span style="color: var(--highlight-keyword)"&gt;);&lt;/span&gt;&lt;/code&gt;&lt;/li&gt;
&lt;li&gt;&lt;code&gt;&lt;span style="color: var(--highlight-keyword)"&gt;&amp;nbsp;&amp;nbsp;&amp;nbsp;&amp;nbsp;&amp;nbsp;&amp;nbsp;&amp;nbsp;&amp;nbsp;&amp;nbsp;&amp;nbsp;&amp;nbsp;&amp;nbsp;&amp;nbsp;&amp;nbsp;&amp;nbsp;&amp;nbsp;&lt;/span&gt;&lt;span style="color: var(--highlight-default)"&gt;$test&lt;/span&gt;&lt;span style="color: var(--highlight-keyword)"&gt;-&amp;gt;&lt;/span&gt;&lt;span style="color: var(--highlight-default)"&gt;setRunTestInSeparateProcess&lt;/span&gt;&lt;span style="color: var(--highlight-keyword)"&gt;(&lt;/span&gt;&lt;span style="color: var(--highlight-default)"&gt;$this&lt;/span&gt;&lt;span style="color: var(--highlight-keyword)"&gt;-&amp;gt;&lt;/span&gt;&lt;span style="color: var(--highlight-default)"&gt;runTestInSeparateProcess&lt;/span&gt;&lt;span style="color: var(--highlight-keyword)"&gt;);&lt;/span&gt;&lt;/code&gt;&lt;/li&gt;
&lt;li&gt;&lt;code&gt;&lt;span style="color: var(--highlight-keyword)"&gt;&amp;nbsp;&amp;nbsp;&amp;nbsp;&amp;nbsp;&amp;nbsp;&amp;nbsp;&amp;nbsp;&amp;nbsp;&amp;nbsp;&amp;nbsp;&amp;nbsp;&amp;nbsp;}&lt;/span&gt;&lt;/code&gt;&lt;/li&gt;
&lt;li&gt;&lt;code&gt;&lt;span style="color: var(--highlight-keyword)"&gt;&lt;/span&gt;&lt;/code&gt;&lt;/li&gt;
&lt;li class="selected"&gt;&lt;code&gt;&lt;span style="color: var(--highlight-keyword)"&gt;&amp;nbsp;&amp;nbsp;&amp;nbsp;&amp;nbsp;&amp;nbsp;&amp;nbsp;&amp;nbsp;&amp;nbsp;&amp;nbsp;&amp;nbsp;&amp;nbsp;&amp;nbsp;&lt;/span&gt;&lt;span style="color: var(--highlight-default)"&gt;$test&lt;/span&gt;&lt;span style="color: var(--highlight-keyword)"&gt;-&amp;gt;&lt;/span&gt;&lt;span style="color: var(--highlight-default)"&gt;run&lt;/span&gt;&lt;span style="color: var(--highlight-keyword)"&gt;(&lt;/span&gt;&lt;span style="color: var(--highlight-default)"&gt;$result&lt;/span&gt;&lt;span style="color: var(--highlight-keyword)"&gt;);&lt;/span&gt;&lt;/code&gt;&lt;/li&gt;
&lt;li&gt;&lt;code&gt;&lt;span style="color: var(--highlight-keyword)"&gt;&amp;nbsp;&amp;nbsp;&amp;nbsp;&amp;nbsp;&amp;nbsp;&amp;nbsp;&amp;nbsp;&amp;nbsp;}&lt;/span&gt;&lt;/code&gt;&lt;/li&gt;
&lt;li&gt;&lt;code&gt;&lt;span style="color: var(--highlight-keyword)"&gt;&lt;/span&gt;&lt;/code&gt;&lt;/li&gt;
&lt;li&gt;&lt;code&gt;&lt;span style="color: var(--highlight-keyword)"&gt;&amp;nbsp;&amp;nbsp;&amp;nbsp;&amp;nbsp;&amp;nbsp;&amp;nbsp;&amp;nbsp;&amp;nbsp;if&amp;nbsp;(&lt;/span&gt;&lt;span style="color: var(--highlight-default)"&gt;$this&lt;/span&gt;&lt;span style="color: var(--highlight-keyword)"&gt;-&amp;gt;&lt;/span&gt;&lt;span style="color: var(--highlight-default)"&gt;testCase&amp;nbsp;&lt;/span&gt;&lt;span style="color: var(--highlight-keyword)"&gt;&amp;amp;&amp;amp;&amp;nbsp;&lt;/span&gt;&lt;span style="color: var(--highlight-default)"&gt;class_exists&lt;/span&gt;&lt;span style="color: var(--highlight-keyword)"&gt;(&lt;/span&gt;&lt;span style="color: var(--highlight-default)"&gt;$this&lt;/span&gt;&lt;span style="color: var(--highlight-keyword)"&gt;-&amp;gt;&lt;/span&gt;&lt;span style="color: var(--highlight-default)"&gt;name&lt;/span&gt;&lt;span style="color: var(--highlight-keyword)"&gt;,&amp;nbsp;&lt;/span&gt;&lt;span style="color: var(--highlight-default)"&gt;false&lt;/span&gt;&lt;span style="color: var(--highlight-keyword)"&gt;))&amp;nbsp;{&lt;/span&gt;&lt;/code&gt;&lt;/li&gt;
&lt;li&gt;&lt;code&gt;&lt;span style="color: var(--highlight-keyword)"&gt;&amp;nbsp;&amp;nbsp;&amp;nbsp;&amp;nbsp;&amp;nbsp;&amp;nbsp;&amp;nbsp;&amp;nbsp;&amp;nbsp;&amp;nbsp;&amp;nbsp;&amp;nbsp;foreach&amp;nbsp;(&lt;/span&gt;&lt;span style="color: var(--highlight-default)"&gt;$hookMethods&lt;/span&gt;&lt;span style="color: var(--highlight-keyword)"&gt;[&lt;/span&gt;&lt;span style="color: var(--highlight-string)"&gt;'afterClass'&lt;/span&gt;&lt;span style="color: var(--highlight-keyword)"&gt;]&amp;nbsp;as&amp;nbsp;&lt;/span&gt;&lt;span style="color: var(--highlight-default)"&gt;$afterClassMethod&lt;/span&gt;&lt;span style="color: var(--highlight-keyword)"&gt;)&amp;nbsp;{&lt;/span&gt;&lt;/code&gt;&lt;/li&gt;
&lt;li&gt;&lt;code&gt;&lt;span style="color: var(--highlight-keyword)"&gt;&amp;nbsp;&amp;nbsp;&amp;nbsp;&amp;nbsp;&amp;nbsp;&amp;nbsp;&amp;nbsp;&amp;nbsp;&amp;nbsp;&amp;nbsp;&amp;nbsp;&amp;nbsp;&amp;nbsp;&amp;nbsp;&amp;nbsp;&amp;nbsp;if&amp;nbsp;(&lt;/span&gt;&lt;span style="color: var(--highlight-default)"&gt;method_exists&lt;/span&gt;&lt;span style="color: var(--highlight-keyword)"&gt;(&lt;/span&gt;&lt;span style="color: var(--highlight-default)"&gt;$this&lt;/span&gt;&lt;span style="color: var(--highlight-keyword)"&gt;-&amp;gt;&lt;/span&gt;&lt;span style="color: var(--highlight-default)"&gt;name&lt;/span&gt;&lt;span style="color: var(--highlight-keyword)"&gt;,&amp;nbsp;&lt;/span&gt;&lt;span style="color: var(--highlight-default)"&gt;$afterClassMethod&lt;/span&gt;&lt;span style="color: var(--highlight-keyword)"&gt;))&amp;nbsp;{&lt;/span&gt;&lt;/code&gt;&lt;/li&gt;&lt;/ol&gt;    &lt;/div&gt;            &lt;/div&gt;
                        &lt;div class="trace-line "&gt;
                &lt;div class="trace-line-header break-long-words sf-toggle" data-toggle-selector="#trace-html-1-24" data-toggle-initial=""&gt;
            &lt;span class="icon icon-close"&gt;&lt;svg width="1792" height="1792" viewBox="0 0 1792 1792" xmlns="http://www.w3.org/2000/svg"&gt;&lt;path d="M1408 960V832q0-26-19-45t-45-19H448q-26 0-45 19t-19 45v128q0 26 19 45t45 19h896q26 0 45-19t19-45zm256-544v960q0 119-84.5 203.5T1376 1664H416q-119 0-203.5-84.5T128 1376V416q0-119 84.5-203.5T416 128h960q119 0 203.5 84.5T1664 416z"/&gt;&lt;/svg&gt;&lt;/span&gt;
        &lt;span class="icon icon-open"&gt;&lt;svg width="1792" height="1792" viewBox="0 0 1792 1792" xmlns="http://www.w3.org/2000/svg"&gt;&lt;path d="M1408 960V832q0-26-19-45t-45-19h-320V448q0-26-19-45t-45-19H832q-26 0-45 19t-19 45v320H448q-26 0-45 19t-19 45v128q0 26 19 45t45 19h320v320q0 26 19 45t45 19h128q26 0 45-19t19-45v-320h320q26 0 45-19t19-45zm256-544v960q0 119-84.5 203.5T1376 1664H416q-119 0-203.5-84.5T128 1376V416q0-119 84.5-203.5T416 128h960q119 0 203.5 84.5T1664 416z"/&gt;&lt;/svg&gt;&lt;/span&gt;
    
            &lt;span class="trace-class"&gt;&lt;abbr title="PHPUnit\Framework\TestSuite"&gt;TestSuite&lt;/abbr&gt;&lt;/span&gt;&lt;span class="trace-type"&gt;-&gt;&lt;/span&gt;&lt;span class="trace-method"&gt;run&lt;/span&gt;&lt;span class="trace-arguments"&gt;()&lt;/span&gt;    
                    &lt;span class="block trace-file-path"&gt;
            in
            &lt;a href=""&gt;
                C:\Users\eman\Documents\GitHub\car_dealer\vendor\phpunit\phpunit\src\TextUI\&lt;strong&gt;TestRunner.php&lt;/strong&gt;
            &lt;/a&gt;
                        (line 670)
            &lt;span class="icon icon-copy hidden" data-clipboard-text="C:\Users\eman\Documents\GitHub\car_dealer\vendor\phpunit\phpunit\src\TextUI\TestRunner.php:670"&gt;
                &lt;svg xmlns="http://www.w3.org/2000/svg" height="24" viewBox="0 0 24 24" width="24"&gt;&lt;path d="M0 0h24v24H0z" fill="none"/&gt;&lt;path d="M16 1H4c-1.1 0-2 .9-2 2v14h2V3h12V1zm3 4H8c-1.1 0-2 .9-2 2v14c0 1.1.9 2 2 2h11c1.1 0 2-.9 2-2V7c0-1.1-.9-2-2-2zm0 16H8V7h11v14z"/&gt;&lt;/svg&gt;            &lt;/span&gt;
        &lt;/span&gt;
    &lt;/div&gt;
    &lt;div id="trace-html-1-24" class="trace-code sf-toggle-content"&gt;
        &lt;ol start="665"&gt;&lt;li&gt;&lt;code&gt;&lt;span style="color: var(--highlight-keyword)"&gt;&lt;/span&gt;&lt;/code&gt;&lt;/li&gt;
&lt;li&gt;&lt;code&gt;&lt;span style="color: var(--highlight-keyword)"&gt;&amp;nbsp;&amp;nbsp;&amp;nbsp;&amp;nbsp;&amp;nbsp;&amp;nbsp;&amp;nbsp;&amp;nbsp;if&amp;nbsp;(&lt;/span&gt;&lt;span style="color: var(--highlight-default)"&gt;$testSuiteWarningsPrinted&lt;/span&gt;&lt;span style="color: var(--highlight-keyword)"&gt;)&amp;nbsp;{&lt;/span&gt;&lt;/code&gt;&lt;/li&gt;
&lt;li&gt;&lt;code&gt;&lt;span style="color: var(--highlight-keyword)"&gt;&amp;nbsp;&amp;nbsp;&amp;nbsp;&amp;nbsp;&amp;nbsp;&amp;nbsp;&amp;nbsp;&amp;nbsp;&amp;nbsp;&amp;nbsp;&amp;nbsp;&amp;nbsp;&lt;/span&gt;&lt;span style="color: var(--highlight-default)"&gt;$this&lt;/span&gt;&lt;span style="color: var(--highlight-keyword)"&gt;-&amp;gt;&lt;/span&gt;&lt;span style="color: var(--highlight-default)"&gt;write&lt;/span&gt;&lt;span style="color: var(--highlight-keyword)"&gt;(&lt;/span&gt;&lt;span style="color: var(--highlight-default)"&gt;PHP_EOL&lt;/span&gt;&lt;span style="color: var(--highlight-keyword)"&gt;);&lt;/span&gt;&lt;/code&gt;&lt;/li&gt;
&lt;li&gt;&lt;code&gt;&lt;span style="color: var(--highlight-keyword)"&gt;&amp;nbsp;&amp;nbsp;&amp;nbsp;&amp;nbsp;&amp;nbsp;&amp;nbsp;&amp;nbsp;&amp;nbsp;}&lt;/span&gt;&lt;/code&gt;&lt;/li&gt;
&lt;li&gt;&lt;code&gt;&lt;span style="color: var(--highlight-keyword)"&gt;&lt;/span&gt;&lt;/code&gt;&lt;/li&gt;
&lt;li class="selected"&gt;&lt;code&gt;&lt;span style="color: var(--highlight-keyword)"&gt;&amp;nbsp;&amp;nbsp;&amp;nbsp;&amp;nbsp;&amp;nbsp;&amp;nbsp;&amp;nbsp;&amp;nbsp;&lt;/span&gt;&lt;span style="color: var(--highlight-default)"&gt;$suite&lt;/span&gt;&lt;span style="color: var(--highlight-keyword)"&gt;-&amp;gt;&lt;/span&gt;&lt;span style="color: var(--highlight-default)"&gt;run&lt;/span&gt;&lt;span style="color: var(--highlight-keyword)"&gt;(&lt;/span&gt;&lt;span style="color: var(--highlight-default)"&gt;$result&lt;/span&gt;&lt;span style="color: var(--highlight-keyword)"&gt;);&lt;/span&gt;&lt;/code&gt;&lt;/li&gt;
&lt;li&gt;&lt;code&gt;&lt;span style="color: var(--highlight-keyword)"&gt;&lt;/span&gt;&lt;/code&gt;&lt;/li&gt;
&lt;li&gt;&lt;code&gt;&lt;span style="color: var(--highlight-keyword)"&gt;&amp;nbsp;&amp;nbsp;&amp;nbsp;&amp;nbsp;&amp;nbsp;&amp;nbsp;&amp;nbsp;&amp;nbsp;foreach&amp;nbsp;(&lt;/span&gt;&lt;span style="color: var(--highlight-default)"&gt;$this&lt;/span&gt;&lt;span style="color: var(--highlight-keyword)"&gt;-&amp;gt;&lt;/span&gt;&lt;span style="color: var(--highlight-default)"&gt;extensions&amp;nbsp;&lt;/span&gt;&lt;span style="color: var(--highlight-keyword)"&gt;as&amp;nbsp;&lt;/span&gt;&lt;span style="color: var(--highlight-default)"&gt;$extension&lt;/span&gt;&lt;span style="color: var(--highlight-keyword)"&gt;)&amp;nbsp;{&lt;/span&gt;&lt;/code&gt;&lt;/li&gt;
&lt;li&gt;&lt;code&gt;&lt;span style="color: var(--highlight-keyword)"&gt;&amp;nbsp;&amp;nbsp;&amp;nbsp;&amp;nbsp;&amp;nbsp;&amp;nbsp;&amp;nbsp;&amp;nbsp;&amp;nbsp;&amp;nbsp;&amp;nbsp;&amp;nbsp;if&amp;nbsp;(&lt;/span&gt;&lt;span style="color: var(--highlight-default)"&gt;$extension&amp;nbsp;&lt;/span&gt;&lt;span style="color: var(--highlight-keyword)"&gt;instanceof&amp;nbsp;&lt;/span&gt;&lt;span style="color: var(--highlight-default)"&gt;AfterLastTestHook&lt;/span&gt;&lt;span style="color: var(--highlight-keyword)"&gt;)&amp;nbsp;{&lt;/span&gt;&lt;/code&gt;&lt;/li&gt;
&lt;li&gt;&lt;code&gt;&lt;span style="color: var(--highlight-keyword)"&gt;&amp;nbsp;&amp;nbsp;&amp;nbsp;&amp;nbsp;&amp;nbsp;&amp;nbsp;&amp;nbsp;&amp;nbsp;&amp;nbsp;&amp;nbsp;&amp;nbsp;&amp;nbsp;&amp;nbsp;&amp;nbsp;&amp;nbsp;&amp;nbsp;&lt;/span&gt;&lt;span style="color: var(--highlight-default)"&gt;$extension&lt;/span&gt;&lt;span style="color: var(--highlight-keyword)"&gt;-&amp;gt;&lt;/span&gt;&lt;span style="color: var(--highlight-default)"&gt;executeAfterLastTest&lt;/span&gt;&lt;span style="color: var(--highlight-keyword)"&gt;();&lt;/span&gt;&lt;/code&gt;&lt;/li&gt;
&lt;li&gt;&lt;code&gt;&lt;span style="color: var(--highlight-keyword)"&gt;&amp;nbsp;&amp;nbsp;&amp;nbsp;&amp;nbsp;&amp;nbsp;&amp;nbsp;&amp;nbsp;&amp;nbsp;&amp;nbsp;&amp;nbsp;&amp;nbsp;&amp;nbsp;}&lt;/span&gt;&lt;/code&gt;&lt;/li&gt;&lt;/ol&gt;    &lt;/div&gt;            &lt;/div&gt;
                        &lt;div class="trace-line "&gt;
                &lt;div class="trace-line-header break-long-words sf-toggle" data-toggle-selector="#trace-html-1-25" data-toggle-initial=""&gt;
            &lt;span class="icon icon-close"&gt;&lt;svg width="1792" height="1792" viewBox="0 0 1792 1792" xmlns="http://www.w3.org/2000/svg"&gt;&lt;path d="M1408 960V832q0-26-19-45t-45-19H448q-26 0-45 19t-19 45v128q0 26 19 45t45 19h896q26 0 45-19t19-45zm256-544v960q0 119-84.5 203.5T1376 1664H416q-119 0-203.5-84.5T128 1376V416q0-119 84.5-203.5T416 128h960q119 0 203.5 84.5T1664 416z"/&gt;&lt;/svg&gt;&lt;/span&gt;
        &lt;span class="icon icon-open"&gt;&lt;svg width="1792" height="1792" viewBox="0 0 1792 1792" xmlns="http://www.w3.org/2000/svg"&gt;&lt;path d="M1408 960V832q0-26-19-45t-45-19h-320V448q0-26-19-45t-45-19H832q-26 0-45 19t-19 45v320H448q-26 0-45 19t-19 45v128q0 26 19 45t45 19h320v320q0 26 19 45t45 19h128q26 0 45-19t19-45v-320h320q26 0 45-19t19-45zm256-544v960q0 119-84.5 203.5T1376 1664H416q-119 0-203.5-84.5T128 1376V416q0-119 84.5-203.5T416 128h960q119 0 203.5 84.5T1664 416z"/&gt;&lt;/svg&gt;&lt;/span&gt;
    
            &lt;span class="trace-class"&gt;&lt;abbr title="PHPUnit\TextUI\TestRunner"&gt;TestRunner&lt;/abbr&gt;&lt;/span&gt;&lt;span class="trace-type"&gt;-&gt;&lt;/span&gt;&lt;span class="trace-method"&gt;run&lt;/span&gt;&lt;span class="trace-arguments"&gt;()&lt;/span&gt;    
                    &lt;span class="block trace-file-path"&gt;
            in
            &lt;a href=""&gt;
                C:\Users\eman\Documents\GitHub\car_dealer\vendor\phpunit\phpunit\src\TextUI\&lt;strong&gt;Command.php&lt;/strong&gt;
            &lt;/a&gt;
                        (line 143)
            &lt;span class="icon icon-copy hidden" data-clipboard-text="C:\Users\eman\Documents\GitHub\car_dealer\vendor\phpunit\phpunit\src\TextUI\Command.php:143"&gt;
                &lt;svg xmlns="http://www.w3.org/2000/svg" height="24" viewBox="0 0 24 24" width="24"&gt;&lt;path d="M0 0h24v24H0z" fill="none"/&gt;&lt;path d="M16 1H4c-1.1 0-2 .9-2 2v14h2V3h12V1zm3 4H8c-1.1 0-2 .9-2 2v14c0 1.1.9 2 2 2h11c1.1 0 2-.9 2-2V7c0-1.1-.9-2-2-2zm0 16H8V7h11v14z"/&gt;&lt;/svg&gt;            &lt;/span&gt;
        &lt;/span&gt;
    &lt;/div&gt;
    &lt;div id="trace-html-1-25" class="trace-code sf-toggle-content"&gt;
        &lt;ol start="138"&gt;&lt;li&gt;&lt;code&gt;&lt;span style="color: var(--highlight-keyword)"&gt;&amp;nbsp;&amp;nbsp;&amp;nbsp;&amp;nbsp;&amp;nbsp;&amp;nbsp;&amp;nbsp;&amp;nbsp;}&lt;/span&gt;&lt;/code&gt;&lt;/li&gt;
&lt;li&gt;&lt;code&gt;&lt;span style="color: var(--highlight-keyword)"&gt;&lt;/span&gt;&lt;/code&gt;&lt;/li&gt;
&lt;li&gt;&lt;code&gt;&lt;span style="color: var(--highlight-keyword)"&gt;&amp;nbsp;&amp;nbsp;&amp;nbsp;&amp;nbsp;&amp;nbsp;&amp;nbsp;&amp;nbsp;&amp;nbsp;unset(&lt;/span&gt;&lt;span style="color: var(--highlight-default)"&gt;$this&lt;/span&gt;&lt;span style="color: var(--highlight-keyword)"&gt;-&amp;gt;&lt;/span&gt;&lt;span style="color: var(--highlight-default)"&gt;arguments&lt;/span&gt;&lt;span style="color: var(--highlight-keyword)"&gt;[&lt;/span&gt;&lt;span style="color: var(--highlight-string)"&gt;'test'&lt;/span&gt;&lt;span style="color: var(--highlight-keyword)"&gt;],&amp;nbsp;&lt;/span&gt;&lt;span style="color: var(--highlight-default)"&gt;$this&lt;/span&gt;&lt;span style="color: var(--highlight-keyword)"&gt;-&amp;gt;&lt;/span&gt;&lt;span style="color: var(--highlight-default)"&gt;arguments&lt;/span&gt;&lt;span style="color: var(--highlight-keyword)"&gt;[&lt;/span&gt;&lt;span style="color: var(--highlight-string)"&gt;'testFile'&lt;/span&gt;&lt;span style="color: var(--highlight-keyword)"&gt;]);&lt;/span&gt;&lt;/code&gt;&lt;/li&gt;
&lt;li&gt;&lt;code&gt;&lt;span style="color: var(--highlight-keyword)"&gt;&lt;/span&gt;&lt;/code&gt;&lt;/li&gt;
&lt;li&gt;&lt;code&gt;&lt;span style="color: var(--highlight-keyword)"&gt;&amp;nbsp;&amp;nbsp;&amp;nbsp;&amp;nbsp;&amp;nbsp;&amp;nbsp;&amp;nbsp;&amp;nbsp;try&amp;nbsp;{&lt;/span&gt;&lt;/code&gt;&lt;/li&gt;
&lt;li class="selected"&gt;&lt;code&gt;&lt;span style="color: var(--highlight-keyword)"&gt;&amp;nbsp;&amp;nbsp;&amp;nbsp;&amp;nbsp;&amp;nbsp;&amp;nbsp;&amp;nbsp;&amp;nbsp;&amp;nbsp;&amp;nbsp;&amp;nbsp;&amp;nbsp;&lt;/span&gt;&lt;span style="color: var(--highlight-default)"&gt;$result&amp;nbsp;&lt;/span&gt;&lt;span style="color: var(--highlight-keyword)"&gt;=&amp;nbsp;&lt;/span&gt;&lt;span style="color: var(--highlight-default)"&gt;$runner&lt;/span&gt;&lt;span style="color: var(--highlight-keyword)"&gt;-&amp;gt;&lt;/span&gt;&lt;span style="color: var(--highlight-default)"&gt;run&lt;/span&gt;&lt;span style="color: var(--highlight-keyword)"&gt;(&lt;/span&gt;&lt;span style="color: var(--highlight-default)"&gt;$suite&lt;/span&gt;&lt;span style="color: var(--highlight-keyword)"&gt;,&amp;nbsp;&lt;/span&gt;&lt;span style="color: var(--highlight-default)"&gt;$this&lt;/span&gt;&lt;span style="color: var(--highlight-keyword)"&gt;-&amp;gt;&lt;/span&gt;&lt;span style="color: var(--highlight-default)"&gt;arguments&lt;/span&gt;&lt;span style="color: var(--highlight-keyword)"&gt;,&amp;nbsp;&lt;/span&gt;&lt;span style="color: var(--highlight-default)"&gt;$this&lt;/span&gt;&lt;span style="color: var(--highlight-keyword)"&gt;-&amp;gt;&lt;/span&gt;&lt;span style="color: var(--highlight-default)"&gt;warnings&lt;/span&gt;&lt;span style="color: var(--highlight-keyword)"&gt;,&amp;nbsp;&lt;/span&gt;&lt;span style="color: var(--highlight-default)"&gt;$exit&lt;/span&gt;&lt;span style="color: var(--highlight-keyword)"&gt;);&lt;/span&gt;&lt;/code&gt;&lt;/li&gt;
&lt;li&gt;&lt;code&gt;&lt;span style="color: var(--highlight-keyword)"&gt;&amp;nbsp;&amp;nbsp;&amp;nbsp;&amp;nbsp;&amp;nbsp;&amp;nbsp;&amp;nbsp;&amp;nbsp;}&amp;nbsp;catch&amp;nbsp;(&lt;/span&gt;&lt;span style="color: var(--highlight-default)"&gt;Throwable&amp;nbsp;$t&lt;/span&gt;&lt;span style="color: var(--highlight-keyword)"&gt;)&amp;nbsp;{&lt;/span&gt;&lt;/code&gt;&lt;/li&gt;
&lt;li&gt;&lt;code&gt;&lt;span style="color: var(--highlight-keyword)"&gt;&amp;nbsp;&amp;nbsp;&amp;nbsp;&amp;nbsp;&amp;nbsp;&amp;nbsp;&amp;nbsp;&amp;nbsp;&amp;nbsp;&amp;nbsp;&amp;nbsp;&amp;nbsp;print&amp;nbsp;&lt;/span&gt;&lt;span style="color: var(--highlight-default)"&gt;$t&lt;/span&gt;&lt;span style="color: var(--highlight-keyword)"&gt;-&amp;gt;&lt;/span&gt;&lt;span style="color: var(--highlight-default)"&gt;getMessage&lt;/span&gt;&lt;span style="color: var(--highlight-keyword)"&gt;()&amp;nbsp;.&amp;nbsp;&lt;/span&gt;&lt;span style="color: var(--highlight-default)"&gt;PHP_EOL&lt;/span&gt;&lt;span style="color: var(--highlight-keyword)"&gt;;&lt;/span&gt;&lt;/code&gt;&lt;/li&gt;
&lt;li&gt;&lt;code&gt;&lt;span style="color: var(--highlight-keyword)"&gt;&amp;nbsp;&amp;nbsp;&amp;nbsp;&amp;nbsp;&amp;nbsp;&amp;nbsp;&amp;nbsp;&amp;nbsp;}&lt;/span&gt;&lt;/code&gt;&lt;/li&gt;
&lt;li&gt;&lt;code&gt;&lt;span style="color: var(--highlight-keyword)"&gt;&lt;/span&gt;&lt;/code&gt;&lt;/li&gt;
&lt;li&gt;&lt;code&gt;&lt;span style="color: var(--highlight-keyword)"&gt;&amp;nbsp;&amp;nbsp;&amp;nbsp;&amp;nbsp;&amp;nbsp;&amp;nbsp;&amp;nbsp;&amp;nbsp;&lt;/span&gt;&lt;span style="color: var(--highlight-default)"&gt;$return&amp;nbsp;&lt;/span&gt;&lt;span style="color: var(--highlight-keyword)"&gt;=&amp;nbsp;&lt;/span&gt;&lt;span style="color: var(--highlight-default)"&gt;TestRunner&lt;/span&gt;&lt;span style="color: var(--highlight-keyword)"&gt;::&lt;/span&gt;&lt;span style="color: var(--highlight-default)"&gt;FAILURE_EXIT&lt;/span&gt;&lt;span style="color: var(--highlight-keyword)"&gt;;&lt;/span&gt;&lt;/code&gt;&lt;/li&gt;&lt;/ol&gt;    &lt;/div&gt;            &lt;/div&gt;
                        &lt;div class="trace-line "&gt;
                &lt;div class="trace-line-header break-long-words sf-toggle" data-toggle-selector="#trace-html-1-26" data-toggle-initial=""&gt;
            &lt;span class="icon icon-close"&gt;&lt;svg width="1792" height="1792" viewBox="0 0 1792 1792" xmlns="http://www.w3.org/2000/svg"&gt;&lt;path d="M1408 960V832q0-26-19-45t-45-19H448q-26 0-45 19t-19 45v128q0 26 19 45t45 19h896q26 0 45-19t19-45zm256-544v960q0 119-84.5 203.5T1376 1664H416q-119 0-203.5-84.5T128 1376V416q0-119 84.5-203.5T416 128h960q119 0 203.5 84.5T1664 416z"/&gt;&lt;/svg&gt;&lt;/span&gt;
        &lt;span class="icon icon-open"&gt;&lt;svg width="1792" height="1792" viewBox="0 0 1792 1792" xmlns="http://www.w3.org/2000/svg"&gt;&lt;path d="M1408 960V832q0-26-19-45t-45-19h-320V448q0-26-19-45t-45-19H832q-26 0-45 19t-19 45v320H448q-26 0-45 19t-19 45v128q0 26 19 45t45 19h320v320q0 26 19 45t45 19h128q26 0 45-19t19-45v-320h320q26 0 45-19t19-45zm256-544v960q0 119-84.5 203.5T1376 1664H416q-119 0-203.5-84.5T128 1376V416q0-119 84.5-203.5T416 128h960q119 0 203.5 84.5T1664 416z"/&gt;&lt;/svg&gt;&lt;/span&gt;
    
            &lt;span class="trace-class"&gt;&lt;abbr title="PHPUnit\TextUI\Command"&gt;Command&lt;/abbr&gt;&lt;/span&gt;&lt;span class="trace-type"&gt;-&gt;&lt;/span&gt;&lt;span class="trace-method"&gt;run&lt;/span&gt;&lt;span class="trace-arguments"&gt;()&lt;/span&gt;    
                    &lt;span class="block trace-file-path"&gt;
            in
            &lt;a href=""&gt;
                C:\Users\eman\Documents\GitHub\car_dealer\vendor\phpunit\phpunit\src\TextUI\&lt;strong&gt;Command.php&lt;/strong&gt;
            &lt;/a&gt;
                        (line 96)
            &lt;span class="icon icon-copy hidden" data-clipboard-text="C:\Users\eman\Documents\GitHub\car_dealer\vendor\phpunit\phpunit\src\TextUI\Command.php:96"&gt;
                &lt;svg xmlns="http://www.w3.org/2000/svg" height="24" viewBox="0 0 24 24" width="24"&gt;&lt;path d="M0 0h24v24H0z" fill="none"/&gt;&lt;path d="M16 1H4c-1.1 0-2 .9-2 2v14h2V3h12V1zm3 4H8c-1.1 0-2 .9-2 2v14c0 1.1.9 2 2 2h11c1.1 0 2-.9 2-2V7c0-1.1-.9-2-2-2zm0 16H8V7h11v14z"/&gt;&lt;/svg&gt;            &lt;/span&gt;
        &lt;/span&gt;
    &lt;/div&gt;
    &lt;div id="trace-html-1-26" class="trace-code sf-toggle-content"&gt;
        &lt;ol start="91"&gt;&lt;li&gt;&lt;code&gt;&lt;span style="color: var(--highlight-comment)"&gt;&amp;nbsp;&amp;nbsp;&amp;nbsp;&amp;nbsp;&amp;nbsp;*&amp;nbsp;@throws&amp;nbsp;Exception&lt;/span&gt;&lt;/code&gt;&lt;/li&gt;
&lt;li&gt;&lt;code&gt;&lt;span style="color: var(--highlight-comment)"&gt;&amp;nbsp;&amp;nbsp;&amp;nbsp;&amp;nbsp;&amp;nbsp;*/&lt;/span&gt;&lt;/code&gt;&lt;/li&gt;
&lt;li&gt;&lt;code&gt;&lt;span style="color: var(--highlight-comment)"&gt;&amp;nbsp;&amp;nbsp;&amp;nbsp;&amp;nbsp;&lt;/span&gt;&lt;span style="color: var(--highlight-keyword)"&gt;public&amp;nbsp;static&amp;nbsp;function&amp;nbsp;&lt;/span&gt;&lt;span style="color: var(--highlight-default)"&gt;main&lt;/span&gt;&lt;span style="color: var(--highlight-keyword)"&gt;(&lt;/span&gt;&lt;span style="color: var(--highlight-default)"&gt;bool&amp;nbsp;$exit&amp;nbsp;&lt;/span&gt;&lt;span style="color: var(--highlight-keyword)"&gt;=&amp;nbsp;&lt;/span&gt;&lt;span style="color: var(--highlight-default)"&gt;true&lt;/span&gt;&lt;span style="color: var(--highlight-keyword)"&gt;):&amp;nbsp;&lt;/span&gt;&lt;span style="color: var(--highlight-default)"&gt;int&lt;/span&gt;&lt;/code&gt;&lt;/li&gt;
&lt;li&gt;&lt;code&gt;&lt;span style="color: var(--highlight-default)"&gt;&amp;nbsp;&amp;nbsp;&amp;nbsp;&amp;nbsp;&lt;/span&gt;&lt;span style="color: var(--highlight-keyword)"&gt;{&lt;/span&gt;&lt;/code&gt;&lt;/li&gt;
&lt;li&gt;&lt;code&gt;&lt;span style="color: var(--highlight-keyword)"&gt;&amp;nbsp;&amp;nbsp;&amp;nbsp;&amp;nbsp;&amp;nbsp;&amp;nbsp;&amp;nbsp;&amp;nbsp;try&amp;nbsp;{&lt;/span&gt;&lt;/code&gt;&lt;/li&gt;
&lt;li class="selected"&gt;&lt;code&gt;&lt;span style="color: var(--highlight-keyword)"&gt;&amp;nbsp;&amp;nbsp;&amp;nbsp;&amp;nbsp;&amp;nbsp;&amp;nbsp;&amp;nbsp;&amp;nbsp;&amp;nbsp;&amp;nbsp;&amp;nbsp;&amp;nbsp;return&amp;nbsp;(new&amp;nbsp;static)-&amp;gt;&lt;/span&gt;&lt;span style="color: var(--highlight-default)"&gt;run&lt;/span&gt;&lt;span style="color: var(--highlight-keyword)"&gt;(&lt;/span&gt;&lt;span style="color: var(--highlight-default)"&gt;$_SERVER&lt;/span&gt;&lt;span style="color: var(--highlight-keyword)"&gt;[&lt;/span&gt;&lt;span style="color: var(--highlight-string)"&gt;'argv'&lt;/span&gt;&lt;span style="color: var(--highlight-keyword)"&gt;],&amp;nbsp;&lt;/span&gt;&lt;span style="color: var(--highlight-default)"&gt;$exit&lt;/span&gt;&lt;span style="color: var(--highlight-keyword)"&gt;);&lt;/span&gt;&lt;/code&gt;&lt;/li&gt;
&lt;li&gt;&lt;code&gt;&lt;span style="color: var(--highlight-keyword)"&gt;&amp;nbsp;&amp;nbsp;&amp;nbsp;&amp;nbsp;&amp;nbsp;&amp;nbsp;&amp;nbsp;&amp;nbsp;}&amp;nbsp;catch&amp;nbsp;(&lt;/span&gt;&lt;span style="color: var(--highlight-default)"&gt;Throwable&amp;nbsp;$t&lt;/span&gt;&lt;span style="color: var(--highlight-keyword)"&gt;)&amp;nbsp;{&lt;/span&gt;&lt;/code&gt;&lt;/li&gt;
&lt;li&gt;&lt;code&gt;&lt;span style="color: var(--highlight-keyword)"&gt;&amp;nbsp;&amp;nbsp;&amp;nbsp;&amp;nbsp;&amp;nbsp;&amp;nbsp;&amp;nbsp;&amp;nbsp;&amp;nbsp;&amp;nbsp;&amp;nbsp;&amp;nbsp;throw&amp;nbsp;new&amp;nbsp;&lt;/span&gt;&lt;span style="color: var(--highlight-default)"&gt;RuntimeException&lt;/span&gt;&lt;span style="color: var(--highlight-keyword)"&gt;(&lt;/span&gt;&lt;/code&gt;&lt;/li&gt;
&lt;li&gt;&lt;code&gt;&lt;span style="color: var(--highlight-keyword)"&gt;&amp;nbsp;&amp;nbsp;&amp;nbsp;&amp;nbsp;&amp;nbsp;&amp;nbsp;&amp;nbsp;&amp;nbsp;&amp;nbsp;&amp;nbsp;&amp;nbsp;&amp;nbsp;&amp;nbsp;&amp;nbsp;&amp;nbsp;&amp;nbsp;&lt;/span&gt;&lt;span style="color: var(--highlight-default)"&gt;$t&lt;/span&gt;&lt;span style="color: var(--highlight-keyword)"&gt;-&amp;gt;&lt;/span&gt;&lt;span style="color: var(--highlight-default)"&gt;getMessage&lt;/span&gt;&lt;span style="color: var(--highlight-keyword)"&gt;(),&lt;/span&gt;&lt;/code&gt;&lt;/li&gt;
&lt;li&gt;&lt;code&gt;&lt;span style="color: var(--highlight-keyword)"&gt;&amp;nbsp;&amp;nbsp;&amp;nbsp;&amp;nbsp;&amp;nbsp;&amp;nbsp;&amp;nbsp;&amp;nbsp;&amp;nbsp;&amp;nbsp;&amp;nbsp;&amp;nbsp;&amp;nbsp;&amp;nbsp;&amp;nbsp;&amp;nbsp;(int)&amp;nbsp;&lt;/span&gt;&lt;span style="color: var(--highlight-default)"&gt;$t&lt;/span&gt;&lt;span style="color: var(--highlight-keyword)"&gt;-&amp;gt;&lt;/span&gt;&lt;span style="color: var(--highlight-default)"&gt;getCode&lt;/span&gt;&lt;span style="color: var(--highlight-keyword)"&gt;(),&lt;/span&gt;&lt;/code&gt;&lt;/li&gt;
&lt;li&gt;&lt;code&gt;&lt;span style="color: var(--highlight-keyword)"&gt;&amp;nbsp;&amp;nbsp;&amp;nbsp;&amp;nbsp;&amp;nbsp;&amp;nbsp;&amp;nbsp;&amp;nbsp;&amp;nbsp;&amp;nbsp;&amp;nbsp;&amp;nbsp;&amp;nbsp;&amp;nbsp;&amp;nbsp;&amp;nbsp;&lt;/span&gt;&lt;span style="color: var(--highlight-default)"&gt;$t&lt;/span&gt;&lt;/code&gt;&lt;/li&gt;&lt;/ol&gt;    &lt;/div&gt;            &lt;/div&gt;
                        &lt;div class="trace-line "&gt;
                &lt;div class="trace-line-header break-long-words sf-toggle" data-toggle-selector="#trace-html-1-27" data-toggle-initial=""&gt;
            &lt;span class="icon icon-close"&gt;&lt;svg width="1792" height="1792" viewBox="0 0 1792 1792" xmlns="http://www.w3.org/2000/svg"&gt;&lt;path d="M1408 960V832q0-26-19-45t-45-19H448q-26 0-45 19t-19 45v128q0 26 19 45t45 19h896q26 0 45-19t19-45zm256-544v960q0 119-84.5 203.5T1376 1664H416q-119 0-203.5-84.5T128 1376V416q0-119 84.5-203.5T416 128h960q119 0 203.5 84.5T1664 416z"/&gt;&lt;/svg&gt;&lt;/span&gt;
        &lt;span class="icon icon-open"&gt;&lt;svg width="1792" height="1792" viewBox="0 0 1792 1792" xmlns="http://www.w3.org/2000/svg"&gt;&lt;path d="M1408 960V832q0-26-19-45t-45-19h-320V448q0-26-19-45t-45-19H832q-26 0-45 19t-19 45v320H448q-26 0-45 19t-19 45v128q0 26 19 45t45 19h320v320q0 26 19 45t45 19h128q26 0 45-19t19-45v-320h320q26 0 45-19t19-45zm256-544v960q0 119-84.5 203.5T1376 1664H416q-119 0-203.5-84.5T128 1376V416q0-119 84.5-203.5T416 128h960q119 0 203.5 84.5T1664 416z"/&gt;&lt;/svg&gt;&lt;/span&gt;
    
            &lt;span class="trace-class"&gt;&lt;abbr title="PHPUnit\TextUI\Command"&gt;Command&lt;/abbr&gt;&lt;/span&gt;&lt;span class="trace-type"&gt;::&lt;/span&gt;&lt;span class="trace-method"&gt;main&lt;/span&gt;&lt;span class="trace-arguments"&gt;()&lt;/span&gt;    
                    &lt;span class="block trace-file-path"&gt;
            in
            &lt;a href=""&gt;
                C:\Users\eman\Documents\GitHub\car_dealer\bin\&lt;strong&gt;phpunit&lt;/strong&gt;
            &lt;/a&gt;
                        (line 11)
            &lt;span class="icon icon-copy hidden" data-clipboard-text="C:\Users\eman\Documents\GitHub\car_dealer\bin\phpunit:11"&gt;
                &lt;svg xmlns="http://www.w3.org/2000/svg" height="24" viewBox="0 0 24 24" width="24"&gt;&lt;path d="M0 0h24v24H0z" fill="none"/&gt;&lt;path d="M16 1H4c-1.1 0-2 .9-2 2v14h2V3h12V1zm3 4H8c-1.1 0-2 .9-2 2v14c0 1.1.9 2 2 2h11c1.1 0 2-.9 2-2V7c0-1.1-.9-2-2-2zm0 16H8V7h11v14z"/&gt;&lt;/svg&gt;            &lt;/span&gt;
        &lt;/span&gt;
    &lt;/div&gt;
    &lt;div id="trace-html-1-27" class="trace-code sf-toggle-content"&gt;
        &lt;ol start="6"&gt;&lt;li&gt;&lt;code&gt;&lt;span style="color: var(--highlight-keyword)"&gt;&lt;/span&gt;&lt;/code&gt;&lt;/li&gt;
&lt;li&gt;&lt;code&gt;&lt;span style="color: var(--highlight-keyword)"&gt;if&amp;nbsp;(&lt;/span&gt;&lt;span style="color: var(--highlight-default)"&gt;is_file&lt;/span&gt;&lt;span style="color: var(--highlight-keyword)"&gt;(&lt;/span&gt;&lt;span style="color: var(--highlight-default)"&gt;dirname&lt;/span&gt;&lt;span style="color: var(--highlight-keyword)"&gt;(&lt;/span&gt;&lt;span style="color: var(--highlight-default)"&gt;__DIR__&lt;/span&gt;&lt;span style="color: var(--highlight-keyword)"&gt;).&lt;/span&gt;&lt;span style="color: var(--highlight-string)"&gt;'/vendor/phpunit/phpunit/phpunit'&lt;/span&gt;&lt;span style="color: var(--highlight-keyword)"&gt;))&amp;nbsp;{&lt;/span&gt;&lt;/code&gt;&lt;/li&gt;
&lt;li&gt;&lt;code&gt;&lt;span style="color: var(--highlight-keyword)"&gt;&amp;nbsp;&amp;nbsp;&amp;nbsp;&amp;nbsp;&lt;/span&gt;&lt;span style="color: var(--highlight-default)"&gt;define&lt;/span&gt;&lt;span style="color: var(--highlight-keyword)"&gt;(&lt;/span&gt;&lt;span style="color: var(--highlight-string)"&gt;'PHPUNIT_COMPOSER_INSTALL'&lt;/span&gt;&lt;span style="color: var(--highlight-keyword)"&gt;,&amp;nbsp;&lt;/span&gt;&lt;span style="color: var(--highlight-default)"&gt;dirname&lt;/span&gt;&lt;span style="color: var(--highlight-keyword)"&gt;(&lt;/span&gt;&lt;span style="color: var(--highlight-default)"&gt;__DIR__&lt;/span&gt;&lt;span style="color: var(--highlight-keyword)"&gt;).&lt;/span&gt;&lt;span style="color: var(--highlight-string)"&gt;'/vendor/autoload.php'&lt;/span&gt;&lt;span style="color: var(--highlight-keyword)"&gt;);&lt;/span&gt;&lt;/code&gt;&lt;/li&gt;
&lt;li&gt;&lt;code&gt;&lt;span style="color: var(--highlight-keyword)"&gt;&amp;nbsp;&amp;nbsp;&amp;nbsp;&amp;nbsp;require&amp;nbsp;&lt;/span&gt;&lt;span style="color: var(--highlight-default)"&gt;PHPUNIT_COMPOSER_INSTALL&lt;/span&gt;&lt;span style="color: var(--highlight-keyword)"&gt;;&lt;/span&gt;&lt;/code&gt;&lt;/li&gt;
&lt;li&gt;&lt;code&gt;&lt;span style="color: var(--highlight-keyword)"&gt;&amp;nbsp;&amp;nbsp;&amp;nbsp;&amp;nbsp;&lt;/span&gt;&lt;span style="color: var(--highlight-default)"&gt;PHPUnit\TextUI\Command&lt;/span&gt;&lt;span style="color: var(--highlight-keyword)"&gt;::&lt;/span&gt;&lt;span style="color: var(--highlight-default)"&gt;main&lt;/span&gt;&lt;span style="color: var(--highlight-keyword)"&gt;();&lt;/span&gt;&lt;/code&gt;&lt;/li&gt;
&lt;li class="selected"&gt;&lt;code&gt;&lt;span style="color: var(--highlight-keyword)"&gt;}&amp;nbsp;else&amp;nbsp;{&lt;/span&gt;&lt;/code&gt;&lt;/li&gt;
&lt;li&gt;&lt;code&gt;&lt;span style="color: var(--highlight-keyword)"&gt;&amp;nbsp;&amp;nbsp;&amp;nbsp;&amp;nbsp;if&amp;nbsp;(!&lt;/span&gt;&lt;span style="color: var(--highlight-default)"&gt;is_file&lt;/span&gt;&lt;span style="color: var(--highlight-keyword)"&gt;(&lt;/span&gt;&lt;span style="color: var(--highlight-default)"&gt;dirname&lt;/span&gt;&lt;span style="color: var(--highlight-keyword)"&gt;(&lt;/span&gt;&lt;span style="color: var(--highlight-default)"&gt;__DIR__&lt;/span&gt;&lt;span style="color: var(--highlight-keyword)"&gt;).&lt;/span&gt;&lt;span style="color: var(--highlight-string)"&gt;'/vendor/symfony/phpunit-bridge/bin/simple-phpunit.php'&lt;/span&gt;&lt;span style="color: var(--highlight-keyword)"&gt;))&amp;nbsp;{&lt;/span&gt;&lt;/code&gt;&lt;/li&gt;
&lt;li&gt;&lt;code&gt;&lt;span style="color: var(--highlight-keyword)"&gt;&amp;nbsp;&amp;nbsp;&amp;nbsp;&amp;nbsp;&amp;nbsp;&amp;nbsp;&amp;nbsp;&amp;nbsp;echo&amp;nbsp;&lt;/span&gt;&lt;span style="color: var(--highlight-string)"&gt;"Unable&amp;nbsp;to&amp;nbsp;find&amp;nbsp;the&amp;nbsp;`simple-phpunit.php`&amp;nbsp;script&amp;nbsp;in&amp;nbsp;`vendor/symfony/phpunit-bridge/bin/`.\n"&lt;/span&gt;&lt;span style="color: var(--highlight-keyword)"&gt;;&lt;/span&gt;&lt;/code&gt;&lt;/li&gt;
&lt;li&gt;&lt;code&gt;&lt;span style="color: var(--highlight-keyword)"&gt;&amp;nbsp;&amp;nbsp;&amp;nbsp;&amp;nbsp;&amp;nbsp;&amp;nbsp;&amp;nbsp;&amp;nbsp;exit(&lt;/span&gt;&lt;span style="color: var(--highlight-default)"&gt;1&lt;/span&gt;&lt;span style="color: var(--highlight-keyword)"&gt;);&lt;/span&gt;&lt;/code&gt;&lt;/li&gt;
&lt;li&gt;&lt;code&gt;&lt;span style="color: var(--highlight-keyword)"&gt;&amp;nbsp;&amp;nbsp;&amp;nbsp;&amp;nbsp;}&lt;/span&gt;&lt;/code&gt;&lt;/li&gt;
&lt;li&gt;&lt;code&gt;&lt;span style="color: var(--highlight-keyword)"&gt;&lt;/span&gt;&lt;/code&gt;&lt;/li&gt;&lt;/ol&gt;    &lt;/div&gt;            &lt;/div&gt;
                    &lt;/div&gt;
    &lt;/div&gt;
&lt;/div&gt;&lt;div class="trace trace-as-html" id="trace-box-2"&gt;
    &lt;div class="trace-details"&gt;
        &lt;div class="trace-head"&gt;
            &lt;div class="sf-toggle" data-toggle-selector="#trace-html-2" data-toggle-initial="display"&gt;
                &lt;span class="icon icon-close"&gt;&lt;svg width="1792" height="1792" viewBox="0 0 1792 1792" xmlns="http://www.w3.org/2000/svg"&gt;&lt;path d="M1344 800v64q0 14-9 23t-23 9H480q-14 0-23-9t-9-23v-64q0-14 9-23t23-9h832q14 0 23 9t9 23zm128 448V416q0-66-47-113t-113-47H480q-66 0-113 47t-47 113v832q0 66 47 113t113 47h832q66 0 113-47t47-113zm128-832v832q0 119-84.5 203.5T1312 1536H480q-119 0-203.5-84.5T192 1248V416q0-119 84.5-203.5T480 128h832q119 0 203.5 84.5T1600 416z"/&gt;&lt;/svg&gt;&lt;/span&gt;
                &lt;span class="icon icon-open"&gt;&lt;svg width="1792" height="1792" viewBox="0 0 1792 1792" xmlns="http://www.w3.org/2000/svg"&gt;&lt;path d="M1344 800v64q0 14-9 23t-23 9H960v352q0 14-9 23t-23 9h-64q-14 0-23-9t-9-23V896H480q-14 0-23-9t-9-23v-64q0-14 9-23t23-9h352V416q0-14 9-23t23-9h64q14 0 23 9t9 23v352h352q14 0 23 9t9 23zm128 448V416q0-66-47-113t-113-47H480q-66 0-113 47t-47 113v832q0 66 47 113t113 47h832q66 0 113-47t47-113zm128-832v832q0 119-84.5 203.5T1312 1536H480q-119 0-203.5-84.5T192 1248V416q0-119 84.5-203.5T480 128h832q119 0 203.5 84.5T1600 416z"/&gt;&lt;/svg&gt;&lt;/span&gt;
                                                    &lt;h3 class="trace-class"&gt;
                                                    &lt;span class="trace-namespace"&gt;Doctrine\DBAL\Driver\PDO\&lt;/span&gt;
                                                Exception                    &lt;/h3&gt;
                                                    &lt;p class="break-long-words trace-message"&gt;SQLSTATE[HY000] [1049] Unknown database 'crud04_test'&lt;/p&gt;
                            &lt;/div&gt;
        &lt;/div&gt;

        &lt;div id="trace-html-2" class="sf-toggle-content"&gt;
                    &lt;div class="trace-line "&gt;
                &lt;div class="trace-line-header break-long-words sf-toggle" data-toggle-selector="#trace-html-2-0" data-toggle-initial="display"&gt;
            &lt;span class="icon icon-close"&gt;&lt;svg width="1792" height="1792" viewBox="0 0 1792 1792" xmlns="http://www.w3.org/2000/svg"&gt;&lt;path d="M1408 960V832q0-26-19-45t-45-19H448q-26 0-45 19t-19 45v128q0 26 19 45t45 19h896q26 0 45-19t19-45zm256-544v960q0 119-84.5 203.5T1376 1664H416q-119 0-203.5-84.5T128 1376V416q0-119 84.5-203.5T416 128h960q119 0 203.5 84.5T1664 416z"/&gt;&lt;/svg&gt;&lt;/span&gt;
        &lt;span class="icon icon-open"&gt;&lt;svg width="1792" height="1792" viewBox="0 0 1792 1792" xmlns="http://www.w3.org/2000/svg"&gt;&lt;path d="M1408 960V832q0-26-19-45t-45-19h-320V448q0-26-19-45t-45-19H832q-26 0-45 19t-19 45v320H448q-26 0-45 19t-19 45v128q0 26 19 45t45 19h320v320q0 26 19 45t45 19h128q26 0 45-19t19-45v-320h320q26 0 45-19t19-45zm256-544v960q0 119-84.5 203.5T1376 1664H416q-119 0-203.5-84.5T128 1376V416q0-119 84.5-203.5T416 128h960q119 0 203.5 84.5T1664 416z"/&gt;&lt;/svg&gt;&lt;/span&gt;
    
    
                    &lt;span class="block trace-file-path"&gt;
            in
            &lt;a href=""&gt;
                C:\Users\eman\Documents\GitHub\car_dealer\vendor\doctrine\dbal\src\Driver\PDO\&lt;strong&gt;Exception.php&lt;/strong&gt;
            &lt;/a&gt;
                        (line 26)
            &lt;span class="icon icon-copy hidden" data-clipboard-text="C:\Users\eman\Documents\GitHub\car_dealer\vendor\doctrine\dbal\src\Driver\PDO\Exception.php:26"&gt;
                &lt;svg xmlns="http://www.w3.org/2000/svg" height="24" viewBox="0 0 24 24" width="24"&gt;&lt;path d="M0 0h24v24H0z" fill="none"/&gt;&lt;path d="M16 1H4c-1.1 0-2 .9-2 2v14h2V3h12V1zm3 4H8c-1.1 0-2 .9-2 2v14c0 1.1.9 2 2 2h11c1.1 0 2-.9 2-2V7c0-1.1-.9-2-2-2zm0 16H8V7h11v14z"/&gt;&lt;/svg&gt;            &lt;/span&gt;
        &lt;/span&gt;
    &lt;/div&gt;
    &lt;div id="trace-html-2-0" class="trace-code sf-toggle-content"&gt;
        &lt;ol start="21"&gt;&lt;li&gt;&lt;code&gt;&lt;span style="color: var(--highlight-keyword)"&gt;&amp;nbsp;&amp;nbsp;&amp;nbsp;&amp;nbsp;&amp;nbsp;&amp;nbsp;&amp;nbsp;&amp;nbsp;}&amp;nbsp;else&amp;nbsp;{&lt;/span&gt;&lt;/code&gt;&lt;/li&gt;
&lt;li&gt;&lt;code&gt;&lt;span style="color: var(--highlight-keyword)"&gt;&amp;nbsp;&amp;nbsp;&amp;nbsp;&amp;nbsp;&amp;nbsp;&amp;nbsp;&amp;nbsp;&amp;nbsp;&amp;nbsp;&amp;nbsp;&amp;nbsp;&amp;nbsp;&lt;/span&gt;&lt;span style="color: var(--highlight-default)"&gt;$code&amp;nbsp;&amp;nbsp;&amp;nbsp;&amp;nbsp;&amp;nbsp;&lt;/span&gt;&lt;span style="color: var(--highlight-keyword)"&gt;=&amp;nbsp;&lt;/span&gt;&lt;span style="color: var(--highlight-default)"&gt;$exception&lt;/span&gt;&lt;span style="color: var(--highlight-keyword)"&gt;-&amp;gt;&lt;/span&gt;&lt;span style="color: var(--highlight-default)"&gt;getCode&lt;/span&gt;&lt;span style="color: var(--highlight-keyword)"&gt;();&lt;/span&gt;&lt;/code&gt;&lt;/li&gt;
&lt;li&gt;&lt;code&gt;&lt;span style="color: var(--highlight-keyword)"&gt;&amp;nbsp;&amp;nbsp;&amp;nbsp;&amp;nbsp;&amp;nbsp;&amp;nbsp;&amp;nbsp;&amp;nbsp;&amp;nbsp;&amp;nbsp;&amp;nbsp;&amp;nbsp;&lt;/span&gt;&lt;span style="color: var(--highlight-default)"&gt;$sqlState&amp;nbsp;&lt;/span&gt;&lt;span style="color: var(--highlight-keyword)"&gt;=&amp;nbsp;&lt;/span&gt;&lt;span style="color: var(--highlight-default)"&gt;null&lt;/span&gt;&lt;span style="color: var(--highlight-keyword)"&gt;;&lt;/span&gt;&lt;/code&gt;&lt;/li&gt;
&lt;li&gt;&lt;code&gt;&lt;span style="color: var(--highlight-keyword)"&gt;&amp;nbsp;&amp;nbsp;&amp;nbsp;&amp;nbsp;&amp;nbsp;&amp;nbsp;&amp;nbsp;&amp;nbsp;}&lt;/span&gt;&lt;/code&gt;&lt;/li&gt;
&lt;li&gt;&lt;code&gt;&lt;span style="color: var(--highlight-keyword)"&gt;&lt;/span&gt;&lt;/code&gt;&lt;/li&gt;
&lt;li class="selected"&gt;&lt;code&gt;&lt;span style="color: var(--highlight-keyword)"&gt;&amp;nbsp;&amp;nbsp;&amp;nbsp;&amp;nbsp;&amp;nbsp;&amp;nbsp;&amp;nbsp;&amp;nbsp;return&amp;nbsp;new&amp;nbsp;&lt;/span&gt;&lt;span style="color: var(--highlight-default)"&gt;self&lt;/span&gt;&lt;span style="color: var(--highlight-keyword)"&gt;(&lt;/span&gt;&lt;span style="color: var(--highlight-default)"&gt;$exception&lt;/span&gt;&lt;span style="color: var(--highlight-keyword)"&gt;-&amp;gt;&lt;/span&gt;&lt;span style="color: var(--highlight-default)"&gt;getMessage&lt;/span&gt;&lt;span style="color: var(--highlight-keyword)"&gt;(),&amp;nbsp;&lt;/span&gt;&lt;span style="color: var(--highlight-default)"&gt;$sqlState&lt;/span&gt;&lt;span style="color: var(--highlight-keyword)"&gt;,&amp;nbsp;&lt;/span&gt;&lt;span style="color: var(--highlight-default)"&gt;$code&lt;/span&gt;&lt;span style="color: var(--highlight-keyword)"&gt;,&amp;nbsp;&lt;/span&gt;&lt;span style="color: var(--highlight-default)"&gt;$exception&lt;/span&gt;&lt;span style="color: var(--highlight-keyword)"&gt;);&lt;/span&gt;&lt;/code&gt;&lt;/li&gt;
&lt;li&gt;&lt;code&gt;&lt;span style="color: var(--highlight-keyword)"&gt;&amp;nbsp;&amp;nbsp;&amp;nbsp;&amp;nbsp;}&lt;/span&gt;&lt;/code&gt;&lt;/li&gt;
&lt;li&gt;&lt;code&gt;&lt;span style="color: var(--highlight-keyword)"&gt;}&lt;/span&gt;&lt;/code&gt;&lt;/li&gt;
&lt;li&gt;&lt;code&gt;&lt;span style="color: var(--highlight-keyword)"&gt;&lt;/span&gt;&lt;/code&gt;&lt;/li&gt;&lt;/ol&gt;    &lt;/div&gt;            &lt;/div&gt;
                        &lt;div class="trace-line "&gt;
                &lt;div class="trace-line-header break-long-words sf-toggle" data-toggle-selector="#trace-html-2-1" data-toggle-initial=""&gt;
            &lt;span class="icon icon-close"&gt;&lt;svg width="1792" height="1792" viewBox="0 0 1792 1792" xmlns="http://www.w3.org/2000/svg"&gt;&lt;path d="M1408 960V832q0-26-19-45t-45-19H448q-26 0-45 19t-19 45v128q0 26 19 45t45 19h896q26 0 45-19t19-45zm256-544v960q0 119-84.5 203.5T1376 1664H416q-119 0-203.5-84.5T128 1376V416q0-119 84.5-203.5T416 128h960q119 0 203.5 84.5T1664 416z"/&gt;&lt;/svg&gt;&lt;/span&gt;
        &lt;span class="icon icon-open"&gt;&lt;svg width="1792" height="1792" viewBox="0 0 1792 1792" xmlns="http://www.w3.org/2000/svg"&gt;&lt;path d="M1408 960V832q0-26-19-45t-45-19h-320V448q0-26-19-45t-45-19H832q-26 0-45 19t-19 45v320H448q-26 0-45 19t-19 45v128q0 26 19 45t45 19h320v320q0 26 19 45t45 19h128q26 0 45-19t19-45v-320h320q26 0 45-19t19-45zm256-544v960q0 119-84.5 203.5T1376 1664H416q-119 0-203.5-84.5T128 1376V416q0-119 84.5-203.5T416 128h960q119 0 203.5 84.5T1664 416z"/&gt;&lt;/svg&gt;&lt;/span&gt;
    
            &lt;span class="trace-class"&gt;&lt;abbr title="Doctrine\DBAL\Driver\PDO\Exception"&gt;Exception&lt;/abbr&gt;&lt;/span&gt;&lt;span class="trace-type"&gt;::&lt;/span&gt;&lt;span class="trace-method"&gt;new&lt;/span&gt;&lt;span class="trace-arguments"&gt;()&lt;/span&gt;    
                    &lt;span class="block trace-file-path"&gt;
            in
            &lt;a href=""&gt;
                C:\Users\eman\Documents\GitHub\car_dealer\vendor\doctrine\dbal\src\Driver\PDO\MySQL\&lt;strong&gt;Driver.php&lt;/strong&gt;
            &lt;/a&gt;
                        (line 34)
            &lt;span class="icon icon-copy hidden" data-clipboard-text="C:\Users\eman\Documents\GitHub\car_dealer\vendor\doctrine\dbal\src\Driver\PDO\MySQL\Driver.php:34"&gt;
                &lt;svg xmlns="http://www.w3.org/2000/svg" height="24" viewBox="0 0 24 24" width="24"&gt;&lt;path d="M0 0h24v24H0z" fill="none"/&gt;&lt;path d="M16 1H4c-1.1 0-2 .9-2 2v14h2V3h12V1zm3 4H8c-1.1 0-2 .9-2 2v14c0 1.1.9 2 2 2h11c1.1 0 2-.9 2-2V7c0-1.1-.9-2-2-2zm0 16H8V7h11v14z"/&gt;&lt;/svg&gt;            &lt;/span&gt;
        &lt;/span&gt;
    &lt;/div&gt;
    &lt;div id="trace-html-2-1" class="trace-code sf-toggle-content"&gt;
        &lt;ol start="29"&gt;&lt;li&gt;&lt;code&gt;&lt;span style="color: var(--highlight-keyword)"&gt;&amp;nbsp;&amp;nbsp;&amp;nbsp;&amp;nbsp;&amp;nbsp;&amp;nbsp;&amp;nbsp;&amp;nbsp;&amp;nbsp;&amp;nbsp;&amp;nbsp;&amp;nbsp;&amp;nbsp;&amp;nbsp;&amp;nbsp;&amp;nbsp;&lt;/span&gt;&lt;span style="color: var(--highlight-default)"&gt;$params&lt;/span&gt;&lt;span style="color: var(--highlight-keyword)"&gt;[&lt;/span&gt;&lt;span style="color: var(--highlight-string)"&gt;'user'&lt;/span&gt;&lt;span style="color: var(--highlight-keyword)"&gt;]&amp;nbsp;??&amp;nbsp;&lt;/span&gt;&lt;span style="color: var(--highlight-string)"&gt;''&lt;/span&gt;&lt;span style="color: var(--highlight-keyword)"&gt;,&lt;/span&gt;&lt;/code&gt;&lt;/li&gt;
&lt;li&gt;&lt;code&gt;&lt;span style="color: var(--highlight-keyword)"&gt;&amp;nbsp;&amp;nbsp;&amp;nbsp;&amp;nbsp;&amp;nbsp;&amp;nbsp;&amp;nbsp;&amp;nbsp;&amp;nbsp;&amp;nbsp;&amp;nbsp;&amp;nbsp;&amp;nbsp;&amp;nbsp;&amp;nbsp;&amp;nbsp;&lt;/span&gt;&lt;span style="color: var(--highlight-default)"&gt;$params&lt;/span&gt;&lt;span style="color: var(--highlight-keyword)"&gt;[&lt;/span&gt;&lt;span style="color: var(--highlight-string)"&gt;'password'&lt;/span&gt;&lt;span style="color: var(--highlight-keyword)"&gt;]&amp;nbsp;??&amp;nbsp;&lt;/span&gt;&lt;span style="color: var(--highlight-string)"&gt;''&lt;/span&gt;&lt;span style="color: var(--highlight-keyword)"&gt;,&lt;/span&gt;&lt;/code&gt;&lt;/li&gt;
&lt;li&gt;&lt;code&gt;&lt;span style="color: var(--highlight-keyword)"&gt;&amp;nbsp;&amp;nbsp;&amp;nbsp;&amp;nbsp;&amp;nbsp;&amp;nbsp;&amp;nbsp;&amp;nbsp;&amp;nbsp;&amp;nbsp;&amp;nbsp;&amp;nbsp;&amp;nbsp;&amp;nbsp;&amp;nbsp;&amp;nbsp;&lt;/span&gt;&lt;span style="color: var(--highlight-default)"&gt;$driverOptions&lt;/span&gt;&lt;/code&gt;&lt;/li&gt;
&lt;li&gt;&lt;code&gt;&lt;span style="color: var(--highlight-default)"&gt;&amp;nbsp;&amp;nbsp;&amp;nbsp;&amp;nbsp;&amp;nbsp;&amp;nbsp;&amp;nbsp;&amp;nbsp;&amp;nbsp;&amp;nbsp;&amp;nbsp;&amp;nbsp;&lt;/span&gt;&lt;span style="color: var(--highlight-keyword)"&gt;);&lt;/span&gt;&lt;/code&gt;&lt;/li&gt;
&lt;li&gt;&lt;code&gt;&lt;span style="color: var(--highlight-keyword)"&gt;&amp;nbsp;&amp;nbsp;&amp;nbsp;&amp;nbsp;&amp;nbsp;&amp;nbsp;&amp;nbsp;&amp;nbsp;}&amp;nbsp;catch&amp;nbsp;(&lt;/span&gt;&lt;span style="color: var(--highlight-default)"&gt;PDOException&amp;nbsp;$exception&lt;/span&gt;&lt;span style="color: var(--highlight-keyword)"&gt;)&amp;nbsp;{&lt;/span&gt;&lt;/code&gt;&lt;/li&gt;
&lt;li class="selected"&gt;&lt;code&gt;&lt;span style="color: var(--highlight-keyword)"&gt;&amp;nbsp;&amp;nbsp;&amp;nbsp;&amp;nbsp;&amp;nbsp;&amp;nbsp;&amp;nbsp;&amp;nbsp;&amp;nbsp;&amp;nbsp;&amp;nbsp;&amp;nbsp;throw&amp;nbsp;&lt;/span&gt;&lt;span style="color: var(--highlight-default)"&gt;Exception&lt;/span&gt;&lt;span style="color: var(--highlight-keyword)"&gt;::new(&lt;/span&gt;&lt;span style="color: var(--highlight-default)"&gt;$exception&lt;/span&gt;&lt;span style="color: var(--highlight-keyword)"&gt;);&lt;/span&gt;&lt;/code&gt;&lt;/li&gt;
&lt;li&gt;&lt;code&gt;&lt;span style="color: var(--highlight-keyword)"&gt;&amp;nbsp;&amp;nbsp;&amp;nbsp;&amp;nbsp;&amp;nbsp;&amp;nbsp;&amp;nbsp;&amp;nbsp;}&lt;/span&gt;&lt;/code&gt;&lt;/li&gt;
&lt;li&gt;&lt;code&gt;&lt;span style="color: var(--highlight-keyword)"&gt;&lt;/span&gt;&lt;/code&gt;&lt;/li&gt;
&lt;li&gt;&lt;code&gt;&lt;span style="color: var(--highlight-keyword)"&gt;&amp;nbsp;&amp;nbsp;&amp;nbsp;&amp;nbsp;&amp;nbsp;&amp;nbsp;&amp;nbsp;&amp;nbsp;return&amp;nbsp;new&amp;nbsp;&lt;/span&gt;&lt;span style="color: var(--highlight-default)"&gt;Connection&lt;/span&gt;&lt;span style="color: var(--highlight-keyword)"&gt;(&lt;/span&gt;&lt;span style="color: var(--highlight-default)"&gt;$pdo&lt;/span&gt;&lt;span style="color: var(--highlight-keyword)"&gt;);&lt;/span&gt;&lt;/code&gt;&lt;/li&gt;
&lt;li&gt;&lt;code&gt;&lt;span style="color: var(--highlight-keyword)"&gt;&amp;nbsp;&amp;nbsp;&amp;nbsp;&amp;nbsp;}&lt;/span&gt;&lt;/code&gt;&lt;/li&gt;
&lt;li&gt;&lt;code&gt;&lt;span style="color: var(--highlight-keyword)"&gt;&lt;/span&gt;&lt;/code&gt;&lt;/li&gt;&lt;/ol&gt;    &lt;/div&gt;            &lt;/div&gt;
                        &lt;div class="trace-line "&gt;
                &lt;div class="trace-line-header break-long-words sf-toggle" data-toggle-selector="#trace-html-2-2" data-toggle-initial=""&gt;
            &lt;span class="icon icon-close"&gt;&lt;svg width="1792" height="1792" viewBox="0 0 1792 1792" xmlns="http://www.w3.org/2000/svg"&gt;&lt;path d="M1408 960V832q0-26-19-45t-45-19H448q-26 0-45 19t-19 45v128q0 26 19 45t45 19h896q26 0 45-19t19-45zm256-544v960q0 119-84.5 203.5T1376 1664H416q-119 0-203.5-84.5T128 1376V416q0-119 84.5-203.5T416 128h960q119 0 203.5 84.5T1664 416z"/&gt;&lt;/svg&gt;&lt;/span&gt;
        &lt;span class="icon icon-open"&gt;&lt;svg width="1792" height="1792" viewBox="0 0 1792 1792" xmlns="http://www.w3.org/2000/svg"&gt;&lt;path d="M1408 960V832q0-26-19-45t-45-19h-320V448q0-26-19-45t-45-19H832q-26 0-45 19t-19 45v320H448q-26 0-45 19t-19 45v128q0 26 19 45t45 19h320v320q0 26 19 45t45 19h128q26 0 45-19t19-45v-320h320q26 0 45-19t19-45zm256-544v960q0 119-84.5 203.5T1376 1664H416q-119 0-203.5-84.5T128 1376V416q0-119 84.5-203.5T416 128h960q119 0 203.5 84.5T1664 416z"/&gt;&lt;/svg&gt;&lt;/span&gt;
    
            &lt;span class="trace-class"&gt;&lt;abbr title="Doctrine\DBAL\Driver\PDO\MySQL\Driver"&gt;Driver&lt;/abbr&gt;&lt;/span&gt;&lt;span class="trace-type"&gt;-&gt;&lt;/span&gt;&lt;span class="trace-method"&gt;connect&lt;/span&gt;&lt;span class="trace-arguments"&gt;()&lt;/span&gt;    
                    &lt;span class="block trace-file-path"&gt;
            in
            &lt;a href=""&gt;
                C:\Users\eman\Documents\GitHub\car_dealer\vendor\doctrine\dbal\src\&lt;strong&gt;Connection.php&lt;/strong&gt;
            &lt;/a&gt;
                        (line 325)
            &lt;span class="icon icon-copy hidden" data-clipboard-text="C:\Users\eman\Documents\GitHub\car_dealer\vendor\doctrine\dbal\src\Connection.php:325"&gt;
                &lt;svg xmlns="http://www.w3.org/2000/svg" height="24" viewBox="0 0 24 24" width="24"&gt;&lt;path d="M0 0h24v24H0z" fill="none"/&gt;&lt;path d="M16 1H4c-1.1 0-2 .9-2 2v14h2V3h12V1zm3 4H8c-1.1 0-2 .9-2 2v14c0 1.1.9 2 2 2h11c1.1 0 2-.9 2-2V7c0-1.1-.9-2-2-2zm0 16H8V7h11v14z"/&gt;&lt;/svg&gt;            &lt;/span&gt;
        &lt;/span&gt;
    &lt;/div&gt;
    &lt;div id="trace-html-2-2" class="trace-code sf-toggle-content"&gt;
        &lt;ol start="320"&gt;&lt;li&gt;&lt;code&gt;&lt;span style="color: var(--highlight-keyword)"&gt;&amp;nbsp;&amp;nbsp;&amp;nbsp;&amp;nbsp;&amp;nbsp;&amp;nbsp;&amp;nbsp;&amp;nbsp;if&amp;nbsp;(&lt;/span&gt;&lt;span style="color: var(--highlight-default)"&gt;$this&lt;/span&gt;&lt;span style="color: var(--highlight-keyword)"&gt;-&amp;gt;&lt;/span&gt;&lt;span style="color: var(--highlight-default)"&gt;_conn&amp;nbsp;&lt;/span&gt;&lt;span style="color: var(--highlight-keyword)"&gt;!==&amp;nbsp;&lt;/span&gt;&lt;span style="color: var(--highlight-default)"&gt;null&lt;/span&gt;&lt;span style="color: var(--highlight-keyword)"&gt;)&amp;nbsp;{&lt;/span&gt;&lt;/code&gt;&lt;/li&gt;
&lt;li&gt;&lt;code&gt;&lt;span style="color: var(--highlight-keyword)"&gt;&amp;nbsp;&amp;nbsp;&amp;nbsp;&amp;nbsp;&amp;nbsp;&amp;nbsp;&amp;nbsp;&amp;nbsp;&amp;nbsp;&amp;nbsp;&amp;nbsp;&amp;nbsp;return&amp;nbsp;&lt;/span&gt;&lt;span style="color: var(--highlight-default)"&gt;false&lt;/span&gt;&lt;span style="color: var(--highlight-keyword)"&gt;;&lt;/span&gt;&lt;/code&gt;&lt;/li&gt;
&lt;li&gt;&lt;code&gt;&lt;span style="color: var(--highlight-keyword)"&gt;&amp;nbsp;&amp;nbsp;&amp;nbsp;&amp;nbsp;&amp;nbsp;&amp;nbsp;&amp;nbsp;&amp;nbsp;}&lt;/span&gt;&lt;/code&gt;&lt;/li&gt;
&lt;li&gt;&lt;code&gt;&lt;span style="color: var(--highlight-keyword)"&gt;&lt;/span&gt;&lt;/code&gt;&lt;/li&gt;
&lt;li&gt;&lt;code&gt;&lt;span style="color: var(--highlight-keyword)"&gt;&amp;nbsp;&amp;nbsp;&amp;nbsp;&amp;nbsp;&amp;nbsp;&amp;nbsp;&amp;nbsp;&amp;nbsp;try&amp;nbsp;{&lt;/span&gt;&lt;/code&gt;&lt;/li&gt;
&lt;li class="selected"&gt;&lt;code&gt;&lt;span style="color: var(--highlight-keyword)"&gt;&amp;nbsp;&amp;nbsp;&amp;nbsp;&amp;nbsp;&amp;nbsp;&amp;nbsp;&amp;nbsp;&amp;nbsp;&amp;nbsp;&amp;nbsp;&amp;nbsp;&amp;nbsp;&lt;/span&gt;&lt;span style="color: var(--highlight-default)"&gt;$this&lt;/span&gt;&lt;span style="color: var(--highlight-keyword)"&gt;-&amp;gt;&lt;/span&gt;&lt;span style="color: var(--highlight-default)"&gt;_conn&amp;nbsp;&lt;/span&gt;&lt;span style="color: var(--highlight-keyword)"&gt;=&amp;nbsp;&lt;/span&gt;&lt;span style="color: var(--highlight-default)"&gt;$this&lt;/span&gt;&lt;span style="color: var(--highlight-keyword)"&gt;-&amp;gt;&lt;/span&gt;&lt;span style="color: var(--highlight-default)"&gt;_driver&lt;/span&gt;&lt;span style="color: var(--highlight-keyword)"&gt;-&amp;gt;&lt;/span&gt;&lt;span style="color: var(--highlight-default)"&gt;connect&lt;/span&gt;&lt;span style="color: var(--highlight-keyword)"&gt;(&lt;/span&gt;&lt;span style="color: var(--highlight-default)"&gt;$this&lt;/span&gt;&lt;span style="color: var(--highlight-keyword)"&gt;-&amp;gt;&lt;/span&gt;&lt;span style="color: var(--highlight-default)"&gt;params&lt;/span&gt;&lt;span style="color: var(--highlight-keyword)"&gt;);&lt;/span&gt;&lt;/code&gt;&lt;/li&gt;
&lt;li&gt;&lt;code&gt;&lt;span style="color: var(--highlight-keyword)"&gt;&amp;nbsp;&amp;nbsp;&amp;nbsp;&amp;nbsp;&amp;nbsp;&amp;nbsp;&amp;nbsp;&amp;nbsp;}&amp;nbsp;catch&amp;nbsp;(&lt;/span&gt;&lt;span style="color: var(--highlight-default)"&gt;Driver\Exception&amp;nbsp;$e&lt;/span&gt;&lt;span style="color: var(--highlight-keyword)"&gt;)&amp;nbsp;{&lt;/span&gt;&lt;/code&gt;&lt;/li&gt;
&lt;li&gt;&lt;code&gt;&lt;span style="color: var(--highlight-keyword)"&gt;&amp;nbsp;&amp;nbsp;&amp;nbsp;&amp;nbsp;&amp;nbsp;&amp;nbsp;&amp;nbsp;&amp;nbsp;&amp;nbsp;&amp;nbsp;&amp;nbsp;&amp;nbsp;throw&amp;nbsp;&lt;/span&gt;&lt;span style="color: var(--highlight-default)"&gt;$this&lt;/span&gt;&lt;span style="color: var(--highlight-keyword)"&gt;-&amp;gt;&lt;/span&gt;&lt;span style="color: var(--highlight-default)"&gt;convertException&lt;/span&gt;&lt;span style="color: var(--highlight-keyword)"&gt;(&lt;/span&gt;&lt;span style="color: var(--highlight-default)"&gt;$e&lt;/span&gt;&lt;span style="color: var(--highlight-keyword)"&gt;);&lt;/span&gt;&lt;/code&gt;&lt;/li&gt;
&lt;li&gt;&lt;code&gt;&lt;span style="color: var(--highlight-keyword)"&gt;&amp;nbsp;&amp;nbsp;&amp;nbsp;&amp;nbsp;&amp;nbsp;&amp;nbsp;&amp;nbsp;&amp;nbsp;}&lt;/span&gt;&lt;/code&gt;&lt;/li&gt;
&lt;li&gt;&lt;code&gt;&lt;span style="color: var(--highlight-keyword)"&gt;&lt;/span&gt;&lt;/code&gt;&lt;/li&gt;
&lt;li&gt;&lt;code&gt;&lt;span style="color: var(--highlight-keyword)"&gt;&amp;nbsp;&amp;nbsp;&amp;nbsp;&amp;nbsp;&amp;nbsp;&amp;nbsp;&amp;nbsp;&amp;nbsp;if&amp;nbsp;(&lt;/span&gt;&lt;span style="color: var(--highlight-default)"&gt;$this&lt;/span&gt;&lt;span style="color: var(--highlight-keyword)"&gt;-&amp;gt;&lt;/span&gt;&lt;span style="color: var(--highlight-default)"&gt;autoCommit&amp;nbsp;&lt;/span&gt;&lt;span style="color: var(--highlight-keyword)"&gt;===&amp;nbsp;&lt;/span&gt;&lt;span style="color: var(--highlight-default)"&gt;false&lt;/span&gt;&lt;span style="color: var(--highlight-keyword)"&gt;)&amp;nbsp;{&lt;/span&gt;&lt;/code&gt;&lt;/li&gt;&lt;/ol&gt;    &lt;/div&gt;            &lt;/div&gt;
                        &lt;div class="trace-line "&gt;
                &lt;div class="trace-line-header break-long-words sf-toggle" data-toggle-selector="#trace-html-2-3" data-toggle-initial=""&gt;
            &lt;span class="icon icon-close"&gt;&lt;svg width="1792" height="1792" viewBox="0 0 1792 1792" xmlns="http://www.w3.org/2000/svg"&gt;&lt;path d="M1408 960V832q0-26-19-45t-45-19H448q-26 0-45 19t-19 45v128q0 26 19 45t45 19h896q26 0 45-19t19-45zm256-544v960q0 119-84.5 203.5T1376 1664H416q-119 0-203.5-84.5T128 1376V416q0-119 84.5-203.5T416 128h960q119 0 203.5 84.5T1664 416z"/&gt;&lt;/svg&gt;&lt;/span&gt;
        &lt;span class="icon icon-open"&gt;&lt;svg width="1792" height="1792" viewBox="0 0 1792 1792" xmlns="http://www.w3.org/2000/svg"&gt;&lt;path d="M1408 960V832q0-26-19-45t-45-19h-320V448q0-26-19-45t-45-19H832q-26 0-45 19t-19 45v320H448q-26 0-45 19t-19 45v128q0 26 19 45t45 19h320v320q0 26 19 45t45 19h128q26 0 45-19t19-45v-320h320q26 0 45-19t19-45zm256-544v960q0 119-84.5 203.5T1376 1664H416q-119 0-203.5-84.5T128 1376V416q0-119 84.5-203.5T416 128h960q119 0 203.5 84.5T1664 416z"/&gt;&lt;/svg&gt;&lt;/span&gt;
    
            &lt;span class="trace-class"&gt;&lt;abbr title="Doctrine\DBAL\Connection"&gt;Connection&lt;/abbr&gt;&lt;/span&gt;&lt;span class="trace-type"&gt;-&gt;&lt;/span&gt;&lt;span class="trace-method"&gt;connect&lt;/span&gt;&lt;span class="trace-arguments"&gt;()&lt;/span&gt;    
                    &lt;span class="block trace-file-path"&gt;
            in
            &lt;a href=""&gt;
                C:\Users\eman\Documents\GitHub\car_dealer\vendor\doctrine\dbal\src\&lt;strong&gt;Connection.php&lt;/strong&gt;
            &lt;/a&gt;
                        (line 1507)
            &lt;span class="icon icon-copy hidden" data-clipboard-text="C:\Users\eman\Documents\GitHub\car_dealer\vendor\doctrine\dbal\src\Connection.php:1507"&gt;
                &lt;svg xmlns="http://www.w3.org/2000/svg" height="24" viewBox="0 0 24 24" width="24"&gt;&lt;path d="M0 0h24v24H0z" fill="none"/&gt;&lt;path d="M16 1H4c-1.1 0-2 .9-2 2v14h2V3h12V1zm3 4H8c-1.1 0-2 .9-2 2v14c0 1.1.9 2 2 2h11c1.1 0 2-.9 2-2V7c0-1.1-.9-2-2-2zm0 16H8V7h11v14z"/&gt;&lt;/svg&gt;            &lt;/span&gt;
        &lt;/span&gt;
    &lt;/div&gt;
    &lt;div id="trace-html-2-3" class="trace-code sf-toggle-content"&gt;
        &lt;ol start="1502"&gt;&lt;li&gt;&lt;code&gt;&lt;span style="color: var(--highlight-comment)"&gt;&amp;nbsp;&amp;nbsp;&amp;nbsp;&amp;nbsp;&amp;nbsp;*&lt;/span&gt;&lt;/code&gt;&lt;/li&gt;
&lt;li&gt;&lt;code&gt;&lt;span style="color: var(--highlight-comment)"&gt;&amp;nbsp;&amp;nbsp;&amp;nbsp;&amp;nbsp;&amp;nbsp;*&amp;nbsp;@throws&amp;nbsp;Exception&lt;/span&gt;&lt;/code&gt;&lt;/li&gt;
&lt;li&gt;&lt;code&gt;&lt;span style="color: var(--highlight-comment)"&gt;&amp;nbsp;&amp;nbsp;&amp;nbsp;&amp;nbsp;&amp;nbsp;*/&lt;/span&gt;&lt;/code&gt;&lt;/li&gt;
&lt;li&gt;&lt;code&gt;&lt;span style="color: var(--highlight-comment)"&gt;&amp;nbsp;&amp;nbsp;&amp;nbsp;&amp;nbsp;&lt;/span&gt;&lt;span style="color: var(--highlight-keyword)"&gt;public&amp;nbsp;function&amp;nbsp;&lt;/span&gt;&lt;span style="color: var(--highlight-default)"&gt;getWrappedConnection&lt;/span&gt;&lt;span style="color: var(--highlight-keyword)"&gt;()&lt;/span&gt;&lt;/code&gt;&lt;/li&gt;
&lt;li&gt;&lt;code&gt;&lt;span style="color: var(--highlight-keyword)"&gt;&amp;nbsp;&amp;nbsp;&amp;nbsp;&amp;nbsp;{&lt;/span&gt;&lt;/code&gt;&lt;/li&gt;
&lt;li class="selected"&gt;&lt;code&gt;&lt;span style="color: var(--highlight-keyword)"&gt;&amp;nbsp;&amp;nbsp;&amp;nbsp;&amp;nbsp;&amp;nbsp;&amp;nbsp;&amp;nbsp;&amp;nbsp;&lt;/span&gt;&lt;span style="color: var(--highlight-default)"&gt;$this&lt;/span&gt;&lt;span style="color: var(--highlight-keyword)"&gt;-&amp;gt;&lt;/span&gt;&lt;span style="color: var(--highlight-default)"&gt;connect&lt;/span&gt;&lt;span style="color: var(--highlight-keyword)"&gt;();&lt;/span&gt;&lt;/code&gt;&lt;/li&gt;
&lt;li&gt;&lt;code&gt;&lt;span style="color: var(--highlight-keyword)"&gt;&lt;/span&gt;&lt;/code&gt;&lt;/li&gt;
&lt;li&gt;&lt;code&gt;&lt;span style="color: var(--highlight-keyword)"&gt;&amp;nbsp;&amp;nbsp;&amp;nbsp;&amp;nbsp;&amp;nbsp;&amp;nbsp;&amp;nbsp;&amp;nbsp;&lt;/span&gt;&lt;span style="color: var(--highlight-default)"&gt;assert&lt;/span&gt;&lt;span style="color: var(--highlight-keyword)"&gt;(&lt;/span&gt;&lt;span style="color: var(--highlight-default)"&gt;$this&lt;/span&gt;&lt;span style="color: var(--highlight-keyword)"&gt;-&amp;gt;&lt;/span&gt;&lt;span style="color: var(--highlight-default)"&gt;_conn&amp;nbsp;&lt;/span&gt;&lt;span style="color: var(--highlight-keyword)"&gt;!==&amp;nbsp;&lt;/span&gt;&lt;span style="color: var(--highlight-default)"&gt;null&lt;/span&gt;&lt;span style="color: var(--highlight-keyword)"&gt;);&lt;/span&gt;&lt;/code&gt;&lt;/li&gt;
&lt;li&gt;&lt;code&gt;&lt;span style="color: var(--highlight-keyword)"&gt;&lt;/span&gt;&lt;/code&gt;&lt;/li&gt;
&lt;li&gt;&lt;code&gt;&lt;span style="color: var(--highlight-keyword)"&gt;&amp;nbsp;&amp;nbsp;&amp;nbsp;&amp;nbsp;&amp;nbsp;&amp;nbsp;&amp;nbsp;&amp;nbsp;return&amp;nbsp;&lt;/span&gt;&lt;span style="color: var(--highlight-default)"&gt;$this&lt;/span&gt;&lt;span style="color: var(--highlight-keyword)"&gt;-&amp;gt;&lt;/span&gt;&lt;span style="color: var(--highlight-default)"&gt;_conn&lt;/span&gt;&lt;span style="color: var(--highlight-keyword)"&gt;;&lt;/span&gt;&lt;/code&gt;&lt;/li&gt;
&lt;li&gt;&lt;code&gt;&lt;span style="color: var(--highlight-keyword)"&gt;&amp;nbsp;&amp;nbsp;&amp;nbsp;&amp;nbsp;}&lt;/span&gt;&lt;/code&gt;&lt;/li&gt;&lt;/ol&gt;    &lt;/div&gt;            &lt;/div&gt;
                        &lt;div class="trace-line "&gt;
                &lt;div class="trace-line-header break-long-words sf-toggle" data-toggle-selector="#trace-html-2-4" data-toggle-initial=""&gt;
            &lt;span class="icon icon-close"&gt;&lt;svg width="1792" height="1792" viewBox="0 0 1792 1792" xmlns="http://www.w3.org/2000/svg"&gt;&lt;path d="M1408 960V832q0-26-19-45t-45-19H448q-26 0-45 19t-19 45v128q0 26 19 45t45 19h896q26 0 45-19t19-45zm256-544v960q0 119-84.5 203.5T1376 1664H416q-119 0-203.5-84.5T128 1376V416q0-119 84.5-203.5T416 128h960q119 0 203.5 84.5T1664 416z"/&gt;&lt;/svg&gt;&lt;/span&gt;
        &lt;span class="icon icon-open"&gt;&lt;svg width="1792" height="1792" viewBox="0 0 1792 1792" xmlns="http://www.w3.org/2000/svg"&gt;&lt;path d="M1408 960V832q0-26-19-45t-45-19h-320V448q0-26-19-45t-45-19H832q-26 0-45 19t-19 45v320H448q-26 0-45 19t-19 45v128q0 26 19 45t45 19h320v320q0 26 19 45t45 19h128q26 0 45-19t19-45v-320h320q26 0 45-19t19-45zm256-544v960q0 119-84.5 203.5T1376 1664H416q-119 0-203.5-84.5T128 1376V416q0-119 84.5-203.5T416 128h960q119 0 203.5 84.5T1664 416z"/&gt;&lt;/svg&gt;&lt;/span&gt;
    
            &lt;span class="trace-class"&gt;&lt;abbr title="Doctrine\DBAL\Connection"&gt;Connection&lt;/abbr&gt;&lt;/span&gt;&lt;span class="trace-type"&gt;-&gt;&lt;/span&gt;&lt;span class="trace-method"&gt;getWrappedConnection&lt;/span&gt;&lt;span class="trace-arguments"&gt;()&lt;/span&gt;    
                    &lt;span class="block trace-file-path"&gt;
            in
            &lt;a href=""&gt;
                C:\Users\eman\Documents\GitHub\car_dealer\vendor\doctrine\dbal\src\&lt;strong&gt;Connection.php&lt;/strong&gt;
            &lt;/a&gt;
                        (line 1013)
            &lt;span class="icon icon-copy hidden" data-clipboard-text="C:\Users\eman\Documents\GitHub\car_dealer\vendor\doctrine\dbal\src\Connection.php:1013"&gt;
                &lt;svg xmlns="http://www.w3.org/2000/svg" height="24" viewBox="0 0 24 24" width="24"&gt;&lt;path d="M0 0h24v24H0z" fill="none"/&gt;&lt;path d="M16 1H4c-1.1 0-2 .9-2 2v14h2V3h12V1zm3 4H8c-1.1 0-2 .9-2 2v14c0 1.1.9 2 2 2h11c1.1 0 2-.9 2-2V7c0-1.1-.9-2-2-2zm0 16H8V7h11v14z"/&gt;&lt;/svg&gt;            &lt;/span&gt;
        &lt;/span&gt;
    &lt;/div&gt;
    &lt;div id="trace-html-2-4" class="trace-code sf-toggle-content"&gt;
        &lt;ol start="1008"&gt;&lt;li&gt;&lt;code&gt;&lt;span style="color: var(--highlight-default)"&gt;&amp;nbsp;&amp;nbsp;&amp;nbsp;&amp;nbsp;&lt;/span&gt;&lt;span style="color: var(--highlight-keyword)"&gt;):&amp;nbsp;&lt;/span&gt;&lt;span style="color: var(--highlight-default)"&gt;Result&amp;nbsp;&lt;/span&gt;&lt;span style="color: var(--highlight-keyword)"&gt;{&lt;/span&gt;&lt;/code&gt;&lt;/li&gt;
&lt;li&gt;&lt;code&gt;&lt;span style="color: var(--highlight-keyword)"&gt;&amp;nbsp;&amp;nbsp;&amp;nbsp;&amp;nbsp;&amp;nbsp;&amp;nbsp;&amp;nbsp;&amp;nbsp;if&amp;nbsp;(&lt;/span&gt;&lt;span style="color: var(--highlight-default)"&gt;$qcp&amp;nbsp;&lt;/span&gt;&lt;span style="color: var(--highlight-keyword)"&gt;!==&amp;nbsp;&lt;/span&gt;&lt;span style="color: var(--highlight-default)"&gt;null&lt;/span&gt;&lt;span style="color: var(--highlight-keyword)"&gt;)&amp;nbsp;{&lt;/span&gt;&lt;/code&gt;&lt;/li&gt;
&lt;li&gt;&lt;code&gt;&lt;span style="color: var(--highlight-keyword)"&gt;&amp;nbsp;&amp;nbsp;&amp;nbsp;&amp;nbsp;&amp;nbsp;&amp;nbsp;&amp;nbsp;&amp;nbsp;&amp;nbsp;&amp;nbsp;&amp;nbsp;&amp;nbsp;return&amp;nbsp;&lt;/span&gt;&lt;span style="color: var(--highlight-default)"&gt;$this&lt;/span&gt;&lt;span style="color: var(--highlight-keyword)"&gt;-&amp;gt;&lt;/span&gt;&lt;span style="color: var(--highlight-default)"&gt;executeCacheQuery&lt;/span&gt;&lt;span style="color: var(--highlight-keyword)"&gt;(&lt;/span&gt;&lt;span style="color: var(--highlight-default)"&gt;$sql&lt;/span&gt;&lt;span style="color: var(--highlight-keyword)"&gt;,&amp;nbsp;&lt;/span&gt;&lt;span style="color: var(--highlight-default)"&gt;$params&lt;/span&gt;&lt;span style="color: var(--highlight-keyword)"&gt;,&amp;nbsp;&lt;/span&gt;&lt;span style="color: var(--highlight-default)"&gt;$types&lt;/span&gt;&lt;span style="color: var(--highlight-keyword)"&gt;,&amp;nbsp;&lt;/span&gt;&lt;span style="color: var(--highlight-default)"&gt;$qcp&lt;/span&gt;&lt;span style="color: var(--highlight-keyword)"&gt;);&lt;/span&gt;&lt;/code&gt;&lt;/li&gt;
&lt;li&gt;&lt;code&gt;&lt;span style="color: var(--highlight-keyword)"&gt;&amp;nbsp;&amp;nbsp;&amp;nbsp;&amp;nbsp;&amp;nbsp;&amp;nbsp;&amp;nbsp;&amp;nbsp;}&lt;/span&gt;&lt;/code&gt;&lt;/li&gt;
&lt;li&gt;&lt;code&gt;&lt;span style="color: var(--highlight-keyword)"&gt;&lt;/span&gt;&lt;/code&gt;&lt;/li&gt;
&lt;li class="selected"&gt;&lt;code&gt;&lt;span style="color: var(--highlight-keyword)"&gt;&amp;nbsp;&amp;nbsp;&amp;nbsp;&amp;nbsp;&amp;nbsp;&amp;nbsp;&amp;nbsp;&amp;nbsp;&lt;/span&gt;&lt;span style="color: var(--highlight-default)"&gt;$connection&amp;nbsp;&lt;/span&gt;&lt;span style="color: var(--highlight-keyword)"&gt;=&amp;nbsp;&lt;/span&gt;&lt;span style="color: var(--highlight-default)"&gt;$this&lt;/span&gt;&lt;span style="color: var(--highlight-keyword)"&gt;-&amp;gt;&lt;/span&gt;&lt;span style="color: var(--highlight-default)"&gt;getWrappedConnection&lt;/span&gt;&lt;span style="color: var(--highlight-keyword)"&gt;();&lt;/span&gt;&lt;/code&gt;&lt;/li&gt;
&lt;li&gt;&lt;code&gt;&lt;span style="color: var(--highlight-keyword)"&gt;&lt;/span&gt;&lt;/code&gt;&lt;/li&gt;
&lt;li&gt;&lt;code&gt;&lt;span style="color: var(--highlight-keyword)"&gt;&amp;nbsp;&amp;nbsp;&amp;nbsp;&amp;nbsp;&amp;nbsp;&amp;nbsp;&amp;nbsp;&amp;nbsp;&lt;/span&gt;&lt;span style="color: var(--highlight-default)"&gt;$logger&amp;nbsp;&lt;/span&gt;&lt;span style="color: var(--highlight-keyword)"&gt;=&amp;nbsp;&lt;/span&gt;&lt;span style="color: var(--highlight-default)"&gt;$this&lt;/span&gt;&lt;span style="color: var(--highlight-keyword)"&gt;-&amp;gt;&lt;/span&gt;&lt;span style="color: var(--highlight-default)"&gt;_config&lt;/span&gt;&lt;span style="color: var(--highlight-keyword)"&gt;-&amp;gt;&lt;/span&gt;&lt;span style="color: var(--highlight-default)"&gt;getSQLLogger&lt;/span&gt;&lt;span style="color: var(--highlight-keyword)"&gt;();&lt;/span&gt;&lt;/code&gt;&lt;/li&gt;
&lt;li&gt;&lt;code&gt;&lt;span style="color: var(--highlight-keyword)"&gt;&amp;nbsp;&amp;nbsp;&amp;nbsp;&amp;nbsp;&amp;nbsp;&amp;nbsp;&amp;nbsp;&amp;nbsp;if&amp;nbsp;(&lt;/span&gt;&lt;span style="color: var(--highlight-default)"&gt;$logger&amp;nbsp;&lt;/span&gt;&lt;span style="color: var(--highlight-keyword)"&gt;!==&amp;nbsp;&lt;/span&gt;&lt;span style="color: var(--highlight-default)"&gt;null&lt;/span&gt;&lt;span style="color: var(--highlight-keyword)"&gt;)&amp;nbsp;{&lt;/span&gt;&lt;/code&gt;&lt;/li&gt;
&lt;li&gt;&lt;code&gt;&lt;span style="color: var(--highlight-keyword)"&gt;&amp;nbsp;&amp;nbsp;&amp;nbsp;&amp;nbsp;&amp;nbsp;&amp;nbsp;&amp;nbsp;&amp;nbsp;&amp;nbsp;&amp;nbsp;&amp;nbsp;&amp;nbsp;&lt;/span&gt;&lt;span style="color: var(--highlight-default)"&gt;$logger&lt;/span&gt;&lt;span style="color: var(--highlight-keyword)"&gt;-&amp;gt;&lt;/span&gt;&lt;span style="color: var(--highlight-default)"&gt;startQuery&lt;/span&gt;&lt;span style="color: var(--highlight-keyword)"&gt;(&lt;/span&gt;&lt;span style="color: var(--highlight-default)"&gt;$sql&lt;/span&gt;&lt;span style="color: var(--highlight-keyword)"&gt;,&amp;nbsp;&lt;/span&gt;&lt;span style="color: var(--highlight-default)"&gt;$params&lt;/span&gt;&lt;span style="color: var(--highlight-keyword)"&gt;,&amp;nbsp;&lt;/span&gt;&lt;span style="color: var(--highlight-default)"&gt;$types&lt;/span&gt;&lt;span style="color: var(--highlight-keyword)"&gt;);&lt;/span&gt;&lt;/code&gt;&lt;/li&gt;
&lt;li&gt;&lt;code&gt;&lt;span style="color: var(--highlight-keyword)"&gt;&amp;nbsp;&amp;nbsp;&amp;nbsp;&amp;nbsp;&amp;nbsp;&amp;nbsp;&amp;nbsp;&amp;nbsp;}&lt;/span&gt;&lt;/code&gt;&lt;/li&gt;&lt;/ol&gt;    &lt;/div&gt;            &lt;/div&gt;
                        &lt;div class="trace-line "&gt;
                &lt;div class="trace-line-header break-long-words sf-toggle" data-toggle-selector="#trace-html-2-5" data-toggle-initial=""&gt;
            &lt;span class="icon icon-close"&gt;&lt;svg width="1792" height="1792" viewBox="0 0 1792 1792" xmlns="http://www.w3.org/2000/svg"&gt;&lt;path d="M1408 960V832q0-26-19-45t-45-19H448q-26 0-45 19t-19 45v128q0 26 19 45t45 19h896q26 0 45-19t19-45zm256-544v960q0 119-84.5 203.5T1376 1664H416q-119 0-203.5-84.5T128 1376V416q0-119 84.5-203.5T416 128h960q119 0 203.5 84.5T1664 416z"/&gt;&lt;/svg&gt;&lt;/span&gt;
        &lt;span class="icon icon-open"&gt;&lt;svg width="1792" height="1792" viewBox="0 0 1792 1792" xmlns="http://www.w3.org/2000/svg"&gt;&lt;path d="M1408 960V832q0-26-19-45t-45-19h-320V448q0-26-19-45t-45-19H832q-26 0-45 19t-19 45v320H448q-26 0-45 19t-19 45v128q0 26 19 45t45 19h320v320q0 26 19 45t45 19h128q26 0 45-19t19-45v-320h320q26 0 45-19t19-45zm256-544v960q0 119-84.5 203.5T1376 1664H416q-119 0-203.5-84.5T128 1376V416q0-119 84.5-203.5T416 128h960q119 0 203.5 84.5T1664 416z"/&gt;&lt;/svg&gt;&lt;/span&gt;
    
            &lt;span class="trace-class"&gt;&lt;abbr title="Doctrine\DBAL\Connection"&gt;Connection&lt;/abbr&gt;&lt;/span&gt;&lt;span class="trace-type"&gt;-&gt;&lt;/span&gt;&lt;span class="trace-method"&gt;executeQuery&lt;/span&gt;&lt;span class="trace-arguments"&gt;()&lt;/span&gt;    
                    &lt;span class="block trace-file-path"&gt;
            in
            &lt;a href=""&gt;
                C:\Users\eman\Documents\GitHub\car_dealer\vendor\doctrine\orm\lib\Doctrine\ORM\Persisters\Entity\&lt;strong&gt;BasicEntityPersister.php&lt;/strong&gt;
            &lt;/a&gt;
                        (line 883)
            &lt;span class="icon icon-copy hidden" data-clipboard-text="C:\Users\eman\Documents\GitHub\car_dealer\vendor\doctrine\orm\lib\Doctrine\ORM\Persisters\Entity\BasicEntityPersister.php:883"&gt;
                &lt;svg xmlns="http://www.w3.org/2000/svg" height="24" viewBox="0 0 24 24" width="24"&gt;&lt;path d="M0 0h24v24H0z" fill="none"/&gt;&lt;path d="M16 1H4c-1.1 0-2 .9-2 2v14h2V3h12V1zm3 4H8c-1.1 0-2 .9-2 2v14c0 1.1.9 2 2 2h11c1.1 0 2-.9 2-2V7c0-1.1-.9-2-2-2zm0 16H8V7h11v14z"/&gt;&lt;/svg&gt;            &lt;/span&gt;
        &lt;/span&gt;
    &lt;/div&gt;
    &lt;div id="trace-html-2-5" class="trace-code sf-toggle-content"&gt;
        &lt;ol start="878"&gt;&lt;li&gt;&lt;code&gt;&lt;span style="color: var(--highlight-keyword)"&gt;&amp;nbsp;&amp;nbsp;&amp;nbsp;&amp;nbsp;{&lt;/span&gt;&lt;/code&gt;&lt;/li&gt;
&lt;li&gt;&lt;code&gt;&lt;span style="color: var(--highlight-keyword)"&gt;&amp;nbsp;&amp;nbsp;&amp;nbsp;&amp;nbsp;&amp;nbsp;&amp;nbsp;&amp;nbsp;&amp;nbsp;&lt;/span&gt;&lt;span style="color: var(--highlight-default)"&gt;$this&lt;/span&gt;&lt;span style="color: var(--highlight-keyword)"&gt;-&amp;gt;&lt;/span&gt;&lt;span style="color: var(--highlight-default)"&gt;switchPersisterContext&lt;/span&gt;&lt;span style="color: var(--highlight-keyword)"&gt;(&lt;/span&gt;&lt;span style="color: var(--highlight-default)"&gt;$offset&lt;/span&gt;&lt;span style="color: var(--highlight-keyword)"&gt;,&amp;nbsp;&lt;/span&gt;&lt;span style="color: var(--highlight-default)"&gt;$limit&lt;/span&gt;&lt;span style="color: var(--highlight-keyword)"&gt;);&lt;/span&gt;&lt;/code&gt;&lt;/li&gt;
&lt;li&gt;&lt;code&gt;&lt;span style="color: var(--highlight-keyword)"&gt;&lt;/span&gt;&lt;/code&gt;&lt;/li&gt;
&lt;li&gt;&lt;code&gt;&lt;span style="color: var(--highlight-keyword)"&gt;&amp;nbsp;&amp;nbsp;&amp;nbsp;&amp;nbsp;&amp;nbsp;&amp;nbsp;&amp;nbsp;&amp;nbsp;&lt;/span&gt;&lt;span style="color: var(--highlight-default)"&gt;$sql&amp;nbsp;&amp;nbsp;&amp;nbsp;&amp;nbsp;&amp;nbsp;&amp;nbsp;&amp;nbsp;&amp;nbsp;&amp;nbsp;&amp;nbsp;&amp;nbsp;&amp;nbsp;&amp;nbsp;&amp;nbsp;&lt;/span&gt;&lt;span style="color: var(--highlight-keyword)"&gt;=&amp;nbsp;&lt;/span&gt;&lt;span style="color: var(--highlight-default)"&gt;$this&lt;/span&gt;&lt;span style="color: var(--highlight-keyword)"&gt;-&amp;gt;&lt;/span&gt;&lt;span style="color: var(--highlight-default)"&gt;getSelectSQL&lt;/span&gt;&lt;span style="color: var(--highlight-keyword)"&gt;(&lt;/span&gt;&lt;span style="color: var(--highlight-default)"&gt;$criteria&lt;/span&gt;&lt;span style="color: var(--highlight-keyword)"&gt;,&amp;nbsp;&lt;/span&gt;&lt;span style="color: var(--highlight-default)"&gt;null&lt;/span&gt;&lt;span style="color: var(--highlight-keyword)"&gt;,&amp;nbsp;&lt;/span&gt;&lt;span style="color: var(--highlight-default)"&gt;null&lt;/span&gt;&lt;span style="color: var(--highlight-keyword)"&gt;,&amp;nbsp;&lt;/span&gt;&lt;span style="color: var(--highlight-default)"&gt;$limit&lt;/span&gt;&lt;span style="color: var(--highlight-keyword)"&gt;,&amp;nbsp;&lt;/span&gt;&lt;span style="color: var(--highlight-default)"&gt;$offset&lt;/span&gt;&lt;span style="color: var(--highlight-keyword)"&gt;,&amp;nbsp;&lt;/span&gt;&lt;span style="color: var(--highlight-default)"&gt;$orderBy&lt;/span&gt;&lt;span style="color: var(--highlight-keyword)"&gt;);&lt;/span&gt;&lt;/code&gt;&lt;/li&gt;
&lt;li&gt;&lt;code&gt;&lt;span style="color: var(--highlight-keyword)"&gt;&amp;nbsp;&amp;nbsp;&amp;nbsp;&amp;nbsp;&amp;nbsp;&amp;nbsp;&amp;nbsp;&amp;nbsp;[&lt;/span&gt;&lt;span style="color: var(--highlight-default)"&gt;$params&lt;/span&gt;&lt;span style="color: var(--highlight-keyword)"&gt;,&amp;nbsp;&lt;/span&gt;&lt;span style="color: var(--highlight-default)"&gt;$types&lt;/span&gt;&lt;span style="color: var(--highlight-keyword)"&gt;]&amp;nbsp;=&amp;nbsp;&lt;/span&gt;&lt;span style="color: var(--highlight-default)"&gt;$this&lt;/span&gt;&lt;span style="color: var(--highlight-keyword)"&gt;-&amp;gt;&lt;/span&gt;&lt;span style="color: var(--highlight-default)"&gt;expandParameters&lt;/span&gt;&lt;span style="color: var(--highlight-keyword)"&gt;(&lt;/span&gt;&lt;span style="color: var(--highlight-default)"&gt;$criteria&lt;/span&gt;&lt;span style="color: var(--highlight-keyword)"&gt;);&lt;/span&gt;&lt;/code&gt;&lt;/li&gt;
&lt;li class="selected"&gt;&lt;code&gt;&lt;span style="color: var(--highlight-keyword)"&gt;&amp;nbsp;&amp;nbsp;&amp;nbsp;&amp;nbsp;&amp;nbsp;&amp;nbsp;&amp;nbsp;&amp;nbsp;&lt;/span&gt;&lt;span style="color: var(--highlight-default)"&gt;$stmt&amp;nbsp;&amp;nbsp;&amp;nbsp;&amp;nbsp;&amp;nbsp;&amp;nbsp;&amp;nbsp;&amp;nbsp;&amp;nbsp;&amp;nbsp;&amp;nbsp;&amp;nbsp;&amp;nbsp;&lt;/span&gt;&lt;span style="color: var(--highlight-keyword)"&gt;=&amp;nbsp;&lt;/span&gt;&lt;span style="color: var(--highlight-default)"&gt;$this&lt;/span&gt;&lt;span style="color: var(--highlight-keyword)"&gt;-&amp;gt;&lt;/span&gt;&lt;span style="color: var(--highlight-default)"&gt;conn&lt;/span&gt;&lt;span style="color: var(--highlight-keyword)"&gt;-&amp;gt;&lt;/span&gt;&lt;span style="color: var(--highlight-default)"&gt;executeQuery&lt;/span&gt;&lt;span style="color: var(--highlight-keyword)"&gt;(&lt;/span&gt;&lt;span style="color: var(--highlight-default)"&gt;$sql&lt;/span&gt;&lt;span style="color: var(--highlight-keyword)"&gt;,&amp;nbsp;&lt;/span&gt;&lt;span style="color: var(--highlight-default)"&gt;$params&lt;/span&gt;&lt;span style="color: var(--highlight-keyword)"&gt;,&amp;nbsp;&lt;/span&gt;&lt;span style="color: var(--highlight-default)"&gt;$types&lt;/span&gt;&lt;span style="color: var(--highlight-keyword)"&gt;);&lt;/span&gt;&lt;/code&gt;&lt;/li&gt;
&lt;li&gt;&lt;code&gt;&lt;span style="color: var(--highlight-keyword)"&gt;&lt;/span&gt;&lt;/code&gt;&lt;/li&gt;
&lt;li&gt;&lt;code&gt;&lt;span style="color: var(--highlight-keyword)"&gt;&amp;nbsp;&amp;nbsp;&amp;nbsp;&amp;nbsp;&amp;nbsp;&amp;nbsp;&amp;nbsp;&amp;nbsp;&lt;/span&gt;&lt;span style="color: var(--highlight-default)"&gt;$hydrator&amp;nbsp;&lt;/span&gt;&lt;span style="color: var(--highlight-keyword)"&gt;=&amp;nbsp;&lt;/span&gt;&lt;span style="color: var(--highlight-default)"&gt;$this&lt;/span&gt;&lt;span style="color: var(--highlight-keyword)"&gt;-&amp;gt;&lt;/span&gt;&lt;span style="color: var(--highlight-default)"&gt;em&lt;/span&gt;&lt;span style="color: var(--highlight-keyword)"&gt;-&amp;gt;&lt;/span&gt;&lt;span style="color: var(--highlight-default)"&gt;newHydrator&lt;/span&gt;&lt;span style="color: var(--highlight-keyword)"&gt;(&lt;/span&gt;&lt;span style="color: var(--highlight-default)"&gt;$this&lt;/span&gt;&lt;span style="color: var(--highlight-keyword)"&gt;-&amp;gt;&lt;/span&gt;&lt;span style="color: var(--highlight-default)"&gt;currentPersisterContext&lt;/span&gt;&lt;span style="color: var(--highlight-keyword)"&gt;-&amp;gt;&lt;/span&gt;&lt;span style="color: var(--highlight-default)"&gt;selectJoinSql&amp;nbsp;&lt;/span&gt;&lt;span style="color: var(--highlight-keyword)"&gt;?&amp;nbsp;&lt;/span&gt;&lt;span style="color: var(--highlight-default)"&gt;Query&lt;/span&gt;&lt;span style="color: var(--highlight-keyword)"&gt;::&lt;/span&gt;&lt;span style="color: var(--highlight-default)"&gt;HYDRATE_OBJECT&amp;nbsp;&lt;/span&gt;&lt;span style="color: var(--highlight-keyword)"&gt;:&amp;nbsp;&lt;/span&gt;&lt;span style="color: var(--highlight-default)"&gt;Query&lt;/span&gt;&lt;span style="color: var(--highlight-keyword)"&gt;::&lt;/span&gt;&lt;span style="color: var(--highlight-default)"&gt;HYDRATE_SIMPLEOBJECT&lt;/span&gt;&lt;span style="color: var(--highlight-keyword)"&gt;);&lt;/span&gt;&lt;/code&gt;&lt;/li&gt;
&lt;li&gt;&lt;code&gt;&lt;span style="color: var(--highlight-keyword)"&gt;&lt;/span&gt;&lt;/code&gt;&lt;/li&gt;
&lt;li&gt;&lt;code&gt;&lt;span style="color: var(--highlight-keyword)"&gt;&amp;nbsp;&amp;nbsp;&amp;nbsp;&amp;nbsp;&amp;nbsp;&amp;nbsp;&amp;nbsp;&amp;nbsp;return&amp;nbsp;&lt;/span&gt;&lt;span style="color: var(--highlight-default)"&gt;$hydrator&lt;/span&gt;&lt;span style="color: var(--highlight-keyword)"&gt;-&amp;gt;&lt;/span&gt;&lt;span style="color: var(--highlight-default)"&gt;hydrateAll&lt;/span&gt;&lt;span style="color: var(--highlight-keyword)"&gt;(&lt;/span&gt;&lt;span style="color: var(--highlight-default)"&gt;$stmt&lt;/span&gt;&lt;span style="color: var(--highlight-keyword)"&gt;,&amp;nbsp;&lt;/span&gt;&lt;span style="color: var(--highlight-default)"&gt;$this&lt;/span&gt;&lt;span style="color: var(--highlight-keyword)"&gt;-&amp;gt;&lt;/span&gt;&lt;span style="color: var(--highlight-default)"&gt;currentPersisterContext&lt;/span&gt;&lt;span style="color: var(--highlight-keyword)"&gt;-&amp;gt;&lt;/span&gt;&lt;span style="color: var(--highlight-default)"&gt;rsm&lt;/span&gt;&lt;span style="color: var(--highlight-keyword)"&gt;,&amp;nbsp;[&lt;/span&gt;&lt;span style="color: var(--highlight-default)"&gt;UnitOfWork&lt;/span&gt;&lt;span style="color: var(--highlight-keyword)"&gt;::&lt;/span&gt;&lt;span style="color: var(--highlight-default)"&gt;HINT_DEFEREAGERLOAD&amp;nbsp;&lt;/span&gt;&lt;span style="color: var(--highlight-keyword)"&gt;=&amp;gt;&amp;nbsp;&lt;/span&gt;&lt;span style="color: var(--highlight-default)"&gt;true&lt;/span&gt;&lt;span style="color: var(--highlight-keyword)"&gt;]);&lt;/span&gt;&lt;/code&gt;&lt;/li&gt;
&lt;li&gt;&lt;code&gt;&lt;span style="color: var(--highlight-keyword)"&gt;&amp;nbsp;&amp;nbsp;&amp;nbsp;&amp;nbsp;}&lt;/span&gt;&lt;/code&gt;&lt;/li&gt;&lt;/ol&gt;    &lt;/div&gt;            &lt;/div&gt;
                        &lt;div class="trace-line "&gt;
                &lt;div class="trace-line-header break-long-words sf-toggle" data-toggle-selector="#trace-html-2-6" data-toggle-initial=""&gt;
            &lt;span class="icon icon-close"&gt;&lt;svg width="1792" height="1792" viewBox="0 0 1792 1792" xmlns="http://www.w3.org/2000/svg"&gt;&lt;path d="M1408 960V832q0-26-19-45t-45-19H448q-26 0-45 19t-19 45v128q0 26 19 45t45 19h896q26 0 45-19t19-45zm256-544v960q0 119-84.5 203.5T1376 1664H416q-119 0-203.5-84.5T128 1376V416q0-119 84.5-203.5T416 128h960q119 0 203.5 84.5T1664 416z"/&gt;&lt;/svg&gt;&lt;/span&gt;
        &lt;span class="icon icon-open"&gt;&lt;svg width="1792" height="1792" viewBox="0 0 1792 1792" xmlns="http://www.w3.org/2000/svg"&gt;&lt;path d="M1408 960V832q0-26-19-45t-45-19h-320V448q0-26-19-45t-45-19H832q-26 0-45 19t-19 45v320H448q-26 0-45 19t-19 45v128q0 26 19 45t45 19h320v320q0 26 19 45t45 19h128q26 0 45-19t19-45v-320h320q26 0 45-19t19-45zm256-544v960q0 119-84.5 203.5T1376 1664H416q-119 0-203.5-84.5T128 1376V416q0-119 84.5-203.5T416 128h960q119 0 203.5 84.5T1664 416z"/&gt;&lt;/svg&gt;&lt;/span&gt;
    
            &lt;span class="trace-class"&gt;&lt;abbr title="Doctrine\ORM\Persisters\Entity\BasicEntityPersister"&gt;BasicEntityPersister&lt;/abbr&gt;&lt;/span&gt;&lt;span class="trace-type"&gt;-&gt;&lt;/span&gt;&lt;span class="trace-method"&gt;loadAll&lt;/span&gt;&lt;span class="trace-arguments"&gt;()&lt;/span&gt;    
                    &lt;span class="block trace-file-path"&gt;
            in
            &lt;a href=""&gt;
                C:\Users\eman\Documents\GitHub\car_dealer\vendor\doctrine\orm\lib\Doctrine\ORM\&lt;strong&gt;EntityRepository.php&lt;/strong&gt;
            &lt;/a&gt;
                        (line 202)
            &lt;span class="icon icon-copy hidden" data-clipboard-text="C:\Users\eman\Documents\GitHub\car_dealer\vendor\doctrine\orm\lib\Doctrine\ORM\EntityRepository.php:202"&gt;
                &lt;svg xmlns="http://www.w3.org/2000/svg" height="24" viewBox="0 0 24 24" width="24"&gt;&lt;path d="M0 0h24v24H0z" fill="none"/&gt;&lt;path d="M16 1H4c-1.1 0-2 .9-2 2v14h2V3h12V1zm3 4H8c-1.1 0-2 .9-2 2v14c0 1.1.9 2 2 2h11c1.1 0 2-.9 2-2V7c0-1.1-.9-2-2-2zm0 16H8V7h11v14z"/&gt;&lt;/svg&gt;            &lt;/span&gt;
        &lt;/span&gt;
    &lt;/div&gt;
    &lt;div id="trace-html-2-6" class="trace-code sf-toggle-content"&gt;
        &lt;ol start="197"&gt;&lt;li&gt;&lt;code&gt;&lt;span style="color: var(--highlight-comment)"&gt;&amp;nbsp;&amp;nbsp;&amp;nbsp;&amp;nbsp;&amp;nbsp;*/&lt;/span&gt;&lt;/code&gt;&lt;/li&gt;
&lt;li&gt;&lt;code&gt;&lt;span style="color: var(--highlight-comment)"&gt;&amp;nbsp;&amp;nbsp;&amp;nbsp;&amp;nbsp;&lt;/span&gt;&lt;span style="color: var(--highlight-keyword)"&gt;public&amp;nbsp;function&amp;nbsp;&lt;/span&gt;&lt;span style="color: var(--highlight-default)"&gt;findBy&lt;/span&gt;&lt;span style="color: var(--highlight-keyword)"&gt;(array&amp;nbsp;&lt;/span&gt;&lt;span style="color: var(--highlight-default)"&gt;$criteria&lt;/span&gt;&lt;span style="color: var(--highlight-keyword)"&gt;,&amp;nbsp;?array&amp;nbsp;&lt;/span&gt;&lt;span style="color: var(--highlight-default)"&gt;$orderBy&amp;nbsp;&lt;/span&gt;&lt;span style="color: var(--highlight-keyword)"&gt;=&amp;nbsp;&lt;/span&gt;&lt;span style="color: var(--highlight-default)"&gt;null&lt;/span&gt;&lt;span style="color: var(--highlight-keyword)"&gt;,&amp;nbsp;&lt;/span&gt;&lt;span style="color: var(--highlight-default)"&gt;$limit&amp;nbsp;&lt;/span&gt;&lt;span style="color: var(--highlight-keyword)"&gt;=&amp;nbsp;&lt;/span&gt;&lt;span style="color: var(--highlight-default)"&gt;null&lt;/span&gt;&lt;span style="color: var(--highlight-keyword)"&gt;,&amp;nbsp;&lt;/span&gt;&lt;span style="color: var(--highlight-default)"&gt;$offset&amp;nbsp;&lt;/span&gt;&lt;span style="color: var(--highlight-keyword)"&gt;=&amp;nbsp;&lt;/span&gt;&lt;span style="color: var(--highlight-default)"&gt;null&lt;/span&gt;&lt;span style="color: var(--highlight-keyword)"&gt;)&lt;/span&gt;&lt;/code&gt;&lt;/li&gt;
&lt;li&gt;&lt;code&gt;&lt;span style="color: var(--highlight-keyword)"&gt;&amp;nbsp;&amp;nbsp;&amp;nbsp;&amp;nbsp;{&lt;/span&gt;&lt;/code&gt;&lt;/li&gt;
&lt;li&gt;&lt;code&gt;&lt;span style="color: var(--highlight-keyword)"&gt;&amp;nbsp;&amp;nbsp;&amp;nbsp;&amp;nbsp;&amp;nbsp;&amp;nbsp;&amp;nbsp;&amp;nbsp;&lt;/span&gt;&lt;span style="color: var(--highlight-default)"&gt;$persister&amp;nbsp;&lt;/span&gt;&lt;span style="color: var(--highlight-keyword)"&gt;=&amp;nbsp;&lt;/span&gt;&lt;span style="color: var(--highlight-default)"&gt;$this&lt;/span&gt;&lt;span style="color: var(--highlight-keyword)"&gt;-&amp;gt;&lt;/span&gt;&lt;span style="color: var(--highlight-default)"&gt;_em&lt;/span&gt;&lt;span style="color: var(--highlight-keyword)"&gt;-&amp;gt;&lt;/span&gt;&lt;span style="color: var(--highlight-default)"&gt;getUnitOfWork&lt;/span&gt;&lt;span style="color: var(--highlight-keyword)"&gt;()-&amp;gt;&lt;/span&gt;&lt;span style="color: var(--highlight-default)"&gt;getEntityPersister&lt;/span&gt;&lt;span style="color: var(--highlight-keyword)"&gt;(&lt;/span&gt;&lt;span style="color: var(--highlight-default)"&gt;$this&lt;/span&gt;&lt;span style="color: var(--highlight-keyword)"&gt;-&amp;gt;&lt;/span&gt;&lt;span style="color: var(--highlight-default)"&gt;_entityName&lt;/span&gt;&lt;span style="color: var(--highlight-keyword)"&gt;);&lt;/span&gt;&lt;/code&gt;&lt;/li&gt;
&lt;li&gt;&lt;code&gt;&lt;span style="color: var(--highlight-keyword)"&gt;&lt;/span&gt;&lt;/code&gt;&lt;/li&gt;
&lt;li class="selected"&gt;&lt;code&gt;&lt;span style="color: var(--highlight-keyword)"&gt;&amp;nbsp;&amp;nbsp;&amp;nbsp;&amp;nbsp;&amp;nbsp;&amp;nbsp;&amp;nbsp;&amp;nbsp;return&amp;nbsp;&lt;/span&gt;&lt;span style="color: var(--highlight-default)"&gt;$persister&lt;/span&gt;&lt;span style="color: var(--highlight-keyword)"&gt;-&amp;gt;&lt;/span&gt;&lt;span style="color: var(--highlight-default)"&gt;loadAll&lt;/span&gt;&lt;span style="color: var(--highlight-keyword)"&gt;(&lt;/span&gt;&lt;span style="color: var(--highlight-default)"&gt;$criteria&lt;/span&gt;&lt;span style="color: var(--highlight-keyword)"&gt;,&amp;nbsp;&lt;/span&gt;&lt;span style="color: var(--highlight-default)"&gt;$orderBy&lt;/span&gt;&lt;span style="color: var(--highlight-keyword)"&gt;,&amp;nbsp;&lt;/span&gt;&lt;span style="color: var(--highlight-default)"&gt;$limit&lt;/span&gt;&lt;span style="color: var(--highlight-keyword)"&gt;,&amp;nbsp;&lt;/span&gt;&lt;span style="color: var(--highlight-default)"&gt;$offset&lt;/span&gt;&lt;span style="color: var(--highlight-keyword)"&gt;);&lt;/span&gt;&lt;/code&gt;&lt;/li&gt;
&lt;li&gt;&lt;code&gt;&lt;span style="color: var(--highlight-keyword)"&gt;&amp;nbsp;&amp;nbsp;&amp;nbsp;&amp;nbsp;}&lt;/span&gt;&lt;/code&gt;&lt;/li&gt;
&lt;li&gt;&lt;code&gt;&lt;span style="color: var(--highlight-keyword)"&gt;&lt;/span&gt;&lt;/code&gt;&lt;/li&gt;
&lt;li&gt;&lt;code&gt;&lt;span style="color: var(--highlight-keyword)"&gt;&amp;nbsp;&amp;nbsp;&amp;nbsp;&amp;nbsp;&lt;/span&gt;&lt;span style="color: var(--highlight-comment)"&gt;/**&lt;/span&gt;&lt;/code&gt;&lt;/li&gt;
&lt;li&gt;&lt;code&gt;&lt;span style="color: var(--highlight-comment)"&gt;&amp;nbsp;&amp;nbsp;&amp;nbsp;&amp;nbsp;&amp;nbsp;*&amp;nbsp;Finds&amp;nbsp;a&amp;nbsp;single&amp;nbsp;entity&amp;nbsp;by&amp;nbsp;a&amp;nbsp;set&amp;nbsp;of&amp;nbsp;criteria.&lt;/span&gt;&lt;/code&gt;&lt;/li&gt;
&lt;li&gt;&lt;code&gt;&lt;span style="color: var(--highlight-comment)"&gt;&amp;nbsp;&amp;nbsp;&amp;nbsp;&amp;nbsp;&amp;nbsp;*&lt;/span&gt;&lt;/code&gt;&lt;/li&gt;&lt;/ol&gt;    &lt;/div&gt;            &lt;/div&gt;
                        &lt;div class="trace-line "&gt;
                &lt;div class="trace-line-header break-long-words sf-toggle" data-toggle-selector="#trace-html-2-7" data-toggle-initial=""&gt;
            &lt;span class="icon icon-close"&gt;&lt;svg width="1792" height="1792" viewBox="0 0 1792 1792" xmlns="http://www.w3.org/2000/svg"&gt;&lt;path d="M1408 960V832q0-26-19-45t-45-19H448q-26 0-45 19t-19 45v128q0 26 19 45t45 19h896q26 0 45-19t19-45zm256-544v960q0 119-84.5 203.5T1376 1664H416q-119 0-203.5-84.5T128 1376V416q0-119 84.5-203.5T416 128h960q119 0 203.5 84.5T1664 416z"/&gt;&lt;/svg&gt;&lt;/span&gt;
        &lt;span class="icon icon-open"&gt;&lt;svg width="1792" height="1792" viewBox="0 0 1792 1792" xmlns="http://www.w3.org/2000/svg"&gt;&lt;path d="M1408 960V832q0-26-19-45t-45-19h-320V448q0-26-19-45t-45-19H832q-26 0-45 19t-19 45v320H448q-26 0-45 19t-19 45v128q0 26 19 45t45 19h320v320q0 26 19 45t45 19h128q26 0 45-19t19-45v-320h320q26 0 45-19t19-45zm256-544v960q0 119-84.5 203.5T1376 1664H416q-119 0-203.5-84.5T128 1376V416q0-119 84.5-203.5T416 128h960q119 0 203.5 84.5T1664 416z"/&gt;&lt;/svg&gt;&lt;/span&gt;
    
            &lt;span class="trace-class"&gt;&lt;abbr title="Doctrine\ORM\EntityRepository"&gt;EntityRepository&lt;/abbr&gt;&lt;/span&gt;&lt;span class="trace-type"&gt;-&gt;&lt;/span&gt;&lt;span class="trace-method"&gt;findBy&lt;/span&gt;&lt;span class="trace-arguments"&gt;()&lt;/span&gt;    
                    &lt;span class="block trace-file-path"&gt;
            in
            &lt;a href=""&gt;
                C:\Users\eman\Documents\GitHub\car_dealer\vendor\doctrine\orm\lib\Doctrine\ORM\&lt;strong&gt;EntityRepository.php&lt;/strong&gt;
            &lt;/a&gt;
                        (line 184)
            &lt;span class="icon icon-copy hidden" data-clipboard-text="C:\Users\eman\Documents\GitHub\car_dealer\vendor\doctrine\orm\lib\Doctrine\ORM\EntityRepository.php:184"&gt;
                &lt;svg xmlns="http://www.w3.org/2000/svg" height="24" viewBox="0 0 24 24" width="24"&gt;&lt;path d="M0 0h24v24H0z" fill="none"/&gt;&lt;path d="M16 1H4c-1.1 0-2 .9-2 2v14h2V3h12V1zm3 4H8c-1.1 0-2 .9-2 2v14c0 1.1.9 2 2 2h11c1.1 0 2-.9 2-2V7c0-1.1-.9-2-2-2zm0 16H8V7h11v14z"/&gt;&lt;/svg&gt;            &lt;/span&gt;
        &lt;/span&gt;
    &lt;/div&gt;
    &lt;div id="trace-html-2-7" class="trace-code sf-toggle-content"&gt;
        &lt;ol start="179"&gt;&lt;li&gt;&lt;code&gt;&lt;span style="color: var(--highlight-comment)"&gt;&amp;nbsp;&amp;nbsp;&amp;nbsp;&amp;nbsp;&amp;nbsp;*&lt;/span&gt;&lt;/code&gt;&lt;/li&gt;
&lt;li&gt;&lt;code&gt;&lt;span style="color: var(--highlight-comment)"&gt;&amp;nbsp;&amp;nbsp;&amp;nbsp;&amp;nbsp;&amp;nbsp;*&amp;nbsp;@psalm-return&amp;nbsp;list&amp;lt;T&amp;gt;&amp;nbsp;The&amp;nbsp;entities.&lt;/span&gt;&lt;/code&gt;&lt;/li&gt;
&lt;li&gt;&lt;code&gt;&lt;span style="color: var(--highlight-comment)"&gt;&amp;nbsp;&amp;nbsp;&amp;nbsp;&amp;nbsp;&amp;nbsp;*/&lt;/span&gt;&lt;/code&gt;&lt;/li&gt;
&lt;li&gt;&lt;code&gt;&lt;span style="color: var(--highlight-comment)"&gt;&amp;nbsp;&amp;nbsp;&amp;nbsp;&amp;nbsp;&lt;/span&gt;&lt;span style="color: var(--highlight-keyword)"&gt;public&amp;nbsp;function&amp;nbsp;&lt;/span&gt;&lt;span style="color: var(--highlight-default)"&gt;findAll&lt;/span&gt;&lt;span style="color: var(--highlight-keyword)"&gt;()&lt;/span&gt;&lt;/code&gt;&lt;/li&gt;
&lt;li&gt;&lt;code&gt;&lt;span style="color: var(--highlight-keyword)"&gt;&amp;nbsp;&amp;nbsp;&amp;nbsp;&amp;nbsp;{&lt;/span&gt;&lt;/code&gt;&lt;/li&gt;
&lt;li class="selected"&gt;&lt;code&gt;&lt;span style="color: var(--highlight-keyword)"&gt;&amp;nbsp;&amp;nbsp;&amp;nbsp;&amp;nbsp;&amp;nbsp;&amp;nbsp;&amp;nbsp;&amp;nbsp;return&amp;nbsp;&lt;/span&gt;&lt;span style="color: var(--highlight-default)"&gt;$this&lt;/span&gt;&lt;span style="color: var(--highlight-keyword)"&gt;-&amp;gt;&lt;/span&gt;&lt;span style="color: var(--highlight-default)"&gt;findBy&lt;/span&gt;&lt;span style="color: var(--highlight-keyword)"&gt;([]);&lt;/span&gt;&lt;/code&gt;&lt;/li&gt;
&lt;li&gt;&lt;code&gt;&lt;span style="color: var(--highlight-keyword)"&gt;&amp;nbsp;&amp;nbsp;&amp;nbsp;&amp;nbsp;}&lt;/span&gt;&lt;/code&gt;&lt;/li&gt;
&lt;li&gt;&lt;code&gt;&lt;span style="color: var(--highlight-keyword)"&gt;&lt;/span&gt;&lt;/code&gt;&lt;/li&gt;
&lt;li&gt;&lt;code&gt;&lt;span style="color: var(--highlight-keyword)"&gt;&amp;nbsp;&amp;nbsp;&amp;nbsp;&amp;nbsp;&lt;/span&gt;&lt;span style="color: var(--highlight-comment)"&gt;/**&lt;/span&gt;&lt;/code&gt;&lt;/li&gt;
&lt;li&gt;&lt;code&gt;&lt;span style="color: var(--highlight-comment)"&gt;&amp;nbsp;&amp;nbsp;&amp;nbsp;&amp;nbsp;&amp;nbsp;*&amp;nbsp;Finds&amp;nbsp;entities&amp;nbsp;by&amp;nbsp;a&amp;nbsp;set&amp;nbsp;of&amp;nbsp;criteria.&lt;/span&gt;&lt;/code&gt;&lt;/li&gt;
&lt;li&gt;&lt;code&gt;&lt;span style="color: var(--highlight-comment)"&gt;&amp;nbsp;&amp;nbsp;&amp;nbsp;&amp;nbsp;&amp;nbsp;*&lt;/span&gt;&lt;/code&gt;&lt;/li&gt;&lt;/ol&gt;    &lt;/div&gt;            &lt;/div&gt;
                        &lt;div class="trace-line "&gt;
                &lt;div class="trace-line-header break-long-words sf-toggle" data-toggle-selector="#trace-html-2-8" data-toggle-initial=""&gt;
            &lt;span class="icon icon-close"&gt;&lt;svg width="1792" height="1792" viewBox="0 0 1792 1792" xmlns="http://www.w3.org/2000/svg"&gt;&lt;path d="M1408 960V832q0-26-19-45t-45-19H448q-26 0-45 19t-19 45v128q0 26 19 45t45 19h896q26 0 45-19t19-45zm256-544v960q0 119-84.5 203.5T1376 1664H416q-119 0-203.5-84.5T128 1376V416q0-119 84.5-203.5T416 128h960q119 0 203.5 84.5T1664 416z"/&gt;&lt;/svg&gt;&lt;/span&gt;
        &lt;span class="icon icon-open"&gt;&lt;svg width="1792" height="1792" viewBox="0 0 1792 1792" xmlns="http://www.w3.org/2000/svg"&gt;&lt;path d="M1408 960V832q0-26-19-45t-45-19h-320V448q0-26-19-45t-45-19H832q-26 0-45 19t-19 45v320H448q-26 0-45 19t-19 45v128q0 26 19 45t45 19h320v320q0 26 19 45t45 19h128q26 0 45-19t19-45v-320h320q26 0 45-19t19-45zm256-544v960q0 119-84.5 203.5T1376 1664H416q-119 0-203.5-84.5T128 1376V416q0-119 84.5-203.5T416 128h960q119 0 203.5 84.5T1664 416z"/&gt;&lt;/svg&gt;&lt;/span&gt;
    
            &lt;span class="trace-class"&gt;&lt;abbr title="Doctrine\ORM\EntityRepository"&gt;EntityRepository&lt;/abbr&gt;&lt;/span&gt;&lt;span class="trace-type"&gt;-&gt;&lt;/span&gt;&lt;span class="trace-method"&gt;findAll&lt;/span&gt;&lt;span class="trace-arguments"&gt;()&lt;/span&gt;    
                    &lt;span class="block trace-file-path"&gt;
            in
            &lt;a href=""&gt;
                C:\Users\eman\Documents\GitHub\car_dealer\src\Controller\&lt;strong&gt;CarPublicController.php&lt;/strong&gt;
            &lt;/a&gt;
                        (line 21)
            &lt;span class="icon icon-copy hidden" data-clipboard-text="C:\Users\eman\Documents\GitHub\car_dealer\src\Controller\CarPublicController.php:21"&gt;
                &lt;svg xmlns="http://www.w3.org/2000/svg" height="24" viewBox="0 0 24 24" width="24"&gt;&lt;path d="M0 0h24v24H0z" fill="none"/&gt;&lt;path d="M16 1H4c-1.1 0-2 .9-2 2v14h2V3h12V1zm3 4H8c-1.1 0-2 .9-2 2v14c0 1.1.9 2 2 2h11c1.1 0 2-.9 2-2V7c0-1.1-.9-2-2-2zm0 16H8V7h11v14z"/&gt;&lt;/svg&gt;            &lt;/span&gt;
        &lt;/span&gt;
    &lt;/div&gt;
    &lt;div id="trace-html-2-8" class="trace-code sf-toggle-content"&gt;
        &lt;ol start="16"&gt;&lt;li&gt;&lt;code&gt;&lt;span style="color: var(--highlight-keyword)"&gt;&amp;nbsp;&amp;nbsp;&amp;nbsp;&amp;nbsp;&amp;nbsp;&amp;nbsp;&amp;nbsp;&amp;nbsp;&lt;/span&gt;&lt;span style="color: var(--highlight-default)"&gt;$template&amp;nbsp;&lt;/span&gt;&lt;span style="color: var(--highlight-keyword)"&gt;=&amp;nbsp;&lt;/span&gt;&lt;span style="color: var(--highlight-string)"&gt;'carPublic/index.html.twig'&lt;/span&gt;&lt;span style="color: var(--highlight-keyword)"&gt;;&#13;&lt;/span&gt;&lt;/code&gt;&lt;/li&gt;
&lt;li&gt;&lt;code&gt;&lt;span style="color: var(--highlight-keyword)"&gt;&amp;nbsp;&amp;nbsp;&amp;nbsp;&amp;nbsp;&amp;nbsp;&amp;nbsp;&amp;nbsp;&amp;nbsp;&lt;/span&gt;&lt;span style="color: var(--highlight-default)"&gt;$argsArray&amp;nbsp;&lt;/span&gt;&lt;span style="color: var(--highlight-keyword)"&gt;=&amp;nbsp;[];&#13;&lt;/span&gt;&lt;/code&gt;&lt;/li&gt;
&lt;li&gt;&lt;code&gt;&lt;span style="color: var(--highlight-keyword)"&gt;&#13;&lt;/span&gt;&lt;/code&gt;&lt;/li&gt;
&lt;li&gt;&lt;code&gt;&lt;span style="color: var(--highlight-keyword)"&gt;&amp;nbsp;&amp;nbsp;&amp;nbsp;&amp;nbsp;&amp;nbsp;&amp;nbsp;&amp;nbsp;&amp;nbsp;return&amp;nbsp;&lt;/span&gt;&lt;span style="color: var(--highlight-default)"&gt;$this&lt;/span&gt;&lt;span style="color: var(--highlight-keyword)"&gt;-&amp;gt;&lt;/span&gt;&lt;span style="color: var(--highlight-default)"&gt;render&lt;/span&gt;&lt;span style="color: var(--highlight-keyword)"&gt;(&lt;/span&gt;&lt;span style="color: var(--highlight-default)"&gt;$template&lt;/span&gt;&lt;span style="color: var(--highlight-keyword)"&gt;,&amp;nbsp;[&#13;&lt;/span&gt;&lt;/code&gt;&lt;/li&gt;
&lt;li&gt;&lt;code&gt;&lt;span style="color: var(--highlight-keyword)"&gt;&amp;nbsp;&amp;nbsp;&amp;nbsp;&amp;nbsp;&amp;nbsp;&amp;nbsp;&amp;nbsp;&amp;nbsp;&amp;nbsp;&amp;nbsp;&amp;nbsp;&amp;nbsp;&lt;/span&gt;&lt;span style="color: var(--highlight-string)"&gt;'controller_name'&amp;nbsp;&lt;/span&gt;&lt;span style="color: var(--highlight-keyword)"&gt;=&amp;gt;&amp;nbsp;&lt;/span&gt;&lt;span style="color: var(--highlight-string)"&gt;'CarPublicController'&lt;/span&gt;&lt;span style="color: var(--highlight-keyword)"&gt;,&#13;&lt;/span&gt;&lt;/code&gt;&lt;/li&gt;
&lt;li class="selected"&gt;&lt;code&gt;&lt;span style="color: var(--highlight-keyword)"&gt;&amp;nbsp;&amp;nbsp;&amp;nbsp;&amp;nbsp;&amp;nbsp;&amp;nbsp;&amp;nbsp;&amp;nbsp;&amp;nbsp;&amp;nbsp;&amp;nbsp;&amp;nbsp;&lt;/span&gt;&lt;span style="color: var(--highlight-string)"&gt;'cars'&amp;nbsp;&lt;/span&gt;&lt;span style="color: var(--highlight-keyword)"&gt;=&amp;gt;&amp;nbsp;&lt;/span&gt;&lt;span style="color: var(--highlight-default)"&gt;$carRepository&lt;/span&gt;&lt;span style="color: var(--highlight-keyword)"&gt;-&amp;gt;&lt;/span&gt;&lt;span style="color: var(--highlight-default)"&gt;findAll&lt;/span&gt;&lt;span style="color: var(--highlight-keyword)"&gt;()&#13;&lt;/span&gt;&lt;/code&gt;&lt;/li&gt;
&lt;li&gt;&lt;code&gt;&lt;span style="color: var(--highlight-keyword)"&gt;&amp;nbsp;&amp;nbsp;&amp;nbsp;&amp;nbsp;&amp;nbsp;&amp;nbsp;&amp;nbsp;&amp;nbsp;]);&#13;&lt;/span&gt;&lt;/code&gt;&lt;/li&gt;
&lt;li&gt;&lt;code&gt;&lt;span style="color: var(--highlight-keyword)"&gt;&amp;nbsp;&amp;nbsp;&amp;nbsp;&amp;nbsp;}&#13;&lt;/span&gt;&lt;/code&gt;&lt;/li&gt;
&lt;li&gt;&lt;code&gt;&lt;span style="color: var(--highlight-keyword)"&gt;&#13;&lt;/span&gt;&lt;/code&gt;&lt;/li&gt;
&lt;li&gt;&lt;code&gt;&lt;span style="color: var(--highlight-keyword)"&gt;&amp;nbsp;&amp;nbsp;&amp;nbsp;&amp;nbsp;#[&lt;/span&gt;&lt;span style="color: var(--highlight-default)"&gt;Route&lt;/span&gt;&lt;span style="color: var(--highlight-keyword)"&gt;(&lt;/span&gt;&lt;span style="color: var(--highlight-string)"&gt;'/car/{id}/show'&lt;/span&gt;&lt;span style="color: var(--highlight-keyword)"&gt;,&amp;nbsp;&lt;/span&gt;&lt;span style="color: var(--highlight-default)"&gt;name&lt;/span&gt;&lt;span style="color: var(--highlight-keyword)"&gt;:&amp;nbsp;&lt;/span&gt;&lt;span style="color: var(--highlight-string)"&gt;'App_car_show_public'&lt;/span&gt;&lt;span style="color: var(--highlight-keyword)"&gt;,&amp;nbsp;&lt;/span&gt;&lt;span style="color: var(--highlight-default)"&gt;methods&lt;/span&gt;&lt;span style="color: var(--highlight-keyword)"&gt;:&amp;nbsp;[&lt;/span&gt;&lt;span style="color: var(--highlight-string)"&gt;'GET'&lt;/span&gt;&lt;span style="color: var(--highlight-keyword)"&gt;])]&#13;&lt;/span&gt;&lt;/code&gt;&lt;/li&gt;
&lt;li&gt;&lt;code&gt;&lt;span style="color: var(--highlight-keyword)"&gt;&amp;nbsp;&amp;nbsp;&amp;nbsp;&amp;nbsp;public&amp;nbsp;function&amp;nbsp;&lt;/span&gt;&lt;span style="color: var(--highlight-default)"&gt;show&lt;/span&gt;&lt;span style="color: var(--highlight-keyword)"&gt;(&lt;/span&gt;&lt;span style="color: var(--highlight-default)"&gt;Car&amp;nbsp;$car&lt;/span&gt;&lt;span style="color: var(--highlight-keyword)"&gt;):&amp;nbsp;&lt;/span&gt;&lt;span style="color: var(--highlight-default)"&gt;Response&#13;&lt;/span&gt;&lt;/code&gt;&lt;/li&gt;&lt;/ol&gt;    &lt;/div&gt;            &lt;/div&gt;
                        &lt;div class="trace-line "&gt;
                &lt;div class="trace-line-header break-long-words sf-toggle" data-toggle-selector="#trace-html-2-9" data-toggle-initial=""&gt;
            &lt;span class="icon icon-close"&gt;&lt;svg width="1792" height="1792" viewBox="0 0 1792 1792" xmlns="http://www.w3.org/2000/svg"&gt;&lt;path d="M1408 960V832q0-26-19-45t-45-19H448q-26 0-45 19t-19 45v128q0 26 19 45t45 19h896q26 0 45-19t19-45zm256-544v960q0 119-84.5 203.5T1376 1664H416q-119 0-203.5-84.5T128 1376V416q0-119 84.5-203.5T416 128h960q119 0 203.5 84.5T1664 416z"/&gt;&lt;/svg&gt;&lt;/span&gt;
        &lt;span class="icon icon-open"&gt;&lt;svg width="1792" height="1792" viewBox="0 0 1792 1792" xmlns="http://www.w3.org/2000/svg"&gt;&lt;path d="M1408 960V832q0-26-19-45t-45-19h-320V448q0-26-19-45t-45-19H832q-26 0-45 19t-19 45v320H448q-26 0-45 19t-19 45v128q0 26 19 45t45 19h320v320q0 26 19 45t45 19h128q26 0 45-19t19-45v-320h320q26 0 45-19t19-45zm256-544v960q0 119-84.5 203.5T1376 1664H416q-119 0-203.5-84.5T128 1376V416q0-119 84.5-203.5T416 128h960q119 0 203.5 84.5T1664 416z"/&gt;&lt;/svg&gt;&lt;/span&gt;
    
            &lt;span class="trace-class"&gt;&lt;abbr title="App\Controller\CarPublicController"&gt;CarPublicController&lt;/abbr&gt;&lt;/span&gt;&lt;span class="trace-type"&gt;-&gt;&lt;/span&gt;&lt;span class="trace-method"&gt;cars&lt;/span&gt;&lt;span class="trace-arguments"&gt;()&lt;/span&gt;    
                    &lt;span class="block trace-file-path"&gt;
            in
            &lt;a href=""&gt;
                C:\Users\eman\Documents\GitHub\car_dealer\vendor\symfony\http-kernel\&lt;strong&gt;HttpKernel.php&lt;/strong&gt;
            &lt;/a&gt;
                        (line 152)
            &lt;span class="icon icon-copy hidden" data-clipboard-text="C:\Users\eman\Documents\GitHub\car_dealer\vendor\symfony\http-kernel\HttpKernel.php:152"&gt;
                &lt;svg xmlns="http://www.w3.org/2000/svg" height="24" viewBox="0 0 24 24" width="24"&gt;&lt;path d="M0 0h24v24H0z" fill="none"/&gt;&lt;path d="M16 1H4c-1.1 0-2 .9-2 2v14h2V3h12V1zm3 4H8c-1.1 0-2 .9-2 2v14c0 1.1.9 2 2 2h11c1.1 0 2-.9 2-2V7c0-1.1-.9-2-2-2zm0 16H8V7h11v14z"/&gt;&lt;/svg&gt;            &lt;/span&gt;
        &lt;/span&gt;
    &lt;/div&gt;
    &lt;div id="trace-html-2-9" class="trace-code sf-toggle-content"&gt;
        &lt;ol start="147"&gt;&lt;li&gt;&lt;code&gt;&lt;span style="color: var(--highlight-keyword)"&gt;&amp;nbsp;&amp;nbsp;&amp;nbsp;&amp;nbsp;&amp;nbsp;&amp;nbsp;&amp;nbsp;&amp;nbsp;&lt;/span&gt;&lt;span style="color: var(--highlight-default)"&gt;$this&lt;/span&gt;&lt;span style="color: var(--highlight-keyword)"&gt;-&amp;gt;&lt;/span&gt;&lt;span style="color: var(--highlight-default)"&gt;dispatcher&lt;/span&gt;&lt;span style="color: var(--highlight-keyword)"&gt;-&amp;gt;&lt;/span&gt;&lt;span style="color: var(--highlight-default)"&gt;dispatch&lt;/span&gt;&lt;span style="color: var(--highlight-keyword)"&gt;(&lt;/span&gt;&lt;span style="color: var(--highlight-default)"&gt;$event&lt;/span&gt;&lt;span style="color: var(--highlight-keyword)"&gt;,&amp;nbsp;&lt;/span&gt;&lt;span style="color: var(--highlight-default)"&gt;KernelEvents&lt;/span&gt;&lt;span style="color: var(--highlight-keyword)"&gt;::&lt;/span&gt;&lt;span style="color: var(--highlight-default)"&gt;CONTROLLER_ARGUMENTS&lt;/span&gt;&lt;span style="color: var(--highlight-keyword)"&gt;);&lt;/span&gt;&lt;/code&gt;&lt;/li&gt;
&lt;li&gt;&lt;code&gt;&lt;span style="color: var(--highlight-keyword)"&gt;&amp;nbsp;&amp;nbsp;&amp;nbsp;&amp;nbsp;&amp;nbsp;&amp;nbsp;&amp;nbsp;&amp;nbsp;&lt;/span&gt;&lt;span style="color: var(--highlight-default)"&gt;$controller&amp;nbsp;&lt;/span&gt;&lt;span style="color: var(--highlight-keyword)"&gt;=&amp;nbsp;&lt;/span&gt;&lt;span style="color: var(--highlight-default)"&gt;$event&lt;/span&gt;&lt;span style="color: var(--highlight-keyword)"&gt;-&amp;gt;&lt;/span&gt;&lt;span style="color: var(--highlight-default)"&gt;getController&lt;/span&gt;&lt;span style="color: var(--highlight-keyword)"&gt;();&lt;/span&gt;&lt;/code&gt;&lt;/li&gt;
&lt;li&gt;&lt;code&gt;&lt;span style="color: var(--highlight-keyword)"&gt;&amp;nbsp;&amp;nbsp;&amp;nbsp;&amp;nbsp;&amp;nbsp;&amp;nbsp;&amp;nbsp;&amp;nbsp;&lt;/span&gt;&lt;span style="color: var(--highlight-default)"&gt;$arguments&amp;nbsp;&lt;/span&gt;&lt;span style="color: var(--highlight-keyword)"&gt;=&amp;nbsp;&lt;/span&gt;&lt;span style="color: var(--highlight-default)"&gt;$event&lt;/span&gt;&lt;span style="color: var(--highlight-keyword)"&gt;-&amp;gt;&lt;/span&gt;&lt;span style="color: var(--highlight-default)"&gt;getArguments&lt;/span&gt;&lt;span style="color: var(--highlight-keyword)"&gt;();&lt;/span&gt;&lt;/code&gt;&lt;/li&gt;
&lt;li&gt;&lt;code&gt;&lt;span style="color: var(--highlight-keyword)"&gt;&lt;/span&gt;&lt;/code&gt;&lt;/li&gt;
&lt;li&gt;&lt;code&gt;&lt;span style="color: var(--highlight-keyword)"&gt;&amp;nbsp;&amp;nbsp;&amp;nbsp;&amp;nbsp;&amp;nbsp;&amp;nbsp;&amp;nbsp;&amp;nbsp;&lt;/span&gt;&lt;span style="color: var(--highlight-comment)"&gt;//&amp;nbsp;call&amp;nbsp;controller&lt;/span&gt;&lt;/code&gt;&lt;/li&gt;
&lt;li class="selected"&gt;&lt;code&gt;&lt;span style="color: var(--highlight-comment)"&gt;&amp;nbsp;&amp;nbsp;&amp;nbsp;&amp;nbsp;&amp;nbsp;&amp;nbsp;&amp;nbsp;&amp;nbsp;&lt;/span&gt;&lt;span style="color: var(--highlight-default)"&gt;$response&amp;nbsp;&lt;/span&gt;&lt;span style="color: var(--highlight-keyword)"&gt;=&amp;nbsp;&lt;/span&gt;&lt;span style="color: var(--highlight-default)"&gt;$controller&lt;/span&gt;&lt;span style="color: var(--highlight-keyword)"&gt;(...&lt;/span&gt;&lt;span style="color: var(--highlight-default)"&gt;$arguments&lt;/span&gt;&lt;span style="color: var(--highlight-keyword)"&gt;);&lt;/span&gt;&lt;/code&gt;&lt;/li&gt;
&lt;li&gt;&lt;code&gt;&lt;span style="color: var(--highlight-keyword)"&gt;&lt;/span&gt;&lt;/code&gt;&lt;/li&gt;
&lt;li&gt;&lt;code&gt;&lt;span style="color: var(--highlight-keyword)"&gt;&amp;nbsp;&amp;nbsp;&amp;nbsp;&amp;nbsp;&amp;nbsp;&amp;nbsp;&amp;nbsp;&amp;nbsp;&lt;/span&gt;&lt;span style="color: var(--highlight-comment)"&gt;//&amp;nbsp;view&lt;/span&gt;&lt;/code&gt;&lt;/li&gt;
&lt;li&gt;&lt;code&gt;&lt;span style="color: var(--highlight-comment)"&gt;&amp;nbsp;&amp;nbsp;&amp;nbsp;&amp;nbsp;&amp;nbsp;&amp;nbsp;&amp;nbsp;&amp;nbsp;&lt;/span&gt;&lt;span style="color: var(--highlight-keyword)"&gt;if&amp;nbsp;(!&lt;/span&gt;&lt;span style="color: var(--highlight-default)"&gt;$response&amp;nbsp;&lt;/span&gt;&lt;span style="color: var(--highlight-keyword)"&gt;instanceof&amp;nbsp;&lt;/span&gt;&lt;span style="color: var(--highlight-default)"&gt;Response&lt;/span&gt;&lt;span style="color: var(--highlight-keyword)"&gt;)&amp;nbsp;{&lt;/span&gt;&lt;/code&gt;&lt;/li&gt;
&lt;li&gt;&lt;code&gt;&lt;span style="color: var(--highlight-keyword)"&gt;&amp;nbsp;&amp;nbsp;&amp;nbsp;&amp;nbsp;&amp;nbsp;&amp;nbsp;&amp;nbsp;&amp;nbsp;&amp;nbsp;&amp;nbsp;&amp;nbsp;&amp;nbsp;&lt;/span&gt;&lt;span style="color: var(--highlight-default)"&gt;$event&amp;nbsp;&lt;/span&gt;&lt;span style="color: var(--highlight-keyword)"&gt;=&amp;nbsp;new&amp;nbsp;&lt;/span&gt;&lt;span style="color: var(--highlight-default)"&gt;ViewEvent&lt;/span&gt;&lt;span style="color: var(--highlight-keyword)"&gt;(&lt;/span&gt;&lt;span style="color: var(--highlight-default)"&gt;$this&lt;/span&gt;&lt;span style="color: var(--highlight-keyword)"&gt;,&amp;nbsp;&lt;/span&gt;&lt;span style="color: var(--highlight-default)"&gt;$request&lt;/span&gt;&lt;span style="color: var(--highlight-keyword)"&gt;,&amp;nbsp;&lt;/span&gt;&lt;span style="color: var(--highlight-default)"&gt;$type&lt;/span&gt;&lt;span style="color: var(--highlight-keyword)"&gt;,&amp;nbsp;&lt;/span&gt;&lt;span style="color: var(--highlight-default)"&gt;$response&lt;/span&gt;&lt;span style="color: var(--highlight-keyword)"&gt;);&lt;/span&gt;&lt;/code&gt;&lt;/li&gt;
&lt;li&gt;&lt;code&gt;&lt;span style="color: var(--highlight-keyword)"&gt;&amp;nbsp;&amp;nbsp;&amp;nbsp;&amp;nbsp;&amp;nbsp;&amp;nbsp;&amp;nbsp;&amp;nbsp;&amp;nbsp;&amp;nbsp;&amp;nbsp;&amp;nbsp;&lt;/span&gt;&lt;span style="color: var(--highlight-default)"&gt;$this&lt;/span&gt;&lt;span style="color: var(--highlight-keyword)"&gt;-&amp;gt;&lt;/span&gt;&lt;span style="color: var(--highlight-default)"&gt;dispatcher&lt;/span&gt;&lt;span style="color: var(--highlight-keyword)"&gt;-&amp;gt;&lt;/span&gt;&lt;span style="color: var(--highlight-default)"&gt;dispatch&lt;/span&gt;&lt;span style="color: var(--highlight-keyword)"&gt;(&lt;/span&gt;&lt;span style="color: var(--highlight-default)"&gt;$event&lt;/span&gt;&lt;span style="color: var(--highlight-keyword)"&gt;,&amp;nbsp;&lt;/span&gt;&lt;span style="color: var(--highlight-default)"&gt;KernelEvents&lt;/span&gt;&lt;span style="color: var(--highlight-keyword)"&gt;::&lt;/span&gt;&lt;span style="color: var(--highlight-default)"&gt;VIEW&lt;/span&gt;&lt;span style="color: var(--highlight-keyword)"&gt;);&lt;/span&gt;&lt;/code&gt;&lt;/li&gt;&lt;/ol&gt;    &lt;/div&gt;            &lt;/div&gt;
                        &lt;div class="trace-line "&gt;
                &lt;div class="trace-line-header break-long-words sf-toggle" data-toggle-selector="#trace-html-2-10" data-toggle-initial=""&gt;
            &lt;span class="icon icon-close"&gt;&lt;svg width="1792" height="1792" viewBox="0 0 1792 1792" xmlns="http://www.w3.org/2000/svg"&gt;&lt;path d="M1408 960V832q0-26-19-45t-45-19H448q-26 0-45 19t-19 45v128q0 26 19 45t45 19h896q26 0 45-19t19-45zm256-544v960q0 119-84.5 203.5T1376 1664H416q-119 0-203.5-84.5T128 1376V416q0-119 84.5-203.5T416 128h960q119 0 203.5 84.5T1664 416z"/&gt;&lt;/svg&gt;&lt;/span&gt;
        &lt;span class="icon icon-open"&gt;&lt;svg width="1792" height="1792" viewBox="0 0 1792 1792" xmlns="http://www.w3.org/2000/svg"&gt;&lt;path d="M1408 960V832q0-26-19-45t-45-19h-320V448q0-26-19-45t-45-19H832q-26 0-45 19t-19 45v320H448q-26 0-45 19t-19 45v128q0 26 19 45t45 19h320v320q0 26 19 45t45 19h128q26 0 45-19t19-45v-320h320q26 0 45-19t19-45zm256-544v960q0 119-84.5 203.5T1376 1664H416q-119 0-203.5-84.5T128 1376V416q0-119 84.5-203.5T416 128h960q119 0 203.5 84.5T1664 416z"/&gt;&lt;/svg&gt;&lt;/span&gt;
    
            &lt;span class="trace-class"&gt;&lt;abbr title="Symfony\Component\HttpKernel\HttpKernel"&gt;HttpKernel&lt;/abbr&gt;&lt;/span&gt;&lt;span class="trace-type"&gt;-&gt;&lt;/span&gt;&lt;span class="trace-method"&gt;handleRaw&lt;/span&gt;&lt;span class="trace-arguments"&gt;()&lt;/span&gt;    
                    &lt;span class="block trace-file-path"&gt;
            in
            &lt;a href=""&gt;
                C:\Users\eman\Documents\GitHub\car_dealer\vendor\symfony\http-kernel\&lt;strong&gt;HttpKernel.php&lt;/strong&gt;
            &lt;/a&gt;
                        (line 74)
            &lt;span class="icon icon-copy hidden" data-clipboard-text="C:\Users\eman\Documents\GitHub\car_dealer\vendor\symfony\http-kernel\HttpKernel.php:74"&gt;
                &lt;svg xmlns="http://www.w3.org/2000/svg" height="24" viewBox="0 0 24 24" width="24"&gt;&lt;path d="M0 0h24v24H0z" fill="none"/&gt;&lt;path d="M16 1H4c-1.1 0-2 .9-2 2v14h2V3h12V1zm3 4H8c-1.1 0-2 .9-2 2v14c0 1.1.9 2 2 2h11c1.1 0 2-.9 2-2V7c0-1.1-.9-2-2-2zm0 16H8V7h11v14z"/&gt;&lt;/svg&gt;            &lt;/span&gt;
        &lt;/span&gt;
    &lt;/div&gt;
    &lt;div id="trace-html-2-10" class="trace-code sf-toggle-content"&gt;
        &lt;ol start="69"&gt;&lt;li&gt;&lt;code&gt;&lt;span style="color: var(--highlight-comment)"&gt;&amp;nbsp;&amp;nbsp;&amp;nbsp;&amp;nbsp;&lt;/span&gt;&lt;span style="color: var(--highlight-keyword)"&gt;public&amp;nbsp;function&amp;nbsp;&lt;/span&gt;&lt;span style="color: var(--highlight-default)"&gt;handle&lt;/span&gt;&lt;span style="color: var(--highlight-keyword)"&gt;(&lt;/span&gt;&lt;span style="color: var(--highlight-default)"&gt;Request&amp;nbsp;$request&lt;/span&gt;&lt;span style="color: var(--highlight-keyword)"&gt;,&amp;nbsp;&lt;/span&gt;&lt;span style="color: var(--highlight-default)"&gt;int&amp;nbsp;$type&amp;nbsp;&lt;/span&gt;&lt;span style="color: var(--highlight-keyword)"&gt;=&amp;nbsp;&lt;/span&gt;&lt;span style="color: var(--highlight-default)"&gt;HttpKernelInterface&lt;/span&gt;&lt;span style="color: var(--highlight-keyword)"&gt;::&lt;/span&gt;&lt;span style="color: var(--highlight-default)"&gt;MAIN_REQUEST&lt;/span&gt;&lt;span style="color: var(--highlight-keyword)"&gt;,&amp;nbsp;&lt;/span&gt;&lt;span style="color: var(--highlight-default)"&gt;bool&amp;nbsp;$catch&amp;nbsp;&lt;/span&gt;&lt;span style="color: var(--highlight-keyword)"&gt;=&amp;nbsp;&lt;/span&gt;&lt;span style="color: var(--highlight-default)"&gt;true&lt;/span&gt;&lt;span style="color: var(--highlight-keyword)"&gt;):&amp;nbsp;&lt;/span&gt;&lt;span style="color: var(--highlight-default)"&gt;Response&lt;/span&gt;&lt;/code&gt;&lt;/li&gt;
&lt;li&gt;&lt;code&gt;&lt;span style="color: var(--highlight-default)"&gt;&amp;nbsp;&amp;nbsp;&amp;nbsp;&amp;nbsp;&lt;/span&gt;&lt;span style="color: var(--highlight-keyword)"&gt;{&lt;/span&gt;&lt;/code&gt;&lt;/li&gt;
&lt;li&gt;&lt;code&gt;&lt;span style="color: var(--highlight-keyword)"&gt;&amp;nbsp;&amp;nbsp;&amp;nbsp;&amp;nbsp;&amp;nbsp;&amp;nbsp;&amp;nbsp;&amp;nbsp;&lt;/span&gt;&lt;span style="color: var(--highlight-default)"&gt;$request&lt;/span&gt;&lt;span style="color: var(--highlight-keyword)"&gt;-&amp;gt;&lt;/span&gt;&lt;span style="color: var(--highlight-default)"&gt;headers&lt;/span&gt;&lt;span style="color: var(--highlight-keyword)"&gt;-&amp;gt;&lt;/span&gt;&lt;span style="color: var(--highlight-default)"&gt;set&lt;/span&gt;&lt;span style="color: var(--highlight-keyword)"&gt;(&lt;/span&gt;&lt;span style="color: var(--highlight-string)"&gt;'X-Php-Ob-Level'&lt;/span&gt;&lt;span style="color: var(--highlight-keyword)"&gt;,&amp;nbsp;(string)&amp;nbsp;&lt;/span&gt;&lt;span style="color: var(--highlight-default)"&gt;ob_get_level&lt;/span&gt;&lt;span style="color: var(--highlight-keyword)"&gt;());&lt;/span&gt;&lt;/code&gt;&lt;/li&gt;
&lt;li&gt;&lt;code&gt;&lt;span style="color: var(--highlight-keyword)"&gt;&lt;/span&gt;&lt;/code&gt;&lt;/li&gt;
&lt;li&gt;&lt;code&gt;&lt;span style="color: var(--highlight-keyword)"&gt;&amp;nbsp;&amp;nbsp;&amp;nbsp;&amp;nbsp;&amp;nbsp;&amp;nbsp;&amp;nbsp;&amp;nbsp;try&amp;nbsp;{&lt;/span&gt;&lt;/code&gt;&lt;/li&gt;
&lt;li class="selected"&gt;&lt;code&gt;&lt;span style="color: var(--highlight-keyword)"&gt;&amp;nbsp;&amp;nbsp;&amp;nbsp;&amp;nbsp;&amp;nbsp;&amp;nbsp;&amp;nbsp;&amp;nbsp;&amp;nbsp;&amp;nbsp;&amp;nbsp;&amp;nbsp;return&amp;nbsp;&lt;/span&gt;&lt;span style="color: var(--highlight-default)"&gt;$this&lt;/span&gt;&lt;span style="color: var(--highlight-keyword)"&gt;-&amp;gt;&lt;/span&gt;&lt;span style="color: var(--highlight-default)"&gt;handleRaw&lt;/span&gt;&lt;span style="color: var(--highlight-keyword)"&gt;(&lt;/span&gt;&lt;span style="color: var(--highlight-default)"&gt;$request&lt;/span&gt;&lt;span style="color: var(--highlight-keyword)"&gt;,&amp;nbsp;&lt;/span&gt;&lt;span style="color: var(--highlight-default)"&gt;$type&lt;/span&gt;&lt;span style="color: var(--highlight-keyword)"&gt;);&lt;/span&gt;&lt;/code&gt;&lt;/li&gt;
&lt;li&gt;&lt;code&gt;&lt;span style="color: var(--highlight-keyword)"&gt;&amp;nbsp;&amp;nbsp;&amp;nbsp;&amp;nbsp;&amp;nbsp;&amp;nbsp;&amp;nbsp;&amp;nbsp;}&amp;nbsp;catch&amp;nbsp;(&lt;/span&gt;&lt;span style="color: var(--highlight-default)"&gt;\Exception&amp;nbsp;$e&lt;/span&gt;&lt;span style="color: var(--highlight-keyword)"&gt;)&amp;nbsp;{&lt;/span&gt;&lt;/code&gt;&lt;/li&gt;
&lt;li&gt;&lt;code&gt;&lt;span style="color: var(--highlight-keyword)"&gt;&amp;nbsp;&amp;nbsp;&amp;nbsp;&amp;nbsp;&amp;nbsp;&amp;nbsp;&amp;nbsp;&amp;nbsp;&amp;nbsp;&amp;nbsp;&amp;nbsp;&amp;nbsp;if&amp;nbsp;(&lt;/span&gt;&lt;span style="color: var(--highlight-default)"&gt;$e&amp;nbsp;&lt;/span&gt;&lt;span style="color: var(--highlight-keyword)"&gt;instanceof&amp;nbsp;&lt;/span&gt;&lt;span style="color: var(--highlight-default)"&gt;RequestExceptionInterface&lt;/span&gt;&lt;span style="color: var(--highlight-keyword)"&gt;)&amp;nbsp;{&lt;/span&gt;&lt;/code&gt;&lt;/li&gt;
&lt;li&gt;&lt;code&gt;&lt;span style="color: var(--highlight-keyword)"&gt;&amp;nbsp;&amp;nbsp;&amp;nbsp;&amp;nbsp;&amp;nbsp;&amp;nbsp;&amp;nbsp;&amp;nbsp;&amp;nbsp;&amp;nbsp;&amp;nbsp;&amp;nbsp;&amp;nbsp;&amp;nbsp;&amp;nbsp;&amp;nbsp;&lt;/span&gt;&lt;span style="color: var(--highlight-default)"&gt;$e&amp;nbsp;&lt;/span&gt;&lt;span style="color: var(--highlight-keyword)"&gt;=&amp;nbsp;new&amp;nbsp;&lt;/span&gt;&lt;span style="color: var(--highlight-default)"&gt;BadRequestHttpException&lt;/span&gt;&lt;span style="color: var(--highlight-keyword)"&gt;(&lt;/span&gt;&lt;span style="color: var(--highlight-default)"&gt;$e&lt;/span&gt;&lt;span style="color: var(--highlight-keyword)"&gt;-&amp;gt;&lt;/span&gt;&lt;span style="color: var(--highlight-default)"&gt;getMessage&lt;/span&gt;&lt;span style="color: var(--highlight-keyword)"&gt;(),&amp;nbsp;&lt;/span&gt;&lt;span style="color: var(--highlight-default)"&gt;$e&lt;/span&gt;&lt;span style="color: var(--highlight-keyword)"&gt;);&lt;/span&gt;&lt;/code&gt;&lt;/li&gt;
&lt;li&gt;&lt;code&gt;&lt;span style="color: var(--highlight-keyword)"&gt;&amp;nbsp;&amp;nbsp;&amp;nbsp;&amp;nbsp;&amp;nbsp;&amp;nbsp;&amp;nbsp;&amp;nbsp;&amp;nbsp;&amp;nbsp;&amp;nbsp;&amp;nbsp;}&lt;/span&gt;&lt;/code&gt;&lt;/li&gt;
&lt;li&gt;&lt;code&gt;&lt;span style="color: var(--highlight-keyword)"&gt;&amp;nbsp;&amp;nbsp;&amp;nbsp;&amp;nbsp;&amp;nbsp;&amp;nbsp;&amp;nbsp;&amp;nbsp;&amp;nbsp;&amp;nbsp;&amp;nbsp;&amp;nbsp;if&amp;nbsp;(&lt;/span&gt;&lt;span style="color: var(--highlight-default)"&gt;false&amp;nbsp;&lt;/span&gt;&lt;span style="color: var(--highlight-keyword)"&gt;===&amp;nbsp;&lt;/span&gt;&lt;span style="color: var(--highlight-default)"&gt;$catch&lt;/span&gt;&lt;span style="color: var(--highlight-keyword)"&gt;)&amp;nbsp;{&lt;/span&gt;&lt;/code&gt;&lt;/li&gt;&lt;/ol&gt;    &lt;/div&gt;            &lt;/div&gt;
                        &lt;div class="trace-line "&gt;
                &lt;div class="trace-line-header break-long-words sf-toggle" data-toggle-selector="#trace-html-2-11" data-toggle-initial=""&gt;
            &lt;span class="icon icon-close"&gt;&lt;svg width="1792" height="1792" viewBox="0 0 1792 1792" xmlns="http://www.w3.org/2000/svg"&gt;&lt;path d="M1408 960V832q0-26-19-45t-45-19H448q-26 0-45 19t-19 45v128q0 26 19 45t45 19h896q26 0 45-19t19-45zm256-544v960q0 119-84.5 203.5T1376 1664H416q-119 0-203.5-84.5T128 1376V416q0-119 84.5-203.5T416 128h960q119 0 203.5 84.5T1664 416z"/&gt;&lt;/svg&gt;&lt;/span&gt;
        &lt;span class="icon icon-open"&gt;&lt;svg width="1792" height="1792" viewBox="0 0 1792 1792" xmlns="http://www.w3.org/2000/svg"&gt;&lt;path d="M1408 960V832q0-26-19-45t-45-19h-320V448q0-26-19-45t-45-19H832q-26 0-45 19t-19 45v320H448q-26 0-45 19t-19 45v128q0 26 19 45t45 19h320v320q0 26 19 45t45 19h128q26 0 45-19t19-45v-320h320q26 0 45-19t19-45zm256-544v960q0 119-84.5 203.5T1376 1664H416q-119 0-203.5-84.5T128 1376V416q0-119 84.5-203.5T416 128h960q119 0 203.5 84.5T1664 416z"/&gt;&lt;/svg&gt;&lt;/span&gt;
    
            &lt;span class="trace-class"&gt;&lt;abbr title="Symfony\Component\HttpKernel\HttpKernel"&gt;HttpKernel&lt;/abbr&gt;&lt;/span&gt;&lt;span class="trace-type"&gt;-&gt;&lt;/span&gt;&lt;span class="trace-method"&gt;handle&lt;/span&gt;&lt;span class="trace-arguments"&gt;()&lt;/span&gt;    
                    &lt;span class="block trace-file-path"&gt;
            in
            &lt;a href=""&gt;
                C:\Users\eman\Documents\GitHub\car_dealer\vendor\symfony\http-kernel\&lt;strong&gt;Kernel.php&lt;/strong&gt;
            &lt;/a&gt;
                        (line 202)
            &lt;span class="icon icon-copy hidden" data-clipboard-text="C:\Users\eman\Documents\GitHub\car_dealer\vendor\symfony\http-kernel\Kernel.php:202"&gt;
                &lt;svg xmlns="http://www.w3.org/2000/svg" height="24" viewBox="0 0 24 24" width="24"&gt;&lt;path d="M0 0h24v24H0z" fill="none"/&gt;&lt;path d="M16 1H4c-1.1 0-2 .9-2 2v14h2V3h12V1zm3 4H8c-1.1 0-2 .9-2 2v14c0 1.1.9 2 2 2h11c1.1 0 2-.9 2-2V7c0-1.1-.9-2-2-2zm0 16H8V7h11v14z"/&gt;&lt;/svg&gt;            &lt;/span&gt;
        &lt;/span&gt;
    &lt;/div&gt;
    &lt;div id="trace-html-2-11" class="trace-code sf-toggle-content"&gt;
        &lt;ol start="197"&gt;&lt;li&gt;&lt;code&gt;&lt;span style="color: var(--highlight-keyword)"&gt;&amp;nbsp;&amp;nbsp;&amp;nbsp;&amp;nbsp;&amp;nbsp;&amp;nbsp;&amp;nbsp;&amp;nbsp;&lt;/span&gt;&lt;span style="color: var(--highlight-default)"&gt;$this&lt;/span&gt;&lt;span style="color: var(--highlight-keyword)"&gt;-&amp;gt;&lt;/span&gt;&lt;span style="color: var(--highlight-default)"&gt;boot&lt;/span&gt;&lt;span style="color: var(--highlight-keyword)"&gt;();&lt;/span&gt;&lt;/code&gt;&lt;/li&gt;
&lt;li&gt;&lt;code&gt;&lt;span style="color: var(--highlight-keyword)"&gt;&amp;nbsp;&amp;nbsp;&amp;nbsp;&amp;nbsp;&amp;nbsp;&amp;nbsp;&amp;nbsp;&amp;nbsp;++&lt;/span&gt;&lt;span style="color: var(--highlight-default)"&gt;$this&lt;/span&gt;&lt;span style="color: var(--highlight-keyword)"&gt;-&amp;gt;&lt;/span&gt;&lt;span style="color: var(--highlight-default)"&gt;requestStackSize&lt;/span&gt;&lt;span style="color: var(--highlight-keyword)"&gt;;&lt;/span&gt;&lt;/code&gt;&lt;/li&gt;
&lt;li&gt;&lt;code&gt;&lt;span style="color: var(--highlight-keyword)"&gt;&amp;nbsp;&amp;nbsp;&amp;nbsp;&amp;nbsp;&amp;nbsp;&amp;nbsp;&amp;nbsp;&amp;nbsp;&lt;/span&gt;&lt;span style="color: var(--highlight-default)"&gt;$this&lt;/span&gt;&lt;span style="color: var(--highlight-keyword)"&gt;-&amp;gt;&lt;/span&gt;&lt;span style="color: var(--highlight-default)"&gt;resetServices&amp;nbsp;&lt;/span&gt;&lt;span style="color: var(--highlight-keyword)"&gt;=&amp;nbsp;&lt;/span&gt;&lt;span style="color: var(--highlight-default)"&gt;true&lt;/span&gt;&lt;span style="color: var(--highlight-keyword)"&gt;;&lt;/span&gt;&lt;/code&gt;&lt;/li&gt;
&lt;li&gt;&lt;code&gt;&lt;span style="color: var(--highlight-keyword)"&gt;&lt;/span&gt;&lt;/code&gt;&lt;/li&gt;
&lt;li&gt;&lt;code&gt;&lt;span style="color: var(--highlight-keyword)"&gt;&amp;nbsp;&amp;nbsp;&amp;nbsp;&amp;nbsp;&amp;nbsp;&amp;nbsp;&amp;nbsp;&amp;nbsp;try&amp;nbsp;{&lt;/span&gt;&lt;/code&gt;&lt;/li&gt;
&lt;li class="selected"&gt;&lt;code&gt;&lt;span style="color: var(--highlight-keyword)"&gt;&amp;nbsp;&amp;nbsp;&amp;nbsp;&amp;nbsp;&amp;nbsp;&amp;nbsp;&amp;nbsp;&amp;nbsp;&amp;nbsp;&amp;nbsp;&amp;nbsp;&amp;nbsp;return&amp;nbsp;&lt;/span&gt;&lt;span style="color: var(--highlight-default)"&gt;$this&lt;/span&gt;&lt;span style="color: var(--highlight-keyword)"&gt;-&amp;gt;&lt;/span&gt;&lt;span style="color: var(--highlight-default)"&gt;getHttpKernel&lt;/span&gt;&lt;span style="color: var(--highlight-keyword)"&gt;()-&amp;gt;&lt;/span&gt;&lt;span style="color: var(--highlight-default)"&gt;handle&lt;/span&gt;&lt;span style="color: var(--highlight-keyword)"&gt;(&lt;/span&gt;&lt;span style="color: var(--highlight-default)"&gt;$request&lt;/span&gt;&lt;span style="color: var(--highlight-keyword)"&gt;,&amp;nbsp;&lt;/span&gt;&lt;span style="color: var(--highlight-default)"&gt;$type&lt;/span&gt;&lt;span style="color: var(--highlight-keyword)"&gt;,&amp;nbsp;&lt;/span&gt;&lt;span style="color: var(--highlight-default)"&gt;$catch&lt;/span&gt;&lt;span style="color: var(--highlight-keyword)"&gt;);&lt;/span&gt;&lt;/code&gt;&lt;/li&gt;
&lt;li&gt;&lt;code&gt;&lt;span style="color: var(--highlight-keyword)"&gt;&amp;nbsp;&amp;nbsp;&amp;nbsp;&amp;nbsp;&amp;nbsp;&amp;nbsp;&amp;nbsp;&amp;nbsp;}&amp;nbsp;finally&amp;nbsp;{&lt;/span&gt;&lt;/code&gt;&lt;/li&gt;
&lt;li&gt;&lt;code&gt;&lt;span style="color: var(--highlight-keyword)"&gt;&amp;nbsp;&amp;nbsp;&amp;nbsp;&amp;nbsp;&amp;nbsp;&amp;nbsp;&amp;nbsp;&amp;nbsp;&amp;nbsp;&amp;nbsp;&amp;nbsp;&amp;nbsp;--&lt;/span&gt;&lt;span style="color: var(--highlight-default)"&gt;$this&lt;/span&gt;&lt;span style="color: var(--highlight-keyword)"&gt;-&amp;gt;&lt;/span&gt;&lt;span style="color: var(--highlight-default)"&gt;requestStackSize&lt;/span&gt;&lt;span style="color: var(--highlight-keyword)"&gt;;&lt;/span&gt;&lt;/code&gt;&lt;/li&gt;
&lt;li&gt;&lt;code&gt;&lt;span style="color: var(--highlight-keyword)"&gt;&amp;nbsp;&amp;nbsp;&amp;nbsp;&amp;nbsp;&amp;nbsp;&amp;nbsp;&amp;nbsp;&amp;nbsp;}&lt;/span&gt;&lt;/code&gt;&lt;/li&gt;
&lt;li&gt;&lt;code&gt;&lt;span style="color: var(--highlight-keyword)"&gt;&amp;nbsp;&amp;nbsp;&amp;nbsp;&amp;nbsp;}&lt;/span&gt;&lt;/code&gt;&lt;/li&gt;
&lt;li&gt;&lt;code&gt;&lt;span style="color: var(--highlight-keyword)"&gt;&lt;/span&gt;&lt;/code&gt;&lt;/li&gt;&lt;/ol&gt;    &lt;/div&gt;            &lt;/div&gt;
                        &lt;div class="trace-line "&gt;
                &lt;div class="trace-line-header break-long-words sf-toggle" data-toggle-selector="#trace-html-2-12" data-toggle-initial=""&gt;
            &lt;span class="icon icon-close"&gt;&lt;svg width="1792" height="1792" viewBox="0 0 1792 1792" xmlns="http://www.w3.org/2000/svg"&gt;&lt;path d="M1408 960V832q0-26-19-45t-45-19H448q-26 0-45 19t-19 45v128q0 26 19 45t45 19h896q26 0 45-19t19-45zm256-544v960q0 119-84.5 203.5T1376 1664H416q-119 0-203.5-84.5T128 1376V416q0-119 84.5-203.5T416 128h960q119 0 203.5 84.5T1664 416z"/&gt;&lt;/svg&gt;&lt;/span&gt;
        &lt;span class="icon icon-open"&gt;&lt;svg width="1792" height="1792" viewBox="0 0 1792 1792" xmlns="http://www.w3.org/2000/svg"&gt;&lt;path d="M1408 960V832q0-26-19-45t-45-19h-320V448q0-26-19-45t-45-19H832q-26 0-45 19t-19 45v320H448q-26 0-45 19t-19 45v128q0 26 19 45t45 19h320v320q0 26 19 45t45 19h128q26 0 45-19t19-45v-320h320q26 0 45-19t19-45zm256-544v960q0 119-84.5 203.5T1376 1664H416q-119 0-203.5-84.5T128 1376V416q0-119 84.5-203.5T416 128h960q119 0 203.5 84.5T1664 416z"/&gt;&lt;/svg&gt;&lt;/span&gt;
    
            &lt;span class="trace-class"&gt;&lt;abbr title="Symfony\Component\HttpKernel\Kernel"&gt;Kernel&lt;/abbr&gt;&lt;/span&gt;&lt;span class="trace-type"&gt;-&gt;&lt;/span&gt;&lt;span class="trace-method"&gt;handle&lt;/span&gt;&lt;span class="trace-arguments"&gt;()&lt;/span&gt;    
                    &lt;span class="block trace-file-path"&gt;
            in
            &lt;a href=""&gt;
                C:\Users\eman\Documents\GitHub\car_dealer\vendor\symfony\http-kernel\&lt;strong&gt;HttpKernelBrowser.php&lt;/strong&gt;
            &lt;/a&gt;
                        (line 65)
            &lt;span class="icon icon-copy hidden" data-clipboard-text="C:\Users\eman\Documents\GitHub\car_dealer\vendor\symfony\http-kernel\HttpKernelBrowser.php:65"&gt;
                &lt;svg xmlns="http://www.w3.org/2000/svg" height="24" viewBox="0 0 24 24" width="24"&gt;&lt;path d="M0 0h24v24H0z" fill="none"/&gt;&lt;path d="M16 1H4c-1.1 0-2 .9-2 2v14h2V3h12V1zm3 4H8c-1.1 0-2 .9-2 2v14c0 1.1.9 2 2 2h11c1.1 0 2-.9 2-2V7c0-1.1-.9-2-2-2zm0 16H8V7h11v14z"/&gt;&lt;/svg&gt;            &lt;/span&gt;
        &lt;/span&gt;
    &lt;/div&gt;
    &lt;div id="trace-html-2-12" class="trace-code sf-toggle-content"&gt;
        &lt;ol start="60"&gt;&lt;li&gt;&lt;code&gt;&lt;span style="color: var(--highlight-comment)"&gt;&amp;nbsp;&amp;nbsp;&amp;nbsp;&amp;nbsp;&amp;nbsp;*&lt;/span&gt;&lt;/code&gt;&lt;/li&gt;
&lt;li&gt;&lt;code&gt;&lt;span style="color: var(--highlight-comment)"&gt;&amp;nbsp;&amp;nbsp;&amp;nbsp;&amp;nbsp;&amp;nbsp;*&amp;nbsp;@return&amp;nbsp;Response&lt;/span&gt;&lt;/code&gt;&lt;/li&gt;
&lt;li&gt;&lt;code&gt;&lt;span style="color: var(--highlight-comment)"&gt;&amp;nbsp;&amp;nbsp;&amp;nbsp;&amp;nbsp;&amp;nbsp;*/&lt;/span&gt;&lt;/code&gt;&lt;/li&gt;
&lt;li&gt;&lt;code&gt;&lt;span style="color: var(--highlight-comment)"&gt;&amp;nbsp;&amp;nbsp;&amp;nbsp;&amp;nbsp;&lt;/span&gt;&lt;span style="color: var(--highlight-keyword)"&gt;protected&amp;nbsp;function&amp;nbsp;&lt;/span&gt;&lt;span style="color: var(--highlight-default)"&gt;doRequest&lt;/span&gt;&lt;span style="color: var(--highlight-keyword)"&gt;(&lt;/span&gt;&lt;span style="color: var(--highlight-default)"&gt;object&amp;nbsp;$request&lt;/span&gt;&lt;span style="color: var(--highlight-keyword)"&gt;)&lt;/span&gt;&lt;/code&gt;&lt;/li&gt;
&lt;li&gt;&lt;code&gt;&lt;span style="color: var(--highlight-keyword)"&gt;&amp;nbsp;&amp;nbsp;&amp;nbsp;&amp;nbsp;{&lt;/span&gt;&lt;/code&gt;&lt;/li&gt;
&lt;li class="selected"&gt;&lt;code&gt;&lt;span style="color: var(--highlight-keyword)"&gt;&amp;nbsp;&amp;nbsp;&amp;nbsp;&amp;nbsp;&amp;nbsp;&amp;nbsp;&amp;nbsp;&amp;nbsp;&lt;/span&gt;&lt;span style="color: var(--highlight-default)"&gt;$response&amp;nbsp;&lt;/span&gt;&lt;span style="color: var(--highlight-keyword)"&gt;=&amp;nbsp;&lt;/span&gt;&lt;span style="color: var(--highlight-default)"&gt;$this&lt;/span&gt;&lt;span style="color: var(--highlight-keyword)"&gt;-&amp;gt;&lt;/span&gt;&lt;span style="color: var(--highlight-default)"&gt;kernel&lt;/span&gt;&lt;span style="color: var(--highlight-keyword)"&gt;-&amp;gt;&lt;/span&gt;&lt;span style="color: var(--highlight-default)"&gt;handle&lt;/span&gt;&lt;span style="color: var(--highlight-keyword)"&gt;(&lt;/span&gt;&lt;span style="color: var(--highlight-default)"&gt;$request&lt;/span&gt;&lt;span style="color: var(--highlight-keyword)"&gt;,&amp;nbsp;&lt;/span&gt;&lt;span style="color: var(--highlight-default)"&gt;HttpKernelInterface&lt;/span&gt;&lt;span style="color: var(--highlight-keyword)"&gt;::&lt;/span&gt;&lt;span style="color: var(--highlight-default)"&gt;MAIN_REQUEST&lt;/span&gt;&lt;span style="color: var(--highlight-keyword)"&gt;,&amp;nbsp;&lt;/span&gt;&lt;span style="color: var(--highlight-default)"&gt;$this&lt;/span&gt;&lt;span style="color: var(--highlight-keyword)"&gt;-&amp;gt;&lt;/span&gt;&lt;span style="color: var(--highlight-default)"&gt;catchExceptions&lt;/span&gt;&lt;span style="color: var(--highlight-keyword)"&gt;);&lt;/span&gt;&lt;/code&gt;&lt;/li&gt;
&lt;li&gt;&lt;code&gt;&lt;span style="color: var(--highlight-keyword)"&gt;&lt;/span&gt;&lt;/code&gt;&lt;/li&gt;
&lt;li&gt;&lt;code&gt;&lt;span style="color: var(--highlight-keyword)"&gt;&amp;nbsp;&amp;nbsp;&amp;nbsp;&amp;nbsp;&amp;nbsp;&amp;nbsp;&amp;nbsp;&amp;nbsp;if&amp;nbsp;(&lt;/span&gt;&lt;span style="color: var(--highlight-default)"&gt;$this&lt;/span&gt;&lt;span style="color: var(--highlight-keyword)"&gt;-&amp;gt;&lt;/span&gt;&lt;span style="color: var(--highlight-default)"&gt;kernel&amp;nbsp;&lt;/span&gt;&lt;span style="color: var(--highlight-keyword)"&gt;instanceof&amp;nbsp;&lt;/span&gt;&lt;span style="color: var(--highlight-default)"&gt;TerminableInterface&lt;/span&gt;&lt;span style="color: var(--highlight-keyword)"&gt;)&amp;nbsp;{&lt;/span&gt;&lt;/code&gt;&lt;/li&gt;
&lt;li&gt;&lt;code&gt;&lt;span style="color: var(--highlight-keyword)"&gt;&amp;nbsp;&amp;nbsp;&amp;nbsp;&amp;nbsp;&amp;nbsp;&amp;nbsp;&amp;nbsp;&amp;nbsp;&amp;nbsp;&amp;nbsp;&amp;nbsp;&amp;nbsp;&lt;/span&gt;&lt;span style="color: var(--highlight-default)"&gt;$this&lt;/span&gt;&lt;span style="color: var(--highlight-keyword)"&gt;-&amp;gt;&lt;/span&gt;&lt;span style="color: var(--highlight-default)"&gt;kernel&lt;/span&gt;&lt;span style="color: var(--highlight-keyword)"&gt;-&amp;gt;&lt;/span&gt;&lt;span style="color: var(--highlight-default)"&gt;terminate&lt;/span&gt;&lt;span style="color: var(--highlight-keyword)"&gt;(&lt;/span&gt;&lt;span style="color: var(--highlight-default)"&gt;$request&lt;/span&gt;&lt;span style="color: var(--highlight-keyword)"&gt;,&amp;nbsp;&lt;/span&gt;&lt;span style="color: var(--highlight-default)"&gt;$response&lt;/span&gt;&lt;span style="color: var(--highlight-keyword)"&gt;);&lt;/span&gt;&lt;/code&gt;&lt;/li&gt;
&lt;li&gt;&lt;code&gt;&lt;span style="color: var(--highlight-keyword)"&gt;&amp;nbsp;&amp;nbsp;&amp;nbsp;&amp;nbsp;&amp;nbsp;&amp;nbsp;&amp;nbsp;&amp;nbsp;}&lt;/span&gt;&lt;/code&gt;&lt;/li&gt;
&lt;li&gt;&lt;code&gt;&lt;span style="color: var(--highlight-keyword)"&gt;&lt;/span&gt;&lt;/code&gt;&lt;/li&gt;&lt;/ol&gt;    &lt;/div&gt;            &lt;/div&gt;
                        &lt;div class="trace-line "&gt;
                &lt;div class="trace-line-header break-long-words sf-toggle" data-toggle-selector="#trace-html-2-13" data-toggle-initial=""&gt;
            &lt;span class="icon icon-close"&gt;&lt;svg width="1792" height="1792" viewBox="0 0 1792 1792" xmlns="http://www.w3.org/2000/svg"&gt;&lt;path d="M1408 960V832q0-26-19-45t-45-19H448q-26 0-45 19t-19 45v128q0 26 19 45t45 19h896q26 0 45-19t19-45zm256-544v960q0 119-84.5 203.5T1376 1664H416q-119 0-203.5-84.5T128 1376V416q0-119 84.5-203.5T416 128h960q119 0 203.5 84.5T1664 416z"/&gt;&lt;/svg&gt;&lt;/span&gt;
        &lt;span class="icon icon-open"&gt;&lt;svg width="1792" height="1792" viewBox="0 0 1792 1792" xmlns="http://www.w3.org/2000/svg"&gt;&lt;path d="M1408 960V832q0-26-19-45t-45-19h-320V448q0-26-19-45t-45-19H832q-26 0-45 19t-19 45v320H448q-26 0-45 19t-19 45v128q0 26 19 45t45 19h320v320q0 26 19 45t45 19h128q26 0 45-19t19-45v-320h320q26 0 45-19t19-45zm256-544v960q0 119-84.5 203.5T1376 1664H416q-119 0-203.5-84.5T128 1376V416q0-119 84.5-203.5T416 128h960q119 0 203.5 84.5T1664 416z"/&gt;&lt;/svg&gt;&lt;/span&gt;
    
            &lt;span class="trace-class"&gt;&lt;abbr title="Symfony\Component\HttpKernel\HttpKernelBrowser"&gt;HttpKernelBrowser&lt;/abbr&gt;&lt;/span&gt;&lt;span class="trace-type"&gt;-&gt;&lt;/span&gt;&lt;span class="trace-method"&gt;doRequest&lt;/span&gt;&lt;span class="trace-arguments"&gt;()&lt;/span&gt;    
                    &lt;span class="block trace-file-path"&gt;
            in
            &lt;a href=""&gt;
                C:\Users\eman\Documents\GitHub\car_dealer\vendor\symfony\framework-bundle\&lt;strong&gt;KernelBrowser.php&lt;/strong&gt;
            &lt;/a&gt;
                        (line 171)
            &lt;span class="icon icon-copy hidden" data-clipboard-text="C:\Users\eman\Documents\GitHub\car_dealer\vendor\symfony\framework-bundle\KernelBrowser.php:171"&gt;
                &lt;svg xmlns="http://www.w3.org/2000/svg" height="24" viewBox="0 0 24 24" width="24"&gt;&lt;path d="M0 0h24v24H0z" fill="none"/&gt;&lt;path d="M16 1H4c-1.1 0-2 .9-2 2v14h2V3h12V1zm3 4H8c-1.1 0-2 .9-2 2v14c0 1.1.9 2 2 2h11c1.1 0 2-.9 2-2V7c0-1.1-.9-2-2-2zm0 16H8V7h11v14z"/&gt;&lt;/svg&gt;            &lt;/span&gt;
        &lt;/span&gt;
    &lt;/div&gt;
    &lt;div id="trace-html-2-13" class="trace-code sf-toggle-content"&gt;
        &lt;ol start="166"&gt;&lt;li&gt;&lt;code&gt;&lt;span style="color: var(--highlight-keyword)"&gt;&lt;/span&gt;&lt;/code&gt;&lt;/li&gt;
&lt;li&gt;&lt;code&gt;&lt;span style="color: var(--highlight-keyword)"&gt;&amp;nbsp;&amp;nbsp;&amp;nbsp;&amp;nbsp;&amp;nbsp;&amp;nbsp;&amp;nbsp;&amp;nbsp;&amp;nbsp;&amp;nbsp;&amp;nbsp;&amp;nbsp;&lt;/span&gt;&lt;span style="color: var(--highlight-default)"&gt;$this&lt;/span&gt;&lt;span style="color: var(--highlight-keyword)"&gt;-&amp;gt;&lt;/span&gt;&lt;span style="color: var(--highlight-default)"&gt;kernel&lt;/span&gt;&lt;span style="color: var(--highlight-keyword)"&gt;-&amp;gt;&lt;/span&gt;&lt;span style="color: var(--highlight-default)"&gt;boot&lt;/span&gt;&lt;span style="color: var(--highlight-keyword)"&gt;();&lt;/span&gt;&lt;/code&gt;&lt;/li&gt;
&lt;li&gt;&lt;code&gt;&lt;span style="color: var(--highlight-keyword)"&gt;&amp;nbsp;&amp;nbsp;&amp;nbsp;&amp;nbsp;&amp;nbsp;&amp;nbsp;&amp;nbsp;&amp;nbsp;&amp;nbsp;&amp;nbsp;&amp;nbsp;&amp;nbsp;&lt;/span&gt;&lt;span style="color: var(--highlight-default)"&gt;$this&lt;/span&gt;&lt;span style="color: var(--highlight-keyword)"&gt;-&amp;gt;&lt;/span&gt;&lt;span style="color: var(--highlight-default)"&gt;getContainer&lt;/span&gt;&lt;span style="color: var(--highlight-keyword)"&gt;()-&amp;gt;&lt;/span&gt;&lt;span style="color: var(--highlight-default)"&gt;get&lt;/span&gt;&lt;span style="color: var(--highlight-keyword)"&gt;(&lt;/span&gt;&lt;span style="color: var(--highlight-string)"&gt;'profiler'&lt;/span&gt;&lt;span style="color: var(--highlight-keyword)"&gt;)-&amp;gt;&lt;/span&gt;&lt;span style="color: var(--highlight-default)"&gt;enable&lt;/span&gt;&lt;span style="color: var(--highlight-keyword)"&gt;();&lt;/span&gt;&lt;/code&gt;&lt;/li&gt;
&lt;li&gt;&lt;code&gt;&lt;span style="color: var(--highlight-keyword)"&gt;&amp;nbsp;&amp;nbsp;&amp;nbsp;&amp;nbsp;&amp;nbsp;&amp;nbsp;&amp;nbsp;&amp;nbsp;}&lt;/span&gt;&lt;/code&gt;&lt;/li&gt;
&lt;li&gt;&lt;code&gt;&lt;span style="color: var(--highlight-keyword)"&gt;&lt;/span&gt;&lt;/code&gt;&lt;/li&gt;
&lt;li class="selected"&gt;&lt;code&gt;&lt;span style="color: var(--highlight-keyword)"&gt;&amp;nbsp;&amp;nbsp;&amp;nbsp;&amp;nbsp;&amp;nbsp;&amp;nbsp;&amp;nbsp;&amp;nbsp;return&amp;nbsp;&lt;/span&gt;&lt;span style="color: var(--highlight-default)"&gt;parent&lt;/span&gt;&lt;span style="color: var(--highlight-keyword)"&gt;::&lt;/span&gt;&lt;span style="color: var(--highlight-default)"&gt;doRequest&lt;/span&gt;&lt;span style="color: var(--highlight-keyword)"&gt;(&lt;/span&gt;&lt;span style="color: var(--highlight-default)"&gt;$request&lt;/span&gt;&lt;span style="color: var(--highlight-keyword)"&gt;);&lt;/span&gt;&lt;/code&gt;&lt;/li&gt;
&lt;li&gt;&lt;code&gt;&lt;span style="color: var(--highlight-keyword)"&gt;&amp;nbsp;&amp;nbsp;&amp;nbsp;&amp;nbsp;}&lt;/span&gt;&lt;/code&gt;&lt;/li&gt;
&lt;li&gt;&lt;code&gt;&lt;span style="color: var(--highlight-keyword)"&gt;&lt;/span&gt;&lt;/code&gt;&lt;/li&gt;
&lt;li&gt;&lt;code&gt;&lt;span style="color: var(--highlight-keyword)"&gt;&amp;nbsp;&amp;nbsp;&amp;nbsp;&amp;nbsp;&lt;/span&gt;&lt;span style="color: var(--highlight-comment)"&gt;/**&lt;/span&gt;&lt;/code&gt;&lt;/li&gt;
&lt;li&gt;&lt;code&gt;&lt;span style="color: var(--highlight-comment)"&gt;&amp;nbsp;&amp;nbsp;&amp;nbsp;&amp;nbsp;&amp;nbsp;*&amp;nbsp;{@inheritdoc}&lt;/span&gt;&lt;/code&gt;&lt;/li&gt;
&lt;li&gt;&lt;code&gt;&lt;span style="color: var(--highlight-comment)"&gt;&amp;nbsp;&amp;nbsp;&amp;nbsp;&amp;nbsp;&amp;nbsp;*&lt;/span&gt;&lt;/code&gt;&lt;/li&gt;&lt;/ol&gt;    &lt;/div&gt;            &lt;/div&gt;
                        &lt;div class="trace-line "&gt;
                &lt;div class="trace-line-header break-long-words sf-toggle" data-toggle-selector="#trace-html-2-14" data-toggle-initial=""&gt;
            &lt;span class="icon icon-close"&gt;&lt;svg width="1792" height="1792" viewBox="0 0 1792 1792" xmlns="http://www.w3.org/2000/svg"&gt;&lt;path d="M1408 960V832q0-26-19-45t-45-19H448q-26 0-45 19t-19 45v128q0 26 19 45t45 19h896q26 0 45-19t19-45zm256-544v960q0 119-84.5 203.5T1376 1664H416q-119 0-203.5-84.5T128 1376V416q0-119 84.5-203.5T416 128h960q119 0 203.5 84.5T1664 416z"/&gt;&lt;/svg&gt;&lt;/span&gt;
        &lt;span class="icon icon-open"&gt;&lt;svg width="1792" height="1792" viewBox="0 0 1792 1792" xmlns="http://www.w3.org/2000/svg"&gt;&lt;path d="M1408 960V832q0-26-19-45t-45-19h-320V448q0-26-19-45t-45-19H832q-26 0-45 19t-19 45v320H448q-26 0-45 19t-19 45v128q0 26 19 45t45 19h320v320q0 26 19 45t45 19h128q26 0 45-19t19-45v-320h320q26 0 45-19t19-45zm256-544v960q0 119-84.5 203.5T1376 1664H416q-119 0-203.5-84.5T128 1376V416q0-119 84.5-203.5T416 128h960q119 0 203.5 84.5T1664 416z"/&gt;&lt;/svg&gt;&lt;/span&gt;
    
            &lt;span class="trace-class"&gt;&lt;abbr title="Symfony\Bundle\FrameworkBundle\KernelBrowser"&gt;KernelBrowser&lt;/abbr&gt;&lt;/span&gt;&lt;span class="trace-type"&gt;-&gt;&lt;/span&gt;&lt;span class="trace-method"&gt;doRequest&lt;/span&gt;&lt;span class="trace-arguments"&gt;()&lt;/span&gt;    
                    &lt;span class="block trace-file-path"&gt;
            in
            &lt;a href=""&gt;
                C:\Users\eman\Documents\GitHub\car_dealer\vendor\symfony\browser-kit\&lt;strong&gt;AbstractBrowser.php&lt;/strong&gt;
            &lt;/a&gt;
                        (line 370)
            &lt;span class="icon icon-copy hidden" data-clipboard-text="C:\Users\eman\Documents\GitHub\car_dealer\vendor\symfony\browser-kit\AbstractBrowser.php:370"&gt;
                &lt;svg xmlns="http://www.w3.org/2000/svg" height="24" viewBox="0 0 24 24" width="24"&gt;&lt;path d="M0 0h24v24H0z" fill="none"/&gt;&lt;path d="M16 1H4c-1.1 0-2 .9-2 2v14h2V3h12V1zm3 4H8c-1.1 0-2 .9-2 2v14c0 1.1.9 2 2 2h11c1.1 0 2-.9 2-2V7c0-1.1-.9-2-2-2zm0 16H8V7h11v14z"/&gt;&lt;/svg&gt;            &lt;/span&gt;
        &lt;/span&gt;
    &lt;/div&gt;
    &lt;div id="trace-html-2-14" class="trace-code sf-toggle-content"&gt;
        &lt;ol start="365"&gt;&lt;li&gt;&lt;code&gt;&lt;span style="color: var(--highlight-keyword)"&gt;&amp;nbsp;&amp;nbsp;&amp;nbsp;&amp;nbsp;&amp;nbsp;&amp;nbsp;&amp;nbsp;&amp;nbsp;}&lt;/span&gt;&lt;/code&gt;&lt;/li&gt;
&lt;li&gt;&lt;code&gt;&lt;span style="color: var(--highlight-keyword)"&gt;&lt;/span&gt;&lt;/code&gt;&lt;/li&gt;
&lt;li&gt;&lt;code&gt;&lt;span style="color: var(--highlight-keyword)"&gt;&amp;nbsp;&amp;nbsp;&amp;nbsp;&amp;nbsp;&amp;nbsp;&amp;nbsp;&amp;nbsp;&amp;nbsp;if&amp;nbsp;(&lt;/span&gt;&lt;span style="color: var(--highlight-default)"&gt;$this&lt;/span&gt;&lt;span style="color: var(--highlight-keyword)"&gt;-&amp;gt;&lt;/span&gt;&lt;span style="color: var(--highlight-default)"&gt;insulated&lt;/span&gt;&lt;span style="color: var(--highlight-keyword)"&gt;)&amp;nbsp;{&lt;/span&gt;&lt;/code&gt;&lt;/li&gt;
&lt;li&gt;&lt;code&gt;&lt;span style="color: var(--highlight-keyword)"&gt;&amp;nbsp;&amp;nbsp;&amp;nbsp;&amp;nbsp;&amp;nbsp;&amp;nbsp;&amp;nbsp;&amp;nbsp;&amp;nbsp;&amp;nbsp;&amp;nbsp;&amp;nbsp;&lt;/span&gt;&lt;span style="color: var(--highlight-default)"&gt;$this&lt;/span&gt;&lt;span style="color: var(--highlight-keyword)"&gt;-&amp;gt;&lt;/span&gt;&lt;span style="color: var(--highlight-default)"&gt;response&amp;nbsp;&lt;/span&gt;&lt;span style="color: var(--highlight-keyword)"&gt;=&amp;nbsp;&lt;/span&gt;&lt;span style="color: var(--highlight-default)"&gt;$this&lt;/span&gt;&lt;span style="color: var(--highlight-keyword)"&gt;-&amp;gt;&lt;/span&gt;&lt;span style="color: var(--highlight-default)"&gt;doRequestInProcess&lt;/span&gt;&lt;span style="color: var(--highlight-keyword)"&gt;(&lt;/span&gt;&lt;span style="color: var(--highlight-default)"&gt;$this&lt;/span&gt;&lt;span style="color: var(--highlight-keyword)"&gt;-&amp;gt;&lt;/span&gt;&lt;span style="color: var(--highlight-default)"&gt;request&lt;/span&gt;&lt;span style="color: var(--highlight-keyword)"&gt;);&lt;/span&gt;&lt;/code&gt;&lt;/li&gt;
&lt;li&gt;&lt;code&gt;&lt;span style="color: var(--highlight-keyword)"&gt;&amp;nbsp;&amp;nbsp;&amp;nbsp;&amp;nbsp;&amp;nbsp;&amp;nbsp;&amp;nbsp;&amp;nbsp;}&amp;nbsp;else&amp;nbsp;{&lt;/span&gt;&lt;/code&gt;&lt;/li&gt;
&lt;li class="selected"&gt;&lt;code&gt;&lt;span style="color: var(--highlight-keyword)"&gt;&amp;nbsp;&amp;nbsp;&amp;nbsp;&amp;nbsp;&amp;nbsp;&amp;nbsp;&amp;nbsp;&amp;nbsp;&amp;nbsp;&amp;nbsp;&amp;nbsp;&amp;nbsp;&lt;/span&gt;&lt;span style="color: var(--highlight-default)"&gt;$this&lt;/span&gt;&lt;span style="color: var(--highlight-keyword)"&gt;-&amp;gt;&lt;/span&gt;&lt;span style="color: var(--highlight-default)"&gt;response&amp;nbsp;&lt;/span&gt;&lt;span style="color: var(--highlight-keyword)"&gt;=&amp;nbsp;&lt;/span&gt;&lt;span style="color: var(--highlight-default)"&gt;$this&lt;/span&gt;&lt;span style="color: var(--highlight-keyword)"&gt;-&amp;gt;&lt;/span&gt;&lt;span style="color: var(--highlight-default)"&gt;doRequest&lt;/span&gt;&lt;span style="color: var(--highlight-keyword)"&gt;(&lt;/span&gt;&lt;span style="color: var(--highlight-default)"&gt;$this&lt;/span&gt;&lt;span style="color: var(--highlight-keyword)"&gt;-&amp;gt;&lt;/span&gt;&lt;span style="color: var(--highlight-default)"&gt;request&lt;/span&gt;&lt;span style="color: var(--highlight-keyword)"&gt;);&lt;/span&gt;&lt;/code&gt;&lt;/li&gt;
&lt;li&gt;&lt;code&gt;&lt;span style="color: var(--highlight-keyword)"&gt;&amp;nbsp;&amp;nbsp;&amp;nbsp;&amp;nbsp;&amp;nbsp;&amp;nbsp;&amp;nbsp;&amp;nbsp;}&lt;/span&gt;&lt;/code&gt;&lt;/li&gt;
&lt;li&gt;&lt;code&gt;&lt;span style="color: var(--highlight-keyword)"&gt;&lt;/span&gt;&lt;/code&gt;&lt;/li&gt;
&lt;li&gt;&lt;code&gt;&lt;span style="color: var(--highlight-keyword)"&gt;&amp;nbsp;&amp;nbsp;&amp;nbsp;&amp;nbsp;&amp;nbsp;&amp;nbsp;&amp;nbsp;&amp;nbsp;&lt;/span&gt;&lt;span style="color: var(--highlight-default)"&gt;$this&lt;/span&gt;&lt;span style="color: var(--highlight-keyword)"&gt;-&amp;gt;&lt;/span&gt;&lt;span style="color: var(--highlight-default)"&gt;internalResponse&amp;nbsp;&lt;/span&gt;&lt;span style="color: var(--highlight-keyword)"&gt;=&amp;nbsp;&lt;/span&gt;&lt;span style="color: var(--highlight-default)"&gt;$this&lt;/span&gt;&lt;span style="color: var(--highlight-keyword)"&gt;-&amp;gt;&lt;/span&gt;&lt;span style="color: var(--highlight-default)"&gt;filterResponse&lt;/span&gt;&lt;span style="color: var(--highlight-keyword)"&gt;(&lt;/span&gt;&lt;span style="color: var(--highlight-default)"&gt;$this&lt;/span&gt;&lt;span style="color: var(--highlight-keyword)"&gt;-&amp;gt;&lt;/span&gt;&lt;span style="color: var(--highlight-default)"&gt;response&lt;/span&gt;&lt;span style="color: var(--highlight-keyword)"&gt;);&lt;/span&gt;&lt;/code&gt;&lt;/li&gt;
&lt;li&gt;&lt;code&gt;&lt;span style="color: var(--highlight-keyword)"&gt;&lt;/span&gt;&lt;/code&gt;&lt;/li&gt;
&lt;li&gt;&lt;code&gt;&lt;span style="color: var(--highlight-keyword)"&gt;&amp;nbsp;&amp;nbsp;&amp;nbsp;&amp;nbsp;&amp;nbsp;&amp;nbsp;&amp;nbsp;&amp;nbsp;&lt;/span&gt;&lt;span style="color: var(--highlight-default)"&gt;$this&lt;/span&gt;&lt;span style="color: var(--highlight-keyword)"&gt;-&amp;gt;&lt;/span&gt;&lt;span style="color: var(--highlight-default)"&gt;cookieJar&lt;/span&gt;&lt;span style="color: var(--highlight-keyword)"&gt;-&amp;gt;&lt;/span&gt;&lt;span style="color: var(--highlight-default)"&gt;updateFromResponse&lt;/span&gt;&lt;span style="color: var(--highlight-keyword)"&gt;(&lt;/span&gt;&lt;span style="color: var(--highlight-default)"&gt;$this&lt;/span&gt;&lt;span style="color: var(--highlight-keyword)"&gt;-&amp;gt;&lt;/span&gt;&lt;span style="color: var(--highlight-default)"&gt;internalResponse&lt;/span&gt;&lt;span style="color: var(--highlight-keyword)"&gt;,&amp;nbsp;&lt;/span&gt;&lt;span style="color: var(--highlight-default)"&gt;$uri&lt;/span&gt;&lt;span style="color: var(--highlight-keyword)"&gt;);&lt;/span&gt;&lt;/code&gt;&lt;/li&gt;&lt;/ol&gt;    &lt;/div&gt;            &lt;/div&gt;
                        &lt;div class="trace-line "&gt;
                &lt;div class="trace-line-header break-long-words sf-toggle" data-toggle-selector="#trace-html-2-15" data-toggle-initial=""&gt;
            &lt;span class="icon icon-close"&gt;&lt;svg width="1792" height="1792" viewBox="0 0 1792 1792" xmlns="http://www.w3.org/2000/svg"&gt;&lt;path d="M1408 960V832q0-26-19-45t-45-19H448q-26 0-45 19t-19 45v128q0 26 19 45t45 19h896q26 0 45-19t19-45zm256-544v960q0 119-84.5 203.5T1376 1664H416q-119 0-203.5-84.5T128 1376V416q0-119 84.5-203.5T416 128h960q119 0 203.5 84.5T1664 416z"/&gt;&lt;/svg&gt;&lt;/span&gt;
        &lt;span class="icon icon-open"&gt;&lt;svg width="1792" height="1792" viewBox="0 0 1792 1792" xmlns="http://www.w3.org/2000/svg"&gt;&lt;path d="M1408 960V832q0-26-19-45t-45-19h-320V448q0-26-19-45t-45-19H832q-26 0-45 19t-19 45v320H448q-26 0-45 19t-19 45v128q0 26 19 45t45 19h320v320q0 26 19 45t45 19h128q26 0 45-19t19-45v-320h320q26 0 45-19t19-45zm256-544v960q0 119-84.5 203.5T1376 1664H416q-119 0-203.5-84.5T128 1376V416q0-119 84.5-203.5T416 128h960q119 0 203.5 84.5T1664 416z"/&gt;&lt;/svg&gt;&lt;/span&gt;
    
            &lt;span class="trace-class"&gt;&lt;abbr title="Symfony\Component\BrowserKit\AbstractBrowser"&gt;AbstractBrowser&lt;/abbr&gt;&lt;/span&gt;&lt;span class="trace-type"&gt;-&gt;&lt;/span&gt;&lt;span class="trace-method"&gt;request&lt;/span&gt;&lt;span class="trace-arguments"&gt;()&lt;/span&gt;    
                    &lt;span class="block trace-file-path"&gt;
            in
            &lt;a href=""&gt;
                C:\Users\eman\Documents\GitHub\car_dealer\tests\WebTest\&lt;strong&gt;CarsPageTest.php&lt;/strong&gt;
            &lt;/a&gt;
                        (line 40)
            &lt;span class="icon icon-copy hidden" data-clipboard-text="C:\Users\eman\Documents\GitHub\car_dealer\tests\WebTest\CarsPageTest.php:40"&gt;
                &lt;svg xmlns="http://www.w3.org/2000/svg" height="24" viewBox="0 0 24 24" width="24"&gt;&lt;path d="M0 0h24v24H0z" fill="none"/&gt;&lt;path d="M16 1H4c-1.1 0-2 .9-2 2v14h2V3h12V1zm3 4H8c-1.1 0-2 .9-2 2v14c0 1.1.9 2 2 2h11c1.1 0 2-.9 2-2V7c0-1.1-.9-2-2-2zm0 16H8V7h11v14z"/&gt;&lt;/svg&gt;            &lt;/span&gt;
        &lt;/span&gt;
    &lt;/div&gt;
    &lt;div id="trace-html-2-15" class="trace-code sf-toggle-content"&gt;
        &lt;ol start="35"&gt;&lt;li&gt;&lt;code&gt;&lt;span style="color: var(--highlight-keyword)"&gt;&amp;nbsp;&amp;nbsp;&amp;nbsp;&amp;nbsp;&amp;nbsp;&amp;nbsp;&amp;nbsp;&amp;nbsp;&lt;/span&gt;&lt;span style="color: var(--highlight-default)"&gt;$url&amp;nbsp;&lt;/span&gt;&lt;span style="color: var(--highlight-keyword)"&gt;=&amp;nbsp;&lt;/span&gt;&lt;span style="color: var(--highlight-string)"&gt;'/Cars'&lt;/span&gt;&lt;span style="color: var(--highlight-keyword)"&gt;;&lt;/span&gt;&lt;/code&gt;&lt;/li&gt;
&lt;li&gt;&lt;code&gt;&lt;span style="color: var(--highlight-keyword)"&gt;&amp;nbsp;&amp;nbsp;&amp;nbsp;&amp;nbsp;&amp;nbsp;&amp;nbsp;&amp;nbsp;&amp;nbsp;&lt;/span&gt;&lt;span style="color: var(--highlight-default)"&gt;$httpMethod&amp;nbsp;&lt;/span&gt;&lt;span style="color: var(--highlight-keyword)"&gt;=&amp;nbsp;&lt;/span&gt;&lt;span style="color: var(--highlight-string)"&gt;'GET'&lt;/span&gt;&lt;span style="color: var(--highlight-keyword)"&gt;;&lt;/span&gt;&lt;/code&gt;&lt;/li&gt;
&lt;li&gt;&lt;code&gt;&lt;span style="color: var(--highlight-keyword)"&gt;&amp;nbsp;&amp;nbsp;&amp;nbsp;&amp;nbsp;&amp;nbsp;&amp;nbsp;&amp;nbsp;&amp;nbsp;&lt;/span&gt;&lt;span style="color: var(--highlight-default)"&gt;$client&amp;nbsp;&lt;/span&gt;&lt;span style="color: var(--highlight-keyword)"&gt;=&amp;nbsp;static::&lt;/span&gt;&lt;span style="color: var(--highlight-default)"&gt;createClient&lt;/span&gt;&lt;span style="color: var(--highlight-keyword)"&gt;();&lt;/span&gt;&lt;/code&gt;&lt;/li&gt;
&lt;li&gt;&lt;code&gt;&lt;span style="color: var(--highlight-keyword)"&gt;&amp;nbsp;&amp;nbsp;&amp;nbsp;&amp;nbsp;&amp;nbsp;&amp;nbsp;&amp;nbsp;&amp;nbsp;&lt;/span&gt;&lt;span style="color: var(--highlight-default)"&gt;$searchText&amp;nbsp;&lt;/span&gt;&lt;span style="color: var(--highlight-keyword)"&gt;=&amp;nbsp;&lt;/span&gt;&lt;span style="color: var(--highlight-string)"&gt;'Make:&amp;nbsp;Audi'&lt;/span&gt;&lt;span style="color: var(--highlight-keyword)"&gt;;&lt;/span&gt;&lt;/code&gt;&lt;/li&gt;
&lt;li&gt;&lt;code&gt;&lt;span style="color: var(--highlight-keyword)"&gt;&amp;nbsp;&amp;nbsp;&amp;nbsp;&amp;nbsp;&amp;nbsp;&amp;nbsp;&amp;nbsp;&amp;nbsp;&lt;/span&gt;&lt;span style="color: var(--highlight-default)"&gt;$cssSelector&amp;nbsp;&lt;/span&gt;&lt;span style="color: var(--highlight-keyword)"&gt;=&amp;nbsp;&lt;/span&gt;&lt;span style="color: var(--highlight-string)"&gt;'h2'&lt;/span&gt;&lt;span style="color: var(--highlight-keyword)"&gt;;&lt;/span&gt;&lt;/code&gt;&lt;/li&gt;
&lt;li class="selected"&gt;&lt;code&gt;&lt;span style="color: var(--highlight-keyword)"&gt;&amp;nbsp;&amp;nbsp;&amp;nbsp;&amp;nbsp;&amp;nbsp;&amp;nbsp;&amp;nbsp;&amp;nbsp;&lt;/span&gt;&lt;span style="color: var(--highlight-default)"&gt;$crawler&amp;nbsp;&lt;/span&gt;&lt;span style="color: var(--highlight-keyword)"&gt;=&amp;nbsp;&lt;/span&gt;&lt;span style="color: var(--highlight-default)"&gt;$client&lt;/span&gt;&lt;span style="color: var(--highlight-keyword)"&gt;-&amp;gt;&lt;/span&gt;&lt;span style="color: var(--highlight-default)"&gt;request&lt;/span&gt;&lt;span style="color: var(--highlight-keyword)"&gt;(&lt;/span&gt;&lt;span style="color: var(--highlight-default)"&gt;$httpMethod&lt;/span&gt;&lt;span style="color: var(--highlight-keyword)"&gt;,&amp;nbsp;&lt;/span&gt;&lt;span style="color: var(--highlight-default)"&gt;$url&lt;/span&gt;&lt;span style="color: var(--highlight-keyword)"&gt;);&lt;/span&gt;&lt;/code&gt;&lt;/li&gt;
&lt;li&gt;&lt;code&gt;&lt;span style="color: var(--highlight-keyword)"&gt;&amp;nbsp;&amp;nbsp;&amp;nbsp;&amp;nbsp;&amp;nbsp;&amp;nbsp;&amp;nbsp;&amp;nbsp;&lt;/span&gt;&lt;span style="color: var(--highlight-default)"&gt;$content&amp;nbsp;&lt;/span&gt;&lt;span style="color: var(--highlight-keyword)"&gt;=&amp;nbsp;&lt;/span&gt;&lt;span style="color: var(--highlight-default)"&gt;$client&lt;/span&gt;&lt;span style="color: var(--highlight-keyword)"&gt;-&amp;gt;&lt;/span&gt;&lt;span style="color: var(--highlight-default)"&gt;getResponse&lt;/span&gt;&lt;span style="color: var(--highlight-keyword)"&gt;()-&amp;gt;&lt;/span&gt;&lt;span style="color: var(--highlight-default)"&gt;getContent&lt;/span&gt;&lt;span style="color: var(--highlight-keyword)"&gt;();&lt;/span&gt;&lt;/code&gt;&lt;/li&gt;
&lt;li&gt;&lt;code&gt;&lt;span style="color: var(--highlight-keyword)"&gt;&amp;nbsp;&amp;nbsp;&amp;nbsp;&amp;nbsp;&amp;nbsp;&amp;nbsp;&amp;nbsp;&amp;nbsp;&lt;/span&gt;&lt;span style="color: var(--highlight-default)"&gt;$this&lt;/span&gt;&lt;span style="color: var(--highlight-keyword)"&gt;-&amp;gt;&lt;/span&gt;&lt;span style="color: var(--highlight-default)"&gt;assertResponseIsSuccessful&lt;/span&gt;&lt;span style="color: var(--highlight-keyword)"&gt;();&lt;/span&gt;&lt;/code&gt;&lt;/li&gt;
&lt;li&gt;&lt;code&gt;&lt;span style="color: var(--highlight-keyword)"&gt;&amp;nbsp;&amp;nbsp;&amp;nbsp;&amp;nbsp;&amp;nbsp;&amp;nbsp;&amp;nbsp;&amp;nbsp;&lt;/span&gt;&lt;span style="color: var(--highlight-default)"&gt;$this&lt;/span&gt;&lt;span style="color: var(--highlight-keyword)"&gt;-&amp;gt;&lt;/span&gt;&lt;span style="color: var(--highlight-default)"&gt;assertSelectorTextContains&lt;/span&gt;&lt;span style="color: var(--highlight-keyword)"&gt;(&lt;/span&gt;&lt;span style="color: var(--highlight-default)"&gt;$cssSelector&lt;/span&gt;&lt;span style="color: var(--highlight-keyword)"&gt;,&amp;nbsp;&lt;/span&gt;&lt;span style="color: var(--highlight-default)"&gt;$searchText&lt;/span&gt;&lt;span style="color: var(--highlight-keyword)"&gt;);&lt;/span&gt;&lt;/code&gt;&lt;/li&gt;
&lt;li&gt;&lt;code&gt;&lt;span style="color: var(--highlight-keyword)"&gt;&amp;nbsp;&amp;nbsp;&amp;nbsp;&amp;nbsp;}&lt;/span&gt;&lt;/code&gt;&lt;/li&gt;
&lt;li&gt;&lt;code&gt;&lt;span style="color: var(--highlight-keyword)"&gt;&amp;nbsp;&amp;nbsp;&amp;nbsp;&amp;nbsp;public&amp;nbsp;function&amp;nbsp;&lt;/span&gt;&lt;span style="color: var(--highlight-default)"&gt;testHead&lt;/span&gt;&lt;span style="color: var(--highlight-keyword)"&gt;():&amp;nbsp;&lt;/span&gt;&lt;span style="color: var(--highlight-default)"&gt;void&lt;/span&gt;&lt;/code&gt;&lt;/li&gt;&lt;/ol&gt;    &lt;/div&gt;            &lt;/div&gt;
                        &lt;div class="trace-line "&gt;
                &lt;div class="trace-line-header break-long-words sf-toggle" data-toggle-selector="#trace-html-2-16" data-toggle-initial=""&gt;
            &lt;span class="icon icon-close"&gt;&lt;svg width="1792" height="1792" viewBox="0 0 1792 1792" xmlns="http://www.w3.org/2000/svg"&gt;&lt;path d="M1408 960V832q0-26-19-45t-45-19H448q-26 0-45 19t-19 45v128q0 26 19 45t45 19h896q26 0 45-19t19-45zm256-544v960q0 119-84.5 203.5T1376 1664H416q-119 0-203.5-84.5T128 1376V416q0-119 84.5-203.5T416 128h960q119 0 203.5 84.5T1664 416z"/&gt;&lt;/svg&gt;&lt;/span&gt;
        &lt;span class="icon icon-open"&gt;&lt;svg width="1792" height="1792" viewBox="0 0 1792 1792" xmlns="http://www.w3.org/2000/svg"&gt;&lt;path d="M1408 960V832q0-26-19-45t-45-19h-320V448q0-26-19-45t-45-19H832q-26 0-45 19t-19 45v320H448q-26 0-45 19t-19 45v128q0 26 19 45t45 19h320v320q0 26 19 45t45 19h128q26 0 45-19t19-45v-320h320q26 0 45-19t19-45zm256-544v960q0 119-84.5 203.5T1376 1664H416q-119 0-203.5-84.5T128 1376V416q0-119 84.5-203.5T416 128h960q119 0 203.5 84.5T1664 416z"/&gt;&lt;/svg&gt;&lt;/span&gt;
    
            &lt;span class="trace-class"&gt;&lt;abbr title="App\Tests\WebTest\CarsPageTest"&gt;CarsPageTest&lt;/abbr&gt;&lt;/span&gt;&lt;span class="trace-type"&gt;-&gt;&lt;/span&gt;&lt;span class="trace-method"&gt;testHeading2&lt;/span&gt;&lt;span class="trace-arguments"&gt;()&lt;/span&gt;    
                    &lt;span class="block trace-file-path"&gt;
            in
            &lt;a href=""&gt;
                C:\Users\eman\Documents\GitHub\car_dealer\vendor\phpunit\phpunit\src\Framework\&lt;strong&gt;TestCase.php&lt;/strong&gt;
            &lt;/a&gt;
                        (line 1545)
            &lt;span class="icon icon-copy hidden" data-clipboard-text="C:\Users\eman\Documents\GitHub\car_dealer\vendor\phpunit\phpunit\src\Framework\TestCase.php:1545"&gt;
                &lt;svg xmlns="http://www.w3.org/2000/svg" height="24" viewBox="0 0 24 24" width="24"&gt;&lt;path d="M0 0h24v24H0z" fill="none"/&gt;&lt;path d="M16 1H4c-1.1 0-2 .9-2 2v14h2V3h12V1zm3 4H8c-1.1 0-2 .9-2 2v14c0 1.1.9 2 2 2h11c1.1 0 2-.9 2-2V7c0-1.1-.9-2-2-2zm0 16H8V7h11v14z"/&gt;&lt;/svg&gt;            &lt;/span&gt;
        &lt;/span&gt;
    &lt;/div&gt;
    &lt;div id="trace-html-2-16" class="trace-code sf-toggle-content"&gt;
        &lt;ol start="1540"&gt;&lt;li&gt;&lt;code&gt;&lt;span style="color: var(--highlight-keyword)"&gt;&amp;nbsp;&amp;nbsp;&amp;nbsp;&amp;nbsp;&amp;nbsp;&amp;nbsp;&amp;nbsp;&amp;nbsp;&lt;/span&gt;&lt;span style="color: var(--highlight-default)"&gt;$testArguments&amp;nbsp;&lt;/span&gt;&lt;span style="color: var(--highlight-keyword)"&gt;=&amp;nbsp;&lt;/span&gt;&lt;span style="color: var(--highlight-default)"&gt;array_merge&lt;/span&gt;&lt;span style="color: var(--highlight-keyword)"&gt;(&lt;/span&gt;&lt;span style="color: var(--highlight-default)"&gt;$this&lt;/span&gt;&lt;span style="color: var(--highlight-keyword)"&gt;-&amp;gt;&lt;/span&gt;&lt;span style="color: var(--highlight-default)"&gt;data&lt;/span&gt;&lt;span style="color: var(--highlight-keyword)"&gt;,&amp;nbsp;&lt;/span&gt;&lt;span style="color: var(--highlight-default)"&gt;$this&lt;/span&gt;&lt;span style="color: var(--highlight-keyword)"&gt;-&amp;gt;&lt;/span&gt;&lt;span style="color: var(--highlight-default)"&gt;dependencyInput&lt;/span&gt;&lt;span style="color: var(--highlight-keyword)"&gt;);&lt;/span&gt;&lt;/code&gt;&lt;/li&gt;
&lt;li&gt;&lt;code&gt;&lt;span style="color: var(--highlight-keyword)"&gt;&lt;/span&gt;&lt;/code&gt;&lt;/li&gt;
&lt;li&gt;&lt;code&gt;&lt;span style="color: var(--highlight-keyword)"&gt;&amp;nbsp;&amp;nbsp;&amp;nbsp;&amp;nbsp;&amp;nbsp;&amp;nbsp;&amp;nbsp;&amp;nbsp;&lt;/span&gt;&lt;span style="color: var(--highlight-default)"&gt;$this&lt;/span&gt;&lt;span style="color: var(--highlight-keyword)"&gt;-&amp;gt;&lt;/span&gt;&lt;span style="color: var(--highlight-default)"&gt;registerMockObjectsFromTestArguments&lt;/span&gt;&lt;span style="color: var(--highlight-keyword)"&gt;(&lt;/span&gt;&lt;span style="color: var(--highlight-default)"&gt;$testArguments&lt;/span&gt;&lt;span style="color: var(--highlight-keyword)"&gt;);&lt;/span&gt;&lt;/code&gt;&lt;/li&gt;
&lt;li&gt;&lt;code&gt;&lt;span style="color: var(--highlight-keyword)"&gt;&lt;/span&gt;&lt;/code&gt;&lt;/li&gt;
&lt;li&gt;&lt;code&gt;&lt;span style="color: var(--highlight-keyword)"&gt;&amp;nbsp;&amp;nbsp;&amp;nbsp;&amp;nbsp;&amp;nbsp;&amp;nbsp;&amp;nbsp;&amp;nbsp;try&amp;nbsp;{&lt;/span&gt;&lt;/code&gt;&lt;/li&gt;
&lt;li class="selected"&gt;&lt;code&gt;&lt;span style="color: var(--highlight-keyword)"&gt;&amp;nbsp;&amp;nbsp;&amp;nbsp;&amp;nbsp;&amp;nbsp;&amp;nbsp;&amp;nbsp;&amp;nbsp;&amp;nbsp;&amp;nbsp;&amp;nbsp;&amp;nbsp;&lt;/span&gt;&lt;span style="color: var(--highlight-default)"&gt;$testResult&amp;nbsp;&lt;/span&gt;&lt;span style="color: var(--highlight-keyword)"&gt;=&amp;nbsp;&lt;/span&gt;&lt;span style="color: var(--highlight-default)"&gt;$this&lt;/span&gt;&lt;span style="color: var(--highlight-keyword)"&gt;-&amp;gt;{&lt;/span&gt;&lt;span style="color: var(--highlight-default)"&gt;$this&lt;/span&gt;&lt;span style="color: var(--highlight-keyword)"&gt;-&amp;gt;&lt;/span&gt;&lt;span style="color: var(--highlight-default)"&gt;name&lt;/span&gt;&lt;span style="color: var(--highlight-keyword)"&gt;}(...&lt;/span&gt;&lt;span style="color: var(--highlight-default)"&gt;array_values&lt;/span&gt;&lt;span style="color: var(--highlight-keyword)"&gt;(&lt;/span&gt;&lt;span style="color: var(--highlight-default)"&gt;$testArguments&lt;/span&gt;&lt;span style="color: var(--highlight-keyword)"&gt;));&lt;/span&gt;&lt;/code&gt;&lt;/li&gt;
&lt;li&gt;&lt;code&gt;&lt;span style="color: var(--highlight-keyword)"&gt;&amp;nbsp;&amp;nbsp;&amp;nbsp;&amp;nbsp;&amp;nbsp;&amp;nbsp;&amp;nbsp;&amp;nbsp;}&amp;nbsp;catch&amp;nbsp;(&lt;/span&gt;&lt;span style="color: var(--highlight-default)"&gt;Throwable&amp;nbsp;$exception&lt;/span&gt;&lt;span style="color: var(--highlight-keyword)"&gt;)&amp;nbsp;{&lt;/span&gt;&lt;/code&gt;&lt;/li&gt;
&lt;li&gt;&lt;code&gt;&lt;span style="color: var(--highlight-keyword)"&gt;&amp;nbsp;&amp;nbsp;&amp;nbsp;&amp;nbsp;&amp;nbsp;&amp;nbsp;&amp;nbsp;&amp;nbsp;&amp;nbsp;&amp;nbsp;&amp;nbsp;&amp;nbsp;if&amp;nbsp;(!&lt;/span&gt;&lt;span style="color: var(--highlight-default)"&gt;$this&lt;/span&gt;&lt;span style="color: var(--highlight-keyword)"&gt;-&amp;gt;&lt;/span&gt;&lt;span style="color: var(--highlight-default)"&gt;checkExceptionExpectations&lt;/span&gt;&lt;span style="color: var(--highlight-keyword)"&gt;(&lt;/span&gt;&lt;span style="color: var(--highlight-default)"&gt;$exception&lt;/span&gt;&lt;span style="color: var(--highlight-keyword)"&gt;))&amp;nbsp;{&lt;/span&gt;&lt;/code&gt;&lt;/li&gt;
&lt;li&gt;&lt;code&gt;&lt;span style="color: var(--highlight-keyword)"&gt;&amp;nbsp;&amp;nbsp;&amp;nbsp;&amp;nbsp;&amp;nbsp;&amp;nbsp;&amp;nbsp;&amp;nbsp;&amp;nbsp;&amp;nbsp;&amp;nbsp;&amp;nbsp;&amp;nbsp;&amp;nbsp;&amp;nbsp;&amp;nbsp;throw&amp;nbsp;&lt;/span&gt;&lt;span style="color: var(--highlight-default)"&gt;$exception&lt;/span&gt;&lt;span style="color: var(--highlight-keyword)"&gt;;&lt;/span&gt;&lt;/code&gt;&lt;/li&gt;
&lt;li&gt;&lt;code&gt;&lt;span style="color: var(--highlight-keyword)"&gt;&amp;nbsp;&amp;nbsp;&amp;nbsp;&amp;nbsp;&amp;nbsp;&amp;nbsp;&amp;nbsp;&amp;nbsp;&amp;nbsp;&amp;nbsp;&amp;nbsp;&amp;nbsp;}&lt;/span&gt;&lt;/code&gt;&lt;/li&gt;
&lt;li&gt;&lt;code&gt;&lt;span style="color: var(--highlight-keyword)"&gt;&lt;/span&gt;&lt;/code&gt;&lt;/li&gt;&lt;/ol&gt;    &lt;/div&gt;            &lt;/div&gt;
                        &lt;div class="trace-line "&gt;
                &lt;div class="trace-line-header break-long-words sf-toggle" data-toggle-selector="#trace-html-2-17" data-toggle-initial=""&gt;
            &lt;span class="icon icon-close"&gt;&lt;svg width="1792" height="1792" viewBox="0 0 1792 1792" xmlns="http://www.w3.org/2000/svg"&gt;&lt;path d="M1408 960V832q0-26-19-45t-45-19H448q-26 0-45 19t-19 45v128q0 26 19 45t45 19h896q26 0 45-19t19-45zm256-544v960q0 119-84.5 203.5T1376 1664H416q-119 0-203.5-84.5T128 1376V416q0-119 84.5-203.5T416 128h960q119 0 203.5 84.5T1664 416z"/&gt;&lt;/svg&gt;&lt;/span&gt;
        &lt;span class="icon icon-open"&gt;&lt;svg width="1792" height="1792" viewBox="0 0 1792 1792" xmlns="http://www.w3.org/2000/svg"&gt;&lt;path d="M1408 960V832q0-26-19-45t-45-19h-320V448q0-26-19-45t-45-19H832q-26 0-45 19t-19 45v320H448q-26 0-45 19t-19 45v128q0 26 19 45t45 19h320v320q0 26 19 45t45 19h128q26 0 45-19t19-45v-320h320q26 0 45-19t19-45zm256-544v960q0 119-84.5 203.5T1376 1664H416q-119 0-203.5-84.5T128 1376V416q0-119 84.5-203.5T416 128h960q119 0 203.5 84.5T1664 416z"/&gt;&lt;/svg&gt;&lt;/span&gt;
    
            &lt;span class="trace-class"&gt;&lt;abbr title="PHPUnit\Framework\TestCase"&gt;TestCase&lt;/abbr&gt;&lt;/span&gt;&lt;span class="trace-type"&gt;-&gt;&lt;/span&gt;&lt;span class="trace-method"&gt;runTest&lt;/span&gt;&lt;span class="trace-arguments"&gt;()&lt;/span&gt;    
                    &lt;span class="block trace-file-path"&gt;
            in
            &lt;a href=""&gt;
                C:\Users\eman\Documents\GitHub\car_dealer\vendor\phpunit\phpunit\src\Framework\&lt;strong&gt;TestCase.php&lt;/strong&gt;
            &lt;/a&gt;
                        (line 1151)
            &lt;span class="icon icon-copy hidden" data-clipboard-text="C:\Users\eman\Documents\GitHub\car_dealer\vendor\phpunit\phpunit\src\Framework\TestCase.php:1151"&gt;
                &lt;svg xmlns="http://www.w3.org/2000/svg" height="24" viewBox="0 0 24 24" width="24"&gt;&lt;path d="M0 0h24v24H0z" fill="none"/&gt;&lt;path d="M16 1H4c-1.1 0-2 .9-2 2v14h2V3h12V1zm3 4H8c-1.1 0-2 .9-2 2v14c0 1.1.9 2 2 2h11c1.1 0 2-.9 2-2V7c0-1.1-.9-2-2-2zm0 16H8V7h11v14z"/&gt;&lt;/svg&gt;            &lt;/span&gt;
        &lt;/span&gt;
    &lt;/div&gt;
    &lt;div id="trace-html-2-17" class="trace-code sf-toggle-content"&gt;
        &lt;ol start="1146"&gt;&lt;li&gt;&lt;code&gt;&lt;span style="color: var(--highlight-keyword)"&gt;&lt;/span&gt;&lt;/code&gt;&lt;/li&gt;
&lt;li&gt;&lt;code&gt;&lt;span style="color: var(--highlight-keyword)"&gt;&amp;nbsp;&amp;nbsp;&amp;nbsp;&amp;nbsp;&amp;nbsp;&amp;nbsp;&amp;nbsp;&amp;nbsp;&amp;nbsp;&amp;nbsp;&amp;nbsp;&amp;nbsp;foreach&amp;nbsp;(&lt;/span&gt;&lt;span style="color: var(--highlight-default)"&gt;$hookMethods&lt;/span&gt;&lt;span style="color: var(--highlight-keyword)"&gt;[&lt;/span&gt;&lt;span style="color: var(--highlight-string)"&gt;'preCondition'&lt;/span&gt;&lt;span style="color: var(--highlight-keyword)"&gt;]&amp;nbsp;as&amp;nbsp;&lt;/span&gt;&lt;span style="color: var(--highlight-default)"&gt;$method&lt;/span&gt;&lt;span style="color: var(--highlight-keyword)"&gt;)&amp;nbsp;{&lt;/span&gt;&lt;/code&gt;&lt;/li&gt;
&lt;li&gt;&lt;code&gt;&lt;span style="color: var(--highlight-keyword)"&gt;&amp;nbsp;&amp;nbsp;&amp;nbsp;&amp;nbsp;&amp;nbsp;&amp;nbsp;&amp;nbsp;&amp;nbsp;&amp;nbsp;&amp;nbsp;&amp;nbsp;&amp;nbsp;&amp;nbsp;&amp;nbsp;&amp;nbsp;&amp;nbsp;&lt;/span&gt;&lt;span style="color: var(--highlight-default)"&gt;$this&lt;/span&gt;&lt;span style="color: var(--highlight-keyword)"&gt;-&amp;gt;{&lt;/span&gt;&lt;span style="color: var(--highlight-default)"&gt;$method&lt;/span&gt;&lt;span style="color: var(--highlight-keyword)"&gt;}();&lt;/span&gt;&lt;/code&gt;&lt;/li&gt;
&lt;li&gt;&lt;code&gt;&lt;span style="color: var(--highlight-keyword)"&gt;&amp;nbsp;&amp;nbsp;&amp;nbsp;&amp;nbsp;&amp;nbsp;&amp;nbsp;&amp;nbsp;&amp;nbsp;&amp;nbsp;&amp;nbsp;&amp;nbsp;&amp;nbsp;}&lt;/span&gt;&lt;/code&gt;&lt;/li&gt;
&lt;li&gt;&lt;code&gt;&lt;span style="color: var(--highlight-keyword)"&gt;&lt;/span&gt;&lt;/code&gt;&lt;/li&gt;
&lt;li class="selected"&gt;&lt;code&gt;&lt;span style="color: var(--highlight-keyword)"&gt;&amp;nbsp;&amp;nbsp;&amp;nbsp;&amp;nbsp;&amp;nbsp;&amp;nbsp;&amp;nbsp;&amp;nbsp;&amp;nbsp;&amp;nbsp;&amp;nbsp;&amp;nbsp;&lt;/span&gt;&lt;span style="color: var(--highlight-default)"&gt;$this&lt;/span&gt;&lt;span style="color: var(--highlight-keyword)"&gt;-&amp;gt;&lt;/span&gt;&lt;span style="color: var(--highlight-default)"&gt;testResult&amp;nbsp;&lt;/span&gt;&lt;span style="color: var(--highlight-keyword)"&gt;=&amp;nbsp;&lt;/span&gt;&lt;span style="color: var(--highlight-default)"&gt;$this&lt;/span&gt;&lt;span style="color: var(--highlight-keyword)"&gt;-&amp;gt;&lt;/span&gt;&lt;span style="color: var(--highlight-default)"&gt;runTest&lt;/span&gt;&lt;span style="color: var(--highlight-keyword)"&gt;();&lt;/span&gt;&lt;/code&gt;&lt;/li&gt;
&lt;li&gt;&lt;code&gt;&lt;span style="color: var(--highlight-keyword)"&gt;&amp;nbsp;&amp;nbsp;&amp;nbsp;&amp;nbsp;&amp;nbsp;&amp;nbsp;&amp;nbsp;&amp;nbsp;&amp;nbsp;&amp;nbsp;&amp;nbsp;&amp;nbsp;&lt;/span&gt;&lt;span style="color: var(--highlight-default)"&gt;$this&lt;/span&gt;&lt;span style="color: var(--highlight-keyword)"&gt;-&amp;gt;&lt;/span&gt;&lt;span style="color: var(--highlight-default)"&gt;verifyMockObjects&lt;/span&gt;&lt;span style="color: var(--highlight-keyword)"&gt;();&lt;/span&gt;&lt;/code&gt;&lt;/li&gt;
&lt;li&gt;&lt;code&gt;&lt;span style="color: var(--highlight-keyword)"&gt;&lt;/span&gt;&lt;/code&gt;&lt;/li&gt;
&lt;li&gt;&lt;code&gt;&lt;span style="color: var(--highlight-keyword)"&gt;&amp;nbsp;&amp;nbsp;&amp;nbsp;&amp;nbsp;&amp;nbsp;&amp;nbsp;&amp;nbsp;&amp;nbsp;&amp;nbsp;&amp;nbsp;&amp;nbsp;&amp;nbsp;foreach&amp;nbsp;(&lt;/span&gt;&lt;span style="color: var(--highlight-default)"&gt;$hookMethods&lt;/span&gt;&lt;span style="color: var(--highlight-keyword)"&gt;[&lt;/span&gt;&lt;span style="color: var(--highlight-string)"&gt;'postCondition'&lt;/span&gt;&lt;span style="color: var(--highlight-keyword)"&gt;]&amp;nbsp;as&amp;nbsp;&lt;/span&gt;&lt;span style="color: var(--highlight-default)"&gt;$method&lt;/span&gt;&lt;span style="color: var(--highlight-keyword)"&gt;)&amp;nbsp;{&lt;/span&gt;&lt;/code&gt;&lt;/li&gt;
&lt;li&gt;&lt;code&gt;&lt;span style="color: var(--highlight-keyword)"&gt;&amp;nbsp;&amp;nbsp;&amp;nbsp;&amp;nbsp;&amp;nbsp;&amp;nbsp;&amp;nbsp;&amp;nbsp;&amp;nbsp;&amp;nbsp;&amp;nbsp;&amp;nbsp;&amp;nbsp;&amp;nbsp;&amp;nbsp;&amp;nbsp;&lt;/span&gt;&lt;span style="color: var(--highlight-default)"&gt;$this&lt;/span&gt;&lt;span style="color: var(--highlight-keyword)"&gt;-&amp;gt;{&lt;/span&gt;&lt;span style="color: var(--highlight-default)"&gt;$method&lt;/span&gt;&lt;span style="color: var(--highlight-keyword)"&gt;}();&lt;/span&gt;&lt;/code&gt;&lt;/li&gt;
&lt;li&gt;&lt;code&gt;&lt;span style="color: var(--highlight-keyword)"&gt;&amp;nbsp;&amp;nbsp;&amp;nbsp;&amp;nbsp;&amp;nbsp;&amp;nbsp;&amp;nbsp;&amp;nbsp;&amp;nbsp;&amp;nbsp;&amp;nbsp;&amp;nbsp;}&lt;/span&gt;&lt;/code&gt;&lt;/li&gt;&lt;/ol&gt;    &lt;/div&gt;            &lt;/div&gt;
                        &lt;div class="trace-line "&gt;
                &lt;div class="trace-line-header break-long-words sf-toggle" data-toggle-selector="#trace-html-2-18" data-toggle-initial=""&gt;
            &lt;span class="icon icon-close"&gt;&lt;svg width="1792" height="1792" viewBox="0 0 1792 1792" xmlns="http://www.w3.org/2000/svg"&gt;&lt;path d="M1408 960V832q0-26-19-45t-45-19H448q-26 0-45 19t-19 45v128q0 26 19 45t45 19h896q26 0 45-19t19-45zm256-544v960q0 119-84.5 203.5T1376 1664H416q-119 0-203.5-84.5T128 1376V416q0-119 84.5-203.5T416 128h960q119 0 203.5 84.5T1664 416z"/&gt;&lt;/svg&gt;&lt;/span&gt;
        &lt;span class="icon icon-open"&gt;&lt;svg width="1792" height="1792" viewBox="0 0 1792 1792" xmlns="http://www.w3.org/2000/svg"&gt;&lt;path d="M1408 960V832q0-26-19-45t-45-19h-320V448q0-26-19-45t-45-19H832q-26 0-45 19t-19 45v320H448q-26 0-45 19t-19 45v128q0 26 19 45t45 19h320v320q0 26 19 45t45 19h128q26 0 45-19t19-45v-320h320q26 0 45-19t19-45zm256-544v960q0 119-84.5 203.5T1376 1664H416q-119 0-203.5-84.5T128 1376V416q0-119 84.5-203.5T416 128h960q119 0 203.5 84.5T1664 416z"/&gt;&lt;/svg&gt;&lt;/span&gt;
    
            &lt;span class="trace-class"&gt;&lt;abbr title="PHPUnit\Framework\TestCase"&gt;TestCase&lt;/abbr&gt;&lt;/span&gt;&lt;span class="trace-type"&gt;-&gt;&lt;/span&gt;&lt;span class="trace-method"&gt;runBare&lt;/span&gt;&lt;span class="trace-arguments"&gt;()&lt;/span&gt;    
                    &lt;span class="block trace-file-path"&gt;
            in
            &lt;a href=""&gt;
                C:\Users\eman\Documents\GitHub\car_dealer\vendor\phpunit\phpunit\src\Framework\&lt;strong&gt;TestResult.php&lt;/strong&gt;
            &lt;/a&gt;
                        (line 726)
            &lt;span class="icon icon-copy hidden" data-clipboard-text="C:\Users\eman\Documents\GitHub\car_dealer\vendor\phpunit\phpunit\src\Framework\TestResult.php:726"&gt;
                &lt;svg xmlns="http://www.w3.org/2000/svg" height="24" viewBox="0 0 24 24" width="24"&gt;&lt;path d="M0 0h24v24H0z" fill="none"/&gt;&lt;path d="M16 1H4c-1.1 0-2 .9-2 2v14h2V3h12V1zm3 4H8c-1.1 0-2 .9-2 2v14c0 1.1.9 2 2 2h11c1.1 0 2-.9 2-2V7c0-1.1-.9-2-2-2zm0 16H8V7h11v14z"/&gt;&lt;/svg&gt;            &lt;/span&gt;
        &lt;/span&gt;
    &lt;/div&gt;
    &lt;div id="trace-html-2-18" class="trace-code sf-toggle-content"&gt;
        &lt;ol start="721"&gt;&lt;li&gt;&lt;code&gt;&lt;span style="color: var(--highlight-keyword)"&gt;&amp;nbsp;&amp;nbsp;&amp;nbsp;&amp;nbsp;&amp;nbsp;&amp;nbsp;&amp;nbsp;&amp;nbsp;&amp;nbsp;&amp;nbsp;&amp;nbsp;&amp;nbsp;&amp;nbsp;&amp;nbsp;&amp;nbsp;&amp;nbsp;&amp;nbsp;&amp;nbsp;&amp;nbsp;&amp;nbsp;&amp;nbsp;&amp;nbsp;&amp;nbsp;&amp;nbsp;&lt;/span&gt;&lt;span style="color: var(--highlight-default)"&gt;$_timeout&amp;nbsp;&lt;/span&gt;&lt;span style="color: var(--highlight-keyword)"&gt;=&amp;nbsp;&lt;/span&gt;&lt;span style="color: var(--highlight-default)"&gt;$this&lt;/span&gt;&lt;span style="color: var(--highlight-keyword)"&gt;-&amp;gt;&lt;/span&gt;&lt;span style="color: var(--highlight-default)"&gt;defaultTimeLimit&lt;/span&gt;&lt;span style="color: var(--highlight-keyword)"&gt;;&lt;/span&gt;&lt;/code&gt;&lt;/li&gt;
&lt;li&gt;&lt;code&gt;&lt;span style="color: var(--highlight-keyword)"&gt;&amp;nbsp;&amp;nbsp;&amp;nbsp;&amp;nbsp;&amp;nbsp;&amp;nbsp;&amp;nbsp;&amp;nbsp;&amp;nbsp;&amp;nbsp;&amp;nbsp;&amp;nbsp;&amp;nbsp;&amp;nbsp;&amp;nbsp;&amp;nbsp;}&lt;/span&gt;&lt;/code&gt;&lt;/li&gt;
&lt;li&gt;&lt;code&gt;&lt;span style="color: var(--highlight-keyword)"&gt;&lt;/span&gt;&lt;/code&gt;&lt;/li&gt;
&lt;li&gt;&lt;code&gt;&lt;span style="color: var(--highlight-keyword)"&gt;&amp;nbsp;&amp;nbsp;&amp;nbsp;&amp;nbsp;&amp;nbsp;&amp;nbsp;&amp;nbsp;&amp;nbsp;&amp;nbsp;&amp;nbsp;&amp;nbsp;&amp;nbsp;&amp;nbsp;&amp;nbsp;&amp;nbsp;&amp;nbsp;&lt;/span&gt;&lt;span style="color: var(--highlight-default)"&gt;$invoker&lt;/span&gt;&lt;span style="color: var(--highlight-keyword)"&gt;-&amp;gt;&lt;/span&gt;&lt;span style="color: var(--highlight-default)"&gt;invoke&lt;/span&gt;&lt;span style="color: var(--highlight-keyword)"&gt;([&lt;/span&gt;&lt;span style="color: var(--highlight-default)"&gt;$test&lt;/span&gt;&lt;span style="color: var(--highlight-keyword)"&gt;,&amp;nbsp;&lt;/span&gt;&lt;span style="color: var(--highlight-string)"&gt;'runBare'&lt;/span&gt;&lt;span style="color: var(--highlight-keyword)"&gt;],&amp;nbsp;[],&amp;nbsp;&lt;/span&gt;&lt;span style="color: var(--highlight-default)"&gt;$_timeout&lt;/span&gt;&lt;span style="color: var(--highlight-keyword)"&gt;);&lt;/span&gt;&lt;/code&gt;&lt;/li&gt;
&lt;li&gt;&lt;code&gt;&lt;span style="color: var(--highlight-keyword)"&gt;&amp;nbsp;&amp;nbsp;&amp;nbsp;&amp;nbsp;&amp;nbsp;&amp;nbsp;&amp;nbsp;&amp;nbsp;&amp;nbsp;&amp;nbsp;&amp;nbsp;&amp;nbsp;}&amp;nbsp;else&amp;nbsp;{&lt;/span&gt;&lt;/code&gt;&lt;/li&gt;
&lt;li class="selected"&gt;&lt;code&gt;&lt;span style="color: var(--highlight-keyword)"&gt;&amp;nbsp;&amp;nbsp;&amp;nbsp;&amp;nbsp;&amp;nbsp;&amp;nbsp;&amp;nbsp;&amp;nbsp;&amp;nbsp;&amp;nbsp;&amp;nbsp;&amp;nbsp;&amp;nbsp;&amp;nbsp;&amp;nbsp;&amp;nbsp;&lt;/span&gt;&lt;span style="color: var(--highlight-default)"&gt;$test&lt;/span&gt;&lt;span style="color: var(--highlight-keyword)"&gt;-&amp;gt;&lt;/span&gt;&lt;span style="color: var(--highlight-default)"&gt;runBare&lt;/span&gt;&lt;span style="color: var(--highlight-keyword)"&gt;();&lt;/span&gt;&lt;/code&gt;&lt;/li&gt;
&lt;li&gt;&lt;code&gt;&lt;span style="color: var(--highlight-keyword)"&gt;&amp;nbsp;&amp;nbsp;&amp;nbsp;&amp;nbsp;&amp;nbsp;&amp;nbsp;&amp;nbsp;&amp;nbsp;&amp;nbsp;&amp;nbsp;&amp;nbsp;&amp;nbsp;}&lt;/span&gt;&lt;/code&gt;&lt;/li&gt;
&lt;li&gt;&lt;code&gt;&lt;span style="color: var(--highlight-keyword)"&gt;&amp;nbsp;&amp;nbsp;&amp;nbsp;&amp;nbsp;&amp;nbsp;&amp;nbsp;&amp;nbsp;&amp;nbsp;}&amp;nbsp;catch&amp;nbsp;(&lt;/span&gt;&lt;span style="color: var(--highlight-default)"&gt;TimeoutException&amp;nbsp;$e&lt;/span&gt;&lt;span style="color: var(--highlight-keyword)"&gt;)&amp;nbsp;{&lt;/span&gt;&lt;/code&gt;&lt;/li&gt;
&lt;li&gt;&lt;code&gt;&lt;span style="color: var(--highlight-keyword)"&gt;&amp;nbsp;&amp;nbsp;&amp;nbsp;&amp;nbsp;&amp;nbsp;&amp;nbsp;&amp;nbsp;&amp;nbsp;&amp;nbsp;&amp;nbsp;&amp;nbsp;&amp;nbsp;&lt;/span&gt;&lt;span style="color: var(--highlight-default)"&gt;$this&lt;/span&gt;&lt;span style="color: var(--highlight-keyword)"&gt;-&amp;gt;&lt;/span&gt;&lt;span style="color: var(--highlight-default)"&gt;addFailure&lt;/span&gt;&lt;span style="color: var(--highlight-keyword)"&gt;(&lt;/span&gt;&lt;/code&gt;&lt;/li&gt;
&lt;li&gt;&lt;code&gt;&lt;span style="color: var(--highlight-keyword)"&gt;&amp;nbsp;&amp;nbsp;&amp;nbsp;&amp;nbsp;&amp;nbsp;&amp;nbsp;&amp;nbsp;&amp;nbsp;&amp;nbsp;&amp;nbsp;&amp;nbsp;&amp;nbsp;&amp;nbsp;&amp;nbsp;&amp;nbsp;&amp;nbsp;&lt;/span&gt;&lt;span style="color: var(--highlight-default)"&gt;$test&lt;/span&gt;&lt;span style="color: var(--highlight-keyword)"&gt;,&lt;/span&gt;&lt;/code&gt;&lt;/li&gt;
&lt;li&gt;&lt;code&gt;&lt;span style="color: var(--highlight-keyword)"&gt;&amp;nbsp;&amp;nbsp;&amp;nbsp;&amp;nbsp;&amp;nbsp;&amp;nbsp;&amp;nbsp;&amp;nbsp;&amp;nbsp;&amp;nbsp;&amp;nbsp;&amp;nbsp;&amp;nbsp;&amp;nbsp;&amp;nbsp;&amp;nbsp;new&amp;nbsp;&lt;/span&gt;&lt;span style="color: var(--highlight-default)"&gt;RiskyTestError&lt;/span&gt;&lt;span style="color: var(--highlight-keyword)"&gt;(&lt;/span&gt;&lt;/code&gt;&lt;/li&gt;&lt;/ol&gt;    &lt;/div&gt;            &lt;/div&gt;
                        &lt;div class="trace-line "&gt;
                &lt;div class="trace-line-header break-long-words sf-toggle" data-toggle-selector="#trace-html-2-19" data-toggle-initial=""&gt;
            &lt;span class="icon icon-close"&gt;&lt;svg width="1792" height="1792" viewBox="0 0 1792 1792" xmlns="http://www.w3.org/2000/svg"&gt;&lt;path d="M1408 960V832q0-26-19-45t-45-19H448q-26 0-45 19t-19 45v128q0 26 19 45t45 19h896q26 0 45-19t19-45zm256-544v960q0 119-84.5 203.5T1376 1664H416q-119 0-203.5-84.5T128 1376V416q0-119 84.5-203.5T416 128h960q119 0 203.5 84.5T1664 416z"/&gt;&lt;/svg&gt;&lt;/span&gt;
        &lt;span class="icon icon-open"&gt;&lt;svg width="1792" height="1792" viewBox="0 0 1792 1792" xmlns="http://www.w3.org/2000/svg"&gt;&lt;path d="M1408 960V832q0-26-19-45t-45-19h-320V448q0-26-19-45t-45-19H832q-26 0-45 19t-19 45v320H448q-26 0-45 19t-19 45v128q0 26 19 45t45 19h320v320q0 26 19 45t45 19h128q26 0 45-19t19-45v-320h320q26 0 45-19t19-45zm256-544v960q0 119-84.5 203.5T1376 1664H416q-119 0-203.5-84.5T128 1376V416q0-119 84.5-203.5T416 128h960q119 0 203.5 84.5T1664 416z"/&gt;&lt;/svg&gt;&lt;/span&gt;
    
            &lt;span class="trace-class"&gt;&lt;abbr title="PHPUnit\Framework\TestResult"&gt;TestResult&lt;/abbr&gt;&lt;/span&gt;&lt;span class="trace-type"&gt;-&gt;&lt;/span&gt;&lt;span class="trace-method"&gt;run&lt;/span&gt;&lt;span class="trace-arguments"&gt;()&lt;/span&gt;    
                    &lt;span class="block trace-file-path"&gt;
            in
            &lt;a href=""&gt;
                C:\Users\eman\Documents\GitHub\car_dealer\vendor\phpunit\phpunit\src\Framework\&lt;strong&gt;TestCase.php&lt;/strong&gt;
            &lt;/a&gt;
                        (line 903)
            &lt;span class="icon icon-copy hidden" data-clipboard-text="C:\Users\eman\Documents\GitHub\car_dealer\vendor\phpunit\phpunit\src\Framework\TestCase.php:903"&gt;
                &lt;svg xmlns="http://www.w3.org/2000/svg" height="24" viewBox="0 0 24 24" width="24"&gt;&lt;path d="M0 0h24v24H0z" fill="none"/&gt;&lt;path d="M16 1H4c-1.1 0-2 .9-2 2v14h2V3h12V1zm3 4H8c-1.1 0-2 .9-2 2v14c0 1.1.9 2 2 2h11c1.1 0 2-.9 2-2V7c0-1.1-.9-2-2-2zm0 16H8V7h11v14z"/&gt;&lt;/svg&gt;            &lt;/span&gt;
        &lt;/span&gt;
    &lt;/div&gt;
    &lt;div id="trace-html-2-19" class="trace-code sf-toggle-content"&gt;
        &lt;ol start="898"&gt;&lt;li&gt;&lt;code&gt;&lt;span style="color: var(--highlight-keyword)"&gt;&amp;nbsp;&amp;nbsp;&amp;nbsp;&amp;nbsp;&amp;nbsp;&amp;nbsp;&amp;nbsp;&amp;nbsp;&amp;nbsp;&amp;nbsp;&amp;nbsp;&amp;nbsp;&lt;/span&gt;&lt;span style="color: var(--highlight-default)"&gt;$template&lt;/span&gt;&lt;span style="color: var(--highlight-keyword)"&gt;-&amp;gt;&lt;/span&gt;&lt;span style="color: var(--highlight-default)"&gt;setVar&lt;/span&gt;&lt;span style="color: var(--highlight-keyword)"&gt;(&lt;/span&gt;&lt;span style="color: var(--highlight-default)"&gt;$var&lt;/span&gt;&lt;span style="color: var(--highlight-keyword)"&gt;);&lt;/span&gt;&lt;/code&gt;&lt;/li&gt;
&lt;li&gt;&lt;code&gt;&lt;span style="color: var(--highlight-keyword)"&gt;&lt;/span&gt;&lt;/code&gt;&lt;/li&gt;
&lt;li&gt;&lt;code&gt;&lt;span style="color: var(--highlight-keyword)"&gt;&amp;nbsp;&amp;nbsp;&amp;nbsp;&amp;nbsp;&amp;nbsp;&amp;nbsp;&amp;nbsp;&amp;nbsp;&amp;nbsp;&amp;nbsp;&amp;nbsp;&amp;nbsp;&lt;/span&gt;&lt;span style="color: var(--highlight-default)"&gt;$php&amp;nbsp;&lt;/span&gt;&lt;span style="color: var(--highlight-keyword)"&gt;=&amp;nbsp;&lt;/span&gt;&lt;span style="color: var(--highlight-default)"&gt;AbstractPhpProcess&lt;/span&gt;&lt;span style="color: var(--highlight-keyword)"&gt;::&lt;/span&gt;&lt;span style="color: var(--highlight-default)"&gt;factory&lt;/span&gt;&lt;span style="color: var(--highlight-keyword)"&gt;();&lt;/span&gt;&lt;/code&gt;&lt;/li&gt;
&lt;li&gt;&lt;code&gt;&lt;span style="color: var(--highlight-keyword)"&gt;&amp;nbsp;&amp;nbsp;&amp;nbsp;&amp;nbsp;&amp;nbsp;&amp;nbsp;&amp;nbsp;&amp;nbsp;&amp;nbsp;&amp;nbsp;&amp;nbsp;&amp;nbsp;&lt;/span&gt;&lt;span style="color: var(--highlight-default)"&gt;$php&lt;/span&gt;&lt;span style="color: var(--highlight-keyword)"&gt;-&amp;gt;&lt;/span&gt;&lt;span style="color: var(--highlight-default)"&gt;runTestJob&lt;/span&gt;&lt;span style="color: var(--highlight-keyword)"&gt;(&lt;/span&gt;&lt;span style="color: var(--highlight-default)"&gt;$template&lt;/span&gt;&lt;span style="color: var(--highlight-keyword)"&gt;-&amp;gt;&lt;/span&gt;&lt;span style="color: var(--highlight-default)"&gt;render&lt;/span&gt;&lt;span style="color: var(--highlight-keyword)"&gt;(),&amp;nbsp;&lt;/span&gt;&lt;span style="color: var(--highlight-default)"&gt;$this&lt;/span&gt;&lt;span style="color: var(--highlight-keyword)"&gt;,&amp;nbsp;&lt;/span&gt;&lt;span style="color: var(--highlight-default)"&gt;$result&lt;/span&gt;&lt;span style="color: var(--highlight-keyword)"&gt;);&lt;/span&gt;&lt;/code&gt;&lt;/li&gt;
&lt;li&gt;&lt;code&gt;&lt;span style="color: var(--highlight-keyword)"&gt;&amp;nbsp;&amp;nbsp;&amp;nbsp;&amp;nbsp;&amp;nbsp;&amp;nbsp;&amp;nbsp;&amp;nbsp;}&amp;nbsp;else&amp;nbsp;{&lt;/span&gt;&lt;/code&gt;&lt;/li&gt;
&lt;li class="selected"&gt;&lt;code&gt;&lt;span style="color: var(--highlight-keyword)"&gt;&amp;nbsp;&amp;nbsp;&amp;nbsp;&amp;nbsp;&amp;nbsp;&amp;nbsp;&amp;nbsp;&amp;nbsp;&amp;nbsp;&amp;nbsp;&amp;nbsp;&amp;nbsp;&lt;/span&gt;&lt;span style="color: var(--highlight-default)"&gt;$result&lt;/span&gt;&lt;span style="color: var(--highlight-keyword)"&gt;-&amp;gt;&lt;/span&gt;&lt;span style="color: var(--highlight-default)"&gt;run&lt;/span&gt;&lt;span style="color: var(--highlight-keyword)"&gt;(&lt;/span&gt;&lt;span style="color: var(--highlight-default)"&gt;$this&lt;/span&gt;&lt;span style="color: var(--highlight-keyword)"&gt;);&lt;/span&gt;&lt;/code&gt;&lt;/li&gt;
&lt;li&gt;&lt;code&gt;&lt;span style="color: var(--highlight-keyword)"&gt;&amp;nbsp;&amp;nbsp;&amp;nbsp;&amp;nbsp;&amp;nbsp;&amp;nbsp;&amp;nbsp;&amp;nbsp;}&lt;/span&gt;&lt;/code&gt;&lt;/li&gt;
&lt;li&gt;&lt;code&gt;&lt;span style="color: var(--highlight-keyword)"&gt;&lt;/span&gt;&lt;/code&gt;&lt;/li&gt;
&lt;li&gt;&lt;code&gt;&lt;span style="color: var(--highlight-keyword)"&gt;&amp;nbsp;&amp;nbsp;&amp;nbsp;&amp;nbsp;&amp;nbsp;&amp;nbsp;&amp;nbsp;&amp;nbsp;&lt;/span&gt;&lt;span style="color: var(--highlight-default)"&gt;$this&lt;/span&gt;&lt;span style="color: var(--highlight-keyword)"&gt;-&amp;gt;&lt;/span&gt;&lt;span style="color: var(--highlight-default)"&gt;result&amp;nbsp;&lt;/span&gt;&lt;span style="color: var(--highlight-keyword)"&gt;=&amp;nbsp;&lt;/span&gt;&lt;span style="color: var(--highlight-default)"&gt;null&lt;/span&gt;&lt;span style="color: var(--highlight-keyword)"&gt;;&lt;/span&gt;&lt;/code&gt;&lt;/li&gt;
&lt;li&gt;&lt;code&gt;&lt;span style="color: var(--highlight-keyword)"&gt;&lt;/span&gt;&lt;/code&gt;&lt;/li&gt;
&lt;li&gt;&lt;code&gt;&lt;span style="color: var(--highlight-keyword)"&gt;&amp;nbsp;&amp;nbsp;&amp;nbsp;&amp;nbsp;&amp;nbsp;&amp;nbsp;&amp;nbsp;&amp;nbsp;return&amp;nbsp;&lt;/span&gt;&lt;span style="color: var(--highlight-default)"&gt;$result&lt;/span&gt;&lt;span style="color: var(--highlight-keyword)"&gt;;&lt;/span&gt;&lt;/code&gt;&lt;/li&gt;&lt;/ol&gt;    &lt;/div&gt;            &lt;/div&gt;
                        &lt;div class="trace-line "&gt;
                &lt;div class="trace-line-header break-long-words sf-toggle" data-toggle-selector="#trace-html-2-20" data-toggle-initial=""&gt;
            &lt;span class="icon icon-close"&gt;&lt;svg width="1792" height="1792" viewBox="0 0 1792 1792" xmlns="http://www.w3.org/2000/svg"&gt;&lt;path d="M1408 960V832q0-26-19-45t-45-19H448q-26 0-45 19t-19 45v128q0 26 19 45t45 19h896q26 0 45-19t19-45zm256-544v960q0 119-84.5 203.5T1376 1664H416q-119 0-203.5-84.5T128 1376V416q0-119 84.5-203.5T416 128h960q119 0 203.5 84.5T1664 416z"/&gt;&lt;/svg&gt;&lt;/span&gt;
        &lt;span class="icon icon-open"&gt;&lt;svg width="1792" height="1792" viewBox="0 0 1792 1792" xmlns="http://www.w3.org/2000/svg"&gt;&lt;path d="M1408 960V832q0-26-19-45t-45-19h-320V448q0-26-19-45t-45-19H832q-26 0-45 19t-19 45v320H448q-26 0-45 19t-19 45v128q0 26 19 45t45 19h320v320q0 26 19 45t45 19h128q26 0 45-19t19-45v-320h320q26 0 45-19t19-45zm256-544v960q0 119-84.5 203.5T1376 1664H416q-119 0-203.5-84.5T128 1376V416q0-119 84.5-203.5T416 128h960q119 0 203.5 84.5T1664 416z"/&gt;&lt;/svg&gt;&lt;/span&gt;
    
            &lt;span class="trace-class"&gt;&lt;abbr title="PHPUnit\Framework\TestCase"&gt;TestCase&lt;/abbr&gt;&lt;/span&gt;&lt;span class="trace-type"&gt;-&gt;&lt;/span&gt;&lt;span class="trace-method"&gt;run&lt;/span&gt;&lt;span class="trace-arguments"&gt;()&lt;/span&gt;    
                    &lt;span class="block trace-file-path"&gt;
            in
            &lt;a href=""&gt;
                C:\Users\eman\Documents\GitHub\car_dealer\vendor\phpunit\phpunit\src\Framework\&lt;strong&gt;TestSuite.php&lt;/strong&gt;
            &lt;/a&gt;
                        (line 678)
            &lt;span class="icon icon-copy hidden" data-clipboard-text="C:\Users\eman\Documents\GitHub\car_dealer\vendor\phpunit\phpunit\src\Framework\TestSuite.php:678"&gt;
                &lt;svg xmlns="http://www.w3.org/2000/svg" height="24" viewBox="0 0 24 24" width="24"&gt;&lt;path d="M0 0h24v24H0z" fill="none"/&gt;&lt;path d="M16 1H4c-1.1 0-2 .9-2 2v14h2V3h12V1zm3 4H8c-1.1 0-2 .9-2 2v14c0 1.1.9 2 2 2h11c1.1 0 2-.9 2-2V7c0-1.1-.9-2-2-2zm0 16H8V7h11v14z"/&gt;&lt;/svg&gt;            &lt;/span&gt;
        &lt;/span&gt;
    &lt;/div&gt;
    &lt;div id="trace-html-2-20" class="trace-code sf-toggle-content"&gt;
        &lt;ol start="673"&gt;&lt;li&gt;&lt;code&gt;&lt;span style="color: var(--highlight-keyword)"&gt;&amp;nbsp;&amp;nbsp;&amp;nbsp;&amp;nbsp;&amp;nbsp;&amp;nbsp;&amp;nbsp;&amp;nbsp;&amp;nbsp;&amp;nbsp;&amp;nbsp;&amp;nbsp;&amp;nbsp;&amp;nbsp;&amp;nbsp;&amp;nbsp;&lt;/span&gt;&lt;span style="color: var(--highlight-default)"&gt;$test&lt;/span&gt;&lt;span style="color: var(--highlight-keyword)"&gt;-&amp;gt;&lt;/span&gt;&lt;span style="color: var(--highlight-default)"&gt;setBackupGlobals&lt;/span&gt;&lt;span style="color: var(--highlight-keyword)"&gt;(&lt;/span&gt;&lt;span style="color: var(--highlight-default)"&gt;$this&lt;/span&gt;&lt;span style="color: var(--highlight-keyword)"&gt;-&amp;gt;&lt;/span&gt;&lt;span style="color: var(--highlight-default)"&gt;backupGlobals&lt;/span&gt;&lt;span style="color: var(--highlight-keyword)"&gt;);&lt;/span&gt;&lt;/code&gt;&lt;/li&gt;
&lt;li&gt;&lt;code&gt;&lt;span style="color: var(--highlight-keyword)"&gt;&amp;nbsp;&amp;nbsp;&amp;nbsp;&amp;nbsp;&amp;nbsp;&amp;nbsp;&amp;nbsp;&amp;nbsp;&amp;nbsp;&amp;nbsp;&amp;nbsp;&amp;nbsp;&amp;nbsp;&amp;nbsp;&amp;nbsp;&amp;nbsp;&lt;/span&gt;&lt;span style="color: var(--highlight-default)"&gt;$test&lt;/span&gt;&lt;span style="color: var(--highlight-keyword)"&gt;-&amp;gt;&lt;/span&gt;&lt;span style="color: var(--highlight-default)"&gt;setBackupStaticAttributes&lt;/span&gt;&lt;span style="color: var(--highlight-keyword)"&gt;(&lt;/span&gt;&lt;span style="color: var(--highlight-default)"&gt;$this&lt;/span&gt;&lt;span style="color: var(--highlight-keyword)"&gt;-&amp;gt;&lt;/span&gt;&lt;span style="color: var(--highlight-default)"&gt;backupStaticAttributes&lt;/span&gt;&lt;span style="color: var(--highlight-keyword)"&gt;);&lt;/span&gt;&lt;/code&gt;&lt;/li&gt;
&lt;li&gt;&lt;code&gt;&lt;span style="color: var(--highlight-keyword)"&gt;&amp;nbsp;&amp;nbsp;&amp;nbsp;&amp;nbsp;&amp;nbsp;&amp;nbsp;&amp;nbsp;&amp;nbsp;&amp;nbsp;&amp;nbsp;&amp;nbsp;&amp;nbsp;&amp;nbsp;&amp;nbsp;&amp;nbsp;&amp;nbsp;&lt;/span&gt;&lt;span style="color: var(--highlight-default)"&gt;$test&lt;/span&gt;&lt;span style="color: var(--highlight-keyword)"&gt;-&amp;gt;&lt;/span&gt;&lt;span style="color: var(--highlight-default)"&gt;setRunTestInSeparateProcess&lt;/span&gt;&lt;span style="color: var(--highlight-keyword)"&gt;(&lt;/span&gt;&lt;span style="color: var(--highlight-default)"&gt;$this&lt;/span&gt;&lt;span style="color: var(--highlight-keyword)"&gt;-&amp;gt;&lt;/span&gt;&lt;span style="color: var(--highlight-default)"&gt;runTestInSeparateProcess&lt;/span&gt;&lt;span style="color: var(--highlight-keyword)"&gt;);&lt;/span&gt;&lt;/code&gt;&lt;/li&gt;
&lt;li&gt;&lt;code&gt;&lt;span style="color: var(--highlight-keyword)"&gt;&amp;nbsp;&amp;nbsp;&amp;nbsp;&amp;nbsp;&amp;nbsp;&amp;nbsp;&amp;nbsp;&amp;nbsp;&amp;nbsp;&amp;nbsp;&amp;nbsp;&amp;nbsp;}&lt;/span&gt;&lt;/code&gt;&lt;/li&gt;
&lt;li&gt;&lt;code&gt;&lt;span style="color: var(--highlight-keyword)"&gt;&lt;/span&gt;&lt;/code&gt;&lt;/li&gt;
&lt;li class="selected"&gt;&lt;code&gt;&lt;span style="color: var(--highlight-keyword)"&gt;&amp;nbsp;&amp;nbsp;&amp;nbsp;&amp;nbsp;&amp;nbsp;&amp;nbsp;&amp;nbsp;&amp;nbsp;&amp;nbsp;&amp;nbsp;&amp;nbsp;&amp;nbsp;&lt;/span&gt;&lt;span style="color: var(--highlight-default)"&gt;$test&lt;/span&gt;&lt;span style="color: var(--highlight-keyword)"&gt;-&amp;gt;&lt;/span&gt;&lt;span style="color: var(--highlight-default)"&gt;run&lt;/span&gt;&lt;span style="color: var(--highlight-keyword)"&gt;(&lt;/span&gt;&lt;span style="color: var(--highlight-default)"&gt;$result&lt;/span&gt;&lt;span style="color: var(--highlight-keyword)"&gt;);&lt;/span&gt;&lt;/code&gt;&lt;/li&gt;
&lt;li&gt;&lt;code&gt;&lt;span style="color: var(--highlight-keyword)"&gt;&amp;nbsp;&amp;nbsp;&amp;nbsp;&amp;nbsp;&amp;nbsp;&amp;nbsp;&amp;nbsp;&amp;nbsp;}&lt;/span&gt;&lt;/code&gt;&lt;/li&gt;
&lt;li&gt;&lt;code&gt;&lt;span style="color: var(--highlight-keyword)"&gt;&lt;/span&gt;&lt;/code&gt;&lt;/li&gt;
&lt;li&gt;&lt;code&gt;&lt;span style="color: var(--highlight-keyword)"&gt;&amp;nbsp;&amp;nbsp;&amp;nbsp;&amp;nbsp;&amp;nbsp;&amp;nbsp;&amp;nbsp;&amp;nbsp;if&amp;nbsp;(&lt;/span&gt;&lt;span style="color: var(--highlight-default)"&gt;$this&lt;/span&gt;&lt;span style="color: var(--highlight-keyword)"&gt;-&amp;gt;&lt;/span&gt;&lt;span style="color: var(--highlight-default)"&gt;testCase&amp;nbsp;&lt;/span&gt;&lt;span style="color: var(--highlight-keyword)"&gt;&amp;amp;&amp;amp;&amp;nbsp;&lt;/span&gt;&lt;span style="color: var(--highlight-default)"&gt;class_exists&lt;/span&gt;&lt;span style="color: var(--highlight-keyword)"&gt;(&lt;/span&gt;&lt;span style="color: var(--highlight-default)"&gt;$this&lt;/span&gt;&lt;span style="color: var(--highlight-keyword)"&gt;-&amp;gt;&lt;/span&gt;&lt;span style="color: var(--highlight-default)"&gt;name&lt;/span&gt;&lt;span style="color: var(--highlight-keyword)"&gt;,&amp;nbsp;&lt;/span&gt;&lt;span style="color: var(--highlight-default)"&gt;false&lt;/span&gt;&lt;span style="color: var(--highlight-keyword)"&gt;))&amp;nbsp;{&lt;/span&gt;&lt;/code&gt;&lt;/li&gt;
&lt;li&gt;&lt;code&gt;&lt;span style="color: var(--highlight-keyword)"&gt;&amp;nbsp;&amp;nbsp;&amp;nbsp;&amp;nbsp;&amp;nbsp;&amp;nbsp;&amp;nbsp;&amp;nbsp;&amp;nbsp;&amp;nbsp;&amp;nbsp;&amp;nbsp;foreach&amp;nbsp;(&lt;/span&gt;&lt;span style="color: var(--highlight-default)"&gt;$hookMethods&lt;/span&gt;&lt;span style="color: var(--highlight-keyword)"&gt;[&lt;/span&gt;&lt;span style="color: var(--highlight-string)"&gt;'afterClass'&lt;/span&gt;&lt;span style="color: var(--highlight-keyword)"&gt;]&amp;nbsp;as&amp;nbsp;&lt;/span&gt;&lt;span style="color: var(--highlight-default)"&gt;$afterClassMethod&lt;/span&gt;&lt;span style="color: var(--highlight-keyword)"&gt;)&amp;nbsp;{&lt;/span&gt;&lt;/code&gt;&lt;/li&gt;
&lt;li&gt;&lt;code&gt;&lt;span style="color: var(--highlight-keyword)"&gt;&amp;nbsp;&amp;nbsp;&amp;nbsp;&amp;nbsp;&amp;nbsp;&amp;nbsp;&amp;nbsp;&amp;nbsp;&amp;nbsp;&amp;nbsp;&amp;nbsp;&amp;nbsp;&amp;nbsp;&amp;nbsp;&amp;nbsp;&amp;nbsp;if&amp;nbsp;(&lt;/span&gt;&lt;span style="color: var(--highlight-default)"&gt;method_exists&lt;/span&gt;&lt;span style="color: var(--highlight-keyword)"&gt;(&lt;/span&gt;&lt;span style="color: var(--highlight-default)"&gt;$this&lt;/span&gt;&lt;span style="color: var(--highlight-keyword)"&gt;-&amp;gt;&lt;/span&gt;&lt;span style="color: var(--highlight-default)"&gt;name&lt;/span&gt;&lt;span style="color: var(--highlight-keyword)"&gt;,&amp;nbsp;&lt;/span&gt;&lt;span style="color: var(--highlight-default)"&gt;$afterClassMethod&lt;/span&gt;&lt;span style="color: var(--highlight-keyword)"&gt;))&amp;nbsp;{&lt;/span&gt;&lt;/code&gt;&lt;/li&gt;&lt;/ol&gt;    &lt;/div&gt;            &lt;/div&gt;
                        &lt;div class="trace-line "&gt;
                &lt;div class="trace-line-header break-long-words sf-toggle" data-toggle-selector="#trace-html-2-21" data-toggle-initial=""&gt;
            &lt;span class="icon icon-close"&gt;&lt;svg width="1792" height="1792" viewBox="0 0 1792 1792" xmlns="http://www.w3.org/2000/svg"&gt;&lt;path d="M1408 960V832q0-26-19-45t-45-19H448q-26 0-45 19t-19 45v128q0 26 19 45t45 19h896q26 0 45-19t19-45zm256-544v960q0 119-84.5 203.5T1376 1664H416q-119 0-203.5-84.5T128 1376V416q0-119 84.5-203.5T416 128h960q119 0 203.5 84.5T1664 416z"/&gt;&lt;/svg&gt;&lt;/span&gt;
        &lt;span class="icon icon-open"&gt;&lt;svg width="1792" height="1792" viewBox="0 0 1792 1792" xmlns="http://www.w3.org/2000/svg"&gt;&lt;path d="M1408 960V832q0-26-19-45t-45-19h-320V448q0-26-19-45t-45-19H832q-26 0-45 19t-19 45v320H448q-26 0-45 19t-19 45v128q0 26 19 45t45 19h320v320q0 26 19 45t45 19h128q26 0 45-19t19-45v-320h320q26 0 45-19t19-45zm256-544v960q0 119-84.5 203.5T1376 1664H416q-119 0-203.5-84.5T128 1376V416q0-119 84.5-203.5T416 128h960q119 0 203.5 84.5T1664 416z"/&gt;&lt;/svg&gt;&lt;/span&gt;
    
            &lt;span class="trace-class"&gt;&lt;abbr title="PHPUnit\Framework\TestSuite"&gt;TestSuite&lt;/abbr&gt;&lt;/span&gt;&lt;span class="trace-type"&gt;-&gt;&lt;/span&gt;&lt;span class="trace-method"&gt;run&lt;/span&gt;&lt;span class="trace-arguments"&gt;()&lt;/span&gt;    
                    &lt;span class="block trace-file-path"&gt;
            in
            &lt;a href=""&gt;
                C:\Users\eman\Documents\GitHub\car_dealer\vendor\phpunit\phpunit\src\Framework\&lt;strong&gt;TestSuite.php&lt;/strong&gt;
            &lt;/a&gt;
                        (line 678)
            &lt;span class="icon icon-copy hidden" data-clipboard-text="C:\Users\eman\Documents\GitHub\car_dealer\vendor\phpunit\phpunit\src\Framework\TestSuite.php:678"&gt;
                &lt;svg xmlns="http://www.w3.org/2000/svg" height="24" viewBox="0 0 24 24" width="24"&gt;&lt;path d="M0 0h24v24H0z" fill="none"/&gt;&lt;path d="M16 1H4c-1.1 0-2 .9-2 2v14h2V3h12V1zm3 4H8c-1.1 0-2 .9-2 2v14c0 1.1.9 2 2 2h11c1.1 0 2-.9 2-2V7c0-1.1-.9-2-2-2zm0 16H8V7h11v14z"/&gt;&lt;/svg&gt;            &lt;/span&gt;
        &lt;/span&gt;
    &lt;/div&gt;
    &lt;div id="trace-html-2-21" class="trace-code sf-toggle-content"&gt;
        &lt;ol start="673"&gt;&lt;li&gt;&lt;code&gt;&lt;span style="color: var(--highlight-keyword)"&gt;&amp;nbsp;&amp;nbsp;&amp;nbsp;&amp;nbsp;&amp;nbsp;&amp;nbsp;&amp;nbsp;&amp;nbsp;&amp;nbsp;&amp;nbsp;&amp;nbsp;&amp;nbsp;&amp;nbsp;&amp;nbsp;&amp;nbsp;&amp;nbsp;&lt;/span&gt;&lt;span style="color: var(--highlight-default)"&gt;$test&lt;/span&gt;&lt;span style="color: var(--highlight-keyword)"&gt;-&amp;gt;&lt;/span&gt;&lt;span style="color: var(--highlight-default)"&gt;setBackupGlobals&lt;/span&gt;&lt;span style="color: var(--highlight-keyword)"&gt;(&lt;/span&gt;&lt;span style="color: var(--highlight-default)"&gt;$this&lt;/span&gt;&lt;span style="color: var(--highlight-keyword)"&gt;-&amp;gt;&lt;/span&gt;&lt;span style="color: var(--highlight-default)"&gt;backupGlobals&lt;/span&gt;&lt;span style="color: var(--highlight-keyword)"&gt;);&lt;/span&gt;&lt;/code&gt;&lt;/li&gt;
&lt;li&gt;&lt;code&gt;&lt;span style="color: var(--highlight-keyword)"&gt;&amp;nbsp;&amp;nbsp;&amp;nbsp;&amp;nbsp;&amp;nbsp;&amp;nbsp;&amp;nbsp;&amp;nbsp;&amp;nbsp;&amp;nbsp;&amp;nbsp;&amp;nbsp;&amp;nbsp;&amp;nbsp;&amp;nbsp;&amp;nbsp;&lt;/span&gt;&lt;span style="color: var(--highlight-default)"&gt;$test&lt;/span&gt;&lt;span style="color: var(--highlight-keyword)"&gt;-&amp;gt;&lt;/span&gt;&lt;span style="color: var(--highlight-default)"&gt;setBackupStaticAttributes&lt;/span&gt;&lt;span style="color: var(--highlight-keyword)"&gt;(&lt;/span&gt;&lt;span style="color: var(--highlight-default)"&gt;$this&lt;/span&gt;&lt;span style="color: var(--highlight-keyword)"&gt;-&amp;gt;&lt;/span&gt;&lt;span style="color: var(--highlight-default)"&gt;backupStaticAttributes&lt;/span&gt;&lt;span style="color: var(--highlight-keyword)"&gt;);&lt;/span&gt;&lt;/code&gt;&lt;/li&gt;
&lt;li&gt;&lt;code&gt;&lt;span style="color: var(--highlight-keyword)"&gt;&amp;nbsp;&amp;nbsp;&amp;nbsp;&amp;nbsp;&amp;nbsp;&amp;nbsp;&amp;nbsp;&amp;nbsp;&amp;nbsp;&amp;nbsp;&amp;nbsp;&amp;nbsp;&amp;nbsp;&amp;nbsp;&amp;nbsp;&amp;nbsp;&lt;/span&gt;&lt;span style="color: var(--highlight-default)"&gt;$test&lt;/span&gt;&lt;span style="color: var(--highlight-keyword)"&gt;-&amp;gt;&lt;/span&gt;&lt;span style="color: var(--highlight-default)"&gt;setRunTestInSeparateProcess&lt;/span&gt;&lt;span style="color: var(--highlight-keyword)"&gt;(&lt;/span&gt;&lt;span style="color: var(--highlight-default)"&gt;$this&lt;/span&gt;&lt;span style="color: var(--highlight-keyword)"&gt;-&amp;gt;&lt;/span&gt;&lt;span style="color: var(--highlight-default)"&gt;runTestInSeparateProcess&lt;/span&gt;&lt;span style="color: var(--highlight-keyword)"&gt;);&lt;/span&gt;&lt;/code&gt;&lt;/li&gt;
&lt;li&gt;&lt;code&gt;&lt;span style="color: var(--highlight-keyword)"&gt;&amp;nbsp;&amp;nbsp;&amp;nbsp;&amp;nbsp;&amp;nbsp;&amp;nbsp;&amp;nbsp;&amp;nbsp;&amp;nbsp;&amp;nbsp;&amp;nbsp;&amp;nbsp;}&lt;/span&gt;&lt;/code&gt;&lt;/li&gt;
&lt;li&gt;&lt;code&gt;&lt;span style="color: var(--highlight-keyword)"&gt;&lt;/span&gt;&lt;/code&gt;&lt;/li&gt;
&lt;li class="selected"&gt;&lt;code&gt;&lt;span style="color: var(--highlight-keyword)"&gt;&amp;nbsp;&amp;nbsp;&amp;nbsp;&amp;nbsp;&amp;nbsp;&amp;nbsp;&amp;nbsp;&amp;nbsp;&amp;nbsp;&amp;nbsp;&amp;nbsp;&amp;nbsp;&lt;/span&gt;&lt;span style="color: var(--highlight-default)"&gt;$test&lt;/span&gt;&lt;span style="color: var(--highlight-keyword)"&gt;-&amp;gt;&lt;/span&gt;&lt;span style="color: var(--highlight-default)"&gt;run&lt;/span&gt;&lt;span style="color: var(--highlight-keyword)"&gt;(&lt;/span&gt;&lt;span style="color: var(--highlight-default)"&gt;$result&lt;/span&gt;&lt;span style="color: var(--highlight-keyword)"&gt;);&lt;/span&gt;&lt;/code&gt;&lt;/li&gt;
&lt;li&gt;&lt;code&gt;&lt;span style="color: var(--highlight-keyword)"&gt;&amp;nbsp;&amp;nbsp;&amp;nbsp;&amp;nbsp;&amp;nbsp;&amp;nbsp;&amp;nbsp;&amp;nbsp;}&lt;/span&gt;&lt;/code&gt;&lt;/li&gt;
&lt;li&gt;&lt;code&gt;&lt;span style="color: var(--highlight-keyword)"&gt;&lt;/span&gt;&lt;/code&gt;&lt;/li&gt;
&lt;li&gt;&lt;code&gt;&lt;span style="color: var(--highlight-keyword)"&gt;&amp;nbsp;&amp;nbsp;&amp;nbsp;&amp;nbsp;&amp;nbsp;&amp;nbsp;&amp;nbsp;&amp;nbsp;if&amp;nbsp;(&lt;/span&gt;&lt;span style="color: var(--highlight-default)"&gt;$this&lt;/span&gt;&lt;span style="color: var(--highlight-keyword)"&gt;-&amp;gt;&lt;/span&gt;&lt;span style="color: var(--highlight-default)"&gt;testCase&amp;nbsp;&lt;/span&gt;&lt;span style="color: var(--highlight-keyword)"&gt;&amp;amp;&amp;amp;&amp;nbsp;&lt;/span&gt;&lt;span style="color: var(--highlight-default)"&gt;class_exists&lt;/span&gt;&lt;span style="color: var(--highlight-keyword)"&gt;(&lt;/span&gt;&lt;span style="color: var(--highlight-default)"&gt;$this&lt;/span&gt;&lt;span style="color: var(--highlight-keyword)"&gt;-&amp;gt;&lt;/span&gt;&lt;span style="color: var(--highlight-default)"&gt;name&lt;/span&gt;&lt;span style="color: var(--highlight-keyword)"&gt;,&amp;nbsp;&lt;/span&gt;&lt;span style="color: var(--highlight-default)"&gt;false&lt;/span&gt;&lt;span style="color: var(--highlight-keyword)"&gt;))&amp;nbsp;{&lt;/span&gt;&lt;/code&gt;&lt;/li&gt;
&lt;li&gt;&lt;code&gt;&lt;span style="color: var(--highlight-keyword)"&gt;&amp;nbsp;&amp;nbsp;&amp;nbsp;&amp;nbsp;&amp;nbsp;&amp;nbsp;&amp;nbsp;&amp;nbsp;&amp;nbsp;&amp;nbsp;&amp;nbsp;&amp;nbsp;foreach&amp;nbsp;(&lt;/span&gt;&lt;span style="color: var(--highlight-default)"&gt;$hookMethods&lt;/span&gt;&lt;span style="color: var(--highlight-keyword)"&gt;[&lt;/span&gt;&lt;span style="color: var(--highlight-string)"&gt;'afterClass'&lt;/span&gt;&lt;span style="color: var(--highlight-keyword)"&gt;]&amp;nbsp;as&amp;nbsp;&lt;/span&gt;&lt;span style="color: var(--highlight-default)"&gt;$afterClassMethod&lt;/span&gt;&lt;span style="color: var(--highlight-keyword)"&gt;)&amp;nbsp;{&lt;/span&gt;&lt;/code&gt;&lt;/li&gt;
&lt;li&gt;&lt;code&gt;&lt;span style="color: var(--highlight-keyword)"&gt;&amp;nbsp;&amp;nbsp;&amp;nbsp;&amp;nbsp;&amp;nbsp;&amp;nbsp;&amp;nbsp;&amp;nbsp;&amp;nbsp;&amp;nbsp;&amp;nbsp;&amp;nbsp;&amp;nbsp;&amp;nbsp;&amp;nbsp;&amp;nbsp;if&amp;nbsp;(&lt;/span&gt;&lt;span style="color: var(--highlight-default)"&gt;method_exists&lt;/span&gt;&lt;span style="color: var(--highlight-keyword)"&gt;(&lt;/span&gt;&lt;span style="color: var(--highlight-default)"&gt;$this&lt;/span&gt;&lt;span style="color: var(--highlight-keyword)"&gt;-&amp;gt;&lt;/span&gt;&lt;span style="color: var(--highlight-default)"&gt;name&lt;/span&gt;&lt;span style="color: var(--highlight-keyword)"&gt;,&amp;nbsp;&lt;/span&gt;&lt;span style="color: var(--highlight-default)"&gt;$afterClassMethod&lt;/span&gt;&lt;span style="color: var(--highlight-keyword)"&gt;))&amp;nbsp;{&lt;/span&gt;&lt;/code&gt;&lt;/li&gt;&lt;/ol&gt;    &lt;/div&gt;            &lt;/div&gt;
                        &lt;div class="trace-line "&gt;
                &lt;div class="trace-line-header break-long-words sf-toggle" data-toggle-selector="#trace-html-2-22" data-toggle-initial=""&gt;
            &lt;span class="icon icon-close"&gt;&lt;svg width="1792" height="1792" viewBox="0 0 1792 1792" xmlns="http://www.w3.org/2000/svg"&gt;&lt;path d="M1408 960V832q0-26-19-45t-45-19H448q-26 0-45 19t-19 45v128q0 26 19 45t45 19h896q26 0 45-19t19-45zm256-544v960q0 119-84.5 203.5T1376 1664H416q-119 0-203.5-84.5T128 1376V416q0-119 84.5-203.5T416 128h960q119 0 203.5 84.5T1664 416z"/&gt;&lt;/svg&gt;&lt;/span&gt;
        &lt;span class="icon icon-open"&gt;&lt;svg width="1792" height="1792" viewBox="0 0 1792 1792" xmlns="http://www.w3.org/2000/svg"&gt;&lt;path d="M1408 960V832q0-26-19-45t-45-19h-320V448q0-26-19-45t-45-19H832q-26 0-45 19t-19 45v320H448q-26 0-45 19t-19 45v128q0 26 19 45t45 19h320v320q0 26 19 45t45 19h128q26 0 45-19t19-45v-320h320q26 0 45-19t19-45zm256-544v960q0 119-84.5 203.5T1376 1664H416q-119 0-203.5-84.5T128 1376V416q0-119 84.5-203.5T416 128h960q119 0 203.5 84.5T1664 416z"/&gt;&lt;/svg&gt;&lt;/span&gt;
    
            &lt;span class="trace-class"&gt;&lt;abbr title="PHPUnit\Framework\TestSuite"&gt;TestSuite&lt;/abbr&gt;&lt;/span&gt;&lt;span class="trace-type"&gt;-&gt;&lt;/span&gt;&lt;span class="trace-method"&gt;run&lt;/span&gt;&lt;span class="trace-arguments"&gt;()&lt;/span&gt;    
                    &lt;span class="block trace-file-path"&gt;
            in
            &lt;a href=""&gt;
                C:\Users\eman\Documents\GitHub\car_dealer\vendor\phpunit\phpunit\src\Framework\&lt;strong&gt;TestSuite.php&lt;/strong&gt;
            &lt;/a&gt;
                        (line 678)
            &lt;span class="icon icon-copy hidden" data-clipboard-text="C:\Users\eman\Documents\GitHub\car_dealer\vendor\phpunit\phpunit\src\Framework\TestSuite.php:678"&gt;
                &lt;svg xmlns="http://www.w3.org/2000/svg" height="24" viewBox="0 0 24 24" width="24"&gt;&lt;path d="M0 0h24v24H0z" fill="none"/&gt;&lt;path d="M16 1H4c-1.1 0-2 .9-2 2v14h2V3h12V1zm3 4H8c-1.1 0-2 .9-2 2v14c0 1.1.9 2 2 2h11c1.1 0 2-.9 2-2V7c0-1.1-.9-2-2-2zm0 16H8V7h11v14z"/&gt;&lt;/svg&gt;            &lt;/span&gt;
        &lt;/span&gt;
    &lt;/div&gt;
    &lt;div id="trace-html-2-22" class="trace-code sf-toggle-content"&gt;
        &lt;ol start="673"&gt;&lt;li&gt;&lt;code&gt;&lt;span style="color: var(--highlight-keyword)"&gt;&amp;nbsp;&amp;nbsp;&amp;nbsp;&amp;nbsp;&amp;nbsp;&amp;nbsp;&amp;nbsp;&amp;nbsp;&amp;nbsp;&amp;nbsp;&amp;nbsp;&amp;nbsp;&amp;nbsp;&amp;nbsp;&amp;nbsp;&amp;nbsp;&lt;/span&gt;&lt;span style="color: var(--highlight-default)"&gt;$test&lt;/span&gt;&lt;span style="color: var(--highlight-keyword)"&gt;-&amp;gt;&lt;/span&gt;&lt;span style="color: var(--highlight-default)"&gt;setBackupGlobals&lt;/span&gt;&lt;span style="color: var(--highlight-keyword)"&gt;(&lt;/span&gt;&lt;span style="color: var(--highlight-default)"&gt;$this&lt;/span&gt;&lt;span style="color: var(--highlight-keyword)"&gt;-&amp;gt;&lt;/span&gt;&lt;span style="color: var(--highlight-default)"&gt;backupGlobals&lt;/span&gt;&lt;span style="color: var(--highlight-keyword)"&gt;);&lt;/span&gt;&lt;/code&gt;&lt;/li&gt;
&lt;li&gt;&lt;code&gt;&lt;span style="color: var(--highlight-keyword)"&gt;&amp;nbsp;&amp;nbsp;&amp;nbsp;&amp;nbsp;&amp;nbsp;&amp;nbsp;&amp;nbsp;&amp;nbsp;&amp;nbsp;&amp;nbsp;&amp;nbsp;&amp;nbsp;&amp;nbsp;&amp;nbsp;&amp;nbsp;&amp;nbsp;&lt;/span&gt;&lt;span style="color: var(--highlight-default)"&gt;$test&lt;/span&gt;&lt;span style="color: var(--highlight-keyword)"&gt;-&amp;gt;&lt;/span&gt;&lt;span style="color: var(--highlight-default)"&gt;setBackupStaticAttributes&lt;/span&gt;&lt;span style="color: var(--highlight-keyword)"&gt;(&lt;/span&gt;&lt;span style="color: var(--highlight-default)"&gt;$this&lt;/span&gt;&lt;span style="color: var(--highlight-keyword)"&gt;-&amp;gt;&lt;/span&gt;&lt;span style="color: var(--highlight-default)"&gt;backupStaticAttributes&lt;/span&gt;&lt;span style="color: var(--highlight-keyword)"&gt;);&lt;/span&gt;&lt;/code&gt;&lt;/li&gt;
&lt;li&gt;&lt;code&gt;&lt;span style="color: var(--highlight-keyword)"&gt;&amp;nbsp;&amp;nbsp;&amp;nbsp;&amp;nbsp;&amp;nbsp;&amp;nbsp;&amp;nbsp;&amp;nbsp;&amp;nbsp;&amp;nbsp;&amp;nbsp;&amp;nbsp;&amp;nbsp;&amp;nbsp;&amp;nbsp;&amp;nbsp;&lt;/span&gt;&lt;span style="color: var(--highlight-default)"&gt;$test&lt;/span&gt;&lt;span style="color: var(--highlight-keyword)"&gt;-&amp;gt;&lt;/span&gt;&lt;span style="color: var(--highlight-default)"&gt;setRunTestInSeparateProcess&lt;/span&gt;&lt;span style="color: var(--highlight-keyword)"&gt;(&lt;/span&gt;&lt;span style="color: var(--highlight-default)"&gt;$this&lt;/span&gt;&lt;span style="color: var(--highlight-keyword)"&gt;-&amp;gt;&lt;/span&gt;&lt;span style="color: var(--highlight-default)"&gt;runTestInSeparateProcess&lt;/span&gt;&lt;span style="color: var(--highlight-keyword)"&gt;);&lt;/span&gt;&lt;/code&gt;&lt;/li&gt;
&lt;li&gt;&lt;code&gt;&lt;span style="color: var(--highlight-keyword)"&gt;&amp;nbsp;&amp;nbsp;&amp;nbsp;&amp;nbsp;&amp;nbsp;&amp;nbsp;&amp;nbsp;&amp;nbsp;&amp;nbsp;&amp;nbsp;&amp;nbsp;&amp;nbsp;}&lt;/span&gt;&lt;/code&gt;&lt;/li&gt;
&lt;li&gt;&lt;code&gt;&lt;span style="color: var(--highlight-keyword)"&gt;&lt;/span&gt;&lt;/code&gt;&lt;/li&gt;
&lt;li class="selected"&gt;&lt;code&gt;&lt;span style="color: var(--highlight-keyword)"&gt;&amp;nbsp;&amp;nbsp;&amp;nbsp;&amp;nbsp;&amp;nbsp;&amp;nbsp;&amp;nbsp;&amp;nbsp;&amp;nbsp;&amp;nbsp;&amp;nbsp;&amp;nbsp;&lt;/span&gt;&lt;span style="color: var(--highlight-default)"&gt;$test&lt;/span&gt;&lt;span style="color: var(--highlight-keyword)"&gt;-&amp;gt;&lt;/span&gt;&lt;span style="color: var(--highlight-default)"&gt;run&lt;/span&gt;&lt;span style="color: var(--highlight-keyword)"&gt;(&lt;/span&gt;&lt;span style="color: var(--highlight-default)"&gt;$result&lt;/span&gt;&lt;span style="color: var(--highlight-keyword)"&gt;);&lt;/span&gt;&lt;/code&gt;&lt;/li&gt;
&lt;li&gt;&lt;code&gt;&lt;span style="color: var(--highlight-keyword)"&gt;&amp;nbsp;&amp;nbsp;&amp;nbsp;&amp;nbsp;&amp;nbsp;&amp;nbsp;&amp;nbsp;&amp;nbsp;}&lt;/span&gt;&lt;/code&gt;&lt;/li&gt;
&lt;li&gt;&lt;code&gt;&lt;span style="color: var(--highlight-keyword)"&gt;&lt;/span&gt;&lt;/code&gt;&lt;/li&gt;
&lt;li&gt;&lt;code&gt;&lt;span style="color: var(--highlight-keyword)"&gt;&amp;nbsp;&amp;nbsp;&amp;nbsp;&amp;nbsp;&amp;nbsp;&amp;nbsp;&amp;nbsp;&amp;nbsp;if&amp;nbsp;(&lt;/span&gt;&lt;span style="color: var(--highlight-default)"&gt;$this&lt;/span&gt;&lt;span style="color: var(--highlight-keyword)"&gt;-&amp;gt;&lt;/span&gt;&lt;span style="color: var(--highlight-default)"&gt;testCase&amp;nbsp;&lt;/span&gt;&lt;span style="color: var(--highlight-keyword)"&gt;&amp;amp;&amp;amp;&amp;nbsp;&lt;/span&gt;&lt;span style="color: var(--highlight-default)"&gt;class_exists&lt;/span&gt;&lt;span style="color: var(--highlight-keyword)"&gt;(&lt;/span&gt;&lt;span style="color: var(--highlight-default)"&gt;$this&lt;/span&gt;&lt;span style="color: var(--highlight-keyword)"&gt;-&amp;gt;&lt;/span&gt;&lt;span style="color: var(--highlight-default)"&gt;name&lt;/span&gt;&lt;span style="color: var(--highlight-keyword)"&gt;,&amp;nbsp;&lt;/span&gt;&lt;span style="color: var(--highlight-default)"&gt;false&lt;/span&gt;&lt;span style="color: var(--highlight-keyword)"&gt;))&amp;nbsp;{&lt;/span&gt;&lt;/code&gt;&lt;/li&gt;
&lt;li&gt;&lt;code&gt;&lt;span style="color: var(--highlight-keyword)"&gt;&amp;nbsp;&amp;nbsp;&amp;nbsp;&amp;nbsp;&amp;nbsp;&amp;nbsp;&amp;nbsp;&amp;nbsp;&amp;nbsp;&amp;nbsp;&amp;nbsp;&amp;nbsp;foreach&amp;nbsp;(&lt;/span&gt;&lt;span style="color: var(--highlight-default)"&gt;$hookMethods&lt;/span&gt;&lt;span style="color: var(--highlight-keyword)"&gt;[&lt;/span&gt;&lt;span style="color: var(--highlight-string)"&gt;'afterClass'&lt;/span&gt;&lt;span style="color: var(--highlight-keyword)"&gt;]&amp;nbsp;as&amp;nbsp;&lt;/span&gt;&lt;span style="color: var(--highlight-default)"&gt;$afterClassMethod&lt;/span&gt;&lt;span style="color: var(--highlight-keyword)"&gt;)&amp;nbsp;{&lt;/span&gt;&lt;/code&gt;&lt;/li&gt;
&lt;li&gt;&lt;code&gt;&lt;span style="color: var(--highlight-keyword)"&gt;&amp;nbsp;&amp;nbsp;&amp;nbsp;&amp;nbsp;&amp;nbsp;&amp;nbsp;&amp;nbsp;&amp;nbsp;&amp;nbsp;&amp;nbsp;&amp;nbsp;&amp;nbsp;&amp;nbsp;&amp;nbsp;&amp;nbsp;&amp;nbsp;if&amp;nbsp;(&lt;/span&gt;&lt;span style="color: var(--highlight-default)"&gt;method_exists&lt;/span&gt;&lt;span style="color: var(--highlight-keyword)"&gt;(&lt;/span&gt;&lt;span style="color: var(--highlight-default)"&gt;$this&lt;/span&gt;&lt;span style="color: var(--highlight-keyword)"&gt;-&amp;gt;&lt;/span&gt;&lt;span style="color: var(--highlight-default)"&gt;name&lt;/span&gt;&lt;span style="color: var(--highlight-keyword)"&gt;,&amp;nbsp;&lt;/span&gt;&lt;span style="color: var(--highlight-default)"&gt;$afterClassMethod&lt;/span&gt;&lt;span style="color: var(--highlight-keyword)"&gt;))&amp;nbsp;{&lt;/span&gt;&lt;/code&gt;&lt;/li&gt;&lt;/ol&gt;    &lt;/div&gt;            &lt;/div&gt;
                        &lt;div class="trace-line "&gt;
                &lt;div class="trace-line-header break-long-words sf-toggle" data-toggle-selector="#trace-html-2-23" data-toggle-initial=""&gt;
            &lt;span class="icon icon-close"&gt;&lt;svg width="1792" height="1792" viewBox="0 0 1792 1792" xmlns="http://www.w3.org/2000/svg"&gt;&lt;path d="M1408 960V832q0-26-19-45t-45-19H448q-26 0-45 19t-19 45v128q0 26 19 45t45 19h896q26 0 45-19t19-45zm256-544v960q0 119-84.5 203.5T1376 1664H416q-119 0-203.5-84.5T128 1376V416q0-119 84.5-203.5T416 128h960q119 0 203.5 84.5T1664 416z"/&gt;&lt;/svg&gt;&lt;/span&gt;
        &lt;span class="icon icon-open"&gt;&lt;svg width="1792" height="1792" viewBox="0 0 1792 1792" xmlns="http://www.w3.org/2000/svg"&gt;&lt;path d="M1408 960V832q0-26-19-45t-45-19h-320V448q0-26-19-45t-45-19H832q-26 0-45 19t-19 45v320H448q-26 0-45 19t-19 45v128q0 26 19 45t45 19h320v320q0 26 19 45t45 19h128q26 0 45-19t19-45v-320h320q26 0 45-19t19-45zm256-544v960q0 119-84.5 203.5T1376 1664H416q-119 0-203.5-84.5T128 1376V416q0-119 84.5-203.5T416 128h960q119 0 203.5 84.5T1664 416z"/&gt;&lt;/svg&gt;&lt;/span&gt;
    
            &lt;span class="trace-class"&gt;&lt;abbr title="PHPUnit\Framework\TestSuite"&gt;TestSuite&lt;/abbr&gt;&lt;/span&gt;&lt;span class="trace-type"&gt;-&gt;&lt;/span&gt;&lt;span class="trace-method"&gt;run&lt;/span&gt;&lt;span class="trace-arguments"&gt;()&lt;/span&gt;    
                    &lt;span class="block trace-file-path"&gt;
            in
            &lt;a href=""&gt;
                C:\Users\eman\Documents\GitHub\car_dealer\vendor\phpunit\phpunit\src\TextUI\&lt;strong&gt;TestRunner.php&lt;/strong&gt;
            &lt;/a&gt;
                        (line 670)
            &lt;span class="icon icon-copy hidden" data-clipboard-text="C:\Users\eman\Documents\GitHub\car_dealer\vendor\phpunit\phpunit\src\TextUI\TestRunner.php:670"&gt;
                &lt;svg xmlns="http://www.w3.org/2000/svg" height="24" viewBox="0 0 24 24" width="24"&gt;&lt;path d="M0 0h24v24H0z" fill="none"/&gt;&lt;path d="M16 1H4c-1.1 0-2 .9-2 2v14h2V3h12V1zm3 4H8c-1.1 0-2 .9-2 2v14c0 1.1.9 2 2 2h11c1.1 0 2-.9 2-2V7c0-1.1-.9-2-2-2zm0 16H8V7h11v14z"/&gt;&lt;/svg&gt;            &lt;/span&gt;
        &lt;/span&gt;
    &lt;/div&gt;
    &lt;div id="trace-html-2-23" class="trace-code sf-toggle-content"&gt;
        &lt;ol start="665"&gt;&lt;li&gt;&lt;code&gt;&lt;span style="color: var(--highlight-keyword)"&gt;&lt;/span&gt;&lt;/code&gt;&lt;/li&gt;
&lt;li&gt;&lt;code&gt;&lt;span style="color: var(--highlight-keyword)"&gt;&amp;nbsp;&amp;nbsp;&amp;nbsp;&amp;nbsp;&amp;nbsp;&amp;nbsp;&amp;nbsp;&amp;nbsp;if&amp;nbsp;(&lt;/span&gt;&lt;span style="color: var(--highlight-default)"&gt;$testSuiteWarningsPrinted&lt;/span&gt;&lt;span style="color: var(--highlight-keyword)"&gt;)&amp;nbsp;{&lt;/span&gt;&lt;/code&gt;&lt;/li&gt;
&lt;li&gt;&lt;code&gt;&lt;span style="color: var(--highlight-keyword)"&gt;&amp;nbsp;&amp;nbsp;&amp;nbsp;&amp;nbsp;&amp;nbsp;&amp;nbsp;&amp;nbsp;&amp;nbsp;&amp;nbsp;&amp;nbsp;&amp;nbsp;&amp;nbsp;&lt;/span&gt;&lt;span style="color: var(--highlight-default)"&gt;$this&lt;/span&gt;&lt;span style="color: var(--highlight-keyword)"&gt;-&amp;gt;&lt;/span&gt;&lt;span style="color: var(--highlight-default)"&gt;write&lt;/span&gt;&lt;span style="color: var(--highlight-keyword)"&gt;(&lt;/span&gt;&lt;span style="color: var(--highlight-default)"&gt;PHP_EOL&lt;/span&gt;&lt;span style="color: var(--highlight-keyword)"&gt;);&lt;/span&gt;&lt;/code&gt;&lt;/li&gt;
&lt;li&gt;&lt;code&gt;&lt;span style="color: var(--highlight-keyword)"&gt;&amp;nbsp;&amp;nbsp;&amp;nbsp;&amp;nbsp;&amp;nbsp;&amp;nbsp;&amp;nbsp;&amp;nbsp;}&lt;/span&gt;&lt;/code&gt;&lt;/li&gt;
&lt;li&gt;&lt;code&gt;&lt;span style="color: var(--highlight-keyword)"&gt;&lt;/span&gt;&lt;/code&gt;&lt;/li&gt;
&lt;li class="selected"&gt;&lt;code&gt;&lt;span style="color: var(--highlight-keyword)"&gt;&amp;nbsp;&amp;nbsp;&amp;nbsp;&amp;nbsp;&amp;nbsp;&amp;nbsp;&amp;nbsp;&amp;nbsp;&lt;/span&gt;&lt;span style="color: var(--highlight-default)"&gt;$suite&lt;/span&gt;&lt;span style="color: var(--highlight-keyword)"&gt;-&amp;gt;&lt;/span&gt;&lt;span style="color: var(--highlight-default)"&gt;run&lt;/span&gt;&lt;span style="color: var(--highlight-keyword)"&gt;(&lt;/span&gt;&lt;span style="color: var(--highlight-default)"&gt;$result&lt;/span&gt;&lt;span style="color: var(--highlight-keyword)"&gt;);&lt;/span&gt;&lt;/code&gt;&lt;/li&gt;
&lt;li&gt;&lt;code&gt;&lt;span style="color: var(--highlight-keyword)"&gt;&lt;/span&gt;&lt;/code&gt;&lt;/li&gt;
&lt;li&gt;&lt;code&gt;&lt;span style="color: var(--highlight-keyword)"&gt;&amp;nbsp;&amp;nbsp;&amp;nbsp;&amp;nbsp;&amp;nbsp;&amp;nbsp;&amp;nbsp;&amp;nbsp;foreach&amp;nbsp;(&lt;/span&gt;&lt;span style="color: var(--highlight-default)"&gt;$this&lt;/span&gt;&lt;span style="color: var(--highlight-keyword)"&gt;-&amp;gt;&lt;/span&gt;&lt;span style="color: var(--highlight-default)"&gt;extensions&amp;nbsp;&lt;/span&gt;&lt;span style="color: var(--highlight-keyword)"&gt;as&amp;nbsp;&lt;/span&gt;&lt;span style="color: var(--highlight-default)"&gt;$extension&lt;/span&gt;&lt;span style="color: var(--highlight-keyword)"&gt;)&amp;nbsp;{&lt;/span&gt;&lt;/code&gt;&lt;/li&gt;
&lt;li&gt;&lt;code&gt;&lt;span style="color: var(--highlight-keyword)"&gt;&amp;nbsp;&amp;nbsp;&amp;nbsp;&amp;nbsp;&amp;nbsp;&amp;nbsp;&amp;nbsp;&amp;nbsp;&amp;nbsp;&amp;nbsp;&amp;nbsp;&amp;nbsp;if&amp;nbsp;(&lt;/span&gt;&lt;span style="color: var(--highlight-default)"&gt;$extension&amp;nbsp;&lt;/span&gt;&lt;span style="color: var(--highlight-keyword)"&gt;instanceof&amp;nbsp;&lt;/span&gt;&lt;span style="color: var(--highlight-default)"&gt;AfterLastTestHook&lt;/span&gt;&lt;span style="color: var(--highlight-keyword)"&gt;)&amp;nbsp;{&lt;/span&gt;&lt;/code&gt;&lt;/li&gt;
&lt;li&gt;&lt;code&gt;&lt;span style="color: var(--highlight-keyword)"&gt;&amp;nbsp;&amp;nbsp;&amp;nbsp;&amp;nbsp;&amp;nbsp;&amp;nbsp;&amp;nbsp;&amp;nbsp;&amp;nbsp;&amp;nbsp;&amp;nbsp;&amp;nbsp;&amp;nbsp;&amp;nbsp;&amp;nbsp;&amp;nbsp;&lt;/span&gt;&lt;span style="color: var(--highlight-default)"&gt;$extension&lt;/span&gt;&lt;span style="color: var(--highlight-keyword)"&gt;-&amp;gt;&lt;/span&gt;&lt;span style="color: var(--highlight-default)"&gt;executeAfterLastTest&lt;/span&gt;&lt;span style="color: var(--highlight-keyword)"&gt;();&lt;/span&gt;&lt;/code&gt;&lt;/li&gt;
&lt;li&gt;&lt;code&gt;&lt;span style="color: var(--highlight-keyword)"&gt;&amp;nbsp;&amp;nbsp;&amp;nbsp;&amp;nbsp;&amp;nbsp;&amp;nbsp;&amp;nbsp;&amp;nbsp;&amp;nbsp;&amp;nbsp;&amp;nbsp;&amp;nbsp;}&lt;/span&gt;&lt;/code&gt;&lt;/li&gt;&lt;/ol&gt;    &lt;/div&gt;            &lt;/div&gt;
                        &lt;div class="trace-line "&gt;
                &lt;div class="trace-line-header break-long-words sf-toggle" data-toggle-selector="#trace-html-2-24" data-toggle-initial=""&gt;
            &lt;span class="icon icon-close"&gt;&lt;svg width="1792" height="1792" viewBox="0 0 1792 1792" xmlns="http://www.w3.org/2000/svg"&gt;&lt;path d="M1408 960V832q0-26-19-45t-45-19H448q-26 0-45 19t-19 45v128q0 26 19 45t45 19h896q26 0 45-19t19-45zm256-544v960q0 119-84.5 203.5T1376 1664H416q-119 0-203.5-84.5T128 1376V416q0-119 84.5-203.5T416 128h960q119 0 203.5 84.5T1664 416z"/&gt;&lt;/svg&gt;&lt;/span&gt;
        &lt;span class="icon icon-open"&gt;&lt;svg width="1792" height="1792" viewBox="0 0 1792 1792" xmlns="http://www.w3.org/2000/svg"&gt;&lt;path d="M1408 960V832q0-26-19-45t-45-19h-320V448q0-26-19-45t-45-19H832q-26 0-45 19t-19 45v320H448q-26 0-45 19t-19 45v128q0 26 19 45t45 19h320v320q0 26 19 45t45 19h128q26 0 45-19t19-45v-320h320q26 0 45-19t19-45zm256-544v960q0 119-84.5 203.5T1376 1664H416q-119 0-203.5-84.5T128 1376V416q0-119 84.5-203.5T416 128h960q119 0 203.5 84.5T1664 416z"/&gt;&lt;/svg&gt;&lt;/span&gt;
    
            &lt;span class="trace-class"&gt;&lt;abbr title="PHPUnit\TextUI\TestRunner"&gt;TestRunner&lt;/abbr&gt;&lt;/span&gt;&lt;span class="trace-type"&gt;-&gt;&lt;/span&gt;&lt;span class="trace-method"&gt;run&lt;/span&gt;&lt;span class="trace-arguments"&gt;()&lt;/span&gt;    
                    &lt;span class="block trace-file-path"&gt;
            in
            &lt;a href=""&gt;
                C:\Users\eman\Documents\GitHub\car_dealer\vendor\phpunit\phpunit\src\TextUI\&lt;strong&gt;Command.php&lt;/strong&gt;
            &lt;/a&gt;
                        (line 143)
            &lt;span class="icon icon-copy hidden" data-clipboard-text="C:\Users\eman\Documents\GitHub\car_dealer\vendor\phpunit\phpunit\src\TextUI\Command.php:143"&gt;
                &lt;svg xmlns="http://www.w3.org/2000/svg" height="24" viewBox="0 0 24 24" width="24"&gt;&lt;path d="M0 0h24v24H0z" fill="none"/&gt;&lt;path d="M16 1H4c-1.1 0-2 .9-2 2v14h2V3h12V1zm3 4H8c-1.1 0-2 .9-2 2v14c0 1.1.9 2 2 2h11c1.1 0 2-.9 2-2V7c0-1.1-.9-2-2-2zm0 16H8V7h11v14z"/&gt;&lt;/svg&gt;            &lt;/span&gt;
        &lt;/span&gt;
    &lt;/div&gt;
    &lt;div id="trace-html-2-24" class="trace-code sf-toggle-content"&gt;
        &lt;ol start="138"&gt;&lt;li&gt;&lt;code&gt;&lt;span style="color: var(--highlight-keyword)"&gt;&amp;nbsp;&amp;nbsp;&amp;nbsp;&amp;nbsp;&amp;nbsp;&amp;nbsp;&amp;nbsp;&amp;nbsp;}&lt;/span&gt;&lt;/code&gt;&lt;/li&gt;
&lt;li&gt;&lt;code&gt;&lt;span style="color: var(--highlight-keyword)"&gt;&lt;/span&gt;&lt;/code&gt;&lt;/li&gt;
&lt;li&gt;&lt;code&gt;&lt;span style="color: var(--highlight-keyword)"&gt;&amp;nbsp;&amp;nbsp;&amp;nbsp;&amp;nbsp;&amp;nbsp;&amp;nbsp;&amp;nbsp;&amp;nbsp;unset(&lt;/span&gt;&lt;span style="color: var(--highlight-default)"&gt;$this&lt;/span&gt;&lt;span style="color: var(--highlight-keyword)"&gt;-&amp;gt;&lt;/span&gt;&lt;span style="color: var(--highlight-default)"&gt;arguments&lt;/span&gt;&lt;span style="color: var(--highlight-keyword)"&gt;[&lt;/span&gt;&lt;span style="color: var(--highlight-string)"&gt;'test'&lt;/span&gt;&lt;span style="color: var(--highlight-keyword)"&gt;],&amp;nbsp;&lt;/span&gt;&lt;span style="color: var(--highlight-default)"&gt;$this&lt;/span&gt;&lt;span style="color: var(--highlight-keyword)"&gt;-&amp;gt;&lt;/span&gt;&lt;span style="color: var(--highlight-default)"&gt;arguments&lt;/span&gt;&lt;span style="color: var(--highlight-keyword)"&gt;[&lt;/span&gt;&lt;span style="color: var(--highlight-string)"&gt;'testFile'&lt;/span&gt;&lt;span style="color: var(--highlight-keyword)"&gt;]);&lt;/span&gt;&lt;/code&gt;&lt;/li&gt;
&lt;li&gt;&lt;code&gt;&lt;span style="color: var(--highlight-keyword)"&gt;&lt;/span&gt;&lt;/code&gt;&lt;/li&gt;
&lt;li&gt;&lt;code&gt;&lt;span style="color: var(--highlight-keyword)"&gt;&amp;nbsp;&amp;nbsp;&amp;nbsp;&amp;nbsp;&amp;nbsp;&amp;nbsp;&amp;nbsp;&amp;nbsp;try&amp;nbsp;{&lt;/span&gt;&lt;/code&gt;&lt;/li&gt;
&lt;li class="selected"&gt;&lt;code&gt;&lt;span style="color: var(--highlight-keyword)"&gt;&amp;nbsp;&amp;nbsp;&amp;nbsp;&amp;nbsp;&amp;nbsp;&amp;nbsp;&amp;nbsp;&amp;nbsp;&amp;nbsp;&amp;nbsp;&amp;nbsp;&amp;nbsp;&lt;/span&gt;&lt;span style="color: var(--highlight-default)"&gt;$result&amp;nbsp;&lt;/span&gt;&lt;span style="color: var(--highlight-keyword)"&gt;=&amp;nbsp;&lt;/span&gt;&lt;span style="color: var(--highlight-default)"&gt;$runner&lt;/span&gt;&lt;span style="color: var(--highlight-keyword)"&gt;-&amp;gt;&lt;/span&gt;&lt;span style="color: var(--highlight-default)"&gt;run&lt;/span&gt;&lt;span style="color: var(--highlight-keyword)"&gt;(&lt;/span&gt;&lt;span style="color: var(--highlight-default)"&gt;$suite&lt;/span&gt;&lt;span style="color: var(--highlight-keyword)"&gt;,&amp;nbsp;&lt;/span&gt;&lt;span style="color: var(--highlight-default)"&gt;$this&lt;/span&gt;&lt;span style="color: var(--highlight-keyword)"&gt;-&amp;gt;&lt;/span&gt;&lt;span style="color: var(--highlight-default)"&gt;arguments&lt;/span&gt;&lt;span style="color: var(--highlight-keyword)"&gt;,&amp;nbsp;&lt;/span&gt;&lt;span style="color: var(--highlight-default)"&gt;$this&lt;/span&gt;&lt;span style="color: var(--highlight-keyword)"&gt;-&amp;gt;&lt;/span&gt;&lt;span style="color: var(--highlight-default)"&gt;warnings&lt;/span&gt;&lt;span style="color: var(--highlight-keyword)"&gt;,&amp;nbsp;&lt;/span&gt;&lt;span style="color: var(--highlight-default)"&gt;$exit&lt;/span&gt;&lt;span style="color: var(--highlight-keyword)"&gt;);&lt;/span&gt;&lt;/code&gt;&lt;/li&gt;
&lt;li&gt;&lt;code&gt;&lt;span style="color: var(--highlight-keyword)"&gt;&amp;nbsp;&amp;nbsp;&amp;nbsp;&amp;nbsp;&amp;nbsp;&amp;nbsp;&amp;nbsp;&amp;nbsp;}&amp;nbsp;catch&amp;nbsp;(&lt;/span&gt;&lt;span style="color: var(--highlight-default)"&gt;Throwable&amp;nbsp;$t&lt;/span&gt;&lt;span style="color: var(--highlight-keyword)"&gt;)&amp;nbsp;{&lt;/span&gt;&lt;/code&gt;&lt;/li&gt;
&lt;li&gt;&lt;code&gt;&lt;span style="color: var(--highlight-keyword)"&gt;&amp;nbsp;&amp;nbsp;&amp;nbsp;&amp;nbsp;&amp;nbsp;&amp;nbsp;&amp;nbsp;&amp;nbsp;&amp;nbsp;&amp;nbsp;&amp;nbsp;&amp;nbsp;print&amp;nbsp;&lt;/span&gt;&lt;span style="color: var(--highlight-default)"&gt;$t&lt;/span&gt;&lt;span style="color: var(--highlight-keyword)"&gt;-&amp;gt;&lt;/span&gt;&lt;span style="color: var(--highlight-default)"&gt;getMessage&lt;/span&gt;&lt;span style="color: var(--highlight-keyword)"&gt;()&amp;nbsp;.&amp;nbsp;&lt;/span&gt;&lt;span style="color: var(--highlight-default)"&gt;PHP_EOL&lt;/span&gt;&lt;span style="color: var(--highlight-keyword)"&gt;;&lt;/span&gt;&lt;/code&gt;&lt;/li&gt;
&lt;li&gt;&lt;code&gt;&lt;span style="color: var(--highlight-keyword)"&gt;&amp;nbsp;&amp;nbsp;&amp;nbsp;&amp;nbsp;&amp;nbsp;&amp;nbsp;&amp;nbsp;&amp;nbsp;}&lt;/span&gt;&lt;/code&gt;&lt;/li&gt;
&lt;li&gt;&lt;code&gt;&lt;span style="color: var(--highlight-keyword)"&gt;&lt;/span&gt;&lt;/code&gt;&lt;/li&gt;
&lt;li&gt;&lt;code&gt;&lt;span style="color: var(--highlight-keyword)"&gt;&amp;nbsp;&amp;nbsp;&amp;nbsp;&amp;nbsp;&amp;nbsp;&amp;nbsp;&amp;nbsp;&amp;nbsp;&lt;/span&gt;&lt;span style="color: var(--highlight-default)"&gt;$return&amp;nbsp;&lt;/span&gt;&lt;span style="color: var(--highlight-keyword)"&gt;=&amp;nbsp;&lt;/span&gt;&lt;span style="color: var(--highlight-default)"&gt;TestRunner&lt;/span&gt;&lt;span style="color: var(--highlight-keyword)"&gt;::&lt;/span&gt;&lt;span style="color: var(--highlight-default)"&gt;FAILURE_EXIT&lt;/span&gt;&lt;span style="color: var(--highlight-keyword)"&gt;;&lt;/span&gt;&lt;/code&gt;&lt;/li&gt;&lt;/ol&gt;    &lt;/div&gt;            &lt;/div&gt;
                        &lt;div class="trace-line "&gt;
                &lt;div class="trace-line-header break-long-words sf-toggle" data-toggle-selector="#trace-html-2-25" data-toggle-initial=""&gt;
            &lt;span class="icon icon-close"&gt;&lt;svg width="1792" height="1792" viewBox="0 0 1792 1792" xmlns="http://www.w3.org/2000/svg"&gt;&lt;path d="M1408 960V832q0-26-19-45t-45-19H448q-26 0-45 19t-19 45v128q0 26 19 45t45 19h896q26 0 45-19t19-45zm256-544v960q0 119-84.5 203.5T1376 1664H416q-119 0-203.5-84.5T128 1376V416q0-119 84.5-203.5T416 128h960q119 0 203.5 84.5T1664 416z"/&gt;&lt;/svg&gt;&lt;/span&gt;
        &lt;span class="icon icon-open"&gt;&lt;svg width="1792" height="1792" viewBox="0 0 1792 1792" xmlns="http://www.w3.org/2000/svg"&gt;&lt;path d="M1408 960V832q0-26-19-45t-45-19h-320V448q0-26-19-45t-45-19H832q-26 0-45 19t-19 45v320H448q-26 0-45 19t-19 45v128q0 26 19 45t45 19h320v320q0 26 19 45t45 19h128q26 0 45-19t19-45v-320h320q26 0 45-19t19-45zm256-544v960q0 119-84.5 203.5T1376 1664H416q-119 0-203.5-84.5T128 1376V416q0-119 84.5-203.5T416 128h960q119 0 203.5 84.5T1664 416z"/&gt;&lt;/svg&gt;&lt;/span&gt;
    
            &lt;span class="trace-class"&gt;&lt;abbr title="PHPUnit\TextUI\Command"&gt;Command&lt;/abbr&gt;&lt;/span&gt;&lt;span class="trace-type"&gt;-&gt;&lt;/span&gt;&lt;span class="trace-method"&gt;run&lt;/span&gt;&lt;span class="trace-arguments"&gt;()&lt;/span&gt;    
                    &lt;span class="block trace-file-path"&gt;
            in
            &lt;a href=""&gt;
                C:\Users\eman\Documents\GitHub\car_dealer\vendor\phpunit\phpunit\src\TextUI\&lt;strong&gt;Command.php&lt;/strong&gt;
            &lt;/a&gt;
                        (line 96)
            &lt;span class="icon icon-copy hidden" data-clipboard-text="C:\Users\eman\Documents\GitHub\car_dealer\vendor\phpunit\phpunit\src\TextUI\Command.php:96"&gt;
                &lt;svg xmlns="http://www.w3.org/2000/svg" height="24" viewBox="0 0 24 24" width="24"&gt;&lt;path d="M0 0h24v24H0z" fill="none"/&gt;&lt;path d="M16 1H4c-1.1 0-2 .9-2 2v14h2V3h12V1zm3 4H8c-1.1 0-2 .9-2 2v14c0 1.1.9 2 2 2h11c1.1 0 2-.9 2-2V7c0-1.1-.9-2-2-2zm0 16H8V7h11v14z"/&gt;&lt;/svg&gt;            &lt;/span&gt;
        &lt;/span&gt;
    &lt;/div&gt;
    &lt;div id="trace-html-2-25" class="trace-code sf-toggle-content"&gt;
        &lt;ol start="91"&gt;&lt;li&gt;&lt;code&gt;&lt;span style="color: var(--highlight-comment)"&gt;&amp;nbsp;&amp;nbsp;&amp;nbsp;&amp;nbsp;&amp;nbsp;*&amp;nbsp;@throws&amp;nbsp;Exception&lt;/span&gt;&lt;/code&gt;&lt;/li&gt;
&lt;li&gt;&lt;code&gt;&lt;span style="color: var(--highlight-comment)"&gt;&amp;nbsp;&amp;nbsp;&amp;nbsp;&amp;nbsp;&amp;nbsp;*/&lt;/span&gt;&lt;/code&gt;&lt;/li&gt;
&lt;li&gt;&lt;code&gt;&lt;span style="color: var(--highlight-comment)"&gt;&amp;nbsp;&amp;nbsp;&amp;nbsp;&amp;nbsp;&lt;/span&gt;&lt;span style="color: var(--highlight-keyword)"&gt;public&amp;nbsp;static&amp;nbsp;function&amp;nbsp;&lt;/span&gt;&lt;span style="color: var(--highlight-default)"&gt;main&lt;/span&gt;&lt;span style="color: var(--highlight-keyword)"&gt;(&lt;/span&gt;&lt;span style="color: var(--highlight-default)"&gt;bool&amp;nbsp;$exit&amp;nbsp;&lt;/span&gt;&lt;span style="color: var(--highlight-keyword)"&gt;=&amp;nbsp;&lt;/span&gt;&lt;span style="color: var(--highlight-default)"&gt;true&lt;/span&gt;&lt;span style="color: var(--highlight-keyword)"&gt;):&amp;nbsp;&lt;/span&gt;&lt;span style="color: var(--highlight-default)"&gt;int&lt;/span&gt;&lt;/code&gt;&lt;/li&gt;
&lt;li&gt;&lt;code&gt;&lt;span style="color: var(--highlight-default)"&gt;&amp;nbsp;&amp;nbsp;&amp;nbsp;&amp;nbsp;&lt;/span&gt;&lt;span style="color: var(--highlight-keyword)"&gt;{&lt;/span&gt;&lt;/code&gt;&lt;/li&gt;
&lt;li&gt;&lt;code&gt;&lt;span style="color: var(--highlight-keyword)"&gt;&amp;nbsp;&amp;nbsp;&amp;nbsp;&amp;nbsp;&amp;nbsp;&amp;nbsp;&amp;nbsp;&amp;nbsp;try&amp;nbsp;{&lt;/span&gt;&lt;/code&gt;&lt;/li&gt;
&lt;li class="selected"&gt;&lt;code&gt;&lt;span style="color: var(--highlight-keyword)"&gt;&amp;nbsp;&amp;nbsp;&amp;nbsp;&amp;nbsp;&amp;nbsp;&amp;nbsp;&amp;nbsp;&amp;nbsp;&amp;nbsp;&amp;nbsp;&amp;nbsp;&amp;nbsp;return&amp;nbsp;(new&amp;nbsp;static)-&amp;gt;&lt;/span&gt;&lt;span style="color: var(--highlight-default)"&gt;run&lt;/span&gt;&lt;span style="color: var(--highlight-keyword)"&gt;(&lt;/span&gt;&lt;span style="color: var(--highlight-default)"&gt;$_SERVER&lt;/span&gt;&lt;span style="color: var(--highlight-keyword)"&gt;[&lt;/span&gt;&lt;span style="color: var(--highlight-string)"&gt;'argv'&lt;/span&gt;&lt;span style="color: var(--highlight-keyword)"&gt;],&amp;nbsp;&lt;/span&gt;&lt;span style="color: var(--highlight-default)"&gt;$exit&lt;/span&gt;&lt;span style="color: var(--highlight-keyword)"&gt;);&lt;/span&gt;&lt;/code&gt;&lt;/li&gt;
&lt;li&gt;&lt;code&gt;&lt;span style="color: var(--highlight-keyword)"&gt;&amp;nbsp;&amp;nbsp;&amp;nbsp;&amp;nbsp;&amp;nbsp;&amp;nbsp;&amp;nbsp;&amp;nbsp;}&amp;nbsp;catch&amp;nbsp;(&lt;/span&gt;&lt;span style="color: var(--highlight-default)"&gt;Throwable&amp;nbsp;$t&lt;/span&gt;&lt;span style="color: var(--highlight-keyword)"&gt;)&amp;nbsp;{&lt;/span&gt;&lt;/code&gt;&lt;/li&gt;
&lt;li&gt;&lt;code&gt;&lt;span style="color: var(--highlight-keyword)"&gt;&amp;nbsp;&amp;nbsp;&amp;nbsp;&amp;nbsp;&amp;nbsp;&amp;nbsp;&amp;nbsp;&amp;nbsp;&amp;nbsp;&amp;nbsp;&amp;nbsp;&amp;nbsp;throw&amp;nbsp;new&amp;nbsp;&lt;/span&gt;&lt;span style="color: var(--highlight-default)"&gt;RuntimeException&lt;/span&gt;&lt;span style="color: var(--highlight-keyword)"&gt;(&lt;/span&gt;&lt;/code&gt;&lt;/li&gt;
&lt;li&gt;&lt;code&gt;&lt;span style="color: var(--highlight-keyword)"&gt;&amp;nbsp;&amp;nbsp;&amp;nbsp;&amp;nbsp;&amp;nbsp;&amp;nbsp;&amp;nbsp;&amp;nbsp;&amp;nbsp;&amp;nbsp;&amp;nbsp;&amp;nbsp;&amp;nbsp;&amp;nbsp;&amp;nbsp;&amp;nbsp;&lt;/span&gt;&lt;span style="color: var(--highlight-default)"&gt;$t&lt;/span&gt;&lt;span style="color: var(--highlight-keyword)"&gt;-&amp;gt;&lt;/span&gt;&lt;span style="color: var(--highlight-default)"&gt;getMessage&lt;/span&gt;&lt;span style="color: var(--highlight-keyword)"&gt;(),&lt;/span&gt;&lt;/code&gt;&lt;/li&gt;
&lt;li&gt;&lt;code&gt;&lt;span style="color: var(--highlight-keyword)"&gt;&amp;nbsp;&amp;nbsp;&amp;nbsp;&amp;nbsp;&amp;nbsp;&amp;nbsp;&amp;nbsp;&amp;nbsp;&amp;nbsp;&amp;nbsp;&amp;nbsp;&amp;nbsp;&amp;nbsp;&amp;nbsp;&amp;nbsp;&amp;nbsp;(int)&amp;nbsp;&lt;/span&gt;&lt;span style="color: var(--highlight-default)"&gt;$t&lt;/span&gt;&lt;span style="color: var(--highlight-keyword)"&gt;-&amp;gt;&lt;/span&gt;&lt;span style="color: var(--highlight-default)"&gt;getCode&lt;/span&gt;&lt;span style="color: var(--highlight-keyword)"&gt;(),&lt;/span&gt;&lt;/code&gt;&lt;/li&gt;
&lt;li&gt;&lt;code&gt;&lt;span style="color: var(--highlight-keyword)"&gt;&amp;nbsp;&amp;nbsp;&amp;nbsp;&amp;nbsp;&amp;nbsp;&amp;nbsp;&amp;nbsp;&amp;nbsp;&amp;nbsp;&amp;nbsp;&amp;nbsp;&amp;nbsp;&amp;nbsp;&amp;nbsp;&amp;nbsp;&amp;nbsp;&lt;/span&gt;&lt;span style="color: var(--highlight-default)"&gt;$t&lt;/span&gt;&lt;/code&gt;&lt;/li&gt;&lt;/ol&gt;    &lt;/div&gt;            &lt;/div&gt;
                        &lt;div class="trace-line "&gt;
                &lt;div class="trace-line-header break-long-words sf-toggle" data-toggle-selector="#trace-html-2-26" data-toggle-initial=""&gt;
            &lt;span class="icon icon-close"&gt;&lt;svg width="1792" height="1792" viewBox="0 0 1792 1792" xmlns="http://www.w3.org/2000/svg"&gt;&lt;path d="M1408 960V832q0-26-19-45t-45-19H448q-26 0-45 19t-19 45v128q0 26 19 45t45 19h896q26 0 45-19t19-45zm256-544v960q0 119-84.5 203.5T1376 1664H416q-119 0-203.5-84.5T128 1376V416q0-119 84.5-203.5T416 128h960q119 0 203.5 84.5T1664 416z"/&gt;&lt;/svg&gt;&lt;/span&gt;
        &lt;span class="icon icon-open"&gt;&lt;svg width="1792" height="1792" viewBox="0 0 1792 1792" xmlns="http://www.w3.org/2000/svg"&gt;&lt;path d="M1408 960V832q0-26-19-45t-45-19h-320V448q0-26-19-45t-45-19H832q-26 0-45 19t-19 45v320H448q-26 0-45 19t-19 45v128q0 26 19 45t45 19h320v320q0 26 19 45t45 19h128q26 0 45-19t19-45v-320h320q26 0 45-19t19-45zm256-544v960q0 119-84.5 203.5T1376 1664H416q-119 0-203.5-84.5T128 1376V416q0-119 84.5-203.5T416 128h960q119 0 203.5 84.5T1664 416z"/&gt;&lt;/svg&gt;&lt;/span&gt;
    
            &lt;span class="trace-class"&gt;&lt;abbr title="PHPUnit\TextUI\Command"&gt;Command&lt;/abbr&gt;&lt;/span&gt;&lt;span class="trace-type"&gt;::&lt;/span&gt;&lt;span class="trace-method"&gt;main&lt;/span&gt;&lt;span class="trace-arguments"&gt;()&lt;/span&gt;    
                    &lt;span class="block trace-file-path"&gt;
            in
            &lt;a href=""&gt;
                C:\Users\eman\Documents\GitHub\car_dealer\bin\&lt;strong&gt;phpunit&lt;/strong&gt;
            &lt;/a&gt;
                        (line 11)
            &lt;span class="icon icon-copy hidden" data-clipboard-text="C:\Users\eman\Documents\GitHub\car_dealer\bin\phpunit:11"&gt;
                &lt;svg xmlns="http://www.w3.org/2000/svg" height="24" viewBox="0 0 24 24" width="24"&gt;&lt;path d="M0 0h24v24H0z" fill="none"/&gt;&lt;path d="M16 1H4c-1.1 0-2 .9-2 2v14h2V3h12V1zm3 4H8c-1.1 0-2 .9-2 2v14c0 1.1.9 2 2 2h11c1.1 0 2-.9 2-2V7c0-1.1-.9-2-2-2zm0 16H8V7h11v14z"/&gt;&lt;/svg&gt;            &lt;/span&gt;
        &lt;/span&gt;
    &lt;/div&gt;
    &lt;div id="trace-html-2-26" class="trace-code sf-toggle-content"&gt;
        &lt;ol start="6"&gt;&lt;li&gt;&lt;code&gt;&lt;span style="color: var(--highlight-keyword)"&gt;&lt;/span&gt;&lt;/code&gt;&lt;/li&gt;
&lt;li&gt;&lt;code&gt;&lt;span style="color: var(--highlight-keyword)"&gt;if&amp;nbsp;(&lt;/span&gt;&lt;span style="color: var(--highlight-default)"&gt;is_file&lt;/span&gt;&lt;span style="color: var(--highlight-keyword)"&gt;(&lt;/span&gt;&lt;span style="color: var(--highlight-default)"&gt;dirname&lt;/span&gt;&lt;span style="color: var(--highlight-keyword)"&gt;(&lt;/span&gt;&lt;span style="color: var(--highlight-default)"&gt;__DIR__&lt;/span&gt;&lt;span style="color: var(--highlight-keyword)"&gt;).&lt;/span&gt;&lt;span style="color: var(--highlight-string)"&gt;'/vendor/phpunit/phpunit/phpunit'&lt;/span&gt;&lt;span style="color: var(--highlight-keyword)"&gt;))&amp;nbsp;{&lt;/span&gt;&lt;/code&gt;&lt;/li&gt;
&lt;li&gt;&lt;code&gt;&lt;span style="color: var(--highlight-keyword)"&gt;&amp;nbsp;&amp;nbsp;&amp;nbsp;&amp;nbsp;&lt;/span&gt;&lt;span style="color: var(--highlight-default)"&gt;define&lt;/span&gt;&lt;span style="color: var(--highlight-keyword)"&gt;(&lt;/span&gt;&lt;span style="color: var(--highlight-string)"&gt;'PHPUNIT_COMPOSER_INSTALL'&lt;/span&gt;&lt;span style="color: var(--highlight-keyword)"&gt;,&amp;nbsp;&lt;/span&gt;&lt;span style="color: var(--highlight-default)"&gt;dirname&lt;/span&gt;&lt;span style="color: var(--highlight-keyword)"&gt;(&lt;/span&gt;&lt;span style="color: var(--highlight-default)"&gt;__DIR__&lt;/span&gt;&lt;span style="color: var(--highlight-keyword)"&gt;).&lt;/span&gt;&lt;span style="color: var(--highlight-string)"&gt;'/vendor/autoload.php'&lt;/span&gt;&lt;span style="color: var(--highlight-keyword)"&gt;);&lt;/span&gt;&lt;/code&gt;&lt;/li&gt;
&lt;li&gt;&lt;code&gt;&lt;span style="color: var(--highlight-keyword)"&gt;&amp;nbsp;&amp;nbsp;&amp;nbsp;&amp;nbsp;require&amp;nbsp;&lt;/span&gt;&lt;span style="color: var(--highlight-default)"&gt;PHPUNIT_COMPOSER_INSTALL&lt;/span&gt;&lt;span style="color: var(--highlight-keyword)"&gt;;&lt;/span&gt;&lt;/code&gt;&lt;/li&gt;
&lt;li&gt;&lt;code&gt;&lt;span style="color: var(--highlight-keyword)"&gt;&amp;nbsp;&amp;nbsp;&amp;nbsp;&amp;nbsp;&lt;/span&gt;&lt;span style="color: var(--highlight-default)"&gt;PHPUnit\TextUI\Command&lt;/span&gt;&lt;span style="color: var(--highlight-keyword)"&gt;::&lt;/span&gt;&lt;span style="color: var(--highlight-default)"&gt;main&lt;/span&gt;&lt;span style="color: var(--highlight-keyword)"&gt;();&lt;/span&gt;&lt;/code&gt;&lt;/li&gt;
&lt;li class="selected"&gt;&lt;code&gt;&lt;span style="color: var(--highlight-keyword)"&gt;}&amp;nbsp;else&amp;nbsp;{&lt;/span&gt;&lt;/code&gt;&lt;/li&gt;
&lt;li&gt;&lt;code&gt;&lt;span style="color: var(--highlight-keyword)"&gt;&amp;nbsp;&amp;nbsp;&amp;nbsp;&amp;nbsp;if&amp;nbsp;(!&lt;/span&gt;&lt;span style="color: var(--highlight-default)"&gt;is_file&lt;/span&gt;&lt;span style="color: var(--highlight-keyword)"&gt;(&lt;/span&gt;&lt;span style="color: var(--highlight-default)"&gt;dirname&lt;/span&gt;&lt;span style="color: var(--highlight-keyword)"&gt;(&lt;/span&gt;&lt;span style="color: var(--highlight-default)"&gt;__DIR__&lt;/span&gt;&lt;span style="color: var(--highlight-keyword)"&gt;).&lt;/span&gt;&lt;span style="color: var(--highlight-string)"&gt;'/vendor/symfony/phpunit-bridge/bin/simple-phpunit.php'&lt;/span&gt;&lt;span style="color: var(--highlight-keyword)"&gt;))&amp;nbsp;{&lt;/span&gt;&lt;/code&gt;&lt;/li&gt;
&lt;li&gt;&lt;code&gt;&lt;span style="color: var(--highlight-keyword)"&gt;&amp;nbsp;&amp;nbsp;&amp;nbsp;&amp;nbsp;&amp;nbsp;&amp;nbsp;&amp;nbsp;&amp;nbsp;echo&amp;nbsp;&lt;/span&gt;&lt;span style="color: var(--highlight-string)"&gt;"Unable&amp;nbsp;to&amp;nbsp;find&amp;nbsp;the&amp;nbsp;`simple-phpunit.php`&amp;nbsp;script&amp;nbsp;in&amp;nbsp;`vendor/symfony/phpunit-bridge/bin/`.\n"&lt;/span&gt;&lt;span style="color: var(--highlight-keyword)"&gt;;&lt;/span&gt;&lt;/code&gt;&lt;/li&gt;
&lt;li&gt;&lt;code&gt;&lt;span style="color: var(--highlight-keyword)"&gt;&amp;nbsp;&amp;nbsp;&amp;nbsp;&amp;nbsp;&amp;nbsp;&amp;nbsp;&amp;nbsp;&amp;nbsp;exit(&lt;/span&gt;&lt;span style="color: var(--highlight-default)"&gt;1&lt;/span&gt;&lt;span style="color: var(--highlight-keyword)"&gt;);&lt;/span&gt;&lt;/code&gt;&lt;/li&gt;
&lt;li&gt;&lt;code&gt;&lt;span style="color: var(--highlight-keyword)"&gt;&amp;nbsp;&amp;nbsp;&amp;nbsp;&amp;nbsp;}&lt;/span&gt;&lt;/code&gt;&lt;/li&gt;
&lt;li&gt;&lt;code&gt;&lt;span style="color: var(--highlight-keyword)"&gt;&lt;/span&gt;&lt;/code&gt;&lt;/li&gt;&lt;/ol&gt;    &lt;/div&gt;            &lt;/div&gt;
                    &lt;/div&gt;
    &lt;/div&gt;
&lt;/div&gt;&lt;div class="trace trace-as-html" id="trace-box-3"&gt;
    &lt;div class="trace-details"&gt;
        &lt;div class="trace-head"&gt;
            &lt;div class="sf-toggle" data-toggle-selector="#trace-html-3" data-toggle-initial=""&gt;
                &lt;span class="icon icon-close"&gt;&lt;svg width="1792" height="1792" viewBox="0 0 1792 1792" xmlns="http://www.w3.org/2000/svg"&gt;&lt;path d="M1344 800v64q0 14-9 23t-23 9H480q-14 0-23-9t-9-23v-64q0-14 9-23t23-9h832q14 0 23 9t9 23zm128 448V416q0-66-47-113t-113-47H480q-66 0-113 47t-47 113v832q0 66 47 113t113 47h832q66 0 113-47t47-113zm128-832v832q0 119-84.5 203.5T1312 1536H480q-119 0-203.5-84.5T192 1248V416q0-119 84.5-203.5T480 128h832q119 0 203.5 84.5T1600 416z"/&gt;&lt;/svg&gt;&lt;/span&gt;
                &lt;span class="icon icon-open"&gt;&lt;svg width="1792" height="1792" viewBox="0 0 1792 1792" xmlns="http://www.w3.org/2000/svg"&gt;&lt;path d="M1344 800v64q0 14-9 23t-23 9H960v352q0 14-9 23t-23 9h-64q-14 0-23-9t-9-23V896H480q-14 0-23-9t-9-23v-64q0-14 9-23t23-9h352V416q0-14 9-23t23-9h64q14 0 23 9t9 23v352h352q14 0 23 9t9 23zm128 448V416q0-66-47-113t-113-47H480q-66 0-113 47t-47 113v832q0 66 47 113t113 47h832q66 0 113-47t47-113zm128-832v832q0 119-84.5 203.5T1312 1536H480q-119 0-203.5-84.5T192 1248V416q0-119 84.5-203.5T480 128h832q119 0 203.5 84.5T1600 416z"/&gt;&lt;/svg&gt;&lt;/span&gt;
                                                    &lt;h3 class="trace-class"&gt;
                                                PDOException                    &lt;/h3&gt;
                                                    &lt;p class="break-long-words trace-message"&gt;SQLSTATE[HY000] [1049] Unknown database 'crud04_test'&lt;/p&gt;
                            &lt;/div&gt;
        &lt;/div&gt;

        &lt;div id="trace-html-3" class="sf-toggle-content"&gt;
                    &lt;div class="trace-line "&gt;
                &lt;div class="trace-line-header break-long-words sf-toggle" data-toggle-selector="#trace-html-3-0" data-toggle-initial="display"&gt;
            &lt;span class="icon icon-close"&gt;&lt;svg width="1792" height="1792" viewBox="0 0 1792 1792" xmlns="http://www.w3.org/2000/svg"&gt;&lt;path d="M1408 960V832q0-26-19-45t-45-19H448q-26 0-45 19t-19 45v128q0 26 19 45t45 19h896q26 0 45-19t19-45zm256-544v960q0 119-84.5 203.5T1376 1664H416q-119 0-203.5-84.5T128 1376V416q0-119 84.5-203.5T416 128h960q119 0 203.5 84.5T1664 416z"/&gt;&lt;/svg&gt;&lt;/span&gt;
        &lt;span class="icon icon-open"&gt;&lt;svg width="1792" height="1792" viewBox="0 0 1792 1792" xmlns="http://www.w3.org/2000/svg"&gt;&lt;path d="M1408 960V832q0-26-19-45t-45-19h-320V448q0-26-19-45t-45-19H832q-26 0-45 19t-19 45v320H448q-26 0-45 19t-19 45v128q0 26 19 45t45 19h320v320q0 26 19 45t45 19h128q26 0 45-19t19-45v-320h320q26 0 45-19t19-45zm256-544v960q0 119-84.5 203.5T1376 1664H416q-119 0-203.5-84.5T128 1376V416q0-119 84.5-203.5T416 128h960q119 0 203.5 84.5T1664 416z"/&gt;&lt;/svg&gt;&lt;/span&gt;
    
    
                    &lt;span class="block trace-file-path"&gt;
            in
            &lt;a href=""&gt;
                C:\Users\eman\Documents\GitHub\car_dealer\vendor\doctrine\dbal\src\Driver\PDO\MySQL\&lt;strong&gt;Driver.php&lt;/strong&gt;
            &lt;/a&gt;
                        (line 28)
            &lt;span class="icon icon-copy hidden" data-clipboard-text="C:\Users\eman\Documents\GitHub\car_dealer\vendor\doctrine\dbal\src\Driver\PDO\MySQL\Driver.php:28"&gt;
                &lt;svg xmlns="http://www.w3.org/2000/svg" height="24" viewBox="0 0 24 24" width="24"&gt;&lt;path d="M0 0h24v24H0z" fill="none"/&gt;&lt;path d="M16 1H4c-1.1 0-2 .9-2 2v14h2V3h12V1zm3 4H8c-1.1 0-2 .9-2 2v14c0 1.1.9 2 2 2h11c1.1 0 2-.9 2-2V7c0-1.1-.9-2-2-2zm0 16H8V7h11v14z"/&gt;&lt;/svg&gt;            &lt;/span&gt;
        &lt;/span&gt;
    &lt;/div&gt;
    &lt;div id="trace-html-3-0" class="trace-code sf-toggle-content"&gt;
        &lt;ol start="23"&gt;&lt;li&gt;&lt;code&gt;&lt;span style="color: var(--highlight-keyword)"&gt;&amp;nbsp;&amp;nbsp;&amp;nbsp;&amp;nbsp;&amp;nbsp;&amp;nbsp;&amp;nbsp;&amp;nbsp;&amp;nbsp;&amp;nbsp;&amp;nbsp;&amp;nbsp;&lt;/span&gt;&lt;span style="color: var(--highlight-default)"&gt;$driverOptions&lt;/span&gt;&lt;span style="color: var(--highlight-keyword)"&gt;[&lt;/span&gt;&lt;span style="color: var(--highlight-default)"&gt;PDO&lt;/span&gt;&lt;span style="color: var(--highlight-keyword)"&gt;::&lt;/span&gt;&lt;span style="color: var(--highlight-default)"&gt;ATTR_PERSISTENT&lt;/span&gt;&lt;span style="color: var(--highlight-keyword)"&gt;]&amp;nbsp;=&amp;nbsp;&lt;/span&gt;&lt;span style="color: var(--highlight-default)"&gt;true&lt;/span&gt;&lt;span style="color: var(--highlight-keyword)"&gt;;&lt;/span&gt;&lt;/code&gt;&lt;/li&gt;
&lt;li&gt;&lt;code&gt;&lt;span style="color: var(--highlight-keyword)"&gt;&amp;nbsp;&amp;nbsp;&amp;nbsp;&amp;nbsp;&amp;nbsp;&amp;nbsp;&amp;nbsp;&amp;nbsp;}&lt;/span&gt;&lt;/code&gt;&lt;/li&gt;
&lt;li&gt;&lt;code&gt;&lt;span style="color: var(--highlight-keyword)"&gt;&lt;/span&gt;&lt;/code&gt;&lt;/li&gt;
&lt;li&gt;&lt;code&gt;&lt;span style="color: var(--highlight-keyword)"&gt;&amp;nbsp;&amp;nbsp;&amp;nbsp;&amp;nbsp;&amp;nbsp;&amp;nbsp;&amp;nbsp;&amp;nbsp;try&amp;nbsp;{&lt;/span&gt;&lt;/code&gt;&lt;/li&gt;
&lt;li&gt;&lt;code&gt;&lt;span style="color: var(--highlight-keyword)"&gt;&amp;nbsp;&amp;nbsp;&amp;nbsp;&amp;nbsp;&amp;nbsp;&amp;nbsp;&amp;nbsp;&amp;nbsp;&amp;nbsp;&amp;nbsp;&amp;nbsp;&amp;nbsp;&lt;/span&gt;&lt;span style="color: var(--highlight-default)"&gt;$pdo&amp;nbsp;&lt;/span&gt;&lt;span style="color: var(--highlight-keyword)"&gt;=&amp;nbsp;new&amp;nbsp;&lt;/span&gt;&lt;span style="color: var(--highlight-default)"&gt;PDO&lt;/span&gt;&lt;span style="color: var(--highlight-keyword)"&gt;(&lt;/span&gt;&lt;/code&gt;&lt;/li&gt;
&lt;li class="selected"&gt;&lt;code&gt;&lt;span style="color: var(--highlight-keyword)"&gt;&amp;nbsp;&amp;nbsp;&amp;nbsp;&amp;nbsp;&amp;nbsp;&amp;nbsp;&amp;nbsp;&amp;nbsp;&amp;nbsp;&amp;nbsp;&amp;nbsp;&amp;nbsp;&amp;nbsp;&amp;nbsp;&amp;nbsp;&amp;nbsp;&lt;/span&gt;&lt;span style="color: var(--highlight-default)"&gt;$this&lt;/span&gt;&lt;span style="color: var(--highlight-keyword)"&gt;-&amp;gt;&lt;/span&gt;&lt;span style="color: var(--highlight-default)"&gt;constructPdoDsn&lt;/span&gt;&lt;span style="color: var(--highlight-keyword)"&gt;(&lt;/span&gt;&lt;span style="color: var(--highlight-default)"&gt;$params&lt;/span&gt;&lt;span style="color: var(--highlight-keyword)"&gt;),&lt;/span&gt;&lt;/code&gt;&lt;/li&gt;
&lt;li&gt;&lt;code&gt;&lt;span style="color: var(--highlight-keyword)"&gt;&amp;nbsp;&amp;nbsp;&amp;nbsp;&amp;nbsp;&amp;nbsp;&amp;nbsp;&amp;nbsp;&amp;nbsp;&amp;nbsp;&amp;nbsp;&amp;nbsp;&amp;nbsp;&amp;nbsp;&amp;nbsp;&amp;nbsp;&amp;nbsp;&lt;/span&gt;&lt;span style="color: var(--highlight-default)"&gt;$params&lt;/span&gt;&lt;span style="color: var(--highlight-keyword)"&gt;[&lt;/span&gt;&lt;span style="color: var(--highlight-string)"&gt;'user'&lt;/span&gt;&lt;span style="color: var(--highlight-keyword)"&gt;]&amp;nbsp;??&amp;nbsp;&lt;/span&gt;&lt;span style="color: var(--highlight-string)"&gt;''&lt;/span&gt;&lt;span style="color: var(--highlight-keyword)"&gt;,&lt;/span&gt;&lt;/code&gt;&lt;/li&gt;
&lt;li&gt;&lt;code&gt;&lt;span style="color: var(--highlight-keyword)"&gt;&amp;nbsp;&amp;nbsp;&amp;nbsp;&amp;nbsp;&amp;nbsp;&amp;nbsp;&amp;nbsp;&amp;nbsp;&amp;nbsp;&amp;nbsp;&amp;nbsp;&amp;nbsp;&amp;nbsp;&amp;nbsp;&amp;nbsp;&amp;nbsp;&lt;/span&gt;&lt;span style="color: var(--highlight-default)"&gt;$params&lt;/span&gt;&lt;span style="color: var(--highlight-keyword)"&gt;[&lt;/span&gt;&lt;span style="color: var(--highlight-string)"&gt;'password'&lt;/span&gt;&lt;span style="color: var(--highlight-keyword)"&gt;]&amp;nbsp;??&amp;nbsp;&lt;/span&gt;&lt;span style="color: var(--highlight-string)"&gt;''&lt;/span&gt;&lt;span style="color: var(--highlight-keyword)"&gt;,&lt;/span&gt;&lt;/code&gt;&lt;/li&gt;
&lt;li&gt;&lt;code&gt;&lt;span style="color: var(--highlight-keyword)"&gt;&amp;nbsp;&amp;nbsp;&amp;nbsp;&amp;nbsp;&amp;nbsp;&amp;nbsp;&amp;nbsp;&amp;nbsp;&amp;nbsp;&amp;nbsp;&amp;nbsp;&amp;nbsp;&amp;nbsp;&amp;nbsp;&amp;nbsp;&amp;nbsp;&lt;/span&gt;&lt;span style="color: var(--highlight-default)"&gt;$driverOptions&lt;/span&gt;&lt;/code&gt;&lt;/li&gt;
&lt;li&gt;&lt;code&gt;&lt;span style="color: var(--highlight-default)"&gt;&amp;nbsp;&amp;nbsp;&amp;nbsp;&amp;nbsp;&amp;nbsp;&amp;nbsp;&amp;nbsp;&amp;nbsp;&amp;nbsp;&amp;nbsp;&amp;nbsp;&amp;nbsp;&lt;/span&gt;&lt;span style="color: var(--highlight-keyword)"&gt;);&lt;/span&gt;&lt;/code&gt;&lt;/li&gt;
&lt;li&gt;&lt;code&gt;&lt;span style="color: var(--highlight-keyword)"&gt;&amp;nbsp;&amp;nbsp;&amp;nbsp;&amp;nbsp;&amp;nbsp;&amp;nbsp;&amp;nbsp;&amp;nbsp;}&amp;nbsp;catch&amp;nbsp;(&lt;/span&gt;&lt;span style="color: var(--highlight-default)"&gt;PDOException&amp;nbsp;$exception&lt;/span&gt;&lt;span style="color: var(--highlight-keyword)"&gt;)&amp;nbsp;{&lt;/span&gt;&lt;/code&gt;&lt;/li&gt;&lt;/ol&gt;    &lt;/div&gt;            &lt;/div&gt;
                        &lt;div class="trace-line "&gt;
                &lt;div class="trace-line-header break-long-words sf-toggle" data-toggle-selector="#trace-html-3-1" data-toggle-initial=""&gt;
            &lt;span class="icon icon-close"&gt;&lt;svg width="1792" height="1792" viewBox="0 0 1792 1792" xmlns="http://www.w3.org/2000/svg"&gt;&lt;path d="M1408 960V832q0-26-19-45t-45-19H448q-26 0-45 19t-19 45v128q0 26 19 45t45 19h896q26 0 45-19t19-45zm256-544v960q0 119-84.5 203.5T1376 1664H416q-119 0-203.5-84.5T128 1376V416q0-119 84.5-203.5T416 128h960q119 0 203.5 84.5T1664 416z"/&gt;&lt;/svg&gt;&lt;/span&gt;
        &lt;span class="icon icon-open"&gt;&lt;svg width="1792" height="1792" viewBox="0 0 1792 1792" xmlns="http://www.w3.org/2000/svg"&gt;&lt;path d="M1408 960V832q0-26-19-45t-45-19h-320V448q0-26-19-45t-45-19H832q-26 0-45 19t-19 45v320H448q-26 0-45 19t-19 45v128q0 26 19 45t45 19h320v320q0 26 19 45t45 19h128q26 0 45-19t19-45v-320h320q26 0 45-19t19-45zm256-544v960q0 119-84.5 203.5T1376 1664H416q-119 0-203.5-84.5T128 1376V416q0-119 84.5-203.5T416 128h960q119 0 203.5 84.5T1664 416z"/&gt;&lt;/svg&gt;&lt;/span&gt;
    
            &lt;span class="trace-class"&gt;&lt;abbr title="PDO"&gt;PDO&lt;/abbr&gt;&lt;/span&gt;&lt;span class="trace-type"&gt;-&gt;&lt;/span&gt;&lt;span class="trace-method"&gt;__construct&lt;/span&gt;&lt;span class="trace-arguments"&gt;()&lt;/span&gt;    
                    &lt;span class="block trace-file-path"&gt;
            in
            &lt;a href=""&gt;
                C:\Users\eman\Documents\GitHub\car_dealer\vendor\doctrine\dbal\src\Driver\PDO\MySQL\&lt;strong&gt;Driver.php&lt;/strong&gt;
            &lt;/a&gt;
                        (line 28)
            &lt;span class="icon icon-copy hidden" data-clipboard-text="C:\Users\eman\Documents\GitHub\car_dealer\vendor\doctrine\dbal\src\Driver\PDO\MySQL\Driver.php:28"&gt;
                &lt;svg xmlns="http://www.w3.org/2000/svg" height="24" viewBox="0 0 24 24" width="24"&gt;&lt;path d="M0 0h24v24H0z" fill="none"/&gt;&lt;path d="M16 1H4c-1.1 0-2 .9-2 2v14h2V3h12V1zm3 4H8c-1.1 0-2 .9-2 2v14c0 1.1.9 2 2 2h11c1.1 0 2-.9 2-2V7c0-1.1-.9-2-2-2zm0 16H8V7h11v14z"/&gt;&lt;/svg&gt;            &lt;/span&gt;
        &lt;/span&gt;
    &lt;/div&gt;
    &lt;div id="trace-html-3-1" class="trace-code sf-toggle-content"&gt;
        &lt;ol start="23"&gt;&lt;li&gt;&lt;code&gt;&lt;span style="color: var(--highlight-keyword)"&gt;&amp;nbsp;&amp;nbsp;&amp;nbsp;&amp;nbsp;&amp;nbsp;&amp;nbsp;&amp;nbsp;&amp;nbsp;&amp;nbsp;&amp;nbsp;&amp;nbsp;&amp;nbsp;&lt;/span&gt;&lt;span style="color: var(--highlight-default)"&gt;$driverOptions&lt;/span&gt;&lt;span style="color: var(--highlight-keyword)"&gt;[&lt;/span&gt;&lt;span style="color: var(--highlight-default)"&gt;PDO&lt;/span&gt;&lt;span style="color: var(--highlight-keyword)"&gt;::&lt;/span&gt;&lt;span style="color: var(--highlight-default)"&gt;ATTR_PERSISTENT&lt;/span&gt;&lt;span style="color: var(--highlight-keyword)"&gt;]&amp;nbsp;=&amp;nbsp;&lt;/span&gt;&lt;span style="color: var(--highlight-default)"&gt;true&lt;/span&gt;&lt;span style="color: var(--highlight-keyword)"&gt;;&lt;/span&gt;&lt;/code&gt;&lt;/li&gt;
&lt;li&gt;&lt;code&gt;&lt;span style="color: var(--highlight-keyword)"&gt;&amp;nbsp;&amp;nbsp;&amp;nbsp;&amp;nbsp;&amp;nbsp;&amp;nbsp;&amp;nbsp;&amp;nbsp;}&lt;/span&gt;&lt;/code&gt;&lt;/li&gt;
&lt;li&gt;&lt;code&gt;&lt;span style="color: var(--highlight-keyword)"&gt;&lt;/span&gt;&lt;/code&gt;&lt;/li&gt;
&lt;li&gt;&lt;code&gt;&lt;span style="color: var(--highlight-keyword)"&gt;&amp;nbsp;&amp;nbsp;&amp;nbsp;&amp;nbsp;&amp;nbsp;&amp;nbsp;&amp;nbsp;&amp;nbsp;try&amp;nbsp;{&lt;/span&gt;&lt;/code&gt;&lt;/li&gt;
&lt;li&gt;&lt;code&gt;&lt;span style="color: var(--highlight-keyword)"&gt;&amp;nbsp;&amp;nbsp;&amp;nbsp;&amp;nbsp;&amp;nbsp;&amp;nbsp;&amp;nbsp;&amp;nbsp;&amp;nbsp;&amp;nbsp;&amp;nbsp;&amp;nbsp;&lt;/span&gt;&lt;span style="color: var(--highlight-default)"&gt;$pdo&amp;nbsp;&lt;/span&gt;&lt;span style="color: var(--highlight-keyword)"&gt;=&amp;nbsp;new&amp;nbsp;&lt;/span&gt;&lt;span style="color: var(--highlight-default)"&gt;PDO&lt;/span&gt;&lt;span style="color: var(--highlight-keyword)"&gt;(&lt;/span&gt;&lt;/code&gt;&lt;/li&gt;
&lt;li class="selected"&gt;&lt;code&gt;&lt;span style="color: var(--highlight-keyword)"&gt;&amp;nbsp;&amp;nbsp;&amp;nbsp;&amp;nbsp;&amp;nbsp;&amp;nbsp;&amp;nbsp;&amp;nbsp;&amp;nbsp;&amp;nbsp;&amp;nbsp;&amp;nbsp;&amp;nbsp;&amp;nbsp;&amp;nbsp;&amp;nbsp;&lt;/span&gt;&lt;span style="color: var(--highlight-default)"&gt;$this&lt;/span&gt;&lt;span style="color: var(--highlight-keyword)"&gt;-&amp;gt;&lt;/span&gt;&lt;span style="color: var(--highlight-default)"&gt;constructPdoDsn&lt;/span&gt;&lt;span style="color: var(--highlight-keyword)"&gt;(&lt;/span&gt;&lt;span style="color: var(--highlight-default)"&gt;$params&lt;/span&gt;&lt;span style="color: var(--highlight-keyword)"&gt;),&lt;/span&gt;&lt;/code&gt;&lt;/li&gt;
&lt;li&gt;&lt;code&gt;&lt;span style="color: var(--highlight-keyword)"&gt;&amp;nbsp;&amp;nbsp;&amp;nbsp;&amp;nbsp;&amp;nbsp;&amp;nbsp;&amp;nbsp;&amp;nbsp;&amp;nbsp;&amp;nbsp;&amp;nbsp;&amp;nbsp;&amp;nbsp;&amp;nbsp;&amp;nbsp;&amp;nbsp;&lt;/span&gt;&lt;span style="color: var(--highlight-default)"&gt;$params&lt;/span&gt;&lt;span style="color: var(--highlight-keyword)"&gt;[&lt;/span&gt;&lt;span style="color: var(--highlight-string)"&gt;'user'&lt;/span&gt;&lt;span style="color: var(--highlight-keyword)"&gt;]&amp;nbsp;??&amp;nbsp;&lt;/span&gt;&lt;span style="color: var(--highlight-string)"&gt;''&lt;/span&gt;&lt;span style="color: var(--highlight-keyword)"&gt;,&lt;/span&gt;&lt;/code&gt;&lt;/li&gt;
&lt;li&gt;&lt;code&gt;&lt;span style="color: var(--highlight-keyword)"&gt;&amp;nbsp;&amp;nbsp;&amp;nbsp;&amp;nbsp;&amp;nbsp;&amp;nbsp;&amp;nbsp;&amp;nbsp;&amp;nbsp;&amp;nbsp;&amp;nbsp;&amp;nbsp;&amp;nbsp;&amp;nbsp;&amp;nbsp;&amp;nbsp;&lt;/span&gt;&lt;span style="color: var(--highlight-default)"&gt;$params&lt;/span&gt;&lt;span style="color: var(--highlight-keyword)"&gt;[&lt;/span&gt;&lt;span style="color: var(--highlight-string)"&gt;'password'&lt;/span&gt;&lt;span style="color: var(--highlight-keyword)"&gt;]&amp;nbsp;??&amp;nbsp;&lt;/span&gt;&lt;span style="color: var(--highlight-string)"&gt;''&lt;/span&gt;&lt;span style="color: var(--highlight-keyword)"&gt;,&lt;/span&gt;&lt;/code&gt;&lt;/li&gt;
&lt;li&gt;&lt;code&gt;&lt;span style="color: var(--highlight-keyword)"&gt;&amp;nbsp;&amp;nbsp;&amp;nbsp;&amp;nbsp;&amp;nbsp;&amp;nbsp;&amp;nbsp;&amp;nbsp;&amp;nbsp;&amp;nbsp;&amp;nbsp;&amp;nbsp;&amp;nbsp;&amp;nbsp;&amp;nbsp;&amp;nbsp;&lt;/span&gt;&lt;span style="color: var(--highlight-default)"&gt;$driverOptions&lt;/span&gt;&lt;/code&gt;&lt;/li&gt;
&lt;li&gt;&lt;code&gt;&lt;span style="color: var(--highlight-default)"&gt;&amp;nbsp;&amp;nbsp;&amp;nbsp;&amp;nbsp;&amp;nbsp;&amp;nbsp;&amp;nbsp;&amp;nbsp;&amp;nbsp;&amp;nbsp;&amp;nbsp;&amp;nbsp;&lt;/span&gt;&lt;span style="color: var(--highlight-keyword)"&gt;);&lt;/span&gt;&lt;/code&gt;&lt;/li&gt;
&lt;li&gt;&lt;code&gt;&lt;span style="color: var(--highlight-keyword)"&gt;&amp;nbsp;&amp;nbsp;&amp;nbsp;&amp;nbsp;&amp;nbsp;&amp;nbsp;&amp;nbsp;&amp;nbsp;}&amp;nbsp;catch&amp;nbsp;(&lt;/span&gt;&lt;span style="color: var(--highlight-default)"&gt;PDOException&amp;nbsp;$exception&lt;/span&gt;&lt;span style="color: var(--highlight-keyword)"&gt;)&amp;nbsp;{&lt;/span&gt;&lt;/code&gt;&lt;/li&gt;&lt;/ol&gt;    &lt;/div&gt;            &lt;/div&gt;
                        &lt;div class="trace-line "&gt;
                &lt;div class="trace-line-header break-long-words sf-toggle" data-toggle-selector="#trace-html-3-2" data-toggle-initial=""&gt;
            &lt;span class="icon icon-close"&gt;&lt;svg width="1792" height="1792" viewBox="0 0 1792 1792" xmlns="http://www.w3.org/2000/svg"&gt;&lt;path d="M1408 960V832q0-26-19-45t-45-19H448q-26 0-45 19t-19 45v128q0 26 19 45t45 19h896q26 0 45-19t19-45zm256-544v960q0 119-84.5 203.5T1376 1664H416q-119 0-203.5-84.5T128 1376V416q0-119 84.5-203.5T416 128h960q119 0 203.5 84.5T1664 416z"/&gt;&lt;/svg&gt;&lt;/span&gt;
        &lt;span class="icon icon-open"&gt;&lt;svg width="1792" height="1792" viewBox="0 0 1792 1792" xmlns="http://www.w3.org/2000/svg"&gt;&lt;path d="M1408 960V832q0-26-19-45t-45-19h-320V448q0-26-19-45t-45-19H832q-26 0-45 19t-19 45v320H448q-26 0-45 19t-19 45v128q0 26 19 45t45 19h320v320q0 26 19 45t45 19h128q26 0 45-19t19-45v-320h320q26 0 45-19t19-45zm256-544v960q0 119-84.5 203.5T1376 1664H416q-119 0-203.5-84.5T128 1376V416q0-119 84.5-203.5T416 128h960q119 0 203.5 84.5T1664 416z"/&gt;&lt;/svg&gt;&lt;/span&gt;
    
            &lt;span class="trace-class"&gt;&lt;abbr title="Doctrine\DBAL\Driver\PDO\MySQL\Driver"&gt;Driver&lt;/abbr&gt;&lt;/span&gt;&lt;span class="trace-type"&gt;-&gt;&lt;/span&gt;&lt;span class="trace-method"&gt;connect&lt;/span&gt;&lt;span class="trace-arguments"&gt;()&lt;/span&gt;    
                    &lt;span class="block trace-file-path"&gt;
            in
            &lt;a href=""&gt;
                C:\Users\eman\Documents\GitHub\car_dealer\vendor\doctrine\dbal\src\&lt;strong&gt;Connection.php&lt;/strong&gt;
            &lt;/a&gt;
                        (line 325)
            &lt;span class="icon icon-copy hidden" data-clipboard-text="C:\Users\eman\Documents\GitHub\car_dealer\vendor\doctrine\dbal\src\Connection.php:325"&gt;
                &lt;svg xmlns="http://www.w3.org/2000/svg" height="24" viewBox="0 0 24 24" width="24"&gt;&lt;path d="M0 0h24v24H0z" fill="none"/&gt;&lt;path d="M16 1H4c-1.1 0-2 .9-2 2v14h2V3h12V1zm3 4H8c-1.1 0-2 .9-2 2v14c0 1.1.9 2 2 2h11c1.1 0 2-.9 2-2V7c0-1.1-.9-2-2-2zm0 16H8V7h11v14z"/&gt;&lt;/svg&gt;            &lt;/span&gt;
        &lt;/span&gt;
    &lt;/div&gt;
    &lt;div id="trace-html-3-2" class="trace-code sf-toggle-content"&gt;
        &lt;ol start="320"&gt;&lt;li&gt;&lt;code&gt;&lt;span style="color: var(--highlight-keyword)"&gt;&amp;nbsp;&amp;nbsp;&amp;nbsp;&amp;nbsp;&amp;nbsp;&amp;nbsp;&amp;nbsp;&amp;nbsp;if&amp;nbsp;(&lt;/span&gt;&lt;span style="color: var(--highlight-default)"&gt;$this&lt;/span&gt;&lt;span style="color: var(--highlight-keyword)"&gt;-&amp;gt;&lt;/span&gt;&lt;span style="color: var(--highlight-default)"&gt;_conn&amp;nbsp;&lt;/span&gt;&lt;span style="color: var(--highlight-keyword)"&gt;!==&amp;nbsp;&lt;/span&gt;&lt;span style="color: var(--highlight-default)"&gt;null&lt;/span&gt;&lt;span style="color: var(--highlight-keyword)"&gt;)&amp;nbsp;{&lt;/span&gt;&lt;/code&gt;&lt;/li&gt;
&lt;li&gt;&lt;code&gt;&lt;span style="color: var(--highlight-keyword)"&gt;&amp;nbsp;&amp;nbsp;&amp;nbsp;&amp;nbsp;&amp;nbsp;&amp;nbsp;&amp;nbsp;&amp;nbsp;&amp;nbsp;&amp;nbsp;&amp;nbsp;&amp;nbsp;return&amp;nbsp;&lt;/span&gt;&lt;span style="color: var(--highlight-default)"&gt;false&lt;/span&gt;&lt;span style="color: var(--highlight-keyword)"&gt;;&lt;/span&gt;&lt;/code&gt;&lt;/li&gt;
&lt;li&gt;&lt;code&gt;&lt;span style="color: var(--highlight-keyword)"&gt;&amp;nbsp;&amp;nbsp;&amp;nbsp;&amp;nbsp;&amp;nbsp;&amp;nbsp;&amp;nbsp;&amp;nbsp;}&lt;/span&gt;&lt;/code&gt;&lt;/li&gt;
&lt;li&gt;&lt;code&gt;&lt;span style="color: var(--highlight-keyword)"&gt;&lt;/span&gt;&lt;/code&gt;&lt;/li&gt;
&lt;li&gt;&lt;code&gt;&lt;span style="color: var(--highlight-keyword)"&gt;&amp;nbsp;&amp;nbsp;&amp;nbsp;&amp;nbsp;&amp;nbsp;&amp;nbsp;&amp;nbsp;&amp;nbsp;try&amp;nbsp;{&lt;/span&gt;&lt;/code&gt;&lt;/li&gt;
&lt;li class="selected"&gt;&lt;code&gt;&lt;span style="color: var(--highlight-keyword)"&gt;&amp;nbsp;&amp;nbsp;&amp;nbsp;&amp;nbsp;&amp;nbsp;&amp;nbsp;&amp;nbsp;&amp;nbsp;&amp;nbsp;&amp;nbsp;&amp;nbsp;&amp;nbsp;&lt;/span&gt;&lt;span style="color: var(--highlight-default)"&gt;$this&lt;/span&gt;&lt;span style="color: var(--highlight-keyword)"&gt;-&amp;gt;&lt;/span&gt;&lt;span style="color: var(--highlight-default)"&gt;_conn&amp;nbsp;&lt;/span&gt;&lt;span style="color: var(--highlight-keyword)"&gt;=&amp;nbsp;&lt;/span&gt;&lt;span style="color: var(--highlight-default)"&gt;$this&lt;/span&gt;&lt;span style="color: var(--highlight-keyword)"&gt;-&amp;gt;&lt;/span&gt;&lt;span style="color: var(--highlight-default)"&gt;_driver&lt;/span&gt;&lt;span style="color: var(--highlight-keyword)"&gt;-&amp;gt;&lt;/span&gt;&lt;span style="color: var(--highlight-default)"&gt;connect&lt;/span&gt;&lt;span style="color: var(--highlight-keyword)"&gt;(&lt;/span&gt;&lt;span style="color: var(--highlight-default)"&gt;$this&lt;/span&gt;&lt;span style="color: var(--highlight-keyword)"&gt;-&amp;gt;&lt;/span&gt;&lt;span style="color: var(--highlight-default)"&gt;params&lt;/span&gt;&lt;span style="color: var(--highlight-keyword)"&gt;);&lt;/span&gt;&lt;/code&gt;&lt;/li&gt;
&lt;li&gt;&lt;code&gt;&lt;span style="color: var(--highlight-keyword)"&gt;&amp;nbsp;&amp;nbsp;&amp;nbsp;&amp;nbsp;&amp;nbsp;&amp;nbsp;&amp;nbsp;&amp;nbsp;}&amp;nbsp;catch&amp;nbsp;(&lt;/span&gt;&lt;span style="color: var(--highlight-default)"&gt;Driver\Exception&amp;nbsp;$e&lt;/span&gt;&lt;span style="color: var(--highlight-keyword)"&gt;)&amp;nbsp;{&lt;/span&gt;&lt;/code&gt;&lt;/li&gt;
&lt;li&gt;&lt;code&gt;&lt;span style="color: var(--highlight-keyword)"&gt;&amp;nbsp;&amp;nbsp;&amp;nbsp;&amp;nbsp;&amp;nbsp;&amp;nbsp;&amp;nbsp;&amp;nbsp;&amp;nbsp;&amp;nbsp;&amp;nbsp;&amp;nbsp;throw&amp;nbsp;&lt;/span&gt;&lt;span style="color: var(--highlight-default)"&gt;$this&lt;/span&gt;&lt;span style="color: var(--highlight-keyword)"&gt;-&amp;gt;&lt;/span&gt;&lt;span style="color: var(--highlight-default)"&gt;convertException&lt;/span&gt;&lt;span style="color: var(--highlight-keyword)"&gt;(&lt;/span&gt;&lt;span style="color: var(--highlight-default)"&gt;$e&lt;/span&gt;&lt;span style="color: var(--highlight-keyword)"&gt;);&lt;/span&gt;&lt;/code&gt;&lt;/li&gt;
&lt;li&gt;&lt;code&gt;&lt;span style="color: var(--highlight-keyword)"&gt;&amp;nbsp;&amp;nbsp;&amp;nbsp;&amp;nbsp;&amp;nbsp;&amp;nbsp;&amp;nbsp;&amp;nbsp;}&lt;/span&gt;&lt;/code&gt;&lt;/li&gt;
&lt;li&gt;&lt;code&gt;&lt;span style="color: var(--highlight-keyword)"&gt;&lt;/span&gt;&lt;/code&gt;&lt;/li&gt;
&lt;li&gt;&lt;code&gt;&lt;span style="color: var(--highlight-keyword)"&gt;&amp;nbsp;&amp;nbsp;&amp;nbsp;&amp;nbsp;&amp;nbsp;&amp;nbsp;&amp;nbsp;&amp;nbsp;if&amp;nbsp;(&lt;/span&gt;&lt;span style="color: var(--highlight-default)"&gt;$this&lt;/span&gt;&lt;span style="color: var(--highlight-keyword)"&gt;-&amp;gt;&lt;/span&gt;&lt;span style="color: var(--highlight-default)"&gt;autoCommit&amp;nbsp;&lt;/span&gt;&lt;span style="color: var(--highlight-keyword)"&gt;===&amp;nbsp;&lt;/span&gt;&lt;span style="color: var(--highlight-default)"&gt;false&lt;/span&gt;&lt;span style="color: var(--highlight-keyword)"&gt;)&amp;nbsp;{&lt;/span&gt;&lt;/code&gt;&lt;/li&gt;&lt;/ol&gt;    &lt;/div&gt;            &lt;/div&gt;
                        &lt;div class="trace-line "&gt;
                &lt;div class="trace-line-header break-long-words sf-toggle" data-toggle-selector="#trace-html-3-3" data-toggle-initial=""&gt;
            &lt;span class="icon icon-close"&gt;&lt;svg width="1792" height="1792" viewBox="0 0 1792 1792" xmlns="http://www.w3.org/2000/svg"&gt;&lt;path d="M1408 960V832q0-26-19-45t-45-19H448q-26 0-45 19t-19 45v128q0 26 19 45t45 19h896q26 0 45-19t19-45zm256-544v960q0 119-84.5 203.5T1376 1664H416q-119 0-203.5-84.5T128 1376V416q0-119 84.5-203.5T416 128h960q119 0 203.5 84.5T1664 416z"/&gt;&lt;/svg&gt;&lt;/span&gt;
        &lt;span class="icon icon-open"&gt;&lt;svg width="1792" height="1792" viewBox="0 0 1792 1792" xmlns="http://www.w3.org/2000/svg"&gt;&lt;path d="M1408 960V832q0-26-19-45t-45-19h-320V448q0-26-19-45t-45-19H832q-26 0-45 19t-19 45v320H448q-26 0-45 19t-19 45v128q0 26 19 45t45 19h320v320q0 26 19 45t45 19h128q26 0 45-19t19-45v-320h320q26 0 45-19t19-45zm256-544v960q0 119-84.5 203.5T1376 1664H416q-119 0-203.5-84.5T128 1376V416q0-119 84.5-203.5T416 128h960q119 0 203.5 84.5T1664 416z"/&gt;&lt;/svg&gt;&lt;/span&gt;
    
            &lt;span class="trace-class"&gt;&lt;abbr title="Doctrine\DBAL\Connection"&gt;Connection&lt;/abbr&gt;&lt;/span&gt;&lt;span class="trace-type"&gt;-&gt;&lt;/span&gt;&lt;span class="trace-method"&gt;connect&lt;/span&gt;&lt;span class="trace-arguments"&gt;()&lt;/span&gt;    
                    &lt;span class="block trace-file-path"&gt;
            in
            &lt;a href=""&gt;
                C:\Users\eman\Documents\GitHub\car_dealer\vendor\doctrine\dbal\src\&lt;strong&gt;Connection.php&lt;/strong&gt;
            &lt;/a&gt;
                        (line 1507)
            &lt;span class="icon icon-copy hidden" data-clipboard-text="C:\Users\eman\Documents\GitHub\car_dealer\vendor\doctrine\dbal\src\Connection.php:1507"&gt;
                &lt;svg xmlns="http://www.w3.org/2000/svg" height="24" viewBox="0 0 24 24" width="24"&gt;&lt;path d="M0 0h24v24H0z" fill="none"/&gt;&lt;path d="M16 1H4c-1.1 0-2 .9-2 2v14h2V3h12V1zm3 4H8c-1.1 0-2 .9-2 2v14c0 1.1.9 2 2 2h11c1.1 0 2-.9 2-2V7c0-1.1-.9-2-2-2zm0 16H8V7h11v14z"/&gt;&lt;/svg&gt;            &lt;/span&gt;
        &lt;/span&gt;
    &lt;/div&gt;
    &lt;div id="trace-html-3-3" class="trace-code sf-toggle-content"&gt;
        &lt;ol start="1502"&gt;&lt;li&gt;&lt;code&gt;&lt;span style="color: var(--highlight-comment)"&gt;&amp;nbsp;&amp;nbsp;&amp;nbsp;&amp;nbsp;&amp;nbsp;*&lt;/span&gt;&lt;/code&gt;&lt;/li&gt;
&lt;li&gt;&lt;code&gt;&lt;span style="color: var(--highlight-comment)"&gt;&amp;nbsp;&amp;nbsp;&amp;nbsp;&amp;nbsp;&amp;nbsp;*&amp;nbsp;@throws&amp;nbsp;Exception&lt;/span&gt;&lt;/code&gt;&lt;/li&gt;
&lt;li&gt;&lt;code&gt;&lt;span style="color: var(--highlight-comment)"&gt;&amp;nbsp;&amp;nbsp;&amp;nbsp;&amp;nbsp;&amp;nbsp;*/&lt;/span&gt;&lt;/code&gt;&lt;/li&gt;
&lt;li&gt;&lt;code&gt;&lt;span style="color: var(--highlight-comment)"&gt;&amp;nbsp;&amp;nbsp;&amp;nbsp;&amp;nbsp;&lt;/span&gt;&lt;span style="color: var(--highlight-keyword)"&gt;public&amp;nbsp;function&amp;nbsp;&lt;/span&gt;&lt;span style="color: var(--highlight-default)"&gt;getWrappedConnection&lt;/span&gt;&lt;span style="color: var(--highlight-keyword)"&gt;()&lt;/span&gt;&lt;/code&gt;&lt;/li&gt;
&lt;li&gt;&lt;code&gt;&lt;span style="color: var(--highlight-keyword)"&gt;&amp;nbsp;&amp;nbsp;&amp;nbsp;&amp;nbsp;{&lt;/span&gt;&lt;/code&gt;&lt;/li&gt;
&lt;li class="selected"&gt;&lt;code&gt;&lt;span style="color: var(--highlight-keyword)"&gt;&amp;nbsp;&amp;nbsp;&amp;nbsp;&amp;nbsp;&amp;nbsp;&amp;nbsp;&amp;nbsp;&amp;nbsp;&lt;/span&gt;&lt;span style="color: var(--highlight-default)"&gt;$this&lt;/span&gt;&lt;span style="color: var(--highlight-keyword)"&gt;-&amp;gt;&lt;/span&gt;&lt;span style="color: var(--highlight-default)"&gt;connect&lt;/span&gt;&lt;span style="color: var(--highlight-keyword)"&gt;();&lt;/span&gt;&lt;/code&gt;&lt;/li&gt;
&lt;li&gt;&lt;code&gt;&lt;span style="color: var(--highlight-keyword)"&gt;&lt;/span&gt;&lt;/code&gt;&lt;/li&gt;
&lt;li&gt;&lt;code&gt;&lt;span style="color: var(--highlight-keyword)"&gt;&amp;nbsp;&amp;nbsp;&amp;nbsp;&amp;nbsp;&amp;nbsp;&amp;nbsp;&amp;nbsp;&amp;nbsp;&lt;/span&gt;&lt;span style="color: var(--highlight-default)"&gt;assert&lt;/span&gt;&lt;span style="color: var(--highlight-keyword)"&gt;(&lt;/span&gt;&lt;span style="color: var(--highlight-default)"&gt;$this&lt;/span&gt;&lt;span style="color: var(--highlight-keyword)"&gt;-&amp;gt;&lt;/span&gt;&lt;span style="color: var(--highlight-default)"&gt;_conn&amp;nbsp;&lt;/span&gt;&lt;span style="color: var(--highlight-keyword)"&gt;!==&amp;nbsp;&lt;/span&gt;&lt;span style="color: var(--highlight-default)"&gt;null&lt;/span&gt;&lt;span style="color: var(--highlight-keyword)"&gt;);&lt;/span&gt;&lt;/code&gt;&lt;/li&gt;
&lt;li&gt;&lt;code&gt;&lt;span style="color: var(--highlight-keyword)"&gt;&lt;/span&gt;&lt;/code&gt;&lt;/li&gt;
&lt;li&gt;&lt;code&gt;&lt;span style="color: var(--highlight-keyword)"&gt;&amp;nbsp;&amp;nbsp;&amp;nbsp;&amp;nbsp;&amp;nbsp;&amp;nbsp;&amp;nbsp;&amp;nbsp;return&amp;nbsp;&lt;/span&gt;&lt;span style="color: var(--highlight-default)"&gt;$this&lt;/span&gt;&lt;span style="color: var(--highlight-keyword)"&gt;-&amp;gt;&lt;/span&gt;&lt;span style="color: var(--highlight-default)"&gt;_conn&lt;/span&gt;&lt;span style="color: var(--highlight-keyword)"&gt;;&lt;/span&gt;&lt;/code&gt;&lt;/li&gt;
&lt;li&gt;&lt;code&gt;&lt;span style="color: var(--highlight-keyword)"&gt;&amp;nbsp;&amp;nbsp;&amp;nbsp;&amp;nbsp;}&lt;/span&gt;&lt;/code&gt;&lt;/li&gt;&lt;/ol&gt;    &lt;/div&gt;            &lt;/div&gt;
                        &lt;div class="trace-line "&gt;
                &lt;div class="trace-line-header break-long-words sf-toggle" data-toggle-selector="#trace-html-3-4" data-toggle-initial=""&gt;
            &lt;span class="icon icon-close"&gt;&lt;svg width="1792" height="1792" viewBox="0 0 1792 1792" xmlns="http://www.w3.org/2000/svg"&gt;&lt;path d="M1408 960V832q0-26-19-45t-45-19H448q-26 0-45 19t-19 45v128q0 26 19 45t45 19h896q26 0 45-19t19-45zm256-544v960q0 119-84.5 203.5T1376 1664H416q-119 0-203.5-84.5T128 1376V416q0-119 84.5-203.5T416 128h960q119 0 203.5 84.5T1664 416z"/&gt;&lt;/svg&gt;&lt;/span&gt;
        &lt;span class="icon icon-open"&gt;&lt;svg width="1792" height="1792" viewBox="0 0 1792 1792" xmlns="http://www.w3.org/2000/svg"&gt;&lt;path d="M1408 960V832q0-26-19-45t-45-19h-320V448q0-26-19-45t-45-19H832q-26 0-45 19t-19 45v320H448q-26 0-45 19t-19 45v128q0 26 19 45t45 19h320v320q0 26 19 45t45 19h128q26 0 45-19t19-45v-320h320q26 0 45-19t19-45zm256-544v960q0 119-84.5 203.5T1376 1664H416q-119 0-203.5-84.5T128 1376V416q0-119 84.5-203.5T416 128h960q119 0 203.5 84.5T1664 416z"/&gt;&lt;/svg&gt;&lt;/span&gt;
    
            &lt;span class="trace-class"&gt;&lt;abbr title="Doctrine\DBAL\Connection"&gt;Connection&lt;/abbr&gt;&lt;/span&gt;&lt;span class="trace-type"&gt;-&gt;&lt;/span&gt;&lt;span class="trace-method"&gt;getWrappedConnection&lt;/span&gt;&lt;span class="trace-arguments"&gt;()&lt;/span&gt;    
                    &lt;span class="block trace-file-path"&gt;
            in
            &lt;a href=""&gt;
                C:\Users\eman\Documents\GitHub\car_dealer\vendor\doctrine\dbal\src\&lt;strong&gt;Connection.php&lt;/strong&gt;
            &lt;/a&gt;
                        (line 1013)
            &lt;span class="icon icon-copy hidden" data-clipboard-text="C:\Users\eman\Documents\GitHub\car_dealer\vendor\doctrine\dbal\src\Connection.php:1013"&gt;
                &lt;svg xmlns="http://www.w3.org/2000/svg" height="24" viewBox="0 0 24 24" width="24"&gt;&lt;path d="M0 0h24v24H0z" fill="none"/&gt;&lt;path d="M16 1H4c-1.1 0-2 .9-2 2v14h2V3h12V1zm3 4H8c-1.1 0-2 .9-2 2v14c0 1.1.9 2 2 2h11c1.1 0 2-.9 2-2V7c0-1.1-.9-2-2-2zm0 16H8V7h11v14z"/&gt;&lt;/svg&gt;            &lt;/span&gt;
        &lt;/span&gt;
    &lt;/div&gt;
    &lt;div id="trace-html-3-4" class="trace-code sf-toggle-content"&gt;
        &lt;ol start="1008"&gt;&lt;li&gt;&lt;code&gt;&lt;span style="color: var(--highlight-default)"&gt;&amp;nbsp;&amp;nbsp;&amp;nbsp;&amp;nbsp;&lt;/span&gt;&lt;span style="color: var(--highlight-keyword)"&gt;):&amp;nbsp;&lt;/span&gt;&lt;span style="color: var(--highlight-default)"&gt;Result&amp;nbsp;&lt;/span&gt;&lt;span style="color: var(--highlight-keyword)"&gt;{&lt;/span&gt;&lt;/code&gt;&lt;/li&gt;
&lt;li&gt;&lt;code&gt;&lt;span style="color: var(--highlight-keyword)"&gt;&amp;nbsp;&amp;nbsp;&amp;nbsp;&amp;nbsp;&amp;nbsp;&amp;nbsp;&amp;nbsp;&amp;nbsp;if&amp;nbsp;(&lt;/span&gt;&lt;span style="color: var(--highlight-default)"&gt;$qcp&amp;nbsp;&lt;/span&gt;&lt;span style="color: var(--highlight-keyword)"&gt;!==&amp;nbsp;&lt;/span&gt;&lt;span style="color: var(--highlight-default)"&gt;null&lt;/span&gt;&lt;span style="color: var(--highlight-keyword)"&gt;)&amp;nbsp;{&lt;/span&gt;&lt;/code&gt;&lt;/li&gt;
&lt;li&gt;&lt;code&gt;&lt;span style="color: var(--highlight-keyword)"&gt;&amp;nbsp;&amp;nbsp;&amp;nbsp;&amp;nbsp;&amp;nbsp;&amp;nbsp;&amp;nbsp;&amp;nbsp;&amp;nbsp;&amp;nbsp;&amp;nbsp;&amp;nbsp;return&amp;nbsp;&lt;/span&gt;&lt;span style="color: var(--highlight-default)"&gt;$this&lt;/span&gt;&lt;span style="color: var(--highlight-keyword)"&gt;-&amp;gt;&lt;/span&gt;&lt;span style="color: var(--highlight-default)"&gt;executeCacheQuery&lt;/span&gt;&lt;span style="color: var(--highlight-keyword)"&gt;(&lt;/span&gt;&lt;span style="color: var(--highlight-default)"&gt;$sql&lt;/span&gt;&lt;span style="color: var(--highlight-keyword)"&gt;,&amp;nbsp;&lt;/span&gt;&lt;span style="color: var(--highlight-default)"&gt;$params&lt;/span&gt;&lt;span style="color: var(--highlight-keyword)"&gt;,&amp;nbsp;&lt;/span&gt;&lt;span style="color: var(--highlight-default)"&gt;$types&lt;/span&gt;&lt;span style="color: var(--highlight-keyword)"&gt;,&amp;nbsp;&lt;/span&gt;&lt;span style="color: var(--highlight-default)"&gt;$qcp&lt;/span&gt;&lt;span style="color: var(--highlight-keyword)"&gt;);&lt;/span&gt;&lt;/code&gt;&lt;/li&gt;
&lt;li&gt;&lt;code&gt;&lt;span style="color: var(--highlight-keyword)"&gt;&amp;nbsp;&amp;nbsp;&amp;nbsp;&amp;nbsp;&amp;nbsp;&amp;nbsp;&amp;nbsp;&amp;nbsp;}&lt;/span&gt;&lt;/code&gt;&lt;/li&gt;
&lt;li&gt;&lt;code&gt;&lt;span style="color: var(--highlight-keyword)"&gt;&lt;/span&gt;&lt;/code&gt;&lt;/li&gt;
&lt;li class="selected"&gt;&lt;code&gt;&lt;span style="color: var(--highlight-keyword)"&gt;&amp;nbsp;&amp;nbsp;&amp;nbsp;&amp;nbsp;&amp;nbsp;&amp;nbsp;&amp;nbsp;&amp;nbsp;&lt;/span&gt;&lt;span style="color: var(--highlight-default)"&gt;$connection&amp;nbsp;&lt;/span&gt;&lt;span style="color: var(--highlight-keyword)"&gt;=&amp;nbsp;&lt;/span&gt;&lt;span style="color: var(--highlight-default)"&gt;$this&lt;/span&gt;&lt;span style="color: var(--highlight-keyword)"&gt;-&amp;gt;&lt;/span&gt;&lt;span style="color: var(--highlight-default)"&gt;getWrappedConnection&lt;/span&gt;&lt;span style="color: var(--highlight-keyword)"&gt;();&lt;/span&gt;&lt;/code&gt;&lt;/li&gt;
&lt;li&gt;&lt;code&gt;&lt;span style="color: var(--highlight-keyword)"&gt;&lt;/span&gt;&lt;/code&gt;&lt;/li&gt;
&lt;li&gt;&lt;code&gt;&lt;span style="color: var(--highlight-keyword)"&gt;&amp;nbsp;&amp;nbsp;&amp;nbsp;&amp;nbsp;&amp;nbsp;&amp;nbsp;&amp;nbsp;&amp;nbsp;&lt;/span&gt;&lt;span style="color: var(--highlight-default)"&gt;$logger&amp;nbsp;&lt;/span&gt;&lt;span style="color: var(--highlight-keyword)"&gt;=&amp;nbsp;&lt;/span&gt;&lt;span style="color: var(--highlight-default)"&gt;$this&lt;/span&gt;&lt;span style="color: var(--highlight-keyword)"&gt;-&amp;gt;&lt;/span&gt;&lt;span style="color: var(--highlight-default)"&gt;_config&lt;/span&gt;&lt;span style="color: var(--highlight-keyword)"&gt;-&amp;gt;&lt;/span&gt;&lt;span style="color: var(--highlight-default)"&gt;getSQLLogger&lt;/span&gt;&lt;span style="color: var(--highlight-keyword)"&gt;();&lt;/span&gt;&lt;/code&gt;&lt;/li&gt;
&lt;li&gt;&lt;code&gt;&lt;span style="color: var(--highlight-keyword)"&gt;&amp;nbsp;&amp;nbsp;&amp;nbsp;&amp;nbsp;&amp;nbsp;&amp;nbsp;&amp;nbsp;&amp;nbsp;if&amp;nbsp;(&lt;/span&gt;&lt;span style="color: var(--highlight-default)"&gt;$logger&amp;nbsp;&lt;/span&gt;&lt;span style="color: var(--highlight-keyword)"&gt;!==&amp;nbsp;&lt;/span&gt;&lt;span style="color: var(--highlight-default)"&gt;null&lt;/span&gt;&lt;span style="color: var(--highlight-keyword)"&gt;)&amp;nbsp;{&lt;/span&gt;&lt;/code&gt;&lt;/li&gt;
&lt;li&gt;&lt;code&gt;&lt;span style="color: var(--highlight-keyword)"&gt;&amp;nbsp;&amp;nbsp;&amp;nbsp;&amp;nbsp;&amp;nbsp;&amp;nbsp;&amp;nbsp;&amp;nbsp;&amp;nbsp;&amp;nbsp;&amp;nbsp;&amp;nbsp;&lt;/span&gt;&lt;span style="color: var(--highlight-default)"&gt;$logger&lt;/span&gt;&lt;span style="color: var(--highlight-keyword)"&gt;-&amp;gt;&lt;/span&gt;&lt;span style="color: var(--highlight-default)"&gt;startQuery&lt;/span&gt;&lt;span style="color: var(--highlight-keyword)"&gt;(&lt;/span&gt;&lt;span style="color: var(--highlight-default)"&gt;$sql&lt;/span&gt;&lt;span style="color: var(--highlight-keyword)"&gt;,&amp;nbsp;&lt;/span&gt;&lt;span style="color: var(--highlight-default)"&gt;$params&lt;/span&gt;&lt;span style="color: var(--highlight-keyword)"&gt;,&amp;nbsp;&lt;/span&gt;&lt;span style="color: var(--highlight-default)"&gt;$types&lt;/span&gt;&lt;span style="color: var(--highlight-keyword)"&gt;);&lt;/span&gt;&lt;/code&gt;&lt;/li&gt;
&lt;li&gt;&lt;code&gt;&lt;span style="color: var(--highlight-keyword)"&gt;&amp;nbsp;&amp;nbsp;&amp;nbsp;&amp;nbsp;&amp;nbsp;&amp;nbsp;&amp;nbsp;&amp;nbsp;}&lt;/span&gt;&lt;/code&gt;&lt;/li&gt;&lt;/ol&gt;    &lt;/div&gt;            &lt;/div&gt;
                        &lt;div class="trace-line "&gt;
                &lt;div class="trace-line-header break-long-words sf-toggle" data-toggle-selector="#trace-html-3-5" data-toggle-initial=""&gt;
            &lt;span class="icon icon-close"&gt;&lt;svg width="1792" height="1792" viewBox="0 0 1792 1792" xmlns="http://www.w3.org/2000/svg"&gt;&lt;path d="M1408 960V832q0-26-19-45t-45-19H448q-26 0-45 19t-19 45v128q0 26 19 45t45 19h896q26 0 45-19t19-45zm256-544v960q0 119-84.5 203.5T1376 1664H416q-119 0-203.5-84.5T128 1376V416q0-119 84.5-203.5T416 128h960q119 0 203.5 84.5T1664 416z"/&gt;&lt;/svg&gt;&lt;/span&gt;
        &lt;span class="icon icon-open"&gt;&lt;svg width="1792" height="1792" viewBox="0 0 1792 1792" xmlns="http://www.w3.org/2000/svg"&gt;&lt;path d="M1408 960V832q0-26-19-45t-45-19h-320V448q0-26-19-45t-45-19H832q-26 0-45 19t-19 45v320H448q-26 0-45 19t-19 45v128q0 26 19 45t45 19h320v320q0 26 19 45t45 19h128q26 0 45-19t19-45v-320h320q26 0 45-19t19-45zm256-544v960q0 119-84.5 203.5T1376 1664H416q-119 0-203.5-84.5T128 1376V416q0-119 84.5-203.5T416 128h960q119 0 203.5 84.5T1664 416z"/&gt;&lt;/svg&gt;&lt;/span&gt;
    
            &lt;span class="trace-class"&gt;&lt;abbr title="Doctrine\DBAL\Connection"&gt;Connection&lt;/abbr&gt;&lt;/span&gt;&lt;span class="trace-type"&gt;-&gt;&lt;/span&gt;&lt;span class="trace-method"&gt;executeQuery&lt;/span&gt;&lt;span class="trace-arguments"&gt;()&lt;/span&gt;    
                    &lt;span class="block trace-file-path"&gt;
            in
            &lt;a href=""&gt;
                C:\Users\eman\Documents\GitHub\car_dealer\vendor\doctrine\orm\lib\Doctrine\ORM\Persisters\Entity\&lt;strong&gt;BasicEntityPersister.php&lt;/strong&gt;
            &lt;/a&gt;
                        (line 883)
            &lt;span class="icon icon-copy hidden" data-clipboard-text="C:\Users\eman\Documents\GitHub\car_dealer\vendor\doctrine\orm\lib\Doctrine\ORM\Persisters\Entity\BasicEntityPersister.php:883"&gt;
                &lt;svg xmlns="http://www.w3.org/2000/svg" height="24" viewBox="0 0 24 24" width="24"&gt;&lt;path d="M0 0h24v24H0z" fill="none"/&gt;&lt;path d="M16 1H4c-1.1 0-2 .9-2 2v14h2V3h12V1zm3 4H8c-1.1 0-2 .9-2 2v14c0 1.1.9 2 2 2h11c1.1 0 2-.9 2-2V7c0-1.1-.9-2-2-2zm0 16H8V7h11v14z"/&gt;&lt;/svg&gt;            &lt;/span&gt;
        &lt;/span&gt;
    &lt;/div&gt;
    &lt;div id="trace-html-3-5" class="trace-code sf-toggle-content"&gt;
        &lt;ol start="878"&gt;&lt;li&gt;&lt;code&gt;&lt;span style="color: var(--highlight-keyword)"&gt;&amp;nbsp;&amp;nbsp;&amp;nbsp;&amp;nbsp;{&lt;/span&gt;&lt;/code&gt;&lt;/li&gt;
&lt;li&gt;&lt;code&gt;&lt;span style="color: var(--highlight-keyword)"&gt;&amp;nbsp;&amp;nbsp;&amp;nbsp;&amp;nbsp;&amp;nbsp;&amp;nbsp;&amp;nbsp;&amp;nbsp;&lt;/span&gt;&lt;span style="color: var(--highlight-default)"&gt;$this&lt;/span&gt;&lt;span style="color: var(--highlight-keyword)"&gt;-&amp;gt;&lt;/span&gt;&lt;span style="color: var(--highlight-default)"&gt;switchPersisterContext&lt;/span&gt;&lt;span style="color: var(--highlight-keyword)"&gt;(&lt;/span&gt;&lt;span style="color: var(--highlight-default)"&gt;$offset&lt;/span&gt;&lt;span style="color: var(--highlight-keyword)"&gt;,&amp;nbsp;&lt;/span&gt;&lt;span style="color: var(--highlight-default)"&gt;$limit&lt;/span&gt;&lt;span style="color: var(--highlight-keyword)"&gt;);&lt;/span&gt;&lt;/code&gt;&lt;/li&gt;
&lt;li&gt;&lt;code&gt;&lt;span style="color: var(--highlight-keyword)"&gt;&lt;/span&gt;&lt;/code&gt;&lt;/li&gt;
&lt;li&gt;&lt;code&gt;&lt;span style="color: var(--highlight-keyword)"&gt;&amp;nbsp;&amp;nbsp;&amp;nbsp;&amp;nbsp;&amp;nbsp;&amp;nbsp;&amp;nbsp;&amp;nbsp;&lt;/span&gt;&lt;span style="color: var(--highlight-default)"&gt;$sql&amp;nbsp;&amp;nbsp;&amp;nbsp;&amp;nbsp;&amp;nbsp;&amp;nbsp;&amp;nbsp;&amp;nbsp;&amp;nbsp;&amp;nbsp;&amp;nbsp;&amp;nbsp;&amp;nbsp;&amp;nbsp;&lt;/span&gt;&lt;span style="color: var(--highlight-keyword)"&gt;=&amp;nbsp;&lt;/span&gt;&lt;span style="color: var(--highlight-default)"&gt;$this&lt;/span&gt;&lt;span style="color: var(--highlight-keyword)"&gt;-&amp;gt;&lt;/span&gt;&lt;span style="color: var(--highlight-default)"&gt;getSelectSQL&lt;/span&gt;&lt;span style="color: var(--highlight-keyword)"&gt;(&lt;/span&gt;&lt;span style="color: var(--highlight-default)"&gt;$criteria&lt;/span&gt;&lt;span style="color: var(--highlight-keyword)"&gt;,&amp;nbsp;&lt;/span&gt;&lt;span style="color: var(--highlight-default)"&gt;null&lt;/span&gt;&lt;span style="color: var(--highlight-keyword)"&gt;,&amp;nbsp;&lt;/span&gt;&lt;span style="color: var(--highlight-default)"&gt;null&lt;/span&gt;&lt;span style="color: var(--highlight-keyword)"&gt;,&amp;nbsp;&lt;/span&gt;&lt;span style="color: var(--highlight-default)"&gt;$limit&lt;/span&gt;&lt;span style="color: var(--highlight-keyword)"&gt;,&amp;nbsp;&lt;/span&gt;&lt;span style="color: var(--highlight-default)"&gt;$offset&lt;/span&gt;&lt;span style="color: var(--highlight-keyword)"&gt;,&amp;nbsp;&lt;/span&gt;&lt;span style="color: var(--highlight-default)"&gt;$orderBy&lt;/span&gt;&lt;span style="color: var(--highlight-keyword)"&gt;);&lt;/span&gt;&lt;/code&gt;&lt;/li&gt;
&lt;li&gt;&lt;code&gt;&lt;span style="color: var(--highlight-keyword)"&gt;&amp;nbsp;&amp;nbsp;&amp;nbsp;&amp;nbsp;&amp;nbsp;&amp;nbsp;&amp;nbsp;&amp;nbsp;[&lt;/span&gt;&lt;span style="color: var(--highlight-default)"&gt;$params&lt;/span&gt;&lt;span style="color: var(--highlight-keyword)"&gt;,&amp;nbsp;&lt;/span&gt;&lt;span style="color: var(--highlight-default)"&gt;$types&lt;/span&gt;&lt;span style="color: var(--highlight-keyword)"&gt;]&amp;nbsp;=&amp;nbsp;&lt;/span&gt;&lt;span style="color: var(--highlight-default)"&gt;$this&lt;/span&gt;&lt;span style="color: var(--highlight-keyword)"&gt;-&amp;gt;&lt;/span&gt;&lt;span style="color: var(--highlight-default)"&gt;expandParameters&lt;/span&gt;&lt;span style="color: var(--highlight-keyword)"&gt;(&lt;/span&gt;&lt;span style="color: var(--highlight-default)"&gt;$criteria&lt;/span&gt;&lt;span style="color: var(--highlight-keyword)"&gt;);&lt;/span&gt;&lt;/code&gt;&lt;/li&gt;
&lt;li class="selected"&gt;&lt;code&gt;&lt;span style="color: var(--highlight-keyword)"&gt;&amp;nbsp;&amp;nbsp;&amp;nbsp;&amp;nbsp;&amp;nbsp;&amp;nbsp;&amp;nbsp;&amp;nbsp;&lt;/span&gt;&lt;span style="color: var(--highlight-default)"&gt;$stmt&amp;nbsp;&amp;nbsp;&amp;nbsp;&amp;nbsp;&amp;nbsp;&amp;nbsp;&amp;nbsp;&amp;nbsp;&amp;nbsp;&amp;nbsp;&amp;nbsp;&amp;nbsp;&amp;nbsp;&lt;/span&gt;&lt;span style="color: var(--highlight-keyword)"&gt;=&amp;nbsp;&lt;/span&gt;&lt;span style="color: var(--highlight-default)"&gt;$this&lt;/span&gt;&lt;span style="color: var(--highlight-keyword)"&gt;-&amp;gt;&lt;/span&gt;&lt;span style="color: var(--highlight-default)"&gt;conn&lt;/span&gt;&lt;span style="color: var(--highlight-keyword)"&gt;-&amp;gt;&lt;/span&gt;&lt;span style="color: var(--highlight-default)"&gt;executeQuery&lt;/span&gt;&lt;span style="color: var(--highlight-keyword)"&gt;(&lt;/span&gt;&lt;span style="color: var(--highlight-default)"&gt;$sql&lt;/span&gt;&lt;span style="color: var(--highlight-keyword)"&gt;,&amp;nbsp;&lt;/span&gt;&lt;span style="color: var(--highlight-default)"&gt;$params&lt;/span&gt;&lt;span style="color: var(--highlight-keyword)"&gt;,&amp;nbsp;&lt;/span&gt;&lt;span style="color: var(--highlight-default)"&gt;$types&lt;/span&gt;&lt;span style="color: var(--highlight-keyword)"&gt;);&lt;/span&gt;&lt;/code&gt;&lt;/li&gt;
&lt;li&gt;&lt;code&gt;&lt;span style="color: var(--highlight-keyword)"&gt;&lt;/span&gt;&lt;/code&gt;&lt;/li&gt;
&lt;li&gt;&lt;code&gt;&lt;span style="color: var(--highlight-keyword)"&gt;&amp;nbsp;&amp;nbsp;&amp;nbsp;&amp;nbsp;&amp;nbsp;&amp;nbsp;&amp;nbsp;&amp;nbsp;&lt;/span&gt;&lt;span style="color: var(--highlight-default)"&gt;$hydrator&amp;nbsp;&lt;/span&gt;&lt;span style="color: var(--highlight-keyword)"&gt;=&amp;nbsp;&lt;/span&gt;&lt;span style="color: var(--highlight-default)"&gt;$this&lt;/span&gt;&lt;span style="color: var(--highlight-keyword)"&gt;-&amp;gt;&lt;/span&gt;&lt;span style="color: var(--highlight-default)"&gt;em&lt;/span&gt;&lt;span style="color: var(--highlight-keyword)"&gt;-&amp;gt;&lt;/span&gt;&lt;span style="color: var(--highlight-default)"&gt;newHydrator&lt;/span&gt;&lt;span style="color: var(--highlight-keyword)"&gt;(&lt;/span&gt;&lt;span style="color: var(--highlight-default)"&gt;$this&lt;/span&gt;&lt;span style="color: var(--highlight-keyword)"&gt;-&amp;gt;&lt;/span&gt;&lt;span style="color: var(--highlight-default)"&gt;currentPersisterContext&lt;/span&gt;&lt;span style="color: var(--highlight-keyword)"&gt;-&amp;gt;&lt;/span&gt;&lt;span style="color: var(--highlight-default)"&gt;selectJoinSql&amp;nbsp;&lt;/span&gt;&lt;span style="color: var(--highlight-keyword)"&gt;?&amp;nbsp;&lt;/span&gt;&lt;span style="color: var(--highlight-default)"&gt;Query&lt;/span&gt;&lt;span style="color: var(--highlight-keyword)"&gt;::&lt;/span&gt;&lt;span style="color: var(--highlight-default)"&gt;HYDRATE_OBJECT&amp;nbsp;&lt;/span&gt;&lt;span style="color: var(--highlight-keyword)"&gt;:&amp;nbsp;&lt;/span&gt;&lt;span style="color: var(--highlight-default)"&gt;Query&lt;/span&gt;&lt;span style="color: var(--highlight-keyword)"&gt;::&lt;/span&gt;&lt;span style="color: var(--highlight-default)"&gt;HYDRATE_SIMPLEOBJECT&lt;/span&gt;&lt;span style="color: var(--highlight-keyword)"&gt;);&lt;/span&gt;&lt;/code&gt;&lt;/li&gt;
&lt;li&gt;&lt;code&gt;&lt;span style="color: var(--highlight-keyword)"&gt;&lt;/span&gt;&lt;/code&gt;&lt;/li&gt;
&lt;li&gt;&lt;code&gt;&lt;span style="color: var(--highlight-keyword)"&gt;&amp;nbsp;&amp;nbsp;&amp;nbsp;&amp;nbsp;&amp;nbsp;&amp;nbsp;&amp;nbsp;&amp;nbsp;return&amp;nbsp;&lt;/span&gt;&lt;span style="color: var(--highlight-default)"&gt;$hydrator&lt;/span&gt;&lt;span style="color: var(--highlight-keyword)"&gt;-&amp;gt;&lt;/span&gt;&lt;span style="color: var(--highlight-default)"&gt;hydrateAll&lt;/span&gt;&lt;span style="color: var(--highlight-keyword)"&gt;(&lt;/span&gt;&lt;span style="color: var(--highlight-default)"&gt;$stmt&lt;/span&gt;&lt;span style="color: var(--highlight-keyword)"&gt;,&amp;nbsp;&lt;/span&gt;&lt;span style="color: var(--highlight-default)"&gt;$this&lt;/span&gt;&lt;span style="color: var(--highlight-keyword)"&gt;-&amp;gt;&lt;/span&gt;&lt;span style="color: var(--highlight-default)"&gt;currentPersisterContext&lt;/span&gt;&lt;span style="color: var(--highlight-keyword)"&gt;-&amp;gt;&lt;/span&gt;&lt;span style="color: var(--highlight-default)"&gt;rsm&lt;/span&gt;&lt;span style="color: var(--highlight-keyword)"&gt;,&amp;nbsp;[&lt;/span&gt;&lt;span style="color: var(--highlight-default)"&gt;UnitOfWork&lt;/span&gt;&lt;span style="color: var(--highlight-keyword)"&gt;::&lt;/span&gt;&lt;span style="color: var(--highlight-default)"&gt;HINT_DEFEREAGERLOAD&amp;nbsp;&lt;/span&gt;&lt;span style="color: var(--highlight-keyword)"&gt;=&amp;gt;&amp;nbsp;&lt;/span&gt;&lt;span style="color: var(--highlight-default)"&gt;true&lt;/span&gt;&lt;span style="color: var(--highlight-keyword)"&gt;]);&lt;/span&gt;&lt;/code&gt;&lt;/li&gt;
&lt;li&gt;&lt;code&gt;&lt;span style="color: var(--highlight-keyword)"&gt;&amp;nbsp;&amp;nbsp;&amp;nbsp;&amp;nbsp;}&lt;/span&gt;&lt;/code&gt;&lt;/li&gt;&lt;/ol&gt;    &lt;/div&gt;            &lt;/div&gt;
                        &lt;div class="trace-line "&gt;
                &lt;div class="trace-line-header break-long-words sf-toggle" data-toggle-selector="#trace-html-3-6" data-toggle-initial=""&gt;
            &lt;span class="icon icon-close"&gt;&lt;svg width="1792" height="1792" viewBox="0 0 1792 1792" xmlns="http://www.w3.org/2000/svg"&gt;&lt;path d="M1408 960V832q0-26-19-45t-45-19H448q-26 0-45 19t-19 45v128q0 26 19 45t45 19h896q26 0 45-19t19-45zm256-544v960q0 119-84.5 203.5T1376 1664H416q-119 0-203.5-84.5T128 1376V416q0-119 84.5-203.5T416 128h960q119 0 203.5 84.5T1664 416z"/&gt;&lt;/svg&gt;&lt;/span&gt;
        &lt;span class="icon icon-open"&gt;&lt;svg width="1792" height="1792" viewBox="0 0 1792 1792" xmlns="http://www.w3.org/2000/svg"&gt;&lt;path d="M1408 960V832q0-26-19-45t-45-19h-320V448q0-26-19-45t-45-19H832q-26 0-45 19t-19 45v320H448q-26 0-45 19t-19 45v128q0 26 19 45t45 19h320v320q0 26 19 45t45 19h128q26 0 45-19t19-45v-320h320q26 0 45-19t19-45zm256-544v960q0 119-84.5 203.5T1376 1664H416q-119 0-203.5-84.5T128 1376V416q0-119 84.5-203.5T416 128h960q119 0 203.5 84.5T1664 416z"/&gt;&lt;/svg&gt;&lt;/span&gt;
    
            &lt;span class="trace-class"&gt;&lt;abbr title="Doctrine\ORM\Persisters\Entity\BasicEntityPersister"&gt;BasicEntityPersister&lt;/abbr&gt;&lt;/span&gt;&lt;span class="trace-type"&gt;-&gt;&lt;/span&gt;&lt;span class="trace-method"&gt;loadAll&lt;/span&gt;&lt;span class="trace-arguments"&gt;()&lt;/span&gt;    
                    &lt;span class="block trace-file-path"&gt;
            in
            &lt;a href=""&gt;
                C:\Users\eman\Documents\GitHub\car_dealer\vendor\doctrine\orm\lib\Doctrine\ORM\&lt;strong&gt;EntityRepository.php&lt;/strong&gt;
            &lt;/a&gt;
                        (line 202)
            &lt;span class="icon icon-copy hidden" data-clipboard-text="C:\Users\eman\Documents\GitHub\car_dealer\vendor\doctrine\orm\lib\Doctrine\ORM\EntityRepository.php:202"&gt;
                &lt;svg xmlns="http://www.w3.org/2000/svg" height="24" viewBox="0 0 24 24" width="24"&gt;&lt;path d="M0 0h24v24H0z" fill="none"/&gt;&lt;path d="M16 1H4c-1.1 0-2 .9-2 2v14h2V3h12V1zm3 4H8c-1.1 0-2 .9-2 2v14c0 1.1.9 2 2 2h11c1.1 0 2-.9 2-2V7c0-1.1-.9-2-2-2zm0 16H8V7h11v14z"/&gt;&lt;/svg&gt;            &lt;/span&gt;
        &lt;/span&gt;
    &lt;/div&gt;
    &lt;div id="trace-html-3-6" class="trace-code sf-toggle-content"&gt;
        &lt;ol start="197"&gt;&lt;li&gt;&lt;code&gt;&lt;span style="color: var(--highlight-comment)"&gt;&amp;nbsp;&amp;nbsp;&amp;nbsp;&amp;nbsp;&amp;nbsp;*/&lt;/span&gt;&lt;/code&gt;&lt;/li&gt;
&lt;li&gt;&lt;code&gt;&lt;span style="color: var(--highlight-comment)"&gt;&amp;nbsp;&amp;nbsp;&amp;nbsp;&amp;nbsp;&lt;/span&gt;&lt;span style="color: var(--highlight-keyword)"&gt;public&amp;nbsp;function&amp;nbsp;&lt;/span&gt;&lt;span style="color: var(--highlight-default)"&gt;findBy&lt;/span&gt;&lt;span style="color: var(--highlight-keyword)"&gt;(array&amp;nbsp;&lt;/span&gt;&lt;span style="color: var(--highlight-default)"&gt;$criteria&lt;/span&gt;&lt;span style="color: var(--highlight-keyword)"&gt;,&amp;nbsp;?array&amp;nbsp;&lt;/span&gt;&lt;span style="color: var(--highlight-default)"&gt;$orderBy&amp;nbsp;&lt;/span&gt;&lt;span style="color: var(--highlight-keyword)"&gt;=&amp;nbsp;&lt;/span&gt;&lt;span style="color: var(--highlight-default)"&gt;null&lt;/span&gt;&lt;span style="color: var(--highlight-keyword)"&gt;,&amp;nbsp;&lt;/span&gt;&lt;span style="color: var(--highlight-default)"&gt;$limit&amp;nbsp;&lt;/span&gt;&lt;span style="color: var(--highlight-keyword)"&gt;=&amp;nbsp;&lt;/span&gt;&lt;span style="color: var(--highlight-default)"&gt;null&lt;/span&gt;&lt;span style="color: var(--highlight-keyword)"&gt;,&amp;nbsp;&lt;/span&gt;&lt;span style="color: var(--highlight-default)"&gt;$offset&amp;nbsp;&lt;/span&gt;&lt;span style="color: var(--highlight-keyword)"&gt;=&amp;nbsp;&lt;/span&gt;&lt;span style="color: var(--highlight-default)"&gt;null&lt;/span&gt;&lt;span style="color: var(--highlight-keyword)"&gt;)&lt;/span&gt;&lt;/code&gt;&lt;/li&gt;
&lt;li&gt;&lt;code&gt;&lt;span style="color: var(--highlight-keyword)"&gt;&amp;nbsp;&amp;nbsp;&amp;nbsp;&amp;nbsp;{&lt;/span&gt;&lt;/code&gt;&lt;/li&gt;
&lt;li&gt;&lt;code&gt;&lt;span style="color: var(--highlight-keyword)"&gt;&amp;nbsp;&amp;nbsp;&amp;nbsp;&amp;nbsp;&amp;nbsp;&amp;nbsp;&amp;nbsp;&amp;nbsp;&lt;/span&gt;&lt;span style="color: var(--highlight-default)"&gt;$persister&amp;nbsp;&lt;/span&gt;&lt;span style="color: var(--highlight-keyword)"&gt;=&amp;nbsp;&lt;/span&gt;&lt;span style="color: var(--highlight-default)"&gt;$this&lt;/span&gt;&lt;span style="color: var(--highlight-keyword)"&gt;-&amp;gt;&lt;/span&gt;&lt;span style="color: var(--highlight-default)"&gt;_em&lt;/span&gt;&lt;span style="color: var(--highlight-keyword)"&gt;-&amp;gt;&lt;/span&gt;&lt;span style="color: var(--highlight-default)"&gt;getUnitOfWork&lt;/span&gt;&lt;span style="color: var(--highlight-keyword)"&gt;()-&amp;gt;&lt;/span&gt;&lt;span style="color: var(--highlight-default)"&gt;getEntityPersister&lt;/span&gt;&lt;span style="color: var(--highlight-keyword)"&gt;(&lt;/span&gt;&lt;span style="color: var(--highlight-default)"&gt;$this&lt;/span&gt;&lt;span style="color: var(--highlight-keyword)"&gt;-&amp;gt;&lt;/span&gt;&lt;span style="color: var(--highlight-default)"&gt;_entityName&lt;/span&gt;&lt;span style="color: var(--highlight-keyword)"&gt;);&lt;/span&gt;&lt;/code&gt;&lt;/li&gt;
&lt;li&gt;&lt;code&gt;&lt;span style="color: var(--highlight-keyword)"&gt;&lt;/span&gt;&lt;/code&gt;&lt;/li&gt;
&lt;li class="selected"&gt;&lt;code&gt;&lt;span style="color: var(--highlight-keyword)"&gt;&amp;nbsp;&amp;nbsp;&amp;nbsp;&amp;nbsp;&amp;nbsp;&amp;nbsp;&amp;nbsp;&amp;nbsp;return&amp;nbsp;&lt;/span&gt;&lt;span style="color: var(--highlight-default)"&gt;$persister&lt;/span&gt;&lt;span style="color: var(--highlight-keyword)"&gt;-&amp;gt;&lt;/span&gt;&lt;span style="color: var(--highlight-default)"&gt;loadAll&lt;/span&gt;&lt;span style="color: var(--highlight-keyword)"&gt;(&lt;/span&gt;&lt;span style="color: var(--highlight-default)"&gt;$criteria&lt;/span&gt;&lt;span style="color: var(--highlight-keyword)"&gt;,&amp;nbsp;&lt;/span&gt;&lt;span style="color: var(--highlight-default)"&gt;$orderBy&lt;/span&gt;&lt;span style="color: var(--highlight-keyword)"&gt;,&amp;nbsp;&lt;/span&gt;&lt;span style="color: var(--highlight-default)"&gt;$limit&lt;/span&gt;&lt;span style="color: var(--highlight-keyword)"&gt;,&amp;nbsp;&lt;/span&gt;&lt;span style="color: var(--highlight-default)"&gt;$offset&lt;/span&gt;&lt;span style="color: var(--highlight-keyword)"&gt;);&lt;/span&gt;&lt;/code&gt;&lt;/li&gt;
&lt;li&gt;&lt;code&gt;&lt;span style="color: var(--highlight-keyword)"&gt;&amp;nbsp;&amp;nbsp;&amp;nbsp;&amp;nbsp;}&lt;/span&gt;&lt;/code&gt;&lt;/li&gt;
&lt;li&gt;&lt;code&gt;&lt;span style="color: var(--highlight-keyword)"&gt;&lt;/span&gt;&lt;/code&gt;&lt;/li&gt;
&lt;li&gt;&lt;code&gt;&lt;span style="color: var(--highlight-keyword)"&gt;&amp;nbsp;&amp;nbsp;&amp;nbsp;&amp;nbsp;&lt;/span&gt;&lt;span style="color: var(--highlight-comment)"&gt;/**&lt;/span&gt;&lt;/code&gt;&lt;/li&gt;
&lt;li&gt;&lt;code&gt;&lt;span style="color: var(--highlight-comment)"&gt;&amp;nbsp;&amp;nbsp;&amp;nbsp;&amp;nbsp;&amp;nbsp;*&amp;nbsp;Finds&amp;nbsp;a&amp;nbsp;single&amp;nbsp;entity&amp;nbsp;by&amp;nbsp;a&amp;nbsp;set&amp;nbsp;of&amp;nbsp;criteria.&lt;/span&gt;&lt;/code&gt;&lt;/li&gt;
&lt;li&gt;&lt;code&gt;&lt;span style="color: var(--highlight-comment)"&gt;&amp;nbsp;&amp;nbsp;&amp;nbsp;&amp;nbsp;&amp;nbsp;*&lt;/span&gt;&lt;/code&gt;&lt;/li&gt;&lt;/ol&gt;    &lt;/div&gt;            &lt;/div&gt;
                        &lt;div class="trace-line "&gt;
                &lt;div class="trace-line-header break-long-words sf-toggle" data-toggle-selector="#trace-html-3-7" data-toggle-initial=""&gt;
            &lt;span class="icon icon-close"&gt;&lt;svg width="1792" height="1792" viewBox="0 0 1792 1792" xmlns="http://www.w3.org/2000/svg"&gt;&lt;path d="M1408 960V832q0-26-19-45t-45-19H448q-26 0-45 19t-19 45v128q0 26 19 45t45 19h896q26 0 45-19t19-45zm256-544v960q0 119-84.5 203.5T1376 1664H416q-119 0-203.5-84.5T128 1376V416q0-119 84.5-203.5T416 128h960q119 0 203.5 84.5T1664 416z"/&gt;&lt;/svg&gt;&lt;/span&gt;
        &lt;span class="icon icon-open"&gt;&lt;svg width="1792" height="1792" viewBox="0 0 1792 1792" xmlns="http://www.w3.org/2000/svg"&gt;&lt;path d="M1408 960V832q0-26-19-45t-45-19h-320V448q0-26-19-45t-45-19H832q-26 0-45 19t-19 45v320H448q-26 0-45 19t-19 45v128q0 26 19 45t45 19h320v320q0 26 19 45t45 19h128q26 0 45-19t19-45v-320h320q26 0 45-19t19-45zm256-544v960q0 119-84.5 203.5T1376 1664H416q-119 0-203.5-84.5T128 1376V416q0-119 84.5-203.5T416 128h960q119 0 203.5 84.5T1664 416z"/&gt;&lt;/svg&gt;&lt;/span&gt;
    
            &lt;span class="trace-class"&gt;&lt;abbr title="Doctrine\ORM\EntityRepository"&gt;EntityRepository&lt;/abbr&gt;&lt;/span&gt;&lt;span class="trace-type"&gt;-&gt;&lt;/span&gt;&lt;span class="trace-method"&gt;findBy&lt;/span&gt;&lt;span class="trace-arguments"&gt;()&lt;/span&gt;    
                    &lt;span class="block trace-file-path"&gt;
            in
            &lt;a href=""&gt;
                C:\Users\eman\Documents\GitHub\car_dealer\vendor\doctrine\orm\lib\Doctrine\ORM\&lt;strong&gt;EntityRepository.php&lt;/strong&gt;
            &lt;/a&gt;
                        (line 184)
            &lt;span class="icon icon-copy hidden" data-clipboard-text="C:\Users\eman\Documents\GitHub\car_dealer\vendor\doctrine\orm\lib\Doctrine\ORM\EntityRepository.php:184"&gt;
                &lt;svg xmlns="http://www.w3.org/2000/svg" height="24" viewBox="0 0 24 24" width="24"&gt;&lt;path d="M0 0h24v24H0z" fill="none"/&gt;&lt;path d="M16 1H4c-1.1 0-2 .9-2 2v14h2V3h12V1zm3 4H8c-1.1 0-2 .9-2 2v14c0 1.1.9 2 2 2h11c1.1 0 2-.9 2-2V7c0-1.1-.9-2-2-2zm0 16H8V7h11v14z"/&gt;&lt;/svg&gt;            &lt;/span&gt;
        &lt;/span&gt;
    &lt;/div&gt;
    &lt;div id="trace-html-3-7" class="trace-code sf-toggle-content"&gt;
        &lt;ol start="179"&gt;&lt;li&gt;&lt;code&gt;&lt;span style="color: var(--highlight-comment)"&gt;&amp;nbsp;&amp;nbsp;&amp;nbsp;&amp;nbsp;&amp;nbsp;*&lt;/span&gt;&lt;/code&gt;&lt;/li&gt;
&lt;li&gt;&lt;code&gt;&lt;span style="color: var(--highlight-comment)"&gt;&amp;nbsp;&amp;nbsp;&amp;nbsp;&amp;nbsp;&amp;nbsp;*&amp;nbsp;@psalm-return&amp;nbsp;list&amp;lt;T&amp;gt;&amp;nbsp;The&amp;nbsp;entities.&lt;/span&gt;&lt;/code&gt;&lt;/li&gt;
&lt;li&gt;&lt;code&gt;&lt;span style="color: var(--highlight-comment)"&gt;&amp;nbsp;&amp;nbsp;&amp;nbsp;&amp;nbsp;&amp;nbsp;*/&lt;/span&gt;&lt;/code&gt;&lt;/li&gt;
&lt;li&gt;&lt;code&gt;&lt;span style="color: var(--highlight-comment)"&gt;&amp;nbsp;&amp;nbsp;&amp;nbsp;&amp;nbsp;&lt;/span&gt;&lt;span style="color: var(--highlight-keyword)"&gt;public&amp;nbsp;function&amp;nbsp;&lt;/span&gt;&lt;span style="color: var(--highlight-default)"&gt;findAll&lt;/span&gt;&lt;span style="color: var(--highlight-keyword)"&gt;()&lt;/span&gt;&lt;/code&gt;&lt;/li&gt;
&lt;li&gt;&lt;code&gt;&lt;span style="color: var(--highlight-keyword)"&gt;&amp;nbsp;&amp;nbsp;&amp;nbsp;&amp;nbsp;{&lt;/span&gt;&lt;/code&gt;&lt;/li&gt;
&lt;li class="selected"&gt;&lt;code&gt;&lt;span style="color: var(--highlight-keyword)"&gt;&amp;nbsp;&amp;nbsp;&amp;nbsp;&amp;nbsp;&amp;nbsp;&amp;nbsp;&amp;nbsp;&amp;nbsp;return&amp;nbsp;&lt;/span&gt;&lt;span style="color: var(--highlight-default)"&gt;$this&lt;/span&gt;&lt;span style="color: var(--highlight-keyword)"&gt;-&amp;gt;&lt;/span&gt;&lt;span style="color: var(--highlight-default)"&gt;findBy&lt;/span&gt;&lt;span style="color: var(--highlight-keyword)"&gt;([]);&lt;/span&gt;&lt;/code&gt;&lt;/li&gt;
&lt;li&gt;&lt;code&gt;&lt;span style="color: var(--highlight-keyword)"&gt;&amp;nbsp;&amp;nbsp;&amp;nbsp;&amp;nbsp;}&lt;/span&gt;&lt;/code&gt;&lt;/li&gt;
&lt;li&gt;&lt;code&gt;&lt;span style="color: var(--highlight-keyword)"&gt;&lt;/span&gt;&lt;/code&gt;&lt;/li&gt;
&lt;li&gt;&lt;code&gt;&lt;span style="color: var(--highlight-keyword)"&gt;&amp;nbsp;&amp;nbsp;&amp;nbsp;&amp;nbsp;&lt;/span&gt;&lt;span style="color: var(--highlight-comment)"&gt;/**&lt;/span&gt;&lt;/code&gt;&lt;/li&gt;
&lt;li&gt;&lt;code&gt;&lt;span style="color: var(--highlight-comment)"&gt;&amp;nbsp;&amp;nbsp;&amp;nbsp;&amp;nbsp;&amp;nbsp;*&amp;nbsp;Finds&amp;nbsp;entities&amp;nbsp;by&amp;nbsp;a&amp;nbsp;set&amp;nbsp;of&amp;nbsp;criteria.&lt;/span&gt;&lt;/code&gt;&lt;/li&gt;
&lt;li&gt;&lt;code&gt;&lt;span style="color: var(--highlight-comment)"&gt;&amp;nbsp;&amp;nbsp;&amp;nbsp;&amp;nbsp;&amp;nbsp;*&lt;/span&gt;&lt;/code&gt;&lt;/li&gt;&lt;/ol&gt;    &lt;/div&gt;            &lt;/div&gt;
                        &lt;div class="trace-line "&gt;
                &lt;div class="trace-line-header break-long-words sf-toggle" data-toggle-selector="#trace-html-3-8" data-toggle-initial=""&gt;
            &lt;span class="icon icon-close"&gt;&lt;svg width="1792" height="1792" viewBox="0 0 1792 1792" xmlns="http://www.w3.org/2000/svg"&gt;&lt;path d="M1408 960V832q0-26-19-45t-45-19H448q-26 0-45 19t-19 45v128q0 26 19 45t45 19h896q26 0 45-19t19-45zm256-544v960q0 119-84.5 203.5T1376 1664H416q-119 0-203.5-84.5T128 1376V416q0-119 84.5-203.5T416 128h960q119 0 203.5 84.5T1664 416z"/&gt;&lt;/svg&gt;&lt;/span&gt;
        &lt;span class="icon icon-open"&gt;&lt;svg width="1792" height="1792" viewBox="0 0 1792 1792" xmlns="http://www.w3.org/2000/svg"&gt;&lt;path d="M1408 960V832q0-26-19-45t-45-19h-320V448q0-26-19-45t-45-19H832q-26 0-45 19t-19 45v320H448q-26 0-45 19t-19 45v128q0 26 19 45t45 19h320v320q0 26 19 45t45 19h128q26 0 45-19t19-45v-320h320q26 0 45-19t19-45zm256-544v960q0 119-84.5 203.5T1376 1664H416q-119 0-203.5-84.5T128 1376V416q0-119 84.5-203.5T416 128h960q119 0 203.5 84.5T1664 416z"/&gt;&lt;/svg&gt;&lt;/span&gt;
    
            &lt;span class="trace-class"&gt;&lt;abbr title="Doctrine\ORM\EntityRepository"&gt;EntityRepository&lt;/abbr&gt;&lt;/span&gt;&lt;span class="trace-type"&gt;-&gt;&lt;/span&gt;&lt;span class="trace-method"&gt;findAll&lt;/span&gt;&lt;span class="trace-arguments"&gt;()&lt;/span&gt;    
                    &lt;span class="block trace-file-path"&gt;
            in
            &lt;a href=""&gt;
                C:\Users\eman\Documents\GitHub\car_dealer\src\Controller\&lt;strong&gt;CarPublicController.php&lt;/strong&gt;
            &lt;/a&gt;
                        (line 21)
            &lt;span class="icon icon-copy hidden" data-clipboard-text="C:\Users\eman\Documents\GitHub\car_dealer\src\Controller\CarPublicController.php:21"&gt;
                &lt;svg xmlns="http://www.w3.org/2000/svg" height="24" viewBox="0 0 24 24" width="24"&gt;&lt;path d="M0 0h24v24H0z" fill="none"/&gt;&lt;path d="M16 1H4c-1.1 0-2 .9-2 2v14h2V3h12V1zm3 4H8c-1.1 0-2 .9-2 2v14c0 1.1.9 2 2 2h11c1.1 0 2-.9 2-2V7c0-1.1-.9-2-2-2zm0 16H8V7h11v14z"/&gt;&lt;/svg&gt;            &lt;/span&gt;
        &lt;/span&gt;
    &lt;/div&gt;
    &lt;div id="trace-html-3-8" class="trace-code sf-toggle-content"&gt;
        &lt;ol start="16"&gt;&lt;li&gt;&lt;code&gt;&lt;span style="color: var(--highlight-keyword)"&gt;&amp;nbsp;&amp;nbsp;&amp;nbsp;&amp;nbsp;&amp;nbsp;&amp;nbsp;&amp;nbsp;&amp;nbsp;&lt;/span&gt;&lt;span style="color: var(--highlight-default)"&gt;$template&amp;nbsp;&lt;/span&gt;&lt;span style="color: var(--highlight-keyword)"&gt;=&amp;nbsp;&lt;/span&gt;&lt;span style="color: var(--highlight-string)"&gt;'carPublic/index.html.twig'&lt;/span&gt;&lt;span style="color: var(--highlight-keyword)"&gt;;&#13;&lt;/span&gt;&lt;/code&gt;&lt;/li&gt;
&lt;li&gt;&lt;code&gt;&lt;span style="color: var(--highlight-keyword)"&gt;&amp;nbsp;&amp;nbsp;&amp;nbsp;&amp;nbsp;&amp;nbsp;&amp;nbsp;&amp;nbsp;&amp;nbsp;&lt;/span&gt;&lt;span style="color: var(--highlight-default)"&gt;$argsArray&amp;nbsp;&lt;/span&gt;&lt;span style="color: var(--highlight-keyword)"&gt;=&amp;nbsp;[];&#13;&lt;/span&gt;&lt;/code&gt;&lt;/li&gt;
&lt;li&gt;&lt;code&gt;&lt;span style="color: var(--highlight-keyword)"&gt;&#13;&lt;/span&gt;&lt;/code&gt;&lt;/li&gt;
&lt;li&gt;&lt;code&gt;&lt;span style="color: var(--highlight-keyword)"&gt;&amp;nbsp;&amp;nbsp;&amp;nbsp;&amp;nbsp;&amp;nbsp;&amp;nbsp;&amp;nbsp;&amp;nbsp;return&amp;nbsp;&lt;/span&gt;&lt;span style="color: var(--highlight-default)"&gt;$this&lt;/span&gt;&lt;span style="color: var(--highlight-keyword)"&gt;-&amp;gt;&lt;/span&gt;&lt;span style="color: var(--highlight-default)"&gt;render&lt;/span&gt;&lt;span style="color: var(--highlight-keyword)"&gt;(&lt;/span&gt;&lt;span style="color: var(--highlight-default)"&gt;$template&lt;/span&gt;&lt;span style="color: var(--highlight-keyword)"&gt;,&amp;nbsp;[&#13;&lt;/span&gt;&lt;/code&gt;&lt;/li&gt;
&lt;li&gt;&lt;code&gt;&lt;span style="color: var(--highlight-keyword)"&gt;&amp;nbsp;&amp;nbsp;&amp;nbsp;&amp;nbsp;&amp;nbsp;&amp;nbsp;&amp;nbsp;&amp;nbsp;&amp;nbsp;&amp;nbsp;&amp;nbsp;&amp;nbsp;&lt;/span&gt;&lt;span style="color: var(--highlight-string)"&gt;'controller_name'&amp;nbsp;&lt;/span&gt;&lt;span style="color: var(--highlight-keyword)"&gt;=&amp;gt;&amp;nbsp;&lt;/span&gt;&lt;span style="color: var(--highlight-string)"&gt;'CarPublicController'&lt;/span&gt;&lt;span style="color: var(--highlight-keyword)"&gt;,&#13;&lt;/span&gt;&lt;/code&gt;&lt;/li&gt;
&lt;li class="selected"&gt;&lt;code&gt;&lt;span style="color: var(--highlight-keyword)"&gt;&amp;nbsp;&amp;nbsp;&amp;nbsp;&amp;nbsp;&amp;nbsp;&amp;nbsp;&amp;nbsp;&amp;nbsp;&amp;nbsp;&amp;nbsp;&amp;nbsp;&amp;nbsp;&lt;/span&gt;&lt;span style="color: var(--highlight-string)"&gt;'cars'&amp;nbsp;&lt;/span&gt;&lt;span style="color: var(--highlight-keyword)"&gt;=&amp;gt;&amp;nbsp;&lt;/span&gt;&lt;span style="color: var(--highlight-default)"&gt;$carRepository&lt;/span&gt;&lt;span style="color: var(--highlight-keyword)"&gt;-&amp;gt;&lt;/span&gt;&lt;span style="color: var(--highlight-default)"&gt;findAll&lt;/span&gt;&lt;span style="color: var(--highlight-keyword)"&gt;()&#13;&lt;/span&gt;&lt;/code&gt;&lt;/li&gt;
&lt;li&gt;&lt;code&gt;&lt;span style="color: var(--highlight-keyword)"&gt;&amp;nbsp;&amp;nbsp;&amp;nbsp;&amp;nbsp;&amp;nbsp;&amp;nbsp;&amp;nbsp;&amp;nbsp;]);&#13;&lt;/span&gt;&lt;/code&gt;&lt;/li&gt;
&lt;li&gt;&lt;code&gt;&lt;span style="color: var(--highlight-keyword)"&gt;&amp;nbsp;&amp;nbsp;&amp;nbsp;&amp;nbsp;}&#13;&lt;/span&gt;&lt;/code&gt;&lt;/li&gt;
&lt;li&gt;&lt;code&gt;&lt;span style="color: var(--highlight-keyword)"&gt;&#13;&lt;/span&gt;&lt;/code&gt;&lt;/li&gt;
&lt;li&gt;&lt;code&gt;&lt;span style="color: var(--highlight-keyword)"&gt;&amp;nbsp;&amp;nbsp;&amp;nbsp;&amp;nbsp;#[&lt;/span&gt;&lt;span style="color: var(--highlight-default)"&gt;Route&lt;/span&gt;&lt;span style="color: var(--highlight-keyword)"&gt;(&lt;/span&gt;&lt;span style="color: var(--highlight-string)"&gt;'/car/{id}/show'&lt;/span&gt;&lt;span style="color: var(--highlight-keyword)"&gt;,&amp;nbsp;&lt;/span&gt;&lt;span style="color: var(--highlight-default)"&gt;name&lt;/span&gt;&lt;span style="color: var(--highlight-keyword)"&gt;:&amp;nbsp;&lt;/span&gt;&lt;span style="color: var(--highlight-string)"&gt;'App_car_show_public'&lt;/span&gt;&lt;span style="color: var(--highlight-keyword)"&gt;,&amp;nbsp;&lt;/span&gt;&lt;span style="color: var(--highlight-default)"&gt;methods&lt;/span&gt;&lt;span style="color: var(--highlight-keyword)"&gt;:&amp;nbsp;[&lt;/span&gt;&lt;span style="color: var(--highlight-string)"&gt;'GET'&lt;/span&gt;&lt;span style="color: var(--highlight-keyword)"&gt;])]&#13;&lt;/span&gt;&lt;/code&gt;&lt;/li&gt;
&lt;li&gt;&lt;code&gt;&lt;span style="color: var(--highlight-keyword)"&gt;&amp;nbsp;&amp;nbsp;&amp;nbsp;&amp;nbsp;public&amp;nbsp;function&amp;nbsp;&lt;/span&gt;&lt;span style="color: var(--highlight-default)"&gt;show&lt;/span&gt;&lt;span style="color: var(--highlight-keyword)"&gt;(&lt;/span&gt;&lt;span style="color: var(--highlight-default)"&gt;Car&amp;nbsp;$car&lt;/span&gt;&lt;span style="color: var(--highlight-keyword)"&gt;):&amp;nbsp;&lt;/span&gt;&lt;span style="color: var(--highlight-default)"&gt;Response&#13;&lt;/span&gt;&lt;/code&gt;&lt;/li&gt;&lt;/ol&gt;    &lt;/div&gt;            &lt;/div&gt;
                        &lt;div class="trace-line "&gt;
                &lt;div class="trace-line-header break-long-words sf-toggle" data-toggle-selector="#trace-html-3-9" data-toggle-initial=""&gt;
            &lt;span class="icon icon-close"&gt;&lt;svg width="1792" height="1792" viewBox="0 0 1792 1792" xmlns="http://www.w3.org/2000/svg"&gt;&lt;path d="M1408 960V832q0-26-19-45t-45-19H448q-26 0-45 19t-19 45v128q0 26 19 45t45 19h896q26 0 45-19t19-45zm256-544v960q0 119-84.5 203.5T1376 1664H416q-119 0-203.5-84.5T128 1376V416q0-119 84.5-203.5T416 128h960q119 0 203.5 84.5T1664 416z"/&gt;&lt;/svg&gt;&lt;/span&gt;
        &lt;span class="icon icon-open"&gt;&lt;svg width="1792" height="1792" viewBox="0 0 1792 1792" xmlns="http://www.w3.org/2000/svg"&gt;&lt;path d="M1408 960V832q0-26-19-45t-45-19h-320V448q0-26-19-45t-45-19H832q-26 0-45 19t-19 45v320H448q-26 0-45 19t-19 45v128q0 26 19 45t45 19h320v320q0 26 19 45t45 19h128q26 0 45-19t19-45v-320h320q26 0 45-19t19-45zm256-544v960q0 119-84.5 203.5T1376 1664H416q-119 0-203.5-84.5T128 1376V416q0-119 84.5-203.5T416 128h960q119 0 203.5 84.5T1664 416z"/&gt;&lt;/svg&gt;&lt;/span&gt;
    
            &lt;span class="trace-class"&gt;&lt;abbr title="App\Controller\CarPublicController"&gt;CarPublicController&lt;/abbr&gt;&lt;/span&gt;&lt;span class="trace-type"&gt;-&gt;&lt;/span&gt;&lt;span class="trace-method"&gt;cars&lt;/span&gt;&lt;span class="trace-arguments"&gt;()&lt;/span&gt;    
                    &lt;span class="block trace-file-path"&gt;
            in
            &lt;a href=""&gt;
                C:\Users\eman\Documents\GitHub\car_dealer\vendor\symfony\http-kernel\&lt;strong&gt;HttpKernel.php&lt;/strong&gt;
            &lt;/a&gt;
                        (line 152)
            &lt;span class="icon icon-copy hidden" data-clipboard-text="C:\Users\eman\Documents\GitHub\car_dealer\vendor\symfony\http-kernel\HttpKernel.php:152"&gt;
                &lt;svg xmlns="http://www.w3.org/2000/svg" height="24" viewBox="0 0 24 24" width="24"&gt;&lt;path d="M0 0h24v24H0z" fill="none"/&gt;&lt;path d="M16 1H4c-1.1 0-2 .9-2 2v14h2V3h12V1zm3 4H8c-1.1 0-2 .9-2 2v14c0 1.1.9 2 2 2h11c1.1 0 2-.9 2-2V7c0-1.1-.9-2-2-2zm0 16H8V7h11v14z"/&gt;&lt;/svg&gt;            &lt;/span&gt;
        &lt;/span&gt;
    &lt;/div&gt;
    &lt;div id="trace-html-3-9" class="trace-code sf-toggle-content"&gt;
        &lt;ol start="147"&gt;&lt;li&gt;&lt;code&gt;&lt;span style="color: var(--highlight-keyword)"&gt;&amp;nbsp;&amp;nbsp;&amp;nbsp;&amp;nbsp;&amp;nbsp;&amp;nbsp;&amp;nbsp;&amp;nbsp;&lt;/span&gt;&lt;span style="color: var(--highlight-default)"&gt;$this&lt;/span&gt;&lt;span style="color: var(--highlight-keyword)"&gt;-&amp;gt;&lt;/span&gt;&lt;span style="color: var(--highlight-default)"&gt;dispatcher&lt;/span&gt;&lt;span style="color: var(--highlight-keyword)"&gt;-&amp;gt;&lt;/span&gt;&lt;span style="color: var(--highlight-default)"&gt;dispatch&lt;/span&gt;&lt;span style="color: var(--highlight-keyword)"&gt;(&lt;/span&gt;&lt;span style="color: var(--highlight-default)"&gt;$event&lt;/span&gt;&lt;span style="color: var(--highlight-keyword)"&gt;,&amp;nbsp;&lt;/span&gt;&lt;span style="color: var(--highlight-default)"&gt;KernelEvents&lt;/span&gt;&lt;span style="color: var(--highlight-keyword)"&gt;::&lt;/span&gt;&lt;span style="color: var(--highlight-default)"&gt;CONTROLLER_ARGUMENTS&lt;/span&gt;&lt;span style="color: var(--highlight-keyword)"&gt;);&lt;/span&gt;&lt;/code&gt;&lt;/li&gt;
&lt;li&gt;&lt;code&gt;&lt;span style="color: var(--highlight-keyword)"&gt;&amp;nbsp;&amp;nbsp;&amp;nbsp;&amp;nbsp;&amp;nbsp;&amp;nbsp;&amp;nbsp;&amp;nbsp;&lt;/span&gt;&lt;span style="color: var(--highlight-default)"&gt;$controller&amp;nbsp;&lt;/span&gt;&lt;span style="color: var(--highlight-keyword)"&gt;=&amp;nbsp;&lt;/span&gt;&lt;span style="color: var(--highlight-default)"&gt;$event&lt;/span&gt;&lt;span style="color: var(--highlight-keyword)"&gt;-&amp;gt;&lt;/span&gt;&lt;span style="color: var(--highlight-default)"&gt;getController&lt;/span&gt;&lt;span style="color: var(--highlight-keyword)"&gt;();&lt;/span&gt;&lt;/code&gt;&lt;/li&gt;
&lt;li&gt;&lt;code&gt;&lt;span style="color: var(--highlight-keyword)"&gt;&amp;nbsp;&amp;nbsp;&amp;nbsp;&amp;nbsp;&amp;nbsp;&amp;nbsp;&amp;nbsp;&amp;nbsp;&lt;/span&gt;&lt;span style="color: var(--highlight-default)"&gt;$arguments&amp;nbsp;&lt;/span&gt;&lt;span style="color: var(--highlight-keyword)"&gt;=&amp;nbsp;&lt;/span&gt;&lt;span style="color: var(--highlight-default)"&gt;$event&lt;/span&gt;&lt;span style="color: var(--highlight-keyword)"&gt;-&amp;gt;&lt;/span&gt;&lt;span style="color: var(--highlight-default)"&gt;getArguments&lt;/span&gt;&lt;span style="color: var(--highlight-keyword)"&gt;();&lt;/span&gt;&lt;/code&gt;&lt;/li&gt;
&lt;li&gt;&lt;code&gt;&lt;span style="color: var(--highlight-keyword)"&gt;&lt;/span&gt;&lt;/code&gt;&lt;/li&gt;
&lt;li&gt;&lt;code&gt;&lt;span style="color: var(--highlight-keyword)"&gt;&amp;nbsp;&amp;nbsp;&amp;nbsp;&amp;nbsp;&amp;nbsp;&amp;nbsp;&amp;nbsp;&amp;nbsp;&lt;/span&gt;&lt;span style="color: var(--highlight-comment)"&gt;//&amp;nbsp;call&amp;nbsp;controller&lt;/span&gt;&lt;/code&gt;&lt;/li&gt;
&lt;li class="selected"&gt;&lt;code&gt;&lt;span style="color: var(--highlight-comment)"&gt;&amp;nbsp;&amp;nbsp;&amp;nbsp;&amp;nbsp;&amp;nbsp;&amp;nbsp;&amp;nbsp;&amp;nbsp;&lt;/span&gt;&lt;span style="color: var(--highlight-default)"&gt;$response&amp;nbsp;&lt;/span&gt;&lt;span style="color: var(--highlight-keyword)"&gt;=&amp;nbsp;&lt;/span&gt;&lt;span style="color: var(--highlight-default)"&gt;$controller&lt;/span&gt;&lt;span style="color: var(--highlight-keyword)"&gt;(...&lt;/span&gt;&lt;span style="color: var(--highlight-default)"&gt;$arguments&lt;/span&gt;&lt;span style="color: var(--highlight-keyword)"&gt;);&lt;/span&gt;&lt;/code&gt;&lt;/li&gt;
&lt;li&gt;&lt;code&gt;&lt;span style="color: var(--highlight-keyword)"&gt;&lt;/span&gt;&lt;/code&gt;&lt;/li&gt;
&lt;li&gt;&lt;code&gt;&lt;span style="color: var(--highlight-keyword)"&gt;&amp;nbsp;&amp;nbsp;&amp;nbsp;&amp;nbsp;&amp;nbsp;&amp;nbsp;&amp;nbsp;&amp;nbsp;&lt;/span&gt;&lt;span style="color: var(--highlight-comment)"&gt;//&amp;nbsp;view&lt;/span&gt;&lt;/code&gt;&lt;/li&gt;
&lt;li&gt;&lt;code&gt;&lt;span style="color: var(--highlight-comment)"&gt;&amp;nbsp;&amp;nbsp;&amp;nbsp;&amp;nbsp;&amp;nbsp;&amp;nbsp;&amp;nbsp;&amp;nbsp;&lt;/span&gt;&lt;span style="color: var(--highlight-keyword)"&gt;if&amp;nbsp;(!&lt;/span&gt;&lt;span style="color: var(--highlight-default)"&gt;$response&amp;nbsp;&lt;/span&gt;&lt;span style="color: var(--highlight-keyword)"&gt;instanceof&amp;nbsp;&lt;/span&gt;&lt;span style="color: var(--highlight-default)"&gt;Response&lt;/span&gt;&lt;span style="color: var(--highlight-keyword)"&gt;)&amp;nbsp;{&lt;/span&gt;&lt;/code&gt;&lt;/li&gt;
&lt;li&gt;&lt;code&gt;&lt;span style="color: var(--highlight-keyword)"&gt;&amp;nbsp;&amp;nbsp;&amp;nbsp;&amp;nbsp;&amp;nbsp;&amp;nbsp;&amp;nbsp;&amp;nbsp;&amp;nbsp;&amp;nbsp;&amp;nbsp;&amp;nbsp;&lt;/span&gt;&lt;span style="color: var(--highlight-default)"&gt;$event&amp;nbsp;&lt;/span&gt;&lt;span style="color: var(--highlight-keyword)"&gt;=&amp;nbsp;new&amp;nbsp;&lt;/span&gt;&lt;span style="color: var(--highlight-default)"&gt;ViewEvent&lt;/span&gt;&lt;span style="color: var(--highlight-keyword)"&gt;(&lt;/span&gt;&lt;span style="color: var(--highlight-default)"&gt;$this&lt;/span&gt;&lt;span style="color: var(--highlight-keyword)"&gt;,&amp;nbsp;&lt;/span&gt;&lt;span style="color: var(--highlight-default)"&gt;$request&lt;/span&gt;&lt;span style="color: var(--highlight-keyword)"&gt;,&amp;nbsp;&lt;/span&gt;&lt;span style="color: var(--highlight-default)"&gt;$type&lt;/span&gt;&lt;span style="color: var(--highlight-keyword)"&gt;,&amp;nbsp;&lt;/span&gt;&lt;span style="color: var(--highlight-default)"&gt;$response&lt;/span&gt;&lt;span style="color: var(--highlight-keyword)"&gt;);&lt;/span&gt;&lt;/code&gt;&lt;/li&gt;
&lt;li&gt;&lt;code&gt;&lt;span style="color: var(--highlight-keyword)"&gt;&amp;nbsp;&amp;nbsp;&amp;nbsp;&amp;nbsp;&amp;nbsp;&amp;nbsp;&amp;nbsp;&amp;nbsp;&amp;nbsp;&amp;nbsp;&amp;nbsp;&amp;nbsp;&lt;/span&gt;&lt;span style="color: var(--highlight-default)"&gt;$this&lt;/span&gt;&lt;span style="color: var(--highlight-keyword)"&gt;-&amp;gt;&lt;/span&gt;&lt;span style="color: var(--highlight-default)"&gt;dispatcher&lt;/span&gt;&lt;span style="color: var(--highlight-keyword)"&gt;-&amp;gt;&lt;/span&gt;&lt;span style="color: var(--highlight-default)"&gt;dispatch&lt;/span&gt;&lt;span style="color: var(--highlight-keyword)"&gt;(&lt;/span&gt;&lt;span style="color: var(--highlight-default)"&gt;$event&lt;/span&gt;&lt;span style="color: var(--highlight-keyword)"&gt;,&amp;nbsp;&lt;/span&gt;&lt;span style="color: var(--highlight-default)"&gt;KernelEvents&lt;/span&gt;&lt;span style="color: var(--highlight-keyword)"&gt;::&lt;/span&gt;&lt;span style="color: var(--highlight-default)"&gt;VIEW&lt;/span&gt;&lt;span style="color: var(--highlight-keyword)"&gt;);&lt;/span&gt;&lt;/code&gt;&lt;/li&gt;&lt;/ol&gt;    &lt;/div&gt;            &lt;/div&gt;
                        &lt;div class="trace-line "&gt;
                &lt;div class="trace-line-header break-long-words sf-toggle" data-toggle-selector="#trace-html-3-10" data-toggle-initial=""&gt;
            &lt;span class="icon icon-close"&gt;&lt;svg width="1792" height="1792" viewBox="0 0 1792 1792" xmlns="http://www.w3.org/2000/svg"&gt;&lt;path d="M1408 960V832q0-26-19-45t-45-19H448q-26 0-45 19t-19 45v128q0 26 19 45t45 19h896q26 0 45-19t19-45zm256-544v960q0 119-84.5 203.5T1376 1664H416q-119 0-203.5-84.5T128 1376V416q0-119 84.5-203.5T416 128h960q119 0 203.5 84.5T1664 416z"/&gt;&lt;/svg&gt;&lt;/span&gt;
        &lt;span class="icon icon-open"&gt;&lt;svg width="1792" height="1792" viewBox="0 0 1792 1792" xmlns="http://www.w3.org/2000/svg"&gt;&lt;path d="M1408 960V832q0-26-19-45t-45-19h-320V448q0-26-19-45t-45-19H832q-26 0-45 19t-19 45v320H448q-26 0-45 19t-19 45v128q0 26 19 45t45 19h320v320q0 26 19 45t45 19h128q26 0 45-19t19-45v-320h320q26 0 45-19t19-45zm256-544v960q0 119-84.5 203.5T1376 1664H416q-119 0-203.5-84.5T128 1376V416q0-119 84.5-203.5T416 128h960q119 0 203.5 84.5T1664 416z"/&gt;&lt;/svg&gt;&lt;/span&gt;
    
            &lt;span class="trace-class"&gt;&lt;abbr title="Symfony\Component\HttpKernel\HttpKernel"&gt;HttpKernel&lt;/abbr&gt;&lt;/span&gt;&lt;span class="trace-type"&gt;-&gt;&lt;/span&gt;&lt;span class="trace-method"&gt;handleRaw&lt;/span&gt;&lt;span class="trace-arguments"&gt;()&lt;/span&gt;    
                    &lt;span class="block trace-file-path"&gt;
            in
            &lt;a href=""&gt;
                C:\Users\eman\Documents\GitHub\car_dealer\vendor\symfony\http-kernel\&lt;strong&gt;HttpKernel.php&lt;/strong&gt;
            &lt;/a&gt;
                        (line 74)
            &lt;span class="icon icon-copy hidden" data-clipboard-text="C:\Users\eman\Documents\GitHub\car_dealer\vendor\symfony\http-kernel\HttpKernel.php:74"&gt;
                &lt;svg xmlns="http://www.w3.org/2000/svg" height="24" viewBox="0 0 24 24" width="24"&gt;&lt;path d="M0 0h24v24H0z" fill="none"/&gt;&lt;path d="M16 1H4c-1.1 0-2 .9-2 2v14h2V3h12V1zm3 4H8c-1.1 0-2 .9-2 2v14c0 1.1.9 2 2 2h11c1.1 0 2-.9 2-2V7c0-1.1-.9-2-2-2zm0 16H8V7h11v14z"/&gt;&lt;/svg&gt;            &lt;/span&gt;
        &lt;/span&gt;
    &lt;/div&gt;
    &lt;div id="trace-html-3-10" class="trace-code sf-toggle-content"&gt;
        &lt;ol start="69"&gt;&lt;li&gt;&lt;code&gt;&lt;span style="color: var(--highlight-comment)"&gt;&amp;nbsp;&amp;nbsp;&amp;nbsp;&amp;nbsp;&lt;/span&gt;&lt;span style="color: var(--highlight-keyword)"&gt;public&amp;nbsp;function&amp;nbsp;&lt;/span&gt;&lt;span style="color: var(--highlight-default)"&gt;handle&lt;/span&gt;&lt;span style="color: var(--highlight-keyword)"&gt;(&lt;/span&gt;&lt;span style="color: var(--highlight-default)"&gt;Request&amp;nbsp;$request&lt;/span&gt;&lt;span style="color: var(--highlight-keyword)"&gt;,&amp;nbsp;&lt;/span&gt;&lt;span style="color: var(--highlight-default)"&gt;int&amp;nbsp;$type&amp;nbsp;&lt;/span&gt;&lt;span style="color: var(--highlight-keyword)"&gt;=&amp;nbsp;&lt;/span&gt;&lt;span style="color: var(--highlight-default)"&gt;HttpKernelInterface&lt;/span&gt;&lt;span style="color: var(--highlight-keyword)"&gt;::&lt;/span&gt;&lt;span style="color: var(--highlight-default)"&gt;MAIN_REQUEST&lt;/span&gt;&lt;span style="color: var(--highlight-keyword)"&gt;,&amp;nbsp;&lt;/span&gt;&lt;span style="color: var(--highlight-default)"&gt;bool&amp;nbsp;$catch&amp;nbsp;&lt;/span&gt;&lt;span style="color: var(--highlight-keyword)"&gt;=&amp;nbsp;&lt;/span&gt;&lt;span style="color: var(--highlight-default)"&gt;true&lt;/span&gt;&lt;span style="color: var(--highlight-keyword)"&gt;):&amp;nbsp;&lt;/span&gt;&lt;span style="color: var(--highlight-default)"&gt;Response&lt;/span&gt;&lt;/code&gt;&lt;/li&gt;
&lt;li&gt;&lt;code&gt;&lt;span style="color: var(--highlight-default)"&gt;&amp;nbsp;&amp;nbsp;&amp;nbsp;&amp;nbsp;&lt;/span&gt;&lt;span style="color: var(--highlight-keyword)"&gt;{&lt;/span&gt;&lt;/code&gt;&lt;/li&gt;
&lt;li&gt;&lt;code&gt;&lt;span style="color: var(--highlight-keyword)"&gt;&amp;nbsp;&amp;nbsp;&amp;nbsp;&amp;nbsp;&amp;nbsp;&amp;nbsp;&amp;nbsp;&amp;nbsp;&lt;/span&gt;&lt;span style="color: var(--highlight-default)"&gt;$request&lt;/span&gt;&lt;span style="color: var(--highlight-keyword)"&gt;-&amp;gt;&lt;/span&gt;&lt;span style="color: var(--highlight-default)"&gt;headers&lt;/span&gt;&lt;span style="color: var(--highlight-keyword)"&gt;-&amp;gt;&lt;/span&gt;&lt;span style="color: var(--highlight-default)"&gt;set&lt;/span&gt;&lt;span style="color: var(--highlight-keyword)"&gt;(&lt;/span&gt;&lt;span style="color: var(--highlight-string)"&gt;'X-Php-Ob-Level'&lt;/span&gt;&lt;span style="color: var(--highlight-keyword)"&gt;,&amp;nbsp;(string)&amp;nbsp;&lt;/span&gt;&lt;span style="color: var(--highlight-default)"&gt;ob_get_level&lt;/span&gt;&lt;span style="color: var(--highlight-keyword)"&gt;());&lt;/span&gt;&lt;/code&gt;&lt;/li&gt;
&lt;li&gt;&lt;code&gt;&lt;span style="color: var(--highlight-keyword)"&gt;&lt;/span&gt;&lt;/code&gt;&lt;/li&gt;
&lt;li&gt;&lt;code&gt;&lt;span style="color: var(--highlight-keyword)"&gt;&amp;nbsp;&amp;nbsp;&amp;nbsp;&amp;nbsp;&amp;nbsp;&amp;nbsp;&amp;nbsp;&amp;nbsp;try&amp;nbsp;{&lt;/span&gt;&lt;/code&gt;&lt;/li&gt;
&lt;li class="selected"&gt;&lt;code&gt;&lt;span style="color: var(--highlight-keyword)"&gt;&amp;nbsp;&amp;nbsp;&amp;nbsp;&amp;nbsp;&amp;nbsp;&amp;nbsp;&amp;nbsp;&amp;nbsp;&amp;nbsp;&amp;nbsp;&amp;nbsp;&amp;nbsp;return&amp;nbsp;&lt;/span&gt;&lt;span style="color: var(--highlight-default)"&gt;$this&lt;/span&gt;&lt;span style="color: var(--highlight-keyword)"&gt;-&amp;gt;&lt;/span&gt;&lt;span style="color: var(--highlight-default)"&gt;handleRaw&lt;/span&gt;&lt;span style="color: var(--highlight-keyword)"&gt;(&lt;/span&gt;&lt;span style="color: var(--highlight-default)"&gt;$request&lt;/span&gt;&lt;span style="color: var(--highlight-keyword)"&gt;,&amp;nbsp;&lt;/span&gt;&lt;span style="color: var(--highlight-default)"&gt;$type&lt;/span&gt;&lt;span style="color: var(--highlight-keyword)"&gt;);&lt;/span&gt;&lt;/code&gt;&lt;/li&gt;
&lt;li&gt;&lt;code&gt;&lt;span style="color: var(--highlight-keyword)"&gt;&amp;nbsp;&amp;nbsp;&amp;nbsp;&amp;nbsp;&amp;nbsp;&amp;nbsp;&amp;nbsp;&amp;nbsp;}&amp;nbsp;catch&amp;nbsp;(&lt;/span&gt;&lt;span style="color: var(--highlight-default)"&gt;\Exception&amp;nbsp;$e&lt;/span&gt;&lt;span style="color: var(--highlight-keyword)"&gt;)&amp;nbsp;{&lt;/span&gt;&lt;/code&gt;&lt;/li&gt;
&lt;li&gt;&lt;code&gt;&lt;span style="color: var(--highlight-keyword)"&gt;&amp;nbsp;&amp;nbsp;&amp;nbsp;&amp;nbsp;&amp;nbsp;&amp;nbsp;&amp;nbsp;&amp;nbsp;&amp;nbsp;&amp;nbsp;&amp;nbsp;&amp;nbsp;if&amp;nbsp;(&lt;/span&gt;&lt;span style="color: var(--highlight-default)"&gt;$e&amp;nbsp;&lt;/span&gt;&lt;span style="color: var(--highlight-keyword)"&gt;instanceof&amp;nbsp;&lt;/span&gt;&lt;span style="color: var(--highlight-default)"&gt;RequestExceptionInterface&lt;/span&gt;&lt;span style="color: var(--highlight-keyword)"&gt;)&amp;nbsp;{&lt;/span&gt;&lt;/code&gt;&lt;/li&gt;
&lt;li&gt;&lt;code&gt;&lt;span style="color: var(--highlight-keyword)"&gt;&amp;nbsp;&amp;nbsp;&amp;nbsp;&amp;nbsp;&amp;nbsp;&amp;nbsp;&amp;nbsp;&amp;nbsp;&amp;nbsp;&amp;nbsp;&amp;nbsp;&amp;nbsp;&amp;nbsp;&amp;nbsp;&amp;nbsp;&amp;nbsp;&lt;/span&gt;&lt;span style="color: var(--highlight-default)"&gt;$e&amp;nbsp;&lt;/span&gt;&lt;span style="color: var(--highlight-keyword)"&gt;=&amp;nbsp;new&amp;nbsp;&lt;/span&gt;&lt;span style="color: var(--highlight-default)"&gt;BadRequestHttpException&lt;/span&gt;&lt;span style="color: var(--highlight-keyword)"&gt;(&lt;/span&gt;&lt;span style="color: var(--highlight-default)"&gt;$e&lt;/span&gt;&lt;span style="color: var(--highlight-keyword)"&gt;-&amp;gt;&lt;/span&gt;&lt;span style="color: var(--highlight-default)"&gt;getMessage&lt;/span&gt;&lt;span style="color: var(--highlight-keyword)"&gt;(),&amp;nbsp;&lt;/span&gt;&lt;span style="color: var(--highlight-default)"&gt;$e&lt;/span&gt;&lt;span style="color: var(--highlight-keyword)"&gt;);&lt;/span&gt;&lt;/code&gt;&lt;/li&gt;
&lt;li&gt;&lt;code&gt;&lt;span style="color: var(--highlight-keyword)"&gt;&amp;nbsp;&amp;nbsp;&amp;nbsp;&amp;nbsp;&amp;nbsp;&amp;nbsp;&amp;nbsp;&amp;nbsp;&amp;nbsp;&amp;nbsp;&amp;nbsp;&amp;nbsp;}&lt;/span&gt;&lt;/code&gt;&lt;/li&gt;
&lt;li&gt;&lt;code&gt;&lt;span style="color: var(--highlight-keyword)"&gt;&amp;nbsp;&amp;nbsp;&amp;nbsp;&amp;nbsp;&amp;nbsp;&amp;nbsp;&amp;nbsp;&amp;nbsp;&amp;nbsp;&amp;nbsp;&amp;nbsp;&amp;nbsp;if&amp;nbsp;(&lt;/span&gt;&lt;span style="color: var(--highlight-default)"&gt;false&amp;nbsp;&lt;/span&gt;&lt;span style="color: var(--highlight-keyword)"&gt;===&amp;nbsp;&lt;/span&gt;&lt;span style="color: var(--highlight-default)"&gt;$catch&lt;/span&gt;&lt;span style="color: var(--highlight-keyword)"&gt;)&amp;nbsp;{&lt;/span&gt;&lt;/code&gt;&lt;/li&gt;&lt;/ol&gt;    &lt;/div&gt;            &lt;/div&gt;
                        &lt;div class="trace-line "&gt;
                &lt;div class="trace-line-header break-long-words sf-toggle" data-toggle-selector="#trace-html-3-11" data-toggle-initial=""&gt;
            &lt;span class="icon icon-close"&gt;&lt;svg width="1792" height="1792" viewBox="0 0 1792 1792" xmlns="http://www.w3.org/2000/svg"&gt;&lt;path d="M1408 960V832q0-26-19-45t-45-19H448q-26 0-45 19t-19 45v128q0 26 19 45t45 19h896q26 0 45-19t19-45zm256-544v960q0 119-84.5 203.5T1376 1664H416q-119 0-203.5-84.5T128 1376V416q0-119 84.5-203.5T416 128h960q119 0 203.5 84.5T1664 416z"/&gt;&lt;/svg&gt;&lt;/span&gt;
        &lt;span class="icon icon-open"&gt;&lt;svg width="1792" height="1792" viewBox="0 0 1792 1792" xmlns="http://www.w3.org/2000/svg"&gt;&lt;path d="M1408 960V832q0-26-19-45t-45-19h-320V448q0-26-19-45t-45-19H832q-26 0-45 19t-19 45v320H448q-26 0-45 19t-19 45v128q0 26 19 45t45 19h320v320q0 26 19 45t45 19h128q26 0 45-19t19-45v-320h320q26 0 45-19t19-45zm256-544v960q0 119-84.5 203.5T1376 1664H416q-119 0-203.5-84.5T128 1376V416q0-119 84.5-203.5T416 128h960q119 0 203.5 84.5T1664 416z"/&gt;&lt;/svg&gt;&lt;/span&gt;
    
            &lt;span class="trace-class"&gt;&lt;abbr title="Symfony\Component\HttpKernel\HttpKernel"&gt;HttpKernel&lt;/abbr&gt;&lt;/span&gt;&lt;span class="trace-type"&gt;-&gt;&lt;/span&gt;&lt;span class="trace-method"&gt;handle&lt;/span&gt;&lt;span class="trace-arguments"&gt;()&lt;/span&gt;    
                    &lt;span class="block trace-file-path"&gt;
            in
            &lt;a href=""&gt;
                C:\Users\eman\Documents\GitHub\car_dealer\vendor\symfony\http-kernel\&lt;strong&gt;Kernel.php&lt;/strong&gt;
            &lt;/a&gt;
                        (line 202)
            &lt;span class="icon icon-copy hidden" data-clipboard-text="C:\Users\eman\Documents\GitHub\car_dealer\vendor\symfony\http-kernel\Kernel.php:202"&gt;
                &lt;svg xmlns="http://www.w3.org/2000/svg" height="24" viewBox="0 0 24 24" width="24"&gt;&lt;path d="M0 0h24v24H0z" fill="none"/&gt;&lt;path d="M16 1H4c-1.1 0-2 .9-2 2v14h2V3h12V1zm3 4H8c-1.1 0-2 .9-2 2v14c0 1.1.9 2 2 2h11c1.1 0 2-.9 2-2V7c0-1.1-.9-2-2-2zm0 16H8V7h11v14z"/&gt;&lt;/svg&gt;            &lt;/span&gt;
        &lt;/span&gt;
    &lt;/div&gt;
    &lt;div id="trace-html-3-11" class="trace-code sf-toggle-content"&gt;
        &lt;ol start="197"&gt;&lt;li&gt;&lt;code&gt;&lt;span style="color: var(--highlight-keyword)"&gt;&amp;nbsp;&amp;nbsp;&amp;nbsp;&amp;nbsp;&amp;nbsp;&amp;nbsp;&amp;nbsp;&amp;nbsp;&lt;/span&gt;&lt;span style="color: var(--highlight-default)"&gt;$this&lt;/span&gt;&lt;span style="color: var(--highlight-keyword)"&gt;-&amp;gt;&lt;/span&gt;&lt;span style="color: var(--highlight-default)"&gt;boot&lt;/span&gt;&lt;span style="color: var(--highlight-keyword)"&gt;();&lt;/span&gt;&lt;/code&gt;&lt;/li&gt;
&lt;li&gt;&lt;code&gt;&lt;span style="color: var(--highlight-keyword)"&gt;&amp;nbsp;&amp;nbsp;&amp;nbsp;&amp;nbsp;&amp;nbsp;&amp;nbsp;&amp;nbsp;&amp;nbsp;++&lt;/span&gt;&lt;span style="color: var(--highlight-default)"&gt;$this&lt;/span&gt;&lt;span style="color: var(--highlight-keyword)"&gt;-&amp;gt;&lt;/span&gt;&lt;span style="color: var(--highlight-default)"&gt;requestStackSize&lt;/span&gt;&lt;span style="color: var(--highlight-keyword)"&gt;;&lt;/span&gt;&lt;/code&gt;&lt;/li&gt;
&lt;li&gt;&lt;code&gt;&lt;span style="color: var(--highlight-keyword)"&gt;&amp;nbsp;&amp;nbsp;&amp;nbsp;&amp;nbsp;&amp;nbsp;&amp;nbsp;&amp;nbsp;&amp;nbsp;&lt;/span&gt;&lt;span style="color: var(--highlight-default)"&gt;$this&lt;/span&gt;&lt;span style="color: var(--highlight-keyword)"&gt;-&amp;gt;&lt;/span&gt;&lt;span style="color: var(--highlight-default)"&gt;resetServices&amp;nbsp;&lt;/span&gt;&lt;span style="color: var(--highlight-keyword)"&gt;=&amp;nbsp;&lt;/span&gt;&lt;span style="color: var(--highlight-default)"&gt;true&lt;/span&gt;&lt;span style="color: var(--highlight-keyword)"&gt;;&lt;/span&gt;&lt;/code&gt;&lt;/li&gt;
&lt;li&gt;&lt;code&gt;&lt;span style="color: var(--highlight-keyword)"&gt;&lt;/span&gt;&lt;/code&gt;&lt;/li&gt;
&lt;li&gt;&lt;code&gt;&lt;span style="color: var(--highlight-keyword)"&gt;&amp;nbsp;&amp;nbsp;&amp;nbsp;&amp;nbsp;&amp;nbsp;&amp;nbsp;&amp;nbsp;&amp;nbsp;try&amp;nbsp;{&lt;/span&gt;&lt;/code&gt;&lt;/li&gt;
&lt;li class="selected"&gt;&lt;code&gt;&lt;span style="color: var(--highlight-keyword)"&gt;&amp;nbsp;&amp;nbsp;&amp;nbsp;&amp;nbsp;&amp;nbsp;&amp;nbsp;&amp;nbsp;&amp;nbsp;&amp;nbsp;&amp;nbsp;&amp;nbsp;&amp;nbsp;return&amp;nbsp;&lt;/span&gt;&lt;span style="color: var(--highlight-default)"&gt;$this&lt;/span&gt;&lt;span style="color: var(--highlight-keyword)"&gt;-&amp;gt;&lt;/span&gt;&lt;span style="color: var(--highlight-default)"&gt;getHttpKernel&lt;/span&gt;&lt;span style="color: var(--highlight-keyword)"&gt;()-&amp;gt;&lt;/span&gt;&lt;span style="color: var(--highlight-default)"&gt;handle&lt;/span&gt;&lt;span style="color: var(--highlight-keyword)"&gt;(&lt;/span&gt;&lt;span style="color: var(--highlight-default)"&gt;$request&lt;/span&gt;&lt;span style="color: var(--highlight-keyword)"&gt;,&amp;nbsp;&lt;/span&gt;&lt;span style="color: var(--highlight-default)"&gt;$type&lt;/span&gt;&lt;span style="color: var(--highlight-keyword)"&gt;,&amp;nbsp;&lt;/span&gt;&lt;span style="color: var(--highlight-default)"&gt;$catch&lt;/span&gt;&lt;span style="color: var(--highlight-keyword)"&gt;);&lt;/span&gt;&lt;/code&gt;&lt;/li&gt;
&lt;li&gt;&lt;code&gt;&lt;span style="color: var(--highlight-keyword)"&gt;&amp;nbsp;&amp;nbsp;&amp;nbsp;&amp;nbsp;&amp;nbsp;&amp;nbsp;&amp;nbsp;&amp;nbsp;}&amp;nbsp;finally&amp;nbsp;{&lt;/span&gt;&lt;/code&gt;&lt;/li&gt;
&lt;li&gt;&lt;code&gt;&lt;span style="color: var(--highlight-keyword)"&gt;&amp;nbsp;&amp;nbsp;&amp;nbsp;&amp;nbsp;&amp;nbsp;&amp;nbsp;&amp;nbsp;&amp;nbsp;&amp;nbsp;&amp;nbsp;&amp;nbsp;&amp;nbsp;--&lt;/span&gt;&lt;span style="color: var(--highlight-default)"&gt;$this&lt;/span&gt;&lt;span style="color: var(--highlight-keyword)"&gt;-&amp;gt;&lt;/span&gt;&lt;span style="color: var(--highlight-default)"&gt;requestStackSize&lt;/span&gt;&lt;span style="color: var(--highlight-keyword)"&gt;;&lt;/span&gt;&lt;/code&gt;&lt;/li&gt;
&lt;li&gt;&lt;code&gt;&lt;span style="color: var(--highlight-keyword)"&gt;&amp;nbsp;&amp;nbsp;&amp;nbsp;&amp;nbsp;&amp;nbsp;&amp;nbsp;&amp;nbsp;&amp;nbsp;}&lt;/span&gt;&lt;/code&gt;&lt;/li&gt;
&lt;li&gt;&lt;code&gt;&lt;span style="color: var(--highlight-keyword)"&gt;&amp;nbsp;&amp;nbsp;&amp;nbsp;&amp;nbsp;}&lt;/span&gt;&lt;/code&gt;&lt;/li&gt;
&lt;li&gt;&lt;code&gt;&lt;span style="color: var(--highlight-keyword)"&gt;&lt;/span&gt;&lt;/code&gt;&lt;/li&gt;&lt;/ol&gt;    &lt;/div&gt;            &lt;/div&gt;
                        &lt;div class="trace-line "&gt;
                &lt;div class="trace-line-header break-long-words sf-toggle" data-toggle-selector="#trace-html-3-12" data-toggle-initial=""&gt;
            &lt;span class="icon icon-close"&gt;&lt;svg width="1792" height="1792" viewBox="0 0 1792 1792" xmlns="http://www.w3.org/2000/svg"&gt;&lt;path d="M1408 960V832q0-26-19-45t-45-19H448q-26 0-45 19t-19 45v128q0 26 19 45t45 19h896q26 0 45-19t19-45zm256-544v960q0 119-84.5 203.5T1376 1664H416q-119 0-203.5-84.5T128 1376V416q0-119 84.5-203.5T416 128h960q119 0 203.5 84.5T1664 416z"/&gt;&lt;/svg&gt;&lt;/span&gt;
        &lt;span class="icon icon-open"&gt;&lt;svg width="1792" height="1792" viewBox="0 0 1792 1792" xmlns="http://www.w3.org/2000/svg"&gt;&lt;path d="M1408 960V832q0-26-19-45t-45-19h-320V448q0-26-19-45t-45-19H832q-26 0-45 19t-19 45v320H448q-26 0-45 19t-19 45v128q0 26 19 45t45 19h320v320q0 26 19 45t45 19h128q26 0 45-19t19-45v-320h320q26 0 45-19t19-45zm256-544v960q0 119-84.5 203.5T1376 1664H416q-119 0-203.5-84.5T128 1376V416q0-119 84.5-203.5T416 128h960q119 0 203.5 84.5T1664 416z"/&gt;&lt;/svg&gt;&lt;/span&gt;
    
            &lt;span class="trace-class"&gt;&lt;abbr title="Symfony\Component\HttpKernel\Kernel"&gt;Kernel&lt;/abbr&gt;&lt;/span&gt;&lt;span class="trace-type"&gt;-&gt;&lt;/span&gt;&lt;span class="trace-method"&gt;handle&lt;/span&gt;&lt;span class="trace-arguments"&gt;()&lt;/span&gt;    
                    &lt;span class="block trace-file-path"&gt;
            in
            &lt;a href=""&gt;
                C:\Users\eman\Documents\GitHub\car_dealer\vendor\symfony\http-kernel\&lt;strong&gt;HttpKernelBrowser.php&lt;/strong&gt;
            &lt;/a&gt;
                        (line 65)
            &lt;span class="icon icon-copy hidden" data-clipboard-text="C:\Users\eman\Documents\GitHub\car_dealer\vendor\symfony\http-kernel\HttpKernelBrowser.php:65"&gt;
                &lt;svg xmlns="http://www.w3.org/2000/svg" height="24" viewBox="0 0 24 24" width="24"&gt;&lt;path d="M0 0h24v24H0z" fill="none"/&gt;&lt;path d="M16 1H4c-1.1 0-2 .9-2 2v14h2V3h12V1zm3 4H8c-1.1 0-2 .9-2 2v14c0 1.1.9 2 2 2h11c1.1 0 2-.9 2-2V7c0-1.1-.9-2-2-2zm0 16H8V7h11v14z"/&gt;&lt;/svg&gt;            &lt;/span&gt;
        &lt;/span&gt;
    &lt;/div&gt;
    &lt;div id="trace-html-3-12" class="trace-code sf-toggle-content"&gt;
        &lt;ol start="60"&gt;&lt;li&gt;&lt;code&gt;&lt;span style="color: var(--highlight-comment)"&gt;&amp;nbsp;&amp;nbsp;&amp;nbsp;&amp;nbsp;&amp;nbsp;*&lt;/span&gt;&lt;/code&gt;&lt;/li&gt;
&lt;li&gt;&lt;code&gt;&lt;span style="color: var(--highlight-comment)"&gt;&amp;nbsp;&amp;nbsp;&amp;nbsp;&amp;nbsp;&amp;nbsp;*&amp;nbsp;@return&amp;nbsp;Response&lt;/span&gt;&lt;/code&gt;&lt;/li&gt;
&lt;li&gt;&lt;code&gt;&lt;span style="color: var(--highlight-comment)"&gt;&amp;nbsp;&amp;nbsp;&amp;nbsp;&amp;nbsp;&amp;nbsp;*/&lt;/span&gt;&lt;/code&gt;&lt;/li&gt;
&lt;li&gt;&lt;code&gt;&lt;span style="color: var(--highlight-comment)"&gt;&amp;nbsp;&amp;nbsp;&amp;nbsp;&amp;nbsp;&lt;/span&gt;&lt;span style="color: var(--highlight-keyword)"&gt;protected&amp;nbsp;function&amp;nbsp;&lt;/span&gt;&lt;span style="color: var(--highlight-default)"&gt;doRequest&lt;/span&gt;&lt;span style="color: var(--highlight-keyword)"&gt;(&lt;/span&gt;&lt;span style="color: var(--highlight-default)"&gt;object&amp;nbsp;$request&lt;/span&gt;&lt;span style="color: var(--highlight-keyword)"&gt;)&lt;/span&gt;&lt;/code&gt;&lt;/li&gt;
&lt;li&gt;&lt;code&gt;&lt;span style="color: var(--highlight-keyword)"&gt;&amp;nbsp;&amp;nbsp;&amp;nbsp;&amp;nbsp;{&lt;/span&gt;&lt;/code&gt;&lt;/li&gt;
&lt;li class="selected"&gt;&lt;code&gt;&lt;span style="color: var(--highlight-keyword)"&gt;&amp;nbsp;&amp;nbsp;&amp;nbsp;&amp;nbsp;&amp;nbsp;&amp;nbsp;&amp;nbsp;&amp;nbsp;&lt;/span&gt;&lt;span style="color: var(--highlight-default)"&gt;$response&amp;nbsp;&lt;/span&gt;&lt;span style="color: var(--highlight-keyword)"&gt;=&amp;nbsp;&lt;/span&gt;&lt;span style="color: var(--highlight-default)"&gt;$this&lt;/span&gt;&lt;span style="color: var(--highlight-keyword)"&gt;-&amp;gt;&lt;/span&gt;&lt;span style="color: var(--highlight-default)"&gt;kernel&lt;/span&gt;&lt;span style="color: var(--highlight-keyword)"&gt;-&amp;gt;&lt;/span&gt;&lt;span style="color: var(--highlight-default)"&gt;handle&lt;/span&gt;&lt;span style="color: var(--highlight-keyword)"&gt;(&lt;/span&gt;&lt;span style="color: var(--highlight-default)"&gt;$request&lt;/span&gt;&lt;span style="color: var(--highlight-keyword)"&gt;,&amp;nbsp;&lt;/span&gt;&lt;span style="color: var(--highlight-default)"&gt;HttpKernelInterface&lt;/span&gt;&lt;span style="color: var(--highlight-keyword)"&gt;::&lt;/span&gt;&lt;span style="color: var(--highlight-default)"&gt;MAIN_REQUEST&lt;/span&gt;&lt;span style="color: var(--highlight-keyword)"&gt;,&amp;nbsp;&lt;/span&gt;&lt;span style="color: var(--highlight-default)"&gt;$this&lt;/span&gt;&lt;span style="color: var(--highlight-keyword)"&gt;-&amp;gt;&lt;/span&gt;&lt;span style="color: var(--highlight-default)"&gt;catchExceptions&lt;/span&gt;&lt;span style="color: var(--highlight-keyword)"&gt;);&lt;/span&gt;&lt;/code&gt;&lt;/li&gt;
&lt;li&gt;&lt;code&gt;&lt;span style="color: var(--highlight-keyword)"&gt;&lt;/span&gt;&lt;/code&gt;&lt;/li&gt;
&lt;li&gt;&lt;code&gt;&lt;span style="color: var(--highlight-keyword)"&gt;&amp;nbsp;&amp;nbsp;&amp;nbsp;&amp;nbsp;&amp;nbsp;&amp;nbsp;&amp;nbsp;&amp;nbsp;if&amp;nbsp;(&lt;/span&gt;&lt;span style="color: var(--highlight-default)"&gt;$this&lt;/span&gt;&lt;span style="color: var(--highlight-keyword)"&gt;-&amp;gt;&lt;/span&gt;&lt;span style="color: var(--highlight-default)"&gt;kernel&amp;nbsp;&lt;/span&gt;&lt;span style="color: var(--highlight-keyword)"&gt;instanceof&amp;nbsp;&lt;/span&gt;&lt;span style="color: var(--highlight-default)"&gt;TerminableInterface&lt;/span&gt;&lt;span style="color: var(--highlight-keyword)"&gt;)&amp;nbsp;{&lt;/span&gt;&lt;/code&gt;&lt;/li&gt;
&lt;li&gt;&lt;code&gt;&lt;span style="color: var(--highlight-keyword)"&gt;&amp;nbsp;&amp;nbsp;&amp;nbsp;&amp;nbsp;&amp;nbsp;&amp;nbsp;&amp;nbsp;&amp;nbsp;&amp;nbsp;&amp;nbsp;&amp;nbsp;&amp;nbsp;&lt;/span&gt;&lt;span style="color: var(--highlight-default)"&gt;$this&lt;/span&gt;&lt;span style="color: var(--highlight-keyword)"&gt;-&amp;gt;&lt;/span&gt;&lt;span style="color: var(--highlight-default)"&gt;kernel&lt;/span&gt;&lt;span style="color: var(--highlight-keyword)"&gt;-&amp;gt;&lt;/span&gt;&lt;span style="color: var(--highlight-default)"&gt;terminate&lt;/span&gt;&lt;span style="color: var(--highlight-keyword)"&gt;(&lt;/span&gt;&lt;span style="color: var(--highlight-default)"&gt;$request&lt;/span&gt;&lt;span style="color: var(--highlight-keyword)"&gt;,&amp;nbsp;&lt;/span&gt;&lt;span style="color: var(--highlight-default)"&gt;$response&lt;/span&gt;&lt;span style="color: var(--highlight-keyword)"&gt;);&lt;/span&gt;&lt;/code&gt;&lt;/li&gt;
&lt;li&gt;&lt;code&gt;&lt;span style="color: var(--highlight-keyword)"&gt;&amp;nbsp;&amp;nbsp;&amp;nbsp;&amp;nbsp;&amp;nbsp;&amp;nbsp;&amp;nbsp;&amp;nbsp;}&lt;/span&gt;&lt;/code&gt;&lt;/li&gt;
&lt;li&gt;&lt;code&gt;&lt;span style="color: var(--highlight-keyword)"&gt;&lt;/span&gt;&lt;/code&gt;&lt;/li&gt;&lt;/ol&gt;    &lt;/div&gt;            &lt;/div&gt;
                        &lt;div class="trace-line "&gt;
                &lt;div class="trace-line-header break-long-words sf-toggle" data-toggle-selector="#trace-html-3-13" data-toggle-initial=""&gt;
            &lt;span class="icon icon-close"&gt;&lt;svg width="1792" height="1792" viewBox="0 0 1792 1792" xmlns="http://www.w3.org/2000/svg"&gt;&lt;path d="M1408 960V832q0-26-19-45t-45-19H448q-26 0-45 19t-19 45v128q0 26 19 45t45 19h896q26 0 45-19t19-45zm256-544v960q0 119-84.5 203.5T1376 1664H416q-119 0-203.5-84.5T128 1376V416q0-119 84.5-203.5T416 128h960q119 0 203.5 84.5T1664 416z"/&gt;&lt;/svg&gt;&lt;/span&gt;
        &lt;span class="icon icon-open"&gt;&lt;svg width="1792" height="1792" viewBox="0 0 1792 1792" xmlns="http://www.w3.org/2000/svg"&gt;&lt;path d="M1408 960V832q0-26-19-45t-45-19h-320V448q0-26-19-45t-45-19H832q-26 0-45 19t-19 45v320H448q-26 0-45 19t-19 45v128q0 26 19 45t45 19h320v320q0 26 19 45t45 19h128q26 0 45-19t19-45v-320h320q26 0 45-19t19-45zm256-544v960q0 119-84.5 203.5T1376 1664H416q-119 0-203.5-84.5T128 1376V416q0-119 84.5-203.5T416 128h960q119 0 203.5 84.5T1664 416z"/&gt;&lt;/svg&gt;&lt;/span&gt;
    
            &lt;span class="trace-class"&gt;&lt;abbr title="Symfony\Component\HttpKernel\HttpKernelBrowser"&gt;HttpKernelBrowser&lt;/abbr&gt;&lt;/span&gt;&lt;span class="trace-type"&gt;-&gt;&lt;/span&gt;&lt;span class="trace-method"&gt;doRequest&lt;/span&gt;&lt;span class="trace-arguments"&gt;()&lt;/span&gt;    
                    &lt;span class="block trace-file-path"&gt;
            in
            &lt;a href=""&gt;
                C:\Users\eman\Documents\GitHub\car_dealer\vendor\symfony\framework-bundle\&lt;strong&gt;KernelBrowser.php&lt;/strong&gt;
            &lt;/a&gt;
                        (line 171)
            &lt;span class="icon icon-copy hidden" data-clipboard-text="C:\Users\eman\Documents\GitHub\car_dealer\vendor\symfony\framework-bundle\KernelBrowser.php:171"&gt;
                &lt;svg xmlns="http://www.w3.org/2000/svg" height="24" viewBox="0 0 24 24" width="24"&gt;&lt;path d="M0 0h24v24H0z" fill="none"/&gt;&lt;path d="M16 1H4c-1.1 0-2 .9-2 2v14h2V3h12V1zm3 4H8c-1.1 0-2 .9-2 2v14c0 1.1.9 2 2 2h11c1.1 0 2-.9 2-2V7c0-1.1-.9-2-2-2zm0 16H8V7h11v14z"/&gt;&lt;/svg&gt;            &lt;/span&gt;
        &lt;/span&gt;
    &lt;/div&gt;
    &lt;div id="trace-html-3-13" class="trace-code sf-toggle-content"&gt;
        &lt;ol start="166"&gt;&lt;li&gt;&lt;code&gt;&lt;span style="color: var(--highlight-keyword)"&gt;&lt;/span&gt;&lt;/code&gt;&lt;/li&gt;
&lt;li&gt;&lt;code&gt;&lt;span style="color: var(--highlight-keyword)"&gt;&amp;nbsp;&amp;nbsp;&amp;nbsp;&amp;nbsp;&amp;nbsp;&amp;nbsp;&amp;nbsp;&amp;nbsp;&amp;nbsp;&amp;nbsp;&amp;nbsp;&amp;nbsp;&lt;/span&gt;&lt;span style="color: var(--highlight-default)"&gt;$this&lt;/span&gt;&lt;span style="color: var(--highlight-keyword)"&gt;-&amp;gt;&lt;/span&gt;&lt;span style="color: var(--highlight-default)"&gt;kernel&lt;/span&gt;&lt;span style="color: var(--highlight-keyword)"&gt;-&amp;gt;&lt;/span&gt;&lt;span style="color: var(--highlight-default)"&gt;boot&lt;/span&gt;&lt;span style="color: var(--highlight-keyword)"&gt;();&lt;/span&gt;&lt;/code&gt;&lt;/li&gt;
&lt;li&gt;&lt;code&gt;&lt;span style="color: var(--highlight-keyword)"&gt;&amp;nbsp;&amp;nbsp;&amp;nbsp;&amp;nbsp;&amp;nbsp;&amp;nbsp;&amp;nbsp;&amp;nbsp;&amp;nbsp;&amp;nbsp;&amp;nbsp;&amp;nbsp;&lt;/span&gt;&lt;span style="color: var(--highlight-default)"&gt;$this&lt;/span&gt;&lt;span style="color: var(--highlight-keyword)"&gt;-&amp;gt;&lt;/span&gt;&lt;span style="color: var(--highlight-default)"&gt;getContainer&lt;/span&gt;&lt;span style="color: var(--highlight-keyword)"&gt;()-&amp;gt;&lt;/span&gt;&lt;span style="color: var(--highlight-default)"&gt;get&lt;/span&gt;&lt;span style="color: var(--highlight-keyword)"&gt;(&lt;/span&gt;&lt;span style="color: var(--highlight-string)"&gt;'profiler'&lt;/span&gt;&lt;span style="color: var(--highlight-keyword)"&gt;)-&amp;gt;&lt;/span&gt;&lt;span style="color: var(--highlight-default)"&gt;enable&lt;/span&gt;&lt;span style="color: var(--highlight-keyword)"&gt;();&lt;/span&gt;&lt;/code&gt;&lt;/li&gt;
&lt;li&gt;&lt;code&gt;&lt;span style="color: var(--highlight-keyword)"&gt;&amp;nbsp;&amp;nbsp;&amp;nbsp;&amp;nbsp;&amp;nbsp;&amp;nbsp;&amp;nbsp;&amp;nbsp;}&lt;/span&gt;&lt;/code&gt;&lt;/li&gt;
&lt;li&gt;&lt;code&gt;&lt;span style="color: var(--highlight-keyword)"&gt;&lt;/span&gt;&lt;/code&gt;&lt;/li&gt;
&lt;li class="selected"&gt;&lt;code&gt;&lt;span style="color: var(--highlight-keyword)"&gt;&amp;nbsp;&amp;nbsp;&amp;nbsp;&amp;nbsp;&amp;nbsp;&amp;nbsp;&amp;nbsp;&amp;nbsp;return&amp;nbsp;&lt;/span&gt;&lt;span style="color: var(--highlight-default)"&gt;parent&lt;/span&gt;&lt;span style="color: var(--highlight-keyword)"&gt;::&lt;/span&gt;&lt;span style="color: var(--highlight-default)"&gt;doRequest&lt;/span&gt;&lt;span style="color: var(--highlight-keyword)"&gt;(&lt;/span&gt;&lt;span style="color: var(--highlight-default)"&gt;$request&lt;/span&gt;&lt;span style="color: var(--highlight-keyword)"&gt;);&lt;/span&gt;&lt;/code&gt;&lt;/li&gt;
&lt;li&gt;&lt;code&gt;&lt;span style="color: var(--highlight-keyword)"&gt;&amp;nbsp;&amp;nbsp;&amp;nbsp;&amp;nbsp;}&lt;/span&gt;&lt;/code&gt;&lt;/li&gt;
&lt;li&gt;&lt;code&gt;&lt;span style="color: var(--highlight-keyword)"&gt;&lt;/span&gt;&lt;/code&gt;&lt;/li&gt;
&lt;li&gt;&lt;code&gt;&lt;span style="color: var(--highlight-keyword)"&gt;&amp;nbsp;&amp;nbsp;&amp;nbsp;&amp;nbsp;&lt;/span&gt;&lt;span style="color: var(--highlight-comment)"&gt;/**&lt;/span&gt;&lt;/code&gt;&lt;/li&gt;
&lt;li&gt;&lt;code&gt;&lt;span style="color: var(--highlight-comment)"&gt;&amp;nbsp;&amp;nbsp;&amp;nbsp;&amp;nbsp;&amp;nbsp;*&amp;nbsp;{@inheritdoc}&lt;/span&gt;&lt;/code&gt;&lt;/li&gt;
&lt;li&gt;&lt;code&gt;&lt;span style="color: var(--highlight-comment)"&gt;&amp;nbsp;&amp;nbsp;&amp;nbsp;&amp;nbsp;&amp;nbsp;*&lt;/span&gt;&lt;/code&gt;&lt;/li&gt;&lt;/ol&gt;    &lt;/div&gt;            &lt;/div&gt;
                        &lt;div class="trace-line "&gt;
                &lt;div class="trace-line-header break-long-words sf-toggle" data-toggle-selector="#trace-html-3-14" data-toggle-initial=""&gt;
            &lt;span class="icon icon-close"&gt;&lt;svg width="1792" height="1792" viewBox="0 0 1792 1792" xmlns="http://www.w3.org/2000/svg"&gt;&lt;path d="M1408 960V832q0-26-19-45t-45-19H448q-26 0-45 19t-19 45v128q0 26 19 45t45 19h896q26 0 45-19t19-45zm256-544v960q0 119-84.5 203.5T1376 1664H416q-119 0-203.5-84.5T128 1376V416q0-119 84.5-203.5T416 128h960q119 0 203.5 84.5T1664 416z"/&gt;&lt;/svg&gt;&lt;/span&gt;
        &lt;span class="icon icon-open"&gt;&lt;svg width="1792" height="1792" viewBox="0 0 1792 1792" xmlns="http://www.w3.org/2000/svg"&gt;&lt;path d="M1408 960V832q0-26-19-45t-45-19h-320V448q0-26-19-45t-45-19H832q-26 0-45 19t-19 45v320H448q-26 0-45 19t-19 45v128q0 26 19 45t45 19h320v320q0 26 19 45t45 19h128q26 0 45-19t19-45v-320h320q26 0 45-19t19-45zm256-544v960q0 119-84.5 203.5T1376 1664H416q-119 0-203.5-84.5T128 1376V416q0-119 84.5-203.5T416 128h960q119 0 203.5 84.5T1664 416z"/&gt;&lt;/svg&gt;&lt;/span&gt;
    
            &lt;span class="trace-class"&gt;&lt;abbr title="Symfony\Bundle\FrameworkBundle\KernelBrowser"&gt;KernelBrowser&lt;/abbr&gt;&lt;/span&gt;&lt;span class="trace-type"&gt;-&gt;&lt;/span&gt;&lt;span class="trace-method"&gt;doRequest&lt;/span&gt;&lt;span class="trace-arguments"&gt;()&lt;/span&gt;    
                    &lt;span class="block trace-file-path"&gt;
            in
            &lt;a href=""&gt;
                C:\Users\eman\Documents\GitHub\car_dealer\vendor\symfony\browser-kit\&lt;strong&gt;AbstractBrowser.php&lt;/strong&gt;
            &lt;/a&gt;
                        (line 370)
            &lt;span class="icon icon-copy hidden" data-clipboard-text="C:\Users\eman\Documents\GitHub\car_dealer\vendor\symfony\browser-kit\AbstractBrowser.php:370"&gt;
                &lt;svg xmlns="http://www.w3.org/2000/svg" height="24" viewBox="0 0 24 24" width="24"&gt;&lt;path d="M0 0h24v24H0z" fill="none"/&gt;&lt;path d="M16 1H4c-1.1 0-2 .9-2 2v14h2V3h12V1zm3 4H8c-1.1 0-2 .9-2 2v14c0 1.1.9 2 2 2h11c1.1 0 2-.9 2-2V7c0-1.1-.9-2-2-2zm0 16H8V7h11v14z"/&gt;&lt;/svg&gt;            &lt;/span&gt;
        &lt;/span&gt;
    &lt;/div&gt;
    &lt;div id="trace-html-3-14" class="trace-code sf-toggle-content"&gt;
        &lt;ol start="365"&gt;&lt;li&gt;&lt;code&gt;&lt;span style="color: var(--highlight-keyword)"&gt;&amp;nbsp;&amp;nbsp;&amp;nbsp;&amp;nbsp;&amp;nbsp;&amp;nbsp;&amp;nbsp;&amp;nbsp;}&lt;/span&gt;&lt;/code&gt;&lt;/li&gt;
&lt;li&gt;&lt;code&gt;&lt;span style="color: var(--highlight-keyword)"&gt;&lt;/span&gt;&lt;/code&gt;&lt;/li&gt;
&lt;li&gt;&lt;code&gt;&lt;span style="color: var(--highlight-keyword)"&gt;&amp;nbsp;&amp;nbsp;&amp;nbsp;&amp;nbsp;&amp;nbsp;&amp;nbsp;&amp;nbsp;&amp;nbsp;if&amp;nbsp;(&lt;/span&gt;&lt;span style="color: var(--highlight-default)"&gt;$this&lt;/span&gt;&lt;span style="color: var(--highlight-keyword)"&gt;-&amp;gt;&lt;/span&gt;&lt;span style="color: var(--highlight-default)"&gt;insulated&lt;/span&gt;&lt;span style="color: var(--highlight-keyword)"&gt;)&amp;nbsp;{&lt;/span&gt;&lt;/code&gt;&lt;/li&gt;
&lt;li&gt;&lt;code&gt;&lt;span style="color: var(--highlight-keyword)"&gt;&amp;nbsp;&amp;nbsp;&amp;nbsp;&amp;nbsp;&amp;nbsp;&amp;nbsp;&amp;nbsp;&amp;nbsp;&amp;nbsp;&amp;nbsp;&amp;nbsp;&amp;nbsp;&lt;/span&gt;&lt;span style="color: var(--highlight-default)"&gt;$this&lt;/span&gt;&lt;span style="color: var(--highlight-keyword)"&gt;-&amp;gt;&lt;/span&gt;&lt;span style="color: var(--highlight-default)"&gt;response&amp;nbsp;&lt;/span&gt;&lt;span style="color: var(--highlight-keyword)"&gt;=&amp;nbsp;&lt;/span&gt;&lt;span style="color: var(--highlight-default)"&gt;$this&lt;/span&gt;&lt;span style="color: var(--highlight-keyword)"&gt;-&amp;gt;&lt;/span&gt;&lt;span style="color: var(--highlight-default)"&gt;doRequestInProcess&lt;/span&gt;&lt;span style="color: var(--highlight-keyword)"&gt;(&lt;/span&gt;&lt;span style="color: var(--highlight-default)"&gt;$this&lt;/span&gt;&lt;span style="color: var(--highlight-keyword)"&gt;-&amp;gt;&lt;/span&gt;&lt;span style="color: var(--highlight-default)"&gt;request&lt;/span&gt;&lt;span style="color: var(--highlight-keyword)"&gt;);&lt;/span&gt;&lt;/code&gt;&lt;/li&gt;
&lt;li&gt;&lt;code&gt;&lt;span style="color: var(--highlight-keyword)"&gt;&amp;nbsp;&amp;nbsp;&amp;nbsp;&amp;nbsp;&amp;nbsp;&amp;nbsp;&amp;nbsp;&amp;nbsp;}&amp;nbsp;else&amp;nbsp;{&lt;/span&gt;&lt;/code&gt;&lt;/li&gt;
&lt;li class="selected"&gt;&lt;code&gt;&lt;span style="color: var(--highlight-keyword)"&gt;&amp;nbsp;&amp;nbsp;&amp;nbsp;&amp;nbsp;&amp;nbsp;&amp;nbsp;&amp;nbsp;&amp;nbsp;&amp;nbsp;&amp;nbsp;&amp;nbsp;&amp;nbsp;&lt;/span&gt;&lt;span style="color: var(--highlight-default)"&gt;$this&lt;/span&gt;&lt;span style="color: var(--highlight-keyword)"&gt;-&amp;gt;&lt;/span&gt;&lt;span style="color: var(--highlight-default)"&gt;response&amp;nbsp;&lt;/span&gt;&lt;span style="color: var(--highlight-keyword)"&gt;=&amp;nbsp;&lt;/span&gt;&lt;span style="color: var(--highlight-default)"&gt;$this&lt;/span&gt;&lt;span style="color: var(--highlight-keyword)"&gt;-&amp;gt;&lt;/span&gt;&lt;span style="color: var(--highlight-default)"&gt;doRequest&lt;/span&gt;&lt;span style="color: var(--highlight-keyword)"&gt;(&lt;/span&gt;&lt;span style="color: var(--highlight-default)"&gt;$this&lt;/span&gt;&lt;span style="color: var(--highlight-keyword)"&gt;-&amp;gt;&lt;/span&gt;&lt;span style="color: var(--highlight-default)"&gt;request&lt;/span&gt;&lt;span style="color: var(--highlight-keyword)"&gt;);&lt;/span&gt;&lt;/code&gt;&lt;/li&gt;
&lt;li&gt;&lt;code&gt;&lt;span style="color: var(--highlight-keyword)"&gt;&amp;nbsp;&amp;nbsp;&amp;nbsp;&amp;nbsp;&amp;nbsp;&amp;nbsp;&amp;nbsp;&amp;nbsp;}&lt;/span&gt;&lt;/code&gt;&lt;/li&gt;
&lt;li&gt;&lt;code&gt;&lt;span style="color: var(--highlight-keyword)"&gt;&lt;/span&gt;&lt;/code&gt;&lt;/li&gt;
&lt;li&gt;&lt;code&gt;&lt;span style="color: var(--highlight-keyword)"&gt;&amp;nbsp;&amp;nbsp;&amp;nbsp;&amp;nbsp;&amp;nbsp;&amp;nbsp;&amp;nbsp;&amp;nbsp;&lt;/span&gt;&lt;span style="color: var(--highlight-default)"&gt;$this&lt;/span&gt;&lt;span style="color: var(--highlight-keyword)"&gt;-&amp;gt;&lt;/span&gt;&lt;span style="color: var(--highlight-default)"&gt;internalResponse&amp;nbsp;&lt;/span&gt;&lt;span style="color: var(--highlight-keyword)"&gt;=&amp;nbsp;&lt;/span&gt;&lt;span style="color: var(--highlight-default)"&gt;$this&lt;/span&gt;&lt;span style="color: var(--highlight-keyword)"&gt;-&amp;gt;&lt;/span&gt;&lt;span style="color: var(--highlight-default)"&gt;filterResponse&lt;/span&gt;&lt;span style="color: var(--highlight-keyword)"&gt;(&lt;/span&gt;&lt;span style="color: var(--highlight-default)"&gt;$this&lt;/span&gt;&lt;span style="color: var(--highlight-keyword)"&gt;-&amp;gt;&lt;/span&gt;&lt;span style="color: var(--highlight-default)"&gt;response&lt;/span&gt;&lt;span style="color: var(--highlight-keyword)"&gt;);&lt;/span&gt;&lt;/code&gt;&lt;/li&gt;
&lt;li&gt;&lt;code&gt;&lt;span style="color: var(--highlight-keyword)"&gt;&lt;/span&gt;&lt;/code&gt;&lt;/li&gt;
&lt;li&gt;&lt;code&gt;&lt;span style="color: var(--highlight-keyword)"&gt;&amp;nbsp;&amp;nbsp;&amp;nbsp;&amp;nbsp;&amp;nbsp;&amp;nbsp;&amp;nbsp;&amp;nbsp;&lt;/span&gt;&lt;span style="color: var(--highlight-default)"&gt;$this&lt;/span&gt;&lt;span style="color: var(--highlight-keyword)"&gt;-&amp;gt;&lt;/span&gt;&lt;span style="color: var(--highlight-default)"&gt;cookieJar&lt;/span&gt;&lt;span style="color: var(--highlight-keyword)"&gt;-&amp;gt;&lt;/span&gt;&lt;span style="color: var(--highlight-default)"&gt;updateFromResponse&lt;/span&gt;&lt;span style="color: var(--highlight-keyword)"&gt;(&lt;/span&gt;&lt;span style="color: var(--highlight-default)"&gt;$this&lt;/span&gt;&lt;span style="color: var(--highlight-keyword)"&gt;-&amp;gt;&lt;/span&gt;&lt;span style="color: var(--highlight-default)"&gt;internalResponse&lt;/span&gt;&lt;span style="color: var(--highlight-keyword)"&gt;,&amp;nbsp;&lt;/span&gt;&lt;span style="color: var(--highlight-default)"&gt;$uri&lt;/span&gt;&lt;span style="color: var(--highlight-keyword)"&gt;);&lt;/span&gt;&lt;/code&gt;&lt;/li&gt;&lt;/ol&gt;    &lt;/div&gt;            &lt;/div&gt;
                        &lt;div class="trace-line "&gt;
                &lt;div class="trace-line-header break-long-words sf-toggle" data-toggle-selector="#trace-html-3-15" data-toggle-initial=""&gt;
            &lt;span class="icon icon-close"&gt;&lt;svg width="1792" height="1792" viewBox="0 0 1792 1792" xmlns="http://www.w3.org/2000/svg"&gt;&lt;path d="M1408 960V832q0-26-19-45t-45-19H448q-26 0-45 19t-19 45v128q0 26 19 45t45 19h896q26 0 45-19t19-45zm256-544v960q0 119-84.5 203.5T1376 1664H416q-119 0-203.5-84.5T128 1376V416q0-119 84.5-203.5T416 128h960q119 0 203.5 84.5T1664 416z"/&gt;&lt;/svg&gt;&lt;/span&gt;
        &lt;span class="icon icon-open"&gt;&lt;svg width="1792" height="1792" viewBox="0 0 1792 1792" xmlns="http://www.w3.org/2000/svg"&gt;&lt;path d="M1408 960V832q0-26-19-45t-45-19h-320V448q0-26-19-45t-45-19H832q-26 0-45 19t-19 45v320H448q-26 0-45 19t-19 45v128q0 26 19 45t45 19h320v320q0 26 19 45t45 19h128q26 0 45-19t19-45v-320h320q26 0 45-19t19-45zm256-544v960q0 119-84.5 203.5T1376 1664H416q-119 0-203.5-84.5T128 1376V416q0-119 84.5-203.5T416 128h960q119 0 203.5 84.5T1664 416z"/&gt;&lt;/svg&gt;&lt;/span&gt;
    
            &lt;span class="trace-class"&gt;&lt;abbr title="Symfony\Component\BrowserKit\AbstractBrowser"&gt;AbstractBrowser&lt;/abbr&gt;&lt;/span&gt;&lt;span class="trace-type"&gt;-&gt;&lt;/span&gt;&lt;span class="trace-method"&gt;request&lt;/span&gt;&lt;span class="trace-arguments"&gt;()&lt;/span&gt;    
                    &lt;span class="block trace-file-path"&gt;
            in
            &lt;a href=""&gt;
                C:\Users\eman\Documents\GitHub\car_dealer\tests\WebTest\&lt;strong&gt;CarsPageTest.php&lt;/strong&gt;
            &lt;/a&gt;
                        (line 40)
            &lt;span class="icon icon-copy hidden" data-clipboard-text="C:\Users\eman\Documents\GitHub\car_dealer\tests\WebTest\CarsPageTest.php:40"&gt;
                &lt;svg xmlns="http://www.w3.org/2000/svg" height="24" viewBox="0 0 24 24" width="24"&gt;&lt;path d="M0 0h24v24H0z" fill="none"/&gt;&lt;path d="M16 1H4c-1.1 0-2 .9-2 2v14h2V3h12V1zm3 4H8c-1.1 0-2 .9-2 2v14c0 1.1.9 2 2 2h11c1.1 0 2-.9 2-2V7c0-1.1-.9-2-2-2zm0 16H8V7h11v14z"/&gt;&lt;/svg&gt;            &lt;/span&gt;
        &lt;/span&gt;
    &lt;/div&gt;
    &lt;div id="trace-html-3-15" class="trace-code sf-toggle-content"&gt;
        &lt;ol start="35"&gt;&lt;li&gt;&lt;code&gt;&lt;span style="color: var(--highlight-keyword)"&gt;&amp;nbsp;&amp;nbsp;&amp;nbsp;&amp;nbsp;&amp;nbsp;&amp;nbsp;&amp;nbsp;&amp;nbsp;&lt;/span&gt;&lt;span style="color: var(--highlight-default)"&gt;$url&amp;nbsp;&lt;/span&gt;&lt;span style="color: var(--highlight-keyword)"&gt;=&amp;nbsp;&lt;/span&gt;&lt;span style="color: var(--highlight-string)"&gt;'/Cars'&lt;/span&gt;&lt;span style="color: var(--highlight-keyword)"&gt;;&lt;/span&gt;&lt;/code&gt;&lt;/li&gt;
&lt;li&gt;&lt;code&gt;&lt;span style="color: var(--highlight-keyword)"&gt;&amp;nbsp;&amp;nbsp;&amp;nbsp;&amp;nbsp;&amp;nbsp;&amp;nbsp;&amp;nbsp;&amp;nbsp;&lt;/span&gt;&lt;span style="color: var(--highlight-default)"&gt;$httpMethod&amp;nbsp;&lt;/span&gt;&lt;span style="color: var(--highlight-keyword)"&gt;=&amp;nbsp;&lt;/span&gt;&lt;span style="color: var(--highlight-string)"&gt;'GET'&lt;/span&gt;&lt;span style="color: var(--highlight-keyword)"&gt;;&lt;/span&gt;&lt;/code&gt;&lt;/li&gt;
&lt;li&gt;&lt;code&gt;&lt;span style="color: var(--highlight-keyword)"&gt;&amp;nbsp;&amp;nbsp;&amp;nbsp;&amp;nbsp;&amp;nbsp;&amp;nbsp;&amp;nbsp;&amp;nbsp;&lt;/span&gt;&lt;span style="color: var(--highlight-default)"&gt;$client&amp;nbsp;&lt;/span&gt;&lt;span style="color: var(--highlight-keyword)"&gt;=&amp;nbsp;static::&lt;/span&gt;&lt;span style="color: var(--highlight-default)"&gt;createClient&lt;/span&gt;&lt;span style="color: var(--highlight-keyword)"&gt;();&lt;/span&gt;&lt;/code&gt;&lt;/li&gt;
&lt;li&gt;&lt;code&gt;&lt;span style="color: var(--highlight-keyword)"&gt;&amp;nbsp;&amp;nbsp;&amp;nbsp;&amp;nbsp;&amp;nbsp;&amp;nbsp;&amp;nbsp;&amp;nbsp;&lt;/span&gt;&lt;span style="color: var(--highlight-default)"&gt;$searchText&amp;nbsp;&lt;/span&gt;&lt;span style="color: var(--highlight-keyword)"&gt;=&amp;nbsp;&lt;/span&gt;&lt;span style="color: var(--highlight-string)"&gt;'Make:&amp;nbsp;Audi'&lt;/span&gt;&lt;span style="color: var(--highlight-keyword)"&gt;;&lt;/span&gt;&lt;/code&gt;&lt;/li&gt;
&lt;li&gt;&lt;code&gt;&lt;span style="color: var(--highlight-keyword)"&gt;&amp;nbsp;&amp;nbsp;&amp;nbsp;&amp;nbsp;&amp;nbsp;&amp;nbsp;&amp;nbsp;&amp;nbsp;&lt;/span&gt;&lt;span style="color: var(--highlight-default)"&gt;$cssSelector&amp;nbsp;&lt;/span&gt;&lt;span style="color: var(--highlight-keyword)"&gt;=&amp;nbsp;&lt;/span&gt;&lt;span style="color: var(--highlight-string)"&gt;'h2'&lt;/span&gt;&lt;span style="color: var(--highlight-keyword)"&gt;;&lt;/span&gt;&lt;/code&gt;&lt;/li&gt;
&lt;li class="selected"&gt;&lt;code&gt;&lt;span style="color: var(--highlight-keyword)"&gt;&amp;nbsp;&amp;nbsp;&amp;nbsp;&amp;nbsp;&amp;nbsp;&amp;nbsp;&amp;nbsp;&amp;nbsp;&lt;/span&gt;&lt;span style="color: var(--highlight-default)"&gt;$crawler&amp;nbsp;&lt;/span&gt;&lt;span style="color: var(--highlight-keyword)"&gt;=&amp;nbsp;&lt;/span&gt;&lt;span style="color: var(--highlight-default)"&gt;$client&lt;/span&gt;&lt;span style="color: var(--highlight-keyword)"&gt;-&amp;gt;&lt;/span&gt;&lt;span style="color: var(--highlight-default)"&gt;request&lt;/span&gt;&lt;span style="color: var(--highlight-keyword)"&gt;(&lt;/span&gt;&lt;span style="color: var(--highlight-default)"&gt;$httpMethod&lt;/span&gt;&lt;span style="color: var(--highlight-keyword)"&gt;,&amp;nbsp;&lt;/span&gt;&lt;span style="color: var(--highlight-default)"&gt;$url&lt;/span&gt;&lt;span style="color: var(--highlight-keyword)"&gt;);&lt;/span&gt;&lt;/code&gt;&lt;/li&gt;
&lt;li&gt;&lt;code&gt;&lt;span style="color: var(--highlight-keyword)"&gt;&amp;nbsp;&amp;nbsp;&amp;nbsp;&amp;nbsp;&amp;nbsp;&amp;nbsp;&amp;nbsp;&amp;nbsp;&lt;/span&gt;&lt;span style="color: var(--highlight-default)"&gt;$content&amp;nbsp;&lt;/span&gt;&lt;span style="color: var(--highlight-keyword)"&gt;=&amp;nbsp;&lt;/span&gt;&lt;span style="color: var(--highlight-default)"&gt;$client&lt;/span&gt;&lt;span style="color: var(--highlight-keyword)"&gt;-&amp;gt;&lt;/span&gt;&lt;span style="color: var(--highlight-default)"&gt;getResponse&lt;/span&gt;&lt;span style="color: var(--highlight-keyword)"&gt;()-&amp;gt;&lt;/span&gt;&lt;span style="color: var(--highlight-default)"&gt;getContent&lt;/span&gt;&lt;span style="color: var(--highlight-keyword)"&gt;();&lt;/span&gt;&lt;/code&gt;&lt;/li&gt;
&lt;li&gt;&lt;code&gt;&lt;span style="color: var(--highlight-keyword)"&gt;&amp;nbsp;&amp;nbsp;&amp;nbsp;&amp;nbsp;&amp;nbsp;&amp;nbsp;&amp;nbsp;&amp;nbsp;&lt;/span&gt;&lt;span style="color: var(--highlight-default)"&gt;$this&lt;/span&gt;&lt;span style="color: var(--highlight-keyword)"&gt;-&amp;gt;&lt;/span&gt;&lt;span style="color: var(--highlight-default)"&gt;assertResponseIsSuccessful&lt;/span&gt;&lt;span style="color: var(--highlight-keyword)"&gt;();&lt;/span&gt;&lt;/code&gt;&lt;/li&gt;
&lt;li&gt;&lt;code&gt;&lt;span style="color: var(--highlight-keyword)"&gt;&amp;nbsp;&amp;nbsp;&amp;nbsp;&amp;nbsp;&amp;nbsp;&amp;nbsp;&amp;nbsp;&amp;nbsp;&lt;/span&gt;&lt;span style="color: var(--highlight-default)"&gt;$this&lt;/span&gt;&lt;span style="color: var(--highlight-keyword)"&gt;-&amp;gt;&lt;/span&gt;&lt;span style="color: var(--highlight-default)"&gt;assertSelectorTextContains&lt;/span&gt;&lt;span style="color: var(--highlight-keyword)"&gt;(&lt;/span&gt;&lt;span style="color: var(--highlight-default)"&gt;$cssSelector&lt;/span&gt;&lt;span style="color: var(--highlight-keyword)"&gt;,&amp;nbsp;&lt;/span&gt;&lt;span style="color: var(--highlight-default)"&gt;$searchText&lt;/span&gt;&lt;span style="color: var(--highlight-keyword)"&gt;);&lt;/span&gt;&lt;/code&gt;&lt;/li&gt;
&lt;li&gt;&lt;code&gt;&lt;span style="color: var(--highlight-keyword)"&gt;&amp;nbsp;&amp;nbsp;&amp;nbsp;&amp;nbsp;}&lt;/span&gt;&lt;/code&gt;&lt;/li&gt;
&lt;li&gt;&lt;code&gt;&lt;span style="color: var(--highlight-keyword)"&gt;&amp;nbsp;&amp;nbsp;&amp;nbsp;&amp;nbsp;public&amp;nbsp;function&amp;nbsp;&lt;/span&gt;&lt;span style="color: var(--highlight-default)"&gt;testHead&lt;/span&gt;&lt;span style="color: var(--highlight-keyword)"&gt;():&amp;nbsp;&lt;/span&gt;&lt;span style="color: var(--highlight-default)"&gt;void&lt;/span&gt;&lt;/code&gt;&lt;/li&gt;&lt;/ol&gt;    &lt;/div&gt;            &lt;/div&gt;
                        &lt;div class="trace-line "&gt;
                &lt;div class="trace-line-header break-long-words sf-toggle" data-toggle-selector="#trace-html-3-16" data-toggle-initial=""&gt;
            &lt;span class="icon icon-close"&gt;&lt;svg width="1792" height="1792" viewBox="0 0 1792 1792" xmlns="http://www.w3.org/2000/svg"&gt;&lt;path d="M1408 960V832q0-26-19-45t-45-19H448q-26 0-45 19t-19 45v128q0 26 19 45t45 19h896q26 0 45-19t19-45zm256-544v960q0 119-84.5 203.5T1376 1664H416q-119 0-203.5-84.5T128 1376V416q0-119 84.5-203.5T416 128h960q119 0 203.5 84.5T1664 416z"/&gt;&lt;/svg&gt;&lt;/span&gt;
        &lt;span class="icon icon-open"&gt;&lt;svg width="1792" height="1792" viewBox="0 0 1792 1792" xmlns="http://www.w3.org/2000/svg"&gt;&lt;path d="M1408 960V832q0-26-19-45t-45-19h-320V448q0-26-19-45t-45-19H832q-26 0-45 19t-19 45v320H448q-26 0-45 19t-19 45v128q0 26 19 45t45 19h320v320q0 26 19 45t45 19h128q26 0 45-19t19-45v-320h320q26 0 45-19t19-45zm256-544v960q0 119-84.5 203.5T1376 1664H416q-119 0-203.5-84.5T128 1376V416q0-119 84.5-203.5T416 128h960q119 0 203.5 84.5T1664 416z"/&gt;&lt;/svg&gt;&lt;/span&gt;
    
            &lt;span class="trace-class"&gt;&lt;abbr title="App\Tests\WebTest\CarsPageTest"&gt;CarsPageTest&lt;/abbr&gt;&lt;/span&gt;&lt;span class="trace-type"&gt;-&gt;&lt;/span&gt;&lt;span class="trace-method"&gt;testHeading2&lt;/span&gt;&lt;span class="trace-arguments"&gt;()&lt;/span&gt;    
                    &lt;span class="block trace-file-path"&gt;
            in
            &lt;a href=""&gt;
                C:\Users\eman\Documents\GitHub\car_dealer\vendor\phpunit\phpunit\src\Framework\&lt;strong&gt;TestCase.php&lt;/strong&gt;
            &lt;/a&gt;
                        (line 1545)
            &lt;span class="icon icon-copy hidden" data-clipboard-text="C:\Users\eman\Documents\GitHub\car_dealer\vendor\phpunit\phpunit\src\Framework\TestCase.php:1545"&gt;
                &lt;svg xmlns="http://www.w3.org/2000/svg" height="24" viewBox="0 0 24 24" width="24"&gt;&lt;path d="M0 0h24v24H0z" fill="none"/&gt;&lt;path d="M16 1H4c-1.1 0-2 .9-2 2v14h2V3h12V1zm3 4H8c-1.1 0-2 .9-2 2v14c0 1.1.9 2 2 2h11c1.1 0 2-.9 2-2V7c0-1.1-.9-2-2-2zm0 16H8V7h11v14z"/&gt;&lt;/svg&gt;            &lt;/span&gt;
        &lt;/span&gt;
    &lt;/div&gt;
    &lt;div id="trace-html-3-16" class="trace-code sf-toggle-content"&gt;
        &lt;ol start="1540"&gt;&lt;li&gt;&lt;code&gt;&lt;span style="color: var(--highlight-keyword)"&gt;&amp;nbsp;&amp;nbsp;&amp;nbsp;&amp;nbsp;&amp;nbsp;&amp;nbsp;&amp;nbsp;&amp;nbsp;&lt;/span&gt;&lt;span style="color: var(--highlight-default)"&gt;$testArguments&amp;nbsp;&lt;/span&gt;&lt;span style="color: var(--highlight-keyword)"&gt;=&amp;nbsp;&lt;/span&gt;&lt;span style="color: var(--highlight-default)"&gt;array_merge&lt;/span&gt;&lt;span style="color: var(--highlight-keyword)"&gt;(&lt;/span&gt;&lt;span style="color: var(--highlight-default)"&gt;$this&lt;/span&gt;&lt;span style="color: var(--highlight-keyword)"&gt;-&amp;gt;&lt;/span&gt;&lt;span style="color: var(--highlight-default)"&gt;data&lt;/span&gt;&lt;span style="color: var(--highlight-keyword)"&gt;,&amp;nbsp;&lt;/span&gt;&lt;span style="color: var(--highlight-default)"&gt;$this&lt;/span&gt;&lt;span style="color: var(--highlight-keyword)"&gt;-&amp;gt;&lt;/span&gt;&lt;span style="color: var(--highlight-default)"&gt;dependencyInput&lt;/span&gt;&lt;span style="color: var(--highlight-keyword)"&gt;);&lt;/span&gt;&lt;/code&gt;&lt;/li&gt;
&lt;li&gt;&lt;code&gt;&lt;span style="color: var(--highlight-keyword)"&gt;&lt;/span&gt;&lt;/code&gt;&lt;/li&gt;
&lt;li&gt;&lt;code&gt;&lt;span style="color: var(--highlight-keyword)"&gt;&amp;nbsp;&amp;nbsp;&amp;nbsp;&amp;nbsp;&amp;nbsp;&amp;nbsp;&amp;nbsp;&amp;nbsp;&lt;/span&gt;&lt;span style="color: var(--highlight-default)"&gt;$this&lt;/span&gt;&lt;span style="color: var(--highlight-keyword)"&gt;-&amp;gt;&lt;/span&gt;&lt;span style="color: var(--highlight-default)"&gt;registerMockObjectsFromTestArguments&lt;/span&gt;&lt;span style="color: var(--highlight-keyword)"&gt;(&lt;/span&gt;&lt;span style="color: var(--highlight-default)"&gt;$testArguments&lt;/span&gt;&lt;span style="color: var(--highlight-keyword)"&gt;);&lt;/span&gt;&lt;/code&gt;&lt;/li&gt;
&lt;li&gt;&lt;code&gt;&lt;span style="color: var(--highlight-keyword)"&gt;&lt;/span&gt;&lt;/code&gt;&lt;/li&gt;
&lt;li&gt;&lt;code&gt;&lt;span style="color: var(--highlight-keyword)"&gt;&amp;nbsp;&amp;nbsp;&amp;nbsp;&amp;nbsp;&amp;nbsp;&amp;nbsp;&amp;nbsp;&amp;nbsp;try&amp;nbsp;{&lt;/span&gt;&lt;/code&gt;&lt;/li&gt;
&lt;li class="selected"&gt;&lt;code&gt;&lt;span style="color: var(--highlight-keyword)"&gt;&amp;nbsp;&amp;nbsp;&amp;nbsp;&amp;nbsp;&amp;nbsp;&amp;nbsp;&amp;nbsp;&amp;nbsp;&amp;nbsp;&amp;nbsp;&amp;nbsp;&amp;nbsp;&lt;/span&gt;&lt;span style="color: var(--highlight-default)"&gt;$testResult&amp;nbsp;&lt;/span&gt;&lt;span style="color: var(--highlight-keyword)"&gt;=&amp;nbsp;&lt;/span&gt;&lt;span style="color: var(--highlight-default)"&gt;$this&lt;/span&gt;&lt;span style="color: var(--highlight-keyword)"&gt;-&amp;gt;{&lt;/span&gt;&lt;span style="color: var(--highlight-default)"&gt;$this&lt;/span&gt;&lt;span style="color: var(--highlight-keyword)"&gt;-&amp;gt;&lt;/span&gt;&lt;span style="color: var(--highlight-default)"&gt;name&lt;/span&gt;&lt;span style="color: var(--highlight-keyword)"&gt;}(...&lt;/span&gt;&lt;span style="color: var(--highlight-default)"&gt;array_values&lt;/span&gt;&lt;span style="color: var(--highlight-keyword)"&gt;(&lt;/span&gt;&lt;span style="color: var(--highlight-default)"&gt;$testArguments&lt;/span&gt;&lt;span style="color: var(--highlight-keyword)"&gt;));&lt;/span&gt;&lt;/code&gt;&lt;/li&gt;
&lt;li&gt;&lt;code&gt;&lt;span style="color: var(--highlight-keyword)"&gt;&amp;nbsp;&amp;nbsp;&amp;nbsp;&amp;nbsp;&amp;nbsp;&amp;nbsp;&amp;nbsp;&amp;nbsp;}&amp;nbsp;catch&amp;nbsp;(&lt;/span&gt;&lt;span style="color: var(--highlight-default)"&gt;Throwable&amp;nbsp;$exception&lt;/span&gt;&lt;span style="color: var(--highlight-keyword)"&gt;)&amp;nbsp;{&lt;/span&gt;&lt;/code&gt;&lt;/li&gt;
&lt;li&gt;&lt;code&gt;&lt;span style="color: var(--highlight-keyword)"&gt;&amp;nbsp;&amp;nbsp;&amp;nbsp;&amp;nbsp;&amp;nbsp;&amp;nbsp;&amp;nbsp;&amp;nbsp;&amp;nbsp;&amp;nbsp;&amp;nbsp;&amp;nbsp;if&amp;nbsp;(!&lt;/span&gt;&lt;span style="color: var(--highlight-default)"&gt;$this&lt;/span&gt;&lt;span style="color: var(--highlight-keyword)"&gt;-&amp;gt;&lt;/span&gt;&lt;span style="color: var(--highlight-default)"&gt;checkExceptionExpectations&lt;/span&gt;&lt;span style="color: var(--highlight-keyword)"&gt;(&lt;/span&gt;&lt;span style="color: var(--highlight-default)"&gt;$exception&lt;/span&gt;&lt;span style="color: var(--highlight-keyword)"&gt;))&amp;nbsp;{&lt;/span&gt;&lt;/code&gt;&lt;/li&gt;
&lt;li&gt;&lt;code&gt;&lt;span style="color: var(--highlight-keyword)"&gt;&amp;nbsp;&amp;nbsp;&amp;nbsp;&amp;nbsp;&amp;nbsp;&amp;nbsp;&amp;nbsp;&amp;nbsp;&amp;nbsp;&amp;nbsp;&amp;nbsp;&amp;nbsp;&amp;nbsp;&amp;nbsp;&amp;nbsp;&amp;nbsp;throw&amp;nbsp;&lt;/span&gt;&lt;span style="color: var(--highlight-default)"&gt;$exception&lt;/span&gt;&lt;span style="color: var(--highlight-keyword)"&gt;;&lt;/span&gt;&lt;/code&gt;&lt;/li&gt;
&lt;li&gt;&lt;code&gt;&lt;span style="color: var(--highlight-keyword)"&gt;&amp;nbsp;&amp;nbsp;&amp;nbsp;&amp;nbsp;&amp;nbsp;&amp;nbsp;&amp;nbsp;&amp;nbsp;&amp;nbsp;&amp;nbsp;&amp;nbsp;&amp;nbsp;}&lt;/span&gt;&lt;/code&gt;&lt;/li&gt;
&lt;li&gt;&lt;code&gt;&lt;span style="color: var(--highlight-keyword)"&gt;&lt;/span&gt;&lt;/code&gt;&lt;/li&gt;&lt;/ol&gt;    &lt;/div&gt;            &lt;/div&gt;
                        &lt;div class="trace-line "&gt;
                &lt;div class="trace-line-header break-long-words sf-toggle" data-toggle-selector="#trace-html-3-17" data-toggle-initial=""&gt;
            &lt;span class="icon icon-close"&gt;&lt;svg width="1792" height="1792" viewBox="0 0 1792 1792" xmlns="http://www.w3.org/2000/svg"&gt;&lt;path d="M1408 960V832q0-26-19-45t-45-19H448q-26 0-45 19t-19 45v128q0 26 19 45t45 19h896q26 0 45-19t19-45zm256-544v960q0 119-84.5 203.5T1376 1664H416q-119 0-203.5-84.5T128 1376V416q0-119 84.5-203.5T416 128h960q119 0 203.5 84.5T1664 416z"/&gt;&lt;/svg&gt;&lt;/span&gt;
        &lt;span class="icon icon-open"&gt;&lt;svg width="1792" height="1792" viewBox="0 0 1792 1792" xmlns="http://www.w3.org/2000/svg"&gt;&lt;path d="M1408 960V832q0-26-19-45t-45-19h-320V448q0-26-19-45t-45-19H832q-26 0-45 19t-19 45v320H448q-26 0-45 19t-19 45v128q0 26 19 45t45 19h320v320q0 26 19 45t45 19h128q26 0 45-19t19-45v-320h320q26 0 45-19t19-45zm256-544v960q0 119-84.5 203.5T1376 1664H416q-119 0-203.5-84.5T128 1376V416q0-119 84.5-203.5T416 128h960q119 0 203.5 84.5T1664 416z"/&gt;&lt;/svg&gt;&lt;/span&gt;
    
            &lt;span class="trace-class"&gt;&lt;abbr title="PHPUnit\Framework\TestCase"&gt;TestCase&lt;/abbr&gt;&lt;/span&gt;&lt;span class="trace-type"&gt;-&gt;&lt;/span&gt;&lt;span class="trace-method"&gt;runTest&lt;/span&gt;&lt;span class="trace-arguments"&gt;()&lt;/span&gt;    
                    &lt;span class="block trace-file-path"&gt;
            in
            &lt;a href=""&gt;
                C:\Users\eman\Documents\GitHub\car_dealer\vendor\phpunit\phpunit\src\Framework\&lt;strong&gt;TestCase.php&lt;/strong&gt;
            &lt;/a&gt;
                        (line 1151)
            &lt;span class="icon icon-copy hidden" data-clipboard-text="C:\Users\eman\Documents\GitHub\car_dealer\vendor\phpunit\phpunit\src\Framework\TestCase.php:1151"&gt;
                &lt;svg xmlns="http://www.w3.org/2000/svg" height="24" viewBox="0 0 24 24" width="24"&gt;&lt;path d="M0 0h24v24H0z" fill="none"/&gt;&lt;path d="M16 1H4c-1.1 0-2 .9-2 2v14h2V3h12V1zm3 4H8c-1.1 0-2 .9-2 2v14c0 1.1.9 2 2 2h11c1.1 0 2-.9 2-2V7c0-1.1-.9-2-2-2zm0 16H8V7h11v14z"/&gt;&lt;/svg&gt;            &lt;/span&gt;
        &lt;/span&gt;
    &lt;/div&gt;
    &lt;div id="trace-html-3-17" class="trace-code sf-toggle-content"&gt;
        &lt;ol start="1146"&gt;&lt;li&gt;&lt;code&gt;&lt;span style="color: var(--highlight-keyword)"&gt;&lt;/span&gt;&lt;/code&gt;&lt;/li&gt;
&lt;li&gt;&lt;code&gt;&lt;span style="color: var(--highlight-keyword)"&gt;&amp;nbsp;&amp;nbsp;&amp;nbsp;&amp;nbsp;&amp;nbsp;&amp;nbsp;&amp;nbsp;&amp;nbsp;&amp;nbsp;&amp;nbsp;&amp;nbsp;&amp;nbsp;foreach&amp;nbsp;(&lt;/span&gt;&lt;span style="color: var(--highlight-default)"&gt;$hookMethods&lt;/span&gt;&lt;span style="color: var(--highlight-keyword)"&gt;[&lt;/span&gt;&lt;span style="color: var(--highlight-string)"&gt;'preCondition'&lt;/span&gt;&lt;span style="color: var(--highlight-keyword)"&gt;]&amp;nbsp;as&amp;nbsp;&lt;/span&gt;&lt;span style="color: var(--highlight-default)"&gt;$method&lt;/span&gt;&lt;span style="color: var(--highlight-keyword)"&gt;)&amp;nbsp;{&lt;/span&gt;&lt;/code&gt;&lt;/li&gt;
&lt;li&gt;&lt;code&gt;&lt;span style="color: var(--highlight-keyword)"&gt;&amp;nbsp;&amp;nbsp;&amp;nbsp;&amp;nbsp;&amp;nbsp;&amp;nbsp;&amp;nbsp;&amp;nbsp;&amp;nbsp;&amp;nbsp;&amp;nbsp;&amp;nbsp;&amp;nbsp;&amp;nbsp;&amp;nbsp;&amp;nbsp;&lt;/span&gt;&lt;span style="color: var(--highlight-default)"&gt;$this&lt;/span&gt;&lt;span style="color: var(--highlight-keyword)"&gt;-&amp;gt;{&lt;/span&gt;&lt;span style="color: var(--highlight-default)"&gt;$method&lt;/span&gt;&lt;span style="color: var(--highlight-keyword)"&gt;}();&lt;/span&gt;&lt;/code&gt;&lt;/li&gt;
&lt;li&gt;&lt;code&gt;&lt;span style="color: var(--highlight-keyword)"&gt;&amp;nbsp;&amp;nbsp;&amp;nbsp;&amp;nbsp;&amp;nbsp;&amp;nbsp;&amp;nbsp;&amp;nbsp;&amp;nbsp;&amp;nbsp;&amp;nbsp;&amp;nbsp;}&lt;/span&gt;&lt;/code&gt;&lt;/li&gt;
&lt;li&gt;&lt;code&gt;&lt;span style="color: var(--highlight-keyword)"&gt;&lt;/span&gt;&lt;/code&gt;&lt;/li&gt;
&lt;li class="selected"&gt;&lt;code&gt;&lt;span style="color: var(--highlight-keyword)"&gt;&amp;nbsp;&amp;nbsp;&amp;nbsp;&amp;nbsp;&amp;nbsp;&amp;nbsp;&amp;nbsp;&amp;nbsp;&amp;nbsp;&amp;nbsp;&amp;nbsp;&amp;nbsp;&lt;/span&gt;&lt;span style="color: var(--highlight-default)"&gt;$this&lt;/span&gt;&lt;span style="color: var(--highlight-keyword)"&gt;-&amp;gt;&lt;/span&gt;&lt;span style="color: var(--highlight-default)"&gt;testResult&amp;nbsp;&lt;/span&gt;&lt;span style="color: var(--highlight-keyword)"&gt;=&amp;nbsp;&lt;/span&gt;&lt;span style="color: var(--highlight-default)"&gt;$this&lt;/span&gt;&lt;span style="color: var(--highlight-keyword)"&gt;-&amp;gt;&lt;/span&gt;&lt;span style="color: var(--highlight-default)"&gt;runTest&lt;/span&gt;&lt;span style="color: var(--highlight-keyword)"&gt;();&lt;/span&gt;&lt;/code&gt;&lt;/li&gt;
&lt;li&gt;&lt;code&gt;&lt;span style="color: var(--highlight-keyword)"&gt;&amp;nbsp;&amp;nbsp;&amp;nbsp;&amp;nbsp;&amp;nbsp;&amp;nbsp;&amp;nbsp;&amp;nbsp;&amp;nbsp;&amp;nbsp;&amp;nbsp;&amp;nbsp;&lt;/span&gt;&lt;span style="color: var(--highlight-default)"&gt;$this&lt;/span&gt;&lt;span style="color: var(--highlight-keyword)"&gt;-&amp;gt;&lt;/span&gt;&lt;span style="color: var(--highlight-default)"&gt;verifyMockObjects&lt;/span&gt;&lt;span style="color: var(--highlight-keyword)"&gt;();&lt;/span&gt;&lt;/code&gt;&lt;/li&gt;
&lt;li&gt;&lt;code&gt;&lt;span style="color: var(--highlight-keyword)"&gt;&lt;/span&gt;&lt;/code&gt;&lt;/li&gt;
&lt;li&gt;&lt;code&gt;&lt;span style="color: var(--highlight-keyword)"&gt;&amp;nbsp;&amp;nbsp;&amp;nbsp;&amp;nbsp;&amp;nbsp;&amp;nbsp;&amp;nbsp;&amp;nbsp;&amp;nbsp;&amp;nbsp;&amp;nbsp;&amp;nbsp;foreach&amp;nbsp;(&lt;/span&gt;&lt;span style="color: var(--highlight-default)"&gt;$hookMethods&lt;/span&gt;&lt;span style="color: var(--highlight-keyword)"&gt;[&lt;/span&gt;&lt;span style="color: var(--highlight-string)"&gt;'postCondition'&lt;/span&gt;&lt;span style="color: var(--highlight-keyword)"&gt;]&amp;nbsp;as&amp;nbsp;&lt;/span&gt;&lt;span style="color: var(--highlight-default)"&gt;$method&lt;/span&gt;&lt;span style="color: var(--highlight-keyword)"&gt;)&amp;nbsp;{&lt;/span&gt;&lt;/code&gt;&lt;/li&gt;
&lt;li&gt;&lt;code&gt;&lt;span style="color: var(--highlight-keyword)"&gt;&amp;nbsp;&amp;nbsp;&amp;nbsp;&amp;nbsp;&amp;nbsp;&amp;nbsp;&amp;nbsp;&amp;nbsp;&amp;nbsp;&amp;nbsp;&amp;nbsp;&amp;nbsp;&amp;nbsp;&amp;nbsp;&amp;nbsp;&amp;nbsp;&lt;/span&gt;&lt;span style="color: var(--highlight-default)"&gt;$this&lt;/span&gt;&lt;span style="color: var(--highlight-keyword)"&gt;-&amp;gt;{&lt;/span&gt;&lt;span style="color: var(--highlight-default)"&gt;$method&lt;/span&gt;&lt;span style="color: var(--highlight-keyword)"&gt;}();&lt;/span&gt;&lt;/code&gt;&lt;/li&gt;
&lt;li&gt;&lt;code&gt;&lt;span style="color: var(--highlight-keyword)"&gt;&amp;nbsp;&amp;nbsp;&amp;nbsp;&amp;nbsp;&amp;nbsp;&amp;nbsp;&amp;nbsp;&amp;nbsp;&amp;nbsp;&amp;nbsp;&amp;nbsp;&amp;nbsp;}&lt;/span&gt;&lt;/code&gt;&lt;/li&gt;&lt;/ol&gt;    &lt;/div&gt;            &lt;/div&gt;
                        &lt;div class="trace-line "&gt;
                &lt;div class="trace-line-header break-long-words sf-toggle" data-toggle-selector="#trace-html-3-18" data-toggle-initial=""&gt;
            &lt;span class="icon icon-close"&gt;&lt;svg width="1792" height="1792" viewBox="0 0 1792 1792" xmlns="http://www.w3.org/2000/svg"&gt;&lt;path d="M1408 960V832q0-26-19-45t-45-19H448q-26 0-45 19t-19 45v128q0 26 19 45t45 19h896q26 0 45-19t19-45zm256-544v960q0 119-84.5 203.5T1376 1664H416q-119 0-203.5-84.5T128 1376V416q0-119 84.5-203.5T416 128h960q119 0 203.5 84.5T1664 416z"/&gt;&lt;/svg&gt;&lt;/span&gt;
        &lt;span class="icon icon-open"&gt;&lt;svg width="1792" height="1792" viewBox="0 0 1792 1792" xmlns="http://www.w3.org/2000/svg"&gt;&lt;path d="M1408 960V832q0-26-19-45t-45-19h-320V448q0-26-19-45t-45-19H832q-26 0-45 19t-19 45v320H448q-26 0-45 19t-19 45v128q0 26 19 45t45 19h320v320q0 26 19 45t45 19h128q26 0 45-19t19-45v-320h320q26 0 45-19t19-45zm256-544v960q0 119-84.5 203.5T1376 1664H416q-119 0-203.5-84.5T128 1376V416q0-119 84.5-203.5T416 128h960q119 0 203.5 84.5T1664 416z"/&gt;&lt;/svg&gt;&lt;/span&gt;
    
            &lt;span class="trace-class"&gt;&lt;abbr title="PHPUnit\Framework\TestCase"&gt;TestCase&lt;/abbr&gt;&lt;/span&gt;&lt;span class="trace-type"&gt;-&gt;&lt;/span&gt;&lt;span class="trace-method"&gt;runBare&lt;/span&gt;&lt;span class="trace-arguments"&gt;()&lt;/span&gt;    
                    &lt;span class="block trace-file-path"&gt;
            in
            &lt;a href=""&gt;
                C:\Users\eman\Documents\GitHub\car_dealer\vendor\phpunit\phpunit\src\Framework\&lt;strong&gt;TestResult.php&lt;/strong&gt;
            &lt;/a&gt;
                        (line 726)
            &lt;span class="icon icon-copy hidden" data-clipboard-text="C:\Users\eman\Documents\GitHub\car_dealer\vendor\phpunit\phpunit\src\Framework\TestResult.php:726"&gt;
                &lt;svg xmlns="http://www.w3.org/2000/svg" height="24" viewBox="0 0 24 24" width="24"&gt;&lt;path d="M0 0h24v24H0z" fill="none"/&gt;&lt;path d="M16 1H4c-1.1 0-2 .9-2 2v14h2V3h12V1zm3 4H8c-1.1 0-2 .9-2 2v14c0 1.1.9 2 2 2h11c1.1 0 2-.9 2-2V7c0-1.1-.9-2-2-2zm0 16H8V7h11v14z"/&gt;&lt;/svg&gt;            &lt;/span&gt;
        &lt;/span&gt;
    &lt;/div&gt;
    &lt;div id="trace-html-3-18" class="trace-code sf-toggle-content"&gt;
        &lt;ol start="721"&gt;&lt;li&gt;&lt;code&gt;&lt;span style="color: var(--highlight-keyword)"&gt;&amp;nbsp;&amp;nbsp;&amp;nbsp;&amp;nbsp;&amp;nbsp;&amp;nbsp;&amp;nbsp;&amp;nbsp;&amp;nbsp;&amp;nbsp;&amp;nbsp;&amp;nbsp;&amp;nbsp;&amp;nbsp;&amp;nbsp;&amp;nbsp;&amp;nbsp;&amp;nbsp;&amp;nbsp;&amp;nbsp;&amp;nbsp;&amp;nbsp;&amp;nbsp;&amp;nbsp;&lt;/span&gt;&lt;span style="color: var(--highlight-default)"&gt;$_timeout&amp;nbsp;&lt;/span&gt;&lt;span style="color: var(--highlight-keyword)"&gt;=&amp;nbsp;&lt;/span&gt;&lt;span style="color: var(--highlight-default)"&gt;$this&lt;/span&gt;&lt;span style="color: var(--highlight-keyword)"&gt;-&amp;gt;&lt;/span&gt;&lt;span style="color: var(--highlight-default)"&gt;defaultTimeLimit&lt;/span&gt;&lt;span style="color: var(--highlight-keyword)"&gt;;&lt;/span&gt;&lt;/code&gt;&lt;/li&gt;
&lt;li&gt;&lt;code&gt;&lt;span style="color: var(--highlight-keyword)"&gt;&amp;nbsp;&amp;nbsp;&amp;nbsp;&amp;nbsp;&amp;nbsp;&amp;nbsp;&amp;nbsp;&amp;nbsp;&amp;nbsp;&amp;nbsp;&amp;nbsp;&amp;nbsp;&amp;nbsp;&amp;nbsp;&amp;nbsp;&amp;nbsp;}&lt;/span&gt;&lt;/code&gt;&lt;/li&gt;
&lt;li&gt;&lt;code&gt;&lt;span style="color: var(--highlight-keyword)"&gt;&lt;/span&gt;&lt;/code&gt;&lt;/li&gt;
&lt;li&gt;&lt;code&gt;&lt;span style="color: var(--highlight-keyword)"&gt;&amp;nbsp;&amp;nbsp;&amp;nbsp;&amp;nbsp;&amp;nbsp;&amp;nbsp;&amp;nbsp;&amp;nbsp;&amp;nbsp;&amp;nbsp;&amp;nbsp;&amp;nbsp;&amp;nbsp;&amp;nbsp;&amp;nbsp;&amp;nbsp;&lt;/span&gt;&lt;span style="color: var(--highlight-default)"&gt;$invoker&lt;/span&gt;&lt;span style="color: var(--highlight-keyword)"&gt;-&amp;gt;&lt;/span&gt;&lt;span style="color: var(--highlight-default)"&gt;invoke&lt;/span&gt;&lt;span style="color: var(--highlight-keyword)"&gt;([&lt;/span&gt;&lt;span style="color: var(--highlight-default)"&gt;$test&lt;/span&gt;&lt;span style="color: var(--highlight-keyword)"&gt;,&amp;nbsp;&lt;/span&gt;&lt;span style="color: var(--highlight-string)"&gt;'runBare'&lt;/span&gt;&lt;span style="color: var(--highlight-keyword)"&gt;],&amp;nbsp;[],&amp;nbsp;&lt;/span&gt;&lt;span style="color: var(--highlight-default)"&gt;$_timeout&lt;/span&gt;&lt;span style="color: var(--highlight-keyword)"&gt;);&lt;/span&gt;&lt;/code&gt;&lt;/li&gt;
&lt;li&gt;&lt;code&gt;&lt;span style="color: var(--highlight-keyword)"&gt;&amp;nbsp;&amp;nbsp;&amp;nbsp;&amp;nbsp;&amp;nbsp;&amp;nbsp;&amp;nbsp;&amp;nbsp;&amp;nbsp;&amp;nbsp;&amp;nbsp;&amp;nbsp;}&amp;nbsp;else&amp;nbsp;{&lt;/span&gt;&lt;/code&gt;&lt;/li&gt;
&lt;li class="selected"&gt;&lt;code&gt;&lt;span style="color: var(--highlight-keyword)"&gt;&amp;nbsp;&amp;nbsp;&amp;nbsp;&amp;nbsp;&amp;nbsp;&amp;nbsp;&amp;nbsp;&amp;nbsp;&amp;nbsp;&amp;nbsp;&amp;nbsp;&amp;nbsp;&amp;nbsp;&amp;nbsp;&amp;nbsp;&amp;nbsp;&lt;/span&gt;&lt;span style="color: var(--highlight-default)"&gt;$test&lt;/span&gt;&lt;span style="color: var(--highlight-keyword)"&gt;-&amp;gt;&lt;/span&gt;&lt;span style="color: var(--highlight-default)"&gt;runBare&lt;/span&gt;&lt;span style="color: var(--highlight-keyword)"&gt;();&lt;/span&gt;&lt;/code&gt;&lt;/li&gt;
&lt;li&gt;&lt;code&gt;&lt;span style="color: var(--highlight-keyword)"&gt;&amp;nbsp;&amp;nbsp;&amp;nbsp;&amp;nbsp;&amp;nbsp;&amp;nbsp;&amp;nbsp;&amp;nbsp;&amp;nbsp;&amp;nbsp;&amp;nbsp;&amp;nbsp;}&lt;/span&gt;&lt;/code&gt;&lt;/li&gt;
&lt;li&gt;&lt;code&gt;&lt;span style="color: var(--highlight-keyword)"&gt;&amp;nbsp;&amp;nbsp;&amp;nbsp;&amp;nbsp;&amp;nbsp;&amp;nbsp;&amp;nbsp;&amp;nbsp;}&amp;nbsp;catch&amp;nbsp;(&lt;/span&gt;&lt;span style="color: var(--highlight-default)"&gt;TimeoutException&amp;nbsp;$e&lt;/span&gt;&lt;span style="color: var(--highlight-keyword)"&gt;)&amp;nbsp;{&lt;/span&gt;&lt;/code&gt;&lt;/li&gt;
&lt;li&gt;&lt;code&gt;&lt;span style="color: var(--highlight-keyword)"&gt;&amp;nbsp;&amp;nbsp;&amp;nbsp;&amp;nbsp;&amp;nbsp;&amp;nbsp;&amp;nbsp;&amp;nbsp;&amp;nbsp;&amp;nbsp;&amp;nbsp;&amp;nbsp;&lt;/span&gt;&lt;span style="color: var(--highlight-default)"&gt;$this&lt;/span&gt;&lt;span style="color: var(--highlight-keyword)"&gt;-&amp;gt;&lt;/span&gt;&lt;span style="color: var(--highlight-default)"&gt;addFailure&lt;/span&gt;&lt;span style="color: var(--highlight-keyword)"&gt;(&lt;/span&gt;&lt;/code&gt;&lt;/li&gt;
&lt;li&gt;&lt;code&gt;&lt;span style="color: var(--highlight-keyword)"&gt;&amp;nbsp;&amp;nbsp;&amp;nbsp;&amp;nbsp;&amp;nbsp;&amp;nbsp;&amp;nbsp;&amp;nbsp;&amp;nbsp;&amp;nbsp;&amp;nbsp;&amp;nbsp;&amp;nbsp;&amp;nbsp;&amp;nbsp;&amp;nbsp;&lt;/span&gt;&lt;span style="color: var(--highlight-default)"&gt;$test&lt;/span&gt;&lt;span style="color: var(--highlight-keyword)"&gt;,&lt;/span&gt;&lt;/code&gt;&lt;/li&gt;
&lt;li&gt;&lt;code&gt;&lt;span style="color: var(--highlight-keyword)"&gt;&amp;nbsp;&amp;nbsp;&amp;nbsp;&amp;nbsp;&amp;nbsp;&amp;nbsp;&amp;nbsp;&amp;nbsp;&amp;nbsp;&amp;nbsp;&amp;nbsp;&amp;nbsp;&amp;nbsp;&amp;nbsp;&amp;nbsp;&amp;nbsp;new&amp;nbsp;&lt;/span&gt;&lt;span style="color: var(--highlight-default)"&gt;RiskyTestError&lt;/span&gt;&lt;span style="color: var(--highlight-keyword)"&gt;(&lt;/span&gt;&lt;/code&gt;&lt;/li&gt;&lt;/ol&gt;    &lt;/div&gt;            &lt;/div&gt;
                        &lt;div class="trace-line "&gt;
                &lt;div class="trace-line-header break-long-words sf-toggle" data-toggle-selector="#trace-html-3-19" data-toggle-initial=""&gt;
            &lt;span class="icon icon-close"&gt;&lt;svg width="1792" height="1792" viewBox="0 0 1792 1792" xmlns="http://www.w3.org/2000/svg"&gt;&lt;path d="M1408 960V832q0-26-19-45t-45-19H448q-26 0-45 19t-19 45v128q0 26 19 45t45 19h896q26 0 45-19t19-45zm256-544v960q0 119-84.5 203.5T1376 1664H416q-119 0-203.5-84.5T128 1376V416q0-119 84.5-203.5T416 128h960q119 0 203.5 84.5T1664 416z"/&gt;&lt;/svg&gt;&lt;/span&gt;
        &lt;span class="icon icon-open"&gt;&lt;svg width="1792" height="1792" viewBox="0 0 1792 1792" xmlns="http://www.w3.org/2000/svg"&gt;&lt;path d="M1408 960V832q0-26-19-45t-45-19h-320V448q0-26-19-45t-45-19H832q-26 0-45 19t-19 45v320H448q-26 0-45 19t-19 45v128q0 26 19 45t45 19h320v320q0 26 19 45t45 19h128q26 0 45-19t19-45v-320h320q26 0 45-19t19-45zm256-544v960q0 119-84.5 203.5T1376 1664H416q-119 0-203.5-84.5T128 1376V416q0-119 84.5-203.5T416 128h960q119 0 203.5 84.5T1664 416z"/&gt;&lt;/svg&gt;&lt;/span&gt;
    
            &lt;span class="trace-class"&gt;&lt;abbr title="PHPUnit\Framework\TestResult"&gt;TestResult&lt;/abbr&gt;&lt;/span&gt;&lt;span class="trace-type"&gt;-&gt;&lt;/span&gt;&lt;span class="trace-method"&gt;run&lt;/span&gt;&lt;span class="trace-arguments"&gt;()&lt;/span&gt;    
                    &lt;span class="block trace-file-path"&gt;
            in
            &lt;a href=""&gt;
                C:\Users\eman\Documents\GitHub\car_dealer\vendor\phpunit\phpunit\src\Framework\&lt;strong&gt;TestCase.php&lt;/strong&gt;
            &lt;/a&gt;
                        (line 903)
            &lt;span class="icon icon-copy hidden" data-clipboard-text="C:\Users\eman\Documents\GitHub\car_dealer\vendor\phpunit\phpunit\src\Framework\TestCase.php:903"&gt;
                &lt;svg xmlns="http://www.w3.org/2000/svg" height="24" viewBox="0 0 24 24" width="24"&gt;&lt;path d="M0 0h24v24H0z" fill="none"/&gt;&lt;path d="M16 1H4c-1.1 0-2 .9-2 2v14h2V3h12V1zm3 4H8c-1.1 0-2 .9-2 2v14c0 1.1.9 2 2 2h11c1.1 0 2-.9 2-2V7c0-1.1-.9-2-2-2zm0 16H8V7h11v14z"/&gt;&lt;/svg&gt;            &lt;/span&gt;
        &lt;/span&gt;
    &lt;/div&gt;
    &lt;div id="trace-html-3-19" class="trace-code sf-toggle-content"&gt;
        &lt;ol start="898"&gt;&lt;li&gt;&lt;code&gt;&lt;span style="color: var(--highlight-keyword)"&gt;&amp;nbsp;&amp;nbsp;&amp;nbsp;&amp;nbsp;&amp;nbsp;&amp;nbsp;&amp;nbsp;&amp;nbsp;&amp;nbsp;&amp;nbsp;&amp;nbsp;&amp;nbsp;&lt;/span&gt;&lt;span style="color: var(--highlight-default)"&gt;$template&lt;/span&gt;&lt;span style="color: var(--highlight-keyword)"&gt;-&amp;gt;&lt;/span&gt;&lt;span style="color: var(--highlight-default)"&gt;setVar&lt;/span&gt;&lt;span style="color: var(--highlight-keyword)"&gt;(&lt;/span&gt;&lt;span style="color: var(--highlight-default)"&gt;$var&lt;/span&gt;&lt;span style="color: var(--highlight-keyword)"&gt;);&lt;/span&gt;&lt;/code&gt;&lt;/li&gt;
&lt;li&gt;&lt;code&gt;&lt;span style="color: var(--highlight-keyword)"&gt;&lt;/span&gt;&lt;/code&gt;&lt;/li&gt;
&lt;li&gt;&lt;code&gt;&lt;span style="color: var(--highlight-keyword)"&gt;&amp;nbsp;&amp;nbsp;&amp;nbsp;&amp;nbsp;&amp;nbsp;&amp;nbsp;&amp;nbsp;&amp;nbsp;&amp;nbsp;&amp;nbsp;&amp;nbsp;&amp;nbsp;&lt;/span&gt;&lt;span style="color: var(--highlight-default)"&gt;$php&amp;nbsp;&lt;/span&gt;&lt;span style="color: var(--highlight-keyword)"&gt;=&amp;nbsp;&lt;/span&gt;&lt;span style="color: var(--highlight-default)"&gt;AbstractPhpProcess&lt;/span&gt;&lt;span style="color: var(--highlight-keyword)"&gt;::&lt;/span&gt;&lt;span style="color: var(--highlight-default)"&gt;factory&lt;/span&gt;&lt;span style="color: var(--highlight-keyword)"&gt;();&lt;/span&gt;&lt;/code&gt;&lt;/li&gt;
&lt;li&gt;&lt;code&gt;&lt;span style="color: var(--highlight-keyword)"&gt;&amp;nbsp;&amp;nbsp;&amp;nbsp;&amp;nbsp;&amp;nbsp;&amp;nbsp;&amp;nbsp;&amp;nbsp;&amp;nbsp;&amp;nbsp;&amp;nbsp;&amp;nbsp;&lt;/span&gt;&lt;span style="color: var(--highlight-default)"&gt;$php&lt;/span&gt;&lt;span style="color: var(--highlight-keyword)"&gt;-&amp;gt;&lt;/span&gt;&lt;span style="color: var(--highlight-default)"&gt;runTestJob&lt;/span&gt;&lt;span style="color: var(--highlight-keyword)"&gt;(&lt;/span&gt;&lt;span style="color: var(--highlight-default)"&gt;$template&lt;/span&gt;&lt;span style="color: var(--highlight-keyword)"&gt;-&amp;gt;&lt;/span&gt;&lt;span style="color: var(--highlight-default)"&gt;render&lt;/span&gt;&lt;span style="color: var(--highlight-keyword)"&gt;(),&amp;nbsp;&lt;/span&gt;&lt;span style="color: var(--highlight-default)"&gt;$this&lt;/span&gt;&lt;span style="color: var(--highlight-keyword)"&gt;,&amp;nbsp;&lt;/span&gt;&lt;span style="color: var(--highlight-default)"&gt;$result&lt;/span&gt;&lt;span style="color: var(--highlight-keyword)"&gt;);&lt;/span&gt;&lt;/code&gt;&lt;/li&gt;
&lt;li&gt;&lt;code&gt;&lt;span style="color: var(--highlight-keyword)"&gt;&amp;nbsp;&amp;nbsp;&amp;nbsp;&amp;nbsp;&amp;nbsp;&amp;nbsp;&amp;nbsp;&amp;nbsp;}&amp;nbsp;else&amp;nbsp;{&lt;/span&gt;&lt;/code&gt;&lt;/li&gt;
&lt;li class="selected"&gt;&lt;code&gt;&lt;span style="color: var(--highlight-keyword)"&gt;&amp;nbsp;&amp;nbsp;&amp;nbsp;&amp;nbsp;&amp;nbsp;&amp;nbsp;&amp;nbsp;&amp;nbsp;&amp;nbsp;&amp;nbsp;&amp;nbsp;&amp;nbsp;&lt;/span&gt;&lt;span style="color: var(--highlight-default)"&gt;$result&lt;/span&gt;&lt;span style="color: var(--highlight-keyword)"&gt;-&amp;gt;&lt;/span&gt;&lt;span style="color: var(--highlight-default)"&gt;run&lt;/span&gt;&lt;span style="color: var(--highlight-keyword)"&gt;(&lt;/span&gt;&lt;span style="color: var(--highlight-default)"&gt;$this&lt;/span&gt;&lt;span style="color: var(--highlight-keyword)"&gt;);&lt;/span&gt;&lt;/code&gt;&lt;/li&gt;
&lt;li&gt;&lt;code&gt;&lt;span style="color: var(--highlight-keyword)"&gt;&amp;nbsp;&amp;nbsp;&amp;nbsp;&amp;nbsp;&amp;nbsp;&amp;nbsp;&amp;nbsp;&amp;nbsp;}&lt;/span&gt;&lt;/code&gt;&lt;/li&gt;
&lt;li&gt;&lt;code&gt;&lt;span style="color: var(--highlight-keyword)"&gt;&lt;/span&gt;&lt;/code&gt;&lt;/li&gt;
&lt;li&gt;&lt;code&gt;&lt;span style="color: var(--highlight-keyword)"&gt;&amp;nbsp;&amp;nbsp;&amp;nbsp;&amp;nbsp;&amp;nbsp;&amp;nbsp;&amp;nbsp;&amp;nbsp;&lt;/span&gt;&lt;span style="color: var(--highlight-default)"&gt;$this&lt;/span&gt;&lt;span style="color: var(--highlight-keyword)"&gt;-&amp;gt;&lt;/span&gt;&lt;span style="color: var(--highlight-default)"&gt;result&amp;nbsp;&lt;/span&gt;&lt;span style="color: var(--highlight-keyword)"&gt;=&amp;nbsp;&lt;/span&gt;&lt;span style="color: var(--highlight-default)"&gt;null&lt;/span&gt;&lt;span style="color: var(--highlight-keyword)"&gt;;&lt;/span&gt;&lt;/code&gt;&lt;/li&gt;
&lt;li&gt;&lt;code&gt;&lt;span style="color: var(--highlight-keyword)"&gt;&lt;/span&gt;&lt;/code&gt;&lt;/li&gt;
&lt;li&gt;&lt;code&gt;&lt;span style="color: var(--highlight-keyword)"&gt;&amp;nbsp;&amp;nbsp;&amp;nbsp;&amp;nbsp;&amp;nbsp;&amp;nbsp;&amp;nbsp;&amp;nbsp;return&amp;nbsp;&lt;/span&gt;&lt;span style="color: var(--highlight-default)"&gt;$result&lt;/span&gt;&lt;span style="color: var(--highlight-keyword)"&gt;;&lt;/span&gt;&lt;/code&gt;&lt;/li&gt;&lt;/ol&gt;    &lt;/div&gt;            &lt;/div&gt;
                        &lt;div class="trace-line "&gt;
                &lt;div class="trace-line-header break-long-words sf-toggle" data-toggle-selector="#trace-html-3-20" data-toggle-initial=""&gt;
            &lt;span class="icon icon-close"&gt;&lt;svg width="1792" height="1792" viewBox="0 0 1792 1792" xmlns="http://www.w3.org/2000/svg"&gt;&lt;path d="M1408 960V832q0-26-19-45t-45-19H448q-26 0-45 19t-19 45v128q0 26 19 45t45 19h896q26 0 45-19t19-45zm256-544v960q0 119-84.5 203.5T1376 1664H416q-119 0-203.5-84.5T128 1376V416q0-119 84.5-203.5T416 128h960q119 0 203.5 84.5T1664 416z"/&gt;&lt;/svg&gt;&lt;/span&gt;
        &lt;span class="icon icon-open"&gt;&lt;svg width="1792" height="1792" viewBox="0 0 1792 1792" xmlns="http://www.w3.org/2000/svg"&gt;&lt;path d="M1408 960V832q0-26-19-45t-45-19h-320V448q0-26-19-45t-45-19H832q-26 0-45 19t-19 45v320H448q-26 0-45 19t-19 45v128q0 26 19 45t45 19h320v320q0 26 19 45t45 19h128q26 0 45-19t19-45v-320h320q26 0 45-19t19-45zm256-544v960q0 119-84.5 203.5T1376 1664H416q-119 0-203.5-84.5T128 1376V416q0-119 84.5-203.5T416 128h960q119 0 203.5 84.5T1664 416z"/&gt;&lt;/svg&gt;&lt;/span&gt;
    
            &lt;span class="trace-class"&gt;&lt;abbr title="PHPUnit\Framework\TestCase"&gt;TestCase&lt;/abbr&gt;&lt;/span&gt;&lt;span class="trace-type"&gt;-&gt;&lt;/span&gt;&lt;span class="trace-method"&gt;run&lt;/span&gt;&lt;span class="trace-arguments"&gt;()&lt;/span&gt;    
                    &lt;span class="block trace-file-path"&gt;
            in
            &lt;a href=""&gt;
                C:\Users\eman\Documents\GitHub\car_dealer\vendor\phpunit\phpunit\src\Framework\&lt;strong&gt;TestSuite.php&lt;/strong&gt;
            &lt;/a&gt;
                        (line 678)
            &lt;span class="icon icon-copy hidden" data-clipboard-text="C:\Users\eman\Documents\GitHub\car_dealer\vendor\phpunit\phpunit\src\Framework\TestSuite.php:678"&gt;
                &lt;svg xmlns="http://www.w3.org/2000/svg" height="24" viewBox="0 0 24 24" width="24"&gt;&lt;path d="M0 0h24v24H0z" fill="none"/&gt;&lt;path d="M16 1H4c-1.1 0-2 .9-2 2v14h2V3h12V1zm3 4H8c-1.1 0-2 .9-2 2v14c0 1.1.9 2 2 2h11c1.1 0 2-.9 2-2V7c0-1.1-.9-2-2-2zm0 16H8V7h11v14z"/&gt;&lt;/svg&gt;            &lt;/span&gt;
        &lt;/span&gt;
    &lt;/div&gt;
    &lt;div id="trace-html-3-20" class="trace-code sf-toggle-content"&gt;
        &lt;ol start="673"&gt;&lt;li&gt;&lt;code&gt;&lt;span style="color: var(--highlight-keyword)"&gt;&amp;nbsp;&amp;nbsp;&amp;nbsp;&amp;nbsp;&amp;nbsp;&amp;nbsp;&amp;nbsp;&amp;nbsp;&amp;nbsp;&amp;nbsp;&amp;nbsp;&amp;nbsp;&amp;nbsp;&amp;nbsp;&amp;nbsp;&amp;nbsp;&lt;/span&gt;&lt;span style="color: var(--highlight-default)"&gt;$test&lt;/span&gt;&lt;span style="color: var(--highlight-keyword)"&gt;-&amp;gt;&lt;/span&gt;&lt;span style="color: var(--highlight-default)"&gt;setBackupGlobals&lt;/span&gt;&lt;span style="color: var(--highlight-keyword)"&gt;(&lt;/span&gt;&lt;span style="color: var(--highlight-default)"&gt;$this&lt;/span&gt;&lt;span style="color: var(--highlight-keyword)"&gt;-&amp;gt;&lt;/span&gt;&lt;span style="color: var(--highlight-default)"&gt;backupGlobals&lt;/span&gt;&lt;span style="color: var(--highlight-keyword)"&gt;);&lt;/span&gt;&lt;/code&gt;&lt;/li&gt;
&lt;li&gt;&lt;code&gt;&lt;span style="color: var(--highlight-keyword)"&gt;&amp;nbsp;&amp;nbsp;&amp;nbsp;&amp;nbsp;&amp;nbsp;&amp;nbsp;&amp;nbsp;&amp;nbsp;&amp;nbsp;&amp;nbsp;&amp;nbsp;&amp;nbsp;&amp;nbsp;&amp;nbsp;&amp;nbsp;&amp;nbsp;&lt;/span&gt;&lt;span style="color: var(--highlight-default)"&gt;$test&lt;/span&gt;&lt;span style="color: var(--highlight-keyword)"&gt;-&amp;gt;&lt;/span&gt;&lt;span style="color: var(--highlight-default)"&gt;setBackupStaticAttributes&lt;/span&gt;&lt;span style="color: var(--highlight-keyword)"&gt;(&lt;/span&gt;&lt;span style="color: var(--highlight-default)"&gt;$this&lt;/span&gt;&lt;span style="color: var(--highlight-keyword)"&gt;-&amp;gt;&lt;/span&gt;&lt;span style="color: var(--highlight-default)"&gt;backupStaticAttributes&lt;/span&gt;&lt;span style="color: var(--highlight-keyword)"&gt;);&lt;/span&gt;&lt;/code&gt;&lt;/li&gt;
&lt;li&gt;&lt;code&gt;&lt;span style="color: var(--highlight-keyword)"&gt;&amp;nbsp;&amp;nbsp;&amp;nbsp;&amp;nbsp;&amp;nbsp;&amp;nbsp;&amp;nbsp;&amp;nbsp;&amp;nbsp;&amp;nbsp;&amp;nbsp;&amp;nbsp;&amp;nbsp;&amp;nbsp;&amp;nbsp;&amp;nbsp;&lt;/span&gt;&lt;span style="color: var(--highlight-default)"&gt;$test&lt;/span&gt;&lt;span style="color: var(--highlight-keyword)"&gt;-&amp;gt;&lt;/span&gt;&lt;span style="color: var(--highlight-default)"&gt;setRunTestInSeparateProcess&lt;/span&gt;&lt;span style="color: var(--highlight-keyword)"&gt;(&lt;/span&gt;&lt;span style="color: var(--highlight-default)"&gt;$this&lt;/span&gt;&lt;span style="color: var(--highlight-keyword)"&gt;-&amp;gt;&lt;/span&gt;&lt;span style="color: var(--highlight-default)"&gt;runTestInSeparateProcess&lt;/span&gt;&lt;span style="color: var(--highlight-keyword)"&gt;);&lt;/span&gt;&lt;/code&gt;&lt;/li&gt;
&lt;li&gt;&lt;code&gt;&lt;span style="color: var(--highlight-keyword)"&gt;&amp;nbsp;&amp;nbsp;&amp;nbsp;&amp;nbsp;&amp;nbsp;&amp;nbsp;&amp;nbsp;&amp;nbsp;&amp;nbsp;&amp;nbsp;&amp;nbsp;&amp;nbsp;}&lt;/span&gt;&lt;/code&gt;&lt;/li&gt;
&lt;li&gt;&lt;code&gt;&lt;span style="color: var(--highlight-keyword)"&gt;&lt;/span&gt;&lt;/code&gt;&lt;/li&gt;
&lt;li class="selected"&gt;&lt;code&gt;&lt;span style="color: var(--highlight-keyword)"&gt;&amp;nbsp;&amp;nbsp;&amp;nbsp;&amp;nbsp;&amp;nbsp;&amp;nbsp;&amp;nbsp;&amp;nbsp;&amp;nbsp;&amp;nbsp;&amp;nbsp;&amp;nbsp;&lt;/span&gt;&lt;span style="color: var(--highlight-default)"&gt;$test&lt;/span&gt;&lt;span style="color: var(--highlight-keyword)"&gt;-&amp;gt;&lt;/span&gt;&lt;span style="color: var(--highlight-default)"&gt;run&lt;/span&gt;&lt;span style="color: var(--highlight-keyword)"&gt;(&lt;/span&gt;&lt;span style="color: var(--highlight-default)"&gt;$result&lt;/span&gt;&lt;span style="color: var(--highlight-keyword)"&gt;);&lt;/span&gt;&lt;/code&gt;&lt;/li&gt;
&lt;li&gt;&lt;code&gt;&lt;span style="color: var(--highlight-keyword)"&gt;&amp;nbsp;&amp;nbsp;&amp;nbsp;&amp;nbsp;&amp;nbsp;&amp;nbsp;&amp;nbsp;&amp;nbsp;}&lt;/span&gt;&lt;/code&gt;&lt;/li&gt;
&lt;li&gt;&lt;code&gt;&lt;span style="color: var(--highlight-keyword)"&gt;&lt;/span&gt;&lt;/code&gt;&lt;/li&gt;
&lt;li&gt;&lt;code&gt;&lt;span style="color: var(--highlight-keyword)"&gt;&amp;nbsp;&amp;nbsp;&amp;nbsp;&amp;nbsp;&amp;nbsp;&amp;nbsp;&amp;nbsp;&amp;nbsp;if&amp;nbsp;(&lt;/span&gt;&lt;span style="color: var(--highlight-default)"&gt;$this&lt;/span&gt;&lt;span style="color: var(--highlight-keyword)"&gt;-&amp;gt;&lt;/span&gt;&lt;span style="color: var(--highlight-default)"&gt;testCase&amp;nbsp;&lt;/span&gt;&lt;span style="color: var(--highlight-keyword)"&gt;&amp;amp;&amp;amp;&amp;nbsp;&lt;/span&gt;&lt;span style="color: var(--highlight-default)"&gt;class_exists&lt;/span&gt;&lt;span style="color: var(--highlight-keyword)"&gt;(&lt;/span&gt;&lt;span style="color: var(--highlight-default)"&gt;$this&lt;/span&gt;&lt;span style="color: var(--highlight-keyword)"&gt;-&amp;gt;&lt;/span&gt;&lt;span style="color: var(--highlight-default)"&gt;name&lt;/span&gt;&lt;span style="color: var(--highlight-keyword)"&gt;,&amp;nbsp;&lt;/span&gt;&lt;span style="color: var(--highlight-default)"&gt;false&lt;/span&gt;&lt;span style="color: var(--highlight-keyword)"&gt;))&amp;nbsp;{&lt;/span&gt;&lt;/code&gt;&lt;/li&gt;
&lt;li&gt;&lt;code&gt;&lt;span style="color: var(--highlight-keyword)"&gt;&amp;nbsp;&amp;nbsp;&amp;nbsp;&amp;nbsp;&amp;nbsp;&amp;nbsp;&amp;nbsp;&amp;nbsp;&amp;nbsp;&amp;nbsp;&amp;nbsp;&amp;nbsp;foreach&amp;nbsp;(&lt;/span&gt;&lt;span style="color: var(--highlight-default)"&gt;$hookMethods&lt;/span&gt;&lt;span style="color: var(--highlight-keyword)"&gt;[&lt;/span&gt;&lt;span style="color: var(--highlight-string)"&gt;'afterClass'&lt;/span&gt;&lt;span style="color: var(--highlight-keyword)"&gt;]&amp;nbsp;as&amp;nbsp;&lt;/span&gt;&lt;span style="color: var(--highlight-default)"&gt;$afterClassMethod&lt;/span&gt;&lt;span style="color: var(--highlight-keyword)"&gt;)&amp;nbsp;{&lt;/span&gt;&lt;/code&gt;&lt;/li&gt;
&lt;li&gt;&lt;code&gt;&lt;span style="color: var(--highlight-keyword)"&gt;&amp;nbsp;&amp;nbsp;&amp;nbsp;&amp;nbsp;&amp;nbsp;&amp;nbsp;&amp;nbsp;&amp;nbsp;&amp;nbsp;&amp;nbsp;&amp;nbsp;&amp;nbsp;&amp;nbsp;&amp;nbsp;&amp;nbsp;&amp;nbsp;if&amp;nbsp;(&lt;/span&gt;&lt;span style="color: var(--highlight-default)"&gt;method_exists&lt;/span&gt;&lt;span style="color: var(--highlight-keyword)"&gt;(&lt;/span&gt;&lt;span style="color: var(--highlight-default)"&gt;$this&lt;/span&gt;&lt;span style="color: var(--highlight-keyword)"&gt;-&amp;gt;&lt;/span&gt;&lt;span style="color: var(--highlight-default)"&gt;name&lt;/span&gt;&lt;span style="color: var(--highlight-keyword)"&gt;,&amp;nbsp;&lt;/span&gt;&lt;span style="color: var(--highlight-default)"&gt;$afterClassMethod&lt;/span&gt;&lt;span style="color: var(--highlight-keyword)"&gt;))&amp;nbsp;{&lt;/span&gt;&lt;/code&gt;&lt;/li&gt;&lt;/ol&gt;    &lt;/div&gt;            &lt;/div&gt;
                        &lt;div class="trace-line "&gt;
                &lt;div class="trace-line-header break-long-words sf-toggle" data-toggle-selector="#trace-html-3-21" data-toggle-initial=""&gt;
            &lt;span class="icon icon-close"&gt;&lt;svg width="1792" height="1792" viewBox="0 0 1792 1792" xmlns="http://www.w3.org/2000/svg"&gt;&lt;path d="M1408 960V832q0-26-19-45t-45-19H448q-26 0-45 19t-19 45v128q0 26 19 45t45 19h896q26 0 45-19t19-45zm256-544v960q0 119-84.5 203.5T1376 1664H416q-119 0-203.5-84.5T128 1376V416q0-119 84.5-203.5T416 128h960q119 0 203.5 84.5T1664 416z"/&gt;&lt;/svg&gt;&lt;/span&gt;
        &lt;span class="icon icon-open"&gt;&lt;svg width="1792" height="1792" viewBox="0 0 1792 1792" xmlns="http://www.w3.org/2000/svg"&gt;&lt;path d="M1408 960V832q0-26-19-45t-45-19h-320V448q0-26-19-45t-45-19H832q-26 0-45 19t-19 45v320H448q-26 0-45 19t-19 45v128q0 26 19 45t45 19h320v320q0 26 19 45t45 19h128q26 0 45-19t19-45v-320h320q26 0 45-19t19-45zm256-544v960q0 119-84.5 203.5T1376 1664H416q-119 0-203.5-84.5T128 1376V416q0-119 84.5-203.5T416 128h960q119 0 203.5 84.5T1664 416z"/&gt;&lt;/svg&gt;&lt;/span&gt;
    
            &lt;span class="trace-class"&gt;&lt;abbr title="PHPUnit\Framework\TestSuite"&gt;TestSuite&lt;/abbr&gt;&lt;/span&gt;&lt;span class="trace-type"&gt;-&gt;&lt;/span&gt;&lt;span class="trace-method"&gt;run&lt;/span&gt;&lt;span class="trace-arguments"&gt;()&lt;/span&gt;    
                    &lt;span class="block trace-file-path"&gt;
            in
            &lt;a href=""&gt;
                C:\Users\eman\Documents\GitHub\car_dealer\vendor\phpunit\phpunit\src\Framework\&lt;strong&gt;TestSuite.php&lt;/strong&gt;
            &lt;/a&gt;
                        (line 678)
            &lt;span class="icon icon-copy hidden" data-clipboard-text="C:\Users\eman\Documents\GitHub\car_dealer\vendor\phpunit\phpunit\src\Framework\TestSuite.php:678"&gt;
                &lt;svg xmlns="http://www.w3.org/2000/svg" height="24" viewBox="0 0 24 24" width="24"&gt;&lt;path d="M0 0h24v24H0z" fill="none"/&gt;&lt;path d="M16 1H4c-1.1 0-2 .9-2 2v14h2V3h12V1zm3 4H8c-1.1 0-2 .9-2 2v14c0 1.1.9 2 2 2h11c1.1 0 2-.9 2-2V7c0-1.1-.9-2-2-2zm0 16H8V7h11v14z"/&gt;&lt;/svg&gt;            &lt;/span&gt;
        &lt;/span&gt;
    &lt;/div&gt;
    &lt;div id="trace-html-3-21" class="trace-code sf-toggle-content"&gt;
        &lt;ol start="673"&gt;&lt;li&gt;&lt;code&gt;&lt;span style="color: var(--highlight-keyword)"&gt;&amp;nbsp;&amp;nbsp;&amp;nbsp;&amp;nbsp;&amp;nbsp;&amp;nbsp;&amp;nbsp;&amp;nbsp;&amp;nbsp;&amp;nbsp;&amp;nbsp;&amp;nbsp;&amp;nbsp;&amp;nbsp;&amp;nbsp;&amp;nbsp;&lt;/span&gt;&lt;span style="color: var(--highlight-default)"&gt;$test&lt;/span&gt;&lt;span style="color: var(--highlight-keyword)"&gt;-&amp;gt;&lt;/span&gt;&lt;span style="color: var(--highlight-default)"&gt;setBackupGlobals&lt;/span&gt;&lt;span style="color: var(--highlight-keyword)"&gt;(&lt;/span&gt;&lt;span style="color: var(--highlight-default)"&gt;$this&lt;/span&gt;&lt;span style="color: var(--highlight-keyword)"&gt;-&amp;gt;&lt;/span&gt;&lt;span style="color: var(--highlight-default)"&gt;backupGlobals&lt;/span&gt;&lt;span style="color: var(--highlight-keyword)"&gt;);&lt;/span&gt;&lt;/code&gt;&lt;/li&gt;
&lt;li&gt;&lt;code&gt;&lt;span style="color: var(--highlight-keyword)"&gt;&amp;nbsp;&amp;nbsp;&amp;nbsp;&amp;nbsp;&amp;nbsp;&amp;nbsp;&amp;nbsp;&amp;nbsp;&amp;nbsp;&amp;nbsp;&amp;nbsp;&amp;nbsp;&amp;nbsp;&amp;nbsp;&amp;nbsp;&amp;nbsp;&lt;/span&gt;&lt;span style="color: var(--highlight-default)"&gt;$test&lt;/span&gt;&lt;span style="color: var(--highlight-keyword)"&gt;-&amp;gt;&lt;/span&gt;&lt;span style="color: var(--highlight-default)"&gt;setBackupStaticAttributes&lt;/span&gt;&lt;span style="color: var(--highlight-keyword)"&gt;(&lt;/span&gt;&lt;span style="color: var(--highlight-default)"&gt;$this&lt;/span&gt;&lt;span style="color: var(--highlight-keyword)"&gt;-&amp;gt;&lt;/span&gt;&lt;span style="color: var(--highlight-default)"&gt;backupStaticAttributes&lt;/span&gt;&lt;span style="color: var(--highlight-keyword)"&gt;);&lt;/span&gt;&lt;/code&gt;&lt;/li&gt;
&lt;li&gt;&lt;code&gt;&lt;span style="color: var(--highlight-keyword)"&gt;&amp;nbsp;&amp;nbsp;&amp;nbsp;&amp;nbsp;&amp;nbsp;&amp;nbsp;&amp;nbsp;&amp;nbsp;&amp;nbsp;&amp;nbsp;&amp;nbsp;&amp;nbsp;&amp;nbsp;&amp;nbsp;&amp;nbsp;&amp;nbsp;&lt;/span&gt;&lt;span style="color: var(--highlight-default)"&gt;$test&lt;/span&gt;&lt;span style="color: var(--highlight-keyword)"&gt;-&amp;gt;&lt;/span&gt;&lt;span style="color: var(--highlight-default)"&gt;setRunTestInSeparateProcess&lt;/span&gt;&lt;span style="color: var(--highlight-keyword)"&gt;(&lt;/span&gt;&lt;span style="color: var(--highlight-default)"&gt;$this&lt;/span&gt;&lt;span style="color: var(--highlight-keyword)"&gt;-&amp;gt;&lt;/span&gt;&lt;span style="color: var(--highlight-default)"&gt;runTestInSeparateProcess&lt;/span&gt;&lt;span style="color: var(--highlight-keyword)"&gt;);&lt;/span&gt;&lt;/code&gt;&lt;/li&gt;
&lt;li&gt;&lt;code&gt;&lt;span style="color: var(--highlight-keyword)"&gt;&amp;nbsp;&amp;nbsp;&amp;nbsp;&amp;nbsp;&amp;nbsp;&amp;nbsp;&amp;nbsp;&amp;nbsp;&amp;nbsp;&amp;nbsp;&amp;nbsp;&amp;nbsp;}&lt;/span&gt;&lt;/code&gt;&lt;/li&gt;
&lt;li&gt;&lt;code&gt;&lt;span style="color: var(--highlight-keyword)"&gt;&lt;/span&gt;&lt;/code&gt;&lt;/li&gt;
&lt;li class="selected"&gt;&lt;code&gt;&lt;span style="color: var(--highlight-keyword)"&gt;&amp;nbsp;&amp;nbsp;&amp;nbsp;&amp;nbsp;&amp;nbsp;&amp;nbsp;&amp;nbsp;&amp;nbsp;&amp;nbsp;&amp;nbsp;&amp;nbsp;&amp;nbsp;&lt;/span&gt;&lt;span style="color: var(--highlight-default)"&gt;$test&lt;/span&gt;&lt;span style="color: var(--highlight-keyword)"&gt;-&amp;gt;&lt;/span&gt;&lt;span style="color: var(--highlight-default)"&gt;run&lt;/span&gt;&lt;span style="color: var(--highlight-keyword)"&gt;(&lt;/span&gt;&lt;span style="color: var(--highlight-default)"&gt;$result&lt;/span&gt;&lt;span style="color: var(--highlight-keyword)"&gt;);&lt;/span&gt;&lt;/code&gt;&lt;/li&gt;
&lt;li&gt;&lt;code&gt;&lt;span style="color: var(--highlight-keyword)"&gt;&amp;nbsp;&amp;nbsp;&amp;nbsp;&amp;nbsp;&amp;nbsp;&amp;nbsp;&amp;nbsp;&amp;nbsp;}&lt;/span&gt;&lt;/code&gt;&lt;/li&gt;
&lt;li&gt;&lt;code&gt;&lt;span style="color: var(--highlight-keyword)"&gt;&lt;/span&gt;&lt;/code&gt;&lt;/li&gt;
&lt;li&gt;&lt;code&gt;&lt;span style="color: var(--highlight-keyword)"&gt;&amp;nbsp;&amp;nbsp;&amp;nbsp;&amp;nbsp;&amp;nbsp;&amp;nbsp;&amp;nbsp;&amp;nbsp;if&amp;nbsp;(&lt;/span&gt;&lt;span style="color: var(--highlight-default)"&gt;$this&lt;/span&gt;&lt;span style="color: var(--highlight-keyword)"&gt;-&amp;gt;&lt;/span&gt;&lt;span style="color: var(--highlight-default)"&gt;testCase&amp;nbsp;&lt;/span&gt;&lt;span style="color: var(--highlight-keyword)"&gt;&amp;amp;&amp;amp;&amp;nbsp;&lt;/span&gt;&lt;span style="color: var(--highlight-default)"&gt;class_exists&lt;/span&gt;&lt;span style="color: var(--highlight-keyword)"&gt;(&lt;/span&gt;&lt;span style="color: var(--highlight-default)"&gt;$this&lt;/span&gt;&lt;span style="color: var(--highlight-keyword)"&gt;-&amp;gt;&lt;/span&gt;&lt;span style="color: var(--highlight-default)"&gt;name&lt;/span&gt;&lt;span style="color: var(--highlight-keyword)"&gt;,&amp;nbsp;&lt;/span&gt;&lt;span style="color: var(--highlight-default)"&gt;false&lt;/span&gt;&lt;span style="color: var(--highlight-keyword)"&gt;))&amp;nbsp;{&lt;/span&gt;&lt;/code&gt;&lt;/li&gt;
&lt;li&gt;&lt;code&gt;&lt;span style="color: var(--highlight-keyword)"&gt;&amp;nbsp;&amp;nbsp;&amp;nbsp;&amp;nbsp;&amp;nbsp;&amp;nbsp;&amp;nbsp;&amp;nbsp;&amp;nbsp;&amp;nbsp;&amp;nbsp;&amp;nbsp;foreach&amp;nbsp;(&lt;/span&gt;&lt;span style="color: var(--highlight-default)"&gt;$hookMethods&lt;/span&gt;&lt;span style="color: var(--highlight-keyword)"&gt;[&lt;/span&gt;&lt;span style="color: var(--highlight-string)"&gt;'afterClass'&lt;/span&gt;&lt;span style="color: var(--highlight-keyword)"&gt;]&amp;nbsp;as&amp;nbsp;&lt;/span&gt;&lt;span style="color: var(--highlight-default)"&gt;$afterClassMethod&lt;/span&gt;&lt;span style="color: var(--highlight-keyword)"&gt;)&amp;nbsp;{&lt;/span&gt;&lt;/code&gt;&lt;/li&gt;
&lt;li&gt;&lt;code&gt;&lt;span style="color: var(--highlight-keyword)"&gt;&amp;nbsp;&amp;nbsp;&amp;nbsp;&amp;nbsp;&amp;nbsp;&amp;nbsp;&amp;nbsp;&amp;nbsp;&amp;nbsp;&amp;nbsp;&amp;nbsp;&amp;nbsp;&amp;nbsp;&amp;nbsp;&amp;nbsp;&amp;nbsp;if&amp;nbsp;(&lt;/span&gt;&lt;span style="color: var(--highlight-default)"&gt;method_exists&lt;/span&gt;&lt;span style="color: var(--highlight-keyword)"&gt;(&lt;/span&gt;&lt;span style="color: var(--highlight-default)"&gt;$this&lt;/span&gt;&lt;span style="color: var(--highlight-keyword)"&gt;-&amp;gt;&lt;/span&gt;&lt;span style="color: var(--highlight-default)"&gt;name&lt;/span&gt;&lt;span style="color: var(--highlight-keyword)"&gt;,&amp;nbsp;&lt;/span&gt;&lt;span style="color: var(--highlight-default)"&gt;$afterClassMethod&lt;/span&gt;&lt;span style="color: var(--highlight-keyword)"&gt;))&amp;nbsp;{&lt;/span&gt;&lt;/code&gt;&lt;/li&gt;&lt;/ol&gt;    &lt;/div&gt;            &lt;/div&gt;
                        &lt;div class="trace-line "&gt;
                &lt;div class="trace-line-header break-long-words sf-toggle" data-toggle-selector="#trace-html-3-22" data-toggle-initial=""&gt;
            &lt;span class="icon icon-close"&gt;&lt;svg width="1792" height="1792" viewBox="0 0 1792 1792" xmlns="http://www.w3.org/2000/svg"&gt;&lt;path d="M1408 960V832q0-26-19-45t-45-19H448q-26 0-45 19t-19 45v128q0 26 19 45t45 19h896q26 0 45-19t19-45zm256-544v960q0 119-84.5 203.5T1376 1664H416q-119 0-203.5-84.5T128 1376V416q0-119 84.5-203.5T416 128h960q119 0 203.5 84.5T1664 416z"/&gt;&lt;/svg&gt;&lt;/span&gt;
        &lt;span class="icon icon-open"&gt;&lt;svg width="1792" height="1792" viewBox="0 0 1792 1792" xmlns="http://www.w3.org/2000/svg"&gt;&lt;path d="M1408 960V832q0-26-19-45t-45-19h-320V448q0-26-19-45t-45-19H832q-26 0-45 19t-19 45v320H448q-26 0-45 19t-19 45v128q0 26 19 45t45 19h320v320q0 26 19 45t45 19h128q26 0 45-19t19-45v-320h320q26 0 45-19t19-45zm256-544v960q0 119-84.5 203.5T1376 1664H416q-119 0-203.5-84.5T128 1376V416q0-119 84.5-203.5T416 128h960q119 0 203.5 84.5T1664 416z"/&gt;&lt;/svg&gt;&lt;/span&gt;
    
            &lt;span class="trace-class"&gt;&lt;abbr title="PHPUnit\Framework\TestSuite"&gt;TestSuite&lt;/abbr&gt;&lt;/span&gt;&lt;span class="trace-type"&gt;-&gt;&lt;/span&gt;&lt;span class="trace-method"&gt;run&lt;/span&gt;&lt;span class="trace-arguments"&gt;()&lt;/span&gt;    
                    &lt;span class="block trace-file-path"&gt;
            in
            &lt;a href=""&gt;
                C:\Users\eman\Documents\GitHub\car_dealer\vendor\phpunit\phpunit\src\Framework\&lt;strong&gt;TestSuite.php&lt;/strong&gt;
            &lt;/a&gt;
                        (line 678)
            &lt;span class="icon icon-copy hidden" data-clipboard-text="C:\Users\eman\Documents\GitHub\car_dealer\vendor\phpunit\phpunit\src\Framework\TestSuite.php:678"&gt;
                &lt;svg xmlns="http://www.w3.org/2000/svg" height="24" viewBox="0 0 24 24" width="24"&gt;&lt;path d="M0 0h24v24H0z" fill="none"/&gt;&lt;path d="M16 1H4c-1.1 0-2 .9-2 2v14h2V3h12V1zm3 4H8c-1.1 0-2 .9-2 2v14c0 1.1.9 2 2 2h11c1.1 0 2-.9 2-2V7c0-1.1-.9-2-2-2zm0 16H8V7h11v14z"/&gt;&lt;/svg&gt;            &lt;/span&gt;
        &lt;/span&gt;
    &lt;/div&gt;
    &lt;div id="trace-html-3-22" class="trace-code sf-toggle-content"&gt;
        &lt;ol start="673"&gt;&lt;li&gt;&lt;code&gt;&lt;span style="color: var(--highlight-keyword)"&gt;&amp;nbsp;&amp;nbsp;&amp;nbsp;&amp;nbsp;&amp;nbsp;&amp;nbsp;&amp;nbsp;&amp;nbsp;&amp;nbsp;&amp;nbsp;&amp;nbsp;&amp;nbsp;&amp;nbsp;&amp;nbsp;&amp;nbsp;&amp;nbsp;&lt;/span&gt;&lt;span style="color: var(--highlight-default)"&gt;$test&lt;/span&gt;&lt;span style="color: var(--highlight-keyword)"&gt;-&amp;gt;&lt;/span&gt;&lt;span style="color: var(--highlight-default)"&gt;setBackupGlobals&lt;/span&gt;&lt;span style="color: var(--highlight-keyword)"&gt;(&lt;/span&gt;&lt;span style="color: var(--highlight-default)"&gt;$this&lt;/span&gt;&lt;span style="color: var(--highlight-keyword)"&gt;-&amp;gt;&lt;/span&gt;&lt;span style="color: var(--highlight-default)"&gt;backupGlobals&lt;/span&gt;&lt;span style="color: var(--highlight-keyword)"&gt;);&lt;/span&gt;&lt;/code&gt;&lt;/li&gt;
&lt;li&gt;&lt;code&gt;&lt;span style="color: var(--highlight-keyword)"&gt;&amp;nbsp;&amp;nbsp;&amp;nbsp;&amp;nbsp;&amp;nbsp;&amp;nbsp;&amp;nbsp;&amp;nbsp;&amp;nbsp;&amp;nbsp;&amp;nbsp;&amp;nbsp;&amp;nbsp;&amp;nbsp;&amp;nbsp;&amp;nbsp;&lt;/span&gt;&lt;span style="color: var(--highlight-default)"&gt;$test&lt;/span&gt;&lt;span style="color: var(--highlight-keyword)"&gt;-&amp;gt;&lt;/span&gt;&lt;span style="color: var(--highlight-default)"&gt;setBackupStaticAttributes&lt;/span&gt;&lt;span style="color: var(--highlight-keyword)"&gt;(&lt;/span&gt;&lt;span style="color: var(--highlight-default)"&gt;$this&lt;/span&gt;&lt;span style="color: var(--highlight-keyword)"&gt;-&amp;gt;&lt;/span&gt;&lt;span style="color: var(--highlight-default)"&gt;backupStaticAttributes&lt;/span&gt;&lt;span style="color: var(--highlight-keyword)"&gt;);&lt;/span&gt;&lt;/code&gt;&lt;/li&gt;
&lt;li&gt;&lt;code&gt;&lt;span style="color: var(--highlight-keyword)"&gt;&amp;nbsp;&amp;nbsp;&amp;nbsp;&amp;nbsp;&amp;nbsp;&amp;nbsp;&amp;nbsp;&amp;nbsp;&amp;nbsp;&amp;nbsp;&amp;nbsp;&amp;nbsp;&amp;nbsp;&amp;nbsp;&amp;nbsp;&amp;nbsp;&lt;/span&gt;&lt;span style="color: var(--highlight-default)"&gt;$test&lt;/span&gt;&lt;span style="color: var(--highlight-keyword)"&gt;-&amp;gt;&lt;/span&gt;&lt;span style="color: var(--highlight-default)"&gt;setRunTestInSeparateProcess&lt;/span&gt;&lt;span style="color: var(--highlight-keyword)"&gt;(&lt;/span&gt;&lt;span style="color: var(--highlight-default)"&gt;$this&lt;/span&gt;&lt;span style="color: var(--highlight-keyword)"&gt;-&amp;gt;&lt;/span&gt;&lt;span style="color: var(--highlight-default)"&gt;runTestInSeparateProcess&lt;/span&gt;&lt;span style="color: var(--highlight-keyword)"&gt;);&lt;/span&gt;&lt;/code&gt;&lt;/li&gt;
&lt;li&gt;&lt;code&gt;&lt;span style="color: var(--highlight-keyword)"&gt;&amp;nbsp;&amp;nbsp;&amp;nbsp;&amp;nbsp;&amp;nbsp;&amp;nbsp;&amp;nbsp;&amp;nbsp;&amp;nbsp;&amp;nbsp;&amp;nbsp;&amp;nbsp;}&lt;/span&gt;&lt;/code&gt;&lt;/li&gt;
&lt;li&gt;&lt;code&gt;&lt;span style="color: var(--highlight-keyword)"&gt;&lt;/span&gt;&lt;/code&gt;&lt;/li&gt;
&lt;li class="selected"&gt;&lt;code&gt;&lt;span style="color: var(--highlight-keyword)"&gt;&amp;nbsp;&amp;nbsp;&amp;nbsp;&amp;nbsp;&amp;nbsp;&amp;nbsp;&amp;nbsp;&amp;nbsp;&amp;nbsp;&amp;nbsp;&amp;nbsp;&amp;nbsp;&lt;/span&gt;&lt;span style="color: var(--highlight-default)"&gt;$test&lt;/span&gt;&lt;span style="color: var(--highlight-keyword)"&gt;-&amp;gt;&lt;/span&gt;&lt;span style="color: var(--highlight-default)"&gt;run&lt;/span&gt;&lt;span style="color: var(--highlight-keyword)"&gt;(&lt;/span&gt;&lt;span style="color: var(--highlight-default)"&gt;$result&lt;/span&gt;&lt;span style="color: var(--highlight-keyword)"&gt;);&lt;/span&gt;&lt;/code&gt;&lt;/li&gt;
&lt;li&gt;&lt;code&gt;&lt;span style="color: var(--highlight-keyword)"&gt;&amp;nbsp;&amp;nbsp;&amp;nbsp;&amp;nbsp;&amp;nbsp;&amp;nbsp;&amp;nbsp;&amp;nbsp;}&lt;/span&gt;&lt;/code&gt;&lt;/li&gt;
&lt;li&gt;&lt;code&gt;&lt;span style="color: var(--highlight-keyword)"&gt;&lt;/span&gt;&lt;/code&gt;&lt;/li&gt;
&lt;li&gt;&lt;code&gt;&lt;span style="color: var(--highlight-keyword)"&gt;&amp;nbsp;&amp;nbsp;&amp;nbsp;&amp;nbsp;&amp;nbsp;&amp;nbsp;&amp;nbsp;&amp;nbsp;if&amp;nbsp;(&lt;/span&gt;&lt;span style="color: var(--highlight-default)"&gt;$this&lt;/span&gt;&lt;span style="color: var(--highlight-keyword)"&gt;-&amp;gt;&lt;/span&gt;&lt;span style="color: var(--highlight-default)"&gt;testCase&amp;nbsp;&lt;/span&gt;&lt;span style="color: var(--highlight-keyword)"&gt;&amp;amp;&amp;amp;&amp;nbsp;&lt;/span&gt;&lt;span style="color: var(--highlight-default)"&gt;class_exists&lt;/span&gt;&lt;span style="color: var(--highlight-keyword)"&gt;(&lt;/span&gt;&lt;span style="color: var(--highlight-default)"&gt;$this&lt;/span&gt;&lt;span style="color: var(--highlight-keyword)"&gt;-&amp;gt;&lt;/span&gt;&lt;span style="color: var(--highlight-default)"&gt;name&lt;/span&gt;&lt;span style="color: var(--highlight-keyword)"&gt;,&amp;nbsp;&lt;/span&gt;&lt;span style="color: var(--highlight-default)"&gt;false&lt;/span&gt;&lt;span style="color: var(--highlight-keyword)"&gt;))&amp;nbsp;{&lt;/span&gt;&lt;/code&gt;&lt;/li&gt;
&lt;li&gt;&lt;code&gt;&lt;span style="color: var(--highlight-keyword)"&gt;&amp;nbsp;&amp;nbsp;&amp;nbsp;&amp;nbsp;&amp;nbsp;&amp;nbsp;&amp;nbsp;&amp;nbsp;&amp;nbsp;&amp;nbsp;&amp;nbsp;&amp;nbsp;foreach&amp;nbsp;(&lt;/span&gt;&lt;span style="color: var(--highlight-default)"&gt;$hookMethods&lt;/span&gt;&lt;span style="color: var(--highlight-keyword)"&gt;[&lt;/span&gt;&lt;span style="color: var(--highlight-string)"&gt;'afterClass'&lt;/span&gt;&lt;span style="color: var(--highlight-keyword)"&gt;]&amp;nbsp;as&amp;nbsp;&lt;/span&gt;&lt;span style="color: var(--highlight-default)"&gt;$afterClassMethod&lt;/span&gt;&lt;span style="color: var(--highlight-keyword)"&gt;)&amp;nbsp;{&lt;/span&gt;&lt;/code&gt;&lt;/li&gt;
&lt;li&gt;&lt;code&gt;&lt;span style="color: var(--highlight-keyword)"&gt;&amp;nbsp;&amp;nbsp;&amp;nbsp;&amp;nbsp;&amp;nbsp;&amp;nbsp;&amp;nbsp;&amp;nbsp;&amp;nbsp;&amp;nbsp;&amp;nbsp;&amp;nbsp;&amp;nbsp;&amp;nbsp;&amp;nbsp;&amp;nbsp;if&amp;nbsp;(&lt;/span&gt;&lt;span style="color: var(--highlight-default)"&gt;method_exists&lt;/span&gt;&lt;span style="color: var(--highlight-keyword)"&gt;(&lt;/span&gt;&lt;span style="color: var(--highlight-default)"&gt;$this&lt;/span&gt;&lt;span style="color: var(--highlight-keyword)"&gt;-&amp;gt;&lt;/span&gt;&lt;span style="color: var(--highlight-default)"&gt;name&lt;/span&gt;&lt;span style="color: var(--highlight-keyword)"&gt;,&amp;nbsp;&lt;/span&gt;&lt;span style="color: var(--highlight-default)"&gt;$afterClassMethod&lt;/span&gt;&lt;span style="color: var(--highlight-keyword)"&gt;))&amp;nbsp;{&lt;/span&gt;&lt;/code&gt;&lt;/li&gt;&lt;/ol&gt;    &lt;/div&gt;            &lt;/div&gt;
                        &lt;div class="trace-line "&gt;
                &lt;div class="trace-line-header break-long-words sf-toggle" data-toggle-selector="#trace-html-3-23" data-toggle-initial=""&gt;
            &lt;span class="icon icon-close"&gt;&lt;svg width="1792" height="1792" viewBox="0 0 1792 1792" xmlns="http://www.w3.org/2000/svg"&gt;&lt;path d="M1408 960V832q0-26-19-45t-45-19H448q-26 0-45 19t-19 45v128q0 26 19 45t45 19h896q26 0 45-19t19-45zm256-544v960q0 119-84.5 203.5T1376 1664H416q-119 0-203.5-84.5T128 1376V416q0-119 84.5-203.5T416 128h960q119 0 203.5 84.5T1664 416z"/&gt;&lt;/svg&gt;&lt;/span&gt;
        &lt;span class="icon icon-open"&gt;&lt;svg width="1792" height="1792" viewBox="0 0 1792 1792" xmlns="http://www.w3.org/2000/svg"&gt;&lt;path d="M1408 960V832q0-26-19-45t-45-19h-320V448q0-26-19-45t-45-19H832q-26 0-45 19t-19 45v320H448q-26 0-45 19t-19 45v128q0 26 19 45t45 19h320v320q0 26 19 45t45 19h128q26 0 45-19t19-45v-320h320q26 0 45-19t19-45zm256-544v960q0 119-84.5 203.5T1376 1664H416q-119 0-203.5-84.5T128 1376V416q0-119 84.5-203.5T416 128h960q119 0 203.5 84.5T1664 416z"/&gt;&lt;/svg&gt;&lt;/span&gt;
    
            &lt;span class="trace-class"&gt;&lt;abbr title="PHPUnit\Framework\TestSuite"&gt;TestSuite&lt;/abbr&gt;&lt;/span&gt;&lt;span class="trace-type"&gt;-&gt;&lt;/span&gt;&lt;span class="trace-method"&gt;run&lt;/span&gt;&lt;span class="trace-arguments"&gt;()&lt;/span&gt;    
                    &lt;span class="block trace-file-path"&gt;
            in
            &lt;a href=""&gt;
                C:\Users\eman\Documents\GitHub\car_dealer\vendor\phpunit\phpunit\src\TextUI\&lt;strong&gt;TestRunner.php&lt;/strong&gt;
            &lt;/a&gt;
                        (line 670)
            &lt;span class="icon icon-copy hidden" data-clipboard-text="C:\Users\eman\Documents\GitHub\car_dealer\vendor\phpunit\phpunit\src\TextUI\TestRunner.php:670"&gt;
                &lt;svg xmlns="http://www.w3.org/2000/svg" height="24" viewBox="0 0 24 24" width="24"&gt;&lt;path d="M0 0h24v24H0z" fill="none"/&gt;&lt;path d="M16 1H4c-1.1 0-2 .9-2 2v14h2V3h12V1zm3 4H8c-1.1 0-2 .9-2 2v14c0 1.1.9 2 2 2h11c1.1 0 2-.9 2-2V7c0-1.1-.9-2-2-2zm0 16H8V7h11v14z"/&gt;&lt;/svg&gt;            &lt;/span&gt;
        &lt;/span&gt;
    &lt;/div&gt;
    &lt;div id="trace-html-3-23" class="trace-code sf-toggle-content"&gt;
        &lt;ol start="665"&gt;&lt;li&gt;&lt;code&gt;&lt;span style="color: var(--highlight-keyword)"&gt;&lt;/span&gt;&lt;/code&gt;&lt;/li&gt;
&lt;li&gt;&lt;code&gt;&lt;span style="color: var(--highlight-keyword)"&gt;&amp;nbsp;&amp;nbsp;&amp;nbsp;&amp;nbsp;&amp;nbsp;&amp;nbsp;&amp;nbsp;&amp;nbsp;if&amp;nbsp;(&lt;/span&gt;&lt;span style="color: var(--highlight-default)"&gt;$testSuiteWarningsPrinted&lt;/span&gt;&lt;span style="color: var(--highlight-keyword)"&gt;)&amp;nbsp;{&lt;/span&gt;&lt;/code&gt;&lt;/li&gt;
&lt;li&gt;&lt;code&gt;&lt;span style="color: var(--highlight-keyword)"&gt;&amp;nbsp;&amp;nbsp;&amp;nbsp;&amp;nbsp;&amp;nbsp;&amp;nbsp;&amp;nbsp;&amp;nbsp;&amp;nbsp;&amp;nbsp;&amp;nbsp;&amp;nbsp;&lt;/span&gt;&lt;span style="color: var(--highlight-default)"&gt;$this&lt;/span&gt;&lt;span style="color: var(--highlight-keyword)"&gt;-&amp;gt;&lt;/span&gt;&lt;span style="color: var(--highlight-default)"&gt;write&lt;/span&gt;&lt;span style="color: var(--highlight-keyword)"&gt;(&lt;/span&gt;&lt;span style="color: var(--highlight-default)"&gt;PHP_EOL&lt;/span&gt;&lt;span style="color: var(--highlight-keyword)"&gt;);&lt;/span&gt;&lt;/code&gt;&lt;/li&gt;
&lt;li&gt;&lt;code&gt;&lt;span style="color: var(--highlight-keyword)"&gt;&amp;nbsp;&amp;nbsp;&amp;nbsp;&amp;nbsp;&amp;nbsp;&amp;nbsp;&amp;nbsp;&amp;nbsp;}&lt;/span&gt;&lt;/code&gt;&lt;/li&gt;
&lt;li&gt;&lt;code&gt;&lt;span style="color: var(--highlight-keyword)"&gt;&lt;/span&gt;&lt;/code&gt;&lt;/li&gt;
&lt;li class="selected"&gt;&lt;code&gt;&lt;span style="color: var(--highlight-keyword)"&gt;&amp;nbsp;&amp;nbsp;&amp;nbsp;&amp;nbsp;&amp;nbsp;&amp;nbsp;&amp;nbsp;&amp;nbsp;&lt;/span&gt;&lt;span style="color: var(--highlight-default)"&gt;$suite&lt;/span&gt;&lt;span style="color: var(--highlight-keyword)"&gt;-&amp;gt;&lt;/span&gt;&lt;span style="color: var(--highlight-default)"&gt;run&lt;/span&gt;&lt;span style="color: var(--highlight-keyword)"&gt;(&lt;/span&gt;&lt;span style="color: var(--highlight-default)"&gt;$result&lt;/span&gt;&lt;span style="color: var(--highlight-keyword)"&gt;);&lt;/span&gt;&lt;/code&gt;&lt;/li&gt;
&lt;li&gt;&lt;code&gt;&lt;span style="color: var(--highlight-keyword)"&gt;&lt;/span&gt;&lt;/code&gt;&lt;/li&gt;
&lt;li&gt;&lt;code&gt;&lt;span style="color: var(--highlight-keyword)"&gt;&amp;nbsp;&amp;nbsp;&amp;nbsp;&amp;nbsp;&amp;nbsp;&amp;nbsp;&amp;nbsp;&amp;nbsp;foreach&amp;nbsp;(&lt;/span&gt;&lt;span style="color: var(--highlight-default)"&gt;$this&lt;/span&gt;&lt;span style="color: var(--highlight-keyword)"&gt;-&amp;gt;&lt;/span&gt;&lt;span style="color: var(--highlight-default)"&gt;extensions&amp;nbsp;&lt;/span&gt;&lt;span style="color: var(--highlight-keyword)"&gt;as&amp;nbsp;&lt;/span&gt;&lt;span style="color: var(--highlight-default)"&gt;$extension&lt;/span&gt;&lt;span style="color: var(--highlight-keyword)"&gt;)&amp;nbsp;{&lt;/span&gt;&lt;/code&gt;&lt;/li&gt;
&lt;li&gt;&lt;code&gt;&lt;span style="color: var(--highlight-keyword)"&gt;&amp;nbsp;&amp;nbsp;&amp;nbsp;&amp;nbsp;&amp;nbsp;&amp;nbsp;&amp;nbsp;&amp;nbsp;&amp;nbsp;&amp;nbsp;&amp;nbsp;&amp;nbsp;if&amp;nbsp;(&lt;/span&gt;&lt;span style="color: var(--highlight-default)"&gt;$extension&amp;nbsp;&lt;/span&gt;&lt;span style="color: var(--highlight-keyword)"&gt;instanceof&amp;nbsp;&lt;/span&gt;&lt;span style="color: var(--highlight-default)"&gt;AfterLastTestHook&lt;/span&gt;&lt;span style="color: var(--highlight-keyword)"&gt;)&amp;nbsp;{&lt;/span&gt;&lt;/code&gt;&lt;/li&gt;
&lt;li&gt;&lt;code&gt;&lt;span style="color: var(--highlight-keyword)"&gt;&amp;nbsp;&amp;nbsp;&amp;nbsp;&amp;nbsp;&amp;nbsp;&amp;nbsp;&amp;nbsp;&amp;nbsp;&amp;nbsp;&amp;nbsp;&amp;nbsp;&amp;nbsp;&amp;nbsp;&amp;nbsp;&amp;nbsp;&amp;nbsp;&lt;/span&gt;&lt;span style="color: var(--highlight-default)"&gt;$extension&lt;/span&gt;&lt;span style="color: var(--highlight-keyword)"&gt;-&amp;gt;&lt;/span&gt;&lt;span style="color: var(--highlight-default)"&gt;executeAfterLastTest&lt;/span&gt;&lt;span style="color: var(--highlight-keyword)"&gt;();&lt;/span&gt;&lt;/code&gt;&lt;/li&gt;
&lt;li&gt;&lt;code&gt;&lt;span style="color: var(--highlight-keyword)"&gt;&amp;nbsp;&amp;nbsp;&amp;nbsp;&amp;nbsp;&amp;nbsp;&amp;nbsp;&amp;nbsp;&amp;nbsp;&amp;nbsp;&amp;nbsp;&amp;nbsp;&amp;nbsp;}&lt;/span&gt;&lt;/code&gt;&lt;/li&gt;&lt;/ol&gt;    &lt;/div&gt;            &lt;/div&gt;
                        &lt;div class="trace-line "&gt;
                &lt;div class="trace-line-header break-long-words sf-toggle" data-toggle-selector="#trace-html-3-24" data-toggle-initial=""&gt;
            &lt;span class="icon icon-close"&gt;&lt;svg width="1792" height="1792" viewBox="0 0 1792 1792" xmlns="http://www.w3.org/2000/svg"&gt;&lt;path d="M1408 960V832q0-26-19-45t-45-19H448q-26 0-45 19t-19 45v128q0 26 19 45t45 19h896q26 0 45-19t19-45zm256-544v960q0 119-84.5 203.5T1376 1664H416q-119 0-203.5-84.5T128 1376V416q0-119 84.5-203.5T416 128h960q119 0 203.5 84.5T1664 416z"/&gt;&lt;/svg&gt;&lt;/span&gt;
        &lt;span class="icon icon-open"&gt;&lt;svg width="1792" height="1792" viewBox="0 0 1792 1792" xmlns="http://www.w3.org/2000/svg"&gt;&lt;path d="M1408 960V832q0-26-19-45t-45-19h-320V448q0-26-19-45t-45-19H832q-26 0-45 19t-19 45v320H448q-26 0-45 19t-19 45v128q0 26 19 45t45 19h320v320q0 26 19 45t45 19h128q26 0 45-19t19-45v-320h320q26 0 45-19t19-45zm256-544v960q0 119-84.5 203.5T1376 1664H416q-119 0-203.5-84.5T128 1376V416q0-119 84.5-203.5T416 128h960q119 0 203.5 84.5T1664 416z"/&gt;&lt;/svg&gt;&lt;/span&gt;
    
            &lt;span class="trace-class"&gt;&lt;abbr title="PHPUnit\TextUI\TestRunner"&gt;TestRunner&lt;/abbr&gt;&lt;/span&gt;&lt;span class="trace-type"&gt;-&gt;&lt;/span&gt;&lt;span class="trace-method"&gt;run&lt;/span&gt;&lt;span class="trace-arguments"&gt;()&lt;/span&gt;    
                    &lt;span class="block trace-file-path"&gt;
            in
            &lt;a href=""&gt;
                C:\Users\eman\Documents\GitHub\car_dealer\vendor\phpunit\phpunit\src\TextUI\&lt;strong&gt;Command.php&lt;/strong&gt;
            &lt;/a&gt;
                        (line 143)
            &lt;span class="icon icon-copy hidden" data-clipboard-text="C:\Users\eman\Documents\GitHub\car_dealer\vendor\phpunit\phpunit\src\TextUI\Command.php:143"&gt;
                &lt;svg xmlns="http://www.w3.org/2000/svg" height="24" viewBox="0 0 24 24" width="24"&gt;&lt;path d="M0 0h24v24H0z" fill="none"/&gt;&lt;path d="M16 1H4c-1.1 0-2 .9-2 2v14h2V3h12V1zm3 4H8c-1.1 0-2 .9-2 2v14c0 1.1.9 2 2 2h11c1.1 0 2-.9 2-2V7c0-1.1-.9-2-2-2zm0 16H8V7h11v14z"/&gt;&lt;/svg&gt;            &lt;/span&gt;
        &lt;/span&gt;
    &lt;/div&gt;
    &lt;div id="trace-html-3-24" class="trace-code sf-toggle-content"&gt;
        &lt;ol start="138"&gt;&lt;li&gt;&lt;code&gt;&lt;span style="color: var(--highlight-keyword)"&gt;&amp;nbsp;&amp;nbsp;&amp;nbsp;&amp;nbsp;&amp;nbsp;&amp;nbsp;&amp;nbsp;&amp;nbsp;}&lt;/span&gt;&lt;/code&gt;&lt;/li&gt;
&lt;li&gt;&lt;code&gt;&lt;span style="color: var(--highlight-keyword)"&gt;&lt;/span&gt;&lt;/code&gt;&lt;/li&gt;
&lt;li&gt;&lt;code&gt;&lt;span style="color: var(--highlight-keyword)"&gt;&amp;nbsp;&amp;nbsp;&amp;nbsp;&amp;nbsp;&amp;nbsp;&amp;nbsp;&amp;nbsp;&amp;nbsp;unset(&lt;/span&gt;&lt;span style="color: var(--highlight-default)"&gt;$this&lt;/span&gt;&lt;span style="color: var(--highlight-keyword)"&gt;-&amp;gt;&lt;/span&gt;&lt;span style="color: var(--highlight-default)"&gt;arguments&lt;/span&gt;&lt;span style="color: var(--highlight-keyword)"&gt;[&lt;/span&gt;&lt;span style="color: var(--highlight-string)"&gt;'test'&lt;/span&gt;&lt;span style="color: var(--highlight-keyword)"&gt;],&amp;nbsp;&lt;/span&gt;&lt;span style="color: var(--highlight-default)"&gt;$this&lt;/span&gt;&lt;span style="color: var(--highlight-keyword)"&gt;-&amp;gt;&lt;/span&gt;&lt;span style="color: var(--highlight-default)"&gt;arguments&lt;/span&gt;&lt;span style="color: var(--highlight-keyword)"&gt;[&lt;/span&gt;&lt;span style="color: var(--highlight-string)"&gt;'testFile'&lt;/span&gt;&lt;span style="color: var(--highlight-keyword)"&gt;]);&lt;/span&gt;&lt;/code&gt;&lt;/li&gt;
&lt;li&gt;&lt;code&gt;&lt;span style="color: var(--highlight-keyword)"&gt;&lt;/span&gt;&lt;/code&gt;&lt;/li&gt;
&lt;li&gt;&lt;code&gt;&lt;span style="color: var(--highlight-keyword)"&gt;&amp;nbsp;&amp;nbsp;&amp;nbsp;&amp;nbsp;&amp;nbsp;&amp;nbsp;&amp;nbsp;&amp;nbsp;try&amp;nbsp;{&lt;/span&gt;&lt;/code&gt;&lt;/li&gt;
&lt;li class="selected"&gt;&lt;code&gt;&lt;span style="color: var(--highlight-keyword)"&gt;&amp;nbsp;&amp;nbsp;&amp;nbsp;&amp;nbsp;&amp;nbsp;&amp;nbsp;&amp;nbsp;&amp;nbsp;&amp;nbsp;&amp;nbsp;&amp;nbsp;&amp;nbsp;&lt;/span&gt;&lt;span style="color: var(--highlight-default)"&gt;$result&amp;nbsp;&lt;/span&gt;&lt;span style="color: var(--highlight-keyword)"&gt;=&amp;nbsp;&lt;/span&gt;&lt;span style="color: var(--highlight-default)"&gt;$runner&lt;/span&gt;&lt;span style="color: var(--highlight-keyword)"&gt;-&amp;gt;&lt;/span&gt;&lt;span style="color: var(--highlight-default)"&gt;run&lt;/span&gt;&lt;span style="color: var(--highlight-keyword)"&gt;(&lt;/span&gt;&lt;span style="color: var(--highlight-default)"&gt;$suite&lt;/span&gt;&lt;span style="color: var(--highlight-keyword)"&gt;,&amp;nbsp;&lt;/span&gt;&lt;span style="color: var(--highlight-default)"&gt;$this&lt;/span&gt;&lt;span style="color: var(--highlight-keyword)"&gt;-&amp;gt;&lt;/span&gt;&lt;span style="color: var(--highlight-default)"&gt;arguments&lt;/span&gt;&lt;span style="color: var(--highlight-keyword)"&gt;,&amp;nbsp;&lt;/span&gt;&lt;span style="color: var(--highlight-default)"&gt;$this&lt;/span&gt;&lt;span style="color: var(--highlight-keyword)"&gt;-&amp;gt;&lt;/span&gt;&lt;span style="color: var(--highlight-default)"&gt;warnings&lt;/span&gt;&lt;span style="color: var(--highlight-keyword)"&gt;,&amp;nbsp;&lt;/span&gt;&lt;span style="color: var(--highlight-default)"&gt;$exit&lt;/span&gt;&lt;span style="color: var(--highlight-keyword)"&gt;);&lt;/span&gt;&lt;/code&gt;&lt;/li&gt;
&lt;li&gt;&lt;code&gt;&lt;span style="color: var(--highlight-keyword)"&gt;&amp;nbsp;&amp;nbsp;&amp;nbsp;&amp;nbsp;&amp;nbsp;&amp;nbsp;&amp;nbsp;&amp;nbsp;}&amp;nbsp;catch&amp;nbsp;(&lt;/span&gt;&lt;span style="color: var(--highlight-default)"&gt;Throwable&amp;nbsp;$t&lt;/span&gt;&lt;span style="color: var(--highlight-keyword)"&gt;)&amp;nbsp;{&lt;/span&gt;&lt;/code&gt;&lt;/li&gt;
&lt;li&gt;&lt;code&gt;&lt;span style="color: var(--highlight-keyword)"&gt;&amp;nbsp;&amp;nbsp;&amp;nbsp;&amp;nbsp;&amp;nbsp;&amp;nbsp;&amp;nbsp;&amp;nbsp;&amp;nbsp;&amp;nbsp;&amp;nbsp;&amp;nbsp;print&amp;nbsp;&lt;/span&gt;&lt;span style="color: var(--highlight-default)"&gt;$t&lt;/span&gt;&lt;span style="color: var(--highlight-keyword)"&gt;-&amp;gt;&lt;/span&gt;&lt;span style="color: var(--highlight-default)"&gt;getMessage&lt;/span&gt;&lt;span style="color: var(--highlight-keyword)"&gt;()&amp;nbsp;.&amp;nbsp;&lt;/span&gt;&lt;span style="color: var(--highlight-default)"&gt;PHP_EOL&lt;/span&gt;&lt;span style="color: var(--highlight-keyword)"&gt;;&lt;/span&gt;&lt;/code&gt;&lt;/li&gt;
&lt;li&gt;&lt;code&gt;&lt;span style="color: var(--highlight-keyword)"&gt;&amp;nbsp;&amp;nbsp;&amp;nbsp;&amp;nbsp;&amp;nbsp;&amp;nbsp;&amp;nbsp;&amp;nbsp;}&lt;/span&gt;&lt;/code&gt;&lt;/li&gt;
&lt;li&gt;&lt;code&gt;&lt;span style="color: var(--highlight-keyword)"&gt;&lt;/span&gt;&lt;/code&gt;&lt;/li&gt;
&lt;li&gt;&lt;code&gt;&lt;span style="color: var(--highlight-keyword)"&gt;&amp;nbsp;&amp;nbsp;&amp;nbsp;&amp;nbsp;&amp;nbsp;&amp;nbsp;&amp;nbsp;&amp;nbsp;&lt;/span&gt;&lt;span style="color: var(--highlight-default)"&gt;$return&amp;nbsp;&lt;/span&gt;&lt;span style="color: var(--highlight-keyword)"&gt;=&amp;nbsp;&lt;/span&gt;&lt;span style="color: var(--highlight-default)"&gt;TestRunner&lt;/span&gt;&lt;span style="color: var(--highlight-keyword)"&gt;::&lt;/span&gt;&lt;span style="color: var(--highlight-default)"&gt;FAILURE_EXIT&lt;/span&gt;&lt;span style="color: var(--highlight-keyword)"&gt;;&lt;/span&gt;&lt;/code&gt;&lt;/li&gt;&lt;/ol&gt;    &lt;/div&gt;            &lt;/div&gt;
                        &lt;div class="trace-line "&gt;
                &lt;div class="trace-line-header break-long-words sf-toggle" data-toggle-selector="#trace-html-3-25" data-toggle-initial=""&gt;
            &lt;span class="icon icon-close"&gt;&lt;svg width="1792" height="1792" viewBox="0 0 1792 1792" xmlns="http://www.w3.org/2000/svg"&gt;&lt;path d="M1408 960V832q0-26-19-45t-45-19H448q-26 0-45 19t-19 45v128q0 26 19 45t45 19h896q26 0 45-19t19-45zm256-544v960q0 119-84.5 203.5T1376 1664H416q-119 0-203.5-84.5T128 1376V416q0-119 84.5-203.5T416 128h960q119 0 203.5 84.5T1664 416z"/&gt;&lt;/svg&gt;&lt;/span&gt;
        &lt;span class="icon icon-open"&gt;&lt;svg width="1792" height="1792" viewBox="0 0 1792 1792" xmlns="http://www.w3.org/2000/svg"&gt;&lt;path d="M1408 960V832q0-26-19-45t-45-19h-320V448q0-26-19-45t-45-19H832q-26 0-45 19t-19 45v320H448q-26 0-45 19t-19 45v128q0 26 19 45t45 19h320v320q0 26 19 45t45 19h128q26 0 45-19t19-45v-320h320q26 0 45-19t19-45zm256-544v960q0 119-84.5 203.5T1376 1664H416q-119 0-203.5-84.5T128 1376V416q0-119 84.5-203.5T416 128h960q119 0 203.5 84.5T1664 416z"/&gt;&lt;/svg&gt;&lt;/span&gt;
    
            &lt;span class="trace-class"&gt;&lt;abbr title="PHPUnit\TextUI\Command"&gt;Command&lt;/abbr&gt;&lt;/span&gt;&lt;span class="trace-type"&gt;-&gt;&lt;/span&gt;&lt;span class="trace-method"&gt;run&lt;/span&gt;&lt;span class="trace-arguments"&gt;()&lt;/span&gt;    
                    &lt;span class="block trace-file-path"&gt;
            in
            &lt;a href=""&gt;
                C:\Users\eman\Documents\GitHub\car_dealer\vendor\phpunit\phpunit\src\TextUI\&lt;strong&gt;Command.php&lt;/strong&gt;
            &lt;/a&gt;
                        (line 96)
            &lt;span class="icon icon-copy hidden" data-clipboard-text="C:\Users\eman\Documents\GitHub\car_dealer\vendor\phpunit\phpunit\src\TextUI\Command.php:96"&gt;
                &lt;svg xmlns="http://www.w3.org/2000/svg" height="24" viewBox="0 0 24 24" width="24"&gt;&lt;path d="M0 0h24v24H0z" fill="none"/&gt;&lt;path d="M16 1H4c-1.1 0-2 .9-2 2v14h2V3h12V1zm3 4H8c-1.1 0-2 .9-2 2v14c0 1.1.9 2 2 2h11c1.1 0 2-.9 2-2V7c0-1.1-.9-2-2-2zm0 16H8V7h11v14z"/&gt;&lt;/svg&gt;            &lt;/span&gt;
        &lt;/span&gt;
    &lt;/div&gt;
    &lt;div id="trace-html-3-25" class="trace-code sf-toggle-content"&gt;
        &lt;ol start="91"&gt;&lt;li&gt;&lt;code&gt;&lt;span style="color: var(--highlight-comment)"&gt;&amp;nbsp;&amp;nbsp;&amp;nbsp;&amp;nbsp;&amp;nbsp;*&amp;nbsp;@throws&amp;nbsp;Exception&lt;/span&gt;&lt;/code&gt;&lt;/li&gt;
&lt;li&gt;&lt;code&gt;&lt;span style="color: var(--highlight-comment)"&gt;&amp;nbsp;&amp;nbsp;&amp;nbsp;&amp;nbsp;&amp;nbsp;*/&lt;/span&gt;&lt;/code&gt;&lt;/li&gt;
&lt;li&gt;&lt;code&gt;&lt;span style="color: var(--highlight-comment)"&gt;&amp;nbsp;&amp;nbsp;&amp;nbsp;&amp;nbsp;&lt;/span&gt;&lt;span style="color: var(--highlight-keyword)"&gt;public&amp;nbsp;static&amp;nbsp;function&amp;nbsp;&lt;/span&gt;&lt;span style="color: var(--highlight-default)"&gt;main&lt;/span&gt;&lt;span style="color: var(--highlight-keyword)"&gt;(&lt;/span&gt;&lt;span style="color: var(--highlight-default)"&gt;bool&amp;nbsp;$exit&amp;nbsp;&lt;/span&gt;&lt;span style="color: var(--highlight-keyword)"&gt;=&amp;nbsp;&lt;/span&gt;&lt;span style="color: var(--highlight-default)"&gt;true&lt;/span&gt;&lt;span style="color: var(--highlight-keyword)"&gt;):&amp;nbsp;&lt;/span&gt;&lt;span style="color: var(--highlight-default)"&gt;int&lt;/span&gt;&lt;/code&gt;&lt;/li&gt;
&lt;li&gt;&lt;code&gt;&lt;span style="color: var(--highlight-default)"&gt;&amp;nbsp;&amp;nbsp;&amp;nbsp;&amp;nbsp;&lt;/span&gt;&lt;span style="color: var(--highlight-keyword)"&gt;{&lt;/span&gt;&lt;/code&gt;&lt;/li&gt;
&lt;li&gt;&lt;code&gt;&lt;span style="color: var(--highlight-keyword)"&gt;&amp;nbsp;&amp;nbsp;&amp;nbsp;&amp;nbsp;&amp;nbsp;&amp;nbsp;&amp;nbsp;&amp;nbsp;try&amp;nbsp;{&lt;/span&gt;&lt;/code&gt;&lt;/li&gt;
&lt;li class="selected"&gt;&lt;code&gt;&lt;span style="color: var(--highlight-keyword)"&gt;&amp;nbsp;&amp;nbsp;&amp;nbsp;&amp;nbsp;&amp;nbsp;&amp;nbsp;&amp;nbsp;&amp;nbsp;&amp;nbsp;&amp;nbsp;&amp;nbsp;&amp;nbsp;return&amp;nbsp;(new&amp;nbsp;static)-&amp;gt;&lt;/span&gt;&lt;span style="color: var(--highlight-default)"&gt;run&lt;/span&gt;&lt;span style="color: var(--highlight-keyword)"&gt;(&lt;/span&gt;&lt;span style="color: var(--highlight-default)"&gt;$_SERVER&lt;/span&gt;&lt;span style="color: var(--highlight-keyword)"&gt;[&lt;/span&gt;&lt;span style="color: var(--highlight-string)"&gt;'argv'&lt;/span&gt;&lt;span style="color: var(--highlight-keyword)"&gt;],&amp;nbsp;&lt;/span&gt;&lt;span style="color: var(--highlight-default)"&gt;$exit&lt;/span&gt;&lt;span style="color: var(--highlight-keyword)"&gt;);&lt;/span&gt;&lt;/code&gt;&lt;/li&gt;
&lt;li&gt;&lt;code&gt;&lt;span style="color: var(--highlight-keyword)"&gt;&amp;nbsp;&amp;nbsp;&amp;nbsp;&amp;nbsp;&amp;nbsp;&amp;nbsp;&amp;nbsp;&amp;nbsp;}&amp;nbsp;catch&amp;nbsp;(&lt;/span&gt;&lt;span style="color: var(--highlight-default)"&gt;Throwable&amp;nbsp;$t&lt;/span&gt;&lt;span style="color: var(--highlight-keyword)"&gt;)&amp;nbsp;{&lt;/span&gt;&lt;/code&gt;&lt;/li&gt;
&lt;li&gt;&lt;code&gt;&lt;span style="color: var(--highlight-keyword)"&gt;&amp;nbsp;&amp;nbsp;&amp;nbsp;&amp;nbsp;&amp;nbsp;&amp;nbsp;&amp;nbsp;&amp;nbsp;&amp;nbsp;&amp;nbsp;&amp;nbsp;&amp;nbsp;throw&amp;nbsp;new&amp;nbsp;&lt;/span&gt;&lt;span style="color: var(--highlight-default)"&gt;RuntimeException&lt;/span&gt;&lt;span style="color: var(--highlight-keyword)"&gt;(&lt;/span&gt;&lt;/code&gt;&lt;/li&gt;
&lt;li&gt;&lt;code&gt;&lt;span style="color: var(--highlight-keyword)"&gt;&amp;nbsp;&amp;nbsp;&amp;nbsp;&amp;nbsp;&amp;nbsp;&amp;nbsp;&amp;nbsp;&amp;nbsp;&amp;nbsp;&amp;nbsp;&amp;nbsp;&amp;nbsp;&amp;nbsp;&amp;nbsp;&amp;nbsp;&amp;nbsp;&lt;/span&gt;&lt;span style="color: var(--highlight-default)"&gt;$t&lt;/span&gt;&lt;span style="color: var(--highlight-keyword)"&gt;-&amp;gt;&lt;/span&gt;&lt;span style="color: var(--highlight-default)"&gt;getMessage&lt;/span&gt;&lt;span style="color: var(--highlight-keyword)"&gt;(),&lt;/span&gt;&lt;/code&gt;&lt;/li&gt;
&lt;li&gt;&lt;code&gt;&lt;span style="color: var(--highlight-keyword)"&gt;&amp;nbsp;&amp;nbsp;&amp;nbsp;&amp;nbsp;&amp;nbsp;&amp;nbsp;&amp;nbsp;&amp;nbsp;&amp;nbsp;&amp;nbsp;&amp;nbsp;&amp;nbsp;&amp;nbsp;&amp;nbsp;&amp;nbsp;&amp;nbsp;(int)&amp;nbsp;&lt;/span&gt;&lt;span style="color: var(--highlight-default)"&gt;$t&lt;/span&gt;&lt;span style="color: var(--highlight-keyword)"&gt;-&amp;gt;&lt;/span&gt;&lt;span style="color: var(--highlight-default)"&gt;getCode&lt;/span&gt;&lt;span style="color: var(--highlight-keyword)"&gt;(),&lt;/span&gt;&lt;/code&gt;&lt;/li&gt;
&lt;li&gt;&lt;code&gt;&lt;span style="color: var(--highlight-keyword)"&gt;&amp;nbsp;&amp;nbsp;&amp;nbsp;&amp;nbsp;&amp;nbsp;&amp;nbsp;&amp;nbsp;&amp;nbsp;&amp;nbsp;&amp;nbsp;&amp;nbsp;&amp;nbsp;&amp;nbsp;&amp;nbsp;&amp;nbsp;&amp;nbsp;&lt;/span&gt;&lt;span style="color: var(--highlight-default)"&gt;$t&lt;/span&gt;&lt;/code&gt;&lt;/li&gt;&lt;/ol&gt;    &lt;/div&gt;            &lt;/div&gt;
                        &lt;div class="trace-line "&gt;
                &lt;div class="trace-line-header break-long-words sf-toggle" data-toggle-selector="#trace-html-3-26" data-toggle-initial=""&gt;
            &lt;span class="icon icon-close"&gt;&lt;svg width="1792" height="1792" viewBox="0 0 1792 1792" xmlns="http://www.w3.org/2000/svg"&gt;&lt;path d="M1408 960V832q0-26-19-45t-45-19H448q-26 0-45 19t-19 45v128q0 26 19 45t45 19h896q26 0 45-19t19-45zm256-544v960q0 119-84.5 203.5T1376 1664H416q-119 0-203.5-84.5T128 1376V416q0-119 84.5-203.5T416 128h960q119 0 203.5 84.5T1664 416z"/&gt;&lt;/svg&gt;&lt;/span&gt;
        &lt;span class="icon icon-open"&gt;&lt;svg width="1792" height="1792" viewBox="0 0 1792 1792" xmlns="http://www.w3.org/2000/svg"&gt;&lt;path d="M1408 960V832q0-26-19-45t-45-19h-320V448q0-26-19-45t-45-19H832q-26 0-45 19t-19 45v320H448q-26 0-45 19t-19 45v128q0 26 19 45t45 19h320v320q0 26 19 45t45 19h128q26 0 45-19t19-45v-320h320q26 0 45-19t19-45zm256-544v960q0 119-84.5 203.5T1376 1664H416q-119 0-203.5-84.5T128 1376V416q0-119 84.5-203.5T416 128h960q119 0 203.5 84.5T1664 416z"/&gt;&lt;/svg&gt;&lt;/span&gt;
    
            &lt;span class="trace-class"&gt;&lt;abbr title="PHPUnit\TextUI\Command"&gt;Command&lt;/abbr&gt;&lt;/span&gt;&lt;span class="trace-type"&gt;::&lt;/span&gt;&lt;span class="trace-method"&gt;main&lt;/span&gt;&lt;span class="trace-arguments"&gt;()&lt;/span&gt;    
                    &lt;span class="block trace-file-path"&gt;
            in
            &lt;a href=""&gt;
                C:\Users\eman\Documents\GitHub\car_dealer\bin\&lt;strong&gt;phpunit&lt;/strong&gt;
            &lt;/a&gt;
                        (line 11)
            &lt;span class="icon icon-copy hidden" data-clipboard-text="C:\Users\eman\Documents\GitHub\car_dealer\bin\phpunit:11"&gt;
                &lt;svg xmlns="http://www.w3.org/2000/svg" height="24" viewBox="0 0 24 24" width="24"&gt;&lt;path d="M0 0h24v24H0z" fill="none"/&gt;&lt;path d="M16 1H4c-1.1 0-2 .9-2 2v14h2V3h12V1zm3 4H8c-1.1 0-2 .9-2 2v14c0 1.1.9 2 2 2h11c1.1 0 2-.9 2-2V7c0-1.1-.9-2-2-2zm0 16H8V7h11v14z"/&gt;&lt;/svg&gt;            &lt;/span&gt;
        &lt;/span&gt;
    &lt;/div&gt;
    &lt;div id="trace-html-3-26" class="trace-code sf-toggle-content"&gt;
        &lt;ol start="6"&gt;&lt;li&gt;&lt;code&gt;&lt;span style="color: var(--highlight-keyword)"&gt;&lt;/span&gt;&lt;/code&gt;&lt;/li&gt;
&lt;li&gt;&lt;code&gt;&lt;span style="color: var(--highlight-keyword)"&gt;if&amp;nbsp;(&lt;/span&gt;&lt;span style="color: var(--highlight-default)"&gt;is_file&lt;/span&gt;&lt;span style="color: var(--highlight-keyword)"&gt;(&lt;/span&gt;&lt;span style="color: var(--highlight-default)"&gt;dirname&lt;/span&gt;&lt;span style="color: var(--highlight-keyword)"&gt;(&lt;/span&gt;&lt;span style="color: var(--highlight-default)"&gt;__DIR__&lt;/span&gt;&lt;span style="color: var(--highlight-keyword)"&gt;).&lt;/span&gt;&lt;span style="color: var(--highlight-string)"&gt;'/vendor/phpunit/phpunit/phpunit'&lt;/span&gt;&lt;span style="color: var(--highlight-keyword)"&gt;))&amp;nbsp;{&lt;/span&gt;&lt;/code&gt;&lt;/li&gt;
&lt;li&gt;&lt;code&gt;&lt;span style="color: var(--highlight-keyword)"&gt;&amp;nbsp;&amp;nbsp;&amp;nbsp;&amp;nbsp;&lt;/span&gt;&lt;span style="color: var(--highlight-default)"&gt;define&lt;/span&gt;&lt;span style="color: var(--highlight-keyword)"&gt;(&lt;/span&gt;&lt;span style="color: var(--highlight-string)"&gt;'PHPUNIT_COMPOSER_INSTALL'&lt;/span&gt;&lt;span style="color: var(--highlight-keyword)"&gt;,&amp;nbsp;&lt;/span&gt;&lt;span style="color: var(--highlight-default)"&gt;dirname&lt;/span&gt;&lt;span style="color: var(--highlight-keyword)"&gt;(&lt;/span&gt;&lt;span style="color: var(--highlight-default)"&gt;__DIR__&lt;/span&gt;&lt;span style="color: var(--highlight-keyword)"&gt;).&lt;/span&gt;&lt;span style="color: var(--highlight-string)"&gt;'/vendor/autoload.php'&lt;/span&gt;&lt;span style="color: var(--highlight-keyword)"&gt;);&lt;/span&gt;&lt;/code&gt;&lt;/li&gt;
&lt;li&gt;&lt;code&gt;&lt;span style="color: var(--highlight-keyword)"&gt;&amp;nbsp;&amp;nbsp;&amp;nbsp;&amp;nbsp;require&amp;nbsp;&lt;/span&gt;&lt;span style="color: var(--highlight-default)"&gt;PHPUNIT_COMPOSER_INSTALL&lt;/span&gt;&lt;span style="color: var(--highlight-keyword)"&gt;;&lt;/span&gt;&lt;/code&gt;&lt;/li&gt;
&lt;li&gt;&lt;code&gt;&lt;span style="color: var(--highlight-keyword)"&gt;&amp;nbsp;&amp;nbsp;&amp;nbsp;&amp;nbsp;&lt;/span&gt;&lt;span style="color: var(--highlight-default)"&gt;PHPUnit\TextUI\Command&lt;/span&gt;&lt;span style="color: var(--highlight-keyword)"&gt;::&lt;/span&gt;&lt;span style="color: var(--highlight-default)"&gt;main&lt;/span&gt;&lt;span style="color: var(--highlight-keyword)"&gt;();&lt;/span&gt;&lt;/code&gt;&lt;/li&gt;
&lt;li class="selected"&gt;&lt;code&gt;&lt;span style="color: var(--highlight-keyword)"&gt;}&amp;nbsp;else&amp;nbsp;{&lt;/span&gt;&lt;/code&gt;&lt;/li&gt;
&lt;li&gt;&lt;code&gt;&lt;span style="color: var(--highlight-keyword)"&gt;&amp;nbsp;&amp;nbsp;&amp;nbsp;&amp;nbsp;if&amp;nbsp;(!&lt;/span&gt;&lt;span style="color: var(--highlight-default)"&gt;is_file&lt;/span&gt;&lt;span style="color: var(--highlight-keyword)"&gt;(&lt;/span&gt;&lt;span style="color: var(--highlight-default)"&gt;dirname&lt;/span&gt;&lt;span style="color: var(--highlight-keyword)"&gt;(&lt;/span&gt;&lt;span style="color: var(--highlight-default)"&gt;__DIR__&lt;/span&gt;&lt;span style="color: var(--highlight-keyword)"&gt;).&lt;/span&gt;&lt;span style="color: var(--highlight-string)"&gt;'/vendor/symfony/phpunit-bridge/bin/simple-phpunit.php'&lt;/span&gt;&lt;span style="color: var(--highlight-keyword)"&gt;))&amp;nbsp;{&lt;/span&gt;&lt;/code&gt;&lt;/li&gt;
&lt;li&gt;&lt;code&gt;&lt;span style="color: var(--highlight-keyword)"&gt;&amp;nbsp;&amp;nbsp;&amp;nbsp;&amp;nbsp;&amp;nbsp;&amp;nbsp;&amp;nbsp;&amp;nbsp;echo&amp;nbsp;&lt;/span&gt;&lt;span style="color: var(--highlight-string)"&gt;"Unable&amp;nbsp;to&amp;nbsp;find&amp;nbsp;the&amp;nbsp;`simple-phpunit.php`&amp;nbsp;script&amp;nbsp;in&amp;nbsp;`vendor/symfony/phpunit-bridge/bin/`.\n"&lt;/span&gt;&lt;span style="color: var(--highlight-keyword)"&gt;;&lt;/span&gt;&lt;/code&gt;&lt;/li&gt;
&lt;li&gt;&lt;code&gt;&lt;span style="color: var(--highlight-keyword)"&gt;&amp;nbsp;&amp;nbsp;&amp;nbsp;&amp;nbsp;&amp;nbsp;&amp;nbsp;&amp;nbsp;&amp;nbsp;exit(&lt;/span&gt;&lt;span style="color: var(--highlight-default)"&gt;1&lt;/span&gt;&lt;span style="color: var(--highlight-keyword)"&gt;);&lt;/span&gt;&lt;/code&gt;&lt;/li&gt;
&lt;li&gt;&lt;code&gt;&lt;span style="color: var(--highlight-keyword)"&gt;&amp;nbsp;&amp;nbsp;&amp;nbsp;&amp;nbsp;}&lt;/span&gt;&lt;/code&gt;&lt;/li&gt;
&lt;li&gt;&lt;code&gt;&lt;span style="color: var(--highlight-keyword)"&gt;&lt;/span&gt;&lt;/code&gt;&lt;/li&gt;&lt;/ol&gt;    &lt;/div&gt;            &lt;/div&gt;
                    &lt;/div&gt;
    &lt;/div&gt;
&lt;/div&gt;            &lt;/div&gt;
        &lt;/div&gt;

                &lt;div class="tab disabled"&gt;
            &lt;h3 class="tab-title"&gt;
                Logs
                            &lt;/h3&gt;

            &lt;div class="tab-content"&gt;
                                    &lt;div class="empty"&gt;
                        &lt;p&gt;No log messages&lt;/p&gt;
                    &lt;/div&gt;
                            &lt;/div&gt;
        &lt;/div&gt;
        
        &lt;div class="tab"&gt;
            &lt;h3 class="tab-title"&gt;
                                    Stack Traces &lt;span class="badge"&gt;3&lt;/span&gt;
                            &lt;/h3&gt;

            &lt;div class="tab-content"&gt;
                &lt;table class="trace trace-as-text"&gt;
    &lt;thead class="trace-head"&gt;
        &lt;tr&gt;
            &lt;th class="sf-toggle" data-toggle-selector="#trace-text-1" data-toggle-initial="display"&gt;
                &lt;div class="trace-class"&gt;
                                            &lt;span class="text-muted"&gt;[3/3]&lt;/span&gt;
                                        ConnectionException                    &lt;span class="icon icon-close"&gt;&lt;svg width="1792" height="1792" viewBox="0 0 1792 1792" xmlns="http://www.w3.org/2000/svg"&gt;&lt;path d="M1344 800v64q0 14-9 23t-23 9H480q-14 0-23-9t-9-23v-64q0-14 9-23t23-9h832q14 0 23 9t9 23zm128 448V416q0-66-47-113t-113-47H480q-66 0-113 47t-47 113v832q0 66 47 113t113 47h832q66 0 113-47t47-113zm128-832v832q0 119-84.5 203.5T1312 1536H480q-119 0-203.5-84.5T192 1248V416q0-119 84.5-203.5T480 128h832q119 0 203.5 84.5T1600 416z"/&gt;&lt;/svg&gt;&lt;/span&gt;
                    &lt;span class="icon icon-open"&gt;&lt;svg width="1792" height="1792" viewBox="0 0 1792 1792" xmlns="http://www.w3.org/2000/svg"&gt;&lt;path d="M1344 800v64q0 14-9 23t-23 9H960v352q0 14-9 23t-23 9h-64q-14 0-23-9t-9-23V896H480q-14 0-23-9t-9-23v-64q0-14 9-23t23-9h352V416q0-14 9-23t23-9h64q14 0 23 9t9 23v352h352q14 0 23 9t9 23zm128 448V416q0-66-47-113t-113-47H480q-66 0-113 47t-47 113v832q0 66 47 113t113 47h832q66 0 113-47t47-113zm128-832v832q0 119-84.5 203.5T1312 1536H480q-119 0-203.5-84.5T192 1248V416q0-119 84.5-203.5T480 128h832q119 0 203.5 84.5T1600 416z"/&gt;&lt;/svg&gt;&lt;/span&gt;
                &lt;/div&gt;
            &lt;/th&gt;
        &lt;/tr&gt;
    &lt;/thead&gt;

    &lt;tbody id="trace-text-1"&gt;
        &lt;tr&gt;
            &lt;td&gt;
                                &lt;pre class="stacktrace"&gt;
Doctrine\DBAL\Exception\ConnectionException:
An exception occurred in the driver: SQLSTATE[HY000] [1049] Unknown database 'crud04_test'

  at C:\Users\eman\Documents\GitHub\car_dealer\vendor\doctrine\dbal\src\Driver\API\MySQL\ExceptionConverter.php:103
  at Doctrine\DBAL\Driver\API\MySQL\ExceptionConverter-&amp;gt;convert()
     (C:\Users\eman\Documents\GitHub\car_dealer\vendor\doctrine\dbal\src\Connection.php:1768)
  at Doctrine\DBAL\Connection-&amp;gt;handleDriverException()
     (C:\Users\eman\Documents\GitHub\car_dealer\vendor\doctrine\dbal\src\Connection.php:1715)
  at Doctrine\DBAL\Connection-&amp;gt;convertException()
     (C:\Users\eman\Documents\GitHub\car_dealer\vendor\doctrine\dbal\src\Connection.php:327)
  at Doctrine\DBAL\Connection-&amp;gt;connect()
     (C:\Users\eman\Documents\GitHub\car_dealer\vendor\doctrine\dbal\src\Connection.php:1507)
  at Doctrine\DBAL\Connection-&amp;gt;getWrappedConnection()
     (C:\Users\eman\Documents\GitHub\car_dealer\vendor\doctrine\dbal\src\Connection.php:1013)
  at Doctrine\DBAL\Connection-&amp;gt;executeQuery()
     (C:\Users\eman\Documents\GitHub\car_dealer\vendor\doctrine\orm\lib\Doctrine\ORM\Persisters\Entity\BasicEntityPersister.php:883)
  at Doctrine\ORM\Persisters\Entity\BasicEntityPersister-&amp;gt;loadAll()
     (C:\Users\eman\Documents\GitHub\car_dealer\vendor\doctrine\orm\lib\Doctrine\ORM\EntityRepository.php:202)
  at Doctrine\ORM\EntityRepository-&amp;gt;findBy()
     (C:\Users\eman\Documents\GitHub\car_dealer\vendor\doctrine\orm\lib\Doctrine\ORM\EntityRepository.php:184)
  at Doctrine\ORM\EntityRepository-&amp;gt;findAll()
     (C:\Users\eman\Documents\GitHub\car_dealer\src\Controller\CarPublicController.php:21)
  at App\Controller\CarPublicController-&amp;gt;cars()
     (C:\Users\eman\Documents\GitHub\car_dealer\vendor\symfony\http-kernel\HttpKernel.php:152)
  at Symfony\Component\HttpKernel\HttpKernel-&amp;gt;handleRaw()
     (C:\Users\eman\Documents\GitHub\car_dealer\vendor\symfony\http-kernel\HttpKernel.php:74)
  at Symfony\Component\HttpKernel\HttpKernel-&amp;gt;handle()
     (C:\Users\eman\Documents\GitHub\car_dealer\vendor\symfony\http-kernel\Kernel.php:202)
  at Symfony\Component\HttpKernel\Kernel-&amp;gt;handle()
     (C:\Users\eman\Documents\GitHub\car_dealer\vendor\symfony\http-kernel\HttpKernelBrowser.php:65)
  at Symfony\Component\HttpKernel\HttpKernelBrowser-&amp;gt;doRequest()
     (C:\Users\eman\Documents\GitHub\car_dealer\vendor\symfony\framework-bundle\KernelBrowser.php:171)
  at Symfony\Bundle\FrameworkBundle\KernelBrowser-&amp;gt;doRequest()
     (C:\Users\eman\Documents\GitHub\car_dealer\vendor\symfony\browser-kit\AbstractBrowser.php:370)
  at Symfony\Component\BrowserKit\AbstractBrowser-&amp;gt;request()
     (C:\Users\eman\Documents\GitHub\car_dealer\tests\WebTest\CarsPageTest.php:40)
  at App\Tests\WebTest\CarsPageTest-&amp;gt;testHeading2()
     (C:\Users\eman\Documents\GitHub\car_dealer\vendor\phpunit\phpunit\src\Framework\TestCase.php:1545)
  at PHPUnit\Framework\TestCase-&amp;gt;runTest()
     (C:\Users\eman\Documents\GitHub\car_dealer\vendor\phpunit\phpunit\src\Framework\TestCase.php:1151)
  at PHPUnit\Framework\TestCase-&amp;gt;runBare()
     (C:\Users\eman\Documents\GitHub\car_dealer\vendor\phpunit\phpunit\src\Framework\TestResult.php:726)
  at PHPUnit\Framework\TestResult-&amp;gt;run()
     (C:\Users\eman\Documents\GitHub\car_dealer\vendor\phpunit\phpunit\src\Framework\TestCase.php:903)
  at PHPUnit\Framework\TestCase-&amp;gt;run()
     (C:\Users\eman\Documents\GitHub\car_dealer\vendor\phpunit\phpunit\src\Framework\TestSuite.php:678)
  at PHPUnit\Framework\TestSuite-&amp;gt;run()
     (C:\Users\eman\Documents\GitHub\car_dealer\vendor\phpunit\phpunit\src\Framework\TestSuite.php:678)
  at PHPUnit\Framework\TestSuite-&amp;gt;run()
     (C:\Users\eman\Documents\GitHub\car_dealer\vendor\phpunit\phpunit\src\Framework\TestSuite.php:678)
  at PHPUnit\Framework\TestSuite-&amp;gt;run()
     (C:\Users\eman\Documents\GitHub\car_dealer\vendor\phpunit\phpunit\src\TextUI\TestRunner.php:670)
  at PHPUnit\TextUI\TestRunner-&amp;gt;run()
     (C:\Users\eman\Documents\GitHub\car_dealer\vendor\phpunit\phpunit\src\TextUI\Command.php:143)
  at PHPUnit\TextUI\Command-&amp;gt;run()
     (C:\Users\eman\Documents\GitHub\car_dealer\vendor\phpunit\phpunit\src\TextUI\Command.php:96)
  at PHPUnit\TextUI\Command::main()
     (C:\Users\eman\Documents\GitHub\car_dealer\bin\phpunit:11)                &lt;/pre&gt;
                            &lt;/td&gt;
        &lt;/tr&gt;
    &lt;/tbody&gt;
&lt;/table&gt;&lt;table class="trace trace-as-text"&gt;
    &lt;thead class="trace-head"&gt;
        &lt;tr&gt;
            &lt;th class="sf-toggle" data-toggle-selector="#trace-text-2" data-toggle-initial=""&gt;
                &lt;div class="trace-class"&gt;
                                            &lt;span class="text-muted"&gt;[2/3]&lt;/span&gt;
                                        Exception                    &lt;span class="icon icon-close"&gt;&lt;svg width="1792" height="1792" viewBox="0 0 1792 1792" xmlns="http://www.w3.org/2000/svg"&gt;&lt;path d="M1344 800v64q0 14-9 23t-23 9H480q-14 0-23-9t-9-23v-64q0-14 9-23t23-9h832q14 0 23 9t9 23zm128 448V416q0-66-47-113t-113-47H480q-66 0-113 47t-47 113v832q0 66 47 113t113 47h832q66 0 113-47t47-113zm128-832v832q0 119-84.5 203.5T1312 1536H480q-119 0-203.5-84.5T192 1248V416q0-119 84.5-203.5T480 128h832q119 0 203.5 84.5T1600 416z"/&gt;&lt;/svg&gt;&lt;/span&gt;
                    &lt;span class="icon icon-open"&gt;&lt;svg width="1792" height="1792" viewBox="0 0 1792 1792" xmlns="http://www.w3.org/2000/svg"&gt;&lt;path d="M1344 800v64q0 14-9 23t-23 9H960v352q0 14-9 23t-23 9h-64q-14 0-23-9t-9-23V896H480q-14 0-23-9t-9-23v-64q0-14 9-23t23-9h352V416q0-14 9-23t23-9h64q14 0 23 9t9 23v352h352q14 0 23 9t9 23zm128 448V416q0-66-47-113t-113-47H480q-66 0-113 47t-47 113v832q0 66 47 113t113 47h832q66 0 113-47t47-113zm128-832v832q0 119-84.5 203.5T1312 1536H480q-119 0-203.5-84.5T192 1248V416q0-119 84.5-203.5T480 128h832q119 0 203.5 84.5T1600 416z"/&gt;&lt;/svg&gt;&lt;/span&gt;
                &lt;/div&gt;
            &lt;/th&gt;
        &lt;/tr&gt;
    &lt;/thead&gt;

    &lt;tbody id="trace-text-2"&gt;
        &lt;tr&gt;
            &lt;td&gt;
                                &lt;pre class="stacktrace"&gt;
Doctrine\DBAL\Driver\PDO\Exception:
SQLSTATE[HY000] [1049] Unknown database 'crud04_test'

  at C:\Users\eman\Documents\GitHub\car_dealer\vendor\doctrine\dbal\src\Driver\PDO\Exception.php:26
  at Doctrine\DBAL\Driver\PDO\Exception::new()
     (C:\Users\eman\Documents\GitHub\car_dealer\vendor\doctrine\dbal\src\Driver\PDO\MySQL\Driver.php:34)
  at Doctrine\DBAL\Driver\PDO\MySQL\Driver-&amp;gt;connect()
     (C:\Users\eman\Documents\GitHub\car_dealer\vendor\doctrine\dbal\src\Connection.php:325)
  at Doctrine\DBAL\Connection-&amp;gt;connect()
     (C:\Users\eman\Documents\GitHub\car_dealer\vendor\doctrine\dbal\src\Connection.php:1507)
  at Doctrine\DBAL\Connection-&amp;gt;getWrappedConnection()
     (C:\Users\eman\Documents\GitHub\car_dealer\vendor\doctrine\dbal\src\Connection.php:1013)
  at Doctrine\DBAL\Connection-&amp;gt;executeQuery()
     (C:\Users\eman\Documents\GitHub\car_dealer\vendor\doctrine\orm\lib\Doctrine\ORM\Persisters\Entity\BasicEntityPersister.php:883)
  at Doctrine\ORM\Persisters\Entity\BasicEntityPersister-&amp;gt;loadAll()
     (C:\Users\eman\Documents\GitHub\car_dealer\vendor\doctrine\orm\lib\Doctrine\ORM\EntityRepository.php:202)
  at Doctrine\ORM\EntityRepository-&amp;gt;findBy()
     (C:\Users\eman\Documents\GitHub\car_dealer\vendor\doctrine\orm\lib\Doctrine\ORM\EntityRepository.php:184)
  at Doctrine\ORM\EntityRepository-&amp;gt;findAll()
     (C:\Users\eman\Documents\GitHub\car_dealer\src\Controller\CarPublicController.php:21)
  at App\Controller\CarPublicController-&amp;gt;cars()
     (C:\Users\eman\Documents\GitHub\car_dealer\vendor\symfony\http-kernel\HttpKernel.php:152)
  at Symfony\Component\HttpKernel\HttpKernel-&amp;gt;handleRaw()
     (C:\Users\eman\Documents\GitHub\car_dealer\vendor\symfony\http-kernel\HttpKernel.php:74)
  at Symfony\Component\HttpKernel\HttpKernel-&amp;gt;handle()
     (C:\Users\eman\Documents\GitHub\car_dealer\vendor\symfony\http-kernel\Kernel.php:202)
  at Symfony\Component\HttpKernel\Kernel-&amp;gt;handle()
     (C:\Users\eman\Documents\GitHub\car_dealer\vendor\symfony\http-kernel\HttpKernelBrowser.php:65)
  at Symfony\Component\HttpKernel\HttpKernelBrowser-&amp;gt;doRequest()
     (C:\Users\eman\Documents\GitHub\car_dealer\vendor\symfony\framework-bundle\KernelBrowser.php:171)
  at Symfony\Bundle\FrameworkBundle\KernelBrowser-&amp;gt;doRequest()
     (C:\Users\eman\Documents\GitHub\car_dealer\vendor\symfony\browser-kit\AbstractBrowser.php:370)
  at Symfony\Component\BrowserKit\AbstractBrowser-&amp;gt;request()
     (C:\Users\eman\Documents\GitHub\car_dealer\tests\WebTest\CarsPageTest.php:40)
  at App\Tests\WebTest\CarsPageTest-&amp;gt;testHeading2()
     (C:\Users\eman\Documents\GitHub\car_dealer\vendor\phpunit\phpunit\src\Framework\TestCase.php:1545)
  at PHPUnit\Framework\TestCase-&amp;gt;runTest()
     (C:\Users\eman\Documents\GitHub\car_dealer\vendor\phpunit\phpunit\src\Framework\TestCase.php:1151)
  at PHPUnit\Framework\TestCase-&amp;gt;runBare()
     (C:\Users\eman\Documents\GitHub\car_dealer\vendor\phpunit\phpunit\src\Framework\TestResult.php:726)
  at PHPUnit\Framework\TestResult-&amp;gt;run()
     (C:\Users\eman\Documents\GitHub\car_dealer\vendor\phpunit\phpunit\src\Framework\TestCase.php:903)
  at PHPUnit\Framework\TestCase-&amp;gt;run()
     (C:\Users\eman\Documents\GitHub\car_dealer\vendor\phpunit\phpunit\src\Framework\TestSuite.php:678)
  at PHPUnit\Framework\TestSuite-&amp;gt;run()
     (C:\Users\eman\Documents\GitHub\car_dealer\vendor\phpunit\phpunit\src\Framework\TestSuite.php:678)
  at PHPUnit\Framework\TestSuite-&amp;gt;run()
     (C:\Users\eman\Documents\GitHub\car_dealer\vendor\phpunit\phpunit\src\Framework\TestSuite.php:678)
  at PHPUnit\Framework\TestSuite-&amp;gt;run()
     (C:\Users\eman\Documents\GitHub\car_dealer\vendor\phpunit\phpunit\src\TextUI\TestRunner.php:670)
  at PHPUnit\TextUI\TestRunner-&amp;gt;run()
     (C:\Users\eman\Documents\GitHub\car_dealer\vendor\phpunit\phpunit\src\TextUI\Command.php:143)
  at PHPUnit\TextUI\Command-&amp;gt;run()
     (C:\Users\eman\Documents\GitHub\car_dealer\vendor\phpunit\phpunit\src\TextUI\Command.php:96)
  at PHPUnit\TextUI\Command::main()
     (C:\Users\eman\Documents\GitHub\car_dealer\bin\phpunit:11)                &lt;/pre&gt;
                            &lt;/td&gt;
        &lt;/tr&gt;
    &lt;/tbody&gt;
&lt;/table&gt;&lt;table class="trace trace-as-text"&gt;
    &lt;thead class="trace-head"&gt;
        &lt;tr&gt;
            &lt;th class="sf-toggle" data-toggle-selector="#trace-text-3" data-toggle-initial=""&gt;
                &lt;div class="trace-class"&gt;
                                            &lt;span class="text-muted"&gt;[1/3]&lt;/span&gt;
                                        PDOException                    &lt;span class="icon icon-close"&gt;&lt;svg width="1792" height="1792" viewBox="0 0 1792 1792" xmlns="http://www.w3.org/2000/svg"&gt;&lt;path d="M1344 800v64q0 14-9 23t-23 9H480q-14 0-23-9t-9-23v-64q0-14 9-23t23-9h832q14 0 23 9t9 23zm128 448V416q0-66-47-113t-113-47H480q-66 0-113 47t-47 113v832q0 66 47 113t113 47h832q66 0 113-47t47-113zm128-832v832q0 119-84.5 203.5T1312 1536H480q-119 0-203.5-84.5T192 1248V416q0-119 84.5-203.5T480 128h832q119 0 203.5 84.5T1600 416z"/&gt;&lt;/svg&gt;&lt;/span&gt;
                    &lt;span class="icon icon-open"&gt;&lt;svg width="1792" height="1792" viewBox="0 0 1792 1792" xmlns="http://www.w3.org/2000/svg"&gt;&lt;path d="M1344 800v64q0 14-9 23t-23 9H960v352q0 14-9 23t-23 9h-64q-14 0-23-9t-9-23V896H480q-14 0-23-9t-9-23v-64q0-14 9-23t23-9h352V416q0-14 9-23t23-9h64q14 0 23 9t9 23v352h352q14 0 23 9t9 23zm128 448V416q0-66-47-113t-113-47H480q-66 0-113 47t-47 113v832q0 66 47 113t113 47h832q66 0 113-47t47-113zm128-832v832q0 119-84.5 203.5T1312 1536H480q-119 0-203.5-84.5T192 1248V416q0-119 84.5-203.5T480 128h832q119 0 203.5 84.5T1600 416z"/&gt;&lt;/svg&gt;&lt;/span&gt;
                &lt;/div&gt;
            &lt;/th&gt;
        &lt;/tr&gt;
    &lt;/thead&gt;

    &lt;tbody id="trace-text-3"&gt;
        &lt;tr&gt;
            &lt;td&gt;
                                &lt;pre class="stacktrace"&gt;
PDOException:
SQLSTATE[HY000] [1049] Unknown database 'crud04_test'

  at C:\Users\eman\Documents\GitHub\car_dealer\vendor\doctrine\dbal\src\Driver\PDO\MySQL\Driver.php:28
  at PDO-&amp;gt;__construct()
     (C:\Users\eman\Documents\GitHub\car_dealer\vendor\doctrine\dbal\src\Driver\PDO\MySQL\Driver.php:28)
  at Doctrine\DBAL\Driver\PDO\MySQL\Driver-&amp;gt;connect()
     (C:\Users\eman\Documents\GitHub\car_dealer\vendor\doctrine\dbal\src\Connection.php:325)
  at Doctrine\DBAL\Connection-&amp;gt;connect()
     (C:\Users\eman\Documents\GitHub\car_dealer\vendor\doctrine\dbal\src\Connection.php:1507)
  at Doctrine\DBAL\Connection-&amp;gt;getWrappedConnection()
     (C:\Users\eman\Documents\GitHub\car_dealer\vendor\doctrine\dbal\src\Connection.php:1013)
  at Doctrine\DBAL\Connection-&amp;gt;executeQuery()
     (C:\Users\eman\Documents\GitHub\car_dealer\vendor\doctrine\orm\lib\Doctrine\ORM\Persisters\Entity\BasicEntityPersister.php:883)
  at Doctrine\ORM\Persisters\Entity\BasicEntityPersister-&amp;gt;loadAll()
     (C:\Users\eman\Documents\GitHub\car_dealer\vendor\doctrine\orm\lib\Doctrine\ORM\EntityRepository.php:202)
  at Doctrine\ORM\EntityRepository-&amp;gt;findBy()
     (C:\Users\eman\Documents\GitHub\car_dealer\vendor\doctrine\orm\lib\Doctrine\ORM\EntityRepository.php:184)
  at Doctrine\ORM\EntityRepository-&amp;gt;findAll()
     (C:\Users\eman\Documents\GitHub\car_dealer\src\Controller\CarPublicController.php:21)
  at App\Controller\CarPublicController-&amp;gt;cars()
     (C:\Users\eman\Documents\GitHub\car_dealer\vendor\symfony\http-kernel\HttpKernel.php:152)
  at Symfony\Component\HttpKernel\HttpKernel-&amp;gt;handleRaw()
     (C:\Users\eman\Documents\GitHub\car_dealer\vendor\symfony\http-kernel\HttpKernel.php:74)
  at Symfony\Component\HttpKernel\HttpKernel-&amp;gt;handle()
     (C:\Users\eman\Documents\GitHub\car_dealer\vendor\symfony\http-kernel\Kernel.php:202)
  at Symfony\Component\HttpKernel\Kernel-&amp;gt;handle()
     (C:\Users\eman\Documents\GitHub\car_dealer\vendor\symfony\http-kernel\HttpKernelBrowser.php:65)
  at Symfony\Component\HttpKernel\HttpKernelBrowser-&amp;gt;doRequest()
     (C:\Users\eman\Documents\GitHub\car_dealer\vendor\symfony\framework-bundle\KernelBrowser.php:171)
  at Symfony\Bundle\FrameworkBundle\KernelBrowser-&amp;gt;doRequest()
     (C:\Users\eman\Documents\GitHub\car_dealer\vendor\symfony\browser-kit\AbstractBrowser.php:370)
  at Symfony\Component\BrowserKit\AbstractBrowser-&amp;gt;request()
     (C:\Users\eman\Documents\GitHub\car_dealer\tests\WebTest\CarsPageTest.php:40)
  at App\Tests\WebTest\CarsPageTest-&amp;gt;testHeading2()
     (C:\Users\eman\Documents\GitHub\car_dealer\vendor\phpunit\phpunit\src\Framework\TestCase.php:1545)
  at PHPUnit\Framework\TestCase-&amp;gt;runTest()
     (C:\Users\eman\Documents\GitHub\car_dealer\vendor\phpunit\phpunit\src\Framework\TestCase.php:1151)
  at PHPUnit\Framework\TestCase-&amp;gt;runBare()
     (C:\Users\eman\Documents\GitHub\car_dealer\vendor\phpunit\phpunit\src\Framework\TestResult.php:726)
  at PHPUnit\Framework\TestResult-&amp;gt;run()
     (C:\Users\eman\Documents\GitHub\car_dealer\vendor\phpunit\phpunit\src\Framework\TestCase.php:903)
  at PHPUnit\Framework\TestCase-&amp;gt;run()
     (C:\Users\eman\Documents\GitHub\car_dealer\vendor\phpunit\phpunit\src\Framework\TestSuite.php:678)
  at PHPUnit\Framework\TestSuite-&amp;gt;run()
     (C:\Users\eman\Documents\GitHub\car_dealer\vendor\phpunit\phpunit\src\Framework\TestSuite.php:678)
  at PHPUnit\Framework\TestSuite-&amp;gt;run()
     (C:\Users\eman\Documents\GitHub\car_dealer\vendor\phpunit\phpunit\src\Framework\TestSuite.php:678)
  at PHPUnit\Framework\TestSuite-&amp;gt;run()
     (C:\Users\eman\Documents\GitHub\car_dealer\vendor\phpunit\phpunit\src\TextUI\TestRunner.php:670)
  at PHPUnit\TextUI\TestRunner-&amp;gt;run()
     (C:\Users\eman\Documents\GitHub\car_dealer\vendor\phpunit\phpunit\src\TextUI\Command.php:143)
  at PHPUnit\TextUI\Command-&amp;gt;run()
     (C:\Users\eman\Documents\GitHub\car_dealer\vendor\phpunit\phpunit\src\TextUI\Command.php:96)
  at PHPUnit\TextUI\Command::main()
     (C:\Users\eman\Documents\GitHub\car_dealer\bin\phpunit:11)                &lt;/pre&gt;
                            &lt;/td&gt;
        &lt;/tr&gt;
    &lt;/tbody&gt;
&lt;/table&gt;            &lt;/div&gt;
        &lt;/div&gt;

            &lt;/div&gt;
&lt;/div&gt;
        &lt;script&gt;
            /* This file is based on WebProfilerBundle/Resources/views/Profiler/base_js.html.twig.
   If you make any change in this file, verify the same change is needed in the other file. */
/*&lt;![CDATA[*/
if (typeof Sfjs === 'undefined') {
    Sfjs = (function() {
        "use strict";

        if ('classList' in document.documentElement) {
            var hasClass = function (el, cssClass) { return el.classList.contains(cssClass); };
            var removeClass = function(el, cssClass) { el.classList.remove(cssClass); };
            var addClass = function(el, cssClass) { el.classList.add(cssClass); };
            var toggleClass = function(el, cssClass) { el.classList.toggle(cssClass); };
        } else {
            var hasClass = function (el, cssClass) { return el.className.match(new RegExp('\\b' + cssClass + '\\b')); };
            var removeClass = function(el, cssClass) { el.className = el.className.replace(new RegExp('\\b' + cssClass + '\\b'), ' '); };
            var addClass = function(el, cssClass) { if (!hasClass(el, cssClass)) { el.className += " " + cssClass; } };
            var toggleClass = function(el, cssClass) { hasClass(el, cssClass) ? removeClass(el, cssClass) : addClass(el, cssClass); };
        }

        var addEventListener;

        var el = document.createElement('div');
        if (!('addEventListener' in el)) {
            addEventListener = function (element, eventName, callback) {
                element.attachEvent('on' + eventName, callback);
            };
        } else {
            addEventListener = function (element, eventName, callback) {
                element.addEventListener(eventName, callback, false);
            };
        }

        if (navigator.clipboard) {
            document.querySelectorAll('[data-clipboard-text]').forEach(function(element) {
                removeClass(element, 'hidden');
                element.addEventListener('click', function() {
                    navigator.clipboard.writeText(element.getAttribute('data-clipboard-text'));
                })
            });
        }

        return {
            addEventListener: addEventListener,

            createTabs: function() {
                var tabGroups = document.querySelectorAll('.sf-tabs:not([data-processed=true])');

                /* create the tab navigation for each group of tabs */
                for (var i = 0; i &lt; tabGroups.length; i++) {
                    var tabs = tabGroups[i].querySelectorAll(':scope &gt; .tab');
                    var tabNavigation = document.createElement('ul');
                    tabNavigation.className = 'tab-navigation';

                    var selectedTabId = 'tab-' + i + '-0'; /* select the first tab by default */
                    for (var j = 0; j &lt; tabs.length; j++) {
                        var tabId = 'tab-' + i + '-' + j;
                        var tabTitle = tabs[j].querySelector('.tab-title').innerHTML;

                        var tabNavigationItem = document.createElement('li');
                        tabNavigationItem.setAttribute('data-tab-id', tabId);
                        if (hasClass(tabs[j], 'active')) { selectedTabId = tabId; }
                        if (hasClass(tabs[j], 'disabled')) { addClass(tabNavigationItem, 'disabled'); }
                        tabNavigationItem.innerHTML = tabTitle;
                        tabNavigation.appendChild(tabNavigationItem);

                        var tabContent = tabs[j].querySelector('.tab-content');
                        tabContent.parentElement.setAttribute('id', tabId);
                    }

                    tabGroups[i].insertBefore(tabNavigation, tabGroups[i].firstChild);
                    addClass(document.querySelector('[data-tab-id="' + selectedTabId + '"]'), 'active');
                }

                /* display the active tab and add the 'click' event listeners */
                for (i = 0; i &lt; tabGroups.length; i++) {
                    tabNavigation = tabGroups[i].querySelectorAll(':scope &gt;.tab-navigation li');

                    for (j = 0; j &lt; tabNavigation.length; j++) {
                        tabId = tabNavigation[j].getAttribute('data-tab-id');
                        document.getElementById(tabId).querySelector('.tab-title').className = 'hidden';

                        if (hasClass(tabNavigation[j], 'active')) {
                            document.getElementById(tabId).className = 'block';
                        } else {
                            document.getElementById(tabId).className = 'hidden';
                        }

                        tabNavigation[j].addEventListener('click', function(e) {
                            var activeTab = e.target || e.srcElement;

                            /* needed because when the tab contains HTML contents, user can click */
                            /* on any of those elements instead of their parent '&lt;li&gt;' element */
                            while (activeTab.tagName.toLowerCase() !== 'li') {
                                activeTab = activeTab.parentNode;
                            }

                            /* get the full list of tabs through the parent of the active tab element */
                            var tabNavigation = activeTab.parentNode.children;
                            for (var k = 0; k &lt; tabNavigation.length; k++) {
                                var tabId = tabNavigation[k].getAttribute('data-tab-id');
                                document.getElementById(tabId).className = 'hidden';
                                removeClass(tabNavigation[k], 'active');
                            }

                            addClass(activeTab, 'active');
                            var activeTabId = activeTab.getAttribute('data-tab-id');
                            document.getElementById(activeTabId).className = 'block';
                        });
                    }

                    tabGroups[i].setAttribute('data-processed', 'true');
                }
            },

            createToggles: function() {
                var toggles = document.querySelectorAll('.sf-toggle:not([data-processed=true])');

                for (var i = 0; i &lt; toggles.length; i++) {
                    var elementSelector = toggles[i].getAttribute('data-toggle-selector');
                    var element = document.querySelector(elementSelector);

                    addClass(element, 'sf-toggle-content');

                    if (toggles[i].hasAttribute('data-toggle-initial') &amp;&amp; toggles[i].getAttribute('data-toggle-initial') == 'display') {
                        addClass(toggles[i], 'sf-toggle-on');
                        addClass(element, 'sf-toggle-visible');
                    } else {
                        addClass(toggles[i], 'sf-toggle-off');
                        addClass(element, 'sf-toggle-hidden');
                    }

                    addEventListener(toggles[i], 'click', function(e) {
                        e.preventDefault();

                        if ('' !== window.getSelection().toString()) {
                            /* Don't do anything on text selection */
                            return;
                        }

                        var toggle = e.target || e.srcElement;

                        /* needed because when the toggle contains HTML contents, user can click */
                        /* on any of those elements instead of their parent '.sf-toggle' element */
                        while (!hasClass(toggle, 'sf-toggle')) {
                            toggle = toggle.parentNode;
                        }

                        var element = document.querySelector(toggle.getAttribute('data-toggle-selector'));

                        toggleClass(toggle, 'sf-toggle-on');
                        toggleClass(toggle, 'sf-toggle-off');
                        toggleClass(element, 'sf-toggle-hidden');
                        toggleClass(element, 'sf-toggle-visible');

                        /* the toggle doesn't change its contents when clicking on it */
                        if (!toggle.hasAttribute('data-toggle-alt-content')) {
                            return;
                        }

                        if (!toggle.hasAttribute('data-toggle-original-content')) {
                            toggle.setAttribute('data-toggle-original-content', toggle.innerHTML);
                        }

                        var currentContent = toggle.innerHTML;
                        var originalContent = toggle.getAttribute('data-toggle-original-content');
                        var altContent = toggle.getAttribute('data-toggle-alt-content');
                        toggle.innerHTML = currentContent !== altContent ? altContent : originalContent;
                    });

                    /* Prevents from disallowing clicks on links inside toggles */
                    var toggleLinks = toggles[i].querySelectorAll('a');
                    for (var j = 0; j &lt; toggleLinks.length; j++) {
                        addEventListener(toggleLinks[j], 'click', function(e) {
                            e.stopPropagation();
                        });
                    }

                    /* Prevents from disallowing clicks on "copy to clipboard" elements inside toggles */
                    var copyToClipboardElements = toggles[i].querySelectorAll('span[data-clipboard-text]');
                    for (var k = 0; k &lt; copyToClipboardElements.length; k++) {
                        addEventListener(copyToClipboardElements[k], 'click', function(e) {
                            e.stopPropagation();
                        });
                    }

                    toggles[i].setAttribute('data-processed', 'true');
                }
            },

            createFilters: function() {
                document.querySelectorAll('[data-filters] [data-filter]').forEach(function (filter) {
                    var filters = filter.closest('[data-filters]'),
                        type = 'choice',
                        name = filter.dataset.filter,
                        ucName = name.charAt(0).toUpperCase()+name.slice(1),
                        list = document.createElement('ul'),
                        values = filters.dataset['filter'+ucName] || filters.querySelectorAll('[data-filter-'+name+']'),
                        labels = {},
                        defaults = null,
                        indexed = {},
                        processed = {};
                    if (typeof values === 'string') {
                        type = 'level';
                        labels = values.split(',');
                        values = values.toLowerCase().split(',');
                        defaults = values.length - 1;
                    }
                    addClass(list, 'filter-list');
                    addClass(list, 'filter-list-'+type);
                    values.forEach(function (value, i) {
                        if (value instanceof HTMLElement) {
                            value = value.dataset['filter'+ucName];
                        }
                        if (value in processed) {
                            return;
                        }
                        var option = document.createElement('li'),
                            label = i in labels ? labels[i] : value,
                            active = false,
                            matches;
                        if ('' === label) {
                            option.innerHTML = '&lt;em&gt;(none)&lt;/em&gt;';
                        } else {
                            option.innerText = label;
                        }
                        option.dataset.filter = value;
                        option.setAttribute('title', 1 === (matches = filters.querySelectorAll('[data-filter-'+name+'="'+value+'"]').length) ? 'Matches 1 row' : 'Matches '+matches+' rows');
                        indexed[value] = i;
                        list.appendChild(option);
                        addEventListener(option, 'click', function () {
                            if ('choice' === type) {
                                filters.querySelectorAll('[data-filter-'+name+']').forEach(function (row) {
                                    if (option.dataset.filter === row.dataset['filter'+ucName]) {
                                        toggleClass(row, 'filter-hidden-'+name);
                                    }
                                });
                                toggleClass(option, 'active');
                            } else if ('level' === type) {
                                if (i === this.parentNode.querySelectorAll('.active').length - 1) {
                                    return;
                                }
                                this.parentNode.querySelectorAll('li').forEach(function (currentOption, j) {
                                    if (j &lt;= i) {
                                        addClass(currentOption, 'active');
                                        if (i === j) {
                                            addClass(currentOption, 'last-active');
                                        } else {
                                            removeClass(currentOption, 'last-active');
                                        }
                                    } else {
                                        removeClass(currentOption, 'active');
                                        removeClass(currentOption, 'last-active');
                                    }
                                });
                                filters.querySelectorAll('[data-filter-'+name+']').forEach(function (row) {
                                    if (i &lt; indexed[row.dataset['filter'+ucName]]) {
                                        addClass(row, 'filter-hidden-'+name);
                                    } else {
                                        removeClass(row, 'filter-hidden-'+name);
                                    }
                                });
                            }
                        });
                        if ('choice' === type) {
                            active = null === defaults || 0 &lt;= defaults.indexOf(value);
                        } else if ('level' === type) {
                            active = i &lt;= defaults;
                            if (active &amp;&amp; i === defaults) {
                                addClass(option, 'last-active');
                            }
                        }
                        if (active) {
                            addClass(option, 'active');
                        } else {
                            filters.querySelectorAll('[data-filter-'+name+'="'+value+'"]').forEach(function (row) {
                                toggleClass(row, 'filter-hidden-'+name);
                            });
                        }
                        processed[value] = true;
                    });

                    if (1 &lt; list.childNodes.length) {
                        filter.appendChild(list);
                        filter.dataset.filtered = '';
                    }
                });
            }
        };
    })();

    Sfjs.addEventListener(document, 'DOMContentLoaded', function() {
        Sfjs.createTabs();
        Sfjs.createToggles();
        Sfjs.createFilters();
    });
}
/*]]&gt;*/        &lt;/script&gt;
    &lt;/body&gt;
&lt;/html&gt;
&lt;!-- An exception occurred in the driver: SQLSTATE[HY000] [1049] Unknown database 'crud04_test' (500 Internal Server Error) --&gt;

C:\Users\eman\Documents\GitHub\car_dealer\vendor\symfony\framework-bundle\Test\BrowserKitAssertionsTrait.php:142
C:\Users\eman\Documents\GitHub\car_dealer\vendor\symfony\framework-bundle\Test\BrowserKitAssertionsTrait.php:33
C:\Users\eman\Documents\GitHub\car_dealer\tests\WebTest\CarsPageTest.php:42</failure>
        </testcase>
        <testcase name="testHead" class="App\Tests\WebTest\CarsPageTest" classname="App.Tests.WebTest.CarsPageTest" file="C:\Users\eman\Documents\GitHub\car_dealer\tests\WebTest\CarsPageTest.php" line="45" assertions="1" time="0.318969">
          <failure type="PHPUnit\Framework\ExpectationFailedException">App\Tests\WebTest\CarsPageTest::testHead
Failed asserting that the Response is successful.
HTTP/1.1 500 Internal Server Error&#13;
Cache-Control:          no-cache, private&#13;
Content-Type:           text/html; charset=UTF-8&#13;
Date:                   Sat, 30 Apr 2022 19:16:57 GMT&#13;
X-Debug-Exception:      An%20exception%20occurred%20in%20the%20driver%3A%20SQLSTATE%5BHY000%5D%20%5B1049%5D%20Unknown%20database%20%27crud04_test%27&#13;
X-Debug-Exception-File: C%3A%5CUsers%5Ceman%5CDocuments%5CGitHub%5Ccar_dealer%5Cvendor%5Cdoctrine%5Cdbal%5Csrc%5CDriver%5CAPI%5CMySQL%5CExceptionConverter.php:103&#13;
X-Robots-Tag:           noindex&#13;
&#13;
&lt;!-- An exception occurred in the driver: SQLSTATE[HY000] [1049] Unknown database 'crud04_test' (500 Internal Server Error) --&gt;
&lt;!DOCTYPE html&gt;
&lt;html lang="en"&gt;
    &lt;head&gt;
        &lt;meta charset="UTF-8" /&gt;
        &lt;meta name="robots" content="noindex,nofollow" /&gt;
        &lt;meta name="viewport" content="width=device-width,initial-scale=1" /&gt;
        &lt;title&gt;An exception occurred in the driver: SQLSTATE[HY000] [1049] Unknown database 'crud04_test' (500 Internal Server Error)&lt;/title&gt;
        &lt;link rel="icon" type="image/png" href="data:image/png;base64,iVBORw0KGgoAAAANSUhEUgAAABwAAAAgCAYAAAABtRhCAAADVUlEQVRIx82XX0jTURTHLYPyqZdefQx66CEo80+aYpoIkqzUikz6Z5klQoWUWYRIJYEUGpQ+lIr9U5dOTLdCtkmWZis3rbnC5fw/neYW002307mX/cZvP3/7o1PwwOdh95x7vnf39zvnd29AgBer2xO6DclAXiMqZAqxIiNIN/IYSUS2BPhjmGATchUxI+ADWiRhpWK7HKuHFVBFdmU5YvnI4grFGCaReF/EBH4KsZlGgj2JBTuCYBWRIYF8YoEOJ6wBt/gEs7mBbyOjQXruPLSdOgPCiEiPSUUHDoL8Ug5IUo9B/d5wrt+G7OAKNrODPuVdB6vRCIzN6SdBlpW9RIgk/1FeAXabzRlrUPVCS/JhbmwudztnGeeH9AyXBIwtmM3wLinZJZHifjHw2V+NBoRh+9ixQrbgbnaSIcl7cGea6hoXQbNe7za241oeO5Z0p42M4BV2EqP2D50wo+6HzvwC6C4sApNOR8cmOrtcnhtj2kYRyC9eBvXzKrBZrXSs72kFd1t3MoKVbMekQkEnSNKOO8fac3LpmK6l1TlGtsxmsdKFsecPYgwxst0cwROMYDXboSotg0WLBRqjY51jLYcENElXwW2XJKPydvoI2GN9T8rBtrAArYIUruBJXkFheCQYlCpQP6uk5dAQFQNaUROMSGVQFxLmkoQsxDJrhLbTZ+nvVsERME9MgPJRKV/58AsyomTSzE813WLFvWK++qI0xSfQl8k8Pg46sYRuv5t6dS+4RqxDwaa4BGjYH+NTQvKScIp9+YL/hoZh3jDtLRHtt2C3g6bmhX+CpsFBWg7ilDSPgj0lD2ncr5ev/BP8VvyAJhqVyZeUhPOrEhEFxgEtjft846Z/guQTNT89Q5P9flMLoth4F7808wKtWWKzAwNQHxrh/1vaid2F+XpYTSbQf1XA2McOmOpROnvpvMEA4tSjq1cW0sws2gCYxswY6TKkvzYnJq1NHZLnRU4BX+4U0uburvusu8Kv8iHY7qefkM4IFngJHEOUXmLEPgiGsI8YnlZILit3vSSLRTQe/MPIZva5pshNIEmyFQlCvruJKXPkCEfmePzkphXHdzZNQdoRI9KPlBAxlj/I8U97ERPS5bjGbWDFbEdqHVe5caTBeZZx2H/IMvzeN15yoQAAAABJRU5ErkJggg=="&gt;
        &lt;style&gt;/* This file is based on WebProfilerBundle/Resources/views/Profiler/profiler.css.twig.
   If you make any change in this file, verify the same change is needed in the other file. */
:root {
    --font-sans-serif: Helvetica, Arial, sans-serif;
    --page-background: #f9f9f9;
    --color-text: #222;
    /* when updating any of these colors, do the same in toolbar.css.twig */
    --color-success: #4f805d;
    --color-warning: #a46a1f;
    --color-error: #b0413e;
    --color-muted: #999;
    --tab-background: #fff;
    --tab-color: #444;
    --tab-active-background: #666;
    --tab-active-color: #fafafa;
    --tab-disabled-background: #f5f5f5;
    --tab-disabled-color: #999;
    --metric-value-background: #fff;
    --metric-value-color: inherit;
    --metric-unit-color: #999;
    --metric-label-background: #e0e0e0;
    --metric-label-color: inherit;
    --table-border: #e0e0e0;
    --table-background: #fff;
    --table-header: #e0e0e0;
    --trace-selected-background: #F7E5A1;
    --tree-active-background: #F7E5A1;
    --exception-title-color: var(--base-2);
    --shadow: 0px 0px 1px rgba(128, 128, 128, .2);
    --border: 1px solid #e0e0e0;
    --background-error: var(--color-error);
    --highlight-comment: #969896;
    --highlight-default: #222222;
    --highlight-keyword: #a71d5d;
    --highlight-string: #183691;
    --base-0: #fff;
    --base-1: #f5f5f5;
    --base-2: #e0e0e0;
    --base-3: #ccc;
    --base-4: #666;
    --base-5: #444;
    --base-6: #222;
}

.theme-dark {
    --page-background: #36393e;
    --color-text: #e0e0e0;
    --color-muted: #777;
    --color-error: #d43934;
    --tab-background: #555;
    --tab-color: #ccc;
    --tab-active-background: #888;
    --tab-active-color: #fafafa;
    --tab-disabled-background: var(--page-background);
    --tab-disabled-color: #777;
    --metric-value-background: #555;
    --metric-value-color: inherit;
    --metric-unit-color: #999;
    --metric-label-background: #777;
    --metric-label-color: #e0e0e0;
    --trace-selected-background: #71663acc;
    --table-border: #444;
    --table-background: #333;
    --table-header: #555;
    --info-background: rgba(79, 148, 195, 0.5);
    --tree-active-background: var(--metric-label-background);
    --exception-title-color: var(--base-2);
    --shadow: 0px 0px 1px rgba(32, 32, 32, .2);
    --border: 1px solid #666;
    --background-error: #b0413e;
    --highlight-comment: #dedede;
    --highlight-default: var(--base-6);
    --highlight-keyword: #ff413c;
    --highlight-string: #70a6fd;
    --base-0: #2e3136;
    --base-1: #444;
    --base-2: #666;
    --base-3: #666;
    --base-4: #666;
    --base-5: #e0e0e0;
    --base-6: #f5f5f5;
    --card-label-background: var(--tab-active-background);
    --card-label-color: var(--tab-active-color);
}

html{font-family:sans-serif;-webkit-text-size-adjust:100%;-ms-text-size-adjust:100%}body{margin:0}article,aside,details,figcaption,figure,footer,header,hgroup,main,menu,nav,section,summary{display:block}audio,canvas,progress,video{display:inline-block;vertical-align:baseline}audio:not([controls]){display:none;height:0}[hidden],template{display:none}a{background-color:transparent}a:active,a:hover{outline:0}abbr[title]{border-bottom:1px dotted}b,strong{font-weight:700}dfn{font-style:italic}h1{margin:.67em 0;font-size:2em}mark{color:#000;background:#ff0}small{font-size:80%}sub,sup{position:relative;font-size:75%;line-height:0;vertical-align:baseline}sup{top:-.5em}sub{bottom:-.25em}img{border:0}svg:not(:root){overflow:hidden}figure{margin:1em 40px}hr{height:0;-webkit-box-sizing:content-box;-moz-box-sizing:content-box;box-sizing:content-box}pre{overflow:auto}code,kbd,pre,samp{font-family:monospace,monospace;font-size:1em}button,input,optgroup,select,textarea{margin:0;font:inherit;color:inherit}button{overflow:visible}button,select{text-transform:none}button,html input[type="button"],input[type="reset"],input[type="submit"]{-webkit-appearance:button;cursor:pointer}button[disabled],html input[disabled]{cursor:default}button::-moz-focus-inner,input::-moz-focus-inner{padding:0;border:0}input{line-height:normal}input[type="checkbox"],input[type="radio"]{-webkit-box-sizing:border-box;-moz-box-sizing:border-box;box-sizing:border-box;padding:0}input[type="number"]::-webkit-inner-spin-button,input[type="number"]::-webkit-outer-spin-button{height:auto}input[type="search"]{-webkit-box-sizing:content-box;-moz-box-sizing:content-box;box-sizing:content-box;-webkit-appearance:textfield}input[type="search"]::-webkit-search-cancel-button,input[type="search"]::-webkit-search-decoration{-webkit-appearance:none}fieldset{padding:.35em .625em .75em;margin:0 2px;border:1px solid silver}legend{padding:0;border:0}textarea{overflow:auto}optgroup{font-weight:700}table{border-spacing:0;border-collapse:collapse}td,th{padding:0}

html {
    /* always display the vertical scrollbar to avoid jumps when toggling contents */
    overflow-y: scroll;
}
body { background-color: var(--page-background); color: var(--base-6); font: 14px/1.4 Helvetica, Arial, sans-serif; padding-bottom: 45px; }

a { cursor: pointer; text-decoration: none; }
a:hover { text-decoration: underline; }
abbr[title] { border-bottom: none; cursor: help; text-decoration: none; }

code, pre { font: 13px/1.5 Consolas, Monaco, Menlo, "Ubuntu Mono", "Liberation Mono", monospace; }

table, tr, th, td { background: var(--base-0); border-collapse: collapse; vertical-align: top; }
table { background: var(--base-0); border: var(--border); box-shadow: 0px 0px 1px rgba(128, 128, 128, .2); margin: 1em 0; width: 100%; }
table th, table td { border: solid var(--base-2); border-width: 1px 0; padding: 8px 10px; }
table th { background-color: var(--base-2); font-weight: bold; text-align: left; }

.m-t-5 { margin-top: 5px; }
.hidden-xs-down { display: none; }
.block { display: block; }
.full-width { width: 100%; }
.hidden { display: none; }
.prewrap { white-space: pre-wrap; }
.nowrap { white-space: nowrap; }
.newline { display: block; }
.break-long-words { word-wrap: break-word; overflow-wrap: break-word; -webkit-hyphens: auto; -moz-hyphens: auto; hyphens: auto; min-width: 0; }
.text-small { font-size: 12px !important; }
.text-muted { color: #999; }
.text-bold { font-weight: bold; }
.empty { border: 4px dashed var(--base-2); color: #999; margin: 1em 0; padding: .5em 2em; }

.status-success { background: rgba(94, 151, 110, 0.3); }
.status-warning { background: rgba(240, 181, 24, 0.3); }
.status-error { background: rgba(176, 65, 62, 0.2); }
.status-success td, .status-warning td, .status-error td { background: transparent; }
tr.status-error td, tr.status-warning td { border-bottom: 1px solid var(--base-2); border-top: 1px solid var(--base-2); }
.status-warning .colored { color: #A46A1F; }
.status-error .colored  { color: var(--color-error); }

.sf-toggle { cursor: pointer; position: relative; }
.sf-toggle-content { -moz-transition: display .25s ease; -webkit-transition: display .25s ease; transition: display .25s ease; }
.sf-toggle-content.sf-toggle-hidden { display: none; }
.sf-toggle-content.sf-toggle-visible { display: block; }
thead.sf-toggle-content.sf-toggle-visible, tbody.sf-toggle-content.sf-toggle-visible { display: table-row-group; }
.sf-toggle-off .icon-close, .sf-toggle-on .icon-open { display: none; }
.sf-toggle-off .icon-open, .sf-toggle-on .icon-close { display: block; }

.tab-navigation { margin: 0 0 1em 0; padding: 0; }
.tab-navigation li { background: var(--tab-background); border: 1px solid var(--table-border); color: var(--tab-color); cursor: pointer; display: inline-block; font-size: 16px; margin: 0 0 0 -1px; padding: .5em .75em; z-index: 1; }
.tab-navigation li .badge { background-color: var(--base-1); color: var(--base-4); display: inline-block; font-size: 14px; font-weight: bold; margin-left: 8px; min-width: 10px; padding: 1px 6px; text-align: center; white-space: nowrap; }
.tab-navigation li.disabled { background: var(--tab-disabled-background); color: var(--tab-disabled-color); }
.tab-navigation li.active { background: var(--tab-active-background); color: var(--tab-active-color); z-index: 1100; }
.tab-navigation li.active .badge { background-color: var(--base-5); color: var(--base-2); }
.tab-content &gt; *:first-child { margin-top: 0; }
.tab-navigation li .badge.status-warning { background: var(--color-warning); color: #FFF; }
.tab-navigation li .badge.status-error { background: var(--background-error); color: #FFF; }
.sf-tabs .tab:not(:first-child) { display: none; }

[data-filters] { position: relative; }
[data-filtered] { cursor: pointer; }
[data-filtered]:after { content: '\00a0\25BE'; }
[data-filtered]:hover .filter-list li { display: inline-flex; }
[class*="filter-hidden-"] { display: none; }
.filter-list { position: absolute; border: var(--border); box-shadow: var(--shadow); margin: 0; padding: 0; display: flex; flex-direction: column; }
.filter-list :after { content: ''; }
.filter-list li {
    background: var(--tab-disabled-background);
    border-bottom: var(--border);
    color: var(--tab-disabled-color);
    display: none;
    list-style: none;
    margin: 0;
    padding: 5px 10px;
    text-align: left;
    font-weight: normal;
}
.filter-list li.active {
    background: var(--tab-background);
    color: var(--tab-color);
}
.filter-list li.last-active {
    background: var(--tab-active-background);
    color: var(--tab-active-color);
}

.filter-list-level li { cursor: s-resize; }
.filter-list-level li.active { cursor: n-resize; }
.filter-list-level li.last-active { cursor: default; }
.filter-list-level li.last-active:before { content: '\2714\00a0'; }
.filter-list-choice li:before { content: '\2714\00a0'; color: transparent; }
.filter-list-choice li.active:before { color: unset; }

.container { max-width: 1024px; margin: 0 auto; padding: 0 15px; }
.container::after { content: ""; display: table; clear: both; }

header { background-color: #222; color: rgba(255, 255, 255, 0.75); font-size: 13px; height: 33px; line-height: 33px; padding: 0; }
header .container { display: flex; justify-content: space-between; }
.logo { flex: 1; font-size: 13px; font-weight: normal; margin: 0; padding: 0; }
.logo svg { height: 18px; width: 18px; opacity: .8; vertical-align: -5px; }

.help-link { margin-left: 15px; }
.help-link a { color: inherit; }
.help-link .icon svg { height: 15px; width: 15px; opacity: .7; vertical-align: -2px; }
.help-link a:hover { color: #EEE; text-decoration: none; }
.help-link a:hover svg { opacity: .9; }

.exception-summary { background: var(--background-error); border-bottom: 2px solid rgba(0, 0, 0, 0.1); border-top: 1px solid rgba(0, 0, 0, .3); flex: 0 0 auto; margin-bottom: 15px; }
.exception-metadata { background: rgba(0, 0, 0, 0.1); padding: 7px 0; }
.exception-metadata .container { display: flex; flex-direction: row; justify-content: space-between; }
.exception-metadata h2, .exception-metadata h2 &gt; a { color: rgba(255, 255, 255, 0.8); font-size: 13px; font-weight: 400; margin: 0; }
.exception-http small { font-size: 13px; opacity: .7; }
.exception-hierarchy { flex: 1; }
.exception-hierarchy .icon { margin: 0 3px; opacity: .7; }
.exception-hierarchy .icon svg { height: 13px; width: 13px; vertical-align: -2px; }

.exception-without-message .exception-message-wrapper { display: none; }
.exception-message-wrapper .container { display: flex; align-items: flex-start; min-height: 70px; padding: 10px 15px 8px; }
.exception-message { flex-grow: 1; }
.exception-message, .exception-message a { color: #FFF; font-size: 21px; font-weight: 400; margin: 0; }
.exception-message.long { font-size: 18px; }
.exception-message a { border-bottom: 1px solid rgba(255, 255, 255, 0.5); font-size: inherit; text-decoration: none; }
.exception-message a:hover { border-bottom-color: #ffffff; }

.exception-illustration { flex-basis: 111px; flex-shrink: 0; height: 66px; margin-left: 15px; opacity: .7; }

.trace + .trace { margin-top: 30px; }
.trace-head { background-color: var(--base-2); padding: 10px; position: relative; }
.trace-head .trace-class { color: var(--base-6); font-size: 18px; font-weight: bold; line-height: 1.3; margin: 0; position: relative; }
.trace-head .trace-namespace { color: #999; display: block; font-size: 13px; }
.trace-head .icon { position: absolute; right: 0; top: 0; }
.trace-head .icon svg { fill: var(--base-5); height: 24px; width: 24px; }

.trace-details { background: var(--base-0); border: var(--border); box-shadow: 0px 0px 1px rgba(128, 128, 128, .2); margin: 1em 0; table-layout: fixed; }

.trace-message { font-size: 14px; font-weight: normal; margin: .5em 0 0; }

.trace-line { position: relative; padding-top: 8px; padding-bottom: 8px; }
.trace-line + .trace-line { border-top: var(--border); }
.trace-line:hover { background: var(--base-1); }
.trace-line a { color: var(--base-6); }
.trace-line .icon { opacity: .4; position: absolute; left: 10px; top: 11px; }
.trace-line .icon svg { fill: var(--base-5); height: 16px; width: 16px; }
.trace-line .icon.icon-copy { left: auto; top: auto; padding-left: 5px; display: none }
.trace-line:hover .icon.icon-copy:not(.hidden) { display: inline-block }
.trace-line-header { padding-left: 36px; padding-right: 10px; }

.trace-file-path, .trace-file-path a { color: var(--base-6); font-size: 13px; }
.trace-class { color: var(--color-error); }
.trace-type { padding: 0 2px; }
.trace-method { color: var(--color-error); font-weight: bold; }
.trace-arguments { color: #777; font-weight: normal; padding-left: 2px; }

.trace-code { background: var(--base-0); font-size: 12px; margin: 10px 10px 2px 10px; padding: 10px; overflow-x: auto; white-space: nowrap; }
.trace-code ol { margin: 0; float: left; }
.trace-code li { color: #969896; margin: 0; padding-left: 10px; float: left; width: 100%; }
.trace-code li + li { margin-top: 5px; }
.trace-code li.selected { background: var(--trace-selected-background); margin-top: 2px; }
.trace-code li code { color: var(--base-6); white-space: nowrap; }

.trace-as-text .stacktrace { line-height: 1.8; margin: 0 0 15px; white-space: pre-wrap; }

@media (min-width: 575px) {
    .hidden-xs-down { display: initial; }
    .help-link { margin-left: 30px; }
}&lt;/style&gt;
        &lt;style&gt;.sf-reset .traces {
    padding-bottom: 14px;
}
.sf-reset .traces li {
    font-size: 12px;
    color: #868686;
    padding: 5px 4px;
    list-style-type: decimal;
    margin-left: 20px;
}
.sf-reset #logs .traces li.error {
    font-style: normal;
    color: #AA3333;
    background: #f9ecec;
}
.sf-reset #logs .traces li.warning {
    font-style: normal;
    background: #ffcc00;
}
/* fix for Opera not liking empty &lt;li&gt; */
.sf-reset .traces li:after {
    content: "\00A0";
}
.sf-reset .trace {
    border: 1px solid #D3D3D3;
    padding: 10px;
    overflow: auto;
    margin: 10px 0 20px;
}
.sf-reset .block-exception {
    -moz-border-radius: 16px;
    -webkit-border-radius: 16px;
    border-radius: 16px;
    margin-bottom: 20px;
    background-color: #f6f6f6;
    border: 1px solid #dfdfdf;
    padding: 30px 28px;
    word-wrap: break-word;
    overflow: hidden;
}
.sf-reset .block-exception div {
    color: #313131;
    font-size: 10px;
}
.sf-reset .block-exception-detected .illustration-exception,
.sf-reset .block-exception-detected .text-exception {
    float: left;
}
.sf-reset .block-exception-detected .illustration-exception {
    width: 152px;
}
.sf-reset .block-exception-detected .text-exception {
    width: 670px;
    padding: 30px 44px 24px 46px;
    position: relative;
}
.sf-reset .text-exception .open-quote,
.sf-reset .text-exception .close-quote {
    font-family: Arial, Helvetica, sans-serif;
    position: absolute;
    color: #C9C9C9;
    font-size: 8em;
}
.sf-reset .open-quote {
    top: 0;
    left: 0;
}
.sf-reset .close-quote {
    bottom: -0.5em;
    right: 50px;
}
.sf-reset .block-exception p {
    font-family: Arial, Helvetica, sans-serif;
}
.sf-reset .block-exception p a,
.sf-reset .block-exception p a:hover {
    color: #565656;
}
.sf-reset .logs h2 {
    float: left;
    width: 654px;
}
.sf-reset .error-count, .sf-reset .support {
    float: right;
    width: 170px;
    text-align: right;
}
.sf-reset .error-count span {
    display: inline-block;
    background-color: #aacd4e;
    -moz-border-radius: 6px;
    -webkit-border-radius: 6px;
    border-radius: 6px;
    padding: 4px;
    color: white;
    margin-right: 2px;
    font-size: 11px;
    font-weight: bold;
}

.sf-reset .support a {
    display: inline-block;
    -moz-border-radius: 6px;
    -webkit-border-radius: 6px;
    border-radius: 6px;
    padding: 4px;
    color: #000000;
    margin-right: 2px;
    font-size: 11px;
    font-weight: bold;
}

.sf-reset .toggle {
    vertical-align: middle;
}
.sf-reset .linked ul,
.sf-reset .linked li {
    display: inline;
}
.sf-reset #output-content {
    color: #000;
    font-size: 12px;
}
.sf-reset #traces-text pre {
    white-space: pre;
    font-size: 12px;
    font-family: monospace;
}&lt;/style&gt;
    &lt;/head&gt;
    &lt;body&gt;
        &lt;script&gt;
            document.body.classList.add(
                localStorage.getItem('symfony/profiler/theme') || (matchMedia('(prefers-color-scheme: dark)').matches ? 'theme-dark' : 'theme-light')
            );
        &lt;/script&gt;

                    &lt;header&gt;
                &lt;div class="container"&gt;
                    &lt;h1 class="logo"&gt;&lt;svg xmlns="http://www.w3.org/2000/svg" width="24" height="24" viewBox="0 0 24 24"&gt;&lt;path fill="#FFF" d="M12 .9C5.8.9.9 5.8.9 12a11 11 0 1 0 22.2 0A11 11 0 0 0 12 .9zm6.5 6c-.6 0-.9-.3-.9-.8 0-.2 0-.4.2-.6l.2-.4c0-.3-.5-.4-.6-.4-1.8.1-2.3 2.5-2.7 4.4l-.2 1c1 .2 1.8 0 2.2-.3.6-.4-.2-.7-.1-1.2.1-.3.5-.5.7-.6.5 0 .7.5.7.9 0 .7-1 1.8-3 1.8l-.6-.1-.6 2.4c-.4 1.6-.8 3.8-2.4 5.7-1.4 1.7-2.9 1.9-3.5 1.9-1.2 0-1.9-.6-2-1.5 0-.8.7-1.3 1.2-1.3.6 0 1.1.5 1.1 1s-.2.6-.4.6c-.1.1-.3.2-.3.4 0 .1.1.3.4.3.5 0 .8-.3 1.1-.5 1.2-.9 1.6-2.7 2.2-5.7l.1-.7.7-3.2c-.8-.6-1.3-1.4-2.4-1.7-.6-.1-1.1.1-1.5.5-.4.5-.2 1.1.2 1.5l.7.6c.7.8 1.2 1.6 1 2.5-.3 1.5-2 2.6-4 1.9-1.8-.6-2-1.8-1.8-2.5.2-.6.6-.7 1.1-.6.5.2.6.7.6 1.2l-.1.3c-.2.1-.3.3-.3.4-.1.4.4.6.7.7.7.3 1.6-.2 1.8-.8a1 1 0 0 0-.4-1.1l-.7-.8c-.4-.4-1.1-1.4-.7-2.6.1-.5.4-.9.7-1.3a4 4 0 0 1 2.8-.6c1.2.4 1.8 1.1 2.6 1.8.5-1.2 1-2.4 1.8-3.5.9-.9 1.9-1.6 3.1-1.7 1.3.2 2.2.7 2.2 1.6 0 .4-.2 1.1-.9 1.1z"/&gt;&lt;/svg&gt; Symfony Exception&lt;/h1&gt;

                    &lt;div class="help-link"&gt;
                        &lt;a href="https://symfony.com/doc/6.0.2/index.html"&gt;
                            &lt;span class="icon"&gt;&lt;svg width="1792" height="1792" viewBox="0 0 1792 1792" xmlns="http://www.w3.org/2000/svg"&gt;&lt;path fill="#FFF" d="M1703 478q40 57 18 129l-275 906q-19 64-76.5 107.5T1247 1664H324q-77 0-148.5-53.5T76 1479q-24-67-2-127 0-4 3-27t4-37q1-8-3-21.5t-3-19.5q2-11 8-21t16.5-23.5T116 1179q23-38 45-91.5t30-91.5q3-10 .5-30t-.5-28q3-11 17-28t17-23q21-36 42-92t25-90q1-9-2.5-32t.5-28q4-13 22-30.5t22-22.5q19-26 42.5-84.5T404 411q1-8-3-25.5t-2-26.5q2-8 9-18t18-23 17-21q8-12 16.5-30.5t15-35 16-36 19.5-32 26.5-23.5 36-11.5T620 134l-1 3q38-9 51-9h761q74 0 114 56t18 130l-274 906q-36 119-71.5 153.5T1089 1408H220q-27 0-38 15-11 16-1 43 24 70 144 70h923q29 0 56-15.5t35-41.5l300-987q7-22 5-57 38 15 59 43zm-1064 2q-4 13 2 22.5t20 9.5h608q13 0 25.5-9.5T1311 480l21-64q4-13-2-22.5t-20-9.5H702q-13 0-25.5 9.5T660 416zm-83 256q-4 13 2 22.5t20 9.5h608q13 0 25.5-9.5T1228 736l21-64q4-13-2-22.5t-20-9.5H619q-13 0-25.5 9.5T577 672z"/&gt;&lt;/svg&gt;&lt;/span&gt;
                            &lt;span class="hidden-xs-down"&gt;Symfony&lt;/span&gt; Docs
                        &lt;/a&gt;
                    &lt;/div&gt;
                &lt;/div&gt;
            &lt;/header&gt;
        
        &lt;div class="exception-summary "&gt;
    &lt;div class="exception-metadata"&gt;
        &lt;div class="container"&gt;
            &lt;h2 class="exception-hierarchy"&gt;
                                    &lt;a href="#trace-box-3"&gt;&lt;abbr title="PDOException"&gt;PDOException&lt;/abbr&gt;&lt;/a&gt;
                    &lt;span class="icon"&gt;&lt;svg width="1792" height="1792" viewBox="0 0 1792 1792" xmlns="http://www.w3.org/2000/svg"&gt;&lt;path fill="#FFF" d="M1363 877l-742 742q-19 19-45 19t-45-19l-166-166q-19-19-19-45t19-45l531-531-531-531q-19-19-19-45t19-45L531 45q19-19 45-19t45 19l742 742q19 19 19 45t-19 45z"/&gt;&lt;/svg&gt;&lt;/span&gt;
                                    &lt;a href="#trace-box-2"&gt;&lt;abbr title="Doctrine\DBAL\Driver\PDO\Exception"&gt;Exception&lt;/abbr&gt;&lt;/a&gt;
                    &lt;span class="icon"&gt;&lt;svg width="1792" height="1792" viewBox="0 0 1792 1792" xmlns="http://www.w3.org/2000/svg"&gt;&lt;path fill="#FFF" d="M1363 877l-742 742q-19 19-45 19t-45-19l-166-166q-19-19-19-45t19-45l531-531-531-531q-19-19-19-45t19-45L531 45q19-19 45-19t45 19l742 742q19 19 19 45t-19 45z"/&gt;&lt;/svg&gt;&lt;/span&gt;
                                &lt;a href="#trace-box-1"&gt;&lt;abbr title="Doctrine\DBAL\Exception\ConnectionException"&gt;ConnectionException&lt;/abbr&gt;&lt;/a&gt;
            &lt;/h2&gt;
            &lt;h2 class="exception-http"&gt;
                HTTP 500 &lt;small&gt;Internal Server Error&lt;/small&gt;
            &lt;/h2&gt;
        &lt;/div&gt;
    &lt;/div&gt;

    &lt;div class="exception-message-wrapper"&gt;
        &lt;div class="container"&gt;
            &lt;h1 class="break-long-words exception-message"&gt;An exception occurred in the driver: SQLSTATE[HY000] [1049] Unknown database 'crud04_test'&lt;/h1&gt;

            &lt;div class="exception-illustration hidden-xs-down"&gt;
                &lt;svg viewBox="0 0 136 81" xmlns="http://www.w3.org/2000/svg" fill-rule="evenodd" clip-rule="evenodd" stroke-linejoin="round" stroke-miterlimit="1.4"&gt;&lt;path d="M92.4 20.4a23.2 23.2 0 0 1 9 1.9 23.7 23.7 0 0 1 5.2 3 24.3 24.3 0 0 1 3.4 3.4 24.8 24.8 0 0 1 5 9.4c.5 1.7.8 3.4 1 5.2v14.5h.4l.5.2a7.4 7.4 0 0 0 2.5.2l.2-.2.6-.8.8-1.3-.2-.1a5.5 5.5 0 0 1-.8-.3 5.6 5.6 0 0 1-2.3-1.8 5.7 5.7 0 0 1-.9-1.6 6.5 6.5 0 0 1-.2-2.8 7.3 7.3 0 0 1 .5-2l.3-.3.8-.9.3-.3c.2-.2.5-.3.8-.3H120.7c.2 0 .3-.1.4 0h.4l.2.1.3.2.2-.4.3-.4.1-.1 1.2-1 .3-.2.4-.1.4-.1h.3l1.5.1.4.1.8.5.1.2 1 1.1v.2H129.4l.4-.2 1.4-.5h1.1c.3 0 .7.2 1 .4.2 0 .3.2.5.3l.2.2.5.3.4.6.1.3.4 1.4.1.4v.6a7.8 7.8 0 0 1-.1.6 9.9 9.9 0 0 1-.8 2.4 7.8 7.8 0 0 1-3 3.3 6.4 6.4 0 0 1-1 .5 6.1 6.1 0 0 1-.6.2l-.7.1h-.1a23.4 23.4 0 0 1-.2 1.7 14.3 14.3 0 0 1-.6 2.1l-.8 2a9.2 9.2 0 0 1-.4.6l-.7 1a9.1 9.1 0 0 1-2.3 2.2c-.9.5-2 .6-3 .7l-1.4.1h-.5l-.4.1a15.8 15.8 0 0 1-2.8-.1v4.2a9.7 9.7 0 0 1-.7 3.5 9.6 9.6 0 0 1-1.7 2.8 9.3 9.3 0 0 1-3 2.3 9 9 0 0 1-5.4.7 9 9 0 0 1-3-1 9.4 9.4 0 0 1-2.7-2.5 10 10 0 0 1-1 1.2 9.3 9.3 0 0 1-2 1.3 9 9 0 0 1-2.4 1 9 9 0 0 1-6.5-1.1A9.4 9.4 0 0 1 85 77V77a10.9 10.9 0 0 1-.6.6 9.3 9.3 0 0 1-2.7 2 9 9 0 0 1-6 .8 9 9 0 0 1-2.4-1 9.3 9.3 0 0 1-2.3-1.7 9.6 9.6 0 0 1-1.8-2.8 9.7 9.7 0 0 1-.8-3.7v-4a18.5 18.5 0 0 1-2.9.2l-1.2-.1c-1.9-.3-3.7-1-5.1-2.2a8.2 8.2 0 0 1-1.1-1 10.2 10.2 0 0 1-.9-1.2 15.3 15.3 0 0 1-.7-1.3 20.8 20.8 0 0 1-1.9-6.2v-.2a6.5 6.5 0 0 1-1-.3 6.1 6.1 0 0 1-.6-.3 6.6 6.6 0 0 1-.9-.6 8.2 8.2 0 0 1-2.7-3.7 10 10 0 0 1-.3-1 10.3 10.3 0 0 1-.3-1.9V47v-.4l.1-.4.6-1.4.1-.2a2 2 0 0 1 .8-.8l.3-.2.3-.2a3.2 3.2 0 0 1 1.8-.5h.4l.3.2 1.4.6.2.2.4.3.3.4.7-.7.2-.2.4-.2.6-.2h2.1l.4.2.4.2.3.2.8 1 .2-.1h.1v-.1H63l1.1.1h.3l.8.5.3.4.7 1 .2.3.1.5a11 11 0 0 1 .2 1.5c0 .8 0 1.6-.3 2.3a6 6 0 0 1-.5 1.2 5.5 5.5 0 0 1-3.3 2.5 12.3 12.3 0 0 0 1.4 3h.1l.2.1 1 .2h1.5l.5-.2H67.8l.5-.2h.1V44v-.4a26.7 26.7 0 0 1 .3-2.3 24.7 24.7 0 0 1 5.7-12.5 24.2 24.2 0 0 1 3.5-3.3 23.7 23.7 0 0 1 4.9-3 23.2 23.2 0 0 1 5.6-1.7 23.7 23.7 0 0 1 4-.3zm-.3 2a21.2 21.2 0 0 0-8 1.7 21.6 21.6 0 0 0-4.8 2.7 22.2 22.2 0 0 0-3.2 3 22.7 22.7 0 0 0-5 9.2 23.4 23.4 0 0 0-.7 4.9v15.7l-.5.1a34.3 34.3 0 0 1-1.5.3h-.2l-.4.1h-.4l-.9.2a10 10 0 0 1-1.9 0c-.5 0-1-.2-1.5-.4a1.8 1.8 0 0 1-.3-.2 2 2 0 0 1-.3-.3 5.2 5.2 0 0 1-.1-.2 9 9 0 0 1-.6-.9 13.8 13.8 0 0 1-1-2 14.3 14.3 0 0 1-.6-2 14 14 0 0 1-.1-.8v-.2h.3a12.8 12.8 0 0 0 1.4-.2 4.4 4.4 0 0 0 .3 0 3.6 3.6 0 0 0 1.1-.7 3.4 3.4 0 0 0 1.2-1.7l.2-1.2a5.1 5.1 0 0 0 0-.8 7.2 7.2 0 0 0-.1-.8l-.7-1-1.2-.2-1 .7-.1 1.3a5 5 0 0 1 .1.4v.6a1 1 0 0 1 0 .3c-.1.3-.4.4-.7.5l-1.2.4v-.7A9.9 9.9 0 0 1 60 49l.3-.6v-.2l.1-.1v-1.6l-1-1.2h-1.5l-1 1.1v.4a5.3 5.3 0 0 0-.2.6 5.5 5.5 0 0 0 0 .5c0 .7 0 1.4.3 2 0 .4.2.8.4 1.2L57 51a9.5 9.5 0 0 1-1.1-.5h-.2a2 2 0 0 1-.4-.3c-.4-.4-.5-1-.6-1.6a5.6 5.6 0 0 1 0-.5v-.5-.5l-.6-1.5-1.4-.6-.9.3s-.2 0-.3.2a2 2 0 0 1-.1 0l-.6 1.4v.7a8.5 8.5 0 0 0 .5 2c.4 1.1 1 2.1 2 2.8a4.7 4.7 0 0 0 2.1.9h1a22.8 22.8 0 0 0 .1 1 18.1 18.1 0 0 0 .8 3.8 18.2 18.2 0 0 0 1.6 3.7l1 1.3c1 1 2.3 1.6 3.7 2a11.7 11.7 0 0 0 4.8 0h.4l.5-.2.5-.1.6-.2v6.6a8 8 0 0 0 .1 1.3 7.5 7.5 0 0 0 2.4 4.3 7.2 7.2 0 0 0 2.3 1.3 7 7 0 0 0 7-1.1 7.5 7.5 0 0 0 2-2.6A7.7 7.7 0 0 0 85 72V71a8.2 8.2 0 0 0 .2 1.3c0 .7.3 1.4.6 2a7.5 7.5 0 0 0 1.7 2.3 7.3 7.3 0 0 0 2.2 1.4 7.1 7.1 0 0 0 4.6.2 7.2 7.2 0 0 0 2.4-1.2 7.5 7.5 0 0 0 2.1-2.7 7.8 7.8 0 0 0 .7-2.4V71a9.3 9.3 0 0 0 .1.6 7.6 7.6 0 0 0 .6 2.5 7.5 7.5 0 0 0 2.4 3 7.1 7.1 0 0 0 7 .8 7.3 7.3 0 0 0 2.3-1.5 7.5 7.5 0 0 0 1.6-2.3 7.6 7.6 0 0 0 .5-2l.1-1.1v-6.7l.4.1a12.2 12.2 0 0 0 2 .5 11.1 11.1 0 0 0 2.5 0h.8l1.2-.1a9.5 9.5 0 0 0 1.4-.2l.9-.3a3.5 3.5 0 0 0 .6-.4l1.2-1.4a12.2 12.2 0 0 0 .8-1.2c0-.3.2-.5.3-.7a15.9 15.9 0 0 0 .7-2l.3-1.6v-1.3l.2-.9V54.6a15.5 15.5 0 0 0 1.8 0 4.5 4.5 0 0 0 1.4-.5 5.7 5.7 0 0 0 2.5-3.2 7.6 7.6 0 0 0 .4-1.5v-.3l-.4-1.4a5.2 5.2 0 0 1-.2-.1l-.4-.4a3.8 3.8 0 0 0-.2 0 1.4 1.4 0 0 0-.5-.2l-1.4.4-.7 1.3v.7a5.7 5.7 0 0 1-.1.8l-.7 1.4a1.9 1.9 0 0 1-.5.3h-.3a9.6 9.6 0 0 1-.8.3 8.8 8.8 0 0 1-.6 0l.2-.4.2-.5.2-.3v-.4l.1-.2V50l.1-1 .1-.6v-.6a4.8 4.8 0 0 0 0-.8v-.2l-1-1.1-1.5-.2-1.1 1-.2 1.4v.1l.2.4.2.3v.4l.1 1.1v.3l.1.5v.8a9.6 9.6 0 0 1-.8-.3l-.2-.1h-.3l-.8-.1h-.2a1.6 1.6 0 0 1-.2-.2.9.9 0 0 1-.2-.2 1 1 0 0 1-.1-.5l.2-.9v-1.2l-.9-.8h-1.2l-.8.9v.3a4.8 4.8 0 0 0-.3 2l.3.9a3.5 3.5 0 0 0 1.2 1.6l1 .5.8.2 1.4.1h.4l.2.1a12.1 12.1 0 0 1-1 2.6 13.2 13.2 0 0 1-.8 1.5 9.5 9.5 0 0 1-1 1.2l-.2.3a1.7 1.7 0 0 1-.4.3 2.4 2.4 0 0 1-.7.2h-2.5a7.8 7.8 0 0 1-.6-.2l-.7-.2h-.2a14.8 14.8 0 0 1-.6-.2 23.4 23.4 0 0 1-.4-.1l-.4-.1-.3-.1V43.9a34.6 34.6 0 0 0 0-.6 23.6 23.6 0 0 0-.4-3 22.7 22.7 0 0 0-1.5-4.7 22.6 22.6 0 0 0-4.6-6.7 21.9 21.9 0 0 0-6.9-4.7 21.2 21.2 0 0 0-8.1-1.8H92zm9.1 33.7l.3.1a1 1 0 0 1 .6.8v.4a8.4 8.4 0 0 1 0 .5 8.8 8.8 0 0 1-1.6 4.2l-1 1.3A10 10 0 0 1 95 66c-1.3.3-2.7.4-4 .3a10.4 10.4 0 0 1-2.7-.8 10 10 0 0 1-3.6-2.5 9.3 9.3 0 0 1-.8-1 9 9 0 0 1-.7-1.2 8.6 8.6 0 0 1-.8-3.4V57a1 1 0 0 1 .3-.6 1 1 0 0 1 1.3-.2 1 1 0 0 1 .4.8v.4a6.5 6.5 0 0 0 .5 2.2 7 7 0 0 0 2.1 2.8l1 .6c2.6 1.6 6 1.6 8.5 0a8 8 0 0 0 1.1-.6 7.6 7.6 0 0 0 1.2-1.2 7 7 0 0 0 1-1.7 6.5 6.5 0 0 0 .4-2.5 1 1 0 0 1 .7-1h.4zM30.7 43.7c-15.5 1-28.5-6-30.1-16.4C-1.2 15.7 11.6 4 29 1.3 46.6-1.7 62.3 5.5 64 17.1c1.6 10.4-8.7 21-23.7 25a31.2 31.2 0 0 0 0 .9v.3a19 19 0 0 0 .1 1l.1.4.1.9a4.7 4.7 0 0 0 .5 1l.7 1a9.2 9.2 0 0 0 1.2 1l1.5.8.6.8-.7.6-1.1.3a11.2 11.2 0 0 1-2.6.4 8.6 8.6 0 0 1-3-.5 8.5 8.5 0 0 1-1-.4 11.2 11.2 0 0 1-1.8-1.2 13.3 13.3 0 0 1-1-1 18 18 0 0 1-.7-.6l-.4-.4a23.4 23.4 0 0 1-1.3-1.8l-.1-.1-.3-.5V45l-.3-.6v-.7zM83.1 36c3.6 0 6.5 3.2 6.5 7.1 0 4-3 7.2-6.5 7.2S76.7 47 76.7 43 79.6 36 83 36zm18 0c3.6 0 6.5 3.2 6.5 7.1 0 4-2.9 7.2-6.4 7.2S94.7 47 94.7 43s3-7.1 6.5-7.1zm-18 6.1c2 0 3.5 1.6 3.5 3.6S85 49.2 83 49.2s-3.4-1.6-3.4-3.6S81.2 42 83 42zm17.9 0c1.9 0 3.4 1.6 3.4 3.6s-1.5 3.6-3.4 3.6c-2 0-3.5-1.6-3.5-3.6S99.1 42 101 42zM17 28c-.3 1.6-1.8 5-5.2 5.8-2.5.6-4.1-.8-4.5-2.6-.4-1.9.7-3.5 2.1-4.5A3.5 3.5 0 0 1 8 24.6c-.4-2 .8-3.7 3.2-4.2 1.9-.5 3.1.2 3.4 1.5.3 1.1-.5 2.2-1.8 2.5-.9.3-1.6 0-1.7-.6a1.4 1.4 0 0 1 0-.7s.3.2 1 0c.7-.1 1-.7.9-1.2-.2-.6-1-.8-1.8-.6-1 .2-2 1-1.7 2.6.3 1 .9 1.6 1.5 1.8l.7-.2c1-.2 1.5 0 1.6.5 0 .4-.2 1-1.2 1.2a3.3 3.3 0 0 1-1.5 0c-.9.7-1.6 1.9-1.3 3.2.3 1.3 1.3 2.2 3 1.8 2.5-.7 3.8-3.7 4.2-5-.3-.5-.6-1-.7-1.6-.1-.5.1-1 .9-1.2.4 0 .7.2.8.8a2.8 2.8 0 0 1 0 1l.7 1c.6-2 1.4-4 1.7-4 .6-.2 1.5.6 1.5.6-.8.7-1.7 2.4-2.3 4.2.8.6 1.6 1 2.1 1 .5-.1.8-.6 1-1.2-.3-2.2 1-4.3 2.3-4.6.7-.2 1.3.2 1.4.8.1.5 0 1.3-.9 1.7-.2-1-.6-1.3-1-1.3-.4.1-.7 1.4-.4 2.8.2 1 .7 1.5 1.3 1.4.8-.2 1.3-1.2 1.7-2.1-.3-2.1.9-4.2 2.2-4.5.7-.2 1.2.1 1.4 1 .4 1.4-1 2.8-2.2 3.4.3.7.7 1 1.3.9 1-.3 1.6-1.5 2-2.5l-.5-3v-.3s1.6-.3 1.8.6v.1c.2-.6.7-1.2 1.3-1.4.8-.1 1.5.6 1.7 1.6.5 2.2-.5 4.4-1.8 4.7H33a31.9 31.9 0 0 0 1 5.2c-.4.1-1.8.4-2-.4l-.5-5.6c-.5 1-1.3 2.2-2.5 2.4-1 .3-1.6-.3-2-1.1-.5 1-1.3 2.1-2.4 2.4-.8.2-1.5-.1-2-1-.3.8-.9 1.5-1.5 1.7-.7.1-1.5-.3-2.4-1-.3.8-.4 1.6-.4 2.2 0 0-.7 0-.8-.4-.1-.5 0-1.5.3-2.7a10.3 10.3 0 0 1-.7-.8zm38.2-17.8l.2.9c.5 1.9.4 4.4.8 6.4 0 .6-.4 3-1.4 3.3-.2 0-.3 0-.4-.4-.1-.7 0-1.6-.3-2.6-.2-1.1-.8-1.6-1.5-1.5-.8.2-1.3 1-1.6 2l-.1-.5c-.2-1-1.8-.6-1.8-.6a6.2 6.2 0 0 1 .4 1.3l.2 1c-.2.5-.6 1-1.2 1l-.2.1a7 7 0 0 0-.1-.8c-.3-1.1-1-2-1.6-1.8a.7.7 0 0 0-.4.3c-1.3.3-2.4 2-2.1 3.9-.2.9-.6 1.7-1 1.9-.5 0-.8-.5-1.1-1.8l-.1-1.2a4 4 0 0 0 0-1.7c0-.4-.4-.7-.8-.6-.7.2-.9 1.7-.5 3.8-.2 1-.6 2-1.3 2-.4.2-.8-.2-1-1l-.2-3c1.2-.5 2-1 1.8-1.7-.1-.5-.8-.7-.8-.7s0 .7-1 1.2l-.2-1.4c-.1-.6-.4-1-1.7-.6l.4 1 .2 1.5h-1v.8c0 .3.4.3 1 .2 0 1.3 0 2.7.2 3.6.3 1.4 1.2 2 2 1.7 1-.2 1.6-1.3 2-2.3.3 1.2 1 2 1.9 1.7.7-.2 1.2-1.1 1.6-2.2.4.8 1.1 1.1 2 1 1.2-.4 1.7-1.6 1.8-2.8h.2c.6-.2 1-.6 1.3-1 0 .8 0 1.5.2 2.1.1.5.3.7.6.6.5-.1 1-.9 1-.9a4 4 0 0 1-.3-1c-.3-1.3.3-3.6 1-3.7.2 0 .3.2.5.7v.8l.2 1.5v.7c.2.7.7 1.3 1.5 1 1.3-.2 2-2.6 2.1-3.9.3.2.6.2 1 .1-.6-2.2 0-6.1-.3-7.9-.1-.4-1-.5-1.7-.5h-.4zm-21.5 12c.4 0 .7.3 1 1.1.2 1.3-.3 2.6-.9 2.8-.2 0-.7 0-1-1.2v-.4c0-1.3.4-2 1-2.2zm-5.2 1c.3 0 .6.2.6.5.2.6-.3 1.3-1.2 2-.3-1.4.1-2.3.6-2.5zm18-.4c-.5.2-1-.4-1.2-1.2-.2-1 0-2.1.7-2.5v.5c.2.7.6 1.5 1.3 1.9 0 .7-.2 1.2-.7 1.3zm10-1.6c0 .5.4.7 1 .6.8-.2 1-1 .8-1.6 0-.5-.4-1-1-.8-.5.1-1 .9-.8 1.8zm-14.3-5.5c0-.4-.5-.7-1-.5-.8.2-1 1-.9 1.5.2.6.5 1 1 .8.5 0 1.1-1 1-1.8z" fill="#fff" fill-opacity=".6"/&gt;&lt;/svg&gt;            &lt;/div&gt;
        &lt;/div&gt;
    &lt;/div&gt;
&lt;/div&gt;

&lt;div class="container"&gt;
    &lt;div class="sf-tabs"&gt;
        &lt;div class="tab"&gt;
                        &lt;h3 class="tab-title"&gt;
                                    Exceptions &lt;span class="badge"&gt;3&lt;/span&gt;
                            &lt;/h3&gt;

            &lt;div class="tab-content"&gt;
                &lt;div class="trace trace-as-html" id="trace-box-1"&gt;
    &lt;div class="trace-details"&gt;
        &lt;div class="trace-head"&gt;
            &lt;div class="sf-toggle" data-toggle-selector="#trace-html-1" data-toggle-initial="display"&gt;
                &lt;span class="icon icon-close"&gt;&lt;svg width="1792" height="1792" viewBox="0 0 1792 1792" xmlns="http://www.w3.org/2000/svg"&gt;&lt;path d="M1344 800v64q0 14-9 23t-23 9H480q-14 0-23-9t-9-23v-64q0-14 9-23t23-9h832q14 0 23 9t9 23zm128 448V416q0-66-47-113t-113-47H480q-66 0-113 47t-47 113v832q0 66 47 113t113 47h832q66 0 113-47t47-113zm128-832v832q0 119-84.5 203.5T1312 1536H480q-119 0-203.5-84.5T192 1248V416q0-119 84.5-203.5T480 128h832q119 0 203.5 84.5T1600 416z"/&gt;&lt;/svg&gt;&lt;/span&gt;
                &lt;span class="icon icon-open"&gt;&lt;svg width="1792" height="1792" viewBox="0 0 1792 1792" xmlns="http://www.w3.org/2000/svg"&gt;&lt;path d="M1344 800v64q0 14-9 23t-23 9H960v352q0 14-9 23t-23 9h-64q-14 0-23-9t-9-23V896H480q-14 0-23-9t-9-23v-64q0-14 9-23t23-9h352V416q0-14 9-23t23-9h64q14 0 23 9t9 23v352h352q14 0 23 9t9 23zm128 448V416q0-66-47-113t-113-47H480q-66 0-113 47t-47 113v832q0 66 47 113t113 47h832q66 0 113-47t47-113zm128-832v832q0 119-84.5 203.5T1312 1536H480q-119 0-203.5-84.5T192 1248V416q0-119 84.5-203.5T480 128h832q119 0 203.5 84.5T1600 416z"/&gt;&lt;/svg&gt;&lt;/span&gt;
                                                    &lt;h3 class="trace-class"&gt;
                                                    &lt;span class="trace-namespace"&gt;Doctrine\DBAL\Exception\&lt;/span&gt;
                                                ConnectionException                    &lt;/h3&gt;
                                            &lt;/div&gt;
        &lt;/div&gt;

        &lt;div id="trace-html-1" class="sf-toggle-content"&gt;
                    &lt;div class="trace-line "&gt;
                &lt;div class="trace-line-header break-long-words sf-toggle" data-toggle-selector="#trace-html-1-0" data-toggle-initial="display"&gt;
            &lt;span class="icon icon-close"&gt;&lt;svg width="1792" height="1792" viewBox="0 0 1792 1792" xmlns="http://www.w3.org/2000/svg"&gt;&lt;path d="M1408 960V832q0-26-19-45t-45-19H448q-26 0-45 19t-19 45v128q0 26 19 45t45 19h896q26 0 45-19t19-45zm256-544v960q0 119-84.5 203.5T1376 1664H416q-119 0-203.5-84.5T128 1376V416q0-119 84.5-203.5T416 128h960q119 0 203.5 84.5T1664 416z"/&gt;&lt;/svg&gt;&lt;/span&gt;
        &lt;span class="icon icon-open"&gt;&lt;svg width="1792" height="1792" viewBox="0 0 1792 1792" xmlns="http://www.w3.org/2000/svg"&gt;&lt;path d="M1408 960V832q0-26-19-45t-45-19h-320V448q0-26-19-45t-45-19H832q-26 0-45 19t-19 45v320H448q-26 0-45 19t-19 45v128q0 26 19 45t45 19h320v320q0 26 19 45t45 19h128q26 0 45-19t19-45v-320h320q26 0 45-19t19-45zm256-544v960q0 119-84.5 203.5T1376 1664H416q-119 0-203.5-84.5T128 1376V416q0-119 84.5-203.5T416 128h960q119 0 203.5 84.5T1664 416z"/&gt;&lt;/svg&gt;&lt;/span&gt;
    
    
                    &lt;span class="block trace-file-path"&gt;
            in
            &lt;a href=""&gt;
                C:\Users\eman\Documents\GitHub\car_dealer\vendor\doctrine\dbal\src\Driver\API\MySQL\&lt;strong&gt;ExceptionConverter.php&lt;/strong&gt;
            &lt;/a&gt;
                        (line 103)
            &lt;span class="icon icon-copy hidden" data-clipboard-text="C:\Users\eman\Documents\GitHub\car_dealer\vendor\doctrine\dbal\src\Driver\API\MySQL\ExceptionConverter.php:103"&gt;
                &lt;svg xmlns="http://www.w3.org/2000/svg" height="24" viewBox="0 0 24 24" width="24"&gt;&lt;path d="M0 0h24v24H0z" fill="none"/&gt;&lt;path d="M16 1H4c-1.1 0-2 .9-2 2v14h2V3h12V1zm3 4H8c-1.1 0-2 .9-2 2v14c0 1.1.9 2 2 2h11c1.1 0 2-.9 2-2V7c0-1.1-.9-2-2-2zm0 16H8V7h11v14z"/&gt;&lt;/svg&gt;            &lt;/span&gt;
        &lt;/span&gt;
    &lt;/div&gt;
    &lt;div id="trace-html-1-0" class="trace-code sf-toggle-content"&gt;
        &lt;ol start="98"&gt;&lt;li&gt;&lt;code&gt;&lt;span style="color: var(--highlight-keyword)"&gt;&amp;nbsp;&amp;nbsp;&amp;nbsp;&amp;nbsp;&amp;nbsp;&amp;nbsp;&amp;nbsp;&amp;nbsp;&amp;nbsp;&amp;nbsp;&amp;nbsp;&amp;nbsp;case&amp;nbsp;&lt;/span&gt;&lt;span style="color: var(--highlight-default)"&gt;1370&lt;/span&gt;&lt;span style="color: var(--highlight-keyword)"&gt;:&lt;/span&gt;&lt;/code&gt;&lt;/li&gt;
&lt;li&gt;&lt;code&gt;&lt;span style="color: var(--highlight-keyword)"&gt;&amp;nbsp;&amp;nbsp;&amp;nbsp;&amp;nbsp;&amp;nbsp;&amp;nbsp;&amp;nbsp;&amp;nbsp;&amp;nbsp;&amp;nbsp;&amp;nbsp;&amp;nbsp;case&amp;nbsp;&lt;/span&gt;&lt;span style="color: var(--highlight-default)"&gt;1429&lt;/span&gt;&lt;span style="color: var(--highlight-keyword)"&gt;:&lt;/span&gt;&lt;/code&gt;&lt;/li&gt;
&lt;li&gt;&lt;code&gt;&lt;span style="color: var(--highlight-keyword)"&gt;&amp;nbsp;&amp;nbsp;&amp;nbsp;&amp;nbsp;&amp;nbsp;&amp;nbsp;&amp;nbsp;&amp;nbsp;&amp;nbsp;&amp;nbsp;&amp;nbsp;&amp;nbsp;case&amp;nbsp;&lt;/span&gt;&lt;span style="color: var(--highlight-default)"&gt;2002&lt;/span&gt;&lt;span style="color: var(--highlight-keyword)"&gt;:&lt;/span&gt;&lt;/code&gt;&lt;/li&gt;
&lt;li&gt;&lt;code&gt;&lt;span style="color: var(--highlight-keyword)"&gt;&amp;nbsp;&amp;nbsp;&amp;nbsp;&amp;nbsp;&amp;nbsp;&amp;nbsp;&amp;nbsp;&amp;nbsp;&amp;nbsp;&amp;nbsp;&amp;nbsp;&amp;nbsp;case&amp;nbsp;&lt;/span&gt;&lt;span style="color: var(--highlight-default)"&gt;2005&lt;/span&gt;&lt;span style="color: var(--highlight-keyword)"&gt;:&lt;/span&gt;&lt;/code&gt;&lt;/li&gt;
&lt;li&gt;&lt;code&gt;&lt;span style="color: var(--highlight-keyword)"&gt;&amp;nbsp;&amp;nbsp;&amp;nbsp;&amp;nbsp;&amp;nbsp;&amp;nbsp;&amp;nbsp;&amp;nbsp;&amp;nbsp;&amp;nbsp;&amp;nbsp;&amp;nbsp;case&amp;nbsp;&lt;/span&gt;&lt;span style="color: var(--highlight-default)"&gt;2054&lt;/span&gt;&lt;span style="color: var(--highlight-keyword)"&gt;:&lt;/span&gt;&lt;/code&gt;&lt;/li&gt;
&lt;li class="selected"&gt;&lt;code&gt;&lt;span style="color: var(--highlight-keyword)"&gt;&amp;nbsp;&amp;nbsp;&amp;nbsp;&amp;nbsp;&amp;nbsp;&amp;nbsp;&amp;nbsp;&amp;nbsp;&amp;nbsp;&amp;nbsp;&amp;nbsp;&amp;nbsp;&amp;nbsp;&amp;nbsp;&amp;nbsp;&amp;nbsp;return&amp;nbsp;new&amp;nbsp;&lt;/span&gt;&lt;span style="color: var(--highlight-default)"&gt;ConnectionException&lt;/span&gt;&lt;span style="color: var(--highlight-keyword)"&gt;(&lt;/span&gt;&lt;span style="color: var(--highlight-default)"&gt;$exception&lt;/span&gt;&lt;span style="color: var(--highlight-keyword)"&gt;,&amp;nbsp;&lt;/span&gt;&lt;span style="color: var(--highlight-default)"&gt;$query&lt;/span&gt;&lt;span style="color: var(--highlight-keyword)"&gt;);&lt;/span&gt;&lt;/code&gt;&lt;/li&gt;
&lt;li&gt;&lt;code&gt;&lt;span style="color: var(--highlight-keyword)"&gt;&lt;/span&gt;&lt;/code&gt;&lt;/li&gt;
&lt;li&gt;&lt;code&gt;&lt;span style="color: var(--highlight-keyword)"&gt;&amp;nbsp;&amp;nbsp;&amp;nbsp;&amp;nbsp;&amp;nbsp;&amp;nbsp;&amp;nbsp;&amp;nbsp;&amp;nbsp;&amp;nbsp;&amp;nbsp;&amp;nbsp;case&amp;nbsp;&lt;/span&gt;&lt;span style="color: var(--highlight-default)"&gt;2006&lt;/span&gt;&lt;span style="color: var(--highlight-keyword)"&gt;:&lt;/span&gt;&lt;/code&gt;&lt;/li&gt;
&lt;li&gt;&lt;code&gt;&lt;span style="color: var(--highlight-keyword)"&gt;&amp;nbsp;&amp;nbsp;&amp;nbsp;&amp;nbsp;&amp;nbsp;&amp;nbsp;&amp;nbsp;&amp;nbsp;&amp;nbsp;&amp;nbsp;&amp;nbsp;&amp;nbsp;&amp;nbsp;&amp;nbsp;&amp;nbsp;&amp;nbsp;return&amp;nbsp;new&amp;nbsp;&lt;/span&gt;&lt;span style="color: var(--highlight-default)"&gt;ConnectionLost&lt;/span&gt;&lt;span style="color: var(--highlight-keyword)"&gt;(&lt;/span&gt;&lt;span style="color: var(--highlight-default)"&gt;$exception&lt;/span&gt;&lt;span style="color: var(--highlight-keyword)"&gt;,&amp;nbsp;&lt;/span&gt;&lt;span style="color: var(--highlight-default)"&gt;$query&lt;/span&gt;&lt;span style="color: var(--highlight-keyword)"&gt;);&lt;/span&gt;&lt;/code&gt;&lt;/li&gt;
&lt;li&gt;&lt;code&gt;&lt;span style="color: var(--highlight-keyword)"&gt;&lt;/span&gt;&lt;/code&gt;&lt;/li&gt;
&lt;li&gt;&lt;code&gt;&lt;span style="color: var(--highlight-keyword)"&gt;&amp;nbsp;&amp;nbsp;&amp;nbsp;&amp;nbsp;&amp;nbsp;&amp;nbsp;&amp;nbsp;&amp;nbsp;&amp;nbsp;&amp;nbsp;&amp;nbsp;&amp;nbsp;case&amp;nbsp;&lt;/span&gt;&lt;span style="color: var(--highlight-default)"&gt;1048&lt;/span&gt;&lt;span style="color: var(--highlight-keyword)"&gt;:&lt;/span&gt;&lt;/code&gt;&lt;/li&gt;&lt;/ol&gt;    &lt;/div&gt;            &lt;/div&gt;
                        &lt;div class="trace-line "&gt;
                &lt;div class="trace-line-header break-long-words sf-toggle" data-toggle-selector="#trace-html-1-1" data-toggle-initial=""&gt;
            &lt;span class="icon icon-close"&gt;&lt;svg width="1792" height="1792" viewBox="0 0 1792 1792" xmlns="http://www.w3.org/2000/svg"&gt;&lt;path d="M1408 960V832q0-26-19-45t-45-19H448q-26 0-45 19t-19 45v128q0 26 19 45t45 19h896q26 0 45-19t19-45zm256-544v960q0 119-84.5 203.5T1376 1664H416q-119 0-203.5-84.5T128 1376V416q0-119 84.5-203.5T416 128h960q119 0 203.5 84.5T1664 416z"/&gt;&lt;/svg&gt;&lt;/span&gt;
        &lt;span class="icon icon-open"&gt;&lt;svg width="1792" height="1792" viewBox="0 0 1792 1792" xmlns="http://www.w3.org/2000/svg"&gt;&lt;path d="M1408 960V832q0-26-19-45t-45-19h-320V448q0-26-19-45t-45-19H832q-26 0-45 19t-19 45v320H448q-26 0-45 19t-19 45v128q0 26 19 45t45 19h320v320q0 26 19 45t45 19h128q26 0 45-19t19-45v-320h320q26 0 45-19t19-45zm256-544v960q0 119-84.5 203.5T1376 1664H416q-119 0-203.5-84.5T128 1376V416q0-119 84.5-203.5T416 128h960q119 0 203.5 84.5T1664 416z"/&gt;&lt;/svg&gt;&lt;/span&gt;
    
            &lt;span class="trace-class"&gt;&lt;abbr title="Doctrine\DBAL\Driver\API\MySQL\ExceptionConverter"&gt;ExceptionConverter&lt;/abbr&gt;&lt;/span&gt;&lt;span class="trace-type"&gt;-&gt;&lt;/span&gt;&lt;span class="trace-method"&gt;convert&lt;/span&gt;&lt;span class="trace-arguments"&gt;()&lt;/span&gt;    
                    &lt;span class="block trace-file-path"&gt;
            in
            &lt;a href=""&gt;
                C:\Users\eman\Documents\GitHub\car_dealer\vendor\doctrine\dbal\src\&lt;strong&gt;Connection.php&lt;/strong&gt;
            &lt;/a&gt;
                        (line 1768)
            &lt;span class="icon icon-copy hidden" data-clipboard-text="C:\Users\eman\Documents\GitHub\car_dealer\vendor\doctrine\dbal\src\Connection.php:1768"&gt;
                &lt;svg xmlns="http://www.w3.org/2000/svg" height="24" viewBox="0 0 24 24" width="24"&gt;&lt;path d="M0 0h24v24H0z" fill="none"/&gt;&lt;path d="M16 1H4c-1.1 0-2 .9-2 2v14h2V3h12V1zm3 4H8c-1.1 0-2 .9-2 2v14c0 1.1.9 2 2 2h11c1.1 0 2-.9 2-2V7c0-1.1-.9-2-2-2zm0 16H8V7h11v14z"/&gt;&lt;/svg&gt;            &lt;/span&gt;
        &lt;/span&gt;
    &lt;/div&gt;
    &lt;div id="trace-html-1-1" class="trace-code sf-toggle-content"&gt;
        &lt;ol start="1763"&gt;&lt;li&gt;&lt;code&gt;&lt;span style="color: var(--highlight-default)"&gt;&amp;nbsp;&amp;nbsp;&amp;nbsp;&amp;nbsp;&lt;/span&gt;&lt;span style="color: var(--highlight-keyword)"&gt;):&amp;nbsp;&lt;/span&gt;&lt;span style="color: var(--highlight-default)"&gt;DriverException&amp;nbsp;&lt;/span&gt;&lt;span style="color: var(--highlight-keyword)"&gt;{&lt;/span&gt;&lt;/code&gt;&lt;/li&gt;
&lt;li&gt;&lt;code&gt;&lt;span style="color: var(--highlight-keyword)"&gt;&amp;nbsp;&amp;nbsp;&amp;nbsp;&amp;nbsp;&amp;nbsp;&amp;nbsp;&amp;nbsp;&amp;nbsp;if&amp;nbsp;(&lt;/span&gt;&lt;span style="color: var(--highlight-default)"&gt;$this&lt;/span&gt;&lt;span style="color: var(--highlight-keyword)"&gt;-&amp;gt;&lt;/span&gt;&lt;span style="color: var(--highlight-default)"&gt;exceptionConverter&amp;nbsp;&lt;/span&gt;&lt;span style="color: var(--highlight-keyword)"&gt;===&amp;nbsp;&lt;/span&gt;&lt;span style="color: var(--highlight-default)"&gt;null&lt;/span&gt;&lt;span style="color: var(--highlight-keyword)"&gt;)&amp;nbsp;{&lt;/span&gt;&lt;/code&gt;&lt;/li&gt;
&lt;li&gt;&lt;code&gt;&lt;span style="color: var(--highlight-keyword)"&gt;&amp;nbsp;&amp;nbsp;&amp;nbsp;&amp;nbsp;&amp;nbsp;&amp;nbsp;&amp;nbsp;&amp;nbsp;&amp;nbsp;&amp;nbsp;&amp;nbsp;&amp;nbsp;&lt;/span&gt;&lt;span style="color: var(--highlight-default)"&gt;$this&lt;/span&gt;&lt;span style="color: var(--highlight-keyword)"&gt;-&amp;gt;&lt;/span&gt;&lt;span style="color: var(--highlight-default)"&gt;exceptionConverter&amp;nbsp;&lt;/span&gt;&lt;span style="color: var(--highlight-keyword)"&gt;=&amp;nbsp;&lt;/span&gt;&lt;span style="color: var(--highlight-default)"&gt;$this&lt;/span&gt;&lt;span style="color: var(--highlight-keyword)"&gt;-&amp;gt;&lt;/span&gt;&lt;span style="color: var(--highlight-default)"&gt;_driver&lt;/span&gt;&lt;span style="color: var(--highlight-keyword)"&gt;-&amp;gt;&lt;/span&gt;&lt;span style="color: var(--highlight-default)"&gt;getExceptionConverter&lt;/span&gt;&lt;span style="color: var(--highlight-keyword)"&gt;();&lt;/span&gt;&lt;/code&gt;&lt;/li&gt;
&lt;li&gt;&lt;code&gt;&lt;span style="color: var(--highlight-keyword)"&gt;&amp;nbsp;&amp;nbsp;&amp;nbsp;&amp;nbsp;&amp;nbsp;&amp;nbsp;&amp;nbsp;&amp;nbsp;}&lt;/span&gt;&lt;/code&gt;&lt;/li&gt;
&lt;li&gt;&lt;code&gt;&lt;span style="color: var(--highlight-keyword)"&gt;&lt;/span&gt;&lt;/code&gt;&lt;/li&gt;
&lt;li class="selected"&gt;&lt;code&gt;&lt;span style="color: var(--highlight-keyword)"&gt;&amp;nbsp;&amp;nbsp;&amp;nbsp;&amp;nbsp;&amp;nbsp;&amp;nbsp;&amp;nbsp;&amp;nbsp;&lt;/span&gt;&lt;span style="color: var(--highlight-default)"&gt;$exception&amp;nbsp;&lt;/span&gt;&lt;span style="color: var(--highlight-keyword)"&gt;=&amp;nbsp;&lt;/span&gt;&lt;span style="color: var(--highlight-default)"&gt;$this&lt;/span&gt;&lt;span style="color: var(--highlight-keyword)"&gt;-&amp;gt;&lt;/span&gt;&lt;span style="color: var(--highlight-default)"&gt;exceptionConverter&lt;/span&gt;&lt;span style="color: var(--highlight-keyword)"&gt;-&amp;gt;&lt;/span&gt;&lt;span style="color: var(--highlight-default)"&gt;convert&lt;/span&gt;&lt;span style="color: var(--highlight-keyword)"&gt;(&lt;/span&gt;&lt;span style="color: var(--highlight-default)"&gt;$driverException&lt;/span&gt;&lt;span style="color: var(--highlight-keyword)"&gt;,&amp;nbsp;&lt;/span&gt;&lt;span style="color: var(--highlight-default)"&gt;$query&lt;/span&gt;&lt;span style="color: var(--highlight-keyword)"&gt;);&lt;/span&gt;&lt;/code&gt;&lt;/li&gt;
&lt;li&gt;&lt;code&gt;&lt;span style="color: var(--highlight-keyword)"&gt;&lt;/span&gt;&lt;/code&gt;&lt;/li&gt;
&lt;li&gt;&lt;code&gt;&lt;span style="color: var(--highlight-keyword)"&gt;&amp;nbsp;&amp;nbsp;&amp;nbsp;&amp;nbsp;&amp;nbsp;&amp;nbsp;&amp;nbsp;&amp;nbsp;if&amp;nbsp;(&lt;/span&gt;&lt;span style="color: var(--highlight-default)"&gt;$exception&amp;nbsp;&lt;/span&gt;&lt;span style="color: var(--highlight-keyword)"&gt;instanceof&amp;nbsp;&lt;/span&gt;&lt;span style="color: var(--highlight-default)"&gt;ConnectionLost&lt;/span&gt;&lt;span style="color: var(--highlight-keyword)"&gt;)&amp;nbsp;{&lt;/span&gt;&lt;/code&gt;&lt;/li&gt;
&lt;li&gt;&lt;code&gt;&lt;span style="color: var(--highlight-keyword)"&gt;&amp;nbsp;&amp;nbsp;&amp;nbsp;&amp;nbsp;&amp;nbsp;&amp;nbsp;&amp;nbsp;&amp;nbsp;&amp;nbsp;&amp;nbsp;&amp;nbsp;&amp;nbsp;&lt;/span&gt;&lt;span style="color: var(--highlight-default)"&gt;$this&lt;/span&gt;&lt;span style="color: var(--highlight-keyword)"&gt;-&amp;gt;&lt;/span&gt;&lt;span style="color: var(--highlight-default)"&gt;close&lt;/span&gt;&lt;span style="color: var(--highlight-keyword)"&gt;();&lt;/span&gt;&lt;/code&gt;&lt;/li&gt;
&lt;li&gt;&lt;code&gt;&lt;span style="color: var(--highlight-keyword)"&gt;&amp;nbsp;&amp;nbsp;&amp;nbsp;&amp;nbsp;&amp;nbsp;&amp;nbsp;&amp;nbsp;&amp;nbsp;}&lt;/span&gt;&lt;/code&gt;&lt;/li&gt;
&lt;li&gt;&lt;code&gt;&lt;span style="color: var(--highlight-keyword)"&gt;&lt;/span&gt;&lt;/code&gt;&lt;/li&gt;&lt;/ol&gt;    &lt;/div&gt;            &lt;/div&gt;
                        &lt;div class="trace-line "&gt;
                &lt;div class="trace-line-header break-long-words sf-toggle" data-toggle-selector="#trace-html-1-2" data-toggle-initial=""&gt;
            &lt;span class="icon icon-close"&gt;&lt;svg width="1792" height="1792" viewBox="0 0 1792 1792" xmlns="http://www.w3.org/2000/svg"&gt;&lt;path d="M1408 960V832q0-26-19-45t-45-19H448q-26 0-45 19t-19 45v128q0 26 19 45t45 19h896q26 0 45-19t19-45zm256-544v960q0 119-84.5 203.5T1376 1664H416q-119 0-203.5-84.5T128 1376V416q0-119 84.5-203.5T416 128h960q119 0 203.5 84.5T1664 416z"/&gt;&lt;/svg&gt;&lt;/span&gt;
        &lt;span class="icon icon-open"&gt;&lt;svg width="1792" height="1792" viewBox="0 0 1792 1792" xmlns="http://www.w3.org/2000/svg"&gt;&lt;path d="M1408 960V832q0-26-19-45t-45-19h-320V448q0-26-19-45t-45-19H832q-26 0-45 19t-19 45v320H448q-26 0-45 19t-19 45v128q0 26 19 45t45 19h320v320q0 26 19 45t45 19h128q26 0 45-19t19-45v-320h320q26 0 45-19t19-45zm256-544v960q0 119-84.5 203.5T1376 1664H416q-119 0-203.5-84.5T128 1376V416q0-119 84.5-203.5T416 128h960q119 0 203.5 84.5T1664 416z"/&gt;&lt;/svg&gt;&lt;/span&gt;
    
            &lt;span class="trace-class"&gt;&lt;abbr title="Doctrine\DBAL\Connection"&gt;Connection&lt;/abbr&gt;&lt;/span&gt;&lt;span class="trace-type"&gt;-&gt;&lt;/span&gt;&lt;span class="trace-method"&gt;handleDriverException&lt;/span&gt;&lt;span class="trace-arguments"&gt;()&lt;/span&gt;    
                    &lt;span class="block trace-file-path"&gt;
            in
            &lt;a href=""&gt;
                C:\Users\eman\Documents\GitHub\car_dealer\vendor\doctrine\dbal\src\&lt;strong&gt;Connection.php&lt;/strong&gt;
            &lt;/a&gt;
                        (line 1715)
            &lt;span class="icon icon-copy hidden" data-clipboard-text="C:\Users\eman\Documents\GitHub\car_dealer\vendor\doctrine\dbal\src\Connection.php:1715"&gt;
                &lt;svg xmlns="http://www.w3.org/2000/svg" height="24" viewBox="0 0 24 24" width="24"&gt;&lt;path d="M0 0h24v24H0z" fill="none"/&gt;&lt;path d="M16 1H4c-1.1 0-2 .9-2 2v14h2V3h12V1zm3 4H8c-1.1 0-2 .9-2 2v14c0 1.1.9 2 2 2h11c1.1 0 2-.9 2-2V7c0-1.1-.9-2-2-2zm0 16H8V7h11v14z"/&gt;&lt;/svg&gt;            &lt;/span&gt;
        &lt;/span&gt;
    &lt;/div&gt;
    &lt;div id="trace-html-1-2" class="trace-code sf-toggle-content"&gt;
        &lt;ol start="1710"&gt;&lt;li&gt;&lt;code&gt;&lt;span style="color: var(--highlight-keyword)"&gt;&amp;nbsp;&amp;nbsp;&amp;nbsp;&amp;nbsp;&lt;/span&gt;&lt;span style="color: var(--highlight-comment)"&gt;/**&lt;/span&gt;&lt;/code&gt;&lt;/li&gt;
&lt;li&gt;&lt;code&gt;&lt;span style="color: var(--highlight-comment)"&gt;&amp;nbsp;&amp;nbsp;&amp;nbsp;&amp;nbsp;&amp;nbsp;*&amp;nbsp;@internal&lt;/span&gt;&lt;/code&gt;&lt;/li&gt;
&lt;li&gt;&lt;code&gt;&lt;span style="color: var(--highlight-comment)"&gt;&amp;nbsp;&amp;nbsp;&amp;nbsp;&amp;nbsp;&amp;nbsp;*/&lt;/span&gt;&lt;/code&gt;&lt;/li&gt;
&lt;li&gt;&lt;code&gt;&lt;span style="color: var(--highlight-comment)"&gt;&amp;nbsp;&amp;nbsp;&amp;nbsp;&amp;nbsp;&lt;/span&gt;&lt;span style="color: var(--highlight-keyword)"&gt;final&amp;nbsp;public&amp;nbsp;function&amp;nbsp;&lt;/span&gt;&lt;span style="color: var(--highlight-default)"&gt;convertException&lt;/span&gt;&lt;span style="color: var(--highlight-keyword)"&gt;(&lt;/span&gt;&lt;span style="color: var(--highlight-default)"&gt;Driver\Exception&amp;nbsp;$e&lt;/span&gt;&lt;span style="color: var(--highlight-keyword)"&gt;):&amp;nbsp;&lt;/span&gt;&lt;span style="color: var(--highlight-default)"&gt;DriverException&lt;/span&gt;&lt;/code&gt;&lt;/li&gt;
&lt;li&gt;&lt;code&gt;&lt;span style="color: var(--highlight-default)"&gt;&amp;nbsp;&amp;nbsp;&amp;nbsp;&amp;nbsp;&lt;/span&gt;&lt;span style="color: var(--highlight-keyword)"&gt;{&lt;/span&gt;&lt;/code&gt;&lt;/li&gt;
&lt;li class="selected"&gt;&lt;code&gt;&lt;span style="color: var(--highlight-keyword)"&gt;&amp;nbsp;&amp;nbsp;&amp;nbsp;&amp;nbsp;&amp;nbsp;&amp;nbsp;&amp;nbsp;&amp;nbsp;return&amp;nbsp;&lt;/span&gt;&lt;span style="color: var(--highlight-default)"&gt;$this&lt;/span&gt;&lt;span style="color: var(--highlight-keyword)"&gt;-&amp;gt;&lt;/span&gt;&lt;span style="color: var(--highlight-default)"&gt;handleDriverException&lt;/span&gt;&lt;span style="color: var(--highlight-keyword)"&gt;(&lt;/span&gt;&lt;span style="color: var(--highlight-default)"&gt;$e&lt;/span&gt;&lt;span style="color: var(--highlight-keyword)"&gt;,&amp;nbsp;&lt;/span&gt;&lt;span style="color: var(--highlight-default)"&gt;null&lt;/span&gt;&lt;span style="color: var(--highlight-keyword)"&gt;);&lt;/span&gt;&lt;/code&gt;&lt;/li&gt;
&lt;li&gt;&lt;code&gt;&lt;span style="color: var(--highlight-keyword)"&gt;&amp;nbsp;&amp;nbsp;&amp;nbsp;&amp;nbsp;}&lt;/span&gt;&lt;/code&gt;&lt;/li&gt;
&lt;li&gt;&lt;code&gt;&lt;span style="color: var(--highlight-keyword)"&gt;&lt;/span&gt;&lt;/code&gt;&lt;/li&gt;
&lt;li&gt;&lt;code&gt;&lt;span style="color: var(--highlight-keyword)"&gt;&amp;nbsp;&amp;nbsp;&amp;nbsp;&amp;nbsp;&lt;/span&gt;&lt;span style="color: var(--highlight-comment)"&gt;/**&lt;/span&gt;&lt;/code&gt;&lt;/li&gt;
&lt;li&gt;&lt;code&gt;&lt;span style="color: var(--highlight-comment)"&gt;&amp;nbsp;&amp;nbsp;&amp;nbsp;&amp;nbsp;&amp;nbsp;*&amp;nbsp;@param&amp;nbsp;array&amp;lt;int,&amp;nbsp;mixed&amp;gt;|array&amp;lt;string,&amp;nbsp;mixed&amp;gt;&amp;nbsp;&amp;nbsp;&amp;nbsp;&amp;nbsp;&amp;nbsp;&amp;nbsp;&amp;nbsp;&amp;nbsp;&amp;nbsp;&amp;nbsp;&amp;nbsp;&amp;nbsp;&amp;nbsp;&amp;nbsp;&amp;nbsp;&amp;nbsp;&amp;nbsp;&amp;nbsp;&amp;nbsp;&amp;nbsp;&amp;nbsp;&amp;nbsp;&amp;nbsp;&amp;nbsp;&amp;nbsp;&amp;nbsp;&amp;nbsp;&amp;nbsp;&amp;nbsp;&amp;nbsp;&amp;nbsp;$params&lt;/span&gt;&lt;/code&gt;&lt;/li&gt;
&lt;li&gt;&lt;code&gt;&lt;span style="color: var(--highlight-comment)"&gt;&amp;nbsp;&amp;nbsp;&amp;nbsp;&amp;nbsp;&amp;nbsp;*&amp;nbsp;@param&amp;nbsp;array&amp;lt;int,&amp;nbsp;int|string|Type|null&amp;gt;|array&amp;lt;string,&amp;nbsp;int|string|Type|null&amp;gt;&amp;nbsp;$types&lt;/span&gt;&lt;/code&gt;&lt;/li&gt;&lt;/ol&gt;    &lt;/div&gt;            &lt;/div&gt;
                        &lt;div class="trace-line "&gt;
                &lt;div class="trace-line-header break-long-words sf-toggle" data-toggle-selector="#trace-html-1-3" data-toggle-initial=""&gt;
            &lt;span class="icon icon-close"&gt;&lt;svg width="1792" height="1792" viewBox="0 0 1792 1792" xmlns="http://www.w3.org/2000/svg"&gt;&lt;path d="M1408 960V832q0-26-19-45t-45-19H448q-26 0-45 19t-19 45v128q0 26 19 45t45 19h896q26 0 45-19t19-45zm256-544v960q0 119-84.5 203.5T1376 1664H416q-119 0-203.5-84.5T128 1376V416q0-119 84.5-203.5T416 128h960q119 0 203.5 84.5T1664 416z"/&gt;&lt;/svg&gt;&lt;/span&gt;
        &lt;span class="icon icon-open"&gt;&lt;svg width="1792" height="1792" viewBox="0 0 1792 1792" xmlns="http://www.w3.org/2000/svg"&gt;&lt;path d="M1408 960V832q0-26-19-45t-45-19h-320V448q0-26-19-45t-45-19H832q-26 0-45 19t-19 45v320H448q-26 0-45 19t-19 45v128q0 26 19 45t45 19h320v320q0 26 19 45t45 19h128q26 0 45-19t19-45v-320h320q26 0 45-19t19-45zm256-544v960q0 119-84.5 203.5T1376 1664H416q-119 0-203.5-84.5T128 1376V416q0-119 84.5-203.5T416 128h960q119 0 203.5 84.5T1664 416z"/&gt;&lt;/svg&gt;&lt;/span&gt;
    
            &lt;span class="trace-class"&gt;&lt;abbr title="Doctrine\DBAL\Connection"&gt;Connection&lt;/abbr&gt;&lt;/span&gt;&lt;span class="trace-type"&gt;-&gt;&lt;/span&gt;&lt;span class="trace-method"&gt;convertException&lt;/span&gt;&lt;span class="trace-arguments"&gt;()&lt;/span&gt;    
                    &lt;span class="block trace-file-path"&gt;
            in
            &lt;a href=""&gt;
                C:\Users\eman\Documents\GitHub\car_dealer\vendor\doctrine\dbal\src\&lt;strong&gt;Connection.php&lt;/strong&gt;
            &lt;/a&gt;
                        (line 327)
            &lt;span class="icon icon-copy hidden" data-clipboard-text="C:\Users\eman\Documents\GitHub\car_dealer\vendor\doctrine\dbal\src\Connection.php:327"&gt;
                &lt;svg xmlns="http://www.w3.org/2000/svg" height="24" viewBox="0 0 24 24" width="24"&gt;&lt;path d="M0 0h24v24H0z" fill="none"/&gt;&lt;path d="M16 1H4c-1.1 0-2 .9-2 2v14h2V3h12V1zm3 4H8c-1.1 0-2 .9-2 2v14c0 1.1.9 2 2 2h11c1.1 0 2-.9 2-2V7c0-1.1-.9-2-2-2zm0 16H8V7h11v14z"/&gt;&lt;/svg&gt;            &lt;/span&gt;
        &lt;/span&gt;
    &lt;/div&gt;
    &lt;div id="trace-html-1-3" class="trace-code sf-toggle-content"&gt;
        &lt;ol start="322"&gt;&lt;li&gt;&lt;code&gt;&lt;span style="color: var(--highlight-keyword)"&gt;&amp;nbsp;&amp;nbsp;&amp;nbsp;&amp;nbsp;&amp;nbsp;&amp;nbsp;&amp;nbsp;&amp;nbsp;}&lt;/span&gt;&lt;/code&gt;&lt;/li&gt;
&lt;li&gt;&lt;code&gt;&lt;span style="color: var(--highlight-keyword)"&gt;&lt;/span&gt;&lt;/code&gt;&lt;/li&gt;
&lt;li&gt;&lt;code&gt;&lt;span style="color: var(--highlight-keyword)"&gt;&amp;nbsp;&amp;nbsp;&amp;nbsp;&amp;nbsp;&amp;nbsp;&amp;nbsp;&amp;nbsp;&amp;nbsp;try&amp;nbsp;{&lt;/span&gt;&lt;/code&gt;&lt;/li&gt;
&lt;li&gt;&lt;code&gt;&lt;span style="color: var(--highlight-keyword)"&gt;&amp;nbsp;&amp;nbsp;&amp;nbsp;&amp;nbsp;&amp;nbsp;&amp;nbsp;&amp;nbsp;&amp;nbsp;&amp;nbsp;&amp;nbsp;&amp;nbsp;&amp;nbsp;&lt;/span&gt;&lt;span style="color: var(--highlight-default)"&gt;$this&lt;/span&gt;&lt;span style="color: var(--highlight-keyword)"&gt;-&amp;gt;&lt;/span&gt;&lt;span style="color: var(--highlight-default)"&gt;_conn&amp;nbsp;&lt;/span&gt;&lt;span style="color: var(--highlight-keyword)"&gt;=&amp;nbsp;&lt;/span&gt;&lt;span style="color: var(--highlight-default)"&gt;$this&lt;/span&gt;&lt;span style="color: var(--highlight-keyword)"&gt;-&amp;gt;&lt;/span&gt;&lt;span style="color: var(--highlight-default)"&gt;_driver&lt;/span&gt;&lt;span style="color: var(--highlight-keyword)"&gt;-&amp;gt;&lt;/span&gt;&lt;span style="color: var(--highlight-default)"&gt;connect&lt;/span&gt;&lt;span style="color: var(--highlight-keyword)"&gt;(&lt;/span&gt;&lt;span style="color: var(--highlight-default)"&gt;$this&lt;/span&gt;&lt;span style="color: var(--highlight-keyword)"&gt;-&amp;gt;&lt;/span&gt;&lt;span style="color: var(--highlight-default)"&gt;params&lt;/span&gt;&lt;span style="color: var(--highlight-keyword)"&gt;);&lt;/span&gt;&lt;/code&gt;&lt;/li&gt;
&lt;li&gt;&lt;code&gt;&lt;span style="color: var(--highlight-keyword)"&gt;&amp;nbsp;&amp;nbsp;&amp;nbsp;&amp;nbsp;&amp;nbsp;&amp;nbsp;&amp;nbsp;&amp;nbsp;}&amp;nbsp;catch&amp;nbsp;(&lt;/span&gt;&lt;span style="color: var(--highlight-default)"&gt;Driver\Exception&amp;nbsp;$e&lt;/span&gt;&lt;span style="color: var(--highlight-keyword)"&gt;)&amp;nbsp;{&lt;/span&gt;&lt;/code&gt;&lt;/li&gt;
&lt;li class="selected"&gt;&lt;code&gt;&lt;span style="color: var(--highlight-keyword)"&gt;&amp;nbsp;&amp;nbsp;&amp;nbsp;&amp;nbsp;&amp;nbsp;&amp;nbsp;&amp;nbsp;&amp;nbsp;&amp;nbsp;&amp;nbsp;&amp;nbsp;&amp;nbsp;throw&amp;nbsp;&lt;/span&gt;&lt;span style="color: var(--highlight-default)"&gt;$this&lt;/span&gt;&lt;span style="color: var(--highlight-keyword)"&gt;-&amp;gt;&lt;/span&gt;&lt;span style="color: var(--highlight-default)"&gt;convertException&lt;/span&gt;&lt;span style="color: var(--highlight-keyword)"&gt;(&lt;/span&gt;&lt;span style="color: var(--highlight-default)"&gt;$e&lt;/span&gt;&lt;span style="color: var(--highlight-keyword)"&gt;);&lt;/span&gt;&lt;/code&gt;&lt;/li&gt;
&lt;li&gt;&lt;code&gt;&lt;span style="color: var(--highlight-keyword)"&gt;&amp;nbsp;&amp;nbsp;&amp;nbsp;&amp;nbsp;&amp;nbsp;&amp;nbsp;&amp;nbsp;&amp;nbsp;}&lt;/span&gt;&lt;/code&gt;&lt;/li&gt;
&lt;li&gt;&lt;code&gt;&lt;span style="color: var(--highlight-keyword)"&gt;&lt;/span&gt;&lt;/code&gt;&lt;/li&gt;
&lt;li&gt;&lt;code&gt;&lt;span style="color: var(--highlight-keyword)"&gt;&amp;nbsp;&amp;nbsp;&amp;nbsp;&amp;nbsp;&amp;nbsp;&amp;nbsp;&amp;nbsp;&amp;nbsp;if&amp;nbsp;(&lt;/span&gt;&lt;span style="color: var(--highlight-default)"&gt;$this&lt;/span&gt;&lt;span style="color: var(--highlight-keyword)"&gt;-&amp;gt;&lt;/span&gt;&lt;span style="color: var(--highlight-default)"&gt;autoCommit&amp;nbsp;&lt;/span&gt;&lt;span style="color: var(--highlight-keyword)"&gt;===&amp;nbsp;&lt;/span&gt;&lt;span style="color: var(--highlight-default)"&gt;false&lt;/span&gt;&lt;span style="color: var(--highlight-keyword)"&gt;)&amp;nbsp;{&lt;/span&gt;&lt;/code&gt;&lt;/li&gt;
&lt;li&gt;&lt;code&gt;&lt;span style="color: var(--highlight-keyword)"&gt;&amp;nbsp;&amp;nbsp;&amp;nbsp;&amp;nbsp;&amp;nbsp;&amp;nbsp;&amp;nbsp;&amp;nbsp;&amp;nbsp;&amp;nbsp;&amp;nbsp;&amp;nbsp;&lt;/span&gt;&lt;span style="color: var(--highlight-default)"&gt;$this&lt;/span&gt;&lt;span style="color: var(--highlight-keyword)"&gt;-&amp;gt;&lt;/span&gt;&lt;span style="color: var(--highlight-default)"&gt;beginTransaction&lt;/span&gt;&lt;span style="color: var(--highlight-keyword)"&gt;();&lt;/span&gt;&lt;/code&gt;&lt;/li&gt;
&lt;li&gt;&lt;code&gt;&lt;span style="color: var(--highlight-keyword)"&gt;&amp;nbsp;&amp;nbsp;&amp;nbsp;&amp;nbsp;&amp;nbsp;&amp;nbsp;&amp;nbsp;&amp;nbsp;}&lt;/span&gt;&lt;/code&gt;&lt;/li&gt;&lt;/ol&gt;    &lt;/div&gt;            &lt;/div&gt;
                        &lt;div class="trace-line "&gt;
                &lt;div class="trace-line-header break-long-words sf-toggle" data-toggle-selector="#trace-html-1-4" data-toggle-initial=""&gt;
            &lt;span class="icon icon-close"&gt;&lt;svg width="1792" height="1792" viewBox="0 0 1792 1792" xmlns="http://www.w3.org/2000/svg"&gt;&lt;path d="M1408 960V832q0-26-19-45t-45-19H448q-26 0-45 19t-19 45v128q0 26 19 45t45 19h896q26 0 45-19t19-45zm256-544v960q0 119-84.5 203.5T1376 1664H416q-119 0-203.5-84.5T128 1376V416q0-119 84.5-203.5T416 128h960q119 0 203.5 84.5T1664 416z"/&gt;&lt;/svg&gt;&lt;/span&gt;
        &lt;span class="icon icon-open"&gt;&lt;svg width="1792" height="1792" viewBox="0 0 1792 1792" xmlns="http://www.w3.org/2000/svg"&gt;&lt;path d="M1408 960V832q0-26-19-45t-45-19h-320V448q0-26-19-45t-45-19H832q-26 0-45 19t-19 45v320H448q-26 0-45 19t-19 45v128q0 26 19 45t45 19h320v320q0 26 19 45t45 19h128q26 0 45-19t19-45v-320h320q26 0 45-19t19-45zm256-544v960q0 119-84.5 203.5T1376 1664H416q-119 0-203.5-84.5T128 1376V416q0-119 84.5-203.5T416 128h960q119 0 203.5 84.5T1664 416z"/&gt;&lt;/svg&gt;&lt;/span&gt;
    
            &lt;span class="trace-class"&gt;&lt;abbr title="Doctrine\DBAL\Connection"&gt;Connection&lt;/abbr&gt;&lt;/span&gt;&lt;span class="trace-type"&gt;-&gt;&lt;/span&gt;&lt;span class="trace-method"&gt;connect&lt;/span&gt;&lt;span class="trace-arguments"&gt;()&lt;/span&gt;    
                    &lt;span class="block trace-file-path"&gt;
            in
            &lt;a href=""&gt;
                C:\Users\eman\Documents\GitHub\car_dealer\vendor\doctrine\dbal\src\&lt;strong&gt;Connection.php&lt;/strong&gt;
            &lt;/a&gt;
                        (line 1507)
            &lt;span class="icon icon-copy hidden" data-clipboard-text="C:\Users\eman\Documents\GitHub\car_dealer\vendor\doctrine\dbal\src\Connection.php:1507"&gt;
                &lt;svg xmlns="http://www.w3.org/2000/svg" height="24" viewBox="0 0 24 24" width="24"&gt;&lt;path d="M0 0h24v24H0z" fill="none"/&gt;&lt;path d="M16 1H4c-1.1 0-2 .9-2 2v14h2V3h12V1zm3 4H8c-1.1 0-2 .9-2 2v14c0 1.1.9 2 2 2h11c1.1 0 2-.9 2-2V7c0-1.1-.9-2-2-2zm0 16H8V7h11v14z"/&gt;&lt;/svg&gt;            &lt;/span&gt;
        &lt;/span&gt;
    &lt;/div&gt;
    &lt;div id="trace-html-1-4" class="trace-code sf-toggle-content"&gt;
        &lt;ol start="1502"&gt;&lt;li&gt;&lt;code&gt;&lt;span style="color: var(--highlight-comment)"&gt;&amp;nbsp;&amp;nbsp;&amp;nbsp;&amp;nbsp;&amp;nbsp;*&lt;/span&gt;&lt;/code&gt;&lt;/li&gt;
&lt;li&gt;&lt;code&gt;&lt;span style="color: var(--highlight-comment)"&gt;&amp;nbsp;&amp;nbsp;&amp;nbsp;&amp;nbsp;&amp;nbsp;*&amp;nbsp;@throws&amp;nbsp;Exception&lt;/span&gt;&lt;/code&gt;&lt;/li&gt;
&lt;li&gt;&lt;code&gt;&lt;span style="color: var(--highlight-comment)"&gt;&amp;nbsp;&amp;nbsp;&amp;nbsp;&amp;nbsp;&amp;nbsp;*/&lt;/span&gt;&lt;/code&gt;&lt;/li&gt;
&lt;li&gt;&lt;code&gt;&lt;span style="color: var(--highlight-comment)"&gt;&amp;nbsp;&amp;nbsp;&amp;nbsp;&amp;nbsp;&lt;/span&gt;&lt;span style="color: var(--highlight-keyword)"&gt;public&amp;nbsp;function&amp;nbsp;&lt;/span&gt;&lt;span style="color: var(--highlight-default)"&gt;getWrappedConnection&lt;/span&gt;&lt;span style="color: var(--highlight-keyword)"&gt;()&lt;/span&gt;&lt;/code&gt;&lt;/li&gt;
&lt;li&gt;&lt;code&gt;&lt;span style="color: var(--highlight-keyword)"&gt;&amp;nbsp;&amp;nbsp;&amp;nbsp;&amp;nbsp;{&lt;/span&gt;&lt;/code&gt;&lt;/li&gt;
&lt;li class="selected"&gt;&lt;code&gt;&lt;span style="color: var(--highlight-keyword)"&gt;&amp;nbsp;&amp;nbsp;&amp;nbsp;&amp;nbsp;&amp;nbsp;&amp;nbsp;&amp;nbsp;&amp;nbsp;&lt;/span&gt;&lt;span style="color: var(--highlight-default)"&gt;$this&lt;/span&gt;&lt;span style="color: var(--highlight-keyword)"&gt;-&amp;gt;&lt;/span&gt;&lt;span style="color: var(--highlight-default)"&gt;connect&lt;/span&gt;&lt;span style="color: var(--highlight-keyword)"&gt;();&lt;/span&gt;&lt;/code&gt;&lt;/li&gt;
&lt;li&gt;&lt;code&gt;&lt;span style="color: var(--highlight-keyword)"&gt;&lt;/span&gt;&lt;/code&gt;&lt;/li&gt;
&lt;li&gt;&lt;code&gt;&lt;span style="color: var(--highlight-keyword)"&gt;&amp;nbsp;&amp;nbsp;&amp;nbsp;&amp;nbsp;&amp;nbsp;&amp;nbsp;&amp;nbsp;&amp;nbsp;&lt;/span&gt;&lt;span style="color: var(--highlight-default)"&gt;assert&lt;/span&gt;&lt;span style="color: var(--highlight-keyword)"&gt;(&lt;/span&gt;&lt;span style="color: var(--highlight-default)"&gt;$this&lt;/span&gt;&lt;span style="color: var(--highlight-keyword)"&gt;-&amp;gt;&lt;/span&gt;&lt;span style="color: var(--highlight-default)"&gt;_conn&amp;nbsp;&lt;/span&gt;&lt;span style="color: var(--highlight-keyword)"&gt;!==&amp;nbsp;&lt;/span&gt;&lt;span style="color: var(--highlight-default)"&gt;null&lt;/span&gt;&lt;span style="color: var(--highlight-keyword)"&gt;);&lt;/span&gt;&lt;/code&gt;&lt;/li&gt;
&lt;li&gt;&lt;code&gt;&lt;span style="color: var(--highlight-keyword)"&gt;&lt;/span&gt;&lt;/code&gt;&lt;/li&gt;
&lt;li&gt;&lt;code&gt;&lt;span style="color: var(--highlight-keyword)"&gt;&amp;nbsp;&amp;nbsp;&amp;nbsp;&amp;nbsp;&amp;nbsp;&amp;nbsp;&amp;nbsp;&amp;nbsp;return&amp;nbsp;&lt;/span&gt;&lt;span style="color: var(--highlight-default)"&gt;$this&lt;/span&gt;&lt;span style="color: var(--highlight-keyword)"&gt;-&amp;gt;&lt;/span&gt;&lt;span style="color: var(--highlight-default)"&gt;_conn&lt;/span&gt;&lt;span style="color: var(--highlight-keyword)"&gt;;&lt;/span&gt;&lt;/code&gt;&lt;/li&gt;
&lt;li&gt;&lt;code&gt;&lt;span style="color: var(--highlight-keyword)"&gt;&amp;nbsp;&amp;nbsp;&amp;nbsp;&amp;nbsp;}&lt;/span&gt;&lt;/code&gt;&lt;/li&gt;&lt;/ol&gt;    &lt;/div&gt;            &lt;/div&gt;
                        &lt;div class="trace-line "&gt;
                &lt;div class="trace-line-header break-long-words sf-toggle" data-toggle-selector="#trace-html-1-5" data-toggle-initial=""&gt;
            &lt;span class="icon icon-close"&gt;&lt;svg width="1792" height="1792" viewBox="0 0 1792 1792" xmlns="http://www.w3.org/2000/svg"&gt;&lt;path d="M1408 960V832q0-26-19-45t-45-19H448q-26 0-45 19t-19 45v128q0 26 19 45t45 19h896q26 0 45-19t19-45zm256-544v960q0 119-84.5 203.5T1376 1664H416q-119 0-203.5-84.5T128 1376V416q0-119 84.5-203.5T416 128h960q119 0 203.5 84.5T1664 416z"/&gt;&lt;/svg&gt;&lt;/span&gt;
        &lt;span class="icon icon-open"&gt;&lt;svg width="1792" height="1792" viewBox="0 0 1792 1792" xmlns="http://www.w3.org/2000/svg"&gt;&lt;path d="M1408 960V832q0-26-19-45t-45-19h-320V448q0-26-19-45t-45-19H832q-26 0-45 19t-19 45v320H448q-26 0-45 19t-19 45v128q0 26 19 45t45 19h320v320q0 26 19 45t45 19h128q26 0 45-19t19-45v-320h320q26 0 45-19t19-45zm256-544v960q0 119-84.5 203.5T1376 1664H416q-119 0-203.5-84.5T128 1376V416q0-119 84.5-203.5T416 128h960q119 0 203.5 84.5T1664 416z"/&gt;&lt;/svg&gt;&lt;/span&gt;
    
            &lt;span class="trace-class"&gt;&lt;abbr title="Doctrine\DBAL\Connection"&gt;Connection&lt;/abbr&gt;&lt;/span&gt;&lt;span class="trace-type"&gt;-&gt;&lt;/span&gt;&lt;span class="trace-method"&gt;getWrappedConnection&lt;/span&gt;&lt;span class="trace-arguments"&gt;()&lt;/span&gt;    
                    &lt;span class="block trace-file-path"&gt;
            in
            &lt;a href=""&gt;
                C:\Users\eman\Documents\GitHub\car_dealer\vendor\doctrine\dbal\src\&lt;strong&gt;Connection.php&lt;/strong&gt;
            &lt;/a&gt;
                        (line 1013)
            &lt;span class="icon icon-copy hidden" data-clipboard-text="C:\Users\eman\Documents\GitHub\car_dealer\vendor\doctrine\dbal\src\Connection.php:1013"&gt;
                &lt;svg xmlns="http://www.w3.org/2000/svg" height="24" viewBox="0 0 24 24" width="24"&gt;&lt;path d="M0 0h24v24H0z" fill="none"/&gt;&lt;path d="M16 1H4c-1.1 0-2 .9-2 2v14h2V3h12V1zm3 4H8c-1.1 0-2 .9-2 2v14c0 1.1.9 2 2 2h11c1.1 0 2-.9 2-2V7c0-1.1-.9-2-2-2zm0 16H8V7h11v14z"/&gt;&lt;/svg&gt;            &lt;/span&gt;
        &lt;/span&gt;
    &lt;/div&gt;
    &lt;div id="trace-html-1-5" class="trace-code sf-toggle-content"&gt;
        &lt;ol start="1008"&gt;&lt;li&gt;&lt;code&gt;&lt;span style="color: var(--highlight-default)"&gt;&amp;nbsp;&amp;nbsp;&amp;nbsp;&amp;nbsp;&lt;/span&gt;&lt;span style="color: var(--highlight-keyword)"&gt;):&amp;nbsp;&lt;/span&gt;&lt;span style="color: var(--highlight-default)"&gt;Result&amp;nbsp;&lt;/span&gt;&lt;span style="color: var(--highlight-keyword)"&gt;{&lt;/span&gt;&lt;/code&gt;&lt;/li&gt;
&lt;li&gt;&lt;code&gt;&lt;span style="color: var(--highlight-keyword)"&gt;&amp;nbsp;&amp;nbsp;&amp;nbsp;&amp;nbsp;&amp;nbsp;&amp;nbsp;&amp;nbsp;&amp;nbsp;if&amp;nbsp;(&lt;/span&gt;&lt;span style="color: var(--highlight-default)"&gt;$qcp&amp;nbsp;&lt;/span&gt;&lt;span style="color: var(--highlight-keyword)"&gt;!==&amp;nbsp;&lt;/span&gt;&lt;span style="color: var(--highlight-default)"&gt;null&lt;/span&gt;&lt;span style="color: var(--highlight-keyword)"&gt;)&amp;nbsp;{&lt;/span&gt;&lt;/code&gt;&lt;/li&gt;
&lt;li&gt;&lt;code&gt;&lt;span style="color: var(--highlight-keyword)"&gt;&amp;nbsp;&amp;nbsp;&amp;nbsp;&amp;nbsp;&amp;nbsp;&amp;nbsp;&amp;nbsp;&amp;nbsp;&amp;nbsp;&amp;nbsp;&amp;nbsp;&amp;nbsp;return&amp;nbsp;&lt;/span&gt;&lt;span style="color: var(--highlight-default)"&gt;$this&lt;/span&gt;&lt;span style="color: var(--highlight-keyword)"&gt;-&amp;gt;&lt;/span&gt;&lt;span style="color: var(--highlight-default)"&gt;executeCacheQuery&lt;/span&gt;&lt;span style="color: var(--highlight-keyword)"&gt;(&lt;/span&gt;&lt;span style="color: var(--highlight-default)"&gt;$sql&lt;/span&gt;&lt;span style="color: var(--highlight-keyword)"&gt;,&amp;nbsp;&lt;/span&gt;&lt;span style="color: var(--highlight-default)"&gt;$params&lt;/span&gt;&lt;span style="color: var(--highlight-keyword)"&gt;,&amp;nbsp;&lt;/span&gt;&lt;span style="color: var(--highlight-default)"&gt;$types&lt;/span&gt;&lt;span style="color: var(--highlight-keyword)"&gt;,&amp;nbsp;&lt;/span&gt;&lt;span style="color: var(--highlight-default)"&gt;$qcp&lt;/span&gt;&lt;span style="color: var(--highlight-keyword)"&gt;);&lt;/span&gt;&lt;/code&gt;&lt;/li&gt;
&lt;li&gt;&lt;code&gt;&lt;span style="color: var(--highlight-keyword)"&gt;&amp;nbsp;&amp;nbsp;&amp;nbsp;&amp;nbsp;&amp;nbsp;&amp;nbsp;&amp;nbsp;&amp;nbsp;}&lt;/span&gt;&lt;/code&gt;&lt;/li&gt;
&lt;li&gt;&lt;code&gt;&lt;span style="color: var(--highlight-keyword)"&gt;&lt;/span&gt;&lt;/code&gt;&lt;/li&gt;
&lt;li class="selected"&gt;&lt;code&gt;&lt;span style="color: var(--highlight-keyword)"&gt;&amp;nbsp;&amp;nbsp;&amp;nbsp;&amp;nbsp;&amp;nbsp;&amp;nbsp;&amp;nbsp;&amp;nbsp;&lt;/span&gt;&lt;span style="color: var(--highlight-default)"&gt;$connection&amp;nbsp;&lt;/span&gt;&lt;span style="color: var(--highlight-keyword)"&gt;=&amp;nbsp;&lt;/span&gt;&lt;span style="color: var(--highlight-default)"&gt;$this&lt;/span&gt;&lt;span style="color: var(--highlight-keyword)"&gt;-&amp;gt;&lt;/span&gt;&lt;span style="color: var(--highlight-default)"&gt;getWrappedConnection&lt;/span&gt;&lt;span style="color: var(--highlight-keyword)"&gt;();&lt;/span&gt;&lt;/code&gt;&lt;/li&gt;
&lt;li&gt;&lt;code&gt;&lt;span style="color: var(--highlight-keyword)"&gt;&lt;/span&gt;&lt;/code&gt;&lt;/li&gt;
&lt;li&gt;&lt;code&gt;&lt;span style="color: var(--highlight-keyword)"&gt;&amp;nbsp;&amp;nbsp;&amp;nbsp;&amp;nbsp;&amp;nbsp;&amp;nbsp;&amp;nbsp;&amp;nbsp;&lt;/span&gt;&lt;span style="color: var(--highlight-default)"&gt;$logger&amp;nbsp;&lt;/span&gt;&lt;span style="color: var(--highlight-keyword)"&gt;=&amp;nbsp;&lt;/span&gt;&lt;span style="color: var(--highlight-default)"&gt;$this&lt;/span&gt;&lt;span style="color: var(--highlight-keyword)"&gt;-&amp;gt;&lt;/span&gt;&lt;span style="color: var(--highlight-default)"&gt;_config&lt;/span&gt;&lt;span style="color: var(--highlight-keyword)"&gt;-&amp;gt;&lt;/span&gt;&lt;span style="color: var(--highlight-default)"&gt;getSQLLogger&lt;/span&gt;&lt;span style="color: var(--highlight-keyword)"&gt;();&lt;/span&gt;&lt;/code&gt;&lt;/li&gt;
&lt;li&gt;&lt;code&gt;&lt;span style="color: var(--highlight-keyword)"&gt;&amp;nbsp;&amp;nbsp;&amp;nbsp;&amp;nbsp;&amp;nbsp;&amp;nbsp;&amp;nbsp;&amp;nbsp;if&amp;nbsp;(&lt;/span&gt;&lt;span style="color: var(--highlight-default)"&gt;$logger&amp;nbsp;&lt;/span&gt;&lt;span style="color: var(--highlight-keyword)"&gt;!==&amp;nbsp;&lt;/span&gt;&lt;span style="color: var(--highlight-default)"&gt;null&lt;/span&gt;&lt;span style="color: var(--highlight-keyword)"&gt;)&amp;nbsp;{&lt;/span&gt;&lt;/code&gt;&lt;/li&gt;
&lt;li&gt;&lt;code&gt;&lt;span style="color: var(--highlight-keyword)"&gt;&amp;nbsp;&amp;nbsp;&amp;nbsp;&amp;nbsp;&amp;nbsp;&amp;nbsp;&amp;nbsp;&amp;nbsp;&amp;nbsp;&amp;nbsp;&amp;nbsp;&amp;nbsp;&lt;/span&gt;&lt;span style="color: var(--highlight-default)"&gt;$logger&lt;/span&gt;&lt;span style="color: var(--highlight-keyword)"&gt;-&amp;gt;&lt;/span&gt;&lt;span style="color: var(--highlight-default)"&gt;startQuery&lt;/span&gt;&lt;span style="color: var(--highlight-keyword)"&gt;(&lt;/span&gt;&lt;span style="color: var(--highlight-default)"&gt;$sql&lt;/span&gt;&lt;span style="color: var(--highlight-keyword)"&gt;,&amp;nbsp;&lt;/span&gt;&lt;span style="color: var(--highlight-default)"&gt;$params&lt;/span&gt;&lt;span style="color: var(--highlight-keyword)"&gt;,&amp;nbsp;&lt;/span&gt;&lt;span style="color: var(--highlight-default)"&gt;$types&lt;/span&gt;&lt;span style="color: var(--highlight-keyword)"&gt;);&lt;/span&gt;&lt;/code&gt;&lt;/li&gt;
&lt;li&gt;&lt;code&gt;&lt;span style="color: var(--highlight-keyword)"&gt;&amp;nbsp;&amp;nbsp;&amp;nbsp;&amp;nbsp;&amp;nbsp;&amp;nbsp;&amp;nbsp;&amp;nbsp;}&lt;/span&gt;&lt;/code&gt;&lt;/li&gt;&lt;/ol&gt;    &lt;/div&gt;            &lt;/div&gt;
                        &lt;div class="trace-line "&gt;
                &lt;div class="trace-line-header break-long-words sf-toggle" data-toggle-selector="#trace-html-1-6" data-toggle-initial=""&gt;
            &lt;span class="icon icon-close"&gt;&lt;svg width="1792" height="1792" viewBox="0 0 1792 1792" xmlns="http://www.w3.org/2000/svg"&gt;&lt;path d="M1408 960V832q0-26-19-45t-45-19H448q-26 0-45 19t-19 45v128q0 26 19 45t45 19h896q26 0 45-19t19-45zm256-544v960q0 119-84.5 203.5T1376 1664H416q-119 0-203.5-84.5T128 1376V416q0-119 84.5-203.5T416 128h960q119 0 203.5 84.5T1664 416z"/&gt;&lt;/svg&gt;&lt;/span&gt;
        &lt;span class="icon icon-open"&gt;&lt;svg width="1792" height="1792" viewBox="0 0 1792 1792" xmlns="http://www.w3.org/2000/svg"&gt;&lt;path d="M1408 960V832q0-26-19-45t-45-19h-320V448q0-26-19-45t-45-19H832q-26 0-45 19t-19 45v320H448q-26 0-45 19t-19 45v128q0 26 19 45t45 19h320v320q0 26 19 45t45 19h128q26 0 45-19t19-45v-320h320q26 0 45-19t19-45zm256-544v960q0 119-84.5 203.5T1376 1664H416q-119 0-203.5-84.5T128 1376V416q0-119 84.5-203.5T416 128h960q119 0 203.5 84.5T1664 416z"/&gt;&lt;/svg&gt;&lt;/span&gt;
    
            &lt;span class="trace-class"&gt;&lt;abbr title="Doctrine\DBAL\Connection"&gt;Connection&lt;/abbr&gt;&lt;/span&gt;&lt;span class="trace-type"&gt;-&gt;&lt;/span&gt;&lt;span class="trace-method"&gt;executeQuery&lt;/span&gt;&lt;span class="trace-arguments"&gt;()&lt;/span&gt;    
                    &lt;span class="block trace-file-path"&gt;
            in
            &lt;a href=""&gt;
                C:\Users\eman\Documents\GitHub\car_dealer\vendor\doctrine\orm\lib\Doctrine\ORM\Persisters\Entity\&lt;strong&gt;BasicEntityPersister.php&lt;/strong&gt;
            &lt;/a&gt;
                        (line 717)
            &lt;span class="icon icon-copy hidden" data-clipboard-text="C:\Users\eman\Documents\GitHub\car_dealer\vendor\doctrine\orm\lib\Doctrine\ORM\Persisters\Entity\BasicEntityPersister.php:717"&gt;
                &lt;svg xmlns="http://www.w3.org/2000/svg" height="24" viewBox="0 0 24 24" width="24"&gt;&lt;path d="M0 0h24v24H0z" fill="none"/&gt;&lt;path d="M16 1H4c-1.1 0-2 .9-2 2v14h2V3h12V1zm3 4H8c-1.1 0-2 .9-2 2v14c0 1.1.9 2 2 2h11c1.1 0 2-.9 2-2V7c0-1.1-.9-2-2-2zm0 16H8V7h11v14z"/&gt;&lt;/svg&gt;            &lt;/span&gt;
        &lt;/span&gt;
    &lt;/div&gt;
    &lt;div id="trace-html-1-6" class="trace-code sf-toggle-content"&gt;
        &lt;ol start="712"&gt;&lt;li&gt;&lt;code&gt;&lt;span style="color: var(--highlight-keyword)"&gt;&amp;nbsp;&amp;nbsp;&amp;nbsp;&amp;nbsp;{&lt;/span&gt;&lt;/code&gt;&lt;/li&gt;
&lt;li&gt;&lt;code&gt;&lt;span style="color: var(--highlight-keyword)"&gt;&amp;nbsp;&amp;nbsp;&amp;nbsp;&amp;nbsp;&amp;nbsp;&amp;nbsp;&amp;nbsp;&amp;nbsp;&lt;/span&gt;&lt;span style="color: var(--highlight-default)"&gt;$this&lt;/span&gt;&lt;span style="color: var(--highlight-keyword)"&gt;-&amp;gt;&lt;/span&gt;&lt;span style="color: var(--highlight-default)"&gt;switchPersisterContext&lt;/span&gt;&lt;span style="color: var(--highlight-keyword)"&gt;(&lt;/span&gt;&lt;span style="color: var(--highlight-default)"&gt;null&lt;/span&gt;&lt;span style="color: var(--highlight-keyword)"&gt;,&amp;nbsp;&lt;/span&gt;&lt;span style="color: var(--highlight-default)"&gt;$limit&lt;/span&gt;&lt;span style="color: var(--highlight-keyword)"&gt;);&lt;/span&gt;&lt;/code&gt;&lt;/li&gt;
&lt;li&gt;&lt;code&gt;&lt;span style="color: var(--highlight-keyword)"&gt;&lt;/span&gt;&lt;/code&gt;&lt;/li&gt;
&lt;li&gt;&lt;code&gt;&lt;span style="color: var(--highlight-keyword)"&gt;&amp;nbsp;&amp;nbsp;&amp;nbsp;&amp;nbsp;&amp;nbsp;&amp;nbsp;&amp;nbsp;&amp;nbsp;&lt;/span&gt;&lt;span style="color: var(--highlight-default)"&gt;$sql&amp;nbsp;&amp;nbsp;&amp;nbsp;&amp;nbsp;&amp;nbsp;&amp;nbsp;&amp;nbsp;&amp;nbsp;&amp;nbsp;&amp;nbsp;&amp;nbsp;&amp;nbsp;&amp;nbsp;&amp;nbsp;&lt;/span&gt;&lt;span style="color: var(--highlight-keyword)"&gt;=&amp;nbsp;&lt;/span&gt;&lt;span style="color: var(--highlight-default)"&gt;$this&lt;/span&gt;&lt;span style="color: var(--highlight-keyword)"&gt;-&amp;gt;&lt;/span&gt;&lt;span style="color: var(--highlight-default)"&gt;getSelectSQL&lt;/span&gt;&lt;span style="color: var(--highlight-keyword)"&gt;(&lt;/span&gt;&lt;span style="color: var(--highlight-default)"&gt;$criteria&lt;/span&gt;&lt;span style="color: var(--highlight-keyword)"&gt;,&amp;nbsp;&lt;/span&gt;&lt;span style="color: var(--highlight-default)"&gt;$assoc&lt;/span&gt;&lt;span style="color: var(--highlight-keyword)"&gt;,&amp;nbsp;&lt;/span&gt;&lt;span style="color: var(--highlight-default)"&gt;$lockMode&lt;/span&gt;&lt;span style="color: var(--highlight-keyword)"&gt;,&amp;nbsp;&lt;/span&gt;&lt;span style="color: var(--highlight-default)"&gt;$limit&lt;/span&gt;&lt;span style="color: var(--highlight-keyword)"&gt;,&amp;nbsp;&lt;/span&gt;&lt;span style="color: var(--highlight-default)"&gt;null&lt;/span&gt;&lt;span style="color: var(--highlight-keyword)"&gt;,&amp;nbsp;&lt;/span&gt;&lt;span style="color: var(--highlight-default)"&gt;$orderBy&lt;/span&gt;&lt;span style="color: var(--highlight-keyword)"&gt;);&lt;/span&gt;&lt;/code&gt;&lt;/li&gt;
&lt;li&gt;&lt;code&gt;&lt;span style="color: var(--highlight-keyword)"&gt;&amp;nbsp;&amp;nbsp;&amp;nbsp;&amp;nbsp;&amp;nbsp;&amp;nbsp;&amp;nbsp;&amp;nbsp;[&lt;/span&gt;&lt;span style="color: var(--highlight-default)"&gt;$params&lt;/span&gt;&lt;span style="color: var(--highlight-keyword)"&gt;,&amp;nbsp;&lt;/span&gt;&lt;span style="color: var(--highlight-default)"&gt;$types&lt;/span&gt;&lt;span style="color: var(--highlight-keyword)"&gt;]&amp;nbsp;=&amp;nbsp;&lt;/span&gt;&lt;span style="color: var(--highlight-default)"&gt;$this&lt;/span&gt;&lt;span style="color: var(--highlight-keyword)"&gt;-&amp;gt;&lt;/span&gt;&lt;span style="color: var(--highlight-default)"&gt;expandParameters&lt;/span&gt;&lt;span style="color: var(--highlight-keyword)"&gt;(&lt;/span&gt;&lt;span style="color: var(--highlight-default)"&gt;$criteria&lt;/span&gt;&lt;span style="color: var(--highlight-keyword)"&gt;);&lt;/span&gt;&lt;/code&gt;&lt;/li&gt;
&lt;li class="selected"&gt;&lt;code&gt;&lt;span style="color: var(--highlight-keyword)"&gt;&amp;nbsp;&amp;nbsp;&amp;nbsp;&amp;nbsp;&amp;nbsp;&amp;nbsp;&amp;nbsp;&amp;nbsp;&lt;/span&gt;&lt;span style="color: var(--highlight-default)"&gt;$stmt&amp;nbsp;&amp;nbsp;&amp;nbsp;&amp;nbsp;&amp;nbsp;&amp;nbsp;&amp;nbsp;&amp;nbsp;&amp;nbsp;&amp;nbsp;&amp;nbsp;&amp;nbsp;&amp;nbsp;&lt;/span&gt;&lt;span style="color: var(--highlight-keyword)"&gt;=&amp;nbsp;&lt;/span&gt;&lt;span style="color: var(--highlight-default)"&gt;$this&lt;/span&gt;&lt;span style="color: var(--highlight-keyword)"&gt;-&amp;gt;&lt;/span&gt;&lt;span style="color: var(--highlight-default)"&gt;conn&lt;/span&gt;&lt;span style="color: var(--highlight-keyword)"&gt;-&amp;gt;&lt;/span&gt;&lt;span style="color: var(--highlight-default)"&gt;executeQuery&lt;/span&gt;&lt;span style="color: var(--highlight-keyword)"&gt;(&lt;/span&gt;&lt;span style="color: var(--highlight-default)"&gt;$sql&lt;/span&gt;&lt;span style="color: var(--highlight-keyword)"&gt;,&amp;nbsp;&lt;/span&gt;&lt;span style="color: var(--highlight-default)"&gt;$params&lt;/span&gt;&lt;span style="color: var(--highlight-keyword)"&gt;,&amp;nbsp;&lt;/span&gt;&lt;span style="color: var(--highlight-default)"&gt;$types&lt;/span&gt;&lt;span style="color: var(--highlight-keyword)"&gt;);&lt;/span&gt;&lt;/code&gt;&lt;/li&gt;
&lt;li&gt;&lt;code&gt;&lt;span style="color: var(--highlight-keyword)"&gt;&lt;/span&gt;&lt;/code&gt;&lt;/li&gt;
&lt;li&gt;&lt;code&gt;&lt;span style="color: var(--highlight-keyword)"&gt;&amp;nbsp;&amp;nbsp;&amp;nbsp;&amp;nbsp;&amp;nbsp;&amp;nbsp;&amp;nbsp;&amp;nbsp;if&amp;nbsp;(&lt;/span&gt;&lt;span style="color: var(--highlight-default)"&gt;$entity&amp;nbsp;&lt;/span&gt;&lt;span style="color: var(--highlight-keyword)"&gt;!==&amp;nbsp;&lt;/span&gt;&lt;span style="color: var(--highlight-default)"&gt;null&lt;/span&gt;&lt;span style="color: var(--highlight-keyword)"&gt;)&amp;nbsp;{&lt;/span&gt;&lt;/code&gt;&lt;/li&gt;
&lt;li&gt;&lt;code&gt;&lt;span style="color: var(--highlight-keyword)"&gt;&amp;nbsp;&amp;nbsp;&amp;nbsp;&amp;nbsp;&amp;nbsp;&amp;nbsp;&amp;nbsp;&amp;nbsp;&amp;nbsp;&amp;nbsp;&amp;nbsp;&amp;nbsp;&lt;/span&gt;&lt;span style="color: var(--highlight-default)"&gt;$hints&lt;/span&gt;&lt;span style="color: var(--highlight-keyword)"&gt;[&lt;/span&gt;&lt;span style="color: var(--highlight-default)"&gt;Query&lt;/span&gt;&lt;span style="color: var(--highlight-keyword)"&gt;::&lt;/span&gt;&lt;span style="color: var(--highlight-default)"&gt;HINT_REFRESH&lt;/span&gt;&lt;span style="color: var(--highlight-keyword)"&gt;]&amp;nbsp;&amp;nbsp;&amp;nbsp;&amp;nbsp;&amp;nbsp;&amp;nbsp;&amp;nbsp;&amp;nbsp;=&amp;nbsp;&lt;/span&gt;&lt;span style="color: var(--highlight-default)"&gt;true&lt;/span&gt;&lt;span style="color: var(--highlight-keyword)"&gt;;&lt;/span&gt;&lt;/code&gt;&lt;/li&gt;
&lt;li&gt;&lt;code&gt;&lt;span style="color: var(--highlight-keyword)"&gt;&amp;nbsp;&amp;nbsp;&amp;nbsp;&amp;nbsp;&amp;nbsp;&amp;nbsp;&amp;nbsp;&amp;nbsp;&amp;nbsp;&amp;nbsp;&amp;nbsp;&amp;nbsp;&lt;/span&gt;&lt;span style="color: var(--highlight-default)"&gt;$hints&lt;/span&gt;&lt;span style="color: var(--highlight-keyword)"&gt;[&lt;/span&gt;&lt;span style="color: var(--highlight-default)"&gt;Query&lt;/span&gt;&lt;span style="color: var(--highlight-keyword)"&gt;::&lt;/span&gt;&lt;span style="color: var(--highlight-default)"&gt;HINT_REFRESH_ENTITY&lt;/span&gt;&lt;span style="color: var(--highlight-keyword)"&gt;]&amp;nbsp;=&amp;nbsp;&lt;/span&gt;&lt;span style="color: var(--highlight-default)"&gt;$entity&lt;/span&gt;&lt;span style="color: var(--highlight-keyword)"&gt;;&lt;/span&gt;&lt;/code&gt;&lt;/li&gt;
&lt;li&gt;&lt;code&gt;&lt;span style="color: var(--highlight-keyword)"&gt;&amp;nbsp;&amp;nbsp;&amp;nbsp;&amp;nbsp;&amp;nbsp;&amp;nbsp;&amp;nbsp;&amp;nbsp;}&lt;/span&gt;&lt;/code&gt;&lt;/li&gt;&lt;/ol&gt;    &lt;/div&gt;            &lt;/div&gt;
                        &lt;div class="trace-line "&gt;
                &lt;div class="trace-line-header break-long-words sf-toggle" data-toggle-selector="#trace-html-1-7" data-toggle-initial=""&gt;
            &lt;span class="icon icon-close"&gt;&lt;svg width="1792" height="1792" viewBox="0 0 1792 1792" xmlns="http://www.w3.org/2000/svg"&gt;&lt;path d="M1408 960V832q0-26-19-45t-45-19H448q-26 0-45 19t-19 45v128q0 26 19 45t45 19h896q26 0 45-19t19-45zm256-544v960q0 119-84.5 203.5T1376 1664H416q-119 0-203.5-84.5T128 1376V416q0-119 84.5-203.5T416 128h960q119 0 203.5 84.5T1664 416z"/&gt;&lt;/svg&gt;&lt;/span&gt;
        &lt;span class="icon icon-open"&gt;&lt;svg width="1792" height="1792" viewBox="0 0 1792 1792" xmlns="http://www.w3.org/2000/svg"&gt;&lt;path d="M1408 960V832q0-26-19-45t-45-19h-320V448q0-26-19-45t-45-19H832q-26 0-45 19t-19 45v320H448q-26 0-45 19t-19 45v128q0 26 19 45t45 19h320v320q0 26 19 45t45 19h128q26 0 45-19t19-45v-320h320q26 0 45-19t19-45zm256-544v960q0 119-84.5 203.5T1376 1664H416q-119 0-203.5-84.5T128 1376V416q0-119 84.5-203.5T416 128h960q119 0 203.5 84.5T1664 416z"/&gt;&lt;/svg&gt;&lt;/span&gt;
    
            &lt;span class="trace-class"&gt;&lt;abbr title="Doctrine\ORM\Persisters\Entity\BasicEntityPersister"&gt;BasicEntityPersister&lt;/abbr&gt;&lt;/span&gt;&lt;span class="trace-type"&gt;-&gt;&lt;/span&gt;&lt;span class="trace-method"&gt;load&lt;/span&gt;&lt;span class="trace-arguments"&gt;()&lt;/span&gt;    
                    &lt;span class="block trace-file-path"&gt;
            in
            &lt;a href=""&gt;
                C:\Users\eman\Documents\GitHub\car_dealer\vendor\doctrine\orm\lib\Doctrine\ORM\Persisters\Entity\&lt;strong&gt;BasicEntityPersister.php&lt;/strong&gt;
            &lt;/a&gt;
                        (line 735)
            &lt;span class="icon icon-copy hidden" data-clipboard-text="C:\Users\eman\Documents\GitHub\car_dealer\vendor\doctrine\orm\lib\Doctrine\ORM\Persisters\Entity\BasicEntityPersister.php:735"&gt;
                &lt;svg xmlns="http://www.w3.org/2000/svg" height="24" viewBox="0 0 24 24" width="24"&gt;&lt;path d="M0 0h24v24H0z" fill="none"/&gt;&lt;path d="M16 1H4c-1.1 0-2 .9-2 2v14h2V3h12V1zm3 4H8c-1.1 0-2 .9-2 2v14c0 1.1.9 2 2 2h11c1.1 0 2-.9 2-2V7c0-1.1-.9-2-2-2zm0 16H8V7h11v14z"/&gt;&lt;/svg&gt;            &lt;/span&gt;
        &lt;/span&gt;
    &lt;/div&gt;
    &lt;div id="trace-html-1-7" class="trace-code sf-toggle-content"&gt;
        &lt;ol start="730"&gt;&lt;li&gt;&lt;code&gt;&lt;span style="color: var(--highlight-keyword)"&gt;&amp;nbsp;&amp;nbsp;&amp;nbsp;&amp;nbsp;&lt;/span&gt;&lt;span style="color: var(--highlight-comment)"&gt;/**&lt;/span&gt;&lt;/code&gt;&lt;/li&gt;
&lt;li&gt;&lt;code&gt;&lt;span style="color: var(--highlight-comment)"&gt;&amp;nbsp;&amp;nbsp;&amp;nbsp;&amp;nbsp;&amp;nbsp;*&amp;nbsp;{@inheritdoc}&lt;/span&gt;&lt;/code&gt;&lt;/li&gt;
&lt;li&gt;&lt;code&gt;&lt;span style="color: var(--highlight-comment)"&gt;&amp;nbsp;&amp;nbsp;&amp;nbsp;&amp;nbsp;&amp;nbsp;*/&lt;/span&gt;&lt;/code&gt;&lt;/li&gt;
&lt;li&gt;&lt;code&gt;&lt;span style="color: var(--highlight-comment)"&gt;&amp;nbsp;&amp;nbsp;&amp;nbsp;&amp;nbsp;&lt;/span&gt;&lt;span style="color: var(--highlight-keyword)"&gt;public&amp;nbsp;function&amp;nbsp;&lt;/span&gt;&lt;span style="color: var(--highlight-default)"&gt;loadById&lt;/span&gt;&lt;span style="color: var(--highlight-keyword)"&gt;(array&amp;nbsp;&lt;/span&gt;&lt;span style="color: var(--highlight-default)"&gt;$identifier&lt;/span&gt;&lt;span style="color: var(--highlight-keyword)"&gt;,&amp;nbsp;&lt;/span&gt;&lt;span style="color: var(--highlight-default)"&gt;$entity&amp;nbsp;&lt;/span&gt;&lt;span style="color: var(--highlight-keyword)"&gt;=&amp;nbsp;&lt;/span&gt;&lt;span style="color: var(--highlight-default)"&gt;null&lt;/span&gt;&lt;span style="color: var(--highlight-keyword)"&gt;)&lt;/span&gt;&lt;/code&gt;&lt;/li&gt;
&lt;li&gt;&lt;code&gt;&lt;span style="color: var(--highlight-keyword)"&gt;&amp;nbsp;&amp;nbsp;&amp;nbsp;&amp;nbsp;{&lt;/span&gt;&lt;/code&gt;&lt;/li&gt;
&lt;li class="selected"&gt;&lt;code&gt;&lt;span style="color: var(--highlight-keyword)"&gt;&amp;nbsp;&amp;nbsp;&amp;nbsp;&amp;nbsp;&amp;nbsp;&amp;nbsp;&amp;nbsp;&amp;nbsp;return&amp;nbsp;&lt;/span&gt;&lt;span style="color: var(--highlight-default)"&gt;$this&lt;/span&gt;&lt;span style="color: var(--highlight-keyword)"&gt;-&amp;gt;&lt;/span&gt;&lt;span style="color: var(--highlight-default)"&gt;load&lt;/span&gt;&lt;span style="color: var(--highlight-keyword)"&gt;(&lt;/span&gt;&lt;span style="color: var(--highlight-default)"&gt;$identifier&lt;/span&gt;&lt;span style="color: var(--highlight-keyword)"&gt;,&amp;nbsp;&lt;/span&gt;&lt;span style="color: var(--highlight-default)"&gt;$entity&lt;/span&gt;&lt;span style="color: var(--highlight-keyword)"&gt;);&lt;/span&gt;&lt;/code&gt;&lt;/li&gt;
&lt;li&gt;&lt;code&gt;&lt;span style="color: var(--highlight-keyword)"&gt;&amp;nbsp;&amp;nbsp;&amp;nbsp;&amp;nbsp;}&lt;/span&gt;&lt;/code&gt;&lt;/li&gt;
&lt;li&gt;&lt;code&gt;&lt;span style="color: var(--highlight-keyword)"&gt;&lt;/span&gt;&lt;/code&gt;&lt;/li&gt;
&lt;li&gt;&lt;code&gt;&lt;span style="color: var(--highlight-keyword)"&gt;&amp;nbsp;&amp;nbsp;&amp;nbsp;&amp;nbsp;&lt;/span&gt;&lt;span style="color: var(--highlight-comment)"&gt;/**&lt;/span&gt;&lt;/code&gt;&lt;/li&gt;
&lt;li&gt;&lt;code&gt;&lt;span style="color: var(--highlight-comment)"&gt;&amp;nbsp;&amp;nbsp;&amp;nbsp;&amp;nbsp;&amp;nbsp;*&amp;nbsp;{@inheritdoc}&lt;/span&gt;&lt;/code&gt;&lt;/li&gt;
&lt;li&gt;&lt;code&gt;&lt;span style="color: var(--highlight-comment)"&gt;&amp;nbsp;&amp;nbsp;&amp;nbsp;&amp;nbsp;&amp;nbsp;*/&lt;/span&gt;&lt;/code&gt;&lt;/li&gt;&lt;/ol&gt;    &lt;/div&gt;            &lt;/div&gt;
                        &lt;div class="trace-line "&gt;
                &lt;div class="trace-line-header break-long-words sf-toggle" data-toggle-selector="#trace-html-1-8" data-toggle-initial=""&gt;
            &lt;span class="icon icon-close"&gt;&lt;svg width="1792" height="1792" viewBox="0 0 1792 1792" xmlns="http://www.w3.org/2000/svg"&gt;&lt;path d="M1408 960V832q0-26-19-45t-45-19H448q-26 0-45 19t-19 45v128q0 26 19 45t45 19h896q26 0 45-19t19-45zm256-544v960q0 119-84.5 203.5T1376 1664H416q-119 0-203.5-84.5T128 1376V416q0-119 84.5-203.5T416 128h960q119 0 203.5 84.5T1664 416z"/&gt;&lt;/svg&gt;&lt;/span&gt;
        &lt;span class="icon icon-open"&gt;&lt;svg width="1792" height="1792" viewBox="0 0 1792 1792" xmlns="http://www.w3.org/2000/svg"&gt;&lt;path d="M1408 960V832q0-26-19-45t-45-19h-320V448q0-26-19-45t-45-19H832q-26 0-45 19t-19 45v320H448q-26 0-45 19t-19 45v128q0 26 19 45t45 19h320v320q0 26 19 45t45 19h128q26 0 45-19t19-45v-320h320q26 0 45-19t19-45zm256-544v960q0 119-84.5 203.5T1376 1664H416q-119 0-203.5-84.5T128 1376V416q0-119 84.5-203.5T416 128h960q119 0 203.5 84.5T1664 416z"/&gt;&lt;/svg&gt;&lt;/span&gt;
    
            &lt;span class="trace-class"&gt;&lt;abbr title="Doctrine\ORM\Persisters\Entity\BasicEntityPersister"&gt;BasicEntityPersister&lt;/abbr&gt;&lt;/span&gt;&lt;span class="trace-type"&gt;-&gt;&lt;/span&gt;&lt;span class="trace-method"&gt;loadById&lt;/span&gt;&lt;span class="trace-arguments"&gt;()&lt;/span&gt;    
                    &lt;span class="block trace-file-path"&gt;
            in
            &lt;a href=""&gt;
                C:\Users\eman\Documents\GitHub\car_dealer\vendor\doctrine\orm\lib\Doctrine\ORM\&lt;strong&gt;EntityManager.php&lt;/strong&gt;
            &lt;/a&gt;
                        (line 497)
            &lt;span class="icon icon-copy hidden" data-clipboard-text="C:\Users\eman\Documents\GitHub\car_dealer\vendor\doctrine\orm\lib\Doctrine\ORM\EntityManager.php:497"&gt;
                &lt;svg xmlns="http://www.w3.org/2000/svg" height="24" viewBox="0 0 24 24" width="24"&gt;&lt;path d="M0 0h24v24H0z" fill="none"/&gt;&lt;path d="M16 1H4c-1.1 0-2 .9-2 2v14h2V3h12V1zm3 4H8c-1.1 0-2 .9-2 2v14c0 1.1.9 2 2 2h11c1.1 0 2-.9 2-2V7c0-1.1-.9-2-2-2zm0 16H8V7h11v14z"/&gt;&lt;/svg&gt;            &lt;/span&gt;
        &lt;/span&gt;
    &lt;/div&gt;
    &lt;div id="trace-html-1-8" class="trace-code sf-toggle-content"&gt;
        &lt;ol start="492"&gt;&lt;li&gt;&lt;code&gt;&lt;span style="color: var(--highlight-keyword)"&gt;&amp;nbsp;&amp;nbsp;&amp;nbsp;&amp;nbsp;&amp;nbsp;&amp;nbsp;&amp;nbsp;&amp;nbsp;&amp;nbsp;&amp;nbsp;&amp;nbsp;&amp;nbsp;case&amp;nbsp;&lt;/span&gt;&lt;span style="color: var(--highlight-default)"&gt;$lockMode&amp;nbsp;&lt;/span&gt;&lt;span style="color: var(--highlight-keyword)"&gt;===&amp;nbsp;&lt;/span&gt;&lt;span style="color: var(--highlight-default)"&gt;LockMode&lt;/span&gt;&lt;span style="color: var(--highlight-keyword)"&gt;::&lt;/span&gt;&lt;span style="color: var(--highlight-default)"&gt;PESSIMISTIC_READ&lt;/span&gt;&lt;span style="color: var(--highlight-keyword)"&gt;:&lt;/span&gt;&lt;/code&gt;&lt;/li&gt;
&lt;li&gt;&lt;code&gt;&lt;span style="color: var(--highlight-keyword)"&gt;&amp;nbsp;&amp;nbsp;&amp;nbsp;&amp;nbsp;&amp;nbsp;&amp;nbsp;&amp;nbsp;&amp;nbsp;&amp;nbsp;&amp;nbsp;&amp;nbsp;&amp;nbsp;case&amp;nbsp;&lt;/span&gt;&lt;span style="color: var(--highlight-default)"&gt;$lockMode&amp;nbsp;&lt;/span&gt;&lt;span style="color: var(--highlight-keyword)"&gt;===&amp;nbsp;&lt;/span&gt;&lt;span style="color: var(--highlight-default)"&gt;LockMode&lt;/span&gt;&lt;span style="color: var(--highlight-keyword)"&gt;::&lt;/span&gt;&lt;span style="color: var(--highlight-default)"&gt;PESSIMISTIC_WRITE&lt;/span&gt;&lt;span style="color: var(--highlight-keyword)"&gt;:&lt;/span&gt;&lt;/code&gt;&lt;/li&gt;
&lt;li&gt;&lt;code&gt;&lt;span style="color: var(--highlight-keyword)"&gt;&amp;nbsp;&amp;nbsp;&amp;nbsp;&amp;nbsp;&amp;nbsp;&amp;nbsp;&amp;nbsp;&amp;nbsp;&amp;nbsp;&amp;nbsp;&amp;nbsp;&amp;nbsp;&amp;nbsp;&amp;nbsp;&amp;nbsp;&amp;nbsp;return&amp;nbsp;&lt;/span&gt;&lt;span style="color: var(--highlight-default)"&gt;$persister&lt;/span&gt;&lt;span style="color: var(--highlight-keyword)"&gt;-&amp;gt;&lt;/span&gt;&lt;span style="color: var(--highlight-default)"&gt;load&lt;/span&gt;&lt;span style="color: var(--highlight-keyword)"&gt;(&lt;/span&gt;&lt;span style="color: var(--highlight-default)"&gt;$sortedId&lt;/span&gt;&lt;span style="color: var(--highlight-keyword)"&gt;,&amp;nbsp;&lt;/span&gt;&lt;span style="color: var(--highlight-default)"&gt;null&lt;/span&gt;&lt;span style="color: var(--highlight-keyword)"&gt;,&amp;nbsp;&lt;/span&gt;&lt;span style="color: var(--highlight-default)"&gt;null&lt;/span&gt;&lt;span style="color: var(--highlight-keyword)"&gt;,&amp;nbsp;[],&amp;nbsp;&lt;/span&gt;&lt;span style="color: var(--highlight-default)"&gt;$lockMode&lt;/span&gt;&lt;span style="color: var(--highlight-keyword)"&gt;);&lt;/span&gt;&lt;/code&gt;&lt;/li&gt;
&lt;li&gt;&lt;code&gt;&lt;span style="color: var(--highlight-keyword)"&gt;&lt;/span&gt;&lt;/code&gt;&lt;/li&gt;
&lt;li&gt;&lt;code&gt;&lt;span style="color: var(--highlight-keyword)"&gt;&amp;nbsp;&amp;nbsp;&amp;nbsp;&amp;nbsp;&amp;nbsp;&amp;nbsp;&amp;nbsp;&amp;nbsp;&amp;nbsp;&amp;nbsp;&amp;nbsp;&amp;nbsp;default:&lt;/span&gt;&lt;/code&gt;&lt;/li&gt;
&lt;li class="selected"&gt;&lt;code&gt;&lt;span style="color: var(--highlight-keyword)"&gt;&amp;nbsp;&amp;nbsp;&amp;nbsp;&amp;nbsp;&amp;nbsp;&amp;nbsp;&amp;nbsp;&amp;nbsp;&amp;nbsp;&amp;nbsp;&amp;nbsp;&amp;nbsp;&amp;nbsp;&amp;nbsp;&amp;nbsp;&amp;nbsp;return&amp;nbsp;&lt;/span&gt;&lt;span style="color: var(--highlight-default)"&gt;$persister&lt;/span&gt;&lt;span style="color: var(--highlight-keyword)"&gt;-&amp;gt;&lt;/span&gt;&lt;span style="color: var(--highlight-default)"&gt;loadById&lt;/span&gt;&lt;span style="color: var(--highlight-keyword)"&gt;(&lt;/span&gt;&lt;span style="color: var(--highlight-default)"&gt;$sortedId&lt;/span&gt;&lt;span style="color: var(--highlight-keyword)"&gt;);&lt;/span&gt;&lt;/code&gt;&lt;/li&gt;
&lt;li&gt;&lt;code&gt;&lt;span style="color: var(--highlight-keyword)"&gt;&amp;nbsp;&amp;nbsp;&amp;nbsp;&amp;nbsp;&amp;nbsp;&amp;nbsp;&amp;nbsp;&amp;nbsp;}&lt;/span&gt;&lt;/code&gt;&lt;/li&gt;
&lt;li&gt;&lt;code&gt;&lt;span style="color: var(--highlight-keyword)"&gt;&amp;nbsp;&amp;nbsp;&amp;nbsp;&amp;nbsp;}&lt;/span&gt;&lt;/code&gt;&lt;/li&gt;
&lt;li&gt;&lt;code&gt;&lt;span style="color: var(--highlight-keyword)"&gt;&lt;/span&gt;&lt;/code&gt;&lt;/li&gt;
&lt;li&gt;&lt;code&gt;&lt;span style="color: var(--highlight-keyword)"&gt;&amp;nbsp;&amp;nbsp;&amp;nbsp;&amp;nbsp;&lt;/span&gt;&lt;span style="color: var(--highlight-comment)"&gt;/**&lt;/span&gt;&lt;/code&gt;&lt;/li&gt;
&lt;li&gt;&lt;code&gt;&lt;span style="color: var(--highlight-comment)"&gt;&amp;nbsp;&amp;nbsp;&amp;nbsp;&amp;nbsp;&amp;nbsp;*&amp;nbsp;{@inheritDoc}&lt;/span&gt;&lt;/code&gt;&lt;/li&gt;&lt;/ol&gt;    &lt;/div&gt;            &lt;/div&gt;
                        &lt;div class="trace-line "&gt;
                &lt;div class="trace-line-header break-long-words sf-toggle" data-toggle-selector="#trace-html-1-9" data-toggle-initial=""&gt;
            &lt;span class="icon icon-close"&gt;&lt;svg width="1792" height="1792" viewBox="0 0 1792 1792" xmlns="http://www.w3.org/2000/svg"&gt;&lt;path d="M1408 960V832q0-26-19-45t-45-19H448q-26 0-45 19t-19 45v128q0 26 19 45t45 19h896q26 0 45-19t19-45zm256-544v960q0 119-84.5 203.5T1376 1664H416q-119 0-203.5-84.5T128 1376V416q0-119 84.5-203.5T416 128h960q119 0 203.5 84.5T1664 416z"/&gt;&lt;/svg&gt;&lt;/span&gt;
        &lt;span class="icon icon-open"&gt;&lt;svg width="1792" height="1792" viewBox="0 0 1792 1792" xmlns="http://www.w3.org/2000/svg"&gt;&lt;path d="M1408 960V832q0-26-19-45t-45-19h-320V448q0-26-19-45t-45-19H832q-26 0-45 19t-19 45v320H448q-26 0-45 19t-19 45v128q0 26 19 45t45 19h320v320q0 26 19 45t45 19h128q26 0 45-19t19-45v-320h320q26 0 45-19t19-45zm256-544v960q0 119-84.5 203.5T1376 1664H416q-119 0-203.5-84.5T128 1376V416q0-119 84.5-203.5T416 128h960q119 0 203.5 84.5T1664 416z"/&gt;&lt;/svg&gt;&lt;/span&gt;
    
            &lt;span class="trace-class"&gt;&lt;abbr title="Doctrine\ORM\EntityManager"&gt;EntityManager&lt;/abbr&gt;&lt;/span&gt;&lt;span class="trace-type"&gt;-&gt;&lt;/span&gt;&lt;span class="trace-method"&gt;find&lt;/span&gt;&lt;span class="trace-arguments"&gt;()&lt;/span&gt;    
                    &lt;span class="block trace-file-path"&gt;
            in
            &lt;a href=""&gt;
                C:\Users\eman\Documents\GitHub\car_dealer\var\cache\test\ContainerLzWfuku\&lt;strong&gt;EntityManager_9a5be93.php&lt;/strong&gt;
            &lt;/a&gt;
                        (line 143)
            &lt;span class="icon icon-copy hidden" data-clipboard-text="C:\Users\eman\Documents\GitHub\car_dealer\var\cache\test\ContainerLzWfuku\EntityManager_9a5be93.php:143"&gt;
                &lt;svg xmlns="http://www.w3.org/2000/svg" height="24" viewBox="0 0 24 24" width="24"&gt;&lt;path d="M0 0h24v24H0z" fill="none"/&gt;&lt;path d="M16 1H4c-1.1 0-2 .9-2 2v14h2V3h12V1zm3 4H8c-1.1 0-2 .9-2 2v14c0 1.1.9 2 2 2h11c1.1 0 2-.9 2-2V7c0-1.1-.9-2-2-2zm0 16H8V7h11v14z"/&gt;&lt;/svg&gt;            &lt;/span&gt;
        &lt;/span&gt;
    &lt;/div&gt;
    &lt;div id="trace-html-1-9" class="trace-code sf-toggle-content"&gt;
        &lt;ol start="138"&gt;&lt;li&gt;&lt;code&gt;&lt;span style="color: var(--highlight-keyword)"&gt;&lt;/span&gt;&lt;/code&gt;&lt;/li&gt;
&lt;li&gt;&lt;code&gt;&lt;span style="color: var(--highlight-keyword)"&gt;&amp;nbsp;&amp;nbsp;&amp;nbsp;&amp;nbsp;public&amp;nbsp;function&amp;nbsp;&lt;/span&gt;&lt;span style="color: var(--highlight-default)"&gt;find&lt;/span&gt;&lt;span style="color: var(--highlight-keyword)"&gt;(&lt;/span&gt;&lt;span style="color: var(--highlight-default)"&gt;$className&lt;/span&gt;&lt;span style="color: var(--highlight-keyword)"&gt;,&amp;nbsp;&lt;/span&gt;&lt;span style="color: var(--highlight-default)"&gt;$id&lt;/span&gt;&lt;span style="color: var(--highlight-keyword)"&gt;,&amp;nbsp;&lt;/span&gt;&lt;span style="color: var(--highlight-default)"&gt;$lockMode&amp;nbsp;&lt;/span&gt;&lt;span style="color: var(--highlight-keyword)"&gt;=&amp;nbsp;&lt;/span&gt;&lt;span style="color: var(--highlight-default)"&gt;null&lt;/span&gt;&lt;span style="color: var(--highlight-keyword)"&gt;,&amp;nbsp;&lt;/span&gt;&lt;span style="color: var(--highlight-default)"&gt;$lockVersion&amp;nbsp;&lt;/span&gt;&lt;span style="color: var(--highlight-keyword)"&gt;=&amp;nbsp;&lt;/span&gt;&lt;span style="color: var(--highlight-default)"&gt;null&lt;/span&gt;&lt;span style="color: var(--highlight-keyword)"&gt;)&lt;/span&gt;&lt;/code&gt;&lt;/li&gt;
&lt;li&gt;&lt;code&gt;&lt;span style="color: var(--highlight-keyword)"&gt;&amp;nbsp;&amp;nbsp;&amp;nbsp;&amp;nbsp;{&lt;/span&gt;&lt;/code&gt;&lt;/li&gt;
&lt;li&gt;&lt;code&gt;&lt;span style="color: var(--highlight-keyword)"&gt;&amp;nbsp;&amp;nbsp;&amp;nbsp;&amp;nbsp;&amp;nbsp;&amp;nbsp;&amp;nbsp;&amp;nbsp;&lt;/span&gt;&lt;span style="color: var(--highlight-default)"&gt;$this&lt;/span&gt;&lt;span style="color: var(--highlight-keyword)"&gt;-&amp;gt;&lt;/span&gt;&lt;span style="color: var(--highlight-default)"&gt;initializer9be91&amp;nbsp;&lt;/span&gt;&lt;span style="color: var(--highlight-keyword)"&gt;&amp;amp;&amp;amp;&amp;nbsp;(&lt;/span&gt;&lt;span style="color: var(--highlight-default)"&gt;$this&lt;/span&gt;&lt;span style="color: var(--highlight-keyword)"&gt;-&amp;gt;&lt;/span&gt;&lt;span style="color: var(--highlight-default)"&gt;initializer9be91&lt;/span&gt;&lt;span style="color: var(--highlight-keyword)"&gt;-&amp;gt;&lt;/span&gt;&lt;span style="color: var(--highlight-default)"&gt;__invoke&lt;/span&gt;&lt;span style="color: var(--highlight-keyword)"&gt;(&lt;/span&gt;&lt;span style="color: var(--highlight-default)"&gt;$valueHolder22b2c&lt;/span&gt;&lt;span style="color: var(--highlight-keyword)"&gt;,&amp;nbsp;&lt;/span&gt;&lt;span style="color: var(--highlight-default)"&gt;$this&lt;/span&gt;&lt;span style="color: var(--highlight-keyword)"&gt;,&amp;nbsp;&lt;/span&gt;&lt;span style="color: var(--highlight-string)"&gt;'find'&lt;/span&gt;&lt;span style="color: var(--highlight-keyword)"&gt;,&amp;nbsp;array(&lt;/span&gt;&lt;span style="color: var(--highlight-string)"&gt;'className'&amp;nbsp;&lt;/span&gt;&lt;span style="color: var(--highlight-keyword)"&gt;=&amp;gt;&amp;nbsp;&lt;/span&gt;&lt;span style="color: var(--highlight-default)"&gt;$className&lt;/span&gt;&lt;span style="color: var(--highlight-keyword)"&gt;,&amp;nbsp;&lt;/span&gt;&lt;span style="color: var(--highlight-string)"&gt;'id'&amp;nbsp;&lt;/span&gt;&lt;span style="color: var(--highlight-keyword)"&gt;=&amp;gt;&amp;nbsp;&lt;/span&gt;&lt;span style="color: var(--highlight-default)"&gt;$id&lt;/span&gt;&lt;span style="color: var(--highlight-keyword)"&gt;,&amp;nbsp;&lt;/span&gt;&lt;span style="color: var(--highlight-string)"&gt;'lockMode'&amp;nbsp;&lt;/span&gt;&lt;span style="color: var(--highlight-keyword)"&gt;=&amp;gt;&amp;nbsp;&lt;/span&gt;&lt;span style="color: var(--highlight-default)"&gt;$lockMode&lt;/span&gt;&lt;span style="color: var(--highlight-keyword)"&gt;,&amp;nbsp;&lt;/span&gt;&lt;span style="color: var(--highlight-string)"&gt;'lockVersion'&amp;nbsp;&lt;/span&gt;&lt;span style="color: var(--highlight-keyword)"&gt;=&amp;gt;&amp;nbsp;&lt;/span&gt;&lt;span style="color: var(--highlight-default)"&gt;$lockVersion&lt;/span&gt;&lt;span style="color: var(--highlight-keyword)"&gt;),&amp;nbsp;&lt;/span&gt;&lt;span style="color: var(--highlight-default)"&gt;$this&lt;/span&gt;&lt;span style="color: var(--highlight-keyword)"&gt;-&amp;gt;&lt;/span&gt;&lt;span style="color: var(--highlight-default)"&gt;initializer9be91&lt;/span&gt;&lt;span style="color: var(--highlight-keyword)"&gt;)&amp;nbsp;||&amp;nbsp;&lt;/span&gt;&lt;span style="color: var(--highlight-default)"&gt;1&lt;/span&gt;&lt;span style="color: var(--highlight-keyword)"&gt;)&amp;nbsp;&amp;amp;&amp;amp;&amp;nbsp;&lt;/span&gt;&lt;span style="color: var(--highlight-default)"&gt;$this&lt;/span&gt;&lt;span style="color: var(--highlight-keyword)"&gt;-&amp;gt;&lt;/span&gt;&lt;span style="color: var(--highlight-default)"&gt;valueHolder22b2c&amp;nbsp;&lt;/span&gt;&lt;span style="color: var(--highlight-keyword)"&gt;=&amp;nbsp;&lt;/span&gt;&lt;span style="color: var(--highlight-default)"&gt;$valueHolder22b2c&lt;/span&gt;&lt;span style="color: var(--highlight-keyword)"&gt;;&lt;/span&gt;&lt;/code&gt;&lt;/li&gt;
&lt;li&gt;&lt;code&gt;&lt;span style="color: var(--highlight-keyword)"&gt;&lt;/span&gt;&lt;/code&gt;&lt;/li&gt;
&lt;li class="selected"&gt;&lt;code&gt;&lt;span style="color: var(--highlight-keyword)"&gt;&amp;nbsp;&amp;nbsp;&amp;nbsp;&amp;nbsp;&amp;nbsp;&amp;nbsp;&amp;nbsp;&amp;nbsp;return&amp;nbsp;&lt;/span&gt;&lt;span style="color: var(--highlight-default)"&gt;$this&lt;/span&gt;&lt;span style="color: var(--highlight-keyword)"&gt;-&amp;gt;&lt;/span&gt;&lt;span style="color: var(--highlight-default)"&gt;valueHolder22b2c&lt;/span&gt;&lt;span style="color: var(--highlight-keyword)"&gt;-&amp;gt;&lt;/span&gt;&lt;span style="color: var(--highlight-default)"&gt;find&lt;/span&gt;&lt;span style="color: var(--highlight-keyword)"&gt;(&lt;/span&gt;&lt;span style="color: var(--highlight-default)"&gt;$className&lt;/span&gt;&lt;span style="color: var(--highlight-keyword)"&gt;,&amp;nbsp;&lt;/span&gt;&lt;span style="color: var(--highlight-default)"&gt;$id&lt;/span&gt;&lt;span style="color: var(--highlight-keyword)"&gt;,&amp;nbsp;&lt;/span&gt;&lt;span style="color: var(--highlight-default)"&gt;$lockMode&lt;/span&gt;&lt;span style="color: var(--highlight-keyword)"&gt;,&amp;nbsp;&lt;/span&gt;&lt;span style="color: var(--highlight-default)"&gt;$lockVersion&lt;/span&gt;&lt;span style="color: var(--highlight-keyword)"&gt;);&lt;/span&gt;&lt;/code&gt;&lt;/li&gt;
&lt;li&gt;&lt;code&gt;&lt;span style="color: var(--highlight-keyword)"&gt;&amp;nbsp;&amp;nbsp;&amp;nbsp;&amp;nbsp;}&lt;/span&gt;&lt;/code&gt;&lt;/li&gt;
&lt;li&gt;&lt;code&gt;&lt;span style="color: var(--highlight-keyword)"&gt;&lt;/span&gt;&lt;/code&gt;&lt;/li&gt;
&lt;li&gt;&lt;code&gt;&lt;span style="color: var(--highlight-keyword)"&gt;&amp;nbsp;&amp;nbsp;&amp;nbsp;&amp;nbsp;public&amp;nbsp;function&amp;nbsp;&lt;/span&gt;&lt;span style="color: var(--highlight-default)"&gt;getReference&lt;/span&gt;&lt;span style="color: var(--highlight-keyword)"&gt;(&lt;/span&gt;&lt;span style="color: var(--highlight-default)"&gt;$entityName&lt;/span&gt;&lt;span style="color: var(--highlight-keyword)"&gt;,&amp;nbsp;&lt;/span&gt;&lt;span style="color: var(--highlight-default)"&gt;$id&lt;/span&gt;&lt;span style="color: var(--highlight-keyword)"&gt;)&lt;/span&gt;&lt;/code&gt;&lt;/li&gt;
&lt;li&gt;&lt;code&gt;&lt;span style="color: var(--highlight-keyword)"&gt;&amp;nbsp;&amp;nbsp;&amp;nbsp;&amp;nbsp;{&lt;/span&gt;&lt;/code&gt;&lt;/li&gt;
&lt;li&gt;&lt;code&gt;&lt;span style="color: var(--highlight-keyword)"&gt;&amp;nbsp;&amp;nbsp;&amp;nbsp;&amp;nbsp;&amp;nbsp;&amp;nbsp;&amp;nbsp;&amp;nbsp;&lt;/span&gt;&lt;span style="color: var(--highlight-default)"&gt;$this&lt;/span&gt;&lt;span style="color: var(--highlight-keyword)"&gt;-&amp;gt;&lt;/span&gt;&lt;span style="color: var(--highlight-default)"&gt;initializer9be91&amp;nbsp;&lt;/span&gt;&lt;span style="color: var(--highlight-keyword)"&gt;&amp;amp;&amp;amp;&amp;nbsp;(&lt;/span&gt;&lt;span style="color: var(--highlight-default)"&gt;$this&lt;/span&gt;&lt;span style="color: var(--highlight-keyword)"&gt;-&amp;gt;&lt;/span&gt;&lt;span style="color: var(--highlight-default)"&gt;initializer9be91&lt;/span&gt;&lt;span style="color: var(--highlight-keyword)"&gt;-&amp;gt;&lt;/span&gt;&lt;span style="color: var(--highlight-default)"&gt;__invoke&lt;/span&gt;&lt;span style="color: var(--highlight-keyword)"&gt;(&lt;/span&gt;&lt;span style="color: var(--highlight-default)"&gt;$valueHolder22b2c&lt;/span&gt;&lt;span style="color: var(--highlight-keyword)"&gt;,&amp;nbsp;&lt;/span&gt;&lt;span style="color: var(--highlight-default)"&gt;$this&lt;/span&gt;&lt;span style="color: var(--highlight-keyword)"&gt;,&amp;nbsp;&lt;/span&gt;&lt;span style="color: var(--highlight-string)"&gt;'getReference'&lt;/span&gt;&lt;span style="color: var(--highlight-keyword)"&gt;,&amp;nbsp;array(&lt;/span&gt;&lt;span style="color: var(--highlight-string)"&gt;'entityName'&amp;nbsp;&lt;/span&gt;&lt;span style="color: var(--highlight-keyword)"&gt;=&amp;gt;&amp;nbsp;&lt;/span&gt;&lt;span style="color: var(--highlight-default)"&gt;$entityName&lt;/span&gt;&lt;span style="color: var(--highlight-keyword)"&gt;,&amp;nbsp;&lt;/span&gt;&lt;span style="color: var(--highlight-string)"&gt;'id'&amp;nbsp;&lt;/span&gt;&lt;span style="color: var(--highlight-keyword)"&gt;=&amp;gt;&amp;nbsp;&lt;/span&gt;&lt;span style="color: var(--highlight-default)"&gt;$id&lt;/span&gt;&lt;span style="color: var(--highlight-keyword)"&gt;),&amp;nbsp;&lt;/span&gt;&lt;span style="color: var(--highlight-default)"&gt;$this&lt;/span&gt;&lt;span style="color: var(--highlight-keyword)"&gt;-&amp;gt;&lt;/span&gt;&lt;span style="color: var(--highlight-default)"&gt;initializer9be91&lt;/span&gt;&lt;span style="color: var(--highlight-keyword)"&gt;)&amp;nbsp;||&amp;nbsp;&lt;/span&gt;&lt;span style="color: var(--highlight-default)"&gt;1&lt;/span&gt;&lt;span style="color: var(--highlight-keyword)"&gt;)&amp;nbsp;&amp;amp;&amp;amp;&amp;nbsp;&lt;/span&gt;&lt;span style="color: var(--highlight-default)"&gt;$this&lt;/span&gt;&lt;span style="color: var(--highlight-keyword)"&gt;-&amp;gt;&lt;/span&gt;&lt;span style="color: var(--highlight-default)"&gt;valueHolder22b2c&amp;nbsp;&lt;/span&gt;&lt;span style="color: var(--highlight-keyword)"&gt;=&amp;nbsp;&lt;/span&gt;&lt;span style="color: var(--highlight-default)"&gt;$valueHolder22b2c&lt;/span&gt;&lt;span style="color: var(--highlight-keyword)"&gt;;&lt;/span&gt;&lt;/code&gt;&lt;/li&gt;&lt;/ol&gt;    &lt;/div&gt;            &lt;/div&gt;
                        &lt;div class="trace-line "&gt;
                &lt;div class="trace-line-header break-long-words sf-toggle" data-toggle-selector="#trace-html-1-10" data-toggle-initial=""&gt;
            &lt;span class="icon icon-close"&gt;&lt;svg width="1792" height="1792" viewBox="0 0 1792 1792" xmlns="http://www.w3.org/2000/svg"&gt;&lt;path d="M1408 960V832q0-26-19-45t-45-19H448q-26 0-45 19t-19 45v128q0 26 19 45t45 19h896q26 0 45-19t19-45zm256-544v960q0 119-84.5 203.5T1376 1664H416q-119 0-203.5-84.5T128 1376V416q0-119 84.5-203.5T416 128h960q119 0 203.5 84.5T1664 416z"/&gt;&lt;/svg&gt;&lt;/span&gt;
        &lt;span class="icon icon-open"&gt;&lt;svg width="1792" height="1792" viewBox="0 0 1792 1792" xmlns="http://www.w3.org/2000/svg"&gt;&lt;path d="M1408 960V832q0-26-19-45t-45-19h-320V448q0-26-19-45t-45-19H832q-26 0-45 19t-19 45v320H448q-26 0-45 19t-19 45v128q0 26 19 45t45 19h320v320q0 26 19 45t45 19h128q26 0 45-19t19-45v-320h320q26 0 45-19t19-45zm256-544v960q0 119-84.5 203.5T1376 1664H416q-119 0-203.5-84.5T128 1376V416q0-119 84.5-203.5T416 128h960q119 0 203.5 84.5T1664 416z"/&gt;&lt;/svg&gt;&lt;/span&gt;
    
            &lt;span class="trace-class"&gt;&lt;abbr title="ContainerLzWfuku\EntityManager_9a5be93"&gt;EntityManager_9a5be93&lt;/abbr&gt;&lt;/span&gt;&lt;span class="trace-type"&gt;-&gt;&lt;/span&gt;&lt;span class="trace-method"&gt;find&lt;/span&gt;&lt;span class="trace-arguments"&gt;()&lt;/span&gt;    
                    &lt;span class="block trace-file-path"&gt;
            in
            &lt;a href=""&gt;
                C:\Users\eman\Documents\GitHub\car_dealer\vendor\doctrine\orm\lib\Doctrine\ORM\&lt;strong&gt;EntityRepository.php&lt;/strong&gt;
            &lt;/a&gt;
                        (line 174)
            &lt;span class="icon icon-copy hidden" data-clipboard-text="C:\Users\eman\Documents\GitHub\car_dealer\vendor\doctrine\orm\lib\Doctrine\ORM\EntityRepository.php:174"&gt;
                &lt;svg xmlns="http://www.w3.org/2000/svg" height="24" viewBox="0 0 24 24" width="24"&gt;&lt;path d="M0 0h24v24H0z" fill="none"/&gt;&lt;path d="M16 1H4c-1.1 0-2 .9-2 2v14h2V3h12V1zm3 4H8c-1.1 0-2 .9-2 2v14c0 1.1.9 2 2 2h11c1.1 0 2-.9 2-2V7c0-1.1-.9-2-2-2zm0 16H8V7h11v14z"/&gt;&lt;/svg&gt;            &lt;/span&gt;
        &lt;/span&gt;
    &lt;/div&gt;
    &lt;div id="trace-html-1-10" class="trace-code sf-toggle-content"&gt;
        &lt;ol start="169"&gt;&lt;li&gt;&lt;code&gt;&lt;span style="color: var(--highlight-comment)"&gt;&amp;nbsp;&amp;nbsp;&amp;nbsp;&amp;nbsp;&amp;nbsp;*&amp;nbsp;@return&amp;nbsp;object|null&amp;nbsp;The&amp;nbsp;entity&amp;nbsp;instance&amp;nbsp;or&amp;nbsp;NULL&amp;nbsp;if&amp;nbsp;the&amp;nbsp;entity&amp;nbsp;can&amp;nbsp;not&amp;nbsp;be&amp;nbsp;found.&lt;/span&gt;&lt;/code&gt;&lt;/li&gt;
&lt;li&gt;&lt;code&gt;&lt;span style="color: var(--highlight-comment)"&gt;&amp;nbsp;&amp;nbsp;&amp;nbsp;&amp;nbsp;&amp;nbsp;*&amp;nbsp;@psalm-return&amp;nbsp;?T&lt;/span&gt;&lt;/code&gt;&lt;/li&gt;
&lt;li&gt;&lt;code&gt;&lt;span style="color: var(--highlight-comment)"&gt;&amp;nbsp;&amp;nbsp;&amp;nbsp;&amp;nbsp;&amp;nbsp;*/&lt;/span&gt;&lt;/code&gt;&lt;/li&gt;
&lt;li&gt;&lt;code&gt;&lt;span style="color: var(--highlight-comment)"&gt;&amp;nbsp;&amp;nbsp;&amp;nbsp;&amp;nbsp;&lt;/span&gt;&lt;span style="color: var(--highlight-keyword)"&gt;public&amp;nbsp;function&amp;nbsp;&lt;/span&gt;&lt;span style="color: var(--highlight-default)"&gt;find&lt;/span&gt;&lt;span style="color: var(--highlight-keyword)"&gt;(&lt;/span&gt;&lt;span style="color: var(--highlight-default)"&gt;$id&lt;/span&gt;&lt;span style="color: var(--highlight-keyword)"&gt;,&amp;nbsp;&lt;/span&gt;&lt;span style="color: var(--highlight-default)"&gt;$lockMode&amp;nbsp;&lt;/span&gt;&lt;span style="color: var(--highlight-keyword)"&gt;=&amp;nbsp;&lt;/span&gt;&lt;span style="color: var(--highlight-default)"&gt;null&lt;/span&gt;&lt;span style="color: var(--highlight-keyword)"&gt;,&amp;nbsp;&lt;/span&gt;&lt;span style="color: var(--highlight-default)"&gt;$lockVersion&amp;nbsp;&lt;/span&gt;&lt;span style="color: var(--highlight-keyword)"&gt;=&amp;nbsp;&lt;/span&gt;&lt;span style="color: var(--highlight-default)"&gt;null&lt;/span&gt;&lt;span style="color: var(--highlight-keyword)"&gt;)&lt;/span&gt;&lt;/code&gt;&lt;/li&gt;
&lt;li&gt;&lt;code&gt;&lt;span style="color: var(--highlight-keyword)"&gt;&amp;nbsp;&amp;nbsp;&amp;nbsp;&amp;nbsp;{&lt;/span&gt;&lt;/code&gt;&lt;/li&gt;
&lt;li class="selected"&gt;&lt;code&gt;&lt;span style="color: var(--highlight-keyword)"&gt;&amp;nbsp;&amp;nbsp;&amp;nbsp;&amp;nbsp;&amp;nbsp;&amp;nbsp;&amp;nbsp;&amp;nbsp;return&amp;nbsp;&lt;/span&gt;&lt;span style="color: var(--highlight-default)"&gt;$this&lt;/span&gt;&lt;span style="color: var(--highlight-keyword)"&gt;-&amp;gt;&lt;/span&gt;&lt;span style="color: var(--highlight-default)"&gt;_em&lt;/span&gt;&lt;span style="color: var(--highlight-keyword)"&gt;-&amp;gt;&lt;/span&gt;&lt;span style="color: var(--highlight-default)"&gt;find&lt;/span&gt;&lt;span style="color: var(--highlight-keyword)"&gt;(&lt;/span&gt;&lt;span style="color: var(--highlight-default)"&gt;$this&lt;/span&gt;&lt;span style="color: var(--highlight-keyword)"&gt;-&amp;gt;&lt;/span&gt;&lt;span style="color: var(--highlight-default)"&gt;_entityName&lt;/span&gt;&lt;span style="color: var(--highlight-keyword)"&gt;,&amp;nbsp;&lt;/span&gt;&lt;span style="color: var(--highlight-default)"&gt;$id&lt;/span&gt;&lt;span style="color: var(--highlight-keyword)"&gt;,&amp;nbsp;&lt;/span&gt;&lt;span style="color: var(--highlight-default)"&gt;$lockMode&lt;/span&gt;&lt;span style="color: var(--highlight-keyword)"&gt;,&amp;nbsp;&lt;/span&gt;&lt;span style="color: var(--highlight-default)"&gt;$lockVersion&lt;/span&gt;&lt;span style="color: var(--highlight-keyword)"&gt;);&lt;/span&gt;&lt;/code&gt;&lt;/li&gt;
&lt;li&gt;&lt;code&gt;&lt;span style="color: var(--highlight-keyword)"&gt;&amp;nbsp;&amp;nbsp;&amp;nbsp;&amp;nbsp;}&lt;/span&gt;&lt;/code&gt;&lt;/li&gt;
&lt;li&gt;&lt;code&gt;&lt;span style="color: var(--highlight-keyword)"&gt;&lt;/span&gt;&lt;/code&gt;&lt;/li&gt;
&lt;li&gt;&lt;code&gt;&lt;span style="color: var(--highlight-keyword)"&gt;&amp;nbsp;&amp;nbsp;&amp;nbsp;&amp;nbsp;&lt;/span&gt;&lt;span style="color: var(--highlight-comment)"&gt;/**&lt;/span&gt;&lt;/code&gt;&lt;/li&gt;
&lt;li&gt;&lt;code&gt;&lt;span style="color: var(--highlight-comment)"&gt;&amp;nbsp;&amp;nbsp;&amp;nbsp;&amp;nbsp;&amp;nbsp;*&amp;nbsp;Finds&amp;nbsp;all&amp;nbsp;entities&amp;nbsp;in&amp;nbsp;the&amp;nbsp;repository.&lt;/span&gt;&lt;/code&gt;&lt;/li&gt;
&lt;li&gt;&lt;code&gt;&lt;span style="color: var(--highlight-comment)"&gt;&amp;nbsp;&amp;nbsp;&amp;nbsp;&amp;nbsp;&amp;nbsp;*&lt;/span&gt;&lt;/code&gt;&lt;/li&gt;&lt;/ol&gt;    &lt;/div&gt;            &lt;/div&gt;
                        &lt;div class="trace-line "&gt;
                &lt;div class="trace-line-header break-long-words sf-toggle" data-toggle-selector="#trace-html-1-11" data-toggle-initial=""&gt;
            &lt;span class="icon icon-close"&gt;&lt;svg width="1792" height="1792" viewBox="0 0 1792 1792" xmlns="http://www.w3.org/2000/svg"&gt;&lt;path d="M1408 960V832q0-26-19-45t-45-19H448q-26 0-45 19t-19 45v128q0 26 19 45t45 19h896q26 0 45-19t19-45zm256-544v960q0 119-84.5 203.5T1376 1664H416q-119 0-203.5-84.5T128 1376V416q0-119 84.5-203.5T416 128h960q119 0 203.5 84.5T1664 416z"/&gt;&lt;/svg&gt;&lt;/span&gt;
        &lt;span class="icon icon-open"&gt;&lt;svg width="1792" height="1792" viewBox="0 0 1792 1792" xmlns="http://www.w3.org/2000/svg"&gt;&lt;path d="M1408 960V832q0-26-19-45t-45-19h-320V448q0-26-19-45t-45-19H832q-26 0-45 19t-19 45v320H448q-26 0-45 19t-19 45v128q0 26 19 45t45 19h320v320q0 26 19 45t45 19h128q26 0 45-19t19-45v-320h320q26 0 45-19t19-45zm256-544v960q0 119-84.5 203.5T1376 1664H416q-119 0-203.5-84.5T128 1376V416q0-119 84.5-203.5T416 128h960q119 0 203.5 84.5T1664 416z"/&gt;&lt;/svg&gt;&lt;/span&gt;
    
            &lt;span class="trace-class"&gt;&lt;abbr title="Doctrine\ORM\EntityRepository"&gt;EntityRepository&lt;/abbr&gt;&lt;/span&gt;&lt;span class="trace-type"&gt;-&gt;&lt;/span&gt;&lt;span class="trace-method"&gt;find&lt;/span&gt;&lt;span class="trace-arguments"&gt;()&lt;/span&gt;    
                    &lt;span class="block trace-file-path"&gt;
            in
            &lt;a href=""&gt;
                C:\Users\eman\Documents\GitHub\car_dealer\vendor\sensio\framework-extra-bundle\src\Request\ParamConverter\&lt;strong&gt;DoctrineParamConverter.php&lt;/strong&gt;
            &lt;/a&gt;
                        (line 142)
            &lt;span class="icon icon-copy hidden" data-clipboard-text="C:\Users\eman\Documents\GitHub\car_dealer\vendor\sensio\framework-extra-bundle\src\Request\ParamConverter\DoctrineParamConverter.php:142"&gt;
                &lt;svg xmlns="http://www.w3.org/2000/svg" height="24" viewBox="0 0 24 24" width="24"&gt;&lt;path d="M0 0h24v24H0z" fill="none"/&gt;&lt;path d="M16 1H4c-1.1 0-2 .9-2 2v14h2V3h12V1zm3 4H8c-1.1 0-2 .9-2 2v14c0 1.1.9 2 2 2h11c1.1 0 2-.9 2-2V7c0-1.1-.9-2-2-2zm0 16H8V7h11v14z"/&gt;&lt;/svg&gt;            &lt;/span&gt;
        &lt;/span&gt;
    &lt;/div&gt;
    &lt;div id="trace-html-1-11" class="trace-code sf-toggle-content"&gt;
        &lt;ol start="137"&gt;&lt;li&gt;&lt;code&gt;&lt;span style="color: var(--highlight-keyword)"&gt;&amp;nbsp;&amp;nbsp;&amp;nbsp;&amp;nbsp;&amp;nbsp;&amp;nbsp;&amp;nbsp;&amp;nbsp;&amp;nbsp;&amp;nbsp;&amp;nbsp;&amp;nbsp;&amp;nbsp;&amp;nbsp;&amp;nbsp;&amp;nbsp;&lt;/span&gt;&lt;span style="color: var(--highlight-default)"&gt;$cacheProvider&lt;/span&gt;&lt;span style="color: var(--highlight-keyword)"&gt;-&amp;gt;&lt;/span&gt;&lt;span style="color: var(--highlight-default)"&gt;evictEntity&lt;/span&gt;&lt;span style="color: var(--highlight-keyword)"&gt;(&lt;/span&gt;&lt;span style="color: var(--highlight-default)"&gt;$class&lt;/span&gt;&lt;span style="color: var(--highlight-keyword)"&gt;,&amp;nbsp;&lt;/span&gt;&lt;span style="color: var(--highlight-default)"&gt;$id&lt;/span&gt;&lt;span style="color: var(--highlight-keyword)"&gt;);&lt;/span&gt;&lt;/code&gt;&lt;/li&gt;
&lt;li&gt;&lt;code&gt;&lt;span style="color: var(--highlight-keyword)"&gt;&amp;nbsp;&amp;nbsp;&amp;nbsp;&amp;nbsp;&amp;nbsp;&amp;nbsp;&amp;nbsp;&amp;nbsp;&amp;nbsp;&amp;nbsp;&amp;nbsp;&amp;nbsp;}&lt;/span&gt;&lt;/code&gt;&lt;/li&gt;
&lt;li&gt;&lt;code&gt;&lt;span style="color: var(--highlight-keyword)"&gt;&amp;nbsp;&amp;nbsp;&amp;nbsp;&amp;nbsp;&amp;nbsp;&amp;nbsp;&amp;nbsp;&amp;nbsp;}&lt;/span&gt;&lt;/code&gt;&lt;/li&gt;
&lt;li&gt;&lt;code&gt;&lt;span style="color: var(--highlight-keyword)"&gt;&lt;/span&gt;&lt;/code&gt;&lt;/li&gt;
&lt;li&gt;&lt;code&gt;&lt;span style="color: var(--highlight-keyword)"&gt;&amp;nbsp;&amp;nbsp;&amp;nbsp;&amp;nbsp;&amp;nbsp;&amp;nbsp;&amp;nbsp;&amp;nbsp;try&amp;nbsp;{&lt;/span&gt;&lt;/code&gt;&lt;/li&gt;
&lt;li class="selected"&gt;&lt;code&gt;&lt;span style="color: var(--highlight-keyword)"&gt;&amp;nbsp;&amp;nbsp;&amp;nbsp;&amp;nbsp;&amp;nbsp;&amp;nbsp;&amp;nbsp;&amp;nbsp;&amp;nbsp;&amp;nbsp;&amp;nbsp;&amp;nbsp;return&amp;nbsp;&lt;/span&gt;&lt;span style="color: var(--highlight-default)"&gt;$om&lt;/span&gt;&lt;span style="color: var(--highlight-keyword)"&gt;-&amp;gt;&lt;/span&gt;&lt;span style="color: var(--highlight-default)"&gt;getRepository&lt;/span&gt;&lt;span style="color: var(--highlight-keyword)"&gt;(&lt;/span&gt;&lt;span style="color: var(--highlight-default)"&gt;$class&lt;/span&gt;&lt;span style="color: var(--highlight-keyword)"&gt;)-&amp;gt;&lt;/span&gt;&lt;span style="color: var(--highlight-default)"&gt;$method&lt;/span&gt;&lt;span style="color: var(--highlight-keyword)"&gt;(&lt;/span&gt;&lt;span style="color: var(--highlight-default)"&gt;$id&lt;/span&gt;&lt;span style="color: var(--highlight-keyword)"&gt;);&lt;/span&gt;&lt;/code&gt;&lt;/li&gt;
&lt;li&gt;&lt;code&gt;&lt;span style="color: var(--highlight-keyword)"&gt;&amp;nbsp;&amp;nbsp;&amp;nbsp;&amp;nbsp;&amp;nbsp;&amp;nbsp;&amp;nbsp;&amp;nbsp;}&amp;nbsp;catch&amp;nbsp;(&lt;/span&gt;&lt;span style="color: var(--highlight-default)"&gt;NoResultException&amp;nbsp;$e&lt;/span&gt;&lt;span style="color: var(--highlight-keyword)"&gt;)&amp;nbsp;{&lt;/span&gt;&lt;/code&gt;&lt;/li&gt;
&lt;li&gt;&lt;code&gt;&lt;span style="color: var(--highlight-keyword)"&gt;&amp;nbsp;&amp;nbsp;&amp;nbsp;&amp;nbsp;&amp;nbsp;&amp;nbsp;&amp;nbsp;&amp;nbsp;&amp;nbsp;&amp;nbsp;&amp;nbsp;&amp;nbsp;return;&lt;/span&gt;&lt;/code&gt;&lt;/li&gt;
&lt;li&gt;&lt;code&gt;&lt;span style="color: var(--highlight-keyword)"&gt;&amp;nbsp;&amp;nbsp;&amp;nbsp;&amp;nbsp;&amp;nbsp;&amp;nbsp;&amp;nbsp;&amp;nbsp;}&amp;nbsp;catch&amp;nbsp;(&lt;/span&gt;&lt;span style="color: var(--highlight-default)"&gt;ConversionException&amp;nbsp;$e&lt;/span&gt;&lt;span style="color: var(--highlight-keyword)"&gt;)&amp;nbsp;{&lt;/span&gt;&lt;/code&gt;&lt;/li&gt;
&lt;li&gt;&lt;code&gt;&lt;span style="color: var(--highlight-keyword)"&gt;&amp;nbsp;&amp;nbsp;&amp;nbsp;&amp;nbsp;&amp;nbsp;&amp;nbsp;&amp;nbsp;&amp;nbsp;&amp;nbsp;&amp;nbsp;&amp;nbsp;&amp;nbsp;return;&lt;/span&gt;&lt;/code&gt;&lt;/li&gt;
&lt;li&gt;&lt;code&gt;&lt;span style="color: var(--highlight-keyword)"&gt;&amp;nbsp;&amp;nbsp;&amp;nbsp;&amp;nbsp;&amp;nbsp;&amp;nbsp;&amp;nbsp;&amp;nbsp;}&lt;/span&gt;&lt;/code&gt;&lt;/li&gt;&lt;/ol&gt;    &lt;/div&gt;            &lt;/div&gt;
                        &lt;div class="trace-line "&gt;
                &lt;div class="trace-line-header break-long-words sf-toggle" data-toggle-selector="#trace-html-1-12" data-toggle-initial=""&gt;
            &lt;span class="icon icon-close"&gt;&lt;svg width="1792" height="1792" viewBox="0 0 1792 1792" xmlns="http://www.w3.org/2000/svg"&gt;&lt;path d="M1408 960V832q0-26-19-45t-45-19H448q-26 0-45 19t-19 45v128q0 26 19 45t45 19h896q26 0 45-19t19-45zm256-544v960q0 119-84.5 203.5T1376 1664H416q-119 0-203.5-84.5T128 1376V416q0-119 84.5-203.5T416 128h960q119 0 203.5 84.5T1664 416z"/&gt;&lt;/svg&gt;&lt;/span&gt;
        &lt;span class="icon icon-open"&gt;&lt;svg width="1792" height="1792" viewBox="0 0 1792 1792" xmlns="http://www.w3.org/2000/svg"&gt;&lt;path d="M1408 960V832q0-26-19-45t-45-19h-320V448q0-26-19-45t-45-19H832q-26 0-45 19t-19 45v320H448q-26 0-45 19t-19 45v128q0 26 19 45t45 19h320v320q0 26 19 45t45 19h128q26 0 45-19t19-45v-320h320q26 0 45-19t19-45zm256-544v960q0 119-84.5 203.5T1376 1664H416q-119 0-203.5-84.5T128 1376V416q0-119 84.5-203.5T416 128h960q119 0 203.5 84.5T1664 416z"/&gt;&lt;/svg&gt;&lt;/span&gt;
    
            &lt;span class="trace-class"&gt;&lt;abbr title="Sensio\Bundle\FrameworkExtraBundle\Request\ParamConverter\DoctrineParamConverter"&gt;DoctrineParamConverter&lt;/abbr&gt;&lt;/span&gt;&lt;span class="trace-type"&gt;-&gt;&lt;/span&gt;&lt;span class="trace-method"&gt;find&lt;/span&gt;&lt;span class="trace-arguments"&gt;()&lt;/span&gt;    
                    &lt;span class="block trace-file-path"&gt;
            in
            &lt;a href=""&gt;
                C:\Users\eman\Documents\GitHub\car_dealer\vendor\sensio\framework-extra-bundle\src\Request\ParamConverter\&lt;strong&gt;DoctrineParamConverter.php&lt;/strong&gt;
            &lt;/a&gt;
                        (line 91)
            &lt;span class="icon icon-copy hidden" data-clipboard-text="C:\Users\eman\Documents\GitHub\car_dealer\vendor\sensio\framework-extra-bundle\src\Request\ParamConverter\DoctrineParamConverter.php:91"&gt;
                &lt;svg xmlns="http://www.w3.org/2000/svg" height="24" viewBox="0 0 24 24" width="24"&gt;&lt;path d="M0 0h24v24H0z" fill="none"/&gt;&lt;path d="M16 1H4c-1.1 0-2 .9-2 2v14h2V3h12V1zm3 4H8c-1.1 0-2 .9-2 2v14c0 1.1.9 2 2 2h11c1.1 0 2-.9 2-2V7c0-1.1-.9-2-2-2zm0 16H8V7h11v14z"/&gt;&lt;/svg&gt;            &lt;/span&gt;
        &lt;/span&gt;
    &lt;/div&gt;
    &lt;div id="trace-html-1-12" class="trace-code sf-toggle-content"&gt;
        &lt;ol start="86"&gt;&lt;li&gt;&lt;code&gt;&lt;span style="color: var(--highlight-keyword)"&gt;&amp;nbsp;&amp;nbsp;&amp;nbsp;&amp;nbsp;&amp;nbsp;&amp;nbsp;&amp;nbsp;&amp;nbsp;&amp;nbsp;&amp;nbsp;&amp;nbsp;&amp;nbsp;if&amp;nbsp;(&lt;/span&gt;&lt;span style="color: var(--highlight-default)"&gt;null&amp;nbsp;&lt;/span&gt;&lt;span style="color: var(--highlight-keyword)"&gt;===&amp;nbsp;&lt;/span&gt;&lt;span style="color: var(--highlight-default)"&gt;$object&lt;/span&gt;&lt;span style="color: var(--highlight-keyword)"&gt;)&amp;nbsp;{&lt;/span&gt;&lt;/code&gt;&lt;/li&gt;
&lt;li&gt;&lt;code&gt;&lt;span style="color: var(--highlight-keyword)"&gt;&amp;nbsp;&amp;nbsp;&amp;nbsp;&amp;nbsp;&amp;nbsp;&amp;nbsp;&amp;nbsp;&amp;nbsp;&amp;nbsp;&amp;nbsp;&amp;nbsp;&amp;nbsp;&amp;nbsp;&amp;nbsp;&amp;nbsp;&amp;nbsp;&lt;/span&gt;&lt;span style="color: var(--highlight-default)"&gt;$errorMessage&amp;nbsp;&lt;/span&gt;&lt;span style="color: var(--highlight-keyword)"&gt;=&amp;nbsp;&lt;/span&gt;&lt;span style="color: var(--highlight-default)"&gt;sprintf&lt;/span&gt;&lt;span style="color: var(--highlight-keyword)"&gt;(&lt;/span&gt;&lt;span style="color: var(--highlight-string)"&gt;'The&amp;nbsp;expression&amp;nbsp;"%s"&amp;nbsp;returned&amp;nbsp;null'&lt;/span&gt;&lt;span style="color: var(--highlight-keyword)"&gt;,&amp;nbsp;&lt;/span&gt;&lt;span style="color: var(--highlight-default)"&gt;$expr&lt;/span&gt;&lt;span style="color: var(--highlight-keyword)"&gt;);&lt;/span&gt;&lt;/code&gt;&lt;/li&gt;
&lt;li&gt;&lt;code&gt;&lt;span style="color: var(--highlight-keyword)"&gt;&amp;nbsp;&amp;nbsp;&amp;nbsp;&amp;nbsp;&amp;nbsp;&amp;nbsp;&amp;nbsp;&amp;nbsp;&amp;nbsp;&amp;nbsp;&amp;nbsp;&amp;nbsp;}&lt;/span&gt;&lt;/code&gt;&lt;/li&gt;
&lt;li&gt;&lt;code&gt;&lt;span style="color: var(--highlight-keyword)"&gt;&lt;/span&gt;&lt;/code&gt;&lt;/li&gt;
&lt;li&gt;&lt;code&gt;&lt;span style="color: var(--highlight-keyword)"&gt;&amp;nbsp;&amp;nbsp;&amp;nbsp;&amp;nbsp;&amp;nbsp;&amp;nbsp;&amp;nbsp;&amp;nbsp;&amp;nbsp;&amp;nbsp;&amp;nbsp;&amp;nbsp;&lt;/span&gt;&lt;span style="color: var(--highlight-comment)"&gt;//&amp;nbsp;find&amp;nbsp;by&amp;nbsp;identifier?&lt;/span&gt;&lt;/code&gt;&lt;/li&gt;
&lt;li class="selected"&gt;&lt;code&gt;&lt;span style="color: var(--highlight-comment)"&gt;&amp;nbsp;&amp;nbsp;&amp;nbsp;&amp;nbsp;&amp;nbsp;&amp;nbsp;&amp;nbsp;&amp;nbsp;&lt;/span&gt;&lt;span style="color: var(--highlight-keyword)"&gt;}&amp;nbsp;elseif&amp;nbsp;(&lt;/span&gt;&lt;span style="color: var(--highlight-default)"&gt;false&amp;nbsp;&lt;/span&gt;&lt;span style="color: var(--highlight-keyword)"&gt;===&amp;nbsp;&lt;/span&gt;&lt;span style="color: var(--highlight-default)"&gt;$object&amp;nbsp;&lt;/span&gt;&lt;span style="color: var(--highlight-keyword)"&gt;=&amp;nbsp;&lt;/span&gt;&lt;span style="color: var(--highlight-default)"&gt;$this&lt;/span&gt;&lt;span style="color: var(--highlight-keyword)"&gt;-&amp;gt;&lt;/span&gt;&lt;span style="color: var(--highlight-default)"&gt;find&lt;/span&gt;&lt;span style="color: var(--highlight-keyword)"&gt;(&lt;/span&gt;&lt;span style="color: var(--highlight-default)"&gt;$class&lt;/span&gt;&lt;span style="color: var(--highlight-keyword)"&gt;,&amp;nbsp;&lt;/span&gt;&lt;span style="color: var(--highlight-default)"&gt;$request&lt;/span&gt;&lt;span style="color: var(--highlight-keyword)"&gt;,&amp;nbsp;&lt;/span&gt;&lt;span style="color: var(--highlight-default)"&gt;$options&lt;/span&gt;&lt;span style="color: var(--highlight-keyword)"&gt;,&amp;nbsp;&lt;/span&gt;&lt;span style="color: var(--highlight-default)"&gt;$name&lt;/span&gt;&lt;span style="color: var(--highlight-keyword)"&gt;))&amp;nbsp;{&lt;/span&gt;&lt;/code&gt;&lt;/li&gt;
&lt;li&gt;&lt;code&gt;&lt;span style="color: var(--highlight-keyword)"&gt;&amp;nbsp;&amp;nbsp;&amp;nbsp;&amp;nbsp;&amp;nbsp;&amp;nbsp;&amp;nbsp;&amp;nbsp;&amp;nbsp;&amp;nbsp;&amp;nbsp;&amp;nbsp;&lt;/span&gt;&lt;span style="color: var(--highlight-comment)"&gt;//&amp;nbsp;find&amp;nbsp;by&amp;nbsp;criteria&lt;/span&gt;&lt;/code&gt;&lt;/li&gt;
&lt;li&gt;&lt;code&gt;&lt;span style="color: var(--highlight-comment)"&gt;&amp;nbsp;&amp;nbsp;&amp;nbsp;&amp;nbsp;&amp;nbsp;&amp;nbsp;&amp;nbsp;&amp;nbsp;&amp;nbsp;&amp;nbsp;&amp;nbsp;&amp;nbsp;&lt;/span&gt;&lt;span style="color: var(--highlight-keyword)"&gt;if&amp;nbsp;(&lt;/span&gt;&lt;span style="color: var(--highlight-default)"&gt;false&amp;nbsp;&lt;/span&gt;&lt;span style="color: var(--highlight-keyword)"&gt;===&amp;nbsp;&lt;/span&gt;&lt;span style="color: var(--highlight-default)"&gt;$object&amp;nbsp;&lt;/span&gt;&lt;span style="color: var(--highlight-keyword)"&gt;=&amp;nbsp;&lt;/span&gt;&lt;span style="color: var(--highlight-default)"&gt;$this&lt;/span&gt;&lt;span style="color: var(--highlight-keyword)"&gt;-&amp;gt;&lt;/span&gt;&lt;span style="color: var(--highlight-default)"&gt;findOneBy&lt;/span&gt;&lt;span style="color: var(--highlight-keyword)"&gt;(&lt;/span&gt;&lt;span style="color: var(--highlight-default)"&gt;$class&lt;/span&gt;&lt;span style="color: var(--highlight-keyword)"&gt;,&amp;nbsp;&lt;/span&gt;&lt;span style="color: var(--highlight-default)"&gt;$request&lt;/span&gt;&lt;span style="color: var(--highlight-keyword)"&gt;,&amp;nbsp;&lt;/span&gt;&lt;span style="color: var(--highlight-default)"&gt;$options&lt;/span&gt;&lt;span style="color: var(--highlight-keyword)"&gt;))&amp;nbsp;{&lt;/span&gt;&lt;/code&gt;&lt;/li&gt;
&lt;li&gt;&lt;code&gt;&lt;span style="color: var(--highlight-keyword)"&gt;&amp;nbsp;&amp;nbsp;&amp;nbsp;&amp;nbsp;&amp;nbsp;&amp;nbsp;&amp;nbsp;&amp;nbsp;&amp;nbsp;&amp;nbsp;&amp;nbsp;&amp;nbsp;&amp;nbsp;&amp;nbsp;&amp;nbsp;&amp;nbsp;if&amp;nbsp;(&lt;/span&gt;&lt;span style="color: var(--highlight-default)"&gt;$configuration&lt;/span&gt;&lt;span style="color: var(--highlight-keyword)"&gt;-&amp;gt;&lt;/span&gt;&lt;span style="color: var(--highlight-default)"&gt;isOptional&lt;/span&gt;&lt;span style="color: var(--highlight-keyword)"&gt;())&amp;nbsp;{&lt;/span&gt;&lt;/code&gt;&lt;/li&gt;
&lt;li&gt;&lt;code&gt;&lt;span style="color: var(--highlight-keyword)"&gt;&amp;nbsp;&amp;nbsp;&amp;nbsp;&amp;nbsp;&amp;nbsp;&amp;nbsp;&amp;nbsp;&amp;nbsp;&amp;nbsp;&amp;nbsp;&amp;nbsp;&amp;nbsp;&amp;nbsp;&amp;nbsp;&amp;nbsp;&amp;nbsp;&amp;nbsp;&amp;nbsp;&amp;nbsp;&amp;nbsp;&lt;/span&gt;&lt;span style="color: var(--highlight-default)"&gt;$object&amp;nbsp;&lt;/span&gt;&lt;span style="color: var(--highlight-keyword)"&gt;=&amp;nbsp;&lt;/span&gt;&lt;span style="color: var(--highlight-default)"&gt;null&lt;/span&gt;&lt;span style="color: var(--highlight-keyword)"&gt;;&lt;/span&gt;&lt;/code&gt;&lt;/li&gt;
&lt;li&gt;&lt;code&gt;&lt;span style="color: var(--highlight-keyword)"&gt;&amp;nbsp;&amp;nbsp;&amp;nbsp;&amp;nbsp;&amp;nbsp;&amp;nbsp;&amp;nbsp;&amp;nbsp;&amp;nbsp;&amp;nbsp;&amp;nbsp;&amp;nbsp;&amp;nbsp;&amp;nbsp;&amp;nbsp;&amp;nbsp;}&amp;nbsp;else&amp;nbsp;{&lt;/span&gt;&lt;/code&gt;&lt;/li&gt;&lt;/ol&gt;    &lt;/div&gt;            &lt;/div&gt;
                        &lt;div class="trace-line "&gt;
                &lt;div class="trace-line-header break-long-words sf-toggle" data-toggle-selector="#trace-html-1-13" data-toggle-initial=""&gt;
            &lt;span class="icon icon-close"&gt;&lt;svg width="1792" height="1792" viewBox="0 0 1792 1792" xmlns="http://www.w3.org/2000/svg"&gt;&lt;path d="M1408 960V832q0-26-19-45t-45-19H448q-26 0-45 19t-19 45v128q0 26 19 45t45 19h896q26 0 45-19t19-45zm256-544v960q0 119-84.5 203.5T1376 1664H416q-119 0-203.5-84.5T128 1376V416q0-119 84.5-203.5T416 128h960q119 0 203.5 84.5T1664 416z"/&gt;&lt;/svg&gt;&lt;/span&gt;
        &lt;span class="icon icon-open"&gt;&lt;svg width="1792" height="1792" viewBox="0 0 1792 1792" xmlns="http://www.w3.org/2000/svg"&gt;&lt;path d="M1408 960V832q0-26-19-45t-45-19h-320V448q0-26-19-45t-45-19H832q-26 0-45 19t-19 45v320H448q-26 0-45 19t-19 45v128q0 26 19 45t45 19h320v320q0 26 19 45t45 19h128q26 0 45-19t19-45v-320h320q26 0 45-19t19-45zm256-544v960q0 119-84.5 203.5T1376 1664H416q-119 0-203.5-84.5T128 1376V416q0-119 84.5-203.5T416 128h960q119 0 203.5 84.5T1664 416z"/&gt;&lt;/svg&gt;&lt;/span&gt;
    
            &lt;span class="trace-class"&gt;&lt;abbr title="Sensio\Bundle\FrameworkExtraBundle\Request\ParamConverter\DoctrineParamConverter"&gt;DoctrineParamConverter&lt;/abbr&gt;&lt;/span&gt;&lt;span class="trace-type"&gt;-&gt;&lt;/span&gt;&lt;span class="trace-method"&gt;apply&lt;/span&gt;&lt;span class="trace-arguments"&gt;()&lt;/span&gt;    
                    &lt;span class="block trace-file-path"&gt;
            in
            &lt;a href=""&gt;
                C:\Users\eman\Documents\GitHub\car_dealer\vendor\sensio\framework-extra-bundle\src\Request\ParamConverter\&lt;strong&gt;ParamConverterManager.php&lt;/strong&gt;
            &lt;/a&gt;
                        (line 84)
            &lt;span class="icon icon-copy hidden" data-clipboard-text="C:\Users\eman\Documents\GitHub\car_dealer\vendor\sensio\framework-extra-bundle\src\Request\ParamConverter\ParamConverterManager.php:84"&gt;
                &lt;svg xmlns="http://www.w3.org/2000/svg" height="24" viewBox="0 0 24 24" width="24"&gt;&lt;path d="M0 0h24v24H0z" fill="none"/&gt;&lt;path d="M16 1H4c-1.1 0-2 .9-2 2v14h2V3h12V1zm3 4H8c-1.1 0-2 .9-2 2v14c0 1.1.9 2 2 2h11c1.1 0 2-.9 2-2V7c0-1.1-.9-2-2-2zm0 16H8V7h11v14z"/&gt;&lt;/svg&gt;            &lt;/span&gt;
        &lt;/span&gt;
    &lt;/div&gt;
    &lt;div id="trace-html-1-13" class="trace-code sf-toggle-content"&gt;
        &lt;ol start="79"&gt;&lt;li&gt;&lt;code&gt;&lt;span style="color: var(--highlight-keyword)"&gt;&amp;nbsp;&amp;nbsp;&amp;nbsp;&amp;nbsp;&amp;nbsp;&amp;nbsp;&amp;nbsp;&amp;nbsp;&amp;nbsp;&amp;nbsp;&amp;nbsp;&amp;nbsp;return;&lt;/span&gt;&lt;/code&gt;&lt;/li&gt;
&lt;li&gt;&lt;code&gt;&lt;span style="color: var(--highlight-keyword)"&gt;&amp;nbsp;&amp;nbsp;&amp;nbsp;&amp;nbsp;&amp;nbsp;&amp;nbsp;&amp;nbsp;&amp;nbsp;}&lt;/span&gt;&lt;/code&gt;&lt;/li&gt;
&lt;li&gt;&lt;code&gt;&lt;span style="color: var(--highlight-keyword)"&gt;&lt;/span&gt;&lt;/code&gt;&lt;/li&gt;
&lt;li&gt;&lt;code&gt;&lt;span style="color: var(--highlight-keyword)"&gt;&amp;nbsp;&amp;nbsp;&amp;nbsp;&amp;nbsp;&amp;nbsp;&amp;nbsp;&amp;nbsp;&amp;nbsp;foreach&amp;nbsp;(&lt;/span&gt;&lt;span style="color: var(--highlight-default)"&gt;$this&lt;/span&gt;&lt;span style="color: var(--highlight-keyword)"&gt;-&amp;gt;&lt;/span&gt;&lt;span style="color: var(--highlight-default)"&gt;all&lt;/span&gt;&lt;span style="color: var(--highlight-keyword)"&gt;()&amp;nbsp;as&amp;nbsp;&lt;/span&gt;&lt;span style="color: var(--highlight-default)"&gt;$converter&lt;/span&gt;&lt;span style="color: var(--highlight-keyword)"&gt;)&amp;nbsp;{&lt;/span&gt;&lt;/code&gt;&lt;/li&gt;
&lt;li&gt;&lt;code&gt;&lt;span style="color: var(--highlight-keyword)"&gt;&amp;nbsp;&amp;nbsp;&amp;nbsp;&amp;nbsp;&amp;nbsp;&amp;nbsp;&amp;nbsp;&amp;nbsp;&amp;nbsp;&amp;nbsp;&amp;nbsp;&amp;nbsp;if&amp;nbsp;(&lt;/span&gt;&lt;span style="color: var(--highlight-default)"&gt;$converter&lt;/span&gt;&lt;span style="color: var(--highlight-keyword)"&gt;-&amp;gt;&lt;/span&gt;&lt;span style="color: var(--highlight-default)"&gt;supports&lt;/span&gt;&lt;span style="color: var(--highlight-keyword)"&gt;(&lt;/span&gt;&lt;span style="color: var(--highlight-default)"&gt;$configuration&lt;/span&gt;&lt;span style="color: var(--highlight-keyword)"&gt;))&amp;nbsp;{&lt;/span&gt;&lt;/code&gt;&lt;/li&gt;
&lt;li class="selected"&gt;&lt;code&gt;&lt;span style="color: var(--highlight-keyword)"&gt;&amp;nbsp;&amp;nbsp;&amp;nbsp;&amp;nbsp;&amp;nbsp;&amp;nbsp;&amp;nbsp;&amp;nbsp;&amp;nbsp;&amp;nbsp;&amp;nbsp;&amp;nbsp;&amp;nbsp;&amp;nbsp;&amp;nbsp;&amp;nbsp;if&amp;nbsp;(&lt;/span&gt;&lt;span style="color: var(--highlight-default)"&gt;$converter&lt;/span&gt;&lt;span style="color: var(--highlight-keyword)"&gt;-&amp;gt;&lt;/span&gt;&lt;span style="color: var(--highlight-default)"&gt;apply&lt;/span&gt;&lt;span style="color: var(--highlight-keyword)"&gt;(&lt;/span&gt;&lt;span style="color: var(--highlight-default)"&gt;$request&lt;/span&gt;&lt;span style="color: var(--highlight-keyword)"&gt;,&amp;nbsp;&lt;/span&gt;&lt;span style="color: var(--highlight-default)"&gt;$configuration&lt;/span&gt;&lt;span style="color: var(--highlight-keyword)"&gt;))&amp;nbsp;{&lt;/span&gt;&lt;/code&gt;&lt;/li&gt;
&lt;li&gt;&lt;code&gt;&lt;span style="color: var(--highlight-keyword)"&gt;&amp;nbsp;&amp;nbsp;&amp;nbsp;&amp;nbsp;&amp;nbsp;&amp;nbsp;&amp;nbsp;&amp;nbsp;&amp;nbsp;&amp;nbsp;&amp;nbsp;&amp;nbsp;&amp;nbsp;&amp;nbsp;&amp;nbsp;&amp;nbsp;&amp;nbsp;&amp;nbsp;&amp;nbsp;&amp;nbsp;return;&lt;/span&gt;&lt;/code&gt;&lt;/li&gt;
&lt;li&gt;&lt;code&gt;&lt;span style="color: var(--highlight-keyword)"&gt;&amp;nbsp;&amp;nbsp;&amp;nbsp;&amp;nbsp;&amp;nbsp;&amp;nbsp;&amp;nbsp;&amp;nbsp;&amp;nbsp;&amp;nbsp;&amp;nbsp;&amp;nbsp;&amp;nbsp;&amp;nbsp;&amp;nbsp;&amp;nbsp;}&lt;/span&gt;&lt;/code&gt;&lt;/li&gt;
&lt;li&gt;&lt;code&gt;&lt;span style="color: var(--highlight-keyword)"&gt;&amp;nbsp;&amp;nbsp;&amp;nbsp;&amp;nbsp;&amp;nbsp;&amp;nbsp;&amp;nbsp;&amp;nbsp;&amp;nbsp;&amp;nbsp;&amp;nbsp;&amp;nbsp;}&lt;/span&gt;&lt;/code&gt;&lt;/li&gt;
&lt;li&gt;&lt;code&gt;&lt;span style="color: var(--highlight-keyword)"&gt;&amp;nbsp;&amp;nbsp;&amp;nbsp;&amp;nbsp;&amp;nbsp;&amp;nbsp;&amp;nbsp;&amp;nbsp;}&lt;/span&gt;&lt;/code&gt;&lt;/li&gt;
&lt;li&gt;&lt;code&gt;&lt;span style="color: var(--highlight-keyword)"&gt;&amp;nbsp;&amp;nbsp;&amp;nbsp;&amp;nbsp;}&lt;/span&gt;&lt;/code&gt;&lt;/li&gt;&lt;/ol&gt;    &lt;/div&gt;            &lt;/div&gt;
                        &lt;div class="trace-line "&gt;
                &lt;div class="trace-line-header break-long-words sf-toggle" data-toggle-selector="#trace-html-1-14" data-toggle-initial=""&gt;
            &lt;span class="icon icon-close"&gt;&lt;svg width="1792" height="1792" viewBox="0 0 1792 1792" xmlns="http://www.w3.org/2000/svg"&gt;&lt;path d="M1408 960V832q0-26-19-45t-45-19H448q-26 0-45 19t-19 45v128q0 26 19 45t45 19h896q26 0 45-19t19-45zm256-544v960q0 119-84.5 203.5T1376 1664H416q-119 0-203.5-84.5T128 1376V416q0-119 84.5-203.5T416 128h960q119 0 203.5 84.5T1664 416z"/&gt;&lt;/svg&gt;&lt;/span&gt;
        &lt;span class="icon icon-open"&gt;&lt;svg width="1792" height="1792" viewBox="0 0 1792 1792" xmlns="http://www.w3.org/2000/svg"&gt;&lt;path d="M1408 960V832q0-26-19-45t-45-19h-320V448q0-26-19-45t-45-19H832q-26 0-45 19t-19 45v320H448q-26 0-45 19t-19 45v128q0 26 19 45t45 19h320v320q0 26 19 45t45 19h128q26 0 45-19t19-45v-320h320q26 0 45-19t19-45zm256-544v960q0 119-84.5 203.5T1376 1664H416q-119 0-203.5-84.5T128 1376V416q0-119 84.5-203.5T416 128h960q119 0 203.5 84.5T1664 416z"/&gt;&lt;/svg&gt;&lt;/span&gt;
    
            &lt;span class="trace-class"&gt;&lt;abbr title="Sensio\Bundle\FrameworkExtraBundle\Request\ParamConverter\ParamConverterManager"&gt;ParamConverterManager&lt;/abbr&gt;&lt;/span&gt;&lt;span class="trace-type"&gt;-&gt;&lt;/span&gt;&lt;span class="trace-method"&gt;applyConverter&lt;/span&gt;&lt;span class="trace-arguments"&gt;()&lt;/span&gt;    
                    &lt;span class="block trace-file-path"&gt;
            in
            &lt;a href=""&gt;
                C:\Users\eman\Documents\GitHub\car_dealer\vendor\sensio\framework-extra-bundle\src\Request\ParamConverter\&lt;strong&gt;ParamConverterManager.php&lt;/strong&gt;
            &lt;/a&gt;
                        (line 48)
            &lt;span class="icon icon-copy hidden" data-clipboard-text="C:\Users\eman\Documents\GitHub\car_dealer\vendor\sensio\framework-extra-bundle\src\Request\ParamConverter\ParamConverterManager.php:48"&gt;
                &lt;svg xmlns="http://www.w3.org/2000/svg" height="24" viewBox="0 0 24 24" width="24"&gt;&lt;path d="M0 0h24v24H0z" fill="none"/&gt;&lt;path d="M16 1H4c-1.1 0-2 .9-2 2v14h2V3h12V1zm3 4H8c-1.1 0-2 .9-2 2v14c0 1.1.9 2 2 2h11c1.1 0 2-.9 2-2V7c0-1.1-.9-2-2-2zm0 16H8V7h11v14z"/&gt;&lt;/svg&gt;            &lt;/span&gt;
        &lt;/span&gt;
    &lt;/div&gt;
    &lt;div id="trace-html-1-14" class="trace-code sf-toggle-content"&gt;
        &lt;ol start="43"&gt;&lt;li&gt;&lt;code&gt;&lt;span style="color: var(--highlight-keyword)"&gt;&amp;nbsp;&amp;nbsp;&amp;nbsp;&amp;nbsp;&amp;nbsp;&amp;nbsp;&amp;nbsp;&amp;nbsp;if&amp;nbsp;(&lt;/span&gt;&lt;span style="color: var(--highlight-default)"&gt;\is_object&lt;/span&gt;&lt;span style="color: var(--highlight-keyword)"&gt;(&lt;/span&gt;&lt;span style="color: var(--highlight-default)"&gt;$configurations&lt;/span&gt;&lt;span style="color: var(--highlight-keyword)"&gt;))&amp;nbsp;{&lt;/span&gt;&lt;/code&gt;&lt;/li&gt;
&lt;li&gt;&lt;code&gt;&lt;span style="color: var(--highlight-keyword)"&gt;&amp;nbsp;&amp;nbsp;&amp;nbsp;&amp;nbsp;&amp;nbsp;&amp;nbsp;&amp;nbsp;&amp;nbsp;&amp;nbsp;&amp;nbsp;&amp;nbsp;&amp;nbsp;&lt;/span&gt;&lt;span style="color: var(--highlight-default)"&gt;$configurations&amp;nbsp;&lt;/span&gt;&lt;span style="color: var(--highlight-keyword)"&gt;=&amp;nbsp;[&lt;/span&gt;&lt;span style="color: var(--highlight-default)"&gt;$configurations&lt;/span&gt;&lt;span style="color: var(--highlight-keyword)"&gt;];&lt;/span&gt;&lt;/code&gt;&lt;/li&gt;
&lt;li&gt;&lt;code&gt;&lt;span style="color: var(--highlight-keyword)"&gt;&amp;nbsp;&amp;nbsp;&amp;nbsp;&amp;nbsp;&amp;nbsp;&amp;nbsp;&amp;nbsp;&amp;nbsp;}&lt;/span&gt;&lt;/code&gt;&lt;/li&gt;
&lt;li&gt;&lt;code&gt;&lt;span style="color: var(--highlight-keyword)"&gt;&lt;/span&gt;&lt;/code&gt;&lt;/li&gt;
&lt;li&gt;&lt;code&gt;&lt;span style="color: var(--highlight-keyword)"&gt;&amp;nbsp;&amp;nbsp;&amp;nbsp;&amp;nbsp;&amp;nbsp;&amp;nbsp;&amp;nbsp;&amp;nbsp;foreach&amp;nbsp;(&lt;/span&gt;&lt;span style="color: var(--highlight-default)"&gt;$configurations&amp;nbsp;&lt;/span&gt;&lt;span style="color: var(--highlight-keyword)"&gt;as&amp;nbsp;&lt;/span&gt;&lt;span style="color: var(--highlight-default)"&gt;$configuration&lt;/span&gt;&lt;span style="color: var(--highlight-keyword)"&gt;)&amp;nbsp;{&lt;/span&gt;&lt;/code&gt;&lt;/li&gt;
&lt;li class="selected"&gt;&lt;code&gt;&lt;span style="color: var(--highlight-keyword)"&gt;&amp;nbsp;&amp;nbsp;&amp;nbsp;&amp;nbsp;&amp;nbsp;&amp;nbsp;&amp;nbsp;&amp;nbsp;&amp;nbsp;&amp;nbsp;&amp;nbsp;&amp;nbsp;&lt;/span&gt;&lt;span style="color: var(--highlight-default)"&gt;$this&lt;/span&gt;&lt;span style="color: var(--highlight-keyword)"&gt;-&amp;gt;&lt;/span&gt;&lt;span style="color: var(--highlight-default)"&gt;applyConverter&lt;/span&gt;&lt;span style="color: var(--highlight-keyword)"&gt;(&lt;/span&gt;&lt;span style="color: var(--highlight-default)"&gt;$request&lt;/span&gt;&lt;span style="color: var(--highlight-keyword)"&gt;,&amp;nbsp;&lt;/span&gt;&lt;span style="color: var(--highlight-default)"&gt;$configuration&lt;/span&gt;&lt;span style="color: var(--highlight-keyword)"&gt;);&lt;/span&gt;&lt;/code&gt;&lt;/li&gt;
&lt;li&gt;&lt;code&gt;&lt;span style="color: var(--highlight-keyword)"&gt;&amp;nbsp;&amp;nbsp;&amp;nbsp;&amp;nbsp;&amp;nbsp;&amp;nbsp;&amp;nbsp;&amp;nbsp;}&lt;/span&gt;&lt;/code&gt;&lt;/li&gt;
&lt;li&gt;&lt;code&gt;&lt;span style="color: var(--highlight-keyword)"&gt;&amp;nbsp;&amp;nbsp;&amp;nbsp;&amp;nbsp;}&lt;/span&gt;&lt;/code&gt;&lt;/li&gt;
&lt;li&gt;&lt;code&gt;&lt;span style="color: var(--highlight-keyword)"&gt;&lt;/span&gt;&lt;/code&gt;&lt;/li&gt;
&lt;li&gt;&lt;code&gt;&lt;span style="color: var(--highlight-keyword)"&gt;&amp;nbsp;&amp;nbsp;&amp;nbsp;&amp;nbsp;&lt;/span&gt;&lt;span style="color: var(--highlight-comment)"&gt;/**&lt;/span&gt;&lt;/code&gt;&lt;/li&gt;
&lt;li&gt;&lt;code&gt;&lt;span style="color: var(--highlight-comment)"&gt;&amp;nbsp;&amp;nbsp;&amp;nbsp;&amp;nbsp;&amp;nbsp;*&amp;nbsp;Applies&amp;nbsp;converter&amp;nbsp;on&amp;nbsp;request&amp;nbsp;based&amp;nbsp;on&amp;nbsp;the&amp;nbsp;given&amp;nbsp;configuration.&lt;/span&gt;&lt;/code&gt;&lt;/li&gt;&lt;/ol&gt;    &lt;/div&gt;            &lt;/div&gt;
                        &lt;div class="trace-line "&gt;
                &lt;div class="trace-line-header break-long-words sf-toggle" data-toggle-selector="#trace-html-1-15" data-toggle-initial=""&gt;
            &lt;span class="icon icon-close"&gt;&lt;svg width="1792" height="1792" viewBox="0 0 1792 1792" xmlns="http://www.w3.org/2000/svg"&gt;&lt;path d="M1408 960V832q0-26-19-45t-45-19H448q-26 0-45 19t-19 45v128q0 26 19 45t45 19h896q26 0 45-19t19-45zm256-544v960q0 119-84.5 203.5T1376 1664H416q-119 0-203.5-84.5T128 1376V416q0-119 84.5-203.5T416 128h960q119 0 203.5 84.5T1664 416z"/&gt;&lt;/svg&gt;&lt;/span&gt;
        &lt;span class="icon icon-open"&gt;&lt;svg width="1792" height="1792" viewBox="0 0 1792 1792" xmlns="http://www.w3.org/2000/svg"&gt;&lt;path d="M1408 960V832q0-26-19-45t-45-19h-320V448q0-26-19-45t-45-19H832q-26 0-45 19t-19 45v320H448q-26 0-45 19t-19 45v128q0 26 19 45t45 19h320v320q0 26 19 45t45 19h128q26 0 45-19t19-45v-320h320q26 0 45-19t19-45zm256-544v960q0 119-84.5 203.5T1376 1664H416q-119 0-203.5-84.5T128 1376V416q0-119 84.5-203.5T416 128h960q119 0 203.5 84.5T1664 416z"/&gt;&lt;/svg&gt;&lt;/span&gt;
    
            &lt;span class="trace-class"&gt;&lt;abbr title="Sensio\Bundle\FrameworkExtraBundle\Request\ParamConverter\ParamConverterManager"&gt;ParamConverterManager&lt;/abbr&gt;&lt;/span&gt;&lt;span class="trace-type"&gt;-&gt;&lt;/span&gt;&lt;span class="trace-method"&gt;apply&lt;/span&gt;&lt;span class="trace-arguments"&gt;()&lt;/span&gt;    
                    &lt;span class="block trace-file-path"&gt;
            in
            &lt;a href=""&gt;
                C:\Users\eman\Documents\GitHub\car_dealer\vendor\sensio\framework-extra-bundle\src\EventListener\&lt;strong&gt;ParamConverterListener.php&lt;/strong&gt;
            &lt;/a&gt;
                        (line 72)
            &lt;span class="icon icon-copy hidden" data-clipboard-text="C:\Users\eman\Documents\GitHub\car_dealer\vendor\sensio\framework-extra-bundle\src\EventListener\ParamConverterListener.php:72"&gt;
                &lt;svg xmlns="http://www.w3.org/2000/svg" height="24" viewBox="0 0 24 24" width="24"&gt;&lt;path d="M0 0h24v24H0z" fill="none"/&gt;&lt;path d="M16 1H4c-1.1 0-2 .9-2 2v14h2V3h12V1zm3 4H8c-1.1 0-2 .9-2 2v14c0 1.1.9 2 2 2h11c1.1 0 2-.9 2-2V7c0-1.1-.9-2-2-2zm0 16H8V7h11v14z"/&gt;&lt;/svg&gt;            &lt;/span&gt;
        &lt;/span&gt;
    &lt;/div&gt;
    &lt;div id="trace-html-1-15" class="trace-code sf-toggle-content"&gt;
        &lt;ol start="67"&gt;&lt;li&gt;&lt;code&gt;&lt;span style="color: var(--highlight-keyword)"&gt;&amp;nbsp;&amp;nbsp;&amp;nbsp;&amp;nbsp;&amp;nbsp;&amp;nbsp;&amp;nbsp;&amp;nbsp;&amp;nbsp;&amp;nbsp;&amp;nbsp;&amp;nbsp;}&lt;/span&gt;&lt;/code&gt;&lt;/li&gt;
&lt;li&gt;&lt;code&gt;&lt;span style="color: var(--highlight-keyword)"&gt;&lt;/span&gt;&lt;/code&gt;&lt;/li&gt;
&lt;li&gt;&lt;code&gt;&lt;span style="color: var(--highlight-keyword)"&gt;&amp;nbsp;&amp;nbsp;&amp;nbsp;&amp;nbsp;&amp;nbsp;&amp;nbsp;&amp;nbsp;&amp;nbsp;&amp;nbsp;&amp;nbsp;&amp;nbsp;&amp;nbsp;&lt;/span&gt;&lt;span style="color: var(--highlight-default)"&gt;$configurations&amp;nbsp;&lt;/span&gt;&lt;span style="color: var(--highlight-keyword)"&gt;=&amp;nbsp;&lt;/span&gt;&lt;span style="color: var(--highlight-default)"&gt;$this&lt;/span&gt;&lt;span style="color: var(--highlight-keyword)"&gt;-&amp;gt;&lt;/span&gt;&lt;span style="color: var(--highlight-default)"&gt;autoConfigure&lt;/span&gt;&lt;span style="color: var(--highlight-keyword)"&gt;(&lt;/span&gt;&lt;span style="color: var(--highlight-default)"&gt;$r&lt;/span&gt;&lt;span style="color: var(--highlight-keyword)"&gt;,&amp;nbsp;&lt;/span&gt;&lt;span style="color: var(--highlight-default)"&gt;$request&lt;/span&gt;&lt;span style="color: var(--highlight-keyword)"&gt;,&amp;nbsp;&lt;/span&gt;&lt;span style="color: var(--highlight-default)"&gt;$configurations&lt;/span&gt;&lt;span style="color: var(--highlight-keyword)"&gt;);&lt;/span&gt;&lt;/code&gt;&lt;/li&gt;
&lt;li&gt;&lt;code&gt;&lt;span style="color: var(--highlight-keyword)"&gt;&amp;nbsp;&amp;nbsp;&amp;nbsp;&amp;nbsp;&amp;nbsp;&amp;nbsp;&amp;nbsp;&amp;nbsp;}&lt;/span&gt;&lt;/code&gt;&lt;/li&gt;
&lt;li&gt;&lt;code&gt;&lt;span style="color: var(--highlight-keyword)"&gt;&lt;/span&gt;&lt;/code&gt;&lt;/li&gt;
&lt;li class="selected"&gt;&lt;code&gt;&lt;span style="color: var(--highlight-keyword)"&gt;&amp;nbsp;&amp;nbsp;&amp;nbsp;&amp;nbsp;&amp;nbsp;&amp;nbsp;&amp;nbsp;&amp;nbsp;&lt;/span&gt;&lt;span style="color: var(--highlight-default)"&gt;$this&lt;/span&gt;&lt;span style="color: var(--highlight-keyword)"&gt;-&amp;gt;&lt;/span&gt;&lt;span style="color: var(--highlight-default)"&gt;manager&lt;/span&gt;&lt;span style="color: var(--highlight-keyword)"&gt;-&amp;gt;&lt;/span&gt;&lt;span style="color: var(--highlight-default)"&gt;apply&lt;/span&gt;&lt;span style="color: var(--highlight-keyword)"&gt;(&lt;/span&gt;&lt;span style="color: var(--highlight-default)"&gt;$request&lt;/span&gt;&lt;span style="color: var(--highlight-keyword)"&gt;,&amp;nbsp;&lt;/span&gt;&lt;span style="color: var(--highlight-default)"&gt;$configurations&lt;/span&gt;&lt;span style="color: var(--highlight-keyword)"&gt;);&lt;/span&gt;&lt;/code&gt;&lt;/li&gt;
&lt;li&gt;&lt;code&gt;&lt;span style="color: var(--highlight-keyword)"&gt;&amp;nbsp;&amp;nbsp;&amp;nbsp;&amp;nbsp;}&lt;/span&gt;&lt;/code&gt;&lt;/li&gt;
&lt;li&gt;&lt;code&gt;&lt;span style="color: var(--highlight-keyword)"&gt;&lt;/span&gt;&lt;/code&gt;&lt;/li&gt;
&lt;li&gt;&lt;code&gt;&lt;span style="color: var(--highlight-keyword)"&gt;&amp;nbsp;&amp;nbsp;&amp;nbsp;&amp;nbsp;private&amp;nbsp;function&amp;nbsp;&lt;/span&gt;&lt;span style="color: var(--highlight-default)"&gt;autoConfigure&lt;/span&gt;&lt;span style="color: var(--highlight-keyword)"&gt;(&lt;/span&gt;&lt;span style="color: var(--highlight-default)"&gt;\ReflectionFunctionAbstract&amp;nbsp;$r&lt;/span&gt;&lt;span style="color: var(--highlight-keyword)"&gt;,&amp;nbsp;&lt;/span&gt;&lt;span style="color: var(--highlight-default)"&gt;Request&amp;nbsp;$request&lt;/span&gt;&lt;span style="color: var(--highlight-keyword)"&gt;,&amp;nbsp;&lt;/span&gt;&lt;span style="color: var(--highlight-default)"&gt;$configurations&lt;/span&gt;&lt;span style="color: var(--highlight-keyword)"&gt;)&lt;/span&gt;&lt;/code&gt;&lt;/li&gt;
&lt;li&gt;&lt;code&gt;&lt;span style="color: var(--highlight-keyword)"&gt;&amp;nbsp;&amp;nbsp;&amp;nbsp;&amp;nbsp;{&lt;/span&gt;&lt;/code&gt;&lt;/li&gt;
&lt;li&gt;&lt;code&gt;&lt;span style="color: var(--highlight-keyword)"&gt;&amp;nbsp;&amp;nbsp;&amp;nbsp;&amp;nbsp;&amp;nbsp;&amp;nbsp;&amp;nbsp;&amp;nbsp;foreach&amp;nbsp;(&lt;/span&gt;&lt;span style="color: var(--highlight-default)"&gt;$r&lt;/span&gt;&lt;span style="color: var(--highlight-keyword)"&gt;-&amp;gt;&lt;/span&gt;&lt;span style="color: var(--highlight-default)"&gt;getParameters&lt;/span&gt;&lt;span style="color: var(--highlight-keyword)"&gt;()&amp;nbsp;as&amp;nbsp;&lt;/span&gt;&lt;span style="color: var(--highlight-default)"&gt;$param&lt;/span&gt;&lt;span style="color: var(--highlight-keyword)"&gt;)&amp;nbsp;{&lt;/span&gt;&lt;/code&gt;&lt;/li&gt;&lt;/ol&gt;    &lt;/div&gt;            &lt;/div&gt;
                        &lt;div class="trace-line "&gt;
                &lt;div class="trace-line-header break-long-words sf-toggle" data-toggle-selector="#trace-html-1-16" data-toggle-initial=""&gt;
            &lt;span class="icon icon-close"&gt;&lt;svg width="1792" height="1792" viewBox="0 0 1792 1792" xmlns="http://www.w3.org/2000/svg"&gt;&lt;path d="M1408 960V832q0-26-19-45t-45-19H448q-26 0-45 19t-19 45v128q0 26 19 45t45 19h896q26 0 45-19t19-45zm256-544v960q0 119-84.5 203.5T1376 1664H416q-119 0-203.5-84.5T128 1376V416q0-119 84.5-203.5T416 128h960q119 0 203.5 84.5T1664 416z"/&gt;&lt;/svg&gt;&lt;/span&gt;
        &lt;span class="icon icon-open"&gt;&lt;svg width="1792" height="1792" viewBox="0 0 1792 1792" xmlns="http://www.w3.org/2000/svg"&gt;&lt;path d="M1408 960V832q0-26-19-45t-45-19h-320V448q0-26-19-45t-45-19H832q-26 0-45 19t-19 45v320H448q-26 0-45 19t-19 45v128q0 26 19 45t45 19h320v320q0 26 19 45t45 19h128q26 0 45-19t19-45v-320h320q26 0 45-19t19-45zm256-544v960q0 119-84.5 203.5T1376 1664H416q-119 0-203.5-84.5T128 1376V416q0-119 84.5-203.5T416 128h960q119 0 203.5 84.5T1664 416z"/&gt;&lt;/svg&gt;&lt;/span&gt;
    
            &lt;span class="trace-class"&gt;&lt;abbr title="Sensio\Bundle\FrameworkExtraBundle\EventListener\ParamConverterListener"&gt;ParamConverterListener&lt;/abbr&gt;&lt;/span&gt;&lt;span class="trace-type"&gt;-&gt;&lt;/span&gt;&lt;span class="trace-method"&gt;onKernelController&lt;/span&gt;&lt;span class="trace-arguments"&gt;()&lt;/span&gt;    
                    &lt;span class="block trace-file-path"&gt;
            in
            &lt;a href=""&gt;
                C:\Users\eman\Documents\GitHub\car_dealer\vendor\symfony\event-dispatcher\Debug\&lt;strong&gt;WrappedListener.php&lt;/strong&gt;
            &lt;/a&gt;
                        (line 111)
            &lt;span class="icon icon-copy hidden" data-clipboard-text="C:\Users\eman\Documents\GitHub\car_dealer\vendor\symfony\event-dispatcher\Debug\WrappedListener.php:111"&gt;
                &lt;svg xmlns="http://www.w3.org/2000/svg" height="24" viewBox="0 0 24 24" width="24"&gt;&lt;path d="M0 0h24v24H0z" fill="none"/&gt;&lt;path d="M16 1H4c-1.1 0-2 .9-2 2v14h2V3h12V1zm3 4H8c-1.1 0-2 .9-2 2v14c0 1.1.9 2 2 2h11c1.1 0 2-.9 2-2V7c0-1.1-.9-2-2-2zm0 16H8V7h11v14z"/&gt;&lt;/svg&gt;            &lt;/span&gt;
        &lt;/span&gt;
    &lt;/div&gt;
    &lt;div id="trace-html-1-16" class="trace-code sf-toggle-content"&gt;
        &lt;ol start="106"&gt;&lt;li&gt;&lt;code&gt;&lt;span style="color: var(--highlight-keyword)"&gt;&amp;nbsp;&amp;nbsp;&amp;nbsp;&amp;nbsp;&amp;nbsp;&amp;nbsp;&amp;nbsp;&amp;nbsp;&lt;/span&gt;&lt;span style="color: var(--highlight-default)"&gt;$this&lt;/span&gt;&lt;span style="color: var(--highlight-keyword)"&gt;-&amp;gt;&lt;/span&gt;&lt;span style="color: var(--highlight-default)"&gt;called&amp;nbsp;&lt;/span&gt;&lt;span style="color: var(--highlight-keyword)"&gt;=&amp;nbsp;&lt;/span&gt;&lt;span style="color: var(--highlight-default)"&gt;true&lt;/span&gt;&lt;span style="color: var(--highlight-keyword)"&gt;;&lt;/span&gt;&lt;/code&gt;&lt;/li&gt;
&lt;li&gt;&lt;code&gt;&lt;span style="color: var(--highlight-keyword)"&gt;&amp;nbsp;&amp;nbsp;&amp;nbsp;&amp;nbsp;&amp;nbsp;&amp;nbsp;&amp;nbsp;&amp;nbsp;&lt;/span&gt;&lt;span style="color: var(--highlight-default)"&gt;$this&lt;/span&gt;&lt;span style="color: var(--highlight-keyword)"&gt;-&amp;gt;&lt;/span&gt;&lt;span style="color: var(--highlight-default)"&gt;priority&amp;nbsp;&lt;/span&gt;&lt;span style="color: var(--highlight-keyword)"&gt;=&amp;nbsp;&lt;/span&gt;&lt;span style="color: var(--highlight-default)"&gt;$dispatcher&lt;/span&gt;&lt;span style="color: var(--highlight-keyword)"&gt;-&amp;gt;&lt;/span&gt;&lt;span style="color: var(--highlight-default)"&gt;getListenerPriority&lt;/span&gt;&lt;span style="color: var(--highlight-keyword)"&gt;(&lt;/span&gt;&lt;span style="color: var(--highlight-default)"&gt;$eventName&lt;/span&gt;&lt;span style="color: var(--highlight-keyword)"&gt;,&amp;nbsp;&lt;/span&gt;&lt;span style="color: var(--highlight-default)"&gt;$this&lt;/span&gt;&lt;span style="color: var(--highlight-keyword)"&gt;-&amp;gt;&lt;/span&gt;&lt;span style="color: var(--highlight-default)"&gt;listener&lt;/span&gt;&lt;span style="color: var(--highlight-keyword)"&gt;);&lt;/span&gt;&lt;/code&gt;&lt;/li&gt;
&lt;li&gt;&lt;code&gt;&lt;span style="color: var(--highlight-keyword)"&gt;&lt;/span&gt;&lt;/code&gt;&lt;/li&gt;
&lt;li&gt;&lt;code&gt;&lt;span style="color: var(--highlight-keyword)"&gt;&amp;nbsp;&amp;nbsp;&amp;nbsp;&amp;nbsp;&amp;nbsp;&amp;nbsp;&amp;nbsp;&amp;nbsp;&lt;/span&gt;&lt;span style="color: var(--highlight-default)"&gt;$e&amp;nbsp;&lt;/span&gt;&lt;span style="color: var(--highlight-keyword)"&gt;=&amp;nbsp;&lt;/span&gt;&lt;span style="color: var(--highlight-default)"&gt;$this&lt;/span&gt;&lt;span style="color: var(--highlight-keyword)"&gt;-&amp;gt;&lt;/span&gt;&lt;span style="color: var(--highlight-default)"&gt;stopwatch&lt;/span&gt;&lt;span style="color: var(--highlight-keyword)"&gt;-&amp;gt;&lt;/span&gt;&lt;span style="color: var(--highlight-default)"&gt;start&lt;/span&gt;&lt;span style="color: var(--highlight-keyword)"&gt;(&lt;/span&gt;&lt;span style="color: var(--highlight-default)"&gt;$this&lt;/span&gt;&lt;span style="color: var(--highlight-keyword)"&gt;-&amp;gt;&lt;/span&gt;&lt;span style="color: var(--highlight-default)"&gt;name&lt;/span&gt;&lt;span style="color: var(--highlight-keyword)"&gt;,&amp;nbsp;&lt;/span&gt;&lt;span style="color: var(--highlight-string)"&gt;'event_listener'&lt;/span&gt;&lt;span style="color: var(--highlight-keyword)"&gt;);&lt;/span&gt;&lt;/code&gt;&lt;/li&gt;
&lt;li&gt;&lt;code&gt;&lt;span style="color: var(--highlight-keyword)"&gt;&lt;/span&gt;&lt;/code&gt;&lt;/li&gt;
&lt;li class="selected"&gt;&lt;code&gt;&lt;span style="color: var(--highlight-keyword)"&gt;&amp;nbsp;&amp;nbsp;&amp;nbsp;&amp;nbsp;&amp;nbsp;&amp;nbsp;&amp;nbsp;&amp;nbsp;(&lt;/span&gt;&lt;span style="color: var(--highlight-default)"&gt;$this&lt;/span&gt;&lt;span style="color: var(--highlight-keyword)"&gt;-&amp;gt;&lt;/span&gt;&lt;span style="color: var(--highlight-default)"&gt;optimizedListener&amp;nbsp;&lt;/span&gt;&lt;span style="color: var(--highlight-keyword)"&gt;??&amp;nbsp;&lt;/span&gt;&lt;span style="color: var(--highlight-default)"&gt;$this&lt;/span&gt;&lt;span style="color: var(--highlight-keyword)"&gt;-&amp;gt;&lt;/span&gt;&lt;span style="color: var(--highlight-default)"&gt;listener&lt;/span&gt;&lt;span style="color: var(--highlight-keyword)"&gt;)(&lt;/span&gt;&lt;span style="color: var(--highlight-default)"&gt;$event&lt;/span&gt;&lt;span style="color: var(--highlight-keyword)"&gt;,&amp;nbsp;&lt;/span&gt;&lt;span style="color: var(--highlight-default)"&gt;$eventName&lt;/span&gt;&lt;span style="color: var(--highlight-keyword)"&gt;,&amp;nbsp;&lt;/span&gt;&lt;span style="color: var(--highlight-default)"&gt;$dispatcher&lt;/span&gt;&lt;span style="color: var(--highlight-keyword)"&gt;);&lt;/span&gt;&lt;/code&gt;&lt;/li&gt;
&lt;li&gt;&lt;code&gt;&lt;span style="color: var(--highlight-keyword)"&gt;&lt;/span&gt;&lt;/code&gt;&lt;/li&gt;
&lt;li&gt;&lt;code&gt;&lt;span style="color: var(--highlight-keyword)"&gt;&amp;nbsp;&amp;nbsp;&amp;nbsp;&amp;nbsp;&amp;nbsp;&amp;nbsp;&amp;nbsp;&amp;nbsp;if&amp;nbsp;(&lt;/span&gt;&lt;span style="color: var(--highlight-default)"&gt;$e&lt;/span&gt;&lt;span style="color: var(--highlight-keyword)"&gt;-&amp;gt;&lt;/span&gt;&lt;span style="color: var(--highlight-default)"&gt;isStarted&lt;/span&gt;&lt;span style="color: var(--highlight-keyword)"&gt;())&amp;nbsp;{&lt;/span&gt;&lt;/code&gt;&lt;/li&gt;
&lt;li&gt;&lt;code&gt;&lt;span style="color: var(--highlight-keyword)"&gt;&amp;nbsp;&amp;nbsp;&amp;nbsp;&amp;nbsp;&amp;nbsp;&amp;nbsp;&amp;nbsp;&amp;nbsp;&amp;nbsp;&amp;nbsp;&amp;nbsp;&amp;nbsp;&lt;/span&gt;&lt;span style="color: var(--highlight-default)"&gt;$e&lt;/span&gt;&lt;span style="color: var(--highlight-keyword)"&gt;-&amp;gt;&lt;/span&gt;&lt;span style="color: var(--highlight-default)"&gt;stop&lt;/span&gt;&lt;span style="color: var(--highlight-keyword)"&gt;();&lt;/span&gt;&lt;/code&gt;&lt;/li&gt;
&lt;li&gt;&lt;code&gt;&lt;span style="color: var(--highlight-keyword)"&gt;&amp;nbsp;&amp;nbsp;&amp;nbsp;&amp;nbsp;&amp;nbsp;&amp;nbsp;&amp;nbsp;&amp;nbsp;}&lt;/span&gt;&lt;/code&gt;&lt;/li&gt;
&lt;li&gt;&lt;code&gt;&lt;span style="color: var(--highlight-keyword)"&gt;&lt;/span&gt;&lt;/code&gt;&lt;/li&gt;&lt;/ol&gt;    &lt;/div&gt;            &lt;/div&gt;
                        &lt;div class="trace-line "&gt;
                &lt;div class="trace-line-header break-long-words sf-toggle" data-toggle-selector="#trace-html-1-17" data-toggle-initial=""&gt;
            &lt;span class="icon icon-close"&gt;&lt;svg width="1792" height="1792" viewBox="0 0 1792 1792" xmlns="http://www.w3.org/2000/svg"&gt;&lt;path d="M1408 960V832q0-26-19-45t-45-19H448q-26 0-45 19t-19 45v128q0 26 19 45t45 19h896q26 0 45-19t19-45zm256-544v960q0 119-84.5 203.5T1376 1664H416q-119 0-203.5-84.5T128 1376V416q0-119 84.5-203.5T416 128h960q119 0 203.5 84.5T1664 416z"/&gt;&lt;/svg&gt;&lt;/span&gt;
        &lt;span class="icon icon-open"&gt;&lt;svg width="1792" height="1792" viewBox="0 0 1792 1792" xmlns="http://www.w3.org/2000/svg"&gt;&lt;path d="M1408 960V832q0-26-19-45t-45-19h-320V448q0-26-19-45t-45-19H832q-26 0-45 19t-19 45v320H448q-26 0-45 19t-19 45v128q0 26 19 45t45 19h320v320q0 26 19 45t45 19h128q26 0 45-19t19-45v-320h320q26 0 45-19t19-45zm256-544v960q0 119-84.5 203.5T1376 1664H416q-119 0-203.5-84.5T128 1376V416q0-119 84.5-203.5T416 128h960q119 0 203.5 84.5T1664 416z"/&gt;&lt;/svg&gt;&lt;/span&gt;
    
            &lt;span class="trace-class"&gt;&lt;abbr title="Symfony\Component\EventDispatcher\Debug\WrappedListener"&gt;WrappedListener&lt;/abbr&gt;&lt;/span&gt;&lt;span class="trace-type"&gt;-&gt;&lt;/span&gt;&lt;span class="trace-method"&gt;__invoke&lt;/span&gt;&lt;span class="trace-arguments"&gt;()&lt;/span&gt;    
                    &lt;span class="block trace-file-path"&gt;
            in
            &lt;a href=""&gt;
                C:\Users\eman\Documents\GitHub\car_dealer\vendor\symfony\event-dispatcher\&lt;strong&gt;EventDispatcher.php&lt;/strong&gt;
            &lt;/a&gt;
                        (line 230)
            &lt;span class="icon icon-copy hidden" data-clipboard-text="C:\Users\eman\Documents\GitHub\car_dealer\vendor\symfony\event-dispatcher\EventDispatcher.php:230"&gt;
                &lt;svg xmlns="http://www.w3.org/2000/svg" height="24" viewBox="0 0 24 24" width="24"&gt;&lt;path d="M0 0h24v24H0z" fill="none"/&gt;&lt;path d="M16 1H4c-1.1 0-2 .9-2 2v14h2V3h12V1zm3 4H8c-1.1 0-2 .9-2 2v14c0 1.1.9 2 2 2h11c1.1 0 2-.9 2-2V7c0-1.1-.9-2-2-2zm0 16H8V7h11v14z"/&gt;&lt;/svg&gt;            &lt;/span&gt;
        &lt;/span&gt;
    &lt;/div&gt;
    &lt;div id="trace-html-1-17" class="trace-code sf-toggle-content"&gt;
        &lt;ol start="225"&gt;&lt;li&gt;&lt;code&gt;&lt;span style="color: var(--highlight-keyword)"&gt;&lt;/span&gt;&lt;/code&gt;&lt;/li&gt;
&lt;li&gt;&lt;code&gt;&lt;span style="color: var(--highlight-keyword)"&gt;&amp;nbsp;&amp;nbsp;&amp;nbsp;&amp;nbsp;&amp;nbsp;&amp;nbsp;&amp;nbsp;&amp;nbsp;foreach&amp;nbsp;(&lt;/span&gt;&lt;span style="color: var(--highlight-default)"&gt;$listeners&amp;nbsp;&lt;/span&gt;&lt;span style="color: var(--highlight-keyword)"&gt;as&amp;nbsp;&lt;/span&gt;&lt;span style="color: var(--highlight-default)"&gt;$listener&lt;/span&gt;&lt;span style="color: var(--highlight-keyword)"&gt;)&amp;nbsp;{&lt;/span&gt;&lt;/code&gt;&lt;/li&gt;
&lt;li&gt;&lt;code&gt;&lt;span style="color: var(--highlight-keyword)"&gt;&amp;nbsp;&amp;nbsp;&amp;nbsp;&amp;nbsp;&amp;nbsp;&amp;nbsp;&amp;nbsp;&amp;nbsp;&amp;nbsp;&amp;nbsp;&amp;nbsp;&amp;nbsp;if&amp;nbsp;(&lt;/span&gt;&lt;span style="color: var(--highlight-default)"&gt;$stoppable&amp;nbsp;&lt;/span&gt;&lt;span style="color: var(--highlight-keyword)"&gt;&amp;amp;&amp;amp;&amp;nbsp;&lt;/span&gt;&lt;span style="color: var(--highlight-default)"&gt;$event&lt;/span&gt;&lt;span style="color: var(--highlight-keyword)"&gt;-&amp;gt;&lt;/span&gt;&lt;span style="color: var(--highlight-default)"&gt;isPropagationStopped&lt;/span&gt;&lt;span style="color: var(--highlight-keyword)"&gt;())&amp;nbsp;{&lt;/span&gt;&lt;/code&gt;&lt;/li&gt;
&lt;li&gt;&lt;code&gt;&lt;span style="color: var(--highlight-keyword)"&gt;&amp;nbsp;&amp;nbsp;&amp;nbsp;&amp;nbsp;&amp;nbsp;&amp;nbsp;&amp;nbsp;&amp;nbsp;&amp;nbsp;&amp;nbsp;&amp;nbsp;&amp;nbsp;&amp;nbsp;&amp;nbsp;&amp;nbsp;&amp;nbsp;break;&lt;/span&gt;&lt;/code&gt;&lt;/li&gt;
&lt;li&gt;&lt;code&gt;&lt;span style="color: var(--highlight-keyword)"&gt;&amp;nbsp;&amp;nbsp;&amp;nbsp;&amp;nbsp;&amp;nbsp;&amp;nbsp;&amp;nbsp;&amp;nbsp;&amp;nbsp;&amp;nbsp;&amp;nbsp;&amp;nbsp;}&lt;/span&gt;&lt;/code&gt;&lt;/li&gt;
&lt;li class="selected"&gt;&lt;code&gt;&lt;span style="color: var(--highlight-keyword)"&gt;&amp;nbsp;&amp;nbsp;&amp;nbsp;&amp;nbsp;&amp;nbsp;&amp;nbsp;&amp;nbsp;&amp;nbsp;&amp;nbsp;&amp;nbsp;&amp;nbsp;&amp;nbsp;&lt;/span&gt;&lt;span style="color: var(--highlight-default)"&gt;$listener&lt;/span&gt;&lt;span style="color: var(--highlight-keyword)"&gt;(&lt;/span&gt;&lt;span style="color: var(--highlight-default)"&gt;$event&lt;/span&gt;&lt;span style="color: var(--highlight-keyword)"&gt;,&amp;nbsp;&lt;/span&gt;&lt;span style="color: var(--highlight-default)"&gt;$eventName&lt;/span&gt;&lt;span style="color: var(--highlight-keyword)"&gt;,&amp;nbsp;&lt;/span&gt;&lt;span style="color: var(--highlight-default)"&gt;$this&lt;/span&gt;&lt;span style="color: var(--highlight-keyword)"&gt;);&lt;/span&gt;&lt;/code&gt;&lt;/li&gt;
&lt;li&gt;&lt;code&gt;&lt;span style="color: var(--highlight-keyword)"&gt;&amp;nbsp;&amp;nbsp;&amp;nbsp;&amp;nbsp;&amp;nbsp;&amp;nbsp;&amp;nbsp;&amp;nbsp;}&lt;/span&gt;&lt;/code&gt;&lt;/li&gt;
&lt;li&gt;&lt;code&gt;&lt;span style="color: var(--highlight-keyword)"&gt;&amp;nbsp;&amp;nbsp;&amp;nbsp;&amp;nbsp;}&lt;/span&gt;&lt;/code&gt;&lt;/li&gt;
&lt;li&gt;&lt;code&gt;&lt;span style="color: var(--highlight-keyword)"&gt;&lt;/span&gt;&lt;/code&gt;&lt;/li&gt;
&lt;li&gt;&lt;code&gt;&lt;span style="color: var(--highlight-keyword)"&gt;&amp;nbsp;&amp;nbsp;&amp;nbsp;&amp;nbsp;&lt;/span&gt;&lt;span style="color: var(--highlight-comment)"&gt;/**&lt;/span&gt;&lt;/code&gt;&lt;/li&gt;
&lt;li&gt;&lt;code&gt;&lt;span style="color: var(--highlight-comment)"&gt;&amp;nbsp;&amp;nbsp;&amp;nbsp;&amp;nbsp;&amp;nbsp;*&amp;nbsp;Sorts&amp;nbsp;the&amp;nbsp;internal&amp;nbsp;list&amp;nbsp;of&amp;nbsp;listeners&amp;nbsp;for&amp;nbsp;the&amp;nbsp;given&amp;nbsp;event&amp;nbsp;by&amp;nbsp;priority.&lt;/span&gt;&lt;/code&gt;&lt;/li&gt;&lt;/ol&gt;    &lt;/div&gt;            &lt;/div&gt;
                        &lt;div class="trace-line "&gt;
                &lt;div class="trace-line-header break-long-words sf-toggle" data-toggle-selector="#trace-html-1-18" data-toggle-initial=""&gt;
            &lt;span class="icon icon-close"&gt;&lt;svg width="1792" height="1792" viewBox="0 0 1792 1792" xmlns="http://www.w3.org/2000/svg"&gt;&lt;path d="M1408 960V832q0-26-19-45t-45-19H448q-26 0-45 19t-19 45v128q0 26 19 45t45 19h896q26 0 45-19t19-45zm256-544v960q0 119-84.5 203.5T1376 1664H416q-119 0-203.5-84.5T128 1376V416q0-119 84.5-203.5T416 128h960q119 0 203.5 84.5T1664 416z"/&gt;&lt;/svg&gt;&lt;/span&gt;
        &lt;span class="icon icon-open"&gt;&lt;svg width="1792" height="1792" viewBox="0 0 1792 1792" xmlns="http://www.w3.org/2000/svg"&gt;&lt;path d="M1408 960V832q0-26-19-45t-45-19h-320V448q0-26-19-45t-45-19H832q-26 0-45 19t-19 45v320H448q-26 0-45 19t-19 45v128q0 26 19 45t45 19h320v320q0 26 19 45t45 19h128q26 0 45-19t19-45v-320h320q26 0 45-19t19-45zm256-544v960q0 119-84.5 203.5T1376 1664H416q-119 0-203.5-84.5T128 1376V416q0-119 84.5-203.5T416 128h960q119 0 203.5 84.5T1664 416z"/&gt;&lt;/svg&gt;&lt;/span&gt;
    
            &lt;span class="trace-class"&gt;&lt;abbr title="Symfony\Component\EventDispatcher\EventDispatcher"&gt;EventDispatcher&lt;/abbr&gt;&lt;/span&gt;&lt;span class="trace-type"&gt;-&gt;&lt;/span&gt;&lt;span class="trace-method"&gt;callListeners&lt;/span&gt;&lt;span class="trace-arguments"&gt;()&lt;/span&gt;    
                    &lt;span class="block trace-file-path"&gt;
            in
            &lt;a href=""&gt;
                C:\Users\eman\Documents\GitHub\car_dealer\vendor\symfony\event-dispatcher\&lt;strong&gt;EventDispatcher.php&lt;/strong&gt;
            &lt;/a&gt;
                        (line 59)
            &lt;span class="icon icon-copy hidden" data-clipboard-text="C:\Users\eman\Documents\GitHub\car_dealer\vendor\symfony\event-dispatcher\EventDispatcher.php:59"&gt;
                &lt;svg xmlns="http://www.w3.org/2000/svg" height="24" viewBox="0 0 24 24" width="24"&gt;&lt;path d="M0 0h24v24H0z" fill="none"/&gt;&lt;path d="M16 1H4c-1.1 0-2 .9-2 2v14h2V3h12V1zm3 4H8c-1.1 0-2 .9-2 2v14c0 1.1.9 2 2 2h11c1.1 0 2-.9 2-2V7c0-1.1-.9-2-2-2zm0 16H8V7h11v14z"/&gt;&lt;/svg&gt;            &lt;/span&gt;
        &lt;/span&gt;
    &lt;/div&gt;
    &lt;div id="trace-html-1-18" class="trace-code sf-toggle-content"&gt;
        &lt;ol start="54"&gt;&lt;li&gt;&lt;code&gt;&lt;span style="color: var(--highlight-keyword)"&gt;&amp;nbsp;&amp;nbsp;&amp;nbsp;&amp;nbsp;&amp;nbsp;&amp;nbsp;&amp;nbsp;&amp;nbsp;}&amp;nbsp;else&amp;nbsp;{&lt;/span&gt;&lt;/code&gt;&lt;/li&gt;
&lt;li&gt;&lt;code&gt;&lt;span style="color: var(--highlight-keyword)"&gt;&amp;nbsp;&amp;nbsp;&amp;nbsp;&amp;nbsp;&amp;nbsp;&amp;nbsp;&amp;nbsp;&amp;nbsp;&amp;nbsp;&amp;nbsp;&amp;nbsp;&amp;nbsp;&lt;/span&gt;&lt;span style="color: var(--highlight-default)"&gt;$listeners&amp;nbsp;&lt;/span&gt;&lt;span style="color: var(--highlight-keyword)"&gt;=&amp;nbsp;&lt;/span&gt;&lt;span style="color: var(--highlight-default)"&gt;$this&lt;/span&gt;&lt;span style="color: var(--highlight-keyword)"&gt;-&amp;gt;&lt;/span&gt;&lt;span style="color: var(--highlight-default)"&gt;getListeners&lt;/span&gt;&lt;span style="color: var(--highlight-keyword)"&gt;(&lt;/span&gt;&lt;span style="color: var(--highlight-default)"&gt;$eventName&lt;/span&gt;&lt;span style="color: var(--highlight-keyword)"&gt;);&lt;/span&gt;&lt;/code&gt;&lt;/li&gt;
&lt;li&gt;&lt;code&gt;&lt;span style="color: var(--highlight-keyword)"&gt;&amp;nbsp;&amp;nbsp;&amp;nbsp;&amp;nbsp;&amp;nbsp;&amp;nbsp;&amp;nbsp;&amp;nbsp;}&lt;/span&gt;&lt;/code&gt;&lt;/li&gt;
&lt;li&gt;&lt;code&gt;&lt;span style="color: var(--highlight-keyword)"&gt;&lt;/span&gt;&lt;/code&gt;&lt;/li&gt;
&lt;li&gt;&lt;code&gt;&lt;span style="color: var(--highlight-keyword)"&gt;&amp;nbsp;&amp;nbsp;&amp;nbsp;&amp;nbsp;&amp;nbsp;&amp;nbsp;&amp;nbsp;&amp;nbsp;if&amp;nbsp;(&lt;/span&gt;&lt;span style="color: var(--highlight-default)"&gt;$listeners&lt;/span&gt;&lt;span style="color: var(--highlight-keyword)"&gt;)&amp;nbsp;{&lt;/span&gt;&lt;/code&gt;&lt;/li&gt;
&lt;li class="selected"&gt;&lt;code&gt;&lt;span style="color: var(--highlight-keyword)"&gt;&amp;nbsp;&amp;nbsp;&amp;nbsp;&amp;nbsp;&amp;nbsp;&amp;nbsp;&amp;nbsp;&amp;nbsp;&amp;nbsp;&amp;nbsp;&amp;nbsp;&amp;nbsp;&lt;/span&gt;&lt;span style="color: var(--highlight-default)"&gt;$this&lt;/span&gt;&lt;span style="color: var(--highlight-keyword)"&gt;-&amp;gt;&lt;/span&gt;&lt;span style="color: var(--highlight-default)"&gt;callListeners&lt;/span&gt;&lt;span style="color: var(--highlight-keyword)"&gt;(&lt;/span&gt;&lt;span style="color: var(--highlight-default)"&gt;$listeners&lt;/span&gt;&lt;span style="color: var(--highlight-keyword)"&gt;,&amp;nbsp;&lt;/span&gt;&lt;span style="color: var(--highlight-default)"&gt;$eventName&lt;/span&gt;&lt;span style="color: var(--highlight-keyword)"&gt;,&amp;nbsp;&lt;/span&gt;&lt;span style="color: var(--highlight-default)"&gt;$event&lt;/span&gt;&lt;span style="color: var(--highlight-keyword)"&gt;);&lt;/span&gt;&lt;/code&gt;&lt;/li&gt;
&lt;li&gt;&lt;code&gt;&lt;span style="color: var(--highlight-keyword)"&gt;&amp;nbsp;&amp;nbsp;&amp;nbsp;&amp;nbsp;&amp;nbsp;&amp;nbsp;&amp;nbsp;&amp;nbsp;}&lt;/span&gt;&lt;/code&gt;&lt;/li&gt;
&lt;li&gt;&lt;code&gt;&lt;span style="color: var(--highlight-keyword)"&gt;&lt;/span&gt;&lt;/code&gt;&lt;/li&gt;
&lt;li&gt;&lt;code&gt;&lt;span style="color: var(--highlight-keyword)"&gt;&amp;nbsp;&amp;nbsp;&amp;nbsp;&amp;nbsp;&amp;nbsp;&amp;nbsp;&amp;nbsp;&amp;nbsp;return&amp;nbsp;&lt;/span&gt;&lt;span style="color: var(--highlight-default)"&gt;$event&lt;/span&gt;&lt;span style="color: var(--highlight-keyword)"&gt;;&lt;/span&gt;&lt;/code&gt;&lt;/li&gt;
&lt;li&gt;&lt;code&gt;&lt;span style="color: var(--highlight-keyword)"&gt;&amp;nbsp;&amp;nbsp;&amp;nbsp;&amp;nbsp;}&lt;/span&gt;&lt;/code&gt;&lt;/li&gt;
&lt;li&gt;&lt;code&gt;&lt;span style="color: var(--highlight-keyword)"&gt;&lt;/span&gt;&lt;/code&gt;&lt;/li&gt;&lt;/ol&gt;    &lt;/div&gt;            &lt;/div&gt;
                        &lt;div class="trace-line "&gt;
                &lt;div class="trace-line-header break-long-words sf-toggle" data-toggle-selector="#trace-html-1-19" data-toggle-initial=""&gt;
            &lt;span class="icon icon-close"&gt;&lt;svg width="1792" height="1792" viewBox="0 0 1792 1792" xmlns="http://www.w3.org/2000/svg"&gt;&lt;path d="M1408 960V832q0-26-19-45t-45-19H448q-26 0-45 19t-19 45v128q0 26 19 45t45 19h896q26 0 45-19t19-45zm256-544v960q0 119-84.5 203.5T1376 1664H416q-119 0-203.5-84.5T128 1376V416q0-119 84.5-203.5T416 128h960q119 0 203.5 84.5T1664 416z"/&gt;&lt;/svg&gt;&lt;/span&gt;
        &lt;span class="icon icon-open"&gt;&lt;svg width="1792" height="1792" viewBox="0 0 1792 1792" xmlns="http://www.w3.org/2000/svg"&gt;&lt;path d="M1408 960V832q0-26-19-45t-45-19h-320V448q0-26-19-45t-45-19H832q-26 0-45 19t-19 45v320H448q-26 0-45 19t-19 45v128q0 26 19 45t45 19h320v320q0 26 19 45t45 19h128q26 0 45-19t19-45v-320h320q26 0 45-19t19-45zm256-544v960q0 119-84.5 203.5T1376 1664H416q-119 0-203.5-84.5T128 1376V416q0-119 84.5-203.5T416 128h960q119 0 203.5 84.5T1664 416z"/&gt;&lt;/svg&gt;&lt;/span&gt;
    
            &lt;span class="trace-class"&gt;&lt;abbr title="Symfony\Component\EventDispatcher\EventDispatcher"&gt;EventDispatcher&lt;/abbr&gt;&lt;/span&gt;&lt;span class="trace-type"&gt;-&gt;&lt;/span&gt;&lt;span class="trace-method"&gt;dispatch&lt;/span&gt;&lt;span class="trace-arguments"&gt;()&lt;/span&gt;    
                    &lt;span class="block trace-file-path"&gt;
            in
            &lt;a href=""&gt;
                C:\Users\eman\Documents\GitHub\car_dealer\vendor\symfony\event-dispatcher\Debug\&lt;strong&gt;TraceableEventDispatcher.php&lt;/strong&gt;
            &lt;/a&gt;
                        (line 152)
            &lt;span class="icon icon-copy hidden" data-clipboard-text="C:\Users\eman\Documents\GitHub\car_dealer\vendor\symfony\event-dispatcher\Debug\TraceableEventDispatcher.php:152"&gt;
                &lt;svg xmlns="http://www.w3.org/2000/svg" height="24" viewBox="0 0 24 24" width="24"&gt;&lt;path d="M0 0h24v24H0z" fill="none"/&gt;&lt;path d="M16 1H4c-1.1 0-2 .9-2 2v14h2V3h12V1zm3 4H8c-1.1 0-2 .9-2 2v14c0 1.1.9 2 2 2h11c1.1 0 2-.9 2-2V7c0-1.1-.9-2-2-2zm0 16H8V7h11v14z"/&gt;&lt;/svg&gt;            &lt;/span&gt;
        &lt;/span&gt;
    &lt;/div&gt;
    &lt;div id="trace-html-1-19" class="trace-code sf-toggle-content"&gt;
        &lt;ol start="147"&gt;&lt;li&gt;&lt;code&gt;&lt;span style="color: var(--highlight-keyword)"&gt;&amp;nbsp;&amp;nbsp;&amp;nbsp;&amp;nbsp;&amp;nbsp;&amp;nbsp;&amp;nbsp;&amp;nbsp;try&amp;nbsp;{&lt;/span&gt;&lt;/code&gt;&lt;/li&gt;
&lt;li&gt;&lt;code&gt;&lt;span style="color: var(--highlight-keyword)"&gt;&amp;nbsp;&amp;nbsp;&amp;nbsp;&amp;nbsp;&amp;nbsp;&amp;nbsp;&amp;nbsp;&amp;nbsp;&amp;nbsp;&amp;nbsp;&amp;nbsp;&amp;nbsp;&lt;/span&gt;&lt;span style="color: var(--highlight-default)"&gt;$this&lt;/span&gt;&lt;span style="color: var(--highlight-keyword)"&gt;-&amp;gt;&lt;/span&gt;&lt;span style="color: var(--highlight-default)"&gt;beforeDispatch&lt;/span&gt;&lt;span style="color: var(--highlight-keyword)"&gt;(&lt;/span&gt;&lt;span style="color: var(--highlight-default)"&gt;$eventName&lt;/span&gt;&lt;span style="color: var(--highlight-keyword)"&gt;,&amp;nbsp;&lt;/span&gt;&lt;span style="color: var(--highlight-default)"&gt;$event&lt;/span&gt;&lt;span style="color: var(--highlight-keyword)"&gt;);&lt;/span&gt;&lt;/code&gt;&lt;/li&gt;
&lt;li&gt;&lt;code&gt;&lt;span style="color: var(--highlight-keyword)"&gt;&amp;nbsp;&amp;nbsp;&amp;nbsp;&amp;nbsp;&amp;nbsp;&amp;nbsp;&amp;nbsp;&amp;nbsp;&amp;nbsp;&amp;nbsp;&amp;nbsp;&amp;nbsp;try&amp;nbsp;{&lt;/span&gt;&lt;/code&gt;&lt;/li&gt;
&lt;li&gt;&lt;code&gt;&lt;span style="color: var(--highlight-keyword)"&gt;&amp;nbsp;&amp;nbsp;&amp;nbsp;&amp;nbsp;&amp;nbsp;&amp;nbsp;&amp;nbsp;&amp;nbsp;&amp;nbsp;&amp;nbsp;&amp;nbsp;&amp;nbsp;&amp;nbsp;&amp;nbsp;&amp;nbsp;&amp;nbsp;&lt;/span&gt;&lt;span style="color: var(--highlight-default)"&gt;$e&amp;nbsp;&lt;/span&gt;&lt;span style="color: var(--highlight-keyword)"&gt;=&amp;nbsp;&lt;/span&gt;&lt;span style="color: var(--highlight-default)"&gt;$this&lt;/span&gt;&lt;span style="color: var(--highlight-keyword)"&gt;-&amp;gt;&lt;/span&gt;&lt;span style="color: var(--highlight-default)"&gt;stopwatch&lt;/span&gt;&lt;span style="color: var(--highlight-keyword)"&gt;-&amp;gt;&lt;/span&gt;&lt;span style="color: var(--highlight-default)"&gt;start&lt;/span&gt;&lt;span style="color: var(--highlight-keyword)"&gt;(&lt;/span&gt;&lt;span style="color: var(--highlight-default)"&gt;$eventName&lt;/span&gt;&lt;span style="color: var(--highlight-keyword)"&gt;,&amp;nbsp;&lt;/span&gt;&lt;span style="color: var(--highlight-string)"&gt;'section'&lt;/span&gt;&lt;span style="color: var(--highlight-keyword)"&gt;);&lt;/span&gt;&lt;/code&gt;&lt;/li&gt;
&lt;li&gt;&lt;code&gt;&lt;span style="color: var(--highlight-keyword)"&gt;&amp;nbsp;&amp;nbsp;&amp;nbsp;&amp;nbsp;&amp;nbsp;&amp;nbsp;&amp;nbsp;&amp;nbsp;&amp;nbsp;&amp;nbsp;&amp;nbsp;&amp;nbsp;&amp;nbsp;&amp;nbsp;&amp;nbsp;&amp;nbsp;try&amp;nbsp;{&lt;/span&gt;&lt;/code&gt;&lt;/li&gt;
&lt;li class="selected"&gt;&lt;code&gt;&lt;span style="color: var(--highlight-keyword)"&gt;&amp;nbsp;&amp;nbsp;&amp;nbsp;&amp;nbsp;&amp;nbsp;&amp;nbsp;&amp;nbsp;&amp;nbsp;&amp;nbsp;&amp;nbsp;&amp;nbsp;&amp;nbsp;&amp;nbsp;&amp;nbsp;&amp;nbsp;&amp;nbsp;&amp;nbsp;&amp;nbsp;&amp;nbsp;&amp;nbsp;&lt;/span&gt;&lt;span style="color: var(--highlight-default)"&gt;$this&lt;/span&gt;&lt;span style="color: var(--highlight-keyword)"&gt;-&amp;gt;&lt;/span&gt;&lt;span style="color: var(--highlight-default)"&gt;dispatcher&lt;/span&gt;&lt;span style="color: var(--highlight-keyword)"&gt;-&amp;gt;&lt;/span&gt;&lt;span style="color: var(--highlight-default)"&gt;dispatch&lt;/span&gt;&lt;span style="color: var(--highlight-keyword)"&gt;(&lt;/span&gt;&lt;span style="color: var(--highlight-default)"&gt;$event&lt;/span&gt;&lt;span style="color: var(--highlight-keyword)"&gt;,&amp;nbsp;&lt;/span&gt;&lt;span style="color: var(--highlight-default)"&gt;$eventName&lt;/span&gt;&lt;span style="color: var(--highlight-keyword)"&gt;);&lt;/span&gt;&lt;/code&gt;&lt;/li&gt;
&lt;li&gt;&lt;code&gt;&lt;span style="color: var(--highlight-keyword)"&gt;&amp;nbsp;&amp;nbsp;&amp;nbsp;&amp;nbsp;&amp;nbsp;&amp;nbsp;&amp;nbsp;&amp;nbsp;&amp;nbsp;&amp;nbsp;&amp;nbsp;&amp;nbsp;&amp;nbsp;&amp;nbsp;&amp;nbsp;&amp;nbsp;}&amp;nbsp;finally&amp;nbsp;{&lt;/span&gt;&lt;/code&gt;&lt;/li&gt;
&lt;li&gt;&lt;code&gt;&lt;span style="color: var(--highlight-keyword)"&gt;&amp;nbsp;&amp;nbsp;&amp;nbsp;&amp;nbsp;&amp;nbsp;&amp;nbsp;&amp;nbsp;&amp;nbsp;&amp;nbsp;&amp;nbsp;&amp;nbsp;&amp;nbsp;&amp;nbsp;&amp;nbsp;&amp;nbsp;&amp;nbsp;&amp;nbsp;&amp;nbsp;&amp;nbsp;&amp;nbsp;if&amp;nbsp;(&lt;/span&gt;&lt;span style="color: var(--highlight-default)"&gt;$e&lt;/span&gt;&lt;span style="color: var(--highlight-keyword)"&gt;-&amp;gt;&lt;/span&gt;&lt;span style="color: var(--highlight-default)"&gt;isStarted&lt;/span&gt;&lt;span style="color: var(--highlight-keyword)"&gt;())&amp;nbsp;{&lt;/span&gt;&lt;/code&gt;&lt;/li&gt;
&lt;li&gt;&lt;code&gt;&lt;span style="color: var(--highlight-keyword)"&gt;&amp;nbsp;&amp;nbsp;&amp;nbsp;&amp;nbsp;&amp;nbsp;&amp;nbsp;&amp;nbsp;&amp;nbsp;&amp;nbsp;&amp;nbsp;&amp;nbsp;&amp;nbsp;&amp;nbsp;&amp;nbsp;&amp;nbsp;&amp;nbsp;&amp;nbsp;&amp;nbsp;&amp;nbsp;&amp;nbsp;&amp;nbsp;&amp;nbsp;&amp;nbsp;&amp;nbsp;&lt;/span&gt;&lt;span style="color: var(--highlight-default)"&gt;$e&lt;/span&gt;&lt;span style="color: var(--highlight-keyword)"&gt;-&amp;gt;&lt;/span&gt;&lt;span style="color: var(--highlight-default)"&gt;stop&lt;/span&gt;&lt;span style="color: var(--highlight-keyword)"&gt;();&lt;/span&gt;&lt;/code&gt;&lt;/li&gt;
&lt;li&gt;&lt;code&gt;&lt;span style="color: var(--highlight-keyword)"&gt;&amp;nbsp;&amp;nbsp;&amp;nbsp;&amp;nbsp;&amp;nbsp;&amp;nbsp;&amp;nbsp;&amp;nbsp;&amp;nbsp;&amp;nbsp;&amp;nbsp;&amp;nbsp;&amp;nbsp;&amp;nbsp;&amp;nbsp;&amp;nbsp;&amp;nbsp;&amp;nbsp;&amp;nbsp;&amp;nbsp;}&lt;/span&gt;&lt;/code&gt;&lt;/li&gt;
&lt;li&gt;&lt;code&gt;&lt;span style="color: var(--highlight-keyword)"&gt;&amp;nbsp;&amp;nbsp;&amp;nbsp;&amp;nbsp;&amp;nbsp;&amp;nbsp;&amp;nbsp;&amp;nbsp;&amp;nbsp;&amp;nbsp;&amp;nbsp;&amp;nbsp;&amp;nbsp;&amp;nbsp;&amp;nbsp;&amp;nbsp;}&lt;/span&gt;&lt;/code&gt;&lt;/li&gt;&lt;/ol&gt;    &lt;/div&gt;            &lt;/div&gt;
                        &lt;div class="trace-line "&gt;
                &lt;div class="trace-line-header break-long-words sf-toggle" data-toggle-selector="#trace-html-1-20" data-toggle-initial=""&gt;
            &lt;span class="icon icon-close"&gt;&lt;svg width="1792" height="1792" viewBox="0 0 1792 1792" xmlns="http://www.w3.org/2000/svg"&gt;&lt;path d="M1408 960V832q0-26-19-45t-45-19H448q-26 0-45 19t-19 45v128q0 26 19 45t45 19h896q26 0 45-19t19-45zm256-544v960q0 119-84.5 203.5T1376 1664H416q-119 0-203.5-84.5T128 1376V416q0-119 84.5-203.5T416 128h960q119 0 203.5 84.5T1664 416z"/&gt;&lt;/svg&gt;&lt;/span&gt;
        &lt;span class="icon icon-open"&gt;&lt;svg width="1792" height="1792" viewBox="0 0 1792 1792" xmlns="http://www.w3.org/2000/svg"&gt;&lt;path d="M1408 960V832q0-26-19-45t-45-19h-320V448q0-26-19-45t-45-19H832q-26 0-45 19t-19 45v320H448q-26 0-45 19t-19 45v128q0 26 19 45t45 19h320v320q0 26 19 45t45 19h128q26 0 45-19t19-45v-320h320q26 0 45-19t19-45zm256-544v960q0 119-84.5 203.5T1376 1664H416q-119 0-203.5-84.5T128 1376V416q0-119 84.5-203.5T416 128h960q119 0 203.5 84.5T1664 416z"/&gt;&lt;/svg&gt;&lt;/span&gt;
    
            &lt;span class="trace-class"&gt;&lt;abbr title="Symfony\Component\EventDispatcher\Debug\TraceableEventDispatcher"&gt;TraceableEventDispatcher&lt;/abbr&gt;&lt;/span&gt;&lt;span class="trace-type"&gt;-&gt;&lt;/span&gt;&lt;span class="trace-method"&gt;dispatch&lt;/span&gt;&lt;span class="trace-arguments"&gt;()&lt;/span&gt;    
                    &lt;span class="block trace-file-path"&gt;
            in
            &lt;a href=""&gt;
                C:\Users\eman\Documents\GitHub\car_dealer\vendor\symfony\http-kernel\&lt;strong&gt;HttpKernel.php&lt;/strong&gt;
            &lt;/a&gt;
                        (line 140)
            &lt;span class="icon icon-copy hidden" data-clipboard-text="C:\Users\eman\Documents\GitHub\car_dealer\vendor\symfony\http-kernel\HttpKernel.php:140"&gt;
                &lt;svg xmlns="http://www.w3.org/2000/svg" height="24" viewBox="0 0 24 24" width="24"&gt;&lt;path d="M0 0h24v24H0z" fill="none"/&gt;&lt;path d="M16 1H4c-1.1 0-2 .9-2 2v14h2V3h12V1zm3 4H8c-1.1 0-2 .9-2 2v14c0 1.1.9 2 2 2h11c1.1 0 2-.9 2-2V7c0-1.1-.9-2-2-2zm0 16H8V7h11v14z"/&gt;&lt;/svg&gt;            &lt;/span&gt;
        &lt;/span&gt;
    &lt;/div&gt;
    &lt;div id="trace-html-1-20" class="trace-code sf-toggle-content"&gt;
        &lt;ol start="135"&gt;&lt;li&gt;&lt;code&gt;&lt;span style="color: var(--highlight-comment)"&gt;&amp;nbsp;&amp;nbsp;&amp;nbsp;&amp;nbsp;&amp;nbsp;&amp;nbsp;&amp;nbsp;&amp;nbsp;&lt;/span&gt;&lt;span style="color: var(--highlight-keyword)"&gt;if&amp;nbsp;(&lt;/span&gt;&lt;span style="color: var(--highlight-default)"&gt;false&amp;nbsp;&lt;/span&gt;&lt;span style="color: var(--highlight-keyword)"&gt;===&amp;nbsp;&lt;/span&gt;&lt;span style="color: var(--highlight-default)"&gt;$controller&amp;nbsp;&lt;/span&gt;&lt;span style="color: var(--highlight-keyword)"&gt;=&amp;nbsp;&lt;/span&gt;&lt;span style="color: var(--highlight-default)"&gt;$this&lt;/span&gt;&lt;span style="color: var(--highlight-keyword)"&gt;-&amp;gt;&lt;/span&gt;&lt;span style="color: var(--highlight-default)"&gt;resolver&lt;/span&gt;&lt;span style="color: var(--highlight-keyword)"&gt;-&amp;gt;&lt;/span&gt;&lt;span style="color: var(--highlight-default)"&gt;getController&lt;/span&gt;&lt;span style="color: var(--highlight-keyword)"&gt;(&lt;/span&gt;&lt;span style="color: var(--highlight-default)"&gt;$request&lt;/span&gt;&lt;span style="color: var(--highlight-keyword)"&gt;))&amp;nbsp;{&lt;/span&gt;&lt;/code&gt;&lt;/li&gt;
&lt;li&gt;&lt;code&gt;&lt;span style="color: var(--highlight-keyword)"&gt;&amp;nbsp;&amp;nbsp;&amp;nbsp;&amp;nbsp;&amp;nbsp;&amp;nbsp;&amp;nbsp;&amp;nbsp;&amp;nbsp;&amp;nbsp;&amp;nbsp;&amp;nbsp;throw&amp;nbsp;new&amp;nbsp;&lt;/span&gt;&lt;span style="color: var(--highlight-default)"&gt;NotFoundHttpException&lt;/span&gt;&lt;span style="color: var(--highlight-keyword)"&gt;(&lt;/span&gt;&lt;span style="color: var(--highlight-default)"&gt;sprintf&lt;/span&gt;&lt;span style="color: var(--highlight-keyword)"&gt;(&lt;/span&gt;&lt;span style="color: var(--highlight-string)"&gt;'Unable&amp;nbsp;to&amp;nbsp;find&amp;nbsp;the&amp;nbsp;controller&amp;nbsp;for&amp;nbsp;path&amp;nbsp;"%s".&amp;nbsp;The&amp;nbsp;route&amp;nbsp;is&amp;nbsp;wrongly&amp;nbsp;configured.'&lt;/span&gt;&lt;span style="color: var(--highlight-keyword)"&gt;,&amp;nbsp;&lt;/span&gt;&lt;span style="color: var(--highlight-default)"&gt;$request&lt;/span&gt;&lt;span style="color: var(--highlight-keyword)"&gt;-&amp;gt;&lt;/span&gt;&lt;span style="color: var(--highlight-default)"&gt;getPathInfo&lt;/span&gt;&lt;span style="color: var(--highlight-keyword)"&gt;()));&lt;/span&gt;&lt;/code&gt;&lt;/li&gt;
&lt;li&gt;&lt;code&gt;&lt;span style="color: var(--highlight-keyword)"&gt;&amp;nbsp;&amp;nbsp;&amp;nbsp;&amp;nbsp;&amp;nbsp;&amp;nbsp;&amp;nbsp;&amp;nbsp;}&lt;/span&gt;&lt;/code&gt;&lt;/li&gt;
&lt;li&gt;&lt;code&gt;&lt;span style="color: var(--highlight-keyword)"&gt;&lt;/span&gt;&lt;/code&gt;&lt;/li&gt;
&lt;li&gt;&lt;code&gt;&lt;span style="color: var(--highlight-keyword)"&gt;&amp;nbsp;&amp;nbsp;&amp;nbsp;&amp;nbsp;&amp;nbsp;&amp;nbsp;&amp;nbsp;&amp;nbsp;&lt;/span&gt;&lt;span style="color: var(--highlight-default)"&gt;$event&amp;nbsp;&lt;/span&gt;&lt;span style="color: var(--highlight-keyword)"&gt;=&amp;nbsp;new&amp;nbsp;&lt;/span&gt;&lt;span style="color: var(--highlight-default)"&gt;ControllerEvent&lt;/span&gt;&lt;span style="color: var(--highlight-keyword)"&gt;(&lt;/span&gt;&lt;span style="color: var(--highlight-default)"&gt;$this&lt;/span&gt;&lt;span style="color: var(--highlight-keyword)"&gt;,&amp;nbsp;&lt;/span&gt;&lt;span style="color: var(--highlight-default)"&gt;$controller&lt;/span&gt;&lt;span style="color: var(--highlight-keyword)"&gt;,&amp;nbsp;&lt;/span&gt;&lt;span style="color: var(--highlight-default)"&gt;$request&lt;/span&gt;&lt;span style="color: var(--highlight-keyword)"&gt;,&amp;nbsp;&lt;/span&gt;&lt;span style="color: var(--highlight-default)"&gt;$type&lt;/span&gt;&lt;span style="color: var(--highlight-keyword)"&gt;);&lt;/span&gt;&lt;/code&gt;&lt;/li&gt;
&lt;li class="selected"&gt;&lt;code&gt;&lt;span style="color: var(--highlight-keyword)"&gt;&amp;nbsp;&amp;nbsp;&amp;nbsp;&amp;nbsp;&amp;nbsp;&amp;nbsp;&amp;nbsp;&amp;nbsp;&lt;/span&gt;&lt;span style="color: var(--highlight-default)"&gt;$this&lt;/span&gt;&lt;span style="color: var(--highlight-keyword)"&gt;-&amp;gt;&lt;/span&gt;&lt;span style="color: var(--highlight-default)"&gt;dispatcher&lt;/span&gt;&lt;span style="color: var(--highlight-keyword)"&gt;-&amp;gt;&lt;/span&gt;&lt;span style="color: var(--highlight-default)"&gt;dispatch&lt;/span&gt;&lt;span style="color: var(--highlight-keyword)"&gt;(&lt;/span&gt;&lt;span style="color: var(--highlight-default)"&gt;$event&lt;/span&gt;&lt;span style="color: var(--highlight-keyword)"&gt;,&amp;nbsp;&lt;/span&gt;&lt;span style="color: var(--highlight-default)"&gt;KernelEvents&lt;/span&gt;&lt;span style="color: var(--highlight-keyword)"&gt;::&lt;/span&gt;&lt;span style="color: var(--highlight-default)"&gt;CONTROLLER&lt;/span&gt;&lt;span style="color: var(--highlight-keyword)"&gt;);&lt;/span&gt;&lt;/code&gt;&lt;/li&gt;
&lt;li&gt;&lt;code&gt;&lt;span style="color: var(--highlight-keyword)"&gt;&amp;nbsp;&amp;nbsp;&amp;nbsp;&amp;nbsp;&amp;nbsp;&amp;nbsp;&amp;nbsp;&amp;nbsp;&lt;/span&gt;&lt;span style="color: var(--highlight-default)"&gt;$controller&amp;nbsp;&lt;/span&gt;&lt;span style="color: var(--highlight-keyword)"&gt;=&amp;nbsp;&lt;/span&gt;&lt;span style="color: var(--highlight-default)"&gt;$event&lt;/span&gt;&lt;span style="color: var(--highlight-keyword)"&gt;-&amp;gt;&lt;/span&gt;&lt;span style="color: var(--highlight-default)"&gt;getController&lt;/span&gt;&lt;span style="color: var(--highlight-keyword)"&gt;();&lt;/span&gt;&lt;/code&gt;&lt;/li&gt;
&lt;li&gt;&lt;code&gt;&lt;span style="color: var(--highlight-keyword)"&gt;&lt;/span&gt;&lt;/code&gt;&lt;/li&gt;
&lt;li&gt;&lt;code&gt;&lt;span style="color: var(--highlight-keyword)"&gt;&amp;nbsp;&amp;nbsp;&amp;nbsp;&amp;nbsp;&amp;nbsp;&amp;nbsp;&amp;nbsp;&amp;nbsp;&lt;/span&gt;&lt;span style="color: var(--highlight-comment)"&gt;//&amp;nbsp;controller&amp;nbsp;arguments&lt;/span&gt;&lt;/code&gt;&lt;/li&gt;
&lt;li&gt;&lt;code&gt;&lt;span style="color: var(--highlight-comment)"&gt;&amp;nbsp;&amp;nbsp;&amp;nbsp;&amp;nbsp;&amp;nbsp;&amp;nbsp;&amp;nbsp;&amp;nbsp;&lt;/span&gt;&lt;span style="color: var(--highlight-default)"&gt;$arguments&amp;nbsp;&lt;/span&gt;&lt;span style="color: var(--highlight-keyword)"&gt;=&amp;nbsp;&lt;/span&gt;&lt;span style="color: var(--highlight-default)"&gt;$this&lt;/span&gt;&lt;span style="color: var(--highlight-keyword)"&gt;-&amp;gt;&lt;/span&gt;&lt;span style="color: var(--highlight-default)"&gt;argumentResolver&lt;/span&gt;&lt;span style="color: var(--highlight-keyword)"&gt;-&amp;gt;&lt;/span&gt;&lt;span style="color: var(--highlight-default)"&gt;getArguments&lt;/span&gt;&lt;span style="color: var(--highlight-keyword)"&gt;(&lt;/span&gt;&lt;span style="color: var(--highlight-default)"&gt;$request&lt;/span&gt;&lt;span style="color: var(--highlight-keyword)"&gt;,&amp;nbsp;&lt;/span&gt;&lt;span style="color: var(--highlight-default)"&gt;$controller&lt;/span&gt;&lt;span style="color: var(--highlight-keyword)"&gt;);&lt;/span&gt;&lt;/code&gt;&lt;/li&gt;
&lt;li&gt;&lt;code&gt;&lt;span style="color: var(--highlight-keyword)"&gt;&lt;/span&gt;&lt;/code&gt;&lt;/li&gt;&lt;/ol&gt;    &lt;/div&gt;            &lt;/div&gt;
                        &lt;div class="trace-line "&gt;
                &lt;div class="trace-line-header break-long-words sf-toggle" data-toggle-selector="#trace-html-1-21" data-toggle-initial=""&gt;
            &lt;span class="icon icon-close"&gt;&lt;svg width="1792" height="1792" viewBox="0 0 1792 1792" xmlns="http://www.w3.org/2000/svg"&gt;&lt;path d="M1408 960V832q0-26-19-45t-45-19H448q-26 0-45 19t-19 45v128q0 26 19 45t45 19h896q26 0 45-19t19-45zm256-544v960q0 119-84.5 203.5T1376 1664H416q-119 0-203.5-84.5T128 1376V416q0-119 84.5-203.5T416 128h960q119 0 203.5 84.5T1664 416z"/&gt;&lt;/svg&gt;&lt;/span&gt;
        &lt;span class="icon icon-open"&gt;&lt;svg width="1792" height="1792" viewBox="0 0 1792 1792" xmlns="http://www.w3.org/2000/svg"&gt;&lt;path d="M1408 960V832q0-26-19-45t-45-19h-320V448q0-26-19-45t-45-19H832q-26 0-45 19t-19 45v320H448q-26 0-45 19t-19 45v128q0 26 19 45t45 19h320v320q0 26 19 45t45 19h128q26 0 45-19t19-45v-320h320q26 0 45-19t19-45zm256-544v960q0 119-84.5 203.5T1376 1664H416q-119 0-203.5-84.5T128 1376V416q0-119 84.5-203.5T416 128h960q119 0 203.5 84.5T1664 416z"/&gt;&lt;/svg&gt;&lt;/span&gt;
    
            &lt;span class="trace-class"&gt;&lt;abbr title="Symfony\Component\HttpKernel\HttpKernel"&gt;HttpKernel&lt;/abbr&gt;&lt;/span&gt;&lt;span class="trace-type"&gt;-&gt;&lt;/span&gt;&lt;span class="trace-method"&gt;handleRaw&lt;/span&gt;&lt;span class="trace-arguments"&gt;()&lt;/span&gt;    
                    &lt;span class="block trace-file-path"&gt;
            in
            &lt;a href=""&gt;
                C:\Users\eman\Documents\GitHub\car_dealer\vendor\symfony\http-kernel\&lt;strong&gt;HttpKernel.php&lt;/strong&gt;
            &lt;/a&gt;
                        (line 74)
            &lt;span class="icon icon-copy hidden" data-clipboard-text="C:\Users\eman\Documents\GitHub\car_dealer\vendor\symfony\http-kernel\HttpKernel.php:74"&gt;
                &lt;svg xmlns="http://www.w3.org/2000/svg" height="24" viewBox="0 0 24 24" width="24"&gt;&lt;path d="M0 0h24v24H0z" fill="none"/&gt;&lt;path d="M16 1H4c-1.1 0-2 .9-2 2v14h2V3h12V1zm3 4H8c-1.1 0-2 .9-2 2v14c0 1.1.9 2 2 2h11c1.1 0 2-.9 2-2V7c0-1.1-.9-2-2-2zm0 16H8V7h11v14z"/&gt;&lt;/svg&gt;            &lt;/span&gt;
        &lt;/span&gt;
    &lt;/div&gt;
    &lt;div id="trace-html-1-21" class="trace-code sf-toggle-content"&gt;
        &lt;ol start="69"&gt;&lt;li&gt;&lt;code&gt;&lt;span style="color: var(--highlight-comment)"&gt;&amp;nbsp;&amp;nbsp;&amp;nbsp;&amp;nbsp;&lt;/span&gt;&lt;span style="color: var(--highlight-keyword)"&gt;public&amp;nbsp;function&amp;nbsp;&lt;/span&gt;&lt;span style="color: var(--highlight-default)"&gt;handle&lt;/span&gt;&lt;span style="color: var(--highlight-keyword)"&gt;(&lt;/span&gt;&lt;span style="color: var(--highlight-default)"&gt;Request&amp;nbsp;$request&lt;/span&gt;&lt;span style="color: var(--highlight-keyword)"&gt;,&amp;nbsp;&lt;/span&gt;&lt;span style="color: var(--highlight-default)"&gt;int&amp;nbsp;$type&amp;nbsp;&lt;/span&gt;&lt;span style="color: var(--highlight-keyword)"&gt;=&amp;nbsp;&lt;/span&gt;&lt;span style="color: var(--highlight-default)"&gt;HttpKernelInterface&lt;/span&gt;&lt;span style="color: var(--highlight-keyword)"&gt;::&lt;/span&gt;&lt;span style="color: var(--highlight-default)"&gt;MAIN_REQUEST&lt;/span&gt;&lt;span style="color: var(--highlight-keyword)"&gt;,&amp;nbsp;&lt;/span&gt;&lt;span style="color: var(--highlight-default)"&gt;bool&amp;nbsp;$catch&amp;nbsp;&lt;/span&gt;&lt;span style="color: var(--highlight-keyword)"&gt;=&amp;nbsp;&lt;/span&gt;&lt;span style="color: var(--highlight-default)"&gt;true&lt;/span&gt;&lt;span style="color: var(--highlight-keyword)"&gt;):&amp;nbsp;&lt;/span&gt;&lt;span style="color: var(--highlight-default)"&gt;Response&lt;/span&gt;&lt;/code&gt;&lt;/li&gt;
&lt;li&gt;&lt;code&gt;&lt;span style="color: var(--highlight-default)"&gt;&amp;nbsp;&amp;nbsp;&amp;nbsp;&amp;nbsp;&lt;/span&gt;&lt;span style="color: var(--highlight-keyword)"&gt;{&lt;/span&gt;&lt;/code&gt;&lt;/li&gt;
&lt;li&gt;&lt;code&gt;&lt;span style="color: var(--highlight-keyword)"&gt;&amp;nbsp;&amp;nbsp;&amp;nbsp;&amp;nbsp;&amp;nbsp;&amp;nbsp;&amp;nbsp;&amp;nbsp;&lt;/span&gt;&lt;span style="color: var(--highlight-default)"&gt;$request&lt;/span&gt;&lt;span style="color: var(--highlight-keyword)"&gt;-&amp;gt;&lt;/span&gt;&lt;span style="color: var(--highlight-default)"&gt;headers&lt;/span&gt;&lt;span style="color: var(--highlight-keyword)"&gt;-&amp;gt;&lt;/span&gt;&lt;span style="color: var(--highlight-default)"&gt;set&lt;/span&gt;&lt;span style="color: var(--highlight-keyword)"&gt;(&lt;/span&gt;&lt;span style="color: var(--highlight-string)"&gt;'X-Php-Ob-Level'&lt;/span&gt;&lt;span style="color: var(--highlight-keyword)"&gt;,&amp;nbsp;(string)&amp;nbsp;&lt;/span&gt;&lt;span style="color: var(--highlight-default)"&gt;ob_get_level&lt;/span&gt;&lt;span style="color: var(--highlight-keyword)"&gt;());&lt;/span&gt;&lt;/code&gt;&lt;/li&gt;
&lt;li&gt;&lt;code&gt;&lt;span style="color: var(--highlight-keyword)"&gt;&lt;/span&gt;&lt;/code&gt;&lt;/li&gt;
&lt;li&gt;&lt;code&gt;&lt;span style="color: var(--highlight-keyword)"&gt;&amp;nbsp;&amp;nbsp;&amp;nbsp;&amp;nbsp;&amp;nbsp;&amp;nbsp;&amp;nbsp;&amp;nbsp;try&amp;nbsp;{&lt;/span&gt;&lt;/code&gt;&lt;/li&gt;
&lt;li class="selected"&gt;&lt;code&gt;&lt;span style="color: var(--highlight-keyword)"&gt;&amp;nbsp;&amp;nbsp;&amp;nbsp;&amp;nbsp;&amp;nbsp;&amp;nbsp;&amp;nbsp;&amp;nbsp;&amp;nbsp;&amp;nbsp;&amp;nbsp;&amp;nbsp;return&amp;nbsp;&lt;/span&gt;&lt;span style="color: var(--highlight-default)"&gt;$this&lt;/span&gt;&lt;span style="color: var(--highlight-keyword)"&gt;-&amp;gt;&lt;/span&gt;&lt;span style="color: var(--highlight-default)"&gt;handleRaw&lt;/span&gt;&lt;span style="color: var(--highlight-keyword)"&gt;(&lt;/span&gt;&lt;span style="color: var(--highlight-default)"&gt;$request&lt;/span&gt;&lt;span style="color: var(--highlight-keyword)"&gt;,&amp;nbsp;&lt;/span&gt;&lt;span style="color: var(--highlight-default)"&gt;$type&lt;/span&gt;&lt;span style="color: var(--highlight-keyword)"&gt;);&lt;/span&gt;&lt;/code&gt;&lt;/li&gt;
&lt;li&gt;&lt;code&gt;&lt;span style="color: var(--highlight-keyword)"&gt;&amp;nbsp;&amp;nbsp;&amp;nbsp;&amp;nbsp;&amp;nbsp;&amp;nbsp;&amp;nbsp;&amp;nbsp;}&amp;nbsp;catch&amp;nbsp;(&lt;/span&gt;&lt;span style="color: var(--highlight-default)"&gt;\Exception&amp;nbsp;$e&lt;/span&gt;&lt;span style="color: var(--highlight-keyword)"&gt;)&amp;nbsp;{&lt;/span&gt;&lt;/code&gt;&lt;/li&gt;
&lt;li&gt;&lt;code&gt;&lt;span style="color: var(--highlight-keyword)"&gt;&amp;nbsp;&amp;nbsp;&amp;nbsp;&amp;nbsp;&amp;nbsp;&amp;nbsp;&amp;nbsp;&amp;nbsp;&amp;nbsp;&amp;nbsp;&amp;nbsp;&amp;nbsp;if&amp;nbsp;(&lt;/span&gt;&lt;span style="color: var(--highlight-default)"&gt;$e&amp;nbsp;&lt;/span&gt;&lt;span style="color: var(--highlight-keyword)"&gt;instanceof&amp;nbsp;&lt;/span&gt;&lt;span style="color: var(--highlight-default)"&gt;RequestExceptionInterface&lt;/span&gt;&lt;span style="color: var(--highlight-keyword)"&gt;)&amp;nbsp;{&lt;/span&gt;&lt;/code&gt;&lt;/li&gt;
&lt;li&gt;&lt;code&gt;&lt;span style="color: var(--highlight-keyword)"&gt;&amp;nbsp;&amp;nbsp;&amp;nbsp;&amp;nbsp;&amp;nbsp;&amp;nbsp;&amp;nbsp;&amp;nbsp;&amp;nbsp;&amp;nbsp;&amp;nbsp;&amp;nbsp;&amp;nbsp;&amp;nbsp;&amp;nbsp;&amp;nbsp;&lt;/span&gt;&lt;span style="color: var(--highlight-default)"&gt;$e&amp;nbsp;&lt;/span&gt;&lt;span style="color: var(--highlight-keyword)"&gt;=&amp;nbsp;new&amp;nbsp;&lt;/span&gt;&lt;span style="color: var(--highlight-default)"&gt;BadRequestHttpException&lt;/span&gt;&lt;span style="color: var(--highlight-keyword)"&gt;(&lt;/span&gt;&lt;span style="color: var(--highlight-default)"&gt;$e&lt;/span&gt;&lt;span style="color: var(--highlight-keyword)"&gt;-&amp;gt;&lt;/span&gt;&lt;span style="color: var(--highlight-default)"&gt;getMessage&lt;/span&gt;&lt;span style="color: var(--highlight-keyword)"&gt;(),&amp;nbsp;&lt;/span&gt;&lt;span style="color: var(--highlight-default)"&gt;$e&lt;/span&gt;&lt;span style="color: var(--highlight-keyword)"&gt;);&lt;/span&gt;&lt;/code&gt;&lt;/li&gt;
&lt;li&gt;&lt;code&gt;&lt;span style="color: var(--highlight-keyword)"&gt;&amp;nbsp;&amp;nbsp;&amp;nbsp;&amp;nbsp;&amp;nbsp;&amp;nbsp;&amp;nbsp;&amp;nbsp;&amp;nbsp;&amp;nbsp;&amp;nbsp;&amp;nbsp;}&lt;/span&gt;&lt;/code&gt;&lt;/li&gt;
&lt;li&gt;&lt;code&gt;&lt;span style="color: var(--highlight-keyword)"&gt;&amp;nbsp;&amp;nbsp;&amp;nbsp;&amp;nbsp;&amp;nbsp;&amp;nbsp;&amp;nbsp;&amp;nbsp;&amp;nbsp;&amp;nbsp;&amp;nbsp;&amp;nbsp;if&amp;nbsp;(&lt;/span&gt;&lt;span style="color: var(--highlight-default)"&gt;false&amp;nbsp;&lt;/span&gt;&lt;span style="color: var(--highlight-keyword)"&gt;===&amp;nbsp;&lt;/span&gt;&lt;span style="color: var(--highlight-default)"&gt;$catch&lt;/span&gt;&lt;span style="color: var(--highlight-keyword)"&gt;)&amp;nbsp;{&lt;/span&gt;&lt;/code&gt;&lt;/li&gt;&lt;/ol&gt;    &lt;/div&gt;            &lt;/div&gt;
                        &lt;div class="trace-line "&gt;
                &lt;div class="trace-line-header break-long-words sf-toggle" data-toggle-selector="#trace-html-1-22" data-toggle-initial=""&gt;
            &lt;span class="icon icon-close"&gt;&lt;svg width="1792" height="1792" viewBox="0 0 1792 1792" xmlns="http://www.w3.org/2000/svg"&gt;&lt;path d="M1408 960V832q0-26-19-45t-45-19H448q-26 0-45 19t-19 45v128q0 26 19 45t45 19h896q26 0 45-19t19-45zm256-544v960q0 119-84.5 203.5T1376 1664H416q-119 0-203.5-84.5T128 1376V416q0-119 84.5-203.5T416 128h960q119 0 203.5 84.5T1664 416z"/&gt;&lt;/svg&gt;&lt;/span&gt;
        &lt;span class="icon icon-open"&gt;&lt;svg width="1792" height="1792" viewBox="0 0 1792 1792" xmlns="http://www.w3.org/2000/svg"&gt;&lt;path d="M1408 960V832q0-26-19-45t-45-19h-320V448q0-26-19-45t-45-19H832q-26 0-45 19t-19 45v320H448q-26 0-45 19t-19 45v128q0 26 19 45t45 19h320v320q0 26 19 45t45 19h128q26 0 45-19t19-45v-320h320q26 0 45-19t19-45zm256-544v960q0 119-84.5 203.5T1376 1664H416q-119 0-203.5-84.5T128 1376V416q0-119 84.5-203.5T416 128h960q119 0 203.5 84.5T1664 416z"/&gt;&lt;/svg&gt;&lt;/span&gt;
    
            &lt;span class="trace-class"&gt;&lt;abbr title="Symfony\Component\HttpKernel\HttpKernel"&gt;HttpKernel&lt;/abbr&gt;&lt;/span&gt;&lt;span class="trace-type"&gt;-&gt;&lt;/span&gt;&lt;span class="trace-method"&gt;handle&lt;/span&gt;&lt;span class="trace-arguments"&gt;()&lt;/span&gt;    
                    &lt;span class="block trace-file-path"&gt;
            in
            &lt;a href=""&gt;
                C:\Users\eman\Documents\GitHub\car_dealer\vendor\symfony\http-kernel\&lt;strong&gt;Kernel.php&lt;/strong&gt;
            &lt;/a&gt;
                        (line 202)
            &lt;span class="icon icon-copy hidden" data-clipboard-text="C:\Users\eman\Documents\GitHub\car_dealer\vendor\symfony\http-kernel\Kernel.php:202"&gt;
                &lt;svg xmlns="http://www.w3.org/2000/svg" height="24" viewBox="0 0 24 24" width="24"&gt;&lt;path d="M0 0h24v24H0z" fill="none"/&gt;&lt;path d="M16 1H4c-1.1 0-2 .9-2 2v14h2V3h12V1zm3 4H8c-1.1 0-2 .9-2 2v14c0 1.1.9 2 2 2h11c1.1 0 2-.9 2-2V7c0-1.1-.9-2-2-2zm0 16H8V7h11v14z"/&gt;&lt;/svg&gt;            &lt;/span&gt;
        &lt;/span&gt;
    &lt;/div&gt;
    &lt;div id="trace-html-1-22" class="trace-code sf-toggle-content"&gt;
        &lt;ol start="197"&gt;&lt;li&gt;&lt;code&gt;&lt;span style="color: var(--highlight-keyword)"&gt;&amp;nbsp;&amp;nbsp;&amp;nbsp;&amp;nbsp;&amp;nbsp;&amp;nbsp;&amp;nbsp;&amp;nbsp;&lt;/span&gt;&lt;span style="color: var(--highlight-default)"&gt;$this&lt;/span&gt;&lt;span style="color: var(--highlight-keyword)"&gt;-&amp;gt;&lt;/span&gt;&lt;span style="color: var(--highlight-default)"&gt;boot&lt;/span&gt;&lt;span style="color: var(--highlight-keyword)"&gt;();&lt;/span&gt;&lt;/code&gt;&lt;/li&gt;
&lt;li&gt;&lt;code&gt;&lt;span style="color: var(--highlight-keyword)"&gt;&amp;nbsp;&amp;nbsp;&amp;nbsp;&amp;nbsp;&amp;nbsp;&amp;nbsp;&amp;nbsp;&amp;nbsp;++&lt;/span&gt;&lt;span style="color: var(--highlight-default)"&gt;$this&lt;/span&gt;&lt;span style="color: var(--highlight-keyword)"&gt;-&amp;gt;&lt;/span&gt;&lt;span style="color: var(--highlight-default)"&gt;requestStackSize&lt;/span&gt;&lt;span style="color: var(--highlight-keyword)"&gt;;&lt;/span&gt;&lt;/code&gt;&lt;/li&gt;
&lt;li&gt;&lt;code&gt;&lt;span style="color: var(--highlight-keyword)"&gt;&amp;nbsp;&amp;nbsp;&amp;nbsp;&amp;nbsp;&amp;nbsp;&amp;nbsp;&amp;nbsp;&amp;nbsp;&lt;/span&gt;&lt;span style="color: var(--highlight-default)"&gt;$this&lt;/span&gt;&lt;span style="color: var(--highlight-keyword)"&gt;-&amp;gt;&lt;/span&gt;&lt;span style="color: var(--highlight-default)"&gt;resetServices&amp;nbsp;&lt;/span&gt;&lt;span style="color: var(--highlight-keyword)"&gt;=&amp;nbsp;&lt;/span&gt;&lt;span style="color: var(--highlight-default)"&gt;true&lt;/span&gt;&lt;span style="color: var(--highlight-keyword)"&gt;;&lt;/span&gt;&lt;/code&gt;&lt;/li&gt;
&lt;li&gt;&lt;code&gt;&lt;span style="color: var(--highlight-keyword)"&gt;&lt;/span&gt;&lt;/code&gt;&lt;/li&gt;
&lt;li&gt;&lt;code&gt;&lt;span style="color: var(--highlight-keyword)"&gt;&amp;nbsp;&amp;nbsp;&amp;nbsp;&amp;nbsp;&amp;nbsp;&amp;nbsp;&amp;nbsp;&amp;nbsp;try&amp;nbsp;{&lt;/span&gt;&lt;/code&gt;&lt;/li&gt;
&lt;li class="selected"&gt;&lt;code&gt;&lt;span style="color: var(--highlight-keyword)"&gt;&amp;nbsp;&amp;nbsp;&amp;nbsp;&amp;nbsp;&amp;nbsp;&amp;nbsp;&amp;nbsp;&amp;nbsp;&amp;nbsp;&amp;nbsp;&amp;nbsp;&amp;nbsp;return&amp;nbsp;&lt;/span&gt;&lt;span style="color: var(--highlight-default)"&gt;$this&lt;/span&gt;&lt;span style="color: var(--highlight-keyword)"&gt;-&amp;gt;&lt;/span&gt;&lt;span style="color: var(--highlight-default)"&gt;getHttpKernel&lt;/span&gt;&lt;span style="color: var(--highlight-keyword)"&gt;()-&amp;gt;&lt;/span&gt;&lt;span style="color: var(--highlight-default)"&gt;handle&lt;/span&gt;&lt;span style="color: var(--highlight-keyword)"&gt;(&lt;/span&gt;&lt;span style="color: var(--highlight-default)"&gt;$request&lt;/span&gt;&lt;span style="color: var(--highlight-keyword)"&gt;,&amp;nbsp;&lt;/span&gt;&lt;span style="color: var(--highlight-default)"&gt;$type&lt;/span&gt;&lt;span style="color: var(--highlight-keyword)"&gt;,&amp;nbsp;&lt;/span&gt;&lt;span style="color: var(--highlight-default)"&gt;$catch&lt;/span&gt;&lt;span style="color: var(--highlight-keyword)"&gt;);&lt;/span&gt;&lt;/code&gt;&lt;/li&gt;
&lt;li&gt;&lt;code&gt;&lt;span style="color: var(--highlight-keyword)"&gt;&amp;nbsp;&amp;nbsp;&amp;nbsp;&amp;nbsp;&amp;nbsp;&amp;nbsp;&amp;nbsp;&amp;nbsp;}&amp;nbsp;finally&amp;nbsp;{&lt;/span&gt;&lt;/code&gt;&lt;/li&gt;
&lt;li&gt;&lt;code&gt;&lt;span style="color: var(--highlight-keyword)"&gt;&amp;nbsp;&amp;nbsp;&amp;nbsp;&amp;nbsp;&amp;nbsp;&amp;nbsp;&amp;nbsp;&amp;nbsp;&amp;nbsp;&amp;nbsp;&amp;nbsp;&amp;nbsp;--&lt;/span&gt;&lt;span style="color: var(--highlight-default)"&gt;$this&lt;/span&gt;&lt;span style="color: var(--highlight-keyword)"&gt;-&amp;gt;&lt;/span&gt;&lt;span style="color: var(--highlight-default)"&gt;requestStackSize&lt;/span&gt;&lt;span style="color: var(--highlight-keyword)"&gt;;&lt;/span&gt;&lt;/code&gt;&lt;/li&gt;
&lt;li&gt;&lt;code&gt;&lt;span style="color: var(--highlight-keyword)"&gt;&amp;nbsp;&amp;nbsp;&amp;nbsp;&amp;nbsp;&amp;nbsp;&amp;nbsp;&amp;nbsp;&amp;nbsp;}&lt;/span&gt;&lt;/code&gt;&lt;/li&gt;
&lt;li&gt;&lt;code&gt;&lt;span style="color: var(--highlight-keyword)"&gt;&amp;nbsp;&amp;nbsp;&amp;nbsp;&amp;nbsp;}&lt;/span&gt;&lt;/code&gt;&lt;/li&gt;
&lt;li&gt;&lt;code&gt;&lt;span style="color: var(--highlight-keyword)"&gt;&lt;/span&gt;&lt;/code&gt;&lt;/li&gt;&lt;/ol&gt;    &lt;/div&gt;            &lt;/div&gt;
                        &lt;div class="trace-line "&gt;
                &lt;div class="trace-line-header break-long-words sf-toggle" data-toggle-selector="#trace-html-1-23" data-toggle-initial=""&gt;
            &lt;span class="icon icon-close"&gt;&lt;svg width="1792" height="1792" viewBox="0 0 1792 1792" xmlns="http://www.w3.org/2000/svg"&gt;&lt;path d="M1408 960V832q0-26-19-45t-45-19H448q-26 0-45 19t-19 45v128q0 26 19 45t45 19h896q26 0 45-19t19-45zm256-544v960q0 119-84.5 203.5T1376 1664H416q-119 0-203.5-84.5T128 1376V416q0-119 84.5-203.5T416 128h960q119 0 203.5 84.5T1664 416z"/&gt;&lt;/svg&gt;&lt;/span&gt;
        &lt;span class="icon icon-open"&gt;&lt;svg width="1792" height="1792" viewBox="0 0 1792 1792" xmlns="http://www.w3.org/2000/svg"&gt;&lt;path d="M1408 960V832q0-26-19-45t-45-19h-320V448q0-26-19-45t-45-19H832q-26 0-45 19t-19 45v320H448q-26 0-45 19t-19 45v128q0 26 19 45t45 19h320v320q0 26 19 45t45 19h128q26 0 45-19t19-45v-320h320q26 0 45-19t19-45zm256-544v960q0 119-84.5 203.5T1376 1664H416q-119 0-203.5-84.5T128 1376V416q0-119 84.5-203.5T416 128h960q119 0 203.5 84.5T1664 416z"/&gt;&lt;/svg&gt;&lt;/span&gt;
    
            &lt;span class="trace-class"&gt;&lt;abbr title="Symfony\Component\HttpKernel\Kernel"&gt;Kernel&lt;/abbr&gt;&lt;/span&gt;&lt;span class="trace-type"&gt;-&gt;&lt;/span&gt;&lt;span class="trace-method"&gt;handle&lt;/span&gt;&lt;span class="trace-arguments"&gt;()&lt;/span&gt;    
                    &lt;span class="block trace-file-path"&gt;
            in
            &lt;a href=""&gt;
                C:\Users\eman\Documents\GitHub\car_dealer\vendor\symfony\http-kernel\&lt;strong&gt;HttpKernelBrowser.php&lt;/strong&gt;
            &lt;/a&gt;
                        (line 65)
            &lt;span class="icon icon-copy hidden" data-clipboard-text="C:\Users\eman\Documents\GitHub\car_dealer\vendor\symfony\http-kernel\HttpKernelBrowser.php:65"&gt;
                &lt;svg xmlns="http://www.w3.org/2000/svg" height="24" viewBox="0 0 24 24" width="24"&gt;&lt;path d="M0 0h24v24H0z" fill="none"/&gt;&lt;path d="M16 1H4c-1.1 0-2 .9-2 2v14h2V3h12V1zm3 4H8c-1.1 0-2 .9-2 2v14c0 1.1.9 2 2 2h11c1.1 0 2-.9 2-2V7c0-1.1-.9-2-2-2zm0 16H8V7h11v14z"/&gt;&lt;/svg&gt;            &lt;/span&gt;
        &lt;/span&gt;
    &lt;/div&gt;
    &lt;div id="trace-html-1-23" class="trace-code sf-toggle-content"&gt;
        &lt;ol start="60"&gt;&lt;li&gt;&lt;code&gt;&lt;span style="color: var(--highlight-comment)"&gt;&amp;nbsp;&amp;nbsp;&amp;nbsp;&amp;nbsp;&amp;nbsp;*&lt;/span&gt;&lt;/code&gt;&lt;/li&gt;
&lt;li&gt;&lt;code&gt;&lt;span style="color: var(--highlight-comment)"&gt;&amp;nbsp;&amp;nbsp;&amp;nbsp;&amp;nbsp;&amp;nbsp;*&amp;nbsp;@return&amp;nbsp;Response&lt;/span&gt;&lt;/code&gt;&lt;/li&gt;
&lt;li&gt;&lt;code&gt;&lt;span style="color: var(--highlight-comment)"&gt;&amp;nbsp;&amp;nbsp;&amp;nbsp;&amp;nbsp;&amp;nbsp;*/&lt;/span&gt;&lt;/code&gt;&lt;/li&gt;
&lt;li&gt;&lt;code&gt;&lt;span style="color: var(--highlight-comment)"&gt;&amp;nbsp;&amp;nbsp;&amp;nbsp;&amp;nbsp;&lt;/span&gt;&lt;span style="color: var(--highlight-keyword)"&gt;protected&amp;nbsp;function&amp;nbsp;&lt;/span&gt;&lt;span style="color: var(--highlight-default)"&gt;doRequest&lt;/span&gt;&lt;span style="color: var(--highlight-keyword)"&gt;(&lt;/span&gt;&lt;span style="color: var(--highlight-default)"&gt;object&amp;nbsp;$request&lt;/span&gt;&lt;span style="color: var(--highlight-keyword)"&gt;)&lt;/span&gt;&lt;/code&gt;&lt;/li&gt;
&lt;li&gt;&lt;code&gt;&lt;span style="color: var(--highlight-keyword)"&gt;&amp;nbsp;&amp;nbsp;&amp;nbsp;&amp;nbsp;{&lt;/span&gt;&lt;/code&gt;&lt;/li&gt;
&lt;li class="selected"&gt;&lt;code&gt;&lt;span style="color: var(--highlight-keyword)"&gt;&amp;nbsp;&amp;nbsp;&amp;nbsp;&amp;nbsp;&amp;nbsp;&amp;nbsp;&amp;nbsp;&amp;nbsp;&lt;/span&gt;&lt;span style="color: var(--highlight-default)"&gt;$response&amp;nbsp;&lt;/span&gt;&lt;span style="color: var(--highlight-keyword)"&gt;=&amp;nbsp;&lt;/span&gt;&lt;span style="color: var(--highlight-default)"&gt;$this&lt;/span&gt;&lt;span style="color: var(--highlight-keyword)"&gt;-&amp;gt;&lt;/span&gt;&lt;span style="color: var(--highlight-default)"&gt;kernel&lt;/span&gt;&lt;span style="color: var(--highlight-keyword)"&gt;-&amp;gt;&lt;/span&gt;&lt;span style="color: var(--highlight-default)"&gt;handle&lt;/span&gt;&lt;span style="color: var(--highlight-keyword)"&gt;(&lt;/span&gt;&lt;span style="color: var(--highlight-default)"&gt;$request&lt;/span&gt;&lt;span style="color: var(--highlight-keyword)"&gt;,&amp;nbsp;&lt;/span&gt;&lt;span style="color: var(--highlight-default)"&gt;HttpKernelInterface&lt;/span&gt;&lt;span style="color: var(--highlight-keyword)"&gt;::&lt;/span&gt;&lt;span style="color: var(--highlight-default)"&gt;MAIN_REQUEST&lt;/span&gt;&lt;span style="color: var(--highlight-keyword)"&gt;,&amp;nbsp;&lt;/span&gt;&lt;span style="color: var(--highlight-default)"&gt;$this&lt;/span&gt;&lt;span style="color: var(--highlight-keyword)"&gt;-&amp;gt;&lt;/span&gt;&lt;span style="color: var(--highlight-default)"&gt;catchExceptions&lt;/span&gt;&lt;span style="color: var(--highlight-keyword)"&gt;);&lt;/span&gt;&lt;/code&gt;&lt;/li&gt;
&lt;li&gt;&lt;code&gt;&lt;span style="color: var(--highlight-keyword)"&gt;&lt;/span&gt;&lt;/code&gt;&lt;/li&gt;
&lt;li&gt;&lt;code&gt;&lt;span style="color: var(--highlight-keyword)"&gt;&amp;nbsp;&amp;nbsp;&amp;nbsp;&amp;nbsp;&amp;nbsp;&amp;nbsp;&amp;nbsp;&amp;nbsp;if&amp;nbsp;(&lt;/span&gt;&lt;span style="color: var(--highlight-default)"&gt;$this&lt;/span&gt;&lt;span style="color: var(--highlight-keyword)"&gt;-&amp;gt;&lt;/span&gt;&lt;span style="color: var(--highlight-default)"&gt;kernel&amp;nbsp;&lt;/span&gt;&lt;span style="color: var(--highlight-keyword)"&gt;instanceof&amp;nbsp;&lt;/span&gt;&lt;span style="color: var(--highlight-default)"&gt;TerminableInterface&lt;/span&gt;&lt;span style="color: var(--highlight-keyword)"&gt;)&amp;nbsp;{&lt;/span&gt;&lt;/code&gt;&lt;/li&gt;
&lt;li&gt;&lt;code&gt;&lt;span style="color: var(--highlight-keyword)"&gt;&amp;nbsp;&amp;nbsp;&amp;nbsp;&amp;nbsp;&amp;nbsp;&amp;nbsp;&amp;nbsp;&amp;nbsp;&amp;nbsp;&amp;nbsp;&amp;nbsp;&amp;nbsp;&lt;/span&gt;&lt;span style="color: var(--highlight-default)"&gt;$this&lt;/span&gt;&lt;span style="color: var(--highlight-keyword)"&gt;-&amp;gt;&lt;/span&gt;&lt;span style="color: var(--highlight-default)"&gt;kernel&lt;/span&gt;&lt;span style="color: var(--highlight-keyword)"&gt;-&amp;gt;&lt;/span&gt;&lt;span style="color: var(--highlight-default)"&gt;terminate&lt;/span&gt;&lt;span style="color: var(--highlight-keyword)"&gt;(&lt;/span&gt;&lt;span style="color: var(--highlight-default)"&gt;$request&lt;/span&gt;&lt;span style="color: var(--highlight-keyword)"&gt;,&amp;nbsp;&lt;/span&gt;&lt;span style="color: var(--highlight-default)"&gt;$response&lt;/span&gt;&lt;span style="color: var(--highlight-keyword)"&gt;);&lt;/span&gt;&lt;/code&gt;&lt;/li&gt;
&lt;li&gt;&lt;code&gt;&lt;span style="color: var(--highlight-keyword)"&gt;&amp;nbsp;&amp;nbsp;&amp;nbsp;&amp;nbsp;&amp;nbsp;&amp;nbsp;&amp;nbsp;&amp;nbsp;}&lt;/span&gt;&lt;/code&gt;&lt;/li&gt;
&lt;li&gt;&lt;code&gt;&lt;span style="color: var(--highlight-keyword)"&gt;&lt;/span&gt;&lt;/code&gt;&lt;/li&gt;&lt;/ol&gt;    &lt;/div&gt;            &lt;/div&gt;
                        &lt;div class="trace-line "&gt;
                &lt;div class="trace-line-header break-long-words sf-toggle" data-toggle-selector="#trace-html-1-24" data-toggle-initial=""&gt;
            &lt;span class="icon icon-close"&gt;&lt;svg width="1792" height="1792" viewBox="0 0 1792 1792" xmlns="http://www.w3.org/2000/svg"&gt;&lt;path d="M1408 960V832q0-26-19-45t-45-19H448q-26 0-45 19t-19 45v128q0 26 19 45t45 19h896q26 0 45-19t19-45zm256-544v960q0 119-84.5 203.5T1376 1664H416q-119 0-203.5-84.5T128 1376V416q0-119 84.5-203.5T416 128h960q119 0 203.5 84.5T1664 416z"/&gt;&lt;/svg&gt;&lt;/span&gt;
        &lt;span class="icon icon-open"&gt;&lt;svg width="1792" height="1792" viewBox="0 0 1792 1792" xmlns="http://www.w3.org/2000/svg"&gt;&lt;path d="M1408 960V832q0-26-19-45t-45-19h-320V448q0-26-19-45t-45-19H832q-26 0-45 19t-19 45v320H448q-26 0-45 19t-19 45v128q0 26 19 45t45 19h320v320q0 26 19 45t45 19h128q26 0 45-19t19-45v-320h320q26 0 45-19t19-45zm256-544v960q0 119-84.5 203.5T1376 1664H416q-119 0-203.5-84.5T128 1376V416q0-119 84.5-203.5T416 128h960q119 0 203.5 84.5T1664 416z"/&gt;&lt;/svg&gt;&lt;/span&gt;
    
            &lt;span class="trace-class"&gt;&lt;abbr title="Symfony\Component\HttpKernel\HttpKernelBrowser"&gt;HttpKernelBrowser&lt;/abbr&gt;&lt;/span&gt;&lt;span class="trace-type"&gt;-&gt;&lt;/span&gt;&lt;span class="trace-method"&gt;doRequest&lt;/span&gt;&lt;span class="trace-arguments"&gt;()&lt;/span&gt;    
                    &lt;span class="block trace-file-path"&gt;
            in
            &lt;a href=""&gt;
                C:\Users\eman\Documents\GitHub\car_dealer\vendor\symfony\framework-bundle\&lt;strong&gt;KernelBrowser.php&lt;/strong&gt;
            &lt;/a&gt;
                        (line 171)
            &lt;span class="icon icon-copy hidden" data-clipboard-text="C:\Users\eman\Documents\GitHub\car_dealer\vendor\symfony\framework-bundle\KernelBrowser.php:171"&gt;
                &lt;svg xmlns="http://www.w3.org/2000/svg" height="24" viewBox="0 0 24 24" width="24"&gt;&lt;path d="M0 0h24v24H0z" fill="none"/&gt;&lt;path d="M16 1H4c-1.1 0-2 .9-2 2v14h2V3h12V1zm3 4H8c-1.1 0-2 .9-2 2v14c0 1.1.9 2 2 2h11c1.1 0 2-.9 2-2V7c0-1.1-.9-2-2-2zm0 16H8V7h11v14z"/&gt;&lt;/svg&gt;            &lt;/span&gt;
        &lt;/span&gt;
    &lt;/div&gt;
    &lt;div id="trace-html-1-24" class="trace-code sf-toggle-content"&gt;
        &lt;ol start="166"&gt;&lt;li&gt;&lt;code&gt;&lt;span style="color: var(--highlight-keyword)"&gt;&lt;/span&gt;&lt;/code&gt;&lt;/li&gt;
&lt;li&gt;&lt;code&gt;&lt;span style="color: var(--highlight-keyword)"&gt;&amp;nbsp;&amp;nbsp;&amp;nbsp;&amp;nbsp;&amp;nbsp;&amp;nbsp;&amp;nbsp;&amp;nbsp;&amp;nbsp;&amp;nbsp;&amp;nbsp;&amp;nbsp;&lt;/span&gt;&lt;span style="color: var(--highlight-default)"&gt;$this&lt;/span&gt;&lt;span style="color: var(--highlight-keyword)"&gt;-&amp;gt;&lt;/span&gt;&lt;span style="color: var(--highlight-default)"&gt;kernel&lt;/span&gt;&lt;span style="color: var(--highlight-keyword)"&gt;-&amp;gt;&lt;/span&gt;&lt;span style="color: var(--highlight-default)"&gt;boot&lt;/span&gt;&lt;span style="color: var(--highlight-keyword)"&gt;();&lt;/span&gt;&lt;/code&gt;&lt;/li&gt;
&lt;li&gt;&lt;code&gt;&lt;span style="color: var(--highlight-keyword)"&gt;&amp;nbsp;&amp;nbsp;&amp;nbsp;&amp;nbsp;&amp;nbsp;&amp;nbsp;&amp;nbsp;&amp;nbsp;&amp;nbsp;&amp;nbsp;&amp;nbsp;&amp;nbsp;&lt;/span&gt;&lt;span style="color: var(--highlight-default)"&gt;$this&lt;/span&gt;&lt;span style="color: var(--highlight-keyword)"&gt;-&amp;gt;&lt;/span&gt;&lt;span style="color: var(--highlight-default)"&gt;getContainer&lt;/span&gt;&lt;span style="color: var(--highlight-keyword)"&gt;()-&amp;gt;&lt;/span&gt;&lt;span style="color: var(--highlight-default)"&gt;get&lt;/span&gt;&lt;span style="color: var(--highlight-keyword)"&gt;(&lt;/span&gt;&lt;span style="color: var(--highlight-string)"&gt;'profiler'&lt;/span&gt;&lt;span style="color: var(--highlight-keyword)"&gt;)-&amp;gt;&lt;/span&gt;&lt;span style="color: var(--highlight-default)"&gt;enable&lt;/span&gt;&lt;span style="color: var(--highlight-keyword)"&gt;();&lt;/span&gt;&lt;/code&gt;&lt;/li&gt;
&lt;li&gt;&lt;code&gt;&lt;span style="color: var(--highlight-keyword)"&gt;&amp;nbsp;&amp;nbsp;&amp;nbsp;&amp;nbsp;&amp;nbsp;&amp;nbsp;&amp;nbsp;&amp;nbsp;}&lt;/span&gt;&lt;/code&gt;&lt;/li&gt;
&lt;li&gt;&lt;code&gt;&lt;span style="color: var(--highlight-keyword)"&gt;&lt;/span&gt;&lt;/code&gt;&lt;/li&gt;
&lt;li class="selected"&gt;&lt;code&gt;&lt;span style="color: var(--highlight-keyword)"&gt;&amp;nbsp;&amp;nbsp;&amp;nbsp;&amp;nbsp;&amp;nbsp;&amp;nbsp;&amp;nbsp;&amp;nbsp;return&amp;nbsp;&lt;/span&gt;&lt;span style="color: var(--highlight-default)"&gt;parent&lt;/span&gt;&lt;span style="color: var(--highlight-keyword)"&gt;::&lt;/span&gt;&lt;span style="color: var(--highlight-default)"&gt;doRequest&lt;/span&gt;&lt;span style="color: var(--highlight-keyword)"&gt;(&lt;/span&gt;&lt;span style="color: var(--highlight-default)"&gt;$request&lt;/span&gt;&lt;span style="color: var(--highlight-keyword)"&gt;);&lt;/span&gt;&lt;/code&gt;&lt;/li&gt;
&lt;li&gt;&lt;code&gt;&lt;span style="color: var(--highlight-keyword)"&gt;&amp;nbsp;&amp;nbsp;&amp;nbsp;&amp;nbsp;}&lt;/span&gt;&lt;/code&gt;&lt;/li&gt;
&lt;li&gt;&lt;code&gt;&lt;span style="color: var(--highlight-keyword)"&gt;&lt;/span&gt;&lt;/code&gt;&lt;/li&gt;
&lt;li&gt;&lt;code&gt;&lt;span style="color: var(--highlight-keyword)"&gt;&amp;nbsp;&amp;nbsp;&amp;nbsp;&amp;nbsp;&lt;/span&gt;&lt;span style="color: var(--highlight-comment)"&gt;/**&lt;/span&gt;&lt;/code&gt;&lt;/li&gt;
&lt;li&gt;&lt;code&gt;&lt;span style="color: var(--highlight-comment)"&gt;&amp;nbsp;&amp;nbsp;&amp;nbsp;&amp;nbsp;&amp;nbsp;*&amp;nbsp;{@inheritdoc}&lt;/span&gt;&lt;/code&gt;&lt;/li&gt;
&lt;li&gt;&lt;code&gt;&lt;span style="color: var(--highlight-comment)"&gt;&amp;nbsp;&amp;nbsp;&amp;nbsp;&amp;nbsp;&amp;nbsp;*&lt;/span&gt;&lt;/code&gt;&lt;/li&gt;&lt;/ol&gt;    &lt;/div&gt;            &lt;/div&gt;
                        &lt;div class="trace-line "&gt;
                &lt;div class="trace-line-header break-long-words sf-toggle" data-toggle-selector="#trace-html-1-25" data-toggle-initial=""&gt;
            &lt;span class="icon icon-close"&gt;&lt;svg width="1792" height="1792" viewBox="0 0 1792 1792" xmlns="http://www.w3.org/2000/svg"&gt;&lt;path d="M1408 960V832q0-26-19-45t-45-19H448q-26 0-45 19t-19 45v128q0 26 19 45t45 19h896q26 0 45-19t19-45zm256-544v960q0 119-84.5 203.5T1376 1664H416q-119 0-203.5-84.5T128 1376V416q0-119 84.5-203.5T416 128h960q119 0 203.5 84.5T1664 416z"/&gt;&lt;/svg&gt;&lt;/span&gt;
        &lt;span class="icon icon-open"&gt;&lt;svg width="1792" height="1792" viewBox="0 0 1792 1792" xmlns="http://www.w3.org/2000/svg"&gt;&lt;path d="M1408 960V832q0-26-19-45t-45-19h-320V448q0-26-19-45t-45-19H832q-26 0-45 19t-19 45v320H448q-26 0-45 19t-19 45v128q0 26 19 45t45 19h320v320q0 26 19 45t45 19h128q26 0 45-19t19-45v-320h320q26 0 45-19t19-45zm256-544v960q0 119-84.5 203.5T1376 1664H416q-119 0-203.5-84.5T128 1376V416q0-119 84.5-203.5T416 128h960q119 0 203.5 84.5T1664 416z"/&gt;&lt;/svg&gt;&lt;/span&gt;
    
            &lt;span class="trace-class"&gt;&lt;abbr title="Symfony\Bundle\FrameworkBundle\KernelBrowser"&gt;KernelBrowser&lt;/abbr&gt;&lt;/span&gt;&lt;span class="trace-type"&gt;-&gt;&lt;/span&gt;&lt;span class="trace-method"&gt;doRequest&lt;/span&gt;&lt;span class="trace-arguments"&gt;()&lt;/span&gt;    
                    &lt;span class="block trace-file-path"&gt;
            in
            &lt;a href=""&gt;
                C:\Users\eman\Documents\GitHub\car_dealer\vendor\symfony\browser-kit\&lt;strong&gt;AbstractBrowser.php&lt;/strong&gt;
            &lt;/a&gt;
                        (line 370)
            &lt;span class="icon icon-copy hidden" data-clipboard-text="C:\Users\eman\Documents\GitHub\car_dealer\vendor\symfony\browser-kit\AbstractBrowser.php:370"&gt;
                &lt;svg xmlns="http://www.w3.org/2000/svg" height="24" viewBox="0 0 24 24" width="24"&gt;&lt;path d="M0 0h24v24H0z" fill="none"/&gt;&lt;path d="M16 1H4c-1.1 0-2 .9-2 2v14h2V3h12V1zm3 4H8c-1.1 0-2 .9-2 2v14c0 1.1.9 2 2 2h11c1.1 0 2-.9 2-2V7c0-1.1-.9-2-2-2zm0 16H8V7h11v14z"/&gt;&lt;/svg&gt;            &lt;/span&gt;
        &lt;/span&gt;
    &lt;/div&gt;
    &lt;div id="trace-html-1-25" class="trace-code sf-toggle-content"&gt;
        &lt;ol start="365"&gt;&lt;li&gt;&lt;code&gt;&lt;span style="color: var(--highlight-keyword)"&gt;&amp;nbsp;&amp;nbsp;&amp;nbsp;&amp;nbsp;&amp;nbsp;&amp;nbsp;&amp;nbsp;&amp;nbsp;}&lt;/span&gt;&lt;/code&gt;&lt;/li&gt;
&lt;li&gt;&lt;code&gt;&lt;span style="color: var(--highlight-keyword)"&gt;&lt;/span&gt;&lt;/code&gt;&lt;/li&gt;
&lt;li&gt;&lt;code&gt;&lt;span style="color: var(--highlight-keyword)"&gt;&amp;nbsp;&amp;nbsp;&amp;nbsp;&amp;nbsp;&amp;nbsp;&amp;nbsp;&amp;nbsp;&amp;nbsp;if&amp;nbsp;(&lt;/span&gt;&lt;span style="color: var(--highlight-default)"&gt;$this&lt;/span&gt;&lt;span style="color: var(--highlight-keyword)"&gt;-&amp;gt;&lt;/span&gt;&lt;span style="color: var(--highlight-default)"&gt;insulated&lt;/span&gt;&lt;span style="color: var(--highlight-keyword)"&gt;)&amp;nbsp;{&lt;/span&gt;&lt;/code&gt;&lt;/li&gt;
&lt;li&gt;&lt;code&gt;&lt;span style="color: var(--highlight-keyword)"&gt;&amp;nbsp;&amp;nbsp;&amp;nbsp;&amp;nbsp;&amp;nbsp;&amp;nbsp;&amp;nbsp;&amp;nbsp;&amp;nbsp;&amp;nbsp;&amp;nbsp;&amp;nbsp;&lt;/span&gt;&lt;span style="color: var(--highlight-default)"&gt;$this&lt;/span&gt;&lt;span style="color: var(--highlight-keyword)"&gt;-&amp;gt;&lt;/span&gt;&lt;span style="color: var(--highlight-default)"&gt;response&amp;nbsp;&lt;/span&gt;&lt;span style="color: var(--highlight-keyword)"&gt;=&amp;nbsp;&lt;/span&gt;&lt;span style="color: var(--highlight-default)"&gt;$this&lt;/span&gt;&lt;span style="color: var(--highlight-keyword)"&gt;-&amp;gt;&lt;/span&gt;&lt;span style="color: var(--highlight-default)"&gt;doRequestInProcess&lt;/span&gt;&lt;span style="color: var(--highlight-keyword)"&gt;(&lt;/span&gt;&lt;span style="color: var(--highlight-default)"&gt;$this&lt;/span&gt;&lt;span style="color: var(--highlight-keyword)"&gt;-&amp;gt;&lt;/span&gt;&lt;span style="color: var(--highlight-default)"&gt;request&lt;/span&gt;&lt;span style="color: var(--highlight-keyword)"&gt;);&lt;/span&gt;&lt;/code&gt;&lt;/li&gt;
&lt;li&gt;&lt;code&gt;&lt;span style="color: var(--highlight-keyword)"&gt;&amp;nbsp;&amp;nbsp;&amp;nbsp;&amp;nbsp;&amp;nbsp;&amp;nbsp;&amp;nbsp;&amp;nbsp;}&amp;nbsp;else&amp;nbsp;{&lt;/span&gt;&lt;/code&gt;&lt;/li&gt;
&lt;li class="selected"&gt;&lt;code&gt;&lt;span style="color: var(--highlight-keyword)"&gt;&amp;nbsp;&amp;nbsp;&amp;nbsp;&amp;nbsp;&amp;nbsp;&amp;nbsp;&amp;nbsp;&amp;nbsp;&amp;nbsp;&amp;nbsp;&amp;nbsp;&amp;nbsp;&lt;/span&gt;&lt;span style="color: var(--highlight-default)"&gt;$this&lt;/span&gt;&lt;span style="color: var(--highlight-keyword)"&gt;-&amp;gt;&lt;/span&gt;&lt;span style="color: var(--highlight-default)"&gt;response&amp;nbsp;&lt;/span&gt;&lt;span style="color: var(--highlight-keyword)"&gt;=&amp;nbsp;&lt;/span&gt;&lt;span style="color: var(--highlight-default)"&gt;$this&lt;/span&gt;&lt;span style="color: var(--highlight-keyword)"&gt;-&amp;gt;&lt;/span&gt;&lt;span style="color: var(--highlight-default)"&gt;doRequest&lt;/span&gt;&lt;span style="color: var(--highlight-keyword)"&gt;(&lt;/span&gt;&lt;span style="color: var(--highlight-default)"&gt;$this&lt;/span&gt;&lt;span style="color: var(--highlight-keyword)"&gt;-&amp;gt;&lt;/span&gt;&lt;span style="color: var(--highlight-default)"&gt;request&lt;/span&gt;&lt;span style="color: var(--highlight-keyword)"&gt;);&lt;/span&gt;&lt;/code&gt;&lt;/li&gt;
&lt;li&gt;&lt;code&gt;&lt;span style="color: var(--highlight-keyword)"&gt;&amp;nbsp;&amp;nbsp;&amp;nbsp;&amp;nbsp;&amp;nbsp;&amp;nbsp;&amp;nbsp;&amp;nbsp;}&lt;/span&gt;&lt;/code&gt;&lt;/li&gt;
&lt;li&gt;&lt;code&gt;&lt;span style="color: var(--highlight-keyword)"&gt;&lt;/span&gt;&lt;/code&gt;&lt;/li&gt;
&lt;li&gt;&lt;code&gt;&lt;span style="color: var(--highlight-keyword)"&gt;&amp;nbsp;&amp;nbsp;&amp;nbsp;&amp;nbsp;&amp;nbsp;&amp;nbsp;&amp;nbsp;&amp;nbsp;&lt;/span&gt;&lt;span style="color: var(--highlight-default)"&gt;$this&lt;/span&gt;&lt;span style="color: var(--highlight-keyword)"&gt;-&amp;gt;&lt;/span&gt;&lt;span style="color: var(--highlight-default)"&gt;internalResponse&amp;nbsp;&lt;/span&gt;&lt;span style="color: var(--highlight-keyword)"&gt;=&amp;nbsp;&lt;/span&gt;&lt;span style="color: var(--highlight-default)"&gt;$this&lt;/span&gt;&lt;span style="color: var(--highlight-keyword)"&gt;-&amp;gt;&lt;/span&gt;&lt;span style="color: var(--highlight-default)"&gt;filterResponse&lt;/span&gt;&lt;span style="color: var(--highlight-keyword)"&gt;(&lt;/span&gt;&lt;span style="color: var(--highlight-default)"&gt;$this&lt;/span&gt;&lt;span style="color: var(--highlight-keyword)"&gt;-&amp;gt;&lt;/span&gt;&lt;span style="color: var(--highlight-default)"&gt;response&lt;/span&gt;&lt;span style="color: var(--highlight-keyword)"&gt;);&lt;/span&gt;&lt;/code&gt;&lt;/li&gt;
&lt;li&gt;&lt;code&gt;&lt;span style="color: var(--highlight-keyword)"&gt;&lt;/span&gt;&lt;/code&gt;&lt;/li&gt;
&lt;li&gt;&lt;code&gt;&lt;span style="color: var(--highlight-keyword)"&gt;&amp;nbsp;&amp;nbsp;&amp;nbsp;&amp;nbsp;&amp;nbsp;&amp;nbsp;&amp;nbsp;&amp;nbsp;&lt;/span&gt;&lt;span style="color: var(--highlight-default)"&gt;$this&lt;/span&gt;&lt;span style="color: var(--highlight-keyword)"&gt;-&amp;gt;&lt;/span&gt;&lt;span style="color: var(--highlight-default)"&gt;cookieJar&lt;/span&gt;&lt;span style="color: var(--highlight-keyword)"&gt;-&amp;gt;&lt;/span&gt;&lt;span style="color: var(--highlight-default)"&gt;updateFromResponse&lt;/span&gt;&lt;span style="color: var(--highlight-keyword)"&gt;(&lt;/span&gt;&lt;span style="color: var(--highlight-default)"&gt;$this&lt;/span&gt;&lt;span style="color: var(--highlight-keyword)"&gt;-&amp;gt;&lt;/span&gt;&lt;span style="color: var(--highlight-default)"&gt;internalResponse&lt;/span&gt;&lt;span style="color: var(--highlight-keyword)"&gt;,&amp;nbsp;&lt;/span&gt;&lt;span style="color: var(--highlight-default)"&gt;$uri&lt;/span&gt;&lt;span style="color: var(--highlight-keyword)"&gt;);&lt;/span&gt;&lt;/code&gt;&lt;/li&gt;&lt;/ol&gt;    &lt;/div&gt;            &lt;/div&gt;
                        &lt;div class="trace-line "&gt;
                &lt;div class="trace-line-header break-long-words sf-toggle" data-toggle-selector="#trace-html-1-26" data-toggle-initial=""&gt;
            &lt;span class="icon icon-close"&gt;&lt;svg width="1792" height="1792" viewBox="0 0 1792 1792" xmlns="http://www.w3.org/2000/svg"&gt;&lt;path d="M1408 960V832q0-26-19-45t-45-19H448q-26 0-45 19t-19 45v128q0 26 19 45t45 19h896q26 0 45-19t19-45zm256-544v960q0 119-84.5 203.5T1376 1664H416q-119 0-203.5-84.5T128 1376V416q0-119 84.5-203.5T416 128h960q119 0 203.5 84.5T1664 416z"/&gt;&lt;/svg&gt;&lt;/span&gt;
        &lt;span class="icon icon-open"&gt;&lt;svg width="1792" height="1792" viewBox="0 0 1792 1792" xmlns="http://www.w3.org/2000/svg"&gt;&lt;path d="M1408 960V832q0-26-19-45t-45-19h-320V448q0-26-19-45t-45-19H832q-26 0-45 19t-19 45v320H448q-26 0-45 19t-19 45v128q0 26 19 45t45 19h320v320q0 26 19 45t45 19h128q26 0 45-19t19-45v-320h320q26 0 45-19t19-45zm256-544v960q0 119-84.5 203.5T1376 1664H416q-119 0-203.5-84.5T128 1376V416q0-119 84.5-203.5T416 128h960q119 0 203.5 84.5T1664 416z"/&gt;&lt;/svg&gt;&lt;/span&gt;
    
            &lt;span class="trace-class"&gt;&lt;abbr title="Symfony\Component\BrowserKit\AbstractBrowser"&gt;AbstractBrowser&lt;/abbr&gt;&lt;/span&gt;&lt;span class="trace-type"&gt;-&gt;&lt;/span&gt;&lt;span class="trace-method"&gt;request&lt;/span&gt;&lt;span class="trace-arguments"&gt;()&lt;/span&gt;    
                    &lt;span class="block trace-file-path"&gt;
            in
            &lt;a href=""&gt;
                C:\Users\eman\Documents\GitHub\car_dealer\tests\WebTest\&lt;strong&gt;CarsPageTest.php&lt;/strong&gt;
            &lt;/a&gt;
                        (line 52)
            &lt;span class="icon icon-copy hidden" data-clipboard-text="C:\Users\eman\Documents\GitHub\car_dealer\tests\WebTest\CarsPageTest.php:52"&gt;
                &lt;svg xmlns="http://www.w3.org/2000/svg" height="24" viewBox="0 0 24 24" width="24"&gt;&lt;path d="M0 0h24v24H0z" fill="none"/&gt;&lt;path d="M16 1H4c-1.1 0-2 .9-2 2v14h2V3h12V1zm3 4H8c-1.1 0-2 .9-2 2v14c0 1.1.9 2 2 2h11c1.1 0 2-.9 2-2V7c0-1.1-.9-2-2-2zm0 16H8V7h11v14z"/&gt;&lt;/svg&gt;            &lt;/span&gt;
        &lt;/span&gt;
    &lt;/div&gt;
    &lt;div id="trace-html-1-26" class="trace-code sf-toggle-content"&gt;
        &lt;ol start="47"&gt;&lt;li&gt;&lt;code&gt;&lt;span style="color: var(--highlight-keyword)"&gt;&amp;nbsp;&amp;nbsp;&amp;nbsp;&amp;nbsp;&amp;nbsp;&amp;nbsp;&amp;nbsp;&amp;nbsp;&lt;/span&gt;&lt;span style="color: var(--highlight-default)"&gt;$url&amp;nbsp;&lt;/span&gt;&lt;span style="color: var(--highlight-keyword)"&gt;=&amp;nbsp;&lt;/span&gt;&lt;span style="color: var(--highlight-string)"&gt;'/car/50/show'&lt;/span&gt;&lt;span style="color: var(--highlight-keyword)"&gt;;&lt;/span&gt;&lt;/code&gt;&lt;/li&gt;
&lt;li&gt;&lt;code&gt;&lt;span style="color: var(--highlight-keyword)"&gt;&amp;nbsp;&amp;nbsp;&amp;nbsp;&amp;nbsp;&amp;nbsp;&amp;nbsp;&amp;nbsp;&amp;nbsp;&lt;/span&gt;&lt;span style="color: var(--highlight-default)"&gt;$httpMethod&amp;nbsp;&lt;/span&gt;&lt;span style="color: var(--highlight-keyword)"&gt;=&amp;nbsp;&lt;/span&gt;&lt;span style="color: var(--highlight-string)"&gt;'GET'&lt;/span&gt;&lt;span style="color: var(--highlight-keyword)"&gt;;&lt;/span&gt;&lt;/code&gt;&lt;/li&gt;
&lt;li&gt;&lt;code&gt;&lt;span style="color: var(--highlight-keyword)"&gt;&amp;nbsp;&amp;nbsp;&amp;nbsp;&amp;nbsp;&amp;nbsp;&amp;nbsp;&amp;nbsp;&amp;nbsp;&lt;/span&gt;&lt;span style="color: var(--highlight-default)"&gt;$client&amp;nbsp;&lt;/span&gt;&lt;span style="color: var(--highlight-keyword)"&gt;=&amp;nbsp;static::&lt;/span&gt;&lt;span style="color: var(--highlight-default)"&gt;createClient&lt;/span&gt;&lt;span style="color: var(--highlight-keyword)"&gt;();&lt;/span&gt;&lt;/code&gt;&lt;/li&gt;
&lt;li&gt;&lt;code&gt;&lt;span style="color: var(--highlight-keyword)"&gt;&amp;nbsp;&amp;nbsp;&amp;nbsp;&amp;nbsp;&amp;nbsp;&amp;nbsp;&amp;nbsp;&amp;nbsp;&lt;/span&gt;&lt;span style="color: var(--highlight-default)"&gt;$searchText&amp;nbsp;&lt;/span&gt;&lt;span style="color: var(--highlight-keyword)"&gt;=&amp;nbsp;&lt;/span&gt;&lt;span style="color: var(--highlight-string)"&gt;'Car'&lt;/span&gt;&lt;span style="color: var(--highlight-keyword)"&gt;;&lt;/span&gt;&lt;/code&gt;&lt;/li&gt;
&lt;li&gt;&lt;code&gt;&lt;span style="color: var(--highlight-keyword)"&gt;&amp;nbsp;&amp;nbsp;&amp;nbsp;&amp;nbsp;&amp;nbsp;&amp;nbsp;&amp;nbsp;&amp;nbsp;&lt;/span&gt;&lt;span style="color: var(--highlight-default)"&gt;$cssSelector&amp;nbsp;&lt;/span&gt;&lt;span style="color: var(--highlight-keyword)"&gt;=&amp;nbsp;&lt;/span&gt;&lt;span style="color: var(--highlight-string)"&gt;'h1'&lt;/span&gt;&lt;span style="color: var(--highlight-keyword)"&gt;;&lt;/span&gt;&lt;/code&gt;&lt;/li&gt;
&lt;li class="selected"&gt;&lt;code&gt;&lt;span style="color: var(--highlight-keyword)"&gt;&amp;nbsp;&amp;nbsp;&amp;nbsp;&amp;nbsp;&amp;nbsp;&amp;nbsp;&amp;nbsp;&amp;nbsp;&lt;/span&gt;&lt;span style="color: var(--highlight-default)"&gt;$crawler&amp;nbsp;&lt;/span&gt;&lt;span style="color: var(--highlight-keyword)"&gt;=&amp;nbsp;&lt;/span&gt;&lt;span style="color: var(--highlight-default)"&gt;$client&lt;/span&gt;&lt;span style="color: var(--highlight-keyword)"&gt;-&amp;gt;&lt;/span&gt;&lt;span style="color: var(--highlight-default)"&gt;request&lt;/span&gt;&lt;span style="color: var(--highlight-keyword)"&gt;(&lt;/span&gt;&lt;span style="color: var(--highlight-default)"&gt;$httpMethod&lt;/span&gt;&lt;span style="color: var(--highlight-keyword)"&gt;,&amp;nbsp;&lt;/span&gt;&lt;span style="color: var(--highlight-default)"&gt;$url&lt;/span&gt;&lt;span style="color: var(--highlight-keyword)"&gt;);&lt;/span&gt;&lt;/code&gt;&lt;/li&gt;
&lt;li&gt;&lt;code&gt;&lt;span style="color: var(--highlight-keyword)"&gt;&amp;nbsp;&amp;nbsp;&amp;nbsp;&amp;nbsp;&amp;nbsp;&amp;nbsp;&amp;nbsp;&amp;nbsp;&lt;/span&gt;&lt;span style="color: var(--highlight-default)"&gt;$content&amp;nbsp;&lt;/span&gt;&lt;span style="color: var(--highlight-keyword)"&gt;=&amp;nbsp;&lt;/span&gt;&lt;span style="color: var(--highlight-default)"&gt;$client&lt;/span&gt;&lt;span style="color: var(--highlight-keyword)"&gt;-&amp;gt;&lt;/span&gt;&lt;span style="color: var(--highlight-default)"&gt;getResponse&lt;/span&gt;&lt;span style="color: var(--highlight-keyword)"&gt;()-&amp;gt;&lt;/span&gt;&lt;span style="color: var(--highlight-default)"&gt;getContent&lt;/span&gt;&lt;span style="color: var(--highlight-keyword)"&gt;();&lt;/span&gt;&lt;/code&gt;&lt;/li&gt;
&lt;li&gt;&lt;code&gt;&lt;span style="color: var(--highlight-keyword)"&gt;&amp;nbsp;&amp;nbsp;&amp;nbsp;&amp;nbsp;&amp;nbsp;&amp;nbsp;&amp;nbsp;&amp;nbsp;&lt;/span&gt;&lt;span style="color: var(--highlight-default)"&gt;$this&lt;/span&gt;&lt;span style="color: var(--highlight-keyword)"&gt;-&amp;gt;&lt;/span&gt;&lt;span style="color: var(--highlight-default)"&gt;assertResponseIsSuccessful&lt;/span&gt;&lt;span style="color: var(--highlight-keyword)"&gt;();&lt;/span&gt;&lt;/code&gt;&lt;/li&gt;
&lt;li&gt;&lt;code&gt;&lt;span style="color: var(--highlight-keyword)"&gt;&amp;nbsp;&amp;nbsp;&amp;nbsp;&amp;nbsp;&amp;nbsp;&amp;nbsp;&amp;nbsp;&amp;nbsp;&lt;/span&gt;&lt;span style="color: var(--highlight-default)"&gt;$this&lt;/span&gt;&lt;span style="color: var(--highlight-keyword)"&gt;-&amp;gt;&lt;/span&gt;&lt;span style="color: var(--highlight-default)"&gt;assertSelectorTextContains&lt;/span&gt;&lt;span style="color: var(--highlight-keyword)"&gt;(&lt;/span&gt;&lt;span style="color: var(--highlight-default)"&gt;$cssSelector&lt;/span&gt;&lt;span style="color: var(--highlight-keyword)"&gt;,&amp;nbsp;&lt;/span&gt;&lt;span style="color: var(--highlight-default)"&gt;$searchText&lt;/span&gt;&lt;span style="color: var(--highlight-keyword)"&gt;);&lt;/span&gt;&lt;/code&gt;&lt;/li&gt;
&lt;li&gt;&lt;code&gt;&lt;span style="color: var(--highlight-keyword)"&gt;&amp;nbsp;&amp;nbsp;&amp;nbsp;&amp;nbsp;}&lt;/span&gt;&lt;/code&gt;&lt;/li&gt;
&lt;li&gt;&lt;code&gt;&lt;span style="color: var(--highlight-keyword)"&gt;}&lt;/span&gt;&lt;/code&gt;&lt;/li&gt;&lt;/ol&gt;    &lt;/div&gt;            &lt;/div&gt;
                        &lt;div class="trace-line "&gt;
                &lt;div class="trace-line-header break-long-words sf-toggle" data-toggle-selector="#trace-html-1-27" data-toggle-initial=""&gt;
            &lt;span class="icon icon-close"&gt;&lt;svg width="1792" height="1792" viewBox="0 0 1792 1792" xmlns="http://www.w3.org/2000/svg"&gt;&lt;path d="M1408 960V832q0-26-19-45t-45-19H448q-26 0-45 19t-19 45v128q0 26 19 45t45 19h896q26 0 45-19t19-45zm256-544v960q0 119-84.5 203.5T1376 1664H416q-119 0-203.5-84.5T128 1376V416q0-119 84.5-203.5T416 128h960q119 0 203.5 84.5T1664 416z"/&gt;&lt;/svg&gt;&lt;/span&gt;
        &lt;span class="icon icon-open"&gt;&lt;svg width="1792" height="1792" viewBox="0 0 1792 1792" xmlns="http://www.w3.org/2000/svg"&gt;&lt;path d="M1408 960V832q0-26-19-45t-45-19h-320V448q0-26-19-45t-45-19H832q-26 0-45 19t-19 45v320H448q-26 0-45 19t-19 45v128q0 26 19 45t45 19h320v320q0 26 19 45t45 19h128q26 0 45-19t19-45v-320h320q26 0 45-19t19-45zm256-544v960q0 119-84.5 203.5T1376 1664H416q-119 0-203.5-84.5T128 1376V416q0-119 84.5-203.5T416 128h960q119 0 203.5 84.5T1664 416z"/&gt;&lt;/svg&gt;&lt;/span&gt;
    
            &lt;span class="trace-class"&gt;&lt;abbr title="App\Tests\WebTest\CarsPageTest"&gt;CarsPageTest&lt;/abbr&gt;&lt;/span&gt;&lt;span class="trace-type"&gt;-&gt;&lt;/span&gt;&lt;span class="trace-method"&gt;testHead&lt;/span&gt;&lt;span class="trace-arguments"&gt;()&lt;/span&gt;    
                    &lt;span class="block trace-file-path"&gt;
            in
            &lt;a href=""&gt;
                C:\Users\eman\Documents\GitHub\car_dealer\vendor\phpunit\phpunit\src\Framework\&lt;strong&gt;TestCase.php&lt;/strong&gt;
            &lt;/a&gt;
                        (line 1545)
            &lt;span class="icon icon-copy hidden" data-clipboard-text="C:\Users\eman\Documents\GitHub\car_dealer\vendor\phpunit\phpunit\src\Framework\TestCase.php:1545"&gt;
                &lt;svg xmlns="http://www.w3.org/2000/svg" height="24" viewBox="0 0 24 24" width="24"&gt;&lt;path d="M0 0h24v24H0z" fill="none"/&gt;&lt;path d="M16 1H4c-1.1 0-2 .9-2 2v14h2V3h12V1zm3 4H8c-1.1 0-2 .9-2 2v14c0 1.1.9 2 2 2h11c1.1 0 2-.9 2-2V7c0-1.1-.9-2-2-2zm0 16H8V7h11v14z"/&gt;&lt;/svg&gt;            &lt;/span&gt;
        &lt;/span&gt;
    &lt;/div&gt;
    &lt;div id="trace-html-1-27" class="trace-code sf-toggle-content"&gt;
        &lt;ol start="1540"&gt;&lt;li&gt;&lt;code&gt;&lt;span style="color: var(--highlight-keyword)"&gt;&amp;nbsp;&amp;nbsp;&amp;nbsp;&amp;nbsp;&amp;nbsp;&amp;nbsp;&amp;nbsp;&amp;nbsp;&lt;/span&gt;&lt;span style="color: var(--highlight-default)"&gt;$testArguments&amp;nbsp;&lt;/span&gt;&lt;span style="color: var(--highlight-keyword)"&gt;=&amp;nbsp;&lt;/span&gt;&lt;span style="color: var(--highlight-default)"&gt;array_merge&lt;/span&gt;&lt;span style="color: var(--highlight-keyword)"&gt;(&lt;/span&gt;&lt;span style="color: var(--highlight-default)"&gt;$this&lt;/span&gt;&lt;span style="color: var(--highlight-keyword)"&gt;-&amp;gt;&lt;/span&gt;&lt;span style="color: var(--highlight-default)"&gt;data&lt;/span&gt;&lt;span style="color: var(--highlight-keyword)"&gt;,&amp;nbsp;&lt;/span&gt;&lt;span style="color: var(--highlight-default)"&gt;$this&lt;/span&gt;&lt;span style="color: var(--highlight-keyword)"&gt;-&amp;gt;&lt;/span&gt;&lt;span style="color: var(--highlight-default)"&gt;dependencyInput&lt;/span&gt;&lt;span style="color: var(--highlight-keyword)"&gt;);&lt;/span&gt;&lt;/code&gt;&lt;/li&gt;
&lt;li&gt;&lt;code&gt;&lt;span style="color: var(--highlight-keyword)"&gt;&lt;/span&gt;&lt;/code&gt;&lt;/li&gt;
&lt;li&gt;&lt;code&gt;&lt;span style="color: var(--highlight-keyword)"&gt;&amp;nbsp;&amp;nbsp;&amp;nbsp;&amp;nbsp;&amp;nbsp;&amp;nbsp;&amp;nbsp;&amp;nbsp;&lt;/span&gt;&lt;span style="color: var(--highlight-default)"&gt;$this&lt;/span&gt;&lt;span style="color: var(--highlight-keyword)"&gt;-&amp;gt;&lt;/span&gt;&lt;span style="color: var(--highlight-default)"&gt;registerMockObjectsFromTestArguments&lt;/span&gt;&lt;span style="color: var(--highlight-keyword)"&gt;(&lt;/span&gt;&lt;span style="color: var(--highlight-default)"&gt;$testArguments&lt;/span&gt;&lt;span style="color: var(--highlight-keyword)"&gt;);&lt;/span&gt;&lt;/code&gt;&lt;/li&gt;
&lt;li&gt;&lt;code&gt;&lt;span style="color: var(--highlight-keyword)"&gt;&lt;/span&gt;&lt;/code&gt;&lt;/li&gt;
&lt;li&gt;&lt;code&gt;&lt;span style="color: var(--highlight-keyword)"&gt;&amp;nbsp;&amp;nbsp;&amp;nbsp;&amp;nbsp;&amp;nbsp;&amp;nbsp;&amp;nbsp;&amp;nbsp;try&amp;nbsp;{&lt;/span&gt;&lt;/code&gt;&lt;/li&gt;
&lt;li class="selected"&gt;&lt;code&gt;&lt;span style="color: var(--highlight-keyword)"&gt;&amp;nbsp;&amp;nbsp;&amp;nbsp;&amp;nbsp;&amp;nbsp;&amp;nbsp;&amp;nbsp;&amp;nbsp;&amp;nbsp;&amp;nbsp;&amp;nbsp;&amp;nbsp;&lt;/span&gt;&lt;span style="color: var(--highlight-default)"&gt;$testResult&amp;nbsp;&lt;/span&gt;&lt;span style="color: var(--highlight-keyword)"&gt;=&amp;nbsp;&lt;/span&gt;&lt;span style="color: var(--highlight-default)"&gt;$this&lt;/span&gt;&lt;span style="color: var(--highlight-keyword)"&gt;-&amp;gt;{&lt;/span&gt;&lt;span style="color: var(--highlight-default)"&gt;$this&lt;/span&gt;&lt;span style="color: var(--highlight-keyword)"&gt;-&amp;gt;&lt;/span&gt;&lt;span style="color: var(--highlight-default)"&gt;name&lt;/span&gt;&lt;span style="color: var(--highlight-keyword)"&gt;}(...&lt;/span&gt;&lt;span style="color: var(--highlight-default)"&gt;array_values&lt;/span&gt;&lt;span style="color: var(--highlight-keyword)"&gt;(&lt;/span&gt;&lt;span style="color: var(--highlight-default)"&gt;$testArguments&lt;/span&gt;&lt;span style="color: var(--highlight-keyword)"&gt;));&lt;/span&gt;&lt;/code&gt;&lt;/li&gt;
&lt;li&gt;&lt;code&gt;&lt;span style="color: var(--highlight-keyword)"&gt;&amp;nbsp;&amp;nbsp;&amp;nbsp;&amp;nbsp;&amp;nbsp;&amp;nbsp;&amp;nbsp;&amp;nbsp;}&amp;nbsp;catch&amp;nbsp;(&lt;/span&gt;&lt;span style="color: var(--highlight-default)"&gt;Throwable&amp;nbsp;$exception&lt;/span&gt;&lt;span style="color: var(--highlight-keyword)"&gt;)&amp;nbsp;{&lt;/span&gt;&lt;/code&gt;&lt;/li&gt;
&lt;li&gt;&lt;code&gt;&lt;span style="color: var(--highlight-keyword)"&gt;&amp;nbsp;&amp;nbsp;&amp;nbsp;&amp;nbsp;&amp;nbsp;&amp;nbsp;&amp;nbsp;&amp;nbsp;&amp;nbsp;&amp;nbsp;&amp;nbsp;&amp;nbsp;if&amp;nbsp;(!&lt;/span&gt;&lt;span style="color: var(--highlight-default)"&gt;$this&lt;/span&gt;&lt;span style="color: var(--highlight-keyword)"&gt;-&amp;gt;&lt;/span&gt;&lt;span style="color: var(--highlight-default)"&gt;checkExceptionExpectations&lt;/span&gt;&lt;span style="color: var(--highlight-keyword)"&gt;(&lt;/span&gt;&lt;span style="color: var(--highlight-default)"&gt;$exception&lt;/span&gt;&lt;span style="color: var(--highlight-keyword)"&gt;))&amp;nbsp;{&lt;/span&gt;&lt;/code&gt;&lt;/li&gt;
&lt;li&gt;&lt;code&gt;&lt;span style="color: var(--highlight-keyword)"&gt;&amp;nbsp;&amp;nbsp;&amp;nbsp;&amp;nbsp;&amp;nbsp;&amp;nbsp;&amp;nbsp;&amp;nbsp;&amp;nbsp;&amp;nbsp;&amp;nbsp;&amp;nbsp;&amp;nbsp;&amp;nbsp;&amp;nbsp;&amp;nbsp;throw&amp;nbsp;&lt;/span&gt;&lt;span style="color: var(--highlight-default)"&gt;$exception&lt;/span&gt;&lt;span style="color: var(--highlight-keyword)"&gt;;&lt;/span&gt;&lt;/code&gt;&lt;/li&gt;
&lt;li&gt;&lt;code&gt;&lt;span style="color: var(--highlight-keyword)"&gt;&amp;nbsp;&amp;nbsp;&amp;nbsp;&amp;nbsp;&amp;nbsp;&amp;nbsp;&amp;nbsp;&amp;nbsp;&amp;nbsp;&amp;nbsp;&amp;nbsp;&amp;nbsp;}&lt;/span&gt;&lt;/code&gt;&lt;/li&gt;
&lt;li&gt;&lt;code&gt;&lt;span style="color: var(--highlight-keyword)"&gt;&lt;/span&gt;&lt;/code&gt;&lt;/li&gt;&lt;/ol&gt;    &lt;/div&gt;            &lt;/div&gt;
                        &lt;div class="trace-line "&gt;
                &lt;div class="trace-line-header break-long-words sf-toggle" data-toggle-selector="#trace-html-1-28" data-toggle-initial=""&gt;
            &lt;span class="icon icon-close"&gt;&lt;svg width="1792" height="1792" viewBox="0 0 1792 1792" xmlns="http://www.w3.org/2000/svg"&gt;&lt;path d="M1408 960V832q0-26-19-45t-45-19H448q-26 0-45 19t-19 45v128q0 26 19 45t45 19h896q26 0 45-19t19-45zm256-544v960q0 119-84.5 203.5T1376 1664H416q-119 0-203.5-84.5T128 1376V416q0-119 84.5-203.5T416 128h960q119 0 203.5 84.5T1664 416z"/&gt;&lt;/svg&gt;&lt;/span&gt;
        &lt;span class="icon icon-open"&gt;&lt;svg width="1792" height="1792" viewBox="0 0 1792 1792" xmlns="http://www.w3.org/2000/svg"&gt;&lt;path d="M1408 960V832q0-26-19-45t-45-19h-320V448q0-26-19-45t-45-19H832q-26 0-45 19t-19 45v320H448q-26 0-45 19t-19 45v128q0 26 19 45t45 19h320v320q0 26 19 45t45 19h128q26 0 45-19t19-45v-320h320q26 0 45-19t19-45zm256-544v960q0 119-84.5 203.5T1376 1664H416q-119 0-203.5-84.5T128 1376V416q0-119 84.5-203.5T416 128h960q119 0 203.5 84.5T1664 416z"/&gt;&lt;/svg&gt;&lt;/span&gt;
    
            &lt;span class="trace-class"&gt;&lt;abbr title="PHPUnit\Framework\TestCase"&gt;TestCase&lt;/abbr&gt;&lt;/span&gt;&lt;span class="trace-type"&gt;-&gt;&lt;/span&gt;&lt;span class="trace-method"&gt;runTest&lt;/span&gt;&lt;span class="trace-arguments"&gt;()&lt;/span&gt;    
                    &lt;span class="block trace-file-path"&gt;
            in
            &lt;a href=""&gt;
                C:\Users\eman\Documents\GitHub\car_dealer\vendor\phpunit\phpunit\src\Framework\&lt;strong&gt;TestCase.php&lt;/strong&gt;
            &lt;/a&gt;
                        (line 1151)
            &lt;span class="icon icon-copy hidden" data-clipboard-text="C:\Users\eman\Documents\GitHub\car_dealer\vendor\phpunit\phpunit\src\Framework\TestCase.php:1151"&gt;
                &lt;svg xmlns="http://www.w3.org/2000/svg" height="24" viewBox="0 0 24 24" width="24"&gt;&lt;path d="M0 0h24v24H0z" fill="none"/&gt;&lt;path d="M16 1H4c-1.1 0-2 .9-2 2v14h2V3h12V1zm3 4H8c-1.1 0-2 .9-2 2v14c0 1.1.9 2 2 2h11c1.1 0 2-.9 2-2V7c0-1.1-.9-2-2-2zm0 16H8V7h11v14z"/&gt;&lt;/svg&gt;            &lt;/span&gt;
        &lt;/span&gt;
    &lt;/div&gt;
    &lt;div id="trace-html-1-28" class="trace-code sf-toggle-content"&gt;
        &lt;ol start="1146"&gt;&lt;li&gt;&lt;code&gt;&lt;span style="color: var(--highlight-keyword)"&gt;&lt;/span&gt;&lt;/code&gt;&lt;/li&gt;
&lt;li&gt;&lt;code&gt;&lt;span style="color: var(--highlight-keyword)"&gt;&amp;nbsp;&amp;nbsp;&amp;nbsp;&amp;nbsp;&amp;nbsp;&amp;nbsp;&amp;nbsp;&amp;nbsp;&amp;nbsp;&amp;nbsp;&amp;nbsp;&amp;nbsp;foreach&amp;nbsp;(&lt;/span&gt;&lt;span style="color: var(--highlight-default)"&gt;$hookMethods&lt;/span&gt;&lt;span style="color: var(--highlight-keyword)"&gt;[&lt;/span&gt;&lt;span style="color: var(--highlight-string)"&gt;'preCondition'&lt;/span&gt;&lt;span style="color: var(--highlight-keyword)"&gt;]&amp;nbsp;as&amp;nbsp;&lt;/span&gt;&lt;span style="color: var(--highlight-default)"&gt;$method&lt;/span&gt;&lt;span style="color: var(--highlight-keyword)"&gt;)&amp;nbsp;{&lt;/span&gt;&lt;/code&gt;&lt;/li&gt;
&lt;li&gt;&lt;code&gt;&lt;span style="color: var(--highlight-keyword)"&gt;&amp;nbsp;&amp;nbsp;&amp;nbsp;&amp;nbsp;&amp;nbsp;&amp;nbsp;&amp;nbsp;&amp;nbsp;&amp;nbsp;&amp;nbsp;&amp;nbsp;&amp;nbsp;&amp;nbsp;&amp;nbsp;&amp;nbsp;&amp;nbsp;&lt;/span&gt;&lt;span style="color: var(--highlight-default)"&gt;$this&lt;/span&gt;&lt;span style="color: var(--highlight-keyword)"&gt;-&amp;gt;{&lt;/span&gt;&lt;span style="color: var(--highlight-default)"&gt;$method&lt;/span&gt;&lt;span style="color: var(--highlight-keyword)"&gt;}();&lt;/span&gt;&lt;/code&gt;&lt;/li&gt;
&lt;li&gt;&lt;code&gt;&lt;span style="color: var(--highlight-keyword)"&gt;&amp;nbsp;&amp;nbsp;&amp;nbsp;&amp;nbsp;&amp;nbsp;&amp;nbsp;&amp;nbsp;&amp;nbsp;&amp;nbsp;&amp;nbsp;&amp;nbsp;&amp;nbsp;}&lt;/span&gt;&lt;/code&gt;&lt;/li&gt;
&lt;li&gt;&lt;code&gt;&lt;span style="color: var(--highlight-keyword)"&gt;&lt;/span&gt;&lt;/code&gt;&lt;/li&gt;
&lt;li class="selected"&gt;&lt;code&gt;&lt;span style="color: var(--highlight-keyword)"&gt;&amp;nbsp;&amp;nbsp;&amp;nbsp;&amp;nbsp;&amp;nbsp;&amp;nbsp;&amp;nbsp;&amp;nbsp;&amp;nbsp;&amp;nbsp;&amp;nbsp;&amp;nbsp;&lt;/span&gt;&lt;span style="color: var(--highlight-default)"&gt;$this&lt;/span&gt;&lt;span style="color: var(--highlight-keyword)"&gt;-&amp;gt;&lt;/span&gt;&lt;span style="color: var(--highlight-default)"&gt;testResult&amp;nbsp;&lt;/span&gt;&lt;span style="color: var(--highlight-keyword)"&gt;=&amp;nbsp;&lt;/span&gt;&lt;span style="color: var(--highlight-default)"&gt;$this&lt;/span&gt;&lt;span style="color: var(--highlight-keyword)"&gt;-&amp;gt;&lt;/span&gt;&lt;span style="color: var(--highlight-default)"&gt;runTest&lt;/span&gt;&lt;span style="color: var(--highlight-keyword)"&gt;();&lt;/span&gt;&lt;/code&gt;&lt;/li&gt;
&lt;li&gt;&lt;code&gt;&lt;span style="color: var(--highlight-keyword)"&gt;&amp;nbsp;&amp;nbsp;&amp;nbsp;&amp;nbsp;&amp;nbsp;&amp;nbsp;&amp;nbsp;&amp;nbsp;&amp;nbsp;&amp;nbsp;&amp;nbsp;&amp;nbsp;&lt;/span&gt;&lt;span style="color: var(--highlight-default)"&gt;$this&lt;/span&gt;&lt;span style="color: var(--highlight-keyword)"&gt;-&amp;gt;&lt;/span&gt;&lt;span style="color: var(--highlight-default)"&gt;verifyMockObjects&lt;/span&gt;&lt;span style="color: var(--highlight-keyword)"&gt;();&lt;/span&gt;&lt;/code&gt;&lt;/li&gt;
&lt;li&gt;&lt;code&gt;&lt;span style="color: var(--highlight-keyword)"&gt;&lt;/span&gt;&lt;/code&gt;&lt;/li&gt;
&lt;li&gt;&lt;code&gt;&lt;span style="color: var(--highlight-keyword)"&gt;&amp;nbsp;&amp;nbsp;&amp;nbsp;&amp;nbsp;&amp;nbsp;&amp;nbsp;&amp;nbsp;&amp;nbsp;&amp;nbsp;&amp;nbsp;&amp;nbsp;&amp;nbsp;foreach&amp;nbsp;(&lt;/span&gt;&lt;span style="color: var(--highlight-default)"&gt;$hookMethods&lt;/span&gt;&lt;span style="color: var(--highlight-keyword)"&gt;[&lt;/span&gt;&lt;span style="color: var(--highlight-string)"&gt;'postCondition'&lt;/span&gt;&lt;span style="color: var(--highlight-keyword)"&gt;]&amp;nbsp;as&amp;nbsp;&lt;/span&gt;&lt;span style="color: var(--highlight-default)"&gt;$method&lt;/span&gt;&lt;span style="color: var(--highlight-keyword)"&gt;)&amp;nbsp;{&lt;/span&gt;&lt;/code&gt;&lt;/li&gt;
&lt;li&gt;&lt;code&gt;&lt;span style="color: var(--highlight-keyword)"&gt;&amp;nbsp;&amp;nbsp;&amp;nbsp;&amp;nbsp;&amp;nbsp;&amp;nbsp;&amp;nbsp;&amp;nbsp;&amp;nbsp;&amp;nbsp;&amp;nbsp;&amp;nbsp;&amp;nbsp;&amp;nbsp;&amp;nbsp;&amp;nbsp;&lt;/span&gt;&lt;span style="color: var(--highlight-default)"&gt;$this&lt;/span&gt;&lt;span style="color: var(--highlight-keyword)"&gt;-&amp;gt;{&lt;/span&gt;&lt;span style="color: var(--highlight-default)"&gt;$method&lt;/span&gt;&lt;span style="color: var(--highlight-keyword)"&gt;}();&lt;/span&gt;&lt;/code&gt;&lt;/li&gt;
&lt;li&gt;&lt;code&gt;&lt;span style="color: var(--highlight-keyword)"&gt;&amp;nbsp;&amp;nbsp;&amp;nbsp;&amp;nbsp;&amp;nbsp;&amp;nbsp;&amp;nbsp;&amp;nbsp;&amp;nbsp;&amp;nbsp;&amp;nbsp;&amp;nbsp;}&lt;/span&gt;&lt;/code&gt;&lt;/li&gt;&lt;/ol&gt;    &lt;/div&gt;            &lt;/div&gt;
                        &lt;div class="trace-line "&gt;
                &lt;div class="trace-line-header break-long-words sf-toggle" data-toggle-selector="#trace-html-1-29" data-toggle-initial=""&gt;
            &lt;span class="icon icon-close"&gt;&lt;svg width="1792" height="1792" viewBox="0 0 1792 1792" xmlns="http://www.w3.org/2000/svg"&gt;&lt;path d="M1408 960V832q0-26-19-45t-45-19H448q-26 0-45 19t-19 45v128q0 26 19 45t45 19h896q26 0 45-19t19-45zm256-544v960q0 119-84.5 203.5T1376 1664H416q-119 0-203.5-84.5T128 1376V416q0-119 84.5-203.5T416 128h960q119 0 203.5 84.5T1664 416z"/&gt;&lt;/svg&gt;&lt;/span&gt;
        &lt;span class="icon icon-open"&gt;&lt;svg width="1792" height="1792" viewBox="0 0 1792 1792" xmlns="http://www.w3.org/2000/svg"&gt;&lt;path d="M1408 960V832q0-26-19-45t-45-19h-320V448q0-26-19-45t-45-19H832q-26 0-45 19t-19 45v320H448q-26 0-45 19t-19 45v128q0 26 19 45t45 19h320v320q0 26 19 45t45 19h128q26 0 45-19t19-45v-320h320q26 0 45-19t19-45zm256-544v960q0 119-84.5 203.5T1376 1664H416q-119 0-203.5-84.5T128 1376V416q0-119 84.5-203.5T416 128h960q119 0 203.5 84.5T1664 416z"/&gt;&lt;/svg&gt;&lt;/span&gt;
    
            &lt;span class="trace-class"&gt;&lt;abbr title="PHPUnit\Framework\TestCase"&gt;TestCase&lt;/abbr&gt;&lt;/span&gt;&lt;span class="trace-type"&gt;-&gt;&lt;/span&gt;&lt;span class="trace-method"&gt;runBare&lt;/span&gt;&lt;span class="trace-arguments"&gt;()&lt;/span&gt;    
                    &lt;span class="block trace-file-path"&gt;
            in
            &lt;a href=""&gt;
                C:\Users\eman\Documents\GitHub\car_dealer\vendor\phpunit\phpunit\src\Framework\&lt;strong&gt;TestResult.php&lt;/strong&gt;
            &lt;/a&gt;
                        (line 726)
            &lt;span class="icon icon-copy hidden" data-clipboard-text="C:\Users\eman\Documents\GitHub\car_dealer\vendor\phpunit\phpunit\src\Framework\TestResult.php:726"&gt;
                &lt;svg xmlns="http://www.w3.org/2000/svg" height="24" viewBox="0 0 24 24" width="24"&gt;&lt;path d="M0 0h24v24H0z" fill="none"/&gt;&lt;path d="M16 1H4c-1.1 0-2 .9-2 2v14h2V3h12V1zm3 4H8c-1.1 0-2 .9-2 2v14c0 1.1.9 2 2 2h11c1.1 0 2-.9 2-2V7c0-1.1-.9-2-2-2zm0 16H8V7h11v14z"/&gt;&lt;/svg&gt;            &lt;/span&gt;
        &lt;/span&gt;
    &lt;/div&gt;
    &lt;div id="trace-html-1-29" class="trace-code sf-toggle-content"&gt;
        &lt;ol start="721"&gt;&lt;li&gt;&lt;code&gt;&lt;span style="color: var(--highlight-keyword)"&gt;&amp;nbsp;&amp;nbsp;&amp;nbsp;&amp;nbsp;&amp;nbsp;&amp;nbsp;&amp;nbsp;&amp;nbsp;&amp;nbsp;&amp;nbsp;&amp;nbsp;&amp;nbsp;&amp;nbsp;&amp;nbsp;&amp;nbsp;&amp;nbsp;&amp;nbsp;&amp;nbsp;&amp;nbsp;&amp;nbsp;&amp;nbsp;&amp;nbsp;&amp;nbsp;&amp;nbsp;&lt;/span&gt;&lt;span style="color: var(--highlight-default)"&gt;$_timeout&amp;nbsp;&lt;/span&gt;&lt;span style="color: var(--highlight-keyword)"&gt;=&amp;nbsp;&lt;/span&gt;&lt;span style="color: var(--highlight-default)"&gt;$this&lt;/span&gt;&lt;span style="color: var(--highlight-keyword)"&gt;-&amp;gt;&lt;/span&gt;&lt;span style="color: var(--highlight-default)"&gt;defaultTimeLimit&lt;/span&gt;&lt;span style="color: var(--highlight-keyword)"&gt;;&lt;/span&gt;&lt;/code&gt;&lt;/li&gt;
&lt;li&gt;&lt;code&gt;&lt;span style="color: var(--highlight-keyword)"&gt;&amp;nbsp;&amp;nbsp;&amp;nbsp;&amp;nbsp;&amp;nbsp;&amp;nbsp;&amp;nbsp;&amp;nbsp;&amp;nbsp;&amp;nbsp;&amp;nbsp;&amp;nbsp;&amp;nbsp;&amp;nbsp;&amp;nbsp;&amp;nbsp;}&lt;/span&gt;&lt;/code&gt;&lt;/li&gt;
&lt;li&gt;&lt;code&gt;&lt;span style="color: var(--highlight-keyword)"&gt;&lt;/span&gt;&lt;/code&gt;&lt;/li&gt;
&lt;li&gt;&lt;code&gt;&lt;span style="color: var(--highlight-keyword)"&gt;&amp;nbsp;&amp;nbsp;&amp;nbsp;&amp;nbsp;&amp;nbsp;&amp;nbsp;&amp;nbsp;&amp;nbsp;&amp;nbsp;&amp;nbsp;&amp;nbsp;&amp;nbsp;&amp;nbsp;&amp;nbsp;&amp;nbsp;&amp;nbsp;&lt;/span&gt;&lt;span style="color: var(--highlight-default)"&gt;$invoker&lt;/span&gt;&lt;span style="color: var(--highlight-keyword)"&gt;-&amp;gt;&lt;/span&gt;&lt;span style="color: var(--highlight-default)"&gt;invoke&lt;/span&gt;&lt;span style="color: var(--highlight-keyword)"&gt;([&lt;/span&gt;&lt;span style="color: var(--highlight-default)"&gt;$test&lt;/span&gt;&lt;span style="color: var(--highlight-keyword)"&gt;,&amp;nbsp;&lt;/span&gt;&lt;span style="color: var(--highlight-string)"&gt;'runBare'&lt;/span&gt;&lt;span style="color: var(--highlight-keyword)"&gt;],&amp;nbsp;[],&amp;nbsp;&lt;/span&gt;&lt;span style="color: var(--highlight-default)"&gt;$_timeout&lt;/span&gt;&lt;span style="color: var(--highlight-keyword)"&gt;);&lt;/span&gt;&lt;/code&gt;&lt;/li&gt;
&lt;li&gt;&lt;code&gt;&lt;span style="color: var(--highlight-keyword)"&gt;&amp;nbsp;&amp;nbsp;&amp;nbsp;&amp;nbsp;&amp;nbsp;&amp;nbsp;&amp;nbsp;&amp;nbsp;&amp;nbsp;&amp;nbsp;&amp;nbsp;&amp;nbsp;}&amp;nbsp;else&amp;nbsp;{&lt;/span&gt;&lt;/code&gt;&lt;/li&gt;
&lt;li class="selected"&gt;&lt;code&gt;&lt;span style="color: var(--highlight-keyword)"&gt;&amp;nbsp;&amp;nbsp;&amp;nbsp;&amp;nbsp;&amp;nbsp;&amp;nbsp;&amp;nbsp;&amp;nbsp;&amp;nbsp;&amp;nbsp;&amp;nbsp;&amp;nbsp;&amp;nbsp;&amp;nbsp;&amp;nbsp;&amp;nbsp;&lt;/span&gt;&lt;span style="color: var(--highlight-default)"&gt;$test&lt;/span&gt;&lt;span style="color: var(--highlight-keyword)"&gt;-&amp;gt;&lt;/span&gt;&lt;span style="color: var(--highlight-default)"&gt;runBare&lt;/span&gt;&lt;span style="color: var(--highlight-keyword)"&gt;();&lt;/span&gt;&lt;/code&gt;&lt;/li&gt;
&lt;li&gt;&lt;code&gt;&lt;span style="color: var(--highlight-keyword)"&gt;&amp;nbsp;&amp;nbsp;&amp;nbsp;&amp;nbsp;&amp;nbsp;&amp;nbsp;&amp;nbsp;&amp;nbsp;&amp;nbsp;&amp;nbsp;&amp;nbsp;&amp;nbsp;}&lt;/span&gt;&lt;/code&gt;&lt;/li&gt;
&lt;li&gt;&lt;code&gt;&lt;span style="color: var(--highlight-keyword)"&gt;&amp;nbsp;&amp;nbsp;&amp;nbsp;&amp;nbsp;&amp;nbsp;&amp;nbsp;&amp;nbsp;&amp;nbsp;}&amp;nbsp;catch&amp;nbsp;(&lt;/span&gt;&lt;span style="color: var(--highlight-default)"&gt;TimeoutException&amp;nbsp;$e&lt;/span&gt;&lt;span style="color: var(--highlight-keyword)"&gt;)&amp;nbsp;{&lt;/span&gt;&lt;/code&gt;&lt;/li&gt;
&lt;li&gt;&lt;code&gt;&lt;span style="color: var(--highlight-keyword)"&gt;&amp;nbsp;&amp;nbsp;&amp;nbsp;&amp;nbsp;&amp;nbsp;&amp;nbsp;&amp;nbsp;&amp;nbsp;&amp;nbsp;&amp;nbsp;&amp;nbsp;&amp;nbsp;&lt;/span&gt;&lt;span style="color: var(--highlight-default)"&gt;$this&lt;/span&gt;&lt;span style="color: var(--highlight-keyword)"&gt;-&amp;gt;&lt;/span&gt;&lt;span style="color: var(--highlight-default)"&gt;addFailure&lt;/span&gt;&lt;span style="color: var(--highlight-keyword)"&gt;(&lt;/span&gt;&lt;/code&gt;&lt;/li&gt;
&lt;li&gt;&lt;code&gt;&lt;span style="color: var(--highlight-keyword)"&gt;&amp;nbsp;&amp;nbsp;&amp;nbsp;&amp;nbsp;&amp;nbsp;&amp;nbsp;&amp;nbsp;&amp;nbsp;&amp;nbsp;&amp;nbsp;&amp;nbsp;&amp;nbsp;&amp;nbsp;&amp;nbsp;&amp;nbsp;&amp;nbsp;&lt;/span&gt;&lt;span style="color: var(--highlight-default)"&gt;$test&lt;/span&gt;&lt;span style="color: var(--highlight-keyword)"&gt;,&lt;/span&gt;&lt;/code&gt;&lt;/li&gt;
&lt;li&gt;&lt;code&gt;&lt;span style="color: var(--highlight-keyword)"&gt;&amp;nbsp;&amp;nbsp;&amp;nbsp;&amp;nbsp;&amp;nbsp;&amp;nbsp;&amp;nbsp;&amp;nbsp;&amp;nbsp;&amp;nbsp;&amp;nbsp;&amp;nbsp;&amp;nbsp;&amp;nbsp;&amp;nbsp;&amp;nbsp;new&amp;nbsp;&lt;/span&gt;&lt;span style="color: var(--highlight-default)"&gt;RiskyTestError&lt;/span&gt;&lt;span style="color: var(--highlight-keyword)"&gt;(&lt;/span&gt;&lt;/code&gt;&lt;/li&gt;&lt;/ol&gt;    &lt;/div&gt;            &lt;/div&gt;
                        &lt;div class="trace-line "&gt;
                &lt;div class="trace-line-header break-long-words sf-toggle" data-toggle-selector="#trace-html-1-30" data-toggle-initial=""&gt;
            &lt;span class="icon icon-close"&gt;&lt;svg width="1792" height="1792" viewBox="0 0 1792 1792" xmlns="http://www.w3.org/2000/svg"&gt;&lt;path d="M1408 960V832q0-26-19-45t-45-19H448q-26 0-45 19t-19 45v128q0 26 19 45t45 19h896q26 0 45-19t19-45zm256-544v960q0 119-84.5 203.5T1376 1664H416q-119 0-203.5-84.5T128 1376V416q0-119 84.5-203.5T416 128h960q119 0 203.5 84.5T1664 416z"/&gt;&lt;/svg&gt;&lt;/span&gt;
        &lt;span class="icon icon-open"&gt;&lt;svg width="1792" height="1792" viewBox="0 0 1792 1792" xmlns="http://www.w3.org/2000/svg"&gt;&lt;path d="M1408 960V832q0-26-19-45t-45-19h-320V448q0-26-19-45t-45-19H832q-26 0-45 19t-19 45v320H448q-26 0-45 19t-19 45v128q0 26 19 45t45 19h320v320q0 26 19 45t45 19h128q26 0 45-19t19-45v-320h320q26 0 45-19t19-45zm256-544v960q0 119-84.5 203.5T1376 1664H416q-119 0-203.5-84.5T128 1376V416q0-119 84.5-203.5T416 128h960q119 0 203.5 84.5T1664 416z"/&gt;&lt;/svg&gt;&lt;/span&gt;
    
            &lt;span class="trace-class"&gt;&lt;abbr title="PHPUnit\Framework\TestResult"&gt;TestResult&lt;/abbr&gt;&lt;/span&gt;&lt;span class="trace-type"&gt;-&gt;&lt;/span&gt;&lt;span class="trace-method"&gt;run&lt;/span&gt;&lt;span class="trace-arguments"&gt;()&lt;/span&gt;    
                    &lt;span class="block trace-file-path"&gt;
            in
            &lt;a href=""&gt;
                C:\Users\eman\Documents\GitHub\car_dealer\vendor\phpunit\phpunit\src\Framework\&lt;strong&gt;TestCase.php&lt;/strong&gt;
            &lt;/a&gt;
                        (line 903)
            &lt;span class="icon icon-copy hidden" data-clipboard-text="C:\Users\eman\Documents\GitHub\car_dealer\vendor\phpunit\phpunit\src\Framework\TestCase.php:903"&gt;
                &lt;svg xmlns="http://www.w3.org/2000/svg" height="24" viewBox="0 0 24 24" width="24"&gt;&lt;path d="M0 0h24v24H0z" fill="none"/&gt;&lt;path d="M16 1H4c-1.1 0-2 .9-2 2v14h2V3h12V1zm3 4H8c-1.1 0-2 .9-2 2v14c0 1.1.9 2 2 2h11c1.1 0 2-.9 2-2V7c0-1.1-.9-2-2-2zm0 16H8V7h11v14z"/&gt;&lt;/svg&gt;            &lt;/span&gt;
        &lt;/span&gt;
    &lt;/div&gt;
    &lt;div id="trace-html-1-30" class="trace-code sf-toggle-content"&gt;
        &lt;ol start="898"&gt;&lt;li&gt;&lt;code&gt;&lt;span style="color: var(--highlight-keyword)"&gt;&amp;nbsp;&amp;nbsp;&amp;nbsp;&amp;nbsp;&amp;nbsp;&amp;nbsp;&amp;nbsp;&amp;nbsp;&amp;nbsp;&amp;nbsp;&amp;nbsp;&amp;nbsp;&lt;/span&gt;&lt;span style="color: var(--highlight-default)"&gt;$template&lt;/span&gt;&lt;span style="color: var(--highlight-keyword)"&gt;-&amp;gt;&lt;/span&gt;&lt;span style="color: var(--highlight-default)"&gt;setVar&lt;/span&gt;&lt;span style="color: var(--highlight-keyword)"&gt;(&lt;/span&gt;&lt;span style="color: var(--highlight-default)"&gt;$var&lt;/span&gt;&lt;span style="color: var(--highlight-keyword)"&gt;);&lt;/span&gt;&lt;/code&gt;&lt;/li&gt;
&lt;li&gt;&lt;code&gt;&lt;span style="color: var(--highlight-keyword)"&gt;&lt;/span&gt;&lt;/code&gt;&lt;/li&gt;
&lt;li&gt;&lt;code&gt;&lt;span style="color: var(--highlight-keyword)"&gt;&amp;nbsp;&amp;nbsp;&amp;nbsp;&amp;nbsp;&amp;nbsp;&amp;nbsp;&amp;nbsp;&amp;nbsp;&amp;nbsp;&amp;nbsp;&amp;nbsp;&amp;nbsp;&lt;/span&gt;&lt;span style="color: var(--highlight-default)"&gt;$php&amp;nbsp;&lt;/span&gt;&lt;span style="color: var(--highlight-keyword)"&gt;=&amp;nbsp;&lt;/span&gt;&lt;span style="color: var(--highlight-default)"&gt;AbstractPhpProcess&lt;/span&gt;&lt;span style="color: var(--highlight-keyword)"&gt;::&lt;/span&gt;&lt;span style="color: var(--highlight-default)"&gt;factory&lt;/span&gt;&lt;span style="color: var(--highlight-keyword)"&gt;();&lt;/span&gt;&lt;/code&gt;&lt;/li&gt;
&lt;li&gt;&lt;code&gt;&lt;span style="color: var(--highlight-keyword)"&gt;&amp;nbsp;&amp;nbsp;&amp;nbsp;&amp;nbsp;&amp;nbsp;&amp;nbsp;&amp;nbsp;&amp;nbsp;&amp;nbsp;&amp;nbsp;&amp;nbsp;&amp;nbsp;&lt;/span&gt;&lt;span style="color: var(--highlight-default)"&gt;$php&lt;/span&gt;&lt;span style="color: var(--highlight-keyword)"&gt;-&amp;gt;&lt;/span&gt;&lt;span style="color: var(--highlight-default)"&gt;runTestJob&lt;/span&gt;&lt;span style="color: var(--highlight-keyword)"&gt;(&lt;/span&gt;&lt;span style="color: var(--highlight-default)"&gt;$template&lt;/span&gt;&lt;span style="color: var(--highlight-keyword)"&gt;-&amp;gt;&lt;/span&gt;&lt;span style="color: var(--highlight-default)"&gt;render&lt;/span&gt;&lt;span style="color: var(--highlight-keyword)"&gt;(),&amp;nbsp;&lt;/span&gt;&lt;span style="color: var(--highlight-default)"&gt;$this&lt;/span&gt;&lt;span style="color: var(--highlight-keyword)"&gt;,&amp;nbsp;&lt;/span&gt;&lt;span style="color: var(--highlight-default)"&gt;$result&lt;/span&gt;&lt;span style="color: var(--highlight-keyword)"&gt;);&lt;/span&gt;&lt;/code&gt;&lt;/li&gt;
&lt;li&gt;&lt;code&gt;&lt;span style="color: var(--highlight-keyword)"&gt;&amp;nbsp;&amp;nbsp;&amp;nbsp;&amp;nbsp;&amp;nbsp;&amp;nbsp;&amp;nbsp;&amp;nbsp;}&amp;nbsp;else&amp;nbsp;{&lt;/span&gt;&lt;/code&gt;&lt;/li&gt;
&lt;li class="selected"&gt;&lt;code&gt;&lt;span style="color: var(--highlight-keyword)"&gt;&amp;nbsp;&amp;nbsp;&amp;nbsp;&amp;nbsp;&amp;nbsp;&amp;nbsp;&amp;nbsp;&amp;nbsp;&amp;nbsp;&amp;nbsp;&amp;nbsp;&amp;nbsp;&lt;/span&gt;&lt;span style="color: var(--highlight-default)"&gt;$result&lt;/span&gt;&lt;span style="color: var(--highlight-keyword)"&gt;-&amp;gt;&lt;/span&gt;&lt;span style="color: var(--highlight-default)"&gt;run&lt;/span&gt;&lt;span style="color: var(--highlight-keyword)"&gt;(&lt;/span&gt;&lt;span style="color: var(--highlight-default)"&gt;$this&lt;/span&gt;&lt;span style="color: var(--highlight-keyword)"&gt;);&lt;/span&gt;&lt;/code&gt;&lt;/li&gt;
&lt;li&gt;&lt;code&gt;&lt;span style="color: var(--highlight-keyword)"&gt;&amp;nbsp;&amp;nbsp;&amp;nbsp;&amp;nbsp;&amp;nbsp;&amp;nbsp;&amp;nbsp;&amp;nbsp;}&lt;/span&gt;&lt;/code&gt;&lt;/li&gt;
&lt;li&gt;&lt;code&gt;&lt;span style="color: var(--highlight-keyword)"&gt;&lt;/span&gt;&lt;/code&gt;&lt;/li&gt;
&lt;li&gt;&lt;code&gt;&lt;span style="color: var(--highlight-keyword)"&gt;&amp;nbsp;&amp;nbsp;&amp;nbsp;&amp;nbsp;&amp;nbsp;&amp;nbsp;&amp;nbsp;&amp;nbsp;&lt;/span&gt;&lt;span style="color: var(--highlight-default)"&gt;$this&lt;/span&gt;&lt;span style="color: var(--highlight-keyword)"&gt;-&amp;gt;&lt;/span&gt;&lt;span style="color: var(--highlight-default)"&gt;result&amp;nbsp;&lt;/span&gt;&lt;span style="color: var(--highlight-keyword)"&gt;=&amp;nbsp;&lt;/span&gt;&lt;span style="color: var(--highlight-default)"&gt;null&lt;/span&gt;&lt;span style="color: var(--highlight-keyword)"&gt;;&lt;/span&gt;&lt;/code&gt;&lt;/li&gt;
&lt;li&gt;&lt;code&gt;&lt;span style="color: var(--highlight-keyword)"&gt;&lt;/span&gt;&lt;/code&gt;&lt;/li&gt;
&lt;li&gt;&lt;code&gt;&lt;span style="color: var(--highlight-keyword)"&gt;&amp;nbsp;&amp;nbsp;&amp;nbsp;&amp;nbsp;&amp;nbsp;&amp;nbsp;&amp;nbsp;&amp;nbsp;return&amp;nbsp;&lt;/span&gt;&lt;span style="color: var(--highlight-default)"&gt;$result&lt;/span&gt;&lt;span style="color: var(--highlight-keyword)"&gt;;&lt;/span&gt;&lt;/code&gt;&lt;/li&gt;&lt;/ol&gt;    &lt;/div&gt;            &lt;/div&gt;
                        &lt;div class="trace-line "&gt;
                &lt;div class="trace-line-header break-long-words sf-toggle" data-toggle-selector="#trace-html-1-31" data-toggle-initial=""&gt;
            &lt;span class="icon icon-close"&gt;&lt;svg width="1792" height="1792" viewBox="0 0 1792 1792" xmlns="http://www.w3.org/2000/svg"&gt;&lt;path d="M1408 960V832q0-26-19-45t-45-19H448q-26 0-45 19t-19 45v128q0 26 19 45t45 19h896q26 0 45-19t19-45zm256-544v960q0 119-84.5 203.5T1376 1664H416q-119 0-203.5-84.5T128 1376V416q0-119 84.5-203.5T416 128h960q119 0 203.5 84.5T1664 416z"/&gt;&lt;/svg&gt;&lt;/span&gt;
        &lt;span class="icon icon-open"&gt;&lt;svg width="1792" height="1792" viewBox="0 0 1792 1792" xmlns="http://www.w3.org/2000/svg"&gt;&lt;path d="M1408 960V832q0-26-19-45t-45-19h-320V448q0-26-19-45t-45-19H832q-26 0-45 19t-19 45v320H448q-26 0-45 19t-19 45v128q0 26 19 45t45 19h320v320q0 26 19 45t45 19h128q26 0 45-19t19-45v-320h320q26 0 45-19t19-45zm256-544v960q0 119-84.5 203.5T1376 1664H416q-119 0-203.5-84.5T128 1376V416q0-119 84.5-203.5T416 128h960q119 0 203.5 84.5T1664 416z"/&gt;&lt;/svg&gt;&lt;/span&gt;
    
            &lt;span class="trace-class"&gt;&lt;abbr title="PHPUnit\Framework\TestCase"&gt;TestCase&lt;/abbr&gt;&lt;/span&gt;&lt;span class="trace-type"&gt;-&gt;&lt;/span&gt;&lt;span class="trace-method"&gt;run&lt;/span&gt;&lt;span class="trace-arguments"&gt;()&lt;/span&gt;    
                    &lt;span class="block trace-file-path"&gt;
            in
            &lt;a href=""&gt;
                C:\Users\eman\Documents\GitHub\car_dealer\vendor\phpunit\phpunit\src\Framework\&lt;strong&gt;TestSuite.php&lt;/strong&gt;
            &lt;/a&gt;
                        (line 678)
            &lt;span class="icon icon-copy hidden" data-clipboard-text="C:\Users\eman\Documents\GitHub\car_dealer\vendor\phpunit\phpunit\src\Framework\TestSuite.php:678"&gt;
                &lt;svg xmlns="http://www.w3.org/2000/svg" height="24" viewBox="0 0 24 24" width="24"&gt;&lt;path d="M0 0h24v24H0z" fill="none"/&gt;&lt;path d="M16 1H4c-1.1 0-2 .9-2 2v14h2V3h12V1zm3 4H8c-1.1 0-2 .9-2 2v14c0 1.1.9 2 2 2h11c1.1 0 2-.9 2-2V7c0-1.1-.9-2-2-2zm0 16H8V7h11v14z"/&gt;&lt;/svg&gt;            &lt;/span&gt;
        &lt;/span&gt;
    &lt;/div&gt;
    &lt;div id="trace-html-1-31" class="trace-code sf-toggle-content"&gt;
        &lt;ol start="673"&gt;&lt;li&gt;&lt;code&gt;&lt;span style="color: var(--highlight-keyword)"&gt;&amp;nbsp;&amp;nbsp;&amp;nbsp;&amp;nbsp;&amp;nbsp;&amp;nbsp;&amp;nbsp;&amp;nbsp;&amp;nbsp;&amp;nbsp;&amp;nbsp;&amp;nbsp;&amp;nbsp;&amp;nbsp;&amp;nbsp;&amp;nbsp;&lt;/span&gt;&lt;span style="color: var(--highlight-default)"&gt;$test&lt;/span&gt;&lt;span style="color: var(--highlight-keyword)"&gt;-&amp;gt;&lt;/span&gt;&lt;span style="color: var(--highlight-default)"&gt;setBackupGlobals&lt;/span&gt;&lt;span style="color: var(--highlight-keyword)"&gt;(&lt;/span&gt;&lt;span style="color: var(--highlight-default)"&gt;$this&lt;/span&gt;&lt;span style="color: var(--highlight-keyword)"&gt;-&amp;gt;&lt;/span&gt;&lt;span style="color: var(--highlight-default)"&gt;backupGlobals&lt;/span&gt;&lt;span style="color: var(--highlight-keyword)"&gt;);&lt;/span&gt;&lt;/code&gt;&lt;/li&gt;
&lt;li&gt;&lt;code&gt;&lt;span style="color: var(--highlight-keyword)"&gt;&amp;nbsp;&amp;nbsp;&amp;nbsp;&amp;nbsp;&amp;nbsp;&amp;nbsp;&amp;nbsp;&amp;nbsp;&amp;nbsp;&amp;nbsp;&amp;nbsp;&amp;nbsp;&amp;nbsp;&amp;nbsp;&amp;nbsp;&amp;nbsp;&lt;/span&gt;&lt;span style="color: var(--highlight-default)"&gt;$test&lt;/span&gt;&lt;span style="color: var(--highlight-keyword)"&gt;-&amp;gt;&lt;/span&gt;&lt;span style="color: var(--highlight-default)"&gt;setBackupStaticAttributes&lt;/span&gt;&lt;span style="color: var(--highlight-keyword)"&gt;(&lt;/span&gt;&lt;span style="color: var(--highlight-default)"&gt;$this&lt;/span&gt;&lt;span style="color: var(--highlight-keyword)"&gt;-&amp;gt;&lt;/span&gt;&lt;span style="color: var(--highlight-default)"&gt;backupStaticAttributes&lt;/span&gt;&lt;span style="color: var(--highlight-keyword)"&gt;);&lt;/span&gt;&lt;/code&gt;&lt;/li&gt;
&lt;li&gt;&lt;code&gt;&lt;span style="color: var(--highlight-keyword)"&gt;&amp;nbsp;&amp;nbsp;&amp;nbsp;&amp;nbsp;&amp;nbsp;&amp;nbsp;&amp;nbsp;&amp;nbsp;&amp;nbsp;&amp;nbsp;&amp;nbsp;&amp;nbsp;&amp;nbsp;&amp;nbsp;&amp;nbsp;&amp;nbsp;&lt;/span&gt;&lt;span style="color: var(--highlight-default)"&gt;$test&lt;/span&gt;&lt;span style="color: var(--highlight-keyword)"&gt;-&amp;gt;&lt;/span&gt;&lt;span style="color: var(--highlight-default)"&gt;setRunTestInSeparateProcess&lt;/span&gt;&lt;span style="color: var(--highlight-keyword)"&gt;(&lt;/span&gt;&lt;span style="color: var(--highlight-default)"&gt;$this&lt;/span&gt;&lt;span style="color: var(--highlight-keyword)"&gt;-&amp;gt;&lt;/span&gt;&lt;span style="color: var(--highlight-default)"&gt;runTestInSeparateProcess&lt;/span&gt;&lt;span style="color: var(--highlight-keyword)"&gt;);&lt;/span&gt;&lt;/code&gt;&lt;/li&gt;
&lt;li&gt;&lt;code&gt;&lt;span style="color: var(--highlight-keyword)"&gt;&amp;nbsp;&amp;nbsp;&amp;nbsp;&amp;nbsp;&amp;nbsp;&amp;nbsp;&amp;nbsp;&amp;nbsp;&amp;nbsp;&amp;nbsp;&amp;nbsp;&amp;nbsp;}&lt;/span&gt;&lt;/code&gt;&lt;/li&gt;
&lt;li&gt;&lt;code&gt;&lt;span style="color: var(--highlight-keyword)"&gt;&lt;/span&gt;&lt;/code&gt;&lt;/li&gt;
&lt;li class="selected"&gt;&lt;code&gt;&lt;span style="color: var(--highlight-keyword)"&gt;&amp;nbsp;&amp;nbsp;&amp;nbsp;&amp;nbsp;&amp;nbsp;&amp;nbsp;&amp;nbsp;&amp;nbsp;&amp;nbsp;&amp;nbsp;&amp;nbsp;&amp;nbsp;&lt;/span&gt;&lt;span style="color: var(--highlight-default)"&gt;$test&lt;/span&gt;&lt;span style="color: var(--highlight-keyword)"&gt;-&amp;gt;&lt;/span&gt;&lt;span style="color: var(--highlight-default)"&gt;run&lt;/span&gt;&lt;span style="color: var(--highlight-keyword)"&gt;(&lt;/span&gt;&lt;span style="color: var(--highlight-default)"&gt;$result&lt;/span&gt;&lt;span style="color: var(--highlight-keyword)"&gt;);&lt;/span&gt;&lt;/code&gt;&lt;/li&gt;
&lt;li&gt;&lt;code&gt;&lt;span style="color: var(--highlight-keyword)"&gt;&amp;nbsp;&amp;nbsp;&amp;nbsp;&amp;nbsp;&amp;nbsp;&amp;nbsp;&amp;nbsp;&amp;nbsp;}&lt;/span&gt;&lt;/code&gt;&lt;/li&gt;
&lt;li&gt;&lt;code&gt;&lt;span style="color: var(--highlight-keyword)"&gt;&lt;/span&gt;&lt;/code&gt;&lt;/li&gt;
&lt;li&gt;&lt;code&gt;&lt;span style="color: var(--highlight-keyword)"&gt;&amp;nbsp;&amp;nbsp;&amp;nbsp;&amp;nbsp;&amp;nbsp;&amp;nbsp;&amp;nbsp;&amp;nbsp;if&amp;nbsp;(&lt;/span&gt;&lt;span style="color: var(--highlight-default)"&gt;$this&lt;/span&gt;&lt;span style="color: var(--highlight-keyword)"&gt;-&amp;gt;&lt;/span&gt;&lt;span style="color: var(--highlight-default)"&gt;testCase&amp;nbsp;&lt;/span&gt;&lt;span style="color: var(--highlight-keyword)"&gt;&amp;amp;&amp;amp;&amp;nbsp;&lt;/span&gt;&lt;span style="color: var(--highlight-default)"&gt;class_exists&lt;/span&gt;&lt;span style="color: var(--highlight-keyword)"&gt;(&lt;/span&gt;&lt;span style="color: var(--highlight-default)"&gt;$this&lt;/span&gt;&lt;span style="color: var(--highlight-keyword)"&gt;-&amp;gt;&lt;/span&gt;&lt;span style="color: var(--highlight-default)"&gt;name&lt;/span&gt;&lt;span style="color: var(--highlight-keyword)"&gt;,&amp;nbsp;&lt;/span&gt;&lt;span style="color: var(--highlight-default)"&gt;false&lt;/span&gt;&lt;span style="color: var(--highlight-keyword)"&gt;))&amp;nbsp;{&lt;/span&gt;&lt;/code&gt;&lt;/li&gt;
&lt;li&gt;&lt;code&gt;&lt;span style="color: var(--highlight-keyword)"&gt;&amp;nbsp;&amp;nbsp;&amp;nbsp;&amp;nbsp;&amp;nbsp;&amp;nbsp;&amp;nbsp;&amp;nbsp;&amp;nbsp;&amp;nbsp;&amp;nbsp;&amp;nbsp;foreach&amp;nbsp;(&lt;/span&gt;&lt;span style="color: var(--highlight-default)"&gt;$hookMethods&lt;/span&gt;&lt;span style="color: var(--highlight-keyword)"&gt;[&lt;/span&gt;&lt;span style="color: var(--highlight-string)"&gt;'afterClass'&lt;/span&gt;&lt;span style="color: var(--highlight-keyword)"&gt;]&amp;nbsp;as&amp;nbsp;&lt;/span&gt;&lt;span style="color: var(--highlight-default)"&gt;$afterClassMethod&lt;/span&gt;&lt;span style="color: var(--highlight-keyword)"&gt;)&amp;nbsp;{&lt;/span&gt;&lt;/code&gt;&lt;/li&gt;
&lt;li&gt;&lt;code&gt;&lt;span style="color: var(--highlight-keyword)"&gt;&amp;nbsp;&amp;nbsp;&amp;nbsp;&amp;nbsp;&amp;nbsp;&amp;nbsp;&amp;nbsp;&amp;nbsp;&amp;nbsp;&amp;nbsp;&amp;nbsp;&amp;nbsp;&amp;nbsp;&amp;nbsp;&amp;nbsp;&amp;nbsp;if&amp;nbsp;(&lt;/span&gt;&lt;span style="color: var(--highlight-default)"&gt;method_exists&lt;/span&gt;&lt;span style="color: var(--highlight-keyword)"&gt;(&lt;/span&gt;&lt;span style="color: var(--highlight-default)"&gt;$this&lt;/span&gt;&lt;span style="color: var(--highlight-keyword)"&gt;-&amp;gt;&lt;/span&gt;&lt;span style="color: var(--highlight-default)"&gt;name&lt;/span&gt;&lt;span style="color: var(--highlight-keyword)"&gt;,&amp;nbsp;&lt;/span&gt;&lt;span style="color: var(--highlight-default)"&gt;$afterClassMethod&lt;/span&gt;&lt;span style="color: var(--highlight-keyword)"&gt;))&amp;nbsp;{&lt;/span&gt;&lt;/code&gt;&lt;/li&gt;&lt;/ol&gt;    &lt;/div&gt;            &lt;/div&gt;
                        &lt;div class="trace-line "&gt;
                &lt;div class="trace-line-header break-long-words sf-toggle" data-toggle-selector="#trace-html-1-32" data-toggle-initial=""&gt;
            &lt;span class="icon icon-close"&gt;&lt;svg width="1792" height="1792" viewBox="0 0 1792 1792" xmlns="http://www.w3.org/2000/svg"&gt;&lt;path d="M1408 960V832q0-26-19-45t-45-19H448q-26 0-45 19t-19 45v128q0 26 19 45t45 19h896q26 0 45-19t19-45zm256-544v960q0 119-84.5 203.5T1376 1664H416q-119 0-203.5-84.5T128 1376V416q0-119 84.5-203.5T416 128h960q119 0 203.5 84.5T1664 416z"/&gt;&lt;/svg&gt;&lt;/span&gt;
        &lt;span class="icon icon-open"&gt;&lt;svg width="1792" height="1792" viewBox="0 0 1792 1792" xmlns="http://www.w3.org/2000/svg"&gt;&lt;path d="M1408 960V832q0-26-19-45t-45-19h-320V448q0-26-19-45t-45-19H832q-26 0-45 19t-19 45v320H448q-26 0-45 19t-19 45v128q0 26 19 45t45 19h320v320q0 26 19 45t45 19h128q26 0 45-19t19-45v-320h320q26 0 45-19t19-45zm256-544v960q0 119-84.5 203.5T1376 1664H416q-119 0-203.5-84.5T128 1376V416q0-119 84.5-203.5T416 128h960q119 0 203.5 84.5T1664 416z"/&gt;&lt;/svg&gt;&lt;/span&gt;
    
            &lt;span class="trace-class"&gt;&lt;abbr title="PHPUnit\Framework\TestSuite"&gt;TestSuite&lt;/abbr&gt;&lt;/span&gt;&lt;span class="trace-type"&gt;-&gt;&lt;/span&gt;&lt;span class="trace-method"&gt;run&lt;/span&gt;&lt;span class="trace-arguments"&gt;()&lt;/span&gt;    
                    &lt;span class="block trace-file-path"&gt;
            in
            &lt;a href=""&gt;
                C:\Users\eman\Documents\GitHub\car_dealer\vendor\phpunit\phpunit\src\Framework\&lt;strong&gt;TestSuite.php&lt;/strong&gt;
            &lt;/a&gt;
                        (line 678)
            &lt;span class="icon icon-copy hidden" data-clipboard-text="C:\Users\eman\Documents\GitHub\car_dealer\vendor\phpunit\phpunit\src\Framework\TestSuite.php:678"&gt;
                &lt;svg xmlns="http://www.w3.org/2000/svg" height="24" viewBox="0 0 24 24" width="24"&gt;&lt;path d="M0 0h24v24H0z" fill="none"/&gt;&lt;path d="M16 1H4c-1.1 0-2 .9-2 2v14h2V3h12V1zm3 4H8c-1.1 0-2 .9-2 2v14c0 1.1.9 2 2 2h11c1.1 0 2-.9 2-2V7c0-1.1-.9-2-2-2zm0 16H8V7h11v14z"/&gt;&lt;/svg&gt;            &lt;/span&gt;
        &lt;/span&gt;
    &lt;/div&gt;
    &lt;div id="trace-html-1-32" class="trace-code sf-toggle-content"&gt;
        &lt;ol start="673"&gt;&lt;li&gt;&lt;code&gt;&lt;span style="color: var(--highlight-keyword)"&gt;&amp;nbsp;&amp;nbsp;&amp;nbsp;&amp;nbsp;&amp;nbsp;&amp;nbsp;&amp;nbsp;&amp;nbsp;&amp;nbsp;&amp;nbsp;&amp;nbsp;&amp;nbsp;&amp;nbsp;&amp;nbsp;&amp;nbsp;&amp;nbsp;&lt;/span&gt;&lt;span style="color: var(--highlight-default)"&gt;$test&lt;/span&gt;&lt;span style="color: var(--highlight-keyword)"&gt;-&amp;gt;&lt;/span&gt;&lt;span style="color: var(--highlight-default)"&gt;setBackupGlobals&lt;/span&gt;&lt;span style="color: var(--highlight-keyword)"&gt;(&lt;/span&gt;&lt;span style="color: var(--highlight-default)"&gt;$this&lt;/span&gt;&lt;span style="color: var(--highlight-keyword)"&gt;-&amp;gt;&lt;/span&gt;&lt;span style="color: var(--highlight-default)"&gt;backupGlobals&lt;/span&gt;&lt;span style="color: var(--highlight-keyword)"&gt;);&lt;/span&gt;&lt;/code&gt;&lt;/li&gt;
&lt;li&gt;&lt;code&gt;&lt;span style="color: var(--highlight-keyword)"&gt;&amp;nbsp;&amp;nbsp;&amp;nbsp;&amp;nbsp;&amp;nbsp;&amp;nbsp;&amp;nbsp;&amp;nbsp;&amp;nbsp;&amp;nbsp;&amp;nbsp;&amp;nbsp;&amp;nbsp;&amp;nbsp;&amp;nbsp;&amp;nbsp;&lt;/span&gt;&lt;span style="color: var(--highlight-default)"&gt;$test&lt;/span&gt;&lt;span style="color: var(--highlight-keyword)"&gt;-&amp;gt;&lt;/span&gt;&lt;span style="color: var(--highlight-default)"&gt;setBackupStaticAttributes&lt;/span&gt;&lt;span style="color: var(--highlight-keyword)"&gt;(&lt;/span&gt;&lt;span style="color: var(--highlight-default)"&gt;$this&lt;/span&gt;&lt;span style="color: var(--highlight-keyword)"&gt;-&amp;gt;&lt;/span&gt;&lt;span style="color: var(--highlight-default)"&gt;backupStaticAttributes&lt;/span&gt;&lt;span style="color: var(--highlight-keyword)"&gt;);&lt;/span&gt;&lt;/code&gt;&lt;/li&gt;
&lt;li&gt;&lt;code&gt;&lt;span style="color: var(--highlight-keyword)"&gt;&amp;nbsp;&amp;nbsp;&amp;nbsp;&amp;nbsp;&amp;nbsp;&amp;nbsp;&amp;nbsp;&amp;nbsp;&amp;nbsp;&amp;nbsp;&amp;nbsp;&amp;nbsp;&amp;nbsp;&amp;nbsp;&amp;nbsp;&amp;nbsp;&lt;/span&gt;&lt;span style="color: var(--highlight-default)"&gt;$test&lt;/span&gt;&lt;span style="color: var(--highlight-keyword)"&gt;-&amp;gt;&lt;/span&gt;&lt;span style="color: var(--highlight-default)"&gt;setRunTestInSeparateProcess&lt;/span&gt;&lt;span style="color: var(--highlight-keyword)"&gt;(&lt;/span&gt;&lt;span style="color: var(--highlight-default)"&gt;$this&lt;/span&gt;&lt;span style="color: var(--highlight-keyword)"&gt;-&amp;gt;&lt;/span&gt;&lt;span style="color: var(--highlight-default)"&gt;runTestInSeparateProcess&lt;/span&gt;&lt;span style="color: var(--highlight-keyword)"&gt;);&lt;/span&gt;&lt;/code&gt;&lt;/li&gt;
&lt;li&gt;&lt;code&gt;&lt;span style="color: var(--highlight-keyword)"&gt;&amp;nbsp;&amp;nbsp;&amp;nbsp;&amp;nbsp;&amp;nbsp;&amp;nbsp;&amp;nbsp;&amp;nbsp;&amp;nbsp;&amp;nbsp;&amp;nbsp;&amp;nbsp;}&lt;/span&gt;&lt;/code&gt;&lt;/li&gt;
&lt;li&gt;&lt;code&gt;&lt;span style="color: var(--highlight-keyword)"&gt;&lt;/span&gt;&lt;/code&gt;&lt;/li&gt;
&lt;li class="selected"&gt;&lt;code&gt;&lt;span style="color: var(--highlight-keyword)"&gt;&amp;nbsp;&amp;nbsp;&amp;nbsp;&amp;nbsp;&amp;nbsp;&amp;nbsp;&amp;nbsp;&amp;nbsp;&amp;nbsp;&amp;nbsp;&amp;nbsp;&amp;nbsp;&lt;/span&gt;&lt;span style="color: var(--highlight-default)"&gt;$test&lt;/span&gt;&lt;span style="color: var(--highlight-keyword)"&gt;-&amp;gt;&lt;/span&gt;&lt;span style="color: var(--highlight-default)"&gt;run&lt;/span&gt;&lt;span style="color: var(--highlight-keyword)"&gt;(&lt;/span&gt;&lt;span style="color: var(--highlight-default)"&gt;$result&lt;/span&gt;&lt;span style="color: var(--highlight-keyword)"&gt;);&lt;/span&gt;&lt;/code&gt;&lt;/li&gt;
&lt;li&gt;&lt;code&gt;&lt;span style="color: var(--highlight-keyword)"&gt;&amp;nbsp;&amp;nbsp;&amp;nbsp;&amp;nbsp;&amp;nbsp;&amp;nbsp;&amp;nbsp;&amp;nbsp;}&lt;/span&gt;&lt;/code&gt;&lt;/li&gt;
&lt;li&gt;&lt;code&gt;&lt;span style="color: var(--highlight-keyword)"&gt;&lt;/span&gt;&lt;/code&gt;&lt;/li&gt;
&lt;li&gt;&lt;code&gt;&lt;span style="color: var(--highlight-keyword)"&gt;&amp;nbsp;&amp;nbsp;&amp;nbsp;&amp;nbsp;&amp;nbsp;&amp;nbsp;&amp;nbsp;&amp;nbsp;if&amp;nbsp;(&lt;/span&gt;&lt;span style="color: var(--highlight-default)"&gt;$this&lt;/span&gt;&lt;span style="color: var(--highlight-keyword)"&gt;-&amp;gt;&lt;/span&gt;&lt;span style="color: var(--highlight-default)"&gt;testCase&amp;nbsp;&lt;/span&gt;&lt;span style="color: var(--highlight-keyword)"&gt;&amp;amp;&amp;amp;&amp;nbsp;&lt;/span&gt;&lt;span style="color: var(--highlight-default)"&gt;class_exists&lt;/span&gt;&lt;span style="color: var(--highlight-keyword)"&gt;(&lt;/span&gt;&lt;span style="color: var(--highlight-default)"&gt;$this&lt;/span&gt;&lt;span style="color: var(--highlight-keyword)"&gt;-&amp;gt;&lt;/span&gt;&lt;span style="color: var(--highlight-default)"&gt;name&lt;/span&gt;&lt;span style="color: var(--highlight-keyword)"&gt;,&amp;nbsp;&lt;/span&gt;&lt;span style="color: var(--highlight-default)"&gt;false&lt;/span&gt;&lt;span style="color: var(--highlight-keyword)"&gt;))&amp;nbsp;{&lt;/span&gt;&lt;/code&gt;&lt;/li&gt;
&lt;li&gt;&lt;code&gt;&lt;span style="color: var(--highlight-keyword)"&gt;&amp;nbsp;&amp;nbsp;&amp;nbsp;&amp;nbsp;&amp;nbsp;&amp;nbsp;&amp;nbsp;&amp;nbsp;&amp;nbsp;&amp;nbsp;&amp;nbsp;&amp;nbsp;foreach&amp;nbsp;(&lt;/span&gt;&lt;span style="color: var(--highlight-default)"&gt;$hookMethods&lt;/span&gt;&lt;span style="color: var(--highlight-keyword)"&gt;[&lt;/span&gt;&lt;span style="color: var(--highlight-string)"&gt;'afterClass'&lt;/span&gt;&lt;span style="color: var(--highlight-keyword)"&gt;]&amp;nbsp;as&amp;nbsp;&lt;/span&gt;&lt;span style="color: var(--highlight-default)"&gt;$afterClassMethod&lt;/span&gt;&lt;span style="color: var(--highlight-keyword)"&gt;)&amp;nbsp;{&lt;/span&gt;&lt;/code&gt;&lt;/li&gt;
&lt;li&gt;&lt;code&gt;&lt;span style="color: var(--highlight-keyword)"&gt;&amp;nbsp;&amp;nbsp;&amp;nbsp;&amp;nbsp;&amp;nbsp;&amp;nbsp;&amp;nbsp;&amp;nbsp;&amp;nbsp;&amp;nbsp;&amp;nbsp;&amp;nbsp;&amp;nbsp;&amp;nbsp;&amp;nbsp;&amp;nbsp;if&amp;nbsp;(&lt;/span&gt;&lt;span style="color: var(--highlight-default)"&gt;method_exists&lt;/span&gt;&lt;span style="color: var(--highlight-keyword)"&gt;(&lt;/span&gt;&lt;span style="color: var(--highlight-default)"&gt;$this&lt;/span&gt;&lt;span style="color: var(--highlight-keyword)"&gt;-&amp;gt;&lt;/span&gt;&lt;span style="color: var(--highlight-default)"&gt;name&lt;/span&gt;&lt;span style="color: var(--highlight-keyword)"&gt;,&amp;nbsp;&lt;/span&gt;&lt;span style="color: var(--highlight-default)"&gt;$afterClassMethod&lt;/span&gt;&lt;span style="color: var(--highlight-keyword)"&gt;))&amp;nbsp;{&lt;/span&gt;&lt;/code&gt;&lt;/li&gt;&lt;/ol&gt;    &lt;/div&gt;            &lt;/div&gt;
                        &lt;div class="trace-line "&gt;
                &lt;div class="trace-line-header break-long-words sf-toggle" data-toggle-selector="#trace-html-1-33" data-toggle-initial=""&gt;
            &lt;span class="icon icon-close"&gt;&lt;svg width="1792" height="1792" viewBox="0 0 1792 1792" xmlns="http://www.w3.org/2000/svg"&gt;&lt;path d="M1408 960V832q0-26-19-45t-45-19H448q-26 0-45 19t-19 45v128q0 26 19 45t45 19h896q26 0 45-19t19-45zm256-544v960q0 119-84.5 203.5T1376 1664H416q-119 0-203.5-84.5T128 1376V416q0-119 84.5-203.5T416 128h960q119 0 203.5 84.5T1664 416z"/&gt;&lt;/svg&gt;&lt;/span&gt;
        &lt;span class="icon icon-open"&gt;&lt;svg width="1792" height="1792" viewBox="0 0 1792 1792" xmlns="http://www.w3.org/2000/svg"&gt;&lt;path d="M1408 960V832q0-26-19-45t-45-19h-320V448q0-26-19-45t-45-19H832q-26 0-45 19t-19 45v320H448q-26 0-45 19t-19 45v128q0 26 19 45t45 19h320v320q0 26 19 45t45 19h128q26 0 45-19t19-45v-320h320q26 0 45-19t19-45zm256-544v960q0 119-84.5 203.5T1376 1664H416q-119 0-203.5-84.5T128 1376V416q0-119 84.5-203.5T416 128h960q119 0 203.5 84.5T1664 416z"/&gt;&lt;/svg&gt;&lt;/span&gt;
    
            &lt;span class="trace-class"&gt;&lt;abbr title="PHPUnit\Framework\TestSuite"&gt;TestSuite&lt;/abbr&gt;&lt;/span&gt;&lt;span class="trace-type"&gt;-&gt;&lt;/span&gt;&lt;span class="trace-method"&gt;run&lt;/span&gt;&lt;span class="trace-arguments"&gt;()&lt;/span&gt;    
                    &lt;span class="block trace-file-path"&gt;
            in
            &lt;a href=""&gt;
                C:\Users\eman\Documents\GitHub\car_dealer\vendor\phpunit\phpunit\src\Framework\&lt;strong&gt;TestSuite.php&lt;/strong&gt;
            &lt;/a&gt;
                        (line 678)
            &lt;span class="icon icon-copy hidden" data-clipboard-text="C:\Users\eman\Documents\GitHub\car_dealer\vendor\phpunit\phpunit\src\Framework\TestSuite.php:678"&gt;
                &lt;svg xmlns="http://www.w3.org/2000/svg" height="24" viewBox="0 0 24 24" width="24"&gt;&lt;path d="M0 0h24v24H0z" fill="none"/&gt;&lt;path d="M16 1H4c-1.1 0-2 .9-2 2v14h2V3h12V1zm3 4H8c-1.1 0-2 .9-2 2v14c0 1.1.9 2 2 2h11c1.1 0 2-.9 2-2V7c0-1.1-.9-2-2-2zm0 16H8V7h11v14z"/&gt;&lt;/svg&gt;            &lt;/span&gt;
        &lt;/span&gt;
    &lt;/div&gt;
    &lt;div id="trace-html-1-33" class="trace-code sf-toggle-content"&gt;
        &lt;ol start="673"&gt;&lt;li&gt;&lt;code&gt;&lt;span style="color: var(--highlight-keyword)"&gt;&amp;nbsp;&amp;nbsp;&amp;nbsp;&amp;nbsp;&amp;nbsp;&amp;nbsp;&amp;nbsp;&amp;nbsp;&amp;nbsp;&amp;nbsp;&amp;nbsp;&amp;nbsp;&amp;nbsp;&amp;nbsp;&amp;nbsp;&amp;nbsp;&lt;/span&gt;&lt;span style="color: var(--highlight-default)"&gt;$test&lt;/span&gt;&lt;span style="color: var(--highlight-keyword)"&gt;-&amp;gt;&lt;/span&gt;&lt;span style="color: var(--highlight-default)"&gt;setBackupGlobals&lt;/span&gt;&lt;span style="color: var(--highlight-keyword)"&gt;(&lt;/span&gt;&lt;span style="color: var(--highlight-default)"&gt;$this&lt;/span&gt;&lt;span style="color: var(--highlight-keyword)"&gt;-&amp;gt;&lt;/span&gt;&lt;span style="color: var(--highlight-default)"&gt;backupGlobals&lt;/span&gt;&lt;span style="color: var(--highlight-keyword)"&gt;);&lt;/span&gt;&lt;/code&gt;&lt;/li&gt;
&lt;li&gt;&lt;code&gt;&lt;span style="color: var(--highlight-keyword)"&gt;&amp;nbsp;&amp;nbsp;&amp;nbsp;&amp;nbsp;&amp;nbsp;&amp;nbsp;&amp;nbsp;&amp;nbsp;&amp;nbsp;&amp;nbsp;&amp;nbsp;&amp;nbsp;&amp;nbsp;&amp;nbsp;&amp;nbsp;&amp;nbsp;&lt;/span&gt;&lt;span style="color: var(--highlight-default)"&gt;$test&lt;/span&gt;&lt;span style="color: var(--highlight-keyword)"&gt;-&amp;gt;&lt;/span&gt;&lt;span style="color: var(--highlight-default)"&gt;setBackupStaticAttributes&lt;/span&gt;&lt;span style="color: var(--highlight-keyword)"&gt;(&lt;/span&gt;&lt;span style="color: var(--highlight-default)"&gt;$this&lt;/span&gt;&lt;span style="color: var(--highlight-keyword)"&gt;-&amp;gt;&lt;/span&gt;&lt;span style="color: var(--highlight-default)"&gt;backupStaticAttributes&lt;/span&gt;&lt;span style="color: var(--highlight-keyword)"&gt;);&lt;/span&gt;&lt;/code&gt;&lt;/li&gt;
&lt;li&gt;&lt;code&gt;&lt;span style="color: var(--highlight-keyword)"&gt;&amp;nbsp;&amp;nbsp;&amp;nbsp;&amp;nbsp;&amp;nbsp;&amp;nbsp;&amp;nbsp;&amp;nbsp;&amp;nbsp;&amp;nbsp;&amp;nbsp;&amp;nbsp;&amp;nbsp;&amp;nbsp;&amp;nbsp;&amp;nbsp;&lt;/span&gt;&lt;span style="color: var(--highlight-default)"&gt;$test&lt;/span&gt;&lt;span style="color: var(--highlight-keyword)"&gt;-&amp;gt;&lt;/span&gt;&lt;span style="color: var(--highlight-default)"&gt;setRunTestInSeparateProcess&lt;/span&gt;&lt;span style="color: var(--highlight-keyword)"&gt;(&lt;/span&gt;&lt;span style="color: var(--highlight-default)"&gt;$this&lt;/span&gt;&lt;span style="color: var(--highlight-keyword)"&gt;-&amp;gt;&lt;/span&gt;&lt;span style="color: var(--highlight-default)"&gt;runTestInSeparateProcess&lt;/span&gt;&lt;span style="color: var(--highlight-keyword)"&gt;);&lt;/span&gt;&lt;/code&gt;&lt;/li&gt;
&lt;li&gt;&lt;code&gt;&lt;span style="color: var(--highlight-keyword)"&gt;&amp;nbsp;&amp;nbsp;&amp;nbsp;&amp;nbsp;&amp;nbsp;&amp;nbsp;&amp;nbsp;&amp;nbsp;&amp;nbsp;&amp;nbsp;&amp;nbsp;&amp;nbsp;}&lt;/span&gt;&lt;/code&gt;&lt;/li&gt;
&lt;li&gt;&lt;code&gt;&lt;span style="color: var(--highlight-keyword)"&gt;&lt;/span&gt;&lt;/code&gt;&lt;/li&gt;
&lt;li class="selected"&gt;&lt;code&gt;&lt;span style="color: var(--highlight-keyword)"&gt;&amp;nbsp;&amp;nbsp;&amp;nbsp;&amp;nbsp;&amp;nbsp;&amp;nbsp;&amp;nbsp;&amp;nbsp;&amp;nbsp;&amp;nbsp;&amp;nbsp;&amp;nbsp;&lt;/span&gt;&lt;span style="color: var(--highlight-default)"&gt;$test&lt;/span&gt;&lt;span style="color: var(--highlight-keyword)"&gt;-&amp;gt;&lt;/span&gt;&lt;span style="color: var(--highlight-default)"&gt;run&lt;/span&gt;&lt;span style="color: var(--highlight-keyword)"&gt;(&lt;/span&gt;&lt;span style="color: var(--highlight-default)"&gt;$result&lt;/span&gt;&lt;span style="color: var(--highlight-keyword)"&gt;);&lt;/span&gt;&lt;/code&gt;&lt;/li&gt;
&lt;li&gt;&lt;code&gt;&lt;span style="color: var(--highlight-keyword)"&gt;&amp;nbsp;&amp;nbsp;&amp;nbsp;&amp;nbsp;&amp;nbsp;&amp;nbsp;&amp;nbsp;&amp;nbsp;}&lt;/span&gt;&lt;/code&gt;&lt;/li&gt;
&lt;li&gt;&lt;code&gt;&lt;span style="color: var(--highlight-keyword)"&gt;&lt;/span&gt;&lt;/code&gt;&lt;/li&gt;
&lt;li&gt;&lt;code&gt;&lt;span style="color: var(--highlight-keyword)"&gt;&amp;nbsp;&amp;nbsp;&amp;nbsp;&amp;nbsp;&amp;nbsp;&amp;nbsp;&amp;nbsp;&amp;nbsp;if&amp;nbsp;(&lt;/span&gt;&lt;span style="color: var(--highlight-default)"&gt;$this&lt;/span&gt;&lt;span style="color: var(--highlight-keyword)"&gt;-&amp;gt;&lt;/span&gt;&lt;span style="color: var(--highlight-default)"&gt;testCase&amp;nbsp;&lt;/span&gt;&lt;span style="color: var(--highlight-keyword)"&gt;&amp;amp;&amp;amp;&amp;nbsp;&lt;/span&gt;&lt;span style="color: var(--highlight-default)"&gt;class_exists&lt;/span&gt;&lt;span style="color: var(--highlight-keyword)"&gt;(&lt;/span&gt;&lt;span style="color: var(--highlight-default)"&gt;$this&lt;/span&gt;&lt;span style="color: var(--highlight-keyword)"&gt;-&amp;gt;&lt;/span&gt;&lt;span style="color: var(--highlight-default)"&gt;name&lt;/span&gt;&lt;span style="color: var(--highlight-keyword)"&gt;,&amp;nbsp;&lt;/span&gt;&lt;span style="color: var(--highlight-default)"&gt;false&lt;/span&gt;&lt;span style="color: var(--highlight-keyword)"&gt;))&amp;nbsp;{&lt;/span&gt;&lt;/code&gt;&lt;/li&gt;
&lt;li&gt;&lt;code&gt;&lt;span style="color: var(--highlight-keyword)"&gt;&amp;nbsp;&amp;nbsp;&amp;nbsp;&amp;nbsp;&amp;nbsp;&amp;nbsp;&amp;nbsp;&amp;nbsp;&amp;nbsp;&amp;nbsp;&amp;nbsp;&amp;nbsp;foreach&amp;nbsp;(&lt;/span&gt;&lt;span style="color: var(--highlight-default)"&gt;$hookMethods&lt;/span&gt;&lt;span style="color: var(--highlight-keyword)"&gt;[&lt;/span&gt;&lt;span style="color: var(--highlight-string)"&gt;'afterClass'&lt;/span&gt;&lt;span style="color: var(--highlight-keyword)"&gt;]&amp;nbsp;as&amp;nbsp;&lt;/span&gt;&lt;span style="color: var(--highlight-default)"&gt;$afterClassMethod&lt;/span&gt;&lt;span style="color: var(--highlight-keyword)"&gt;)&amp;nbsp;{&lt;/span&gt;&lt;/code&gt;&lt;/li&gt;
&lt;li&gt;&lt;code&gt;&lt;span style="color: var(--highlight-keyword)"&gt;&amp;nbsp;&amp;nbsp;&amp;nbsp;&amp;nbsp;&amp;nbsp;&amp;nbsp;&amp;nbsp;&amp;nbsp;&amp;nbsp;&amp;nbsp;&amp;nbsp;&amp;nbsp;&amp;nbsp;&amp;nbsp;&amp;nbsp;&amp;nbsp;if&amp;nbsp;(&lt;/span&gt;&lt;span style="color: var(--highlight-default)"&gt;method_exists&lt;/span&gt;&lt;span style="color: var(--highlight-keyword)"&gt;(&lt;/span&gt;&lt;span style="color: var(--highlight-default)"&gt;$this&lt;/span&gt;&lt;span style="color: var(--highlight-keyword)"&gt;-&amp;gt;&lt;/span&gt;&lt;span style="color: var(--highlight-default)"&gt;name&lt;/span&gt;&lt;span style="color: var(--highlight-keyword)"&gt;,&amp;nbsp;&lt;/span&gt;&lt;span style="color: var(--highlight-default)"&gt;$afterClassMethod&lt;/span&gt;&lt;span style="color: var(--highlight-keyword)"&gt;))&amp;nbsp;{&lt;/span&gt;&lt;/code&gt;&lt;/li&gt;&lt;/ol&gt;    &lt;/div&gt;            &lt;/div&gt;
                        &lt;div class="trace-line "&gt;
                &lt;div class="trace-line-header break-long-words sf-toggle" data-toggle-selector="#trace-html-1-34" data-toggle-initial=""&gt;
            &lt;span class="icon icon-close"&gt;&lt;svg width="1792" height="1792" viewBox="0 0 1792 1792" xmlns="http://www.w3.org/2000/svg"&gt;&lt;path d="M1408 960V832q0-26-19-45t-45-19H448q-26 0-45 19t-19 45v128q0 26 19 45t45 19h896q26 0 45-19t19-45zm256-544v960q0 119-84.5 203.5T1376 1664H416q-119 0-203.5-84.5T128 1376V416q0-119 84.5-203.5T416 128h960q119 0 203.5 84.5T1664 416z"/&gt;&lt;/svg&gt;&lt;/span&gt;
        &lt;span class="icon icon-open"&gt;&lt;svg width="1792" height="1792" viewBox="0 0 1792 1792" xmlns="http://www.w3.org/2000/svg"&gt;&lt;path d="M1408 960V832q0-26-19-45t-45-19h-320V448q0-26-19-45t-45-19H832q-26 0-45 19t-19 45v320H448q-26 0-45 19t-19 45v128q0 26 19 45t45 19h320v320q0 26 19 45t45 19h128q26 0 45-19t19-45v-320h320q26 0 45-19t19-45zm256-544v960q0 119-84.5 203.5T1376 1664H416q-119 0-203.5-84.5T128 1376V416q0-119 84.5-203.5T416 128h960q119 0 203.5 84.5T1664 416z"/&gt;&lt;/svg&gt;&lt;/span&gt;
    
            &lt;span class="trace-class"&gt;&lt;abbr title="PHPUnit\Framework\TestSuite"&gt;TestSuite&lt;/abbr&gt;&lt;/span&gt;&lt;span class="trace-type"&gt;-&gt;&lt;/span&gt;&lt;span class="trace-method"&gt;run&lt;/span&gt;&lt;span class="trace-arguments"&gt;()&lt;/span&gt;    
                    &lt;span class="block trace-file-path"&gt;
            in
            &lt;a href=""&gt;
                C:\Users\eman\Documents\GitHub\car_dealer\vendor\phpunit\phpunit\src\TextUI\&lt;strong&gt;TestRunner.php&lt;/strong&gt;
            &lt;/a&gt;
                        (line 670)
            &lt;span class="icon icon-copy hidden" data-clipboard-text="C:\Users\eman\Documents\GitHub\car_dealer\vendor\phpunit\phpunit\src\TextUI\TestRunner.php:670"&gt;
                &lt;svg xmlns="http://www.w3.org/2000/svg" height="24" viewBox="0 0 24 24" width="24"&gt;&lt;path d="M0 0h24v24H0z" fill="none"/&gt;&lt;path d="M16 1H4c-1.1 0-2 .9-2 2v14h2V3h12V1zm3 4H8c-1.1 0-2 .9-2 2v14c0 1.1.9 2 2 2h11c1.1 0 2-.9 2-2V7c0-1.1-.9-2-2-2zm0 16H8V7h11v14z"/&gt;&lt;/svg&gt;            &lt;/span&gt;
        &lt;/span&gt;
    &lt;/div&gt;
    &lt;div id="trace-html-1-34" class="trace-code sf-toggle-content"&gt;
        &lt;ol start="665"&gt;&lt;li&gt;&lt;code&gt;&lt;span style="color: var(--highlight-keyword)"&gt;&lt;/span&gt;&lt;/code&gt;&lt;/li&gt;
&lt;li&gt;&lt;code&gt;&lt;span style="color: var(--highlight-keyword)"&gt;&amp;nbsp;&amp;nbsp;&amp;nbsp;&amp;nbsp;&amp;nbsp;&amp;nbsp;&amp;nbsp;&amp;nbsp;if&amp;nbsp;(&lt;/span&gt;&lt;span style="color: var(--highlight-default)"&gt;$testSuiteWarningsPrinted&lt;/span&gt;&lt;span style="color: var(--highlight-keyword)"&gt;)&amp;nbsp;{&lt;/span&gt;&lt;/code&gt;&lt;/li&gt;
&lt;li&gt;&lt;code&gt;&lt;span style="color: var(--highlight-keyword)"&gt;&amp;nbsp;&amp;nbsp;&amp;nbsp;&amp;nbsp;&amp;nbsp;&amp;nbsp;&amp;nbsp;&amp;nbsp;&amp;nbsp;&amp;nbsp;&amp;nbsp;&amp;nbsp;&lt;/span&gt;&lt;span style="color: var(--highlight-default)"&gt;$this&lt;/span&gt;&lt;span style="color: var(--highlight-keyword)"&gt;-&amp;gt;&lt;/span&gt;&lt;span style="color: var(--highlight-default)"&gt;write&lt;/span&gt;&lt;span style="color: var(--highlight-keyword)"&gt;(&lt;/span&gt;&lt;span style="color: var(--highlight-default)"&gt;PHP_EOL&lt;/span&gt;&lt;span style="color: var(--highlight-keyword)"&gt;);&lt;/span&gt;&lt;/code&gt;&lt;/li&gt;
&lt;li&gt;&lt;code&gt;&lt;span style="color: var(--highlight-keyword)"&gt;&amp;nbsp;&amp;nbsp;&amp;nbsp;&amp;nbsp;&amp;nbsp;&amp;nbsp;&amp;nbsp;&amp;nbsp;}&lt;/span&gt;&lt;/code&gt;&lt;/li&gt;
&lt;li&gt;&lt;code&gt;&lt;span style="color: var(--highlight-keyword)"&gt;&lt;/span&gt;&lt;/code&gt;&lt;/li&gt;
&lt;li class="selected"&gt;&lt;code&gt;&lt;span style="color: var(--highlight-keyword)"&gt;&amp;nbsp;&amp;nbsp;&amp;nbsp;&amp;nbsp;&amp;nbsp;&amp;nbsp;&amp;nbsp;&amp;nbsp;&lt;/span&gt;&lt;span style="color: var(--highlight-default)"&gt;$suite&lt;/span&gt;&lt;span style="color: var(--highlight-keyword)"&gt;-&amp;gt;&lt;/span&gt;&lt;span style="color: var(--highlight-default)"&gt;run&lt;/span&gt;&lt;span style="color: var(--highlight-keyword)"&gt;(&lt;/span&gt;&lt;span style="color: var(--highlight-default)"&gt;$result&lt;/span&gt;&lt;span style="color: var(--highlight-keyword)"&gt;);&lt;/span&gt;&lt;/code&gt;&lt;/li&gt;
&lt;li&gt;&lt;code&gt;&lt;span style="color: var(--highlight-keyword)"&gt;&lt;/span&gt;&lt;/code&gt;&lt;/li&gt;
&lt;li&gt;&lt;code&gt;&lt;span style="color: var(--highlight-keyword)"&gt;&amp;nbsp;&amp;nbsp;&amp;nbsp;&amp;nbsp;&amp;nbsp;&amp;nbsp;&amp;nbsp;&amp;nbsp;foreach&amp;nbsp;(&lt;/span&gt;&lt;span style="color: var(--highlight-default)"&gt;$this&lt;/span&gt;&lt;span style="color: var(--highlight-keyword)"&gt;-&amp;gt;&lt;/span&gt;&lt;span style="color: var(--highlight-default)"&gt;extensions&amp;nbsp;&lt;/span&gt;&lt;span style="color: var(--highlight-keyword)"&gt;as&amp;nbsp;&lt;/span&gt;&lt;span style="color: var(--highlight-default)"&gt;$extension&lt;/span&gt;&lt;span style="color: var(--highlight-keyword)"&gt;)&amp;nbsp;{&lt;/span&gt;&lt;/code&gt;&lt;/li&gt;
&lt;li&gt;&lt;code&gt;&lt;span style="color: var(--highlight-keyword)"&gt;&amp;nbsp;&amp;nbsp;&amp;nbsp;&amp;nbsp;&amp;nbsp;&amp;nbsp;&amp;nbsp;&amp;nbsp;&amp;nbsp;&amp;nbsp;&amp;nbsp;&amp;nbsp;if&amp;nbsp;(&lt;/span&gt;&lt;span style="color: var(--highlight-default)"&gt;$extension&amp;nbsp;&lt;/span&gt;&lt;span style="color: var(--highlight-keyword)"&gt;instanceof&amp;nbsp;&lt;/span&gt;&lt;span style="color: var(--highlight-default)"&gt;AfterLastTestHook&lt;/span&gt;&lt;span style="color: var(--highlight-keyword)"&gt;)&amp;nbsp;{&lt;/span&gt;&lt;/code&gt;&lt;/li&gt;
&lt;li&gt;&lt;code&gt;&lt;span style="color: var(--highlight-keyword)"&gt;&amp;nbsp;&amp;nbsp;&amp;nbsp;&amp;nbsp;&amp;nbsp;&amp;nbsp;&amp;nbsp;&amp;nbsp;&amp;nbsp;&amp;nbsp;&amp;nbsp;&amp;nbsp;&amp;nbsp;&amp;nbsp;&amp;nbsp;&amp;nbsp;&lt;/span&gt;&lt;span style="color: var(--highlight-default)"&gt;$extension&lt;/span&gt;&lt;span style="color: var(--highlight-keyword)"&gt;-&amp;gt;&lt;/span&gt;&lt;span style="color: var(--highlight-default)"&gt;executeAfterLastTest&lt;/span&gt;&lt;span style="color: var(--highlight-keyword)"&gt;();&lt;/span&gt;&lt;/code&gt;&lt;/li&gt;
&lt;li&gt;&lt;code&gt;&lt;span style="color: var(--highlight-keyword)"&gt;&amp;nbsp;&amp;nbsp;&amp;nbsp;&amp;nbsp;&amp;nbsp;&amp;nbsp;&amp;nbsp;&amp;nbsp;&amp;nbsp;&amp;nbsp;&amp;nbsp;&amp;nbsp;}&lt;/span&gt;&lt;/code&gt;&lt;/li&gt;&lt;/ol&gt;    &lt;/div&gt;            &lt;/div&gt;
                        &lt;div class="trace-line "&gt;
                &lt;div class="trace-line-header break-long-words sf-toggle" data-toggle-selector="#trace-html-1-35" data-toggle-initial=""&gt;
            &lt;span class="icon icon-close"&gt;&lt;svg width="1792" height="1792" viewBox="0 0 1792 1792" xmlns="http://www.w3.org/2000/svg"&gt;&lt;path d="M1408 960V832q0-26-19-45t-45-19H448q-26 0-45 19t-19 45v128q0 26 19 45t45 19h896q26 0 45-19t19-45zm256-544v960q0 119-84.5 203.5T1376 1664H416q-119 0-203.5-84.5T128 1376V416q0-119 84.5-203.5T416 128h960q119 0 203.5 84.5T1664 416z"/&gt;&lt;/svg&gt;&lt;/span&gt;
        &lt;span class="icon icon-open"&gt;&lt;svg width="1792" height="1792" viewBox="0 0 1792 1792" xmlns="http://www.w3.org/2000/svg"&gt;&lt;path d="M1408 960V832q0-26-19-45t-45-19h-320V448q0-26-19-45t-45-19H832q-26 0-45 19t-19 45v320H448q-26 0-45 19t-19 45v128q0 26 19 45t45 19h320v320q0 26 19 45t45 19h128q26 0 45-19t19-45v-320h320q26 0 45-19t19-45zm256-544v960q0 119-84.5 203.5T1376 1664H416q-119 0-203.5-84.5T128 1376V416q0-119 84.5-203.5T416 128h960q119 0 203.5 84.5T1664 416z"/&gt;&lt;/svg&gt;&lt;/span&gt;
    
            &lt;span class="trace-class"&gt;&lt;abbr title="PHPUnit\TextUI\TestRunner"&gt;TestRunner&lt;/abbr&gt;&lt;/span&gt;&lt;span class="trace-type"&gt;-&gt;&lt;/span&gt;&lt;span class="trace-method"&gt;run&lt;/span&gt;&lt;span class="trace-arguments"&gt;()&lt;/span&gt;    
                    &lt;span class="block trace-file-path"&gt;
            in
            &lt;a href=""&gt;
                C:\Users\eman\Documents\GitHub\car_dealer\vendor\phpunit\phpunit\src\TextUI\&lt;strong&gt;Command.php&lt;/strong&gt;
            &lt;/a&gt;
                        (line 143)
            &lt;span class="icon icon-copy hidden" data-clipboard-text="C:\Users\eman\Documents\GitHub\car_dealer\vendor\phpunit\phpunit\src\TextUI\Command.php:143"&gt;
                &lt;svg xmlns="http://www.w3.org/2000/svg" height="24" viewBox="0 0 24 24" width="24"&gt;&lt;path d="M0 0h24v24H0z" fill="none"/&gt;&lt;path d="M16 1H4c-1.1 0-2 .9-2 2v14h2V3h12V1zm3 4H8c-1.1 0-2 .9-2 2v14c0 1.1.9 2 2 2h11c1.1 0 2-.9 2-2V7c0-1.1-.9-2-2-2zm0 16H8V7h11v14z"/&gt;&lt;/svg&gt;            &lt;/span&gt;
        &lt;/span&gt;
    &lt;/div&gt;
    &lt;div id="trace-html-1-35" class="trace-code sf-toggle-content"&gt;
        &lt;ol start="138"&gt;&lt;li&gt;&lt;code&gt;&lt;span style="color: var(--highlight-keyword)"&gt;&amp;nbsp;&amp;nbsp;&amp;nbsp;&amp;nbsp;&amp;nbsp;&amp;nbsp;&amp;nbsp;&amp;nbsp;}&lt;/span&gt;&lt;/code&gt;&lt;/li&gt;
&lt;li&gt;&lt;code&gt;&lt;span style="color: var(--highlight-keyword)"&gt;&lt;/span&gt;&lt;/code&gt;&lt;/li&gt;
&lt;li&gt;&lt;code&gt;&lt;span style="color: var(--highlight-keyword)"&gt;&amp;nbsp;&amp;nbsp;&amp;nbsp;&amp;nbsp;&amp;nbsp;&amp;nbsp;&amp;nbsp;&amp;nbsp;unset(&lt;/span&gt;&lt;span style="color: var(--highlight-default)"&gt;$this&lt;/span&gt;&lt;span style="color: var(--highlight-keyword)"&gt;-&amp;gt;&lt;/span&gt;&lt;span style="color: var(--highlight-default)"&gt;arguments&lt;/span&gt;&lt;span style="color: var(--highlight-keyword)"&gt;[&lt;/span&gt;&lt;span style="color: var(--highlight-string)"&gt;'test'&lt;/span&gt;&lt;span style="color: var(--highlight-keyword)"&gt;],&amp;nbsp;&lt;/span&gt;&lt;span style="color: var(--highlight-default)"&gt;$this&lt;/span&gt;&lt;span style="color: var(--highlight-keyword)"&gt;-&amp;gt;&lt;/span&gt;&lt;span style="color: var(--highlight-default)"&gt;arguments&lt;/span&gt;&lt;span style="color: var(--highlight-keyword)"&gt;[&lt;/span&gt;&lt;span style="color: var(--highlight-string)"&gt;'testFile'&lt;/span&gt;&lt;span style="color: var(--highlight-keyword)"&gt;]);&lt;/span&gt;&lt;/code&gt;&lt;/li&gt;
&lt;li&gt;&lt;code&gt;&lt;span style="color: var(--highlight-keyword)"&gt;&lt;/span&gt;&lt;/code&gt;&lt;/li&gt;
&lt;li&gt;&lt;code&gt;&lt;span style="color: var(--highlight-keyword)"&gt;&amp;nbsp;&amp;nbsp;&amp;nbsp;&amp;nbsp;&amp;nbsp;&amp;nbsp;&amp;nbsp;&amp;nbsp;try&amp;nbsp;{&lt;/span&gt;&lt;/code&gt;&lt;/li&gt;
&lt;li class="selected"&gt;&lt;code&gt;&lt;span style="color: var(--highlight-keyword)"&gt;&amp;nbsp;&amp;nbsp;&amp;nbsp;&amp;nbsp;&amp;nbsp;&amp;nbsp;&amp;nbsp;&amp;nbsp;&amp;nbsp;&amp;nbsp;&amp;nbsp;&amp;nbsp;&lt;/span&gt;&lt;span style="color: var(--highlight-default)"&gt;$result&amp;nbsp;&lt;/span&gt;&lt;span style="color: var(--highlight-keyword)"&gt;=&amp;nbsp;&lt;/span&gt;&lt;span style="color: var(--highlight-default)"&gt;$runner&lt;/span&gt;&lt;span style="color: var(--highlight-keyword)"&gt;-&amp;gt;&lt;/span&gt;&lt;span style="color: var(--highlight-default)"&gt;run&lt;/span&gt;&lt;span style="color: var(--highlight-keyword)"&gt;(&lt;/span&gt;&lt;span style="color: var(--highlight-default)"&gt;$suite&lt;/span&gt;&lt;span style="color: var(--highlight-keyword)"&gt;,&amp;nbsp;&lt;/span&gt;&lt;span style="color: var(--highlight-default)"&gt;$this&lt;/span&gt;&lt;span style="color: var(--highlight-keyword)"&gt;-&amp;gt;&lt;/span&gt;&lt;span style="color: var(--highlight-default)"&gt;arguments&lt;/span&gt;&lt;span style="color: var(--highlight-keyword)"&gt;,&amp;nbsp;&lt;/span&gt;&lt;span style="color: var(--highlight-default)"&gt;$this&lt;/span&gt;&lt;span style="color: var(--highlight-keyword)"&gt;-&amp;gt;&lt;/span&gt;&lt;span style="color: var(--highlight-default)"&gt;warnings&lt;/span&gt;&lt;span style="color: var(--highlight-keyword)"&gt;,&amp;nbsp;&lt;/span&gt;&lt;span style="color: var(--highlight-default)"&gt;$exit&lt;/span&gt;&lt;span style="color: var(--highlight-keyword)"&gt;);&lt;/span&gt;&lt;/code&gt;&lt;/li&gt;
&lt;li&gt;&lt;code&gt;&lt;span style="color: var(--highlight-keyword)"&gt;&amp;nbsp;&amp;nbsp;&amp;nbsp;&amp;nbsp;&amp;nbsp;&amp;nbsp;&amp;nbsp;&amp;nbsp;}&amp;nbsp;catch&amp;nbsp;(&lt;/span&gt;&lt;span style="color: var(--highlight-default)"&gt;Throwable&amp;nbsp;$t&lt;/span&gt;&lt;span style="color: var(--highlight-keyword)"&gt;)&amp;nbsp;{&lt;/span&gt;&lt;/code&gt;&lt;/li&gt;
&lt;li&gt;&lt;code&gt;&lt;span style="color: var(--highlight-keyword)"&gt;&amp;nbsp;&amp;nbsp;&amp;nbsp;&amp;nbsp;&amp;nbsp;&amp;nbsp;&amp;nbsp;&amp;nbsp;&amp;nbsp;&amp;nbsp;&amp;nbsp;&amp;nbsp;print&amp;nbsp;&lt;/span&gt;&lt;span style="color: var(--highlight-default)"&gt;$t&lt;/span&gt;&lt;span style="color: var(--highlight-keyword)"&gt;-&amp;gt;&lt;/span&gt;&lt;span style="color: var(--highlight-default)"&gt;getMessage&lt;/span&gt;&lt;span style="color: var(--highlight-keyword)"&gt;()&amp;nbsp;.&amp;nbsp;&lt;/span&gt;&lt;span style="color: var(--highlight-default)"&gt;PHP_EOL&lt;/span&gt;&lt;span style="color: var(--highlight-keyword)"&gt;;&lt;/span&gt;&lt;/code&gt;&lt;/li&gt;
&lt;li&gt;&lt;code&gt;&lt;span style="color: var(--highlight-keyword)"&gt;&amp;nbsp;&amp;nbsp;&amp;nbsp;&amp;nbsp;&amp;nbsp;&amp;nbsp;&amp;nbsp;&amp;nbsp;}&lt;/span&gt;&lt;/code&gt;&lt;/li&gt;
&lt;li&gt;&lt;code&gt;&lt;span style="color: var(--highlight-keyword)"&gt;&lt;/span&gt;&lt;/code&gt;&lt;/li&gt;
&lt;li&gt;&lt;code&gt;&lt;span style="color: var(--highlight-keyword)"&gt;&amp;nbsp;&amp;nbsp;&amp;nbsp;&amp;nbsp;&amp;nbsp;&amp;nbsp;&amp;nbsp;&amp;nbsp;&lt;/span&gt;&lt;span style="color: var(--highlight-default)"&gt;$return&amp;nbsp;&lt;/span&gt;&lt;span style="color: var(--highlight-keyword)"&gt;=&amp;nbsp;&lt;/span&gt;&lt;span style="color: var(--highlight-default)"&gt;TestRunner&lt;/span&gt;&lt;span style="color: var(--highlight-keyword)"&gt;::&lt;/span&gt;&lt;span style="color: var(--highlight-default)"&gt;FAILURE_EXIT&lt;/span&gt;&lt;span style="color: var(--highlight-keyword)"&gt;;&lt;/span&gt;&lt;/code&gt;&lt;/li&gt;&lt;/ol&gt;    &lt;/div&gt;            &lt;/div&gt;
                        &lt;div class="trace-line "&gt;
                &lt;div class="trace-line-header break-long-words sf-toggle" data-toggle-selector="#trace-html-1-36" data-toggle-initial=""&gt;
            &lt;span class="icon icon-close"&gt;&lt;svg width="1792" height="1792" viewBox="0 0 1792 1792" xmlns="http://www.w3.org/2000/svg"&gt;&lt;path d="M1408 960V832q0-26-19-45t-45-19H448q-26 0-45 19t-19 45v128q0 26 19 45t45 19h896q26 0 45-19t19-45zm256-544v960q0 119-84.5 203.5T1376 1664H416q-119 0-203.5-84.5T128 1376V416q0-119 84.5-203.5T416 128h960q119 0 203.5 84.5T1664 416z"/&gt;&lt;/svg&gt;&lt;/span&gt;
        &lt;span class="icon icon-open"&gt;&lt;svg width="1792" height="1792" viewBox="0 0 1792 1792" xmlns="http://www.w3.org/2000/svg"&gt;&lt;path d="M1408 960V832q0-26-19-45t-45-19h-320V448q0-26-19-45t-45-19H832q-26 0-45 19t-19 45v320H448q-26 0-45 19t-19 45v128q0 26 19 45t45 19h320v320q0 26 19 45t45 19h128q26 0 45-19t19-45v-320h320q26 0 45-19t19-45zm256-544v960q0 119-84.5 203.5T1376 1664H416q-119 0-203.5-84.5T128 1376V416q0-119 84.5-203.5T416 128h960q119 0 203.5 84.5T1664 416z"/&gt;&lt;/svg&gt;&lt;/span&gt;
    
            &lt;span class="trace-class"&gt;&lt;abbr title="PHPUnit\TextUI\Command"&gt;Command&lt;/abbr&gt;&lt;/span&gt;&lt;span class="trace-type"&gt;-&gt;&lt;/span&gt;&lt;span class="trace-method"&gt;run&lt;/span&gt;&lt;span class="trace-arguments"&gt;()&lt;/span&gt;    
                    &lt;span class="block trace-file-path"&gt;
            in
            &lt;a href=""&gt;
                C:\Users\eman\Documents\GitHub\car_dealer\vendor\phpunit\phpunit\src\TextUI\&lt;strong&gt;Command.php&lt;/strong&gt;
            &lt;/a&gt;
                        (line 96)
            &lt;span class="icon icon-copy hidden" data-clipboard-text="C:\Users\eman\Documents\GitHub\car_dealer\vendor\phpunit\phpunit\src\TextUI\Command.php:96"&gt;
                &lt;svg xmlns="http://www.w3.org/2000/svg" height="24" viewBox="0 0 24 24" width="24"&gt;&lt;path d="M0 0h24v24H0z" fill="none"/&gt;&lt;path d="M16 1H4c-1.1 0-2 .9-2 2v14h2V3h12V1zm3 4H8c-1.1 0-2 .9-2 2v14c0 1.1.9 2 2 2h11c1.1 0 2-.9 2-2V7c0-1.1-.9-2-2-2zm0 16H8V7h11v14z"/&gt;&lt;/svg&gt;            &lt;/span&gt;
        &lt;/span&gt;
    &lt;/div&gt;
    &lt;div id="trace-html-1-36" class="trace-code sf-toggle-content"&gt;
        &lt;ol start="91"&gt;&lt;li&gt;&lt;code&gt;&lt;span style="color: var(--highlight-comment)"&gt;&amp;nbsp;&amp;nbsp;&amp;nbsp;&amp;nbsp;&amp;nbsp;*&amp;nbsp;@throws&amp;nbsp;Exception&lt;/span&gt;&lt;/code&gt;&lt;/li&gt;
&lt;li&gt;&lt;code&gt;&lt;span style="color: var(--highlight-comment)"&gt;&amp;nbsp;&amp;nbsp;&amp;nbsp;&amp;nbsp;&amp;nbsp;*/&lt;/span&gt;&lt;/code&gt;&lt;/li&gt;
&lt;li&gt;&lt;code&gt;&lt;span style="color: var(--highlight-comment)"&gt;&amp;nbsp;&amp;nbsp;&amp;nbsp;&amp;nbsp;&lt;/span&gt;&lt;span style="color: var(--highlight-keyword)"&gt;public&amp;nbsp;static&amp;nbsp;function&amp;nbsp;&lt;/span&gt;&lt;span style="color: var(--highlight-default)"&gt;main&lt;/span&gt;&lt;span style="color: var(--highlight-keyword)"&gt;(&lt;/span&gt;&lt;span style="color: var(--highlight-default)"&gt;bool&amp;nbsp;$exit&amp;nbsp;&lt;/span&gt;&lt;span style="color: var(--highlight-keyword)"&gt;=&amp;nbsp;&lt;/span&gt;&lt;span style="color: var(--highlight-default)"&gt;true&lt;/span&gt;&lt;span style="color: var(--highlight-keyword)"&gt;):&amp;nbsp;&lt;/span&gt;&lt;span style="color: var(--highlight-default)"&gt;int&lt;/span&gt;&lt;/code&gt;&lt;/li&gt;
&lt;li&gt;&lt;code&gt;&lt;span style="color: var(--highlight-default)"&gt;&amp;nbsp;&amp;nbsp;&amp;nbsp;&amp;nbsp;&lt;/span&gt;&lt;span style="color: var(--highlight-keyword)"&gt;{&lt;/span&gt;&lt;/code&gt;&lt;/li&gt;
&lt;li&gt;&lt;code&gt;&lt;span style="color: var(--highlight-keyword)"&gt;&amp;nbsp;&amp;nbsp;&amp;nbsp;&amp;nbsp;&amp;nbsp;&amp;nbsp;&amp;nbsp;&amp;nbsp;try&amp;nbsp;{&lt;/span&gt;&lt;/code&gt;&lt;/li&gt;
&lt;li class="selected"&gt;&lt;code&gt;&lt;span style="color: var(--highlight-keyword)"&gt;&amp;nbsp;&amp;nbsp;&amp;nbsp;&amp;nbsp;&amp;nbsp;&amp;nbsp;&amp;nbsp;&amp;nbsp;&amp;nbsp;&amp;nbsp;&amp;nbsp;&amp;nbsp;return&amp;nbsp;(new&amp;nbsp;static)-&amp;gt;&lt;/span&gt;&lt;span style="color: var(--highlight-default)"&gt;run&lt;/span&gt;&lt;span style="color: var(--highlight-keyword)"&gt;(&lt;/span&gt;&lt;span style="color: var(--highlight-default)"&gt;$_SERVER&lt;/span&gt;&lt;span style="color: var(--highlight-keyword)"&gt;[&lt;/span&gt;&lt;span style="color: var(--highlight-string)"&gt;'argv'&lt;/span&gt;&lt;span style="color: var(--highlight-keyword)"&gt;],&amp;nbsp;&lt;/span&gt;&lt;span style="color: var(--highlight-default)"&gt;$exit&lt;/span&gt;&lt;span style="color: var(--highlight-keyword)"&gt;);&lt;/span&gt;&lt;/code&gt;&lt;/li&gt;
&lt;li&gt;&lt;code&gt;&lt;span style="color: var(--highlight-keyword)"&gt;&amp;nbsp;&amp;nbsp;&amp;nbsp;&amp;nbsp;&amp;nbsp;&amp;nbsp;&amp;nbsp;&amp;nbsp;}&amp;nbsp;catch&amp;nbsp;(&lt;/span&gt;&lt;span style="color: var(--highlight-default)"&gt;Throwable&amp;nbsp;$t&lt;/span&gt;&lt;span style="color: var(--highlight-keyword)"&gt;)&amp;nbsp;{&lt;/span&gt;&lt;/code&gt;&lt;/li&gt;
&lt;li&gt;&lt;code&gt;&lt;span style="color: var(--highlight-keyword)"&gt;&amp;nbsp;&amp;nbsp;&amp;nbsp;&amp;nbsp;&amp;nbsp;&amp;nbsp;&amp;nbsp;&amp;nbsp;&amp;nbsp;&amp;nbsp;&amp;nbsp;&amp;nbsp;throw&amp;nbsp;new&amp;nbsp;&lt;/span&gt;&lt;span style="color: var(--highlight-default)"&gt;RuntimeException&lt;/span&gt;&lt;span style="color: var(--highlight-keyword)"&gt;(&lt;/span&gt;&lt;/code&gt;&lt;/li&gt;
&lt;li&gt;&lt;code&gt;&lt;span style="color: var(--highlight-keyword)"&gt;&amp;nbsp;&amp;nbsp;&amp;nbsp;&amp;nbsp;&amp;nbsp;&amp;nbsp;&amp;nbsp;&amp;nbsp;&amp;nbsp;&amp;nbsp;&amp;nbsp;&amp;nbsp;&amp;nbsp;&amp;nbsp;&amp;nbsp;&amp;nbsp;&lt;/span&gt;&lt;span style="color: var(--highlight-default)"&gt;$t&lt;/span&gt;&lt;span style="color: var(--highlight-keyword)"&gt;-&amp;gt;&lt;/span&gt;&lt;span style="color: var(--highlight-default)"&gt;getMessage&lt;/span&gt;&lt;span style="color: var(--highlight-keyword)"&gt;(),&lt;/span&gt;&lt;/code&gt;&lt;/li&gt;
&lt;li&gt;&lt;code&gt;&lt;span style="color: var(--highlight-keyword)"&gt;&amp;nbsp;&amp;nbsp;&amp;nbsp;&amp;nbsp;&amp;nbsp;&amp;nbsp;&amp;nbsp;&amp;nbsp;&amp;nbsp;&amp;nbsp;&amp;nbsp;&amp;nbsp;&amp;nbsp;&amp;nbsp;&amp;nbsp;&amp;nbsp;(int)&amp;nbsp;&lt;/span&gt;&lt;span style="color: var(--highlight-default)"&gt;$t&lt;/span&gt;&lt;span style="color: var(--highlight-keyword)"&gt;-&amp;gt;&lt;/span&gt;&lt;span style="color: var(--highlight-default)"&gt;getCode&lt;/span&gt;&lt;span style="color: var(--highlight-keyword)"&gt;(),&lt;/span&gt;&lt;/code&gt;&lt;/li&gt;
&lt;li&gt;&lt;code&gt;&lt;span style="color: var(--highlight-keyword)"&gt;&amp;nbsp;&amp;nbsp;&amp;nbsp;&amp;nbsp;&amp;nbsp;&amp;nbsp;&amp;nbsp;&amp;nbsp;&amp;nbsp;&amp;nbsp;&amp;nbsp;&amp;nbsp;&amp;nbsp;&amp;nbsp;&amp;nbsp;&amp;nbsp;&lt;/span&gt;&lt;span style="color: var(--highlight-default)"&gt;$t&lt;/span&gt;&lt;/code&gt;&lt;/li&gt;&lt;/ol&gt;    &lt;/div&gt;            &lt;/div&gt;
                        &lt;div class="trace-line "&gt;
                &lt;div class="trace-line-header break-long-words sf-toggle" data-toggle-selector="#trace-html-1-37" data-toggle-initial=""&gt;
            &lt;span class="icon icon-close"&gt;&lt;svg width="1792" height="1792" viewBox="0 0 1792 1792" xmlns="http://www.w3.org/2000/svg"&gt;&lt;path d="M1408 960V832q0-26-19-45t-45-19H448q-26 0-45 19t-19 45v128q0 26 19 45t45 19h896q26 0 45-19t19-45zm256-544v960q0 119-84.5 203.5T1376 1664H416q-119 0-203.5-84.5T128 1376V416q0-119 84.5-203.5T416 128h960q119 0 203.5 84.5T1664 416z"/&gt;&lt;/svg&gt;&lt;/span&gt;
        &lt;span class="icon icon-open"&gt;&lt;svg width="1792" height="1792" viewBox="0 0 1792 1792" xmlns="http://www.w3.org/2000/svg"&gt;&lt;path d="M1408 960V832q0-26-19-45t-45-19h-320V448q0-26-19-45t-45-19H832q-26 0-45 19t-19 45v320H448q-26 0-45 19t-19 45v128q0 26 19 45t45 19h320v320q0 26 19 45t45 19h128q26 0 45-19t19-45v-320h320q26 0 45-19t19-45zm256-544v960q0 119-84.5 203.5T1376 1664H416q-119 0-203.5-84.5T128 1376V416q0-119 84.5-203.5T416 128h960q119 0 203.5 84.5T1664 416z"/&gt;&lt;/svg&gt;&lt;/span&gt;
    
            &lt;span class="trace-class"&gt;&lt;abbr title="PHPUnit\TextUI\Command"&gt;Command&lt;/abbr&gt;&lt;/span&gt;&lt;span class="trace-type"&gt;::&lt;/span&gt;&lt;span class="trace-method"&gt;main&lt;/span&gt;&lt;span class="trace-arguments"&gt;()&lt;/span&gt;    
                    &lt;span class="block trace-file-path"&gt;
            in
            &lt;a href=""&gt;
                C:\Users\eman\Documents\GitHub\car_dealer\bin\&lt;strong&gt;phpunit&lt;/strong&gt;
            &lt;/a&gt;
                        (line 11)
            &lt;span class="icon icon-copy hidden" data-clipboard-text="C:\Users\eman\Documents\GitHub\car_dealer\bin\phpunit:11"&gt;
                &lt;svg xmlns="http://www.w3.org/2000/svg" height="24" viewBox="0 0 24 24" width="24"&gt;&lt;path d="M0 0h24v24H0z" fill="none"/&gt;&lt;path d="M16 1H4c-1.1 0-2 .9-2 2v14h2V3h12V1zm3 4H8c-1.1 0-2 .9-2 2v14c0 1.1.9 2 2 2h11c1.1 0 2-.9 2-2V7c0-1.1-.9-2-2-2zm0 16H8V7h11v14z"/&gt;&lt;/svg&gt;            &lt;/span&gt;
        &lt;/span&gt;
    &lt;/div&gt;
    &lt;div id="trace-html-1-37" class="trace-code sf-toggle-content"&gt;
        &lt;ol start="6"&gt;&lt;li&gt;&lt;code&gt;&lt;span style="color: var(--highlight-keyword)"&gt;&lt;/span&gt;&lt;/code&gt;&lt;/li&gt;
&lt;li&gt;&lt;code&gt;&lt;span style="color: var(--highlight-keyword)"&gt;if&amp;nbsp;(&lt;/span&gt;&lt;span style="color: var(--highlight-default)"&gt;is_file&lt;/span&gt;&lt;span style="color: var(--highlight-keyword)"&gt;(&lt;/span&gt;&lt;span style="color: var(--highlight-default)"&gt;dirname&lt;/span&gt;&lt;span style="color: var(--highlight-keyword)"&gt;(&lt;/span&gt;&lt;span style="color: var(--highlight-default)"&gt;__DIR__&lt;/span&gt;&lt;span style="color: var(--highlight-keyword)"&gt;).&lt;/span&gt;&lt;span style="color: var(--highlight-string)"&gt;'/vendor/phpunit/phpunit/phpunit'&lt;/span&gt;&lt;span style="color: var(--highlight-keyword)"&gt;))&amp;nbsp;{&lt;/span&gt;&lt;/code&gt;&lt;/li&gt;
&lt;li&gt;&lt;code&gt;&lt;span style="color: var(--highlight-keyword)"&gt;&amp;nbsp;&amp;nbsp;&amp;nbsp;&amp;nbsp;&lt;/span&gt;&lt;span style="color: var(--highlight-default)"&gt;define&lt;/span&gt;&lt;span style="color: var(--highlight-keyword)"&gt;(&lt;/span&gt;&lt;span style="color: var(--highlight-string)"&gt;'PHPUNIT_COMPOSER_INSTALL'&lt;/span&gt;&lt;span style="color: var(--highlight-keyword)"&gt;,&amp;nbsp;&lt;/span&gt;&lt;span style="color: var(--highlight-default)"&gt;dirname&lt;/span&gt;&lt;span style="color: var(--highlight-keyword)"&gt;(&lt;/span&gt;&lt;span style="color: var(--highlight-default)"&gt;__DIR__&lt;/span&gt;&lt;span style="color: var(--highlight-keyword)"&gt;).&lt;/span&gt;&lt;span style="color: var(--highlight-string)"&gt;'/vendor/autoload.php'&lt;/span&gt;&lt;span style="color: var(--highlight-keyword)"&gt;);&lt;/span&gt;&lt;/code&gt;&lt;/li&gt;
&lt;li&gt;&lt;code&gt;&lt;span style="color: var(--highlight-keyword)"&gt;&amp;nbsp;&amp;nbsp;&amp;nbsp;&amp;nbsp;require&amp;nbsp;&lt;/span&gt;&lt;span style="color: var(--highlight-default)"&gt;PHPUNIT_COMPOSER_INSTALL&lt;/span&gt;&lt;span style="color: var(--highlight-keyword)"&gt;;&lt;/span&gt;&lt;/code&gt;&lt;/li&gt;
&lt;li&gt;&lt;code&gt;&lt;span style="color: var(--highlight-keyword)"&gt;&amp;nbsp;&amp;nbsp;&amp;nbsp;&amp;nbsp;&lt;/span&gt;&lt;span style="color: var(--highlight-default)"&gt;PHPUnit\TextUI\Command&lt;/span&gt;&lt;span style="color: var(--highlight-keyword)"&gt;::&lt;/span&gt;&lt;span style="color: var(--highlight-default)"&gt;main&lt;/span&gt;&lt;span style="color: var(--highlight-keyword)"&gt;();&lt;/span&gt;&lt;/code&gt;&lt;/li&gt;
&lt;li class="selected"&gt;&lt;code&gt;&lt;span style="color: var(--highlight-keyword)"&gt;}&amp;nbsp;else&amp;nbsp;{&lt;/span&gt;&lt;/code&gt;&lt;/li&gt;
&lt;li&gt;&lt;code&gt;&lt;span style="color: var(--highlight-keyword)"&gt;&amp;nbsp;&amp;nbsp;&amp;nbsp;&amp;nbsp;if&amp;nbsp;(!&lt;/span&gt;&lt;span style="color: var(--highlight-default)"&gt;is_file&lt;/span&gt;&lt;span style="color: var(--highlight-keyword)"&gt;(&lt;/span&gt;&lt;span style="color: var(--highlight-default)"&gt;dirname&lt;/span&gt;&lt;span style="color: var(--highlight-keyword)"&gt;(&lt;/span&gt;&lt;span style="color: var(--highlight-default)"&gt;__DIR__&lt;/span&gt;&lt;span style="color: var(--highlight-keyword)"&gt;).&lt;/span&gt;&lt;span style="color: var(--highlight-string)"&gt;'/vendor/symfony/phpunit-bridge/bin/simple-phpunit.php'&lt;/span&gt;&lt;span style="color: var(--highlight-keyword)"&gt;))&amp;nbsp;{&lt;/span&gt;&lt;/code&gt;&lt;/li&gt;
&lt;li&gt;&lt;code&gt;&lt;span style="color: var(--highlight-keyword)"&gt;&amp;nbsp;&amp;nbsp;&amp;nbsp;&amp;nbsp;&amp;nbsp;&amp;nbsp;&amp;nbsp;&amp;nbsp;echo&amp;nbsp;&lt;/span&gt;&lt;span style="color: var(--highlight-string)"&gt;"Unable&amp;nbsp;to&amp;nbsp;find&amp;nbsp;the&amp;nbsp;`simple-phpunit.php`&amp;nbsp;script&amp;nbsp;in&amp;nbsp;`vendor/symfony/phpunit-bridge/bin/`.\n"&lt;/span&gt;&lt;span style="color: var(--highlight-keyword)"&gt;;&lt;/span&gt;&lt;/code&gt;&lt;/li&gt;
&lt;li&gt;&lt;code&gt;&lt;span style="color: var(--highlight-keyword)"&gt;&amp;nbsp;&amp;nbsp;&amp;nbsp;&amp;nbsp;&amp;nbsp;&amp;nbsp;&amp;nbsp;&amp;nbsp;exit(&lt;/span&gt;&lt;span style="color: var(--highlight-default)"&gt;1&lt;/span&gt;&lt;span style="color: var(--highlight-keyword)"&gt;);&lt;/span&gt;&lt;/code&gt;&lt;/li&gt;
&lt;li&gt;&lt;code&gt;&lt;span style="color: var(--highlight-keyword)"&gt;&amp;nbsp;&amp;nbsp;&amp;nbsp;&amp;nbsp;}&lt;/span&gt;&lt;/code&gt;&lt;/li&gt;
&lt;li&gt;&lt;code&gt;&lt;span style="color: var(--highlight-keyword)"&gt;&lt;/span&gt;&lt;/code&gt;&lt;/li&gt;&lt;/ol&gt;    &lt;/div&gt;            &lt;/div&gt;
                    &lt;/div&gt;
    &lt;/div&gt;
&lt;/div&gt;&lt;div class="trace trace-as-html" id="trace-box-2"&gt;
    &lt;div class="trace-details"&gt;
        &lt;div class="trace-head"&gt;
            &lt;div class="sf-toggle" data-toggle-selector="#trace-html-2" data-toggle-initial="display"&gt;
                &lt;span class="icon icon-close"&gt;&lt;svg width="1792" height="1792" viewBox="0 0 1792 1792" xmlns="http://www.w3.org/2000/svg"&gt;&lt;path d="M1344 800v64q0 14-9 23t-23 9H480q-14 0-23-9t-9-23v-64q0-14 9-23t23-9h832q14 0 23 9t9 23zm128 448V416q0-66-47-113t-113-47H480q-66 0-113 47t-47 113v832q0 66 47 113t113 47h832q66 0 113-47t47-113zm128-832v832q0 119-84.5 203.5T1312 1536H480q-119 0-203.5-84.5T192 1248V416q0-119 84.5-203.5T480 128h832q119 0 203.5 84.5T1600 416z"/&gt;&lt;/svg&gt;&lt;/span&gt;
                &lt;span class="icon icon-open"&gt;&lt;svg width="1792" height="1792" viewBox="0 0 1792 1792" xmlns="http://www.w3.org/2000/svg"&gt;&lt;path d="M1344 800v64q0 14-9 23t-23 9H960v352q0 14-9 23t-23 9h-64q-14 0-23-9t-9-23V896H480q-14 0-23-9t-9-23v-64q0-14 9-23t23-9h352V416q0-14 9-23t23-9h64q14 0 23 9t9 23v352h352q14 0 23 9t9 23zm128 448V416q0-66-47-113t-113-47H480q-66 0-113 47t-47 113v832q0 66 47 113t113 47h832q66 0 113-47t47-113zm128-832v832q0 119-84.5 203.5T1312 1536H480q-119 0-203.5-84.5T192 1248V416q0-119 84.5-203.5T480 128h832q119 0 203.5 84.5T1600 416z"/&gt;&lt;/svg&gt;&lt;/span&gt;
                                                    &lt;h3 class="trace-class"&gt;
                                                    &lt;span class="trace-namespace"&gt;Doctrine\DBAL\Driver\PDO\&lt;/span&gt;
                                                Exception                    &lt;/h3&gt;
                                                    &lt;p class="break-long-words trace-message"&gt;SQLSTATE[HY000] [1049] Unknown database 'crud04_test'&lt;/p&gt;
                            &lt;/div&gt;
        &lt;/div&gt;

        &lt;div id="trace-html-2" class="sf-toggle-content"&gt;
                    &lt;div class="trace-line "&gt;
                &lt;div class="trace-line-header break-long-words sf-toggle" data-toggle-selector="#trace-html-2-0" data-toggle-initial="display"&gt;
            &lt;span class="icon icon-close"&gt;&lt;svg width="1792" height="1792" viewBox="0 0 1792 1792" xmlns="http://www.w3.org/2000/svg"&gt;&lt;path d="M1408 960V832q0-26-19-45t-45-19H448q-26 0-45 19t-19 45v128q0 26 19 45t45 19h896q26 0 45-19t19-45zm256-544v960q0 119-84.5 203.5T1376 1664H416q-119 0-203.5-84.5T128 1376V416q0-119 84.5-203.5T416 128h960q119 0 203.5 84.5T1664 416z"/&gt;&lt;/svg&gt;&lt;/span&gt;
        &lt;span class="icon icon-open"&gt;&lt;svg width="1792" height="1792" viewBox="0 0 1792 1792" xmlns="http://www.w3.org/2000/svg"&gt;&lt;path d="M1408 960V832q0-26-19-45t-45-19h-320V448q0-26-19-45t-45-19H832q-26 0-45 19t-19 45v320H448q-26 0-45 19t-19 45v128q0 26 19 45t45 19h320v320q0 26 19 45t45 19h128q26 0 45-19t19-45v-320h320q26 0 45-19t19-45zm256-544v960q0 119-84.5 203.5T1376 1664H416q-119 0-203.5-84.5T128 1376V416q0-119 84.5-203.5T416 128h960q119 0 203.5 84.5T1664 416z"/&gt;&lt;/svg&gt;&lt;/span&gt;
    
    
                    &lt;span class="block trace-file-path"&gt;
            in
            &lt;a href=""&gt;
                C:\Users\eman\Documents\GitHub\car_dealer\vendor\doctrine\dbal\src\Driver\PDO\&lt;strong&gt;Exception.php&lt;/strong&gt;
            &lt;/a&gt;
                        (line 26)
            &lt;span class="icon icon-copy hidden" data-clipboard-text="C:\Users\eman\Documents\GitHub\car_dealer\vendor\doctrine\dbal\src\Driver\PDO\Exception.php:26"&gt;
                &lt;svg xmlns="http://www.w3.org/2000/svg" height="24" viewBox="0 0 24 24" width="24"&gt;&lt;path d="M0 0h24v24H0z" fill="none"/&gt;&lt;path d="M16 1H4c-1.1 0-2 .9-2 2v14h2V3h12V1zm3 4H8c-1.1 0-2 .9-2 2v14c0 1.1.9 2 2 2h11c1.1 0 2-.9 2-2V7c0-1.1-.9-2-2-2zm0 16H8V7h11v14z"/&gt;&lt;/svg&gt;            &lt;/span&gt;
        &lt;/span&gt;
    &lt;/div&gt;
    &lt;div id="trace-html-2-0" class="trace-code sf-toggle-content"&gt;
        &lt;ol start="21"&gt;&lt;li&gt;&lt;code&gt;&lt;span style="color: var(--highlight-keyword)"&gt;&amp;nbsp;&amp;nbsp;&amp;nbsp;&amp;nbsp;&amp;nbsp;&amp;nbsp;&amp;nbsp;&amp;nbsp;}&amp;nbsp;else&amp;nbsp;{&lt;/span&gt;&lt;/code&gt;&lt;/li&gt;
&lt;li&gt;&lt;code&gt;&lt;span style="color: var(--highlight-keyword)"&gt;&amp;nbsp;&amp;nbsp;&amp;nbsp;&amp;nbsp;&amp;nbsp;&amp;nbsp;&amp;nbsp;&amp;nbsp;&amp;nbsp;&amp;nbsp;&amp;nbsp;&amp;nbsp;&lt;/span&gt;&lt;span style="color: var(--highlight-default)"&gt;$code&amp;nbsp;&amp;nbsp;&amp;nbsp;&amp;nbsp;&amp;nbsp;&lt;/span&gt;&lt;span style="color: var(--highlight-keyword)"&gt;=&amp;nbsp;&lt;/span&gt;&lt;span style="color: var(--highlight-default)"&gt;$exception&lt;/span&gt;&lt;span style="color: var(--highlight-keyword)"&gt;-&amp;gt;&lt;/span&gt;&lt;span style="color: var(--highlight-default)"&gt;getCode&lt;/span&gt;&lt;span style="color: var(--highlight-keyword)"&gt;();&lt;/span&gt;&lt;/code&gt;&lt;/li&gt;
&lt;li&gt;&lt;code&gt;&lt;span style="color: var(--highlight-keyword)"&gt;&amp;nbsp;&amp;nbsp;&amp;nbsp;&amp;nbsp;&amp;nbsp;&amp;nbsp;&amp;nbsp;&amp;nbsp;&amp;nbsp;&amp;nbsp;&amp;nbsp;&amp;nbsp;&lt;/span&gt;&lt;span style="color: var(--highlight-default)"&gt;$sqlState&amp;nbsp;&lt;/span&gt;&lt;span style="color: var(--highlight-keyword)"&gt;=&amp;nbsp;&lt;/span&gt;&lt;span style="color: var(--highlight-default)"&gt;null&lt;/span&gt;&lt;span style="color: var(--highlight-keyword)"&gt;;&lt;/span&gt;&lt;/code&gt;&lt;/li&gt;
&lt;li&gt;&lt;code&gt;&lt;span style="color: var(--highlight-keyword)"&gt;&amp;nbsp;&amp;nbsp;&amp;nbsp;&amp;nbsp;&amp;nbsp;&amp;nbsp;&amp;nbsp;&amp;nbsp;}&lt;/span&gt;&lt;/code&gt;&lt;/li&gt;
&lt;li&gt;&lt;code&gt;&lt;span style="color: var(--highlight-keyword)"&gt;&lt;/span&gt;&lt;/code&gt;&lt;/li&gt;
&lt;li class="selected"&gt;&lt;code&gt;&lt;span style="color: var(--highlight-keyword)"&gt;&amp;nbsp;&amp;nbsp;&amp;nbsp;&amp;nbsp;&amp;nbsp;&amp;nbsp;&amp;nbsp;&amp;nbsp;return&amp;nbsp;new&amp;nbsp;&lt;/span&gt;&lt;span style="color: var(--highlight-default)"&gt;self&lt;/span&gt;&lt;span style="color: var(--highlight-keyword)"&gt;(&lt;/span&gt;&lt;span style="color: var(--highlight-default)"&gt;$exception&lt;/span&gt;&lt;span style="color: var(--highlight-keyword)"&gt;-&amp;gt;&lt;/span&gt;&lt;span style="color: var(--highlight-default)"&gt;getMessage&lt;/span&gt;&lt;span style="color: var(--highlight-keyword)"&gt;(),&amp;nbsp;&lt;/span&gt;&lt;span style="color: var(--highlight-default)"&gt;$sqlState&lt;/span&gt;&lt;span style="color: var(--highlight-keyword)"&gt;,&amp;nbsp;&lt;/span&gt;&lt;span style="color: var(--highlight-default)"&gt;$code&lt;/span&gt;&lt;span style="color: var(--highlight-keyword)"&gt;,&amp;nbsp;&lt;/span&gt;&lt;span style="color: var(--highlight-default)"&gt;$exception&lt;/span&gt;&lt;span style="color: var(--highlight-keyword)"&gt;);&lt;/span&gt;&lt;/code&gt;&lt;/li&gt;
&lt;li&gt;&lt;code&gt;&lt;span style="color: var(--highlight-keyword)"&gt;&amp;nbsp;&amp;nbsp;&amp;nbsp;&amp;nbsp;}&lt;/span&gt;&lt;/code&gt;&lt;/li&gt;
&lt;li&gt;&lt;code&gt;&lt;span style="color: var(--highlight-keyword)"&gt;}&lt;/span&gt;&lt;/code&gt;&lt;/li&gt;
&lt;li&gt;&lt;code&gt;&lt;span style="color: var(--highlight-keyword)"&gt;&lt;/span&gt;&lt;/code&gt;&lt;/li&gt;&lt;/ol&gt;    &lt;/div&gt;            &lt;/div&gt;
                        &lt;div class="trace-line "&gt;
                &lt;div class="trace-line-header break-long-words sf-toggle" data-toggle-selector="#trace-html-2-1" data-toggle-initial=""&gt;
            &lt;span class="icon icon-close"&gt;&lt;svg width="1792" height="1792" viewBox="0 0 1792 1792" xmlns="http://www.w3.org/2000/svg"&gt;&lt;path d="M1408 960V832q0-26-19-45t-45-19H448q-26 0-45 19t-19 45v128q0 26 19 45t45 19h896q26 0 45-19t19-45zm256-544v960q0 119-84.5 203.5T1376 1664H416q-119 0-203.5-84.5T128 1376V416q0-119 84.5-203.5T416 128h960q119 0 203.5 84.5T1664 416z"/&gt;&lt;/svg&gt;&lt;/span&gt;
        &lt;span class="icon icon-open"&gt;&lt;svg width="1792" height="1792" viewBox="0 0 1792 1792" xmlns="http://www.w3.org/2000/svg"&gt;&lt;path d="M1408 960V832q0-26-19-45t-45-19h-320V448q0-26-19-45t-45-19H832q-26 0-45 19t-19 45v320H448q-26 0-45 19t-19 45v128q0 26 19 45t45 19h320v320q0 26 19 45t45 19h128q26 0 45-19t19-45v-320h320q26 0 45-19t19-45zm256-544v960q0 119-84.5 203.5T1376 1664H416q-119 0-203.5-84.5T128 1376V416q0-119 84.5-203.5T416 128h960q119 0 203.5 84.5T1664 416z"/&gt;&lt;/svg&gt;&lt;/span&gt;
    
            &lt;span class="trace-class"&gt;&lt;abbr title="Doctrine\DBAL\Driver\PDO\Exception"&gt;Exception&lt;/abbr&gt;&lt;/span&gt;&lt;span class="trace-type"&gt;::&lt;/span&gt;&lt;span class="trace-method"&gt;new&lt;/span&gt;&lt;span class="trace-arguments"&gt;()&lt;/span&gt;    
                    &lt;span class="block trace-file-path"&gt;
            in
            &lt;a href=""&gt;
                C:\Users\eman\Documents\GitHub\car_dealer\vendor\doctrine\dbal\src\Driver\PDO\MySQL\&lt;strong&gt;Driver.php&lt;/strong&gt;
            &lt;/a&gt;
                        (line 34)
            &lt;span class="icon icon-copy hidden" data-clipboard-text="C:\Users\eman\Documents\GitHub\car_dealer\vendor\doctrine\dbal\src\Driver\PDO\MySQL\Driver.php:34"&gt;
                &lt;svg xmlns="http://www.w3.org/2000/svg" height="24" viewBox="0 0 24 24" width="24"&gt;&lt;path d="M0 0h24v24H0z" fill="none"/&gt;&lt;path d="M16 1H4c-1.1 0-2 .9-2 2v14h2V3h12V1zm3 4H8c-1.1 0-2 .9-2 2v14c0 1.1.9 2 2 2h11c1.1 0 2-.9 2-2V7c0-1.1-.9-2-2-2zm0 16H8V7h11v14z"/&gt;&lt;/svg&gt;            &lt;/span&gt;
        &lt;/span&gt;
    &lt;/div&gt;
    &lt;div id="trace-html-2-1" class="trace-code sf-toggle-content"&gt;
        &lt;ol start="29"&gt;&lt;li&gt;&lt;code&gt;&lt;span style="color: var(--highlight-keyword)"&gt;&amp;nbsp;&amp;nbsp;&amp;nbsp;&amp;nbsp;&amp;nbsp;&amp;nbsp;&amp;nbsp;&amp;nbsp;&amp;nbsp;&amp;nbsp;&amp;nbsp;&amp;nbsp;&amp;nbsp;&amp;nbsp;&amp;nbsp;&amp;nbsp;&lt;/span&gt;&lt;span style="color: var(--highlight-default)"&gt;$params&lt;/span&gt;&lt;span style="color: var(--highlight-keyword)"&gt;[&lt;/span&gt;&lt;span style="color: var(--highlight-string)"&gt;'user'&lt;/span&gt;&lt;span style="color: var(--highlight-keyword)"&gt;]&amp;nbsp;??&amp;nbsp;&lt;/span&gt;&lt;span style="color: var(--highlight-string)"&gt;''&lt;/span&gt;&lt;span style="color: var(--highlight-keyword)"&gt;,&lt;/span&gt;&lt;/code&gt;&lt;/li&gt;
&lt;li&gt;&lt;code&gt;&lt;span style="color: var(--highlight-keyword)"&gt;&amp;nbsp;&amp;nbsp;&amp;nbsp;&amp;nbsp;&amp;nbsp;&amp;nbsp;&amp;nbsp;&amp;nbsp;&amp;nbsp;&amp;nbsp;&amp;nbsp;&amp;nbsp;&amp;nbsp;&amp;nbsp;&amp;nbsp;&amp;nbsp;&lt;/span&gt;&lt;span style="color: var(--highlight-default)"&gt;$params&lt;/span&gt;&lt;span style="color: var(--highlight-keyword)"&gt;[&lt;/span&gt;&lt;span style="color: var(--highlight-string)"&gt;'password'&lt;/span&gt;&lt;span style="color: var(--highlight-keyword)"&gt;]&amp;nbsp;??&amp;nbsp;&lt;/span&gt;&lt;span style="color: var(--highlight-string)"&gt;''&lt;/span&gt;&lt;span style="color: var(--highlight-keyword)"&gt;,&lt;/span&gt;&lt;/code&gt;&lt;/li&gt;
&lt;li&gt;&lt;code&gt;&lt;span style="color: var(--highlight-keyword)"&gt;&amp;nbsp;&amp;nbsp;&amp;nbsp;&amp;nbsp;&amp;nbsp;&amp;nbsp;&amp;nbsp;&amp;nbsp;&amp;nbsp;&amp;nbsp;&amp;nbsp;&amp;nbsp;&amp;nbsp;&amp;nbsp;&amp;nbsp;&amp;nbsp;&lt;/span&gt;&lt;span style="color: var(--highlight-default)"&gt;$driverOptions&lt;/span&gt;&lt;/code&gt;&lt;/li&gt;
&lt;li&gt;&lt;code&gt;&lt;span style="color: var(--highlight-default)"&gt;&amp;nbsp;&amp;nbsp;&amp;nbsp;&amp;nbsp;&amp;nbsp;&amp;nbsp;&amp;nbsp;&amp;nbsp;&amp;nbsp;&amp;nbsp;&amp;nbsp;&amp;nbsp;&lt;/span&gt;&lt;span style="color: var(--highlight-keyword)"&gt;);&lt;/span&gt;&lt;/code&gt;&lt;/li&gt;
&lt;li&gt;&lt;code&gt;&lt;span style="color: var(--highlight-keyword)"&gt;&amp;nbsp;&amp;nbsp;&amp;nbsp;&amp;nbsp;&amp;nbsp;&amp;nbsp;&amp;nbsp;&amp;nbsp;}&amp;nbsp;catch&amp;nbsp;(&lt;/span&gt;&lt;span style="color: var(--highlight-default)"&gt;PDOException&amp;nbsp;$exception&lt;/span&gt;&lt;span style="color: var(--highlight-keyword)"&gt;)&amp;nbsp;{&lt;/span&gt;&lt;/code&gt;&lt;/li&gt;
&lt;li class="selected"&gt;&lt;code&gt;&lt;span style="color: var(--highlight-keyword)"&gt;&amp;nbsp;&amp;nbsp;&amp;nbsp;&amp;nbsp;&amp;nbsp;&amp;nbsp;&amp;nbsp;&amp;nbsp;&amp;nbsp;&amp;nbsp;&amp;nbsp;&amp;nbsp;throw&amp;nbsp;&lt;/span&gt;&lt;span style="color: var(--highlight-default)"&gt;Exception&lt;/span&gt;&lt;span style="color: var(--highlight-keyword)"&gt;::new(&lt;/span&gt;&lt;span style="color: var(--highlight-default)"&gt;$exception&lt;/span&gt;&lt;span style="color: var(--highlight-keyword)"&gt;);&lt;/span&gt;&lt;/code&gt;&lt;/li&gt;
&lt;li&gt;&lt;code&gt;&lt;span style="color: var(--highlight-keyword)"&gt;&amp;nbsp;&amp;nbsp;&amp;nbsp;&amp;nbsp;&amp;nbsp;&amp;nbsp;&amp;nbsp;&amp;nbsp;}&lt;/span&gt;&lt;/code&gt;&lt;/li&gt;
&lt;li&gt;&lt;code&gt;&lt;span style="color: var(--highlight-keyword)"&gt;&lt;/span&gt;&lt;/code&gt;&lt;/li&gt;
&lt;li&gt;&lt;code&gt;&lt;span style="color: var(--highlight-keyword)"&gt;&amp;nbsp;&amp;nbsp;&amp;nbsp;&amp;nbsp;&amp;nbsp;&amp;nbsp;&amp;nbsp;&amp;nbsp;return&amp;nbsp;new&amp;nbsp;&lt;/span&gt;&lt;span style="color: var(--highlight-default)"&gt;Connection&lt;/span&gt;&lt;span style="color: var(--highlight-keyword)"&gt;(&lt;/span&gt;&lt;span style="color: var(--highlight-default)"&gt;$pdo&lt;/span&gt;&lt;span style="color: var(--highlight-keyword)"&gt;);&lt;/span&gt;&lt;/code&gt;&lt;/li&gt;
&lt;li&gt;&lt;code&gt;&lt;span style="color: var(--highlight-keyword)"&gt;&amp;nbsp;&amp;nbsp;&amp;nbsp;&amp;nbsp;}&lt;/span&gt;&lt;/code&gt;&lt;/li&gt;
&lt;li&gt;&lt;code&gt;&lt;span style="color: var(--highlight-keyword)"&gt;&lt;/span&gt;&lt;/code&gt;&lt;/li&gt;&lt;/ol&gt;    &lt;/div&gt;            &lt;/div&gt;
                        &lt;div class="trace-line "&gt;
                &lt;div class="trace-line-header break-long-words sf-toggle" data-toggle-selector="#trace-html-2-2" data-toggle-initial=""&gt;
            &lt;span class="icon icon-close"&gt;&lt;svg width="1792" height="1792" viewBox="0 0 1792 1792" xmlns="http://www.w3.org/2000/svg"&gt;&lt;path d="M1408 960V832q0-26-19-45t-45-19H448q-26 0-45 19t-19 45v128q0 26 19 45t45 19h896q26 0 45-19t19-45zm256-544v960q0 119-84.5 203.5T1376 1664H416q-119 0-203.5-84.5T128 1376V416q0-119 84.5-203.5T416 128h960q119 0 203.5 84.5T1664 416z"/&gt;&lt;/svg&gt;&lt;/span&gt;
        &lt;span class="icon icon-open"&gt;&lt;svg width="1792" height="1792" viewBox="0 0 1792 1792" xmlns="http://www.w3.org/2000/svg"&gt;&lt;path d="M1408 960V832q0-26-19-45t-45-19h-320V448q0-26-19-45t-45-19H832q-26 0-45 19t-19 45v320H448q-26 0-45 19t-19 45v128q0 26 19 45t45 19h320v320q0 26 19 45t45 19h128q26 0 45-19t19-45v-320h320q26 0 45-19t19-45zm256-544v960q0 119-84.5 203.5T1376 1664H416q-119 0-203.5-84.5T128 1376V416q0-119 84.5-203.5T416 128h960q119 0 203.5 84.5T1664 416z"/&gt;&lt;/svg&gt;&lt;/span&gt;
    
            &lt;span class="trace-class"&gt;&lt;abbr title="Doctrine\DBAL\Driver\PDO\MySQL\Driver"&gt;Driver&lt;/abbr&gt;&lt;/span&gt;&lt;span class="trace-type"&gt;-&gt;&lt;/span&gt;&lt;span class="trace-method"&gt;connect&lt;/span&gt;&lt;span class="trace-arguments"&gt;()&lt;/span&gt;    
                    &lt;span class="block trace-file-path"&gt;
            in
            &lt;a href=""&gt;
                C:\Users\eman\Documents\GitHub\car_dealer\vendor\doctrine\dbal\src\&lt;strong&gt;Connection.php&lt;/strong&gt;
            &lt;/a&gt;
                        (line 325)
            &lt;span class="icon icon-copy hidden" data-clipboard-text="C:\Users\eman\Documents\GitHub\car_dealer\vendor\doctrine\dbal\src\Connection.php:325"&gt;
                &lt;svg xmlns="http://www.w3.org/2000/svg" height="24" viewBox="0 0 24 24" width="24"&gt;&lt;path d="M0 0h24v24H0z" fill="none"/&gt;&lt;path d="M16 1H4c-1.1 0-2 .9-2 2v14h2V3h12V1zm3 4H8c-1.1 0-2 .9-2 2v14c0 1.1.9 2 2 2h11c1.1 0 2-.9 2-2V7c0-1.1-.9-2-2-2zm0 16H8V7h11v14z"/&gt;&lt;/svg&gt;            &lt;/span&gt;
        &lt;/span&gt;
    &lt;/div&gt;
    &lt;div id="trace-html-2-2" class="trace-code sf-toggle-content"&gt;
        &lt;ol start="320"&gt;&lt;li&gt;&lt;code&gt;&lt;span style="color: var(--highlight-keyword)"&gt;&amp;nbsp;&amp;nbsp;&amp;nbsp;&amp;nbsp;&amp;nbsp;&amp;nbsp;&amp;nbsp;&amp;nbsp;if&amp;nbsp;(&lt;/span&gt;&lt;span style="color: var(--highlight-default)"&gt;$this&lt;/span&gt;&lt;span style="color: var(--highlight-keyword)"&gt;-&amp;gt;&lt;/span&gt;&lt;span style="color: var(--highlight-default)"&gt;_conn&amp;nbsp;&lt;/span&gt;&lt;span style="color: var(--highlight-keyword)"&gt;!==&amp;nbsp;&lt;/span&gt;&lt;span style="color: var(--highlight-default)"&gt;null&lt;/span&gt;&lt;span style="color: var(--highlight-keyword)"&gt;)&amp;nbsp;{&lt;/span&gt;&lt;/code&gt;&lt;/li&gt;
&lt;li&gt;&lt;code&gt;&lt;span style="color: var(--highlight-keyword)"&gt;&amp;nbsp;&amp;nbsp;&amp;nbsp;&amp;nbsp;&amp;nbsp;&amp;nbsp;&amp;nbsp;&amp;nbsp;&amp;nbsp;&amp;nbsp;&amp;nbsp;&amp;nbsp;return&amp;nbsp;&lt;/span&gt;&lt;span style="color: var(--highlight-default)"&gt;false&lt;/span&gt;&lt;span style="color: var(--highlight-keyword)"&gt;;&lt;/span&gt;&lt;/code&gt;&lt;/li&gt;
&lt;li&gt;&lt;code&gt;&lt;span style="color: var(--highlight-keyword)"&gt;&amp;nbsp;&amp;nbsp;&amp;nbsp;&amp;nbsp;&amp;nbsp;&amp;nbsp;&amp;nbsp;&amp;nbsp;}&lt;/span&gt;&lt;/code&gt;&lt;/li&gt;
&lt;li&gt;&lt;code&gt;&lt;span style="color: var(--highlight-keyword)"&gt;&lt;/span&gt;&lt;/code&gt;&lt;/li&gt;
&lt;li&gt;&lt;code&gt;&lt;span style="color: var(--highlight-keyword)"&gt;&amp;nbsp;&amp;nbsp;&amp;nbsp;&amp;nbsp;&amp;nbsp;&amp;nbsp;&amp;nbsp;&amp;nbsp;try&amp;nbsp;{&lt;/span&gt;&lt;/code&gt;&lt;/li&gt;
&lt;li class="selected"&gt;&lt;code&gt;&lt;span style="color: var(--highlight-keyword)"&gt;&amp;nbsp;&amp;nbsp;&amp;nbsp;&amp;nbsp;&amp;nbsp;&amp;nbsp;&amp;nbsp;&amp;nbsp;&amp;nbsp;&amp;nbsp;&amp;nbsp;&amp;nbsp;&lt;/span&gt;&lt;span style="color: var(--highlight-default)"&gt;$this&lt;/span&gt;&lt;span style="color: var(--highlight-keyword)"&gt;-&amp;gt;&lt;/span&gt;&lt;span style="color: var(--highlight-default)"&gt;_conn&amp;nbsp;&lt;/span&gt;&lt;span style="color: var(--highlight-keyword)"&gt;=&amp;nbsp;&lt;/span&gt;&lt;span style="color: var(--highlight-default)"&gt;$this&lt;/span&gt;&lt;span style="color: var(--highlight-keyword)"&gt;-&amp;gt;&lt;/span&gt;&lt;span style="color: var(--highlight-default)"&gt;_driver&lt;/span&gt;&lt;span style="color: var(--highlight-keyword)"&gt;-&amp;gt;&lt;/span&gt;&lt;span style="color: var(--highlight-default)"&gt;connect&lt;/span&gt;&lt;span style="color: var(--highlight-keyword)"&gt;(&lt;/span&gt;&lt;span style="color: var(--highlight-default)"&gt;$this&lt;/span&gt;&lt;span style="color: var(--highlight-keyword)"&gt;-&amp;gt;&lt;/span&gt;&lt;span style="color: var(--highlight-default)"&gt;params&lt;/span&gt;&lt;span style="color: var(--highlight-keyword)"&gt;);&lt;/span&gt;&lt;/code&gt;&lt;/li&gt;
&lt;li&gt;&lt;code&gt;&lt;span style="color: var(--highlight-keyword)"&gt;&amp;nbsp;&amp;nbsp;&amp;nbsp;&amp;nbsp;&amp;nbsp;&amp;nbsp;&amp;nbsp;&amp;nbsp;}&amp;nbsp;catch&amp;nbsp;(&lt;/span&gt;&lt;span style="color: var(--highlight-default)"&gt;Driver\Exception&amp;nbsp;$e&lt;/span&gt;&lt;span style="color: var(--highlight-keyword)"&gt;)&amp;nbsp;{&lt;/span&gt;&lt;/code&gt;&lt;/li&gt;
&lt;li&gt;&lt;code&gt;&lt;span style="color: var(--highlight-keyword)"&gt;&amp;nbsp;&amp;nbsp;&amp;nbsp;&amp;nbsp;&amp;nbsp;&amp;nbsp;&amp;nbsp;&amp;nbsp;&amp;nbsp;&amp;nbsp;&amp;nbsp;&amp;nbsp;throw&amp;nbsp;&lt;/span&gt;&lt;span style="color: var(--highlight-default)"&gt;$this&lt;/span&gt;&lt;span style="color: var(--highlight-keyword)"&gt;-&amp;gt;&lt;/span&gt;&lt;span style="color: var(--highlight-default)"&gt;convertException&lt;/span&gt;&lt;span style="color: var(--highlight-keyword)"&gt;(&lt;/span&gt;&lt;span style="color: var(--highlight-default)"&gt;$e&lt;/span&gt;&lt;span style="color: var(--highlight-keyword)"&gt;);&lt;/span&gt;&lt;/code&gt;&lt;/li&gt;
&lt;li&gt;&lt;code&gt;&lt;span style="color: var(--highlight-keyword)"&gt;&amp;nbsp;&amp;nbsp;&amp;nbsp;&amp;nbsp;&amp;nbsp;&amp;nbsp;&amp;nbsp;&amp;nbsp;}&lt;/span&gt;&lt;/code&gt;&lt;/li&gt;
&lt;li&gt;&lt;code&gt;&lt;span style="color: var(--highlight-keyword)"&gt;&lt;/span&gt;&lt;/code&gt;&lt;/li&gt;
&lt;li&gt;&lt;code&gt;&lt;span style="color: var(--highlight-keyword)"&gt;&amp;nbsp;&amp;nbsp;&amp;nbsp;&amp;nbsp;&amp;nbsp;&amp;nbsp;&amp;nbsp;&amp;nbsp;if&amp;nbsp;(&lt;/span&gt;&lt;span style="color: var(--highlight-default)"&gt;$this&lt;/span&gt;&lt;span style="color: var(--highlight-keyword)"&gt;-&amp;gt;&lt;/span&gt;&lt;span style="color: var(--highlight-default)"&gt;autoCommit&amp;nbsp;&lt;/span&gt;&lt;span style="color: var(--highlight-keyword)"&gt;===&amp;nbsp;&lt;/span&gt;&lt;span style="color: var(--highlight-default)"&gt;false&lt;/span&gt;&lt;span style="color: var(--highlight-keyword)"&gt;)&amp;nbsp;{&lt;/span&gt;&lt;/code&gt;&lt;/li&gt;&lt;/ol&gt;    &lt;/div&gt;            &lt;/div&gt;
                        &lt;div class="trace-line "&gt;
                &lt;div class="trace-line-header break-long-words sf-toggle" data-toggle-selector="#trace-html-2-3" data-toggle-initial=""&gt;
            &lt;span class="icon icon-close"&gt;&lt;svg width="1792" height="1792" viewBox="0 0 1792 1792" xmlns="http://www.w3.org/2000/svg"&gt;&lt;path d="M1408 960V832q0-26-19-45t-45-19H448q-26 0-45 19t-19 45v128q0 26 19 45t45 19h896q26 0 45-19t19-45zm256-544v960q0 119-84.5 203.5T1376 1664H416q-119 0-203.5-84.5T128 1376V416q0-119 84.5-203.5T416 128h960q119 0 203.5 84.5T1664 416z"/&gt;&lt;/svg&gt;&lt;/span&gt;
        &lt;span class="icon icon-open"&gt;&lt;svg width="1792" height="1792" viewBox="0 0 1792 1792" xmlns="http://www.w3.org/2000/svg"&gt;&lt;path d="M1408 960V832q0-26-19-45t-45-19h-320V448q0-26-19-45t-45-19H832q-26 0-45 19t-19 45v320H448q-26 0-45 19t-19 45v128q0 26 19 45t45 19h320v320q0 26 19 45t45 19h128q26 0 45-19t19-45v-320h320q26 0 45-19t19-45zm256-544v960q0 119-84.5 203.5T1376 1664H416q-119 0-203.5-84.5T128 1376V416q0-119 84.5-203.5T416 128h960q119 0 203.5 84.5T1664 416z"/&gt;&lt;/svg&gt;&lt;/span&gt;
    
            &lt;span class="trace-class"&gt;&lt;abbr title="Doctrine\DBAL\Connection"&gt;Connection&lt;/abbr&gt;&lt;/span&gt;&lt;span class="trace-type"&gt;-&gt;&lt;/span&gt;&lt;span class="trace-method"&gt;connect&lt;/span&gt;&lt;span class="trace-arguments"&gt;()&lt;/span&gt;    
                    &lt;span class="block trace-file-path"&gt;
            in
            &lt;a href=""&gt;
                C:\Users\eman\Documents\GitHub\car_dealer\vendor\doctrine\dbal\src\&lt;strong&gt;Connection.php&lt;/strong&gt;
            &lt;/a&gt;
                        (line 1507)
            &lt;span class="icon icon-copy hidden" data-clipboard-text="C:\Users\eman\Documents\GitHub\car_dealer\vendor\doctrine\dbal\src\Connection.php:1507"&gt;
                &lt;svg xmlns="http://www.w3.org/2000/svg" height="24" viewBox="0 0 24 24" width="24"&gt;&lt;path d="M0 0h24v24H0z" fill="none"/&gt;&lt;path d="M16 1H4c-1.1 0-2 .9-2 2v14h2V3h12V1zm3 4H8c-1.1 0-2 .9-2 2v14c0 1.1.9 2 2 2h11c1.1 0 2-.9 2-2V7c0-1.1-.9-2-2-2zm0 16H8V7h11v14z"/&gt;&lt;/svg&gt;            &lt;/span&gt;
        &lt;/span&gt;
    &lt;/div&gt;
    &lt;div id="trace-html-2-3" class="trace-code sf-toggle-content"&gt;
        &lt;ol start="1502"&gt;&lt;li&gt;&lt;code&gt;&lt;span style="color: var(--highlight-comment)"&gt;&amp;nbsp;&amp;nbsp;&amp;nbsp;&amp;nbsp;&amp;nbsp;*&lt;/span&gt;&lt;/code&gt;&lt;/li&gt;
&lt;li&gt;&lt;code&gt;&lt;span style="color: var(--highlight-comment)"&gt;&amp;nbsp;&amp;nbsp;&amp;nbsp;&amp;nbsp;&amp;nbsp;*&amp;nbsp;@throws&amp;nbsp;Exception&lt;/span&gt;&lt;/code&gt;&lt;/li&gt;
&lt;li&gt;&lt;code&gt;&lt;span style="color: var(--highlight-comment)"&gt;&amp;nbsp;&amp;nbsp;&amp;nbsp;&amp;nbsp;&amp;nbsp;*/&lt;/span&gt;&lt;/code&gt;&lt;/li&gt;
&lt;li&gt;&lt;code&gt;&lt;span style="color: var(--highlight-comment)"&gt;&amp;nbsp;&amp;nbsp;&amp;nbsp;&amp;nbsp;&lt;/span&gt;&lt;span style="color: var(--highlight-keyword)"&gt;public&amp;nbsp;function&amp;nbsp;&lt;/span&gt;&lt;span style="color: var(--highlight-default)"&gt;getWrappedConnection&lt;/span&gt;&lt;span style="color: var(--highlight-keyword)"&gt;()&lt;/span&gt;&lt;/code&gt;&lt;/li&gt;
&lt;li&gt;&lt;code&gt;&lt;span style="color: var(--highlight-keyword)"&gt;&amp;nbsp;&amp;nbsp;&amp;nbsp;&amp;nbsp;{&lt;/span&gt;&lt;/code&gt;&lt;/li&gt;
&lt;li class="selected"&gt;&lt;code&gt;&lt;span style="color: var(--highlight-keyword)"&gt;&amp;nbsp;&amp;nbsp;&amp;nbsp;&amp;nbsp;&amp;nbsp;&amp;nbsp;&amp;nbsp;&amp;nbsp;&lt;/span&gt;&lt;span style="color: var(--highlight-default)"&gt;$this&lt;/span&gt;&lt;span style="color: var(--highlight-keyword)"&gt;-&amp;gt;&lt;/span&gt;&lt;span style="color: var(--highlight-default)"&gt;connect&lt;/span&gt;&lt;span style="color: var(--highlight-keyword)"&gt;();&lt;/span&gt;&lt;/code&gt;&lt;/li&gt;
&lt;li&gt;&lt;code&gt;&lt;span style="color: var(--highlight-keyword)"&gt;&lt;/span&gt;&lt;/code&gt;&lt;/li&gt;
&lt;li&gt;&lt;code&gt;&lt;span style="color: var(--highlight-keyword)"&gt;&amp;nbsp;&amp;nbsp;&amp;nbsp;&amp;nbsp;&amp;nbsp;&amp;nbsp;&amp;nbsp;&amp;nbsp;&lt;/span&gt;&lt;span style="color: var(--highlight-default)"&gt;assert&lt;/span&gt;&lt;span style="color: var(--highlight-keyword)"&gt;(&lt;/span&gt;&lt;span style="color: var(--highlight-default)"&gt;$this&lt;/span&gt;&lt;span style="color: var(--highlight-keyword)"&gt;-&amp;gt;&lt;/span&gt;&lt;span style="color: var(--highlight-default)"&gt;_conn&amp;nbsp;&lt;/span&gt;&lt;span style="color: var(--highlight-keyword)"&gt;!==&amp;nbsp;&lt;/span&gt;&lt;span style="color: var(--highlight-default)"&gt;null&lt;/span&gt;&lt;span style="color: var(--highlight-keyword)"&gt;);&lt;/span&gt;&lt;/code&gt;&lt;/li&gt;
&lt;li&gt;&lt;code&gt;&lt;span style="color: var(--highlight-keyword)"&gt;&lt;/span&gt;&lt;/code&gt;&lt;/li&gt;
&lt;li&gt;&lt;code&gt;&lt;span style="color: var(--highlight-keyword)"&gt;&amp;nbsp;&amp;nbsp;&amp;nbsp;&amp;nbsp;&amp;nbsp;&amp;nbsp;&amp;nbsp;&amp;nbsp;return&amp;nbsp;&lt;/span&gt;&lt;span style="color: var(--highlight-default)"&gt;$this&lt;/span&gt;&lt;span style="color: var(--highlight-keyword)"&gt;-&amp;gt;&lt;/span&gt;&lt;span style="color: var(--highlight-default)"&gt;_conn&lt;/span&gt;&lt;span style="color: var(--highlight-keyword)"&gt;;&lt;/span&gt;&lt;/code&gt;&lt;/li&gt;
&lt;li&gt;&lt;code&gt;&lt;span style="color: var(--highlight-keyword)"&gt;&amp;nbsp;&amp;nbsp;&amp;nbsp;&amp;nbsp;}&lt;/span&gt;&lt;/code&gt;&lt;/li&gt;&lt;/ol&gt;    &lt;/div&gt;            &lt;/div&gt;
                        &lt;div class="trace-line "&gt;
                &lt;div class="trace-line-header break-long-words sf-toggle" data-toggle-selector="#trace-html-2-4" data-toggle-initial=""&gt;
            &lt;span class="icon icon-close"&gt;&lt;svg width="1792" height="1792" viewBox="0 0 1792 1792" xmlns="http://www.w3.org/2000/svg"&gt;&lt;path d="M1408 960V832q0-26-19-45t-45-19H448q-26 0-45 19t-19 45v128q0 26 19 45t45 19h896q26 0 45-19t19-45zm256-544v960q0 119-84.5 203.5T1376 1664H416q-119 0-203.5-84.5T128 1376V416q0-119 84.5-203.5T416 128h960q119 0 203.5 84.5T1664 416z"/&gt;&lt;/svg&gt;&lt;/span&gt;
        &lt;span class="icon icon-open"&gt;&lt;svg width="1792" height="1792" viewBox="0 0 1792 1792" xmlns="http://www.w3.org/2000/svg"&gt;&lt;path d="M1408 960V832q0-26-19-45t-45-19h-320V448q0-26-19-45t-45-19H832q-26 0-45 19t-19 45v320H448q-26 0-45 19t-19 45v128q0 26 19 45t45 19h320v320q0 26 19 45t45 19h128q26 0 45-19t19-45v-320h320q26 0 45-19t19-45zm256-544v960q0 119-84.5 203.5T1376 1664H416q-119 0-203.5-84.5T128 1376V416q0-119 84.5-203.5T416 128h960q119 0 203.5 84.5T1664 416z"/&gt;&lt;/svg&gt;&lt;/span&gt;
    
            &lt;span class="trace-class"&gt;&lt;abbr title="Doctrine\DBAL\Connection"&gt;Connection&lt;/abbr&gt;&lt;/span&gt;&lt;span class="trace-type"&gt;-&gt;&lt;/span&gt;&lt;span class="trace-method"&gt;getWrappedConnection&lt;/span&gt;&lt;span class="trace-arguments"&gt;()&lt;/span&gt;    
                    &lt;span class="block trace-file-path"&gt;
            in
            &lt;a href=""&gt;
                C:\Users\eman\Documents\GitHub\car_dealer\vendor\doctrine\dbal\src\&lt;strong&gt;Connection.php&lt;/strong&gt;
            &lt;/a&gt;
                        (line 1013)
            &lt;span class="icon icon-copy hidden" data-clipboard-text="C:\Users\eman\Documents\GitHub\car_dealer\vendor\doctrine\dbal\src\Connection.php:1013"&gt;
                &lt;svg xmlns="http://www.w3.org/2000/svg" height="24" viewBox="0 0 24 24" width="24"&gt;&lt;path d="M0 0h24v24H0z" fill="none"/&gt;&lt;path d="M16 1H4c-1.1 0-2 .9-2 2v14h2V3h12V1zm3 4H8c-1.1 0-2 .9-2 2v14c0 1.1.9 2 2 2h11c1.1 0 2-.9 2-2V7c0-1.1-.9-2-2-2zm0 16H8V7h11v14z"/&gt;&lt;/svg&gt;            &lt;/span&gt;
        &lt;/span&gt;
    &lt;/div&gt;
    &lt;div id="trace-html-2-4" class="trace-code sf-toggle-content"&gt;
        &lt;ol start="1008"&gt;&lt;li&gt;&lt;code&gt;&lt;span style="color: var(--highlight-default)"&gt;&amp;nbsp;&amp;nbsp;&amp;nbsp;&amp;nbsp;&lt;/span&gt;&lt;span style="color: var(--highlight-keyword)"&gt;):&amp;nbsp;&lt;/span&gt;&lt;span style="color: var(--highlight-default)"&gt;Result&amp;nbsp;&lt;/span&gt;&lt;span style="color: var(--highlight-keyword)"&gt;{&lt;/span&gt;&lt;/code&gt;&lt;/li&gt;
&lt;li&gt;&lt;code&gt;&lt;span style="color: var(--highlight-keyword)"&gt;&amp;nbsp;&amp;nbsp;&amp;nbsp;&amp;nbsp;&amp;nbsp;&amp;nbsp;&amp;nbsp;&amp;nbsp;if&amp;nbsp;(&lt;/span&gt;&lt;span style="color: var(--highlight-default)"&gt;$qcp&amp;nbsp;&lt;/span&gt;&lt;span style="color: var(--highlight-keyword)"&gt;!==&amp;nbsp;&lt;/span&gt;&lt;span style="color: var(--highlight-default)"&gt;null&lt;/span&gt;&lt;span style="color: var(--highlight-keyword)"&gt;)&amp;nbsp;{&lt;/span&gt;&lt;/code&gt;&lt;/li&gt;
&lt;li&gt;&lt;code&gt;&lt;span style="color: var(--highlight-keyword)"&gt;&amp;nbsp;&amp;nbsp;&amp;nbsp;&amp;nbsp;&amp;nbsp;&amp;nbsp;&amp;nbsp;&amp;nbsp;&amp;nbsp;&amp;nbsp;&amp;nbsp;&amp;nbsp;return&amp;nbsp;&lt;/span&gt;&lt;span style="color: var(--highlight-default)"&gt;$this&lt;/span&gt;&lt;span style="color: var(--highlight-keyword)"&gt;-&amp;gt;&lt;/span&gt;&lt;span style="color: var(--highlight-default)"&gt;executeCacheQuery&lt;/span&gt;&lt;span style="color: var(--highlight-keyword)"&gt;(&lt;/span&gt;&lt;span style="color: var(--highlight-default)"&gt;$sql&lt;/span&gt;&lt;span style="color: var(--highlight-keyword)"&gt;,&amp;nbsp;&lt;/span&gt;&lt;span style="color: var(--highlight-default)"&gt;$params&lt;/span&gt;&lt;span style="color: var(--highlight-keyword)"&gt;,&amp;nbsp;&lt;/span&gt;&lt;span style="color: var(--highlight-default)"&gt;$types&lt;/span&gt;&lt;span style="color: var(--highlight-keyword)"&gt;,&amp;nbsp;&lt;/span&gt;&lt;span style="color: var(--highlight-default)"&gt;$qcp&lt;/span&gt;&lt;span style="color: var(--highlight-keyword)"&gt;);&lt;/span&gt;&lt;/code&gt;&lt;/li&gt;
&lt;li&gt;&lt;code&gt;&lt;span style="color: var(--highlight-keyword)"&gt;&amp;nbsp;&amp;nbsp;&amp;nbsp;&amp;nbsp;&amp;nbsp;&amp;nbsp;&amp;nbsp;&amp;nbsp;}&lt;/span&gt;&lt;/code&gt;&lt;/li&gt;
&lt;li&gt;&lt;code&gt;&lt;span style="color: var(--highlight-keyword)"&gt;&lt;/span&gt;&lt;/code&gt;&lt;/li&gt;
&lt;li class="selected"&gt;&lt;code&gt;&lt;span style="color: var(--highlight-keyword)"&gt;&amp;nbsp;&amp;nbsp;&amp;nbsp;&amp;nbsp;&amp;nbsp;&amp;nbsp;&amp;nbsp;&amp;nbsp;&lt;/span&gt;&lt;span style="color: var(--highlight-default)"&gt;$connection&amp;nbsp;&lt;/span&gt;&lt;span style="color: var(--highlight-keyword)"&gt;=&amp;nbsp;&lt;/span&gt;&lt;span style="color: var(--highlight-default)"&gt;$this&lt;/span&gt;&lt;span style="color: var(--highlight-keyword)"&gt;-&amp;gt;&lt;/span&gt;&lt;span style="color: var(--highlight-default)"&gt;getWrappedConnection&lt;/span&gt;&lt;span style="color: var(--highlight-keyword)"&gt;();&lt;/span&gt;&lt;/code&gt;&lt;/li&gt;
&lt;li&gt;&lt;code&gt;&lt;span style="color: var(--highlight-keyword)"&gt;&lt;/span&gt;&lt;/code&gt;&lt;/li&gt;
&lt;li&gt;&lt;code&gt;&lt;span style="color: var(--highlight-keyword)"&gt;&amp;nbsp;&amp;nbsp;&amp;nbsp;&amp;nbsp;&amp;nbsp;&amp;nbsp;&amp;nbsp;&amp;nbsp;&lt;/span&gt;&lt;span style="color: var(--highlight-default)"&gt;$logger&amp;nbsp;&lt;/span&gt;&lt;span style="color: var(--highlight-keyword)"&gt;=&amp;nbsp;&lt;/span&gt;&lt;span style="color: var(--highlight-default)"&gt;$this&lt;/span&gt;&lt;span style="color: var(--highlight-keyword)"&gt;-&amp;gt;&lt;/span&gt;&lt;span style="color: var(--highlight-default)"&gt;_config&lt;/span&gt;&lt;span style="color: var(--highlight-keyword)"&gt;-&amp;gt;&lt;/span&gt;&lt;span style="color: var(--highlight-default)"&gt;getSQLLogger&lt;/span&gt;&lt;span style="color: var(--highlight-keyword)"&gt;();&lt;/span&gt;&lt;/code&gt;&lt;/li&gt;
&lt;li&gt;&lt;code&gt;&lt;span style="color: var(--highlight-keyword)"&gt;&amp;nbsp;&amp;nbsp;&amp;nbsp;&amp;nbsp;&amp;nbsp;&amp;nbsp;&amp;nbsp;&amp;nbsp;if&amp;nbsp;(&lt;/span&gt;&lt;span style="color: var(--highlight-default)"&gt;$logger&amp;nbsp;&lt;/span&gt;&lt;span style="color: var(--highlight-keyword)"&gt;!==&amp;nbsp;&lt;/span&gt;&lt;span style="color: var(--highlight-default)"&gt;null&lt;/span&gt;&lt;span style="color: var(--highlight-keyword)"&gt;)&amp;nbsp;{&lt;/span&gt;&lt;/code&gt;&lt;/li&gt;
&lt;li&gt;&lt;code&gt;&lt;span style="color: var(--highlight-keyword)"&gt;&amp;nbsp;&amp;nbsp;&amp;nbsp;&amp;nbsp;&amp;nbsp;&amp;nbsp;&amp;nbsp;&amp;nbsp;&amp;nbsp;&amp;nbsp;&amp;nbsp;&amp;nbsp;&lt;/span&gt;&lt;span style="color: var(--highlight-default)"&gt;$logger&lt;/span&gt;&lt;span style="color: var(--highlight-keyword)"&gt;-&amp;gt;&lt;/span&gt;&lt;span style="color: var(--highlight-default)"&gt;startQuery&lt;/span&gt;&lt;span style="color: var(--highlight-keyword)"&gt;(&lt;/span&gt;&lt;span style="color: var(--highlight-default)"&gt;$sql&lt;/span&gt;&lt;span style="color: var(--highlight-keyword)"&gt;,&amp;nbsp;&lt;/span&gt;&lt;span style="color: var(--highlight-default)"&gt;$params&lt;/span&gt;&lt;span style="color: var(--highlight-keyword)"&gt;,&amp;nbsp;&lt;/span&gt;&lt;span style="color: var(--highlight-default)"&gt;$types&lt;/span&gt;&lt;span style="color: var(--highlight-keyword)"&gt;);&lt;/span&gt;&lt;/code&gt;&lt;/li&gt;
&lt;li&gt;&lt;code&gt;&lt;span style="color: var(--highlight-keyword)"&gt;&amp;nbsp;&amp;nbsp;&amp;nbsp;&amp;nbsp;&amp;nbsp;&amp;nbsp;&amp;nbsp;&amp;nbsp;}&lt;/span&gt;&lt;/code&gt;&lt;/li&gt;&lt;/ol&gt;    &lt;/div&gt;            &lt;/div&gt;
                        &lt;div class="trace-line "&gt;
                &lt;div class="trace-line-header break-long-words sf-toggle" data-toggle-selector="#trace-html-2-5" data-toggle-initial=""&gt;
            &lt;span class="icon icon-close"&gt;&lt;svg width="1792" height="1792" viewBox="0 0 1792 1792" xmlns="http://www.w3.org/2000/svg"&gt;&lt;path d="M1408 960V832q0-26-19-45t-45-19H448q-26 0-45 19t-19 45v128q0 26 19 45t45 19h896q26 0 45-19t19-45zm256-544v960q0 119-84.5 203.5T1376 1664H416q-119 0-203.5-84.5T128 1376V416q0-119 84.5-203.5T416 128h960q119 0 203.5 84.5T1664 416z"/&gt;&lt;/svg&gt;&lt;/span&gt;
        &lt;span class="icon icon-open"&gt;&lt;svg width="1792" height="1792" viewBox="0 0 1792 1792" xmlns="http://www.w3.org/2000/svg"&gt;&lt;path d="M1408 960V832q0-26-19-45t-45-19h-320V448q0-26-19-45t-45-19H832q-26 0-45 19t-19 45v320H448q-26 0-45 19t-19 45v128q0 26 19 45t45 19h320v320q0 26 19 45t45 19h128q26 0 45-19t19-45v-320h320q26 0 45-19t19-45zm256-544v960q0 119-84.5 203.5T1376 1664H416q-119 0-203.5-84.5T128 1376V416q0-119 84.5-203.5T416 128h960q119 0 203.5 84.5T1664 416z"/&gt;&lt;/svg&gt;&lt;/span&gt;
    
            &lt;span class="trace-class"&gt;&lt;abbr title="Doctrine\DBAL\Connection"&gt;Connection&lt;/abbr&gt;&lt;/span&gt;&lt;span class="trace-type"&gt;-&gt;&lt;/span&gt;&lt;span class="trace-method"&gt;executeQuery&lt;/span&gt;&lt;span class="trace-arguments"&gt;()&lt;/span&gt;    
                    &lt;span class="block trace-file-path"&gt;
            in
            &lt;a href=""&gt;
                C:\Users\eman\Documents\GitHub\car_dealer\vendor\doctrine\orm\lib\Doctrine\ORM\Persisters\Entity\&lt;strong&gt;BasicEntityPersister.php&lt;/strong&gt;
            &lt;/a&gt;
                        (line 717)
            &lt;span class="icon icon-copy hidden" data-clipboard-text="C:\Users\eman\Documents\GitHub\car_dealer\vendor\doctrine\orm\lib\Doctrine\ORM\Persisters\Entity\BasicEntityPersister.php:717"&gt;
                &lt;svg xmlns="http://www.w3.org/2000/svg" height="24" viewBox="0 0 24 24" width="24"&gt;&lt;path d="M0 0h24v24H0z" fill="none"/&gt;&lt;path d="M16 1H4c-1.1 0-2 .9-2 2v14h2V3h12V1zm3 4H8c-1.1 0-2 .9-2 2v14c0 1.1.9 2 2 2h11c1.1 0 2-.9 2-2V7c0-1.1-.9-2-2-2zm0 16H8V7h11v14z"/&gt;&lt;/svg&gt;            &lt;/span&gt;
        &lt;/span&gt;
    &lt;/div&gt;
    &lt;div id="trace-html-2-5" class="trace-code sf-toggle-content"&gt;
        &lt;ol start="712"&gt;&lt;li&gt;&lt;code&gt;&lt;span style="color: var(--highlight-keyword)"&gt;&amp;nbsp;&amp;nbsp;&amp;nbsp;&amp;nbsp;{&lt;/span&gt;&lt;/code&gt;&lt;/li&gt;
&lt;li&gt;&lt;code&gt;&lt;span style="color: var(--highlight-keyword)"&gt;&amp;nbsp;&amp;nbsp;&amp;nbsp;&amp;nbsp;&amp;nbsp;&amp;nbsp;&amp;nbsp;&amp;nbsp;&lt;/span&gt;&lt;span style="color: var(--highlight-default)"&gt;$this&lt;/span&gt;&lt;span style="color: var(--highlight-keyword)"&gt;-&amp;gt;&lt;/span&gt;&lt;span style="color: var(--highlight-default)"&gt;switchPersisterContext&lt;/span&gt;&lt;span style="color: var(--highlight-keyword)"&gt;(&lt;/span&gt;&lt;span style="color: var(--highlight-default)"&gt;null&lt;/span&gt;&lt;span style="color: var(--highlight-keyword)"&gt;,&amp;nbsp;&lt;/span&gt;&lt;span style="color: var(--highlight-default)"&gt;$limit&lt;/span&gt;&lt;span style="color: var(--highlight-keyword)"&gt;);&lt;/span&gt;&lt;/code&gt;&lt;/li&gt;
&lt;li&gt;&lt;code&gt;&lt;span style="color: var(--highlight-keyword)"&gt;&lt;/span&gt;&lt;/code&gt;&lt;/li&gt;
&lt;li&gt;&lt;code&gt;&lt;span style="color: var(--highlight-keyword)"&gt;&amp;nbsp;&amp;nbsp;&amp;nbsp;&amp;nbsp;&amp;nbsp;&amp;nbsp;&amp;nbsp;&amp;nbsp;&lt;/span&gt;&lt;span style="color: var(--highlight-default)"&gt;$sql&amp;nbsp;&amp;nbsp;&amp;nbsp;&amp;nbsp;&amp;nbsp;&amp;nbsp;&amp;nbsp;&amp;nbsp;&amp;nbsp;&amp;nbsp;&amp;nbsp;&amp;nbsp;&amp;nbsp;&amp;nbsp;&lt;/span&gt;&lt;span style="color: var(--highlight-keyword)"&gt;=&amp;nbsp;&lt;/span&gt;&lt;span style="color: var(--highlight-default)"&gt;$this&lt;/span&gt;&lt;span style="color: var(--highlight-keyword)"&gt;-&amp;gt;&lt;/span&gt;&lt;span style="color: var(--highlight-default)"&gt;getSelectSQL&lt;/span&gt;&lt;span style="color: var(--highlight-keyword)"&gt;(&lt;/span&gt;&lt;span style="color: var(--highlight-default)"&gt;$criteria&lt;/span&gt;&lt;span style="color: var(--highlight-keyword)"&gt;,&amp;nbsp;&lt;/span&gt;&lt;span style="color: var(--highlight-default)"&gt;$assoc&lt;/span&gt;&lt;span style="color: var(--highlight-keyword)"&gt;,&amp;nbsp;&lt;/span&gt;&lt;span style="color: var(--highlight-default)"&gt;$lockMode&lt;/span&gt;&lt;span style="color: var(--highlight-keyword)"&gt;,&amp;nbsp;&lt;/span&gt;&lt;span style="color: var(--highlight-default)"&gt;$limit&lt;/span&gt;&lt;span style="color: var(--highlight-keyword)"&gt;,&amp;nbsp;&lt;/span&gt;&lt;span style="color: var(--highlight-default)"&gt;null&lt;/span&gt;&lt;span style="color: var(--highlight-keyword)"&gt;,&amp;nbsp;&lt;/span&gt;&lt;span style="color: var(--highlight-default)"&gt;$orderBy&lt;/span&gt;&lt;span style="color: var(--highlight-keyword)"&gt;);&lt;/span&gt;&lt;/code&gt;&lt;/li&gt;
&lt;li&gt;&lt;code&gt;&lt;span style="color: var(--highlight-keyword)"&gt;&amp;nbsp;&amp;nbsp;&amp;nbsp;&amp;nbsp;&amp;nbsp;&amp;nbsp;&amp;nbsp;&amp;nbsp;[&lt;/span&gt;&lt;span style="color: var(--highlight-default)"&gt;$params&lt;/span&gt;&lt;span style="color: var(--highlight-keyword)"&gt;,&amp;nbsp;&lt;/span&gt;&lt;span style="color: var(--highlight-default)"&gt;$types&lt;/span&gt;&lt;span style="color: var(--highlight-keyword)"&gt;]&amp;nbsp;=&amp;nbsp;&lt;/span&gt;&lt;span style="color: var(--highlight-default)"&gt;$this&lt;/span&gt;&lt;span style="color: var(--highlight-keyword)"&gt;-&amp;gt;&lt;/span&gt;&lt;span style="color: var(--highlight-default)"&gt;expandParameters&lt;/span&gt;&lt;span style="color: var(--highlight-keyword)"&gt;(&lt;/span&gt;&lt;span style="color: var(--highlight-default)"&gt;$criteria&lt;/span&gt;&lt;span style="color: var(--highlight-keyword)"&gt;);&lt;/span&gt;&lt;/code&gt;&lt;/li&gt;
&lt;li class="selected"&gt;&lt;code&gt;&lt;span style="color: var(--highlight-keyword)"&gt;&amp;nbsp;&amp;nbsp;&amp;nbsp;&amp;nbsp;&amp;nbsp;&amp;nbsp;&amp;nbsp;&amp;nbsp;&lt;/span&gt;&lt;span style="color: var(--highlight-default)"&gt;$stmt&amp;nbsp;&amp;nbsp;&amp;nbsp;&amp;nbsp;&amp;nbsp;&amp;nbsp;&amp;nbsp;&amp;nbsp;&amp;nbsp;&amp;nbsp;&amp;nbsp;&amp;nbsp;&amp;nbsp;&lt;/span&gt;&lt;span style="color: var(--highlight-keyword)"&gt;=&amp;nbsp;&lt;/span&gt;&lt;span style="color: var(--highlight-default)"&gt;$this&lt;/span&gt;&lt;span style="color: var(--highlight-keyword)"&gt;-&amp;gt;&lt;/span&gt;&lt;span style="color: var(--highlight-default)"&gt;conn&lt;/span&gt;&lt;span style="color: var(--highlight-keyword)"&gt;-&amp;gt;&lt;/span&gt;&lt;span style="color: var(--highlight-default)"&gt;executeQuery&lt;/span&gt;&lt;span style="color: var(--highlight-keyword)"&gt;(&lt;/span&gt;&lt;span style="color: var(--highlight-default)"&gt;$sql&lt;/span&gt;&lt;span style="color: var(--highlight-keyword)"&gt;,&amp;nbsp;&lt;/span&gt;&lt;span style="color: var(--highlight-default)"&gt;$params&lt;/span&gt;&lt;span style="color: var(--highlight-keyword)"&gt;,&amp;nbsp;&lt;/span&gt;&lt;span style="color: var(--highlight-default)"&gt;$types&lt;/span&gt;&lt;span style="color: var(--highlight-keyword)"&gt;);&lt;/span&gt;&lt;/code&gt;&lt;/li&gt;
&lt;li&gt;&lt;code&gt;&lt;span style="color: var(--highlight-keyword)"&gt;&lt;/span&gt;&lt;/code&gt;&lt;/li&gt;
&lt;li&gt;&lt;code&gt;&lt;span style="color: var(--highlight-keyword)"&gt;&amp;nbsp;&amp;nbsp;&amp;nbsp;&amp;nbsp;&amp;nbsp;&amp;nbsp;&amp;nbsp;&amp;nbsp;if&amp;nbsp;(&lt;/span&gt;&lt;span style="color: var(--highlight-default)"&gt;$entity&amp;nbsp;&lt;/span&gt;&lt;span style="color: var(--highlight-keyword)"&gt;!==&amp;nbsp;&lt;/span&gt;&lt;span style="color: var(--highlight-default)"&gt;null&lt;/span&gt;&lt;span style="color: var(--highlight-keyword)"&gt;)&amp;nbsp;{&lt;/span&gt;&lt;/code&gt;&lt;/li&gt;
&lt;li&gt;&lt;code&gt;&lt;span style="color: var(--highlight-keyword)"&gt;&amp;nbsp;&amp;nbsp;&amp;nbsp;&amp;nbsp;&amp;nbsp;&amp;nbsp;&amp;nbsp;&amp;nbsp;&amp;nbsp;&amp;nbsp;&amp;nbsp;&amp;nbsp;&lt;/span&gt;&lt;span style="color: var(--highlight-default)"&gt;$hints&lt;/span&gt;&lt;span style="color: var(--highlight-keyword)"&gt;[&lt;/span&gt;&lt;span style="color: var(--highlight-default)"&gt;Query&lt;/span&gt;&lt;span style="color: var(--highlight-keyword)"&gt;::&lt;/span&gt;&lt;span style="color: var(--highlight-default)"&gt;HINT_REFRESH&lt;/span&gt;&lt;span style="color: var(--highlight-keyword)"&gt;]&amp;nbsp;&amp;nbsp;&amp;nbsp;&amp;nbsp;&amp;nbsp;&amp;nbsp;&amp;nbsp;&amp;nbsp;=&amp;nbsp;&lt;/span&gt;&lt;span style="color: var(--highlight-default)"&gt;true&lt;/span&gt;&lt;span style="color: var(--highlight-keyword)"&gt;;&lt;/span&gt;&lt;/code&gt;&lt;/li&gt;
&lt;li&gt;&lt;code&gt;&lt;span style="color: var(--highlight-keyword)"&gt;&amp;nbsp;&amp;nbsp;&amp;nbsp;&amp;nbsp;&amp;nbsp;&amp;nbsp;&amp;nbsp;&amp;nbsp;&amp;nbsp;&amp;nbsp;&amp;nbsp;&amp;nbsp;&lt;/span&gt;&lt;span style="color: var(--highlight-default)"&gt;$hints&lt;/span&gt;&lt;span style="color: var(--highlight-keyword)"&gt;[&lt;/span&gt;&lt;span style="color: var(--highlight-default)"&gt;Query&lt;/span&gt;&lt;span style="color: var(--highlight-keyword)"&gt;::&lt;/span&gt;&lt;span style="color: var(--highlight-default)"&gt;HINT_REFRESH_ENTITY&lt;/span&gt;&lt;span style="color: var(--highlight-keyword)"&gt;]&amp;nbsp;=&amp;nbsp;&lt;/span&gt;&lt;span style="color: var(--highlight-default)"&gt;$entity&lt;/span&gt;&lt;span style="color: var(--highlight-keyword)"&gt;;&lt;/span&gt;&lt;/code&gt;&lt;/li&gt;
&lt;li&gt;&lt;code&gt;&lt;span style="color: var(--highlight-keyword)"&gt;&amp;nbsp;&amp;nbsp;&amp;nbsp;&amp;nbsp;&amp;nbsp;&amp;nbsp;&amp;nbsp;&amp;nbsp;}&lt;/span&gt;&lt;/code&gt;&lt;/li&gt;&lt;/ol&gt;    &lt;/div&gt;            &lt;/div&gt;
                        &lt;div class="trace-line "&gt;
                &lt;div class="trace-line-header break-long-words sf-toggle" data-toggle-selector="#trace-html-2-6" data-toggle-initial=""&gt;
            &lt;span class="icon icon-close"&gt;&lt;svg width="1792" height="1792" viewBox="0 0 1792 1792" xmlns="http://www.w3.org/2000/svg"&gt;&lt;path d="M1408 960V832q0-26-19-45t-45-19H448q-26 0-45 19t-19 45v128q0 26 19 45t45 19h896q26 0 45-19t19-45zm256-544v960q0 119-84.5 203.5T1376 1664H416q-119 0-203.5-84.5T128 1376V416q0-119 84.5-203.5T416 128h960q119 0 203.5 84.5T1664 416z"/&gt;&lt;/svg&gt;&lt;/span&gt;
        &lt;span class="icon icon-open"&gt;&lt;svg width="1792" height="1792" viewBox="0 0 1792 1792" xmlns="http://www.w3.org/2000/svg"&gt;&lt;path d="M1408 960V832q0-26-19-45t-45-19h-320V448q0-26-19-45t-45-19H832q-26 0-45 19t-19 45v320H448q-26 0-45 19t-19 45v128q0 26 19 45t45 19h320v320q0 26 19 45t45 19h128q26 0 45-19t19-45v-320h320q26 0 45-19t19-45zm256-544v960q0 119-84.5 203.5T1376 1664H416q-119 0-203.5-84.5T128 1376V416q0-119 84.5-203.5T416 128h960q119 0 203.5 84.5T1664 416z"/&gt;&lt;/svg&gt;&lt;/span&gt;
    
            &lt;span class="trace-class"&gt;&lt;abbr title="Doctrine\ORM\Persisters\Entity\BasicEntityPersister"&gt;BasicEntityPersister&lt;/abbr&gt;&lt;/span&gt;&lt;span class="trace-type"&gt;-&gt;&lt;/span&gt;&lt;span class="trace-method"&gt;load&lt;/span&gt;&lt;span class="trace-arguments"&gt;()&lt;/span&gt;    
                    &lt;span class="block trace-file-path"&gt;
            in
            &lt;a href=""&gt;
                C:\Users\eman\Documents\GitHub\car_dealer\vendor\doctrine\orm\lib\Doctrine\ORM\Persisters\Entity\&lt;strong&gt;BasicEntityPersister.php&lt;/strong&gt;
            &lt;/a&gt;
                        (line 735)
            &lt;span class="icon icon-copy hidden" data-clipboard-text="C:\Users\eman\Documents\GitHub\car_dealer\vendor\doctrine\orm\lib\Doctrine\ORM\Persisters\Entity\BasicEntityPersister.php:735"&gt;
                &lt;svg xmlns="http://www.w3.org/2000/svg" height="24" viewBox="0 0 24 24" width="24"&gt;&lt;path d="M0 0h24v24H0z" fill="none"/&gt;&lt;path d="M16 1H4c-1.1 0-2 .9-2 2v14h2V3h12V1zm3 4H8c-1.1 0-2 .9-2 2v14c0 1.1.9 2 2 2h11c1.1 0 2-.9 2-2V7c0-1.1-.9-2-2-2zm0 16H8V7h11v14z"/&gt;&lt;/svg&gt;            &lt;/span&gt;
        &lt;/span&gt;
    &lt;/div&gt;
    &lt;div id="trace-html-2-6" class="trace-code sf-toggle-content"&gt;
        &lt;ol start="730"&gt;&lt;li&gt;&lt;code&gt;&lt;span style="color: var(--highlight-keyword)"&gt;&amp;nbsp;&amp;nbsp;&amp;nbsp;&amp;nbsp;&lt;/span&gt;&lt;span style="color: var(--highlight-comment)"&gt;/**&lt;/span&gt;&lt;/code&gt;&lt;/li&gt;
&lt;li&gt;&lt;code&gt;&lt;span style="color: var(--highlight-comment)"&gt;&amp;nbsp;&amp;nbsp;&amp;nbsp;&amp;nbsp;&amp;nbsp;*&amp;nbsp;{@inheritdoc}&lt;/span&gt;&lt;/code&gt;&lt;/li&gt;
&lt;li&gt;&lt;code&gt;&lt;span style="color: var(--highlight-comment)"&gt;&amp;nbsp;&amp;nbsp;&amp;nbsp;&amp;nbsp;&amp;nbsp;*/&lt;/span&gt;&lt;/code&gt;&lt;/li&gt;
&lt;li&gt;&lt;code&gt;&lt;span style="color: var(--highlight-comment)"&gt;&amp;nbsp;&amp;nbsp;&amp;nbsp;&amp;nbsp;&lt;/span&gt;&lt;span style="color: var(--highlight-keyword)"&gt;public&amp;nbsp;function&amp;nbsp;&lt;/span&gt;&lt;span style="color: var(--highlight-default)"&gt;loadById&lt;/span&gt;&lt;span style="color: var(--highlight-keyword)"&gt;(array&amp;nbsp;&lt;/span&gt;&lt;span style="color: var(--highlight-default)"&gt;$identifier&lt;/span&gt;&lt;span style="color: var(--highlight-keyword)"&gt;,&amp;nbsp;&lt;/span&gt;&lt;span style="color: var(--highlight-default)"&gt;$entity&amp;nbsp;&lt;/span&gt;&lt;span style="color: var(--highlight-keyword)"&gt;=&amp;nbsp;&lt;/span&gt;&lt;span style="color: var(--highlight-default)"&gt;null&lt;/span&gt;&lt;span style="color: var(--highlight-keyword)"&gt;)&lt;/span&gt;&lt;/code&gt;&lt;/li&gt;
&lt;li&gt;&lt;code&gt;&lt;span style="color: var(--highlight-keyword)"&gt;&amp;nbsp;&amp;nbsp;&amp;nbsp;&amp;nbsp;{&lt;/span&gt;&lt;/code&gt;&lt;/li&gt;
&lt;li class="selected"&gt;&lt;code&gt;&lt;span style="color: var(--highlight-keyword)"&gt;&amp;nbsp;&amp;nbsp;&amp;nbsp;&amp;nbsp;&amp;nbsp;&amp;nbsp;&amp;nbsp;&amp;nbsp;return&amp;nbsp;&lt;/span&gt;&lt;span style="color: var(--highlight-default)"&gt;$this&lt;/span&gt;&lt;span style="color: var(--highlight-keyword)"&gt;-&amp;gt;&lt;/span&gt;&lt;span style="color: var(--highlight-default)"&gt;load&lt;/span&gt;&lt;span style="color: var(--highlight-keyword)"&gt;(&lt;/span&gt;&lt;span style="color: var(--highlight-default)"&gt;$identifier&lt;/span&gt;&lt;span style="color: var(--highlight-keyword)"&gt;,&amp;nbsp;&lt;/span&gt;&lt;span style="color: var(--highlight-default)"&gt;$entity&lt;/span&gt;&lt;span style="color: var(--highlight-keyword)"&gt;);&lt;/span&gt;&lt;/code&gt;&lt;/li&gt;
&lt;li&gt;&lt;code&gt;&lt;span style="color: var(--highlight-keyword)"&gt;&amp;nbsp;&amp;nbsp;&amp;nbsp;&amp;nbsp;}&lt;/span&gt;&lt;/code&gt;&lt;/li&gt;
&lt;li&gt;&lt;code&gt;&lt;span style="color: var(--highlight-keyword)"&gt;&lt;/span&gt;&lt;/code&gt;&lt;/li&gt;
&lt;li&gt;&lt;code&gt;&lt;span style="color: var(--highlight-keyword)"&gt;&amp;nbsp;&amp;nbsp;&amp;nbsp;&amp;nbsp;&lt;/span&gt;&lt;span style="color: var(--highlight-comment)"&gt;/**&lt;/span&gt;&lt;/code&gt;&lt;/li&gt;
&lt;li&gt;&lt;code&gt;&lt;span style="color: var(--highlight-comment)"&gt;&amp;nbsp;&amp;nbsp;&amp;nbsp;&amp;nbsp;&amp;nbsp;*&amp;nbsp;{@inheritdoc}&lt;/span&gt;&lt;/code&gt;&lt;/li&gt;
&lt;li&gt;&lt;code&gt;&lt;span style="color: var(--highlight-comment)"&gt;&amp;nbsp;&amp;nbsp;&amp;nbsp;&amp;nbsp;&amp;nbsp;*/&lt;/span&gt;&lt;/code&gt;&lt;/li&gt;&lt;/ol&gt;    &lt;/div&gt;            &lt;/div&gt;
                        &lt;div class="trace-line "&gt;
                &lt;div class="trace-line-header break-long-words sf-toggle" data-toggle-selector="#trace-html-2-7" data-toggle-initial=""&gt;
            &lt;span class="icon icon-close"&gt;&lt;svg width="1792" height="1792" viewBox="0 0 1792 1792" xmlns="http://www.w3.org/2000/svg"&gt;&lt;path d="M1408 960V832q0-26-19-45t-45-19H448q-26 0-45 19t-19 45v128q0 26 19 45t45 19h896q26 0 45-19t19-45zm256-544v960q0 119-84.5 203.5T1376 1664H416q-119 0-203.5-84.5T128 1376V416q0-119 84.5-203.5T416 128h960q119 0 203.5 84.5T1664 416z"/&gt;&lt;/svg&gt;&lt;/span&gt;
        &lt;span class="icon icon-open"&gt;&lt;svg width="1792" height="1792" viewBox="0 0 1792 1792" xmlns="http://www.w3.org/2000/svg"&gt;&lt;path d="M1408 960V832q0-26-19-45t-45-19h-320V448q0-26-19-45t-45-19H832q-26 0-45 19t-19 45v320H448q-26 0-45 19t-19 45v128q0 26 19 45t45 19h320v320q0 26 19 45t45 19h128q26 0 45-19t19-45v-320h320q26 0 45-19t19-45zm256-544v960q0 119-84.5 203.5T1376 1664H416q-119 0-203.5-84.5T128 1376V416q0-119 84.5-203.5T416 128h960q119 0 203.5 84.5T1664 416z"/&gt;&lt;/svg&gt;&lt;/span&gt;
    
            &lt;span class="trace-class"&gt;&lt;abbr title="Doctrine\ORM\Persisters\Entity\BasicEntityPersister"&gt;BasicEntityPersister&lt;/abbr&gt;&lt;/span&gt;&lt;span class="trace-type"&gt;-&gt;&lt;/span&gt;&lt;span class="trace-method"&gt;loadById&lt;/span&gt;&lt;span class="trace-arguments"&gt;()&lt;/span&gt;    
                    &lt;span class="block trace-file-path"&gt;
            in
            &lt;a href=""&gt;
                C:\Users\eman\Documents\GitHub\car_dealer\vendor\doctrine\orm\lib\Doctrine\ORM\&lt;strong&gt;EntityManager.php&lt;/strong&gt;
            &lt;/a&gt;
                        (line 497)
            &lt;span class="icon icon-copy hidden" data-clipboard-text="C:\Users\eman\Documents\GitHub\car_dealer\vendor\doctrine\orm\lib\Doctrine\ORM\EntityManager.php:497"&gt;
                &lt;svg xmlns="http://www.w3.org/2000/svg" height="24" viewBox="0 0 24 24" width="24"&gt;&lt;path d="M0 0h24v24H0z" fill="none"/&gt;&lt;path d="M16 1H4c-1.1 0-2 .9-2 2v14h2V3h12V1zm3 4H8c-1.1 0-2 .9-2 2v14c0 1.1.9 2 2 2h11c1.1 0 2-.9 2-2V7c0-1.1-.9-2-2-2zm0 16H8V7h11v14z"/&gt;&lt;/svg&gt;            &lt;/span&gt;
        &lt;/span&gt;
    &lt;/div&gt;
    &lt;div id="trace-html-2-7" class="trace-code sf-toggle-content"&gt;
        &lt;ol start="492"&gt;&lt;li&gt;&lt;code&gt;&lt;span style="color: var(--highlight-keyword)"&gt;&amp;nbsp;&amp;nbsp;&amp;nbsp;&amp;nbsp;&amp;nbsp;&amp;nbsp;&amp;nbsp;&amp;nbsp;&amp;nbsp;&amp;nbsp;&amp;nbsp;&amp;nbsp;case&amp;nbsp;&lt;/span&gt;&lt;span style="color: var(--highlight-default)"&gt;$lockMode&amp;nbsp;&lt;/span&gt;&lt;span style="color: var(--highlight-keyword)"&gt;===&amp;nbsp;&lt;/span&gt;&lt;span style="color: var(--highlight-default)"&gt;LockMode&lt;/span&gt;&lt;span style="color: var(--highlight-keyword)"&gt;::&lt;/span&gt;&lt;span style="color: var(--highlight-default)"&gt;PESSIMISTIC_READ&lt;/span&gt;&lt;span style="color: var(--highlight-keyword)"&gt;:&lt;/span&gt;&lt;/code&gt;&lt;/li&gt;
&lt;li&gt;&lt;code&gt;&lt;span style="color: var(--highlight-keyword)"&gt;&amp;nbsp;&amp;nbsp;&amp;nbsp;&amp;nbsp;&amp;nbsp;&amp;nbsp;&amp;nbsp;&amp;nbsp;&amp;nbsp;&amp;nbsp;&amp;nbsp;&amp;nbsp;case&amp;nbsp;&lt;/span&gt;&lt;span style="color: var(--highlight-default)"&gt;$lockMode&amp;nbsp;&lt;/span&gt;&lt;span style="color: var(--highlight-keyword)"&gt;===&amp;nbsp;&lt;/span&gt;&lt;span style="color: var(--highlight-default)"&gt;LockMode&lt;/span&gt;&lt;span style="color: var(--highlight-keyword)"&gt;::&lt;/span&gt;&lt;span style="color: var(--highlight-default)"&gt;PESSIMISTIC_WRITE&lt;/span&gt;&lt;span style="color: var(--highlight-keyword)"&gt;:&lt;/span&gt;&lt;/code&gt;&lt;/li&gt;
&lt;li&gt;&lt;code&gt;&lt;span style="color: var(--highlight-keyword)"&gt;&amp;nbsp;&amp;nbsp;&amp;nbsp;&amp;nbsp;&amp;nbsp;&amp;nbsp;&amp;nbsp;&amp;nbsp;&amp;nbsp;&amp;nbsp;&amp;nbsp;&amp;nbsp;&amp;nbsp;&amp;nbsp;&amp;nbsp;&amp;nbsp;return&amp;nbsp;&lt;/span&gt;&lt;span style="color: var(--highlight-default)"&gt;$persister&lt;/span&gt;&lt;span style="color: var(--highlight-keyword)"&gt;-&amp;gt;&lt;/span&gt;&lt;span style="color: var(--highlight-default)"&gt;load&lt;/span&gt;&lt;span style="color: var(--highlight-keyword)"&gt;(&lt;/span&gt;&lt;span style="color: var(--highlight-default)"&gt;$sortedId&lt;/span&gt;&lt;span style="color: var(--highlight-keyword)"&gt;,&amp;nbsp;&lt;/span&gt;&lt;span style="color: var(--highlight-default)"&gt;null&lt;/span&gt;&lt;span style="color: var(--highlight-keyword)"&gt;,&amp;nbsp;&lt;/span&gt;&lt;span style="color: var(--highlight-default)"&gt;null&lt;/span&gt;&lt;span style="color: var(--highlight-keyword)"&gt;,&amp;nbsp;[],&amp;nbsp;&lt;/span&gt;&lt;span style="color: var(--highlight-default)"&gt;$lockMode&lt;/span&gt;&lt;span style="color: var(--highlight-keyword)"&gt;);&lt;/span&gt;&lt;/code&gt;&lt;/li&gt;
&lt;li&gt;&lt;code&gt;&lt;span style="color: var(--highlight-keyword)"&gt;&lt;/span&gt;&lt;/code&gt;&lt;/li&gt;
&lt;li&gt;&lt;code&gt;&lt;span style="color: var(--highlight-keyword)"&gt;&amp;nbsp;&amp;nbsp;&amp;nbsp;&amp;nbsp;&amp;nbsp;&amp;nbsp;&amp;nbsp;&amp;nbsp;&amp;nbsp;&amp;nbsp;&amp;nbsp;&amp;nbsp;default:&lt;/span&gt;&lt;/code&gt;&lt;/li&gt;
&lt;li class="selected"&gt;&lt;code&gt;&lt;span style="color: var(--highlight-keyword)"&gt;&amp;nbsp;&amp;nbsp;&amp;nbsp;&amp;nbsp;&amp;nbsp;&amp;nbsp;&amp;nbsp;&amp;nbsp;&amp;nbsp;&amp;nbsp;&amp;nbsp;&amp;nbsp;&amp;nbsp;&amp;nbsp;&amp;nbsp;&amp;nbsp;return&amp;nbsp;&lt;/span&gt;&lt;span style="color: var(--highlight-default)"&gt;$persister&lt;/span&gt;&lt;span style="color: var(--highlight-keyword)"&gt;-&amp;gt;&lt;/span&gt;&lt;span style="color: var(--highlight-default)"&gt;loadById&lt;/span&gt;&lt;span style="color: var(--highlight-keyword)"&gt;(&lt;/span&gt;&lt;span style="color: var(--highlight-default)"&gt;$sortedId&lt;/span&gt;&lt;span style="color: var(--highlight-keyword)"&gt;);&lt;/span&gt;&lt;/code&gt;&lt;/li&gt;
&lt;li&gt;&lt;code&gt;&lt;span style="color: var(--highlight-keyword)"&gt;&amp;nbsp;&amp;nbsp;&amp;nbsp;&amp;nbsp;&amp;nbsp;&amp;nbsp;&amp;nbsp;&amp;nbsp;}&lt;/span&gt;&lt;/code&gt;&lt;/li&gt;
&lt;li&gt;&lt;code&gt;&lt;span style="color: var(--highlight-keyword)"&gt;&amp;nbsp;&amp;nbsp;&amp;nbsp;&amp;nbsp;}&lt;/span&gt;&lt;/code&gt;&lt;/li&gt;
&lt;li&gt;&lt;code&gt;&lt;span style="color: var(--highlight-keyword)"&gt;&lt;/span&gt;&lt;/code&gt;&lt;/li&gt;
&lt;li&gt;&lt;code&gt;&lt;span style="color: var(--highlight-keyword)"&gt;&amp;nbsp;&amp;nbsp;&amp;nbsp;&amp;nbsp;&lt;/span&gt;&lt;span style="color: var(--highlight-comment)"&gt;/**&lt;/span&gt;&lt;/code&gt;&lt;/li&gt;
&lt;li&gt;&lt;code&gt;&lt;span style="color: var(--highlight-comment)"&gt;&amp;nbsp;&amp;nbsp;&amp;nbsp;&amp;nbsp;&amp;nbsp;*&amp;nbsp;{@inheritDoc}&lt;/span&gt;&lt;/code&gt;&lt;/li&gt;&lt;/ol&gt;    &lt;/div&gt;            &lt;/div&gt;
                        &lt;div class="trace-line "&gt;
                &lt;div class="trace-line-header break-long-words sf-toggle" data-toggle-selector="#trace-html-2-8" data-toggle-initial=""&gt;
            &lt;span class="icon icon-close"&gt;&lt;svg width="1792" height="1792" viewBox="0 0 1792 1792" xmlns="http://www.w3.org/2000/svg"&gt;&lt;path d="M1408 960V832q0-26-19-45t-45-19H448q-26 0-45 19t-19 45v128q0 26 19 45t45 19h896q26 0 45-19t19-45zm256-544v960q0 119-84.5 203.5T1376 1664H416q-119 0-203.5-84.5T128 1376V416q0-119 84.5-203.5T416 128h960q119 0 203.5 84.5T1664 416z"/&gt;&lt;/svg&gt;&lt;/span&gt;
        &lt;span class="icon icon-open"&gt;&lt;svg width="1792" height="1792" viewBox="0 0 1792 1792" xmlns="http://www.w3.org/2000/svg"&gt;&lt;path d="M1408 960V832q0-26-19-45t-45-19h-320V448q0-26-19-45t-45-19H832q-26 0-45 19t-19 45v320H448q-26 0-45 19t-19 45v128q0 26 19 45t45 19h320v320q0 26 19 45t45 19h128q26 0 45-19t19-45v-320h320q26 0 45-19t19-45zm256-544v960q0 119-84.5 203.5T1376 1664H416q-119 0-203.5-84.5T128 1376V416q0-119 84.5-203.5T416 128h960q119 0 203.5 84.5T1664 416z"/&gt;&lt;/svg&gt;&lt;/span&gt;
    
            &lt;span class="trace-class"&gt;&lt;abbr title="Doctrine\ORM\EntityManager"&gt;EntityManager&lt;/abbr&gt;&lt;/span&gt;&lt;span class="trace-type"&gt;-&gt;&lt;/span&gt;&lt;span class="trace-method"&gt;find&lt;/span&gt;&lt;span class="trace-arguments"&gt;()&lt;/span&gt;    
                    &lt;span class="block trace-file-path"&gt;
            in
            &lt;a href=""&gt;
                C:\Users\eman\Documents\GitHub\car_dealer\var\cache\test\ContainerLzWfuku\&lt;strong&gt;EntityManager_9a5be93.php&lt;/strong&gt;
            &lt;/a&gt;
                        (line 143)
            &lt;span class="icon icon-copy hidden" data-clipboard-text="C:\Users\eman\Documents\GitHub\car_dealer\var\cache\test\ContainerLzWfuku\EntityManager_9a5be93.php:143"&gt;
                &lt;svg xmlns="http://www.w3.org/2000/svg" height="24" viewBox="0 0 24 24" width="24"&gt;&lt;path d="M0 0h24v24H0z" fill="none"/&gt;&lt;path d="M16 1H4c-1.1 0-2 .9-2 2v14h2V3h12V1zm3 4H8c-1.1 0-2 .9-2 2v14c0 1.1.9 2 2 2h11c1.1 0 2-.9 2-2V7c0-1.1-.9-2-2-2zm0 16H8V7h11v14z"/&gt;&lt;/svg&gt;            &lt;/span&gt;
        &lt;/span&gt;
    &lt;/div&gt;
    &lt;div id="trace-html-2-8" class="trace-code sf-toggle-content"&gt;
        &lt;ol start="138"&gt;&lt;li&gt;&lt;code&gt;&lt;span style="color: var(--highlight-keyword)"&gt;&lt;/span&gt;&lt;/code&gt;&lt;/li&gt;
&lt;li&gt;&lt;code&gt;&lt;span style="color: var(--highlight-keyword)"&gt;&amp;nbsp;&amp;nbsp;&amp;nbsp;&amp;nbsp;public&amp;nbsp;function&amp;nbsp;&lt;/span&gt;&lt;span style="color: var(--highlight-default)"&gt;find&lt;/span&gt;&lt;span style="color: var(--highlight-keyword)"&gt;(&lt;/span&gt;&lt;span style="color: var(--highlight-default)"&gt;$className&lt;/span&gt;&lt;span style="color: var(--highlight-keyword)"&gt;,&amp;nbsp;&lt;/span&gt;&lt;span style="color: var(--highlight-default)"&gt;$id&lt;/span&gt;&lt;span style="color: var(--highlight-keyword)"&gt;,&amp;nbsp;&lt;/span&gt;&lt;span style="color: var(--highlight-default)"&gt;$lockMode&amp;nbsp;&lt;/span&gt;&lt;span style="color: var(--highlight-keyword)"&gt;=&amp;nbsp;&lt;/span&gt;&lt;span style="color: var(--highlight-default)"&gt;null&lt;/span&gt;&lt;span style="color: var(--highlight-keyword)"&gt;,&amp;nbsp;&lt;/span&gt;&lt;span style="color: var(--highlight-default)"&gt;$lockVersion&amp;nbsp;&lt;/span&gt;&lt;span style="color: var(--highlight-keyword)"&gt;=&amp;nbsp;&lt;/span&gt;&lt;span style="color: var(--highlight-default)"&gt;null&lt;/span&gt;&lt;span style="color: var(--highlight-keyword)"&gt;)&lt;/span&gt;&lt;/code&gt;&lt;/li&gt;
&lt;li&gt;&lt;code&gt;&lt;span style="color: var(--highlight-keyword)"&gt;&amp;nbsp;&amp;nbsp;&amp;nbsp;&amp;nbsp;{&lt;/span&gt;&lt;/code&gt;&lt;/li&gt;
&lt;li&gt;&lt;code&gt;&lt;span style="color: var(--highlight-keyword)"&gt;&amp;nbsp;&amp;nbsp;&amp;nbsp;&amp;nbsp;&amp;nbsp;&amp;nbsp;&amp;nbsp;&amp;nbsp;&lt;/span&gt;&lt;span style="color: var(--highlight-default)"&gt;$this&lt;/span&gt;&lt;span style="color: var(--highlight-keyword)"&gt;-&amp;gt;&lt;/span&gt;&lt;span style="color: var(--highlight-default)"&gt;initializer9be91&amp;nbsp;&lt;/span&gt;&lt;span style="color: var(--highlight-keyword)"&gt;&amp;amp;&amp;amp;&amp;nbsp;(&lt;/span&gt;&lt;span style="color: var(--highlight-default)"&gt;$this&lt;/span&gt;&lt;span style="color: var(--highlight-keyword)"&gt;-&amp;gt;&lt;/span&gt;&lt;span style="color: var(--highlight-default)"&gt;initializer9be91&lt;/span&gt;&lt;span style="color: var(--highlight-keyword)"&gt;-&amp;gt;&lt;/span&gt;&lt;span style="color: var(--highlight-default)"&gt;__invoke&lt;/span&gt;&lt;span style="color: var(--highlight-keyword)"&gt;(&lt;/span&gt;&lt;span style="color: var(--highlight-default)"&gt;$valueHolder22b2c&lt;/span&gt;&lt;span style="color: var(--highlight-keyword)"&gt;,&amp;nbsp;&lt;/span&gt;&lt;span style="color: var(--highlight-default)"&gt;$this&lt;/span&gt;&lt;span style="color: var(--highlight-keyword)"&gt;,&amp;nbsp;&lt;/span&gt;&lt;span style="color: var(--highlight-string)"&gt;'find'&lt;/span&gt;&lt;span style="color: var(--highlight-keyword)"&gt;,&amp;nbsp;array(&lt;/span&gt;&lt;span style="color: var(--highlight-string)"&gt;'className'&amp;nbsp;&lt;/span&gt;&lt;span style="color: var(--highlight-keyword)"&gt;=&amp;gt;&amp;nbsp;&lt;/span&gt;&lt;span style="color: var(--highlight-default)"&gt;$className&lt;/span&gt;&lt;span style="color: var(--highlight-keyword)"&gt;,&amp;nbsp;&lt;/span&gt;&lt;span style="color: var(--highlight-string)"&gt;'id'&amp;nbsp;&lt;/span&gt;&lt;span style="color: var(--highlight-keyword)"&gt;=&amp;gt;&amp;nbsp;&lt;/span&gt;&lt;span style="color: var(--highlight-default)"&gt;$id&lt;/span&gt;&lt;span style="color: var(--highlight-keyword)"&gt;,&amp;nbsp;&lt;/span&gt;&lt;span style="color: var(--highlight-string)"&gt;'lockMode'&amp;nbsp;&lt;/span&gt;&lt;span style="color: var(--highlight-keyword)"&gt;=&amp;gt;&amp;nbsp;&lt;/span&gt;&lt;span style="color: var(--highlight-default)"&gt;$lockMode&lt;/span&gt;&lt;span style="color: var(--highlight-keyword)"&gt;,&amp;nbsp;&lt;/span&gt;&lt;span style="color: var(--highlight-string)"&gt;'lockVersion'&amp;nbsp;&lt;/span&gt;&lt;span style="color: var(--highlight-keyword)"&gt;=&amp;gt;&amp;nbsp;&lt;/span&gt;&lt;span style="color: var(--highlight-default)"&gt;$lockVersion&lt;/span&gt;&lt;span style="color: var(--highlight-keyword)"&gt;),&amp;nbsp;&lt;/span&gt;&lt;span style="color: var(--highlight-default)"&gt;$this&lt;/span&gt;&lt;span style="color: var(--highlight-keyword)"&gt;-&amp;gt;&lt;/span&gt;&lt;span style="color: var(--highlight-default)"&gt;initializer9be91&lt;/span&gt;&lt;span style="color: var(--highlight-keyword)"&gt;)&amp;nbsp;||&amp;nbsp;&lt;/span&gt;&lt;span style="color: var(--highlight-default)"&gt;1&lt;/span&gt;&lt;span style="color: var(--highlight-keyword)"&gt;)&amp;nbsp;&amp;amp;&amp;amp;&amp;nbsp;&lt;/span&gt;&lt;span style="color: var(--highlight-default)"&gt;$this&lt;/span&gt;&lt;span style="color: var(--highlight-keyword)"&gt;-&amp;gt;&lt;/span&gt;&lt;span style="color: var(--highlight-default)"&gt;valueHolder22b2c&amp;nbsp;&lt;/span&gt;&lt;span style="color: var(--highlight-keyword)"&gt;=&amp;nbsp;&lt;/span&gt;&lt;span style="color: var(--highlight-default)"&gt;$valueHolder22b2c&lt;/span&gt;&lt;span style="color: var(--highlight-keyword)"&gt;;&lt;/span&gt;&lt;/code&gt;&lt;/li&gt;
&lt;li&gt;&lt;code&gt;&lt;span style="color: var(--highlight-keyword)"&gt;&lt;/span&gt;&lt;/code&gt;&lt;/li&gt;
&lt;li class="selected"&gt;&lt;code&gt;&lt;span style="color: var(--highlight-keyword)"&gt;&amp;nbsp;&amp;nbsp;&amp;nbsp;&amp;nbsp;&amp;nbsp;&amp;nbsp;&amp;nbsp;&amp;nbsp;return&amp;nbsp;&lt;/span&gt;&lt;span style="color: var(--highlight-default)"&gt;$this&lt;/span&gt;&lt;span style="color: var(--highlight-keyword)"&gt;-&amp;gt;&lt;/span&gt;&lt;span style="color: var(--highlight-default)"&gt;valueHolder22b2c&lt;/span&gt;&lt;span style="color: var(--highlight-keyword)"&gt;-&amp;gt;&lt;/span&gt;&lt;span style="color: var(--highlight-default)"&gt;find&lt;/span&gt;&lt;span style="color: var(--highlight-keyword)"&gt;(&lt;/span&gt;&lt;span style="color: var(--highlight-default)"&gt;$className&lt;/span&gt;&lt;span style="color: var(--highlight-keyword)"&gt;,&amp;nbsp;&lt;/span&gt;&lt;span style="color: var(--highlight-default)"&gt;$id&lt;/span&gt;&lt;span style="color: var(--highlight-keyword)"&gt;,&amp;nbsp;&lt;/span&gt;&lt;span style="color: var(--highlight-default)"&gt;$lockMode&lt;/span&gt;&lt;span style="color: var(--highlight-keyword)"&gt;,&amp;nbsp;&lt;/span&gt;&lt;span style="color: var(--highlight-default)"&gt;$lockVersion&lt;/span&gt;&lt;span style="color: var(--highlight-keyword)"&gt;);&lt;/span&gt;&lt;/code&gt;&lt;/li&gt;
&lt;li&gt;&lt;code&gt;&lt;span style="color: var(--highlight-keyword)"&gt;&amp;nbsp;&amp;nbsp;&amp;nbsp;&amp;nbsp;}&lt;/span&gt;&lt;/code&gt;&lt;/li&gt;
&lt;li&gt;&lt;code&gt;&lt;span style="color: var(--highlight-keyword)"&gt;&lt;/span&gt;&lt;/code&gt;&lt;/li&gt;
&lt;li&gt;&lt;code&gt;&lt;span style="color: var(--highlight-keyword)"&gt;&amp;nbsp;&amp;nbsp;&amp;nbsp;&amp;nbsp;public&amp;nbsp;function&amp;nbsp;&lt;/span&gt;&lt;span style="color: var(--highlight-default)"&gt;getReference&lt;/span&gt;&lt;span style="color: var(--highlight-keyword)"&gt;(&lt;/span&gt;&lt;span style="color: var(--highlight-default)"&gt;$entityName&lt;/span&gt;&lt;span style="color: var(--highlight-keyword)"&gt;,&amp;nbsp;&lt;/span&gt;&lt;span style="color: var(--highlight-default)"&gt;$id&lt;/span&gt;&lt;span style="color: var(--highlight-keyword)"&gt;)&lt;/span&gt;&lt;/code&gt;&lt;/li&gt;
&lt;li&gt;&lt;code&gt;&lt;span style="color: var(--highlight-keyword)"&gt;&amp;nbsp;&amp;nbsp;&amp;nbsp;&amp;nbsp;{&lt;/span&gt;&lt;/code&gt;&lt;/li&gt;
&lt;li&gt;&lt;code&gt;&lt;span style="color: var(--highlight-keyword)"&gt;&amp;nbsp;&amp;nbsp;&amp;nbsp;&amp;nbsp;&amp;nbsp;&amp;nbsp;&amp;nbsp;&amp;nbsp;&lt;/span&gt;&lt;span style="color: var(--highlight-default)"&gt;$this&lt;/span&gt;&lt;span style="color: var(--highlight-keyword)"&gt;-&amp;gt;&lt;/span&gt;&lt;span style="color: var(--highlight-default)"&gt;initializer9be91&amp;nbsp;&lt;/span&gt;&lt;span style="color: var(--highlight-keyword)"&gt;&amp;amp;&amp;amp;&amp;nbsp;(&lt;/span&gt;&lt;span style="color: var(--highlight-default)"&gt;$this&lt;/span&gt;&lt;span style="color: var(--highlight-keyword)"&gt;-&amp;gt;&lt;/span&gt;&lt;span style="color: var(--highlight-default)"&gt;initializer9be91&lt;/span&gt;&lt;span style="color: var(--highlight-keyword)"&gt;-&amp;gt;&lt;/span&gt;&lt;span style="color: var(--highlight-default)"&gt;__invoke&lt;/span&gt;&lt;span style="color: var(--highlight-keyword)"&gt;(&lt;/span&gt;&lt;span style="color: var(--highlight-default)"&gt;$valueHolder22b2c&lt;/span&gt;&lt;span style="color: var(--highlight-keyword)"&gt;,&amp;nbsp;&lt;/span&gt;&lt;span style="color: var(--highlight-default)"&gt;$this&lt;/span&gt;&lt;span style="color: var(--highlight-keyword)"&gt;,&amp;nbsp;&lt;/span&gt;&lt;span style="color: var(--highlight-string)"&gt;'getReference'&lt;/span&gt;&lt;span style="color: var(--highlight-keyword)"&gt;,&amp;nbsp;array(&lt;/span&gt;&lt;span style="color: var(--highlight-string)"&gt;'entityName'&amp;nbsp;&lt;/span&gt;&lt;span style="color: var(--highlight-keyword)"&gt;=&amp;gt;&amp;nbsp;&lt;/span&gt;&lt;span style="color: var(--highlight-default)"&gt;$entityName&lt;/span&gt;&lt;span style="color: var(--highlight-keyword)"&gt;,&amp;nbsp;&lt;/span&gt;&lt;span style="color: var(--highlight-string)"&gt;'id'&amp;nbsp;&lt;/span&gt;&lt;span style="color: var(--highlight-keyword)"&gt;=&amp;gt;&amp;nbsp;&lt;/span&gt;&lt;span style="color: var(--highlight-default)"&gt;$id&lt;/span&gt;&lt;span style="color: var(--highlight-keyword)"&gt;),&amp;nbsp;&lt;/span&gt;&lt;span style="color: var(--highlight-default)"&gt;$this&lt;/span&gt;&lt;span style="color: var(--highlight-keyword)"&gt;-&amp;gt;&lt;/span&gt;&lt;span style="color: var(--highlight-default)"&gt;initializer9be91&lt;/span&gt;&lt;span style="color: var(--highlight-keyword)"&gt;)&amp;nbsp;||&amp;nbsp;&lt;/span&gt;&lt;span style="color: var(--highlight-default)"&gt;1&lt;/span&gt;&lt;span style="color: var(--highlight-keyword)"&gt;)&amp;nbsp;&amp;amp;&amp;amp;&amp;nbsp;&lt;/span&gt;&lt;span style="color: var(--highlight-default)"&gt;$this&lt;/span&gt;&lt;span style="color: var(--highlight-keyword)"&gt;-&amp;gt;&lt;/span&gt;&lt;span style="color: var(--highlight-default)"&gt;valueHolder22b2c&amp;nbsp;&lt;/span&gt;&lt;span style="color: var(--highlight-keyword)"&gt;=&amp;nbsp;&lt;/span&gt;&lt;span style="color: var(--highlight-default)"&gt;$valueHolder22b2c&lt;/span&gt;&lt;span style="color: var(--highlight-keyword)"&gt;;&lt;/span&gt;&lt;/code&gt;&lt;/li&gt;&lt;/ol&gt;    &lt;/div&gt;            &lt;/div&gt;
                        &lt;div class="trace-line "&gt;
                &lt;div class="trace-line-header break-long-words sf-toggle" data-toggle-selector="#trace-html-2-9" data-toggle-initial=""&gt;
            &lt;span class="icon icon-close"&gt;&lt;svg width="1792" height="1792" viewBox="0 0 1792 1792" xmlns="http://www.w3.org/2000/svg"&gt;&lt;path d="M1408 960V832q0-26-19-45t-45-19H448q-26 0-45 19t-19 45v128q0 26 19 45t45 19h896q26 0 45-19t19-45zm256-544v960q0 119-84.5 203.5T1376 1664H416q-119 0-203.5-84.5T128 1376V416q0-119 84.5-203.5T416 128h960q119 0 203.5 84.5T1664 416z"/&gt;&lt;/svg&gt;&lt;/span&gt;
        &lt;span class="icon icon-open"&gt;&lt;svg width="1792" height="1792" viewBox="0 0 1792 1792" xmlns="http://www.w3.org/2000/svg"&gt;&lt;path d="M1408 960V832q0-26-19-45t-45-19h-320V448q0-26-19-45t-45-19H832q-26 0-45 19t-19 45v320H448q-26 0-45 19t-19 45v128q0 26 19 45t45 19h320v320q0 26 19 45t45 19h128q26 0 45-19t19-45v-320h320q26 0 45-19t19-45zm256-544v960q0 119-84.5 203.5T1376 1664H416q-119 0-203.5-84.5T128 1376V416q0-119 84.5-203.5T416 128h960q119 0 203.5 84.5T1664 416z"/&gt;&lt;/svg&gt;&lt;/span&gt;
    
            &lt;span class="trace-class"&gt;&lt;abbr title="ContainerLzWfuku\EntityManager_9a5be93"&gt;EntityManager_9a5be93&lt;/abbr&gt;&lt;/span&gt;&lt;span class="trace-type"&gt;-&gt;&lt;/span&gt;&lt;span class="trace-method"&gt;find&lt;/span&gt;&lt;span class="trace-arguments"&gt;()&lt;/span&gt;    
                    &lt;span class="block trace-file-path"&gt;
            in
            &lt;a href=""&gt;
                C:\Users\eman\Documents\GitHub\car_dealer\vendor\doctrine\orm\lib\Doctrine\ORM\&lt;strong&gt;EntityRepository.php&lt;/strong&gt;
            &lt;/a&gt;
                        (line 174)
            &lt;span class="icon icon-copy hidden" data-clipboard-text="C:\Users\eman\Documents\GitHub\car_dealer\vendor\doctrine\orm\lib\Doctrine\ORM\EntityRepository.php:174"&gt;
                &lt;svg xmlns="http://www.w3.org/2000/svg" height="24" viewBox="0 0 24 24" width="24"&gt;&lt;path d="M0 0h24v24H0z" fill="none"/&gt;&lt;path d="M16 1H4c-1.1 0-2 .9-2 2v14h2V3h12V1zm3 4H8c-1.1 0-2 .9-2 2v14c0 1.1.9 2 2 2h11c1.1 0 2-.9 2-2V7c0-1.1-.9-2-2-2zm0 16H8V7h11v14z"/&gt;&lt;/svg&gt;            &lt;/span&gt;
        &lt;/span&gt;
    &lt;/div&gt;
    &lt;div id="trace-html-2-9" class="trace-code sf-toggle-content"&gt;
        &lt;ol start="169"&gt;&lt;li&gt;&lt;code&gt;&lt;span style="color: var(--highlight-comment)"&gt;&amp;nbsp;&amp;nbsp;&amp;nbsp;&amp;nbsp;&amp;nbsp;*&amp;nbsp;@return&amp;nbsp;object|null&amp;nbsp;The&amp;nbsp;entity&amp;nbsp;instance&amp;nbsp;or&amp;nbsp;NULL&amp;nbsp;if&amp;nbsp;the&amp;nbsp;entity&amp;nbsp;can&amp;nbsp;not&amp;nbsp;be&amp;nbsp;found.&lt;/span&gt;&lt;/code&gt;&lt;/li&gt;
&lt;li&gt;&lt;code&gt;&lt;span style="color: var(--highlight-comment)"&gt;&amp;nbsp;&amp;nbsp;&amp;nbsp;&amp;nbsp;&amp;nbsp;*&amp;nbsp;@psalm-return&amp;nbsp;?T&lt;/span&gt;&lt;/code&gt;&lt;/li&gt;
&lt;li&gt;&lt;code&gt;&lt;span style="color: var(--highlight-comment)"&gt;&amp;nbsp;&amp;nbsp;&amp;nbsp;&amp;nbsp;&amp;nbsp;*/&lt;/span&gt;&lt;/code&gt;&lt;/li&gt;
&lt;li&gt;&lt;code&gt;&lt;span style="color: var(--highlight-comment)"&gt;&amp;nbsp;&amp;nbsp;&amp;nbsp;&amp;nbsp;&lt;/span&gt;&lt;span style="color: var(--highlight-keyword)"&gt;public&amp;nbsp;function&amp;nbsp;&lt;/span&gt;&lt;span style="color: var(--highlight-default)"&gt;find&lt;/span&gt;&lt;span style="color: var(--highlight-keyword)"&gt;(&lt;/span&gt;&lt;span style="color: var(--highlight-default)"&gt;$id&lt;/span&gt;&lt;span style="color: var(--highlight-keyword)"&gt;,&amp;nbsp;&lt;/span&gt;&lt;span style="color: var(--highlight-default)"&gt;$lockMode&amp;nbsp;&lt;/span&gt;&lt;span style="color: var(--highlight-keyword)"&gt;=&amp;nbsp;&lt;/span&gt;&lt;span style="color: var(--highlight-default)"&gt;null&lt;/span&gt;&lt;span style="color: var(--highlight-keyword)"&gt;,&amp;nbsp;&lt;/span&gt;&lt;span style="color: var(--highlight-default)"&gt;$lockVersion&amp;nbsp;&lt;/span&gt;&lt;span style="color: var(--highlight-keyword)"&gt;=&amp;nbsp;&lt;/span&gt;&lt;span style="color: var(--highlight-default)"&gt;null&lt;/span&gt;&lt;span style="color: var(--highlight-keyword)"&gt;)&lt;/span&gt;&lt;/code&gt;&lt;/li&gt;
&lt;li&gt;&lt;code&gt;&lt;span style="color: var(--highlight-keyword)"&gt;&amp;nbsp;&amp;nbsp;&amp;nbsp;&amp;nbsp;{&lt;/span&gt;&lt;/code&gt;&lt;/li&gt;
&lt;li class="selected"&gt;&lt;code&gt;&lt;span style="color: var(--highlight-keyword)"&gt;&amp;nbsp;&amp;nbsp;&amp;nbsp;&amp;nbsp;&amp;nbsp;&amp;nbsp;&amp;nbsp;&amp;nbsp;return&amp;nbsp;&lt;/span&gt;&lt;span style="color: var(--highlight-default)"&gt;$this&lt;/span&gt;&lt;span style="color: var(--highlight-keyword)"&gt;-&amp;gt;&lt;/span&gt;&lt;span style="color: var(--highlight-default)"&gt;_em&lt;/span&gt;&lt;span style="color: var(--highlight-keyword)"&gt;-&amp;gt;&lt;/span&gt;&lt;span style="color: var(--highlight-default)"&gt;find&lt;/span&gt;&lt;span style="color: var(--highlight-keyword)"&gt;(&lt;/span&gt;&lt;span style="color: var(--highlight-default)"&gt;$this&lt;/span&gt;&lt;span style="color: var(--highlight-keyword)"&gt;-&amp;gt;&lt;/span&gt;&lt;span style="color: var(--highlight-default)"&gt;_entityName&lt;/span&gt;&lt;span style="color: var(--highlight-keyword)"&gt;,&amp;nbsp;&lt;/span&gt;&lt;span style="color: var(--highlight-default)"&gt;$id&lt;/span&gt;&lt;span style="color: var(--highlight-keyword)"&gt;,&amp;nbsp;&lt;/span&gt;&lt;span style="color: var(--highlight-default)"&gt;$lockMode&lt;/span&gt;&lt;span style="color: var(--highlight-keyword)"&gt;,&amp;nbsp;&lt;/span&gt;&lt;span style="color: var(--highlight-default)"&gt;$lockVersion&lt;/span&gt;&lt;span style="color: var(--highlight-keyword)"&gt;);&lt;/span&gt;&lt;/code&gt;&lt;/li&gt;
&lt;li&gt;&lt;code&gt;&lt;span style="color: var(--highlight-keyword)"&gt;&amp;nbsp;&amp;nbsp;&amp;nbsp;&amp;nbsp;}&lt;/span&gt;&lt;/code&gt;&lt;/li&gt;
&lt;li&gt;&lt;code&gt;&lt;span style="color: var(--highlight-keyword)"&gt;&lt;/span&gt;&lt;/code&gt;&lt;/li&gt;
&lt;li&gt;&lt;code&gt;&lt;span style="color: var(--highlight-keyword)"&gt;&amp;nbsp;&amp;nbsp;&amp;nbsp;&amp;nbsp;&lt;/span&gt;&lt;span style="color: var(--highlight-comment)"&gt;/**&lt;/span&gt;&lt;/code&gt;&lt;/li&gt;
&lt;li&gt;&lt;code&gt;&lt;span style="color: var(--highlight-comment)"&gt;&amp;nbsp;&amp;nbsp;&amp;nbsp;&amp;nbsp;&amp;nbsp;*&amp;nbsp;Finds&amp;nbsp;all&amp;nbsp;entities&amp;nbsp;in&amp;nbsp;the&amp;nbsp;repository.&lt;/span&gt;&lt;/code&gt;&lt;/li&gt;
&lt;li&gt;&lt;code&gt;&lt;span style="color: var(--highlight-comment)"&gt;&amp;nbsp;&amp;nbsp;&amp;nbsp;&amp;nbsp;&amp;nbsp;*&lt;/span&gt;&lt;/code&gt;&lt;/li&gt;&lt;/ol&gt;    &lt;/div&gt;            &lt;/div&gt;
                        &lt;div class="trace-line "&gt;
                &lt;div class="trace-line-header break-long-words sf-toggle" data-toggle-selector="#trace-html-2-10" data-toggle-initial=""&gt;
            &lt;span class="icon icon-close"&gt;&lt;svg width="1792" height="1792" viewBox="0 0 1792 1792" xmlns="http://www.w3.org/2000/svg"&gt;&lt;path d="M1408 960V832q0-26-19-45t-45-19H448q-26 0-45 19t-19 45v128q0 26 19 45t45 19h896q26 0 45-19t19-45zm256-544v960q0 119-84.5 203.5T1376 1664H416q-119 0-203.5-84.5T128 1376V416q0-119 84.5-203.5T416 128h960q119 0 203.5 84.5T1664 416z"/&gt;&lt;/svg&gt;&lt;/span&gt;
        &lt;span class="icon icon-open"&gt;&lt;svg width="1792" height="1792" viewBox="0 0 1792 1792" xmlns="http://www.w3.org/2000/svg"&gt;&lt;path d="M1408 960V832q0-26-19-45t-45-19h-320V448q0-26-19-45t-45-19H832q-26 0-45 19t-19 45v320H448q-26 0-45 19t-19 45v128q0 26 19 45t45 19h320v320q0 26 19 45t45 19h128q26 0 45-19t19-45v-320h320q26 0 45-19t19-45zm256-544v960q0 119-84.5 203.5T1376 1664H416q-119 0-203.5-84.5T128 1376V416q0-119 84.5-203.5T416 128h960q119 0 203.5 84.5T1664 416z"/&gt;&lt;/svg&gt;&lt;/span&gt;
    
            &lt;span class="trace-class"&gt;&lt;abbr title="Doctrine\ORM\EntityRepository"&gt;EntityRepository&lt;/abbr&gt;&lt;/span&gt;&lt;span class="trace-type"&gt;-&gt;&lt;/span&gt;&lt;span class="trace-method"&gt;find&lt;/span&gt;&lt;span class="trace-arguments"&gt;()&lt;/span&gt;    
                    &lt;span class="block trace-file-path"&gt;
            in
            &lt;a href=""&gt;
                C:\Users\eman\Documents\GitHub\car_dealer\vendor\sensio\framework-extra-bundle\src\Request\ParamConverter\&lt;strong&gt;DoctrineParamConverter.php&lt;/strong&gt;
            &lt;/a&gt;
                        (line 142)
            &lt;span class="icon icon-copy hidden" data-clipboard-text="C:\Users\eman\Documents\GitHub\car_dealer\vendor\sensio\framework-extra-bundle\src\Request\ParamConverter\DoctrineParamConverter.php:142"&gt;
                &lt;svg xmlns="http://www.w3.org/2000/svg" height="24" viewBox="0 0 24 24" width="24"&gt;&lt;path d="M0 0h24v24H0z" fill="none"/&gt;&lt;path d="M16 1H4c-1.1 0-2 .9-2 2v14h2V3h12V1zm3 4H8c-1.1 0-2 .9-2 2v14c0 1.1.9 2 2 2h11c1.1 0 2-.9 2-2V7c0-1.1-.9-2-2-2zm0 16H8V7h11v14z"/&gt;&lt;/svg&gt;            &lt;/span&gt;
        &lt;/span&gt;
    &lt;/div&gt;
    &lt;div id="trace-html-2-10" class="trace-code sf-toggle-content"&gt;
        &lt;ol start="137"&gt;&lt;li&gt;&lt;code&gt;&lt;span style="color: var(--highlight-keyword)"&gt;&amp;nbsp;&amp;nbsp;&amp;nbsp;&amp;nbsp;&amp;nbsp;&amp;nbsp;&amp;nbsp;&amp;nbsp;&amp;nbsp;&amp;nbsp;&amp;nbsp;&amp;nbsp;&amp;nbsp;&amp;nbsp;&amp;nbsp;&amp;nbsp;&lt;/span&gt;&lt;span style="color: var(--highlight-default)"&gt;$cacheProvider&lt;/span&gt;&lt;span style="color: var(--highlight-keyword)"&gt;-&amp;gt;&lt;/span&gt;&lt;span style="color: var(--highlight-default)"&gt;evictEntity&lt;/span&gt;&lt;span style="color: var(--highlight-keyword)"&gt;(&lt;/span&gt;&lt;span style="color: var(--highlight-default)"&gt;$class&lt;/span&gt;&lt;span style="color: var(--highlight-keyword)"&gt;,&amp;nbsp;&lt;/span&gt;&lt;span style="color: var(--highlight-default)"&gt;$id&lt;/span&gt;&lt;span style="color: var(--highlight-keyword)"&gt;);&lt;/span&gt;&lt;/code&gt;&lt;/li&gt;
&lt;li&gt;&lt;code&gt;&lt;span style="color: var(--highlight-keyword)"&gt;&amp;nbsp;&amp;nbsp;&amp;nbsp;&amp;nbsp;&amp;nbsp;&amp;nbsp;&amp;nbsp;&amp;nbsp;&amp;nbsp;&amp;nbsp;&amp;nbsp;&amp;nbsp;}&lt;/span&gt;&lt;/code&gt;&lt;/li&gt;
&lt;li&gt;&lt;code&gt;&lt;span style="color: var(--highlight-keyword)"&gt;&amp;nbsp;&amp;nbsp;&amp;nbsp;&amp;nbsp;&amp;nbsp;&amp;nbsp;&amp;nbsp;&amp;nbsp;}&lt;/span&gt;&lt;/code&gt;&lt;/li&gt;
&lt;li&gt;&lt;code&gt;&lt;span style="color: var(--highlight-keyword)"&gt;&lt;/span&gt;&lt;/code&gt;&lt;/li&gt;
&lt;li&gt;&lt;code&gt;&lt;span style="color: var(--highlight-keyword)"&gt;&amp;nbsp;&amp;nbsp;&amp;nbsp;&amp;nbsp;&amp;nbsp;&amp;nbsp;&amp;nbsp;&amp;nbsp;try&amp;nbsp;{&lt;/span&gt;&lt;/code&gt;&lt;/li&gt;
&lt;li class="selected"&gt;&lt;code&gt;&lt;span style="color: var(--highlight-keyword)"&gt;&amp;nbsp;&amp;nbsp;&amp;nbsp;&amp;nbsp;&amp;nbsp;&amp;nbsp;&amp;nbsp;&amp;nbsp;&amp;nbsp;&amp;nbsp;&amp;nbsp;&amp;nbsp;return&amp;nbsp;&lt;/span&gt;&lt;span style="color: var(--highlight-default)"&gt;$om&lt;/span&gt;&lt;span style="color: var(--highlight-keyword)"&gt;-&amp;gt;&lt;/span&gt;&lt;span style="color: var(--highlight-default)"&gt;getRepository&lt;/span&gt;&lt;span style="color: var(--highlight-keyword)"&gt;(&lt;/span&gt;&lt;span style="color: var(--highlight-default)"&gt;$class&lt;/span&gt;&lt;span style="color: var(--highlight-keyword)"&gt;)-&amp;gt;&lt;/span&gt;&lt;span style="color: var(--highlight-default)"&gt;$method&lt;/span&gt;&lt;span style="color: var(--highlight-keyword)"&gt;(&lt;/span&gt;&lt;span style="color: var(--highlight-default)"&gt;$id&lt;/span&gt;&lt;span style="color: var(--highlight-keyword)"&gt;);&lt;/span&gt;&lt;/code&gt;&lt;/li&gt;
&lt;li&gt;&lt;code&gt;&lt;span style="color: var(--highlight-keyword)"&gt;&amp;nbsp;&amp;nbsp;&amp;nbsp;&amp;nbsp;&amp;nbsp;&amp;nbsp;&amp;nbsp;&amp;nbsp;}&amp;nbsp;catch&amp;nbsp;(&lt;/span&gt;&lt;span style="color: var(--highlight-default)"&gt;NoResultException&amp;nbsp;$e&lt;/span&gt;&lt;span style="color: var(--highlight-keyword)"&gt;)&amp;nbsp;{&lt;/span&gt;&lt;/code&gt;&lt;/li&gt;
&lt;li&gt;&lt;code&gt;&lt;span style="color: var(--highlight-keyword)"&gt;&amp;nbsp;&amp;nbsp;&amp;nbsp;&amp;nbsp;&amp;nbsp;&amp;nbsp;&amp;nbsp;&amp;nbsp;&amp;nbsp;&amp;nbsp;&amp;nbsp;&amp;nbsp;return;&lt;/span&gt;&lt;/code&gt;&lt;/li&gt;
&lt;li&gt;&lt;code&gt;&lt;span style="color: var(--highlight-keyword)"&gt;&amp;nbsp;&amp;nbsp;&amp;nbsp;&amp;nbsp;&amp;nbsp;&amp;nbsp;&amp;nbsp;&amp;nbsp;}&amp;nbsp;catch&amp;nbsp;(&lt;/span&gt;&lt;span style="color: var(--highlight-default)"&gt;ConversionException&amp;nbsp;$e&lt;/span&gt;&lt;span style="color: var(--highlight-keyword)"&gt;)&amp;nbsp;{&lt;/span&gt;&lt;/code&gt;&lt;/li&gt;
&lt;li&gt;&lt;code&gt;&lt;span style="color: var(--highlight-keyword)"&gt;&amp;nbsp;&amp;nbsp;&amp;nbsp;&amp;nbsp;&amp;nbsp;&amp;nbsp;&amp;nbsp;&amp;nbsp;&amp;nbsp;&amp;nbsp;&amp;nbsp;&amp;nbsp;return;&lt;/span&gt;&lt;/code&gt;&lt;/li&gt;
&lt;li&gt;&lt;code&gt;&lt;span style="color: var(--highlight-keyword)"&gt;&amp;nbsp;&amp;nbsp;&amp;nbsp;&amp;nbsp;&amp;nbsp;&amp;nbsp;&amp;nbsp;&amp;nbsp;}&lt;/span&gt;&lt;/code&gt;&lt;/li&gt;&lt;/ol&gt;    &lt;/div&gt;            &lt;/div&gt;
                        &lt;div class="trace-line "&gt;
                &lt;div class="trace-line-header break-long-words sf-toggle" data-toggle-selector="#trace-html-2-11" data-toggle-initial=""&gt;
            &lt;span class="icon icon-close"&gt;&lt;svg width="1792" height="1792" viewBox="0 0 1792 1792" xmlns="http://www.w3.org/2000/svg"&gt;&lt;path d="M1408 960V832q0-26-19-45t-45-19H448q-26 0-45 19t-19 45v128q0 26 19 45t45 19h896q26 0 45-19t19-45zm256-544v960q0 119-84.5 203.5T1376 1664H416q-119 0-203.5-84.5T128 1376V416q0-119 84.5-203.5T416 128h960q119 0 203.5 84.5T1664 416z"/&gt;&lt;/svg&gt;&lt;/span&gt;
        &lt;span class="icon icon-open"&gt;&lt;svg width="1792" height="1792" viewBox="0 0 1792 1792" xmlns="http://www.w3.org/2000/svg"&gt;&lt;path d="M1408 960V832q0-26-19-45t-45-19h-320V448q0-26-19-45t-45-19H832q-26 0-45 19t-19 45v320H448q-26 0-45 19t-19 45v128q0 26 19 45t45 19h320v320q0 26 19 45t45 19h128q26 0 45-19t19-45v-320h320q26 0 45-19t19-45zm256-544v960q0 119-84.5 203.5T1376 1664H416q-119 0-203.5-84.5T128 1376V416q0-119 84.5-203.5T416 128h960q119 0 203.5 84.5T1664 416z"/&gt;&lt;/svg&gt;&lt;/span&gt;
    
            &lt;span class="trace-class"&gt;&lt;abbr title="Sensio\Bundle\FrameworkExtraBundle\Request\ParamConverter\DoctrineParamConverter"&gt;DoctrineParamConverter&lt;/abbr&gt;&lt;/span&gt;&lt;span class="trace-type"&gt;-&gt;&lt;/span&gt;&lt;span class="trace-method"&gt;find&lt;/span&gt;&lt;span class="trace-arguments"&gt;()&lt;/span&gt;    
                    &lt;span class="block trace-file-path"&gt;
            in
            &lt;a href=""&gt;
                C:\Users\eman\Documents\GitHub\car_dealer\vendor\sensio\framework-extra-bundle\src\Request\ParamConverter\&lt;strong&gt;DoctrineParamConverter.php&lt;/strong&gt;
            &lt;/a&gt;
                        (line 91)
            &lt;span class="icon icon-copy hidden" data-clipboard-text="C:\Users\eman\Documents\GitHub\car_dealer\vendor\sensio\framework-extra-bundle\src\Request\ParamConverter\DoctrineParamConverter.php:91"&gt;
                &lt;svg xmlns="http://www.w3.org/2000/svg" height="24" viewBox="0 0 24 24" width="24"&gt;&lt;path d="M0 0h24v24H0z" fill="none"/&gt;&lt;path d="M16 1H4c-1.1 0-2 .9-2 2v14h2V3h12V1zm3 4H8c-1.1 0-2 .9-2 2v14c0 1.1.9 2 2 2h11c1.1 0 2-.9 2-2V7c0-1.1-.9-2-2-2zm0 16H8V7h11v14z"/&gt;&lt;/svg&gt;            &lt;/span&gt;
        &lt;/span&gt;
    &lt;/div&gt;
    &lt;div id="trace-html-2-11" class="trace-code sf-toggle-content"&gt;
        &lt;ol start="86"&gt;&lt;li&gt;&lt;code&gt;&lt;span style="color: var(--highlight-keyword)"&gt;&amp;nbsp;&amp;nbsp;&amp;nbsp;&amp;nbsp;&amp;nbsp;&amp;nbsp;&amp;nbsp;&amp;nbsp;&amp;nbsp;&amp;nbsp;&amp;nbsp;&amp;nbsp;if&amp;nbsp;(&lt;/span&gt;&lt;span style="color: var(--highlight-default)"&gt;null&amp;nbsp;&lt;/span&gt;&lt;span style="color: var(--highlight-keyword)"&gt;===&amp;nbsp;&lt;/span&gt;&lt;span style="color: var(--highlight-default)"&gt;$object&lt;/span&gt;&lt;span style="color: var(--highlight-keyword)"&gt;)&amp;nbsp;{&lt;/span&gt;&lt;/code&gt;&lt;/li&gt;
&lt;li&gt;&lt;code&gt;&lt;span style="color: var(--highlight-keyword)"&gt;&amp;nbsp;&amp;nbsp;&amp;nbsp;&amp;nbsp;&amp;nbsp;&amp;nbsp;&amp;nbsp;&amp;nbsp;&amp;nbsp;&amp;nbsp;&amp;nbsp;&amp;nbsp;&amp;nbsp;&amp;nbsp;&amp;nbsp;&amp;nbsp;&lt;/span&gt;&lt;span style="color: var(--highlight-default)"&gt;$errorMessage&amp;nbsp;&lt;/span&gt;&lt;span style="color: var(--highlight-keyword)"&gt;=&amp;nbsp;&lt;/span&gt;&lt;span style="color: var(--highlight-default)"&gt;sprintf&lt;/span&gt;&lt;span style="color: var(--highlight-keyword)"&gt;(&lt;/span&gt;&lt;span style="color: var(--highlight-string)"&gt;'The&amp;nbsp;expression&amp;nbsp;"%s"&amp;nbsp;returned&amp;nbsp;null'&lt;/span&gt;&lt;span style="color: var(--highlight-keyword)"&gt;,&amp;nbsp;&lt;/span&gt;&lt;span style="color: var(--highlight-default)"&gt;$expr&lt;/span&gt;&lt;span style="color: var(--highlight-keyword)"&gt;);&lt;/span&gt;&lt;/code&gt;&lt;/li&gt;
&lt;li&gt;&lt;code&gt;&lt;span style="color: var(--highlight-keyword)"&gt;&amp;nbsp;&amp;nbsp;&amp;nbsp;&amp;nbsp;&amp;nbsp;&amp;nbsp;&amp;nbsp;&amp;nbsp;&amp;nbsp;&amp;nbsp;&amp;nbsp;&amp;nbsp;}&lt;/span&gt;&lt;/code&gt;&lt;/li&gt;
&lt;li&gt;&lt;code&gt;&lt;span style="color: var(--highlight-keyword)"&gt;&lt;/span&gt;&lt;/code&gt;&lt;/li&gt;
&lt;li&gt;&lt;code&gt;&lt;span style="color: var(--highlight-keyword)"&gt;&amp;nbsp;&amp;nbsp;&amp;nbsp;&amp;nbsp;&amp;nbsp;&amp;nbsp;&amp;nbsp;&amp;nbsp;&amp;nbsp;&amp;nbsp;&amp;nbsp;&amp;nbsp;&lt;/span&gt;&lt;span style="color: var(--highlight-comment)"&gt;//&amp;nbsp;find&amp;nbsp;by&amp;nbsp;identifier?&lt;/span&gt;&lt;/code&gt;&lt;/li&gt;
&lt;li class="selected"&gt;&lt;code&gt;&lt;span style="color: var(--highlight-comment)"&gt;&amp;nbsp;&amp;nbsp;&amp;nbsp;&amp;nbsp;&amp;nbsp;&amp;nbsp;&amp;nbsp;&amp;nbsp;&lt;/span&gt;&lt;span style="color: var(--highlight-keyword)"&gt;}&amp;nbsp;elseif&amp;nbsp;(&lt;/span&gt;&lt;span style="color: var(--highlight-default)"&gt;false&amp;nbsp;&lt;/span&gt;&lt;span style="color: var(--highlight-keyword)"&gt;===&amp;nbsp;&lt;/span&gt;&lt;span style="color: var(--highlight-default)"&gt;$object&amp;nbsp;&lt;/span&gt;&lt;span style="color: var(--highlight-keyword)"&gt;=&amp;nbsp;&lt;/span&gt;&lt;span style="color: var(--highlight-default)"&gt;$this&lt;/span&gt;&lt;span style="color: var(--highlight-keyword)"&gt;-&amp;gt;&lt;/span&gt;&lt;span style="color: var(--highlight-default)"&gt;find&lt;/span&gt;&lt;span style="color: var(--highlight-keyword)"&gt;(&lt;/span&gt;&lt;span style="color: var(--highlight-default)"&gt;$class&lt;/span&gt;&lt;span style="color: var(--highlight-keyword)"&gt;,&amp;nbsp;&lt;/span&gt;&lt;span style="color: var(--highlight-default)"&gt;$request&lt;/span&gt;&lt;span style="color: var(--highlight-keyword)"&gt;,&amp;nbsp;&lt;/span&gt;&lt;span style="color: var(--highlight-default)"&gt;$options&lt;/span&gt;&lt;span style="color: var(--highlight-keyword)"&gt;,&amp;nbsp;&lt;/span&gt;&lt;span style="color: var(--highlight-default)"&gt;$name&lt;/span&gt;&lt;span style="color: var(--highlight-keyword)"&gt;))&amp;nbsp;{&lt;/span&gt;&lt;/code&gt;&lt;/li&gt;
&lt;li&gt;&lt;code&gt;&lt;span style="color: var(--highlight-keyword)"&gt;&amp;nbsp;&amp;nbsp;&amp;nbsp;&amp;nbsp;&amp;nbsp;&amp;nbsp;&amp;nbsp;&amp;nbsp;&amp;nbsp;&amp;nbsp;&amp;nbsp;&amp;nbsp;&lt;/span&gt;&lt;span style="color: var(--highlight-comment)"&gt;//&amp;nbsp;find&amp;nbsp;by&amp;nbsp;criteria&lt;/span&gt;&lt;/code&gt;&lt;/li&gt;
&lt;li&gt;&lt;code&gt;&lt;span style="color: var(--highlight-comment)"&gt;&amp;nbsp;&amp;nbsp;&amp;nbsp;&amp;nbsp;&amp;nbsp;&amp;nbsp;&amp;nbsp;&amp;nbsp;&amp;nbsp;&amp;nbsp;&amp;nbsp;&amp;nbsp;&lt;/span&gt;&lt;span style="color: var(--highlight-keyword)"&gt;if&amp;nbsp;(&lt;/span&gt;&lt;span style="color: var(--highlight-default)"&gt;false&amp;nbsp;&lt;/span&gt;&lt;span style="color: var(--highlight-keyword)"&gt;===&amp;nbsp;&lt;/span&gt;&lt;span style="color: var(--highlight-default)"&gt;$object&amp;nbsp;&lt;/span&gt;&lt;span style="color: var(--highlight-keyword)"&gt;=&amp;nbsp;&lt;/span&gt;&lt;span style="color: var(--highlight-default)"&gt;$this&lt;/span&gt;&lt;span style="color: var(--highlight-keyword)"&gt;-&amp;gt;&lt;/span&gt;&lt;span style="color: var(--highlight-default)"&gt;findOneBy&lt;/span&gt;&lt;span style="color: var(--highlight-keyword)"&gt;(&lt;/span&gt;&lt;span style="color: var(--highlight-default)"&gt;$class&lt;/span&gt;&lt;span style="color: var(--highlight-keyword)"&gt;,&amp;nbsp;&lt;/span&gt;&lt;span style="color: var(--highlight-default)"&gt;$request&lt;/span&gt;&lt;span style="color: var(--highlight-keyword)"&gt;,&amp;nbsp;&lt;/span&gt;&lt;span style="color: var(--highlight-default)"&gt;$options&lt;/span&gt;&lt;span style="color: var(--highlight-keyword)"&gt;))&amp;nbsp;{&lt;/span&gt;&lt;/code&gt;&lt;/li&gt;
&lt;li&gt;&lt;code&gt;&lt;span style="color: var(--highlight-keyword)"&gt;&amp;nbsp;&amp;nbsp;&amp;nbsp;&amp;nbsp;&amp;nbsp;&amp;nbsp;&amp;nbsp;&amp;nbsp;&amp;nbsp;&amp;nbsp;&amp;nbsp;&amp;nbsp;&amp;nbsp;&amp;nbsp;&amp;nbsp;&amp;nbsp;if&amp;nbsp;(&lt;/span&gt;&lt;span style="color: var(--highlight-default)"&gt;$configuration&lt;/span&gt;&lt;span style="color: var(--highlight-keyword)"&gt;-&amp;gt;&lt;/span&gt;&lt;span style="color: var(--highlight-default)"&gt;isOptional&lt;/span&gt;&lt;span style="color: var(--highlight-keyword)"&gt;())&amp;nbsp;{&lt;/span&gt;&lt;/code&gt;&lt;/li&gt;
&lt;li&gt;&lt;code&gt;&lt;span style="color: var(--highlight-keyword)"&gt;&amp;nbsp;&amp;nbsp;&amp;nbsp;&amp;nbsp;&amp;nbsp;&amp;nbsp;&amp;nbsp;&amp;nbsp;&amp;nbsp;&amp;nbsp;&amp;nbsp;&amp;nbsp;&amp;nbsp;&amp;nbsp;&amp;nbsp;&amp;nbsp;&amp;nbsp;&amp;nbsp;&amp;nbsp;&amp;nbsp;&lt;/span&gt;&lt;span style="color: var(--highlight-default)"&gt;$object&amp;nbsp;&lt;/span&gt;&lt;span style="color: var(--highlight-keyword)"&gt;=&amp;nbsp;&lt;/span&gt;&lt;span style="color: var(--highlight-default)"&gt;null&lt;/span&gt;&lt;span style="color: var(--highlight-keyword)"&gt;;&lt;/span&gt;&lt;/code&gt;&lt;/li&gt;
&lt;li&gt;&lt;code&gt;&lt;span style="color: var(--highlight-keyword)"&gt;&amp;nbsp;&amp;nbsp;&amp;nbsp;&amp;nbsp;&amp;nbsp;&amp;nbsp;&amp;nbsp;&amp;nbsp;&amp;nbsp;&amp;nbsp;&amp;nbsp;&amp;nbsp;&amp;nbsp;&amp;nbsp;&amp;nbsp;&amp;nbsp;}&amp;nbsp;else&amp;nbsp;{&lt;/span&gt;&lt;/code&gt;&lt;/li&gt;&lt;/ol&gt;    &lt;/div&gt;            &lt;/div&gt;
                        &lt;div class="trace-line "&gt;
                &lt;div class="trace-line-header break-long-words sf-toggle" data-toggle-selector="#trace-html-2-12" data-toggle-initial=""&gt;
            &lt;span class="icon icon-close"&gt;&lt;svg width="1792" height="1792" viewBox="0 0 1792 1792" xmlns="http://www.w3.org/2000/svg"&gt;&lt;path d="M1408 960V832q0-26-19-45t-45-19H448q-26 0-45 19t-19 45v128q0 26 19 45t45 19h896q26 0 45-19t19-45zm256-544v960q0 119-84.5 203.5T1376 1664H416q-119 0-203.5-84.5T128 1376V416q0-119 84.5-203.5T416 128h960q119 0 203.5 84.5T1664 416z"/&gt;&lt;/svg&gt;&lt;/span&gt;
        &lt;span class="icon icon-open"&gt;&lt;svg width="1792" height="1792" viewBox="0 0 1792 1792" xmlns="http://www.w3.org/2000/svg"&gt;&lt;path d="M1408 960V832q0-26-19-45t-45-19h-320V448q0-26-19-45t-45-19H832q-26 0-45 19t-19 45v320H448q-26 0-45 19t-19 45v128q0 26 19 45t45 19h320v320q0 26 19 45t45 19h128q26 0 45-19t19-45v-320h320q26 0 45-19t19-45zm256-544v960q0 119-84.5 203.5T1376 1664H416q-119 0-203.5-84.5T128 1376V416q0-119 84.5-203.5T416 128h960q119 0 203.5 84.5T1664 416z"/&gt;&lt;/svg&gt;&lt;/span&gt;
    
            &lt;span class="trace-class"&gt;&lt;abbr title="Sensio\Bundle\FrameworkExtraBundle\Request\ParamConverter\DoctrineParamConverter"&gt;DoctrineParamConverter&lt;/abbr&gt;&lt;/span&gt;&lt;span class="trace-type"&gt;-&gt;&lt;/span&gt;&lt;span class="trace-method"&gt;apply&lt;/span&gt;&lt;span class="trace-arguments"&gt;()&lt;/span&gt;    
                    &lt;span class="block trace-file-path"&gt;
            in
            &lt;a href=""&gt;
                C:\Users\eman\Documents\GitHub\car_dealer\vendor\sensio\framework-extra-bundle\src\Request\ParamConverter\&lt;strong&gt;ParamConverterManager.php&lt;/strong&gt;
            &lt;/a&gt;
                        (line 84)
            &lt;span class="icon icon-copy hidden" data-clipboard-text="C:\Users\eman\Documents\GitHub\car_dealer\vendor\sensio\framework-extra-bundle\src\Request\ParamConverter\ParamConverterManager.php:84"&gt;
                &lt;svg xmlns="http://www.w3.org/2000/svg" height="24" viewBox="0 0 24 24" width="24"&gt;&lt;path d="M0 0h24v24H0z" fill="none"/&gt;&lt;path d="M16 1H4c-1.1 0-2 .9-2 2v14h2V3h12V1zm3 4H8c-1.1 0-2 .9-2 2v14c0 1.1.9 2 2 2h11c1.1 0 2-.9 2-2V7c0-1.1-.9-2-2-2zm0 16H8V7h11v14z"/&gt;&lt;/svg&gt;            &lt;/span&gt;
        &lt;/span&gt;
    &lt;/div&gt;
    &lt;div id="trace-html-2-12" class="trace-code sf-toggle-content"&gt;
        &lt;ol start="79"&gt;&lt;li&gt;&lt;code&gt;&lt;span style="color: var(--highlight-keyword)"&gt;&amp;nbsp;&amp;nbsp;&amp;nbsp;&amp;nbsp;&amp;nbsp;&amp;nbsp;&amp;nbsp;&amp;nbsp;&amp;nbsp;&amp;nbsp;&amp;nbsp;&amp;nbsp;return;&lt;/span&gt;&lt;/code&gt;&lt;/li&gt;
&lt;li&gt;&lt;code&gt;&lt;span style="color: var(--highlight-keyword)"&gt;&amp;nbsp;&amp;nbsp;&amp;nbsp;&amp;nbsp;&amp;nbsp;&amp;nbsp;&amp;nbsp;&amp;nbsp;}&lt;/span&gt;&lt;/code&gt;&lt;/li&gt;
&lt;li&gt;&lt;code&gt;&lt;span style="color: var(--highlight-keyword)"&gt;&lt;/span&gt;&lt;/code&gt;&lt;/li&gt;
&lt;li&gt;&lt;code&gt;&lt;span style="color: var(--highlight-keyword)"&gt;&amp;nbsp;&amp;nbsp;&amp;nbsp;&amp;nbsp;&amp;nbsp;&amp;nbsp;&amp;nbsp;&amp;nbsp;foreach&amp;nbsp;(&lt;/span&gt;&lt;span style="color: var(--highlight-default)"&gt;$this&lt;/span&gt;&lt;span style="color: var(--highlight-keyword)"&gt;-&amp;gt;&lt;/span&gt;&lt;span style="color: var(--highlight-default)"&gt;all&lt;/span&gt;&lt;span style="color: var(--highlight-keyword)"&gt;()&amp;nbsp;as&amp;nbsp;&lt;/span&gt;&lt;span style="color: var(--highlight-default)"&gt;$converter&lt;/span&gt;&lt;span style="color: var(--highlight-keyword)"&gt;)&amp;nbsp;{&lt;/span&gt;&lt;/code&gt;&lt;/li&gt;
&lt;li&gt;&lt;code&gt;&lt;span style="color: var(--highlight-keyword)"&gt;&amp;nbsp;&amp;nbsp;&amp;nbsp;&amp;nbsp;&amp;nbsp;&amp;nbsp;&amp;nbsp;&amp;nbsp;&amp;nbsp;&amp;nbsp;&amp;nbsp;&amp;nbsp;if&amp;nbsp;(&lt;/span&gt;&lt;span style="color: var(--highlight-default)"&gt;$converter&lt;/span&gt;&lt;span style="color: var(--highlight-keyword)"&gt;-&amp;gt;&lt;/span&gt;&lt;span style="color: var(--highlight-default)"&gt;supports&lt;/span&gt;&lt;span style="color: var(--highlight-keyword)"&gt;(&lt;/span&gt;&lt;span style="color: var(--highlight-default)"&gt;$configuration&lt;/span&gt;&lt;span style="color: var(--highlight-keyword)"&gt;))&amp;nbsp;{&lt;/span&gt;&lt;/code&gt;&lt;/li&gt;
&lt;li class="selected"&gt;&lt;code&gt;&lt;span style="color: var(--highlight-keyword)"&gt;&amp;nbsp;&amp;nbsp;&amp;nbsp;&amp;nbsp;&amp;nbsp;&amp;nbsp;&amp;nbsp;&amp;nbsp;&amp;nbsp;&amp;nbsp;&amp;nbsp;&amp;nbsp;&amp;nbsp;&amp;nbsp;&amp;nbsp;&amp;nbsp;if&amp;nbsp;(&lt;/span&gt;&lt;span style="color: var(--highlight-default)"&gt;$converter&lt;/span&gt;&lt;span style="color: var(--highlight-keyword)"&gt;-&amp;gt;&lt;/span&gt;&lt;span style="color: var(--highlight-default)"&gt;apply&lt;/span&gt;&lt;span style="color: var(--highlight-keyword)"&gt;(&lt;/span&gt;&lt;span style="color: var(--highlight-default)"&gt;$request&lt;/span&gt;&lt;span style="color: var(--highlight-keyword)"&gt;,&amp;nbsp;&lt;/span&gt;&lt;span style="color: var(--highlight-default)"&gt;$configuration&lt;/span&gt;&lt;span style="color: var(--highlight-keyword)"&gt;))&amp;nbsp;{&lt;/span&gt;&lt;/code&gt;&lt;/li&gt;
&lt;li&gt;&lt;code&gt;&lt;span style="color: var(--highlight-keyword)"&gt;&amp;nbsp;&amp;nbsp;&amp;nbsp;&amp;nbsp;&amp;nbsp;&amp;nbsp;&amp;nbsp;&amp;nbsp;&amp;nbsp;&amp;nbsp;&amp;nbsp;&amp;nbsp;&amp;nbsp;&amp;nbsp;&amp;nbsp;&amp;nbsp;&amp;nbsp;&amp;nbsp;&amp;nbsp;&amp;nbsp;return;&lt;/span&gt;&lt;/code&gt;&lt;/li&gt;
&lt;li&gt;&lt;code&gt;&lt;span style="color: var(--highlight-keyword)"&gt;&amp;nbsp;&amp;nbsp;&amp;nbsp;&amp;nbsp;&amp;nbsp;&amp;nbsp;&amp;nbsp;&amp;nbsp;&amp;nbsp;&amp;nbsp;&amp;nbsp;&amp;nbsp;&amp;nbsp;&amp;nbsp;&amp;nbsp;&amp;nbsp;}&lt;/span&gt;&lt;/code&gt;&lt;/li&gt;
&lt;li&gt;&lt;code&gt;&lt;span style="color: var(--highlight-keyword)"&gt;&amp;nbsp;&amp;nbsp;&amp;nbsp;&amp;nbsp;&amp;nbsp;&amp;nbsp;&amp;nbsp;&amp;nbsp;&amp;nbsp;&amp;nbsp;&amp;nbsp;&amp;nbsp;}&lt;/span&gt;&lt;/code&gt;&lt;/li&gt;
&lt;li&gt;&lt;code&gt;&lt;span style="color: var(--highlight-keyword)"&gt;&amp;nbsp;&amp;nbsp;&amp;nbsp;&amp;nbsp;&amp;nbsp;&amp;nbsp;&amp;nbsp;&amp;nbsp;}&lt;/span&gt;&lt;/code&gt;&lt;/li&gt;
&lt;li&gt;&lt;code&gt;&lt;span style="color: var(--highlight-keyword)"&gt;&amp;nbsp;&amp;nbsp;&amp;nbsp;&amp;nbsp;}&lt;/span&gt;&lt;/code&gt;&lt;/li&gt;&lt;/ol&gt;    &lt;/div&gt;            &lt;/div&gt;
                        &lt;div class="trace-line "&gt;
                &lt;div class="trace-line-header break-long-words sf-toggle" data-toggle-selector="#trace-html-2-13" data-toggle-initial=""&gt;
            &lt;span class="icon icon-close"&gt;&lt;svg width="1792" height="1792" viewBox="0 0 1792 1792" xmlns="http://www.w3.org/2000/svg"&gt;&lt;path d="M1408 960V832q0-26-19-45t-45-19H448q-26 0-45 19t-19 45v128q0 26 19 45t45 19h896q26 0 45-19t19-45zm256-544v960q0 119-84.5 203.5T1376 1664H416q-119 0-203.5-84.5T128 1376V416q0-119 84.5-203.5T416 128h960q119 0 203.5 84.5T1664 416z"/&gt;&lt;/svg&gt;&lt;/span&gt;
        &lt;span class="icon icon-open"&gt;&lt;svg width="1792" height="1792" viewBox="0 0 1792 1792" xmlns="http://www.w3.org/2000/svg"&gt;&lt;path d="M1408 960V832q0-26-19-45t-45-19h-320V448q0-26-19-45t-45-19H832q-26 0-45 19t-19 45v320H448q-26 0-45 19t-19 45v128q0 26 19 45t45 19h320v320q0 26 19 45t45 19h128q26 0 45-19t19-45v-320h320q26 0 45-19t19-45zm256-544v960q0 119-84.5 203.5T1376 1664H416q-119 0-203.5-84.5T128 1376V416q0-119 84.5-203.5T416 128h960q119 0 203.5 84.5T1664 416z"/&gt;&lt;/svg&gt;&lt;/span&gt;
    
            &lt;span class="trace-class"&gt;&lt;abbr title="Sensio\Bundle\FrameworkExtraBundle\Request\ParamConverter\ParamConverterManager"&gt;ParamConverterManager&lt;/abbr&gt;&lt;/span&gt;&lt;span class="trace-type"&gt;-&gt;&lt;/span&gt;&lt;span class="trace-method"&gt;applyConverter&lt;/span&gt;&lt;span class="trace-arguments"&gt;()&lt;/span&gt;    
                    &lt;span class="block trace-file-path"&gt;
            in
            &lt;a href=""&gt;
                C:\Users\eman\Documents\GitHub\car_dealer\vendor\sensio\framework-extra-bundle\src\Request\ParamConverter\&lt;strong&gt;ParamConverterManager.php&lt;/strong&gt;
            &lt;/a&gt;
                        (line 48)
            &lt;span class="icon icon-copy hidden" data-clipboard-text="C:\Users\eman\Documents\GitHub\car_dealer\vendor\sensio\framework-extra-bundle\src\Request\ParamConverter\ParamConverterManager.php:48"&gt;
                &lt;svg xmlns="http://www.w3.org/2000/svg" height="24" viewBox="0 0 24 24" width="24"&gt;&lt;path d="M0 0h24v24H0z" fill="none"/&gt;&lt;path d="M16 1H4c-1.1 0-2 .9-2 2v14h2V3h12V1zm3 4H8c-1.1 0-2 .9-2 2v14c0 1.1.9 2 2 2h11c1.1 0 2-.9 2-2V7c0-1.1-.9-2-2-2zm0 16H8V7h11v14z"/&gt;&lt;/svg&gt;            &lt;/span&gt;
        &lt;/span&gt;
    &lt;/div&gt;
    &lt;div id="trace-html-2-13" class="trace-code sf-toggle-content"&gt;
        &lt;ol start="43"&gt;&lt;li&gt;&lt;code&gt;&lt;span style="color: var(--highlight-keyword)"&gt;&amp;nbsp;&amp;nbsp;&amp;nbsp;&amp;nbsp;&amp;nbsp;&amp;nbsp;&amp;nbsp;&amp;nbsp;if&amp;nbsp;(&lt;/span&gt;&lt;span style="color: var(--highlight-default)"&gt;\is_object&lt;/span&gt;&lt;span style="color: var(--highlight-keyword)"&gt;(&lt;/span&gt;&lt;span style="color: var(--highlight-default)"&gt;$configurations&lt;/span&gt;&lt;span style="color: var(--highlight-keyword)"&gt;))&amp;nbsp;{&lt;/span&gt;&lt;/code&gt;&lt;/li&gt;
&lt;li&gt;&lt;code&gt;&lt;span style="color: var(--highlight-keyword)"&gt;&amp;nbsp;&amp;nbsp;&amp;nbsp;&amp;nbsp;&amp;nbsp;&amp;nbsp;&amp;nbsp;&amp;nbsp;&amp;nbsp;&amp;nbsp;&amp;nbsp;&amp;nbsp;&lt;/span&gt;&lt;span style="color: var(--highlight-default)"&gt;$configurations&amp;nbsp;&lt;/span&gt;&lt;span style="color: var(--highlight-keyword)"&gt;=&amp;nbsp;[&lt;/span&gt;&lt;span style="color: var(--highlight-default)"&gt;$configurations&lt;/span&gt;&lt;span style="color: var(--highlight-keyword)"&gt;];&lt;/span&gt;&lt;/code&gt;&lt;/li&gt;
&lt;li&gt;&lt;code&gt;&lt;span style="color: var(--highlight-keyword)"&gt;&amp;nbsp;&amp;nbsp;&amp;nbsp;&amp;nbsp;&amp;nbsp;&amp;nbsp;&amp;nbsp;&amp;nbsp;}&lt;/span&gt;&lt;/code&gt;&lt;/li&gt;
&lt;li&gt;&lt;code&gt;&lt;span style="color: var(--highlight-keyword)"&gt;&lt;/span&gt;&lt;/code&gt;&lt;/li&gt;
&lt;li&gt;&lt;code&gt;&lt;span style="color: var(--highlight-keyword)"&gt;&amp;nbsp;&amp;nbsp;&amp;nbsp;&amp;nbsp;&amp;nbsp;&amp;nbsp;&amp;nbsp;&amp;nbsp;foreach&amp;nbsp;(&lt;/span&gt;&lt;span style="color: var(--highlight-default)"&gt;$configurations&amp;nbsp;&lt;/span&gt;&lt;span style="color: var(--highlight-keyword)"&gt;as&amp;nbsp;&lt;/span&gt;&lt;span style="color: var(--highlight-default)"&gt;$configuration&lt;/span&gt;&lt;span style="color: var(--highlight-keyword)"&gt;)&amp;nbsp;{&lt;/span&gt;&lt;/code&gt;&lt;/li&gt;
&lt;li class="selected"&gt;&lt;code&gt;&lt;span style="color: var(--highlight-keyword)"&gt;&amp;nbsp;&amp;nbsp;&amp;nbsp;&amp;nbsp;&amp;nbsp;&amp;nbsp;&amp;nbsp;&amp;nbsp;&amp;nbsp;&amp;nbsp;&amp;nbsp;&amp;nbsp;&lt;/span&gt;&lt;span style="color: var(--highlight-default)"&gt;$this&lt;/span&gt;&lt;span style="color: var(--highlight-keyword)"&gt;-&amp;gt;&lt;/span&gt;&lt;span style="color: var(--highlight-default)"&gt;applyConverter&lt;/span&gt;&lt;span style="color: var(--highlight-keyword)"&gt;(&lt;/span&gt;&lt;span style="color: var(--highlight-default)"&gt;$request&lt;/span&gt;&lt;span style="color: var(--highlight-keyword)"&gt;,&amp;nbsp;&lt;/span&gt;&lt;span style="color: var(--highlight-default)"&gt;$configuration&lt;/span&gt;&lt;span style="color: var(--highlight-keyword)"&gt;);&lt;/span&gt;&lt;/code&gt;&lt;/li&gt;
&lt;li&gt;&lt;code&gt;&lt;span style="color: var(--highlight-keyword)"&gt;&amp;nbsp;&amp;nbsp;&amp;nbsp;&amp;nbsp;&amp;nbsp;&amp;nbsp;&amp;nbsp;&amp;nbsp;}&lt;/span&gt;&lt;/code&gt;&lt;/li&gt;
&lt;li&gt;&lt;code&gt;&lt;span style="color: var(--highlight-keyword)"&gt;&amp;nbsp;&amp;nbsp;&amp;nbsp;&amp;nbsp;}&lt;/span&gt;&lt;/code&gt;&lt;/li&gt;
&lt;li&gt;&lt;code&gt;&lt;span style="color: var(--highlight-keyword)"&gt;&lt;/span&gt;&lt;/code&gt;&lt;/li&gt;
&lt;li&gt;&lt;code&gt;&lt;span style="color: var(--highlight-keyword)"&gt;&amp;nbsp;&amp;nbsp;&amp;nbsp;&amp;nbsp;&lt;/span&gt;&lt;span style="color: var(--highlight-comment)"&gt;/**&lt;/span&gt;&lt;/code&gt;&lt;/li&gt;
&lt;li&gt;&lt;code&gt;&lt;span style="color: var(--highlight-comment)"&gt;&amp;nbsp;&amp;nbsp;&amp;nbsp;&amp;nbsp;&amp;nbsp;*&amp;nbsp;Applies&amp;nbsp;converter&amp;nbsp;on&amp;nbsp;request&amp;nbsp;based&amp;nbsp;on&amp;nbsp;the&amp;nbsp;given&amp;nbsp;configuration.&lt;/span&gt;&lt;/code&gt;&lt;/li&gt;&lt;/ol&gt;    &lt;/div&gt;            &lt;/div&gt;
                        &lt;div class="trace-line "&gt;
                &lt;div class="trace-line-header break-long-words sf-toggle" data-toggle-selector="#trace-html-2-14" data-toggle-initial=""&gt;
            &lt;span class="icon icon-close"&gt;&lt;svg width="1792" height="1792" viewBox="0 0 1792 1792" xmlns="http://www.w3.org/2000/svg"&gt;&lt;path d="M1408 960V832q0-26-19-45t-45-19H448q-26 0-45 19t-19 45v128q0 26 19 45t45 19h896q26 0 45-19t19-45zm256-544v960q0 119-84.5 203.5T1376 1664H416q-119 0-203.5-84.5T128 1376V416q0-119 84.5-203.5T416 128h960q119 0 203.5 84.5T1664 416z"/&gt;&lt;/svg&gt;&lt;/span&gt;
        &lt;span class="icon icon-open"&gt;&lt;svg width="1792" height="1792" viewBox="0 0 1792 1792" xmlns="http://www.w3.org/2000/svg"&gt;&lt;path d="M1408 960V832q0-26-19-45t-45-19h-320V448q0-26-19-45t-45-19H832q-26 0-45 19t-19 45v320H448q-26 0-45 19t-19 45v128q0 26 19 45t45 19h320v320q0 26 19 45t45 19h128q26 0 45-19t19-45v-320h320q26 0 45-19t19-45zm256-544v960q0 119-84.5 203.5T1376 1664H416q-119 0-203.5-84.5T128 1376V416q0-119 84.5-203.5T416 128h960q119 0 203.5 84.5T1664 416z"/&gt;&lt;/svg&gt;&lt;/span&gt;
    
            &lt;span class="trace-class"&gt;&lt;abbr title="Sensio\Bundle\FrameworkExtraBundle\Request\ParamConverter\ParamConverterManager"&gt;ParamConverterManager&lt;/abbr&gt;&lt;/span&gt;&lt;span class="trace-type"&gt;-&gt;&lt;/span&gt;&lt;span class="trace-method"&gt;apply&lt;/span&gt;&lt;span class="trace-arguments"&gt;()&lt;/span&gt;    
                    &lt;span class="block trace-file-path"&gt;
            in
            &lt;a href=""&gt;
                C:\Users\eman\Documents\GitHub\car_dealer\vendor\sensio\framework-extra-bundle\src\EventListener\&lt;strong&gt;ParamConverterListener.php&lt;/strong&gt;
            &lt;/a&gt;
                        (line 72)
            &lt;span class="icon icon-copy hidden" data-clipboard-text="C:\Users\eman\Documents\GitHub\car_dealer\vendor\sensio\framework-extra-bundle\src\EventListener\ParamConverterListener.php:72"&gt;
                &lt;svg xmlns="http://www.w3.org/2000/svg" height="24" viewBox="0 0 24 24" width="24"&gt;&lt;path d="M0 0h24v24H0z" fill="none"/&gt;&lt;path d="M16 1H4c-1.1 0-2 .9-2 2v14h2V3h12V1zm3 4H8c-1.1 0-2 .9-2 2v14c0 1.1.9 2 2 2h11c1.1 0 2-.9 2-2V7c0-1.1-.9-2-2-2zm0 16H8V7h11v14z"/&gt;&lt;/svg&gt;            &lt;/span&gt;
        &lt;/span&gt;
    &lt;/div&gt;
    &lt;div id="trace-html-2-14" class="trace-code sf-toggle-content"&gt;
        &lt;ol start="67"&gt;&lt;li&gt;&lt;code&gt;&lt;span style="color: var(--highlight-keyword)"&gt;&amp;nbsp;&amp;nbsp;&amp;nbsp;&amp;nbsp;&amp;nbsp;&amp;nbsp;&amp;nbsp;&amp;nbsp;&amp;nbsp;&amp;nbsp;&amp;nbsp;&amp;nbsp;}&lt;/span&gt;&lt;/code&gt;&lt;/li&gt;
&lt;li&gt;&lt;code&gt;&lt;span style="color: var(--highlight-keyword)"&gt;&lt;/span&gt;&lt;/code&gt;&lt;/li&gt;
&lt;li&gt;&lt;code&gt;&lt;span style="color: var(--highlight-keyword)"&gt;&amp;nbsp;&amp;nbsp;&amp;nbsp;&amp;nbsp;&amp;nbsp;&amp;nbsp;&amp;nbsp;&amp;nbsp;&amp;nbsp;&amp;nbsp;&amp;nbsp;&amp;nbsp;&lt;/span&gt;&lt;span style="color: var(--highlight-default)"&gt;$configurations&amp;nbsp;&lt;/span&gt;&lt;span style="color: var(--highlight-keyword)"&gt;=&amp;nbsp;&lt;/span&gt;&lt;span style="color: var(--highlight-default)"&gt;$this&lt;/span&gt;&lt;span style="color: var(--highlight-keyword)"&gt;-&amp;gt;&lt;/span&gt;&lt;span style="color: var(--highlight-default)"&gt;autoConfigure&lt;/span&gt;&lt;span style="color: var(--highlight-keyword)"&gt;(&lt;/span&gt;&lt;span style="color: var(--highlight-default)"&gt;$r&lt;/span&gt;&lt;span style="color: var(--highlight-keyword)"&gt;,&amp;nbsp;&lt;/span&gt;&lt;span style="color: var(--highlight-default)"&gt;$request&lt;/span&gt;&lt;span style="color: var(--highlight-keyword)"&gt;,&amp;nbsp;&lt;/span&gt;&lt;span style="color: var(--highlight-default)"&gt;$configurations&lt;/span&gt;&lt;span style="color: var(--highlight-keyword)"&gt;);&lt;/span&gt;&lt;/code&gt;&lt;/li&gt;
&lt;li&gt;&lt;code&gt;&lt;span style="color: var(--highlight-keyword)"&gt;&amp;nbsp;&amp;nbsp;&amp;nbsp;&amp;nbsp;&amp;nbsp;&amp;nbsp;&amp;nbsp;&amp;nbsp;}&lt;/span&gt;&lt;/code&gt;&lt;/li&gt;
&lt;li&gt;&lt;code&gt;&lt;span style="color: var(--highlight-keyword)"&gt;&lt;/span&gt;&lt;/code&gt;&lt;/li&gt;
&lt;li class="selected"&gt;&lt;code&gt;&lt;span style="color: var(--highlight-keyword)"&gt;&amp;nbsp;&amp;nbsp;&amp;nbsp;&amp;nbsp;&amp;nbsp;&amp;nbsp;&amp;nbsp;&amp;nbsp;&lt;/span&gt;&lt;span style="color: var(--highlight-default)"&gt;$this&lt;/span&gt;&lt;span style="color: var(--highlight-keyword)"&gt;-&amp;gt;&lt;/span&gt;&lt;span style="color: var(--highlight-default)"&gt;manager&lt;/span&gt;&lt;span style="color: var(--highlight-keyword)"&gt;-&amp;gt;&lt;/span&gt;&lt;span style="color: var(--highlight-default)"&gt;apply&lt;/span&gt;&lt;span style="color: var(--highlight-keyword)"&gt;(&lt;/span&gt;&lt;span style="color: var(--highlight-default)"&gt;$request&lt;/span&gt;&lt;span style="color: var(--highlight-keyword)"&gt;,&amp;nbsp;&lt;/span&gt;&lt;span style="color: var(--highlight-default)"&gt;$configurations&lt;/span&gt;&lt;span style="color: var(--highlight-keyword)"&gt;);&lt;/span&gt;&lt;/code&gt;&lt;/li&gt;
&lt;li&gt;&lt;code&gt;&lt;span style="color: var(--highlight-keyword)"&gt;&amp;nbsp;&amp;nbsp;&amp;nbsp;&amp;nbsp;}&lt;/span&gt;&lt;/code&gt;&lt;/li&gt;
&lt;li&gt;&lt;code&gt;&lt;span style="color: var(--highlight-keyword)"&gt;&lt;/span&gt;&lt;/code&gt;&lt;/li&gt;
&lt;li&gt;&lt;code&gt;&lt;span style="color: var(--highlight-keyword)"&gt;&amp;nbsp;&amp;nbsp;&amp;nbsp;&amp;nbsp;private&amp;nbsp;function&amp;nbsp;&lt;/span&gt;&lt;span style="color: var(--highlight-default)"&gt;autoConfigure&lt;/span&gt;&lt;span style="color: var(--highlight-keyword)"&gt;(&lt;/span&gt;&lt;span style="color: var(--highlight-default)"&gt;\ReflectionFunctionAbstract&amp;nbsp;$r&lt;/span&gt;&lt;span style="color: var(--highlight-keyword)"&gt;,&amp;nbsp;&lt;/span&gt;&lt;span style="color: var(--highlight-default)"&gt;Request&amp;nbsp;$request&lt;/span&gt;&lt;span style="color: var(--highlight-keyword)"&gt;,&amp;nbsp;&lt;/span&gt;&lt;span style="color: var(--highlight-default)"&gt;$configurations&lt;/span&gt;&lt;span style="color: var(--highlight-keyword)"&gt;)&lt;/span&gt;&lt;/code&gt;&lt;/li&gt;
&lt;li&gt;&lt;code&gt;&lt;span style="color: var(--highlight-keyword)"&gt;&amp;nbsp;&amp;nbsp;&amp;nbsp;&amp;nbsp;{&lt;/span&gt;&lt;/code&gt;&lt;/li&gt;
&lt;li&gt;&lt;code&gt;&lt;span style="color: var(--highlight-keyword)"&gt;&amp;nbsp;&amp;nbsp;&amp;nbsp;&amp;nbsp;&amp;nbsp;&amp;nbsp;&amp;nbsp;&amp;nbsp;foreach&amp;nbsp;(&lt;/span&gt;&lt;span style="color: var(--highlight-default)"&gt;$r&lt;/span&gt;&lt;span style="color: var(--highlight-keyword)"&gt;-&amp;gt;&lt;/span&gt;&lt;span style="color: var(--highlight-default)"&gt;getParameters&lt;/span&gt;&lt;span style="color: var(--highlight-keyword)"&gt;()&amp;nbsp;as&amp;nbsp;&lt;/span&gt;&lt;span style="color: var(--highlight-default)"&gt;$param&lt;/span&gt;&lt;span style="color: var(--highlight-keyword)"&gt;)&amp;nbsp;{&lt;/span&gt;&lt;/code&gt;&lt;/li&gt;&lt;/ol&gt;    &lt;/div&gt;            &lt;/div&gt;
                        &lt;div class="trace-line "&gt;
                &lt;div class="trace-line-header break-long-words sf-toggle" data-toggle-selector="#trace-html-2-15" data-toggle-initial=""&gt;
            &lt;span class="icon icon-close"&gt;&lt;svg width="1792" height="1792" viewBox="0 0 1792 1792" xmlns="http://www.w3.org/2000/svg"&gt;&lt;path d="M1408 960V832q0-26-19-45t-45-19H448q-26 0-45 19t-19 45v128q0 26 19 45t45 19h896q26 0 45-19t19-45zm256-544v960q0 119-84.5 203.5T1376 1664H416q-119 0-203.5-84.5T128 1376V416q0-119 84.5-203.5T416 128h960q119 0 203.5 84.5T1664 416z"/&gt;&lt;/svg&gt;&lt;/span&gt;
        &lt;span class="icon icon-open"&gt;&lt;svg width="1792" height="1792" viewBox="0 0 1792 1792" xmlns="http://www.w3.org/2000/svg"&gt;&lt;path d="M1408 960V832q0-26-19-45t-45-19h-320V448q0-26-19-45t-45-19H832q-26 0-45 19t-19 45v320H448q-26 0-45 19t-19 45v128q0 26 19 45t45 19h320v320q0 26 19 45t45 19h128q26 0 45-19t19-45v-320h320q26 0 45-19t19-45zm256-544v960q0 119-84.5 203.5T1376 1664H416q-119 0-203.5-84.5T128 1376V416q0-119 84.5-203.5T416 128h960q119 0 203.5 84.5T1664 416z"/&gt;&lt;/svg&gt;&lt;/span&gt;
    
            &lt;span class="trace-class"&gt;&lt;abbr title="Sensio\Bundle\FrameworkExtraBundle\EventListener\ParamConverterListener"&gt;ParamConverterListener&lt;/abbr&gt;&lt;/span&gt;&lt;span class="trace-type"&gt;-&gt;&lt;/span&gt;&lt;span class="trace-method"&gt;onKernelController&lt;/span&gt;&lt;span class="trace-arguments"&gt;()&lt;/span&gt;    
                    &lt;span class="block trace-file-path"&gt;
            in
            &lt;a href=""&gt;
                C:\Users\eman\Documents\GitHub\car_dealer\vendor\symfony\event-dispatcher\Debug\&lt;strong&gt;WrappedListener.php&lt;/strong&gt;
            &lt;/a&gt;
                        (line 111)
            &lt;span class="icon icon-copy hidden" data-clipboard-text="C:\Users\eman\Documents\GitHub\car_dealer\vendor\symfony\event-dispatcher\Debug\WrappedListener.php:111"&gt;
                &lt;svg xmlns="http://www.w3.org/2000/svg" height="24" viewBox="0 0 24 24" width="24"&gt;&lt;path d="M0 0h24v24H0z" fill="none"/&gt;&lt;path d="M16 1H4c-1.1 0-2 .9-2 2v14h2V3h12V1zm3 4H8c-1.1 0-2 .9-2 2v14c0 1.1.9 2 2 2h11c1.1 0 2-.9 2-2V7c0-1.1-.9-2-2-2zm0 16H8V7h11v14z"/&gt;&lt;/svg&gt;            &lt;/span&gt;
        &lt;/span&gt;
    &lt;/div&gt;
    &lt;div id="trace-html-2-15" class="trace-code sf-toggle-content"&gt;
        &lt;ol start="106"&gt;&lt;li&gt;&lt;code&gt;&lt;span style="color: var(--highlight-keyword)"&gt;&amp;nbsp;&amp;nbsp;&amp;nbsp;&amp;nbsp;&amp;nbsp;&amp;nbsp;&amp;nbsp;&amp;nbsp;&lt;/span&gt;&lt;span style="color: var(--highlight-default)"&gt;$this&lt;/span&gt;&lt;span style="color: var(--highlight-keyword)"&gt;-&amp;gt;&lt;/span&gt;&lt;span style="color: var(--highlight-default)"&gt;called&amp;nbsp;&lt;/span&gt;&lt;span style="color: var(--highlight-keyword)"&gt;=&amp;nbsp;&lt;/span&gt;&lt;span style="color: var(--highlight-default)"&gt;true&lt;/span&gt;&lt;span style="color: var(--highlight-keyword)"&gt;;&lt;/span&gt;&lt;/code&gt;&lt;/li&gt;
&lt;li&gt;&lt;code&gt;&lt;span style="color: var(--highlight-keyword)"&gt;&amp;nbsp;&amp;nbsp;&amp;nbsp;&amp;nbsp;&amp;nbsp;&amp;nbsp;&amp;nbsp;&amp;nbsp;&lt;/span&gt;&lt;span style="color: var(--highlight-default)"&gt;$this&lt;/span&gt;&lt;span style="color: var(--highlight-keyword)"&gt;-&amp;gt;&lt;/span&gt;&lt;span style="color: var(--highlight-default)"&gt;priority&amp;nbsp;&lt;/span&gt;&lt;span style="color: var(--highlight-keyword)"&gt;=&amp;nbsp;&lt;/span&gt;&lt;span style="color: var(--highlight-default)"&gt;$dispatcher&lt;/span&gt;&lt;span style="color: var(--highlight-keyword)"&gt;-&amp;gt;&lt;/span&gt;&lt;span style="color: var(--highlight-default)"&gt;getListenerPriority&lt;/span&gt;&lt;span style="color: var(--highlight-keyword)"&gt;(&lt;/span&gt;&lt;span style="color: var(--highlight-default)"&gt;$eventName&lt;/span&gt;&lt;span style="color: var(--highlight-keyword)"&gt;,&amp;nbsp;&lt;/span&gt;&lt;span style="color: var(--highlight-default)"&gt;$this&lt;/span&gt;&lt;span style="color: var(--highlight-keyword)"&gt;-&amp;gt;&lt;/span&gt;&lt;span style="color: var(--highlight-default)"&gt;listener&lt;/span&gt;&lt;span style="color: var(--highlight-keyword)"&gt;);&lt;/span&gt;&lt;/code&gt;&lt;/li&gt;
&lt;li&gt;&lt;code&gt;&lt;span style="color: var(--highlight-keyword)"&gt;&lt;/span&gt;&lt;/code&gt;&lt;/li&gt;
&lt;li&gt;&lt;code&gt;&lt;span style="color: var(--highlight-keyword)"&gt;&amp;nbsp;&amp;nbsp;&amp;nbsp;&amp;nbsp;&amp;nbsp;&amp;nbsp;&amp;nbsp;&amp;nbsp;&lt;/span&gt;&lt;span style="color: var(--highlight-default)"&gt;$e&amp;nbsp;&lt;/span&gt;&lt;span style="color: var(--highlight-keyword)"&gt;=&amp;nbsp;&lt;/span&gt;&lt;span style="color: var(--highlight-default)"&gt;$this&lt;/span&gt;&lt;span style="color: var(--highlight-keyword)"&gt;-&amp;gt;&lt;/span&gt;&lt;span style="color: var(--highlight-default)"&gt;stopwatch&lt;/span&gt;&lt;span style="color: var(--highlight-keyword)"&gt;-&amp;gt;&lt;/span&gt;&lt;span style="color: var(--highlight-default)"&gt;start&lt;/span&gt;&lt;span style="color: var(--highlight-keyword)"&gt;(&lt;/span&gt;&lt;span style="color: var(--highlight-default)"&gt;$this&lt;/span&gt;&lt;span style="color: var(--highlight-keyword)"&gt;-&amp;gt;&lt;/span&gt;&lt;span style="color: var(--highlight-default)"&gt;name&lt;/span&gt;&lt;span style="color: var(--highlight-keyword)"&gt;,&amp;nbsp;&lt;/span&gt;&lt;span style="color: var(--highlight-string)"&gt;'event_listener'&lt;/span&gt;&lt;span style="color: var(--highlight-keyword)"&gt;);&lt;/span&gt;&lt;/code&gt;&lt;/li&gt;
&lt;li&gt;&lt;code&gt;&lt;span style="color: var(--highlight-keyword)"&gt;&lt;/span&gt;&lt;/code&gt;&lt;/li&gt;
&lt;li class="selected"&gt;&lt;code&gt;&lt;span style="color: var(--highlight-keyword)"&gt;&amp;nbsp;&amp;nbsp;&amp;nbsp;&amp;nbsp;&amp;nbsp;&amp;nbsp;&amp;nbsp;&amp;nbsp;(&lt;/span&gt;&lt;span style="color: var(--highlight-default)"&gt;$this&lt;/span&gt;&lt;span style="color: var(--highlight-keyword)"&gt;-&amp;gt;&lt;/span&gt;&lt;span style="color: var(--highlight-default)"&gt;optimizedListener&amp;nbsp;&lt;/span&gt;&lt;span style="color: var(--highlight-keyword)"&gt;??&amp;nbsp;&lt;/span&gt;&lt;span style="color: var(--highlight-default)"&gt;$this&lt;/span&gt;&lt;span style="color: var(--highlight-keyword)"&gt;-&amp;gt;&lt;/span&gt;&lt;span style="color: var(--highlight-default)"&gt;listener&lt;/span&gt;&lt;span style="color: var(--highlight-keyword)"&gt;)(&lt;/span&gt;&lt;span style="color: var(--highlight-default)"&gt;$event&lt;/span&gt;&lt;span style="color: var(--highlight-keyword)"&gt;,&amp;nbsp;&lt;/span&gt;&lt;span style="color: var(--highlight-default)"&gt;$eventName&lt;/span&gt;&lt;span style="color: var(--highlight-keyword)"&gt;,&amp;nbsp;&lt;/span&gt;&lt;span style="color: var(--highlight-default)"&gt;$dispatcher&lt;/span&gt;&lt;span style="color: var(--highlight-keyword)"&gt;);&lt;/span&gt;&lt;/code&gt;&lt;/li&gt;
&lt;li&gt;&lt;code&gt;&lt;span style="color: var(--highlight-keyword)"&gt;&lt;/span&gt;&lt;/code&gt;&lt;/li&gt;
&lt;li&gt;&lt;code&gt;&lt;span style="color: var(--highlight-keyword)"&gt;&amp;nbsp;&amp;nbsp;&amp;nbsp;&amp;nbsp;&amp;nbsp;&amp;nbsp;&amp;nbsp;&amp;nbsp;if&amp;nbsp;(&lt;/span&gt;&lt;span style="color: var(--highlight-default)"&gt;$e&lt;/span&gt;&lt;span style="color: var(--highlight-keyword)"&gt;-&amp;gt;&lt;/span&gt;&lt;span style="color: var(--highlight-default)"&gt;isStarted&lt;/span&gt;&lt;span style="color: var(--highlight-keyword)"&gt;())&amp;nbsp;{&lt;/span&gt;&lt;/code&gt;&lt;/li&gt;
&lt;li&gt;&lt;code&gt;&lt;span style="color: var(--highlight-keyword)"&gt;&amp;nbsp;&amp;nbsp;&amp;nbsp;&amp;nbsp;&amp;nbsp;&amp;nbsp;&amp;nbsp;&amp;nbsp;&amp;nbsp;&amp;nbsp;&amp;nbsp;&amp;nbsp;&lt;/span&gt;&lt;span style="color: var(--highlight-default)"&gt;$e&lt;/span&gt;&lt;span style="color: var(--highlight-keyword)"&gt;-&amp;gt;&lt;/span&gt;&lt;span style="color: var(--highlight-default)"&gt;stop&lt;/span&gt;&lt;span style="color: var(--highlight-keyword)"&gt;();&lt;/span&gt;&lt;/code&gt;&lt;/li&gt;
&lt;li&gt;&lt;code&gt;&lt;span style="color: var(--highlight-keyword)"&gt;&amp;nbsp;&amp;nbsp;&amp;nbsp;&amp;nbsp;&amp;nbsp;&amp;nbsp;&amp;nbsp;&amp;nbsp;}&lt;/span&gt;&lt;/code&gt;&lt;/li&gt;
&lt;li&gt;&lt;code&gt;&lt;span style="color: var(--highlight-keyword)"&gt;&lt;/span&gt;&lt;/code&gt;&lt;/li&gt;&lt;/ol&gt;    &lt;/div&gt;            &lt;/div&gt;
                        &lt;div class="trace-line "&gt;
                &lt;div class="trace-line-header break-long-words sf-toggle" data-toggle-selector="#trace-html-2-16" data-toggle-initial=""&gt;
            &lt;span class="icon icon-close"&gt;&lt;svg width="1792" height="1792" viewBox="0 0 1792 1792" xmlns="http://www.w3.org/2000/svg"&gt;&lt;path d="M1408 960V832q0-26-19-45t-45-19H448q-26 0-45 19t-19 45v128q0 26 19 45t45 19h896q26 0 45-19t19-45zm256-544v960q0 119-84.5 203.5T1376 1664H416q-119 0-203.5-84.5T128 1376V416q0-119 84.5-203.5T416 128h960q119 0 203.5 84.5T1664 416z"/&gt;&lt;/svg&gt;&lt;/span&gt;
        &lt;span class="icon icon-open"&gt;&lt;svg width="1792" height="1792" viewBox="0 0 1792 1792" xmlns="http://www.w3.org/2000/svg"&gt;&lt;path d="M1408 960V832q0-26-19-45t-45-19h-320V448q0-26-19-45t-45-19H832q-26 0-45 19t-19 45v320H448q-26 0-45 19t-19 45v128q0 26 19 45t45 19h320v320q0 26 19 45t45 19h128q26 0 45-19t19-45v-320h320q26 0 45-19t19-45zm256-544v960q0 119-84.5 203.5T1376 1664H416q-119 0-203.5-84.5T128 1376V416q0-119 84.5-203.5T416 128h960q119 0 203.5 84.5T1664 416z"/&gt;&lt;/svg&gt;&lt;/span&gt;
    
            &lt;span class="trace-class"&gt;&lt;abbr title="Symfony\Component\EventDispatcher\Debug\WrappedListener"&gt;WrappedListener&lt;/abbr&gt;&lt;/span&gt;&lt;span class="trace-type"&gt;-&gt;&lt;/span&gt;&lt;span class="trace-method"&gt;__invoke&lt;/span&gt;&lt;span class="trace-arguments"&gt;()&lt;/span&gt;    
                    &lt;span class="block trace-file-path"&gt;
            in
            &lt;a href=""&gt;
                C:\Users\eman\Documents\GitHub\car_dealer\vendor\symfony\event-dispatcher\&lt;strong&gt;EventDispatcher.php&lt;/strong&gt;
            &lt;/a&gt;
                        (line 230)
            &lt;span class="icon icon-copy hidden" data-clipboard-text="C:\Users\eman\Documents\GitHub\car_dealer\vendor\symfony\event-dispatcher\EventDispatcher.php:230"&gt;
                &lt;svg xmlns="http://www.w3.org/2000/svg" height="24" viewBox="0 0 24 24" width="24"&gt;&lt;path d="M0 0h24v24H0z" fill="none"/&gt;&lt;path d="M16 1H4c-1.1 0-2 .9-2 2v14h2V3h12V1zm3 4H8c-1.1 0-2 .9-2 2v14c0 1.1.9 2 2 2h11c1.1 0 2-.9 2-2V7c0-1.1-.9-2-2-2zm0 16H8V7h11v14z"/&gt;&lt;/svg&gt;            &lt;/span&gt;
        &lt;/span&gt;
    &lt;/div&gt;
    &lt;div id="trace-html-2-16" class="trace-code sf-toggle-content"&gt;
        &lt;ol start="225"&gt;&lt;li&gt;&lt;code&gt;&lt;span style="color: var(--highlight-keyword)"&gt;&lt;/span&gt;&lt;/code&gt;&lt;/li&gt;
&lt;li&gt;&lt;code&gt;&lt;span style="color: var(--highlight-keyword)"&gt;&amp;nbsp;&amp;nbsp;&amp;nbsp;&amp;nbsp;&amp;nbsp;&amp;nbsp;&amp;nbsp;&amp;nbsp;foreach&amp;nbsp;(&lt;/span&gt;&lt;span style="color: var(--highlight-default)"&gt;$listeners&amp;nbsp;&lt;/span&gt;&lt;span style="color: var(--highlight-keyword)"&gt;as&amp;nbsp;&lt;/span&gt;&lt;span style="color: var(--highlight-default)"&gt;$listener&lt;/span&gt;&lt;span style="color: var(--highlight-keyword)"&gt;)&amp;nbsp;{&lt;/span&gt;&lt;/code&gt;&lt;/li&gt;
&lt;li&gt;&lt;code&gt;&lt;span style="color: var(--highlight-keyword)"&gt;&amp;nbsp;&amp;nbsp;&amp;nbsp;&amp;nbsp;&amp;nbsp;&amp;nbsp;&amp;nbsp;&amp;nbsp;&amp;nbsp;&amp;nbsp;&amp;nbsp;&amp;nbsp;if&amp;nbsp;(&lt;/span&gt;&lt;span style="color: var(--highlight-default)"&gt;$stoppable&amp;nbsp;&lt;/span&gt;&lt;span style="color: var(--highlight-keyword)"&gt;&amp;amp;&amp;amp;&amp;nbsp;&lt;/span&gt;&lt;span style="color: var(--highlight-default)"&gt;$event&lt;/span&gt;&lt;span style="color: var(--highlight-keyword)"&gt;-&amp;gt;&lt;/span&gt;&lt;span style="color: var(--highlight-default)"&gt;isPropagationStopped&lt;/span&gt;&lt;span style="color: var(--highlight-keyword)"&gt;())&amp;nbsp;{&lt;/span&gt;&lt;/code&gt;&lt;/li&gt;
&lt;li&gt;&lt;code&gt;&lt;span style="color: var(--highlight-keyword)"&gt;&amp;nbsp;&amp;nbsp;&amp;nbsp;&amp;nbsp;&amp;nbsp;&amp;nbsp;&amp;nbsp;&amp;nbsp;&amp;nbsp;&amp;nbsp;&amp;nbsp;&amp;nbsp;&amp;nbsp;&amp;nbsp;&amp;nbsp;&amp;nbsp;break;&lt;/span&gt;&lt;/code&gt;&lt;/li&gt;
&lt;li&gt;&lt;code&gt;&lt;span style="color: var(--highlight-keyword)"&gt;&amp;nbsp;&amp;nbsp;&amp;nbsp;&amp;nbsp;&amp;nbsp;&amp;nbsp;&amp;nbsp;&amp;nbsp;&amp;nbsp;&amp;nbsp;&amp;nbsp;&amp;nbsp;}&lt;/span&gt;&lt;/code&gt;&lt;/li&gt;
&lt;li class="selected"&gt;&lt;code&gt;&lt;span style="color: var(--highlight-keyword)"&gt;&amp;nbsp;&amp;nbsp;&amp;nbsp;&amp;nbsp;&amp;nbsp;&amp;nbsp;&amp;nbsp;&amp;nbsp;&amp;nbsp;&amp;nbsp;&amp;nbsp;&amp;nbsp;&lt;/span&gt;&lt;span style="color: var(--highlight-default)"&gt;$listener&lt;/span&gt;&lt;span style="color: var(--highlight-keyword)"&gt;(&lt;/span&gt;&lt;span style="color: var(--highlight-default)"&gt;$event&lt;/span&gt;&lt;span style="color: var(--highlight-keyword)"&gt;,&amp;nbsp;&lt;/span&gt;&lt;span style="color: var(--highlight-default)"&gt;$eventName&lt;/span&gt;&lt;span style="color: var(--highlight-keyword)"&gt;,&amp;nbsp;&lt;/span&gt;&lt;span style="color: var(--highlight-default)"&gt;$this&lt;/span&gt;&lt;span style="color: var(--highlight-keyword)"&gt;);&lt;/span&gt;&lt;/code&gt;&lt;/li&gt;
&lt;li&gt;&lt;code&gt;&lt;span style="color: var(--highlight-keyword)"&gt;&amp;nbsp;&amp;nbsp;&amp;nbsp;&amp;nbsp;&amp;nbsp;&amp;nbsp;&amp;nbsp;&amp;nbsp;}&lt;/span&gt;&lt;/code&gt;&lt;/li&gt;
&lt;li&gt;&lt;code&gt;&lt;span style="color: var(--highlight-keyword)"&gt;&amp;nbsp;&amp;nbsp;&amp;nbsp;&amp;nbsp;}&lt;/span&gt;&lt;/code&gt;&lt;/li&gt;
&lt;li&gt;&lt;code&gt;&lt;span style="color: var(--highlight-keyword)"&gt;&lt;/span&gt;&lt;/code&gt;&lt;/li&gt;
&lt;li&gt;&lt;code&gt;&lt;span style="color: var(--highlight-keyword)"&gt;&amp;nbsp;&amp;nbsp;&amp;nbsp;&amp;nbsp;&lt;/span&gt;&lt;span style="color: var(--highlight-comment)"&gt;/**&lt;/span&gt;&lt;/code&gt;&lt;/li&gt;
&lt;li&gt;&lt;code&gt;&lt;span style="color: var(--highlight-comment)"&gt;&amp;nbsp;&amp;nbsp;&amp;nbsp;&amp;nbsp;&amp;nbsp;*&amp;nbsp;Sorts&amp;nbsp;the&amp;nbsp;internal&amp;nbsp;list&amp;nbsp;of&amp;nbsp;listeners&amp;nbsp;for&amp;nbsp;the&amp;nbsp;given&amp;nbsp;event&amp;nbsp;by&amp;nbsp;priority.&lt;/span&gt;&lt;/code&gt;&lt;/li&gt;&lt;/ol&gt;    &lt;/div&gt;            &lt;/div&gt;
                        &lt;div class="trace-line "&gt;
                &lt;div class="trace-line-header break-long-words sf-toggle" data-toggle-selector="#trace-html-2-17" data-toggle-initial=""&gt;
            &lt;span class="icon icon-close"&gt;&lt;svg width="1792" height="1792" viewBox="0 0 1792 1792" xmlns="http://www.w3.org/2000/svg"&gt;&lt;path d="M1408 960V832q0-26-19-45t-45-19H448q-26 0-45 19t-19 45v128q0 26 19 45t45 19h896q26 0 45-19t19-45zm256-544v960q0 119-84.5 203.5T1376 1664H416q-119 0-203.5-84.5T128 1376V416q0-119 84.5-203.5T416 128h960q119 0 203.5 84.5T1664 416z"/&gt;&lt;/svg&gt;&lt;/span&gt;
        &lt;span class="icon icon-open"&gt;&lt;svg width="1792" height="1792" viewBox="0 0 1792 1792" xmlns="http://www.w3.org/2000/svg"&gt;&lt;path d="M1408 960V832q0-26-19-45t-45-19h-320V448q0-26-19-45t-45-19H832q-26 0-45 19t-19 45v320H448q-26 0-45 19t-19 45v128q0 26 19 45t45 19h320v320q0 26 19 45t45 19h128q26 0 45-19t19-45v-320h320q26 0 45-19t19-45zm256-544v960q0 119-84.5 203.5T1376 1664H416q-119 0-203.5-84.5T128 1376V416q0-119 84.5-203.5T416 128h960q119 0 203.5 84.5T1664 416z"/&gt;&lt;/svg&gt;&lt;/span&gt;
    
            &lt;span class="trace-class"&gt;&lt;abbr title="Symfony\Component\EventDispatcher\EventDispatcher"&gt;EventDispatcher&lt;/abbr&gt;&lt;/span&gt;&lt;span class="trace-type"&gt;-&gt;&lt;/span&gt;&lt;span class="trace-method"&gt;callListeners&lt;/span&gt;&lt;span class="trace-arguments"&gt;()&lt;/span&gt;    
                    &lt;span class="block trace-file-path"&gt;
            in
            &lt;a href=""&gt;
                C:\Users\eman\Documents\GitHub\car_dealer\vendor\symfony\event-dispatcher\&lt;strong&gt;EventDispatcher.php&lt;/strong&gt;
            &lt;/a&gt;
                        (line 59)
            &lt;span class="icon icon-copy hidden" data-clipboard-text="C:\Users\eman\Documents\GitHub\car_dealer\vendor\symfony\event-dispatcher\EventDispatcher.php:59"&gt;
                &lt;svg xmlns="http://www.w3.org/2000/svg" height="24" viewBox="0 0 24 24" width="24"&gt;&lt;path d="M0 0h24v24H0z" fill="none"/&gt;&lt;path d="M16 1H4c-1.1 0-2 .9-2 2v14h2V3h12V1zm3 4H8c-1.1 0-2 .9-2 2v14c0 1.1.9 2 2 2h11c1.1 0 2-.9 2-2V7c0-1.1-.9-2-2-2zm0 16H8V7h11v14z"/&gt;&lt;/svg&gt;            &lt;/span&gt;
        &lt;/span&gt;
    &lt;/div&gt;
    &lt;div id="trace-html-2-17" class="trace-code sf-toggle-content"&gt;
        &lt;ol start="54"&gt;&lt;li&gt;&lt;code&gt;&lt;span style="color: var(--highlight-keyword)"&gt;&amp;nbsp;&amp;nbsp;&amp;nbsp;&amp;nbsp;&amp;nbsp;&amp;nbsp;&amp;nbsp;&amp;nbsp;}&amp;nbsp;else&amp;nbsp;{&lt;/span&gt;&lt;/code&gt;&lt;/li&gt;
&lt;li&gt;&lt;code&gt;&lt;span style="color: var(--highlight-keyword)"&gt;&amp;nbsp;&amp;nbsp;&amp;nbsp;&amp;nbsp;&amp;nbsp;&amp;nbsp;&amp;nbsp;&amp;nbsp;&amp;nbsp;&amp;nbsp;&amp;nbsp;&amp;nbsp;&lt;/span&gt;&lt;span style="color: var(--highlight-default)"&gt;$listeners&amp;nbsp;&lt;/span&gt;&lt;span style="color: var(--highlight-keyword)"&gt;=&amp;nbsp;&lt;/span&gt;&lt;span style="color: var(--highlight-default)"&gt;$this&lt;/span&gt;&lt;span style="color: var(--highlight-keyword)"&gt;-&amp;gt;&lt;/span&gt;&lt;span style="color: var(--highlight-default)"&gt;getListeners&lt;/span&gt;&lt;span style="color: var(--highlight-keyword)"&gt;(&lt;/span&gt;&lt;span style="color: var(--highlight-default)"&gt;$eventName&lt;/span&gt;&lt;span style="color: var(--highlight-keyword)"&gt;);&lt;/span&gt;&lt;/code&gt;&lt;/li&gt;
&lt;li&gt;&lt;code&gt;&lt;span style="color: var(--highlight-keyword)"&gt;&amp;nbsp;&amp;nbsp;&amp;nbsp;&amp;nbsp;&amp;nbsp;&amp;nbsp;&amp;nbsp;&amp;nbsp;}&lt;/span&gt;&lt;/code&gt;&lt;/li&gt;
&lt;li&gt;&lt;code&gt;&lt;span style="color: var(--highlight-keyword)"&gt;&lt;/span&gt;&lt;/code&gt;&lt;/li&gt;
&lt;li&gt;&lt;code&gt;&lt;span style="color: var(--highlight-keyword)"&gt;&amp;nbsp;&amp;nbsp;&amp;nbsp;&amp;nbsp;&amp;nbsp;&amp;nbsp;&amp;nbsp;&amp;nbsp;if&amp;nbsp;(&lt;/span&gt;&lt;span style="color: var(--highlight-default)"&gt;$listeners&lt;/span&gt;&lt;span style="color: var(--highlight-keyword)"&gt;)&amp;nbsp;{&lt;/span&gt;&lt;/code&gt;&lt;/li&gt;
&lt;li class="selected"&gt;&lt;code&gt;&lt;span style="color: var(--highlight-keyword)"&gt;&amp;nbsp;&amp;nbsp;&amp;nbsp;&amp;nbsp;&amp;nbsp;&amp;nbsp;&amp;nbsp;&amp;nbsp;&amp;nbsp;&amp;nbsp;&amp;nbsp;&amp;nbsp;&lt;/span&gt;&lt;span style="color: var(--highlight-default)"&gt;$this&lt;/span&gt;&lt;span style="color: var(--highlight-keyword)"&gt;-&amp;gt;&lt;/span&gt;&lt;span style="color: var(--highlight-default)"&gt;callListeners&lt;/span&gt;&lt;span style="color: var(--highlight-keyword)"&gt;(&lt;/span&gt;&lt;span style="color: var(--highlight-default)"&gt;$listeners&lt;/span&gt;&lt;span style="color: var(--highlight-keyword)"&gt;,&amp;nbsp;&lt;/span&gt;&lt;span style="color: var(--highlight-default)"&gt;$eventName&lt;/span&gt;&lt;span style="color: var(--highlight-keyword)"&gt;,&amp;nbsp;&lt;/span&gt;&lt;span style="color: var(--highlight-default)"&gt;$event&lt;/span&gt;&lt;span style="color: var(--highlight-keyword)"&gt;);&lt;/span&gt;&lt;/code&gt;&lt;/li&gt;
&lt;li&gt;&lt;code&gt;&lt;span style="color: var(--highlight-keyword)"&gt;&amp;nbsp;&amp;nbsp;&amp;nbsp;&amp;nbsp;&amp;nbsp;&amp;nbsp;&amp;nbsp;&amp;nbsp;}&lt;/span&gt;&lt;/code&gt;&lt;/li&gt;
&lt;li&gt;&lt;code&gt;&lt;span style="color: var(--highlight-keyword)"&gt;&lt;/span&gt;&lt;/code&gt;&lt;/li&gt;
&lt;li&gt;&lt;code&gt;&lt;span style="color: var(--highlight-keyword)"&gt;&amp;nbsp;&amp;nbsp;&amp;nbsp;&amp;nbsp;&amp;nbsp;&amp;nbsp;&amp;nbsp;&amp;nbsp;return&amp;nbsp;&lt;/span&gt;&lt;span style="color: var(--highlight-default)"&gt;$event&lt;/span&gt;&lt;span style="color: var(--highlight-keyword)"&gt;;&lt;/span&gt;&lt;/code&gt;&lt;/li&gt;
&lt;li&gt;&lt;code&gt;&lt;span style="color: var(--highlight-keyword)"&gt;&amp;nbsp;&amp;nbsp;&amp;nbsp;&amp;nbsp;}&lt;/span&gt;&lt;/code&gt;&lt;/li&gt;
&lt;li&gt;&lt;code&gt;&lt;span style="color: var(--highlight-keyword)"&gt;&lt;/span&gt;&lt;/code&gt;&lt;/li&gt;&lt;/ol&gt;    &lt;/div&gt;            &lt;/div&gt;
                        &lt;div class="trace-line "&gt;
                &lt;div class="trace-line-header break-long-words sf-toggle" data-toggle-selector="#trace-html-2-18" data-toggle-initial=""&gt;
            &lt;span class="icon icon-close"&gt;&lt;svg width="1792" height="1792" viewBox="0 0 1792 1792" xmlns="http://www.w3.org/2000/svg"&gt;&lt;path d="M1408 960V832q0-26-19-45t-45-19H448q-26 0-45 19t-19 45v128q0 26 19 45t45 19h896q26 0 45-19t19-45zm256-544v960q0 119-84.5 203.5T1376 1664H416q-119 0-203.5-84.5T128 1376V416q0-119 84.5-203.5T416 128h960q119 0 203.5 84.5T1664 416z"/&gt;&lt;/svg&gt;&lt;/span&gt;
        &lt;span class="icon icon-open"&gt;&lt;svg width="1792" height="1792" viewBox="0 0 1792 1792" xmlns="http://www.w3.org/2000/svg"&gt;&lt;path d="M1408 960V832q0-26-19-45t-45-19h-320V448q0-26-19-45t-45-19H832q-26 0-45 19t-19 45v320H448q-26 0-45 19t-19 45v128q0 26 19 45t45 19h320v320q0 26 19 45t45 19h128q26 0 45-19t19-45v-320h320q26 0 45-19t19-45zm256-544v960q0 119-84.5 203.5T1376 1664H416q-119 0-203.5-84.5T128 1376V416q0-119 84.5-203.5T416 128h960q119 0 203.5 84.5T1664 416z"/&gt;&lt;/svg&gt;&lt;/span&gt;
    
            &lt;span class="trace-class"&gt;&lt;abbr title="Symfony\Component\EventDispatcher\EventDispatcher"&gt;EventDispatcher&lt;/abbr&gt;&lt;/span&gt;&lt;span class="trace-type"&gt;-&gt;&lt;/span&gt;&lt;span class="trace-method"&gt;dispatch&lt;/span&gt;&lt;span class="trace-arguments"&gt;()&lt;/span&gt;    
                    &lt;span class="block trace-file-path"&gt;
            in
            &lt;a href=""&gt;
                C:\Users\eman\Documents\GitHub\car_dealer\vendor\symfony\event-dispatcher\Debug\&lt;strong&gt;TraceableEventDispatcher.php&lt;/strong&gt;
            &lt;/a&gt;
                        (line 152)
            &lt;span class="icon icon-copy hidden" data-clipboard-text="C:\Users\eman\Documents\GitHub\car_dealer\vendor\symfony\event-dispatcher\Debug\TraceableEventDispatcher.php:152"&gt;
                &lt;svg xmlns="http://www.w3.org/2000/svg" height="24" viewBox="0 0 24 24" width="24"&gt;&lt;path d="M0 0h24v24H0z" fill="none"/&gt;&lt;path d="M16 1H4c-1.1 0-2 .9-2 2v14h2V3h12V1zm3 4H8c-1.1 0-2 .9-2 2v14c0 1.1.9 2 2 2h11c1.1 0 2-.9 2-2V7c0-1.1-.9-2-2-2zm0 16H8V7h11v14z"/&gt;&lt;/svg&gt;            &lt;/span&gt;
        &lt;/span&gt;
    &lt;/div&gt;
    &lt;div id="trace-html-2-18" class="trace-code sf-toggle-content"&gt;
        &lt;ol start="147"&gt;&lt;li&gt;&lt;code&gt;&lt;span style="color: var(--highlight-keyword)"&gt;&amp;nbsp;&amp;nbsp;&amp;nbsp;&amp;nbsp;&amp;nbsp;&amp;nbsp;&amp;nbsp;&amp;nbsp;try&amp;nbsp;{&lt;/span&gt;&lt;/code&gt;&lt;/li&gt;
&lt;li&gt;&lt;code&gt;&lt;span style="color: var(--highlight-keyword)"&gt;&amp;nbsp;&amp;nbsp;&amp;nbsp;&amp;nbsp;&amp;nbsp;&amp;nbsp;&amp;nbsp;&amp;nbsp;&amp;nbsp;&amp;nbsp;&amp;nbsp;&amp;nbsp;&lt;/span&gt;&lt;span style="color: var(--highlight-default)"&gt;$this&lt;/span&gt;&lt;span style="color: var(--highlight-keyword)"&gt;-&amp;gt;&lt;/span&gt;&lt;span style="color: var(--highlight-default)"&gt;beforeDispatch&lt;/span&gt;&lt;span style="color: var(--highlight-keyword)"&gt;(&lt;/span&gt;&lt;span style="color: var(--highlight-default)"&gt;$eventName&lt;/span&gt;&lt;span style="color: var(--highlight-keyword)"&gt;,&amp;nbsp;&lt;/span&gt;&lt;span style="color: var(--highlight-default)"&gt;$event&lt;/span&gt;&lt;span style="color: var(--highlight-keyword)"&gt;);&lt;/span&gt;&lt;/code&gt;&lt;/li&gt;
&lt;li&gt;&lt;code&gt;&lt;span style="color: var(--highlight-keyword)"&gt;&amp;nbsp;&amp;nbsp;&amp;nbsp;&amp;nbsp;&amp;nbsp;&amp;nbsp;&amp;nbsp;&amp;nbsp;&amp;nbsp;&amp;nbsp;&amp;nbsp;&amp;nbsp;try&amp;nbsp;{&lt;/span&gt;&lt;/code&gt;&lt;/li&gt;
&lt;li&gt;&lt;code&gt;&lt;span style="color: var(--highlight-keyword)"&gt;&amp;nbsp;&amp;nbsp;&amp;nbsp;&amp;nbsp;&amp;nbsp;&amp;nbsp;&amp;nbsp;&amp;nbsp;&amp;nbsp;&amp;nbsp;&amp;nbsp;&amp;nbsp;&amp;nbsp;&amp;nbsp;&amp;nbsp;&amp;nbsp;&lt;/span&gt;&lt;span style="color: var(--highlight-default)"&gt;$e&amp;nbsp;&lt;/span&gt;&lt;span style="color: var(--highlight-keyword)"&gt;=&amp;nbsp;&lt;/span&gt;&lt;span style="color: var(--highlight-default)"&gt;$this&lt;/span&gt;&lt;span style="color: var(--highlight-keyword)"&gt;-&amp;gt;&lt;/span&gt;&lt;span style="color: var(--highlight-default)"&gt;stopwatch&lt;/span&gt;&lt;span style="color: var(--highlight-keyword)"&gt;-&amp;gt;&lt;/span&gt;&lt;span style="color: var(--highlight-default)"&gt;start&lt;/span&gt;&lt;span style="color: var(--highlight-keyword)"&gt;(&lt;/span&gt;&lt;span style="color: var(--highlight-default)"&gt;$eventName&lt;/span&gt;&lt;span style="color: var(--highlight-keyword)"&gt;,&amp;nbsp;&lt;/span&gt;&lt;span style="color: var(--highlight-string)"&gt;'section'&lt;/span&gt;&lt;span style="color: var(--highlight-keyword)"&gt;);&lt;/span&gt;&lt;/code&gt;&lt;/li&gt;
&lt;li&gt;&lt;code&gt;&lt;span style="color: var(--highlight-keyword)"&gt;&amp;nbsp;&amp;nbsp;&amp;nbsp;&amp;nbsp;&amp;nbsp;&amp;nbsp;&amp;nbsp;&amp;nbsp;&amp;nbsp;&amp;nbsp;&amp;nbsp;&amp;nbsp;&amp;nbsp;&amp;nbsp;&amp;nbsp;&amp;nbsp;try&amp;nbsp;{&lt;/span&gt;&lt;/code&gt;&lt;/li&gt;
&lt;li class="selected"&gt;&lt;code&gt;&lt;span style="color: var(--highlight-keyword)"&gt;&amp;nbsp;&amp;nbsp;&amp;nbsp;&amp;nbsp;&amp;nbsp;&amp;nbsp;&amp;nbsp;&amp;nbsp;&amp;nbsp;&amp;nbsp;&amp;nbsp;&amp;nbsp;&amp;nbsp;&amp;nbsp;&amp;nbsp;&amp;nbsp;&amp;nbsp;&amp;nbsp;&amp;nbsp;&amp;nbsp;&lt;/span&gt;&lt;span style="color: var(--highlight-default)"&gt;$this&lt;/span&gt;&lt;span style="color: var(--highlight-keyword)"&gt;-&amp;gt;&lt;/span&gt;&lt;span style="color: var(--highlight-default)"&gt;dispatcher&lt;/span&gt;&lt;span style="color: var(--highlight-keyword)"&gt;-&amp;gt;&lt;/span&gt;&lt;span style="color: var(--highlight-default)"&gt;dispatch&lt;/span&gt;&lt;span style="color: var(--highlight-keyword)"&gt;(&lt;/span&gt;&lt;span style="color: var(--highlight-default)"&gt;$event&lt;/span&gt;&lt;span style="color: var(--highlight-keyword)"&gt;,&amp;nbsp;&lt;/span&gt;&lt;span style="color: var(--highlight-default)"&gt;$eventName&lt;/span&gt;&lt;span style="color: var(--highlight-keyword)"&gt;);&lt;/span&gt;&lt;/code&gt;&lt;/li&gt;
&lt;li&gt;&lt;code&gt;&lt;span style="color: var(--highlight-keyword)"&gt;&amp;nbsp;&amp;nbsp;&amp;nbsp;&amp;nbsp;&amp;nbsp;&amp;nbsp;&amp;nbsp;&amp;nbsp;&amp;nbsp;&amp;nbsp;&amp;nbsp;&amp;nbsp;&amp;nbsp;&amp;nbsp;&amp;nbsp;&amp;nbsp;}&amp;nbsp;finally&amp;nbsp;{&lt;/span&gt;&lt;/code&gt;&lt;/li&gt;
&lt;li&gt;&lt;code&gt;&lt;span style="color: var(--highlight-keyword)"&gt;&amp;nbsp;&amp;nbsp;&amp;nbsp;&amp;nbsp;&amp;nbsp;&amp;nbsp;&amp;nbsp;&amp;nbsp;&amp;nbsp;&amp;nbsp;&amp;nbsp;&amp;nbsp;&amp;nbsp;&amp;nbsp;&amp;nbsp;&amp;nbsp;&amp;nbsp;&amp;nbsp;&amp;nbsp;&amp;nbsp;if&amp;nbsp;(&lt;/span&gt;&lt;span style="color: var(--highlight-default)"&gt;$e&lt;/span&gt;&lt;span style="color: var(--highlight-keyword)"&gt;-&amp;gt;&lt;/span&gt;&lt;span style="color: var(--highlight-default)"&gt;isStarted&lt;/span&gt;&lt;span style="color: var(--highlight-keyword)"&gt;())&amp;nbsp;{&lt;/span&gt;&lt;/code&gt;&lt;/li&gt;
&lt;li&gt;&lt;code&gt;&lt;span style="color: var(--highlight-keyword)"&gt;&amp;nbsp;&amp;nbsp;&amp;nbsp;&amp;nbsp;&amp;nbsp;&amp;nbsp;&amp;nbsp;&amp;nbsp;&amp;nbsp;&amp;nbsp;&amp;nbsp;&amp;nbsp;&amp;nbsp;&amp;nbsp;&amp;nbsp;&amp;nbsp;&amp;nbsp;&amp;nbsp;&amp;nbsp;&amp;nbsp;&amp;nbsp;&amp;nbsp;&amp;nbsp;&amp;nbsp;&lt;/span&gt;&lt;span style="color: var(--highlight-default)"&gt;$e&lt;/span&gt;&lt;span style="color: var(--highlight-keyword)"&gt;-&amp;gt;&lt;/span&gt;&lt;span style="color: var(--highlight-default)"&gt;stop&lt;/span&gt;&lt;span style="color: var(--highlight-keyword)"&gt;();&lt;/span&gt;&lt;/code&gt;&lt;/li&gt;
&lt;li&gt;&lt;code&gt;&lt;span style="color: var(--highlight-keyword)"&gt;&amp;nbsp;&amp;nbsp;&amp;nbsp;&amp;nbsp;&amp;nbsp;&amp;nbsp;&amp;nbsp;&amp;nbsp;&amp;nbsp;&amp;nbsp;&amp;nbsp;&amp;nbsp;&amp;nbsp;&amp;nbsp;&amp;nbsp;&amp;nbsp;&amp;nbsp;&amp;nbsp;&amp;nbsp;&amp;nbsp;}&lt;/span&gt;&lt;/code&gt;&lt;/li&gt;
&lt;li&gt;&lt;code&gt;&lt;span style="color: var(--highlight-keyword)"&gt;&amp;nbsp;&amp;nbsp;&amp;nbsp;&amp;nbsp;&amp;nbsp;&amp;nbsp;&amp;nbsp;&amp;nbsp;&amp;nbsp;&amp;nbsp;&amp;nbsp;&amp;nbsp;&amp;nbsp;&amp;nbsp;&amp;nbsp;&amp;nbsp;}&lt;/span&gt;&lt;/code&gt;&lt;/li&gt;&lt;/ol&gt;    &lt;/div&gt;            &lt;/div&gt;
                        &lt;div class="trace-line "&gt;
                &lt;div class="trace-line-header break-long-words sf-toggle" data-toggle-selector="#trace-html-2-19" data-toggle-initial=""&gt;
            &lt;span class="icon icon-close"&gt;&lt;svg width="1792" height="1792" viewBox="0 0 1792 1792" xmlns="http://www.w3.org/2000/svg"&gt;&lt;path d="M1408 960V832q0-26-19-45t-45-19H448q-26 0-45 19t-19 45v128q0 26 19 45t45 19h896q26 0 45-19t19-45zm256-544v960q0 119-84.5 203.5T1376 1664H416q-119 0-203.5-84.5T128 1376V416q0-119 84.5-203.5T416 128h960q119 0 203.5 84.5T1664 416z"/&gt;&lt;/svg&gt;&lt;/span&gt;
        &lt;span class="icon icon-open"&gt;&lt;svg width="1792" height="1792" viewBox="0 0 1792 1792" xmlns="http://www.w3.org/2000/svg"&gt;&lt;path d="M1408 960V832q0-26-19-45t-45-19h-320V448q0-26-19-45t-45-19H832q-26 0-45 19t-19 45v320H448q-26 0-45 19t-19 45v128q0 26 19 45t45 19h320v320q0 26 19 45t45 19h128q26 0 45-19t19-45v-320h320q26 0 45-19t19-45zm256-544v960q0 119-84.5 203.5T1376 1664H416q-119 0-203.5-84.5T128 1376V416q0-119 84.5-203.5T416 128h960q119 0 203.5 84.5T1664 416z"/&gt;&lt;/svg&gt;&lt;/span&gt;
    
            &lt;span class="trace-class"&gt;&lt;abbr title="Symfony\Component\EventDispatcher\Debug\TraceableEventDispatcher"&gt;TraceableEventDispatcher&lt;/abbr&gt;&lt;/span&gt;&lt;span class="trace-type"&gt;-&gt;&lt;/span&gt;&lt;span class="trace-method"&gt;dispatch&lt;/span&gt;&lt;span class="trace-arguments"&gt;()&lt;/span&gt;    
                    &lt;span class="block trace-file-path"&gt;
            in
            &lt;a href=""&gt;
                C:\Users\eman\Documents\GitHub\car_dealer\vendor\symfony\http-kernel\&lt;strong&gt;HttpKernel.php&lt;/strong&gt;
            &lt;/a&gt;
                        (line 140)
            &lt;span class="icon icon-copy hidden" data-clipboard-text="C:\Users\eman\Documents\GitHub\car_dealer\vendor\symfony\http-kernel\HttpKernel.php:140"&gt;
                &lt;svg xmlns="http://www.w3.org/2000/svg" height="24" viewBox="0 0 24 24" width="24"&gt;&lt;path d="M0 0h24v24H0z" fill="none"/&gt;&lt;path d="M16 1H4c-1.1 0-2 .9-2 2v14h2V3h12V1zm3 4H8c-1.1 0-2 .9-2 2v14c0 1.1.9 2 2 2h11c1.1 0 2-.9 2-2V7c0-1.1-.9-2-2-2zm0 16H8V7h11v14z"/&gt;&lt;/svg&gt;            &lt;/span&gt;
        &lt;/span&gt;
    &lt;/div&gt;
    &lt;div id="trace-html-2-19" class="trace-code sf-toggle-content"&gt;
        &lt;ol start="135"&gt;&lt;li&gt;&lt;code&gt;&lt;span style="color: var(--highlight-comment)"&gt;&amp;nbsp;&amp;nbsp;&amp;nbsp;&amp;nbsp;&amp;nbsp;&amp;nbsp;&amp;nbsp;&amp;nbsp;&lt;/span&gt;&lt;span style="color: var(--highlight-keyword)"&gt;if&amp;nbsp;(&lt;/span&gt;&lt;span style="color: var(--highlight-default)"&gt;false&amp;nbsp;&lt;/span&gt;&lt;span style="color: var(--highlight-keyword)"&gt;===&amp;nbsp;&lt;/span&gt;&lt;span style="color: var(--highlight-default)"&gt;$controller&amp;nbsp;&lt;/span&gt;&lt;span style="color: var(--highlight-keyword)"&gt;=&amp;nbsp;&lt;/span&gt;&lt;span style="color: var(--highlight-default)"&gt;$this&lt;/span&gt;&lt;span style="color: var(--highlight-keyword)"&gt;-&amp;gt;&lt;/span&gt;&lt;span style="color: var(--highlight-default)"&gt;resolver&lt;/span&gt;&lt;span style="color: var(--highlight-keyword)"&gt;-&amp;gt;&lt;/span&gt;&lt;span style="color: var(--highlight-default)"&gt;getController&lt;/span&gt;&lt;span style="color: var(--highlight-keyword)"&gt;(&lt;/span&gt;&lt;span style="color: var(--highlight-default)"&gt;$request&lt;/span&gt;&lt;span style="color: var(--highlight-keyword)"&gt;))&amp;nbsp;{&lt;/span&gt;&lt;/code&gt;&lt;/li&gt;
&lt;li&gt;&lt;code&gt;&lt;span style="color: var(--highlight-keyword)"&gt;&amp;nbsp;&amp;nbsp;&amp;nbsp;&amp;nbsp;&amp;nbsp;&amp;nbsp;&amp;nbsp;&amp;nbsp;&amp;nbsp;&amp;nbsp;&amp;nbsp;&amp;nbsp;throw&amp;nbsp;new&amp;nbsp;&lt;/span&gt;&lt;span style="color: var(--highlight-default)"&gt;NotFoundHttpException&lt;/span&gt;&lt;span style="color: var(--highlight-keyword)"&gt;(&lt;/span&gt;&lt;span style="color: var(--highlight-default)"&gt;sprintf&lt;/span&gt;&lt;span style="color: var(--highlight-keyword)"&gt;(&lt;/span&gt;&lt;span style="color: var(--highlight-string)"&gt;'Unable&amp;nbsp;to&amp;nbsp;find&amp;nbsp;the&amp;nbsp;controller&amp;nbsp;for&amp;nbsp;path&amp;nbsp;"%s".&amp;nbsp;The&amp;nbsp;route&amp;nbsp;is&amp;nbsp;wrongly&amp;nbsp;configured.'&lt;/span&gt;&lt;span style="color: var(--highlight-keyword)"&gt;,&amp;nbsp;&lt;/span&gt;&lt;span style="color: var(--highlight-default)"&gt;$request&lt;/span&gt;&lt;span style="color: var(--highlight-keyword)"&gt;-&amp;gt;&lt;/span&gt;&lt;span style="color: var(--highlight-default)"&gt;getPathInfo&lt;/span&gt;&lt;span style="color: var(--highlight-keyword)"&gt;()));&lt;/span&gt;&lt;/code&gt;&lt;/li&gt;
&lt;li&gt;&lt;code&gt;&lt;span style="color: var(--highlight-keyword)"&gt;&amp;nbsp;&amp;nbsp;&amp;nbsp;&amp;nbsp;&amp;nbsp;&amp;nbsp;&amp;nbsp;&amp;nbsp;}&lt;/span&gt;&lt;/code&gt;&lt;/li&gt;
&lt;li&gt;&lt;code&gt;&lt;span style="color: var(--highlight-keyword)"&gt;&lt;/span&gt;&lt;/code&gt;&lt;/li&gt;
&lt;li&gt;&lt;code&gt;&lt;span style="color: var(--highlight-keyword)"&gt;&amp;nbsp;&amp;nbsp;&amp;nbsp;&amp;nbsp;&amp;nbsp;&amp;nbsp;&amp;nbsp;&amp;nbsp;&lt;/span&gt;&lt;span style="color: var(--highlight-default)"&gt;$event&amp;nbsp;&lt;/span&gt;&lt;span style="color: var(--highlight-keyword)"&gt;=&amp;nbsp;new&amp;nbsp;&lt;/span&gt;&lt;span style="color: var(--highlight-default)"&gt;ControllerEvent&lt;/span&gt;&lt;span style="color: var(--highlight-keyword)"&gt;(&lt;/span&gt;&lt;span style="color: var(--highlight-default)"&gt;$this&lt;/span&gt;&lt;span style="color: var(--highlight-keyword)"&gt;,&amp;nbsp;&lt;/span&gt;&lt;span style="color: var(--highlight-default)"&gt;$controller&lt;/span&gt;&lt;span style="color: var(--highlight-keyword)"&gt;,&amp;nbsp;&lt;/span&gt;&lt;span style="color: var(--highlight-default)"&gt;$request&lt;/span&gt;&lt;span style="color: var(--highlight-keyword)"&gt;,&amp;nbsp;&lt;/span&gt;&lt;span style="color: var(--highlight-default)"&gt;$type&lt;/span&gt;&lt;span style="color: var(--highlight-keyword)"&gt;);&lt;/span&gt;&lt;/code&gt;&lt;/li&gt;
&lt;li class="selected"&gt;&lt;code&gt;&lt;span style="color: var(--highlight-keyword)"&gt;&amp;nbsp;&amp;nbsp;&amp;nbsp;&amp;nbsp;&amp;nbsp;&amp;nbsp;&amp;nbsp;&amp;nbsp;&lt;/span&gt;&lt;span style="color: var(--highlight-default)"&gt;$this&lt;/span&gt;&lt;span style="color: var(--highlight-keyword)"&gt;-&amp;gt;&lt;/span&gt;&lt;span style="color: var(--highlight-default)"&gt;dispatcher&lt;/span&gt;&lt;span style="color: var(--highlight-keyword)"&gt;-&amp;gt;&lt;/span&gt;&lt;span style="color: var(--highlight-default)"&gt;dispatch&lt;/span&gt;&lt;span style="color: var(--highlight-keyword)"&gt;(&lt;/span&gt;&lt;span style="color: var(--highlight-default)"&gt;$event&lt;/span&gt;&lt;span style="color: var(--highlight-keyword)"&gt;,&amp;nbsp;&lt;/span&gt;&lt;span style="color: var(--highlight-default)"&gt;KernelEvents&lt;/span&gt;&lt;span style="color: var(--highlight-keyword)"&gt;::&lt;/span&gt;&lt;span style="color: var(--highlight-default)"&gt;CONTROLLER&lt;/span&gt;&lt;span style="color: var(--highlight-keyword)"&gt;);&lt;/span&gt;&lt;/code&gt;&lt;/li&gt;
&lt;li&gt;&lt;code&gt;&lt;span style="color: var(--highlight-keyword)"&gt;&amp;nbsp;&amp;nbsp;&amp;nbsp;&amp;nbsp;&amp;nbsp;&amp;nbsp;&amp;nbsp;&amp;nbsp;&lt;/span&gt;&lt;span style="color: var(--highlight-default)"&gt;$controller&amp;nbsp;&lt;/span&gt;&lt;span style="color: var(--highlight-keyword)"&gt;=&amp;nbsp;&lt;/span&gt;&lt;span style="color: var(--highlight-default)"&gt;$event&lt;/span&gt;&lt;span style="color: var(--highlight-keyword)"&gt;-&amp;gt;&lt;/span&gt;&lt;span style="color: var(--highlight-default)"&gt;getController&lt;/span&gt;&lt;span style="color: var(--highlight-keyword)"&gt;();&lt;/span&gt;&lt;/code&gt;&lt;/li&gt;
&lt;li&gt;&lt;code&gt;&lt;span style="color: var(--highlight-keyword)"&gt;&lt;/span&gt;&lt;/code&gt;&lt;/li&gt;
&lt;li&gt;&lt;code&gt;&lt;span style="color: var(--highlight-keyword)"&gt;&amp;nbsp;&amp;nbsp;&amp;nbsp;&amp;nbsp;&amp;nbsp;&amp;nbsp;&amp;nbsp;&amp;nbsp;&lt;/span&gt;&lt;span style="color: var(--highlight-comment)"&gt;//&amp;nbsp;controller&amp;nbsp;arguments&lt;/span&gt;&lt;/code&gt;&lt;/li&gt;
&lt;li&gt;&lt;code&gt;&lt;span style="color: var(--highlight-comment)"&gt;&amp;nbsp;&amp;nbsp;&amp;nbsp;&amp;nbsp;&amp;nbsp;&amp;nbsp;&amp;nbsp;&amp;nbsp;&lt;/span&gt;&lt;span style="color: var(--highlight-default)"&gt;$arguments&amp;nbsp;&lt;/span&gt;&lt;span style="color: var(--highlight-keyword)"&gt;=&amp;nbsp;&lt;/span&gt;&lt;span style="color: var(--highlight-default)"&gt;$this&lt;/span&gt;&lt;span style="color: var(--highlight-keyword)"&gt;-&amp;gt;&lt;/span&gt;&lt;span style="color: var(--highlight-default)"&gt;argumentResolver&lt;/span&gt;&lt;span style="color: var(--highlight-keyword)"&gt;-&amp;gt;&lt;/span&gt;&lt;span style="color: var(--highlight-default)"&gt;getArguments&lt;/span&gt;&lt;span style="color: var(--highlight-keyword)"&gt;(&lt;/span&gt;&lt;span style="color: var(--highlight-default)"&gt;$request&lt;/span&gt;&lt;span style="color: var(--highlight-keyword)"&gt;,&amp;nbsp;&lt;/span&gt;&lt;span style="color: var(--highlight-default)"&gt;$controller&lt;/span&gt;&lt;span style="color: var(--highlight-keyword)"&gt;);&lt;/span&gt;&lt;/code&gt;&lt;/li&gt;
&lt;li&gt;&lt;code&gt;&lt;span style="color: var(--highlight-keyword)"&gt;&lt;/span&gt;&lt;/code&gt;&lt;/li&gt;&lt;/ol&gt;    &lt;/div&gt;            &lt;/div&gt;
                        &lt;div class="trace-line "&gt;
                &lt;div class="trace-line-header break-long-words sf-toggle" data-toggle-selector="#trace-html-2-20" data-toggle-initial=""&gt;
            &lt;span class="icon icon-close"&gt;&lt;svg width="1792" height="1792" viewBox="0 0 1792 1792" xmlns="http://www.w3.org/2000/svg"&gt;&lt;path d="M1408 960V832q0-26-19-45t-45-19H448q-26 0-45 19t-19 45v128q0 26 19 45t45 19h896q26 0 45-19t19-45zm256-544v960q0 119-84.5 203.5T1376 1664H416q-119 0-203.5-84.5T128 1376V416q0-119 84.5-203.5T416 128h960q119 0 203.5 84.5T1664 416z"/&gt;&lt;/svg&gt;&lt;/span&gt;
        &lt;span class="icon icon-open"&gt;&lt;svg width="1792" height="1792" viewBox="0 0 1792 1792" xmlns="http://www.w3.org/2000/svg"&gt;&lt;path d="M1408 960V832q0-26-19-45t-45-19h-320V448q0-26-19-45t-45-19H832q-26 0-45 19t-19 45v320H448q-26 0-45 19t-19 45v128q0 26 19 45t45 19h320v320q0 26 19 45t45 19h128q26 0 45-19t19-45v-320h320q26 0 45-19t19-45zm256-544v960q0 119-84.5 203.5T1376 1664H416q-119 0-203.5-84.5T128 1376V416q0-119 84.5-203.5T416 128h960q119 0 203.5 84.5T1664 416z"/&gt;&lt;/svg&gt;&lt;/span&gt;
    
            &lt;span class="trace-class"&gt;&lt;abbr title="Symfony\Component\HttpKernel\HttpKernel"&gt;HttpKernel&lt;/abbr&gt;&lt;/span&gt;&lt;span class="trace-type"&gt;-&gt;&lt;/span&gt;&lt;span class="trace-method"&gt;handleRaw&lt;/span&gt;&lt;span class="trace-arguments"&gt;()&lt;/span&gt;    
                    &lt;span class="block trace-file-path"&gt;
            in
            &lt;a href=""&gt;
                C:\Users\eman\Documents\GitHub\car_dealer\vendor\symfony\http-kernel\&lt;strong&gt;HttpKernel.php&lt;/strong&gt;
            &lt;/a&gt;
                        (line 74)
            &lt;span class="icon icon-copy hidden" data-clipboard-text="C:\Users\eman\Documents\GitHub\car_dealer\vendor\symfony\http-kernel\HttpKernel.php:74"&gt;
                &lt;svg xmlns="http://www.w3.org/2000/svg" height="24" viewBox="0 0 24 24" width="24"&gt;&lt;path d="M0 0h24v24H0z" fill="none"/&gt;&lt;path d="M16 1H4c-1.1 0-2 .9-2 2v14h2V3h12V1zm3 4H8c-1.1 0-2 .9-2 2v14c0 1.1.9 2 2 2h11c1.1 0 2-.9 2-2V7c0-1.1-.9-2-2-2zm0 16H8V7h11v14z"/&gt;&lt;/svg&gt;            &lt;/span&gt;
        &lt;/span&gt;
    &lt;/div&gt;
    &lt;div id="trace-html-2-20" class="trace-code sf-toggle-content"&gt;
        &lt;ol start="69"&gt;&lt;li&gt;&lt;code&gt;&lt;span style="color: var(--highlight-comment)"&gt;&amp;nbsp;&amp;nbsp;&amp;nbsp;&amp;nbsp;&lt;/span&gt;&lt;span style="color: var(--highlight-keyword)"&gt;public&amp;nbsp;function&amp;nbsp;&lt;/span&gt;&lt;span style="color: var(--highlight-default)"&gt;handle&lt;/span&gt;&lt;span style="color: var(--highlight-keyword)"&gt;(&lt;/span&gt;&lt;span style="color: var(--highlight-default)"&gt;Request&amp;nbsp;$request&lt;/span&gt;&lt;span style="color: var(--highlight-keyword)"&gt;,&amp;nbsp;&lt;/span&gt;&lt;span style="color: var(--highlight-default)"&gt;int&amp;nbsp;$type&amp;nbsp;&lt;/span&gt;&lt;span style="color: var(--highlight-keyword)"&gt;=&amp;nbsp;&lt;/span&gt;&lt;span style="color: var(--highlight-default)"&gt;HttpKernelInterface&lt;/span&gt;&lt;span style="color: var(--highlight-keyword)"&gt;::&lt;/span&gt;&lt;span style="color: var(--highlight-default)"&gt;MAIN_REQUEST&lt;/span&gt;&lt;span style="color: var(--highlight-keyword)"&gt;,&amp;nbsp;&lt;/span&gt;&lt;span style="color: var(--highlight-default)"&gt;bool&amp;nbsp;$catch&amp;nbsp;&lt;/span&gt;&lt;span style="color: var(--highlight-keyword)"&gt;=&amp;nbsp;&lt;/span&gt;&lt;span style="color: var(--highlight-default)"&gt;true&lt;/span&gt;&lt;span style="color: var(--highlight-keyword)"&gt;):&amp;nbsp;&lt;/span&gt;&lt;span style="color: var(--highlight-default)"&gt;Response&lt;/span&gt;&lt;/code&gt;&lt;/li&gt;
&lt;li&gt;&lt;code&gt;&lt;span style="color: var(--highlight-default)"&gt;&amp;nbsp;&amp;nbsp;&amp;nbsp;&amp;nbsp;&lt;/span&gt;&lt;span style="color: var(--highlight-keyword)"&gt;{&lt;/span&gt;&lt;/code&gt;&lt;/li&gt;
&lt;li&gt;&lt;code&gt;&lt;span style="color: var(--highlight-keyword)"&gt;&amp;nbsp;&amp;nbsp;&amp;nbsp;&amp;nbsp;&amp;nbsp;&amp;nbsp;&amp;nbsp;&amp;nbsp;&lt;/span&gt;&lt;span style="color: var(--highlight-default)"&gt;$request&lt;/span&gt;&lt;span style="color: var(--highlight-keyword)"&gt;-&amp;gt;&lt;/span&gt;&lt;span style="color: var(--highlight-default)"&gt;headers&lt;/span&gt;&lt;span style="color: var(--highlight-keyword)"&gt;-&amp;gt;&lt;/span&gt;&lt;span style="color: var(--highlight-default)"&gt;set&lt;/span&gt;&lt;span style="color: var(--highlight-keyword)"&gt;(&lt;/span&gt;&lt;span style="color: var(--highlight-string)"&gt;'X-Php-Ob-Level'&lt;/span&gt;&lt;span style="color: var(--highlight-keyword)"&gt;,&amp;nbsp;(string)&amp;nbsp;&lt;/span&gt;&lt;span style="color: var(--highlight-default)"&gt;ob_get_level&lt;/span&gt;&lt;span style="color: var(--highlight-keyword)"&gt;());&lt;/span&gt;&lt;/code&gt;&lt;/li&gt;
&lt;li&gt;&lt;code&gt;&lt;span style="color: var(--highlight-keyword)"&gt;&lt;/span&gt;&lt;/code&gt;&lt;/li&gt;
&lt;li&gt;&lt;code&gt;&lt;span style="color: var(--highlight-keyword)"&gt;&amp;nbsp;&amp;nbsp;&amp;nbsp;&amp;nbsp;&amp;nbsp;&amp;nbsp;&amp;nbsp;&amp;nbsp;try&amp;nbsp;{&lt;/span&gt;&lt;/code&gt;&lt;/li&gt;
&lt;li class="selected"&gt;&lt;code&gt;&lt;span style="color: var(--highlight-keyword)"&gt;&amp;nbsp;&amp;nbsp;&amp;nbsp;&amp;nbsp;&amp;nbsp;&amp;nbsp;&amp;nbsp;&amp;nbsp;&amp;nbsp;&amp;nbsp;&amp;nbsp;&amp;nbsp;return&amp;nbsp;&lt;/span&gt;&lt;span style="color: var(--highlight-default)"&gt;$this&lt;/span&gt;&lt;span style="color: var(--highlight-keyword)"&gt;-&amp;gt;&lt;/span&gt;&lt;span style="color: var(--highlight-default)"&gt;handleRaw&lt;/span&gt;&lt;span style="color: var(--highlight-keyword)"&gt;(&lt;/span&gt;&lt;span style="color: var(--highlight-default)"&gt;$request&lt;/span&gt;&lt;span style="color: var(--highlight-keyword)"&gt;,&amp;nbsp;&lt;/span&gt;&lt;span style="color: var(--highlight-default)"&gt;$type&lt;/span&gt;&lt;span style="color: var(--highlight-keyword)"&gt;);&lt;/span&gt;&lt;/code&gt;&lt;/li&gt;
&lt;li&gt;&lt;code&gt;&lt;span style="color: var(--highlight-keyword)"&gt;&amp;nbsp;&amp;nbsp;&amp;nbsp;&amp;nbsp;&amp;nbsp;&amp;nbsp;&amp;nbsp;&amp;nbsp;}&amp;nbsp;catch&amp;nbsp;(&lt;/span&gt;&lt;span style="color: var(--highlight-default)"&gt;\Exception&amp;nbsp;$e&lt;/span&gt;&lt;span style="color: var(--highlight-keyword)"&gt;)&amp;nbsp;{&lt;/span&gt;&lt;/code&gt;&lt;/li&gt;
&lt;li&gt;&lt;code&gt;&lt;span style="color: var(--highlight-keyword)"&gt;&amp;nbsp;&amp;nbsp;&amp;nbsp;&amp;nbsp;&amp;nbsp;&amp;nbsp;&amp;nbsp;&amp;nbsp;&amp;nbsp;&amp;nbsp;&amp;nbsp;&amp;nbsp;if&amp;nbsp;(&lt;/span&gt;&lt;span style="color: var(--highlight-default)"&gt;$e&amp;nbsp;&lt;/span&gt;&lt;span style="color: var(--highlight-keyword)"&gt;instanceof&amp;nbsp;&lt;/span&gt;&lt;span style="color: var(--highlight-default)"&gt;RequestExceptionInterface&lt;/span&gt;&lt;span style="color: var(--highlight-keyword)"&gt;)&amp;nbsp;{&lt;/span&gt;&lt;/code&gt;&lt;/li&gt;
&lt;li&gt;&lt;code&gt;&lt;span style="color: var(--highlight-keyword)"&gt;&amp;nbsp;&amp;nbsp;&amp;nbsp;&amp;nbsp;&amp;nbsp;&amp;nbsp;&amp;nbsp;&amp;nbsp;&amp;nbsp;&amp;nbsp;&amp;nbsp;&amp;nbsp;&amp;nbsp;&amp;nbsp;&amp;nbsp;&amp;nbsp;&lt;/span&gt;&lt;span style="color: var(--highlight-default)"&gt;$e&amp;nbsp;&lt;/span&gt;&lt;span style="color: var(--highlight-keyword)"&gt;=&amp;nbsp;new&amp;nbsp;&lt;/span&gt;&lt;span style="color: var(--highlight-default)"&gt;BadRequestHttpException&lt;/span&gt;&lt;span style="color: var(--highlight-keyword)"&gt;(&lt;/span&gt;&lt;span style="color: var(--highlight-default)"&gt;$e&lt;/span&gt;&lt;span style="color: var(--highlight-keyword)"&gt;-&amp;gt;&lt;/span&gt;&lt;span style="color: var(--highlight-default)"&gt;getMessage&lt;/span&gt;&lt;span style="color: var(--highlight-keyword)"&gt;(),&amp;nbsp;&lt;/span&gt;&lt;span style="color: var(--highlight-default)"&gt;$e&lt;/span&gt;&lt;span style="color: var(--highlight-keyword)"&gt;);&lt;/span&gt;&lt;/code&gt;&lt;/li&gt;
&lt;li&gt;&lt;code&gt;&lt;span style="color: var(--highlight-keyword)"&gt;&amp;nbsp;&amp;nbsp;&amp;nbsp;&amp;nbsp;&amp;nbsp;&amp;nbsp;&amp;nbsp;&amp;nbsp;&amp;nbsp;&amp;nbsp;&amp;nbsp;&amp;nbsp;}&lt;/span&gt;&lt;/code&gt;&lt;/li&gt;
&lt;li&gt;&lt;code&gt;&lt;span style="color: var(--highlight-keyword)"&gt;&amp;nbsp;&amp;nbsp;&amp;nbsp;&amp;nbsp;&amp;nbsp;&amp;nbsp;&amp;nbsp;&amp;nbsp;&amp;nbsp;&amp;nbsp;&amp;nbsp;&amp;nbsp;if&amp;nbsp;(&lt;/span&gt;&lt;span style="color: var(--highlight-default)"&gt;false&amp;nbsp;&lt;/span&gt;&lt;span style="color: var(--highlight-keyword)"&gt;===&amp;nbsp;&lt;/span&gt;&lt;span style="color: var(--highlight-default)"&gt;$catch&lt;/span&gt;&lt;span style="color: var(--highlight-keyword)"&gt;)&amp;nbsp;{&lt;/span&gt;&lt;/code&gt;&lt;/li&gt;&lt;/ol&gt;    &lt;/div&gt;            &lt;/div&gt;
                        &lt;div class="trace-line "&gt;
                &lt;div class="trace-line-header break-long-words sf-toggle" data-toggle-selector="#trace-html-2-21" data-toggle-initial=""&gt;
            &lt;span class="icon icon-close"&gt;&lt;svg width="1792" height="1792" viewBox="0 0 1792 1792" xmlns="http://www.w3.org/2000/svg"&gt;&lt;path d="M1408 960V832q0-26-19-45t-45-19H448q-26 0-45 19t-19 45v128q0 26 19 45t45 19h896q26 0 45-19t19-45zm256-544v960q0 119-84.5 203.5T1376 1664H416q-119 0-203.5-84.5T128 1376V416q0-119 84.5-203.5T416 128h960q119 0 203.5 84.5T1664 416z"/&gt;&lt;/svg&gt;&lt;/span&gt;
        &lt;span class="icon icon-open"&gt;&lt;svg width="1792" height="1792" viewBox="0 0 1792 1792" xmlns="http://www.w3.org/2000/svg"&gt;&lt;path d="M1408 960V832q0-26-19-45t-45-19h-320V448q0-26-19-45t-45-19H832q-26 0-45 19t-19 45v320H448q-26 0-45 19t-19 45v128q0 26 19 45t45 19h320v320q0 26 19 45t45 19h128q26 0 45-19t19-45v-320h320q26 0 45-19t19-45zm256-544v960q0 119-84.5 203.5T1376 1664H416q-119 0-203.5-84.5T128 1376V416q0-119 84.5-203.5T416 128h960q119 0 203.5 84.5T1664 416z"/&gt;&lt;/svg&gt;&lt;/span&gt;
    
            &lt;span class="trace-class"&gt;&lt;abbr title="Symfony\Component\HttpKernel\HttpKernel"&gt;HttpKernel&lt;/abbr&gt;&lt;/span&gt;&lt;span class="trace-type"&gt;-&gt;&lt;/span&gt;&lt;span class="trace-method"&gt;handle&lt;/span&gt;&lt;span class="trace-arguments"&gt;()&lt;/span&gt;    
                    &lt;span class="block trace-file-path"&gt;
            in
            &lt;a href=""&gt;
                C:\Users\eman\Documents\GitHub\car_dealer\vendor\symfony\http-kernel\&lt;strong&gt;Kernel.php&lt;/strong&gt;
            &lt;/a&gt;
                        (line 202)
            &lt;span class="icon icon-copy hidden" data-clipboard-text="C:\Users\eman\Documents\GitHub\car_dealer\vendor\symfony\http-kernel\Kernel.php:202"&gt;
                &lt;svg xmlns="http://www.w3.org/2000/svg" height="24" viewBox="0 0 24 24" width="24"&gt;&lt;path d="M0 0h24v24H0z" fill="none"/&gt;&lt;path d="M16 1H4c-1.1 0-2 .9-2 2v14h2V3h12V1zm3 4H8c-1.1 0-2 .9-2 2v14c0 1.1.9 2 2 2h11c1.1 0 2-.9 2-2V7c0-1.1-.9-2-2-2zm0 16H8V7h11v14z"/&gt;&lt;/svg&gt;            &lt;/span&gt;
        &lt;/span&gt;
    &lt;/div&gt;
    &lt;div id="trace-html-2-21" class="trace-code sf-toggle-content"&gt;
        &lt;ol start="197"&gt;&lt;li&gt;&lt;code&gt;&lt;span style="color: var(--highlight-keyword)"&gt;&amp;nbsp;&amp;nbsp;&amp;nbsp;&amp;nbsp;&amp;nbsp;&amp;nbsp;&amp;nbsp;&amp;nbsp;&lt;/span&gt;&lt;span style="color: var(--highlight-default)"&gt;$this&lt;/span&gt;&lt;span style="color: var(--highlight-keyword)"&gt;-&amp;gt;&lt;/span&gt;&lt;span style="color: var(--highlight-default)"&gt;boot&lt;/span&gt;&lt;span style="color: var(--highlight-keyword)"&gt;();&lt;/span&gt;&lt;/code&gt;&lt;/li&gt;
&lt;li&gt;&lt;code&gt;&lt;span style="color: var(--highlight-keyword)"&gt;&amp;nbsp;&amp;nbsp;&amp;nbsp;&amp;nbsp;&amp;nbsp;&amp;nbsp;&amp;nbsp;&amp;nbsp;++&lt;/span&gt;&lt;span style="color: var(--highlight-default)"&gt;$this&lt;/span&gt;&lt;span style="color: var(--highlight-keyword)"&gt;-&amp;gt;&lt;/span&gt;&lt;span style="color: var(--highlight-default)"&gt;requestStackSize&lt;/span&gt;&lt;span style="color: var(--highlight-keyword)"&gt;;&lt;/span&gt;&lt;/code&gt;&lt;/li&gt;
&lt;li&gt;&lt;code&gt;&lt;span style="color: var(--highlight-keyword)"&gt;&amp;nbsp;&amp;nbsp;&amp;nbsp;&amp;nbsp;&amp;nbsp;&amp;nbsp;&amp;nbsp;&amp;nbsp;&lt;/span&gt;&lt;span style="color: var(--highlight-default)"&gt;$this&lt;/span&gt;&lt;span style="color: var(--highlight-keyword)"&gt;-&amp;gt;&lt;/span&gt;&lt;span style="color: var(--highlight-default)"&gt;resetServices&amp;nbsp;&lt;/span&gt;&lt;span style="color: var(--highlight-keyword)"&gt;=&amp;nbsp;&lt;/span&gt;&lt;span style="color: var(--highlight-default)"&gt;true&lt;/span&gt;&lt;span style="color: var(--highlight-keyword)"&gt;;&lt;/span&gt;&lt;/code&gt;&lt;/li&gt;
&lt;li&gt;&lt;code&gt;&lt;span style="color: var(--highlight-keyword)"&gt;&lt;/span&gt;&lt;/code&gt;&lt;/li&gt;
&lt;li&gt;&lt;code&gt;&lt;span style="color: var(--highlight-keyword)"&gt;&amp;nbsp;&amp;nbsp;&amp;nbsp;&amp;nbsp;&amp;nbsp;&amp;nbsp;&amp;nbsp;&amp;nbsp;try&amp;nbsp;{&lt;/span&gt;&lt;/code&gt;&lt;/li&gt;
&lt;li class="selected"&gt;&lt;code&gt;&lt;span style="color: var(--highlight-keyword)"&gt;&amp;nbsp;&amp;nbsp;&amp;nbsp;&amp;nbsp;&amp;nbsp;&amp;nbsp;&amp;nbsp;&amp;nbsp;&amp;nbsp;&amp;nbsp;&amp;nbsp;&amp;nbsp;return&amp;nbsp;&lt;/span&gt;&lt;span style="color: var(--highlight-default)"&gt;$this&lt;/span&gt;&lt;span style="color: var(--highlight-keyword)"&gt;-&amp;gt;&lt;/span&gt;&lt;span style="color: var(--highlight-default)"&gt;getHttpKernel&lt;/span&gt;&lt;span style="color: var(--highlight-keyword)"&gt;()-&amp;gt;&lt;/span&gt;&lt;span style="color: var(--highlight-default)"&gt;handle&lt;/span&gt;&lt;span style="color: var(--highlight-keyword)"&gt;(&lt;/span&gt;&lt;span style="color: var(--highlight-default)"&gt;$request&lt;/span&gt;&lt;span style="color: var(--highlight-keyword)"&gt;,&amp;nbsp;&lt;/span&gt;&lt;span style="color: var(--highlight-default)"&gt;$type&lt;/span&gt;&lt;span style="color: var(--highlight-keyword)"&gt;,&amp;nbsp;&lt;/span&gt;&lt;span style="color: var(--highlight-default)"&gt;$catch&lt;/span&gt;&lt;span style="color: var(--highlight-keyword)"&gt;);&lt;/span&gt;&lt;/code&gt;&lt;/li&gt;
&lt;li&gt;&lt;code&gt;&lt;span style="color: var(--highlight-keyword)"&gt;&amp;nbsp;&amp;nbsp;&amp;nbsp;&amp;nbsp;&amp;nbsp;&amp;nbsp;&amp;nbsp;&amp;nbsp;}&amp;nbsp;finally&amp;nbsp;{&lt;/span&gt;&lt;/code&gt;&lt;/li&gt;
&lt;li&gt;&lt;code&gt;&lt;span style="color: var(--highlight-keyword)"&gt;&amp;nbsp;&amp;nbsp;&amp;nbsp;&amp;nbsp;&amp;nbsp;&amp;nbsp;&amp;nbsp;&amp;nbsp;&amp;nbsp;&amp;nbsp;&amp;nbsp;&amp;nbsp;--&lt;/span&gt;&lt;span style="color: var(--highlight-default)"&gt;$this&lt;/span&gt;&lt;span style="color: var(--highlight-keyword)"&gt;-&amp;gt;&lt;/span&gt;&lt;span style="color: var(--highlight-default)"&gt;requestStackSize&lt;/span&gt;&lt;span style="color: var(--highlight-keyword)"&gt;;&lt;/span&gt;&lt;/code&gt;&lt;/li&gt;
&lt;li&gt;&lt;code&gt;&lt;span style="color: var(--highlight-keyword)"&gt;&amp;nbsp;&amp;nbsp;&amp;nbsp;&amp;nbsp;&amp;nbsp;&amp;nbsp;&amp;nbsp;&amp;nbsp;}&lt;/span&gt;&lt;/code&gt;&lt;/li&gt;
&lt;li&gt;&lt;code&gt;&lt;span style="color: var(--highlight-keyword)"&gt;&amp;nbsp;&amp;nbsp;&amp;nbsp;&amp;nbsp;}&lt;/span&gt;&lt;/code&gt;&lt;/li&gt;
&lt;li&gt;&lt;code&gt;&lt;span style="color: var(--highlight-keyword)"&gt;&lt;/span&gt;&lt;/code&gt;&lt;/li&gt;&lt;/ol&gt;    &lt;/div&gt;            &lt;/div&gt;
                        &lt;div class="trace-line "&gt;
                &lt;div class="trace-line-header break-long-words sf-toggle" data-toggle-selector="#trace-html-2-22" data-toggle-initial=""&gt;
            &lt;span class="icon icon-close"&gt;&lt;svg width="1792" height="1792" viewBox="0 0 1792 1792" xmlns="http://www.w3.org/2000/svg"&gt;&lt;path d="M1408 960V832q0-26-19-45t-45-19H448q-26 0-45 19t-19 45v128q0 26 19 45t45 19h896q26 0 45-19t19-45zm256-544v960q0 119-84.5 203.5T1376 1664H416q-119 0-203.5-84.5T128 1376V416q0-119 84.5-203.5T416 128h960q119 0 203.5 84.5T1664 416z"/&gt;&lt;/svg&gt;&lt;/span&gt;
        &lt;span class="icon icon-open"&gt;&lt;svg width="1792" height="1792" viewBox="0 0 1792 1792" xmlns="http://www.w3.org/2000/svg"&gt;&lt;path d="M1408 960V832q0-26-19-45t-45-19h-320V448q0-26-19-45t-45-19H832q-26 0-45 19t-19 45v320H448q-26 0-45 19t-19 45v128q0 26 19 45t45 19h320v320q0 26 19 45t45 19h128q26 0 45-19t19-45v-320h320q26 0 45-19t19-45zm256-544v960q0 119-84.5 203.5T1376 1664H416q-119 0-203.5-84.5T128 1376V416q0-119 84.5-203.5T416 128h960q119 0 203.5 84.5T1664 416z"/&gt;&lt;/svg&gt;&lt;/span&gt;
    
            &lt;span class="trace-class"&gt;&lt;abbr title="Symfony\Component\HttpKernel\Kernel"&gt;Kernel&lt;/abbr&gt;&lt;/span&gt;&lt;span class="trace-type"&gt;-&gt;&lt;/span&gt;&lt;span class="trace-method"&gt;handle&lt;/span&gt;&lt;span class="trace-arguments"&gt;()&lt;/span&gt;    
                    &lt;span class="block trace-file-path"&gt;
            in
            &lt;a href=""&gt;
                C:\Users\eman\Documents\GitHub\car_dealer\vendor\symfony\http-kernel\&lt;strong&gt;HttpKernelBrowser.php&lt;/strong&gt;
            &lt;/a&gt;
                        (line 65)
            &lt;span class="icon icon-copy hidden" data-clipboard-text="C:\Users\eman\Documents\GitHub\car_dealer\vendor\symfony\http-kernel\HttpKernelBrowser.php:65"&gt;
                &lt;svg xmlns="http://www.w3.org/2000/svg" height="24" viewBox="0 0 24 24" width="24"&gt;&lt;path d="M0 0h24v24H0z" fill="none"/&gt;&lt;path d="M16 1H4c-1.1 0-2 .9-2 2v14h2V3h12V1zm3 4H8c-1.1 0-2 .9-2 2v14c0 1.1.9 2 2 2h11c1.1 0 2-.9 2-2V7c0-1.1-.9-2-2-2zm0 16H8V7h11v14z"/&gt;&lt;/svg&gt;            &lt;/span&gt;
        &lt;/span&gt;
    &lt;/div&gt;
    &lt;div id="trace-html-2-22" class="trace-code sf-toggle-content"&gt;
        &lt;ol start="60"&gt;&lt;li&gt;&lt;code&gt;&lt;span style="color: var(--highlight-comment)"&gt;&amp;nbsp;&amp;nbsp;&amp;nbsp;&amp;nbsp;&amp;nbsp;*&lt;/span&gt;&lt;/code&gt;&lt;/li&gt;
&lt;li&gt;&lt;code&gt;&lt;span style="color: var(--highlight-comment)"&gt;&amp;nbsp;&amp;nbsp;&amp;nbsp;&amp;nbsp;&amp;nbsp;*&amp;nbsp;@return&amp;nbsp;Response&lt;/span&gt;&lt;/code&gt;&lt;/li&gt;
&lt;li&gt;&lt;code&gt;&lt;span style="color: var(--highlight-comment)"&gt;&amp;nbsp;&amp;nbsp;&amp;nbsp;&amp;nbsp;&amp;nbsp;*/&lt;/span&gt;&lt;/code&gt;&lt;/li&gt;
&lt;li&gt;&lt;code&gt;&lt;span style="color: var(--highlight-comment)"&gt;&amp;nbsp;&amp;nbsp;&amp;nbsp;&amp;nbsp;&lt;/span&gt;&lt;span style="color: var(--highlight-keyword)"&gt;protected&amp;nbsp;function&amp;nbsp;&lt;/span&gt;&lt;span style="color: var(--highlight-default)"&gt;doRequest&lt;/span&gt;&lt;span style="color: var(--highlight-keyword)"&gt;(&lt;/span&gt;&lt;span style="color: var(--highlight-default)"&gt;object&amp;nbsp;$request&lt;/span&gt;&lt;span style="color: var(--highlight-keyword)"&gt;)&lt;/span&gt;&lt;/code&gt;&lt;/li&gt;
&lt;li&gt;&lt;code&gt;&lt;span style="color: var(--highlight-keyword)"&gt;&amp;nbsp;&amp;nbsp;&amp;nbsp;&amp;nbsp;{&lt;/span&gt;&lt;/code&gt;&lt;/li&gt;
&lt;li class="selected"&gt;&lt;code&gt;&lt;span style="color: var(--highlight-keyword)"&gt;&amp;nbsp;&amp;nbsp;&amp;nbsp;&amp;nbsp;&amp;nbsp;&amp;nbsp;&amp;nbsp;&amp;nbsp;&lt;/span&gt;&lt;span style="color: var(--highlight-default)"&gt;$response&amp;nbsp;&lt;/span&gt;&lt;span style="color: var(--highlight-keyword)"&gt;=&amp;nbsp;&lt;/span&gt;&lt;span style="color: var(--highlight-default)"&gt;$this&lt;/span&gt;&lt;span style="color: var(--highlight-keyword)"&gt;-&amp;gt;&lt;/span&gt;&lt;span style="color: var(--highlight-default)"&gt;kernel&lt;/span&gt;&lt;span style="color: var(--highlight-keyword)"&gt;-&amp;gt;&lt;/span&gt;&lt;span style="color: var(--highlight-default)"&gt;handle&lt;/span&gt;&lt;span style="color: var(--highlight-keyword)"&gt;(&lt;/span&gt;&lt;span style="color: var(--highlight-default)"&gt;$request&lt;/span&gt;&lt;span style="color: var(--highlight-keyword)"&gt;,&amp;nbsp;&lt;/span&gt;&lt;span style="color: var(--highlight-default)"&gt;HttpKernelInterface&lt;/span&gt;&lt;span style="color: var(--highlight-keyword)"&gt;::&lt;/span&gt;&lt;span style="color: var(--highlight-default)"&gt;MAIN_REQUEST&lt;/span&gt;&lt;span style="color: var(--highlight-keyword)"&gt;,&amp;nbsp;&lt;/span&gt;&lt;span style="color: var(--highlight-default)"&gt;$this&lt;/span&gt;&lt;span style="color: var(--highlight-keyword)"&gt;-&amp;gt;&lt;/span&gt;&lt;span style="color: var(--highlight-default)"&gt;catchExceptions&lt;/span&gt;&lt;span style="color: var(--highlight-keyword)"&gt;);&lt;/span&gt;&lt;/code&gt;&lt;/li&gt;
&lt;li&gt;&lt;code&gt;&lt;span style="color: var(--highlight-keyword)"&gt;&lt;/span&gt;&lt;/code&gt;&lt;/li&gt;
&lt;li&gt;&lt;code&gt;&lt;span style="color: var(--highlight-keyword)"&gt;&amp;nbsp;&amp;nbsp;&amp;nbsp;&amp;nbsp;&amp;nbsp;&amp;nbsp;&amp;nbsp;&amp;nbsp;if&amp;nbsp;(&lt;/span&gt;&lt;span style="color: var(--highlight-default)"&gt;$this&lt;/span&gt;&lt;span style="color: var(--highlight-keyword)"&gt;-&amp;gt;&lt;/span&gt;&lt;span style="color: var(--highlight-default)"&gt;kernel&amp;nbsp;&lt;/span&gt;&lt;span style="color: var(--highlight-keyword)"&gt;instanceof&amp;nbsp;&lt;/span&gt;&lt;span style="color: var(--highlight-default)"&gt;TerminableInterface&lt;/span&gt;&lt;span style="color: var(--highlight-keyword)"&gt;)&amp;nbsp;{&lt;/span&gt;&lt;/code&gt;&lt;/li&gt;
&lt;li&gt;&lt;code&gt;&lt;span style="color: var(--highlight-keyword)"&gt;&amp;nbsp;&amp;nbsp;&amp;nbsp;&amp;nbsp;&amp;nbsp;&amp;nbsp;&amp;nbsp;&amp;nbsp;&amp;nbsp;&amp;nbsp;&amp;nbsp;&amp;nbsp;&lt;/span&gt;&lt;span style="color: var(--highlight-default)"&gt;$this&lt;/span&gt;&lt;span style="color: var(--highlight-keyword)"&gt;-&amp;gt;&lt;/span&gt;&lt;span style="color: var(--highlight-default)"&gt;kernel&lt;/span&gt;&lt;span style="color: var(--highlight-keyword)"&gt;-&amp;gt;&lt;/span&gt;&lt;span style="color: var(--highlight-default)"&gt;terminate&lt;/span&gt;&lt;span style="color: var(--highlight-keyword)"&gt;(&lt;/span&gt;&lt;span style="color: var(--highlight-default)"&gt;$request&lt;/span&gt;&lt;span style="color: var(--highlight-keyword)"&gt;,&amp;nbsp;&lt;/span&gt;&lt;span style="color: var(--highlight-default)"&gt;$response&lt;/span&gt;&lt;span style="color: var(--highlight-keyword)"&gt;);&lt;/span&gt;&lt;/code&gt;&lt;/li&gt;
&lt;li&gt;&lt;code&gt;&lt;span style="color: var(--highlight-keyword)"&gt;&amp;nbsp;&amp;nbsp;&amp;nbsp;&amp;nbsp;&amp;nbsp;&amp;nbsp;&amp;nbsp;&amp;nbsp;}&lt;/span&gt;&lt;/code&gt;&lt;/li&gt;
&lt;li&gt;&lt;code&gt;&lt;span style="color: var(--highlight-keyword)"&gt;&lt;/span&gt;&lt;/code&gt;&lt;/li&gt;&lt;/ol&gt;    &lt;/div&gt;            &lt;/div&gt;
                        &lt;div class="trace-line "&gt;
                &lt;div class="trace-line-header break-long-words sf-toggle" data-toggle-selector="#trace-html-2-23" data-toggle-initial=""&gt;
            &lt;span class="icon icon-close"&gt;&lt;svg width="1792" height="1792" viewBox="0 0 1792 1792" xmlns="http://www.w3.org/2000/svg"&gt;&lt;path d="M1408 960V832q0-26-19-45t-45-19H448q-26 0-45 19t-19 45v128q0 26 19 45t45 19h896q26 0 45-19t19-45zm256-544v960q0 119-84.5 203.5T1376 1664H416q-119 0-203.5-84.5T128 1376V416q0-119 84.5-203.5T416 128h960q119 0 203.5 84.5T1664 416z"/&gt;&lt;/svg&gt;&lt;/span&gt;
        &lt;span class="icon icon-open"&gt;&lt;svg width="1792" height="1792" viewBox="0 0 1792 1792" xmlns="http://www.w3.org/2000/svg"&gt;&lt;path d="M1408 960V832q0-26-19-45t-45-19h-320V448q0-26-19-45t-45-19H832q-26 0-45 19t-19 45v320H448q-26 0-45 19t-19 45v128q0 26 19 45t45 19h320v320q0 26 19 45t45 19h128q26 0 45-19t19-45v-320h320q26 0 45-19t19-45zm256-544v960q0 119-84.5 203.5T1376 1664H416q-119 0-203.5-84.5T128 1376V416q0-119 84.5-203.5T416 128h960q119 0 203.5 84.5T1664 416z"/&gt;&lt;/svg&gt;&lt;/span&gt;
    
            &lt;span class="trace-class"&gt;&lt;abbr title="Symfony\Component\HttpKernel\HttpKernelBrowser"&gt;HttpKernelBrowser&lt;/abbr&gt;&lt;/span&gt;&lt;span class="trace-type"&gt;-&gt;&lt;/span&gt;&lt;span class="trace-method"&gt;doRequest&lt;/span&gt;&lt;span class="trace-arguments"&gt;()&lt;/span&gt;    
                    &lt;span class="block trace-file-path"&gt;
            in
            &lt;a href=""&gt;
                C:\Users\eman\Documents\GitHub\car_dealer\vendor\symfony\framework-bundle\&lt;strong&gt;KernelBrowser.php&lt;/strong&gt;
            &lt;/a&gt;
                        (line 171)
            &lt;span class="icon icon-copy hidden" data-clipboard-text="C:\Users\eman\Documents\GitHub\car_dealer\vendor\symfony\framework-bundle\KernelBrowser.php:171"&gt;
                &lt;svg xmlns="http://www.w3.org/2000/svg" height="24" viewBox="0 0 24 24" width="24"&gt;&lt;path d="M0 0h24v24H0z" fill="none"/&gt;&lt;path d="M16 1H4c-1.1 0-2 .9-2 2v14h2V3h12V1zm3 4H8c-1.1 0-2 .9-2 2v14c0 1.1.9 2 2 2h11c1.1 0 2-.9 2-2V7c0-1.1-.9-2-2-2zm0 16H8V7h11v14z"/&gt;&lt;/svg&gt;            &lt;/span&gt;
        &lt;/span&gt;
    &lt;/div&gt;
    &lt;div id="trace-html-2-23" class="trace-code sf-toggle-content"&gt;
        &lt;ol start="166"&gt;&lt;li&gt;&lt;code&gt;&lt;span style="color: var(--highlight-keyword)"&gt;&lt;/span&gt;&lt;/code&gt;&lt;/li&gt;
&lt;li&gt;&lt;code&gt;&lt;span style="color: var(--highlight-keyword)"&gt;&amp;nbsp;&amp;nbsp;&amp;nbsp;&amp;nbsp;&amp;nbsp;&amp;nbsp;&amp;nbsp;&amp;nbsp;&amp;nbsp;&amp;nbsp;&amp;nbsp;&amp;nbsp;&lt;/span&gt;&lt;span style="color: var(--highlight-default)"&gt;$this&lt;/span&gt;&lt;span style="color: var(--highlight-keyword)"&gt;-&amp;gt;&lt;/span&gt;&lt;span style="color: var(--highlight-default)"&gt;kernel&lt;/span&gt;&lt;span style="color: var(--highlight-keyword)"&gt;-&amp;gt;&lt;/span&gt;&lt;span style="color: var(--highlight-default)"&gt;boot&lt;/span&gt;&lt;span style="color: var(--highlight-keyword)"&gt;();&lt;/span&gt;&lt;/code&gt;&lt;/li&gt;
&lt;li&gt;&lt;code&gt;&lt;span style="color: var(--highlight-keyword)"&gt;&amp;nbsp;&amp;nbsp;&amp;nbsp;&amp;nbsp;&amp;nbsp;&amp;nbsp;&amp;nbsp;&amp;nbsp;&amp;nbsp;&amp;nbsp;&amp;nbsp;&amp;nbsp;&lt;/span&gt;&lt;span style="color: var(--highlight-default)"&gt;$this&lt;/span&gt;&lt;span style="color: var(--highlight-keyword)"&gt;-&amp;gt;&lt;/span&gt;&lt;span style="color: var(--highlight-default)"&gt;getContainer&lt;/span&gt;&lt;span style="color: var(--highlight-keyword)"&gt;()-&amp;gt;&lt;/span&gt;&lt;span style="color: var(--highlight-default)"&gt;get&lt;/span&gt;&lt;span style="color: var(--highlight-keyword)"&gt;(&lt;/span&gt;&lt;span style="color: var(--highlight-string)"&gt;'profiler'&lt;/span&gt;&lt;span style="color: var(--highlight-keyword)"&gt;)-&amp;gt;&lt;/span&gt;&lt;span style="color: var(--highlight-default)"&gt;enable&lt;/span&gt;&lt;span style="color: var(--highlight-keyword)"&gt;();&lt;/span&gt;&lt;/code&gt;&lt;/li&gt;
&lt;li&gt;&lt;code&gt;&lt;span style="color: var(--highlight-keyword)"&gt;&amp;nbsp;&amp;nbsp;&amp;nbsp;&amp;nbsp;&amp;nbsp;&amp;nbsp;&amp;nbsp;&amp;nbsp;}&lt;/span&gt;&lt;/code&gt;&lt;/li&gt;
&lt;li&gt;&lt;code&gt;&lt;span style="color: var(--highlight-keyword)"&gt;&lt;/span&gt;&lt;/code&gt;&lt;/li&gt;
&lt;li class="selected"&gt;&lt;code&gt;&lt;span style="color: var(--highlight-keyword)"&gt;&amp;nbsp;&amp;nbsp;&amp;nbsp;&amp;nbsp;&amp;nbsp;&amp;nbsp;&amp;nbsp;&amp;nbsp;return&amp;nbsp;&lt;/span&gt;&lt;span style="color: var(--highlight-default)"&gt;parent&lt;/span&gt;&lt;span style="color: var(--highlight-keyword)"&gt;::&lt;/span&gt;&lt;span style="color: var(--highlight-default)"&gt;doRequest&lt;/span&gt;&lt;span style="color: var(--highlight-keyword)"&gt;(&lt;/span&gt;&lt;span style="color: var(--highlight-default)"&gt;$request&lt;/span&gt;&lt;span style="color: var(--highlight-keyword)"&gt;);&lt;/span&gt;&lt;/code&gt;&lt;/li&gt;
&lt;li&gt;&lt;code&gt;&lt;span style="color: var(--highlight-keyword)"&gt;&amp;nbsp;&amp;nbsp;&amp;nbsp;&amp;nbsp;}&lt;/span&gt;&lt;/code&gt;&lt;/li&gt;
&lt;li&gt;&lt;code&gt;&lt;span style="color: var(--highlight-keyword)"&gt;&lt;/span&gt;&lt;/code&gt;&lt;/li&gt;
&lt;li&gt;&lt;code&gt;&lt;span style="color: var(--highlight-keyword)"&gt;&amp;nbsp;&amp;nbsp;&amp;nbsp;&amp;nbsp;&lt;/span&gt;&lt;span style="color: var(--highlight-comment)"&gt;/**&lt;/span&gt;&lt;/code&gt;&lt;/li&gt;
&lt;li&gt;&lt;code&gt;&lt;span style="color: var(--highlight-comment)"&gt;&amp;nbsp;&amp;nbsp;&amp;nbsp;&amp;nbsp;&amp;nbsp;*&amp;nbsp;{@inheritdoc}&lt;/span&gt;&lt;/code&gt;&lt;/li&gt;
&lt;li&gt;&lt;code&gt;&lt;span style="color: var(--highlight-comment)"&gt;&amp;nbsp;&amp;nbsp;&amp;nbsp;&amp;nbsp;&amp;nbsp;*&lt;/span&gt;&lt;/code&gt;&lt;/li&gt;&lt;/ol&gt;    &lt;/div&gt;            &lt;/div&gt;
                        &lt;div class="trace-line "&gt;
                &lt;div class="trace-line-header break-long-words sf-toggle" data-toggle-selector="#trace-html-2-24" data-toggle-initial=""&gt;
            &lt;span class="icon icon-close"&gt;&lt;svg width="1792" height="1792" viewBox="0 0 1792 1792" xmlns="http://www.w3.org/2000/svg"&gt;&lt;path d="M1408 960V832q0-26-19-45t-45-19H448q-26 0-45 19t-19 45v128q0 26 19 45t45 19h896q26 0 45-19t19-45zm256-544v960q0 119-84.5 203.5T1376 1664H416q-119 0-203.5-84.5T128 1376V416q0-119 84.5-203.5T416 128h960q119 0 203.5 84.5T1664 416z"/&gt;&lt;/svg&gt;&lt;/span&gt;
        &lt;span class="icon icon-open"&gt;&lt;svg width="1792" height="1792" viewBox="0 0 1792 1792" xmlns="http://www.w3.org/2000/svg"&gt;&lt;path d="M1408 960V832q0-26-19-45t-45-19h-320V448q0-26-19-45t-45-19H832q-26 0-45 19t-19 45v320H448q-26 0-45 19t-19 45v128q0 26 19 45t45 19h320v320q0 26 19 45t45 19h128q26 0 45-19t19-45v-320h320q26 0 45-19t19-45zm256-544v960q0 119-84.5 203.5T1376 1664H416q-119 0-203.5-84.5T128 1376V416q0-119 84.5-203.5T416 128h960q119 0 203.5 84.5T1664 416z"/&gt;&lt;/svg&gt;&lt;/span&gt;
    
            &lt;span class="trace-class"&gt;&lt;abbr title="Symfony\Bundle\FrameworkBundle\KernelBrowser"&gt;KernelBrowser&lt;/abbr&gt;&lt;/span&gt;&lt;span class="trace-type"&gt;-&gt;&lt;/span&gt;&lt;span class="trace-method"&gt;doRequest&lt;/span&gt;&lt;span class="trace-arguments"&gt;()&lt;/span&gt;    
                    &lt;span class="block trace-file-path"&gt;
            in
            &lt;a href=""&gt;
                C:\Users\eman\Documents\GitHub\car_dealer\vendor\symfony\browser-kit\&lt;strong&gt;AbstractBrowser.php&lt;/strong&gt;
            &lt;/a&gt;
                        (line 370)
            &lt;span class="icon icon-copy hidden" data-clipboard-text="C:\Users\eman\Documents\GitHub\car_dealer\vendor\symfony\browser-kit\AbstractBrowser.php:370"&gt;
                &lt;svg xmlns="http://www.w3.org/2000/svg" height="24" viewBox="0 0 24 24" width="24"&gt;&lt;path d="M0 0h24v24H0z" fill="none"/&gt;&lt;path d="M16 1H4c-1.1 0-2 .9-2 2v14h2V3h12V1zm3 4H8c-1.1 0-2 .9-2 2v14c0 1.1.9 2 2 2h11c1.1 0 2-.9 2-2V7c0-1.1-.9-2-2-2zm0 16H8V7h11v14z"/&gt;&lt;/svg&gt;            &lt;/span&gt;
        &lt;/span&gt;
    &lt;/div&gt;
    &lt;div id="trace-html-2-24" class="trace-code sf-toggle-content"&gt;
        &lt;ol start="365"&gt;&lt;li&gt;&lt;code&gt;&lt;span style="color: var(--highlight-keyword)"&gt;&amp;nbsp;&amp;nbsp;&amp;nbsp;&amp;nbsp;&amp;nbsp;&amp;nbsp;&amp;nbsp;&amp;nbsp;}&lt;/span&gt;&lt;/code&gt;&lt;/li&gt;
&lt;li&gt;&lt;code&gt;&lt;span style="color: var(--highlight-keyword)"&gt;&lt;/span&gt;&lt;/code&gt;&lt;/li&gt;
&lt;li&gt;&lt;code&gt;&lt;span style="color: var(--highlight-keyword)"&gt;&amp;nbsp;&amp;nbsp;&amp;nbsp;&amp;nbsp;&amp;nbsp;&amp;nbsp;&amp;nbsp;&amp;nbsp;if&amp;nbsp;(&lt;/span&gt;&lt;span style="color: var(--highlight-default)"&gt;$this&lt;/span&gt;&lt;span style="color: var(--highlight-keyword)"&gt;-&amp;gt;&lt;/span&gt;&lt;span style="color: var(--highlight-default)"&gt;insulated&lt;/span&gt;&lt;span style="color: var(--highlight-keyword)"&gt;)&amp;nbsp;{&lt;/span&gt;&lt;/code&gt;&lt;/li&gt;
&lt;li&gt;&lt;code&gt;&lt;span style="color: var(--highlight-keyword)"&gt;&amp;nbsp;&amp;nbsp;&amp;nbsp;&amp;nbsp;&amp;nbsp;&amp;nbsp;&amp;nbsp;&amp;nbsp;&amp;nbsp;&amp;nbsp;&amp;nbsp;&amp;nbsp;&lt;/span&gt;&lt;span style="color: var(--highlight-default)"&gt;$this&lt;/span&gt;&lt;span style="color: var(--highlight-keyword)"&gt;-&amp;gt;&lt;/span&gt;&lt;span style="color: var(--highlight-default)"&gt;response&amp;nbsp;&lt;/span&gt;&lt;span style="color: var(--highlight-keyword)"&gt;=&amp;nbsp;&lt;/span&gt;&lt;span style="color: var(--highlight-default)"&gt;$this&lt;/span&gt;&lt;span style="color: var(--highlight-keyword)"&gt;-&amp;gt;&lt;/span&gt;&lt;span style="color: var(--highlight-default)"&gt;doRequestInProcess&lt;/span&gt;&lt;span style="color: var(--highlight-keyword)"&gt;(&lt;/span&gt;&lt;span style="color: var(--highlight-default)"&gt;$this&lt;/span&gt;&lt;span style="color: var(--highlight-keyword)"&gt;-&amp;gt;&lt;/span&gt;&lt;span style="color: var(--highlight-default)"&gt;request&lt;/span&gt;&lt;span style="color: var(--highlight-keyword)"&gt;);&lt;/span&gt;&lt;/code&gt;&lt;/li&gt;
&lt;li&gt;&lt;code&gt;&lt;span style="color: var(--highlight-keyword)"&gt;&amp;nbsp;&amp;nbsp;&amp;nbsp;&amp;nbsp;&amp;nbsp;&amp;nbsp;&amp;nbsp;&amp;nbsp;}&amp;nbsp;else&amp;nbsp;{&lt;/span&gt;&lt;/code&gt;&lt;/li&gt;
&lt;li class="selected"&gt;&lt;code&gt;&lt;span style="color: var(--highlight-keyword)"&gt;&amp;nbsp;&amp;nbsp;&amp;nbsp;&amp;nbsp;&amp;nbsp;&amp;nbsp;&amp;nbsp;&amp;nbsp;&amp;nbsp;&amp;nbsp;&amp;nbsp;&amp;nbsp;&lt;/span&gt;&lt;span style="color: var(--highlight-default)"&gt;$this&lt;/span&gt;&lt;span style="color: var(--highlight-keyword)"&gt;-&amp;gt;&lt;/span&gt;&lt;span style="color: var(--highlight-default)"&gt;response&amp;nbsp;&lt;/span&gt;&lt;span style="color: var(--highlight-keyword)"&gt;=&amp;nbsp;&lt;/span&gt;&lt;span style="color: var(--highlight-default)"&gt;$this&lt;/span&gt;&lt;span style="color: var(--highlight-keyword)"&gt;-&amp;gt;&lt;/span&gt;&lt;span style="color: var(--highlight-default)"&gt;doRequest&lt;/span&gt;&lt;span style="color: var(--highlight-keyword)"&gt;(&lt;/span&gt;&lt;span style="color: var(--highlight-default)"&gt;$this&lt;/span&gt;&lt;span style="color: var(--highlight-keyword)"&gt;-&amp;gt;&lt;/span&gt;&lt;span style="color: var(--highlight-default)"&gt;request&lt;/span&gt;&lt;span style="color: var(--highlight-keyword)"&gt;);&lt;/span&gt;&lt;/code&gt;&lt;/li&gt;
&lt;li&gt;&lt;code&gt;&lt;span style="color: var(--highlight-keyword)"&gt;&amp;nbsp;&amp;nbsp;&amp;nbsp;&amp;nbsp;&amp;nbsp;&amp;nbsp;&amp;nbsp;&amp;nbsp;}&lt;/span&gt;&lt;/code&gt;&lt;/li&gt;
&lt;li&gt;&lt;code&gt;&lt;span style="color: var(--highlight-keyword)"&gt;&lt;/span&gt;&lt;/code&gt;&lt;/li&gt;
&lt;li&gt;&lt;code&gt;&lt;span style="color: var(--highlight-keyword)"&gt;&amp;nbsp;&amp;nbsp;&amp;nbsp;&amp;nbsp;&amp;nbsp;&amp;nbsp;&amp;nbsp;&amp;nbsp;&lt;/span&gt;&lt;span style="color: var(--highlight-default)"&gt;$this&lt;/span&gt;&lt;span style="color: var(--highlight-keyword)"&gt;-&amp;gt;&lt;/span&gt;&lt;span style="color: var(--highlight-default)"&gt;internalResponse&amp;nbsp;&lt;/span&gt;&lt;span style="color: var(--highlight-keyword)"&gt;=&amp;nbsp;&lt;/span&gt;&lt;span style="color: var(--highlight-default)"&gt;$this&lt;/span&gt;&lt;span style="color: var(--highlight-keyword)"&gt;-&amp;gt;&lt;/span&gt;&lt;span style="color: var(--highlight-default)"&gt;filterResponse&lt;/span&gt;&lt;span style="color: var(--highlight-keyword)"&gt;(&lt;/span&gt;&lt;span style="color: var(--highlight-default)"&gt;$this&lt;/span&gt;&lt;span style="color: var(--highlight-keyword)"&gt;-&amp;gt;&lt;/span&gt;&lt;span style="color: var(--highlight-default)"&gt;response&lt;/span&gt;&lt;span style="color: var(--highlight-keyword)"&gt;);&lt;/span&gt;&lt;/code&gt;&lt;/li&gt;
&lt;li&gt;&lt;code&gt;&lt;span style="color: var(--highlight-keyword)"&gt;&lt;/span&gt;&lt;/code&gt;&lt;/li&gt;
&lt;li&gt;&lt;code&gt;&lt;span style="color: var(--highlight-keyword)"&gt;&amp;nbsp;&amp;nbsp;&amp;nbsp;&amp;nbsp;&amp;nbsp;&amp;nbsp;&amp;nbsp;&amp;nbsp;&lt;/span&gt;&lt;span style="color: var(--highlight-default)"&gt;$this&lt;/span&gt;&lt;span style="color: var(--highlight-keyword)"&gt;-&amp;gt;&lt;/span&gt;&lt;span style="color: var(--highlight-default)"&gt;cookieJar&lt;/span&gt;&lt;span style="color: var(--highlight-keyword)"&gt;-&amp;gt;&lt;/span&gt;&lt;span style="color: var(--highlight-default)"&gt;updateFromResponse&lt;/span&gt;&lt;span style="color: var(--highlight-keyword)"&gt;(&lt;/span&gt;&lt;span style="color: var(--highlight-default)"&gt;$this&lt;/span&gt;&lt;span style="color: var(--highlight-keyword)"&gt;-&amp;gt;&lt;/span&gt;&lt;span style="color: var(--highlight-default)"&gt;internalResponse&lt;/span&gt;&lt;span style="color: var(--highlight-keyword)"&gt;,&amp;nbsp;&lt;/span&gt;&lt;span style="color: var(--highlight-default)"&gt;$uri&lt;/span&gt;&lt;span style="color: var(--highlight-keyword)"&gt;);&lt;/span&gt;&lt;/code&gt;&lt;/li&gt;&lt;/ol&gt;    &lt;/div&gt;            &lt;/div&gt;
                        &lt;div class="trace-line "&gt;
                &lt;div class="trace-line-header break-long-words sf-toggle" data-toggle-selector="#trace-html-2-25" data-toggle-initial=""&gt;
            &lt;span class="icon icon-close"&gt;&lt;svg width="1792" height="1792" viewBox="0 0 1792 1792" xmlns="http://www.w3.org/2000/svg"&gt;&lt;path d="M1408 960V832q0-26-19-45t-45-19H448q-26 0-45 19t-19 45v128q0 26 19 45t45 19h896q26 0 45-19t19-45zm256-544v960q0 119-84.5 203.5T1376 1664H416q-119 0-203.5-84.5T128 1376V416q0-119 84.5-203.5T416 128h960q119 0 203.5 84.5T1664 416z"/&gt;&lt;/svg&gt;&lt;/span&gt;
        &lt;span class="icon icon-open"&gt;&lt;svg width="1792" height="1792" viewBox="0 0 1792 1792" xmlns="http://www.w3.org/2000/svg"&gt;&lt;path d="M1408 960V832q0-26-19-45t-45-19h-320V448q0-26-19-45t-45-19H832q-26 0-45 19t-19 45v320H448q-26 0-45 19t-19 45v128q0 26 19 45t45 19h320v320q0 26 19 45t45 19h128q26 0 45-19t19-45v-320h320q26 0 45-19t19-45zm256-544v960q0 119-84.5 203.5T1376 1664H416q-119 0-203.5-84.5T128 1376V416q0-119 84.5-203.5T416 128h960q119 0 203.5 84.5T1664 416z"/&gt;&lt;/svg&gt;&lt;/span&gt;
    
            &lt;span class="trace-class"&gt;&lt;abbr title="Symfony\Component\BrowserKit\AbstractBrowser"&gt;AbstractBrowser&lt;/abbr&gt;&lt;/span&gt;&lt;span class="trace-type"&gt;-&gt;&lt;/span&gt;&lt;span class="trace-method"&gt;request&lt;/span&gt;&lt;span class="trace-arguments"&gt;()&lt;/span&gt;    
                    &lt;span class="block trace-file-path"&gt;
            in
            &lt;a href=""&gt;
                C:\Users\eman\Documents\GitHub\car_dealer\tests\WebTest\&lt;strong&gt;CarsPageTest.php&lt;/strong&gt;
            &lt;/a&gt;
                        (line 52)
            &lt;span class="icon icon-copy hidden" data-clipboard-text="C:\Users\eman\Documents\GitHub\car_dealer\tests\WebTest\CarsPageTest.php:52"&gt;
                &lt;svg xmlns="http://www.w3.org/2000/svg" height="24" viewBox="0 0 24 24" width="24"&gt;&lt;path d="M0 0h24v24H0z" fill="none"/&gt;&lt;path d="M16 1H4c-1.1 0-2 .9-2 2v14h2V3h12V1zm3 4H8c-1.1 0-2 .9-2 2v14c0 1.1.9 2 2 2h11c1.1 0 2-.9 2-2V7c0-1.1-.9-2-2-2zm0 16H8V7h11v14z"/&gt;&lt;/svg&gt;            &lt;/span&gt;
        &lt;/span&gt;
    &lt;/div&gt;
    &lt;div id="trace-html-2-25" class="trace-code sf-toggle-content"&gt;
        &lt;ol start="47"&gt;&lt;li&gt;&lt;code&gt;&lt;span style="color: var(--highlight-keyword)"&gt;&amp;nbsp;&amp;nbsp;&amp;nbsp;&amp;nbsp;&amp;nbsp;&amp;nbsp;&amp;nbsp;&amp;nbsp;&lt;/span&gt;&lt;span style="color: var(--highlight-default)"&gt;$url&amp;nbsp;&lt;/span&gt;&lt;span style="color: var(--highlight-keyword)"&gt;=&amp;nbsp;&lt;/span&gt;&lt;span style="color: var(--highlight-string)"&gt;'/car/50/show'&lt;/span&gt;&lt;span style="color: var(--highlight-keyword)"&gt;;&lt;/span&gt;&lt;/code&gt;&lt;/li&gt;
&lt;li&gt;&lt;code&gt;&lt;span style="color: var(--highlight-keyword)"&gt;&amp;nbsp;&amp;nbsp;&amp;nbsp;&amp;nbsp;&amp;nbsp;&amp;nbsp;&amp;nbsp;&amp;nbsp;&lt;/span&gt;&lt;span style="color: var(--highlight-default)"&gt;$httpMethod&amp;nbsp;&lt;/span&gt;&lt;span style="color: var(--highlight-keyword)"&gt;=&amp;nbsp;&lt;/span&gt;&lt;span style="color: var(--highlight-string)"&gt;'GET'&lt;/span&gt;&lt;span style="color: var(--highlight-keyword)"&gt;;&lt;/span&gt;&lt;/code&gt;&lt;/li&gt;
&lt;li&gt;&lt;code&gt;&lt;span style="color: var(--highlight-keyword)"&gt;&amp;nbsp;&amp;nbsp;&amp;nbsp;&amp;nbsp;&amp;nbsp;&amp;nbsp;&amp;nbsp;&amp;nbsp;&lt;/span&gt;&lt;span style="color: var(--highlight-default)"&gt;$client&amp;nbsp;&lt;/span&gt;&lt;span style="color: var(--highlight-keyword)"&gt;=&amp;nbsp;static::&lt;/span&gt;&lt;span style="color: var(--highlight-default)"&gt;createClient&lt;/span&gt;&lt;span style="color: var(--highlight-keyword)"&gt;();&lt;/span&gt;&lt;/code&gt;&lt;/li&gt;
&lt;li&gt;&lt;code&gt;&lt;span style="color: var(--highlight-keyword)"&gt;&amp;nbsp;&amp;nbsp;&amp;nbsp;&amp;nbsp;&amp;nbsp;&amp;nbsp;&amp;nbsp;&amp;nbsp;&lt;/span&gt;&lt;span style="color: var(--highlight-default)"&gt;$searchText&amp;nbsp;&lt;/span&gt;&lt;span style="color: var(--highlight-keyword)"&gt;=&amp;nbsp;&lt;/span&gt;&lt;span style="color: var(--highlight-string)"&gt;'Car'&lt;/span&gt;&lt;span style="color: var(--highlight-keyword)"&gt;;&lt;/span&gt;&lt;/code&gt;&lt;/li&gt;
&lt;li&gt;&lt;code&gt;&lt;span style="color: var(--highlight-keyword)"&gt;&amp;nbsp;&amp;nbsp;&amp;nbsp;&amp;nbsp;&amp;nbsp;&amp;nbsp;&amp;nbsp;&amp;nbsp;&lt;/span&gt;&lt;span style="color: var(--highlight-default)"&gt;$cssSelector&amp;nbsp;&lt;/span&gt;&lt;span style="color: var(--highlight-keyword)"&gt;=&amp;nbsp;&lt;/span&gt;&lt;span style="color: var(--highlight-string)"&gt;'h1'&lt;/span&gt;&lt;span style="color: var(--highlight-keyword)"&gt;;&lt;/span&gt;&lt;/code&gt;&lt;/li&gt;
&lt;li class="selected"&gt;&lt;code&gt;&lt;span style="color: var(--highlight-keyword)"&gt;&amp;nbsp;&amp;nbsp;&amp;nbsp;&amp;nbsp;&amp;nbsp;&amp;nbsp;&amp;nbsp;&amp;nbsp;&lt;/span&gt;&lt;span style="color: var(--highlight-default)"&gt;$crawler&amp;nbsp;&lt;/span&gt;&lt;span style="color: var(--highlight-keyword)"&gt;=&amp;nbsp;&lt;/span&gt;&lt;span style="color: var(--highlight-default)"&gt;$client&lt;/span&gt;&lt;span style="color: var(--highlight-keyword)"&gt;-&amp;gt;&lt;/span&gt;&lt;span style="color: var(--highlight-default)"&gt;request&lt;/span&gt;&lt;span style="color: var(--highlight-keyword)"&gt;(&lt;/span&gt;&lt;span style="color: var(--highlight-default)"&gt;$httpMethod&lt;/span&gt;&lt;span style="color: var(--highlight-keyword)"&gt;,&amp;nbsp;&lt;/span&gt;&lt;span style="color: var(--highlight-default)"&gt;$url&lt;/span&gt;&lt;span style="color: var(--highlight-keyword)"&gt;);&lt;/span&gt;&lt;/code&gt;&lt;/li&gt;
&lt;li&gt;&lt;code&gt;&lt;span style="color: var(--highlight-keyword)"&gt;&amp;nbsp;&amp;nbsp;&amp;nbsp;&amp;nbsp;&amp;nbsp;&amp;nbsp;&amp;nbsp;&amp;nbsp;&lt;/span&gt;&lt;span style="color: var(--highlight-default)"&gt;$content&amp;nbsp;&lt;/span&gt;&lt;span style="color: var(--highlight-keyword)"&gt;=&amp;nbsp;&lt;/span&gt;&lt;span style="color: var(--highlight-default)"&gt;$client&lt;/span&gt;&lt;span style="color: var(--highlight-keyword)"&gt;-&amp;gt;&lt;/span&gt;&lt;span style="color: var(--highlight-default)"&gt;getResponse&lt;/span&gt;&lt;span style="color: var(--highlight-keyword)"&gt;()-&amp;gt;&lt;/span&gt;&lt;span style="color: var(--highlight-default)"&gt;getContent&lt;/span&gt;&lt;span style="color: var(--highlight-keyword)"&gt;();&lt;/span&gt;&lt;/code&gt;&lt;/li&gt;
&lt;li&gt;&lt;code&gt;&lt;span style="color: var(--highlight-keyword)"&gt;&amp;nbsp;&amp;nbsp;&amp;nbsp;&amp;nbsp;&amp;nbsp;&amp;nbsp;&amp;nbsp;&amp;nbsp;&lt;/span&gt;&lt;span style="color: var(--highlight-default)"&gt;$this&lt;/span&gt;&lt;span style="color: var(--highlight-keyword)"&gt;-&amp;gt;&lt;/span&gt;&lt;span style="color: var(--highlight-default)"&gt;assertResponseIsSuccessful&lt;/span&gt;&lt;span style="color: var(--highlight-keyword)"&gt;();&lt;/span&gt;&lt;/code&gt;&lt;/li&gt;
&lt;li&gt;&lt;code&gt;&lt;span style="color: var(--highlight-keyword)"&gt;&amp;nbsp;&amp;nbsp;&amp;nbsp;&amp;nbsp;&amp;nbsp;&amp;nbsp;&amp;nbsp;&amp;nbsp;&lt;/span&gt;&lt;span style="color: var(--highlight-default)"&gt;$this&lt;/span&gt;&lt;span style="color: var(--highlight-keyword)"&gt;-&amp;gt;&lt;/span&gt;&lt;span style="color: var(--highlight-default)"&gt;assertSelectorTextContains&lt;/span&gt;&lt;span style="color: var(--highlight-keyword)"&gt;(&lt;/span&gt;&lt;span style="color: var(--highlight-default)"&gt;$cssSelector&lt;/span&gt;&lt;span style="color: var(--highlight-keyword)"&gt;,&amp;nbsp;&lt;/span&gt;&lt;span style="color: var(--highlight-default)"&gt;$searchText&lt;/span&gt;&lt;span style="color: var(--highlight-keyword)"&gt;);&lt;/span&gt;&lt;/code&gt;&lt;/li&gt;
&lt;li&gt;&lt;code&gt;&lt;span style="color: var(--highlight-keyword)"&gt;&amp;nbsp;&amp;nbsp;&amp;nbsp;&amp;nbsp;}&lt;/span&gt;&lt;/code&gt;&lt;/li&gt;
&lt;li&gt;&lt;code&gt;&lt;span style="color: var(--highlight-keyword)"&gt;}&lt;/span&gt;&lt;/code&gt;&lt;/li&gt;&lt;/ol&gt;    &lt;/div&gt;            &lt;/div&gt;
                        &lt;div class="trace-line "&gt;
                &lt;div class="trace-line-header break-long-words sf-toggle" data-toggle-selector="#trace-html-2-26" data-toggle-initial=""&gt;
            &lt;span class="icon icon-close"&gt;&lt;svg width="1792" height="1792" viewBox="0 0 1792 1792" xmlns="http://www.w3.org/2000/svg"&gt;&lt;path d="M1408 960V832q0-26-19-45t-45-19H448q-26 0-45 19t-19 45v128q0 26 19 45t45 19h896q26 0 45-19t19-45zm256-544v960q0 119-84.5 203.5T1376 1664H416q-119 0-203.5-84.5T128 1376V416q0-119 84.5-203.5T416 128h960q119 0 203.5 84.5T1664 416z"/&gt;&lt;/svg&gt;&lt;/span&gt;
        &lt;span class="icon icon-open"&gt;&lt;svg width="1792" height="1792" viewBox="0 0 1792 1792" xmlns="http://www.w3.org/2000/svg"&gt;&lt;path d="M1408 960V832q0-26-19-45t-45-19h-320V448q0-26-19-45t-45-19H832q-26 0-45 19t-19 45v320H448q-26 0-45 19t-19 45v128q0 26 19 45t45 19h320v320q0 26 19 45t45 19h128q26 0 45-19t19-45v-320h320q26 0 45-19t19-45zm256-544v960q0 119-84.5 203.5T1376 1664H416q-119 0-203.5-84.5T128 1376V416q0-119 84.5-203.5T416 128h960q119 0 203.5 84.5T1664 416z"/&gt;&lt;/svg&gt;&lt;/span&gt;
    
            &lt;span class="trace-class"&gt;&lt;abbr title="App\Tests\WebTest\CarsPageTest"&gt;CarsPageTest&lt;/abbr&gt;&lt;/span&gt;&lt;span class="trace-type"&gt;-&gt;&lt;/span&gt;&lt;span class="trace-method"&gt;testHead&lt;/span&gt;&lt;span class="trace-arguments"&gt;()&lt;/span&gt;    
                    &lt;span class="block trace-file-path"&gt;
            in
            &lt;a href=""&gt;
                C:\Users\eman\Documents\GitHub\car_dealer\vendor\phpunit\phpunit\src\Framework\&lt;strong&gt;TestCase.php&lt;/strong&gt;
            &lt;/a&gt;
                        (line 1545)
            &lt;span class="icon icon-copy hidden" data-clipboard-text="C:\Users\eman\Documents\GitHub\car_dealer\vendor\phpunit\phpunit\src\Framework\TestCase.php:1545"&gt;
                &lt;svg xmlns="http://www.w3.org/2000/svg" height="24" viewBox="0 0 24 24" width="24"&gt;&lt;path d="M0 0h24v24H0z" fill="none"/&gt;&lt;path d="M16 1H4c-1.1 0-2 .9-2 2v14h2V3h12V1zm3 4H8c-1.1 0-2 .9-2 2v14c0 1.1.9 2 2 2h11c1.1 0 2-.9 2-2V7c0-1.1-.9-2-2-2zm0 16H8V7h11v14z"/&gt;&lt;/svg&gt;            &lt;/span&gt;
        &lt;/span&gt;
    &lt;/div&gt;
    &lt;div id="trace-html-2-26" class="trace-code sf-toggle-content"&gt;
        &lt;ol start="1540"&gt;&lt;li&gt;&lt;code&gt;&lt;span style="color: var(--highlight-keyword)"&gt;&amp;nbsp;&amp;nbsp;&amp;nbsp;&amp;nbsp;&amp;nbsp;&amp;nbsp;&amp;nbsp;&amp;nbsp;&lt;/span&gt;&lt;span style="color: var(--highlight-default)"&gt;$testArguments&amp;nbsp;&lt;/span&gt;&lt;span style="color: var(--highlight-keyword)"&gt;=&amp;nbsp;&lt;/span&gt;&lt;span style="color: var(--highlight-default)"&gt;array_merge&lt;/span&gt;&lt;span style="color: var(--highlight-keyword)"&gt;(&lt;/span&gt;&lt;span style="color: var(--highlight-default)"&gt;$this&lt;/span&gt;&lt;span style="color: var(--highlight-keyword)"&gt;-&amp;gt;&lt;/span&gt;&lt;span style="color: var(--highlight-default)"&gt;data&lt;/span&gt;&lt;span style="color: var(--highlight-keyword)"&gt;,&amp;nbsp;&lt;/span&gt;&lt;span style="color: var(--highlight-default)"&gt;$this&lt;/span&gt;&lt;span style="color: var(--highlight-keyword)"&gt;-&amp;gt;&lt;/span&gt;&lt;span style="color: var(--highlight-default)"&gt;dependencyInput&lt;/span&gt;&lt;span style="color: var(--highlight-keyword)"&gt;);&lt;/span&gt;&lt;/code&gt;&lt;/li&gt;
&lt;li&gt;&lt;code&gt;&lt;span style="color: var(--highlight-keyword)"&gt;&lt;/span&gt;&lt;/code&gt;&lt;/li&gt;
&lt;li&gt;&lt;code&gt;&lt;span style="color: var(--highlight-keyword)"&gt;&amp;nbsp;&amp;nbsp;&amp;nbsp;&amp;nbsp;&amp;nbsp;&amp;nbsp;&amp;nbsp;&amp;nbsp;&lt;/span&gt;&lt;span style="color: var(--highlight-default)"&gt;$this&lt;/span&gt;&lt;span style="color: var(--highlight-keyword)"&gt;-&amp;gt;&lt;/span&gt;&lt;span style="color: var(--highlight-default)"&gt;registerMockObjectsFromTestArguments&lt;/span&gt;&lt;span style="color: var(--highlight-keyword)"&gt;(&lt;/span&gt;&lt;span style="color: var(--highlight-default)"&gt;$testArguments&lt;/span&gt;&lt;span style="color: var(--highlight-keyword)"&gt;);&lt;/span&gt;&lt;/code&gt;&lt;/li&gt;
&lt;li&gt;&lt;code&gt;&lt;span style="color: var(--highlight-keyword)"&gt;&lt;/span&gt;&lt;/code&gt;&lt;/li&gt;
&lt;li&gt;&lt;code&gt;&lt;span style="color: var(--highlight-keyword)"&gt;&amp;nbsp;&amp;nbsp;&amp;nbsp;&amp;nbsp;&amp;nbsp;&amp;nbsp;&amp;nbsp;&amp;nbsp;try&amp;nbsp;{&lt;/span&gt;&lt;/code&gt;&lt;/li&gt;
&lt;li class="selected"&gt;&lt;code&gt;&lt;span style="color: var(--highlight-keyword)"&gt;&amp;nbsp;&amp;nbsp;&amp;nbsp;&amp;nbsp;&amp;nbsp;&amp;nbsp;&amp;nbsp;&amp;nbsp;&amp;nbsp;&amp;nbsp;&amp;nbsp;&amp;nbsp;&lt;/span&gt;&lt;span style="color: var(--highlight-default)"&gt;$testResult&amp;nbsp;&lt;/span&gt;&lt;span style="color: var(--highlight-keyword)"&gt;=&amp;nbsp;&lt;/span&gt;&lt;span style="color: var(--highlight-default)"&gt;$this&lt;/span&gt;&lt;span style="color: var(--highlight-keyword)"&gt;-&amp;gt;{&lt;/span&gt;&lt;span style="color: var(--highlight-default)"&gt;$this&lt;/span&gt;&lt;span style="color: var(--highlight-keyword)"&gt;-&amp;gt;&lt;/span&gt;&lt;span style="color: var(--highlight-default)"&gt;name&lt;/span&gt;&lt;span style="color: var(--highlight-keyword)"&gt;}(...&lt;/span&gt;&lt;span style="color: var(--highlight-default)"&gt;array_values&lt;/span&gt;&lt;span style="color: var(--highlight-keyword)"&gt;(&lt;/span&gt;&lt;span style="color: var(--highlight-default)"&gt;$testArguments&lt;/span&gt;&lt;span style="color: var(--highlight-keyword)"&gt;));&lt;/span&gt;&lt;/code&gt;&lt;/li&gt;
&lt;li&gt;&lt;code&gt;&lt;span style="color: var(--highlight-keyword)"&gt;&amp;nbsp;&amp;nbsp;&amp;nbsp;&amp;nbsp;&amp;nbsp;&amp;nbsp;&amp;nbsp;&amp;nbsp;}&amp;nbsp;catch&amp;nbsp;(&lt;/span&gt;&lt;span style="color: var(--highlight-default)"&gt;Throwable&amp;nbsp;$exception&lt;/span&gt;&lt;span style="color: var(--highlight-keyword)"&gt;)&amp;nbsp;{&lt;/span&gt;&lt;/code&gt;&lt;/li&gt;
&lt;li&gt;&lt;code&gt;&lt;span style="color: var(--highlight-keyword)"&gt;&amp;nbsp;&amp;nbsp;&amp;nbsp;&amp;nbsp;&amp;nbsp;&amp;nbsp;&amp;nbsp;&amp;nbsp;&amp;nbsp;&amp;nbsp;&amp;nbsp;&amp;nbsp;if&amp;nbsp;(!&lt;/span&gt;&lt;span style="color: var(--highlight-default)"&gt;$this&lt;/span&gt;&lt;span style="color: var(--highlight-keyword)"&gt;-&amp;gt;&lt;/span&gt;&lt;span style="color: var(--highlight-default)"&gt;checkExceptionExpectations&lt;/span&gt;&lt;span style="color: var(--highlight-keyword)"&gt;(&lt;/span&gt;&lt;span style="color: var(--highlight-default)"&gt;$exception&lt;/span&gt;&lt;span style="color: var(--highlight-keyword)"&gt;))&amp;nbsp;{&lt;/span&gt;&lt;/code&gt;&lt;/li&gt;
&lt;li&gt;&lt;code&gt;&lt;span style="color: var(--highlight-keyword)"&gt;&amp;nbsp;&amp;nbsp;&amp;nbsp;&amp;nbsp;&amp;nbsp;&amp;nbsp;&amp;nbsp;&amp;nbsp;&amp;nbsp;&amp;nbsp;&amp;nbsp;&amp;nbsp;&amp;nbsp;&amp;nbsp;&amp;nbsp;&amp;nbsp;throw&amp;nbsp;&lt;/span&gt;&lt;span style="color: var(--highlight-default)"&gt;$exception&lt;/span&gt;&lt;span style="color: var(--highlight-keyword)"&gt;;&lt;/span&gt;&lt;/code&gt;&lt;/li&gt;
&lt;li&gt;&lt;code&gt;&lt;span style="color: var(--highlight-keyword)"&gt;&amp;nbsp;&amp;nbsp;&amp;nbsp;&amp;nbsp;&amp;nbsp;&amp;nbsp;&amp;nbsp;&amp;nbsp;&amp;nbsp;&amp;nbsp;&amp;nbsp;&amp;nbsp;}&lt;/span&gt;&lt;/code&gt;&lt;/li&gt;
&lt;li&gt;&lt;code&gt;&lt;span style="color: var(--highlight-keyword)"&gt;&lt;/span&gt;&lt;/code&gt;&lt;/li&gt;&lt;/ol&gt;    &lt;/div&gt;            &lt;/div&gt;
                        &lt;div class="trace-line "&gt;
                &lt;div class="trace-line-header break-long-words sf-toggle" data-toggle-selector="#trace-html-2-27" data-toggle-initial=""&gt;
            &lt;span class="icon icon-close"&gt;&lt;svg width="1792" height="1792" viewBox="0 0 1792 1792" xmlns="http://www.w3.org/2000/svg"&gt;&lt;path d="M1408 960V832q0-26-19-45t-45-19H448q-26 0-45 19t-19 45v128q0 26 19 45t45 19h896q26 0 45-19t19-45zm256-544v960q0 119-84.5 203.5T1376 1664H416q-119 0-203.5-84.5T128 1376V416q0-119 84.5-203.5T416 128h960q119 0 203.5 84.5T1664 416z"/&gt;&lt;/svg&gt;&lt;/span&gt;
        &lt;span class="icon icon-open"&gt;&lt;svg width="1792" height="1792" viewBox="0 0 1792 1792" xmlns="http://www.w3.org/2000/svg"&gt;&lt;path d="M1408 960V832q0-26-19-45t-45-19h-320V448q0-26-19-45t-45-19H832q-26 0-45 19t-19 45v320H448q-26 0-45 19t-19 45v128q0 26 19 45t45 19h320v320q0 26 19 45t45 19h128q26 0 45-19t19-45v-320h320q26 0 45-19t19-45zm256-544v960q0 119-84.5 203.5T1376 1664H416q-119 0-203.5-84.5T128 1376V416q0-119 84.5-203.5T416 128h960q119 0 203.5 84.5T1664 416z"/&gt;&lt;/svg&gt;&lt;/span&gt;
    
            &lt;span class="trace-class"&gt;&lt;abbr title="PHPUnit\Framework\TestCase"&gt;TestCase&lt;/abbr&gt;&lt;/span&gt;&lt;span class="trace-type"&gt;-&gt;&lt;/span&gt;&lt;span class="trace-method"&gt;runTest&lt;/span&gt;&lt;span class="trace-arguments"&gt;()&lt;/span&gt;    
                    &lt;span class="block trace-file-path"&gt;
            in
            &lt;a href=""&gt;
                C:\Users\eman\Documents\GitHub\car_dealer\vendor\phpunit\phpunit\src\Framework\&lt;strong&gt;TestCase.php&lt;/strong&gt;
            &lt;/a&gt;
                        (line 1151)
            &lt;span class="icon icon-copy hidden" data-clipboard-text="C:\Users\eman\Documents\GitHub\car_dealer\vendor\phpunit\phpunit\src\Framework\TestCase.php:1151"&gt;
                &lt;svg xmlns="http://www.w3.org/2000/svg" height="24" viewBox="0 0 24 24" width="24"&gt;&lt;path d="M0 0h24v24H0z" fill="none"/&gt;&lt;path d="M16 1H4c-1.1 0-2 .9-2 2v14h2V3h12V1zm3 4H8c-1.1 0-2 .9-2 2v14c0 1.1.9 2 2 2h11c1.1 0 2-.9 2-2V7c0-1.1-.9-2-2-2zm0 16H8V7h11v14z"/&gt;&lt;/svg&gt;            &lt;/span&gt;
        &lt;/span&gt;
    &lt;/div&gt;
    &lt;div id="trace-html-2-27" class="trace-code sf-toggle-content"&gt;
        &lt;ol start="1146"&gt;&lt;li&gt;&lt;code&gt;&lt;span style="color: var(--highlight-keyword)"&gt;&lt;/span&gt;&lt;/code&gt;&lt;/li&gt;
&lt;li&gt;&lt;code&gt;&lt;span style="color: var(--highlight-keyword)"&gt;&amp;nbsp;&amp;nbsp;&amp;nbsp;&amp;nbsp;&amp;nbsp;&amp;nbsp;&amp;nbsp;&amp;nbsp;&amp;nbsp;&amp;nbsp;&amp;nbsp;&amp;nbsp;foreach&amp;nbsp;(&lt;/span&gt;&lt;span style="color: var(--highlight-default)"&gt;$hookMethods&lt;/span&gt;&lt;span style="color: var(--highlight-keyword)"&gt;[&lt;/span&gt;&lt;span style="color: var(--highlight-string)"&gt;'preCondition'&lt;/span&gt;&lt;span style="color: var(--highlight-keyword)"&gt;]&amp;nbsp;as&amp;nbsp;&lt;/span&gt;&lt;span style="color: var(--highlight-default)"&gt;$method&lt;/span&gt;&lt;span style="color: var(--highlight-keyword)"&gt;)&amp;nbsp;{&lt;/span&gt;&lt;/code&gt;&lt;/li&gt;
&lt;li&gt;&lt;code&gt;&lt;span style="color: var(--highlight-keyword)"&gt;&amp;nbsp;&amp;nbsp;&amp;nbsp;&amp;nbsp;&amp;nbsp;&amp;nbsp;&amp;nbsp;&amp;nbsp;&amp;nbsp;&amp;nbsp;&amp;nbsp;&amp;nbsp;&amp;nbsp;&amp;nbsp;&amp;nbsp;&amp;nbsp;&lt;/span&gt;&lt;span style="color: var(--highlight-default)"&gt;$this&lt;/span&gt;&lt;span style="color: var(--highlight-keyword)"&gt;-&amp;gt;{&lt;/span&gt;&lt;span style="color: var(--highlight-default)"&gt;$method&lt;/span&gt;&lt;span style="color: var(--highlight-keyword)"&gt;}();&lt;/span&gt;&lt;/code&gt;&lt;/li&gt;
&lt;li&gt;&lt;code&gt;&lt;span style="color: var(--highlight-keyword)"&gt;&amp;nbsp;&amp;nbsp;&amp;nbsp;&amp;nbsp;&amp;nbsp;&amp;nbsp;&amp;nbsp;&amp;nbsp;&amp;nbsp;&amp;nbsp;&amp;nbsp;&amp;nbsp;}&lt;/span&gt;&lt;/code&gt;&lt;/li&gt;
&lt;li&gt;&lt;code&gt;&lt;span style="color: var(--highlight-keyword)"&gt;&lt;/span&gt;&lt;/code&gt;&lt;/li&gt;
&lt;li class="selected"&gt;&lt;code&gt;&lt;span style="color: var(--highlight-keyword)"&gt;&amp;nbsp;&amp;nbsp;&amp;nbsp;&amp;nbsp;&amp;nbsp;&amp;nbsp;&amp;nbsp;&amp;nbsp;&amp;nbsp;&amp;nbsp;&amp;nbsp;&amp;nbsp;&lt;/span&gt;&lt;span style="color: var(--highlight-default)"&gt;$this&lt;/span&gt;&lt;span style="color: var(--highlight-keyword)"&gt;-&amp;gt;&lt;/span&gt;&lt;span style="color: var(--highlight-default)"&gt;testResult&amp;nbsp;&lt;/span&gt;&lt;span style="color: var(--highlight-keyword)"&gt;=&amp;nbsp;&lt;/span&gt;&lt;span style="color: var(--highlight-default)"&gt;$this&lt;/span&gt;&lt;span style="color: var(--highlight-keyword)"&gt;-&amp;gt;&lt;/span&gt;&lt;span style="color: var(--highlight-default)"&gt;runTest&lt;/span&gt;&lt;span style="color: var(--highlight-keyword)"&gt;();&lt;/span&gt;&lt;/code&gt;&lt;/li&gt;
&lt;li&gt;&lt;code&gt;&lt;span style="color: var(--highlight-keyword)"&gt;&amp;nbsp;&amp;nbsp;&amp;nbsp;&amp;nbsp;&amp;nbsp;&amp;nbsp;&amp;nbsp;&amp;nbsp;&amp;nbsp;&amp;nbsp;&amp;nbsp;&amp;nbsp;&lt;/span&gt;&lt;span style="color: var(--highlight-default)"&gt;$this&lt;/span&gt;&lt;span style="color: var(--highlight-keyword)"&gt;-&amp;gt;&lt;/span&gt;&lt;span style="color: var(--highlight-default)"&gt;verifyMockObjects&lt;/span&gt;&lt;span style="color: var(--highlight-keyword)"&gt;();&lt;/span&gt;&lt;/code&gt;&lt;/li&gt;
&lt;li&gt;&lt;code&gt;&lt;span style="color: var(--highlight-keyword)"&gt;&lt;/span&gt;&lt;/code&gt;&lt;/li&gt;
&lt;li&gt;&lt;code&gt;&lt;span style="color: var(--highlight-keyword)"&gt;&amp;nbsp;&amp;nbsp;&amp;nbsp;&amp;nbsp;&amp;nbsp;&amp;nbsp;&amp;nbsp;&amp;nbsp;&amp;nbsp;&amp;nbsp;&amp;nbsp;&amp;nbsp;foreach&amp;nbsp;(&lt;/span&gt;&lt;span style="color: var(--highlight-default)"&gt;$hookMethods&lt;/span&gt;&lt;span style="color: var(--highlight-keyword)"&gt;[&lt;/span&gt;&lt;span style="color: var(--highlight-string)"&gt;'postCondition'&lt;/span&gt;&lt;span style="color: var(--highlight-keyword)"&gt;]&amp;nbsp;as&amp;nbsp;&lt;/span&gt;&lt;span style="color: var(--highlight-default)"&gt;$method&lt;/span&gt;&lt;span style="color: var(--highlight-keyword)"&gt;)&amp;nbsp;{&lt;/span&gt;&lt;/code&gt;&lt;/li&gt;
&lt;li&gt;&lt;code&gt;&lt;span style="color: var(--highlight-keyword)"&gt;&amp;nbsp;&amp;nbsp;&amp;nbsp;&amp;nbsp;&amp;nbsp;&amp;nbsp;&amp;nbsp;&amp;nbsp;&amp;nbsp;&amp;nbsp;&amp;nbsp;&amp;nbsp;&amp;nbsp;&amp;nbsp;&amp;nbsp;&amp;nbsp;&lt;/span&gt;&lt;span style="color: var(--highlight-default)"&gt;$this&lt;/span&gt;&lt;span style="color: var(--highlight-keyword)"&gt;-&amp;gt;{&lt;/span&gt;&lt;span style="color: var(--highlight-default)"&gt;$method&lt;/span&gt;&lt;span style="color: var(--highlight-keyword)"&gt;}();&lt;/span&gt;&lt;/code&gt;&lt;/li&gt;
&lt;li&gt;&lt;code&gt;&lt;span style="color: var(--highlight-keyword)"&gt;&amp;nbsp;&amp;nbsp;&amp;nbsp;&amp;nbsp;&amp;nbsp;&amp;nbsp;&amp;nbsp;&amp;nbsp;&amp;nbsp;&amp;nbsp;&amp;nbsp;&amp;nbsp;}&lt;/span&gt;&lt;/code&gt;&lt;/li&gt;&lt;/ol&gt;    &lt;/div&gt;            &lt;/div&gt;
                        &lt;div class="trace-line "&gt;
                &lt;div class="trace-line-header break-long-words sf-toggle" data-toggle-selector="#trace-html-2-28" data-toggle-initial=""&gt;
            &lt;span class="icon icon-close"&gt;&lt;svg width="1792" height="1792" viewBox="0 0 1792 1792" xmlns="http://www.w3.org/2000/svg"&gt;&lt;path d="M1408 960V832q0-26-19-45t-45-19H448q-26 0-45 19t-19 45v128q0 26 19 45t45 19h896q26 0 45-19t19-45zm256-544v960q0 119-84.5 203.5T1376 1664H416q-119 0-203.5-84.5T128 1376V416q0-119 84.5-203.5T416 128h960q119 0 203.5 84.5T1664 416z"/&gt;&lt;/svg&gt;&lt;/span&gt;
        &lt;span class="icon icon-open"&gt;&lt;svg width="1792" height="1792" viewBox="0 0 1792 1792" xmlns="http://www.w3.org/2000/svg"&gt;&lt;path d="M1408 960V832q0-26-19-45t-45-19h-320V448q0-26-19-45t-45-19H832q-26 0-45 19t-19 45v320H448q-26 0-45 19t-19 45v128q0 26 19 45t45 19h320v320q0 26 19 45t45 19h128q26 0 45-19t19-45v-320h320q26 0 45-19t19-45zm256-544v960q0 119-84.5 203.5T1376 1664H416q-119 0-203.5-84.5T128 1376V416q0-119 84.5-203.5T416 128h960q119 0 203.5 84.5T1664 416z"/&gt;&lt;/svg&gt;&lt;/span&gt;
    
            &lt;span class="trace-class"&gt;&lt;abbr title="PHPUnit\Framework\TestCase"&gt;TestCase&lt;/abbr&gt;&lt;/span&gt;&lt;span class="trace-type"&gt;-&gt;&lt;/span&gt;&lt;span class="trace-method"&gt;runBare&lt;/span&gt;&lt;span class="trace-arguments"&gt;()&lt;/span&gt;    
                    &lt;span class="block trace-file-path"&gt;
            in
            &lt;a href=""&gt;
                C:\Users\eman\Documents\GitHub\car_dealer\vendor\phpunit\phpunit\src\Framework\&lt;strong&gt;TestResult.php&lt;/strong&gt;
            &lt;/a&gt;
                        (line 726)
            &lt;span class="icon icon-copy hidden" data-clipboard-text="C:\Users\eman\Documents\GitHub\car_dealer\vendor\phpunit\phpunit\src\Framework\TestResult.php:726"&gt;
                &lt;svg xmlns="http://www.w3.org/2000/svg" height="24" viewBox="0 0 24 24" width="24"&gt;&lt;path d="M0 0h24v24H0z" fill="none"/&gt;&lt;path d="M16 1H4c-1.1 0-2 .9-2 2v14h2V3h12V1zm3 4H8c-1.1 0-2 .9-2 2v14c0 1.1.9 2 2 2h11c1.1 0 2-.9 2-2V7c0-1.1-.9-2-2-2zm0 16H8V7h11v14z"/&gt;&lt;/svg&gt;            &lt;/span&gt;
        &lt;/span&gt;
    &lt;/div&gt;
    &lt;div id="trace-html-2-28" class="trace-code sf-toggle-content"&gt;
        &lt;ol start="721"&gt;&lt;li&gt;&lt;code&gt;&lt;span style="color: var(--highlight-keyword)"&gt;&amp;nbsp;&amp;nbsp;&amp;nbsp;&amp;nbsp;&amp;nbsp;&amp;nbsp;&amp;nbsp;&amp;nbsp;&amp;nbsp;&amp;nbsp;&amp;nbsp;&amp;nbsp;&amp;nbsp;&amp;nbsp;&amp;nbsp;&amp;nbsp;&amp;nbsp;&amp;nbsp;&amp;nbsp;&amp;nbsp;&amp;nbsp;&amp;nbsp;&amp;nbsp;&amp;nbsp;&lt;/span&gt;&lt;span style="color: var(--highlight-default)"&gt;$_timeout&amp;nbsp;&lt;/span&gt;&lt;span style="color: var(--highlight-keyword)"&gt;=&amp;nbsp;&lt;/span&gt;&lt;span style="color: var(--highlight-default)"&gt;$this&lt;/span&gt;&lt;span style="color: var(--highlight-keyword)"&gt;-&amp;gt;&lt;/span&gt;&lt;span style="color: var(--highlight-default)"&gt;defaultTimeLimit&lt;/span&gt;&lt;span style="color: var(--highlight-keyword)"&gt;;&lt;/span&gt;&lt;/code&gt;&lt;/li&gt;
&lt;li&gt;&lt;code&gt;&lt;span style="color: var(--highlight-keyword)"&gt;&amp;nbsp;&amp;nbsp;&amp;nbsp;&amp;nbsp;&amp;nbsp;&amp;nbsp;&amp;nbsp;&amp;nbsp;&amp;nbsp;&amp;nbsp;&amp;nbsp;&amp;nbsp;&amp;nbsp;&amp;nbsp;&amp;nbsp;&amp;nbsp;}&lt;/span&gt;&lt;/code&gt;&lt;/li&gt;
&lt;li&gt;&lt;code&gt;&lt;span style="color: var(--highlight-keyword)"&gt;&lt;/span&gt;&lt;/code&gt;&lt;/li&gt;
&lt;li&gt;&lt;code&gt;&lt;span style="color: var(--highlight-keyword)"&gt;&amp;nbsp;&amp;nbsp;&amp;nbsp;&amp;nbsp;&amp;nbsp;&amp;nbsp;&amp;nbsp;&amp;nbsp;&amp;nbsp;&amp;nbsp;&amp;nbsp;&amp;nbsp;&amp;nbsp;&amp;nbsp;&amp;nbsp;&amp;nbsp;&lt;/span&gt;&lt;span style="color: var(--highlight-default)"&gt;$invoker&lt;/span&gt;&lt;span style="color: var(--highlight-keyword)"&gt;-&amp;gt;&lt;/span&gt;&lt;span style="color: var(--highlight-default)"&gt;invoke&lt;/span&gt;&lt;span style="color: var(--highlight-keyword)"&gt;([&lt;/span&gt;&lt;span style="color: var(--highlight-default)"&gt;$test&lt;/span&gt;&lt;span style="color: var(--highlight-keyword)"&gt;,&amp;nbsp;&lt;/span&gt;&lt;span style="color: var(--highlight-string)"&gt;'runBare'&lt;/span&gt;&lt;span style="color: var(--highlight-keyword)"&gt;],&amp;nbsp;[],&amp;nbsp;&lt;/span&gt;&lt;span style="color: var(--highlight-default)"&gt;$_timeout&lt;/span&gt;&lt;span style="color: var(--highlight-keyword)"&gt;);&lt;/span&gt;&lt;/code&gt;&lt;/li&gt;
&lt;li&gt;&lt;code&gt;&lt;span style="color: var(--highlight-keyword)"&gt;&amp;nbsp;&amp;nbsp;&amp;nbsp;&amp;nbsp;&amp;nbsp;&amp;nbsp;&amp;nbsp;&amp;nbsp;&amp;nbsp;&amp;nbsp;&amp;nbsp;&amp;nbsp;}&amp;nbsp;else&amp;nbsp;{&lt;/span&gt;&lt;/code&gt;&lt;/li&gt;
&lt;li class="selected"&gt;&lt;code&gt;&lt;span style="color: var(--highlight-keyword)"&gt;&amp;nbsp;&amp;nbsp;&amp;nbsp;&amp;nbsp;&amp;nbsp;&amp;nbsp;&amp;nbsp;&amp;nbsp;&amp;nbsp;&amp;nbsp;&amp;nbsp;&amp;nbsp;&amp;nbsp;&amp;nbsp;&amp;nbsp;&amp;nbsp;&lt;/span&gt;&lt;span style="color: var(--highlight-default)"&gt;$test&lt;/span&gt;&lt;span style="color: var(--highlight-keyword)"&gt;-&amp;gt;&lt;/span&gt;&lt;span style="color: var(--highlight-default)"&gt;runBare&lt;/span&gt;&lt;span style="color: var(--highlight-keyword)"&gt;();&lt;/span&gt;&lt;/code&gt;&lt;/li&gt;
&lt;li&gt;&lt;code&gt;&lt;span style="color: var(--highlight-keyword)"&gt;&amp;nbsp;&amp;nbsp;&amp;nbsp;&amp;nbsp;&amp;nbsp;&amp;nbsp;&amp;nbsp;&amp;nbsp;&amp;nbsp;&amp;nbsp;&amp;nbsp;&amp;nbsp;}&lt;/span&gt;&lt;/code&gt;&lt;/li&gt;
&lt;li&gt;&lt;code&gt;&lt;span style="color: var(--highlight-keyword)"&gt;&amp;nbsp;&amp;nbsp;&amp;nbsp;&amp;nbsp;&amp;nbsp;&amp;nbsp;&amp;nbsp;&amp;nbsp;}&amp;nbsp;catch&amp;nbsp;(&lt;/span&gt;&lt;span style="color: var(--highlight-default)"&gt;TimeoutException&amp;nbsp;$e&lt;/span&gt;&lt;span style="color: var(--highlight-keyword)"&gt;)&amp;nbsp;{&lt;/span&gt;&lt;/code&gt;&lt;/li&gt;
&lt;li&gt;&lt;code&gt;&lt;span style="color: var(--highlight-keyword)"&gt;&amp;nbsp;&amp;nbsp;&amp;nbsp;&amp;nbsp;&amp;nbsp;&amp;nbsp;&amp;nbsp;&amp;nbsp;&amp;nbsp;&amp;nbsp;&amp;nbsp;&amp;nbsp;&lt;/span&gt;&lt;span style="color: var(--highlight-default)"&gt;$this&lt;/span&gt;&lt;span style="color: var(--highlight-keyword)"&gt;-&amp;gt;&lt;/span&gt;&lt;span style="color: var(--highlight-default)"&gt;addFailure&lt;/span&gt;&lt;span style="color: var(--highlight-keyword)"&gt;(&lt;/span&gt;&lt;/code&gt;&lt;/li&gt;
&lt;li&gt;&lt;code&gt;&lt;span style="color: var(--highlight-keyword)"&gt;&amp;nbsp;&amp;nbsp;&amp;nbsp;&amp;nbsp;&amp;nbsp;&amp;nbsp;&amp;nbsp;&amp;nbsp;&amp;nbsp;&amp;nbsp;&amp;nbsp;&amp;nbsp;&amp;nbsp;&amp;nbsp;&amp;nbsp;&amp;nbsp;&lt;/span&gt;&lt;span style="color: var(--highlight-default)"&gt;$test&lt;/span&gt;&lt;span style="color: var(--highlight-keyword)"&gt;,&lt;/span&gt;&lt;/code&gt;&lt;/li&gt;
&lt;li&gt;&lt;code&gt;&lt;span style="color: var(--highlight-keyword)"&gt;&amp;nbsp;&amp;nbsp;&amp;nbsp;&amp;nbsp;&amp;nbsp;&amp;nbsp;&amp;nbsp;&amp;nbsp;&amp;nbsp;&amp;nbsp;&amp;nbsp;&amp;nbsp;&amp;nbsp;&amp;nbsp;&amp;nbsp;&amp;nbsp;new&amp;nbsp;&lt;/span&gt;&lt;span style="color: var(--highlight-default)"&gt;RiskyTestError&lt;/span&gt;&lt;span style="color: var(--highlight-keyword)"&gt;(&lt;/span&gt;&lt;/code&gt;&lt;/li&gt;&lt;/ol&gt;    &lt;/div&gt;            &lt;/div&gt;
                        &lt;div class="trace-line "&gt;
                &lt;div class="trace-line-header break-long-words sf-toggle" data-toggle-selector="#trace-html-2-29" data-toggle-initial=""&gt;
            &lt;span class="icon icon-close"&gt;&lt;svg width="1792" height="1792" viewBox="0 0 1792 1792" xmlns="http://www.w3.org/2000/svg"&gt;&lt;path d="M1408 960V832q0-26-19-45t-45-19H448q-26 0-45 19t-19 45v128q0 26 19 45t45 19h896q26 0 45-19t19-45zm256-544v960q0 119-84.5 203.5T1376 1664H416q-119 0-203.5-84.5T128 1376V416q0-119 84.5-203.5T416 128h960q119 0 203.5 84.5T1664 416z"/&gt;&lt;/svg&gt;&lt;/span&gt;
        &lt;span class="icon icon-open"&gt;&lt;svg width="1792" height="1792" viewBox="0 0 1792 1792" xmlns="http://www.w3.org/2000/svg"&gt;&lt;path d="M1408 960V832q0-26-19-45t-45-19h-320V448q0-26-19-45t-45-19H832q-26 0-45 19t-19 45v320H448q-26 0-45 19t-19 45v128q0 26 19 45t45 19h320v320q0 26 19 45t45 19h128q26 0 45-19t19-45v-320h320q26 0 45-19t19-45zm256-544v960q0 119-84.5 203.5T1376 1664H416q-119 0-203.5-84.5T128 1376V416q0-119 84.5-203.5T416 128h960q119 0 203.5 84.5T1664 416z"/&gt;&lt;/svg&gt;&lt;/span&gt;
    
            &lt;span class="trace-class"&gt;&lt;abbr title="PHPUnit\Framework\TestResult"&gt;TestResult&lt;/abbr&gt;&lt;/span&gt;&lt;span class="trace-type"&gt;-&gt;&lt;/span&gt;&lt;span class="trace-method"&gt;run&lt;/span&gt;&lt;span class="trace-arguments"&gt;()&lt;/span&gt;    
                    &lt;span class="block trace-file-path"&gt;
            in
            &lt;a href=""&gt;
                C:\Users\eman\Documents\GitHub\car_dealer\vendor\phpunit\phpunit\src\Framework\&lt;strong&gt;TestCase.php&lt;/strong&gt;
            &lt;/a&gt;
                        (line 903)
            &lt;span class="icon icon-copy hidden" data-clipboard-text="C:\Users\eman\Documents\GitHub\car_dealer\vendor\phpunit\phpunit\src\Framework\TestCase.php:903"&gt;
                &lt;svg xmlns="http://www.w3.org/2000/svg" height="24" viewBox="0 0 24 24" width="24"&gt;&lt;path d="M0 0h24v24H0z" fill="none"/&gt;&lt;path d="M16 1H4c-1.1 0-2 .9-2 2v14h2V3h12V1zm3 4H8c-1.1 0-2 .9-2 2v14c0 1.1.9 2 2 2h11c1.1 0 2-.9 2-2V7c0-1.1-.9-2-2-2zm0 16H8V7h11v14z"/&gt;&lt;/svg&gt;            &lt;/span&gt;
        &lt;/span&gt;
    &lt;/div&gt;
    &lt;div id="trace-html-2-29" class="trace-code sf-toggle-content"&gt;
        &lt;ol start="898"&gt;&lt;li&gt;&lt;code&gt;&lt;span style="color: var(--highlight-keyword)"&gt;&amp;nbsp;&amp;nbsp;&amp;nbsp;&amp;nbsp;&amp;nbsp;&amp;nbsp;&amp;nbsp;&amp;nbsp;&amp;nbsp;&amp;nbsp;&amp;nbsp;&amp;nbsp;&lt;/span&gt;&lt;span style="color: var(--highlight-default)"&gt;$template&lt;/span&gt;&lt;span style="color: var(--highlight-keyword)"&gt;-&amp;gt;&lt;/span&gt;&lt;span style="color: var(--highlight-default)"&gt;setVar&lt;/span&gt;&lt;span style="color: var(--highlight-keyword)"&gt;(&lt;/span&gt;&lt;span style="color: var(--highlight-default)"&gt;$var&lt;/span&gt;&lt;span style="color: var(--highlight-keyword)"&gt;);&lt;/span&gt;&lt;/code&gt;&lt;/li&gt;
&lt;li&gt;&lt;code&gt;&lt;span style="color: var(--highlight-keyword)"&gt;&lt;/span&gt;&lt;/code&gt;&lt;/li&gt;
&lt;li&gt;&lt;code&gt;&lt;span style="color: var(--highlight-keyword)"&gt;&amp;nbsp;&amp;nbsp;&amp;nbsp;&amp;nbsp;&amp;nbsp;&amp;nbsp;&amp;nbsp;&amp;nbsp;&amp;nbsp;&amp;nbsp;&amp;nbsp;&amp;nbsp;&lt;/span&gt;&lt;span style="color: var(--highlight-default)"&gt;$php&amp;nbsp;&lt;/span&gt;&lt;span style="color: var(--highlight-keyword)"&gt;=&amp;nbsp;&lt;/span&gt;&lt;span style="color: var(--highlight-default)"&gt;AbstractPhpProcess&lt;/span&gt;&lt;span style="color: var(--highlight-keyword)"&gt;::&lt;/span&gt;&lt;span style="color: var(--highlight-default)"&gt;factory&lt;/span&gt;&lt;span style="color: var(--highlight-keyword)"&gt;();&lt;/span&gt;&lt;/code&gt;&lt;/li&gt;
&lt;li&gt;&lt;code&gt;&lt;span style="color: var(--highlight-keyword)"&gt;&amp;nbsp;&amp;nbsp;&amp;nbsp;&amp;nbsp;&amp;nbsp;&amp;nbsp;&amp;nbsp;&amp;nbsp;&amp;nbsp;&amp;nbsp;&amp;nbsp;&amp;nbsp;&lt;/span&gt;&lt;span style="color: var(--highlight-default)"&gt;$php&lt;/span&gt;&lt;span style="color: var(--highlight-keyword)"&gt;-&amp;gt;&lt;/span&gt;&lt;span style="color: var(--highlight-default)"&gt;runTestJob&lt;/span&gt;&lt;span style="color: var(--highlight-keyword)"&gt;(&lt;/span&gt;&lt;span style="color: var(--highlight-default)"&gt;$template&lt;/span&gt;&lt;span style="color: var(--highlight-keyword)"&gt;-&amp;gt;&lt;/span&gt;&lt;span style="color: var(--highlight-default)"&gt;render&lt;/span&gt;&lt;span style="color: var(--highlight-keyword)"&gt;(),&amp;nbsp;&lt;/span&gt;&lt;span style="color: var(--highlight-default)"&gt;$this&lt;/span&gt;&lt;span style="color: var(--highlight-keyword)"&gt;,&amp;nbsp;&lt;/span&gt;&lt;span style="color: var(--highlight-default)"&gt;$result&lt;/span&gt;&lt;span style="color: var(--highlight-keyword)"&gt;);&lt;/span&gt;&lt;/code&gt;&lt;/li&gt;
&lt;li&gt;&lt;code&gt;&lt;span style="color: var(--highlight-keyword)"&gt;&amp;nbsp;&amp;nbsp;&amp;nbsp;&amp;nbsp;&amp;nbsp;&amp;nbsp;&amp;nbsp;&amp;nbsp;}&amp;nbsp;else&amp;nbsp;{&lt;/span&gt;&lt;/code&gt;&lt;/li&gt;
&lt;li class="selected"&gt;&lt;code&gt;&lt;span style="color: var(--highlight-keyword)"&gt;&amp;nbsp;&amp;nbsp;&amp;nbsp;&amp;nbsp;&amp;nbsp;&amp;nbsp;&amp;nbsp;&amp;nbsp;&amp;nbsp;&amp;nbsp;&amp;nbsp;&amp;nbsp;&lt;/span&gt;&lt;span style="color: var(--highlight-default)"&gt;$result&lt;/span&gt;&lt;span style="color: var(--highlight-keyword)"&gt;-&amp;gt;&lt;/span&gt;&lt;span style="color: var(--highlight-default)"&gt;run&lt;/span&gt;&lt;span style="color: var(--highlight-keyword)"&gt;(&lt;/span&gt;&lt;span style="color: var(--highlight-default)"&gt;$this&lt;/span&gt;&lt;span style="color: var(--highlight-keyword)"&gt;);&lt;/span&gt;&lt;/code&gt;&lt;/li&gt;
&lt;li&gt;&lt;code&gt;&lt;span style="color: var(--highlight-keyword)"&gt;&amp;nbsp;&amp;nbsp;&amp;nbsp;&amp;nbsp;&amp;nbsp;&amp;nbsp;&amp;nbsp;&amp;nbsp;}&lt;/span&gt;&lt;/code&gt;&lt;/li&gt;
&lt;li&gt;&lt;code&gt;&lt;span style="color: var(--highlight-keyword)"&gt;&lt;/span&gt;&lt;/code&gt;&lt;/li&gt;
&lt;li&gt;&lt;code&gt;&lt;span style="color: var(--highlight-keyword)"&gt;&amp;nbsp;&amp;nbsp;&amp;nbsp;&amp;nbsp;&amp;nbsp;&amp;nbsp;&amp;nbsp;&amp;nbsp;&lt;/span&gt;&lt;span style="color: var(--highlight-default)"&gt;$this&lt;/span&gt;&lt;span style="color: var(--highlight-keyword)"&gt;-&amp;gt;&lt;/span&gt;&lt;span style="color: var(--highlight-default)"&gt;result&amp;nbsp;&lt;/span&gt;&lt;span style="color: var(--highlight-keyword)"&gt;=&amp;nbsp;&lt;/span&gt;&lt;span style="color: var(--highlight-default)"&gt;null&lt;/span&gt;&lt;span style="color: var(--highlight-keyword)"&gt;;&lt;/span&gt;&lt;/code&gt;&lt;/li&gt;
&lt;li&gt;&lt;code&gt;&lt;span style="color: var(--highlight-keyword)"&gt;&lt;/span&gt;&lt;/code&gt;&lt;/li&gt;
&lt;li&gt;&lt;code&gt;&lt;span style="color: var(--highlight-keyword)"&gt;&amp;nbsp;&amp;nbsp;&amp;nbsp;&amp;nbsp;&amp;nbsp;&amp;nbsp;&amp;nbsp;&amp;nbsp;return&amp;nbsp;&lt;/span&gt;&lt;span style="color: var(--highlight-default)"&gt;$result&lt;/span&gt;&lt;span style="color: var(--highlight-keyword)"&gt;;&lt;/span&gt;&lt;/code&gt;&lt;/li&gt;&lt;/ol&gt;    &lt;/div&gt;            &lt;/div&gt;
                        &lt;div class="trace-line "&gt;
                &lt;div class="trace-line-header break-long-words sf-toggle" data-toggle-selector="#trace-html-2-30" data-toggle-initial=""&gt;
            &lt;span class="icon icon-close"&gt;&lt;svg width="1792" height="1792" viewBox="0 0 1792 1792" xmlns="http://www.w3.org/2000/svg"&gt;&lt;path d="M1408 960V832q0-26-19-45t-45-19H448q-26 0-45 19t-19 45v128q0 26 19 45t45 19h896q26 0 45-19t19-45zm256-544v960q0 119-84.5 203.5T1376 1664H416q-119 0-203.5-84.5T128 1376V416q0-119 84.5-203.5T416 128h960q119 0 203.5 84.5T1664 416z"/&gt;&lt;/svg&gt;&lt;/span&gt;
        &lt;span class="icon icon-open"&gt;&lt;svg width="1792" height="1792" viewBox="0 0 1792 1792" xmlns="http://www.w3.org/2000/svg"&gt;&lt;path d="M1408 960V832q0-26-19-45t-45-19h-320V448q0-26-19-45t-45-19H832q-26 0-45 19t-19 45v320H448q-26 0-45 19t-19 45v128q0 26 19 45t45 19h320v320q0 26 19 45t45 19h128q26 0 45-19t19-45v-320h320q26 0 45-19t19-45zm256-544v960q0 119-84.5 203.5T1376 1664H416q-119 0-203.5-84.5T128 1376V416q0-119 84.5-203.5T416 128h960q119 0 203.5 84.5T1664 416z"/&gt;&lt;/svg&gt;&lt;/span&gt;
    
            &lt;span class="trace-class"&gt;&lt;abbr title="PHPUnit\Framework\TestCase"&gt;TestCase&lt;/abbr&gt;&lt;/span&gt;&lt;span class="trace-type"&gt;-&gt;&lt;/span&gt;&lt;span class="trace-method"&gt;run&lt;/span&gt;&lt;span class="trace-arguments"&gt;()&lt;/span&gt;    
                    &lt;span class="block trace-file-path"&gt;
            in
            &lt;a href=""&gt;
                C:\Users\eman\Documents\GitHub\car_dealer\vendor\phpunit\phpunit\src\Framework\&lt;strong&gt;TestSuite.php&lt;/strong&gt;
            &lt;/a&gt;
                        (line 678)
            &lt;span class="icon icon-copy hidden" data-clipboard-text="C:\Users\eman\Documents\GitHub\car_dealer\vendor\phpunit\phpunit\src\Framework\TestSuite.php:678"&gt;
                &lt;svg xmlns="http://www.w3.org/2000/svg" height="24" viewBox="0 0 24 24" width="24"&gt;&lt;path d="M0 0h24v24H0z" fill="none"/&gt;&lt;path d="M16 1H4c-1.1 0-2 .9-2 2v14h2V3h12V1zm3 4H8c-1.1 0-2 .9-2 2v14c0 1.1.9 2 2 2h11c1.1 0 2-.9 2-2V7c0-1.1-.9-2-2-2zm0 16H8V7h11v14z"/&gt;&lt;/svg&gt;            &lt;/span&gt;
        &lt;/span&gt;
    &lt;/div&gt;
    &lt;div id="trace-html-2-30" class="trace-code sf-toggle-content"&gt;
        &lt;ol start="673"&gt;&lt;li&gt;&lt;code&gt;&lt;span style="color: var(--highlight-keyword)"&gt;&amp;nbsp;&amp;nbsp;&amp;nbsp;&amp;nbsp;&amp;nbsp;&amp;nbsp;&amp;nbsp;&amp;nbsp;&amp;nbsp;&amp;nbsp;&amp;nbsp;&amp;nbsp;&amp;nbsp;&amp;nbsp;&amp;nbsp;&amp;nbsp;&lt;/span&gt;&lt;span style="color: var(--highlight-default)"&gt;$test&lt;/span&gt;&lt;span style="color: var(--highlight-keyword)"&gt;-&amp;gt;&lt;/span&gt;&lt;span style="color: var(--highlight-default)"&gt;setBackupGlobals&lt;/span&gt;&lt;span style="color: var(--highlight-keyword)"&gt;(&lt;/span&gt;&lt;span style="color: var(--highlight-default)"&gt;$this&lt;/span&gt;&lt;span style="color: var(--highlight-keyword)"&gt;-&amp;gt;&lt;/span&gt;&lt;span style="color: var(--highlight-default)"&gt;backupGlobals&lt;/span&gt;&lt;span style="color: var(--highlight-keyword)"&gt;);&lt;/span&gt;&lt;/code&gt;&lt;/li&gt;
&lt;li&gt;&lt;code&gt;&lt;span style="color: var(--highlight-keyword)"&gt;&amp;nbsp;&amp;nbsp;&amp;nbsp;&amp;nbsp;&amp;nbsp;&amp;nbsp;&amp;nbsp;&amp;nbsp;&amp;nbsp;&amp;nbsp;&amp;nbsp;&amp;nbsp;&amp;nbsp;&amp;nbsp;&amp;nbsp;&amp;nbsp;&lt;/span&gt;&lt;span style="color: var(--highlight-default)"&gt;$test&lt;/span&gt;&lt;span style="color: var(--highlight-keyword)"&gt;-&amp;gt;&lt;/span&gt;&lt;span style="color: var(--highlight-default)"&gt;setBackupStaticAttributes&lt;/span&gt;&lt;span style="color: var(--highlight-keyword)"&gt;(&lt;/span&gt;&lt;span style="color: var(--highlight-default)"&gt;$this&lt;/span&gt;&lt;span style="color: var(--highlight-keyword)"&gt;-&amp;gt;&lt;/span&gt;&lt;span style="color: var(--highlight-default)"&gt;backupStaticAttributes&lt;/span&gt;&lt;span style="color: var(--highlight-keyword)"&gt;);&lt;/span&gt;&lt;/code&gt;&lt;/li&gt;
&lt;li&gt;&lt;code&gt;&lt;span style="color: var(--highlight-keyword)"&gt;&amp;nbsp;&amp;nbsp;&amp;nbsp;&amp;nbsp;&amp;nbsp;&amp;nbsp;&amp;nbsp;&amp;nbsp;&amp;nbsp;&amp;nbsp;&amp;nbsp;&amp;nbsp;&amp;nbsp;&amp;nbsp;&amp;nbsp;&amp;nbsp;&lt;/span&gt;&lt;span style="color: var(--highlight-default)"&gt;$test&lt;/span&gt;&lt;span style="color: var(--highlight-keyword)"&gt;-&amp;gt;&lt;/span&gt;&lt;span style="color: var(--highlight-default)"&gt;setRunTestInSeparateProcess&lt;/span&gt;&lt;span style="color: var(--highlight-keyword)"&gt;(&lt;/span&gt;&lt;span style="color: var(--highlight-default)"&gt;$this&lt;/span&gt;&lt;span style="color: var(--highlight-keyword)"&gt;-&amp;gt;&lt;/span&gt;&lt;span style="color: var(--highlight-default)"&gt;runTestInSeparateProcess&lt;/span&gt;&lt;span style="color: var(--highlight-keyword)"&gt;);&lt;/span&gt;&lt;/code&gt;&lt;/li&gt;
&lt;li&gt;&lt;code&gt;&lt;span style="color: var(--highlight-keyword)"&gt;&amp;nbsp;&amp;nbsp;&amp;nbsp;&amp;nbsp;&amp;nbsp;&amp;nbsp;&amp;nbsp;&amp;nbsp;&amp;nbsp;&amp;nbsp;&amp;nbsp;&amp;nbsp;}&lt;/span&gt;&lt;/code&gt;&lt;/li&gt;
&lt;li&gt;&lt;code&gt;&lt;span style="color: var(--highlight-keyword)"&gt;&lt;/span&gt;&lt;/code&gt;&lt;/li&gt;
&lt;li class="selected"&gt;&lt;code&gt;&lt;span style="color: var(--highlight-keyword)"&gt;&amp;nbsp;&amp;nbsp;&amp;nbsp;&amp;nbsp;&amp;nbsp;&amp;nbsp;&amp;nbsp;&amp;nbsp;&amp;nbsp;&amp;nbsp;&amp;nbsp;&amp;nbsp;&lt;/span&gt;&lt;span style="color: var(--highlight-default)"&gt;$test&lt;/span&gt;&lt;span style="color: var(--highlight-keyword)"&gt;-&amp;gt;&lt;/span&gt;&lt;span style="color: var(--highlight-default)"&gt;run&lt;/span&gt;&lt;span style="color: var(--highlight-keyword)"&gt;(&lt;/span&gt;&lt;span style="color: var(--highlight-default)"&gt;$result&lt;/span&gt;&lt;span style="color: var(--highlight-keyword)"&gt;);&lt;/span&gt;&lt;/code&gt;&lt;/li&gt;
&lt;li&gt;&lt;code&gt;&lt;span style="color: var(--highlight-keyword)"&gt;&amp;nbsp;&amp;nbsp;&amp;nbsp;&amp;nbsp;&amp;nbsp;&amp;nbsp;&amp;nbsp;&amp;nbsp;}&lt;/span&gt;&lt;/code&gt;&lt;/li&gt;
&lt;li&gt;&lt;code&gt;&lt;span style="color: var(--highlight-keyword)"&gt;&lt;/span&gt;&lt;/code&gt;&lt;/li&gt;
&lt;li&gt;&lt;code&gt;&lt;span style="color: var(--highlight-keyword)"&gt;&amp;nbsp;&amp;nbsp;&amp;nbsp;&amp;nbsp;&amp;nbsp;&amp;nbsp;&amp;nbsp;&amp;nbsp;if&amp;nbsp;(&lt;/span&gt;&lt;span style="color: var(--highlight-default)"&gt;$this&lt;/span&gt;&lt;span style="color: var(--highlight-keyword)"&gt;-&amp;gt;&lt;/span&gt;&lt;span style="color: var(--highlight-default)"&gt;testCase&amp;nbsp;&lt;/span&gt;&lt;span style="color: var(--highlight-keyword)"&gt;&amp;amp;&amp;amp;&amp;nbsp;&lt;/span&gt;&lt;span style="color: var(--highlight-default)"&gt;class_exists&lt;/span&gt;&lt;span style="color: var(--highlight-keyword)"&gt;(&lt;/span&gt;&lt;span style="color: var(--highlight-default)"&gt;$this&lt;/span&gt;&lt;span style="color: var(--highlight-keyword)"&gt;-&amp;gt;&lt;/span&gt;&lt;span style="color: var(--highlight-default)"&gt;name&lt;/span&gt;&lt;span style="color: var(--highlight-keyword)"&gt;,&amp;nbsp;&lt;/span&gt;&lt;span style="color: var(--highlight-default)"&gt;false&lt;/span&gt;&lt;span style="color: var(--highlight-keyword)"&gt;))&amp;nbsp;{&lt;/span&gt;&lt;/code&gt;&lt;/li&gt;
&lt;li&gt;&lt;code&gt;&lt;span style="color: var(--highlight-keyword)"&gt;&amp;nbsp;&amp;nbsp;&amp;nbsp;&amp;nbsp;&amp;nbsp;&amp;nbsp;&amp;nbsp;&amp;nbsp;&amp;nbsp;&amp;nbsp;&amp;nbsp;&amp;nbsp;foreach&amp;nbsp;(&lt;/span&gt;&lt;span style="color: var(--highlight-default)"&gt;$hookMethods&lt;/span&gt;&lt;span style="color: var(--highlight-keyword)"&gt;[&lt;/span&gt;&lt;span style="color: var(--highlight-string)"&gt;'afterClass'&lt;/span&gt;&lt;span style="color: var(--highlight-keyword)"&gt;]&amp;nbsp;as&amp;nbsp;&lt;/span&gt;&lt;span style="color: var(--highlight-default)"&gt;$afterClassMethod&lt;/span&gt;&lt;span style="color: var(--highlight-keyword)"&gt;)&amp;nbsp;{&lt;/span&gt;&lt;/code&gt;&lt;/li&gt;
&lt;li&gt;&lt;code&gt;&lt;span style="color: var(--highlight-keyword)"&gt;&amp;nbsp;&amp;nbsp;&amp;nbsp;&amp;nbsp;&amp;nbsp;&amp;nbsp;&amp;nbsp;&amp;nbsp;&amp;nbsp;&amp;nbsp;&amp;nbsp;&amp;nbsp;&amp;nbsp;&amp;nbsp;&amp;nbsp;&amp;nbsp;if&amp;nbsp;(&lt;/span&gt;&lt;span style="color: var(--highlight-default)"&gt;method_exists&lt;/span&gt;&lt;span style="color: var(--highlight-keyword)"&gt;(&lt;/span&gt;&lt;span style="color: var(--highlight-default)"&gt;$this&lt;/span&gt;&lt;span style="color: var(--highlight-keyword)"&gt;-&amp;gt;&lt;/span&gt;&lt;span style="color: var(--highlight-default)"&gt;name&lt;/span&gt;&lt;span style="color: var(--highlight-keyword)"&gt;,&amp;nbsp;&lt;/span&gt;&lt;span style="color: var(--highlight-default)"&gt;$afterClassMethod&lt;/span&gt;&lt;span style="color: var(--highlight-keyword)"&gt;))&amp;nbsp;{&lt;/span&gt;&lt;/code&gt;&lt;/li&gt;&lt;/ol&gt;    &lt;/div&gt;            &lt;/div&gt;
                        &lt;div class="trace-line "&gt;
                &lt;div class="trace-line-header break-long-words sf-toggle" data-toggle-selector="#trace-html-2-31" data-toggle-initial=""&gt;
            &lt;span class="icon icon-close"&gt;&lt;svg width="1792" height="1792" viewBox="0 0 1792 1792" xmlns="http://www.w3.org/2000/svg"&gt;&lt;path d="M1408 960V832q0-26-19-45t-45-19H448q-26 0-45 19t-19 45v128q0 26 19 45t45 19h896q26 0 45-19t19-45zm256-544v960q0 119-84.5 203.5T1376 1664H416q-119 0-203.5-84.5T128 1376V416q0-119 84.5-203.5T416 128h960q119 0 203.5 84.5T1664 416z"/&gt;&lt;/svg&gt;&lt;/span&gt;
        &lt;span class="icon icon-open"&gt;&lt;svg width="1792" height="1792" viewBox="0 0 1792 1792" xmlns="http://www.w3.org/2000/svg"&gt;&lt;path d="M1408 960V832q0-26-19-45t-45-19h-320V448q0-26-19-45t-45-19H832q-26 0-45 19t-19 45v320H448q-26 0-45 19t-19 45v128q0 26 19 45t45 19h320v320q0 26 19 45t45 19h128q26 0 45-19t19-45v-320h320q26 0 45-19t19-45zm256-544v960q0 119-84.5 203.5T1376 1664H416q-119 0-203.5-84.5T128 1376V416q0-119 84.5-203.5T416 128h960q119 0 203.5 84.5T1664 416z"/&gt;&lt;/svg&gt;&lt;/span&gt;
    
            &lt;span class="trace-class"&gt;&lt;abbr title="PHPUnit\Framework\TestSuite"&gt;TestSuite&lt;/abbr&gt;&lt;/span&gt;&lt;span class="trace-type"&gt;-&gt;&lt;/span&gt;&lt;span class="trace-method"&gt;run&lt;/span&gt;&lt;span class="trace-arguments"&gt;()&lt;/span&gt;    
                    &lt;span class="block trace-file-path"&gt;
            in
            &lt;a href=""&gt;
                C:\Users\eman\Documents\GitHub\car_dealer\vendor\phpunit\phpunit\src\Framework\&lt;strong&gt;TestSuite.php&lt;/strong&gt;
            &lt;/a&gt;
                        (line 678)
            &lt;span class="icon icon-copy hidden" data-clipboard-text="C:\Users\eman\Documents\GitHub\car_dealer\vendor\phpunit\phpunit\src\Framework\TestSuite.php:678"&gt;
                &lt;svg xmlns="http://www.w3.org/2000/svg" height="24" viewBox="0 0 24 24" width="24"&gt;&lt;path d="M0 0h24v24H0z" fill="none"/&gt;&lt;path d="M16 1H4c-1.1 0-2 .9-2 2v14h2V3h12V1zm3 4H8c-1.1 0-2 .9-2 2v14c0 1.1.9 2 2 2h11c1.1 0 2-.9 2-2V7c0-1.1-.9-2-2-2zm0 16H8V7h11v14z"/&gt;&lt;/svg&gt;            &lt;/span&gt;
        &lt;/span&gt;
    &lt;/div&gt;
    &lt;div id="trace-html-2-31" class="trace-code sf-toggle-content"&gt;
        &lt;ol start="673"&gt;&lt;li&gt;&lt;code&gt;&lt;span style="color: var(--highlight-keyword)"&gt;&amp;nbsp;&amp;nbsp;&amp;nbsp;&amp;nbsp;&amp;nbsp;&amp;nbsp;&amp;nbsp;&amp;nbsp;&amp;nbsp;&amp;nbsp;&amp;nbsp;&amp;nbsp;&amp;nbsp;&amp;nbsp;&amp;nbsp;&amp;nbsp;&lt;/span&gt;&lt;span style="color: var(--highlight-default)"&gt;$test&lt;/span&gt;&lt;span style="color: var(--highlight-keyword)"&gt;-&amp;gt;&lt;/span&gt;&lt;span style="color: var(--highlight-default)"&gt;setBackupGlobals&lt;/span&gt;&lt;span style="color: var(--highlight-keyword)"&gt;(&lt;/span&gt;&lt;span style="color: var(--highlight-default)"&gt;$this&lt;/span&gt;&lt;span style="color: var(--highlight-keyword)"&gt;-&amp;gt;&lt;/span&gt;&lt;span style="color: var(--highlight-default)"&gt;backupGlobals&lt;/span&gt;&lt;span style="color: var(--highlight-keyword)"&gt;);&lt;/span&gt;&lt;/code&gt;&lt;/li&gt;
&lt;li&gt;&lt;code&gt;&lt;span style="color: var(--highlight-keyword)"&gt;&amp;nbsp;&amp;nbsp;&amp;nbsp;&amp;nbsp;&amp;nbsp;&amp;nbsp;&amp;nbsp;&amp;nbsp;&amp;nbsp;&amp;nbsp;&amp;nbsp;&amp;nbsp;&amp;nbsp;&amp;nbsp;&amp;nbsp;&amp;nbsp;&lt;/span&gt;&lt;span style="color: var(--highlight-default)"&gt;$test&lt;/span&gt;&lt;span style="color: var(--highlight-keyword)"&gt;-&amp;gt;&lt;/span&gt;&lt;span style="color: var(--highlight-default)"&gt;setBackupStaticAttributes&lt;/span&gt;&lt;span style="color: var(--highlight-keyword)"&gt;(&lt;/span&gt;&lt;span style="color: var(--highlight-default)"&gt;$this&lt;/span&gt;&lt;span style="color: var(--highlight-keyword)"&gt;-&amp;gt;&lt;/span&gt;&lt;span style="color: var(--highlight-default)"&gt;backupStaticAttributes&lt;/span&gt;&lt;span style="color: var(--highlight-keyword)"&gt;);&lt;/span&gt;&lt;/code&gt;&lt;/li&gt;
&lt;li&gt;&lt;code&gt;&lt;span style="color: var(--highlight-keyword)"&gt;&amp;nbsp;&amp;nbsp;&amp;nbsp;&amp;nbsp;&amp;nbsp;&amp;nbsp;&amp;nbsp;&amp;nbsp;&amp;nbsp;&amp;nbsp;&amp;nbsp;&amp;nbsp;&amp;nbsp;&amp;nbsp;&amp;nbsp;&amp;nbsp;&lt;/span&gt;&lt;span style="color: var(--highlight-default)"&gt;$test&lt;/span&gt;&lt;span style="color: var(--highlight-keyword)"&gt;-&amp;gt;&lt;/span&gt;&lt;span style="color: var(--highlight-default)"&gt;setRunTestInSeparateProcess&lt;/span&gt;&lt;span style="color: var(--highlight-keyword)"&gt;(&lt;/span&gt;&lt;span style="color: var(--highlight-default)"&gt;$this&lt;/span&gt;&lt;span style="color: var(--highlight-keyword)"&gt;-&amp;gt;&lt;/span&gt;&lt;span style="color: var(--highlight-default)"&gt;runTestInSeparateProcess&lt;/span&gt;&lt;span style="color: var(--highlight-keyword)"&gt;);&lt;/span&gt;&lt;/code&gt;&lt;/li&gt;
&lt;li&gt;&lt;code&gt;&lt;span style="color: var(--highlight-keyword)"&gt;&amp;nbsp;&amp;nbsp;&amp;nbsp;&amp;nbsp;&amp;nbsp;&amp;nbsp;&amp;nbsp;&amp;nbsp;&amp;nbsp;&amp;nbsp;&amp;nbsp;&amp;nbsp;}&lt;/span&gt;&lt;/code&gt;&lt;/li&gt;
&lt;li&gt;&lt;code&gt;&lt;span style="color: var(--highlight-keyword)"&gt;&lt;/span&gt;&lt;/code&gt;&lt;/li&gt;
&lt;li class="selected"&gt;&lt;code&gt;&lt;span style="color: var(--highlight-keyword)"&gt;&amp;nbsp;&amp;nbsp;&amp;nbsp;&amp;nbsp;&amp;nbsp;&amp;nbsp;&amp;nbsp;&amp;nbsp;&amp;nbsp;&amp;nbsp;&amp;nbsp;&amp;nbsp;&lt;/span&gt;&lt;span style="color: var(--highlight-default)"&gt;$test&lt;/span&gt;&lt;span style="color: var(--highlight-keyword)"&gt;-&amp;gt;&lt;/span&gt;&lt;span style="color: var(--highlight-default)"&gt;run&lt;/span&gt;&lt;span style="color: var(--highlight-keyword)"&gt;(&lt;/span&gt;&lt;span style="color: var(--highlight-default)"&gt;$result&lt;/span&gt;&lt;span style="color: var(--highlight-keyword)"&gt;);&lt;/span&gt;&lt;/code&gt;&lt;/li&gt;
&lt;li&gt;&lt;code&gt;&lt;span style="color: var(--highlight-keyword)"&gt;&amp;nbsp;&amp;nbsp;&amp;nbsp;&amp;nbsp;&amp;nbsp;&amp;nbsp;&amp;nbsp;&amp;nbsp;}&lt;/span&gt;&lt;/code&gt;&lt;/li&gt;
&lt;li&gt;&lt;code&gt;&lt;span style="color: var(--highlight-keyword)"&gt;&lt;/span&gt;&lt;/code&gt;&lt;/li&gt;
&lt;li&gt;&lt;code&gt;&lt;span style="color: var(--highlight-keyword)"&gt;&amp;nbsp;&amp;nbsp;&amp;nbsp;&amp;nbsp;&amp;nbsp;&amp;nbsp;&amp;nbsp;&amp;nbsp;if&amp;nbsp;(&lt;/span&gt;&lt;span style="color: var(--highlight-default)"&gt;$this&lt;/span&gt;&lt;span style="color: var(--highlight-keyword)"&gt;-&amp;gt;&lt;/span&gt;&lt;span style="color: var(--highlight-default)"&gt;testCase&amp;nbsp;&lt;/span&gt;&lt;span style="color: var(--highlight-keyword)"&gt;&amp;amp;&amp;amp;&amp;nbsp;&lt;/span&gt;&lt;span style="color: var(--highlight-default)"&gt;class_exists&lt;/span&gt;&lt;span style="color: var(--highlight-keyword)"&gt;(&lt;/span&gt;&lt;span style="color: var(--highlight-default)"&gt;$this&lt;/span&gt;&lt;span style="color: var(--highlight-keyword)"&gt;-&amp;gt;&lt;/span&gt;&lt;span style="color: var(--highlight-default)"&gt;name&lt;/span&gt;&lt;span style="color: var(--highlight-keyword)"&gt;,&amp;nbsp;&lt;/span&gt;&lt;span style="color: var(--highlight-default)"&gt;false&lt;/span&gt;&lt;span style="color: var(--highlight-keyword)"&gt;))&amp;nbsp;{&lt;/span&gt;&lt;/code&gt;&lt;/li&gt;
&lt;li&gt;&lt;code&gt;&lt;span style="color: var(--highlight-keyword)"&gt;&amp;nbsp;&amp;nbsp;&amp;nbsp;&amp;nbsp;&amp;nbsp;&amp;nbsp;&amp;nbsp;&amp;nbsp;&amp;nbsp;&amp;nbsp;&amp;nbsp;&amp;nbsp;foreach&amp;nbsp;(&lt;/span&gt;&lt;span style="color: var(--highlight-default)"&gt;$hookMethods&lt;/span&gt;&lt;span style="color: var(--highlight-keyword)"&gt;[&lt;/span&gt;&lt;span style="color: var(--highlight-string)"&gt;'afterClass'&lt;/span&gt;&lt;span style="color: var(--highlight-keyword)"&gt;]&amp;nbsp;as&amp;nbsp;&lt;/span&gt;&lt;span style="color: var(--highlight-default)"&gt;$afterClassMethod&lt;/span&gt;&lt;span style="color: var(--highlight-keyword)"&gt;)&amp;nbsp;{&lt;/span&gt;&lt;/code&gt;&lt;/li&gt;
&lt;li&gt;&lt;code&gt;&lt;span style="color: var(--highlight-keyword)"&gt;&amp;nbsp;&amp;nbsp;&amp;nbsp;&amp;nbsp;&amp;nbsp;&amp;nbsp;&amp;nbsp;&amp;nbsp;&amp;nbsp;&amp;nbsp;&amp;nbsp;&amp;nbsp;&amp;nbsp;&amp;nbsp;&amp;nbsp;&amp;nbsp;if&amp;nbsp;(&lt;/span&gt;&lt;span style="color: var(--highlight-default)"&gt;method_exists&lt;/span&gt;&lt;span style="color: var(--highlight-keyword)"&gt;(&lt;/span&gt;&lt;span style="color: var(--highlight-default)"&gt;$this&lt;/span&gt;&lt;span style="color: var(--highlight-keyword)"&gt;-&amp;gt;&lt;/span&gt;&lt;span style="color: var(--highlight-default)"&gt;name&lt;/span&gt;&lt;span style="color: var(--highlight-keyword)"&gt;,&amp;nbsp;&lt;/span&gt;&lt;span style="color: var(--highlight-default)"&gt;$afterClassMethod&lt;/span&gt;&lt;span style="color: var(--highlight-keyword)"&gt;))&amp;nbsp;{&lt;/span&gt;&lt;/code&gt;&lt;/li&gt;&lt;/ol&gt;    &lt;/div&gt;            &lt;/div&gt;
                        &lt;div class="trace-line "&gt;
                &lt;div class="trace-line-header break-long-words sf-toggle" data-toggle-selector="#trace-html-2-32" data-toggle-initial=""&gt;
            &lt;span class="icon icon-close"&gt;&lt;svg width="1792" height="1792" viewBox="0 0 1792 1792" xmlns="http://www.w3.org/2000/svg"&gt;&lt;path d="M1408 960V832q0-26-19-45t-45-19H448q-26 0-45 19t-19 45v128q0 26 19 45t45 19h896q26 0 45-19t19-45zm256-544v960q0 119-84.5 203.5T1376 1664H416q-119 0-203.5-84.5T128 1376V416q0-119 84.5-203.5T416 128h960q119 0 203.5 84.5T1664 416z"/&gt;&lt;/svg&gt;&lt;/span&gt;
        &lt;span class="icon icon-open"&gt;&lt;svg width="1792" height="1792" viewBox="0 0 1792 1792" xmlns="http://www.w3.org/2000/svg"&gt;&lt;path d="M1408 960V832q0-26-19-45t-45-19h-320V448q0-26-19-45t-45-19H832q-26 0-45 19t-19 45v320H448q-26 0-45 19t-19 45v128q0 26 19 45t45 19h320v320q0 26 19 45t45 19h128q26 0 45-19t19-45v-320h320q26 0 45-19t19-45zm256-544v960q0 119-84.5 203.5T1376 1664H416q-119 0-203.5-84.5T128 1376V416q0-119 84.5-203.5T416 128h960q119 0 203.5 84.5T1664 416z"/&gt;&lt;/svg&gt;&lt;/span&gt;
    
            &lt;span class="trace-class"&gt;&lt;abbr title="PHPUnit\Framework\TestSuite"&gt;TestSuite&lt;/abbr&gt;&lt;/span&gt;&lt;span class="trace-type"&gt;-&gt;&lt;/span&gt;&lt;span class="trace-method"&gt;run&lt;/span&gt;&lt;span class="trace-arguments"&gt;()&lt;/span&gt;    
                    &lt;span class="block trace-file-path"&gt;
            in
            &lt;a href=""&gt;
                C:\Users\eman\Documents\GitHub\car_dealer\vendor\phpunit\phpunit\src\Framework\&lt;strong&gt;TestSuite.php&lt;/strong&gt;
            &lt;/a&gt;
                        (line 678)
            &lt;span class="icon icon-copy hidden" data-clipboard-text="C:\Users\eman\Documents\GitHub\car_dealer\vendor\phpunit\phpunit\src\Framework\TestSuite.php:678"&gt;
                &lt;svg xmlns="http://www.w3.org/2000/svg" height="24" viewBox="0 0 24 24" width="24"&gt;&lt;path d="M0 0h24v24H0z" fill="none"/&gt;&lt;path d="M16 1H4c-1.1 0-2 .9-2 2v14h2V3h12V1zm3 4H8c-1.1 0-2 .9-2 2v14c0 1.1.9 2 2 2h11c1.1 0 2-.9 2-2V7c0-1.1-.9-2-2-2zm0 16H8V7h11v14z"/&gt;&lt;/svg&gt;            &lt;/span&gt;
        &lt;/span&gt;
    &lt;/div&gt;
    &lt;div id="trace-html-2-32" class="trace-code sf-toggle-content"&gt;
        &lt;ol start="673"&gt;&lt;li&gt;&lt;code&gt;&lt;span style="color: var(--highlight-keyword)"&gt;&amp;nbsp;&amp;nbsp;&amp;nbsp;&amp;nbsp;&amp;nbsp;&amp;nbsp;&amp;nbsp;&amp;nbsp;&amp;nbsp;&amp;nbsp;&amp;nbsp;&amp;nbsp;&amp;nbsp;&amp;nbsp;&amp;nbsp;&amp;nbsp;&lt;/span&gt;&lt;span style="color: var(--highlight-default)"&gt;$test&lt;/span&gt;&lt;span style="color: var(--highlight-keyword)"&gt;-&amp;gt;&lt;/span&gt;&lt;span style="color: var(--highlight-default)"&gt;setBackupGlobals&lt;/span&gt;&lt;span style="color: var(--highlight-keyword)"&gt;(&lt;/span&gt;&lt;span style="color: var(--highlight-default)"&gt;$this&lt;/span&gt;&lt;span style="color: var(--highlight-keyword)"&gt;-&amp;gt;&lt;/span&gt;&lt;span style="color: var(--highlight-default)"&gt;backupGlobals&lt;/span&gt;&lt;span style="color: var(--highlight-keyword)"&gt;);&lt;/span&gt;&lt;/code&gt;&lt;/li&gt;
&lt;li&gt;&lt;code&gt;&lt;span style="color: var(--highlight-keyword)"&gt;&amp;nbsp;&amp;nbsp;&amp;nbsp;&amp;nbsp;&amp;nbsp;&amp;nbsp;&amp;nbsp;&amp;nbsp;&amp;nbsp;&amp;nbsp;&amp;nbsp;&amp;nbsp;&amp;nbsp;&amp;nbsp;&amp;nbsp;&amp;nbsp;&lt;/span&gt;&lt;span style="color: var(--highlight-default)"&gt;$test&lt;/span&gt;&lt;span style="color: var(--highlight-keyword)"&gt;-&amp;gt;&lt;/span&gt;&lt;span style="color: var(--highlight-default)"&gt;setBackupStaticAttributes&lt;/span&gt;&lt;span style="color: var(--highlight-keyword)"&gt;(&lt;/span&gt;&lt;span style="color: var(--highlight-default)"&gt;$this&lt;/span&gt;&lt;span style="color: var(--highlight-keyword)"&gt;-&amp;gt;&lt;/span&gt;&lt;span style="color: var(--highlight-default)"&gt;backupStaticAttributes&lt;/span&gt;&lt;span style="color: var(--highlight-keyword)"&gt;);&lt;/span&gt;&lt;/code&gt;&lt;/li&gt;
&lt;li&gt;&lt;code&gt;&lt;span style="color: var(--highlight-keyword)"&gt;&amp;nbsp;&amp;nbsp;&amp;nbsp;&amp;nbsp;&amp;nbsp;&amp;nbsp;&amp;nbsp;&amp;nbsp;&amp;nbsp;&amp;nbsp;&amp;nbsp;&amp;nbsp;&amp;nbsp;&amp;nbsp;&amp;nbsp;&amp;nbsp;&lt;/span&gt;&lt;span style="color: var(--highlight-default)"&gt;$test&lt;/span&gt;&lt;span style="color: var(--highlight-keyword)"&gt;-&amp;gt;&lt;/span&gt;&lt;span style="color: var(--highlight-default)"&gt;setRunTestInSeparateProcess&lt;/span&gt;&lt;span style="color: var(--highlight-keyword)"&gt;(&lt;/span&gt;&lt;span style="color: var(--highlight-default)"&gt;$this&lt;/span&gt;&lt;span style="color: var(--highlight-keyword)"&gt;-&amp;gt;&lt;/span&gt;&lt;span style="color: var(--highlight-default)"&gt;runTestInSeparateProcess&lt;/span&gt;&lt;span style="color: var(--highlight-keyword)"&gt;);&lt;/span&gt;&lt;/code&gt;&lt;/li&gt;
&lt;li&gt;&lt;code&gt;&lt;span style="color: var(--highlight-keyword)"&gt;&amp;nbsp;&amp;nbsp;&amp;nbsp;&amp;nbsp;&amp;nbsp;&amp;nbsp;&amp;nbsp;&amp;nbsp;&amp;nbsp;&amp;nbsp;&amp;nbsp;&amp;nbsp;}&lt;/span&gt;&lt;/code&gt;&lt;/li&gt;
&lt;li&gt;&lt;code&gt;&lt;span style="color: var(--highlight-keyword)"&gt;&lt;/span&gt;&lt;/code&gt;&lt;/li&gt;
&lt;li class="selected"&gt;&lt;code&gt;&lt;span style="color: var(--highlight-keyword)"&gt;&amp;nbsp;&amp;nbsp;&amp;nbsp;&amp;nbsp;&amp;nbsp;&amp;nbsp;&amp;nbsp;&amp;nbsp;&amp;nbsp;&amp;nbsp;&amp;nbsp;&amp;nbsp;&lt;/span&gt;&lt;span style="color: var(--highlight-default)"&gt;$test&lt;/span&gt;&lt;span style="color: var(--highlight-keyword)"&gt;-&amp;gt;&lt;/span&gt;&lt;span style="color: var(--highlight-default)"&gt;run&lt;/span&gt;&lt;span style="color: var(--highlight-keyword)"&gt;(&lt;/span&gt;&lt;span style="color: var(--highlight-default)"&gt;$result&lt;/span&gt;&lt;span style="color: var(--highlight-keyword)"&gt;);&lt;/span&gt;&lt;/code&gt;&lt;/li&gt;
&lt;li&gt;&lt;code&gt;&lt;span style="color: var(--highlight-keyword)"&gt;&amp;nbsp;&amp;nbsp;&amp;nbsp;&amp;nbsp;&amp;nbsp;&amp;nbsp;&amp;nbsp;&amp;nbsp;}&lt;/span&gt;&lt;/code&gt;&lt;/li&gt;
&lt;li&gt;&lt;code&gt;&lt;span style="color: var(--highlight-keyword)"&gt;&lt;/span&gt;&lt;/code&gt;&lt;/li&gt;
&lt;li&gt;&lt;code&gt;&lt;span style="color: var(--highlight-keyword)"&gt;&amp;nbsp;&amp;nbsp;&amp;nbsp;&amp;nbsp;&amp;nbsp;&amp;nbsp;&amp;nbsp;&amp;nbsp;if&amp;nbsp;(&lt;/span&gt;&lt;span style="color: var(--highlight-default)"&gt;$this&lt;/span&gt;&lt;span style="color: var(--highlight-keyword)"&gt;-&amp;gt;&lt;/span&gt;&lt;span style="color: var(--highlight-default)"&gt;testCase&amp;nbsp;&lt;/span&gt;&lt;span style="color: var(--highlight-keyword)"&gt;&amp;amp;&amp;amp;&amp;nbsp;&lt;/span&gt;&lt;span style="color: var(--highlight-default)"&gt;class_exists&lt;/span&gt;&lt;span style="color: var(--highlight-keyword)"&gt;(&lt;/span&gt;&lt;span style="color: var(--highlight-default)"&gt;$this&lt;/span&gt;&lt;span style="color: var(--highlight-keyword)"&gt;-&amp;gt;&lt;/span&gt;&lt;span style="color: var(--highlight-default)"&gt;name&lt;/span&gt;&lt;span style="color: var(--highlight-keyword)"&gt;,&amp;nbsp;&lt;/span&gt;&lt;span style="color: var(--highlight-default)"&gt;false&lt;/span&gt;&lt;span style="color: var(--highlight-keyword)"&gt;))&amp;nbsp;{&lt;/span&gt;&lt;/code&gt;&lt;/li&gt;
&lt;li&gt;&lt;code&gt;&lt;span style="color: var(--highlight-keyword)"&gt;&amp;nbsp;&amp;nbsp;&amp;nbsp;&amp;nbsp;&amp;nbsp;&amp;nbsp;&amp;nbsp;&amp;nbsp;&amp;nbsp;&amp;nbsp;&amp;nbsp;&amp;nbsp;foreach&amp;nbsp;(&lt;/span&gt;&lt;span style="color: var(--highlight-default)"&gt;$hookMethods&lt;/span&gt;&lt;span style="color: var(--highlight-keyword)"&gt;[&lt;/span&gt;&lt;span style="color: var(--highlight-string)"&gt;'afterClass'&lt;/span&gt;&lt;span style="color: var(--highlight-keyword)"&gt;]&amp;nbsp;as&amp;nbsp;&lt;/span&gt;&lt;span style="color: var(--highlight-default)"&gt;$afterClassMethod&lt;/span&gt;&lt;span style="color: var(--highlight-keyword)"&gt;)&amp;nbsp;{&lt;/span&gt;&lt;/code&gt;&lt;/li&gt;
&lt;li&gt;&lt;code&gt;&lt;span style="color: var(--highlight-keyword)"&gt;&amp;nbsp;&amp;nbsp;&amp;nbsp;&amp;nbsp;&amp;nbsp;&amp;nbsp;&amp;nbsp;&amp;nbsp;&amp;nbsp;&amp;nbsp;&amp;nbsp;&amp;nbsp;&amp;nbsp;&amp;nbsp;&amp;nbsp;&amp;nbsp;if&amp;nbsp;(&lt;/span&gt;&lt;span style="color: var(--highlight-default)"&gt;method_exists&lt;/span&gt;&lt;span style="color: var(--highlight-keyword)"&gt;(&lt;/span&gt;&lt;span style="color: var(--highlight-default)"&gt;$this&lt;/span&gt;&lt;span style="color: var(--highlight-keyword)"&gt;-&amp;gt;&lt;/span&gt;&lt;span style="color: var(--highlight-default)"&gt;name&lt;/span&gt;&lt;span style="color: var(--highlight-keyword)"&gt;,&amp;nbsp;&lt;/span&gt;&lt;span style="color: var(--highlight-default)"&gt;$afterClassMethod&lt;/span&gt;&lt;span style="color: var(--highlight-keyword)"&gt;))&amp;nbsp;{&lt;/span&gt;&lt;/code&gt;&lt;/li&gt;&lt;/ol&gt;    &lt;/div&gt;            &lt;/div&gt;
                        &lt;div class="trace-line "&gt;
                &lt;div class="trace-line-header break-long-words sf-toggle" data-toggle-selector="#trace-html-2-33" data-toggle-initial=""&gt;
            &lt;span class="icon icon-close"&gt;&lt;svg width="1792" height="1792" viewBox="0 0 1792 1792" xmlns="http://www.w3.org/2000/svg"&gt;&lt;path d="M1408 960V832q0-26-19-45t-45-19H448q-26 0-45 19t-19 45v128q0 26 19 45t45 19h896q26 0 45-19t19-45zm256-544v960q0 119-84.5 203.5T1376 1664H416q-119 0-203.5-84.5T128 1376V416q0-119 84.5-203.5T416 128h960q119 0 203.5 84.5T1664 416z"/&gt;&lt;/svg&gt;&lt;/span&gt;
        &lt;span class="icon icon-open"&gt;&lt;svg width="1792" height="1792" viewBox="0 0 1792 1792" xmlns="http://www.w3.org/2000/svg"&gt;&lt;path d="M1408 960V832q0-26-19-45t-45-19h-320V448q0-26-19-45t-45-19H832q-26 0-45 19t-19 45v320H448q-26 0-45 19t-19 45v128q0 26 19 45t45 19h320v320q0 26 19 45t45 19h128q26 0 45-19t19-45v-320h320q26 0 45-19t19-45zm256-544v960q0 119-84.5 203.5T1376 1664H416q-119 0-203.5-84.5T128 1376V416q0-119 84.5-203.5T416 128h960q119 0 203.5 84.5T1664 416z"/&gt;&lt;/svg&gt;&lt;/span&gt;
    
            &lt;span class="trace-class"&gt;&lt;abbr title="PHPUnit\Framework\TestSuite"&gt;TestSuite&lt;/abbr&gt;&lt;/span&gt;&lt;span class="trace-type"&gt;-&gt;&lt;/span&gt;&lt;span class="trace-method"&gt;run&lt;/span&gt;&lt;span class="trace-arguments"&gt;()&lt;/span&gt;    
                    &lt;span class="block trace-file-path"&gt;
            in
            &lt;a href=""&gt;
                C:\Users\eman\Documents\GitHub\car_dealer\vendor\phpunit\phpunit\src\TextUI\&lt;strong&gt;TestRunner.php&lt;/strong&gt;
            &lt;/a&gt;
                        (line 670)
            &lt;span class="icon icon-copy hidden" data-clipboard-text="C:\Users\eman\Documents\GitHub\car_dealer\vendor\phpunit\phpunit\src\TextUI\TestRunner.php:670"&gt;
                &lt;svg xmlns="http://www.w3.org/2000/svg" height="24" viewBox="0 0 24 24" width="24"&gt;&lt;path d="M0 0h24v24H0z" fill="none"/&gt;&lt;path d="M16 1H4c-1.1 0-2 .9-2 2v14h2V3h12V1zm3 4H8c-1.1 0-2 .9-2 2v14c0 1.1.9 2 2 2h11c1.1 0 2-.9 2-2V7c0-1.1-.9-2-2-2zm0 16H8V7h11v14z"/&gt;&lt;/svg&gt;            &lt;/span&gt;
        &lt;/span&gt;
    &lt;/div&gt;
    &lt;div id="trace-html-2-33" class="trace-code sf-toggle-content"&gt;
        &lt;ol start="665"&gt;&lt;li&gt;&lt;code&gt;&lt;span style="color: var(--highlight-keyword)"&gt;&lt;/span&gt;&lt;/code&gt;&lt;/li&gt;
&lt;li&gt;&lt;code&gt;&lt;span style="color: var(--highlight-keyword)"&gt;&amp;nbsp;&amp;nbsp;&amp;nbsp;&amp;nbsp;&amp;nbsp;&amp;nbsp;&amp;nbsp;&amp;nbsp;if&amp;nbsp;(&lt;/span&gt;&lt;span style="color: var(--highlight-default)"&gt;$testSuiteWarningsPrinted&lt;/span&gt;&lt;span style="color: var(--highlight-keyword)"&gt;)&amp;nbsp;{&lt;/span&gt;&lt;/code&gt;&lt;/li&gt;
&lt;li&gt;&lt;code&gt;&lt;span style="color: var(--highlight-keyword)"&gt;&amp;nbsp;&amp;nbsp;&amp;nbsp;&amp;nbsp;&amp;nbsp;&amp;nbsp;&amp;nbsp;&amp;nbsp;&amp;nbsp;&amp;nbsp;&amp;nbsp;&amp;nbsp;&lt;/span&gt;&lt;span style="color: var(--highlight-default)"&gt;$this&lt;/span&gt;&lt;span style="color: var(--highlight-keyword)"&gt;-&amp;gt;&lt;/span&gt;&lt;span style="color: var(--highlight-default)"&gt;write&lt;/span&gt;&lt;span style="color: var(--highlight-keyword)"&gt;(&lt;/span&gt;&lt;span style="color: var(--highlight-default)"&gt;PHP_EOL&lt;/span&gt;&lt;span style="color: var(--highlight-keyword)"&gt;);&lt;/span&gt;&lt;/code&gt;&lt;/li&gt;
&lt;li&gt;&lt;code&gt;&lt;span style="color: var(--highlight-keyword)"&gt;&amp;nbsp;&amp;nbsp;&amp;nbsp;&amp;nbsp;&amp;nbsp;&amp;nbsp;&amp;nbsp;&amp;nbsp;}&lt;/span&gt;&lt;/code&gt;&lt;/li&gt;
&lt;li&gt;&lt;code&gt;&lt;span style="color: var(--highlight-keyword)"&gt;&lt;/span&gt;&lt;/code&gt;&lt;/li&gt;
&lt;li class="selected"&gt;&lt;code&gt;&lt;span style="color: var(--highlight-keyword)"&gt;&amp;nbsp;&amp;nbsp;&amp;nbsp;&amp;nbsp;&amp;nbsp;&amp;nbsp;&amp;nbsp;&amp;nbsp;&lt;/span&gt;&lt;span style="color: var(--highlight-default)"&gt;$suite&lt;/span&gt;&lt;span style="color: var(--highlight-keyword)"&gt;-&amp;gt;&lt;/span&gt;&lt;span style="color: var(--highlight-default)"&gt;run&lt;/span&gt;&lt;span style="color: var(--highlight-keyword)"&gt;(&lt;/span&gt;&lt;span style="color: var(--highlight-default)"&gt;$result&lt;/span&gt;&lt;span style="color: var(--highlight-keyword)"&gt;);&lt;/span&gt;&lt;/code&gt;&lt;/li&gt;
&lt;li&gt;&lt;code&gt;&lt;span style="color: var(--highlight-keyword)"&gt;&lt;/span&gt;&lt;/code&gt;&lt;/li&gt;
&lt;li&gt;&lt;code&gt;&lt;span style="color: var(--highlight-keyword)"&gt;&amp;nbsp;&amp;nbsp;&amp;nbsp;&amp;nbsp;&amp;nbsp;&amp;nbsp;&amp;nbsp;&amp;nbsp;foreach&amp;nbsp;(&lt;/span&gt;&lt;span style="color: var(--highlight-default)"&gt;$this&lt;/span&gt;&lt;span style="color: var(--highlight-keyword)"&gt;-&amp;gt;&lt;/span&gt;&lt;span style="color: var(--highlight-default)"&gt;extensions&amp;nbsp;&lt;/span&gt;&lt;span style="color: var(--highlight-keyword)"&gt;as&amp;nbsp;&lt;/span&gt;&lt;span style="color: var(--highlight-default)"&gt;$extension&lt;/span&gt;&lt;span style="color: var(--highlight-keyword)"&gt;)&amp;nbsp;{&lt;/span&gt;&lt;/code&gt;&lt;/li&gt;
&lt;li&gt;&lt;code&gt;&lt;span style="color: var(--highlight-keyword)"&gt;&amp;nbsp;&amp;nbsp;&amp;nbsp;&amp;nbsp;&amp;nbsp;&amp;nbsp;&amp;nbsp;&amp;nbsp;&amp;nbsp;&amp;nbsp;&amp;nbsp;&amp;nbsp;if&amp;nbsp;(&lt;/span&gt;&lt;span style="color: var(--highlight-default)"&gt;$extension&amp;nbsp;&lt;/span&gt;&lt;span style="color: var(--highlight-keyword)"&gt;instanceof&amp;nbsp;&lt;/span&gt;&lt;span style="color: var(--highlight-default)"&gt;AfterLastTestHook&lt;/span&gt;&lt;span style="color: var(--highlight-keyword)"&gt;)&amp;nbsp;{&lt;/span&gt;&lt;/code&gt;&lt;/li&gt;
&lt;li&gt;&lt;code&gt;&lt;span style="color: var(--highlight-keyword)"&gt;&amp;nbsp;&amp;nbsp;&amp;nbsp;&amp;nbsp;&amp;nbsp;&amp;nbsp;&amp;nbsp;&amp;nbsp;&amp;nbsp;&amp;nbsp;&amp;nbsp;&amp;nbsp;&amp;nbsp;&amp;nbsp;&amp;nbsp;&amp;nbsp;&lt;/span&gt;&lt;span style="color: var(--highlight-default)"&gt;$extension&lt;/span&gt;&lt;span style="color: var(--highlight-keyword)"&gt;-&amp;gt;&lt;/span&gt;&lt;span style="color: var(--highlight-default)"&gt;executeAfterLastTest&lt;/span&gt;&lt;span style="color: var(--highlight-keyword)"&gt;();&lt;/span&gt;&lt;/code&gt;&lt;/li&gt;
&lt;li&gt;&lt;code&gt;&lt;span style="color: var(--highlight-keyword)"&gt;&amp;nbsp;&amp;nbsp;&amp;nbsp;&amp;nbsp;&amp;nbsp;&amp;nbsp;&amp;nbsp;&amp;nbsp;&amp;nbsp;&amp;nbsp;&amp;nbsp;&amp;nbsp;}&lt;/span&gt;&lt;/code&gt;&lt;/li&gt;&lt;/ol&gt;    &lt;/div&gt;            &lt;/div&gt;
                        &lt;div class="trace-line "&gt;
                &lt;div class="trace-line-header break-long-words sf-toggle" data-toggle-selector="#trace-html-2-34" data-toggle-initial=""&gt;
            &lt;span class="icon icon-close"&gt;&lt;svg width="1792" height="1792" viewBox="0 0 1792 1792" xmlns="http://www.w3.org/2000/svg"&gt;&lt;path d="M1408 960V832q0-26-19-45t-45-19H448q-26 0-45 19t-19 45v128q0 26 19 45t45 19h896q26 0 45-19t19-45zm256-544v960q0 119-84.5 203.5T1376 1664H416q-119 0-203.5-84.5T128 1376V416q0-119 84.5-203.5T416 128h960q119 0 203.5 84.5T1664 416z"/&gt;&lt;/svg&gt;&lt;/span&gt;
        &lt;span class="icon icon-open"&gt;&lt;svg width="1792" height="1792" viewBox="0 0 1792 1792" xmlns="http://www.w3.org/2000/svg"&gt;&lt;path d="M1408 960V832q0-26-19-45t-45-19h-320V448q0-26-19-45t-45-19H832q-26 0-45 19t-19 45v320H448q-26 0-45 19t-19 45v128q0 26 19 45t45 19h320v320q0 26 19 45t45 19h128q26 0 45-19t19-45v-320h320q26 0 45-19t19-45zm256-544v960q0 119-84.5 203.5T1376 1664H416q-119 0-203.5-84.5T128 1376V416q0-119 84.5-203.5T416 128h960q119 0 203.5 84.5T1664 416z"/&gt;&lt;/svg&gt;&lt;/span&gt;
    
            &lt;span class="trace-class"&gt;&lt;abbr title="PHPUnit\TextUI\TestRunner"&gt;TestRunner&lt;/abbr&gt;&lt;/span&gt;&lt;span class="trace-type"&gt;-&gt;&lt;/span&gt;&lt;span class="trace-method"&gt;run&lt;/span&gt;&lt;span class="trace-arguments"&gt;()&lt;/span&gt;    
                    &lt;span class="block trace-file-path"&gt;
            in
            &lt;a href=""&gt;
                C:\Users\eman\Documents\GitHub\car_dealer\vendor\phpunit\phpunit\src\TextUI\&lt;strong&gt;Command.php&lt;/strong&gt;
            &lt;/a&gt;
                        (line 143)
            &lt;span class="icon icon-copy hidden" data-clipboard-text="C:\Users\eman\Documents\GitHub\car_dealer\vendor\phpunit\phpunit\src\TextUI\Command.php:143"&gt;
                &lt;svg xmlns="http://www.w3.org/2000/svg" height="24" viewBox="0 0 24 24" width="24"&gt;&lt;path d="M0 0h24v24H0z" fill="none"/&gt;&lt;path d="M16 1H4c-1.1 0-2 .9-2 2v14h2V3h12V1zm3 4H8c-1.1 0-2 .9-2 2v14c0 1.1.9 2 2 2h11c1.1 0 2-.9 2-2V7c0-1.1-.9-2-2-2zm0 16H8V7h11v14z"/&gt;&lt;/svg&gt;            &lt;/span&gt;
        &lt;/span&gt;
    &lt;/div&gt;
    &lt;div id="trace-html-2-34" class="trace-code sf-toggle-content"&gt;
        &lt;ol start="138"&gt;&lt;li&gt;&lt;code&gt;&lt;span style="color: var(--highlight-keyword)"&gt;&amp;nbsp;&amp;nbsp;&amp;nbsp;&amp;nbsp;&amp;nbsp;&amp;nbsp;&amp;nbsp;&amp;nbsp;}&lt;/span&gt;&lt;/code&gt;&lt;/li&gt;
&lt;li&gt;&lt;code&gt;&lt;span style="color: var(--highlight-keyword)"&gt;&lt;/span&gt;&lt;/code&gt;&lt;/li&gt;
&lt;li&gt;&lt;code&gt;&lt;span style="color: var(--highlight-keyword)"&gt;&amp;nbsp;&amp;nbsp;&amp;nbsp;&amp;nbsp;&amp;nbsp;&amp;nbsp;&amp;nbsp;&amp;nbsp;unset(&lt;/span&gt;&lt;span style="color: var(--highlight-default)"&gt;$this&lt;/span&gt;&lt;span style="color: var(--highlight-keyword)"&gt;-&amp;gt;&lt;/span&gt;&lt;span style="color: var(--highlight-default)"&gt;arguments&lt;/span&gt;&lt;span style="color: var(--highlight-keyword)"&gt;[&lt;/span&gt;&lt;span style="color: var(--highlight-string)"&gt;'test'&lt;/span&gt;&lt;span style="color: var(--highlight-keyword)"&gt;],&amp;nbsp;&lt;/span&gt;&lt;span style="color: var(--highlight-default)"&gt;$this&lt;/span&gt;&lt;span style="color: var(--highlight-keyword)"&gt;-&amp;gt;&lt;/span&gt;&lt;span style="color: var(--highlight-default)"&gt;arguments&lt;/span&gt;&lt;span style="color: var(--highlight-keyword)"&gt;[&lt;/span&gt;&lt;span style="color: var(--highlight-string)"&gt;'testFile'&lt;/span&gt;&lt;span style="color: var(--highlight-keyword)"&gt;]);&lt;/span&gt;&lt;/code&gt;&lt;/li&gt;
&lt;li&gt;&lt;code&gt;&lt;span style="color: var(--highlight-keyword)"&gt;&lt;/span&gt;&lt;/code&gt;&lt;/li&gt;
&lt;li&gt;&lt;code&gt;&lt;span style="color: var(--highlight-keyword)"&gt;&amp;nbsp;&amp;nbsp;&amp;nbsp;&amp;nbsp;&amp;nbsp;&amp;nbsp;&amp;nbsp;&amp;nbsp;try&amp;nbsp;{&lt;/span&gt;&lt;/code&gt;&lt;/li&gt;
&lt;li class="selected"&gt;&lt;code&gt;&lt;span style="color: var(--highlight-keyword)"&gt;&amp;nbsp;&amp;nbsp;&amp;nbsp;&amp;nbsp;&amp;nbsp;&amp;nbsp;&amp;nbsp;&amp;nbsp;&amp;nbsp;&amp;nbsp;&amp;nbsp;&amp;nbsp;&lt;/span&gt;&lt;span style="color: var(--highlight-default)"&gt;$result&amp;nbsp;&lt;/span&gt;&lt;span style="color: var(--highlight-keyword)"&gt;=&amp;nbsp;&lt;/span&gt;&lt;span style="color: var(--highlight-default)"&gt;$runner&lt;/span&gt;&lt;span style="color: var(--highlight-keyword)"&gt;-&amp;gt;&lt;/span&gt;&lt;span style="color: var(--highlight-default)"&gt;run&lt;/span&gt;&lt;span style="color: var(--highlight-keyword)"&gt;(&lt;/span&gt;&lt;span style="color: var(--highlight-default)"&gt;$suite&lt;/span&gt;&lt;span style="color: var(--highlight-keyword)"&gt;,&amp;nbsp;&lt;/span&gt;&lt;span style="color: var(--highlight-default)"&gt;$this&lt;/span&gt;&lt;span style="color: var(--highlight-keyword)"&gt;-&amp;gt;&lt;/span&gt;&lt;span style="color: var(--highlight-default)"&gt;arguments&lt;/span&gt;&lt;span style="color: var(--highlight-keyword)"&gt;,&amp;nbsp;&lt;/span&gt;&lt;span style="color: var(--highlight-default)"&gt;$this&lt;/span&gt;&lt;span style="color: var(--highlight-keyword)"&gt;-&amp;gt;&lt;/span&gt;&lt;span style="color: var(--highlight-default)"&gt;warnings&lt;/span&gt;&lt;span style="color: var(--highlight-keyword)"&gt;,&amp;nbsp;&lt;/span&gt;&lt;span style="color: var(--highlight-default)"&gt;$exit&lt;/span&gt;&lt;span style="color: var(--highlight-keyword)"&gt;);&lt;/span&gt;&lt;/code&gt;&lt;/li&gt;
&lt;li&gt;&lt;code&gt;&lt;span style="color: var(--highlight-keyword)"&gt;&amp;nbsp;&amp;nbsp;&amp;nbsp;&amp;nbsp;&amp;nbsp;&amp;nbsp;&amp;nbsp;&amp;nbsp;}&amp;nbsp;catch&amp;nbsp;(&lt;/span&gt;&lt;span style="color: var(--highlight-default)"&gt;Throwable&amp;nbsp;$t&lt;/span&gt;&lt;span style="color: var(--highlight-keyword)"&gt;)&amp;nbsp;{&lt;/span&gt;&lt;/code&gt;&lt;/li&gt;
&lt;li&gt;&lt;code&gt;&lt;span style="color: var(--highlight-keyword)"&gt;&amp;nbsp;&amp;nbsp;&amp;nbsp;&amp;nbsp;&amp;nbsp;&amp;nbsp;&amp;nbsp;&amp;nbsp;&amp;nbsp;&amp;nbsp;&amp;nbsp;&amp;nbsp;print&amp;nbsp;&lt;/span&gt;&lt;span style="color: var(--highlight-default)"&gt;$t&lt;/span&gt;&lt;span style="color: var(--highlight-keyword)"&gt;-&amp;gt;&lt;/span&gt;&lt;span style="color: var(--highlight-default)"&gt;getMessage&lt;/span&gt;&lt;span style="color: var(--highlight-keyword)"&gt;()&amp;nbsp;.&amp;nbsp;&lt;/span&gt;&lt;span style="color: var(--highlight-default)"&gt;PHP_EOL&lt;/span&gt;&lt;span style="color: var(--highlight-keyword)"&gt;;&lt;/span&gt;&lt;/code&gt;&lt;/li&gt;
&lt;li&gt;&lt;code&gt;&lt;span style="color: var(--highlight-keyword)"&gt;&amp;nbsp;&amp;nbsp;&amp;nbsp;&amp;nbsp;&amp;nbsp;&amp;nbsp;&amp;nbsp;&amp;nbsp;}&lt;/span&gt;&lt;/code&gt;&lt;/li&gt;
&lt;li&gt;&lt;code&gt;&lt;span style="color: var(--highlight-keyword)"&gt;&lt;/span&gt;&lt;/code&gt;&lt;/li&gt;
&lt;li&gt;&lt;code&gt;&lt;span style="color: var(--highlight-keyword)"&gt;&amp;nbsp;&amp;nbsp;&amp;nbsp;&amp;nbsp;&amp;nbsp;&amp;nbsp;&amp;nbsp;&amp;nbsp;&lt;/span&gt;&lt;span style="color: var(--highlight-default)"&gt;$return&amp;nbsp;&lt;/span&gt;&lt;span style="color: var(--highlight-keyword)"&gt;=&amp;nbsp;&lt;/span&gt;&lt;span style="color: var(--highlight-default)"&gt;TestRunner&lt;/span&gt;&lt;span style="color: var(--highlight-keyword)"&gt;::&lt;/span&gt;&lt;span style="color: var(--highlight-default)"&gt;FAILURE_EXIT&lt;/span&gt;&lt;span style="color: var(--highlight-keyword)"&gt;;&lt;/span&gt;&lt;/code&gt;&lt;/li&gt;&lt;/ol&gt;    &lt;/div&gt;            &lt;/div&gt;
                        &lt;div class="trace-line "&gt;
                &lt;div class="trace-line-header break-long-words sf-toggle" data-toggle-selector="#trace-html-2-35" data-toggle-initial=""&gt;
            &lt;span class="icon icon-close"&gt;&lt;svg width="1792" height="1792" viewBox="0 0 1792 1792" xmlns="http://www.w3.org/2000/svg"&gt;&lt;path d="M1408 960V832q0-26-19-45t-45-19H448q-26 0-45 19t-19 45v128q0 26 19 45t45 19h896q26 0 45-19t19-45zm256-544v960q0 119-84.5 203.5T1376 1664H416q-119 0-203.5-84.5T128 1376V416q0-119 84.5-203.5T416 128h960q119 0 203.5 84.5T1664 416z"/&gt;&lt;/svg&gt;&lt;/span&gt;
        &lt;span class="icon icon-open"&gt;&lt;svg width="1792" height="1792" viewBox="0 0 1792 1792" xmlns="http://www.w3.org/2000/svg"&gt;&lt;path d="M1408 960V832q0-26-19-45t-45-19h-320V448q0-26-19-45t-45-19H832q-26 0-45 19t-19 45v320H448q-26 0-45 19t-19 45v128q0 26 19 45t45 19h320v320q0 26 19 45t45 19h128q26 0 45-19t19-45v-320h320q26 0 45-19t19-45zm256-544v960q0 119-84.5 203.5T1376 1664H416q-119 0-203.5-84.5T128 1376V416q0-119 84.5-203.5T416 128h960q119 0 203.5 84.5T1664 416z"/&gt;&lt;/svg&gt;&lt;/span&gt;
    
            &lt;span class="trace-class"&gt;&lt;abbr title="PHPUnit\TextUI\Command"&gt;Command&lt;/abbr&gt;&lt;/span&gt;&lt;span class="trace-type"&gt;-&gt;&lt;/span&gt;&lt;span class="trace-method"&gt;run&lt;/span&gt;&lt;span class="trace-arguments"&gt;()&lt;/span&gt;    
                    &lt;span class="block trace-file-path"&gt;
            in
            &lt;a href=""&gt;
                C:\Users\eman\Documents\GitHub\car_dealer\vendor\phpunit\phpunit\src\TextUI\&lt;strong&gt;Command.php&lt;/strong&gt;
            &lt;/a&gt;
                        (line 96)
            &lt;span class="icon icon-copy hidden" data-clipboard-text="C:\Users\eman\Documents\GitHub\car_dealer\vendor\phpunit\phpunit\src\TextUI\Command.php:96"&gt;
                &lt;svg xmlns="http://www.w3.org/2000/svg" height="24" viewBox="0 0 24 24" width="24"&gt;&lt;path d="M0 0h24v24H0z" fill="none"/&gt;&lt;path d="M16 1H4c-1.1 0-2 .9-2 2v14h2V3h12V1zm3 4H8c-1.1 0-2 .9-2 2v14c0 1.1.9 2 2 2h11c1.1 0 2-.9 2-2V7c0-1.1-.9-2-2-2zm0 16H8V7h11v14z"/&gt;&lt;/svg&gt;            &lt;/span&gt;
        &lt;/span&gt;
    &lt;/div&gt;
    &lt;div id="trace-html-2-35" class="trace-code sf-toggle-content"&gt;
        &lt;ol start="91"&gt;&lt;li&gt;&lt;code&gt;&lt;span style="color: var(--highlight-comment)"&gt;&amp;nbsp;&amp;nbsp;&amp;nbsp;&amp;nbsp;&amp;nbsp;*&amp;nbsp;@throws&amp;nbsp;Exception&lt;/span&gt;&lt;/code&gt;&lt;/li&gt;
&lt;li&gt;&lt;code&gt;&lt;span style="color: var(--highlight-comment)"&gt;&amp;nbsp;&amp;nbsp;&amp;nbsp;&amp;nbsp;&amp;nbsp;*/&lt;/span&gt;&lt;/code&gt;&lt;/li&gt;
&lt;li&gt;&lt;code&gt;&lt;span style="color: var(--highlight-comment)"&gt;&amp;nbsp;&amp;nbsp;&amp;nbsp;&amp;nbsp;&lt;/span&gt;&lt;span style="color: var(--highlight-keyword)"&gt;public&amp;nbsp;static&amp;nbsp;function&amp;nbsp;&lt;/span&gt;&lt;span style="color: var(--highlight-default)"&gt;main&lt;/span&gt;&lt;span style="color: var(--highlight-keyword)"&gt;(&lt;/span&gt;&lt;span style="color: var(--highlight-default)"&gt;bool&amp;nbsp;$exit&amp;nbsp;&lt;/span&gt;&lt;span style="color: var(--highlight-keyword)"&gt;=&amp;nbsp;&lt;/span&gt;&lt;span style="color: var(--highlight-default)"&gt;true&lt;/span&gt;&lt;span style="color: var(--highlight-keyword)"&gt;):&amp;nbsp;&lt;/span&gt;&lt;span style="color: var(--highlight-default)"&gt;int&lt;/span&gt;&lt;/code&gt;&lt;/li&gt;
&lt;li&gt;&lt;code&gt;&lt;span style="color: var(--highlight-default)"&gt;&amp;nbsp;&amp;nbsp;&amp;nbsp;&amp;nbsp;&lt;/span&gt;&lt;span style="color: var(--highlight-keyword)"&gt;{&lt;/span&gt;&lt;/code&gt;&lt;/li&gt;
&lt;li&gt;&lt;code&gt;&lt;span style="color: var(--highlight-keyword)"&gt;&amp;nbsp;&amp;nbsp;&amp;nbsp;&amp;nbsp;&amp;nbsp;&amp;nbsp;&amp;nbsp;&amp;nbsp;try&amp;nbsp;{&lt;/span&gt;&lt;/code&gt;&lt;/li&gt;
&lt;li class="selected"&gt;&lt;code&gt;&lt;span style="color: var(--highlight-keyword)"&gt;&amp;nbsp;&amp;nbsp;&amp;nbsp;&amp;nbsp;&amp;nbsp;&amp;nbsp;&amp;nbsp;&amp;nbsp;&amp;nbsp;&amp;nbsp;&amp;nbsp;&amp;nbsp;return&amp;nbsp;(new&amp;nbsp;static)-&amp;gt;&lt;/span&gt;&lt;span style="color: var(--highlight-default)"&gt;run&lt;/span&gt;&lt;span style="color: var(--highlight-keyword)"&gt;(&lt;/span&gt;&lt;span style="color: var(--highlight-default)"&gt;$_SERVER&lt;/span&gt;&lt;span style="color: var(--highlight-keyword)"&gt;[&lt;/span&gt;&lt;span style="color: var(--highlight-string)"&gt;'argv'&lt;/span&gt;&lt;span style="color: var(--highlight-keyword)"&gt;],&amp;nbsp;&lt;/span&gt;&lt;span style="color: var(--highlight-default)"&gt;$exit&lt;/span&gt;&lt;span style="color: var(--highlight-keyword)"&gt;);&lt;/span&gt;&lt;/code&gt;&lt;/li&gt;
&lt;li&gt;&lt;code&gt;&lt;span style="color: var(--highlight-keyword)"&gt;&amp;nbsp;&amp;nbsp;&amp;nbsp;&amp;nbsp;&amp;nbsp;&amp;nbsp;&amp;nbsp;&amp;nbsp;}&amp;nbsp;catch&amp;nbsp;(&lt;/span&gt;&lt;span style="color: var(--highlight-default)"&gt;Throwable&amp;nbsp;$t&lt;/span&gt;&lt;span style="color: var(--highlight-keyword)"&gt;)&amp;nbsp;{&lt;/span&gt;&lt;/code&gt;&lt;/li&gt;
&lt;li&gt;&lt;code&gt;&lt;span style="color: var(--highlight-keyword)"&gt;&amp;nbsp;&amp;nbsp;&amp;nbsp;&amp;nbsp;&amp;nbsp;&amp;nbsp;&amp;nbsp;&amp;nbsp;&amp;nbsp;&amp;nbsp;&amp;nbsp;&amp;nbsp;throw&amp;nbsp;new&amp;nbsp;&lt;/span&gt;&lt;span style="color: var(--highlight-default)"&gt;RuntimeException&lt;/span&gt;&lt;span style="color: var(--highlight-keyword)"&gt;(&lt;/span&gt;&lt;/code&gt;&lt;/li&gt;
&lt;li&gt;&lt;code&gt;&lt;span style="color: var(--highlight-keyword)"&gt;&amp;nbsp;&amp;nbsp;&amp;nbsp;&amp;nbsp;&amp;nbsp;&amp;nbsp;&amp;nbsp;&amp;nbsp;&amp;nbsp;&amp;nbsp;&amp;nbsp;&amp;nbsp;&amp;nbsp;&amp;nbsp;&amp;nbsp;&amp;nbsp;&lt;/span&gt;&lt;span style="color: var(--highlight-default)"&gt;$t&lt;/span&gt;&lt;span style="color: var(--highlight-keyword)"&gt;-&amp;gt;&lt;/span&gt;&lt;span style="color: var(--highlight-default)"&gt;getMessage&lt;/span&gt;&lt;span style="color: var(--highlight-keyword)"&gt;(),&lt;/span&gt;&lt;/code&gt;&lt;/li&gt;
&lt;li&gt;&lt;code&gt;&lt;span style="color: var(--highlight-keyword)"&gt;&amp;nbsp;&amp;nbsp;&amp;nbsp;&amp;nbsp;&amp;nbsp;&amp;nbsp;&amp;nbsp;&amp;nbsp;&amp;nbsp;&amp;nbsp;&amp;nbsp;&amp;nbsp;&amp;nbsp;&amp;nbsp;&amp;nbsp;&amp;nbsp;(int)&amp;nbsp;&lt;/span&gt;&lt;span style="color: var(--highlight-default)"&gt;$t&lt;/span&gt;&lt;span style="color: var(--highlight-keyword)"&gt;-&amp;gt;&lt;/span&gt;&lt;span style="color: var(--highlight-default)"&gt;getCode&lt;/span&gt;&lt;span style="color: var(--highlight-keyword)"&gt;(),&lt;/span&gt;&lt;/code&gt;&lt;/li&gt;
&lt;li&gt;&lt;code&gt;&lt;span style="color: var(--highlight-keyword)"&gt;&amp;nbsp;&amp;nbsp;&amp;nbsp;&amp;nbsp;&amp;nbsp;&amp;nbsp;&amp;nbsp;&amp;nbsp;&amp;nbsp;&amp;nbsp;&amp;nbsp;&amp;nbsp;&amp;nbsp;&amp;nbsp;&amp;nbsp;&amp;nbsp;&lt;/span&gt;&lt;span style="color: var(--highlight-default)"&gt;$t&lt;/span&gt;&lt;/code&gt;&lt;/li&gt;&lt;/ol&gt;    &lt;/div&gt;            &lt;/div&gt;
                        &lt;div class="trace-line "&gt;
                &lt;div class="trace-line-header break-long-words sf-toggle" data-toggle-selector="#trace-html-2-36" data-toggle-initial=""&gt;
            &lt;span class="icon icon-close"&gt;&lt;svg width="1792" height="1792" viewBox="0 0 1792 1792" xmlns="http://www.w3.org/2000/svg"&gt;&lt;path d="M1408 960V832q0-26-19-45t-45-19H448q-26 0-45 19t-19 45v128q0 26 19 45t45 19h896q26 0 45-19t19-45zm256-544v960q0 119-84.5 203.5T1376 1664H416q-119 0-203.5-84.5T128 1376V416q0-119 84.5-203.5T416 128h960q119 0 203.5 84.5T1664 416z"/&gt;&lt;/svg&gt;&lt;/span&gt;
        &lt;span class="icon icon-open"&gt;&lt;svg width="1792" height="1792" viewBox="0 0 1792 1792" xmlns="http://www.w3.org/2000/svg"&gt;&lt;path d="M1408 960V832q0-26-19-45t-45-19h-320V448q0-26-19-45t-45-19H832q-26 0-45 19t-19 45v320H448q-26 0-45 19t-19 45v128q0 26 19 45t45 19h320v320q0 26 19 45t45 19h128q26 0 45-19t19-45v-320h320q26 0 45-19t19-45zm256-544v960q0 119-84.5 203.5T1376 1664H416q-119 0-203.5-84.5T128 1376V416q0-119 84.5-203.5T416 128h960q119 0 203.5 84.5T1664 416z"/&gt;&lt;/svg&gt;&lt;/span&gt;
    
            &lt;span class="trace-class"&gt;&lt;abbr title="PHPUnit\TextUI\Command"&gt;Command&lt;/abbr&gt;&lt;/span&gt;&lt;span class="trace-type"&gt;::&lt;/span&gt;&lt;span class="trace-method"&gt;main&lt;/span&gt;&lt;span class="trace-arguments"&gt;()&lt;/span&gt;    
                    &lt;span class="block trace-file-path"&gt;
            in
            &lt;a href=""&gt;
                C:\Users\eman\Documents\GitHub\car_dealer\bin\&lt;strong&gt;phpunit&lt;/strong&gt;
            &lt;/a&gt;
                        (line 11)
            &lt;span class="icon icon-copy hidden" data-clipboard-text="C:\Users\eman\Documents\GitHub\car_dealer\bin\phpunit:11"&gt;
                &lt;svg xmlns="http://www.w3.org/2000/svg" height="24" viewBox="0 0 24 24" width="24"&gt;&lt;path d="M0 0h24v24H0z" fill="none"/&gt;&lt;path d="M16 1H4c-1.1 0-2 .9-2 2v14h2V3h12V1zm3 4H8c-1.1 0-2 .9-2 2v14c0 1.1.9 2 2 2h11c1.1 0 2-.9 2-2V7c0-1.1-.9-2-2-2zm0 16H8V7h11v14z"/&gt;&lt;/svg&gt;            &lt;/span&gt;
        &lt;/span&gt;
    &lt;/div&gt;
    &lt;div id="trace-html-2-36" class="trace-code sf-toggle-content"&gt;
        &lt;ol start="6"&gt;&lt;li&gt;&lt;code&gt;&lt;span style="color: var(--highlight-keyword)"&gt;&lt;/span&gt;&lt;/code&gt;&lt;/li&gt;
&lt;li&gt;&lt;code&gt;&lt;span style="color: var(--highlight-keyword)"&gt;if&amp;nbsp;(&lt;/span&gt;&lt;span style="color: var(--highlight-default)"&gt;is_file&lt;/span&gt;&lt;span style="color: var(--highlight-keyword)"&gt;(&lt;/span&gt;&lt;span style="color: var(--highlight-default)"&gt;dirname&lt;/span&gt;&lt;span style="color: var(--highlight-keyword)"&gt;(&lt;/span&gt;&lt;span style="color: var(--highlight-default)"&gt;__DIR__&lt;/span&gt;&lt;span style="color: var(--highlight-keyword)"&gt;).&lt;/span&gt;&lt;span style="color: var(--highlight-string)"&gt;'/vendor/phpunit/phpunit/phpunit'&lt;/span&gt;&lt;span style="color: var(--highlight-keyword)"&gt;))&amp;nbsp;{&lt;/span&gt;&lt;/code&gt;&lt;/li&gt;
&lt;li&gt;&lt;code&gt;&lt;span style="color: var(--highlight-keyword)"&gt;&amp;nbsp;&amp;nbsp;&amp;nbsp;&amp;nbsp;&lt;/span&gt;&lt;span style="color: var(--highlight-default)"&gt;define&lt;/span&gt;&lt;span style="color: var(--highlight-keyword)"&gt;(&lt;/span&gt;&lt;span style="color: var(--highlight-string)"&gt;'PHPUNIT_COMPOSER_INSTALL'&lt;/span&gt;&lt;span style="color: var(--highlight-keyword)"&gt;,&amp;nbsp;&lt;/span&gt;&lt;span style="color: var(--highlight-default)"&gt;dirname&lt;/span&gt;&lt;span style="color: var(--highlight-keyword)"&gt;(&lt;/span&gt;&lt;span style="color: var(--highlight-default)"&gt;__DIR__&lt;/span&gt;&lt;span style="color: var(--highlight-keyword)"&gt;).&lt;/span&gt;&lt;span style="color: var(--highlight-string)"&gt;'/vendor/autoload.php'&lt;/span&gt;&lt;span style="color: var(--highlight-keyword)"&gt;);&lt;/span&gt;&lt;/code&gt;&lt;/li&gt;
&lt;li&gt;&lt;code&gt;&lt;span style="color: var(--highlight-keyword)"&gt;&amp;nbsp;&amp;nbsp;&amp;nbsp;&amp;nbsp;require&amp;nbsp;&lt;/span&gt;&lt;span style="color: var(--highlight-default)"&gt;PHPUNIT_COMPOSER_INSTALL&lt;/span&gt;&lt;span style="color: var(--highlight-keyword)"&gt;;&lt;/span&gt;&lt;/code&gt;&lt;/li&gt;
&lt;li&gt;&lt;code&gt;&lt;span style="color: var(--highlight-keyword)"&gt;&amp;nbsp;&amp;nbsp;&amp;nbsp;&amp;nbsp;&lt;/span&gt;&lt;span style="color: var(--highlight-default)"&gt;PHPUnit\TextUI\Command&lt;/span&gt;&lt;span style="color: var(--highlight-keyword)"&gt;::&lt;/span&gt;&lt;span style="color: var(--highlight-default)"&gt;main&lt;/span&gt;&lt;span style="color: var(--highlight-keyword)"&gt;();&lt;/span&gt;&lt;/code&gt;&lt;/li&gt;
&lt;li class="selected"&gt;&lt;code&gt;&lt;span style="color: var(--highlight-keyword)"&gt;}&amp;nbsp;else&amp;nbsp;{&lt;/span&gt;&lt;/code&gt;&lt;/li&gt;
&lt;li&gt;&lt;code&gt;&lt;span style="color: var(--highlight-keyword)"&gt;&amp;nbsp;&amp;nbsp;&amp;nbsp;&amp;nbsp;if&amp;nbsp;(!&lt;/span&gt;&lt;span style="color: var(--highlight-default)"&gt;is_file&lt;/span&gt;&lt;span style="color: var(--highlight-keyword)"&gt;(&lt;/span&gt;&lt;span style="color: var(--highlight-default)"&gt;dirname&lt;/span&gt;&lt;span style="color: var(--highlight-keyword)"&gt;(&lt;/span&gt;&lt;span style="color: var(--highlight-default)"&gt;__DIR__&lt;/span&gt;&lt;span style="color: var(--highlight-keyword)"&gt;).&lt;/span&gt;&lt;span style="color: var(--highlight-string)"&gt;'/vendor/symfony/phpunit-bridge/bin/simple-phpunit.php'&lt;/span&gt;&lt;span style="color: var(--highlight-keyword)"&gt;))&amp;nbsp;{&lt;/span&gt;&lt;/code&gt;&lt;/li&gt;
&lt;li&gt;&lt;code&gt;&lt;span style="color: var(--highlight-keyword)"&gt;&amp;nbsp;&amp;nbsp;&amp;nbsp;&amp;nbsp;&amp;nbsp;&amp;nbsp;&amp;nbsp;&amp;nbsp;echo&amp;nbsp;&lt;/span&gt;&lt;span style="color: var(--highlight-string)"&gt;"Unable&amp;nbsp;to&amp;nbsp;find&amp;nbsp;the&amp;nbsp;`simple-phpunit.php`&amp;nbsp;script&amp;nbsp;in&amp;nbsp;`vendor/symfony/phpunit-bridge/bin/`.\n"&lt;/span&gt;&lt;span style="color: var(--highlight-keyword)"&gt;;&lt;/span&gt;&lt;/code&gt;&lt;/li&gt;
&lt;li&gt;&lt;code&gt;&lt;span style="color: var(--highlight-keyword)"&gt;&amp;nbsp;&amp;nbsp;&amp;nbsp;&amp;nbsp;&amp;nbsp;&amp;nbsp;&amp;nbsp;&amp;nbsp;exit(&lt;/span&gt;&lt;span style="color: var(--highlight-default)"&gt;1&lt;/span&gt;&lt;span style="color: var(--highlight-keyword)"&gt;);&lt;/span&gt;&lt;/code&gt;&lt;/li&gt;
&lt;li&gt;&lt;code&gt;&lt;span style="color: var(--highlight-keyword)"&gt;&amp;nbsp;&amp;nbsp;&amp;nbsp;&amp;nbsp;}&lt;/span&gt;&lt;/code&gt;&lt;/li&gt;
&lt;li&gt;&lt;code&gt;&lt;span style="color: var(--highlight-keyword)"&gt;&lt;/span&gt;&lt;/code&gt;&lt;/li&gt;&lt;/ol&gt;    &lt;/div&gt;            &lt;/div&gt;
                    &lt;/div&gt;
    &lt;/div&gt;
&lt;/div&gt;&lt;div class="trace trace-as-html" id="trace-box-3"&gt;
    &lt;div class="trace-details"&gt;
        &lt;div class="trace-head"&gt;
            &lt;div class="sf-toggle" data-toggle-selector="#trace-html-3" data-toggle-initial=""&gt;
                &lt;span class="icon icon-close"&gt;&lt;svg width="1792" height="1792" viewBox="0 0 1792 1792" xmlns="http://www.w3.org/2000/svg"&gt;&lt;path d="M1344 800v64q0 14-9 23t-23 9H480q-14 0-23-9t-9-23v-64q0-14 9-23t23-9h832q14 0 23 9t9 23zm128 448V416q0-66-47-113t-113-47H480q-66 0-113 47t-47 113v832q0 66 47 113t113 47h832q66 0 113-47t47-113zm128-832v832q0 119-84.5 203.5T1312 1536H480q-119 0-203.5-84.5T192 1248V416q0-119 84.5-203.5T480 128h832q119 0 203.5 84.5T1600 416z"/&gt;&lt;/svg&gt;&lt;/span&gt;
                &lt;span class="icon icon-open"&gt;&lt;svg width="1792" height="1792" viewBox="0 0 1792 1792" xmlns="http://www.w3.org/2000/svg"&gt;&lt;path d="M1344 800v64q0 14-9 23t-23 9H960v352q0 14-9 23t-23 9h-64q-14 0-23-9t-9-23V896H480q-14 0-23-9t-9-23v-64q0-14 9-23t23-9h352V416q0-14 9-23t23-9h64q14 0 23 9t9 23v352h352q14 0 23 9t9 23zm128 448V416q0-66-47-113t-113-47H480q-66 0-113 47t-47 113v832q0 66 47 113t113 47h832q66 0 113-47t47-113zm128-832v832q0 119-84.5 203.5T1312 1536H480q-119 0-203.5-84.5T192 1248V416q0-119 84.5-203.5T480 128h832q119 0 203.5 84.5T1600 416z"/&gt;&lt;/svg&gt;&lt;/span&gt;
                                                    &lt;h3 class="trace-class"&gt;
                                                PDOException                    &lt;/h3&gt;
                                                    &lt;p class="break-long-words trace-message"&gt;SQLSTATE[HY000] [1049] Unknown database 'crud04_test'&lt;/p&gt;
                            &lt;/div&gt;
        &lt;/div&gt;

        &lt;div id="trace-html-3" class="sf-toggle-content"&gt;
                    &lt;div class="trace-line "&gt;
                &lt;div class="trace-line-header break-long-words sf-toggle" data-toggle-selector="#trace-html-3-0" data-toggle-initial="display"&gt;
            &lt;span class="icon icon-close"&gt;&lt;svg width="1792" height="1792" viewBox="0 0 1792 1792" xmlns="http://www.w3.org/2000/svg"&gt;&lt;path d="M1408 960V832q0-26-19-45t-45-19H448q-26 0-45 19t-19 45v128q0 26 19 45t45 19h896q26 0 45-19t19-45zm256-544v960q0 119-84.5 203.5T1376 1664H416q-119 0-203.5-84.5T128 1376V416q0-119 84.5-203.5T416 128h960q119 0 203.5 84.5T1664 416z"/&gt;&lt;/svg&gt;&lt;/span&gt;
        &lt;span class="icon icon-open"&gt;&lt;svg width="1792" height="1792" viewBox="0 0 1792 1792" xmlns="http://www.w3.org/2000/svg"&gt;&lt;path d="M1408 960V832q0-26-19-45t-45-19h-320V448q0-26-19-45t-45-19H832q-26 0-45 19t-19 45v320H448q-26 0-45 19t-19 45v128q0 26 19 45t45 19h320v320q0 26 19 45t45 19h128q26 0 45-19t19-45v-320h320q26 0 45-19t19-45zm256-544v960q0 119-84.5 203.5T1376 1664H416q-119 0-203.5-84.5T128 1376V416q0-119 84.5-203.5T416 128h960q119 0 203.5 84.5T1664 416z"/&gt;&lt;/svg&gt;&lt;/span&gt;
    
    
                    &lt;span class="block trace-file-path"&gt;
            in
            &lt;a href=""&gt;
                C:\Users\eman\Documents\GitHub\car_dealer\vendor\doctrine\dbal\src\Driver\PDO\MySQL\&lt;strong&gt;Driver.php&lt;/strong&gt;
            &lt;/a&gt;
                        (line 28)
            &lt;span class="icon icon-copy hidden" data-clipboard-text="C:\Users\eman\Documents\GitHub\car_dealer\vendor\doctrine\dbal\src\Driver\PDO\MySQL\Driver.php:28"&gt;
                &lt;svg xmlns="http://www.w3.org/2000/svg" height="24" viewBox="0 0 24 24" width="24"&gt;&lt;path d="M0 0h24v24H0z" fill="none"/&gt;&lt;path d="M16 1H4c-1.1 0-2 .9-2 2v14h2V3h12V1zm3 4H8c-1.1 0-2 .9-2 2v14c0 1.1.9 2 2 2h11c1.1 0 2-.9 2-2V7c0-1.1-.9-2-2-2zm0 16H8V7h11v14z"/&gt;&lt;/svg&gt;            &lt;/span&gt;
        &lt;/span&gt;
    &lt;/div&gt;
    &lt;div id="trace-html-3-0" class="trace-code sf-toggle-content"&gt;
        &lt;ol start="23"&gt;&lt;li&gt;&lt;code&gt;&lt;span style="color: var(--highlight-keyword)"&gt;&amp;nbsp;&amp;nbsp;&amp;nbsp;&amp;nbsp;&amp;nbsp;&amp;nbsp;&amp;nbsp;&amp;nbsp;&amp;nbsp;&amp;nbsp;&amp;nbsp;&amp;nbsp;&lt;/span&gt;&lt;span style="color: var(--highlight-default)"&gt;$driverOptions&lt;/span&gt;&lt;span style="color: var(--highlight-keyword)"&gt;[&lt;/span&gt;&lt;span style="color: var(--highlight-default)"&gt;PDO&lt;/span&gt;&lt;span style="color: var(--highlight-keyword)"&gt;::&lt;/span&gt;&lt;span style="color: var(--highlight-default)"&gt;ATTR_PERSISTENT&lt;/span&gt;&lt;span style="color: var(--highlight-keyword)"&gt;]&amp;nbsp;=&amp;nbsp;&lt;/span&gt;&lt;span style="color: var(--highlight-default)"&gt;true&lt;/span&gt;&lt;span style="color: var(--highlight-keyword)"&gt;;&lt;/span&gt;&lt;/code&gt;&lt;/li&gt;
&lt;li&gt;&lt;code&gt;&lt;span style="color: var(--highlight-keyword)"&gt;&amp;nbsp;&amp;nbsp;&amp;nbsp;&amp;nbsp;&amp;nbsp;&amp;nbsp;&amp;nbsp;&amp;nbsp;}&lt;/span&gt;&lt;/code&gt;&lt;/li&gt;
&lt;li&gt;&lt;code&gt;&lt;span style="color: var(--highlight-keyword)"&gt;&lt;/span&gt;&lt;/code&gt;&lt;/li&gt;
&lt;li&gt;&lt;code&gt;&lt;span style="color: var(--highlight-keyword)"&gt;&amp;nbsp;&amp;nbsp;&amp;nbsp;&amp;nbsp;&amp;nbsp;&amp;nbsp;&amp;nbsp;&amp;nbsp;try&amp;nbsp;{&lt;/span&gt;&lt;/code&gt;&lt;/li&gt;
&lt;li&gt;&lt;code&gt;&lt;span style="color: var(--highlight-keyword)"&gt;&amp;nbsp;&amp;nbsp;&amp;nbsp;&amp;nbsp;&amp;nbsp;&amp;nbsp;&amp;nbsp;&amp;nbsp;&amp;nbsp;&amp;nbsp;&amp;nbsp;&amp;nbsp;&lt;/span&gt;&lt;span style="color: var(--highlight-default)"&gt;$pdo&amp;nbsp;&lt;/span&gt;&lt;span style="color: var(--highlight-keyword)"&gt;=&amp;nbsp;new&amp;nbsp;&lt;/span&gt;&lt;span style="color: var(--highlight-default)"&gt;PDO&lt;/span&gt;&lt;span style="color: var(--highlight-keyword)"&gt;(&lt;/span&gt;&lt;/code&gt;&lt;/li&gt;
&lt;li class="selected"&gt;&lt;code&gt;&lt;span style="color: var(--highlight-keyword)"&gt;&amp;nbsp;&amp;nbsp;&amp;nbsp;&amp;nbsp;&amp;nbsp;&amp;nbsp;&amp;nbsp;&amp;nbsp;&amp;nbsp;&amp;nbsp;&amp;nbsp;&amp;nbsp;&amp;nbsp;&amp;nbsp;&amp;nbsp;&amp;nbsp;&lt;/span&gt;&lt;span style="color: var(--highlight-default)"&gt;$this&lt;/span&gt;&lt;span style="color: var(--highlight-keyword)"&gt;-&amp;gt;&lt;/span&gt;&lt;span style="color: var(--highlight-default)"&gt;constructPdoDsn&lt;/span&gt;&lt;span style="color: var(--highlight-keyword)"&gt;(&lt;/span&gt;&lt;span style="color: var(--highlight-default)"&gt;$params&lt;/span&gt;&lt;span style="color: var(--highlight-keyword)"&gt;),&lt;/span&gt;&lt;/code&gt;&lt;/li&gt;
&lt;li&gt;&lt;code&gt;&lt;span style="color: var(--highlight-keyword)"&gt;&amp;nbsp;&amp;nbsp;&amp;nbsp;&amp;nbsp;&amp;nbsp;&amp;nbsp;&amp;nbsp;&amp;nbsp;&amp;nbsp;&amp;nbsp;&amp;nbsp;&amp;nbsp;&amp;nbsp;&amp;nbsp;&amp;nbsp;&amp;nbsp;&lt;/span&gt;&lt;span style="color: var(--highlight-default)"&gt;$params&lt;/span&gt;&lt;span style="color: var(--highlight-keyword)"&gt;[&lt;/span&gt;&lt;span style="color: var(--highlight-string)"&gt;'user'&lt;/span&gt;&lt;span style="color: var(--highlight-keyword)"&gt;]&amp;nbsp;??&amp;nbsp;&lt;/span&gt;&lt;span style="color: var(--highlight-string)"&gt;''&lt;/span&gt;&lt;span style="color: var(--highlight-keyword)"&gt;,&lt;/span&gt;&lt;/code&gt;&lt;/li&gt;
&lt;li&gt;&lt;code&gt;&lt;span style="color: var(--highlight-keyword)"&gt;&amp;nbsp;&amp;nbsp;&amp;nbsp;&amp;nbsp;&amp;nbsp;&amp;nbsp;&amp;nbsp;&amp;nbsp;&amp;nbsp;&amp;nbsp;&amp;nbsp;&amp;nbsp;&amp;nbsp;&amp;nbsp;&amp;nbsp;&amp;nbsp;&lt;/span&gt;&lt;span style="color: var(--highlight-default)"&gt;$params&lt;/span&gt;&lt;span style="color: var(--highlight-keyword)"&gt;[&lt;/span&gt;&lt;span style="color: var(--highlight-string)"&gt;'password'&lt;/span&gt;&lt;span style="color: var(--highlight-keyword)"&gt;]&amp;nbsp;??&amp;nbsp;&lt;/span&gt;&lt;span style="color: var(--highlight-string)"&gt;''&lt;/span&gt;&lt;span style="color: var(--highlight-keyword)"&gt;,&lt;/span&gt;&lt;/code&gt;&lt;/li&gt;
&lt;li&gt;&lt;code&gt;&lt;span style="color: var(--highlight-keyword)"&gt;&amp;nbsp;&amp;nbsp;&amp;nbsp;&amp;nbsp;&amp;nbsp;&amp;nbsp;&amp;nbsp;&amp;nbsp;&amp;nbsp;&amp;nbsp;&amp;nbsp;&amp;nbsp;&amp;nbsp;&amp;nbsp;&amp;nbsp;&amp;nbsp;&lt;/span&gt;&lt;span style="color: var(--highlight-default)"&gt;$driverOptions&lt;/span&gt;&lt;/code&gt;&lt;/li&gt;
&lt;li&gt;&lt;code&gt;&lt;span style="color: var(--highlight-default)"&gt;&amp;nbsp;&amp;nbsp;&amp;nbsp;&amp;nbsp;&amp;nbsp;&amp;nbsp;&amp;nbsp;&amp;nbsp;&amp;nbsp;&amp;nbsp;&amp;nbsp;&amp;nbsp;&lt;/span&gt;&lt;span style="color: var(--highlight-keyword)"&gt;);&lt;/span&gt;&lt;/code&gt;&lt;/li&gt;
&lt;li&gt;&lt;code&gt;&lt;span style="color: var(--highlight-keyword)"&gt;&amp;nbsp;&amp;nbsp;&amp;nbsp;&amp;nbsp;&amp;nbsp;&amp;nbsp;&amp;nbsp;&amp;nbsp;}&amp;nbsp;catch&amp;nbsp;(&lt;/span&gt;&lt;span style="color: var(--highlight-default)"&gt;PDOException&amp;nbsp;$exception&lt;/span&gt;&lt;span style="color: var(--highlight-keyword)"&gt;)&amp;nbsp;{&lt;/span&gt;&lt;/code&gt;&lt;/li&gt;&lt;/ol&gt;    &lt;/div&gt;            &lt;/div&gt;
                        &lt;div class="trace-line "&gt;
                &lt;div class="trace-line-header break-long-words sf-toggle" data-toggle-selector="#trace-html-3-1" data-toggle-initial=""&gt;
            &lt;span class="icon icon-close"&gt;&lt;svg width="1792" height="1792" viewBox="0 0 1792 1792" xmlns="http://www.w3.org/2000/svg"&gt;&lt;path d="M1408 960V832q0-26-19-45t-45-19H448q-26 0-45 19t-19 45v128q0 26 19 45t45 19h896q26 0 45-19t19-45zm256-544v960q0 119-84.5 203.5T1376 1664H416q-119 0-203.5-84.5T128 1376V416q0-119 84.5-203.5T416 128h960q119 0 203.5 84.5T1664 416z"/&gt;&lt;/svg&gt;&lt;/span&gt;
        &lt;span class="icon icon-open"&gt;&lt;svg width="1792" height="1792" viewBox="0 0 1792 1792" xmlns="http://www.w3.org/2000/svg"&gt;&lt;path d="M1408 960V832q0-26-19-45t-45-19h-320V448q0-26-19-45t-45-19H832q-26 0-45 19t-19 45v320H448q-26 0-45 19t-19 45v128q0 26 19 45t45 19h320v320q0 26 19 45t45 19h128q26 0 45-19t19-45v-320h320q26 0 45-19t19-45zm256-544v960q0 119-84.5 203.5T1376 1664H416q-119 0-203.5-84.5T128 1376V416q0-119 84.5-203.5T416 128h960q119 0 203.5 84.5T1664 416z"/&gt;&lt;/svg&gt;&lt;/span&gt;
    
            &lt;span class="trace-class"&gt;&lt;abbr title="PDO"&gt;PDO&lt;/abbr&gt;&lt;/span&gt;&lt;span class="trace-type"&gt;-&gt;&lt;/span&gt;&lt;span class="trace-method"&gt;__construct&lt;/span&gt;&lt;span class="trace-arguments"&gt;()&lt;/span&gt;    
                    &lt;span class="block trace-file-path"&gt;
            in
            &lt;a href=""&gt;
                C:\Users\eman\Documents\GitHub\car_dealer\vendor\doctrine\dbal\src\Driver\PDO\MySQL\&lt;strong&gt;Driver.php&lt;/strong&gt;
            &lt;/a&gt;
                        (line 28)
            &lt;span class="icon icon-copy hidden" data-clipboard-text="C:\Users\eman\Documents\GitHub\car_dealer\vendor\doctrine\dbal\src\Driver\PDO\MySQL\Driver.php:28"&gt;
                &lt;svg xmlns="http://www.w3.org/2000/svg" height="24" viewBox="0 0 24 24" width="24"&gt;&lt;path d="M0 0h24v24H0z" fill="none"/&gt;&lt;path d="M16 1H4c-1.1 0-2 .9-2 2v14h2V3h12V1zm3 4H8c-1.1 0-2 .9-2 2v14c0 1.1.9 2 2 2h11c1.1 0 2-.9 2-2V7c0-1.1-.9-2-2-2zm0 16H8V7h11v14z"/&gt;&lt;/svg&gt;            &lt;/span&gt;
        &lt;/span&gt;
    &lt;/div&gt;
    &lt;div id="trace-html-3-1" class="trace-code sf-toggle-content"&gt;
        &lt;ol start="23"&gt;&lt;li&gt;&lt;code&gt;&lt;span style="color: var(--highlight-keyword)"&gt;&amp;nbsp;&amp;nbsp;&amp;nbsp;&amp;nbsp;&amp;nbsp;&amp;nbsp;&amp;nbsp;&amp;nbsp;&amp;nbsp;&amp;nbsp;&amp;nbsp;&amp;nbsp;&lt;/span&gt;&lt;span style="color: var(--highlight-default)"&gt;$driverOptions&lt;/span&gt;&lt;span style="color: var(--highlight-keyword)"&gt;[&lt;/span&gt;&lt;span style="color: var(--highlight-default)"&gt;PDO&lt;/span&gt;&lt;span style="color: var(--highlight-keyword)"&gt;::&lt;/span&gt;&lt;span style="color: var(--highlight-default)"&gt;ATTR_PERSISTENT&lt;/span&gt;&lt;span style="color: var(--highlight-keyword)"&gt;]&amp;nbsp;=&amp;nbsp;&lt;/span&gt;&lt;span style="color: var(--highlight-default)"&gt;true&lt;/span&gt;&lt;span style="color: var(--highlight-keyword)"&gt;;&lt;/span&gt;&lt;/code&gt;&lt;/li&gt;
&lt;li&gt;&lt;code&gt;&lt;span style="color: var(--highlight-keyword)"&gt;&amp;nbsp;&amp;nbsp;&amp;nbsp;&amp;nbsp;&amp;nbsp;&amp;nbsp;&amp;nbsp;&amp;nbsp;}&lt;/span&gt;&lt;/code&gt;&lt;/li&gt;
&lt;li&gt;&lt;code&gt;&lt;span style="color: var(--highlight-keyword)"&gt;&lt;/span&gt;&lt;/code&gt;&lt;/li&gt;
&lt;li&gt;&lt;code&gt;&lt;span style="color: var(--highlight-keyword)"&gt;&amp;nbsp;&amp;nbsp;&amp;nbsp;&amp;nbsp;&amp;nbsp;&amp;nbsp;&amp;nbsp;&amp;nbsp;try&amp;nbsp;{&lt;/span&gt;&lt;/code&gt;&lt;/li&gt;
&lt;li&gt;&lt;code&gt;&lt;span style="color: var(--highlight-keyword)"&gt;&amp;nbsp;&amp;nbsp;&amp;nbsp;&amp;nbsp;&amp;nbsp;&amp;nbsp;&amp;nbsp;&amp;nbsp;&amp;nbsp;&amp;nbsp;&amp;nbsp;&amp;nbsp;&lt;/span&gt;&lt;span style="color: var(--highlight-default)"&gt;$pdo&amp;nbsp;&lt;/span&gt;&lt;span style="color: var(--highlight-keyword)"&gt;=&amp;nbsp;new&amp;nbsp;&lt;/span&gt;&lt;span style="color: var(--highlight-default)"&gt;PDO&lt;/span&gt;&lt;span style="color: var(--highlight-keyword)"&gt;(&lt;/span&gt;&lt;/code&gt;&lt;/li&gt;
&lt;li class="selected"&gt;&lt;code&gt;&lt;span style="color: var(--highlight-keyword)"&gt;&amp;nbsp;&amp;nbsp;&amp;nbsp;&amp;nbsp;&amp;nbsp;&amp;nbsp;&amp;nbsp;&amp;nbsp;&amp;nbsp;&amp;nbsp;&amp;nbsp;&amp;nbsp;&amp;nbsp;&amp;nbsp;&amp;nbsp;&amp;nbsp;&lt;/span&gt;&lt;span style="color: var(--highlight-default)"&gt;$this&lt;/span&gt;&lt;span style="color: var(--highlight-keyword)"&gt;-&amp;gt;&lt;/span&gt;&lt;span style="color: var(--highlight-default)"&gt;constructPdoDsn&lt;/span&gt;&lt;span style="color: var(--highlight-keyword)"&gt;(&lt;/span&gt;&lt;span style="color: var(--highlight-default)"&gt;$params&lt;/span&gt;&lt;span style="color: var(--highlight-keyword)"&gt;),&lt;/span&gt;&lt;/code&gt;&lt;/li&gt;
&lt;li&gt;&lt;code&gt;&lt;span style="color: var(--highlight-keyword)"&gt;&amp;nbsp;&amp;nbsp;&amp;nbsp;&amp;nbsp;&amp;nbsp;&amp;nbsp;&amp;nbsp;&amp;nbsp;&amp;nbsp;&amp;nbsp;&amp;nbsp;&amp;nbsp;&amp;nbsp;&amp;nbsp;&amp;nbsp;&amp;nbsp;&lt;/span&gt;&lt;span style="color: var(--highlight-default)"&gt;$params&lt;/span&gt;&lt;span style="color: var(--highlight-keyword)"&gt;[&lt;/span&gt;&lt;span style="color: var(--highlight-string)"&gt;'user'&lt;/span&gt;&lt;span style="color: var(--highlight-keyword)"&gt;]&amp;nbsp;??&amp;nbsp;&lt;/span&gt;&lt;span style="color: var(--highlight-string)"&gt;''&lt;/span&gt;&lt;span style="color: var(--highlight-keyword)"&gt;,&lt;/span&gt;&lt;/code&gt;&lt;/li&gt;
&lt;li&gt;&lt;code&gt;&lt;span style="color: var(--highlight-keyword)"&gt;&amp;nbsp;&amp;nbsp;&amp;nbsp;&amp;nbsp;&amp;nbsp;&amp;nbsp;&amp;nbsp;&amp;nbsp;&amp;nbsp;&amp;nbsp;&amp;nbsp;&amp;nbsp;&amp;nbsp;&amp;nbsp;&amp;nbsp;&amp;nbsp;&lt;/span&gt;&lt;span style="color: var(--highlight-default)"&gt;$params&lt;/span&gt;&lt;span style="color: var(--highlight-keyword)"&gt;[&lt;/span&gt;&lt;span style="color: var(--highlight-string)"&gt;'password'&lt;/span&gt;&lt;span style="color: var(--highlight-keyword)"&gt;]&amp;nbsp;??&amp;nbsp;&lt;/span&gt;&lt;span style="color: var(--highlight-string)"&gt;''&lt;/span&gt;&lt;span style="color: var(--highlight-keyword)"&gt;,&lt;/span&gt;&lt;/code&gt;&lt;/li&gt;
&lt;li&gt;&lt;code&gt;&lt;span style="color: var(--highlight-keyword)"&gt;&amp;nbsp;&amp;nbsp;&amp;nbsp;&amp;nbsp;&amp;nbsp;&amp;nbsp;&amp;nbsp;&amp;nbsp;&amp;nbsp;&amp;nbsp;&amp;nbsp;&amp;nbsp;&amp;nbsp;&amp;nbsp;&amp;nbsp;&amp;nbsp;&lt;/span&gt;&lt;span style="color: var(--highlight-default)"&gt;$driverOptions&lt;/span&gt;&lt;/code&gt;&lt;/li&gt;
&lt;li&gt;&lt;code&gt;&lt;span style="color: var(--highlight-default)"&gt;&amp;nbsp;&amp;nbsp;&amp;nbsp;&amp;nbsp;&amp;nbsp;&amp;nbsp;&amp;nbsp;&amp;nbsp;&amp;nbsp;&amp;nbsp;&amp;nbsp;&amp;nbsp;&lt;/span&gt;&lt;span style="color: var(--highlight-keyword)"&gt;);&lt;/span&gt;&lt;/code&gt;&lt;/li&gt;
&lt;li&gt;&lt;code&gt;&lt;span style="color: var(--highlight-keyword)"&gt;&amp;nbsp;&amp;nbsp;&amp;nbsp;&amp;nbsp;&amp;nbsp;&amp;nbsp;&amp;nbsp;&amp;nbsp;}&amp;nbsp;catch&amp;nbsp;(&lt;/span&gt;&lt;span style="color: var(--highlight-default)"&gt;PDOException&amp;nbsp;$exception&lt;/span&gt;&lt;span style="color: var(--highlight-keyword)"&gt;)&amp;nbsp;{&lt;/span&gt;&lt;/code&gt;&lt;/li&gt;&lt;/ol&gt;    &lt;/div&gt;            &lt;/div&gt;
                        &lt;div class="trace-line "&gt;
                &lt;div class="trace-line-header break-long-words sf-toggle" data-toggle-selector="#trace-html-3-2" data-toggle-initial=""&gt;
            &lt;span class="icon icon-close"&gt;&lt;svg width="1792" height="1792" viewBox="0 0 1792 1792" xmlns="http://www.w3.org/2000/svg"&gt;&lt;path d="M1408 960V832q0-26-19-45t-45-19H448q-26 0-45 19t-19 45v128q0 26 19 45t45 19h896q26 0 45-19t19-45zm256-544v960q0 119-84.5 203.5T1376 1664H416q-119 0-203.5-84.5T128 1376V416q0-119 84.5-203.5T416 128h960q119 0 203.5 84.5T1664 416z"/&gt;&lt;/svg&gt;&lt;/span&gt;
        &lt;span class="icon icon-open"&gt;&lt;svg width="1792" height="1792" viewBox="0 0 1792 1792" xmlns="http://www.w3.org/2000/svg"&gt;&lt;path d="M1408 960V832q0-26-19-45t-45-19h-320V448q0-26-19-45t-45-19H832q-26 0-45 19t-19 45v320H448q-26 0-45 19t-19 45v128q0 26 19 45t45 19h320v320q0 26 19 45t45 19h128q26 0 45-19t19-45v-320h320q26 0 45-19t19-45zm256-544v960q0 119-84.5 203.5T1376 1664H416q-119 0-203.5-84.5T128 1376V416q0-119 84.5-203.5T416 128h960q119 0 203.5 84.5T1664 416z"/&gt;&lt;/svg&gt;&lt;/span&gt;
    
            &lt;span class="trace-class"&gt;&lt;abbr title="Doctrine\DBAL\Driver\PDO\MySQL\Driver"&gt;Driver&lt;/abbr&gt;&lt;/span&gt;&lt;span class="trace-type"&gt;-&gt;&lt;/span&gt;&lt;span class="trace-method"&gt;connect&lt;/span&gt;&lt;span class="trace-arguments"&gt;()&lt;/span&gt;    
                    &lt;span class="block trace-file-path"&gt;
            in
            &lt;a href=""&gt;
                C:\Users\eman\Documents\GitHub\car_dealer\vendor\doctrine\dbal\src\&lt;strong&gt;Connection.php&lt;/strong&gt;
            &lt;/a&gt;
                        (line 325)
            &lt;span class="icon icon-copy hidden" data-clipboard-text="C:\Users\eman\Documents\GitHub\car_dealer\vendor\doctrine\dbal\src\Connection.php:325"&gt;
                &lt;svg xmlns="http://www.w3.org/2000/svg" height="24" viewBox="0 0 24 24" width="24"&gt;&lt;path d="M0 0h24v24H0z" fill="none"/&gt;&lt;path d="M16 1H4c-1.1 0-2 .9-2 2v14h2V3h12V1zm3 4H8c-1.1 0-2 .9-2 2v14c0 1.1.9 2 2 2h11c1.1 0 2-.9 2-2V7c0-1.1-.9-2-2-2zm0 16H8V7h11v14z"/&gt;&lt;/svg&gt;            &lt;/span&gt;
        &lt;/span&gt;
    &lt;/div&gt;
    &lt;div id="trace-html-3-2" class="trace-code sf-toggle-content"&gt;
        &lt;ol start="320"&gt;&lt;li&gt;&lt;code&gt;&lt;span style="color: var(--highlight-keyword)"&gt;&amp;nbsp;&amp;nbsp;&amp;nbsp;&amp;nbsp;&amp;nbsp;&amp;nbsp;&amp;nbsp;&amp;nbsp;if&amp;nbsp;(&lt;/span&gt;&lt;span style="color: var(--highlight-default)"&gt;$this&lt;/span&gt;&lt;span style="color: var(--highlight-keyword)"&gt;-&amp;gt;&lt;/span&gt;&lt;span style="color: var(--highlight-default)"&gt;_conn&amp;nbsp;&lt;/span&gt;&lt;span style="color: var(--highlight-keyword)"&gt;!==&amp;nbsp;&lt;/span&gt;&lt;span style="color: var(--highlight-default)"&gt;null&lt;/span&gt;&lt;span style="color: var(--highlight-keyword)"&gt;)&amp;nbsp;{&lt;/span&gt;&lt;/code&gt;&lt;/li&gt;
&lt;li&gt;&lt;code&gt;&lt;span style="color: var(--highlight-keyword)"&gt;&amp;nbsp;&amp;nbsp;&amp;nbsp;&amp;nbsp;&amp;nbsp;&amp;nbsp;&amp;nbsp;&amp;nbsp;&amp;nbsp;&amp;nbsp;&amp;nbsp;&amp;nbsp;return&amp;nbsp;&lt;/span&gt;&lt;span style="color: var(--highlight-default)"&gt;false&lt;/span&gt;&lt;span style="color: var(--highlight-keyword)"&gt;;&lt;/span&gt;&lt;/code&gt;&lt;/li&gt;
&lt;li&gt;&lt;code&gt;&lt;span style="color: var(--highlight-keyword)"&gt;&amp;nbsp;&amp;nbsp;&amp;nbsp;&amp;nbsp;&amp;nbsp;&amp;nbsp;&amp;nbsp;&amp;nbsp;}&lt;/span&gt;&lt;/code&gt;&lt;/li&gt;
&lt;li&gt;&lt;code&gt;&lt;span style="color: var(--highlight-keyword)"&gt;&lt;/span&gt;&lt;/code&gt;&lt;/li&gt;
&lt;li&gt;&lt;code&gt;&lt;span style="color: var(--highlight-keyword)"&gt;&amp;nbsp;&amp;nbsp;&amp;nbsp;&amp;nbsp;&amp;nbsp;&amp;nbsp;&amp;nbsp;&amp;nbsp;try&amp;nbsp;{&lt;/span&gt;&lt;/code&gt;&lt;/li&gt;
&lt;li class="selected"&gt;&lt;code&gt;&lt;span style="color: var(--highlight-keyword)"&gt;&amp;nbsp;&amp;nbsp;&amp;nbsp;&amp;nbsp;&amp;nbsp;&amp;nbsp;&amp;nbsp;&amp;nbsp;&amp;nbsp;&amp;nbsp;&amp;nbsp;&amp;nbsp;&lt;/span&gt;&lt;span style="color: var(--highlight-default)"&gt;$this&lt;/span&gt;&lt;span style="color: var(--highlight-keyword)"&gt;-&amp;gt;&lt;/span&gt;&lt;span style="color: var(--highlight-default)"&gt;_conn&amp;nbsp;&lt;/span&gt;&lt;span style="color: var(--highlight-keyword)"&gt;=&amp;nbsp;&lt;/span&gt;&lt;span style="color: var(--highlight-default)"&gt;$this&lt;/span&gt;&lt;span style="color: var(--highlight-keyword)"&gt;-&amp;gt;&lt;/span&gt;&lt;span style="color: var(--highlight-default)"&gt;_driver&lt;/span&gt;&lt;span style="color: var(--highlight-keyword)"&gt;-&amp;gt;&lt;/span&gt;&lt;span style="color: var(--highlight-default)"&gt;connect&lt;/span&gt;&lt;span style="color: var(--highlight-keyword)"&gt;(&lt;/span&gt;&lt;span style="color: var(--highlight-default)"&gt;$this&lt;/span&gt;&lt;span style="color: var(--highlight-keyword)"&gt;-&amp;gt;&lt;/span&gt;&lt;span style="color: var(--highlight-default)"&gt;params&lt;/span&gt;&lt;span style="color: var(--highlight-keyword)"&gt;);&lt;/span&gt;&lt;/code&gt;&lt;/li&gt;
&lt;li&gt;&lt;code&gt;&lt;span style="color: var(--highlight-keyword)"&gt;&amp;nbsp;&amp;nbsp;&amp;nbsp;&amp;nbsp;&amp;nbsp;&amp;nbsp;&amp;nbsp;&amp;nbsp;}&amp;nbsp;catch&amp;nbsp;(&lt;/span&gt;&lt;span style="color: var(--highlight-default)"&gt;Driver\Exception&amp;nbsp;$e&lt;/span&gt;&lt;span style="color: var(--highlight-keyword)"&gt;)&amp;nbsp;{&lt;/span&gt;&lt;/code&gt;&lt;/li&gt;
&lt;li&gt;&lt;code&gt;&lt;span style="color: var(--highlight-keyword)"&gt;&amp;nbsp;&amp;nbsp;&amp;nbsp;&amp;nbsp;&amp;nbsp;&amp;nbsp;&amp;nbsp;&amp;nbsp;&amp;nbsp;&amp;nbsp;&amp;nbsp;&amp;nbsp;throw&amp;nbsp;&lt;/span&gt;&lt;span style="color: var(--highlight-default)"&gt;$this&lt;/span&gt;&lt;span style="color: var(--highlight-keyword)"&gt;-&amp;gt;&lt;/span&gt;&lt;span style="color: var(--highlight-default)"&gt;convertException&lt;/span&gt;&lt;span style="color: var(--highlight-keyword)"&gt;(&lt;/span&gt;&lt;span style="color: var(--highlight-default)"&gt;$e&lt;/span&gt;&lt;span style="color: var(--highlight-keyword)"&gt;);&lt;/span&gt;&lt;/code&gt;&lt;/li&gt;
&lt;li&gt;&lt;code&gt;&lt;span style="color: var(--highlight-keyword)"&gt;&amp;nbsp;&amp;nbsp;&amp;nbsp;&amp;nbsp;&amp;nbsp;&amp;nbsp;&amp;nbsp;&amp;nbsp;}&lt;/span&gt;&lt;/code&gt;&lt;/li&gt;
&lt;li&gt;&lt;code&gt;&lt;span style="color: var(--highlight-keyword)"&gt;&lt;/span&gt;&lt;/code&gt;&lt;/li&gt;
&lt;li&gt;&lt;code&gt;&lt;span style="color: var(--highlight-keyword)"&gt;&amp;nbsp;&amp;nbsp;&amp;nbsp;&amp;nbsp;&amp;nbsp;&amp;nbsp;&amp;nbsp;&amp;nbsp;if&amp;nbsp;(&lt;/span&gt;&lt;span style="color: var(--highlight-default)"&gt;$this&lt;/span&gt;&lt;span style="color: var(--highlight-keyword)"&gt;-&amp;gt;&lt;/span&gt;&lt;span style="color: var(--highlight-default)"&gt;autoCommit&amp;nbsp;&lt;/span&gt;&lt;span style="color: var(--highlight-keyword)"&gt;===&amp;nbsp;&lt;/span&gt;&lt;span style="color: var(--highlight-default)"&gt;false&lt;/span&gt;&lt;span style="color: var(--highlight-keyword)"&gt;)&amp;nbsp;{&lt;/span&gt;&lt;/code&gt;&lt;/li&gt;&lt;/ol&gt;    &lt;/div&gt;            &lt;/div&gt;
                        &lt;div class="trace-line "&gt;
                &lt;div class="trace-line-header break-long-words sf-toggle" data-toggle-selector="#trace-html-3-3" data-toggle-initial=""&gt;
            &lt;span class="icon icon-close"&gt;&lt;svg width="1792" height="1792" viewBox="0 0 1792 1792" xmlns="http://www.w3.org/2000/svg"&gt;&lt;path d="M1408 960V832q0-26-19-45t-45-19H448q-26 0-45 19t-19 45v128q0 26 19 45t45 19h896q26 0 45-19t19-45zm256-544v960q0 119-84.5 203.5T1376 1664H416q-119 0-203.5-84.5T128 1376V416q0-119 84.5-203.5T416 128h960q119 0 203.5 84.5T1664 416z"/&gt;&lt;/svg&gt;&lt;/span&gt;
        &lt;span class="icon icon-open"&gt;&lt;svg width="1792" height="1792" viewBox="0 0 1792 1792" xmlns="http://www.w3.org/2000/svg"&gt;&lt;path d="M1408 960V832q0-26-19-45t-45-19h-320V448q0-26-19-45t-45-19H832q-26 0-45 19t-19 45v320H448q-26 0-45 19t-19 45v128q0 26 19 45t45 19h320v320q0 26 19 45t45 19h128q26 0 45-19t19-45v-320h320q26 0 45-19t19-45zm256-544v960q0 119-84.5 203.5T1376 1664H416q-119 0-203.5-84.5T128 1376V416q0-119 84.5-203.5T416 128h960q119 0 203.5 84.5T1664 416z"/&gt;&lt;/svg&gt;&lt;/span&gt;
    
            &lt;span class="trace-class"&gt;&lt;abbr title="Doctrine\DBAL\Connection"&gt;Connection&lt;/abbr&gt;&lt;/span&gt;&lt;span class="trace-type"&gt;-&gt;&lt;/span&gt;&lt;span class="trace-method"&gt;connect&lt;/span&gt;&lt;span class="trace-arguments"&gt;()&lt;/span&gt;    
                    &lt;span class="block trace-file-path"&gt;
            in
            &lt;a href=""&gt;
                C:\Users\eman\Documents\GitHub\car_dealer\vendor\doctrine\dbal\src\&lt;strong&gt;Connection.php&lt;/strong&gt;
            &lt;/a&gt;
                        (line 1507)
            &lt;span class="icon icon-copy hidden" data-clipboard-text="C:\Users\eman\Documents\GitHub\car_dealer\vendor\doctrine\dbal\src\Connection.php:1507"&gt;
                &lt;svg xmlns="http://www.w3.org/2000/svg" height="24" viewBox="0 0 24 24" width="24"&gt;&lt;path d="M0 0h24v24H0z" fill="none"/&gt;&lt;path d="M16 1H4c-1.1 0-2 .9-2 2v14h2V3h12V1zm3 4H8c-1.1 0-2 .9-2 2v14c0 1.1.9 2 2 2h11c1.1 0 2-.9 2-2V7c0-1.1-.9-2-2-2zm0 16H8V7h11v14z"/&gt;&lt;/svg&gt;            &lt;/span&gt;
        &lt;/span&gt;
    &lt;/div&gt;
    &lt;div id="trace-html-3-3" class="trace-code sf-toggle-content"&gt;
        &lt;ol start="1502"&gt;&lt;li&gt;&lt;code&gt;&lt;span style="color: var(--highlight-comment)"&gt;&amp;nbsp;&amp;nbsp;&amp;nbsp;&amp;nbsp;&amp;nbsp;*&lt;/span&gt;&lt;/code&gt;&lt;/li&gt;
&lt;li&gt;&lt;code&gt;&lt;span style="color: var(--highlight-comment)"&gt;&amp;nbsp;&amp;nbsp;&amp;nbsp;&amp;nbsp;&amp;nbsp;*&amp;nbsp;@throws&amp;nbsp;Exception&lt;/span&gt;&lt;/code&gt;&lt;/li&gt;
&lt;li&gt;&lt;code&gt;&lt;span style="color: var(--highlight-comment)"&gt;&amp;nbsp;&amp;nbsp;&amp;nbsp;&amp;nbsp;&amp;nbsp;*/&lt;/span&gt;&lt;/code&gt;&lt;/li&gt;
&lt;li&gt;&lt;code&gt;&lt;span style="color: var(--highlight-comment)"&gt;&amp;nbsp;&amp;nbsp;&amp;nbsp;&amp;nbsp;&lt;/span&gt;&lt;span style="color: var(--highlight-keyword)"&gt;public&amp;nbsp;function&amp;nbsp;&lt;/span&gt;&lt;span style="color: var(--highlight-default)"&gt;getWrappedConnection&lt;/span&gt;&lt;span style="color: var(--highlight-keyword)"&gt;()&lt;/span&gt;&lt;/code&gt;&lt;/li&gt;
&lt;li&gt;&lt;code&gt;&lt;span style="color: var(--highlight-keyword)"&gt;&amp;nbsp;&amp;nbsp;&amp;nbsp;&amp;nbsp;{&lt;/span&gt;&lt;/code&gt;&lt;/li&gt;
&lt;li class="selected"&gt;&lt;code&gt;&lt;span style="color: var(--highlight-keyword)"&gt;&amp;nbsp;&amp;nbsp;&amp;nbsp;&amp;nbsp;&amp;nbsp;&amp;nbsp;&amp;nbsp;&amp;nbsp;&lt;/span&gt;&lt;span style="color: var(--highlight-default)"&gt;$this&lt;/span&gt;&lt;span style="color: var(--highlight-keyword)"&gt;-&amp;gt;&lt;/span&gt;&lt;span style="color: var(--highlight-default)"&gt;connect&lt;/span&gt;&lt;span style="color: var(--highlight-keyword)"&gt;();&lt;/span&gt;&lt;/code&gt;&lt;/li&gt;
&lt;li&gt;&lt;code&gt;&lt;span style="color: var(--highlight-keyword)"&gt;&lt;/span&gt;&lt;/code&gt;&lt;/li&gt;
&lt;li&gt;&lt;code&gt;&lt;span style="color: var(--highlight-keyword)"&gt;&amp;nbsp;&amp;nbsp;&amp;nbsp;&amp;nbsp;&amp;nbsp;&amp;nbsp;&amp;nbsp;&amp;nbsp;&lt;/span&gt;&lt;span style="color: var(--highlight-default)"&gt;assert&lt;/span&gt;&lt;span style="color: var(--highlight-keyword)"&gt;(&lt;/span&gt;&lt;span style="color: var(--highlight-default)"&gt;$this&lt;/span&gt;&lt;span style="color: var(--highlight-keyword)"&gt;-&amp;gt;&lt;/span&gt;&lt;span style="color: var(--highlight-default)"&gt;_conn&amp;nbsp;&lt;/span&gt;&lt;span style="color: var(--highlight-keyword)"&gt;!==&amp;nbsp;&lt;/span&gt;&lt;span style="color: var(--highlight-default)"&gt;null&lt;/span&gt;&lt;span style="color: var(--highlight-keyword)"&gt;);&lt;/span&gt;&lt;/code&gt;&lt;/li&gt;
&lt;li&gt;&lt;code&gt;&lt;span style="color: var(--highlight-keyword)"&gt;&lt;/span&gt;&lt;/code&gt;&lt;/li&gt;
&lt;li&gt;&lt;code&gt;&lt;span style="color: var(--highlight-keyword)"&gt;&amp;nbsp;&amp;nbsp;&amp;nbsp;&amp;nbsp;&amp;nbsp;&amp;nbsp;&amp;nbsp;&amp;nbsp;return&amp;nbsp;&lt;/span&gt;&lt;span style="color: var(--highlight-default)"&gt;$this&lt;/span&gt;&lt;span style="color: var(--highlight-keyword)"&gt;-&amp;gt;&lt;/span&gt;&lt;span style="color: var(--highlight-default)"&gt;_conn&lt;/span&gt;&lt;span style="color: var(--highlight-keyword)"&gt;;&lt;/span&gt;&lt;/code&gt;&lt;/li&gt;
&lt;li&gt;&lt;code&gt;&lt;span style="color: var(--highlight-keyword)"&gt;&amp;nbsp;&amp;nbsp;&amp;nbsp;&amp;nbsp;}&lt;/span&gt;&lt;/code&gt;&lt;/li&gt;&lt;/ol&gt;    &lt;/div&gt;            &lt;/div&gt;
                        &lt;div class="trace-line "&gt;
                &lt;div class="trace-line-header break-long-words sf-toggle" data-toggle-selector="#trace-html-3-4" data-toggle-initial=""&gt;
            &lt;span class="icon icon-close"&gt;&lt;svg width="1792" height="1792" viewBox="0 0 1792 1792" xmlns="http://www.w3.org/2000/svg"&gt;&lt;path d="M1408 960V832q0-26-19-45t-45-19H448q-26 0-45 19t-19 45v128q0 26 19 45t45 19h896q26 0 45-19t19-45zm256-544v960q0 119-84.5 203.5T1376 1664H416q-119 0-203.5-84.5T128 1376V416q0-119 84.5-203.5T416 128h960q119 0 203.5 84.5T1664 416z"/&gt;&lt;/svg&gt;&lt;/span&gt;
        &lt;span class="icon icon-open"&gt;&lt;svg width="1792" height="1792" viewBox="0 0 1792 1792" xmlns="http://www.w3.org/2000/svg"&gt;&lt;path d="M1408 960V832q0-26-19-45t-45-19h-320V448q0-26-19-45t-45-19H832q-26 0-45 19t-19 45v320H448q-26 0-45 19t-19 45v128q0 26 19 45t45 19h320v320q0 26 19 45t45 19h128q26 0 45-19t19-45v-320h320q26 0 45-19t19-45zm256-544v960q0 119-84.5 203.5T1376 1664H416q-119 0-203.5-84.5T128 1376V416q0-119 84.5-203.5T416 128h960q119 0 203.5 84.5T1664 416z"/&gt;&lt;/svg&gt;&lt;/span&gt;
    
            &lt;span class="trace-class"&gt;&lt;abbr title="Doctrine\DBAL\Connection"&gt;Connection&lt;/abbr&gt;&lt;/span&gt;&lt;span class="trace-type"&gt;-&gt;&lt;/span&gt;&lt;span class="trace-method"&gt;getWrappedConnection&lt;/span&gt;&lt;span class="trace-arguments"&gt;()&lt;/span&gt;    
                    &lt;span class="block trace-file-path"&gt;
            in
            &lt;a href=""&gt;
                C:\Users\eman\Documents\GitHub\car_dealer\vendor\doctrine\dbal\src\&lt;strong&gt;Connection.php&lt;/strong&gt;
            &lt;/a&gt;
                        (line 1013)
            &lt;span class="icon icon-copy hidden" data-clipboard-text="C:\Users\eman\Documents\GitHub\car_dealer\vendor\doctrine\dbal\src\Connection.php:1013"&gt;
                &lt;svg xmlns="http://www.w3.org/2000/svg" height="24" viewBox="0 0 24 24" width="24"&gt;&lt;path d="M0 0h24v24H0z" fill="none"/&gt;&lt;path d="M16 1H4c-1.1 0-2 .9-2 2v14h2V3h12V1zm3 4H8c-1.1 0-2 .9-2 2v14c0 1.1.9 2 2 2h11c1.1 0 2-.9 2-2V7c0-1.1-.9-2-2-2zm0 16H8V7h11v14z"/&gt;&lt;/svg&gt;            &lt;/span&gt;
        &lt;/span&gt;
    &lt;/div&gt;
    &lt;div id="trace-html-3-4" class="trace-code sf-toggle-content"&gt;
        &lt;ol start="1008"&gt;&lt;li&gt;&lt;code&gt;&lt;span style="color: var(--highlight-default)"&gt;&amp;nbsp;&amp;nbsp;&amp;nbsp;&amp;nbsp;&lt;/span&gt;&lt;span style="color: var(--highlight-keyword)"&gt;):&amp;nbsp;&lt;/span&gt;&lt;span style="color: var(--highlight-default)"&gt;Result&amp;nbsp;&lt;/span&gt;&lt;span style="color: var(--highlight-keyword)"&gt;{&lt;/span&gt;&lt;/code&gt;&lt;/li&gt;
&lt;li&gt;&lt;code&gt;&lt;span style="color: var(--highlight-keyword)"&gt;&amp;nbsp;&amp;nbsp;&amp;nbsp;&amp;nbsp;&amp;nbsp;&amp;nbsp;&amp;nbsp;&amp;nbsp;if&amp;nbsp;(&lt;/span&gt;&lt;span style="color: var(--highlight-default)"&gt;$qcp&amp;nbsp;&lt;/span&gt;&lt;span style="color: var(--highlight-keyword)"&gt;!==&amp;nbsp;&lt;/span&gt;&lt;span style="color: var(--highlight-default)"&gt;null&lt;/span&gt;&lt;span style="color: var(--highlight-keyword)"&gt;)&amp;nbsp;{&lt;/span&gt;&lt;/code&gt;&lt;/li&gt;
&lt;li&gt;&lt;code&gt;&lt;span style="color: var(--highlight-keyword)"&gt;&amp;nbsp;&amp;nbsp;&amp;nbsp;&amp;nbsp;&amp;nbsp;&amp;nbsp;&amp;nbsp;&amp;nbsp;&amp;nbsp;&amp;nbsp;&amp;nbsp;&amp;nbsp;return&amp;nbsp;&lt;/span&gt;&lt;span style="color: var(--highlight-default)"&gt;$this&lt;/span&gt;&lt;span style="color: var(--highlight-keyword)"&gt;-&amp;gt;&lt;/span&gt;&lt;span style="color: var(--highlight-default)"&gt;executeCacheQuery&lt;/span&gt;&lt;span style="color: var(--highlight-keyword)"&gt;(&lt;/span&gt;&lt;span style="color: var(--highlight-default)"&gt;$sql&lt;/span&gt;&lt;span style="color: var(--highlight-keyword)"&gt;,&amp;nbsp;&lt;/span&gt;&lt;span style="color: var(--highlight-default)"&gt;$params&lt;/span&gt;&lt;span style="color: var(--highlight-keyword)"&gt;,&amp;nbsp;&lt;/span&gt;&lt;span style="color: var(--highlight-default)"&gt;$types&lt;/span&gt;&lt;span style="color: var(--highlight-keyword)"&gt;,&amp;nbsp;&lt;/span&gt;&lt;span style="color: var(--highlight-default)"&gt;$qcp&lt;/span&gt;&lt;span style="color: var(--highlight-keyword)"&gt;);&lt;/span&gt;&lt;/code&gt;&lt;/li&gt;
&lt;li&gt;&lt;code&gt;&lt;span style="color: var(--highlight-keyword)"&gt;&amp;nbsp;&amp;nbsp;&amp;nbsp;&amp;nbsp;&amp;nbsp;&amp;nbsp;&amp;nbsp;&amp;nbsp;}&lt;/span&gt;&lt;/code&gt;&lt;/li&gt;
&lt;li&gt;&lt;code&gt;&lt;span style="color: var(--highlight-keyword)"&gt;&lt;/span&gt;&lt;/code&gt;&lt;/li&gt;
&lt;li class="selected"&gt;&lt;code&gt;&lt;span style="color: var(--highlight-keyword)"&gt;&amp;nbsp;&amp;nbsp;&amp;nbsp;&amp;nbsp;&amp;nbsp;&amp;nbsp;&amp;nbsp;&amp;nbsp;&lt;/span&gt;&lt;span style="color: var(--highlight-default)"&gt;$connection&amp;nbsp;&lt;/span&gt;&lt;span style="color: var(--highlight-keyword)"&gt;=&amp;nbsp;&lt;/span&gt;&lt;span style="color: var(--highlight-default)"&gt;$this&lt;/span&gt;&lt;span style="color: var(--highlight-keyword)"&gt;-&amp;gt;&lt;/span&gt;&lt;span style="color: var(--highlight-default)"&gt;getWrappedConnection&lt;/span&gt;&lt;span style="color: var(--highlight-keyword)"&gt;();&lt;/span&gt;&lt;/code&gt;&lt;/li&gt;
&lt;li&gt;&lt;code&gt;&lt;span style="color: var(--highlight-keyword)"&gt;&lt;/span&gt;&lt;/code&gt;&lt;/li&gt;
&lt;li&gt;&lt;code&gt;&lt;span style="color: var(--highlight-keyword)"&gt;&amp;nbsp;&amp;nbsp;&amp;nbsp;&amp;nbsp;&amp;nbsp;&amp;nbsp;&amp;nbsp;&amp;nbsp;&lt;/span&gt;&lt;span style="color: var(--highlight-default)"&gt;$logger&amp;nbsp;&lt;/span&gt;&lt;span style="color: var(--highlight-keyword)"&gt;=&amp;nbsp;&lt;/span&gt;&lt;span style="color: var(--highlight-default)"&gt;$this&lt;/span&gt;&lt;span style="color: var(--highlight-keyword)"&gt;-&amp;gt;&lt;/span&gt;&lt;span style="color: var(--highlight-default)"&gt;_config&lt;/span&gt;&lt;span style="color: var(--highlight-keyword)"&gt;-&amp;gt;&lt;/span&gt;&lt;span style="color: var(--highlight-default)"&gt;getSQLLogger&lt;/span&gt;&lt;span style="color: var(--highlight-keyword)"&gt;();&lt;/span&gt;&lt;/code&gt;&lt;/li&gt;
&lt;li&gt;&lt;code&gt;&lt;span style="color: var(--highlight-keyword)"&gt;&amp;nbsp;&amp;nbsp;&amp;nbsp;&amp;nbsp;&amp;nbsp;&amp;nbsp;&amp;nbsp;&amp;nbsp;if&amp;nbsp;(&lt;/span&gt;&lt;span style="color: var(--highlight-default)"&gt;$logger&amp;nbsp;&lt;/span&gt;&lt;span style="color: var(--highlight-keyword)"&gt;!==&amp;nbsp;&lt;/span&gt;&lt;span style="color: var(--highlight-default)"&gt;null&lt;/span&gt;&lt;span style="color: var(--highlight-keyword)"&gt;)&amp;nbsp;{&lt;/span&gt;&lt;/code&gt;&lt;/li&gt;
&lt;li&gt;&lt;code&gt;&lt;span style="color: var(--highlight-keyword)"&gt;&amp;nbsp;&amp;nbsp;&amp;nbsp;&amp;nbsp;&amp;nbsp;&amp;nbsp;&amp;nbsp;&amp;nbsp;&amp;nbsp;&amp;nbsp;&amp;nbsp;&amp;nbsp;&lt;/span&gt;&lt;span style="color: var(--highlight-default)"&gt;$logger&lt;/span&gt;&lt;span style="color: var(--highlight-keyword)"&gt;-&amp;gt;&lt;/span&gt;&lt;span style="color: var(--highlight-default)"&gt;startQuery&lt;/span&gt;&lt;span style="color: var(--highlight-keyword)"&gt;(&lt;/span&gt;&lt;span style="color: var(--highlight-default)"&gt;$sql&lt;/span&gt;&lt;span style="color: var(--highlight-keyword)"&gt;,&amp;nbsp;&lt;/span&gt;&lt;span style="color: var(--highlight-default)"&gt;$params&lt;/span&gt;&lt;span style="color: var(--highlight-keyword)"&gt;,&amp;nbsp;&lt;/span&gt;&lt;span style="color: var(--highlight-default)"&gt;$types&lt;/span&gt;&lt;span style="color: var(--highlight-keyword)"&gt;);&lt;/span&gt;&lt;/code&gt;&lt;/li&gt;
&lt;li&gt;&lt;code&gt;&lt;span style="color: var(--highlight-keyword)"&gt;&amp;nbsp;&amp;nbsp;&amp;nbsp;&amp;nbsp;&amp;nbsp;&amp;nbsp;&amp;nbsp;&amp;nbsp;}&lt;/span&gt;&lt;/code&gt;&lt;/li&gt;&lt;/ol&gt;    &lt;/div&gt;            &lt;/div&gt;
                        &lt;div class="trace-line "&gt;
                &lt;div class="trace-line-header break-long-words sf-toggle" data-toggle-selector="#trace-html-3-5" data-toggle-initial=""&gt;
            &lt;span class="icon icon-close"&gt;&lt;svg width="1792" height="1792" viewBox="0 0 1792 1792" xmlns="http://www.w3.org/2000/svg"&gt;&lt;path d="M1408 960V832q0-26-19-45t-45-19H448q-26 0-45 19t-19 45v128q0 26 19 45t45 19h896q26 0 45-19t19-45zm256-544v960q0 119-84.5 203.5T1376 1664H416q-119 0-203.5-84.5T128 1376V416q0-119 84.5-203.5T416 128h960q119 0 203.5 84.5T1664 416z"/&gt;&lt;/svg&gt;&lt;/span&gt;
        &lt;span class="icon icon-open"&gt;&lt;svg width="1792" height="1792" viewBox="0 0 1792 1792" xmlns="http://www.w3.org/2000/svg"&gt;&lt;path d="M1408 960V832q0-26-19-45t-45-19h-320V448q0-26-19-45t-45-19H832q-26 0-45 19t-19 45v320H448q-26 0-45 19t-19 45v128q0 26 19 45t45 19h320v320q0 26 19 45t45 19h128q26 0 45-19t19-45v-320h320q26 0 45-19t19-45zm256-544v960q0 119-84.5 203.5T1376 1664H416q-119 0-203.5-84.5T128 1376V416q0-119 84.5-203.5T416 128h960q119 0 203.5 84.5T1664 416z"/&gt;&lt;/svg&gt;&lt;/span&gt;
    
            &lt;span class="trace-class"&gt;&lt;abbr title="Doctrine\DBAL\Connection"&gt;Connection&lt;/abbr&gt;&lt;/span&gt;&lt;span class="trace-type"&gt;-&gt;&lt;/span&gt;&lt;span class="trace-method"&gt;executeQuery&lt;/span&gt;&lt;span class="trace-arguments"&gt;()&lt;/span&gt;    
                    &lt;span class="block trace-file-path"&gt;
            in
            &lt;a href=""&gt;
                C:\Users\eman\Documents\GitHub\car_dealer\vendor\doctrine\orm\lib\Doctrine\ORM\Persisters\Entity\&lt;strong&gt;BasicEntityPersister.php&lt;/strong&gt;
            &lt;/a&gt;
                        (line 717)
            &lt;span class="icon icon-copy hidden" data-clipboard-text="C:\Users\eman\Documents\GitHub\car_dealer\vendor\doctrine\orm\lib\Doctrine\ORM\Persisters\Entity\BasicEntityPersister.php:717"&gt;
                &lt;svg xmlns="http://www.w3.org/2000/svg" height="24" viewBox="0 0 24 24" width="24"&gt;&lt;path d="M0 0h24v24H0z" fill="none"/&gt;&lt;path d="M16 1H4c-1.1 0-2 .9-2 2v14h2V3h12V1zm3 4H8c-1.1 0-2 .9-2 2v14c0 1.1.9 2 2 2h11c1.1 0 2-.9 2-2V7c0-1.1-.9-2-2-2zm0 16H8V7h11v14z"/&gt;&lt;/svg&gt;            &lt;/span&gt;
        &lt;/span&gt;
    &lt;/div&gt;
    &lt;div id="trace-html-3-5" class="trace-code sf-toggle-content"&gt;
        &lt;ol start="712"&gt;&lt;li&gt;&lt;code&gt;&lt;span style="color: var(--highlight-keyword)"&gt;&amp;nbsp;&amp;nbsp;&amp;nbsp;&amp;nbsp;{&lt;/span&gt;&lt;/code&gt;&lt;/li&gt;
&lt;li&gt;&lt;code&gt;&lt;span style="color: var(--highlight-keyword)"&gt;&amp;nbsp;&amp;nbsp;&amp;nbsp;&amp;nbsp;&amp;nbsp;&amp;nbsp;&amp;nbsp;&amp;nbsp;&lt;/span&gt;&lt;span style="color: var(--highlight-default)"&gt;$this&lt;/span&gt;&lt;span style="color: var(--highlight-keyword)"&gt;-&amp;gt;&lt;/span&gt;&lt;span style="color: var(--highlight-default)"&gt;switchPersisterContext&lt;/span&gt;&lt;span style="color: var(--highlight-keyword)"&gt;(&lt;/span&gt;&lt;span style="color: var(--highlight-default)"&gt;null&lt;/span&gt;&lt;span style="color: var(--highlight-keyword)"&gt;,&amp;nbsp;&lt;/span&gt;&lt;span style="color: var(--highlight-default)"&gt;$limit&lt;/span&gt;&lt;span style="color: var(--highlight-keyword)"&gt;);&lt;/span&gt;&lt;/code&gt;&lt;/li&gt;
&lt;li&gt;&lt;code&gt;&lt;span style="color: var(--highlight-keyword)"&gt;&lt;/span&gt;&lt;/code&gt;&lt;/li&gt;
&lt;li&gt;&lt;code&gt;&lt;span style="color: var(--highlight-keyword)"&gt;&amp;nbsp;&amp;nbsp;&amp;nbsp;&amp;nbsp;&amp;nbsp;&amp;nbsp;&amp;nbsp;&amp;nbsp;&lt;/span&gt;&lt;span style="color: var(--highlight-default)"&gt;$sql&amp;nbsp;&amp;nbsp;&amp;nbsp;&amp;nbsp;&amp;nbsp;&amp;nbsp;&amp;nbsp;&amp;nbsp;&amp;nbsp;&amp;nbsp;&amp;nbsp;&amp;nbsp;&amp;nbsp;&amp;nbsp;&lt;/span&gt;&lt;span style="color: var(--highlight-keyword)"&gt;=&amp;nbsp;&lt;/span&gt;&lt;span style="color: var(--highlight-default)"&gt;$this&lt;/span&gt;&lt;span style="color: var(--highlight-keyword)"&gt;-&amp;gt;&lt;/span&gt;&lt;span style="color: var(--highlight-default)"&gt;getSelectSQL&lt;/span&gt;&lt;span style="color: var(--highlight-keyword)"&gt;(&lt;/span&gt;&lt;span style="color: var(--highlight-default)"&gt;$criteria&lt;/span&gt;&lt;span style="color: var(--highlight-keyword)"&gt;,&amp;nbsp;&lt;/span&gt;&lt;span style="color: var(--highlight-default)"&gt;$assoc&lt;/span&gt;&lt;span style="color: var(--highlight-keyword)"&gt;,&amp;nbsp;&lt;/span&gt;&lt;span style="color: var(--highlight-default)"&gt;$lockMode&lt;/span&gt;&lt;span style="color: var(--highlight-keyword)"&gt;,&amp;nbsp;&lt;/span&gt;&lt;span style="color: var(--highlight-default)"&gt;$limit&lt;/span&gt;&lt;span style="color: var(--highlight-keyword)"&gt;,&amp;nbsp;&lt;/span&gt;&lt;span style="color: var(--highlight-default)"&gt;null&lt;/span&gt;&lt;span style="color: var(--highlight-keyword)"&gt;,&amp;nbsp;&lt;/span&gt;&lt;span style="color: var(--highlight-default)"&gt;$orderBy&lt;/span&gt;&lt;span style="color: var(--highlight-keyword)"&gt;);&lt;/span&gt;&lt;/code&gt;&lt;/li&gt;
&lt;li&gt;&lt;code&gt;&lt;span style="color: var(--highlight-keyword)"&gt;&amp;nbsp;&amp;nbsp;&amp;nbsp;&amp;nbsp;&amp;nbsp;&amp;nbsp;&amp;nbsp;&amp;nbsp;[&lt;/span&gt;&lt;span style="color: var(--highlight-default)"&gt;$params&lt;/span&gt;&lt;span style="color: var(--highlight-keyword)"&gt;,&amp;nbsp;&lt;/span&gt;&lt;span style="color: var(--highlight-default)"&gt;$types&lt;/span&gt;&lt;span style="color: var(--highlight-keyword)"&gt;]&amp;nbsp;=&amp;nbsp;&lt;/span&gt;&lt;span style="color: var(--highlight-default)"&gt;$this&lt;/span&gt;&lt;span style="color: var(--highlight-keyword)"&gt;-&amp;gt;&lt;/span&gt;&lt;span style="color: var(--highlight-default)"&gt;expandParameters&lt;/span&gt;&lt;span style="color: var(--highlight-keyword)"&gt;(&lt;/span&gt;&lt;span style="color: var(--highlight-default)"&gt;$criteria&lt;/span&gt;&lt;span style="color: var(--highlight-keyword)"&gt;);&lt;/span&gt;&lt;/code&gt;&lt;/li&gt;
&lt;li class="selected"&gt;&lt;code&gt;&lt;span style="color: var(--highlight-keyword)"&gt;&amp;nbsp;&amp;nbsp;&amp;nbsp;&amp;nbsp;&amp;nbsp;&amp;nbsp;&amp;nbsp;&amp;nbsp;&lt;/span&gt;&lt;span style="color: var(--highlight-default)"&gt;$stmt&amp;nbsp;&amp;nbsp;&amp;nbsp;&amp;nbsp;&amp;nbsp;&amp;nbsp;&amp;nbsp;&amp;nbsp;&amp;nbsp;&amp;nbsp;&amp;nbsp;&amp;nbsp;&amp;nbsp;&lt;/span&gt;&lt;span style="color: var(--highlight-keyword)"&gt;=&amp;nbsp;&lt;/span&gt;&lt;span style="color: var(--highlight-default)"&gt;$this&lt;/span&gt;&lt;span style="color: var(--highlight-keyword)"&gt;-&amp;gt;&lt;/span&gt;&lt;span style="color: var(--highlight-default)"&gt;conn&lt;/span&gt;&lt;span style="color: var(--highlight-keyword)"&gt;-&amp;gt;&lt;/span&gt;&lt;span style="color: var(--highlight-default)"&gt;executeQuery&lt;/span&gt;&lt;span style="color: var(--highlight-keyword)"&gt;(&lt;/span&gt;&lt;span style="color: var(--highlight-default)"&gt;$sql&lt;/span&gt;&lt;span style="color: var(--highlight-keyword)"&gt;,&amp;nbsp;&lt;/span&gt;&lt;span style="color: var(--highlight-default)"&gt;$params&lt;/span&gt;&lt;span style="color: var(--highlight-keyword)"&gt;,&amp;nbsp;&lt;/span&gt;&lt;span style="color: var(--highlight-default)"&gt;$types&lt;/span&gt;&lt;span style="color: var(--highlight-keyword)"&gt;);&lt;/span&gt;&lt;/code&gt;&lt;/li&gt;
&lt;li&gt;&lt;code&gt;&lt;span style="color: var(--highlight-keyword)"&gt;&lt;/span&gt;&lt;/code&gt;&lt;/li&gt;
&lt;li&gt;&lt;code&gt;&lt;span style="color: var(--highlight-keyword)"&gt;&amp;nbsp;&amp;nbsp;&amp;nbsp;&amp;nbsp;&amp;nbsp;&amp;nbsp;&amp;nbsp;&amp;nbsp;if&amp;nbsp;(&lt;/span&gt;&lt;span style="color: var(--highlight-default)"&gt;$entity&amp;nbsp;&lt;/span&gt;&lt;span style="color: var(--highlight-keyword)"&gt;!==&amp;nbsp;&lt;/span&gt;&lt;span style="color: var(--highlight-default)"&gt;null&lt;/span&gt;&lt;span style="color: var(--highlight-keyword)"&gt;)&amp;nbsp;{&lt;/span&gt;&lt;/code&gt;&lt;/li&gt;
&lt;li&gt;&lt;code&gt;&lt;span style="color: var(--highlight-keyword)"&gt;&amp;nbsp;&amp;nbsp;&amp;nbsp;&amp;nbsp;&amp;nbsp;&amp;nbsp;&amp;nbsp;&amp;nbsp;&amp;nbsp;&amp;nbsp;&amp;nbsp;&amp;nbsp;&lt;/span&gt;&lt;span style="color: var(--highlight-default)"&gt;$hints&lt;/span&gt;&lt;span style="color: var(--highlight-keyword)"&gt;[&lt;/span&gt;&lt;span style="color: var(--highlight-default)"&gt;Query&lt;/span&gt;&lt;span style="color: var(--highlight-keyword)"&gt;::&lt;/span&gt;&lt;span style="color: var(--highlight-default)"&gt;HINT_REFRESH&lt;/span&gt;&lt;span style="color: var(--highlight-keyword)"&gt;]&amp;nbsp;&amp;nbsp;&amp;nbsp;&amp;nbsp;&amp;nbsp;&amp;nbsp;&amp;nbsp;&amp;nbsp;=&amp;nbsp;&lt;/span&gt;&lt;span style="color: var(--highlight-default)"&gt;true&lt;/span&gt;&lt;span style="color: var(--highlight-keyword)"&gt;;&lt;/span&gt;&lt;/code&gt;&lt;/li&gt;
&lt;li&gt;&lt;code&gt;&lt;span style="color: var(--highlight-keyword)"&gt;&amp;nbsp;&amp;nbsp;&amp;nbsp;&amp;nbsp;&amp;nbsp;&amp;nbsp;&amp;nbsp;&amp;nbsp;&amp;nbsp;&amp;nbsp;&amp;nbsp;&amp;nbsp;&lt;/span&gt;&lt;span style="color: var(--highlight-default)"&gt;$hints&lt;/span&gt;&lt;span style="color: var(--highlight-keyword)"&gt;[&lt;/span&gt;&lt;span style="color: var(--highlight-default)"&gt;Query&lt;/span&gt;&lt;span style="color: var(--highlight-keyword)"&gt;::&lt;/span&gt;&lt;span style="color: var(--highlight-default)"&gt;HINT_REFRESH_ENTITY&lt;/span&gt;&lt;span style="color: var(--highlight-keyword)"&gt;]&amp;nbsp;=&amp;nbsp;&lt;/span&gt;&lt;span style="color: var(--highlight-default)"&gt;$entity&lt;/span&gt;&lt;span style="color: var(--highlight-keyword)"&gt;;&lt;/span&gt;&lt;/code&gt;&lt;/li&gt;
&lt;li&gt;&lt;code&gt;&lt;span style="color: var(--highlight-keyword)"&gt;&amp;nbsp;&amp;nbsp;&amp;nbsp;&amp;nbsp;&amp;nbsp;&amp;nbsp;&amp;nbsp;&amp;nbsp;}&lt;/span&gt;&lt;/code&gt;&lt;/li&gt;&lt;/ol&gt;    &lt;/div&gt;            &lt;/div&gt;
                        &lt;div class="trace-line "&gt;
                &lt;div class="trace-line-header break-long-words sf-toggle" data-toggle-selector="#trace-html-3-6" data-toggle-initial=""&gt;
            &lt;span class="icon icon-close"&gt;&lt;svg width="1792" height="1792" viewBox="0 0 1792 1792" xmlns="http://www.w3.org/2000/svg"&gt;&lt;path d="M1408 960V832q0-26-19-45t-45-19H448q-26 0-45 19t-19 45v128q0 26 19 45t45 19h896q26 0 45-19t19-45zm256-544v960q0 119-84.5 203.5T1376 1664H416q-119 0-203.5-84.5T128 1376V416q0-119 84.5-203.5T416 128h960q119 0 203.5 84.5T1664 416z"/&gt;&lt;/svg&gt;&lt;/span&gt;
        &lt;span class="icon icon-open"&gt;&lt;svg width="1792" height="1792" viewBox="0 0 1792 1792" xmlns="http://www.w3.org/2000/svg"&gt;&lt;path d="M1408 960V832q0-26-19-45t-45-19h-320V448q0-26-19-45t-45-19H832q-26 0-45 19t-19 45v320H448q-26 0-45 19t-19 45v128q0 26 19 45t45 19h320v320q0 26 19 45t45 19h128q26 0 45-19t19-45v-320h320q26 0 45-19t19-45zm256-544v960q0 119-84.5 203.5T1376 1664H416q-119 0-203.5-84.5T128 1376V416q0-119 84.5-203.5T416 128h960q119 0 203.5 84.5T1664 416z"/&gt;&lt;/svg&gt;&lt;/span&gt;
    
            &lt;span class="trace-class"&gt;&lt;abbr title="Doctrine\ORM\Persisters\Entity\BasicEntityPersister"&gt;BasicEntityPersister&lt;/abbr&gt;&lt;/span&gt;&lt;span class="trace-type"&gt;-&gt;&lt;/span&gt;&lt;span class="trace-method"&gt;load&lt;/span&gt;&lt;span class="trace-arguments"&gt;()&lt;/span&gt;    
                    &lt;span class="block trace-file-path"&gt;
            in
            &lt;a href=""&gt;
                C:\Users\eman\Documents\GitHub\car_dealer\vendor\doctrine\orm\lib\Doctrine\ORM\Persisters\Entity\&lt;strong&gt;BasicEntityPersister.php&lt;/strong&gt;
            &lt;/a&gt;
                        (line 735)
            &lt;span class="icon icon-copy hidden" data-clipboard-text="C:\Users\eman\Documents\GitHub\car_dealer\vendor\doctrine\orm\lib\Doctrine\ORM\Persisters\Entity\BasicEntityPersister.php:735"&gt;
                &lt;svg xmlns="http://www.w3.org/2000/svg" height="24" viewBox="0 0 24 24" width="24"&gt;&lt;path d="M0 0h24v24H0z" fill="none"/&gt;&lt;path d="M16 1H4c-1.1 0-2 .9-2 2v14h2V3h12V1zm3 4H8c-1.1 0-2 .9-2 2v14c0 1.1.9 2 2 2h11c1.1 0 2-.9 2-2V7c0-1.1-.9-2-2-2zm0 16H8V7h11v14z"/&gt;&lt;/svg&gt;            &lt;/span&gt;
        &lt;/span&gt;
    &lt;/div&gt;
    &lt;div id="trace-html-3-6" class="trace-code sf-toggle-content"&gt;
        &lt;ol start="730"&gt;&lt;li&gt;&lt;code&gt;&lt;span style="color: var(--highlight-keyword)"&gt;&amp;nbsp;&amp;nbsp;&amp;nbsp;&amp;nbsp;&lt;/span&gt;&lt;span style="color: var(--highlight-comment)"&gt;/**&lt;/span&gt;&lt;/code&gt;&lt;/li&gt;
&lt;li&gt;&lt;code&gt;&lt;span style="color: var(--highlight-comment)"&gt;&amp;nbsp;&amp;nbsp;&amp;nbsp;&amp;nbsp;&amp;nbsp;*&amp;nbsp;{@inheritdoc}&lt;/span&gt;&lt;/code&gt;&lt;/li&gt;
&lt;li&gt;&lt;code&gt;&lt;span style="color: var(--highlight-comment)"&gt;&amp;nbsp;&amp;nbsp;&amp;nbsp;&amp;nbsp;&amp;nbsp;*/&lt;/span&gt;&lt;/code&gt;&lt;/li&gt;
&lt;li&gt;&lt;code&gt;&lt;span style="color: var(--highlight-comment)"&gt;&amp;nbsp;&amp;nbsp;&amp;nbsp;&amp;nbsp;&lt;/span&gt;&lt;span style="color: var(--highlight-keyword)"&gt;public&amp;nbsp;function&amp;nbsp;&lt;/span&gt;&lt;span style="color: var(--highlight-default)"&gt;loadById&lt;/span&gt;&lt;span style="color: var(--highlight-keyword)"&gt;(array&amp;nbsp;&lt;/span&gt;&lt;span style="color: var(--highlight-default)"&gt;$identifier&lt;/span&gt;&lt;span style="color: var(--highlight-keyword)"&gt;,&amp;nbsp;&lt;/span&gt;&lt;span style="color: var(--highlight-default)"&gt;$entity&amp;nbsp;&lt;/span&gt;&lt;span style="color: var(--highlight-keyword)"&gt;=&amp;nbsp;&lt;/span&gt;&lt;span style="color: var(--highlight-default)"&gt;null&lt;/span&gt;&lt;span style="color: var(--highlight-keyword)"&gt;)&lt;/span&gt;&lt;/code&gt;&lt;/li&gt;
&lt;li&gt;&lt;code&gt;&lt;span style="color: var(--highlight-keyword)"&gt;&amp;nbsp;&amp;nbsp;&amp;nbsp;&amp;nbsp;{&lt;/span&gt;&lt;/code&gt;&lt;/li&gt;
&lt;li class="selected"&gt;&lt;code&gt;&lt;span style="color: var(--highlight-keyword)"&gt;&amp;nbsp;&amp;nbsp;&amp;nbsp;&amp;nbsp;&amp;nbsp;&amp;nbsp;&amp;nbsp;&amp;nbsp;return&amp;nbsp;&lt;/span&gt;&lt;span style="color: var(--highlight-default)"&gt;$this&lt;/span&gt;&lt;span style="color: var(--highlight-keyword)"&gt;-&amp;gt;&lt;/span&gt;&lt;span style="color: var(--highlight-default)"&gt;load&lt;/span&gt;&lt;span style="color: var(--highlight-keyword)"&gt;(&lt;/span&gt;&lt;span style="color: var(--highlight-default)"&gt;$identifier&lt;/span&gt;&lt;span style="color: var(--highlight-keyword)"&gt;,&amp;nbsp;&lt;/span&gt;&lt;span style="color: var(--highlight-default)"&gt;$entity&lt;/span&gt;&lt;span style="color: var(--highlight-keyword)"&gt;);&lt;/span&gt;&lt;/code&gt;&lt;/li&gt;
&lt;li&gt;&lt;code&gt;&lt;span style="color: var(--highlight-keyword)"&gt;&amp;nbsp;&amp;nbsp;&amp;nbsp;&amp;nbsp;}&lt;/span&gt;&lt;/code&gt;&lt;/li&gt;
&lt;li&gt;&lt;code&gt;&lt;span style="color: var(--highlight-keyword)"&gt;&lt;/span&gt;&lt;/code&gt;&lt;/li&gt;
&lt;li&gt;&lt;code&gt;&lt;span style="color: var(--highlight-keyword)"&gt;&amp;nbsp;&amp;nbsp;&amp;nbsp;&amp;nbsp;&lt;/span&gt;&lt;span style="color: var(--highlight-comment)"&gt;/**&lt;/span&gt;&lt;/code&gt;&lt;/li&gt;
&lt;li&gt;&lt;code&gt;&lt;span style="color: var(--highlight-comment)"&gt;&amp;nbsp;&amp;nbsp;&amp;nbsp;&amp;nbsp;&amp;nbsp;*&amp;nbsp;{@inheritdoc}&lt;/span&gt;&lt;/code&gt;&lt;/li&gt;
&lt;li&gt;&lt;code&gt;&lt;span style="color: var(--highlight-comment)"&gt;&amp;nbsp;&amp;nbsp;&amp;nbsp;&amp;nbsp;&amp;nbsp;*/&lt;/span&gt;&lt;/code&gt;&lt;/li&gt;&lt;/ol&gt;    &lt;/div&gt;            &lt;/div&gt;
                        &lt;div class="trace-line "&gt;
                &lt;div class="trace-line-header break-long-words sf-toggle" data-toggle-selector="#trace-html-3-7" data-toggle-initial=""&gt;
            &lt;span class="icon icon-close"&gt;&lt;svg width="1792" height="1792" viewBox="0 0 1792 1792" xmlns="http://www.w3.org/2000/svg"&gt;&lt;path d="M1408 960V832q0-26-19-45t-45-19H448q-26 0-45 19t-19 45v128q0 26 19 45t45 19h896q26 0 45-19t19-45zm256-544v960q0 119-84.5 203.5T1376 1664H416q-119 0-203.5-84.5T128 1376V416q0-119 84.5-203.5T416 128h960q119 0 203.5 84.5T1664 416z"/&gt;&lt;/svg&gt;&lt;/span&gt;
        &lt;span class="icon icon-open"&gt;&lt;svg width="1792" height="1792" viewBox="0 0 1792 1792" xmlns="http://www.w3.org/2000/svg"&gt;&lt;path d="M1408 960V832q0-26-19-45t-45-19h-320V448q0-26-19-45t-45-19H832q-26 0-45 19t-19 45v320H448q-26 0-45 19t-19 45v128q0 26 19 45t45 19h320v320q0 26 19 45t45 19h128q26 0 45-19t19-45v-320h320q26 0 45-19t19-45zm256-544v960q0 119-84.5 203.5T1376 1664H416q-119 0-203.5-84.5T128 1376V416q0-119 84.5-203.5T416 128h960q119 0 203.5 84.5T1664 416z"/&gt;&lt;/svg&gt;&lt;/span&gt;
    
            &lt;span class="trace-class"&gt;&lt;abbr title="Doctrine\ORM\Persisters\Entity\BasicEntityPersister"&gt;BasicEntityPersister&lt;/abbr&gt;&lt;/span&gt;&lt;span class="trace-type"&gt;-&gt;&lt;/span&gt;&lt;span class="trace-method"&gt;loadById&lt;/span&gt;&lt;span class="trace-arguments"&gt;()&lt;/span&gt;    
                    &lt;span class="block trace-file-path"&gt;
            in
            &lt;a href=""&gt;
                C:\Users\eman\Documents\GitHub\car_dealer\vendor\doctrine\orm\lib\Doctrine\ORM\&lt;strong&gt;EntityManager.php&lt;/strong&gt;
            &lt;/a&gt;
                        (line 497)
            &lt;span class="icon icon-copy hidden" data-clipboard-text="C:\Users\eman\Documents\GitHub\car_dealer\vendor\doctrine\orm\lib\Doctrine\ORM\EntityManager.php:497"&gt;
                &lt;svg xmlns="http://www.w3.org/2000/svg" height="24" viewBox="0 0 24 24" width="24"&gt;&lt;path d="M0 0h24v24H0z" fill="none"/&gt;&lt;path d="M16 1H4c-1.1 0-2 .9-2 2v14h2V3h12V1zm3 4H8c-1.1 0-2 .9-2 2v14c0 1.1.9 2 2 2h11c1.1 0 2-.9 2-2V7c0-1.1-.9-2-2-2zm0 16H8V7h11v14z"/&gt;&lt;/svg&gt;            &lt;/span&gt;
        &lt;/span&gt;
    &lt;/div&gt;
    &lt;div id="trace-html-3-7" class="trace-code sf-toggle-content"&gt;
        &lt;ol start="492"&gt;&lt;li&gt;&lt;code&gt;&lt;span style="color: var(--highlight-keyword)"&gt;&amp;nbsp;&amp;nbsp;&amp;nbsp;&amp;nbsp;&amp;nbsp;&amp;nbsp;&amp;nbsp;&amp;nbsp;&amp;nbsp;&amp;nbsp;&amp;nbsp;&amp;nbsp;case&amp;nbsp;&lt;/span&gt;&lt;span style="color: var(--highlight-default)"&gt;$lockMode&amp;nbsp;&lt;/span&gt;&lt;span style="color: var(--highlight-keyword)"&gt;===&amp;nbsp;&lt;/span&gt;&lt;span style="color: var(--highlight-default)"&gt;LockMode&lt;/span&gt;&lt;span style="color: var(--highlight-keyword)"&gt;::&lt;/span&gt;&lt;span style="color: var(--highlight-default)"&gt;PESSIMISTIC_READ&lt;/span&gt;&lt;span style="color: var(--highlight-keyword)"&gt;:&lt;/span&gt;&lt;/code&gt;&lt;/li&gt;
&lt;li&gt;&lt;code&gt;&lt;span style="color: var(--highlight-keyword)"&gt;&amp;nbsp;&amp;nbsp;&amp;nbsp;&amp;nbsp;&amp;nbsp;&amp;nbsp;&amp;nbsp;&amp;nbsp;&amp;nbsp;&amp;nbsp;&amp;nbsp;&amp;nbsp;case&amp;nbsp;&lt;/span&gt;&lt;span style="color: var(--highlight-default)"&gt;$lockMode&amp;nbsp;&lt;/span&gt;&lt;span style="color: var(--highlight-keyword)"&gt;===&amp;nbsp;&lt;/span&gt;&lt;span style="color: var(--highlight-default)"&gt;LockMode&lt;/span&gt;&lt;span style="color: var(--highlight-keyword)"&gt;::&lt;/span&gt;&lt;span style="color: var(--highlight-default)"&gt;PESSIMISTIC_WRITE&lt;/span&gt;&lt;span style="color: var(--highlight-keyword)"&gt;:&lt;/span&gt;&lt;/code&gt;&lt;/li&gt;
&lt;li&gt;&lt;code&gt;&lt;span style="color: var(--highlight-keyword)"&gt;&amp;nbsp;&amp;nbsp;&amp;nbsp;&amp;nbsp;&amp;nbsp;&amp;nbsp;&amp;nbsp;&amp;nbsp;&amp;nbsp;&amp;nbsp;&amp;nbsp;&amp;nbsp;&amp;nbsp;&amp;nbsp;&amp;nbsp;&amp;nbsp;return&amp;nbsp;&lt;/span&gt;&lt;span style="color: var(--highlight-default)"&gt;$persister&lt;/span&gt;&lt;span style="color: var(--highlight-keyword)"&gt;-&amp;gt;&lt;/span&gt;&lt;span style="color: var(--highlight-default)"&gt;load&lt;/span&gt;&lt;span style="color: var(--highlight-keyword)"&gt;(&lt;/span&gt;&lt;span style="color: var(--highlight-default)"&gt;$sortedId&lt;/span&gt;&lt;span style="color: var(--highlight-keyword)"&gt;,&amp;nbsp;&lt;/span&gt;&lt;span style="color: var(--highlight-default)"&gt;null&lt;/span&gt;&lt;span style="color: var(--highlight-keyword)"&gt;,&amp;nbsp;&lt;/span&gt;&lt;span style="color: var(--highlight-default)"&gt;null&lt;/span&gt;&lt;span style="color: var(--highlight-keyword)"&gt;,&amp;nbsp;[],&amp;nbsp;&lt;/span&gt;&lt;span style="color: var(--highlight-default)"&gt;$lockMode&lt;/span&gt;&lt;span style="color: var(--highlight-keyword)"&gt;);&lt;/span&gt;&lt;/code&gt;&lt;/li&gt;
&lt;li&gt;&lt;code&gt;&lt;span style="color: var(--highlight-keyword)"&gt;&lt;/span&gt;&lt;/code&gt;&lt;/li&gt;
&lt;li&gt;&lt;code&gt;&lt;span style="color: var(--highlight-keyword)"&gt;&amp;nbsp;&amp;nbsp;&amp;nbsp;&amp;nbsp;&amp;nbsp;&amp;nbsp;&amp;nbsp;&amp;nbsp;&amp;nbsp;&amp;nbsp;&amp;nbsp;&amp;nbsp;default:&lt;/span&gt;&lt;/code&gt;&lt;/li&gt;
&lt;li class="selected"&gt;&lt;code&gt;&lt;span style="color: var(--highlight-keyword)"&gt;&amp;nbsp;&amp;nbsp;&amp;nbsp;&amp;nbsp;&amp;nbsp;&amp;nbsp;&amp;nbsp;&amp;nbsp;&amp;nbsp;&amp;nbsp;&amp;nbsp;&amp;nbsp;&amp;nbsp;&amp;nbsp;&amp;nbsp;&amp;nbsp;return&amp;nbsp;&lt;/span&gt;&lt;span style="color: var(--highlight-default)"&gt;$persister&lt;/span&gt;&lt;span style="color: var(--highlight-keyword)"&gt;-&amp;gt;&lt;/span&gt;&lt;span style="color: var(--highlight-default)"&gt;loadById&lt;/span&gt;&lt;span style="color: var(--highlight-keyword)"&gt;(&lt;/span&gt;&lt;span style="color: var(--highlight-default)"&gt;$sortedId&lt;/span&gt;&lt;span style="color: var(--highlight-keyword)"&gt;);&lt;/span&gt;&lt;/code&gt;&lt;/li&gt;
&lt;li&gt;&lt;code&gt;&lt;span style="color: var(--highlight-keyword)"&gt;&amp;nbsp;&amp;nbsp;&amp;nbsp;&amp;nbsp;&amp;nbsp;&amp;nbsp;&amp;nbsp;&amp;nbsp;}&lt;/span&gt;&lt;/code&gt;&lt;/li&gt;
&lt;li&gt;&lt;code&gt;&lt;span style="color: var(--highlight-keyword)"&gt;&amp;nbsp;&amp;nbsp;&amp;nbsp;&amp;nbsp;}&lt;/span&gt;&lt;/code&gt;&lt;/li&gt;
&lt;li&gt;&lt;code&gt;&lt;span style="color: var(--highlight-keyword)"&gt;&lt;/span&gt;&lt;/code&gt;&lt;/li&gt;
&lt;li&gt;&lt;code&gt;&lt;span style="color: var(--highlight-keyword)"&gt;&amp;nbsp;&amp;nbsp;&amp;nbsp;&amp;nbsp;&lt;/span&gt;&lt;span style="color: var(--highlight-comment)"&gt;/**&lt;/span&gt;&lt;/code&gt;&lt;/li&gt;
&lt;li&gt;&lt;code&gt;&lt;span style="color: var(--highlight-comment)"&gt;&amp;nbsp;&amp;nbsp;&amp;nbsp;&amp;nbsp;&amp;nbsp;*&amp;nbsp;{@inheritDoc}&lt;/span&gt;&lt;/code&gt;&lt;/li&gt;&lt;/ol&gt;    &lt;/div&gt;            &lt;/div&gt;
                        &lt;div class="trace-line "&gt;
                &lt;div class="trace-line-header break-long-words sf-toggle" data-toggle-selector="#trace-html-3-8" data-toggle-initial=""&gt;
            &lt;span class="icon icon-close"&gt;&lt;svg width="1792" height="1792" viewBox="0 0 1792 1792" xmlns="http://www.w3.org/2000/svg"&gt;&lt;path d="M1408 960V832q0-26-19-45t-45-19H448q-26 0-45 19t-19 45v128q0 26 19 45t45 19h896q26 0 45-19t19-45zm256-544v960q0 119-84.5 203.5T1376 1664H416q-119 0-203.5-84.5T128 1376V416q0-119 84.5-203.5T416 128h960q119 0 203.5 84.5T1664 416z"/&gt;&lt;/svg&gt;&lt;/span&gt;
        &lt;span class="icon icon-open"&gt;&lt;svg width="1792" height="1792" viewBox="0 0 1792 1792" xmlns="http://www.w3.org/2000/svg"&gt;&lt;path d="M1408 960V832q0-26-19-45t-45-19h-320V448q0-26-19-45t-45-19H832q-26 0-45 19t-19 45v320H448q-26 0-45 19t-19 45v128q0 26 19 45t45 19h320v320q0 26 19 45t45 19h128q26 0 45-19t19-45v-320h320q26 0 45-19t19-45zm256-544v960q0 119-84.5 203.5T1376 1664H416q-119 0-203.5-84.5T128 1376V416q0-119 84.5-203.5T416 128h960q119 0 203.5 84.5T1664 416z"/&gt;&lt;/svg&gt;&lt;/span&gt;
    
            &lt;span class="trace-class"&gt;&lt;abbr title="Doctrine\ORM\EntityManager"&gt;EntityManager&lt;/abbr&gt;&lt;/span&gt;&lt;span class="trace-type"&gt;-&gt;&lt;/span&gt;&lt;span class="trace-method"&gt;find&lt;/span&gt;&lt;span class="trace-arguments"&gt;()&lt;/span&gt;    
                    &lt;span class="block trace-file-path"&gt;
            in
            &lt;a href=""&gt;
                C:\Users\eman\Documents\GitHub\car_dealer\var\cache\test\ContainerLzWfuku\&lt;strong&gt;EntityManager_9a5be93.php&lt;/strong&gt;
            &lt;/a&gt;
                        (line 143)
            &lt;span class="icon icon-copy hidden" data-clipboard-text="C:\Users\eman\Documents\GitHub\car_dealer\var\cache\test\ContainerLzWfuku\EntityManager_9a5be93.php:143"&gt;
                &lt;svg xmlns="http://www.w3.org/2000/svg" height="24" viewBox="0 0 24 24" width="24"&gt;&lt;path d="M0 0h24v24H0z" fill="none"/&gt;&lt;path d="M16 1H4c-1.1 0-2 .9-2 2v14h2V3h12V1zm3 4H8c-1.1 0-2 .9-2 2v14c0 1.1.9 2 2 2h11c1.1 0 2-.9 2-2V7c0-1.1-.9-2-2-2zm0 16H8V7h11v14z"/&gt;&lt;/svg&gt;            &lt;/span&gt;
        &lt;/span&gt;
    &lt;/div&gt;
    &lt;div id="trace-html-3-8" class="trace-code sf-toggle-content"&gt;
        &lt;ol start="138"&gt;&lt;li&gt;&lt;code&gt;&lt;span style="color: var(--highlight-keyword)"&gt;&lt;/span&gt;&lt;/code&gt;&lt;/li&gt;
&lt;li&gt;&lt;code&gt;&lt;span style="color: var(--highlight-keyword)"&gt;&amp;nbsp;&amp;nbsp;&amp;nbsp;&amp;nbsp;public&amp;nbsp;function&amp;nbsp;&lt;/span&gt;&lt;span style="color: var(--highlight-default)"&gt;find&lt;/span&gt;&lt;span style="color: var(--highlight-keyword)"&gt;(&lt;/span&gt;&lt;span style="color: var(--highlight-default)"&gt;$className&lt;/span&gt;&lt;span style="color: var(--highlight-keyword)"&gt;,&amp;nbsp;&lt;/span&gt;&lt;span style="color: var(--highlight-default)"&gt;$id&lt;/span&gt;&lt;span style="color: var(--highlight-keyword)"&gt;,&amp;nbsp;&lt;/span&gt;&lt;span style="color: var(--highlight-default)"&gt;$lockMode&amp;nbsp;&lt;/span&gt;&lt;span style="color: var(--highlight-keyword)"&gt;=&amp;nbsp;&lt;/span&gt;&lt;span style="color: var(--highlight-default)"&gt;null&lt;/span&gt;&lt;span style="color: var(--highlight-keyword)"&gt;,&amp;nbsp;&lt;/span&gt;&lt;span style="color: var(--highlight-default)"&gt;$lockVersion&amp;nbsp;&lt;/span&gt;&lt;span style="color: var(--highlight-keyword)"&gt;=&amp;nbsp;&lt;/span&gt;&lt;span style="color: var(--highlight-default)"&gt;null&lt;/span&gt;&lt;span style="color: var(--highlight-keyword)"&gt;)&lt;/span&gt;&lt;/code&gt;&lt;/li&gt;
&lt;li&gt;&lt;code&gt;&lt;span style="color: var(--highlight-keyword)"&gt;&amp;nbsp;&amp;nbsp;&amp;nbsp;&amp;nbsp;{&lt;/span&gt;&lt;/code&gt;&lt;/li&gt;
&lt;li&gt;&lt;code&gt;&lt;span style="color: var(--highlight-keyword)"&gt;&amp;nbsp;&amp;nbsp;&amp;nbsp;&amp;nbsp;&amp;nbsp;&amp;nbsp;&amp;nbsp;&amp;nbsp;&lt;/span&gt;&lt;span style="color: var(--highlight-default)"&gt;$this&lt;/span&gt;&lt;span style="color: var(--highlight-keyword)"&gt;-&amp;gt;&lt;/span&gt;&lt;span style="color: var(--highlight-default)"&gt;initializer9be91&amp;nbsp;&lt;/span&gt;&lt;span style="color: var(--highlight-keyword)"&gt;&amp;amp;&amp;amp;&amp;nbsp;(&lt;/span&gt;&lt;span style="color: var(--highlight-default)"&gt;$this&lt;/span&gt;&lt;span style="color: var(--highlight-keyword)"&gt;-&amp;gt;&lt;/span&gt;&lt;span style="color: var(--highlight-default)"&gt;initializer9be91&lt;/span&gt;&lt;span style="color: var(--highlight-keyword)"&gt;-&amp;gt;&lt;/span&gt;&lt;span style="color: var(--highlight-default)"&gt;__invoke&lt;/span&gt;&lt;span style="color: var(--highlight-keyword)"&gt;(&lt;/span&gt;&lt;span style="color: var(--highlight-default)"&gt;$valueHolder22b2c&lt;/span&gt;&lt;span style="color: var(--highlight-keyword)"&gt;,&amp;nbsp;&lt;/span&gt;&lt;span style="color: var(--highlight-default)"&gt;$this&lt;/span&gt;&lt;span style="color: var(--highlight-keyword)"&gt;,&amp;nbsp;&lt;/span&gt;&lt;span style="color: var(--highlight-string)"&gt;'find'&lt;/span&gt;&lt;span style="color: var(--highlight-keyword)"&gt;,&amp;nbsp;array(&lt;/span&gt;&lt;span style="color: var(--highlight-string)"&gt;'className'&amp;nbsp;&lt;/span&gt;&lt;span style="color: var(--highlight-keyword)"&gt;=&amp;gt;&amp;nbsp;&lt;/span&gt;&lt;span style="color: var(--highlight-default)"&gt;$className&lt;/span&gt;&lt;span style="color: var(--highlight-keyword)"&gt;,&amp;nbsp;&lt;/span&gt;&lt;span style="color: var(--highlight-string)"&gt;'id'&amp;nbsp;&lt;/span&gt;&lt;span style="color: var(--highlight-keyword)"&gt;=&amp;gt;&amp;nbsp;&lt;/span&gt;&lt;span style="color: var(--highlight-default)"&gt;$id&lt;/span&gt;&lt;span style="color: var(--highlight-keyword)"&gt;,&amp;nbsp;&lt;/span&gt;&lt;span style="color: var(--highlight-string)"&gt;'lockMode'&amp;nbsp;&lt;/span&gt;&lt;span style="color: var(--highlight-keyword)"&gt;=&amp;gt;&amp;nbsp;&lt;/span&gt;&lt;span style="color: var(--highlight-default)"&gt;$lockMode&lt;/span&gt;&lt;span style="color: var(--highlight-keyword)"&gt;,&amp;nbsp;&lt;/span&gt;&lt;span style="color: var(--highlight-string)"&gt;'lockVersion'&amp;nbsp;&lt;/span&gt;&lt;span style="color: var(--highlight-keyword)"&gt;=&amp;gt;&amp;nbsp;&lt;/span&gt;&lt;span style="color: var(--highlight-default)"&gt;$lockVersion&lt;/span&gt;&lt;span style="color: var(--highlight-keyword)"&gt;),&amp;nbsp;&lt;/span&gt;&lt;span style="color: var(--highlight-default)"&gt;$this&lt;/span&gt;&lt;span style="color: var(--highlight-keyword)"&gt;-&amp;gt;&lt;/span&gt;&lt;span style="color: var(--highlight-default)"&gt;initializer9be91&lt;/span&gt;&lt;span style="color: var(--highlight-keyword)"&gt;)&amp;nbsp;||&amp;nbsp;&lt;/span&gt;&lt;span style="color: var(--highlight-default)"&gt;1&lt;/span&gt;&lt;span style="color: var(--highlight-keyword)"&gt;)&amp;nbsp;&amp;amp;&amp;amp;&amp;nbsp;&lt;/span&gt;&lt;span style="color: var(--highlight-default)"&gt;$this&lt;/span&gt;&lt;span style="color: var(--highlight-keyword)"&gt;-&amp;gt;&lt;/span&gt;&lt;span style="color: var(--highlight-default)"&gt;valueHolder22b2c&amp;nbsp;&lt;/span&gt;&lt;span style="color: var(--highlight-keyword)"&gt;=&amp;nbsp;&lt;/span&gt;&lt;span style="color: var(--highlight-default)"&gt;$valueHolder22b2c&lt;/span&gt;&lt;span style="color: var(--highlight-keyword)"&gt;;&lt;/span&gt;&lt;/code&gt;&lt;/li&gt;
&lt;li&gt;&lt;code&gt;&lt;span style="color: var(--highlight-keyword)"&gt;&lt;/span&gt;&lt;/code&gt;&lt;/li&gt;
&lt;li class="selected"&gt;&lt;code&gt;&lt;span style="color: var(--highlight-keyword)"&gt;&amp;nbsp;&amp;nbsp;&amp;nbsp;&amp;nbsp;&amp;nbsp;&amp;nbsp;&amp;nbsp;&amp;nbsp;return&amp;nbsp;&lt;/span&gt;&lt;span style="color: var(--highlight-default)"&gt;$this&lt;/span&gt;&lt;span style="color: var(--highlight-keyword)"&gt;-&amp;gt;&lt;/span&gt;&lt;span style="color: var(--highlight-default)"&gt;valueHolder22b2c&lt;/span&gt;&lt;span style="color: var(--highlight-keyword)"&gt;-&amp;gt;&lt;/span&gt;&lt;span style="color: var(--highlight-default)"&gt;find&lt;/span&gt;&lt;span style="color: var(--highlight-keyword)"&gt;(&lt;/span&gt;&lt;span style="color: var(--highlight-default)"&gt;$className&lt;/span&gt;&lt;span style="color: var(--highlight-keyword)"&gt;,&amp;nbsp;&lt;/span&gt;&lt;span style="color: var(--highlight-default)"&gt;$id&lt;/span&gt;&lt;span style="color: var(--highlight-keyword)"&gt;,&amp;nbsp;&lt;/span&gt;&lt;span style="color: var(--highlight-default)"&gt;$lockMode&lt;/span&gt;&lt;span style="color: var(--highlight-keyword)"&gt;,&amp;nbsp;&lt;/span&gt;&lt;span style="color: var(--highlight-default)"&gt;$lockVersion&lt;/span&gt;&lt;span style="color: var(--highlight-keyword)"&gt;);&lt;/span&gt;&lt;/code&gt;&lt;/li&gt;
&lt;li&gt;&lt;code&gt;&lt;span style="color: var(--highlight-keyword)"&gt;&amp;nbsp;&amp;nbsp;&amp;nbsp;&amp;nbsp;}&lt;/span&gt;&lt;/code&gt;&lt;/li&gt;
&lt;li&gt;&lt;code&gt;&lt;span style="color: var(--highlight-keyword)"&gt;&lt;/span&gt;&lt;/code&gt;&lt;/li&gt;
&lt;li&gt;&lt;code&gt;&lt;span style="color: var(--highlight-keyword)"&gt;&amp;nbsp;&amp;nbsp;&amp;nbsp;&amp;nbsp;public&amp;nbsp;function&amp;nbsp;&lt;/span&gt;&lt;span style="color: var(--highlight-default)"&gt;getReference&lt;/span&gt;&lt;span style="color: var(--highlight-keyword)"&gt;(&lt;/span&gt;&lt;span style="color: var(--highlight-default)"&gt;$entityName&lt;/span&gt;&lt;span style="color: var(--highlight-keyword)"&gt;,&amp;nbsp;&lt;/span&gt;&lt;span style="color: var(--highlight-default)"&gt;$id&lt;/span&gt;&lt;span style="color: var(--highlight-keyword)"&gt;)&lt;/span&gt;&lt;/code&gt;&lt;/li&gt;
&lt;li&gt;&lt;code&gt;&lt;span style="color: var(--highlight-keyword)"&gt;&amp;nbsp;&amp;nbsp;&amp;nbsp;&amp;nbsp;{&lt;/span&gt;&lt;/code&gt;&lt;/li&gt;
&lt;li&gt;&lt;code&gt;&lt;span style="color: var(--highlight-keyword)"&gt;&amp;nbsp;&amp;nbsp;&amp;nbsp;&amp;nbsp;&amp;nbsp;&amp;nbsp;&amp;nbsp;&amp;nbsp;&lt;/span&gt;&lt;span style="color: var(--highlight-default)"&gt;$this&lt;/span&gt;&lt;span style="color: var(--highlight-keyword)"&gt;-&amp;gt;&lt;/span&gt;&lt;span style="color: var(--highlight-default)"&gt;initializer9be91&amp;nbsp;&lt;/span&gt;&lt;span style="color: var(--highlight-keyword)"&gt;&amp;amp;&amp;amp;&amp;nbsp;(&lt;/span&gt;&lt;span style="color: var(--highlight-default)"&gt;$this&lt;/span&gt;&lt;span style="color: var(--highlight-keyword)"&gt;-&amp;gt;&lt;/span&gt;&lt;span style="color: var(--highlight-default)"&gt;initializer9be91&lt;/span&gt;&lt;span style="color: var(--highlight-keyword)"&gt;-&amp;gt;&lt;/span&gt;&lt;span style="color: var(--highlight-default)"&gt;__invoke&lt;/span&gt;&lt;span style="color: var(--highlight-keyword)"&gt;(&lt;/span&gt;&lt;span style="color: var(--highlight-default)"&gt;$valueHolder22b2c&lt;/span&gt;&lt;span style="color: var(--highlight-keyword)"&gt;,&amp;nbsp;&lt;/span&gt;&lt;span style="color: var(--highlight-default)"&gt;$this&lt;/span&gt;&lt;span style="color: var(--highlight-keyword)"&gt;,&amp;nbsp;&lt;/span&gt;&lt;span style="color: var(--highlight-string)"&gt;'getReference'&lt;/span&gt;&lt;span style="color: var(--highlight-keyword)"&gt;,&amp;nbsp;array(&lt;/span&gt;&lt;span style="color: var(--highlight-string)"&gt;'entityName'&amp;nbsp;&lt;/span&gt;&lt;span style="color: var(--highlight-keyword)"&gt;=&amp;gt;&amp;nbsp;&lt;/span&gt;&lt;span style="color: var(--highlight-default)"&gt;$entityName&lt;/span&gt;&lt;span style="color: var(--highlight-keyword)"&gt;,&amp;nbsp;&lt;/span&gt;&lt;span style="color: var(--highlight-string)"&gt;'id'&amp;nbsp;&lt;/span&gt;&lt;span style="color: var(--highlight-keyword)"&gt;=&amp;gt;&amp;nbsp;&lt;/span&gt;&lt;span style="color: var(--highlight-default)"&gt;$id&lt;/span&gt;&lt;span style="color: var(--highlight-keyword)"&gt;),&amp;nbsp;&lt;/span&gt;&lt;span style="color: var(--highlight-default)"&gt;$this&lt;/span&gt;&lt;span style="color: var(--highlight-keyword)"&gt;-&amp;gt;&lt;/span&gt;&lt;span style="color: var(--highlight-default)"&gt;initializer9be91&lt;/span&gt;&lt;span style="color: var(--highlight-keyword)"&gt;)&amp;nbsp;||&amp;nbsp;&lt;/span&gt;&lt;span style="color: var(--highlight-default)"&gt;1&lt;/span&gt;&lt;span style="color: var(--highlight-keyword)"&gt;)&amp;nbsp;&amp;amp;&amp;amp;&amp;nbsp;&lt;/span&gt;&lt;span style="color: var(--highlight-default)"&gt;$this&lt;/span&gt;&lt;span style="color: var(--highlight-keyword)"&gt;-&amp;gt;&lt;/span&gt;&lt;span style="color: var(--highlight-default)"&gt;valueHolder22b2c&amp;nbsp;&lt;/span&gt;&lt;span style="color: var(--highlight-keyword)"&gt;=&amp;nbsp;&lt;/span&gt;&lt;span style="color: var(--highlight-default)"&gt;$valueHolder22b2c&lt;/span&gt;&lt;span style="color: var(--highlight-keyword)"&gt;;&lt;/span&gt;&lt;/code&gt;&lt;/li&gt;&lt;/ol&gt;    &lt;/div&gt;            &lt;/div&gt;
                        &lt;div class="trace-line "&gt;
                &lt;div class="trace-line-header break-long-words sf-toggle" data-toggle-selector="#trace-html-3-9" data-toggle-initial=""&gt;
            &lt;span class="icon icon-close"&gt;&lt;svg width="1792" height="1792" viewBox="0 0 1792 1792" xmlns="http://www.w3.org/2000/svg"&gt;&lt;path d="M1408 960V832q0-26-19-45t-45-19H448q-26 0-45 19t-19 45v128q0 26 19 45t45 19h896q26 0 45-19t19-45zm256-544v960q0 119-84.5 203.5T1376 1664H416q-119 0-203.5-84.5T128 1376V416q0-119 84.5-203.5T416 128h960q119 0 203.5 84.5T1664 416z"/&gt;&lt;/svg&gt;&lt;/span&gt;
        &lt;span class="icon icon-open"&gt;&lt;svg width="1792" height="1792" viewBox="0 0 1792 1792" xmlns="http://www.w3.org/2000/svg"&gt;&lt;path d="M1408 960V832q0-26-19-45t-45-19h-320V448q0-26-19-45t-45-19H832q-26 0-45 19t-19 45v320H448q-26 0-45 19t-19 45v128q0 26 19 45t45 19h320v320q0 26 19 45t45 19h128q26 0 45-19t19-45v-320h320q26 0 45-19t19-45zm256-544v960q0 119-84.5 203.5T1376 1664H416q-119 0-203.5-84.5T128 1376V416q0-119 84.5-203.5T416 128h960q119 0 203.5 84.5T1664 416z"/&gt;&lt;/svg&gt;&lt;/span&gt;
    
            &lt;span class="trace-class"&gt;&lt;abbr title="ContainerLzWfuku\EntityManager_9a5be93"&gt;EntityManager_9a5be93&lt;/abbr&gt;&lt;/span&gt;&lt;span class="trace-type"&gt;-&gt;&lt;/span&gt;&lt;span class="trace-method"&gt;find&lt;/span&gt;&lt;span class="trace-arguments"&gt;()&lt;/span&gt;    
                    &lt;span class="block trace-file-path"&gt;
            in
            &lt;a href=""&gt;
                C:\Users\eman\Documents\GitHub\car_dealer\vendor\doctrine\orm\lib\Doctrine\ORM\&lt;strong&gt;EntityRepository.php&lt;/strong&gt;
            &lt;/a&gt;
                        (line 174)
            &lt;span class="icon icon-copy hidden" data-clipboard-text="C:\Users\eman\Documents\GitHub\car_dealer\vendor\doctrine\orm\lib\Doctrine\ORM\EntityRepository.php:174"&gt;
                &lt;svg xmlns="http://www.w3.org/2000/svg" height="24" viewBox="0 0 24 24" width="24"&gt;&lt;path d="M0 0h24v24H0z" fill="none"/&gt;&lt;path d="M16 1H4c-1.1 0-2 .9-2 2v14h2V3h12V1zm3 4H8c-1.1 0-2 .9-2 2v14c0 1.1.9 2 2 2h11c1.1 0 2-.9 2-2V7c0-1.1-.9-2-2-2zm0 16H8V7h11v14z"/&gt;&lt;/svg&gt;            &lt;/span&gt;
        &lt;/span&gt;
    &lt;/div&gt;
    &lt;div id="trace-html-3-9" class="trace-code sf-toggle-content"&gt;
        &lt;ol start="169"&gt;&lt;li&gt;&lt;code&gt;&lt;span style="color: var(--highlight-comment)"&gt;&amp;nbsp;&amp;nbsp;&amp;nbsp;&amp;nbsp;&amp;nbsp;*&amp;nbsp;@return&amp;nbsp;object|null&amp;nbsp;The&amp;nbsp;entity&amp;nbsp;instance&amp;nbsp;or&amp;nbsp;NULL&amp;nbsp;if&amp;nbsp;the&amp;nbsp;entity&amp;nbsp;can&amp;nbsp;not&amp;nbsp;be&amp;nbsp;found.&lt;/span&gt;&lt;/code&gt;&lt;/li&gt;
&lt;li&gt;&lt;code&gt;&lt;span style="color: var(--highlight-comment)"&gt;&amp;nbsp;&amp;nbsp;&amp;nbsp;&amp;nbsp;&amp;nbsp;*&amp;nbsp;@psalm-return&amp;nbsp;?T&lt;/span&gt;&lt;/code&gt;&lt;/li&gt;
&lt;li&gt;&lt;code&gt;&lt;span style="color: var(--highlight-comment)"&gt;&amp;nbsp;&amp;nbsp;&amp;nbsp;&amp;nbsp;&amp;nbsp;*/&lt;/span&gt;&lt;/code&gt;&lt;/li&gt;
&lt;li&gt;&lt;code&gt;&lt;span style="color: var(--highlight-comment)"&gt;&amp;nbsp;&amp;nbsp;&amp;nbsp;&amp;nbsp;&lt;/span&gt;&lt;span style="color: var(--highlight-keyword)"&gt;public&amp;nbsp;function&amp;nbsp;&lt;/span&gt;&lt;span style="color: var(--highlight-default)"&gt;find&lt;/span&gt;&lt;span style="color: var(--highlight-keyword)"&gt;(&lt;/span&gt;&lt;span style="color: var(--highlight-default)"&gt;$id&lt;/span&gt;&lt;span style="color: var(--highlight-keyword)"&gt;,&amp;nbsp;&lt;/span&gt;&lt;span style="color: var(--highlight-default)"&gt;$lockMode&amp;nbsp;&lt;/span&gt;&lt;span style="color: var(--highlight-keyword)"&gt;=&amp;nbsp;&lt;/span&gt;&lt;span style="color: var(--highlight-default)"&gt;null&lt;/span&gt;&lt;span style="color: var(--highlight-keyword)"&gt;,&amp;nbsp;&lt;/span&gt;&lt;span style="color: var(--highlight-default)"&gt;$lockVersion&amp;nbsp;&lt;/span&gt;&lt;span style="color: var(--highlight-keyword)"&gt;=&amp;nbsp;&lt;/span&gt;&lt;span style="color: var(--highlight-default)"&gt;null&lt;/span&gt;&lt;span style="color: var(--highlight-keyword)"&gt;)&lt;/span&gt;&lt;/code&gt;&lt;/li&gt;
&lt;li&gt;&lt;code&gt;&lt;span style="color: var(--highlight-keyword)"&gt;&amp;nbsp;&amp;nbsp;&amp;nbsp;&amp;nbsp;{&lt;/span&gt;&lt;/code&gt;&lt;/li&gt;
&lt;li class="selected"&gt;&lt;code&gt;&lt;span style="color: var(--highlight-keyword)"&gt;&amp;nbsp;&amp;nbsp;&amp;nbsp;&amp;nbsp;&amp;nbsp;&amp;nbsp;&amp;nbsp;&amp;nbsp;return&amp;nbsp;&lt;/span&gt;&lt;span style="color: var(--highlight-default)"&gt;$this&lt;/span&gt;&lt;span style="color: var(--highlight-keyword)"&gt;-&amp;gt;&lt;/span&gt;&lt;span style="color: var(--highlight-default)"&gt;_em&lt;/span&gt;&lt;span style="color: var(--highlight-keyword)"&gt;-&amp;gt;&lt;/span&gt;&lt;span style="color: var(--highlight-default)"&gt;find&lt;/span&gt;&lt;span style="color: var(--highlight-keyword)"&gt;(&lt;/span&gt;&lt;span style="color: var(--highlight-default)"&gt;$this&lt;/span&gt;&lt;span style="color: var(--highlight-keyword)"&gt;-&amp;gt;&lt;/span&gt;&lt;span style="color: var(--highlight-default)"&gt;_entityName&lt;/span&gt;&lt;span style="color: var(--highlight-keyword)"&gt;,&amp;nbsp;&lt;/span&gt;&lt;span style="color: var(--highlight-default)"&gt;$id&lt;/span&gt;&lt;span style="color: var(--highlight-keyword)"&gt;,&amp;nbsp;&lt;/span&gt;&lt;span style="color: var(--highlight-default)"&gt;$lockMode&lt;/span&gt;&lt;span style="color: var(--highlight-keyword)"&gt;,&amp;nbsp;&lt;/span&gt;&lt;span style="color: var(--highlight-default)"&gt;$lockVersion&lt;/span&gt;&lt;span style="color: var(--highlight-keyword)"&gt;);&lt;/span&gt;&lt;/code&gt;&lt;/li&gt;
&lt;li&gt;&lt;code&gt;&lt;span style="color: var(--highlight-keyword)"&gt;&amp;nbsp;&amp;nbsp;&amp;nbsp;&amp;nbsp;}&lt;/span&gt;&lt;/code&gt;&lt;/li&gt;
&lt;li&gt;&lt;code&gt;&lt;span style="color: var(--highlight-keyword)"&gt;&lt;/span&gt;&lt;/code&gt;&lt;/li&gt;
&lt;li&gt;&lt;code&gt;&lt;span style="color: var(--highlight-keyword)"&gt;&amp;nbsp;&amp;nbsp;&amp;nbsp;&amp;nbsp;&lt;/span&gt;&lt;span style="color: var(--highlight-comment)"&gt;/**&lt;/span&gt;&lt;/code&gt;&lt;/li&gt;
&lt;li&gt;&lt;code&gt;&lt;span style="color: var(--highlight-comment)"&gt;&amp;nbsp;&amp;nbsp;&amp;nbsp;&amp;nbsp;&amp;nbsp;*&amp;nbsp;Finds&amp;nbsp;all&amp;nbsp;entities&amp;nbsp;in&amp;nbsp;the&amp;nbsp;repository.&lt;/span&gt;&lt;/code&gt;&lt;/li&gt;
&lt;li&gt;&lt;code&gt;&lt;span style="color: var(--highlight-comment)"&gt;&amp;nbsp;&amp;nbsp;&amp;nbsp;&amp;nbsp;&amp;nbsp;*&lt;/span&gt;&lt;/code&gt;&lt;/li&gt;&lt;/ol&gt;    &lt;/div&gt;            &lt;/div&gt;
                        &lt;div class="trace-line "&gt;
                &lt;div class="trace-line-header break-long-words sf-toggle" data-toggle-selector="#trace-html-3-10" data-toggle-initial=""&gt;
            &lt;span class="icon icon-close"&gt;&lt;svg width="1792" height="1792" viewBox="0 0 1792 1792" xmlns="http://www.w3.org/2000/svg"&gt;&lt;path d="M1408 960V832q0-26-19-45t-45-19H448q-26 0-45 19t-19 45v128q0 26 19 45t45 19h896q26 0 45-19t19-45zm256-544v960q0 119-84.5 203.5T1376 1664H416q-119 0-203.5-84.5T128 1376V416q0-119 84.5-203.5T416 128h960q119 0 203.5 84.5T1664 416z"/&gt;&lt;/svg&gt;&lt;/span&gt;
        &lt;span class="icon icon-open"&gt;&lt;svg width="1792" height="1792" viewBox="0 0 1792 1792" xmlns="http://www.w3.org/2000/svg"&gt;&lt;path d="M1408 960V832q0-26-19-45t-45-19h-320V448q0-26-19-45t-45-19H832q-26 0-45 19t-19 45v320H448q-26 0-45 19t-19 45v128q0 26 19 45t45 19h320v320q0 26 19 45t45 19h128q26 0 45-19t19-45v-320h320q26 0 45-19t19-45zm256-544v960q0 119-84.5 203.5T1376 1664H416q-119 0-203.5-84.5T128 1376V416q0-119 84.5-203.5T416 128h960q119 0 203.5 84.5T1664 416z"/&gt;&lt;/svg&gt;&lt;/span&gt;
    
            &lt;span class="trace-class"&gt;&lt;abbr title="Doctrine\ORM\EntityRepository"&gt;EntityRepository&lt;/abbr&gt;&lt;/span&gt;&lt;span class="trace-type"&gt;-&gt;&lt;/span&gt;&lt;span class="trace-method"&gt;find&lt;/span&gt;&lt;span class="trace-arguments"&gt;()&lt;/span&gt;    
                    &lt;span class="block trace-file-path"&gt;
            in
            &lt;a href=""&gt;
                C:\Users\eman\Documents\GitHub\car_dealer\vendor\sensio\framework-extra-bundle\src\Request\ParamConverter\&lt;strong&gt;DoctrineParamConverter.php&lt;/strong&gt;
            &lt;/a&gt;
                        (line 142)
            &lt;span class="icon icon-copy hidden" data-clipboard-text="C:\Users\eman\Documents\GitHub\car_dealer\vendor\sensio\framework-extra-bundle\src\Request\ParamConverter\DoctrineParamConverter.php:142"&gt;
                &lt;svg xmlns="http://www.w3.org/2000/svg" height="24" viewBox="0 0 24 24" width="24"&gt;&lt;path d="M0 0h24v24H0z" fill="none"/&gt;&lt;path d="M16 1H4c-1.1 0-2 .9-2 2v14h2V3h12V1zm3 4H8c-1.1 0-2 .9-2 2v14c0 1.1.9 2 2 2h11c1.1 0 2-.9 2-2V7c0-1.1-.9-2-2-2zm0 16H8V7h11v14z"/&gt;&lt;/svg&gt;            &lt;/span&gt;
        &lt;/span&gt;
    &lt;/div&gt;
    &lt;div id="trace-html-3-10" class="trace-code sf-toggle-content"&gt;
        &lt;ol start="137"&gt;&lt;li&gt;&lt;code&gt;&lt;span style="color: var(--highlight-keyword)"&gt;&amp;nbsp;&amp;nbsp;&amp;nbsp;&amp;nbsp;&amp;nbsp;&amp;nbsp;&amp;nbsp;&amp;nbsp;&amp;nbsp;&amp;nbsp;&amp;nbsp;&amp;nbsp;&amp;nbsp;&amp;nbsp;&amp;nbsp;&amp;nbsp;&lt;/span&gt;&lt;span style="color: var(--highlight-default)"&gt;$cacheProvider&lt;/span&gt;&lt;span style="color: var(--highlight-keyword)"&gt;-&amp;gt;&lt;/span&gt;&lt;span style="color: var(--highlight-default)"&gt;evictEntity&lt;/span&gt;&lt;span style="color: var(--highlight-keyword)"&gt;(&lt;/span&gt;&lt;span style="color: var(--highlight-default)"&gt;$class&lt;/span&gt;&lt;span style="color: var(--highlight-keyword)"&gt;,&amp;nbsp;&lt;/span&gt;&lt;span style="color: var(--highlight-default)"&gt;$id&lt;/span&gt;&lt;span style="color: var(--highlight-keyword)"&gt;);&lt;/span&gt;&lt;/code&gt;&lt;/li&gt;
&lt;li&gt;&lt;code&gt;&lt;span style="color: var(--highlight-keyword)"&gt;&amp;nbsp;&amp;nbsp;&amp;nbsp;&amp;nbsp;&amp;nbsp;&amp;nbsp;&amp;nbsp;&amp;nbsp;&amp;nbsp;&amp;nbsp;&amp;nbsp;&amp;nbsp;}&lt;/span&gt;&lt;/code&gt;&lt;/li&gt;
&lt;li&gt;&lt;code&gt;&lt;span style="color: var(--highlight-keyword)"&gt;&amp;nbsp;&amp;nbsp;&amp;nbsp;&amp;nbsp;&amp;nbsp;&amp;nbsp;&amp;nbsp;&amp;nbsp;}&lt;/span&gt;&lt;/code&gt;&lt;/li&gt;
&lt;li&gt;&lt;code&gt;&lt;span style="color: var(--highlight-keyword)"&gt;&lt;/span&gt;&lt;/code&gt;&lt;/li&gt;
&lt;li&gt;&lt;code&gt;&lt;span style="color: var(--highlight-keyword)"&gt;&amp;nbsp;&amp;nbsp;&amp;nbsp;&amp;nbsp;&amp;nbsp;&amp;nbsp;&amp;nbsp;&amp;nbsp;try&amp;nbsp;{&lt;/span&gt;&lt;/code&gt;&lt;/li&gt;
&lt;li class="selected"&gt;&lt;code&gt;&lt;span style="color: var(--highlight-keyword)"&gt;&amp;nbsp;&amp;nbsp;&amp;nbsp;&amp;nbsp;&amp;nbsp;&amp;nbsp;&amp;nbsp;&amp;nbsp;&amp;nbsp;&amp;nbsp;&amp;nbsp;&amp;nbsp;return&amp;nbsp;&lt;/span&gt;&lt;span style="color: var(--highlight-default)"&gt;$om&lt;/span&gt;&lt;span style="color: var(--highlight-keyword)"&gt;-&amp;gt;&lt;/span&gt;&lt;span style="color: var(--highlight-default)"&gt;getRepository&lt;/span&gt;&lt;span style="color: var(--highlight-keyword)"&gt;(&lt;/span&gt;&lt;span style="color: var(--highlight-default)"&gt;$class&lt;/span&gt;&lt;span style="color: var(--highlight-keyword)"&gt;)-&amp;gt;&lt;/span&gt;&lt;span style="color: var(--highlight-default)"&gt;$method&lt;/span&gt;&lt;span style="color: var(--highlight-keyword)"&gt;(&lt;/span&gt;&lt;span style="color: var(--highlight-default)"&gt;$id&lt;/span&gt;&lt;span style="color: var(--highlight-keyword)"&gt;);&lt;/span&gt;&lt;/code&gt;&lt;/li&gt;
&lt;li&gt;&lt;code&gt;&lt;span style="color: var(--highlight-keyword)"&gt;&amp;nbsp;&amp;nbsp;&amp;nbsp;&amp;nbsp;&amp;nbsp;&amp;nbsp;&amp;nbsp;&amp;nbsp;}&amp;nbsp;catch&amp;nbsp;(&lt;/span&gt;&lt;span style="color: var(--highlight-default)"&gt;NoResultException&amp;nbsp;$e&lt;/span&gt;&lt;span style="color: var(--highlight-keyword)"&gt;)&amp;nbsp;{&lt;/span&gt;&lt;/code&gt;&lt;/li&gt;
&lt;li&gt;&lt;code&gt;&lt;span style="color: var(--highlight-keyword)"&gt;&amp;nbsp;&amp;nbsp;&amp;nbsp;&amp;nbsp;&amp;nbsp;&amp;nbsp;&amp;nbsp;&amp;nbsp;&amp;nbsp;&amp;nbsp;&amp;nbsp;&amp;nbsp;return;&lt;/span&gt;&lt;/code&gt;&lt;/li&gt;
&lt;li&gt;&lt;code&gt;&lt;span style="color: var(--highlight-keyword)"&gt;&amp;nbsp;&amp;nbsp;&amp;nbsp;&amp;nbsp;&amp;nbsp;&amp;nbsp;&amp;nbsp;&amp;nbsp;}&amp;nbsp;catch&amp;nbsp;(&lt;/span&gt;&lt;span style="color: var(--highlight-default)"&gt;ConversionException&amp;nbsp;$e&lt;/span&gt;&lt;span style="color: var(--highlight-keyword)"&gt;)&amp;nbsp;{&lt;/span&gt;&lt;/code&gt;&lt;/li&gt;
&lt;li&gt;&lt;code&gt;&lt;span style="color: var(--highlight-keyword)"&gt;&amp;nbsp;&amp;nbsp;&amp;nbsp;&amp;nbsp;&amp;nbsp;&amp;nbsp;&amp;nbsp;&amp;nbsp;&amp;nbsp;&amp;nbsp;&amp;nbsp;&amp;nbsp;return;&lt;/span&gt;&lt;/code&gt;&lt;/li&gt;
&lt;li&gt;&lt;code&gt;&lt;span style="color: var(--highlight-keyword)"&gt;&amp;nbsp;&amp;nbsp;&amp;nbsp;&amp;nbsp;&amp;nbsp;&amp;nbsp;&amp;nbsp;&amp;nbsp;}&lt;/span&gt;&lt;/code&gt;&lt;/li&gt;&lt;/ol&gt;    &lt;/div&gt;            &lt;/div&gt;
                        &lt;div class="trace-line "&gt;
                &lt;div class="trace-line-header break-long-words sf-toggle" data-toggle-selector="#trace-html-3-11" data-toggle-initial=""&gt;
            &lt;span class="icon icon-close"&gt;&lt;svg width="1792" height="1792" viewBox="0 0 1792 1792" xmlns="http://www.w3.org/2000/svg"&gt;&lt;path d="M1408 960V832q0-26-19-45t-45-19H448q-26 0-45 19t-19 45v128q0 26 19 45t45 19h896q26 0 45-19t19-45zm256-544v960q0 119-84.5 203.5T1376 1664H416q-119 0-203.5-84.5T128 1376V416q0-119 84.5-203.5T416 128h960q119 0 203.5 84.5T1664 416z"/&gt;&lt;/svg&gt;&lt;/span&gt;
        &lt;span class="icon icon-open"&gt;&lt;svg width="1792" height="1792" viewBox="0 0 1792 1792" xmlns="http://www.w3.org/2000/svg"&gt;&lt;path d="M1408 960V832q0-26-19-45t-45-19h-320V448q0-26-19-45t-45-19H832q-26 0-45 19t-19 45v320H448q-26 0-45 19t-19 45v128q0 26 19 45t45 19h320v320q0 26 19 45t45 19h128q26 0 45-19t19-45v-320h320q26 0 45-19t19-45zm256-544v960q0 119-84.5 203.5T1376 1664H416q-119 0-203.5-84.5T128 1376V416q0-119 84.5-203.5T416 128h960q119 0 203.5 84.5T1664 416z"/&gt;&lt;/svg&gt;&lt;/span&gt;
    
            &lt;span class="trace-class"&gt;&lt;abbr title="Sensio\Bundle\FrameworkExtraBundle\Request\ParamConverter\DoctrineParamConverter"&gt;DoctrineParamConverter&lt;/abbr&gt;&lt;/span&gt;&lt;span class="trace-type"&gt;-&gt;&lt;/span&gt;&lt;span class="trace-method"&gt;find&lt;/span&gt;&lt;span class="trace-arguments"&gt;()&lt;/span&gt;    
                    &lt;span class="block trace-file-path"&gt;
            in
            &lt;a href=""&gt;
                C:\Users\eman\Documents\GitHub\car_dealer\vendor\sensio\framework-extra-bundle\src\Request\ParamConverter\&lt;strong&gt;DoctrineParamConverter.php&lt;/strong&gt;
            &lt;/a&gt;
                        (line 91)
            &lt;span class="icon icon-copy hidden" data-clipboard-text="C:\Users\eman\Documents\GitHub\car_dealer\vendor\sensio\framework-extra-bundle\src\Request\ParamConverter\DoctrineParamConverter.php:91"&gt;
                &lt;svg xmlns="http://www.w3.org/2000/svg" height="24" viewBox="0 0 24 24" width="24"&gt;&lt;path d="M0 0h24v24H0z" fill="none"/&gt;&lt;path d="M16 1H4c-1.1 0-2 .9-2 2v14h2V3h12V1zm3 4H8c-1.1 0-2 .9-2 2v14c0 1.1.9 2 2 2h11c1.1 0 2-.9 2-2V7c0-1.1-.9-2-2-2zm0 16H8V7h11v14z"/&gt;&lt;/svg&gt;            &lt;/span&gt;
        &lt;/span&gt;
    &lt;/div&gt;
    &lt;div id="trace-html-3-11" class="trace-code sf-toggle-content"&gt;
        &lt;ol start="86"&gt;&lt;li&gt;&lt;code&gt;&lt;span style="color: var(--highlight-keyword)"&gt;&amp;nbsp;&amp;nbsp;&amp;nbsp;&amp;nbsp;&amp;nbsp;&amp;nbsp;&amp;nbsp;&amp;nbsp;&amp;nbsp;&amp;nbsp;&amp;nbsp;&amp;nbsp;if&amp;nbsp;(&lt;/span&gt;&lt;span style="color: var(--highlight-default)"&gt;null&amp;nbsp;&lt;/span&gt;&lt;span style="color: var(--highlight-keyword)"&gt;===&amp;nbsp;&lt;/span&gt;&lt;span style="color: var(--highlight-default)"&gt;$object&lt;/span&gt;&lt;span style="color: var(--highlight-keyword)"&gt;)&amp;nbsp;{&lt;/span&gt;&lt;/code&gt;&lt;/li&gt;
&lt;li&gt;&lt;code&gt;&lt;span style="color: var(--highlight-keyword)"&gt;&amp;nbsp;&amp;nbsp;&amp;nbsp;&amp;nbsp;&amp;nbsp;&amp;nbsp;&amp;nbsp;&amp;nbsp;&amp;nbsp;&amp;nbsp;&amp;nbsp;&amp;nbsp;&amp;nbsp;&amp;nbsp;&amp;nbsp;&amp;nbsp;&lt;/span&gt;&lt;span style="color: var(--highlight-default)"&gt;$errorMessage&amp;nbsp;&lt;/span&gt;&lt;span style="color: var(--highlight-keyword)"&gt;=&amp;nbsp;&lt;/span&gt;&lt;span style="color: var(--highlight-default)"&gt;sprintf&lt;/span&gt;&lt;span style="color: var(--highlight-keyword)"&gt;(&lt;/span&gt;&lt;span style="color: var(--highlight-string)"&gt;'The&amp;nbsp;expression&amp;nbsp;"%s"&amp;nbsp;returned&amp;nbsp;null'&lt;/span&gt;&lt;span style="color: var(--highlight-keyword)"&gt;,&amp;nbsp;&lt;/span&gt;&lt;span style="color: var(--highlight-default)"&gt;$expr&lt;/span&gt;&lt;span style="color: var(--highlight-keyword)"&gt;);&lt;/span&gt;&lt;/code&gt;&lt;/li&gt;
&lt;li&gt;&lt;code&gt;&lt;span style="color: var(--highlight-keyword)"&gt;&amp;nbsp;&amp;nbsp;&amp;nbsp;&amp;nbsp;&amp;nbsp;&amp;nbsp;&amp;nbsp;&amp;nbsp;&amp;nbsp;&amp;nbsp;&amp;nbsp;&amp;nbsp;}&lt;/span&gt;&lt;/code&gt;&lt;/li&gt;
&lt;li&gt;&lt;code&gt;&lt;span style="color: var(--highlight-keyword)"&gt;&lt;/span&gt;&lt;/code&gt;&lt;/li&gt;
&lt;li&gt;&lt;code&gt;&lt;span style="color: var(--highlight-keyword)"&gt;&amp;nbsp;&amp;nbsp;&amp;nbsp;&amp;nbsp;&amp;nbsp;&amp;nbsp;&amp;nbsp;&amp;nbsp;&amp;nbsp;&amp;nbsp;&amp;nbsp;&amp;nbsp;&lt;/span&gt;&lt;span style="color: var(--highlight-comment)"&gt;//&amp;nbsp;find&amp;nbsp;by&amp;nbsp;identifier?&lt;/span&gt;&lt;/code&gt;&lt;/li&gt;
&lt;li class="selected"&gt;&lt;code&gt;&lt;span style="color: var(--highlight-comment)"&gt;&amp;nbsp;&amp;nbsp;&amp;nbsp;&amp;nbsp;&amp;nbsp;&amp;nbsp;&amp;nbsp;&amp;nbsp;&lt;/span&gt;&lt;span style="color: var(--highlight-keyword)"&gt;}&amp;nbsp;elseif&amp;nbsp;(&lt;/span&gt;&lt;span style="color: var(--highlight-default)"&gt;false&amp;nbsp;&lt;/span&gt;&lt;span style="color: var(--highlight-keyword)"&gt;===&amp;nbsp;&lt;/span&gt;&lt;span style="color: var(--highlight-default)"&gt;$object&amp;nbsp;&lt;/span&gt;&lt;span style="color: var(--highlight-keyword)"&gt;=&amp;nbsp;&lt;/span&gt;&lt;span style="color: var(--highlight-default)"&gt;$this&lt;/span&gt;&lt;span style="color: var(--highlight-keyword)"&gt;-&amp;gt;&lt;/span&gt;&lt;span style="color: var(--highlight-default)"&gt;find&lt;/span&gt;&lt;span style="color: var(--highlight-keyword)"&gt;(&lt;/span&gt;&lt;span style="color: var(--highlight-default)"&gt;$class&lt;/span&gt;&lt;span style="color: var(--highlight-keyword)"&gt;,&amp;nbsp;&lt;/span&gt;&lt;span style="color: var(--highlight-default)"&gt;$request&lt;/span&gt;&lt;span style="color: var(--highlight-keyword)"&gt;,&amp;nbsp;&lt;/span&gt;&lt;span style="color: var(--highlight-default)"&gt;$options&lt;/span&gt;&lt;span style="color: var(--highlight-keyword)"&gt;,&amp;nbsp;&lt;/span&gt;&lt;span style="color: var(--highlight-default)"&gt;$name&lt;/span&gt;&lt;span style="color: var(--highlight-keyword)"&gt;))&amp;nbsp;{&lt;/span&gt;&lt;/code&gt;&lt;/li&gt;
&lt;li&gt;&lt;code&gt;&lt;span style="color: var(--highlight-keyword)"&gt;&amp;nbsp;&amp;nbsp;&amp;nbsp;&amp;nbsp;&amp;nbsp;&amp;nbsp;&amp;nbsp;&amp;nbsp;&amp;nbsp;&amp;nbsp;&amp;nbsp;&amp;nbsp;&lt;/span&gt;&lt;span style="color: var(--highlight-comment)"&gt;//&amp;nbsp;find&amp;nbsp;by&amp;nbsp;criteria&lt;/span&gt;&lt;/code&gt;&lt;/li&gt;
&lt;li&gt;&lt;code&gt;&lt;span style="color: var(--highlight-comment)"&gt;&amp;nbsp;&amp;nbsp;&amp;nbsp;&amp;nbsp;&amp;nbsp;&amp;nbsp;&amp;nbsp;&amp;nbsp;&amp;nbsp;&amp;nbsp;&amp;nbsp;&amp;nbsp;&lt;/span&gt;&lt;span style="color: var(--highlight-keyword)"&gt;if&amp;nbsp;(&lt;/span&gt;&lt;span style="color: var(--highlight-default)"&gt;false&amp;nbsp;&lt;/span&gt;&lt;span style="color: var(--highlight-keyword)"&gt;===&amp;nbsp;&lt;/span&gt;&lt;span style="color: var(--highlight-default)"&gt;$object&amp;nbsp;&lt;/span&gt;&lt;span style="color: var(--highlight-keyword)"&gt;=&amp;nbsp;&lt;/span&gt;&lt;span style="color: var(--highlight-default)"&gt;$this&lt;/span&gt;&lt;span style="color: var(--highlight-keyword)"&gt;-&amp;gt;&lt;/span&gt;&lt;span style="color: var(--highlight-default)"&gt;findOneBy&lt;/span&gt;&lt;span style="color: var(--highlight-keyword)"&gt;(&lt;/span&gt;&lt;span style="color: var(--highlight-default)"&gt;$class&lt;/span&gt;&lt;span style="color: var(--highlight-keyword)"&gt;,&amp;nbsp;&lt;/span&gt;&lt;span style="color: var(--highlight-default)"&gt;$request&lt;/span&gt;&lt;span style="color: var(--highlight-keyword)"&gt;,&amp;nbsp;&lt;/span&gt;&lt;span style="color: var(--highlight-default)"&gt;$options&lt;/span&gt;&lt;span style="color: var(--highlight-keyword)"&gt;))&amp;nbsp;{&lt;/span&gt;&lt;/code&gt;&lt;/li&gt;
&lt;li&gt;&lt;code&gt;&lt;span style="color: var(--highlight-keyword)"&gt;&amp;nbsp;&amp;nbsp;&amp;nbsp;&amp;nbsp;&amp;nbsp;&amp;nbsp;&amp;nbsp;&amp;nbsp;&amp;nbsp;&amp;nbsp;&amp;nbsp;&amp;nbsp;&amp;nbsp;&amp;nbsp;&amp;nbsp;&amp;nbsp;if&amp;nbsp;(&lt;/span&gt;&lt;span style="color: var(--highlight-default)"&gt;$configuration&lt;/span&gt;&lt;span style="color: var(--highlight-keyword)"&gt;-&amp;gt;&lt;/span&gt;&lt;span style="color: var(--highlight-default)"&gt;isOptional&lt;/span&gt;&lt;span style="color: var(--highlight-keyword)"&gt;())&amp;nbsp;{&lt;/span&gt;&lt;/code&gt;&lt;/li&gt;
&lt;li&gt;&lt;code&gt;&lt;span style="color: var(--highlight-keyword)"&gt;&amp;nbsp;&amp;nbsp;&amp;nbsp;&amp;nbsp;&amp;nbsp;&amp;nbsp;&amp;nbsp;&amp;nbsp;&amp;nbsp;&amp;nbsp;&amp;nbsp;&amp;nbsp;&amp;nbsp;&amp;nbsp;&amp;nbsp;&amp;nbsp;&amp;nbsp;&amp;nbsp;&amp;nbsp;&amp;nbsp;&lt;/span&gt;&lt;span style="color: var(--highlight-default)"&gt;$object&amp;nbsp;&lt;/span&gt;&lt;span style="color: var(--highlight-keyword)"&gt;=&amp;nbsp;&lt;/span&gt;&lt;span style="color: var(--highlight-default)"&gt;null&lt;/span&gt;&lt;span style="color: var(--highlight-keyword)"&gt;;&lt;/span&gt;&lt;/code&gt;&lt;/li&gt;
&lt;li&gt;&lt;code&gt;&lt;span style="color: var(--highlight-keyword)"&gt;&amp;nbsp;&amp;nbsp;&amp;nbsp;&amp;nbsp;&amp;nbsp;&amp;nbsp;&amp;nbsp;&amp;nbsp;&amp;nbsp;&amp;nbsp;&amp;nbsp;&amp;nbsp;&amp;nbsp;&amp;nbsp;&amp;nbsp;&amp;nbsp;}&amp;nbsp;else&amp;nbsp;{&lt;/span&gt;&lt;/code&gt;&lt;/li&gt;&lt;/ol&gt;    &lt;/div&gt;            &lt;/div&gt;
                        &lt;div class="trace-line "&gt;
                &lt;div class="trace-line-header break-long-words sf-toggle" data-toggle-selector="#trace-html-3-12" data-toggle-initial=""&gt;
            &lt;span class="icon icon-close"&gt;&lt;svg width="1792" height="1792" viewBox="0 0 1792 1792" xmlns="http://www.w3.org/2000/svg"&gt;&lt;path d="M1408 960V832q0-26-19-45t-45-19H448q-26 0-45 19t-19 45v128q0 26 19 45t45 19h896q26 0 45-19t19-45zm256-544v960q0 119-84.5 203.5T1376 1664H416q-119 0-203.5-84.5T128 1376V416q0-119 84.5-203.5T416 128h960q119 0 203.5 84.5T1664 416z"/&gt;&lt;/svg&gt;&lt;/span&gt;
        &lt;span class="icon icon-open"&gt;&lt;svg width="1792" height="1792" viewBox="0 0 1792 1792" xmlns="http://www.w3.org/2000/svg"&gt;&lt;path d="M1408 960V832q0-26-19-45t-45-19h-320V448q0-26-19-45t-45-19H832q-26 0-45 19t-19 45v320H448q-26 0-45 19t-19 45v128q0 26 19 45t45 19h320v320q0 26 19 45t45 19h128q26 0 45-19t19-45v-320h320q26 0 45-19t19-45zm256-544v960q0 119-84.5 203.5T1376 1664H416q-119 0-203.5-84.5T128 1376V416q0-119 84.5-203.5T416 128h960q119 0 203.5 84.5T1664 416z"/&gt;&lt;/svg&gt;&lt;/span&gt;
    
            &lt;span class="trace-class"&gt;&lt;abbr title="Sensio\Bundle\FrameworkExtraBundle\Request\ParamConverter\DoctrineParamConverter"&gt;DoctrineParamConverter&lt;/abbr&gt;&lt;/span&gt;&lt;span class="trace-type"&gt;-&gt;&lt;/span&gt;&lt;span class="trace-method"&gt;apply&lt;/span&gt;&lt;span class="trace-arguments"&gt;()&lt;/span&gt;    
                    &lt;span class="block trace-file-path"&gt;
            in
            &lt;a href=""&gt;
                C:\Users\eman\Documents\GitHub\car_dealer\vendor\sensio\framework-extra-bundle\src\Request\ParamConverter\&lt;strong&gt;ParamConverterManager.php&lt;/strong&gt;
            &lt;/a&gt;
                        (line 84)
            &lt;span class="icon icon-copy hidden" data-clipboard-text="C:\Users\eman\Documents\GitHub\car_dealer\vendor\sensio\framework-extra-bundle\src\Request\ParamConverter\ParamConverterManager.php:84"&gt;
                &lt;svg xmlns="http://www.w3.org/2000/svg" height="24" viewBox="0 0 24 24" width="24"&gt;&lt;path d="M0 0h24v24H0z" fill="none"/&gt;&lt;path d="M16 1H4c-1.1 0-2 .9-2 2v14h2V3h12V1zm3 4H8c-1.1 0-2 .9-2 2v14c0 1.1.9 2 2 2h11c1.1 0 2-.9 2-2V7c0-1.1-.9-2-2-2zm0 16H8V7h11v14z"/&gt;&lt;/svg&gt;            &lt;/span&gt;
        &lt;/span&gt;
    &lt;/div&gt;
    &lt;div id="trace-html-3-12" class="trace-code sf-toggle-content"&gt;
        &lt;ol start="79"&gt;&lt;li&gt;&lt;code&gt;&lt;span style="color: var(--highlight-keyword)"&gt;&amp;nbsp;&amp;nbsp;&amp;nbsp;&amp;nbsp;&amp;nbsp;&amp;nbsp;&amp;nbsp;&amp;nbsp;&amp;nbsp;&amp;nbsp;&amp;nbsp;&amp;nbsp;return;&lt;/span&gt;&lt;/code&gt;&lt;/li&gt;
&lt;li&gt;&lt;code&gt;&lt;span style="color: var(--highlight-keyword)"&gt;&amp;nbsp;&amp;nbsp;&amp;nbsp;&amp;nbsp;&amp;nbsp;&amp;nbsp;&amp;nbsp;&amp;nbsp;}&lt;/span&gt;&lt;/code&gt;&lt;/li&gt;
&lt;li&gt;&lt;code&gt;&lt;span style="color: var(--highlight-keyword)"&gt;&lt;/span&gt;&lt;/code&gt;&lt;/li&gt;
&lt;li&gt;&lt;code&gt;&lt;span style="color: var(--highlight-keyword)"&gt;&amp;nbsp;&amp;nbsp;&amp;nbsp;&amp;nbsp;&amp;nbsp;&amp;nbsp;&amp;nbsp;&amp;nbsp;foreach&amp;nbsp;(&lt;/span&gt;&lt;span style="color: var(--highlight-default)"&gt;$this&lt;/span&gt;&lt;span style="color: var(--highlight-keyword)"&gt;-&amp;gt;&lt;/span&gt;&lt;span style="color: var(--highlight-default)"&gt;all&lt;/span&gt;&lt;span style="color: var(--highlight-keyword)"&gt;()&amp;nbsp;as&amp;nbsp;&lt;/span&gt;&lt;span style="color: var(--highlight-default)"&gt;$converter&lt;/span&gt;&lt;span style="color: var(--highlight-keyword)"&gt;)&amp;nbsp;{&lt;/span&gt;&lt;/code&gt;&lt;/li&gt;
&lt;li&gt;&lt;code&gt;&lt;span style="color: var(--highlight-keyword)"&gt;&amp;nbsp;&amp;nbsp;&amp;nbsp;&amp;nbsp;&amp;nbsp;&amp;nbsp;&amp;nbsp;&amp;nbsp;&amp;nbsp;&amp;nbsp;&amp;nbsp;&amp;nbsp;if&amp;nbsp;(&lt;/span&gt;&lt;span style="color: var(--highlight-default)"&gt;$converter&lt;/span&gt;&lt;span style="color: var(--highlight-keyword)"&gt;-&amp;gt;&lt;/span&gt;&lt;span style="color: var(--highlight-default)"&gt;supports&lt;/span&gt;&lt;span style="color: var(--highlight-keyword)"&gt;(&lt;/span&gt;&lt;span style="color: var(--highlight-default)"&gt;$configuration&lt;/span&gt;&lt;span style="color: var(--highlight-keyword)"&gt;))&amp;nbsp;{&lt;/span&gt;&lt;/code&gt;&lt;/li&gt;
&lt;li class="selected"&gt;&lt;code&gt;&lt;span style="color: var(--highlight-keyword)"&gt;&amp;nbsp;&amp;nbsp;&amp;nbsp;&amp;nbsp;&amp;nbsp;&amp;nbsp;&amp;nbsp;&amp;nbsp;&amp;nbsp;&amp;nbsp;&amp;nbsp;&amp;nbsp;&amp;nbsp;&amp;nbsp;&amp;nbsp;&amp;nbsp;if&amp;nbsp;(&lt;/span&gt;&lt;span style="color: var(--highlight-default)"&gt;$converter&lt;/span&gt;&lt;span style="color: var(--highlight-keyword)"&gt;-&amp;gt;&lt;/span&gt;&lt;span style="color: var(--highlight-default)"&gt;apply&lt;/span&gt;&lt;span style="color: var(--highlight-keyword)"&gt;(&lt;/span&gt;&lt;span style="color: var(--highlight-default)"&gt;$request&lt;/span&gt;&lt;span style="color: var(--highlight-keyword)"&gt;,&amp;nbsp;&lt;/span&gt;&lt;span style="color: var(--highlight-default)"&gt;$configuration&lt;/span&gt;&lt;span style="color: var(--highlight-keyword)"&gt;))&amp;nbsp;{&lt;/span&gt;&lt;/code&gt;&lt;/li&gt;
&lt;li&gt;&lt;code&gt;&lt;span style="color: var(--highlight-keyword)"&gt;&amp;nbsp;&amp;nbsp;&amp;nbsp;&amp;nbsp;&amp;nbsp;&amp;nbsp;&amp;nbsp;&amp;nbsp;&amp;nbsp;&amp;nbsp;&amp;nbsp;&amp;nbsp;&amp;nbsp;&amp;nbsp;&amp;nbsp;&amp;nbsp;&amp;nbsp;&amp;nbsp;&amp;nbsp;&amp;nbsp;return;&lt;/span&gt;&lt;/code&gt;&lt;/li&gt;
&lt;li&gt;&lt;code&gt;&lt;span style="color: var(--highlight-keyword)"&gt;&amp;nbsp;&amp;nbsp;&amp;nbsp;&amp;nbsp;&amp;nbsp;&amp;nbsp;&amp;nbsp;&amp;nbsp;&amp;nbsp;&amp;nbsp;&amp;nbsp;&amp;nbsp;&amp;nbsp;&amp;nbsp;&amp;nbsp;&amp;nbsp;}&lt;/span&gt;&lt;/code&gt;&lt;/li&gt;
&lt;li&gt;&lt;code&gt;&lt;span style="color: var(--highlight-keyword)"&gt;&amp;nbsp;&amp;nbsp;&amp;nbsp;&amp;nbsp;&amp;nbsp;&amp;nbsp;&amp;nbsp;&amp;nbsp;&amp;nbsp;&amp;nbsp;&amp;nbsp;&amp;nbsp;}&lt;/span&gt;&lt;/code&gt;&lt;/li&gt;
&lt;li&gt;&lt;code&gt;&lt;span style="color: var(--highlight-keyword)"&gt;&amp;nbsp;&amp;nbsp;&amp;nbsp;&amp;nbsp;&amp;nbsp;&amp;nbsp;&amp;nbsp;&amp;nbsp;}&lt;/span&gt;&lt;/code&gt;&lt;/li&gt;
&lt;li&gt;&lt;code&gt;&lt;span style="color: var(--highlight-keyword)"&gt;&amp;nbsp;&amp;nbsp;&amp;nbsp;&amp;nbsp;}&lt;/span&gt;&lt;/code&gt;&lt;/li&gt;&lt;/ol&gt;    &lt;/div&gt;            &lt;/div&gt;
                        &lt;div class="trace-line "&gt;
                &lt;div class="trace-line-header break-long-words sf-toggle" data-toggle-selector="#trace-html-3-13" data-toggle-initial=""&gt;
            &lt;span class="icon icon-close"&gt;&lt;svg width="1792" height="1792" viewBox="0 0 1792 1792" xmlns="http://www.w3.org/2000/svg"&gt;&lt;path d="M1408 960V832q0-26-19-45t-45-19H448q-26 0-45 19t-19 45v128q0 26 19 45t45 19h896q26 0 45-19t19-45zm256-544v960q0 119-84.5 203.5T1376 1664H416q-119 0-203.5-84.5T128 1376V416q0-119 84.5-203.5T416 128h960q119 0 203.5 84.5T1664 416z"/&gt;&lt;/svg&gt;&lt;/span&gt;
        &lt;span class="icon icon-open"&gt;&lt;svg width="1792" height="1792" viewBox="0 0 1792 1792" xmlns="http://www.w3.org/2000/svg"&gt;&lt;path d="M1408 960V832q0-26-19-45t-45-19h-320V448q0-26-19-45t-45-19H832q-26 0-45 19t-19 45v320H448q-26 0-45 19t-19 45v128q0 26 19 45t45 19h320v320q0 26 19 45t45 19h128q26 0 45-19t19-45v-320h320q26 0 45-19t19-45zm256-544v960q0 119-84.5 203.5T1376 1664H416q-119 0-203.5-84.5T128 1376V416q0-119 84.5-203.5T416 128h960q119 0 203.5 84.5T1664 416z"/&gt;&lt;/svg&gt;&lt;/span&gt;
    
            &lt;span class="trace-class"&gt;&lt;abbr title="Sensio\Bundle\FrameworkExtraBundle\Request\ParamConverter\ParamConverterManager"&gt;ParamConverterManager&lt;/abbr&gt;&lt;/span&gt;&lt;span class="trace-type"&gt;-&gt;&lt;/span&gt;&lt;span class="trace-method"&gt;applyConverter&lt;/span&gt;&lt;span class="trace-arguments"&gt;()&lt;/span&gt;    
                    &lt;span class="block trace-file-path"&gt;
            in
            &lt;a href=""&gt;
                C:\Users\eman\Documents\GitHub\car_dealer\vendor\sensio\framework-extra-bundle\src\Request\ParamConverter\&lt;strong&gt;ParamConverterManager.php&lt;/strong&gt;
            &lt;/a&gt;
                        (line 48)
            &lt;span class="icon icon-copy hidden" data-clipboard-text="C:\Users\eman\Documents\GitHub\car_dealer\vendor\sensio\framework-extra-bundle\src\Request\ParamConverter\ParamConverterManager.php:48"&gt;
                &lt;svg xmlns="http://www.w3.org/2000/svg" height="24" viewBox="0 0 24 24" width="24"&gt;&lt;path d="M0 0h24v24H0z" fill="none"/&gt;&lt;path d="M16 1H4c-1.1 0-2 .9-2 2v14h2V3h12V1zm3 4H8c-1.1 0-2 .9-2 2v14c0 1.1.9 2 2 2h11c1.1 0 2-.9 2-2V7c0-1.1-.9-2-2-2zm0 16H8V7h11v14z"/&gt;&lt;/svg&gt;            &lt;/span&gt;
        &lt;/span&gt;
    &lt;/div&gt;
    &lt;div id="trace-html-3-13" class="trace-code sf-toggle-content"&gt;
        &lt;ol start="43"&gt;&lt;li&gt;&lt;code&gt;&lt;span style="color: var(--highlight-keyword)"&gt;&amp;nbsp;&amp;nbsp;&amp;nbsp;&amp;nbsp;&amp;nbsp;&amp;nbsp;&amp;nbsp;&amp;nbsp;if&amp;nbsp;(&lt;/span&gt;&lt;span style="color: var(--highlight-default)"&gt;\is_object&lt;/span&gt;&lt;span style="color: var(--highlight-keyword)"&gt;(&lt;/span&gt;&lt;span style="color: var(--highlight-default)"&gt;$configurations&lt;/span&gt;&lt;span style="color: var(--highlight-keyword)"&gt;))&amp;nbsp;{&lt;/span&gt;&lt;/code&gt;&lt;/li&gt;
&lt;li&gt;&lt;code&gt;&lt;span style="color: var(--highlight-keyword)"&gt;&amp;nbsp;&amp;nbsp;&amp;nbsp;&amp;nbsp;&amp;nbsp;&amp;nbsp;&amp;nbsp;&amp;nbsp;&amp;nbsp;&amp;nbsp;&amp;nbsp;&amp;nbsp;&lt;/span&gt;&lt;span style="color: var(--highlight-default)"&gt;$configurations&amp;nbsp;&lt;/span&gt;&lt;span style="color: var(--highlight-keyword)"&gt;=&amp;nbsp;[&lt;/span&gt;&lt;span style="color: var(--highlight-default)"&gt;$configurations&lt;/span&gt;&lt;span style="color: var(--highlight-keyword)"&gt;];&lt;/span&gt;&lt;/code&gt;&lt;/li&gt;
&lt;li&gt;&lt;code&gt;&lt;span style="color: var(--highlight-keyword)"&gt;&amp;nbsp;&amp;nbsp;&amp;nbsp;&amp;nbsp;&amp;nbsp;&amp;nbsp;&amp;nbsp;&amp;nbsp;}&lt;/span&gt;&lt;/code&gt;&lt;/li&gt;
&lt;li&gt;&lt;code&gt;&lt;span style="color: var(--highlight-keyword)"&gt;&lt;/span&gt;&lt;/code&gt;&lt;/li&gt;
&lt;li&gt;&lt;code&gt;&lt;span style="color: var(--highlight-keyword)"&gt;&amp;nbsp;&amp;nbsp;&amp;nbsp;&amp;nbsp;&amp;nbsp;&amp;nbsp;&amp;nbsp;&amp;nbsp;foreach&amp;nbsp;(&lt;/span&gt;&lt;span style="color: var(--highlight-default)"&gt;$configurations&amp;nbsp;&lt;/span&gt;&lt;span style="color: var(--highlight-keyword)"&gt;as&amp;nbsp;&lt;/span&gt;&lt;span style="color: var(--highlight-default)"&gt;$configuration&lt;/span&gt;&lt;span style="color: var(--highlight-keyword)"&gt;)&amp;nbsp;{&lt;/span&gt;&lt;/code&gt;&lt;/li&gt;
&lt;li class="selected"&gt;&lt;code&gt;&lt;span style="color: var(--highlight-keyword)"&gt;&amp;nbsp;&amp;nbsp;&amp;nbsp;&amp;nbsp;&amp;nbsp;&amp;nbsp;&amp;nbsp;&amp;nbsp;&amp;nbsp;&amp;nbsp;&amp;nbsp;&amp;nbsp;&lt;/span&gt;&lt;span style="color: var(--highlight-default)"&gt;$this&lt;/span&gt;&lt;span style="color: var(--highlight-keyword)"&gt;-&amp;gt;&lt;/span&gt;&lt;span style="color: var(--highlight-default)"&gt;applyConverter&lt;/span&gt;&lt;span style="color: var(--highlight-keyword)"&gt;(&lt;/span&gt;&lt;span style="color: var(--highlight-default)"&gt;$request&lt;/span&gt;&lt;span style="color: var(--highlight-keyword)"&gt;,&amp;nbsp;&lt;/span&gt;&lt;span style="color: var(--highlight-default)"&gt;$configuration&lt;/span&gt;&lt;span style="color: var(--highlight-keyword)"&gt;);&lt;/span&gt;&lt;/code&gt;&lt;/li&gt;
&lt;li&gt;&lt;code&gt;&lt;span style="color: var(--highlight-keyword)"&gt;&amp;nbsp;&amp;nbsp;&amp;nbsp;&amp;nbsp;&amp;nbsp;&amp;nbsp;&amp;nbsp;&amp;nbsp;}&lt;/span&gt;&lt;/code&gt;&lt;/li&gt;
&lt;li&gt;&lt;code&gt;&lt;span style="color: var(--highlight-keyword)"&gt;&amp;nbsp;&amp;nbsp;&amp;nbsp;&amp;nbsp;}&lt;/span&gt;&lt;/code&gt;&lt;/li&gt;
&lt;li&gt;&lt;code&gt;&lt;span style="color: var(--highlight-keyword)"&gt;&lt;/span&gt;&lt;/code&gt;&lt;/li&gt;
&lt;li&gt;&lt;code&gt;&lt;span style="color: var(--highlight-keyword)"&gt;&amp;nbsp;&amp;nbsp;&amp;nbsp;&amp;nbsp;&lt;/span&gt;&lt;span style="color: var(--highlight-comment)"&gt;/**&lt;/span&gt;&lt;/code&gt;&lt;/li&gt;
&lt;li&gt;&lt;code&gt;&lt;span style="color: var(--highlight-comment)"&gt;&amp;nbsp;&amp;nbsp;&amp;nbsp;&amp;nbsp;&amp;nbsp;*&amp;nbsp;Applies&amp;nbsp;converter&amp;nbsp;on&amp;nbsp;request&amp;nbsp;based&amp;nbsp;on&amp;nbsp;the&amp;nbsp;given&amp;nbsp;configuration.&lt;/span&gt;&lt;/code&gt;&lt;/li&gt;&lt;/ol&gt;    &lt;/div&gt;            &lt;/div&gt;
                        &lt;div class="trace-line "&gt;
                &lt;div class="trace-line-header break-long-words sf-toggle" data-toggle-selector="#trace-html-3-14" data-toggle-initial=""&gt;
            &lt;span class="icon icon-close"&gt;&lt;svg width="1792" height="1792" viewBox="0 0 1792 1792" xmlns="http://www.w3.org/2000/svg"&gt;&lt;path d="M1408 960V832q0-26-19-45t-45-19H448q-26 0-45 19t-19 45v128q0 26 19 45t45 19h896q26 0 45-19t19-45zm256-544v960q0 119-84.5 203.5T1376 1664H416q-119 0-203.5-84.5T128 1376V416q0-119 84.5-203.5T416 128h960q119 0 203.5 84.5T1664 416z"/&gt;&lt;/svg&gt;&lt;/span&gt;
        &lt;span class="icon icon-open"&gt;&lt;svg width="1792" height="1792" viewBox="0 0 1792 1792" xmlns="http://www.w3.org/2000/svg"&gt;&lt;path d="M1408 960V832q0-26-19-45t-45-19h-320V448q0-26-19-45t-45-19H832q-26 0-45 19t-19 45v320H448q-26 0-45 19t-19 45v128q0 26 19 45t45 19h320v320q0 26 19 45t45 19h128q26 0 45-19t19-45v-320h320q26 0 45-19t19-45zm256-544v960q0 119-84.5 203.5T1376 1664H416q-119 0-203.5-84.5T128 1376V416q0-119 84.5-203.5T416 128h960q119 0 203.5 84.5T1664 416z"/&gt;&lt;/svg&gt;&lt;/span&gt;
    
            &lt;span class="trace-class"&gt;&lt;abbr title="Sensio\Bundle\FrameworkExtraBundle\Request\ParamConverter\ParamConverterManager"&gt;ParamConverterManager&lt;/abbr&gt;&lt;/span&gt;&lt;span class="trace-type"&gt;-&gt;&lt;/span&gt;&lt;span class="trace-method"&gt;apply&lt;/span&gt;&lt;span class="trace-arguments"&gt;()&lt;/span&gt;    
                    &lt;span class="block trace-file-path"&gt;
            in
            &lt;a href=""&gt;
                C:\Users\eman\Documents\GitHub\car_dealer\vendor\sensio\framework-extra-bundle\src\EventListener\&lt;strong&gt;ParamConverterListener.php&lt;/strong&gt;
            &lt;/a&gt;
                        (line 72)
            &lt;span class="icon icon-copy hidden" data-clipboard-text="C:\Users\eman\Documents\GitHub\car_dealer\vendor\sensio\framework-extra-bundle\src\EventListener\ParamConverterListener.php:72"&gt;
                &lt;svg xmlns="http://www.w3.org/2000/svg" height="24" viewBox="0 0 24 24" width="24"&gt;&lt;path d="M0 0h24v24H0z" fill="none"/&gt;&lt;path d="M16 1H4c-1.1 0-2 .9-2 2v14h2V3h12V1zm3 4H8c-1.1 0-2 .9-2 2v14c0 1.1.9 2 2 2h11c1.1 0 2-.9 2-2V7c0-1.1-.9-2-2-2zm0 16H8V7h11v14z"/&gt;&lt;/svg&gt;            &lt;/span&gt;
        &lt;/span&gt;
    &lt;/div&gt;
    &lt;div id="trace-html-3-14" class="trace-code sf-toggle-content"&gt;
        &lt;ol start="67"&gt;&lt;li&gt;&lt;code&gt;&lt;span style="color: var(--highlight-keyword)"&gt;&amp;nbsp;&amp;nbsp;&amp;nbsp;&amp;nbsp;&amp;nbsp;&amp;nbsp;&amp;nbsp;&amp;nbsp;&amp;nbsp;&amp;nbsp;&amp;nbsp;&amp;nbsp;}&lt;/span&gt;&lt;/code&gt;&lt;/li&gt;
&lt;li&gt;&lt;code&gt;&lt;span style="color: var(--highlight-keyword)"&gt;&lt;/span&gt;&lt;/code&gt;&lt;/li&gt;
&lt;li&gt;&lt;code&gt;&lt;span style="color: var(--highlight-keyword)"&gt;&amp;nbsp;&amp;nbsp;&amp;nbsp;&amp;nbsp;&amp;nbsp;&amp;nbsp;&amp;nbsp;&amp;nbsp;&amp;nbsp;&amp;nbsp;&amp;nbsp;&amp;nbsp;&lt;/span&gt;&lt;span style="color: var(--highlight-default)"&gt;$configurations&amp;nbsp;&lt;/span&gt;&lt;span style="color: var(--highlight-keyword)"&gt;=&amp;nbsp;&lt;/span&gt;&lt;span style="color: var(--highlight-default)"&gt;$this&lt;/span&gt;&lt;span style="color: var(--highlight-keyword)"&gt;-&amp;gt;&lt;/span&gt;&lt;span style="color: var(--highlight-default)"&gt;autoConfigure&lt;/span&gt;&lt;span style="color: var(--highlight-keyword)"&gt;(&lt;/span&gt;&lt;span style="color: var(--highlight-default)"&gt;$r&lt;/span&gt;&lt;span style="color: var(--highlight-keyword)"&gt;,&amp;nbsp;&lt;/span&gt;&lt;span style="color: var(--highlight-default)"&gt;$request&lt;/span&gt;&lt;span style="color: var(--highlight-keyword)"&gt;,&amp;nbsp;&lt;/span&gt;&lt;span style="color: var(--highlight-default)"&gt;$configurations&lt;/span&gt;&lt;span style="color: var(--highlight-keyword)"&gt;);&lt;/span&gt;&lt;/code&gt;&lt;/li&gt;
&lt;li&gt;&lt;code&gt;&lt;span style="color: var(--highlight-keyword)"&gt;&amp;nbsp;&amp;nbsp;&amp;nbsp;&amp;nbsp;&amp;nbsp;&amp;nbsp;&amp;nbsp;&amp;nbsp;}&lt;/span&gt;&lt;/code&gt;&lt;/li&gt;
&lt;li&gt;&lt;code&gt;&lt;span style="color: var(--highlight-keyword)"&gt;&lt;/span&gt;&lt;/code&gt;&lt;/li&gt;
&lt;li class="selected"&gt;&lt;code&gt;&lt;span style="color: var(--highlight-keyword)"&gt;&amp;nbsp;&amp;nbsp;&amp;nbsp;&amp;nbsp;&amp;nbsp;&amp;nbsp;&amp;nbsp;&amp;nbsp;&lt;/span&gt;&lt;span style="color: var(--highlight-default)"&gt;$this&lt;/span&gt;&lt;span style="color: var(--highlight-keyword)"&gt;-&amp;gt;&lt;/span&gt;&lt;span style="color: var(--highlight-default)"&gt;manager&lt;/span&gt;&lt;span style="color: var(--highlight-keyword)"&gt;-&amp;gt;&lt;/span&gt;&lt;span style="color: var(--highlight-default)"&gt;apply&lt;/span&gt;&lt;span style="color: var(--highlight-keyword)"&gt;(&lt;/span&gt;&lt;span style="color: var(--highlight-default)"&gt;$request&lt;/span&gt;&lt;span style="color: var(--highlight-keyword)"&gt;,&amp;nbsp;&lt;/span&gt;&lt;span style="color: var(--highlight-default)"&gt;$configurations&lt;/span&gt;&lt;span style="color: var(--highlight-keyword)"&gt;);&lt;/span&gt;&lt;/code&gt;&lt;/li&gt;
&lt;li&gt;&lt;code&gt;&lt;span style="color: var(--highlight-keyword)"&gt;&amp;nbsp;&amp;nbsp;&amp;nbsp;&amp;nbsp;}&lt;/span&gt;&lt;/code&gt;&lt;/li&gt;
&lt;li&gt;&lt;code&gt;&lt;span style="color: var(--highlight-keyword)"&gt;&lt;/span&gt;&lt;/code&gt;&lt;/li&gt;
&lt;li&gt;&lt;code&gt;&lt;span style="color: var(--highlight-keyword)"&gt;&amp;nbsp;&amp;nbsp;&amp;nbsp;&amp;nbsp;private&amp;nbsp;function&amp;nbsp;&lt;/span&gt;&lt;span style="color: var(--highlight-default)"&gt;autoConfigure&lt;/span&gt;&lt;span style="color: var(--highlight-keyword)"&gt;(&lt;/span&gt;&lt;span style="color: var(--highlight-default)"&gt;\ReflectionFunctionAbstract&amp;nbsp;$r&lt;/span&gt;&lt;span style="color: var(--highlight-keyword)"&gt;,&amp;nbsp;&lt;/span&gt;&lt;span style="color: var(--highlight-default)"&gt;Request&amp;nbsp;$request&lt;/span&gt;&lt;span style="color: var(--highlight-keyword)"&gt;,&amp;nbsp;&lt;/span&gt;&lt;span style="color: var(--highlight-default)"&gt;$configurations&lt;/span&gt;&lt;span style="color: var(--highlight-keyword)"&gt;)&lt;/span&gt;&lt;/code&gt;&lt;/li&gt;
&lt;li&gt;&lt;code&gt;&lt;span style="color: var(--highlight-keyword)"&gt;&amp;nbsp;&amp;nbsp;&amp;nbsp;&amp;nbsp;{&lt;/span&gt;&lt;/code&gt;&lt;/li&gt;
&lt;li&gt;&lt;code&gt;&lt;span style="color: var(--highlight-keyword)"&gt;&amp;nbsp;&amp;nbsp;&amp;nbsp;&amp;nbsp;&amp;nbsp;&amp;nbsp;&amp;nbsp;&amp;nbsp;foreach&amp;nbsp;(&lt;/span&gt;&lt;span style="color: var(--highlight-default)"&gt;$r&lt;/span&gt;&lt;span style="color: var(--highlight-keyword)"&gt;-&amp;gt;&lt;/span&gt;&lt;span style="color: var(--highlight-default)"&gt;getParameters&lt;/span&gt;&lt;span style="color: var(--highlight-keyword)"&gt;()&amp;nbsp;as&amp;nbsp;&lt;/span&gt;&lt;span style="color: var(--highlight-default)"&gt;$param&lt;/span&gt;&lt;span style="color: var(--highlight-keyword)"&gt;)&amp;nbsp;{&lt;/span&gt;&lt;/code&gt;&lt;/li&gt;&lt;/ol&gt;    &lt;/div&gt;            &lt;/div&gt;
                        &lt;div class="trace-line "&gt;
                &lt;div class="trace-line-header break-long-words sf-toggle" data-toggle-selector="#trace-html-3-15" data-toggle-initial=""&gt;
            &lt;span class="icon icon-close"&gt;&lt;svg width="1792" height="1792" viewBox="0 0 1792 1792" xmlns="http://www.w3.org/2000/svg"&gt;&lt;path d="M1408 960V832q0-26-19-45t-45-19H448q-26 0-45 19t-19 45v128q0 26 19 45t45 19h896q26 0 45-19t19-45zm256-544v960q0 119-84.5 203.5T1376 1664H416q-119 0-203.5-84.5T128 1376V416q0-119 84.5-203.5T416 128h960q119 0 203.5 84.5T1664 416z"/&gt;&lt;/svg&gt;&lt;/span&gt;
        &lt;span class="icon icon-open"&gt;&lt;svg width="1792" height="1792" viewBox="0 0 1792 1792" xmlns="http://www.w3.org/2000/svg"&gt;&lt;path d="M1408 960V832q0-26-19-45t-45-19h-320V448q0-26-19-45t-45-19H832q-26 0-45 19t-19 45v320H448q-26 0-45 19t-19 45v128q0 26 19 45t45 19h320v320q0 26 19 45t45 19h128q26 0 45-19t19-45v-320h320q26 0 45-19t19-45zm256-544v960q0 119-84.5 203.5T1376 1664H416q-119 0-203.5-84.5T128 1376V416q0-119 84.5-203.5T416 128h960q119 0 203.5 84.5T1664 416z"/&gt;&lt;/svg&gt;&lt;/span&gt;
    
            &lt;span class="trace-class"&gt;&lt;abbr title="Sensio\Bundle\FrameworkExtraBundle\EventListener\ParamConverterListener"&gt;ParamConverterListener&lt;/abbr&gt;&lt;/span&gt;&lt;span class="trace-type"&gt;-&gt;&lt;/span&gt;&lt;span class="trace-method"&gt;onKernelController&lt;/span&gt;&lt;span class="trace-arguments"&gt;()&lt;/span&gt;    
                    &lt;span class="block trace-file-path"&gt;
            in
            &lt;a href=""&gt;
                C:\Users\eman\Documents\GitHub\car_dealer\vendor\symfony\event-dispatcher\Debug\&lt;strong&gt;WrappedListener.php&lt;/strong&gt;
            &lt;/a&gt;
                        (line 111)
            &lt;span class="icon icon-copy hidden" data-clipboard-text="C:\Users\eman\Documents\GitHub\car_dealer\vendor\symfony\event-dispatcher\Debug\WrappedListener.php:111"&gt;
                &lt;svg xmlns="http://www.w3.org/2000/svg" height="24" viewBox="0 0 24 24" width="24"&gt;&lt;path d="M0 0h24v24H0z" fill="none"/&gt;&lt;path d="M16 1H4c-1.1 0-2 .9-2 2v14h2V3h12V1zm3 4H8c-1.1 0-2 .9-2 2v14c0 1.1.9 2 2 2h11c1.1 0 2-.9 2-2V7c0-1.1-.9-2-2-2zm0 16H8V7h11v14z"/&gt;&lt;/svg&gt;            &lt;/span&gt;
        &lt;/span&gt;
    &lt;/div&gt;
    &lt;div id="trace-html-3-15" class="trace-code sf-toggle-content"&gt;
        &lt;ol start="106"&gt;&lt;li&gt;&lt;code&gt;&lt;span style="color: var(--highlight-keyword)"&gt;&amp;nbsp;&amp;nbsp;&amp;nbsp;&amp;nbsp;&amp;nbsp;&amp;nbsp;&amp;nbsp;&amp;nbsp;&lt;/span&gt;&lt;span style="color: var(--highlight-default)"&gt;$this&lt;/span&gt;&lt;span style="color: var(--highlight-keyword)"&gt;-&amp;gt;&lt;/span&gt;&lt;span style="color: var(--highlight-default)"&gt;called&amp;nbsp;&lt;/span&gt;&lt;span style="color: var(--highlight-keyword)"&gt;=&amp;nbsp;&lt;/span&gt;&lt;span style="color: var(--highlight-default)"&gt;true&lt;/span&gt;&lt;span style="color: var(--highlight-keyword)"&gt;;&lt;/span&gt;&lt;/code&gt;&lt;/li&gt;
&lt;li&gt;&lt;code&gt;&lt;span style="color: var(--highlight-keyword)"&gt;&amp;nbsp;&amp;nbsp;&amp;nbsp;&amp;nbsp;&amp;nbsp;&amp;nbsp;&amp;nbsp;&amp;nbsp;&lt;/span&gt;&lt;span style="color: var(--highlight-default)"&gt;$this&lt;/span&gt;&lt;span style="color: var(--highlight-keyword)"&gt;-&amp;gt;&lt;/span&gt;&lt;span style="color: var(--highlight-default)"&gt;priority&amp;nbsp;&lt;/span&gt;&lt;span style="color: var(--highlight-keyword)"&gt;=&amp;nbsp;&lt;/span&gt;&lt;span style="color: var(--highlight-default)"&gt;$dispatcher&lt;/span&gt;&lt;span style="color: var(--highlight-keyword)"&gt;-&amp;gt;&lt;/span&gt;&lt;span style="color: var(--highlight-default)"&gt;getListenerPriority&lt;/span&gt;&lt;span style="color: var(--highlight-keyword)"&gt;(&lt;/span&gt;&lt;span style="color: var(--highlight-default)"&gt;$eventName&lt;/span&gt;&lt;span style="color: var(--highlight-keyword)"&gt;,&amp;nbsp;&lt;/span&gt;&lt;span style="color: var(--highlight-default)"&gt;$this&lt;/span&gt;&lt;span style="color: var(--highlight-keyword)"&gt;-&amp;gt;&lt;/span&gt;&lt;span style="color: var(--highlight-default)"&gt;listener&lt;/span&gt;&lt;span style="color: var(--highlight-keyword)"&gt;);&lt;/span&gt;&lt;/code&gt;&lt;/li&gt;
&lt;li&gt;&lt;code&gt;&lt;span style="color: var(--highlight-keyword)"&gt;&lt;/span&gt;&lt;/code&gt;&lt;/li&gt;
&lt;li&gt;&lt;code&gt;&lt;span style="color: var(--highlight-keyword)"&gt;&amp;nbsp;&amp;nbsp;&amp;nbsp;&amp;nbsp;&amp;nbsp;&amp;nbsp;&amp;nbsp;&amp;nbsp;&lt;/span&gt;&lt;span style="color: var(--highlight-default)"&gt;$e&amp;nbsp;&lt;/span&gt;&lt;span style="color: var(--highlight-keyword)"&gt;=&amp;nbsp;&lt;/span&gt;&lt;span style="color: var(--highlight-default)"&gt;$this&lt;/span&gt;&lt;span style="color: var(--highlight-keyword)"&gt;-&amp;gt;&lt;/span&gt;&lt;span style="color: var(--highlight-default)"&gt;stopwatch&lt;/span&gt;&lt;span style="color: var(--highlight-keyword)"&gt;-&amp;gt;&lt;/span&gt;&lt;span style="color: var(--highlight-default)"&gt;start&lt;/span&gt;&lt;span style="color: var(--highlight-keyword)"&gt;(&lt;/span&gt;&lt;span style="color: var(--highlight-default)"&gt;$this&lt;/span&gt;&lt;span style="color: var(--highlight-keyword)"&gt;-&amp;gt;&lt;/span&gt;&lt;span style="color: var(--highlight-default)"&gt;name&lt;/span&gt;&lt;span style="color: var(--highlight-keyword)"&gt;,&amp;nbsp;&lt;/span&gt;&lt;span style="color: var(--highlight-string)"&gt;'event_listener'&lt;/span&gt;&lt;span style="color: var(--highlight-keyword)"&gt;);&lt;/span&gt;&lt;/code&gt;&lt;/li&gt;
&lt;li&gt;&lt;code&gt;&lt;span style="color: var(--highlight-keyword)"&gt;&lt;/span&gt;&lt;/code&gt;&lt;/li&gt;
&lt;li class="selected"&gt;&lt;code&gt;&lt;span style="color: var(--highlight-keyword)"&gt;&amp;nbsp;&amp;nbsp;&amp;nbsp;&amp;nbsp;&amp;nbsp;&amp;nbsp;&amp;nbsp;&amp;nbsp;(&lt;/span&gt;&lt;span style="color: var(--highlight-default)"&gt;$this&lt;/span&gt;&lt;span style="color: var(--highlight-keyword)"&gt;-&amp;gt;&lt;/span&gt;&lt;span style="color: var(--highlight-default)"&gt;optimizedListener&amp;nbsp;&lt;/span&gt;&lt;span style="color: var(--highlight-keyword)"&gt;??&amp;nbsp;&lt;/span&gt;&lt;span style="color: var(--highlight-default)"&gt;$this&lt;/span&gt;&lt;span style="color: var(--highlight-keyword)"&gt;-&amp;gt;&lt;/span&gt;&lt;span style="color: var(--highlight-default)"&gt;listener&lt;/span&gt;&lt;span style="color: var(--highlight-keyword)"&gt;)(&lt;/span&gt;&lt;span style="color: var(--highlight-default)"&gt;$event&lt;/span&gt;&lt;span style="color: var(--highlight-keyword)"&gt;,&amp;nbsp;&lt;/span&gt;&lt;span style="color: var(--highlight-default)"&gt;$eventName&lt;/span&gt;&lt;span style="color: var(--highlight-keyword)"&gt;,&amp;nbsp;&lt;/span&gt;&lt;span style="color: var(--highlight-default)"&gt;$dispatcher&lt;/span&gt;&lt;span style="color: var(--highlight-keyword)"&gt;);&lt;/span&gt;&lt;/code&gt;&lt;/li&gt;
&lt;li&gt;&lt;code&gt;&lt;span style="color: var(--highlight-keyword)"&gt;&lt;/span&gt;&lt;/code&gt;&lt;/li&gt;
&lt;li&gt;&lt;code&gt;&lt;span style="color: var(--highlight-keyword)"&gt;&amp;nbsp;&amp;nbsp;&amp;nbsp;&amp;nbsp;&amp;nbsp;&amp;nbsp;&amp;nbsp;&amp;nbsp;if&amp;nbsp;(&lt;/span&gt;&lt;span style="color: var(--highlight-default)"&gt;$e&lt;/span&gt;&lt;span style="color: var(--highlight-keyword)"&gt;-&amp;gt;&lt;/span&gt;&lt;span style="color: var(--highlight-default)"&gt;isStarted&lt;/span&gt;&lt;span style="color: var(--highlight-keyword)"&gt;())&amp;nbsp;{&lt;/span&gt;&lt;/code&gt;&lt;/li&gt;
&lt;li&gt;&lt;code&gt;&lt;span style="color: var(--highlight-keyword)"&gt;&amp;nbsp;&amp;nbsp;&amp;nbsp;&amp;nbsp;&amp;nbsp;&amp;nbsp;&amp;nbsp;&amp;nbsp;&amp;nbsp;&amp;nbsp;&amp;nbsp;&amp;nbsp;&lt;/span&gt;&lt;span style="color: var(--highlight-default)"&gt;$e&lt;/span&gt;&lt;span style="color: var(--highlight-keyword)"&gt;-&amp;gt;&lt;/span&gt;&lt;span style="color: var(--highlight-default)"&gt;stop&lt;/span&gt;&lt;span style="color: var(--highlight-keyword)"&gt;();&lt;/span&gt;&lt;/code&gt;&lt;/li&gt;
&lt;li&gt;&lt;code&gt;&lt;span style="color: var(--highlight-keyword)"&gt;&amp;nbsp;&amp;nbsp;&amp;nbsp;&amp;nbsp;&amp;nbsp;&amp;nbsp;&amp;nbsp;&amp;nbsp;}&lt;/span&gt;&lt;/code&gt;&lt;/li&gt;
&lt;li&gt;&lt;code&gt;&lt;span style="color: var(--highlight-keyword)"&gt;&lt;/span&gt;&lt;/code&gt;&lt;/li&gt;&lt;/ol&gt;    &lt;/div&gt;            &lt;/div&gt;
                        &lt;div class="trace-line "&gt;
                &lt;div class="trace-line-header break-long-words sf-toggle" data-toggle-selector="#trace-html-3-16" data-toggle-initial=""&gt;
            &lt;span class="icon icon-close"&gt;&lt;svg width="1792" height="1792" viewBox="0 0 1792 1792" xmlns="http://www.w3.org/2000/svg"&gt;&lt;path d="M1408 960V832q0-26-19-45t-45-19H448q-26 0-45 19t-19 45v128q0 26 19 45t45 19h896q26 0 45-19t19-45zm256-544v960q0 119-84.5 203.5T1376 1664H416q-119 0-203.5-84.5T128 1376V416q0-119 84.5-203.5T416 128h960q119 0 203.5 84.5T1664 416z"/&gt;&lt;/svg&gt;&lt;/span&gt;
        &lt;span class="icon icon-open"&gt;&lt;svg width="1792" height="1792" viewBox="0 0 1792 1792" xmlns="http://www.w3.org/2000/svg"&gt;&lt;path d="M1408 960V832q0-26-19-45t-45-19h-320V448q0-26-19-45t-45-19H832q-26 0-45 19t-19 45v320H448q-26 0-45 19t-19 45v128q0 26 19 45t45 19h320v320q0 26 19 45t45 19h128q26 0 45-19t19-45v-320h320q26 0 45-19t19-45zm256-544v960q0 119-84.5 203.5T1376 1664H416q-119 0-203.5-84.5T128 1376V416q0-119 84.5-203.5T416 128h960q119 0 203.5 84.5T1664 416z"/&gt;&lt;/svg&gt;&lt;/span&gt;
    
            &lt;span class="trace-class"&gt;&lt;abbr title="Symfony\Component\EventDispatcher\Debug\WrappedListener"&gt;WrappedListener&lt;/abbr&gt;&lt;/span&gt;&lt;span class="trace-type"&gt;-&gt;&lt;/span&gt;&lt;span class="trace-method"&gt;__invoke&lt;/span&gt;&lt;span class="trace-arguments"&gt;()&lt;/span&gt;    
                    &lt;span class="block trace-file-path"&gt;
            in
            &lt;a href=""&gt;
                C:\Users\eman\Documents\GitHub\car_dealer\vendor\symfony\event-dispatcher\&lt;strong&gt;EventDispatcher.php&lt;/strong&gt;
            &lt;/a&gt;
                        (line 230)
            &lt;span class="icon icon-copy hidden" data-clipboard-text="C:\Users\eman\Documents\GitHub\car_dealer\vendor\symfony\event-dispatcher\EventDispatcher.php:230"&gt;
                &lt;svg xmlns="http://www.w3.org/2000/svg" height="24" viewBox="0 0 24 24" width="24"&gt;&lt;path d="M0 0h24v24H0z" fill="none"/&gt;&lt;path d="M16 1H4c-1.1 0-2 .9-2 2v14h2V3h12V1zm3 4H8c-1.1 0-2 .9-2 2v14c0 1.1.9 2 2 2h11c1.1 0 2-.9 2-2V7c0-1.1-.9-2-2-2zm0 16H8V7h11v14z"/&gt;&lt;/svg&gt;            &lt;/span&gt;
        &lt;/span&gt;
    &lt;/div&gt;
    &lt;div id="trace-html-3-16" class="trace-code sf-toggle-content"&gt;
        &lt;ol start="225"&gt;&lt;li&gt;&lt;code&gt;&lt;span style="color: var(--highlight-keyword)"&gt;&lt;/span&gt;&lt;/code&gt;&lt;/li&gt;
&lt;li&gt;&lt;code&gt;&lt;span style="color: var(--highlight-keyword)"&gt;&amp;nbsp;&amp;nbsp;&amp;nbsp;&amp;nbsp;&amp;nbsp;&amp;nbsp;&amp;nbsp;&amp;nbsp;foreach&amp;nbsp;(&lt;/span&gt;&lt;span style="color: var(--highlight-default)"&gt;$listeners&amp;nbsp;&lt;/span&gt;&lt;span style="color: var(--highlight-keyword)"&gt;as&amp;nbsp;&lt;/span&gt;&lt;span style="color: var(--highlight-default)"&gt;$listener&lt;/span&gt;&lt;span style="color: var(--highlight-keyword)"&gt;)&amp;nbsp;{&lt;/span&gt;&lt;/code&gt;&lt;/li&gt;
&lt;li&gt;&lt;code&gt;&lt;span style="color: var(--highlight-keyword)"&gt;&amp;nbsp;&amp;nbsp;&amp;nbsp;&amp;nbsp;&amp;nbsp;&amp;nbsp;&amp;nbsp;&amp;nbsp;&amp;nbsp;&amp;nbsp;&amp;nbsp;&amp;nbsp;if&amp;nbsp;(&lt;/span&gt;&lt;span style="color: var(--highlight-default)"&gt;$stoppable&amp;nbsp;&lt;/span&gt;&lt;span style="color: var(--highlight-keyword)"&gt;&amp;amp;&amp;amp;&amp;nbsp;&lt;/span&gt;&lt;span style="color: var(--highlight-default)"&gt;$event&lt;/span&gt;&lt;span style="color: var(--highlight-keyword)"&gt;-&amp;gt;&lt;/span&gt;&lt;span style="color: var(--highlight-default)"&gt;isPropagationStopped&lt;/span&gt;&lt;span style="color: var(--highlight-keyword)"&gt;())&amp;nbsp;{&lt;/span&gt;&lt;/code&gt;&lt;/li&gt;
&lt;li&gt;&lt;code&gt;&lt;span style="color: var(--highlight-keyword)"&gt;&amp;nbsp;&amp;nbsp;&amp;nbsp;&amp;nbsp;&amp;nbsp;&amp;nbsp;&amp;nbsp;&amp;nbsp;&amp;nbsp;&amp;nbsp;&amp;nbsp;&amp;nbsp;&amp;nbsp;&amp;nbsp;&amp;nbsp;&amp;nbsp;break;&lt;/span&gt;&lt;/code&gt;&lt;/li&gt;
&lt;li&gt;&lt;code&gt;&lt;span style="color: var(--highlight-keyword)"&gt;&amp;nbsp;&amp;nbsp;&amp;nbsp;&amp;nbsp;&amp;nbsp;&amp;nbsp;&amp;nbsp;&amp;nbsp;&amp;nbsp;&amp;nbsp;&amp;nbsp;&amp;nbsp;}&lt;/span&gt;&lt;/code&gt;&lt;/li&gt;
&lt;li class="selected"&gt;&lt;code&gt;&lt;span style="color: var(--highlight-keyword)"&gt;&amp;nbsp;&amp;nbsp;&amp;nbsp;&amp;nbsp;&amp;nbsp;&amp;nbsp;&amp;nbsp;&amp;nbsp;&amp;nbsp;&amp;nbsp;&amp;nbsp;&amp;nbsp;&lt;/span&gt;&lt;span style="color: var(--highlight-default)"&gt;$listener&lt;/span&gt;&lt;span style="color: var(--highlight-keyword)"&gt;(&lt;/span&gt;&lt;span style="color: var(--highlight-default)"&gt;$event&lt;/span&gt;&lt;span style="color: var(--highlight-keyword)"&gt;,&amp;nbsp;&lt;/span&gt;&lt;span style="color: var(--highlight-default)"&gt;$eventName&lt;/span&gt;&lt;span style="color: var(--highlight-keyword)"&gt;,&amp;nbsp;&lt;/span&gt;&lt;span style="color: var(--highlight-default)"&gt;$this&lt;/span&gt;&lt;span style="color: var(--highlight-keyword)"&gt;);&lt;/span&gt;&lt;/code&gt;&lt;/li&gt;
&lt;li&gt;&lt;code&gt;&lt;span style="color: var(--highlight-keyword)"&gt;&amp;nbsp;&amp;nbsp;&amp;nbsp;&amp;nbsp;&amp;nbsp;&amp;nbsp;&amp;nbsp;&amp;nbsp;}&lt;/span&gt;&lt;/code&gt;&lt;/li&gt;
&lt;li&gt;&lt;code&gt;&lt;span style="color: var(--highlight-keyword)"&gt;&amp;nbsp;&amp;nbsp;&amp;nbsp;&amp;nbsp;}&lt;/span&gt;&lt;/code&gt;&lt;/li&gt;
&lt;li&gt;&lt;code&gt;&lt;span style="color: var(--highlight-keyword)"&gt;&lt;/span&gt;&lt;/code&gt;&lt;/li&gt;
&lt;li&gt;&lt;code&gt;&lt;span style="color: var(--highlight-keyword)"&gt;&amp;nbsp;&amp;nbsp;&amp;nbsp;&amp;nbsp;&lt;/span&gt;&lt;span style="color: var(--highlight-comment)"&gt;/**&lt;/span&gt;&lt;/code&gt;&lt;/li&gt;
&lt;li&gt;&lt;code&gt;&lt;span style="color: var(--highlight-comment)"&gt;&amp;nbsp;&amp;nbsp;&amp;nbsp;&amp;nbsp;&amp;nbsp;*&amp;nbsp;Sorts&amp;nbsp;the&amp;nbsp;internal&amp;nbsp;list&amp;nbsp;of&amp;nbsp;listeners&amp;nbsp;for&amp;nbsp;the&amp;nbsp;given&amp;nbsp;event&amp;nbsp;by&amp;nbsp;priority.&lt;/span&gt;&lt;/code&gt;&lt;/li&gt;&lt;/ol&gt;    &lt;/div&gt;            &lt;/div&gt;
                        &lt;div class="trace-line "&gt;
                &lt;div class="trace-line-header break-long-words sf-toggle" data-toggle-selector="#trace-html-3-17" data-toggle-initial=""&gt;
            &lt;span class="icon icon-close"&gt;&lt;svg width="1792" height="1792" viewBox="0 0 1792 1792" xmlns="http://www.w3.org/2000/svg"&gt;&lt;path d="M1408 960V832q0-26-19-45t-45-19H448q-26 0-45 19t-19 45v128q0 26 19 45t45 19h896q26 0 45-19t19-45zm256-544v960q0 119-84.5 203.5T1376 1664H416q-119 0-203.5-84.5T128 1376V416q0-119 84.5-203.5T416 128h960q119 0 203.5 84.5T1664 416z"/&gt;&lt;/svg&gt;&lt;/span&gt;
        &lt;span class="icon icon-open"&gt;&lt;svg width="1792" height="1792" viewBox="0 0 1792 1792" xmlns="http://www.w3.org/2000/svg"&gt;&lt;path d="M1408 960V832q0-26-19-45t-45-19h-320V448q0-26-19-45t-45-19H832q-26 0-45 19t-19 45v320H448q-26 0-45 19t-19 45v128q0 26 19 45t45 19h320v320q0 26 19 45t45 19h128q26 0 45-19t19-45v-320h320q26 0 45-19t19-45zm256-544v960q0 119-84.5 203.5T1376 1664H416q-119 0-203.5-84.5T128 1376V416q0-119 84.5-203.5T416 128h960q119 0 203.5 84.5T1664 416z"/&gt;&lt;/svg&gt;&lt;/span&gt;
    
            &lt;span class="trace-class"&gt;&lt;abbr title="Symfony\Component\EventDispatcher\EventDispatcher"&gt;EventDispatcher&lt;/abbr&gt;&lt;/span&gt;&lt;span class="trace-type"&gt;-&gt;&lt;/span&gt;&lt;span class="trace-method"&gt;callListeners&lt;/span&gt;&lt;span class="trace-arguments"&gt;()&lt;/span&gt;    
                    &lt;span class="block trace-file-path"&gt;
            in
            &lt;a href=""&gt;
                C:\Users\eman\Documents\GitHub\car_dealer\vendor\symfony\event-dispatcher\&lt;strong&gt;EventDispatcher.php&lt;/strong&gt;
            &lt;/a&gt;
                        (line 59)
            &lt;span class="icon icon-copy hidden" data-clipboard-text="C:\Users\eman\Documents\GitHub\car_dealer\vendor\symfony\event-dispatcher\EventDispatcher.php:59"&gt;
                &lt;svg xmlns="http://www.w3.org/2000/svg" height="24" viewBox="0 0 24 24" width="24"&gt;&lt;path d="M0 0h24v24H0z" fill="none"/&gt;&lt;path d="M16 1H4c-1.1 0-2 .9-2 2v14h2V3h12V1zm3 4H8c-1.1 0-2 .9-2 2v14c0 1.1.9 2 2 2h11c1.1 0 2-.9 2-2V7c0-1.1-.9-2-2-2zm0 16H8V7h11v14z"/&gt;&lt;/svg&gt;            &lt;/span&gt;
        &lt;/span&gt;
    &lt;/div&gt;
    &lt;div id="trace-html-3-17" class="trace-code sf-toggle-content"&gt;
        &lt;ol start="54"&gt;&lt;li&gt;&lt;code&gt;&lt;span style="color: var(--highlight-keyword)"&gt;&amp;nbsp;&amp;nbsp;&amp;nbsp;&amp;nbsp;&amp;nbsp;&amp;nbsp;&amp;nbsp;&amp;nbsp;}&amp;nbsp;else&amp;nbsp;{&lt;/span&gt;&lt;/code&gt;&lt;/li&gt;
&lt;li&gt;&lt;code&gt;&lt;span style="color: var(--highlight-keyword)"&gt;&amp;nbsp;&amp;nbsp;&amp;nbsp;&amp;nbsp;&amp;nbsp;&amp;nbsp;&amp;nbsp;&amp;nbsp;&amp;nbsp;&amp;nbsp;&amp;nbsp;&amp;nbsp;&lt;/span&gt;&lt;span style="color: var(--highlight-default)"&gt;$listeners&amp;nbsp;&lt;/span&gt;&lt;span style="color: var(--highlight-keyword)"&gt;=&amp;nbsp;&lt;/span&gt;&lt;span style="color: var(--highlight-default)"&gt;$this&lt;/span&gt;&lt;span style="color: var(--highlight-keyword)"&gt;-&amp;gt;&lt;/span&gt;&lt;span style="color: var(--highlight-default)"&gt;getListeners&lt;/span&gt;&lt;span style="color: var(--highlight-keyword)"&gt;(&lt;/span&gt;&lt;span style="color: var(--highlight-default)"&gt;$eventName&lt;/span&gt;&lt;span style="color: var(--highlight-keyword)"&gt;);&lt;/span&gt;&lt;/code&gt;&lt;/li&gt;
&lt;li&gt;&lt;code&gt;&lt;span style="color: var(--highlight-keyword)"&gt;&amp;nbsp;&amp;nbsp;&amp;nbsp;&amp;nbsp;&amp;nbsp;&amp;nbsp;&amp;nbsp;&amp;nbsp;}&lt;/span&gt;&lt;/code&gt;&lt;/li&gt;
&lt;li&gt;&lt;code&gt;&lt;span style="color: var(--highlight-keyword)"&gt;&lt;/span&gt;&lt;/code&gt;&lt;/li&gt;
&lt;li&gt;&lt;code&gt;&lt;span style="color: var(--highlight-keyword)"&gt;&amp;nbsp;&amp;nbsp;&amp;nbsp;&amp;nbsp;&amp;nbsp;&amp;nbsp;&amp;nbsp;&amp;nbsp;if&amp;nbsp;(&lt;/span&gt;&lt;span style="color: var(--highlight-default)"&gt;$listeners&lt;/span&gt;&lt;span style="color: var(--highlight-keyword)"&gt;)&amp;nbsp;{&lt;/span&gt;&lt;/code&gt;&lt;/li&gt;
&lt;li class="selected"&gt;&lt;code&gt;&lt;span style="color: var(--highlight-keyword)"&gt;&amp;nbsp;&amp;nbsp;&amp;nbsp;&amp;nbsp;&amp;nbsp;&amp;nbsp;&amp;nbsp;&amp;nbsp;&amp;nbsp;&amp;nbsp;&amp;nbsp;&amp;nbsp;&lt;/span&gt;&lt;span style="color: var(--highlight-default)"&gt;$this&lt;/span&gt;&lt;span style="color: var(--highlight-keyword)"&gt;-&amp;gt;&lt;/span&gt;&lt;span style="color: var(--highlight-default)"&gt;callListeners&lt;/span&gt;&lt;span style="color: var(--highlight-keyword)"&gt;(&lt;/span&gt;&lt;span style="color: var(--highlight-default)"&gt;$listeners&lt;/span&gt;&lt;span style="color: var(--highlight-keyword)"&gt;,&amp;nbsp;&lt;/span&gt;&lt;span style="color: var(--highlight-default)"&gt;$eventName&lt;/span&gt;&lt;span style="color: var(--highlight-keyword)"&gt;,&amp;nbsp;&lt;/span&gt;&lt;span style="color: var(--highlight-default)"&gt;$event&lt;/span&gt;&lt;span style="color: var(--highlight-keyword)"&gt;);&lt;/span&gt;&lt;/code&gt;&lt;/li&gt;
&lt;li&gt;&lt;code&gt;&lt;span style="color: var(--highlight-keyword)"&gt;&amp;nbsp;&amp;nbsp;&amp;nbsp;&amp;nbsp;&amp;nbsp;&amp;nbsp;&amp;nbsp;&amp;nbsp;}&lt;/span&gt;&lt;/code&gt;&lt;/li&gt;
&lt;li&gt;&lt;code&gt;&lt;span style="color: var(--highlight-keyword)"&gt;&lt;/span&gt;&lt;/code&gt;&lt;/li&gt;
&lt;li&gt;&lt;code&gt;&lt;span style="color: var(--highlight-keyword)"&gt;&amp;nbsp;&amp;nbsp;&amp;nbsp;&amp;nbsp;&amp;nbsp;&amp;nbsp;&amp;nbsp;&amp;nbsp;return&amp;nbsp;&lt;/span&gt;&lt;span style="color: var(--highlight-default)"&gt;$event&lt;/span&gt;&lt;span style="color: var(--highlight-keyword)"&gt;;&lt;/span&gt;&lt;/code&gt;&lt;/li&gt;
&lt;li&gt;&lt;code&gt;&lt;span style="color: var(--highlight-keyword)"&gt;&amp;nbsp;&amp;nbsp;&amp;nbsp;&amp;nbsp;}&lt;/span&gt;&lt;/code&gt;&lt;/li&gt;
&lt;li&gt;&lt;code&gt;&lt;span style="color: var(--highlight-keyword)"&gt;&lt;/span&gt;&lt;/code&gt;&lt;/li&gt;&lt;/ol&gt;    &lt;/div&gt;            &lt;/div&gt;
                        &lt;div class="trace-line "&gt;
                &lt;div class="trace-line-header break-long-words sf-toggle" data-toggle-selector="#trace-html-3-18" data-toggle-initial=""&gt;
            &lt;span class="icon icon-close"&gt;&lt;svg width="1792" height="1792" viewBox="0 0 1792 1792" xmlns="http://www.w3.org/2000/svg"&gt;&lt;path d="M1408 960V832q0-26-19-45t-45-19H448q-26 0-45 19t-19 45v128q0 26 19 45t45 19h896q26 0 45-19t19-45zm256-544v960q0 119-84.5 203.5T1376 1664H416q-119 0-203.5-84.5T128 1376V416q0-119 84.5-203.5T416 128h960q119 0 203.5 84.5T1664 416z"/&gt;&lt;/svg&gt;&lt;/span&gt;
        &lt;span class="icon icon-open"&gt;&lt;svg width="1792" height="1792" viewBox="0 0 1792 1792" xmlns="http://www.w3.org/2000/svg"&gt;&lt;path d="M1408 960V832q0-26-19-45t-45-19h-320V448q0-26-19-45t-45-19H832q-26 0-45 19t-19 45v320H448q-26 0-45 19t-19 45v128q0 26 19 45t45 19h320v320q0 26 19 45t45 19h128q26 0 45-19t19-45v-320h320q26 0 45-19t19-45zm256-544v960q0 119-84.5 203.5T1376 1664H416q-119 0-203.5-84.5T128 1376V416q0-119 84.5-203.5T416 128h960q119 0 203.5 84.5T1664 416z"/&gt;&lt;/svg&gt;&lt;/span&gt;
    
            &lt;span class="trace-class"&gt;&lt;abbr title="Symfony\Component\EventDispatcher\EventDispatcher"&gt;EventDispatcher&lt;/abbr&gt;&lt;/span&gt;&lt;span class="trace-type"&gt;-&gt;&lt;/span&gt;&lt;span class="trace-method"&gt;dispatch&lt;/span&gt;&lt;span class="trace-arguments"&gt;()&lt;/span&gt;    
                    &lt;span class="block trace-file-path"&gt;
            in
            &lt;a href=""&gt;
                C:\Users\eman\Documents\GitHub\car_dealer\vendor\symfony\event-dispatcher\Debug\&lt;strong&gt;TraceableEventDispatcher.php&lt;/strong&gt;
            &lt;/a&gt;
                        (line 152)
            &lt;span class="icon icon-copy hidden" data-clipboard-text="C:\Users\eman\Documents\GitHub\car_dealer\vendor\symfony\event-dispatcher\Debug\TraceableEventDispatcher.php:152"&gt;
                &lt;svg xmlns="http://www.w3.org/2000/svg" height="24" viewBox="0 0 24 24" width="24"&gt;&lt;path d="M0 0h24v24H0z" fill="none"/&gt;&lt;path d="M16 1H4c-1.1 0-2 .9-2 2v14h2V3h12V1zm3 4H8c-1.1 0-2 .9-2 2v14c0 1.1.9 2 2 2h11c1.1 0 2-.9 2-2V7c0-1.1-.9-2-2-2zm0 16H8V7h11v14z"/&gt;&lt;/svg&gt;            &lt;/span&gt;
        &lt;/span&gt;
    &lt;/div&gt;
    &lt;div id="trace-html-3-18" class="trace-code sf-toggle-content"&gt;
        &lt;ol start="147"&gt;&lt;li&gt;&lt;code&gt;&lt;span style="color: var(--highlight-keyword)"&gt;&amp;nbsp;&amp;nbsp;&amp;nbsp;&amp;nbsp;&amp;nbsp;&amp;nbsp;&amp;nbsp;&amp;nbsp;try&amp;nbsp;{&lt;/span&gt;&lt;/code&gt;&lt;/li&gt;
&lt;li&gt;&lt;code&gt;&lt;span style="color: var(--highlight-keyword)"&gt;&amp;nbsp;&amp;nbsp;&amp;nbsp;&amp;nbsp;&amp;nbsp;&amp;nbsp;&amp;nbsp;&amp;nbsp;&amp;nbsp;&amp;nbsp;&amp;nbsp;&amp;nbsp;&lt;/span&gt;&lt;span style="color: var(--highlight-default)"&gt;$this&lt;/span&gt;&lt;span style="color: var(--highlight-keyword)"&gt;-&amp;gt;&lt;/span&gt;&lt;span style="color: var(--highlight-default)"&gt;beforeDispatch&lt;/span&gt;&lt;span style="color: var(--highlight-keyword)"&gt;(&lt;/span&gt;&lt;span style="color: var(--highlight-default)"&gt;$eventName&lt;/span&gt;&lt;span style="color: var(--highlight-keyword)"&gt;,&amp;nbsp;&lt;/span&gt;&lt;span style="color: var(--highlight-default)"&gt;$event&lt;/span&gt;&lt;span style="color: var(--highlight-keyword)"&gt;);&lt;/span&gt;&lt;/code&gt;&lt;/li&gt;
&lt;li&gt;&lt;code&gt;&lt;span style="color: var(--highlight-keyword)"&gt;&amp;nbsp;&amp;nbsp;&amp;nbsp;&amp;nbsp;&amp;nbsp;&amp;nbsp;&amp;nbsp;&amp;nbsp;&amp;nbsp;&amp;nbsp;&amp;nbsp;&amp;nbsp;try&amp;nbsp;{&lt;/span&gt;&lt;/code&gt;&lt;/li&gt;
&lt;li&gt;&lt;code&gt;&lt;span style="color: var(--highlight-keyword)"&gt;&amp;nbsp;&amp;nbsp;&amp;nbsp;&amp;nbsp;&amp;nbsp;&amp;nbsp;&amp;nbsp;&amp;nbsp;&amp;nbsp;&amp;nbsp;&amp;nbsp;&amp;nbsp;&amp;nbsp;&amp;nbsp;&amp;nbsp;&amp;nbsp;&lt;/span&gt;&lt;span style="color: var(--highlight-default)"&gt;$e&amp;nbsp;&lt;/span&gt;&lt;span style="color: var(--highlight-keyword)"&gt;=&amp;nbsp;&lt;/span&gt;&lt;span style="color: var(--highlight-default)"&gt;$this&lt;/span&gt;&lt;span style="color: var(--highlight-keyword)"&gt;-&amp;gt;&lt;/span&gt;&lt;span style="color: var(--highlight-default)"&gt;stopwatch&lt;/span&gt;&lt;span style="color: var(--highlight-keyword)"&gt;-&amp;gt;&lt;/span&gt;&lt;span style="color: var(--highlight-default)"&gt;start&lt;/span&gt;&lt;span style="color: var(--highlight-keyword)"&gt;(&lt;/span&gt;&lt;span style="color: var(--highlight-default)"&gt;$eventName&lt;/span&gt;&lt;span style="color: var(--highlight-keyword)"&gt;,&amp;nbsp;&lt;/span&gt;&lt;span style="color: var(--highlight-string)"&gt;'section'&lt;/span&gt;&lt;span style="color: var(--highlight-keyword)"&gt;);&lt;/span&gt;&lt;/code&gt;&lt;/li&gt;
&lt;li&gt;&lt;code&gt;&lt;span style="color: var(--highlight-keyword)"&gt;&amp;nbsp;&amp;nbsp;&amp;nbsp;&amp;nbsp;&amp;nbsp;&amp;nbsp;&amp;nbsp;&amp;nbsp;&amp;nbsp;&amp;nbsp;&amp;nbsp;&amp;nbsp;&amp;nbsp;&amp;nbsp;&amp;nbsp;&amp;nbsp;try&amp;nbsp;{&lt;/span&gt;&lt;/code&gt;&lt;/li&gt;
&lt;li class="selected"&gt;&lt;code&gt;&lt;span style="color: var(--highlight-keyword)"&gt;&amp;nbsp;&amp;nbsp;&amp;nbsp;&amp;nbsp;&amp;nbsp;&amp;nbsp;&amp;nbsp;&amp;nbsp;&amp;nbsp;&amp;nbsp;&amp;nbsp;&amp;nbsp;&amp;nbsp;&amp;nbsp;&amp;nbsp;&amp;nbsp;&amp;nbsp;&amp;nbsp;&amp;nbsp;&amp;nbsp;&lt;/span&gt;&lt;span style="color: var(--highlight-default)"&gt;$this&lt;/span&gt;&lt;span style="color: var(--highlight-keyword)"&gt;-&amp;gt;&lt;/span&gt;&lt;span style="color: var(--highlight-default)"&gt;dispatcher&lt;/span&gt;&lt;span style="color: var(--highlight-keyword)"&gt;-&amp;gt;&lt;/span&gt;&lt;span style="color: var(--highlight-default)"&gt;dispatch&lt;/span&gt;&lt;span style="color: var(--highlight-keyword)"&gt;(&lt;/span&gt;&lt;span style="color: var(--highlight-default)"&gt;$event&lt;/span&gt;&lt;span style="color: var(--highlight-keyword)"&gt;,&amp;nbsp;&lt;/span&gt;&lt;span style="color: var(--highlight-default)"&gt;$eventName&lt;/span&gt;&lt;span style="color: var(--highlight-keyword)"&gt;);&lt;/span&gt;&lt;/code&gt;&lt;/li&gt;
&lt;li&gt;&lt;code&gt;&lt;span style="color: var(--highlight-keyword)"&gt;&amp;nbsp;&amp;nbsp;&amp;nbsp;&amp;nbsp;&amp;nbsp;&amp;nbsp;&amp;nbsp;&amp;nbsp;&amp;nbsp;&amp;nbsp;&amp;nbsp;&amp;nbsp;&amp;nbsp;&amp;nbsp;&amp;nbsp;&amp;nbsp;}&amp;nbsp;finally&amp;nbsp;{&lt;/span&gt;&lt;/code&gt;&lt;/li&gt;
&lt;li&gt;&lt;code&gt;&lt;span style="color: var(--highlight-keyword)"&gt;&amp;nbsp;&amp;nbsp;&amp;nbsp;&amp;nbsp;&amp;nbsp;&amp;nbsp;&amp;nbsp;&amp;nbsp;&amp;nbsp;&amp;nbsp;&amp;nbsp;&amp;nbsp;&amp;nbsp;&amp;nbsp;&amp;nbsp;&amp;nbsp;&amp;nbsp;&amp;nbsp;&amp;nbsp;&amp;nbsp;if&amp;nbsp;(&lt;/span&gt;&lt;span style="color: var(--highlight-default)"&gt;$e&lt;/span&gt;&lt;span style="color: var(--highlight-keyword)"&gt;-&amp;gt;&lt;/span&gt;&lt;span style="color: var(--highlight-default)"&gt;isStarted&lt;/span&gt;&lt;span style="color: var(--highlight-keyword)"&gt;())&amp;nbsp;{&lt;/span&gt;&lt;/code&gt;&lt;/li&gt;
&lt;li&gt;&lt;code&gt;&lt;span style="color: var(--highlight-keyword)"&gt;&amp;nbsp;&amp;nbsp;&amp;nbsp;&amp;nbsp;&amp;nbsp;&amp;nbsp;&amp;nbsp;&amp;nbsp;&amp;nbsp;&amp;nbsp;&amp;nbsp;&amp;nbsp;&amp;nbsp;&amp;nbsp;&amp;nbsp;&amp;nbsp;&amp;nbsp;&amp;nbsp;&amp;nbsp;&amp;nbsp;&amp;nbsp;&amp;nbsp;&amp;nbsp;&amp;nbsp;&lt;/span&gt;&lt;span style="color: var(--highlight-default)"&gt;$e&lt;/span&gt;&lt;span style="color: var(--highlight-keyword)"&gt;-&amp;gt;&lt;/span&gt;&lt;span style="color: var(--highlight-default)"&gt;stop&lt;/span&gt;&lt;span style="color: var(--highlight-keyword)"&gt;();&lt;/span&gt;&lt;/code&gt;&lt;/li&gt;
&lt;li&gt;&lt;code&gt;&lt;span style="color: var(--highlight-keyword)"&gt;&amp;nbsp;&amp;nbsp;&amp;nbsp;&amp;nbsp;&amp;nbsp;&amp;nbsp;&amp;nbsp;&amp;nbsp;&amp;nbsp;&amp;nbsp;&amp;nbsp;&amp;nbsp;&amp;nbsp;&amp;nbsp;&amp;nbsp;&amp;nbsp;&amp;nbsp;&amp;nbsp;&amp;nbsp;&amp;nbsp;}&lt;/span&gt;&lt;/code&gt;&lt;/li&gt;
&lt;li&gt;&lt;code&gt;&lt;span style="color: var(--highlight-keyword)"&gt;&amp;nbsp;&amp;nbsp;&amp;nbsp;&amp;nbsp;&amp;nbsp;&amp;nbsp;&amp;nbsp;&amp;nbsp;&amp;nbsp;&amp;nbsp;&amp;nbsp;&amp;nbsp;&amp;nbsp;&amp;nbsp;&amp;nbsp;&amp;nbsp;}&lt;/span&gt;&lt;/code&gt;&lt;/li&gt;&lt;/ol&gt;    &lt;/div&gt;            &lt;/div&gt;
                        &lt;div class="trace-line "&gt;
                &lt;div class="trace-line-header break-long-words sf-toggle" data-toggle-selector="#trace-html-3-19" data-toggle-initial=""&gt;
            &lt;span class="icon icon-close"&gt;&lt;svg width="1792" height="1792" viewBox="0 0 1792 1792" xmlns="http://www.w3.org/2000/svg"&gt;&lt;path d="M1408 960V832q0-26-19-45t-45-19H448q-26 0-45 19t-19 45v128q0 26 19 45t45 19h896q26 0 45-19t19-45zm256-544v960q0 119-84.5 203.5T1376 1664H416q-119 0-203.5-84.5T128 1376V416q0-119 84.5-203.5T416 128h960q119 0 203.5 84.5T1664 416z"/&gt;&lt;/svg&gt;&lt;/span&gt;
        &lt;span class="icon icon-open"&gt;&lt;svg width="1792" height="1792" viewBox="0 0 1792 1792" xmlns="http://www.w3.org/2000/svg"&gt;&lt;path d="M1408 960V832q0-26-19-45t-45-19h-320V448q0-26-19-45t-45-19H832q-26 0-45 19t-19 45v320H448q-26 0-45 19t-19 45v128q0 26 19 45t45 19h320v320q0 26 19 45t45 19h128q26 0 45-19t19-45v-320h320q26 0 45-19t19-45zm256-544v960q0 119-84.5 203.5T1376 1664H416q-119 0-203.5-84.5T128 1376V416q0-119 84.5-203.5T416 128h960q119 0 203.5 84.5T1664 416z"/&gt;&lt;/svg&gt;&lt;/span&gt;
    
            &lt;span class="trace-class"&gt;&lt;abbr title="Symfony\Component\EventDispatcher\Debug\TraceableEventDispatcher"&gt;TraceableEventDispatcher&lt;/abbr&gt;&lt;/span&gt;&lt;span class="trace-type"&gt;-&gt;&lt;/span&gt;&lt;span class="trace-method"&gt;dispatch&lt;/span&gt;&lt;span class="trace-arguments"&gt;()&lt;/span&gt;    
                    &lt;span class="block trace-file-path"&gt;
            in
            &lt;a href=""&gt;
                C:\Users\eman\Documents\GitHub\car_dealer\vendor\symfony\http-kernel\&lt;strong&gt;HttpKernel.php&lt;/strong&gt;
            &lt;/a&gt;
                        (line 140)
            &lt;span class="icon icon-copy hidden" data-clipboard-text="C:\Users\eman\Documents\GitHub\car_dealer\vendor\symfony\http-kernel\HttpKernel.php:140"&gt;
                &lt;svg xmlns="http://www.w3.org/2000/svg" height="24" viewBox="0 0 24 24" width="24"&gt;&lt;path d="M0 0h24v24H0z" fill="none"/&gt;&lt;path d="M16 1H4c-1.1 0-2 .9-2 2v14h2V3h12V1zm3 4H8c-1.1 0-2 .9-2 2v14c0 1.1.9 2 2 2h11c1.1 0 2-.9 2-2V7c0-1.1-.9-2-2-2zm0 16H8V7h11v14z"/&gt;&lt;/svg&gt;            &lt;/span&gt;
        &lt;/span&gt;
    &lt;/div&gt;
    &lt;div id="trace-html-3-19" class="trace-code sf-toggle-content"&gt;
        &lt;ol start="135"&gt;&lt;li&gt;&lt;code&gt;&lt;span style="color: var(--highlight-comment)"&gt;&amp;nbsp;&amp;nbsp;&amp;nbsp;&amp;nbsp;&amp;nbsp;&amp;nbsp;&amp;nbsp;&amp;nbsp;&lt;/span&gt;&lt;span style="color: var(--highlight-keyword)"&gt;if&amp;nbsp;(&lt;/span&gt;&lt;span style="color: var(--highlight-default)"&gt;false&amp;nbsp;&lt;/span&gt;&lt;span style="color: var(--highlight-keyword)"&gt;===&amp;nbsp;&lt;/span&gt;&lt;span style="color: var(--highlight-default)"&gt;$controller&amp;nbsp;&lt;/span&gt;&lt;span style="color: var(--highlight-keyword)"&gt;=&amp;nbsp;&lt;/span&gt;&lt;span style="color: var(--highlight-default)"&gt;$this&lt;/span&gt;&lt;span style="color: var(--highlight-keyword)"&gt;-&amp;gt;&lt;/span&gt;&lt;span style="color: var(--highlight-default)"&gt;resolver&lt;/span&gt;&lt;span style="color: var(--highlight-keyword)"&gt;-&amp;gt;&lt;/span&gt;&lt;span style="color: var(--highlight-default)"&gt;getController&lt;/span&gt;&lt;span style="color: var(--highlight-keyword)"&gt;(&lt;/span&gt;&lt;span style="color: var(--highlight-default)"&gt;$request&lt;/span&gt;&lt;span style="color: var(--highlight-keyword)"&gt;))&amp;nbsp;{&lt;/span&gt;&lt;/code&gt;&lt;/li&gt;
&lt;li&gt;&lt;code&gt;&lt;span style="color: var(--highlight-keyword)"&gt;&amp;nbsp;&amp;nbsp;&amp;nbsp;&amp;nbsp;&amp;nbsp;&amp;nbsp;&amp;nbsp;&amp;nbsp;&amp;nbsp;&amp;nbsp;&amp;nbsp;&amp;nbsp;throw&amp;nbsp;new&amp;nbsp;&lt;/span&gt;&lt;span style="color: var(--highlight-default)"&gt;NotFoundHttpException&lt;/span&gt;&lt;span style="color: var(--highlight-keyword)"&gt;(&lt;/span&gt;&lt;span style="color: var(--highlight-default)"&gt;sprintf&lt;/span&gt;&lt;span style="color: var(--highlight-keyword)"&gt;(&lt;/span&gt;&lt;span style="color: var(--highlight-string)"&gt;'Unable&amp;nbsp;to&amp;nbsp;find&amp;nbsp;the&amp;nbsp;controller&amp;nbsp;for&amp;nbsp;path&amp;nbsp;"%s".&amp;nbsp;The&amp;nbsp;route&amp;nbsp;is&amp;nbsp;wrongly&amp;nbsp;configured.'&lt;/span&gt;&lt;span style="color: var(--highlight-keyword)"&gt;,&amp;nbsp;&lt;/span&gt;&lt;span style="color: var(--highlight-default)"&gt;$request&lt;/span&gt;&lt;span style="color: var(--highlight-keyword)"&gt;-&amp;gt;&lt;/span&gt;&lt;span style="color: var(--highlight-default)"&gt;getPathInfo&lt;/span&gt;&lt;span style="color: var(--highlight-keyword)"&gt;()));&lt;/span&gt;&lt;/code&gt;&lt;/li&gt;
&lt;li&gt;&lt;code&gt;&lt;span style="color: var(--highlight-keyword)"&gt;&amp;nbsp;&amp;nbsp;&amp;nbsp;&amp;nbsp;&amp;nbsp;&amp;nbsp;&amp;nbsp;&amp;nbsp;}&lt;/span&gt;&lt;/code&gt;&lt;/li&gt;
&lt;li&gt;&lt;code&gt;&lt;span style="color: var(--highlight-keyword)"&gt;&lt;/span&gt;&lt;/code&gt;&lt;/li&gt;
&lt;li&gt;&lt;code&gt;&lt;span style="color: var(--highlight-keyword)"&gt;&amp;nbsp;&amp;nbsp;&amp;nbsp;&amp;nbsp;&amp;nbsp;&amp;nbsp;&amp;nbsp;&amp;nbsp;&lt;/span&gt;&lt;span style="color: var(--highlight-default)"&gt;$event&amp;nbsp;&lt;/span&gt;&lt;span style="color: var(--highlight-keyword)"&gt;=&amp;nbsp;new&amp;nbsp;&lt;/span&gt;&lt;span style="color: var(--highlight-default)"&gt;ControllerEvent&lt;/span&gt;&lt;span style="color: var(--highlight-keyword)"&gt;(&lt;/span&gt;&lt;span style="color: var(--highlight-default)"&gt;$this&lt;/span&gt;&lt;span style="color: var(--highlight-keyword)"&gt;,&amp;nbsp;&lt;/span&gt;&lt;span style="color: var(--highlight-default)"&gt;$controller&lt;/span&gt;&lt;span style="color: var(--highlight-keyword)"&gt;,&amp;nbsp;&lt;/span&gt;&lt;span style="color: var(--highlight-default)"&gt;$request&lt;/span&gt;&lt;span style="color: var(--highlight-keyword)"&gt;,&amp;nbsp;&lt;/span&gt;&lt;span style="color: var(--highlight-default)"&gt;$type&lt;/span&gt;&lt;span style="color: var(--highlight-keyword)"&gt;);&lt;/span&gt;&lt;/code&gt;&lt;/li&gt;
&lt;li class="selected"&gt;&lt;code&gt;&lt;span style="color: var(--highlight-keyword)"&gt;&amp;nbsp;&amp;nbsp;&amp;nbsp;&amp;nbsp;&amp;nbsp;&amp;nbsp;&amp;nbsp;&amp;nbsp;&lt;/span&gt;&lt;span style="color: var(--highlight-default)"&gt;$this&lt;/span&gt;&lt;span style="color: var(--highlight-keyword)"&gt;-&amp;gt;&lt;/span&gt;&lt;span style="color: var(--highlight-default)"&gt;dispatcher&lt;/span&gt;&lt;span style="color: var(--highlight-keyword)"&gt;-&amp;gt;&lt;/span&gt;&lt;span style="color: var(--highlight-default)"&gt;dispatch&lt;/span&gt;&lt;span style="color: var(--highlight-keyword)"&gt;(&lt;/span&gt;&lt;span style="color: var(--highlight-default)"&gt;$event&lt;/span&gt;&lt;span style="color: var(--highlight-keyword)"&gt;,&amp;nbsp;&lt;/span&gt;&lt;span style="color: var(--highlight-default)"&gt;KernelEvents&lt;/span&gt;&lt;span style="color: var(--highlight-keyword)"&gt;::&lt;/span&gt;&lt;span style="color: var(--highlight-default)"&gt;CONTROLLER&lt;/span&gt;&lt;span style="color: var(--highlight-keyword)"&gt;);&lt;/span&gt;&lt;/code&gt;&lt;/li&gt;
&lt;li&gt;&lt;code&gt;&lt;span style="color: var(--highlight-keyword)"&gt;&amp;nbsp;&amp;nbsp;&amp;nbsp;&amp;nbsp;&amp;nbsp;&amp;nbsp;&amp;nbsp;&amp;nbsp;&lt;/span&gt;&lt;span style="color: var(--highlight-default)"&gt;$controller&amp;nbsp;&lt;/span&gt;&lt;span style="color: var(--highlight-keyword)"&gt;=&amp;nbsp;&lt;/span&gt;&lt;span style="color: var(--highlight-default)"&gt;$event&lt;/span&gt;&lt;span style="color: var(--highlight-keyword)"&gt;-&amp;gt;&lt;/span&gt;&lt;span style="color: var(--highlight-default)"&gt;getController&lt;/span&gt;&lt;span style="color: var(--highlight-keyword)"&gt;();&lt;/span&gt;&lt;/code&gt;&lt;/li&gt;
&lt;li&gt;&lt;code&gt;&lt;span style="color: var(--highlight-keyword)"&gt;&lt;/span&gt;&lt;/code&gt;&lt;/li&gt;
&lt;li&gt;&lt;code&gt;&lt;span style="color: var(--highlight-keyword)"&gt;&amp;nbsp;&amp;nbsp;&amp;nbsp;&amp;nbsp;&amp;nbsp;&amp;nbsp;&amp;nbsp;&amp;nbsp;&lt;/span&gt;&lt;span style="color: var(--highlight-comment)"&gt;//&amp;nbsp;controller&amp;nbsp;arguments&lt;/span&gt;&lt;/code&gt;&lt;/li&gt;
&lt;li&gt;&lt;code&gt;&lt;span style="color: var(--highlight-comment)"&gt;&amp;nbsp;&amp;nbsp;&amp;nbsp;&amp;nbsp;&amp;nbsp;&amp;nbsp;&amp;nbsp;&amp;nbsp;&lt;/span&gt;&lt;span style="color: var(--highlight-default)"&gt;$arguments&amp;nbsp;&lt;/span&gt;&lt;span style="color: var(--highlight-keyword)"&gt;=&amp;nbsp;&lt;/span&gt;&lt;span style="color: var(--highlight-default)"&gt;$this&lt;/span&gt;&lt;span style="color: var(--highlight-keyword)"&gt;-&amp;gt;&lt;/span&gt;&lt;span style="color: var(--highlight-default)"&gt;argumentResolver&lt;/span&gt;&lt;span style="color: var(--highlight-keyword)"&gt;-&amp;gt;&lt;/span&gt;&lt;span style="color: var(--highlight-default)"&gt;getArguments&lt;/span&gt;&lt;span style="color: var(--highlight-keyword)"&gt;(&lt;/span&gt;&lt;span style="color: var(--highlight-default)"&gt;$request&lt;/span&gt;&lt;span style="color: var(--highlight-keyword)"&gt;,&amp;nbsp;&lt;/span&gt;&lt;span style="color: var(--highlight-default)"&gt;$controller&lt;/span&gt;&lt;span style="color: var(--highlight-keyword)"&gt;);&lt;/span&gt;&lt;/code&gt;&lt;/li&gt;
&lt;li&gt;&lt;code&gt;&lt;span style="color: var(--highlight-keyword)"&gt;&lt;/span&gt;&lt;/code&gt;&lt;/li&gt;&lt;/ol&gt;    &lt;/div&gt;            &lt;/div&gt;
                        &lt;div class="trace-line "&gt;
                &lt;div class="trace-line-header break-long-words sf-toggle" data-toggle-selector="#trace-html-3-20" data-toggle-initial=""&gt;
            &lt;span class="icon icon-close"&gt;&lt;svg width="1792" height="1792" viewBox="0 0 1792 1792" xmlns="http://www.w3.org/2000/svg"&gt;&lt;path d="M1408 960V832q0-26-19-45t-45-19H448q-26 0-45 19t-19 45v128q0 26 19 45t45 19h896q26 0 45-19t19-45zm256-544v960q0 119-84.5 203.5T1376 1664H416q-119 0-203.5-84.5T128 1376V416q0-119 84.5-203.5T416 128h960q119 0 203.5 84.5T1664 416z"/&gt;&lt;/svg&gt;&lt;/span&gt;
        &lt;span class="icon icon-open"&gt;&lt;svg width="1792" height="1792" viewBox="0 0 1792 1792" xmlns="http://www.w3.org/2000/svg"&gt;&lt;path d="M1408 960V832q0-26-19-45t-45-19h-320V448q0-26-19-45t-45-19H832q-26 0-45 19t-19 45v320H448q-26 0-45 19t-19 45v128q0 26 19 45t45 19h320v320q0 26 19 45t45 19h128q26 0 45-19t19-45v-320h320q26 0 45-19t19-45zm256-544v960q0 119-84.5 203.5T1376 1664H416q-119 0-203.5-84.5T128 1376V416q0-119 84.5-203.5T416 128h960q119 0 203.5 84.5T1664 416z"/&gt;&lt;/svg&gt;&lt;/span&gt;
    
            &lt;span class="trace-class"&gt;&lt;abbr title="Symfony\Component\HttpKernel\HttpKernel"&gt;HttpKernel&lt;/abbr&gt;&lt;/span&gt;&lt;span class="trace-type"&gt;-&gt;&lt;/span&gt;&lt;span class="trace-method"&gt;handleRaw&lt;/span&gt;&lt;span class="trace-arguments"&gt;()&lt;/span&gt;    
                    &lt;span class="block trace-file-path"&gt;
            in
            &lt;a href=""&gt;
                C:\Users\eman\Documents\GitHub\car_dealer\vendor\symfony\http-kernel\&lt;strong&gt;HttpKernel.php&lt;/strong&gt;
            &lt;/a&gt;
                        (line 74)
            &lt;span class="icon icon-copy hidden" data-clipboard-text="C:\Users\eman\Documents\GitHub\car_dealer\vendor\symfony\http-kernel\HttpKernel.php:74"&gt;
                &lt;svg xmlns="http://www.w3.org/2000/svg" height="24" viewBox="0 0 24 24" width="24"&gt;&lt;path d="M0 0h24v24H0z" fill="none"/&gt;&lt;path d="M16 1H4c-1.1 0-2 .9-2 2v14h2V3h12V1zm3 4H8c-1.1 0-2 .9-2 2v14c0 1.1.9 2 2 2h11c1.1 0 2-.9 2-2V7c0-1.1-.9-2-2-2zm0 16H8V7h11v14z"/&gt;&lt;/svg&gt;            &lt;/span&gt;
        &lt;/span&gt;
    &lt;/div&gt;
    &lt;div id="trace-html-3-20" class="trace-code sf-toggle-content"&gt;
        &lt;ol start="69"&gt;&lt;li&gt;&lt;code&gt;&lt;span style="color: var(--highlight-comment)"&gt;&amp;nbsp;&amp;nbsp;&amp;nbsp;&amp;nbsp;&lt;/span&gt;&lt;span style="color: var(--highlight-keyword)"&gt;public&amp;nbsp;function&amp;nbsp;&lt;/span&gt;&lt;span style="color: var(--highlight-default)"&gt;handle&lt;/span&gt;&lt;span style="color: var(--highlight-keyword)"&gt;(&lt;/span&gt;&lt;span style="color: var(--highlight-default)"&gt;Request&amp;nbsp;$request&lt;/span&gt;&lt;span style="color: var(--highlight-keyword)"&gt;,&amp;nbsp;&lt;/span&gt;&lt;span style="color: var(--highlight-default)"&gt;int&amp;nbsp;$type&amp;nbsp;&lt;/span&gt;&lt;span style="color: var(--highlight-keyword)"&gt;=&amp;nbsp;&lt;/span&gt;&lt;span style="color: var(--highlight-default)"&gt;HttpKernelInterface&lt;/span&gt;&lt;span style="color: var(--highlight-keyword)"&gt;::&lt;/span&gt;&lt;span style="color: var(--highlight-default)"&gt;MAIN_REQUEST&lt;/span&gt;&lt;span style="color: var(--highlight-keyword)"&gt;,&amp;nbsp;&lt;/span&gt;&lt;span style="color: var(--highlight-default)"&gt;bool&amp;nbsp;$catch&amp;nbsp;&lt;/span&gt;&lt;span style="color: var(--highlight-keyword)"&gt;=&amp;nbsp;&lt;/span&gt;&lt;span style="color: var(--highlight-default)"&gt;true&lt;/span&gt;&lt;span style="color: var(--highlight-keyword)"&gt;):&amp;nbsp;&lt;/span&gt;&lt;span style="color: var(--highlight-default)"&gt;Response&lt;/span&gt;&lt;/code&gt;&lt;/li&gt;
&lt;li&gt;&lt;code&gt;&lt;span style="color: var(--highlight-default)"&gt;&amp;nbsp;&amp;nbsp;&amp;nbsp;&amp;nbsp;&lt;/span&gt;&lt;span style="color: var(--highlight-keyword)"&gt;{&lt;/span&gt;&lt;/code&gt;&lt;/li&gt;
&lt;li&gt;&lt;code&gt;&lt;span style="color: var(--highlight-keyword)"&gt;&amp;nbsp;&amp;nbsp;&amp;nbsp;&amp;nbsp;&amp;nbsp;&amp;nbsp;&amp;nbsp;&amp;nbsp;&lt;/span&gt;&lt;span style="color: var(--highlight-default)"&gt;$request&lt;/span&gt;&lt;span style="color: var(--highlight-keyword)"&gt;-&amp;gt;&lt;/span&gt;&lt;span style="color: var(--highlight-default)"&gt;headers&lt;/span&gt;&lt;span style="color: var(--highlight-keyword)"&gt;-&amp;gt;&lt;/span&gt;&lt;span style="color: var(--highlight-default)"&gt;set&lt;/span&gt;&lt;span style="color: var(--highlight-keyword)"&gt;(&lt;/span&gt;&lt;span style="color: var(--highlight-string)"&gt;'X-Php-Ob-Level'&lt;/span&gt;&lt;span style="color: var(--highlight-keyword)"&gt;,&amp;nbsp;(string)&amp;nbsp;&lt;/span&gt;&lt;span style="color: var(--highlight-default)"&gt;ob_get_level&lt;/span&gt;&lt;span style="color: var(--highlight-keyword)"&gt;());&lt;/span&gt;&lt;/code&gt;&lt;/li&gt;
&lt;li&gt;&lt;code&gt;&lt;span style="color: var(--highlight-keyword)"&gt;&lt;/span&gt;&lt;/code&gt;&lt;/li&gt;
&lt;li&gt;&lt;code&gt;&lt;span style="color: var(--highlight-keyword)"&gt;&amp;nbsp;&amp;nbsp;&amp;nbsp;&amp;nbsp;&amp;nbsp;&amp;nbsp;&amp;nbsp;&amp;nbsp;try&amp;nbsp;{&lt;/span&gt;&lt;/code&gt;&lt;/li&gt;
&lt;li class="selected"&gt;&lt;code&gt;&lt;span style="color: var(--highlight-keyword)"&gt;&amp;nbsp;&amp;nbsp;&amp;nbsp;&amp;nbsp;&amp;nbsp;&amp;nbsp;&amp;nbsp;&amp;nbsp;&amp;nbsp;&amp;nbsp;&amp;nbsp;&amp;nbsp;return&amp;nbsp;&lt;/span&gt;&lt;span style="color: var(--highlight-default)"&gt;$this&lt;/span&gt;&lt;span style="color: var(--highlight-keyword)"&gt;-&amp;gt;&lt;/span&gt;&lt;span style="color: var(--highlight-default)"&gt;handleRaw&lt;/span&gt;&lt;span style="color: var(--highlight-keyword)"&gt;(&lt;/span&gt;&lt;span style="color: var(--highlight-default)"&gt;$request&lt;/span&gt;&lt;span style="color: var(--highlight-keyword)"&gt;,&amp;nbsp;&lt;/span&gt;&lt;span style="color: var(--highlight-default)"&gt;$type&lt;/span&gt;&lt;span style="color: var(--highlight-keyword)"&gt;);&lt;/span&gt;&lt;/code&gt;&lt;/li&gt;
&lt;li&gt;&lt;code&gt;&lt;span style="color: var(--highlight-keyword)"&gt;&amp;nbsp;&amp;nbsp;&amp;nbsp;&amp;nbsp;&amp;nbsp;&amp;nbsp;&amp;nbsp;&amp;nbsp;}&amp;nbsp;catch&amp;nbsp;(&lt;/span&gt;&lt;span style="color: var(--highlight-default)"&gt;\Exception&amp;nbsp;$e&lt;/span&gt;&lt;span style="color: var(--highlight-keyword)"&gt;)&amp;nbsp;{&lt;/span&gt;&lt;/code&gt;&lt;/li&gt;
&lt;li&gt;&lt;code&gt;&lt;span style="color: var(--highlight-keyword)"&gt;&amp;nbsp;&amp;nbsp;&amp;nbsp;&amp;nbsp;&amp;nbsp;&amp;nbsp;&amp;nbsp;&amp;nbsp;&amp;nbsp;&amp;nbsp;&amp;nbsp;&amp;nbsp;if&amp;nbsp;(&lt;/span&gt;&lt;span style="color: var(--highlight-default)"&gt;$e&amp;nbsp;&lt;/span&gt;&lt;span style="color: var(--highlight-keyword)"&gt;instanceof&amp;nbsp;&lt;/span&gt;&lt;span style="color: var(--highlight-default)"&gt;RequestExceptionInterface&lt;/span&gt;&lt;span style="color: var(--highlight-keyword)"&gt;)&amp;nbsp;{&lt;/span&gt;&lt;/code&gt;&lt;/li&gt;
&lt;li&gt;&lt;code&gt;&lt;span style="color: var(--highlight-keyword)"&gt;&amp;nbsp;&amp;nbsp;&amp;nbsp;&amp;nbsp;&amp;nbsp;&amp;nbsp;&amp;nbsp;&amp;nbsp;&amp;nbsp;&amp;nbsp;&amp;nbsp;&amp;nbsp;&amp;nbsp;&amp;nbsp;&amp;nbsp;&amp;nbsp;&lt;/span&gt;&lt;span style="color: var(--highlight-default)"&gt;$e&amp;nbsp;&lt;/span&gt;&lt;span style="color: var(--highlight-keyword)"&gt;=&amp;nbsp;new&amp;nbsp;&lt;/span&gt;&lt;span style="color: var(--highlight-default)"&gt;BadRequestHttpException&lt;/span&gt;&lt;span style="color: var(--highlight-keyword)"&gt;(&lt;/span&gt;&lt;span style="color: var(--highlight-default)"&gt;$e&lt;/span&gt;&lt;span style="color: var(--highlight-keyword)"&gt;-&amp;gt;&lt;/span&gt;&lt;span style="color: var(--highlight-default)"&gt;getMessage&lt;/span&gt;&lt;span style="color: var(--highlight-keyword)"&gt;(),&amp;nbsp;&lt;/span&gt;&lt;span style="color: var(--highlight-default)"&gt;$e&lt;/span&gt;&lt;span style="color: var(--highlight-keyword)"&gt;);&lt;/span&gt;&lt;/code&gt;&lt;/li&gt;
&lt;li&gt;&lt;code&gt;&lt;span style="color: var(--highlight-keyword)"&gt;&amp;nbsp;&amp;nbsp;&amp;nbsp;&amp;nbsp;&amp;nbsp;&amp;nbsp;&amp;nbsp;&amp;nbsp;&amp;nbsp;&amp;nbsp;&amp;nbsp;&amp;nbsp;}&lt;/span&gt;&lt;/code&gt;&lt;/li&gt;
&lt;li&gt;&lt;code&gt;&lt;span style="color: var(--highlight-keyword)"&gt;&amp;nbsp;&amp;nbsp;&amp;nbsp;&amp;nbsp;&amp;nbsp;&amp;nbsp;&amp;nbsp;&amp;nbsp;&amp;nbsp;&amp;nbsp;&amp;nbsp;&amp;nbsp;if&amp;nbsp;(&lt;/span&gt;&lt;span style="color: var(--highlight-default)"&gt;false&amp;nbsp;&lt;/span&gt;&lt;span style="color: var(--highlight-keyword)"&gt;===&amp;nbsp;&lt;/span&gt;&lt;span style="color: var(--highlight-default)"&gt;$catch&lt;/span&gt;&lt;span style="color: var(--highlight-keyword)"&gt;)&amp;nbsp;{&lt;/span&gt;&lt;/code&gt;&lt;/li&gt;&lt;/ol&gt;    &lt;/div&gt;            &lt;/div&gt;
                        &lt;div class="trace-line "&gt;
                &lt;div class="trace-line-header break-long-words sf-toggle" data-toggle-selector="#trace-html-3-21" data-toggle-initial=""&gt;
            &lt;span class="icon icon-close"&gt;&lt;svg width="1792" height="1792" viewBox="0 0 1792 1792" xmlns="http://www.w3.org/2000/svg"&gt;&lt;path d="M1408 960V832q0-26-19-45t-45-19H448q-26 0-45 19t-19 45v128q0 26 19 45t45 19h896q26 0 45-19t19-45zm256-544v960q0 119-84.5 203.5T1376 1664H416q-119 0-203.5-84.5T128 1376V416q0-119 84.5-203.5T416 128h960q119 0 203.5 84.5T1664 416z"/&gt;&lt;/svg&gt;&lt;/span&gt;
        &lt;span class="icon icon-open"&gt;&lt;svg width="1792" height="1792" viewBox="0 0 1792 1792" xmlns="http://www.w3.org/2000/svg"&gt;&lt;path d="M1408 960V832q0-26-19-45t-45-19h-320V448q0-26-19-45t-45-19H832q-26 0-45 19t-19 45v320H448q-26 0-45 19t-19 45v128q0 26 19 45t45 19h320v320q0 26 19 45t45 19h128q26 0 45-19t19-45v-320h320q26 0 45-19t19-45zm256-544v960q0 119-84.5 203.5T1376 1664H416q-119 0-203.5-84.5T128 1376V416q0-119 84.5-203.5T416 128h960q119 0 203.5 84.5T1664 416z"/&gt;&lt;/svg&gt;&lt;/span&gt;
    
            &lt;span class="trace-class"&gt;&lt;abbr title="Symfony\Component\HttpKernel\HttpKernel"&gt;HttpKernel&lt;/abbr&gt;&lt;/span&gt;&lt;span class="trace-type"&gt;-&gt;&lt;/span&gt;&lt;span class="trace-method"&gt;handle&lt;/span&gt;&lt;span class="trace-arguments"&gt;()&lt;/span&gt;    
                    &lt;span class="block trace-file-path"&gt;
            in
            &lt;a href=""&gt;
                C:\Users\eman\Documents\GitHub\car_dealer\vendor\symfony\http-kernel\&lt;strong&gt;Kernel.php&lt;/strong&gt;
            &lt;/a&gt;
                        (line 202)
            &lt;span class="icon icon-copy hidden" data-clipboard-text="C:\Users\eman\Documents\GitHub\car_dealer\vendor\symfony\http-kernel\Kernel.php:202"&gt;
                &lt;svg xmlns="http://www.w3.org/2000/svg" height="24" viewBox="0 0 24 24" width="24"&gt;&lt;path d="M0 0h24v24H0z" fill="none"/&gt;&lt;path d="M16 1H4c-1.1 0-2 .9-2 2v14h2V3h12V1zm3 4H8c-1.1 0-2 .9-2 2v14c0 1.1.9 2 2 2h11c1.1 0 2-.9 2-2V7c0-1.1-.9-2-2-2zm0 16H8V7h11v14z"/&gt;&lt;/svg&gt;            &lt;/span&gt;
        &lt;/span&gt;
    &lt;/div&gt;
    &lt;div id="trace-html-3-21" class="trace-code sf-toggle-content"&gt;
        &lt;ol start="197"&gt;&lt;li&gt;&lt;code&gt;&lt;span style="color: var(--highlight-keyword)"&gt;&amp;nbsp;&amp;nbsp;&amp;nbsp;&amp;nbsp;&amp;nbsp;&amp;nbsp;&amp;nbsp;&amp;nbsp;&lt;/span&gt;&lt;span style="color: var(--highlight-default)"&gt;$this&lt;/span&gt;&lt;span style="color: var(--highlight-keyword)"&gt;-&amp;gt;&lt;/span&gt;&lt;span style="color: var(--highlight-default)"&gt;boot&lt;/span&gt;&lt;span style="color: var(--highlight-keyword)"&gt;();&lt;/span&gt;&lt;/code&gt;&lt;/li&gt;
&lt;li&gt;&lt;code&gt;&lt;span style="color: var(--highlight-keyword)"&gt;&amp;nbsp;&amp;nbsp;&amp;nbsp;&amp;nbsp;&amp;nbsp;&amp;nbsp;&amp;nbsp;&amp;nbsp;++&lt;/span&gt;&lt;span style="color: var(--highlight-default)"&gt;$this&lt;/span&gt;&lt;span style="color: var(--highlight-keyword)"&gt;-&amp;gt;&lt;/span&gt;&lt;span style="color: var(--highlight-default)"&gt;requestStackSize&lt;/span&gt;&lt;span style="color: var(--highlight-keyword)"&gt;;&lt;/span&gt;&lt;/code&gt;&lt;/li&gt;
&lt;li&gt;&lt;code&gt;&lt;span style="color: var(--highlight-keyword)"&gt;&amp;nbsp;&amp;nbsp;&amp;nbsp;&amp;nbsp;&amp;nbsp;&amp;nbsp;&amp;nbsp;&amp;nbsp;&lt;/span&gt;&lt;span style="color: var(--highlight-default)"&gt;$this&lt;/span&gt;&lt;span style="color: var(--highlight-keyword)"&gt;-&amp;gt;&lt;/span&gt;&lt;span style="color: var(--highlight-default)"&gt;resetServices&amp;nbsp;&lt;/span&gt;&lt;span style="color: var(--highlight-keyword)"&gt;=&amp;nbsp;&lt;/span&gt;&lt;span style="color: var(--highlight-default)"&gt;true&lt;/span&gt;&lt;span style="color: var(--highlight-keyword)"&gt;;&lt;/span&gt;&lt;/code&gt;&lt;/li&gt;
&lt;li&gt;&lt;code&gt;&lt;span style="color: var(--highlight-keyword)"&gt;&lt;/span&gt;&lt;/code&gt;&lt;/li&gt;
&lt;li&gt;&lt;code&gt;&lt;span style="color: var(--highlight-keyword)"&gt;&amp;nbsp;&amp;nbsp;&amp;nbsp;&amp;nbsp;&amp;nbsp;&amp;nbsp;&amp;nbsp;&amp;nbsp;try&amp;nbsp;{&lt;/span&gt;&lt;/code&gt;&lt;/li&gt;
&lt;li class="selected"&gt;&lt;code&gt;&lt;span style="color: var(--highlight-keyword)"&gt;&amp;nbsp;&amp;nbsp;&amp;nbsp;&amp;nbsp;&amp;nbsp;&amp;nbsp;&amp;nbsp;&amp;nbsp;&amp;nbsp;&amp;nbsp;&amp;nbsp;&amp;nbsp;return&amp;nbsp;&lt;/span&gt;&lt;span style="color: var(--highlight-default)"&gt;$this&lt;/span&gt;&lt;span style="color: var(--highlight-keyword)"&gt;-&amp;gt;&lt;/span&gt;&lt;span style="color: var(--highlight-default)"&gt;getHttpKernel&lt;/span&gt;&lt;span style="color: var(--highlight-keyword)"&gt;()-&amp;gt;&lt;/span&gt;&lt;span style="color: var(--highlight-default)"&gt;handle&lt;/span&gt;&lt;span style="color: var(--highlight-keyword)"&gt;(&lt;/span&gt;&lt;span style="color: var(--highlight-default)"&gt;$request&lt;/span&gt;&lt;span style="color: var(--highlight-keyword)"&gt;,&amp;nbsp;&lt;/span&gt;&lt;span style="color: var(--highlight-default)"&gt;$type&lt;/span&gt;&lt;span style="color: var(--highlight-keyword)"&gt;,&amp;nbsp;&lt;/span&gt;&lt;span style="color: var(--highlight-default)"&gt;$catch&lt;/span&gt;&lt;span style="color: var(--highlight-keyword)"&gt;);&lt;/span&gt;&lt;/code&gt;&lt;/li&gt;
&lt;li&gt;&lt;code&gt;&lt;span style="color: var(--highlight-keyword)"&gt;&amp;nbsp;&amp;nbsp;&amp;nbsp;&amp;nbsp;&amp;nbsp;&amp;nbsp;&amp;nbsp;&amp;nbsp;}&amp;nbsp;finally&amp;nbsp;{&lt;/span&gt;&lt;/code&gt;&lt;/li&gt;
&lt;li&gt;&lt;code&gt;&lt;span style="color: var(--highlight-keyword)"&gt;&amp;nbsp;&amp;nbsp;&amp;nbsp;&amp;nbsp;&amp;nbsp;&amp;nbsp;&amp;nbsp;&amp;nbsp;&amp;nbsp;&amp;nbsp;&amp;nbsp;&amp;nbsp;--&lt;/span&gt;&lt;span style="color: var(--highlight-default)"&gt;$this&lt;/span&gt;&lt;span style="color: var(--highlight-keyword)"&gt;-&amp;gt;&lt;/span&gt;&lt;span style="color: var(--highlight-default)"&gt;requestStackSize&lt;/span&gt;&lt;span style="color: var(--highlight-keyword)"&gt;;&lt;/span&gt;&lt;/code&gt;&lt;/li&gt;
&lt;li&gt;&lt;code&gt;&lt;span style="color: var(--highlight-keyword)"&gt;&amp;nbsp;&amp;nbsp;&amp;nbsp;&amp;nbsp;&amp;nbsp;&amp;nbsp;&amp;nbsp;&amp;nbsp;}&lt;/span&gt;&lt;/code&gt;&lt;/li&gt;
&lt;li&gt;&lt;code&gt;&lt;span style="color: var(--highlight-keyword)"&gt;&amp;nbsp;&amp;nbsp;&amp;nbsp;&amp;nbsp;}&lt;/span&gt;&lt;/code&gt;&lt;/li&gt;
&lt;li&gt;&lt;code&gt;&lt;span style="color: var(--highlight-keyword)"&gt;&lt;/span&gt;&lt;/code&gt;&lt;/li&gt;&lt;/ol&gt;    &lt;/div&gt;            &lt;/div&gt;
                        &lt;div class="trace-line "&gt;
                &lt;div class="trace-line-header break-long-words sf-toggle" data-toggle-selector="#trace-html-3-22" data-toggle-initial=""&gt;
            &lt;span class="icon icon-close"&gt;&lt;svg width="1792" height="1792" viewBox="0 0 1792 1792" xmlns="http://www.w3.org/2000/svg"&gt;&lt;path d="M1408 960V832q0-26-19-45t-45-19H448q-26 0-45 19t-19 45v128q0 26 19 45t45 19h896q26 0 45-19t19-45zm256-544v960q0 119-84.5 203.5T1376 1664H416q-119 0-203.5-84.5T128 1376V416q0-119 84.5-203.5T416 128h960q119 0 203.5 84.5T1664 416z"/&gt;&lt;/svg&gt;&lt;/span&gt;
        &lt;span class="icon icon-open"&gt;&lt;svg width="1792" height="1792" viewBox="0 0 1792 1792" xmlns="http://www.w3.org/2000/svg"&gt;&lt;path d="M1408 960V832q0-26-19-45t-45-19h-320V448q0-26-19-45t-45-19H832q-26 0-45 19t-19 45v320H448q-26 0-45 19t-19 45v128q0 26 19 45t45 19h320v320q0 26 19 45t45 19h128q26 0 45-19t19-45v-320h320q26 0 45-19t19-45zm256-544v960q0 119-84.5 203.5T1376 1664H416q-119 0-203.5-84.5T128 1376V416q0-119 84.5-203.5T416 128h960q119 0 203.5 84.5T1664 416z"/&gt;&lt;/svg&gt;&lt;/span&gt;
    
            &lt;span class="trace-class"&gt;&lt;abbr title="Symfony\Component\HttpKernel\Kernel"&gt;Kernel&lt;/abbr&gt;&lt;/span&gt;&lt;span class="trace-type"&gt;-&gt;&lt;/span&gt;&lt;span class="trace-method"&gt;handle&lt;/span&gt;&lt;span class="trace-arguments"&gt;()&lt;/span&gt;    
                    &lt;span class="block trace-file-path"&gt;
            in
            &lt;a href=""&gt;
                C:\Users\eman\Documents\GitHub\car_dealer\vendor\symfony\http-kernel\&lt;strong&gt;HttpKernelBrowser.php&lt;/strong&gt;
            &lt;/a&gt;
                        (line 65)
            &lt;span class="icon icon-copy hidden" data-clipboard-text="C:\Users\eman\Documents\GitHub\car_dealer\vendor\symfony\http-kernel\HttpKernelBrowser.php:65"&gt;
                &lt;svg xmlns="http://www.w3.org/2000/svg" height="24" viewBox="0 0 24 24" width="24"&gt;&lt;path d="M0 0h24v24H0z" fill="none"/&gt;&lt;path d="M16 1H4c-1.1 0-2 .9-2 2v14h2V3h12V1zm3 4H8c-1.1 0-2 .9-2 2v14c0 1.1.9 2 2 2h11c1.1 0 2-.9 2-2V7c0-1.1-.9-2-2-2zm0 16H8V7h11v14z"/&gt;&lt;/svg&gt;            &lt;/span&gt;
        &lt;/span&gt;
    &lt;/div&gt;
    &lt;div id="trace-html-3-22" class="trace-code sf-toggle-content"&gt;
        &lt;ol start="60"&gt;&lt;li&gt;&lt;code&gt;&lt;span style="color: var(--highlight-comment)"&gt;&amp;nbsp;&amp;nbsp;&amp;nbsp;&amp;nbsp;&amp;nbsp;*&lt;/span&gt;&lt;/code&gt;&lt;/li&gt;
&lt;li&gt;&lt;code&gt;&lt;span style="color: var(--highlight-comment)"&gt;&amp;nbsp;&amp;nbsp;&amp;nbsp;&amp;nbsp;&amp;nbsp;*&amp;nbsp;@return&amp;nbsp;Response&lt;/span&gt;&lt;/code&gt;&lt;/li&gt;
&lt;li&gt;&lt;code&gt;&lt;span style="color: var(--highlight-comment)"&gt;&amp;nbsp;&amp;nbsp;&amp;nbsp;&amp;nbsp;&amp;nbsp;*/&lt;/span&gt;&lt;/code&gt;&lt;/li&gt;
&lt;li&gt;&lt;code&gt;&lt;span style="color: var(--highlight-comment)"&gt;&amp;nbsp;&amp;nbsp;&amp;nbsp;&amp;nbsp;&lt;/span&gt;&lt;span style="color: var(--highlight-keyword)"&gt;protected&amp;nbsp;function&amp;nbsp;&lt;/span&gt;&lt;span style="color: var(--highlight-default)"&gt;doRequest&lt;/span&gt;&lt;span style="color: var(--highlight-keyword)"&gt;(&lt;/span&gt;&lt;span style="color: var(--highlight-default)"&gt;object&amp;nbsp;$request&lt;/span&gt;&lt;span style="color: var(--highlight-keyword)"&gt;)&lt;/span&gt;&lt;/code&gt;&lt;/li&gt;
&lt;li&gt;&lt;code&gt;&lt;span style="color: var(--highlight-keyword)"&gt;&amp;nbsp;&amp;nbsp;&amp;nbsp;&amp;nbsp;{&lt;/span&gt;&lt;/code&gt;&lt;/li&gt;
&lt;li class="selected"&gt;&lt;code&gt;&lt;span style="color: var(--highlight-keyword)"&gt;&amp;nbsp;&amp;nbsp;&amp;nbsp;&amp;nbsp;&amp;nbsp;&amp;nbsp;&amp;nbsp;&amp;nbsp;&lt;/span&gt;&lt;span style="color: var(--highlight-default)"&gt;$response&amp;nbsp;&lt;/span&gt;&lt;span style="color: var(--highlight-keyword)"&gt;=&amp;nbsp;&lt;/span&gt;&lt;span style="color: var(--highlight-default)"&gt;$this&lt;/span&gt;&lt;span style="color: var(--highlight-keyword)"&gt;-&amp;gt;&lt;/span&gt;&lt;span style="color: var(--highlight-default)"&gt;kernel&lt;/span&gt;&lt;span style="color: var(--highlight-keyword)"&gt;-&amp;gt;&lt;/span&gt;&lt;span style="color: var(--highlight-default)"&gt;handle&lt;/span&gt;&lt;span style="color: var(--highlight-keyword)"&gt;(&lt;/span&gt;&lt;span style="color: var(--highlight-default)"&gt;$request&lt;/span&gt;&lt;span style="color: var(--highlight-keyword)"&gt;,&amp;nbsp;&lt;/span&gt;&lt;span style="color: var(--highlight-default)"&gt;HttpKernelInterface&lt;/span&gt;&lt;span style="color: var(--highlight-keyword)"&gt;::&lt;/span&gt;&lt;span style="color: var(--highlight-default)"&gt;MAIN_REQUEST&lt;/span&gt;&lt;span style="color: var(--highlight-keyword)"&gt;,&amp;nbsp;&lt;/span&gt;&lt;span style="color: var(--highlight-default)"&gt;$this&lt;/span&gt;&lt;span style="color: var(--highlight-keyword)"&gt;-&amp;gt;&lt;/span&gt;&lt;span style="color: var(--highlight-default)"&gt;catchExceptions&lt;/span&gt;&lt;span style="color: var(--highlight-keyword)"&gt;);&lt;/span&gt;&lt;/code&gt;&lt;/li&gt;
&lt;li&gt;&lt;code&gt;&lt;span style="color: var(--highlight-keyword)"&gt;&lt;/span&gt;&lt;/code&gt;&lt;/li&gt;
&lt;li&gt;&lt;code&gt;&lt;span style="color: var(--highlight-keyword)"&gt;&amp;nbsp;&amp;nbsp;&amp;nbsp;&amp;nbsp;&amp;nbsp;&amp;nbsp;&amp;nbsp;&amp;nbsp;if&amp;nbsp;(&lt;/span&gt;&lt;span style="color: var(--highlight-default)"&gt;$this&lt;/span&gt;&lt;span style="color: var(--highlight-keyword)"&gt;-&amp;gt;&lt;/span&gt;&lt;span style="color: var(--highlight-default)"&gt;kernel&amp;nbsp;&lt;/span&gt;&lt;span style="color: var(--highlight-keyword)"&gt;instanceof&amp;nbsp;&lt;/span&gt;&lt;span style="color: var(--highlight-default)"&gt;TerminableInterface&lt;/span&gt;&lt;span style="color: var(--highlight-keyword)"&gt;)&amp;nbsp;{&lt;/span&gt;&lt;/code&gt;&lt;/li&gt;
&lt;li&gt;&lt;code&gt;&lt;span style="color: var(--highlight-keyword)"&gt;&amp;nbsp;&amp;nbsp;&amp;nbsp;&amp;nbsp;&amp;nbsp;&amp;nbsp;&amp;nbsp;&amp;nbsp;&amp;nbsp;&amp;nbsp;&amp;nbsp;&amp;nbsp;&lt;/span&gt;&lt;span style="color: var(--highlight-default)"&gt;$this&lt;/span&gt;&lt;span style="color: var(--highlight-keyword)"&gt;-&amp;gt;&lt;/span&gt;&lt;span style="color: var(--highlight-default)"&gt;kernel&lt;/span&gt;&lt;span style="color: var(--highlight-keyword)"&gt;-&amp;gt;&lt;/span&gt;&lt;span style="color: var(--highlight-default)"&gt;terminate&lt;/span&gt;&lt;span style="color: var(--highlight-keyword)"&gt;(&lt;/span&gt;&lt;span style="color: var(--highlight-default)"&gt;$request&lt;/span&gt;&lt;span style="color: var(--highlight-keyword)"&gt;,&amp;nbsp;&lt;/span&gt;&lt;span style="color: var(--highlight-default)"&gt;$response&lt;/span&gt;&lt;span style="color: var(--highlight-keyword)"&gt;);&lt;/span&gt;&lt;/code&gt;&lt;/li&gt;
&lt;li&gt;&lt;code&gt;&lt;span style="color: var(--highlight-keyword)"&gt;&amp;nbsp;&amp;nbsp;&amp;nbsp;&amp;nbsp;&amp;nbsp;&amp;nbsp;&amp;nbsp;&amp;nbsp;}&lt;/span&gt;&lt;/code&gt;&lt;/li&gt;
&lt;li&gt;&lt;code&gt;&lt;span style="color: var(--highlight-keyword)"&gt;&lt;/span&gt;&lt;/code&gt;&lt;/li&gt;&lt;/ol&gt;    &lt;/div&gt;            &lt;/div&gt;
                        &lt;div class="trace-line "&gt;
                &lt;div class="trace-line-header break-long-words sf-toggle" data-toggle-selector="#trace-html-3-23" data-toggle-initial=""&gt;
            &lt;span class="icon icon-close"&gt;&lt;svg width="1792" height="1792" viewBox="0 0 1792 1792" xmlns="http://www.w3.org/2000/svg"&gt;&lt;path d="M1408 960V832q0-26-19-45t-45-19H448q-26 0-45 19t-19 45v128q0 26 19 45t45 19h896q26 0 45-19t19-45zm256-544v960q0 119-84.5 203.5T1376 1664H416q-119 0-203.5-84.5T128 1376V416q0-119 84.5-203.5T416 128h960q119 0 203.5 84.5T1664 416z"/&gt;&lt;/svg&gt;&lt;/span&gt;
        &lt;span class="icon icon-open"&gt;&lt;svg width="1792" height="1792" viewBox="0 0 1792 1792" xmlns="http://www.w3.org/2000/svg"&gt;&lt;path d="M1408 960V832q0-26-19-45t-45-19h-320V448q0-26-19-45t-45-19H832q-26 0-45 19t-19 45v320H448q-26 0-45 19t-19 45v128q0 26 19 45t45 19h320v320q0 26 19 45t45 19h128q26 0 45-19t19-45v-320h320q26 0 45-19t19-45zm256-544v960q0 119-84.5 203.5T1376 1664H416q-119 0-203.5-84.5T128 1376V416q0-119 84.5-203.5T416 128h960q119 0 203.5 84.5T1664 416z"/&gt;&lt;/svg&gt;&lt;/span&gt;
    
            &lt;span class="trace-class"&gt;&lt;abbr title="Symfony\Component\HttpKernel\HttpKernelBrowser"&gt;HttpKernelBrowser&lt;/abbr&gt;&lt;/span&gt;&lt;span class="trace-type"&gt;-&gt;&lt;/span&gt;&lt;span class="trace-method"&gt;doRequest&lt;/span&gt;&lt;span class="trace-arguments"&gt;()&lt;/span&gt;    
                    &lt;span class="block trace-file-path"&gt;
            in
            &lt;a href=""&gt;
                C:\Users\eman\Documents\GitHub\car_dealer\vendor\symfony\framework-bundle\&lt;strong&gt;KernelBrowser.php&lt;/strong&gt;
            &lt;/a&gt;
                        (line 171)
            &lt;span class="icon icon-copy hidden" data-clipboard-text="C:\Users\eman\Documents\GitHub\car_dealer\vendor\symfony\framework-bundle\KernelBrowser.php:171"&gt;
                &lt;svg xmlns="http://www.w3.org/2000/svg" height="24" viewBox="0 0 24 24" width="24"&gt;&lt;path d="M0 0h24v24H0z" fill="none"/&gt;&lt;path d="M16 1H4c-1.1 0-2 .9-2 2v14h2V3h12V1zm3 4H8c-1.1 0-2 .9-2 2v14c0 1.1.9 2 2 2h11c1.1 0 2-.9 2-2V7c0-1.1-.9-2-2-2zm0 16H8V7h11v14z"/&gt;&lt;/svg&gt;            &lt;/span&gt;
        &lt;/span&gt;
    &lt;/div&gt;
    &lt;div id="trace-html-3-23" class="trace-code sf-toggle-content"&gt;
        &lt;ol start="166"&gt;&lt;li&gt;&lt;code&gt;&lt;span style="color: var(--highlight-keyword)"&gt;&lt;/span&gt;&lt;/code&gt;&lt;/li&gt;
&lt;li&gt;&lt;code&gt;&lt;span style="color: var(--highlight-keyword)"&gt;&amp;nbsp;&amp;nbsp;&amp;nbsp;&amp;nbsp;&amp;nbsp;&amp;nbsp;&amp;nbsp;&amp;nbsp;&amp;nbsp;&amp;nbsp;&amp;nbsp;&amp;nbsp;&lt;/span&gt;&lt;span style="color: var(--highlight-default)"&gt;$this&lt;/span&gt;&lt;span style="color: var(--highlight-keyword)"&gt;-&amp;gt;&lt;/span&gt;&lt;span style="color: var(--highlight-default)"&gt;kernel&lt;/span&gt;&lt;span style="color: var(--highlight-keyword)"&gt;-&amp;gt;&lt;/span&gt;&lt;span style="color: var(--highlight-default)"&gt;boot&lt;/span&gt;&lt;span style="color: var(--highlight-keyword)"&gt;();&lt;/span&gt;&lt;/code&gt;&lt;/li&gt;
&lt;li&gt;&lt;code&gt;&lt;span style="color: var(--highlight-keyword)"&gt;&amp;nbsp;&amp;nbsp;&amp;nbsp;&amp;nbsp;&amp;nbsp;&amp;nbsp;&amp;nbsp;&amp;nbsp;&amp;nbsp;&amp;nbsp;&amp;nbsp;&amp;nbsp;&lt;/span&gt;&lt;span style="color: var(--highlight-default)"&gt;$this&lt;/span&gt;&lt;span style="color: var(--highlight-keyword)"&gt;-&amp;gt;&lt;/span&gt;&lt;span style="color: var(--highlight-default)"&gt;getContainer&lt;/span&gt;&lt;span style="color: var(--highlight-keyword)"&gt;()-&amp;gt;&lt;/span&gt;&lt;span style="color: var(--highlight-default)"&gt;get&lt;/span&gt;&lt;span style="color: var(--highlight-keyword)"&gt;(&lt;/span&gt;&lt;span style="color: var(--highlight-string)"&gt;'profiler'&lt;/span&gt;&lt;span style="color: var(--highlight-keyword)"&gt;)-&amp;gt;&lt;/span&gt;&lt;span style="color: var(--highlight-default)"&gt;enable&lt;/span&gt;&lt;span style="color: var(--highlight-keyword)"&gt;();&lt;/span&gt;&lt;/code&gt;&lt;/li&gt;
&lt;li&gt;&lt;code&gt;&lt;span style="color: var(--highlight-keyword)"&gt;&amp;nbsp;&amp;nbsp;&amp;nbsp;&amp;nbsp;&amp;nbsp;&amp;nbsp;&amp;nbsp;&amp;nbsp;}&lt;/span&gt;&lt;/code&gt;&lt;/li&gt;
&lt;li&gt;&lt;code&gt;&lt;span style="color: var(--highlight-keyword)"&gt;&lt;/span&gt;&lt;/code&gt;&lt;/li&gt;
&lt;li class="selected"&gt;&lt;code&gt;&lt;span style="color: var(--highlight-keyword)"&gt;&amp;nbsp;&amp;nbsp;&amp;nbsp;&amp;nbsp;&amp;nbsp;&amp;nbsp;&amp;nbsp;&amp;nbsp;return&amp;nbsp;&lt;/span&gt;&lt;span style="color: var(--highlight-default)"&gt;parent&lt;/span&gt;&lt;span style="color: var(--highlight-keyword)"&gt;::&lt;/span&gt;&lt;span style="color: var(--highlight-default)"&gt;doRequest&lt;/span&gt;&lt;span style="color: var(--highlight-keyword)"&gt;(&lt;/span&gt;&lt;span style="color: var(--highlight-default)"&gt;$request&lt;/span&gt;&lt;span style="color: var(--highlight-keyword)"&gt;);&lt;/span&gt;&lt;/code&gt;&lt;/li&gt;
&lt;li&gt;&lt;code&gt;&lt;span style="color: var(--highlight-keyword)"&gt;&amp;nbsp;&amp;nbsp;&amp;nbsp;&amp;nbsp;}&lt;/span&gt;&lt;/code&gt;&lt;/li&gt;
&lt;li&gt;&lt;code&gt;&lt;span style="color: var(--highlight-keyword)"&gt;&lt;/span&gt;&lt;/code&gt;&lt;/li&gt;
&lt;li&gt;&lt;code&gt;&lt;span style="color: var(--highlight-keyword)"&gt;&amp;nbsp;&amp;nbsp;&amp;nbsp;&amp;nbsp;&lt;/span&gt;&lt;span style="color: var(--highlight-comment)"&gt;/**&lt;/span&gt;&lt;/code&gt;&lt;/li&gt;
&lt;li&gt;&lt;code&gt;&lt;span style="color: var(--highlight-comment)"&gt;&amp;nbsp;&amp;nbsp;&amp;nbsp;&amp;nbsp;&amp;nbsp;*&amp;nbsp;{@inheritdoc}&lt;/span&gt;&lt;/code&gt;&lt;/li&gt;
&lt;li&gt;&lt;code&gt;&lt;span style="color: var(--highlight-comment)"&gt;&amp;nbsp;&amp;nbsp;&amp;nbsp;&amp;nbsp;&amp;nbsp;*&lt;/span&gt;&lt;/code&gt;&lt;/li&gt;&lt;/ol&gt;    &lt;/div&gt;            &lt;/div&gt;
                        &lt;div class="trace-line "&gt;
                &lt;div class="trace-line-header break-long-words sf-toggle" data-toggle-selector="#trace-html-3-24" data-toggle-initial=""&gt;
            &lt;span class="icon icon-close"&gt;&lt;svg width="1792" height="1792" viewBox="0 0 1792 1792" xmlns="http://www.w3.org/2000/svg"&gt;&lt;path d="M1408 960V832q0-26-19-45t-45-19H448q-26 0-45 19t-19 45v128q0 26 19 45t45 19h896q26 0 45-19t19-45zm256-544v960q0 119-84.5 203.5T1376 1664H416q-119 0-203.5-84.5T128 1376V416q0-119 84.5-203.5T416 128h960q119 0 203.5 84.5T1664 416z"/&gt;&lt;/svg&gt;&lt;/span&gt;
        &lt;span class="icon icon-open"&gt;&lt;svg width="1792" height="1792" viewBox="0 0 1792 1792" xmlns="http://www.w3.org/2000/svg"&gt;&lt;path d="M1408 960V832q0-26-19-45t-45-19h-320V448q0-26-19-45t-45-19H832q-26 0-45 19t-19 45v320H448q-26 0-45 19t-19 45v128q0 26 19 45t45 19h320v320q0 26 19 45t45 19h128q26 0 45-19t19-45v-320h320q26 0 45-19t19-45zm256-544v960q0 119-84.5 203.5T1376 1664H416q-119 0-203.5-84.5T128 1376V416q0-119 84.5-203.5T416 128h960q119 0 203.5 84.5T1664 416z"/&gt;&lt;/svg&gt;&lt;/span&gt;
    
            &lt;span class="trace-class"&gt;&lt;abbr title="Symfony\Bundle\FrameworkBundle\KernelBrowser"&gt;KernelBrowser&lt;/abbr&gt;&lt;/span&gt;&lt;span class="trace-type"&gt;-&gt;&lt;/span&gt;&lt;span class="trace-method"&gt;doRequest&lt;/span&gt;&lt;span class="trace-arguments"&gt;()&lt;/span&gt;    
                    &lt;span class="block trace-file-path"&gt;
            in
            &lt;a href=""&gt;
                C:\Users\eman\Documents\GitHub\car_dealer\vendor\symfony\browser-kit\&lt;strong&gt;AbstractBrowser.php&lt;/strong&gt;
            &lt;/a&gt;
                        (line 370)
            &lt;span class="icon icon-copy hidden" data-clipboard-text="C:\Users\eman\Documents\GitHub\car_dealer\vendor\symfony\browser-kit\AbstractBrowser.php:370"&gt;
                &lt;svg xmlns="http://www.w3.org/2000/svg" height="24" viewBox="0 0 24 24" width="24"&gt;&lt;path d="M0 0h24v24H0z" fill="none"/&gt;&lt;path d="M16 1H4c-1.1 0-2 .9-2 2v14h2V3h12V1zm3 4H8c-1.1 0-2 .9-2 2v14c0 1.1.9 2 2 2h11c1.1 0 2-.9 2-2V7c0-1.1-.9-2-2-2zm0 16H8V7h11v14z"/&gt;&lt;/svg&gt;            &lt;/span&gt;
        &lt;/span&gt;
    &lt;/div&gt;
    &lt;div id="trace-html-3-24" class="trace-code sf-toggle-content"&gt;
        &lt;ol start="365"&gt;&lt;li&gt;&lt;code&gt;&lt;span style="color: var(--highlight-keyword)"&gt;&amp;nbsp;&amp;nbsp;&amp;nbsp;&amp;nbsp;&amp;nbsp;&amp;nbsp;&amp;nbsp;&amp;nbsp;}&lt;/span&gt;&lt;/code&gt;&lt;/li&gt;
&lt;li&gt;&lt;code&gt;&lt;span style="color: var(--highlight-keyword)"&gt;&lt;/span&gt;&lt;/code&gt;&lt;/li&gt;
&lt;li&gt;&lt;code&gt;&lt;span style="color: var(--highlight-keyword)"&gt;&amp;nbsp;&amp;nbsp;&amp;nbsp;&amp;nbsp;&amp;nbsp;&amp;nbsp;&amp;nbsp;&amp;nbsp;if&amp;nbsp;(&lt;/span&gt;&lt;span style="color: var(--highlight-default)"&gt;$this&lt;/span&gt;&lt;span style="color: var(--highlight-keyword)"&gt;-&amp;gt;&lt;/span&gt;&lt;span style="color: var(--highlight-default)"&gt;insulated&lt;/span&gt;&lt;span style="color: var(--highlight-keyword)"&gt;)&amp;nbsp;{&lt;/span&gt;&lt;/code&gt;&lt;/li&gt;
&lt;li&gt;&lt;code&gt;&lt;span style="color: var(--highlight-keyword)"&gt;&amp;nbsp;&amp;nbsp;&amp;nbsp;&amp;nbsp;&amp;nbsp;&amp;nbsp;&amp;nbsp;&amp;nbsp;&amp;nbsp;&amp;nbsp;&amp;nbsp;&amp;nbsp;&lt;/span&gt;&lt;span style="color: var(--highlight-default)"&gt;$this&lt;/span&gt;&lt;span style="color: var(--highlight-keyword)"&gt;-&amp;gt;&lt;/span&gt;&lt;span style="color: var(--highlight-default)"&gt;response&amp;nbsp;&lt;/span&gt;&lt;span style="color: var(--highlight-keyword)"&gt;=&amp;nbsp;&lt;/span&gt;&lt;span style="color: var(--highlight-default)"&gt;$this&lt;/span&gt;&lt;span style="color: var(--highlight-keyword)"&gt;-&amp;gt;&lt;/span&gt;&lt;span style="color: var(--highlight-default)"&gt;doRequestInProcess&lt;/span&gt;&lt;span style="color: var(--highlight-keyword)"&gt;(&lt;/span&gt;&lt;span style="color: var(--highlight-default)"&gt;$this&lt;/span&gt;&lt;span style="color: var(--highlight-keyword)"&gt;-&amp;gt;&lt;/span&gt;&lt;span style="color: var(--highlight-default)"&gt;request&lt;/span&gt;&lt;span style="color: var(--highlight-keyword)"&gt;);&lt;/span&gt;&lt;/code&gt;&lt;/li&gt;
&lt;li&gt;&lt;code&gt;&lt;span style="color: var(--highlight-keyword)"&gt;&amp;nbsp;&amp;nbsp;&amp;nbsp;&amp;nbsp;&amp;nbsp;&amp;nbsp;&amp;nbsp;&amp;nbsp;}&amp;nbsp;else&amp;nbsp;{&lt;/span&gt;&lt;/code&gt;&lt;/li&gt;
&lt;li class="selected"&gt;&lt;code&gt;&lt;span style="color: var(--highlight-keyword)"&gt;&amp;nbsp;&amp;nbsp;&amp;nbsp;&amp;nbsp;&amp;nbsp;&amp;nbsp;&amp;nbsp;&amp;nbsp;&amp;nbsp;&amp;nbsp;&amp;nbsp;&amp;nbsp;&lt;/span&gt;&lt;span style="color: var(--highlight-default)"&gt;$this&lt;/span&gt;&lt;span style="color: var(--highlight-keyword)"&gt;-&amp;gt;&lt;/span&gt;&lt;span style="color: var(--highlight-default)"&gt;response&amp;nbsp;&lt;/span&gt;&lt;span style="color: var(--highlight-keyword)"&gt;=&amp;nbsp;&lt;/span&gt;&lt;span style="color: var(--highlight-default)"&gt;$this&lt;/span&gt;&lt;span style="color: var(--highlight-keyword)"&gt;-&amp;gt;&lt;/span&gt;&lt;span style="color: var(--highlight-default)"&gt;doRequest&lt;/span&gt;&lt;span style="color: var(--highlight-keyword)"&gt;(&lt;/span&gt;&lt;span style="color: var(--highlight-default)"&gt;$this&lt;/span&gt;&lt;span style="color: var(--highlight-keyword)"&gt;-&amp;gt;&lt;/span&gt;&lt;span style="color: var(--highlight-default)"&gt;request&lt;/span&gt;&lt;span style="color: var(--highlight-keyword)"&gt;);&lt;/span&gt;&lt;/code&gt;&lt;/li&gt;
&lt;li&gt;&lt;code&gt;&lt;span style="color: var(--highlight-keyword)"&gt;&amp;nbsp;&amp;nbsp;&amp;nbsp;&amp;nbsp;&amp;nbsp;&amp;nbsp;&amp;nbsp;&amp;nbsp;}&lt;/span&gt;&lt;/code&gt;&lt;/li&gt;
&lt;li&gt;&lt;code&gt;&lt;span style="color: var(--highlight-keyword)"&gt;&lt;/span&gt;&lt;/code&gt;&lt;/li&gt;
&lt;li&gt;&lt;code&gt;&lt;span style="color: var(--highlight-keyword)"&gt;&amp;nbsp;&amp;nbsp;&amp;nbsp;&amp;nbsp;&amp;nbsp;&amp;nbsp;&amp;nbsp;&amp;nbsp;&lt;/span&gt;&lt;span style="color: var(--highlight-default)"&gt;$this&lt;/span&gt;&lt;span style="color: var(--highlight-keyword)"&gt;-&amp;gt;&lt;/span&gt;&lt;span style="color: var(--highlight-default)"&gt;internalResponse&amp;nbsp;&lt;/span&gt;&lt;span style="color: var(--highlight-keyword)"&gt;=&amp;nbsp;&lt;/span&gt;&lt;span style="color: var(--highlight-default)"&gt;$this&lt;/span&gt;&lt;span style="color: var(--highlight-keyword)"&gt;-&amp;gt;&lt;/span&gt;&lt;span style="color: var(--highlight-default)"&gt;filterResponse&lt;/span&gt;&lt;span style="color: var(--highlight-keyword)"&gt;(&lt;/span&gt;&lt;span style="color: var(--highlight-default)"&gt;$this&lt;/span&gt;&lt;span style="color: var(--highlight-keyword)"&gt;-&amp;gt;&lt;/span&gt;&lt;span style="color: var(--highlight-default)"&gt;response&lt;/span&gt;&lt;span style="color: var(--highlight-keyword)"&gt;);&lt;/span&gt;&lt;/code&gt;&lt;/li&gt;
&lt;li&gt;&lt;code&gt;&lt;span style="color: var(--highlight-keyword)"&gt;&lt;/span&gt;&lt;/code&gt;&lt;/li&gt;
&lt;li&gt;&lt;code&gt;&lt;span style="color: var(--highlight-keyword)"&gt;&amp;nbsp;&amp;nbsp;&amp;nbsp;&amp;nbsp;&amp;nbsp;&amp;nbsp;&amp;nbsp;&amp;nbsp;&lt;/span&gt;&lt;span style="color: var(--highlight-default)"&gt;$this&lt;/span&gt;&lt;span style="color: var(--highlight-keyword)"&gt;-&amp;gt;&lt;/span&gt;&lt;span style="color: var(--highlight-default)"&gt;cookieJar&lt;/span&gt;&lt;span style="color: var(--highlight-keyword)"&gt;-&amp;gt;&lt;/span&gt;&lt;span style="color: var(--highlight-default)"&gt;updateFromResponse&lt;/span&gt;&lt;span style="color: var(--highlight-keyword)"&gt;(&lt;/span&gt;&lt;span style="color: var(--highlight-default)"&gt;$this&lt;/span&gt;&lt;span style="color: var(--highlight-keyword)"&gt;-&amp;gt;&lt;/span&gt;&lt;span style="color: var(--highlight-default)"&gt;internalResponse&lt;/span&gt;&lt;span style="color: var(--highlight-keyword)"&gt;,&amp;nbsp;&lt;/span&gt;&lt;span style="color: var(--highlight-default)"&gt;$uri&lt;/span&gt;&lt;span style="color: var(--highlight-keyword)"&gt;);&lt;/span&gt;&lt;/code&gt;&lt;/li&gt;&lt;/ol&gt;    &lt;/div&gt;            &lt;/div&gt;
                        &lt;div class="trace-line "&gt;
                &lt;div class="trace-line-header break-long-words sf-toggle" data-toggle-selector="#trace-html-3-25" data-toggle-initial=""&gt;
            &lt;span class="icon icon-close"&gt;&lt;svg width="1792" height="1792" viewBox="0 0 1792 1792" xmlns="http://www.w3.org/2000/svg"&gt;&lt;path d="M1408 960V832q0-26-19-45t-45-19H448q-26 0-45 19t-19 45v128q0 26 19 45t45 19h896q26 0 45-19t19-45zm256-544v960q0 119-84.5 203.5T1376 1664H416q-119 0-203.5-84.5T128 1376V416q0-119 84.5-203.5T416 128h960q119 0 203.5 84.5T1664 416z"/&gt;&lt;/svg&gt;&lt;/span&gt;
        &lt;span class="icon icon-open"&gt;&lt;svg width="1792" height="1792" viewBox="0 0 1792 1792" xmlns="http://www.w3.org/2000/svg"&gt;&lt;path d="M1408 960V832q0-26-19-45t-45-19h-320V448q0-26-19-45t-45-19H832q-26 0-45 19t-19 45v320H448q-26 0-45 19t-19 45v128q0 26 19 45t45 19h320v320q0 26 19 45t45 19h128q26 0 45-19t19-45v-320h320q26 0 45-19t19-45zm256-544v960q0 119-84.5 203.5T1376 1664H416q-119 0-203.5-84.5T128 1376V416q0-119 84.5-203.5T416 128h960q119 0 203.5 84.5T1664 416z"/&gt;&lt;/svg&gt;&lt;/span&gt;
    
            &lt;span class="trace-class"&gt;&lt;abbr title="Symfony\Component\BrowserKit\AbstractBrowser"&gt;AbstractBrowser&lt;/abbr&gt;&lt;/span&gt;&lt;span class="trace-type"&gt;-&gt;&lt;/span&gt;&lt;span class="trace-method"&gt;request&lt;/span&gt;&lt;span class="trace-arguments"&gt;()&lt;/span&gt;    
                    &lt;span class="block trace-file-path"&gt;
            in
            &lt;a href=""&gt;
                C:\Users\eman\Documents\GitHub\car_dealer\tests\WebTest\&lt;strong&gt;CarsPageTest.php&lt;/strong&gt;
            &lt;/a&gt;
                        (line 52)
            &lt;span class="icon icon-copy hidden" data-clipboard-text="C:\Users\eman\Documents\GitHub\car_dealer\tests\WebTest\CarsPageTest.php:52"&gt;
                &lt;svg xmlns="http://www.w3.org/2000/svg" height="24" viewBox="0 0 24 24" width="24"&gt;&lt;path d="M0 0h24v24H0z" fill="none"/&gt;&lt;path d="M16 1H4c-1.1 0-2 .9-2 2v14h2V3h12V1zm3 4H8c-1.1 0-2 .9-2 2v14c0 1.1.9 2 2 2h11c1.1 0 2-.9 2-2V7c0-1.1-.9-2-2-2zm0 16H8V7h11v14z"/&gt;&lt;/svg&gt;            &lt;/span&gt;
        &lt;/span&gt;
    &lt;/div&gt;
    &lt;div id="trace-html-3-25" class="trace-code sf-toggle-content"&gt;
        &lt;ol start="47"&gt;&lt;li&gt;&lt;code&gt;&lt;span style="color: var(--highlight-keyword)"&gt;&amp;nbsp;&amp;nbsp;&amp;nbsp;&amp;nbsp;&amp;nbsp;&amp;nbsp;&amp;nbsp;&amp;nbsp;&lt;/span&gt;&lt;span style="color: var(--highlight-default)"&gt;$url&amp;nbsp;&lt;/span&gt;&lt;span style="color: var(--highlight-keyword)"&gt;=&amp;nbsp;&lt;/span&gt;&lt;span style="color: var(--highlight-string)"&gt;'/car/50/show'&lt;/span&gt;&lt;span style="color: var(--highlight-keyword)"&gt;;&lt;/span&gt;&lt;/code&gt;&lt;/li&gt;
&lt;li&gt;&lt;code&gt;&lt;span style="color: var(--highlight-keyword)"&gt;&amp;nbsp;&amp;nbsp;&amp;nbsp;&amp;nbsp;&amp;nbsp;&amp;nbsp;&amp;nbsp;&amp;nbsp;&lt;/span&gt;&lt;span style="color: var(--highlight-default)"&gt;$httpMethod&amp;nbsp;&lt;/span&gt;&lt;span style="color: var(--highlight-keyword)"&gt;=&amp;nbsp;&lt;/span&gt;&lt;span style="color: var(--highlight-string)"&gt;'GET'&lt;/span&gt;&lt;span style="color: var(--highlight-keyword)"&gt;;&lt;/span&gt;&lt;/code&gt;&lt;/li&gt;
&lt;li&gt;&lt;code&gt;&lt;span style="color: var(--highlight-keyword)"&gt;&amp;nbsp;&amp;nbsp;&amp;nbsp;&amp;nbsp;&amp;nbsp;&amp;nbsp;&amp;nbsp;&amp;nbsp;&lt;/span&gt;&lt;span style="color: var(--highlight-default)"&gt;$client&amp;nbsp;&lt;/span&gt;&lt;span style="color: var(--highlight-keyword)"&gt;=&amp;nbsp;static::&lt;/span&gt;&lt;span style="color: var(--highlight-default)"&gt;createClient&lt;/span&gt;&lt;span style="color: var(--highlight-keyword)"&gt;();&lt;/span&gt;&lt;/code&gt;&lt;/li&gt;
&lt;li&gt;&lt;code&gt;&lt;span style="color: var(--highlight-keyword)"&gt;&amp;nbsp;&amp;nbsp;&amp;nbsp;&amp;nbsp;&amp;nbsp;&amp;nbsp;&amp;nbsp;&amp;nbsp;&lt;/span&gt;&lt;span style="color: var(--highlight-default)"&gt;$searchText&amp;nbsp;&lt;/span&gt;&lt;span style="color: var(--highlight-keyword)"&gt;=&amp;nbsp;&lt;/span&gt;&lt;span style="color: var(--highlight-string)"&gt;'Car'&lt;/span&gt;&lt;span style="color: var(--highlight-keyword)"&gt;;&lt;/span&gt;&lt;/code&gt;&lt;/li&gt;
&lt;li&gt;&lt;code&gt;&lt;span style="color: var(--highlight-keyword)"&gt;&amp;nbsp;&amp;nbsp;&amp;nbsp;&amp;nbsp;&amp;nbsp;&amp;nbsp;&amp;nbsp;&amp;nbsp;&lt;/span&gt;&lt;span style="color: var(--highlight-default)"&gt;$cssSelector&amp;nbsp;&lt;/span&gt;&lt;span style="color: var(--highlight-keyword)"&gt;=&amp;nbsp;&lt;/span&gt;&lt;span style="color: var(--highlight-string)"&gt;'h1'&lt;/span&gt;&lt;span style="color: var(--highlight-keyword)"&gt;;&lt;/span&gt;&lt;/code&gt;&lt;/li&gt;
&lt;li class="selected"&gt;&lt;code&gt;&lt;span style="color: var(--highlight-keyword)"&gt;&amp;nbsp;&amp;nbsp;&amp;nbsp;&amp;nbsp;&amp;nbsp;&amp;nbsp;&amp;nbsp;&amp;nbsp;&lt;/span&gt;&lt;span style="color: var(--highlight-default)"&gt;$crawler&amp;nbsp;&lt;/span&gt;&lt;span style="color: var(--highlight-keyword)"&gt;=&amp;nbsp;&lt;/span&gt;&lt;span style="color: var(--highlight-default)"&gt;$client&lt;/span&gt;&lt;span style="color: var(--highlight-keyword)"&gt;-&amp;gt;&lt;/span&gt;&lt;span style="color: var(--highlight-default)"&gt;request&lt;/span&gt;&lt;span style="color: var(--highlight-keyword)"&gt;(&lt;/span&gt;&lt;span style="color: var(--highlight-default)"&gt;$httpMethod&lt;/span&gt;&lt;span style="color: var(--highlight-keyword)"&gt;,&amp;nbsp;&lt;/span&gt;&lt;span style="color: var(--highlight-default)"&gt;$url&lt;/span&gt;&lt;span style="color: var(--highlight-keyword)"&gt;);&lt;/span&gt;&lt;/code&gt;&lt;/li&gt;
&lt;li&gt;&lt;code&gt;&lt;span style="color: var(--highlight-keyword)"&gt;&amp;nbsp;&amp;nbsp;&amp;nbsp;&amp;nbsp;&amp;nbsp;&amp;nbsp;&amp;nbsp;&amp;nbsp;&lt;/span&gt;&lt;span style="color: var(--highlight-default)"&gt;$content&amp;nbsp;&lt;/span&gt;&lt;span style="color: var(--highlight-keyword)"&gt;=&amp;nbsp;&lt;/span&gt;&lt;span style="color: var(--highlight-default)"&gt;$client&lt;/span&gt;&lt;span style="color: var(--highlight-keyword)"&gt;-&amp;gt;&lt;/span&gt;&lt;span style="color: var(--highlight-default)"&gt;getResponse&lt;/span&gt;&lt;span style="color: var(--highlight-keyword)"&gt;()-&amp;gt;&lt;/span&gt;&lt;span style="color: var(--highlight-default)"&gt;getContent&lt;/span&gt;&lt;span style="color: var(--highlight-keyword)"&gt;();&lt;/span&gt;&lt;/code&gt;&lt;/li&gt;
&lt;li&gt;&lt;code&gt;&lt;span style="color: var(--highlight-keyword)"&gt;&amp;nbsp;&amp;nbsp;&amp;nbsp;&amp;nbsp;&amp;nbsp;&amp;nbsp;&amp;nbsp;&amp;nbsp;&lt;/span&gt;&lt;span style="color: var(--highlight-default)"&gt;$this&lt;/span&gt;&lt;span style="color: var(--highlight-keyword)"&gt;-&amp;gt;&lt;/span&gt;&lt;span style="color: var(--highlight-default)"&gt;assertResponseIsSuccessful&lt;/span&gt;&lt;span style="color: var(--highlight-keyword)"&gt;();&lt;/span&gt;&lt;/code&gt;&lt;/li&gt;
&lt;li&gt;&lt;code&gt;&lt;span style="color: var(--highlight-keyword)"&gt;&amp;nbsp;&amp;nbsp;&amp;nbsp;&amp;nbsp;&amp;nbsp;&amp;nbsp;&amp;nbsp;&amp;nbsp;&lt;/span&gt;&lt;span style="color: var(--highlight-default)"&gt;$this&lt;/span&gt;&lt;span style="color: var(--highlight-keyword)"&gt;-&amp;gt;&lt;/span&gt;&lt;span style="color: var(--highlight-default)"&gt;assertSelectorTextContains&lt;/span&gt;&lt;span style="color: var(--highlight-keyword)"&gt;(&lt;/span&gt;&lt;span style="color: var(--highlight-default)"&gt;$cssSelector&lt;/span&gt;&lt;span style="color: var(--highlight-keyword)"&gt;,&amp;nbsp;&lt;/span&gt;&lt;span style="color: var(--highlight-default)"&gt;$searchText&lt;/span&gt;&lt;span style="color: var(--highlight-keyword)"&gt;);&lt;/span&gt;&lt;/code&gt;&lt;/li&gt;
&lt;li&gt;&lt;code&gt;&lt;span style="color: var(--highlight-keyword)"&gt;&amp;nbsp;&amp;nbsp;&amp;nbsp;&amp;nbsp;}&lt;/span&gt;&lt;/code&gt;&lt;/li&gt;
&lt;li&gt;&lt;code&gt;&lt;span style="color: var(--highlight-keyword)"&gt;}&lt;/span&gt;&lt;/code&gt;&lt;/li&gt;&lt;/ol&gt;    &lt;/div&gt;            &lt;/div&gt;
                        &lt;div class="trace-line "&gt;
                &lt;div class="trace-line-header break-long-words sf-toggle" data-toggle-selector="#trace-html-3-26" data-toggle-initial=""&gt;
            &lt;span class="icon icon-close"&gt;&lt;svg width="1792" height="1792" viewBox="0 0 1792 1792" xmlns="http://www.w3.org/2000/svg"&gt;&lt;path d="M1408 960V832q0-26-19-45t-45-19H448q-26 0-45 19t-19 45v128q0 26 19 45t45 19h896q26 0 45-19t19-45zm256-544v960q0 119-84.5 203.5T1376 1664H416q-119 0-203.5-84.5T128 1376V416q0-119 84.5-203.5T416 128h960q119 0 203.5 84.5T1664 416z"/&gt;&lt;/svg&gt;&lt;/span&gt;
        &lt;span class="icon icon-open"&gt;&lt;svg width="1792" height="1792" viewBox="0 0 1792 1792" xmlns="http://www.w3.org/2000/svg"&gt;&lt;path d="M1408 960V832q0-26-19-45t-45-19h-320V448q0-26-19-45t-45-19H832q-26 0-45 19t-19 45v320H448q-26 0-45 19t-19 45v128q0 26 19 45t45 19h320v320q0 26 19 45t45 19h128q26 0 45-19t19-45v-320h320q26 0 45-19t19-45zm256-544v960q0 119-84.5 203.5T1376 1664H416q-119 0-203.5-84.5T128 1376V416q0-119 84.5-203.5T416 128h960q119 0 203.5 84.5T1664 416z"/&gt;&lt;/svg&gt;&lt;/span&gt;
    
            &lt;span class="trace-class"&gt;&lt;abbr title="App\Tests\WebTest\CarsPageTest"&gt;CarsPageTest&lt;/abbr&gt;&lt;/span&gt;&lt;span class="trace-type"&gt;-&gt;&lt;/span&gt;&lt;span class="trace-method"&gt;testHead&lt;/span&gt;&lt;span class="trace-arguments"&gt;()&lt;/span&gt;    
                    &lt;span class="block trace-file-path"&gt;
            in
            &lt;a href=""&gt;
                C:\Users\eman\Documents\GitHub\car_dealer\vendor\phpunit\phpunit\src\Framework\&lt;strong&gt;TestCase.php&lt;/strong&gt;
            &lt;/a&gt;
                        (line 1545)
            &lt;span class="icon icon-copy hidden" data-clipboard-text="C:\Users\eman\Documents\GitHub\car_dealer\vendor\phpunit\phpunit\src\Framework\TestCase.php:1545"&gt;
                &lt;svg xmlns="http://www.w3.org/2000/svg" height="24" viewBox="0 0 24 24" width="24"&gt;&lt;path d="M0 0h24v24H0z" fill="none"/&gt;&lt;path d="M16 1H4c-1.1 0-2 .9-2 2v14h2V3h12V1zm3 4H8c-1.1 0-2 .9-2 2v14c0 1.1.9 2 2 2h11c1.1 0 2-.9 2-2V7c0-1.1-.9-2-2-2zm0 16H8V7h11v14z"/&gt;&lt;/svg&gt;            &lt;/span&gt;
        &lt;/span&gt;
    &lt;/div&gt;
    &lt;div id="trace-html-3-26" class="trace-code sf-toggle-content"&gt;
        &lt;ol start="1540"&gt;&lt;li&gt;&lt;code&gt;&lt;span style="color: var(--highlight-keyword)"&gt;&amp;nbsp;&amp;nbsp;&amp;nbsp;&amp;nbsp;&amp;nbsp;&amp;nbsp;&amp;nbsp;&amp;nbsp;&lt;/span&gt;&lt;span style="color: var(--highlight-default)"&gt;$testArguments&amp;nbsp;&lt;/span&gt;&lt;span style="color: var(--highlight-keyword)"&gt;=&amp;nbsp;&lt;/span&gt;&lt;span style="color: var(--highlight-default)"&gt;array_merge&lt;/span&gt;&lt;span style="color: var(--highlight-keyword)"&gt;(&lt;/span&gt;&lt;span style="color: var(--highlight-default)"&gt;$this&lt;/span&gt;&lt;span style="color: var(--highlight-keyword)"&gt;-&amp;gt;&lt;/span&gt;&lt;span style="color: var(--highlight-default)"&gt;data&lt;/span&gt;&lt;span style="color: var(--highlight-keyword)"&gt;,&amp;nbsp;&lt;/span&gt;&lt;span style="color: var(--highlight-default)"&gt;$this&lt;/span&gt;&lt;span style="color: var(--highlight-keyword)"&gt;-&amp;gt;&lt;/span&gt;&lt;span style="color: var(--highlight-default)"&gt;dependencyInput&lt;/span&gt;&lt;span style="color: var(--highlight-keyword)"&gt;);&lt;/span&gt;&lt;/code&gt;&lt;/li&gt;
&lt;li&gt;&lt;code&gt;&lt;span style="color: var(--highlight-keyword)"&gt;&lt;/span&gt;&lt;/code&gt;&lt;/li&gt;
&lt;li&gt;&lt;code&gt;&lt;span style="color: var(--highlight-keyword)"&gt;&amp;nbsp;&amp;nbsp;&amp;nbsp;&amp;nbsp;&amp;nbsp;&amp;nbsp;&amp;nbsp;&amp;nbsp;&lt;/span&gt;&lt;span style="color: var(--highlight-default)"&gt;$this&lt;/span&gt;&lt;span style="color: var(--highlight-keyword)"&gt;-&amp;gt;&lt;/span&gt;&lt;span style="color: var(--highlight-default)"&gt;registerMockObjectsFromTestArguments&lt;/span&gt;&lt;span style="color: var(--highlight-keyword)"&gt;(&lt;/span&gt;&lt;span style="color: var(--highlight-default)"&gt;$testArguments&lt;/span&gt;&lt;span style="color: var(--highlight-keyword)"&gt;);&lt;/span&gt;&lt;/code&gt;&lt;/li&gt;
&lt;li&gt;&lt;code&gt;&lt;span style="color: var(--highlight-keyword)"&gt;&lt;/span&gt;&lt;/code&gt;&lt;/li&gt;
&lt;li&gt;&lt;code&gt;&lt;span style="color: var(--highlight-keyword)"&gt;&amp;nbsp;&amp;nbsp;&amp;nbsp;&amp;nbsp;&amp;nbsp;&amp;nbsp;&amp;nbsp;&amp;nbsp;try&amp;nbsp;{&lt;/span&gt;&lt;/code&gt;&lt;/li&gt;
&lt;li class="selected"&gt;&lt;code&gt;&lt;span style="color: var(--highlight-keyword)"&gt;&amp;nbsp;&amp;nbsp;&amp;nbsp;&amp;nbsp;&amp;nbsp;&amp;nbsp;&amp;nbsp;&amp;nbsp;&amp;nbsp;&amp;nbsp;&amp;nbsp;&amp;nbsp;&lt;/span&gt;&lt;span style="color: var(--highlight-default)"&gt;$testResult&amp;nbsp;&lt;/span&gt;&lt;span style="color: var(--highlight-keyword)"&gt;=&amp;nbsp;&lt;/span&gt;&lt;span style="color: var(--highlight-default)"&gt;$this&lt;/span&gt;&lt;span style="color: var(--highlight-keyword)"&gt;-&amp;gt;{&lt;/span&gt;&lt;span style="color: var(--highlight-default)"&gt;$this&lt;/span&gt;&lt;span style="color: var(--highlight-keyword)"&gt;-&amp;gt;&lt;/span&gt;&lt;span style="color: var(--highlight-default)"&gt;name&lt;/span&gt;&lt;span style="color: var(--highlight-keyword)"&gt;}(...&lt;/span&gt;&lt;span style="color: var(--highlight-default)"&gt;array_values&lt;/span&gt;&lt;span style="color: var(--highlight-keyword)"&gt;(&lt;/span&gt;&lt;span style="color: var(--highlight-default)"&gt;$testArguments&lt;/span&gt;&lt;span style="color: var(--highlight-keyword)"&gt;));&lt;/span&gt;&lt;/code&gt;&lt;/li&gt;
&lt;li&gt;&lt;code&gt;&lt;span style="color: var(--highlight-keyword)"&gt;&amp;nbsp;&amp;nbsp;&amp;nbsp;&amp;nbsp;&amp;nbsp;&amp;nbsp;&amp;nbsp;&amp;nbsp;}&amp;nbsp;catch&amp;nbsp;(&lt;/span&gt;&lt;span style="color: var(--highlight-default)"&gt;Throwable&amp;nbsp;$exception&lt;/span&gt;&lt;span style="color: var(--highlight-keyword)"&gt;)&amp;nbsp;{&lt;/span&gt;&lt;/code&gt;&lt;/li&gt;
&lt;li&gt;&lt;code&gt;&lt;span style="color: var(--highlight-keyword)"&gt;&amp;nbsp;&amp;nbsp;&amp;nbsp;&amp;nbsp;&amp;nbsp;&amp;nbsp;&amp;nbsp;&amp;nbsp;&amp;nbsp;&amp;nbsp;&amp;nbsp;&amp;nbsp;if&amp;nbsp;(!&lt;/span&gt;&lt;span style="color: var(--highlight-default)"&gt;$this&lt;/span&gt;&lt;span style="color: var(--highlight-keyword)"&gt;-&amp;gt;&lt;/span&gt;&lt;span style="color: var(--highlight-default)"&gt;checkExceptionExpectations&lt;/span&gt;&lt;span style="color: var(--highlight-keyword)"&gt;(&lt;/span&gt;&lt;span style="color: var(--highlight-default)"&gt;$exception&lt;/span&gt;&lt;span style="color: var(--highlight-keyword)"&gt;))&amp;nbsp;{&lt;/span&gt;&lt;/code&gt;&lt;/li&gt;
&lt;li&gt;&lt;code&gt;&lt;span style="color: var(--highlight-keyword)"&gt;&amp;nbsp;&amp;nbsp;&amp;nbsp;&amp;nbsp;&amp;nbsp;&amp;nbsp;&amp;nbsp;&amp;nbsp;&amp;nbsp;&amp;nbsp;&amp;nbsp;&amp;nbsp;&amp;nbsp;&amp;nbsp;&amp;nbsp;&amp;nbsp;throw&amp;nbsp;&lt;/span&gt;&lt;span style="color: var(--highlight-default)"&gt;$exception&lt;/span&gt;&lt;span style="color: var(--highlight-keyword)"&gt;;&lt;/span&gt;&lt;/code&gt;&lt;/li&gt;
&lt;li&gt;&lt;code&gt;&lt;span style="color: var(--highlight-keyword)"&gt;&amp;nbsp;&amp;nbsp;&amp;nbsp;&amp;nbsp;&amp;nbsp;&amp;nbsp;&amp;nbsp;&amp;nbsp;&amp;nbsp;&amp;nbsp;&amp;nbsp;&amp;nbsp;}&lt;/span&gt;&lt;/code&gt;&lt;/li&gt;
&lt;li&gt;&lt;code&gt;&lt;span style="color: var(--highlight-keyword)"&gt;&lt;/span&gt;&lt;/code&gt;&lt;/li&gt;&lt;/ol&gt;    &lt;/div&gt;            &lt;/div&gt;
                        &lt;div class="trace-line "&gt;
                &lt;div class="trace-line-header break-long-words sf-toggle" data-toggle-selector="#trace-html-3-27" data-toggle-initial=""&gt;
            &lt;span class="icon icon-close"&gt;&lt;svg width="1792" height="1792" viewBox="0 0 1792 1792" xmlns="http://www.w3.org/2000/svg"&gt;&lt;path d="M1408 960V832q0-26-19-45t-45-19H448q-26 0-45 19t-19 45v128q0 26 19 45t45 19h896q26 0 45-19t19-45zm256-544v960q0 119-84.5 203.5T1376 1664H416q-119 0-203.5-84.5T128 1376V416q0-119 84.5-203.5T416 128h960q119 0 203.5 84.5T1664 416z"/&gt;&lt;/svg&gt;&lt;/span&gt;
        &lt;span class="icon icon-open"&gt;&lt;svg width="1792" height="1792" viewBox="0 0 1792 1792" xmlns="http://www.w3.org/2000/svg"&gt;&lt;path d="M1408 960V832q0-26-19-45t-45-19h-320V448q0-26-19-45t-45-19H832q-26 0-45 19t-19 45v320H448q-26 0-45 19t-19 45v128q0 26 19 45t45 19h320v320q0 26 19 45t45 19h128q26 0 45-19t19-45v-320h320q26 0 45-19t19-45zm256-544v960q0 119-84.5 203.5T1376 1664H416q-119 0-203.5-84.5T128 1376V416q0-119 84.5-203.5T416 128h960q119 0 203.5 84.5T1664 416z"/&gt;&lt;/svg&gt;&lt;/span&gt;
    
            &lt;span class="trace-class"&gt;&lt;abbr title="PHPUnit\Framework\TestCase"&gt;TestCase&lt;/abbr&gt;&lt;/span&gt;&lt;span class="trace-type"&gt;-&gt;&lt;/span&gt;&lt;span class="trace-method"&gt;runTest&lt;/span&gt;&lt;span class="trace-arguments"&gt;()&lt;/span&gt;    
                    &lt;span class="block trace-file-path"&gt;
            in
            &lt;a href=""&gt;
                C:\Users\eman\Documents\GitHub\car_dealer\vendor\phpunit\phpunit\src\Framework\&lt;strong&gt;TestCase.php&lt;/strong&gt;
            &lt;/a&gt;
                        (line 1151)
            &lt;span class="icon icon-copy hidden" data-clipboard-text="C:\Users\eman\Documents\GitHub\car_dealer\vendor\phpunit\phpunit\src\Framework\TestCase.php:1151"&gt;
                &lt;svg xmlns="http://www.w3.org/2000/svg" height="24" viewBox="0 0 24 24" width="24"&gt;&lt;path d="M0 0h24v24H0z" fill="none"/&gt;&lt;path d="M16 1H4c-1.1 0-2 .9-2 2v14h2V3h12V1zm3 4H8c-1.1 0-2 .9-2 2v14c0 1.1.9 2 2 2h11c1.1 0 2-.9 2-2V7c0-1.1-.9-2-2-2zm0 16H8V7h11v14z"/&gt;&lt;/svg&gt;            &lt;/span&gt;
        &lt;/span&gt;
    &lt;/div&gt;
    &lt;div id="trace-html-3-27" class="trace-code sf-toggle-content"&gt;
        &lt;ol start="1146"&gt;&lt;li&gt;&lt;code&gt;&lt;span style="color: var(--highlight-keyword)"&gt;&lt;/span&gt;&lt;/code&gt;&lt;/li&gt;
&lt;li&gt;&lt;code&gt;&lt;span style="color: var(--highlight-keyword)"&gt;&amp;nbsp;&amp;nbsp;&amp;nbsp;&amp;nbsp;&amp;nbsp;&amp;nbsp;&amp;nbsp;&amp;nbsp;&amp;nbsp;&amp;nbsp;&amp;nbsp;&amp;nbsp;foreach&amp;nbsp;(&lt;/span&gt;&lt;span style="color: var(--highlight-default)"&gt;$hookMethods&lt;/span&gt;&lt;span style="color: var(--highlight-keyword)"&gt;[&lt;/span&gt;&lt;span style="color: var(--highlight-string)"&gt;'preCondition'&lt;/span&gt;&lt;span style="color: var(--highlight-keyword)"&gt;]&amp;nbsp;as&amp;nbsp;&lt;/span&gt;&lt;span style="color: var(--highlight-default)"&gt;$method&lt;/span&gt;&lt;span style="color: var(--highlight-keyword)"&gt;)&amp;nbsp;{&lt;/span&gt;&lt;/code&gt;&lt;/li&gt;
&lt;li&gt;&lt;code&gt;&lt;span style="color: var(--highlight-keyword)"&gt;&amp;nbsp;&amp;nbsp;&amp;nbsp;&amp;nbsp;&amp;nbsp;&amp;nbsp;&amp;nbsp;&amp;nbsp;&amp;nbsp;&amp;nbsp;&amp;nbsp;&amp;nbsp;&amp;nbsp;&amp;nbsp;&amp;nbsp;&amp;nbsp;&lt;/span&gt;&lt;span style="color: var(--highlight-default)"&gt;$this&lt;/span&gt;&lt;span style="color: var(--highlight-keyword)"&gt;-&amp;gt;{&lt;/span&gt;&lt;span style="color: var(--highlight-default)"&gt;$method&lt;/span&gt;&lt;span style="color: var(--highlight-keyword)"&gt;}();&lt;/span&gt;&lt;/code&gt;&lt;/li&gt;
&lt;li&gt;&lt;code&gt;&lt;span style="color: var(--highlight-keyword)"&gt;&amp;nbsp;&amp;nbsp;&amp;nbsp;&amp;nbsp;&amp;nbsp;&amp;nbsp;&amp;nbsp;&amp;nbsp;&amp;nbsp;&amp;nbsp;&amp;nbsp;&amp;nbsp;}&lt;/span&gt;&lt;/code&gt;&lt;/li&gt;
&lt;li&gt;&lt;code&gt;&lt;span style="color: var(--highlight-keyword)"&gt;&lt;/span&gt;&lt;/code&gt;&lt;/li&gt;
&lt;li class="selected"&gt;&lt;code&gt;&lt;span style="color: var(--highlight-keyword)"&gt;&amp;nbsp;&amp;nbsp;&amp;nbsp;&amp;nbsp;&amp;nbsp;&amp;nbsp;&amp;nbsp;&amp;nbsp;&amp;nbsp;&amp;nbsp;&amp;nbsp;&amp;nbsp;&lt;/span&gt;&lt;span style="color: var(--highlight-default)"&gt;$this&lt;/span&gt;&lt;span style="color: var(--highlight-keyword)"&gt;-&amp;gt;&lt;/span&gt;&lt;span style="color: var(--highlight-default)"&gt;testResult&amp;nbsp;&lt;/span&gt;&lt;span style="color: var(--highlight-keyword)"&gt;=&amp;nbsp;&lt;/span&gt;&lt;span style="color: var(--highlight-default)"&gt;$this&lt;/span&gt;&lt;span style="color: var(--highlight-keyword)"&gt;-&amp;gt;&lt;/span&gt;&lt;span style="color: var(--highlight-default)"&gt;runTest&lt;/span&gt;&lt;span style="color: var(--highlight-keyword)"&gt;();&lt;/span&gt;&lt;/code&gt;&lt;/li&gt;
&lt;li&gt;&lt;code&gt;&lt;span style="color: var(--highlight-keyword)"&gt;&amp;nbsp;&amp;nbsp;&amp;nbsp;&amp;nbsp;&amp;nbsp;&amp;nbsp;&amp;nbsp;&amp;nbsp;&amp;nbsp;&amp;nbsp;&amp;nbsp;&amp;nbsp;&lt;/span&gt;&lt;span style="color: var(--highlight-default)"&gt;$this&lt;/span&gt;&lt;span style="color: var(--highlight-keyword)"&gt;-&amp;gt;&lt;/span&gt;&lt;span style="color: var(--highlight-default)"&gt;verifyMockObjects&lt;/span&gt;&lt;span style="color: var(--highlight-keyword)"&gt;();&lt;/span&gt;&lt;/code&gt;&lt;/li&gt;
&lt;li&gt;&lt;code&gt;&lt;span style="color: var(--highlight-keyword)"&gt;&lt;/span&gt;&lt;/code&gt;&lt;/li&gt;
&lt;li&gt;&lt;code&gt;&lt;span style="color: var(--highlight-keyword)"&gt;&amp;nbsp;&amp;nbsp;&amp;nbsp;&amp;nbsp;&amp;nbsp;&amp;nbsp;&amp;nbsp;&amp;nbsp;&amp;nbsp;&amp;nbsp;&amp;nbsp;&amp;nbsp;foreach&amp;nbsp;(&lt;/span&gt;&lt;span style="color: var(--highlight-default)"&gt;$hookMethods&lt;/span&gt;&lt;span style="color: var(--highlight-keyword)"&gt;[&lt;/span&gt;&lt;span style="color: var(--highlight-string)"&gt;'postCondition'&lt;/span&gt;&lt;span style="color: var(--highlight-keyword)"&gt;]&amp;nbsp;as&amp;nbsp;&lt;/span&gt;&lt;span style="color: var(--highlight-default)"&gt;$method&lt;/span&gt;&lt;span style="color: var(--highlight-keyword)"&gt;)&amp;nbsp;{&lt;/span&gt;&lt;/code&gt;&lt;/li&gt;
&lt;li&gt;&lt;code&gt;&lt;span style="color: var(--highlight-keyword)"&gt;&amp;nbsp;&amp;nbsp;&amp;nbsp;&amp;nbsp;&amp;nbsp;&amp;nbsp;&amp;nbsp;&amp;nbsp;&amp;nbsp;&amp;nbsp;&amp;nbsp;&amp;nbsp;&amp;nbsp;&amp;nbsp;&amp;nbsp;&amp;nbsp;&lt;/span&gt;&lt;span style="color: var(--highlight-default)"&gt;$this&lt;/span&gt;&lt;span style="color: var(--highlight-keyword)"&gt;-&amp;gt;{&lt;/span&gt;&lt;span style="color: var(--highlight-default)"&gt;$method&lt;/span&gt;&lt;span style="color: var(--highlight-keyword)"&gt;}();&lt;/span&gt;&lt;/code&gt;&lt;/li&gt;
&lt;li&gt;&lt;code&gt;&lt;span style="color: var(--highlight-keyword)"&gt;&amp;nbsp;&amp;nbsp;&amp;nbsp;&amp;nbsp;&amp;nbsp;&amp;nbsp;&amp;nbsp;&amp;nbsp;&amp;nbsp;&amp;nbsp;&amp;nbsp;&amp;nbsp;}&lt;/span&gt;&lt;/code&gt;&lt;/li&gt;&lt;/ol&gt;    &lt;/div&gt;            &lt;/div&gt;
                        &lt;div class="trace-line "&gt;
                &lt;div class="trace-line-header break-long-words sf-toggle" data-toggle-selector="#trace-html-3-28" data-toggle-initial=""&gt;
            &lt;span class="icon icon-close"&gt;&lt;svg width="1792" height="1792" viewBox="0 0 1792 1792" xmlns="http://www.w3.org/2000/svg"&gt;&lt;path d="M1408 960V832q0-26-19-45t-45-19H448q-26 0-45 19t-19 45v128q0 26 19 45t45 19h896q26 0 45-19t19-45zm256-544v960q0 119-84.5 203.5T1376 1664H416q-119 0-203.5-84.5T128 1376V416q0-119 84.5-203.5T416 128h960q119 0 203.5 84.5T1664 416z"/&gt;&lt;/svg&gt;&lt;/span&gt;
        &lt;span class="icon icon-open"&gt;&lt;svg width="1792" height="1792" viewBox="0 0 1792 1792" xmlns="http://www.w3.org/2000/svg"&gt;&lt;path d="M1408 960V832q0-26-19-45t-45-19h-320V448q0-26-19-45t-45-19H832q-26 0-45 19t-19 45v320H448q-26 0-45 19t-19 45v128q0 26 19 45t45 19h320v320q0 26 19 45t45 19h128q26 0 45-19t19-45v-320h320q26 0 45-19t19-45zm256-544v960q0 119-84.5 203.5T1376 1664H416q-119 0-203.5-84.5T128 1376V416q0-119 84.5-203.5T416 128h960q119 0 203.5 84.5T1664 416z"/&gt;&lt;/svg&gt;&lt;/span&gt;
    
            &lt;span class="trace-class"&gt;&lt;abbr title="PHPUnit\Framework\TestCase"&gt;TestCase&lt;/abbr&gt;&lt;/span&gt;&lt;span class="trace-type"&gt;-&gt;&lt;/span&gt;&lt;span class="trace-method"&gt;runBare&lt;/span&gt;&lt;span class="trace-arguments"&gt;()&lt;/span&gt;    
                    &lt;span class="block trace-file-path"&gt;
            in
            &lt;a href=""&gt;
                C:\Users\eman\Documents\GitHub\car_dealer\vendor\phpunit\phpunit\src\Framework\&lt;strong&gt;TestResult.php&lt;/strong&gt;
            &lt;/a&gt;
                        (line 726)
            &lt;span class="icon icon-copy hidden" data-clipboard-text="C:\Users\eman\Documents\GitHub\car_dealer\vendor\phpunit\phpunit\src\Framework\TestResult.php:726"&gt;
                &lt;svg xmlns="http://www.w3.org/2000/svg" height="24" viewBox="0 0 24 24" width="24"&gt;&lt;path d="M0 0h24v24H0z" fill="none"/&gt;&lt;path d="M16 1H4c-1.1 0-2 .9-2 2v14h2V3h12V1zm3 4H8c-1.1 0-2 .9-2 2v14c0 1.1.9 2 2 2h11c1.1 0 2-.9 2-2V7c0-1.1-.9-2-2-2zm0 16H8V7h11v14z"/&gt;&lt;/svg&gt;            &lt;/span&gt;
        &lt;/span&gt;
    &lt;/div&gt;
    &lt;div id="trace-html-3-28" class="trace-code sf-toggle-content"&gt;
        &lt;ol start="721"&gt;&lt;li&gt;&lt;code&gt;&lt;span style="color: var(--highlight-keyword)"&gt;&amp;nbsp;&amp;nbsp;&amp;nbsp;&amp;nbsp;&amp;nbsp;&amp;nbsp;&amp;nbsp;&amp;nbsp;&amp;nbsp;&amp;nbsp;&amp;nbsp;&amp;nbsp;&amp;nbsp;&amp;nbsp;&amp;nbsp;&amp;nbsp;&amp;nbsp;&amp;nbsp;&amp;nbsp;&amp;nbsp;&amp;nbsp;&amp;nbsp;&amp;nbsp;&amp;nbsp;&lt;/span&gt;&lt;span style="color: var(--highlight-default)"&gt;$_timeout&amp;nbsp;&lt;/span&gt;&lt;span style="color: var(--highlight-keyword)"&gt;=&amp;nbsp;&lt;/span&gt;&lt;span style="color: var(--highlight-default)"&gt;$this&lt;/span&gt;&lt;span style="color: var(--highlight-keyword)"&gt;-&amp;gt;&lt;/span&gt;&lt;span style="color: var(--highlight-default)"&gt;defaultTimeLimit&lt;/span&gt;&lt;span style="color: var(--highlight-keyword)"&gt;;&lt;/span&gt;&lt;/code&gt;&lt;/li&gt;
&lt;li&gt;&lt;code&gt;&lt;span style="color: var(--highlight-keyword)"&gt;&amp;nbsp;&amp;nbsp;&amp;nbsp;&amp;nbsp;&amp;nbsp;&amp;nbsp;&amp;nbsp;&amp;nbsp;&amp;nbsp;&amp;nbsp;&amp;nbsp;&amp;nbsp;&amp;nbsp;&amp;nbsp;&amp;nbsp;&amp;nbsp;}&lt;/span&gt;&lt;/code&gt;&lt;/li&gt;
&lt;li&gt;&lt;code&gt;&lt;span style="color: var(--highlight-keyword)"&gt;&lt;/span&gt;&lt;/code&gt;&lt;/li&gt;
&lt;li&gt;&lt;code&gt;&lt;span style="color: var(--highlight-keyword)"&gt;&amp;nbsp;&amp;nbsp;&amp;nbsp;&amp;nbsp;&amp;nbsp;&amp;nbsp;&amp;nbsp;&amp;nbsp;&amp;nbsp;&amp;nbsp;&amp;nbsp;&amp;nbsp;&amp;nbsp;&amp;nbsp;&amp;nbsp;&amp;nbsp;&lt;/span&gt;&lt;span style="color: var(--highlight-default)"&gt;$invoker&lt;/span&gt;&lt;span style="color: var(--highlight-keyword)"&gt;-&amp;gt;&lt;/span&gt;&lt;span style="color: var(--highlight-default)"&gt;invoke&lt;/span&gt;&lt;span style="color: var(--highlight-keyword)"&gt;([&lt;/span&gt;&lt;span style="color: var(--highlight-default)"&gt;$test&lt;/span&gt;&lt;span style="color: var(--highlight-keyword)"&gt;,&amp;nbsp;&lt;/span&gt;&lt;span style="color: var(--highlight-string)"&gt;'runBare'&lt;/span&gt;&lt;span style="color: var(--highlight-keyword)"&gt;],&amp;nbsp;[],&amp;nbsp;&lt;/span&gt;&lt;span style="color: var(--highlight-default)"&gt;$_timeout&lt;/span&gt;&lt;span style="color: var(--highlight-keyword)"&gt;);&lt;/span&gt;&lt;/code&gt;&lt;/li&gt;
&lt;li&gt;&lt;code&gt;&lt;span style="color: var(--highlight-keyword)"&gt;&amp;nbsp;&amp;nbsp;&amp;nbsp;&amp;nbsp;&amp;nbsp;&amp;nbsp;&amp;nbsp;&amp;nbsp;&amp;nbsp;&amp;nbsp;&amp;nbsp;&amp;nbsp;}&amp;nbsp;else&amp;nbsp;{&lt;/span&gt;&lt;/code&gt;&lt;/li&gt;
&lt;li class="selected"&gt;&lt;code&gt;&lt;span style="color: var(--highlight-keyword)"&gt;&amp;nbsp;&amp;nbsp;&amp;nbsp;&amp;nbsp;&amp;nbsp;&amp;nbsp;&amp;nbsp;&amp;nbsp;&amp;nbsp;&amp;nbsp;&amp;nbsp;&amp;nbsp;&amp;nbsp;&amp;nbsp;&amp;nbsp;&amp;nbsp;&lt;/span&gt;&lt;span style="color: var(--highlight-default)"&gt;$test&lt;/span&gt;&lt;span style="color: var(--highlight-keyword)"&gt;-&amp;gt;&lt;/span&gt;&lt;span style="color: var(--highlight-default)"&gt;runBare&lt;/span&gt;&lt;span style="color: var(--highlight-keyword)"&gt;();&lt;/span&gt;&lt;/code&gt;&lt;/li&gt;
&lt;li&gt;&lt;code&gt;&lt;span style="color: var(--highlight-keyword)"&gt;&amp;nbsp;&amp;nbsp;&amp;nbsp;&amp;nbsp;&amp;nbsp;&amp;nbsp;&amp;nbsp;&amp;nbsp;&amp;nbsp;&amp;nbsp;&amp;nbsp;&amp;nbsp;}&lt;/span&gt;&lt;/code&gt;&lt;/li&gt;
&lt;li&gt;&lt;code&gt;&lt;span style="color: var(--highlight-keyword)"&gt;&amp;nbsp;&amp;nbsp;&amp;nbsp;&amp;nbsp;&amp;nbsp;&amp;nbsp;&amp;nbsp;&amp;nbsp;}&amp;nbsp;catch&amp;nbsp;(&lt;/span&gt;&lt;span style="color: var(--highlight-default)"&gt;TimeoutException&amp;nbsp;$e&lt;/span&gt;&lt;span style="color: var(--highlight-keyword)"&gt;)&amp;nbsp;{&lt;/span&gt;&lt;/code&gt;&lt;/li&gt;
&lt;li&gt;&lt;code&gt;&lt;span style="color: var(--highlight-keyword)"&gt;&amp;nbsp;&amp;nbsp;&amp;nbsp;&amp;nbsp;&amp;nbsp;&amp;nbsp;&amp;nbsp;&amp;nbsp;&amp;nbsp;&amp;nbsp;&amp;nbsp;&amp;nbsp;&lt;/span&gt;&lt;span style="color: var(--highlight-default)"&gt;$this&lt;/span&gt;&lt;span style="color: var(--highlight-keyword)"&gt;-&amp;gt;&lt;/span&gt;&lt;span style="color: var(--highlight-default)"&gt;addFailure&lt;/span&gt;&lt;span style="color: var(--highlight-keyword)"&gt;(&lt;/span&gt;&lt;/code&gt;&lt;/li&gt;
&lt;li&gt;&lt;code&gt;&lt;span style="color: var(--highlight-keyword)"&gt;&amp;nbsp;&amp;nbsp;&amp;nbsp;&amp;nbsp;&amp;nbsp;&amp;nbsp;&amp;nbsp;&amp;nbsp;&amp;nbsp;&amp;nbsp;&amp;nbsp;&amp;nbsp;&amp;nbsp;&amp;nbsp;&amp;nbsp;&amp;nbsp;&lt;/span&gt;&lt;span style="color: var(--highlight-default)"&gt;$test&lt;/span&gt;&lt;span style="color: var(--highlight-keyword)"&gt;,&lt;/span&gt;&lt;/code&gt;&lt;/li&gt;
&lt;li&gt;&lt;code&gt;&lt;span style="color: var(--highlight-keyword)"&gt;&amp;nbsp;&amp;nbsp;&amp;nbsp;&amp;nbsp;&amp;nbsp;&amp;nbsp;&amp;nbsp;&amp;nbsp;&amp;nbsp;&amp;nbsp;&amp;nbsp;&amp;nbsp;&amp;nbsp;&amp;nbsp;&amp;nbsp;&amp;nbsp;new&amp;nbsp;&lt;/span&gt;&lt;span style="color: var(--highlight-default)"&gt;RiskyTestError&lt;/span&gt;&lt;span style="color: var(--highlight-keyword)"&gt;(&lt;/span&gt;&lt;/code&gt;&lt;/li&gt;&lt;/ol&gt;    &lt;/div&gt;            &lt;/div&gt;
                        &lt;div class="trace-line "&gt;
                &lt;div class="trace-line-header break-long-words sf-toggle" data-toggle-selector="#trace-html-3-29" data-toggle-initial=""&gt;
            &lt;span class="icon icon-close"&gt;&lt;svg width="1792" height="1792" viewBox="0 0 1792 1792" xmlns="http://www.w3.org/2000/svg"&gt;&lt;path d="M1408 960V832q0-26-19-45t-45-19H448q-26 0-45 19t-19 45v128q0 26 19 45t45 19h896q26 0 45-19t19-45zm256-544v960q0 119-84.5 203.5T1376 1664H416q-119 0-203.5-84.5T128 1376V416q0-119 84.5-203.5T416 128h960q119 0 203.5 84.5T1664 416z"/&gt;&lt;/svg&gt;&lt;/span&gt;
        &lt;span class="icon icon-open"&gt;&lt;svg width="1792" height="1792" viewBox="0 0 1792 1792" xmlns="http://www.w3.org/2000/svg"&gt;&lt;path d="M1408 960V832q0-26-19-45t-45-19h-320V448q0-26-19-45t-45-19H832q-26 0-45 19t-19 45v320H448q-26 0-45 19t-19 45v128q0 26 19 45t45 19h320v320q0 26 19 45t45 19h128q26 0 45-19t19-45v-320h320q26 0 45-19t19-45zm256-544v960q0 119-84.5 203.5T1376 1664H416q-119 0-203.5-84.5T128 1376V416q0-119 84.5-203.5T416 128h960q119 0 203.5 84.5T1664 416z"/&gt;&lt;/svg&gt;&lt;/span&gt;
    
            &lt;span class="trace-class"&gt;&lt;abbr title="PHPUnit\Framework\TestResult"&gt;TestResult&lt;/abbr&gt;&lt;/span&gt;&lt;span class="trace-type"&gt;-&gt;&lt;/span&gt;&lt;span class="trace-method"&gt;run&lt;/span&gt;&lt;span class="trace-arguments"&gt;()&lt;/span&gt;    
                    &lt;span class="block trace-file-path"&gt;
            in
            &lt;a href=""&gt;
                C:\Users\eman\Documents\GitHub\car_dealer\vendor\phpunit\phpunit\src\Framework\&lt;strong&gt;TestCase.php&lt;/strong&gt;
            &lt;/a&gt;
                        (line 903)
            &lt;span class="icon icon-copy hidden" data-clipboard-text="C:\Users\eman\Documents\GitHub\car_dealer\vendor\phpunit\phpunit\src\Framework\TestCase.php:903"&gt;
                &lt;svg xmlns="http://www.w3.org/2000/svg" height="24" viewBox="0 0 24 24" width="24"&gt;&lt;path d="M0 0h24v24H0z" fill="none"/&gt;&lt;path d="M16 1H4c-1.1 0-2 .9-2 2v14h2V3h12V1zm3 4H8c-1.1 0-2 .9-2 2v14c0 1.1.9 2 2 2h11c1.1 0 2-.9 2-2V7c0-1.1-.9-2-2-2zm0 16H8V7h11v14z"/&gt;&lt;/svg&gt;            &lt;/span&gt;
        &lt;/span&gt;
    &lt;/div&gt;
    &lt;div id="trace-html-3-29" class="trace-code sf-toggle-content"&gt;
        &lt;ol start="898"&gt;&lt;li&gt;&lt;code&gt;&lt;span style="color: var(--highlight-keyword)"&gt;&amp;nbsp;&amp;nbsp;&amp;nbsp;&amp;nbsp;&amp;nbsp;&amp;nbsp;&amp;nbsp;&amp;nbsp;&amp;nbsp;&amp;nbsp;&amp;nbsp;&amp;nbsp;&lt;/span&gt;&lt;span style="color: var(--highlight-default)"&gt;$template&lt;/span&gt;&lt;span style="color: var(--highlight-keyword)"&gt;-&amp;gt;&lt;/span&gt;&lt;span style="color: var(--highlight-default)"&gt;setVar&lt;/span&gt;&lt;span style="color: var(--highlight-keyword)"&gt;(&lt;/span&gt;&lt;span style="color: var(--highlight-default)"&gt;$var&lt;/span&gt;&lt;span style="color: var(--highlight-keyword)"&gt;);&lt;/span&gt;&lt;/code&gt;&lt;/li&gt;
&lt;li&gt;&lt;code&gt;&lt;span style="color: var(--highlight-keyword)"&gt;&lt;/span&gt;&lt;/code&gt;&lt;/li&gt;
&lt;li&gt;&lt;code&gt;&lt;span style="color: var(--highlight-keyword)"&gt;&amp;nbsp;&amp;nbsp;&amp;nbsp;&amp;nbsp;&amp;nbsp;&amp;nbsp;&amp;nbsp;&amp;nbsp;&amp;nbsp;&amp;nbsp;&amp;nbsp;&amp;nbsp;&lt;/span&gt;&lt;span style="color: var(--highlight-default)"&gt;$php&amp;nbsp;&lt;/span&gt;&lt;span style="color: var(--highlight-keyword)"&gt;=&amp;nbsp;&lt;/span&gt;&lt;span style="color: var(--highlight-default)"&gt;AbstractPhpProcess&lt;/span&gt;&lt;span style="color: var(--highlight-keyword)"&gt;::&lt;/span&gt;&lt;span style="color: var(--highlight-default)"&gt;factory&lt;/span&gt;&lt;span style="color: var(--highlight-keyword)"&gt;();&lt;/span&gt;&lt;/code&gt;&lt;/li&gt;
&lt;li&gt;&lt;code&gt;&lt;span style="color: var(--highlight-keyword)"&gt;&amp;nbsp;&amp;nbsp;&amp;nbsp;&amp;nbsp;&amp;nbsp;&amp;nbsp;&amp;nbsp;&amp;nbsp;&amp;nbsp;&amp;nbsp;&amp;nbsp;&amp;nbsp;&lt;/span&gt;&lt;span style="color: var(--highlight-default)"&gt;$php&lt;/span&gt;&lt;span style="color: var(--highlight-keyword)"&gt;-&amp;gt;&lt;/span&gt;&lt;span style="color: var(--highlight-default)"&gt;runTestJob&lt;/span&gt;&lt;span style="color: var(--highlight-keyword)"&gt;(&lt;/span&gt;&lt;span style="color: var(--highlight-default)"&gt;$template&lt;/span&gt;&lt;span style="color: var(--highlight-keyword)"&gt;-&amp;gt;&lt;/span&gt;&lt;span style="color: var(--highlight-default)"&gt;render&lt;/span&gt;&lt;span style="color: var(--highlight-keyword)"&gt;(),&amp;nbsp;&lt;/span&gt;&lt;span style="color: var(--highlight-default)"&gt;$this&lt;/span&gt;&lt;span style="color: var(--highlight-keyword)"&gt;,&amp;nbsp;&lt;/span&gt;&lt;span style="color: var(--highlight-default)"&gt;$result&lt;/span&gt;&lt;span style="color: var(--highlight-keyword)"&gt;);&lt;/span&gt;&lt;/code&gt;&lt;/li&gt;
&lt;li&gt;&lt;code&gt;&lt;span style="color: var(--highlight-keyword)"&gt;&amp;nbsp;&amp;nbsp;&amp;nbsp;&amp;nbsp;&amp;nbsp;&amp;nbsp;&amp;nbsp;&amp;nbsp;}&amp;nbsp;else&amp;nbsp;{&lt;/span&gt;&lt;/code&gt;&lt;/li&gt;
&lt;li class="selected"&gt;&lt;code&gt;&lt;span style="color: var(--highlight-keyword)"&gt;&amp;nbsp;&amp;nbsp;&amp;nbsp;&amp;nbsp;&amp;nbsp;&amp;nbsp;&amp;nbsp;&amp;nbsp;&amp;nbsp;&amp;nbsp;&amp;nbsp;&amp;nbsp;&lt;/span&gt;&lt;span style="color: var(--highlight-default)"&gt;$result&lt;/span&gt;&lt;span style="color: var(--highlight-keyword)"&gt;-&amp;gt;&lt;/span&gt;&lt;span style="color: var(--highlight-default)"&gt;run&lt;/span&gt;&lt;span style="color: var(--highlight-keyword)"&gt;(&lt;/span&gt;&lt;span style="color: var(--highlight-default)"&gt;$this&lt;/span&gt;&lt;span style="color: var(--highlight-keyword)"&gt;);&lt;/span&gt;&lt;/code&gt;&lt;/li&gt;
&lt;li&gt;&lt;code&gt;&lt;span style="color: var(--highlight-keyword)"&gt;&amp;nbsp;&amp;nbsp;&amp;nbsp;&amp;nbsp;&amp;nbsp;&amp;nbsp;&amp;nbsp;&amp;nbsp;}&lt;/span&gt;&lt;/code&gt;&lt;/li&gt;
&lt;li&gt;&lt;code&gt;&lt;span style="color: var(--highlight-keyword)"&gt;&lt;/span&gt;&lt;/code&gt;&lt;/li&gt;
&lt;li&gt;&lt;code&gt;&lt;span style="color: var(--highlight-keyword)"&gt;&amp;nbsp;&amp;nbsp;&amp;nbsp;&amp;nbsp;&amp;nbsp;&amp;nbsp;&amp;nbsp;&amp;nbsp;&lt;/span&gt;&lt;span style="color: var(--highlight-default)"&gt;$this&lt;/span&gt;&lt;span style="color: var(--highlight-keyword)"&gt;-&amp;gt;&lt;/span&gt;&lt;span style="color: var(--highlight-default)"&gt;result&amp;nbsp;&lt;/span&gt;&lt;span style="color: var(--highlight-keyword)"&gt;=&amp;nbsp;&lt;/span&gt;&lt;span style="color: var(--highlight-default)"&gt;null&lt;/span&gt;&lt;span style="color: var(--highlight-keyword)"&gt;;&lt;/span&gt;&lt;/code&gt;&lt;/li&gt;
&lt;li&gt;&lt;code&gt;&lt;span style="color: var(--highlight-keyword)"&gt;&lt;/span&gt;&lt;/code&gt;&lt;/li&gt;
&lt;li&gt;&lt;code&gt;&lt;span style="color: var(--highlight-keyword)"&gt;&amp;nbsp;&amp;nbsp;&amp;nbsp;&amp;nbsp;&amp;nbsp;&amp;nbsp;&amp;nbsp;&amp;nbsp;return&amp;nbsp;&lt;/span&gt;&lt;span style="color: var(--highlight-default)"&gt;$result&lt;/span&gt;&lt;span style="color: var(--highlight-keyword)"&gt;;&lt;/span&gt;&lt;/code&gt;&lt;/li&gt;&lt;/ol&gt;    &lt;/div&gt;            &lt;/div&gt;
                        &lt;div class="trace-line "&gt;
                &lt;div class="trace-line-header break-long-words sf-toggle" data-toggle-selector="#trace-html-3-30" data-toggle-initial=""&gt;
            &lt;span class="icon icon-close"&gt;&lt;svg width="1792" height="1792" viewBox="0 0 1792 1792" xmlns="http://www.w3.org/2000/svg"&gt;&lt;path d="M1408 960V832q0-26-19-45t-45-19H448q-26 0-45 19t-19 45v128q0 26 19 45t45 19h896q26 0 45-19t19-45zm256-544v960q0 119-84.5 203.5T1376 1664H416q-119 0-203.5-84.5T128 1376V416q0-119 84.5-203.5T416 128h960q119 0 203.5 84.5T1664 416z"/&gt;&lt;/svg&gt;&lt;/span&gt;
        &lt;span class="icon icon-open"&gt;&lt;svg width="1792" height="1792" viewBox="0 0 1792 1792" xmlns="http://www.w3.org/2000/svg"&gt;&lt;path d="M1408 960V832q0-26-19-45t-45-19h-320V448q0-26-19-45t-45-19H832q-26 0-45 19t-19 45v320H448q-26 0-45 19t-19 45v128q0 26 19 45t45 19h320v320q0 26 19 45t45 19h128q26 0 45-19t19-45v-320h320q26 0 45-19t19-45zm256-544v960q0 119-84.5 203.5T1376 1664H416q-119 0-203.5-84.5T128 1376V416q0-119 84.5-203.5T416 128h960q119 0 203.5 84.5T1664 416z"/&gt;&lt;/svg&gt;&lt;/span&gt;
    
            &lt;span class="trace-class"&gt;&lt;abbr title="PHPUnit\Framework\TestCase"&gt;TestCase&lt;/abbr&gt;&lt;/span&gt;&lt;span class="trace-type"&gt;-&gt;&lt;/span&gt;&lt;span class="trace-method"&gt;run&lt;/span&gt;&lt;span class="trace-arguments"&gt;()&lt;/span&gt;    
                    &lt;span class="block trace-file-path"&gt;
            in
            &lt;a href=""&gt;
                C:\Users\eman\Documents\GitHub\car_dealer\vendor\phpunit\phpunit\src\Framework\&lt;strong&gt;TestSuite.php&lt;/strong&gt;
            &lt;/a&gt;
                        (line 678)
            &lt;span class="icon icon-copy hidden" data-clipboard-text="C:\Users\eman\Documents\GitHub\car_dealer\vendor\phpunit\phpunit\src\Framework\TestSuite.php:678"&gt;
                &lt;svg xmlns="http://www.w3.org/2000/svg" height="24" viewBox="0 0 24 24" width="24"&gt;&lt;path d="M0 0h24v24H0z" fill="none"/&gt;&lt;path d="M16 1H4c-1.1 0-2 .9-2 2v14h2V3h12V1zm3 4H8c-1.1 0-2 .9-2 2v14c0 1.1.9 2 2 2h11c1.1 0 2-.9 2-2V7c0-1.1-.9-2-2-2zm0 16H8V7h11v14z"/&gt;&lt;/svg&gt;            &lt;/span&gt;
        &lt;/span&gt;
    &lt;/div&gt;
    &lt;div id="trace-html-3-30" class="trace-code sf-toggle-content"&gt;
        &lt;ol start="673"&gt;&lt;li&gt;&lt;code&gt;&lt;span style="color: var(--highlight-keyword)"&gt;&amp;nbsp;&amp;nbsp;&amp;nbsp;&amp;nbsp;&amp;nbsp;&amp;nbsp;&amp;nbsp;&amp;nbsp;&amp;nbsp;&amp;nbsp;&amp;nbsp;&amp;nbsp;&amp;nbsp;&amp;nbsp;&amp;nbsp;&amp;nbsp;&lt;/span&gt;&lt;span style="color: var(--highlight-default)"&gt;$test&lt;/span&gt;&lt;span style="color: var(--highlight-keyword)"&gt;-&amp;gt;&lt;/span&gt;&lt;span style="color: var(--highlight-default)"&gt;setBackupGlobals&lt;/span&gt;&lt;span style="color: var(--highlight-keyword)"&gt;(&lt;/span&gt;&lt;span style="color: var(--highlight-default)"&gt;$this&lt;/span&gt;&lt;span style="color: var(--highlight-keyword)"&gt;-&amp;gt;&lt;/span&gt;&lt;span style="color: var(--highlight-default)"&gt;backupGlobals&lt;/span&gt;&lt;span style="color: var(--highlight-keyword)"&gt;);&lt;/span&gt;&lt;/code&gt;&lt;/li&gt;
&lt;li&gt;&lt;code&gt;&lt;span style="color: var(--highlight-keyword)"&gt;&amp;nbsp;&amp;nbsp;&amp;nbsp;&amp;nbsp;&amp;nbsp;&amp;nbsp;&amp;nbsp;&amp;nbsp;&amp;nbsp;&amp;nbsp;&amp;nbsp;&amp;nbsp;&amp;nbsp;&amp;nbsp;&amp;nbsp;&amp;nbsp;&lt;/span&gt;&lt;span style="color: var(--highlight-default)"&gt;$test&lt;/span&gt;&lt;span style="color: var(--highlight-keyword)"&gt;-&amp;gt;&lt;/span&gt;&lt;span style="color: var(--highlight-default)"&gt;setBackupStaticAttributes&lt;/span&gt;&lt;span style="color: var(--highlight-keyword)"&gt;(&lt;/span&gt;&lt;span style="color: var(--highlight-default)"&gt;$this&lt;/span&gt;&lt;span style="color: var(--highlight-keyword)"&gt;-&amp;gt;&lt;/span&gt;&lt;span style="color: var(--highlight-default)"&gt;backupStaticAttributes&lt;/span&gt;&lt;span style="color: var(--highlight-keyword)"&gt;);&lt;/span&gt;&lt;/code&gt;&lt;/li&gt;
&lt;li&gt;&lt;code&gt;&lt;span style="color: var(--highlight-keyword)"&gt;&amp;nbsp;&amp;nbsp;&amp;nbsp;&amp;nbsp;&amp;nbsp;&amp;nbsp;&amp;nbsp;&amp;nbsp;&amp;nbsp;&amp;nbsp;&amp;nbsp;&amp;nbsp;&amp;nbsp;&amp;nbsp;&amp;nbsp;&amp;nbsp;&lt;/span&gt;&lt;span style="color: var(--highlight-default)"&gt;$test&lt;/span&gt;&lt;span style="color: var(--highlight-keyword)"&gt;-&amp;gt;&lt;/span&gt;&lt;span style="color: var(--highlight-default)"&gt;setRunTestInSeparateProcess&lt;/span&gt;&lt;span style="color: var(--highlight-keyword)"&gt;(&lt;/span&gt;&lt;span style="color: var(--highlight-default)"&gt;$this&lt;/span&gt;&lt;span style="color: var(--highlight-keyword)"&gt;-&amp;gt;&lt;/span&gt;&lt;span style="color: var(--highlight-default)"&gt;runTestInSeparateProcess&lt;/span&gt;&lt;span style="color: var(--highlight-keyword)"&gt;);&lt;/span&gt;&lt;/code&gt;&lt;/li&gt;
&lt;li&gt;&lt;code&gt;&lt;span style="color: var(--highlight-keyword)"&gt;&amp;nbsp;&amp;nbsp;&amp;nbsp;&amp;nbsp;&amp;nbsp;&amp;nbsp;&amp;nbsp;&amp;nbsp;&amp;nbsp;&amp;nbsp;&amp;nbsp;&amp;nbsp;}&lt;/span&gt;&lt;/code&gt;&lt;/li&gt;
&lt;li&gt;&lt;code&gt;&lt;span style="color: var(--highlight-keyword)"&gt;&lt;/span&gt;&lt;/code&gt;&lt;/li&gt;
&lt;li class="selected"&gt;&lt;code&gt;&lt;span style="color: var(--highlight-keyword)"&gt;&amp;nbsp;&amp;nbsp;&amp;nbsp;&amp;nbsp;&amp;nbsp;&amp;nbsp;&amp;nbsp;&amp;nbsp;&amp;nbsp;&amp;nbsp;&amp;nbsp;&amp;nbsp;&lt;/span&gt;&lt;span style="color: var(--highlight-default)"&gt;$test&lt;/span&gt;&lt;span style="color: var(--highlight-keyword)"&gt;-&amp;gt;&lt;/span&gt;&lt;span style="color: var(--highlight-default)"&gt;run&lt;/span&gt;&lt;span style="color: var(--highlight-keyword)"&gt;(&lt;/span&gt;&lt;span style="color: var(--highlight-default)"&gt;$result&lt;/span&gt;&lt;span style="color: var(--highlight-keyword)"&gt;);&lt;/span&gt;&lt;/code&gt;&lt;/li&gt;
&lt;li&gt;&lt;code&gt;&lt;span style="color: var(--highlight-keyword)"&gt;&amp;nbsp;&amp;nbsp;&amp;nbsp;&amp;nbsp;&amp;nbsp;&amp;nbsp;&amp;nbsp;&amp;nbsp;}&lt;/span&gt;&lt;/code&gt;&lt;/li&gt;
&lt;li&gt;&lt;code&gt;&lt;span style="color: var(--highlight-keyword)"&gt;&lt;/span&gt;&lt;/code&gt;&lt;/li&gt;
&lt;li&gt;&lt;code&gt;&lt;span style="color: var(--highlight-keyword)"&gt;&amp;nbsp;&amp;nbsp;&amp;nbsp;&amp;nbsp;&amp;nbsp;&amp;nbsp;&amp;nbsp;&amp;nbsp;if&amp;nbsp;(&lt;/span&gt;&lt;span style="color: var(--highlight-default)"&gt;$this&lt;/span&gt;&lt;span style="color: var(--highlight-keyword)"&gt;-&amp;gt;&lt;/span&gt;&lt;span style="color: var(--highlight-default)"&gt;testCase&amp;nbsp;&lt;/span&gt;&lt;span style="color: var(--highlight-keyword)"&gt;&amp;amp;&amp;amp;&amp;nbsp;&lt;/span&gt;&lt;span style="color: var(--highlight-default)"&gt;class_exists&lt;/span&gt;&lt;span style="color: var(--highlight-keyword)"&gt;(&lt;/span&gt;&lt;span style="color: var(--highlight-default)"&gt;$this&lt;/span&gt;&lt;span style="color: var(--highlight-keyword)"&gt;-&amp;gt;&lt;/span&gt;&lt;span style="color: var(--highlight-default)"&gt;name&lt;/span&gt;&lt;span style="color: var(--highlight-keyword)"&gt;,&amp;nbsp;&lt;/span&gt;&lt;span style="color: var(--highlight-default)"&gt;false&lt;/span&gt;&lt;span style="color: var(--highlight-keyword)"&gt;))&amp;nbsp;{&lt;/span&gt;&lt;/code&gt;&lt;/li&gt;
&lt;li&gt;&lt;code&gt;&lt;span style="color: var(--highlight-keyword)"&gt;&amp;nbsp;&amp;nbsp;&amp;nbsp;&amp;nbsp;&amp;nbsp;&amp;nbsp;&amp;nbsp;&amp;nbsp;&amp;nbsp;&amp;nbsp;&amp;nbsp;&amp;nbsp;foreach&amp;nbsp;(&lt;/span&gt;&lt;span style="color: var(--highlight-default)"&gt;$hookMethods&lt;/span&gt;&lt;span style="color: var(--highlight-keyword)"&gt;[&lt;/span&gt;&lt;span style="color: var(--highlight-string)"&gt;'afterClass'&lt;/span&gt;&lt;span style="color: var(--highlight-keyword)"&gt;]&amp;nbsp;as&amp;nbsp;&lt;/span&gt;&lt;span style="color: var(--highlight-default)"&gt;$afterClassMethod&lt;/span&gt;&lt;span style="color: var(--highlight-keyword)"&gt;)&amp;nbsp;{&lt;/span&gt;&lt;/code&gt;&lt;/li&gt;
&lt;li&gt;&lt;code&gt;&lt;span style="color: var(--highlight-keyword)"&gt;&amp;nbsp;&amp;nbsp;&amp;nbsp;&amp;nbsp;&amp;nbsp;&amp;nbsp;&amp;nbsp;&amp;nbsp;&amp;nbsp;&amp;nbsp;&amp;nbsp;&amp;nbsp;&amp;nbsp;&amp;nbsp;&amp;nbsp;&amp;nbsp;if&amp;nbsp;(&lt;/span&gt;&lt;span style="color: var(--highlight-default)"&gt;method_exists&lt;/span&gt;&lt;span style="color: var(--highlight-keyword)"&gt;(&lt;/span&gt;&lt;span style="color: var(--highlight-default)"&gt;$this&lt;/span&gt;&lt;span style="color: var(--highlight-keyword)"&gt;-&amp;gt;&lt;/span&gt;&lt;span style="color: var(--highlight-default)"&gt;name&lt;/span&gt;&lt;span style="color: var(--highlight-keyword)"&gt;,&amp;nbsp;&lt;/span&gt;&lt;span style="color: var(--highlight-default)"&gt;$afterClassMethod&lt;/span&gt;&lt;span style="color: var(--highlight-keyword)"&gt;))&amp;nbsp;{&lt;/span&gt;&lt;/code&gt;&lt;/li&gt;&lt;/ol&gt;    &lt;/div&gt;            &lt;/div&gt;
                        &lt;div class="trace-line "&gt;
                &lt;div class="trace-line-header break-long-words sf-toggle" data-toggle-selector="#trace-html-3-31" data-toggle-initial=""&gt;
            &lt;span class="icon icon-close"&gt;&lt;svg width="1792" height="1792" viewBox="0 0 1792 1792" xmlns="http://www.w3.org/2000/svg"&gt;&lt;path d="M1408 960V832q0-26-19-45t-45-19H448q-26 0-45 19t-19 45v128q0 26 19 45t45 19h896q26 0 45-19t19-45zm256-544v960q0 119-84.5 203.5T1376 1664H416q-119 0-203.5-84.5T128 1376V416q0-119 84.5-203.5T416 128h960q119 0 203.5 84.5T1664 416z"/&gt;&lt;/svg&gt;&lt;/span&gt;
        &lt;span class="icon icon-open"&gt;&lt;svg width="1792" height="1792" viewBox="0 0 1792 1792" xmlns="http://www.w3.org/2000/svg"&gt;&lt;path d="M1408 960V832q0-26-19-45t-45-19h-320V448q0-26-19-45t-45-19H832q-26 0-45 19t-19 45v320H448q-26 0-45 19t-19 45v128q0 26 19 45t45 19h320v320q0 26 19 45t45 19h128q26 0 45-19t19-45v-320h320q26 0 45-19t19-45zm256-544v960q0 119-84.5 203.5T1376 1664H416q-119 0-203.5-84.5T128 1376V416q0-119 84.5-203.5T416 128h960q119 0 203.5 84.5T1664 416z"/&gt;&lt;/svg&gt;&lt;/span&gt;
    
            &lt;span class="trace-class"&gt;&lt;abbr title="PHPUnit\Framework\TestSuite"&gt;TestSuite&lt;/abbr&gt;&lt;/span&gt;&lt;span class="trace-type"&gt;-&gt;&lt;/span&gt;&lt;span class="trace-method"&gt;run&lt;/span&gt;&lt;span class="trace-arguments"&gt;()&lt;/span&gt;    
                    &lt;span class="block trace-file-path"&gt;
            in
            &lt;a href=""&gt;
                C:\Users\eman\Documents\GitHub\car_dealer\vendor\phpunit\phpunit\src\Framework\&lt;strong&gt;TestSuite.php&lt;/strong&gt;
            &lt;/a&gt;
                        (line 678)
            &lt;span class="icon icon-copy hidden" data-clipboard-text="C:\Users\eman\Documents\GitHub\car_dealer\vendor\phpunit\phpunit\src\Framework\TestSuite.php:678"&gt;
                &lt;svg xmlns="http://www.w3.org/2000/svg" height="24" viewBox="0 0 24 24" width="24"&gt;&lt;path d="M0 0h24v24H0z" fill="none"/&gt;&lt;path d="M16 1H4c-1.1 0-2 .9-2 2v14h2V3h12V1zm3 4H8c-1.1 0-2 .9-2 2v14c0 1.1.9 2 2 2h11c1.1 0 2-.9 2-2V7c0-1.1-.9-2-2-2zm0 16H8V7h11v14z"/&gt;&lt;/svg&gt;            &lt;/span&gt;
        &lt;/span&gt;
    &lt;/div&gt;
    &lt;div id="trace-html-3-31" class="trace-code sf-toggle-content"&gt;
        &lt;ol start="673"&gt;&lt;li&gt;&lt;code&gt;&lt;span style="color: var(--highlight-keyword)"&gt;&amp;nbsp;&amp;nbsp;&amp;nbsp;&amp;nbsp;&amp;nbsp;&amp;nbsp;&amp;nbsp;&amp;nbsp;&amp;nbsp;&amp;nbsp;&amp;nbsp;&amp;nbsp;&amp;nbsp;&amp;nbsp;&amp;nbsp;&amp;nbsp;&lt;/span&gt;&lt;span style="color: var(--highlight-default)"&gt;$test&lt;/span&gt;&lt;span style="color: var(--highlight-keyword)"&gt;-&amp;gt;&lt;/span&gt;&lt;span style="color: var(--highlight-default)"&gt;setBackupGlobals&lt;/span&gt;&lt;span style="color: var(--highlight-keyword)"&gt;(&lt;/span&gt;&lt;span style="color: var(--highlight-default)"&gt;$this&lt;/span&gt;&lt;span style="color: var(--highlight-keyword)"&gt;-&amp;gt;&lt;/span&gt;&lt;span style="color: var(--highlight-default)"&gt;backupGlobals&lt;/span&gt;&lt;span style="color: var(--highlight-keyword)"&gt;);&lt;/span&gt;&lt;/code&gt;&lt;/li&gt;
&lt;li&gt;&lt;code&gt;&lt;span style="color: var(--highlight-keyword)"&gt;&amp;nbsp;&amp;nbsp;&amp;nbsp;&amp;nbsp;&amp;nbsp;&amp;nbsp;&amp;nbsp;&amp;nbsp;&amp;nbsp;&amp;nbsp;&amp;nbsp;&amp;nbsp;&amp;nbsp;&amp;nbsp;&amp;nbsp;&amp;nbsp;&lt;/span&gt;&lt;span style="color: var(--highlight-default)"&gt;$test&lt;/span&gt;&lt;span style="color: var(--highlight-keyword)"&gt;-&amp;gt;&lt;/span&gt;&lt;span style="color: var(--highlight-default)"&gt;setBackupStaticAttributes&lt;/span&gt;&lt;span style="color: var(--highlight-keyword)"&gt;(&lt;/span&gt;&lt;span style="color: var(--highlight-default)"&gt;$this&lt;/span&gt;&lt;span style="color: var(--highlight-keyword)"&gt;-&amp;gt;&lt;/span&gt;&lt;span style="color: var(--highlight-default)"&gt;backupStaticAttributes&lt;/span&gt;&lt;span style="color: var(--highlight-keyword)"&gt;);&lt;/span&gt;&lt;/code&gt;&lt;/li&gt;
&lt;li&gt;&lt;code&gt;&lt;span style="color: var(--highlight-keyword)"&gt;&amp;nbsp;&amp;nbsp;&amp;nbsp;&amp;nbsp;&amp;nbsp;&amp;nbsp;&amp;nbsp;&amp;nbsp;&amp;nbsp;&amp;nbsp;&amp;nbsp;&amp;nbsp;&amp;nbsp;&amp;nbsp;&amp;nbsp;&amp;nbsp;&lt;/span&gt;&lt;span style="color: var(--highlight-default)"&gt;$test&lt;/span&gt;&lt;span style="color: var(--highlight-keyword)"&gt;-&amp;gt;&lt;/span&gt;&lt;span style="color: var(--highlight-default)"&gt;setRunTestInSeparateProcess&lt;/span&gt;&lt;span style="color: var(--highlight-keyword)"&gt;(&lt;/span&gt;&lt;span style="color: var(--highlight-default)"&gt;$this&lt;/span&gt;&lt;span style="color: var(--highlight-keyword)"&gt;-&amp;gt;&lt;/span&gt;&lt;span style="color: var(--highlight-default)"&gt;runTestInSeparateProcess&lt;/span&gt;&lt;span style="color: var(--highlight-keyword)"&gt;);&lt;/span&gt;&lt;/code&gt;&lt;/li&gt;
&lt;li&gt;&lt;code&gt;&lt;span style="color: var(--highlight-keyword)"&gt;&amp;nbsp;&amp;nbsp;&amp;nbsp;&amp;nbsp;&amp;nbsp;&amp;nbsp;&amp;nbsp;&amp;nbsp;&amp;nbsp;&amp;nbsp;&amp;nbsp;&amp;nbsp;}&lt;/span&gt;&lt;/code&gt;&lt;/li&gt;
&lt;li&gt;&lt;code&gt;&lt;span style="color: var(--highlight-keyword)"&gt;&lt;/span&gt;&lt;/code&gt;&lt;/li&gt;
&lt;li class="selected"&gt;&lt;code&gt;&lt;span style="color: var(--highlight-keyword)"&gt;&amp;nbsp;&amp;nbsp;&amp;nbsp;&amp;nbsp;&amp;nbsp;&amp;nbsp;&amp;nbsp;&amp;nbsp;&amp;nbsp;&amp;nbsp;&amp;nbsp;&amp;nbsp;&lt;/span&gt;&lt;span style="color: var(--highlight-default)"&gt;$test&lt;/span&gt;&lt;span style="color: var(--highlight-keyword)"&gt;-&amp;gt;&lt;/span&gt;&lt;span style="color: var(--highlight-default)"&gt;run&lt;/span&gt;&lt;span style="color: var(--highlight-keyword)"&gt;(&lt;/span&gt;&lt;span style="color: var(--highlight-default)"&gt;$result&lt;/span&gt;&lt;span style="color: var(--highlight-keyword)"&gt;);&lt;/span&gt;&lt;/code&gt;&lt;/li&gt;
&lt;li&gt;&lt;code&gt;&lt;span style="color: var(--highlight-keyword)"&gt;&amp;nbsp;&amp;nbsp;&amp;nbsp;&amp;nbsp;&amp;nbsp;&amp;nbsp;&amp;nbsp;&amp;nbsp;}&lt;/span&gt;&lt;/code&gt;&lt;/li&gt;
&lt;li&gt;&lt;code&gt;&lt;span style="color: var(--highlight-keyword)"&gt;&lt;/span&gt;&lt;/code&gt;&lt;/li&gt;
&lt;li&gt;&lt;code&gt;&lt;span style="color: var(--highlight-keyword)"&gt;&amp;nbsp;&amp;nbsp;&amp;nbsp;&amp;nbsp;&amp;nbsp;&amp;nbsp;&amp;nbsp;&amp;nbsp;if&amp;nbsp;(&lt;/span&gt;&lt;span style="color: var(--highlight-default)"&gt;$this&lt;/span&gt;&lt;span style="color: var(--highlight-keyword)"&gt;-&amp;gt;&lt;/span&gt;&lt;span style="color: var(--highlight-default)"&gt;testCase&amp;nbsp;&lt;/span&gt;&lt;span style="color: var(--highlight-keyword)"&gt;&amp;amp;&amp;amp;&amp;nbsp;&lt;/span&gt;&lt;span style="color: var(--highlight-default)"&gt;class_exists&lt;/span&gt;&lt;span style="color: var(--highlight-keyword)"&gt;(&lt;/span&gt;&lt;span style="color: var(--highlight-default)"&gt;$this&lt;/span&gt;&lt;span style="color: var(--highlight-keyword)"&gt;-&amp;gt;&lt;/span&gt;&lt;span style="color: var(--highlight-default)"&gt;name&lt;/span&gt;&lt;span style="color: var(--highlight-keyword)"&gt;,&amp;nbsp;&lt;/span&gt;&lt;span style="color: var(--highlight-default)"&gt;false&lt;/span&gt;&lt;span style="color: var(--highlight-keyword)"&gt;))&amp;nbsp;{&lt;/span&gt;&lt;/code&gt;&lt;/li&gt;
&lt;li&gt;&lt;code&gt;&lt;span style="color: var(--highlight-keyword)"&gt;&amp;nbsp;&amp;nbsp;&amp;nbsp;&amp;nbsp;&amp;nbsp;&amp;nbsp;&amp;nbsp;&amp;nbsp;&amp;nbsp;&amp;nbsp;&amp;nbsp;&amp;nbsp;foreach&amp;nbsp;(&lt;/span&gt;&lt;span style="color: var(--highlight-default)"&gt;$hookMethods&lt;/span&gt;&lt;span style="color: var(--highlight-keyword)"&gt;[&lt;/span&gt;&lt;span style="color: var(--highlight-string)"&gt;'afterClass'&lt;/span&gt;&lt;span style="color: var(--highlight-keyword)"&gt;]&amp;nbsp;as&amp;nbsp;&lt;/span&gt;&lt;span style="color: var(--highlight-default)"&gt;$afterClassMethod&lt;/span&gt;&lt;span style="color: var(--highlight-keyword)"&gt;)&amp;nbsp;{&lt;/span&gt;&lt;/code&gt;&lt;/li&gt;
&lt;li&gt;&lt;code&gt;&lt;span style="color: var(--highlight-keyword)"&gt;&amp;nbsp;&amp;nbsp;&amp;nbsp;&amp;nbsp;&amp;nbsp;&amp;nbsp;&amp;nbsp;&amp;nbsp;&amp;nbsp;&amp;nbsp;&amp;nbsp;&amp;nbsp;&amp;nbsp;&amp;nbsp;&amp;nbsp;&amp;nbsp;if&amp;nbsp;(&lt;/span&gt;&lt;span style="color: var(--highlight-default)"&gt;method_exists&lt;/span&gt;&lt;span style="color: var(--highlight-keyword)"&gt;(&lt;/span&gt;&lt;span style="color: var(--highlight-default)"&gt;$this&lt;/span&gt;&lt;span style="color: var(--highlight-keyword)"&gt;-&amp;gt;&lt;/span&gt;&lt;span style="color: var(--highlight-default)"&gt;name&lt;/span&gt;&lt;span style="color: var(--highlight-keyword)"&gt;,&amp;nbsp;&lt;/span&gt;&lt;span style="color: var(--highlight-default)"&gt;$afterClassMethod&lt;/span&gt;&lt;span style="color: var(--highlight-keyword)"&gt;))&amp;nbsp;{&lt;/span&gt;&lt;/code&gt;&lt;/li&gt;&lt;/ol&gt;    &lt;/div&gt;            &lt;/div&gt;
                        &lt;div class="trace-line "&gt;
                &lt;div class="trace-line-header break-long-words sf-toggle" data-toggle-selector="#trace-html-3-32" data-toggle-initial=""&gt;
            &lt;span class="icon icon-close"&gt;&lt;svg width="1792" height="1792" viewBox="0 0 1792 1792" xmlns="http://www.w3.org/2000/svg"&gt;&lt;path d="M1408 960V832q0-26-19-45t-45-19H448q-26 0-45 19t-19 45v128q0 26 19 45t45 19h896q26 0 45-19t19-45zm256-544v960q0 119-84.5 203.5T1376 1664H416q-119 0-203.5-84.5T128 1376V416q0-119 84.5-203.5T416 128h960q119 0 203.5 84.5T1664 416z"/&gt;&lt;/svg&gt;&lt;/span&gt;
        &lt;span class="icon icon-open"&gt;&lt;svg width="1792" height="1792" viewBox="0 0 1792 1792" xmlns="http://www.w3.org/2000/svg"&gt;&lt;path d="M1408 960V832q0-26-19-45t-45-19h-320V448q0-26-19-45t-45-19H832q-26 0-45 19t-19 45v320H448q-26 0-45 19t-19 45v128q0 26 19 45t45 19h320v320q0 26 19 45t45 19h128q26 0 45-19t19-45v-320h320q26 0 45-19t19-45zm256-544v960q0 119-84.5 203.5T1376 1664H416q-119 0-203.5-84.5T128 1376V416q0-119 84.5-203.5T416 128h960q119 0 203.5 84.5T1664 416z"/&gt;&lt;/svg&gt;&lt;/span&gt;
    
            &lt;span class="trace-class"&gt;&lt;abbr title="PHPUnit\Framework\TestSuite"&gt;TestSuite&lt;/abbr&gt;&lt;/span&gt;&lt;span class="trace-type"&gt;-&gt;&lt;/span&gt;&lt;span class="trace-method"&gt;run&lt;/span&gt;&lt;span class="trace-arguments"&gt;()&lt;/span&gt;    
                    &lt;span class="block trace-file-path"&gt;
            in
            &lt;a href=""&gt;
                C:\Users\eman\Documents\GitHub\car_dealer\vendor\phpunit\phpunit\src\Framework\&lt;strong&gt;TestSuite.php&lt;/strong&gt;
            &lt;/a&gt;
                        (line 678)
            &lt;span class="icon icon-copy hidden" data-clipboard-text="C:\Users\eman\Documents\GitHub\car_dealer\vendor\phpunit\phpunit\src\Framework\TestSuite.php:678"&gt;
                &lt;svg xmlns="http://www.w3.org/2000/svg" height="24" viewBox="0 0 24 24" width="24"&gt;&lt;path d="M0 0h24v24H0z" fill="none"/&gt;&lt;path d="M16 1H4c-1.1 0-2 .9-2 2v14h2V3h12V1zm3 4H8c-1.1 0-2 .9-2 2v14c0 1.1.9 2 2 2h11c1.1 0 2-.9 2-2V7c0-1.1-.9-2-2-2zm0 16H8V7h11v14z"/&gt;&lt;/svg&gt;            &lt;/span&gt;
        &lt;/span&gt;
    &lt;/div&gt;
    &lt;div id="trace-html-3-32" class="trace-code sf-toggle-content"&gt;
        &lt;ol start="673"&gt;&lt;li&gt;&lt;code&gt;&lt;span style="color: var(--highlight-keyword)"&gt;&amp;nbsp;&amp;nbsp;&amp;nbsp;&amp;nbsp;&amp;nbsp;&amp;nbsp;&amp;nbsp;&amp;nbsp;&amp;nbsp;&amp;nbsp;&amp;nbsp;&amp;nbsp;&amp;nbsp;&amp;nbsp;&amp;nbsp;&amp;nbsp;&lt;/span&gt;&lt;span style="color: var(--highlight-default)"&gt;$test&lt;/span&gt;&lt;span style="color: var(--highlight-keyword)"&gt;-&amp;gt;&lt;/span&gt;&lt;span style="color: var(--highlight-default)"&gt;setBackupGlobals&lt;/span&gt;&lt;span style="color: var(--highlight-keyword)"&gt;(&lt;/span&gt;&lt;span style="color: var(--highlight-default)"&gt;$this&lt;/span&gt;&lt;span style="color: var(--highlight-keyword)"&gt;-&amp;gt;&lt;/span&gt;&lt;span style="color: var(--highlight-default)"&gt;backupGlobals&lt;/span&gt;&lt;span style="color: var(--highlight-keyword)"&gt;);&lt;/span&gt;&lt;/code&gt;&lt;/li&gt;
&lt;li&gt;&lt;code&gt;&lt;span style="color: var(--highlight-keyword)"&gt;&amp;nbsp;&amp;nbsp;&amp;nbsp;&amp;nbsp;&amp;nbsp;&amp;nbsp;&amp;nbsp;&amp;nbsp;&amp;nbsp;&amp;nbsp;&amp;nbsp;&amp;nbsp;&amp;nbsp;&amp;nbsp;&amp;nbsp;&amp;nbsp;&lt;/span&gt;&lt;span style="color: var(--highlight-default)"&gt;$test&lt;/span&gt;&lt;span style="color: var(--highlight-keyword)"&gt;-&amp;gt;&lt;/span&gt;&lt;span style="color: var(--highlight-default)"&gt;setBackupStaticAttributes&lt;/span&gt;&lt;span style="color: var(--highlight-keyword)"&gt;(&lt;/span&gt;&lt;span style="color: var(--highlight-default)"&gt;$this&lt;/span&gt;&lt;span style="color: var(--highlight-keyword)"&gt;-&amp;gt;&lt;/span&gt;&lt;span style="color: var(--highlight-default)"&gt;backupStaticAttributes&lt;/span&gt;&lt;span style="color: var(--highlight-keyword)"&gt;);&lt;/span&gt;&lt;/code&gt;&lt;/li&gt;
&lt;li&gt;&lt;code&gt;&lt;span style="color: var(--highlight-keyword)"&gt;&amp;nbsp;&amp;nbsp;&amp;nbsp;&amp;nbsp;&amp;nbsp;&amp;nbsp;&amp;nbsp;&amp;nbsp;&amp;nbsp;&amp;nbsp;&amp;nbsp;&amp;nbsp;&amp;nbsp;&amp;nbsp;&amp;nbsp;&amp;nbsp;&lt;/span&gt;&lt;span style="color: var(--highlight-default)"&gt;$test&lt;/span&gt;&lt;span style="color: var(--highlight-keyword)"&gt;-&amp;gt;&lt;/span&gt;&lt;span style="color: var(--highlight-default)"&gt;setRunTestInSeparateProcess&lt;/span&gt;&lt;span style="color: var(--highlight-keyword)"&gt;(&lt;/span&gt;&lt;span style="color: var(--highlight-default)"&gt;$this&lt;/span&gt;&lt;span style="color: var(--highlight-keyword)"&gt;-&amp;gt;&lt;/span&gt;&lt;span style="color: var(--highlight-default)"&gt;runTestInSeparateProcess&lt;/span&gt;&lt;span style="color: var(--highlight-keyword)"&gt;);&lt;/span&gt;&lt;/code&gt;&lt;/li&gt;
&lt;li&gt;&lt;code&gt;&lt;span style="color: var(--highlight-keyword)"&gt;&amp;nbsp;&amp;nbsp;&amp;nbsp;&amp;nbsp;&amp;nbsp;&amp;nbsp;&amp;nbsp;&amp;nbsp;&amp;nbsp;&amp;nbsp;&amp;nbsp;&amp;nbsp;}&lt;/span&gt;&lt;/code&gt;&lt;/li&gt;
&lt;li&gt;&lt;code&gt;&lt;span style="color: var(--highlight-keyword)"&gt;&lt;/span&gt;&lt;/code&gt;&lt;/li&gt;
&lt;li class="selected"&gt;&lt;code&gt;&lt;span style="color: var(--highlight-keyword)"&gt;&amp;nbsp;&amp;nbsp;&amp;nbsp;&amp;nbsp;&amp;nbsp;&amp;nbsp;&amp;nbsp;&amp;nbsp;&amp;nbsp;&amp;nbsp;&amp;nbsp;&amp;nbsp;&lt;/span&gt;&lt;span style="color: var(--highlight-default)"&gt;$test&lt;/span&gt;&lt;span style="color: var(--highlight-keyword)"&gt;-&amp;gt;&lt;/span&gt;&lt;span style="color: var(--highlight-default)"&gt;run&lt;/span&gt;&lt;span style="color: var(--highlight-keyword)"&gt;(&lt;/span&gt;&lt;span style="color: var(--highlight-default)"&gt;$result&lt;/span&gt;&lt;span style="color: var(--highlight-keyword)"&gt;);&lt;/span&gt;&lt;/code&gt;&lt;/li&gt;
&lt;li&gt;&lt;code&gt;&lt;span style="color: var(--highlight-keyword)"&gt;&amp;nbsp;&amp;nbsp;&amp;nbsp;&amp;nbsp;&amp;nbsp;&amp;nbsp;&amp;nbsp;&amp;nbsp;}&lt;/span&gt;&lt;/code&gt;&lt;/li&gt;
&lt;li&gt;&lt;code&gt;&lt;span style="color: var(--highlight-keyword)"&gt;&lt;/span&gt;&lt;/code&gt;&lt;/li&gt;
&lt;li&gt;&lt;code&gt;&lt;span style="color: var(--highlight-keyword)"&gt;&amp;nbsp;&amp;nbsp;&amp;nbsp;&amp;nbsp;&amp;nbsp;&amp;nbsp;&amp;nbsp;&amp;nbsp;if&amp;nbsp;(&lt;/span&gt;&lt;span style="color: var(--highlight-default)"&gt;$this&lt;/span&gt;&lt;span style="color: var(--highlight-keyword)"&gt;-&amp;gt;&lt;/span&gt;&lt;span style="color: var(--highlight-default)"&gt;testCase&amp;nbsp;&lt;/span&gt;&lt;span style="color: var(--highlight-keyword)"&gt;&amp;amp;&amp;amp;&amp;nbsp;&lt;/span&gt;&lt;span style="color: var(--highlight-default)"&gt;class_exists&lt;/span&gt;&lt;span style="color: var(--highlight-keyword)"&gt;(&lt;/span&gt;&lt;span style="color: var(--highlight-default)"&gt;$this&lt;/span&gt;&lt;span style="color: var(--highlight-keyword)"&gt;-&amp;gt;&lt;/span&gt;&lt;span style="color: var(--highlight-default)"&gt;name&lt;/span&gt;&lt;span style="color: var(--highlight-keyword)"&gt;,&amp;nbsp;&lt;/span&gt;&lt;span style="color: var(--highlight-default)"&gt;false&lt;/span&gt;&lt;span style="color: var(--highlight-keyword)"&gt;))&amp;nbsp;{&lt;/span&gt;&lt;/code&gt;&lt;/li&gt;
&lt;li&gt;&lt;code&gt;&lt;span style="color: var(--highlight-keyword)"&gt;&amp;nbsp;&amp;nbsp;&amp;nbsp;&amp;nbsp;&amp;nbsp;&amp;nbsp;&amp;nbsp;&amp;nbsp;&amp;nbsp;&amp;nbsp;&amp;nbsp;&amp;nbsp;foreach&amp;nbsp;(&lt;/span&gt;&lt;span style="color: var(--highlight-default)"&gt;$hookMethods&lt;/span&gt;&lt;span style="color: var(--highlight-keyword)"&gt;[&lt;/span&gt;&lt;span style="color: var(--highlight-string)"&gt;'afterClass'&lt;/span&gt;&lt;span style="color: var(--highlight-keyword)"&gt;]&amp;nbsp;as&amp;nbsp;&lt;/span&gt;&lt;span style="color: var(--highlight-default)"&gt;$afterClassMethod&lt;/span&gt;&lt;span style="color: var(--highlight-keyword)"&gt;)&amp;nbsp;{&lt;/span&gt;&lt;/code&gt;&lt;/li&gt;
&lt;li&gt;&lt;code&gt;&lt;span style="color: var(--highlight-keyword)"&gt;&amp;nbsp;&amp;nbsp;&amp;nbsp;&amp;nbsp;&amp;nbsp;&amp;nbsp;&amp;nbsp;&amp;nbsp;&amp;nbsp;&amp;nbsp;&amp;nbsp;&amp;nbsp;&amp;nbsp;&amp;nbsp;&amp;nbsp;&amp;nbsp;if&amp;nbsp;(&lt;/span&gt;&lt;span style="color: var(--highlight-default)"&gt;method_exists&lt;/span&gt;&lt;span style="color: var(--highlight-keyword)"&gt;(&lt;/span&gt;&lt;span style="color: var(--highlight-default)"&gt;$this&lt;/span&gt;&lt;span style="color: var(--highlight-keyword)"&gt;-&amp;gt;&lt;/span&gt;&lt;span style="color: var(--highlight-default)"&gt;name&lt;/span&gt;&lt;span style="color: var(--highlight-keyword)"&gt;,&amp;nbsp;&lt;/span&gt;&lt;span style="color: var(--highlight-default)"&gt;$afterClassMethod&lt;/span&gt;&lt;span style="color: var(--highlight-keyword)"&gt;))&amp;nbsp;{&lt;/span&gt;&lt;/code&gt;&lt;/li&gt;&lt;/ol&gt;    &lt;/div&gt;            &lt;/div&gt;
                        &lt;div class="trace-line "&gt;
                &lt;div class="trace-line-header break-long-words sf-toggle" data-toggle-selector="#trace-html-3-33" data-toggle-initial=""&gt;
            &lt;span class="icon icon-close"&gt;&lt;svg width="1792" height="1792" viewBox="0 0 1792 1792" xmlns="http://www.w3.org/2000/svg"&gt;&lt;path d="M1408 960V832q0-26-19-45t-45-19H448q-26 0-45 19t-19 45v128q0 26 19 45t45 19h896q26 0 45-19t19-45zm256-544v960q0 119-84.5 203.5T1376 1664H416q-119 0-203.5-84.5T128 1376V416q0-119 84.5-203.5T416 128h960q119 0 203.5 84.5T1664 416z"/&gt;&lt;/svg&gt;&lt;/span&gt;
        &lt;span class="icon icon-open"&gt;&lt;svg width="1792" height="1792" viewBox="0 0 1792 1792" xmlns="http://www.w3.org/2000/svg"&gt;&lt;path d="M1408 960V832q0-26-19-45t-45-19h-320V448q0-26-19-45t-45-19H832q-26 0-45 19t-19 45v320H448q-26 0-45 19t-19 45v128q0 26 19 45t45 19h320v320q0 26 19 45t45 19h128q26 0 45-19t19-45v-320h320q26 0 45-19t19-45zm256-544v960q0 119-84.5 203.5T1376 1664H416q-119 0-203.5-84.5T128 1376V416q0-119 84.5-203.5T416 128h960q119 0 203.5 84.5T1664 416z"/&gt;&lt;/svg&gt;&lt;/span&gt;
    
            &lt;span class="trace-class"&gt;&lt;abbr title="PHPUnit\Framework\TestSuite"&gt;TestSuite&lt;/abbr&gt;&lt;/span&gt;&lt;span class="trace-type"&gt;-&gt;&lt;/span&gt;&lt;span class="trace-method"&gt;run&lt;/span&gt;&lt;span class="trace-arguments"&gt;()&lt;/span&gt;    
                    &lt;span class="block trace-file-path"&gt;
            in
            &lt;a href=""&gt;
                C:\Users\eman\Documents\GitHub\car_dealer\vendor\phpunit\phpunit\src\TextUI\&lt;strong&gt;TestRunner.php&lt;/strong&gt;
            &lt;/a&gt;
                        (line 670)
            &lt;span class="icon icon-copy hidden" data-clipboard-text="C:\Users\eman\Documents\GitHub\car_dealer\vendor\phpunit\phpunit\src\TextUI\TestRunner.php:670"&gt;
                &lt;svg xmlns="http://www.w3.org/2000/svg" height="24" viewBox="0 0 24 24" width="24"&gt;&lt;path d="M0 0h24v24H0z" fill="none"/&gt;&lt;path d="M16 1H4c-1.1 0-2 .9-2 2v14h2V3h12V1zm3 4H8c-1.1 0-2 .9-2 2v14c0 1.1.9 2 2 2h11c1.1 0 2-.9 2-2V7c0-1.1-.9-2-2-2zm0 16H8V7h11v14z"/&gt;&lt;/svg&gt;            &lt;/span&gt;
        &lt;/span&gt;
    &lt;/div&gt;
    &lt;div id="trace-html-3-33" class="trace-code sf-toggle-content"&gt;
        &lt;ol start="665"&gt;&lt;li&gt;&lt;code&gt;&lt;span style="color: var(--highlight-keyword)"&gt;&lt;/span&gt;&lt;/code&gt;&lt;/li&gt;
&lt;li&gt;&lt;code&gt;&lt;span style="color: var(--highlight-keyword)"&gt;&amp;nbsp;&amp;nbsp;&amp;nbsp;&amp;nbsp;&amp;nbsp;&amp;nbsp;&amp;nbsp;&amp;nbsp;if&amp;nbsp;(&lt;/span&gt;&lt;span style="color: var(--highlight-default)"&gt;$testSuiteWarningsPrinted&lt;/span&gt;&lt;span style="color: var(--highlight-keyword)"&gt;)&amp;nbsp;{&lt;/span&gt;&lt;/code&gt;&lt;/li&gt;
&lt;li&gt;&lt;code&gt;&lt;span style="color: var(--highlight-keyword)"&gt;&amp;nbsp;&amp;nbsp;&amp;nbsp;&amp;nbsp;&amp;nbsp;&amp;nbsp;&amp;nbsp;&amp;nbsp;&amp;nbsp;&amp;nbsp;&amp;nbsp;&amp;nbsp;&lt;/span&gt;&lt;span style="color: var(--highlight-default)"&gt;$this&lt;/span&gt;&lt;span style="color: var(--highlight-keyword)"&gt;-&amp;gt;&lt;/span&gt;&lt;span style="color: var(--highlight-default)"&gt;write&lt;/span&gt;&lt;span style="color: var(--highlight-keyword)"&gt;(&lt;/span&gt;&lt;span style="color: var(--highlight-default)"&gt;PHP_EOL&lt;/span&gt;&lt;span style="color: var(--highlight-keyword)"&gt;);&lt;/span&gt;&lt;/code&gt;&lt;/li&gt;
&lt;li&gt;&lt;code&gt;&lt;span style="color: var(--highlight-keyword)"&gt;&amp;nbsp;&amp;nbsp;&amp;nbsp;&amp;nbsp;&amp;nbsp;&amp;nbsp;&amp;nbsp;&amp;nbsp;}&lt;/span&gt;&lt;/code&gt;&lt;/li&gt;
&lt;li&gt;&lt;code&gt;&lt;span style="color: var(--highlight-keyword)"&gt;&lt;/span&gt;&lt;/code&gt;&lt;/li&gt;
&lt;li class="selected"&gt;&lt;code&gt;&lt;span style="color: var(--highlight-keyword)"&gt;&amp;nbsp;&amp;nbsp;&amp;nbsp;&amp;nbsp;&amp;nbsp;&amp;nbsp;&amp;nbsp;&amp;nbsp;&lt;/span&gt;&lt;span style="color: var(--highlight-default)"&gt;$suite&lt;/span&gt;&lt;span style="color: var(--highlight-keyword)"&gt;-&amp;gt;&lt;/span&gt;&lt;span style="color: var(--highlight-default)"&gt;run&lt;/span&gt;&lt;span style="color: var(--highlight-keyword)"&gt;(&lt;/span&gt;&lt;span style="color: var(--highlight-default)"&gt;$result&lt;/span&gt;&lt;span style="color: var(--highlight-keyword)"&gt;);&lt;/span&gt;&lt;/code&gt;&lt;/li&gt;
&lt;li&gt;&lt;code&gt;&lt;span style="color: var(--highlight-keyword)"&gt;&lt;/span&gt;&lt;/code&gt;&lt;/li&gt;
&lt;li&gt;&lt;code&gt;&lt;span style="color: var(--highlight-keyword)"&gt;&amp;nbsp;&amp;nbsp;&amp;nbsp;&amp;nbsp;&amp;nbsp;&amp;nbsp;&amp;nbsp;&amp;nbsp;foreach&amp;nbsp;(&lt;/span&gt;&lt;span style="color: var(--highlight-default)"&gt;$this&lt;/span&gt;&lt;span style="color: var(--highlight-keyword)"&gt;-&amp;gt;&lt;/span&gt;&lt;span style="color: var(--highlight-default)"&gt;extensions&amp;nbsp;&lt;/span&gt;&lt;span style="color: var(--highlight-keyword)"&gt;as&amp;nbsp;&lt;/span&gt;&lt;span style="color: var(--highlight-default)"&gt;$extension&lt;/span&gt;&lt;span style="color: var(--highlight-keyword)"&gt;)&amp;nbsp;{&lt;/span&gt;&lt;/code&gt;&lt;/li&gt;
&lt;li&gt;&lt;code&gt;&lt;span style="color: var(--highlight-keyword)"&gt;&amp;nbsp;&amp;nbsp;&amp;nbsp;&amp;nbsp;&amp;nbsp;&amp;nbsp;&amp;nbsp;&amp;nbsp;&amp;nbsp;&amp;nbsp;&amp;nbsp;&amp;nbsp;if&amp;nbsp;(&lt;/span&gt;&lt;span style="color: var(--highlight-default)"&gt;$extension&amp;nbsp;&lt;/span&gt;&lt;span style="color: var(--highlight-keyword)"&gt;instanceof&amp;nbsp;&lt;/span&gt;&lt;span style="color: var(--highlight-default)"&gt;AfterLastTestHook&lt;/span&gt;&lt;span style="color: var(--highlight-keyword)"&gt;)&amp;nbsp;{&lt;/span&gt;&lt;/code&gt;&lt;/li&gt;
&lt;li&gt;&lt;code&gt;&lt;span style="color: var(--highlight-keyword)"&gt;&amp;nbsp;&amp;nbsp;&amp;nbsp;&amp;nbsp;&amp;nbsp;&amp;nbsp;&amp;nbsp;&amp;nbsp;&amp;nbsp;&amp;nbsp;&amp;nbsp;&amp;nbsp;&amp;nbsp;&amp;nbsp;&amp;nbsp;&amp;nbsp;&lt;/span&gt;&lt;span style="color: var(--highlight-default)"&gt;$extension&lt;/span&gt;&lt;span style="color: var(--highlight-keyword)"&gt;-&amp;gt;&lt;/span&gt;&lt;span style="color: var(--highlight-default)"&gt;executeAfterLastTest&lt;/span&gt;&lt;span style="color: var(--highlight-keyword)"&gt;();&lt;/span&gt;&lt;/code&gt;&lt;/li&gt;
&lt;li&gt;&lt;code&gt;&lt;span style="color: var(--highlight-keyword)"&gt;&amp;nbsp;&amp;nbsp;&amp;nbsp;&amp;nbsp;&amp;nbsp;&amp;nbsp;&amp;nbsp;&amp;nbsp;&amp;nbsp;&amp;nbsp;&amp;nbsp;&amp;nbsp;}&lt;/span&gt;&lt;/code&gt;&lt;/li&gt;&lt;/ol&gt;    &lt;/div&gt;            &lt;/div&gt;
                        &lt;div class="trace-line "&gt;
                &lt;div class="trace-line-header break-long-words sf-toggle" data-toggle-selector="#trace-html-3-34" data-toggle-initial=""&gt;
            &lt;span class="icon icon-close"&gt;&lt;svg width="1792" height="1792" viewBox="0 0 1792 1792" xmlns="http://www.w3.org/2000/svg"&gt;&lt;path d="M1408 960V832q0-26-19-45t-45-19H448q-26 0-45 19t-19 45v128q0 26 19 45t45 19h896q26 0 45-19t19-45zm256-544v960q0 119-84.5 203.5T1376 1664H416q-119 0-203.5-84.5T128 1376V416q0-119 84.5-203.5T416 128h960q119 0 203.5 84.5T1664 416z"/&gt;&lt;/svg&gt;&lt;/span&gt;
        &lt;span class="icon icon-open"&gt;&lt;svg width="1792" height="1792" viewBox="0 0 1792 1792" xmlns="http://www.w3.org/2000/svg"&gt;&lt;path d="M1408 960V832q0-26-19-45t-45-19h-320V448q0-26-19-45t-45-19H832q-26 0-45 19t-19 45v320H448q-26 0-45 19t-19 45v128q0 26 19 45t45 19h320v320q0 26 19 45t45 19h128q26 0 45-19t19-45v-320h320q26 0 45-19t19-45zm256-544v960q0 119-84.5 203.5T1376 1664H416q-119 0-203.5-84.5T128 1376V416q0-119 84.5-203.5T416 128h960q119 0 203.5 84.5T1664 416z"/&gt;&lt;/svg&gt;&lt;/span&gt;
    
            &lt;span class="trace-class"&gt;&lt;abbr title="PHPUnit\TextUI\TestRunner"&gt;TestRunner&lt;/abbr&gt;&lt;/span&gt;&lt;span class="trace-type"&gt;-&gt;&lt;/span&gt;&lt;span class="trace-method"&gt;run&lt;/span&gt;&lt;span class="trace-arguments"&gt;()&lt;/span&gt;    
                    &lt;span class="block trace-file-path"&gt;
            in
            &lt;a href=""&gt;
                C:\Users\eman\Documents\GitHub\car_dealer\vendor\phpunit\phpunit\src\TextUI\&lt;strong&gt;Command.php&lt;/strong&gt;
            &lt;/a&gt;
                        (line 143)
            &lt;span class="icon icon-copy hidden" data-clipboard-text="C:\Users\eman\Documents\GitHub\car_dealer\vendor\phpunit\phpunit\src\TextUI\Command.php:143"&gt;
                &lt;svg xmlns="http://www.w3.org/2000/svg" height="24" viewBox="0 0 24 24" width="24"&gt;&lt;path d="M0 0h24v24H0z" fill="none"/&gt;&lt;path d="M16 1H4c-1.1 0-2 .9-2 2v14h2V3h12V1zm3 4H8c-1.1 0-2 .9-2 2v14c0 1.1.9 2 2 2h11c1.1 0 2-.9 2-2V7c0-1.1-.9-2-2-2zm0 16H8V7h11v14z"/&gt;&lt;/svg&gt;            &lt;/span&gt;
        &lt;/span&gt;
    &lt;/div&gt;
    &lt;div id="trace-html-3-34" class="trace-code sf-toggle-content"&gt;
        &lt;ol start="138"&gt;&lt;li&gt;&lt;code&gt;&lt;span style="color: var(--highlight-keyword)"&gt;&amp;nbsp;&amp;nbsp;&amp;nbsp;&amp;nbsp;&amp;nbsp;&amp;nbsp;&amp;nbsp;&amp;nbsp;}&lt;/span&gt;&lt;/code&gt;&lt;/li&gt;
&lt;li&gt;&lt;code&gt;&lt;span style="color: var(--highlight-keyword)"&gt;&lt;/span&gt;&lt;/code&gt;&lt;/li&gt;
&lt;li&gt;&lt;code&gt;&lt;span style="color: var(--highlight-keyword)"&gt;&amp;nbsp;&amp;nbsp;&amp;nbsp;&amp;nbsp;&amp;nbsp;&amp;nbsp;&amp;nbsp;&amp;nbsp;unset(&lt;/span&gt;&lt;span style="color: var(--highlight-default)"&gt;$this&lt;/span&gt;&lt;span style="color: var(--highlight-keyword)"&gt;-&amp;gt;&lt;/span&gt;&lt;span style="color: var(--highlight-default)"&gt;arguments&lt;/span&gt;&lt;span style="color: var(--highlight-keyword)"&gt;[&lt;/span&gt;&lt;span style="color: var(--highlight-string)"&gt;'test'&lt;/span&gt;&lt;span style="color: var(--highlight-keyword)"&gt;],&amp;nbsp;&lt;/span&gt;&lt;span style="color: var(--highlight-default)"&gt;$this&lt;/span&gt;&lt;span style="color: var(--highlight-keyword)"&gt;-&amp;gt;&lt;/span&gt;&lt;span style="color: var(--highlight-default)"&gt;arguments&lt;/span&gt;&lt;span style="color: var(--highlight-keyword)"&gt;[&lt;/span&gt;&lt;span style="color: var(--highlight-string)"&gt;'testFile'&lt;/span&gt;&lt;span style="color: var(--highlight-keyword)"&gt;]);&lt;/span&gt;&lt;/code&gt;&lt;/li&gt;
&lt;li&gt;&lt;code&gt;&lt;span style="color: var(--highlight-keyword)"&gt;&lt;/span&gt;&lt;/code&gt;&lt;/li&gt;
&lt;li&gt;&lt;code&gt;&lt;span style="color: var(--highlight-keyword)"&gt;&amp;nbsp;&amp;nbsp;&amp;nbsp;&amp;nbsp;&amp;nbsp;&amp;nbsp;&amp;nbsp;&amp;nbsp;try&amp;nbsp;{&lt;/span&gt;&lt;/code&gt;&lt;/li&gt;
&lt;li class="selected"&gt;&lt;code&gt;&lt;span style="color: var(--highlight-keyword)"&gt;&amp;nbsp;&amp;nbsp;&amp;nbsp;&amp;nbsp;&amp;nbsp;&amp;nbsp;&amp;nbsp;&amp;nbsp;&amp;nbsp;&amp;nbsp;&amp;nbsp;&amp;nbsp;&lt;/span&gt;&lt;span style="color: var(--highlight-default)"&gt;$result&amp;nbsp;&lt;/span&gt;&lt;span style="color: var(--highlight-keyword)"&gt;=&amp;nbsp;&lt;/span&gt;&lt;span style="color: var(--highlight-default)"&gt;$runner&lt;/span&gt;&lt;span style="color: var(--highlight-keyword)"&gt;-&amp;gt;&lt;/span&gt;&lt;span style="color: var(--highlight-default)"&gt;run&lt;/span&gt;&lt;span style="color: var(--highlight-keyword)"&gt;(&lt;/span&gt;&lt;span style="color: var(--highlight-default)"&gt;$suite&lt;/span&gt;&lt;span style="color: var(--highlight-keyword)"&gt;,&amp;nbsp;&lt;/span&gt;&lt;span style="color: var(--highlight-default)"&gt;$this&lt;/span&gt;&lt;span style="color: var(--highlight-keyword)"&gt;-&amp;gt;&lt;/span&gt;&lt;span style="color: var(--highlight-default)"&gt;arguments&lt;/span&gt;&lt;span style="color: var(--highlight-keyword)"&gt;,&amp;nbsp;&lt;/span&gt;&lt;span style="color: var(--highlight-default)"&gt;$this&lt;/span&gt;&lt;span style="color: var(--highlight-keyword)"&gt;-&amp;gt;&lt;/span&gt;&lt;span style="color: var(--highlight-default)"&gt;warnings&lt;/span&gt;&lt;span style="color: var(--highlight-keyword)"&gt;,&amp;nbsp;&lt;/span&gt;&lt;span style="color: var(--highlight-default)"&gt;$exit&lt;/span&gt;&lt;span style="color: var(--highlight-keyword)"&gt;);&lt;/span&gt;&lt;/code&gt;&lt;/li&gt;
&lt;li&gt;&lt;code&gt;&lt;span style="color: var(--highlight-keyword)"&gt;&amp;nbsp;&amp;nbsp;&amp;nbsp;&amp;nbsp;&amp;nbsp;&amp;nbsp;&amp;nbsp;&amp;nbsp;}&amp;nbsp;catch&amp;nbsp;(&lt;/span&gt;&lt;span style="color: var(--highlight-default)"&gt;Throwable&amp;nbsp;$t&lt;/span&gt;&lt;span style="color: var(--highlight-keyword)"&gt;)&amp;nbsp;{&lt;/span&gt;&lt;/code&gt;&lt;/li&gt;
&lt;li&gt;&lt;code&gt;&lt;span style="color: var(--highlight-keyword)"&gt;&amp;nbsp;&amp;nbsp;&amp;nbsp;&amp;nbsp;&amp;nbsp;&amp;nbsp;&amp;nbsp;&amp;nbsp;&amp;nbsp;&amp;nbsp;&amp;nbsp;&amp;nbsp;print&amp;nbsp;&lt;/span&gt;&lt;span style="color: var(--highlight-default)"&gt;$t&lt;/span&gt;&lt;span style="color: var(--highlight-keyword)"&gt;-&amp;gt;&lt;/span&gt;&lt;span style="color: var(--highlight-default)"&gt;getMessage&lt;/span&gt;&lt;span style="color: var(--highlight-keyword)"&gt;()&amp;nbsp;.&amp;nbsp;&lt;/span&gt;&lt;span style="color: var(--highlight-default)"&gt;PHP_EOL&lt;/span&gt;&lt;span style="color: var(--highlight-keyword)"&gt;;&lt;/span&gt;&lt;/code&gt;&lt;/li&gt;
&lt;li&gt;&lt;code&gt;&lt;span style="color: var(--highlight-keyword)"&gt;&amp;nbsp;&amp;nbsp;&amp;nbsp;&amp;nbsp;&amp;nbsp;&amp;nbsp;&amp;nbsp;&amp;nbsp;}&lt;/span&gt;&lt;/code&gt;&lt;/li&gt;
&lt;li&gt;&lt;code&gt;&lt;span style="color: var(--highlight-keyword)"&gt;&lt;/span&gt;&lt;/code&gt;&lt;/li&gt;
&lt;li&gt;&lt;code&gt;&lt;span style="color: var(--highlight-keyword)"&gt;&amp;nbsp;&amp;nbsp;&amp;nbsp;&amp;nbsp;&amp;nbsp;&amp;nbsp;&amp;nbsp;&amp;nbsp;&lt;/span&gt;&lt;span style="color: var(--highlight-default)"&gt;$return&amp;nbsp;&lt;/span&gt;&lt;span style="color: var(--highlight-keyword)"&gt;=&amp;nbsp;&lt;/span&gt;&lt;span style="color: var(--highlight-default)"&gt;TestRunner&lt;/span&gt;&lt;span style="color: var(--highlight-keyword)"&gt;::&lt;/span&gt;&lt;span style="color: var(--highlight-default)"&gt;FAILURE_EXIT&lt;/span&gt;&lt;span style="color: var(--highlight-keyword)"&gt;;&lt;/span&gt;&lt;/code&gt;&lt;/li&gt;&lt;/ol&gt;    &lt;/div&gt;            &lt;/div&gt;
                        &lt;div class="trace-line "&gt;
                &lt;div class="trace-line-header break-long-words sf-toggle" data-toggle-selector="#trace-html-3-35" data-toggle-initial=""&gt;
            &lt;span class="icon icon-close"&gt;&lt;svg width="1792" height="1792" viewBox="0 0 1792 1792" xmlns="http://www.w3.org/2000/svg"&gt;&lt;path d="M1408 960V832q0-26-19-45t-45-19H448q-26 0-45 19t-19 45v128q0 26 19 45t45 19h896q26 0 45-19t19-45zm256-544v960q0 119-84.5 203.5T1376 1664H416q-119 0-203.5-84.5T128 1376V416q0-119 84.5-203.5T416 128h960q119 0 203.5 84.5T1664 416z"/&gt;&lt;/svg&gt;&lt;/span&gt;
        &lt;span class="icon icon-open"&gt;&lt;svg width="1792" height="1792" viewBox="0 0 1792 1792" xmlns="http://www.w3.org/2000/svg"&gt;&lt;path d="M1408 960V832q0-26-19-45t-45-19h-320V448q0-26-19-45t-45-19H832q-26 0-45 19t-19 45v320H448q-26 0-45 19t-19 45v128q0 26 19 45t45 19h320v320q0 26 19 45t45 19h128q26 0 45-19t19-45v-320h320q26 0 45-19t19-45zm256-544v960q0 119-84.5 203.5T1376 1664H416q-119 0-203.5-84.5T128 1376V416q0-119 84.5-203.5T416 128h960q119 0 203.5 84.5T1664 416z"/&gt;&lt;/svg&gt;&lt;/span&gt;
    
            &lt;span class="trace-class"&gt;&lt;abbr title="PHPUnit\TextUI\Command"&gt;Command&lt;/abbr&gt;&lt;/span&gt;&lt;span class="trace-type"&gt;-&gt;&lt;/span&gt;&lt;span class="trace-method"&gt;run&lt;/span&gt;&lt;span class="trace-arguments"&gt;()&lt;/span&gt;    
                    &lt;span class="block trace-file-path"&gt;
            in
            &lt;a href=""&gt;
                C:\Users\eman\Documents\GitHub\car_dealer\vendor\phpunit\phpunit\src\TextUI\&lt;strong&gt;Command.php&lt;/strong&gt;
            &lt;/a&gt;
                        (line 96)
            &lt;span class="icon icon-copy hidden" data-clipboard-text="C:\Users\eman\Documents\GitHub\car_dealer\vendor\phpunit\phpunit\src\TextUI\Command.php:96"&gt;
                &lt;svg xmlns="http://www.w3.org/2000/svg" height="24" viewBox="0 0 24 24" width="24"&gt;&lt;path d="M0 0h24v24H0z" fill="none"/&gt;&lt;path d="M16 1H4c-1.1 0-2 .9-2 2v14h2V3h12V1zm3 4H8c-1.1 0-2 .9-2 2v14c0 1.1.9 2 2 2h11c1.1 0 2-.9 2-2V7c0-1.1-.9-2-2-2zm0 16H8V7h11v14z"/&gt;&lt;/svg&gt;            &lt;/span&gt;
        &lt;/span&gt;
    &lt;/div&gt;
    &lt;div id="trace-html-3-35" class="trace-code sf-toggle-content"&gt;
        &lt;ol start="91"&gt;&lt;li&gt;&lt;code&gt;&lt;span style="color: var(--highlight-comment)"&gt;&amp;nbsp;&amp;nbsp;&amp;nbsp;&amp;nbsp;&amp;nbsp;*&amp;nbsp;@throws&amp;nbsp;Exception&lt;/span&gt;&lt;/code&gt;&lt;/li&gt;
&lt;li&gt;&lt;code&gt;&lt;span style="color: var(--highlight-comment)"&gt;&amp;nbsp;&amp;nbsp;&amp;nbsp;&amp;nbsp;&amp;nbsp;*/&lt;/span&gt;&lt;/code&gt;&lt;/li&gt;
&lt;li&gt;&lt;code&gt;&lt;span style="color: var(--highlight-comment)"&gt;&amp;nbsp;&amp;nbsp;&amp;nbsp;&amp;nbsp;&lt;/span&gt;&lt;span style="color: var(--highlight-keyword)"&gt;public&amp;nbsp;static&amp;nbsp;function&amp;nbsp;&lt;/span&gt;&lt;span style="color: var(--highlight-default)"&gt;main&lt;/span&gt;&lt;span style="color: var(--highlight-keyword)"&gt;(&lt;/span&gt;&lt;span style="color: var(--highlight-default)"&gt;bool&amp;nbsp;$exit&amp;nbsp;&lt;/span&gt;&lt;span style="color: var(--highlight-keyword)"&gt;=&amp;nbsp;&lt;/span&gt;&lt;span style="color: var(--highlight-default)"&gt;true&lt;/span&gt;&lt;span style="color: var(--highlight-keyword)"&gt;):&amp;nbsp;&lt;/span&gt;&lt;span style="color: var(--highlight-default)"&gt;int&lt;/span&gt;&lt;/code&gt;&lt;/li&gt;
&lt;li&gt;&lt;code&gt;&lt;span style="color: var(--highlight-default)"&gt;&amp;nbsp;&amp;nbsp;&amp;nbsp;&amp;nbsp;&lt;/span&gt;&lt;span style="color: var(--highlight-keyword)"&gt;{&lt;/span&gt;&lt;/code&gt;&lt;/li&gt;
&lt;li&gt;&lt;code&gt;&lt;span style="color: var(--highlight-keyword)"&gt;&amp;nbsp;&amp;nbsp;&amp;nbsp;&amp;nbsp;&amp;nbsp;&amp;nbsp;&amp;nbsp;&amp;nbsp;try&amp;nbsp;{&lt;/span&gt;&lt;/code&gt;&lt;/li&gt;
&lt;li class="selected"&gt;&lt;code&gt;&lt;span style="color: var(--highlight-keyword)"&gt;&amp;nbsp;&amp;nbsp;&amp;nbsp;&amp;nbsp;&amp;nbsp;&amp;nbsp;&amp;nbsp;&amp;nbsp;&amp;nbsp;&amp;nbsp;&amp;nbsp;&amp;nbsp;return&amp;nbsp;(new&amp;nbsp;static)-&amp;gt;&lt;/span&gt;&lt;span style="color: var(--highlight-default)"&gt;run&lt;/span&gt;&lt;span style="color: var(--highlight-keyword)"&gt;(&lt;/span&gt;&lt;span style="color: var(--highlight-default)"&gt;$_SERVER&lt;/span&gt;&lt;span style="color: var(--highlight-keyword)"&gt;[&lt;/span&gt;&lt;span style="color: var(--highlight-string)"&gt;'argv'&lt;/span&gt;&lt;span style="color: var(--highlight-keyword)"&gt;],&amp;nbsp;&lt;/span&gt;&lt;span style="color: var(--highlight-default)"&gt;$exit&lt;/span&gt;&lt;span style="color: var(--highlight-keyword)"&gt;);&lt;/span&gt;&lt;/code&gt;&lt;/li&gt;
&lt;li&gt;&lt;code&gt;&lt;span style="color: var(--highlight-keyword)"&gt;&amp;nbsp;&amp;nbsp;&amp;nbsp;&amp;nbsp;&amp;nbsp;&amp;nbsp;&amp;nbsp;&amp;nbsp;}&amp;nbsp;catch&amp;nbsp;(&lt;/span&gt;&lt;span style="color: var(--highlight-default)"&gt;Throwable&amp;nbsp;$t&lt;/span&gt;&lt;span style="color: var(--highlight-keyword)"&gt;)&amp;nbsp;{&lt;/span&gt;&lt;/code&gt;&lt;/li&gt;
&lt;li&gt;&lt;code&gt;&lt;span style="color: var(--highlight-keyword)"&gt;&amp;nbsp;&amp;nbsp;&amp;nbsp;&amp;nbsp;&amp;nbsp;&amp;nbsp;&amp;nbsp;&amp;nbsp;&amp;nbsp;&amp;nbsp;&amp;nbsp;&amp;nbsp;throw&amp;nbsp;new&amp;nbsp;&lt;/span&gt;&lt;span style="color: var(--highlight-default)"&gt;RuntimeException&lt;/span&gt;&lt;span style="color: var(--highlight-keyword)"&gt;(&lt;/span&gt;&lt;/code&gt;&lt;/li&gt;
&lt;li&gt;&lt;code&gt;&lt;span style="color: var(--highlight-keyword)"&gt;&amp;nbsp;&amp;nbsp;&amp;nbsp;&amp;nbsp;&amp;nbsp;&amp;nbsp;&amp;nbsp;&amp;nbsp;&amp;nbsp;&amp;nbsp;&amp;nbsp;&amp;nbsp;&amp;nbsp;&amp;nbsp;&amp;nbsp;&amp;nbsp;&lt;/span&gt;&lt;span style="color: var(--highlight-default)"&gt;$t&lt;/span&gt;&lt;span style="color: var(--highlight-keyword)"&gt;-&amp;gt;&lt;/span&gt;&lt;span style="color: var(--highlight-default)"&gt;getMessage&lt;/span&gt;&lt;span style="color: var(--highlight-keyword)"&gt;(),&lt;/span&gt;&lt;/code&gt;&lt;/li&gt;
&lt;li&gt;&lt;code&gt;&lt;span style="color: var(--highlight-keyword)"&gt;&amp;nbsp;&amp;nbsp;&amp;nbsp;&amp;nbsp;&amp;nbsp;&amp;nbsp;&amp;nbsp;&amp;nbsp;&amp;nbsp;&amp;nbsp;&amp;nbsp;&amp;nbsp;&amp;nbsp;&amp;nbsp;&amp;nbsp;&amp;nbsp;(int)&amp;nbsp;&lt;/span&gt;&lt;span style="color: var(--highlight-default)"&gt;$t&lt;/span&gt;&lt;span style="color: var(--highlight-keyword)"&gt;-&amp;gt;&lt;/span&gt;&lt;span style="color: var(--highlight-default)"&gt;getCode&lt;/span&gt;&lt;span style="color: var(--highlight-keyword)"&gt;(),&lt;/span&gt;&lt;/code&gt;&lt;/li&gt;
&lt;li&gt;&lt;code&gt;&lt;span style="color: var(--highlight-keyword)"&gt;&amp;nbsp;&amp;nbsp;&amp;nbsp;&amp;nbsp;&amp;nbsp;&amp;nbsp;&amp;nbsp;&amp;nbsp;&amp;nbsp;&amp;nbsp;&amp;nbsp;&amp;nbsp;&amp;nbsp;&amp;nbsp;&amp;nbsp;&amp;nbsp;&lt;/span&gt;&lt;span style="color: var(--highlight-default)"&gt;$t&lt;/span&gt;&lt;/code&gt;&lt;/li&gt;&lt;/ol&gt;    &lt;/div&gt;            &lt;/div&gt;
                        &lt;div class="trace-line "&gt;
                &lt;div class="trace-line-header break-long-words sf-toggle" data-toggle-selector="#trace-html-3-36" data-toggle-initial=""&gt;
            &lt;span class="icon icon-close"&gt;&lt;svg width="1792" height="1792" viewBox="0 0 1792 1792" xmlns="http://www.w3.org/2000/svg"&gt;&lt;path d="M1408 960V832q0-26-19-45t-45-19H448q-26 0-45 19t-19 45v128q0 26 19 45t45 19h896q26 0 45-19t19-45zm256-544v960q0 119-84.5 203.5T1376 1664H416q-119 0-203.5-84.5T128 1376V416q0-119 84.5-203.5T416 128h960q119 0 203.5 84.5T1664 416z"/&gt;&lt;/svg&gt;&lt;/span&gt;
        &lt;span class="icon icon-open"&gt;&lt;svg width="1792" height="1792" viewBox="0 0 1792 1792" xmlns="http://www.w3.org/2000/svg"&gt;&lt;path d="M1408 960V832q0-26-19-45t-45-19h-320V448q0-26-19-45t-45-19H832q-26 0-45 19t-19 45v320H448q-26 0-45 19t-19 45v128q0 26 19 45t45 19h320v320q0 26 19 45t45 19h128q26 0 45-19t19-45v-320h320q26 0 45-19t19-45zm256-544v960q0 119-84.5 203.5T1376 1664H416q-119 0-203.5-84.5T128 1376V416q0-119 84.5-203.5T416 128h960q119 0 203.5 84.5T1664 416z"/&gt;&lt;/svg&gt;&lt;/span&gt;
    
            &lt;span class="trace-class"&gt;&lt;abbr title="PHPUnit\TextUI\Command"&gt;Command&lt;/abbr&gt;&lt;/span&gt;&lt;span class="trace-type"&gt;::&lt;/span&gt;&lt;span class="trace-method"&gt;main&lt;/span&gt;&lt;span class="trace-arguments"&gt;()&lt;/span&gt;    
                    &lt;span class="block trace-file-path"&gt;
            in
            &lt;a href=""&gt;
                C:\Users\eman\Documents\GitHub\car_dealer\bin\&lt;strong&gt;phpunit&lt;/strong&gt;
            &lt;/a&gt;
                        (line 11)
            &lt;span class="icon icon-copy hidden" data-clipboard-text="C:\Users\eman\Documents\GitHub\car_dealer\bin\phpunit:11"&gt;
                &lt;svg xmlns="http://www.w3.org/2000/svg" height="24" viewBox="0 0 24 24" width="24"&gt;&lt;path d="M0 0h24v24H0z" fill="none"/&gt;&lt;path d="M16 1H4c-1.1 0-2 .9-2 2v14h2V3h12V1zm3 4H8c-1.1 0-2 .9-2 2v14c0 1.1.9 2 2 2h11c1.1 0 2-.9 2-2V7c0-1.1-.9-2-2-2zm0 16H8V7h11v14z"/&gt;&lt;/svg&gt;            &lt;/span&gt;
        &lt;/span&gt;
    &lt;/div&gt;
    &lt;div id="trace-html-3-36" class="trace-code sf-toggle-content"&gt;
        &lt;ol start="6"&gt;&lt;li&gt;&lt;code&gt;&lt;span style="color: var(--highlight-keyword)"&gt;&lt;/span&gt;&lt;/code&gt;&lt;/li&gt;
&lt;li&gt;&lt;code&gt;&lt;span style="color: var(--highlight-keyword)"&gt;if&amp;nbsp;(&lt;/span&gt;&lt;span style="color: var(--highlight-default)"&gt;is_file&lt;/span&gt;&lt;span style="color: var(--highlight-keyword)"&gt;(&lt;/span&gt;&lt;span style="color: var(--highlight-default)"&gt;dirname&lt;/span&gt;&lt;span style="color: var(--highlight-keyword)"&gt;(&lt;/span&gt;&lt;span style="color: var(--highlight-default)"&gt;__DIR__&lt;/span&gt;&lt;span style="color: var(--highlight-keyword)"&gt;).&lt;/span&gt;&lt;span style="color: var(--highlight-string)"&gt;'/vendor/phpunit/phpunit/phpunit'&lt;/span&gt;&lt;span style="color: var(--highlight-keyword)"&gt;))&amp;nbsp;{&lt;/span&gt;&lt;/code&gt;&lt;/li&gt;
&lt;li&gt;&lt;code&gt;&lt;span style="color: var(--highlight-keyword)"&gt;&amp;nbsp;&amp;nbsp;&amp;nbsp;&amp;nbsp;&lt;/span&gt;&lt;span style="color: var(--highlight-default)"&gt;define&lt;/span&gt;&lt;span style="color: var(--highlight-keyword)"&gt;(&lt;/span&gt;&lt;span style="color: var(--highlight-string)"&gt;'PHPUNIT_COMPOSER_INSTALL'&lt;/span&gt;&lt;span style="color: var(--highlight-keyword)"&gt;,&amp;nbsp;&lt;/span&gt;&lt;span style="color: var(--highlight-default)"&gt;dirname&lt;/span&gt;&lt;span style="color: var(--highlight-keyword)"&gt;(&lt;/span&gt;&lt;span style="color: var(--highlight-default)"&gt;__DIR__&lt;/span&gt;&lt;span style="color: var(--highlight-keyword)"&gt;).&lt;/span&gt;&lt;span style="color: var(--highlight-string)"&gt;'/vendor/autoload.php'&lt;/span&gt;&lt;span style="color: var(--highlight-keyword)"&gt;);&lt;/span&gt;&lt;/code&gt;&lt;/li&gt;
&lt;li&gt;&lt;code&gt;&lt;span style="color: var(--highlight-keyword)"&gt;&amp;nbsp;&amp;nbsp;&amp;nbsp;&amp;nbsp;require&amp;nbsp;&lt;/span&gt;&lt;span style="color: var(--highlight-default)"&gt;PHPUNIT_COMPOSER_INSTALL&lt;/span&gt;&lt;span style="color: var(--highlight-keyword)"&gt;;&lt;/span&gt;&lt;/code&gt;&lt;/li&gt;
&lt;li&gt;&lt;code&gt;&lt;span style="color: var(--highlight-keyword)"&gt;&amp;nbsp;&amp;nbsp;&amp;nbsp;&amp;nbsp;&lt;/span&gt;&lt;span style="color: var(--highlight-default)"&gt;PHPUnit\TextUI\Command&lt;/span&gt;&lt;span style="color: var(--highlight-keyword)"&gt;::&lt;/span&gt;&lt;span style="color: var(--highlight-default)"&gt;main&lt;/span&gt;&lt;span style="color: var(--highlight-keyword)"&gt;();&lt;/span&gt;&lt;/code&gt;&lt;/li&gt;
&lt;li class="selected"&gt;&lt;code&gt;&lt;span style="color: var(--highlight-keyword)"&gt;}&amp;nbsp;else&amp;nbsp;{&lt;/span&gt;&lt;/code&gt;&lt;/li&gt;
&lt;li&gt;&lt;code&gt;&lt;span style="color: var(--highlight-keyword)"&gt;&amp;nbsp;&amp;nbsp;&amp;nbsp;&amp;nbsp;if&amp;nbsp;(!&lt;/span&gt;&lt;span style="color: var(--highlight-default)"&gt;is_file&lt;/span&gt;&lt;span style="color: var(--highlight-keyword)"&gt;(&lt;/span&gt;&lt;span style="color: var(--highlight-default)"&gt;dirname&lt;/span&gt;&lt;span style="color: var(--highlight-keyword)"&gt;(&lt;/span&gt;&lt;span style="color: var(--highlight-default)"&gt;__DIR__&lt;/span&gt;&lt;span style="color: var(--highlight-keyword)"&gt;).&lt;/span&gt;&lt;span style="color: var(--highlight-string)"&gt;'/vendor/symfony/phpunit-bridge/bin/simple-phpunit.php'&lt;/span&gt;&lt;span style="color: var(--highlight-keyword)"&gt;))&amp;nbsp;{&lt;/span&gt;&lt;/code&gt;&lt;/li&gt;
&lt;li&gt;&lt;code&gt;&lt;span style="color: var(--highlight-keyword)"&gt;&amp;nbsp;&amp;nbsp;&amp;nbsp;&amp;nbsp;&amp;nbsp;&amp;nbsp;&amp;nbsp;&amp;nbsp;echo&amp;nbsp;&lt;/span&gt;&lt;span style="color: var(--highlight-string)"&gt;"Unable&amp;nbsp;to&amp;nbsp;find&amp;nbsp;the&amp;nbsp;`simple-phpunit.php`&amp;nbsp;script&amp;nbsp;in&amp;nbsp;`vendor/symfony/phpunit-bridge/bin/`.\n"&lt;/span&gt;&lt;span style="color: var(--highlight-keyword)"&gt;;&lt;/span&gt;&lt;/code&gt;&lt;/li&gt;
&lt;li&gt;&lt;code&gt;&lt;span style="color: var(--highlight-keyword)"&gt;&amp;nbsp;&amp;nbsp;&amp;nbsp;&amp;nbsp;&amp;nbsp;&amp;nbsp;&amp;nbsp;&amp;nbsp;exit(&lt;/span&gt;&lt;span style="color: var(--highlight-default)"&gt;1&lt;/span&gt;&lt;span style="color: var(--highlight-keyword)"&gt;);&lt;/span&gt;&lt;/code&gt;&lt;/li&gt;
&lt;li&gt;&lt;code&gt;&lt;span style="color: var(--highlight-keyword)"&gt;&amp;nbsp;&amp;nbsp;&amp;nbsp;&amp;nbsp;}&lt;/span&gt;&lt;/code&gt;&lt;/li&gt;
&lt;li&gt;&lt;code&gt;&lt;span style="color: var(--highlight-keyword)"&gt;&lt;/span&gt;&lt;/code&gt;&lt;/li&gt;&lt;/ol&gt;    &lt;/div&gt;            &lt;/div&gt;
                    &lt;/div&gt;
    &lt;/div&gt;
&lt;/div&gt;            &lt;/div&gt;
        &lt;/div&gt;

                &lt;div class="tab disabled"&gt;
            &lt;h3 class="tab-title"&gt;
                Logs
                            &lt;/h3&gt;

            &lt;div class="tab-content"&gt;
                                    &lt;div class="empty"&gt;
                        &lt;p&gt;No log messages&lt;/p&gt;
                    &lt;/div&gt;
                            &lt;/div&gt;
        &lt;/div&gt;
        
        &lt;div class="tab"&gt;
            &lt;h3 class="tab-title"&gt;
                                    Stack Traces &lt;span class="badge"&gt;3&lt;/span&gt;
                            &lt;/h3&gt;

            &lt;div class="tab-content"&gt;
                &lt;table class="trace trace-as-text"&gt;
    &lt;thead class="trace-head"&gt;
        &lt;tr&gt;
            &lt;th class="sf-toggle" data-toggle-selector="#trace-text-1" data-toggle-initial="display"&gt;
                &lt;div class="trace-class"&gt;
                                            &lt;span class="text-muted"&gt;[3/3]&lt;/span&gt;
                                        ConnectionException                    &lt;span class="icon icon-close"&gt;&lt;svg width="1792" height="1792" viewBox="0 0 1792 1792" xmlns="http://www.w3.org/2000/svg"&gt;&lt;path d="M1344 800v64q0 14-9 23t-23 9H480q-14 0-23-9t-9-23v-64q0-14 9-23t23-9h832q14 0 23 9t9 23zm128 448V416q0-66-47-113t-113-47H480q-66 0-113 47t-47 113v832q0 66 47 113t113 47h832q66 0 113-47t47-113zm128-832v832q0 119-84.5 203.5T1312 1536H480q-119 0-203.5-84.5T192 1248V416q0-119 84.5-203.5T480 128h832q119 0 203.5 84.5T1600 416z"/&gt;&lt;/svg&gt;&lt;/span&gt;
                    &lt;span class="icon icon-open"&gt;&lt;svg width="1792" height="1792" viewBox="0 0 1792 1792" xmlns="http://www.w3.org/2000/svg"&gt;&lt;path d="M1344 800v64q0 14-9 23t-23 9H960v352q0 14-9 23t-23 9h-64q-14 0-23-9t-9-23V896H480q-14 0-23-9t-9-23v-64q0-14 9-23t23-9h352V416q0-14 9-23t23-9h64q14 0 23 9t9 23v352h352q14 0 23 9t9 23zm128 448V416q0-66-47-113t-113-47H480q-66 0-113 47t-47 113v832q0 66 47 113t113 47h832q66 0 113-47t47-113zm128-832v832q0 119-84.5 203.5T1312 1536H480q-119 0-203.5-84.5T192 1248V416q0-119 84.5-203.5T480 128h832q119 0 203.5 84.5T1600 416z"/&gt;&lt;/svg&gt;&lt;/span&gt;
                &lt;/div&gt;
            &lt;/th&gt;
        &lt;/tr&gt;
    &lt;/thead&gt;

    &lt;tbody id="trace-text-1"&gt;
        &lt;tr&gt;
            &lt;td&gt;
                                &lt;pre class="stacktrace"&gt;
Doctrine\DBAL\Exception\ConnectionException:
An exception occurred in the driver: SQLSTATE[HY000] [1049] Unknown database 'crud04_test'

  at C:\Users\eman\Documents\GitHub\car_dealer\vendor\doctrine\dbal\src\Driver\API\MySQL\ExceptionConverter.php:103
  at Doctrine\DBAL\Driver\API\MySQL\ExceptionConverter-&amp;gt;convert()
     (C:\Users\eman\Documents\GitHub\car_dealer\vendor\doctrine\dbal\src\Connection.php:1768)
  at Doctrine\DBAL\Connection-&amp;gt;handleDriverException()
     (C:\Users\eman\Documents\GitHub\car_dealer\vendor\doctrine\dbal\src\Connection.php:1715)
  at Doctrine\DBAL\Connection-&amp;gt;convertException()
     (C:\Users\eman\Documents\GitHub\car_dealer\vendor\doctrine\dbal\src\Connection.php:327)
  at Doctrine\DBAL\Connection-&amp;gt;connect()
     (C:\Users\eman\Documents\GitHub\car_dealer\vendor\doctrine\dbal\src\Connection.php:1507)
  at Doctrine\DBAL\Connection-&amp;gt;getWrappedConnection()
     (C:\Users\eman\Documents\GitHub\car_dealer\vendor\doctrine\dbal\src\Connection.php:1013)
  at Doctrine\DBAL\Connection-&amp;gt;executeQuery()
     (C:\Users\eman\Documents\GitHub\car_dealer\vendor\doctrine\orm\lib\Doctrine\ORM\Persisters\Entity\BasicEntityPersister.php:717)
  at Doctrine\ORM\Persisters\Entity\BasicEntityPersister-&amp;gt;load()
     (C:\Users\eman\Documents\GitHub\car_dealer\vendor\doctrine\orm\lib\Doctrine\ORM\Persisters\Entity\BasicEntityPersister.php:735)
  at Doctrine\ORM\Persisters\Entity\BasicEntityPersister-&amp;gt;loadById()
     (C:\Users\eman\Documents\GitHub\car_dealer\vendor\doctrine\orm\lib\Doctrine\ORM\EntityManager.php:497)
  at Doctrine\ORM\EntityManager-&amp;gt;find()
     (C:\Users\eman\Documents\GitHub\car_dealer\var\cache\test\ContainerLzWfuku\EntityManager_9a5be93.php:143)
  at ContainerLzWfuku\EntityManager_9a5be93-&amp;gt;find()
     (C:\Users\eman\Documents\GitHub\car_dealer\vendor\doctrine\orm\lib\Doctrine\ORM\EntityRepository.php:174)
  at Doctrine\ORM\EntityRepository-&amp;gt;find()
     (C:\Users\eman\Documents\GitHub\car_dealer\vendor\sensio\framework-extra-bundle\src\Request\ParamConverter\DoctrineParamConverter.php:142)
  at Sensio\Bundle\FrameworkExtraBundle\Request\ParamConverter\DoctrineParamConverter-&amp;gt;find()
     (C:\Users\eman\Documents\GitHub\car_dealer\vendor\sensio\framework-extra-bundle\src\Request\ParamConverter\DoctrineParamConverter.php:91)
  at Sensio\Bundle\FrameworkExtraBundle\Request\ParamConverter\DoctrineParamConverter-&amp;gt;apply()
     (C:\Users\eman\Documents\GitHub\car_dealer\vendor\sensio\framework-extra-bundle\src\Request\ParamConverter\ParamConverterManager.php:84)
  at Sensio\Bundle\FrameworkExtraBundle\Request\ParamConverter\ParamConverterManager-&amp;gt;applyConverter()
     (C:\Users\eman\Documents\GitHub\car_dealer\vendor\sensio\framework-extra-bundle\src\Request\ParamConverter\ParamConverterManager.php:48)
  at Sensio\Bundle\FrameworkExtraBundle\Request\ParamConverter\ParamConverterManager-&amp;gt;apply()
     (C:\Users\eman\Documents\GitHub\car_dealer\vendor\sensio\framework-extra-bundle\src\EventListener\ParamConverterListener.php:72)
  at Sensio\Bundle\FrameworkExtraBundle\EventListener\ParamConverterListener-&amp;gt;onKernelController()
     (C:\Users\eman\Documents\GitHub\car_dealer\vendor\symfony\event-dispatcher\Debug\WrappedListener.php:111)
  at Symfony\Component\EventDispatcher\Debug\WrappedListener-&amp;gt;__invoke()
     (C:\Users\eman\Documents\GitHub\car_dealer\vendor\symfony\event-dispatcher\EventDispatcher.php:230)
  at Symfony\Component\EventDispatcher\EventDispatcher-&amp;gt;callListeners()
     (C:\Users\eman\Documents\GitHub\car_dealer\vendor\symfony\event-dispatcher\EventDispatcher.php:59)
  at Symfony\Component\EventDispatcher\EventDispatcher-&amp;gt;dispatch()
     (C:\Users\eman\Documents\GitHub\car_dealer\vendor\symfony\event-dispatcher\Debug\TraceableEventDispatcher.php:152)
  at Symfony\Component\EventDispatcher\Debug\TraceableEventDispatcher-&amp;gt;dispatch()
     (C:\Users\eman\Documents\GitHub\car_dealer\vendor\symfony\http-kernel\HttpKernel.php:140)
  at Symfony\Component\HttpKernel\HttpKernel-&amp;gt;handleRaw()
     (C:\Users\eman\Documents\GitHub\car_dealer\vendor\symfony\http-kernel\HttpKernel.php:74)
  at Symfony\Component\HttpKernel\HttpKernel-&amp;gt;handle()
     (C:\Users\eman\Documents\GitHub\car_dealer\vendor\symfony\http-kernel\Kernel.php:202)
  at Symfony\Component\HttpKernel\Kernel-&amp;gt;handle()
     (C:\Users\eman\Documents\GitHub\car_dealer\vendor\symfony\http-kernel\HttpKernelBrowser.php:65)
  at Symfony\Component\HttpKernel\HttpKernelBrowser-&amp;gt;doRequest()
     (C:\Users\eman\Documents\GitHub\car_dealer\vendor\symfony\framework-bundle\KernelBrowser.php:171)
  at Symfony\Bundle\FrameworkBundle\KernelBrowser-&amp;gt;doRequest()
     (C:\Users\eman\Documents\GitHub\car_dealer\vendor\symfony\browser-kit\AbstractBrowser.php:370)
  at Symfony\Component\BrowserKit\AbstractBrowser-&amp;gt;request()
     (C:\Users\eman\Documents\GitHub\car_dealer\tests\WebTest\CarsPageTest.php:52)
  at App\Tests\WebTest\CarsPageTest-&amp;gt;testHead()
     (C:\Users\eman\Documents\GitHub\car_dealer\vendor\phpunit\phpunit\src\Framework\TestCase.php:1545)
  at PHPUnit\Framework\TestCase-&amp;gt;runTest()
     (C:\Users\eman\Documents\GitHub\car_dealer\vendor\phpunit\phpunit\src\Framework\TestCase.php:1151)
  at PHPUnit\Framework\TestCase-&amp;gt;runBare()
     (C:\Users\eman\Documents\GitHub\car_dealer\vendor\phpunit\phpunit\src\Framework\TestResult.php:726)
  at PHPUnit\Framework\TestResult-&amp;gt;run()
     (C:\Users\eman\Documents\GitHub\car_dealer\vendor\phpunit\phpunit\src\Framework\TestCase.php:903)
  at PHPUnit\Framework\TestCase-&amp;gt;run()
     (C:\Users\eman\Documents\GitHub\car_dealer\vendor\phpunit\phpunit\src\Framework\TestSuite.php:678)
  at PHPUnit\Framework\TestSuite-&amp;gt;run()
     (C:\Users\eman\Documents\GitHub\car_dealer\vendor\phpunit\phpunit\src\Framework\TestSuite.php:678)
  at PHPUnit\Framework\TestSuite-&amp;gt;run()
     (C:\Users\eman\Documents\GitHub\car_dealer\vendor\phpunit\phpunit\src\Framework\TestSuite.php:678)
  at PHPUnit\Framework\TestSuite-&amp;gt;run()
     (C:\Users\eman\Documents\GitHub\car_dealer\vendor\phpunit\phpunit\src\TextUI\TestRunner.php:670)
  at PHPUnit\TextUI\TestRunner-&amp;gt;run()
     (C:\Users\eman\Documents\GitHub\car_dealer\vendor\phpunit\phpunit\src\TextUI\Command.php:143)
  at PHPUnit\TextUI\Command-&amp;gt;run()
     (C:\Users\eman\Documents\GitHub\car_dealer\vendor\phpunit\phpunit\src\TextUI\Command.php:96)
  at PHPUnit\TextUI\Command::main()
     (C:\Users\eman\Documents\GitHub\car_dealer\bin\phpunit:11)                &lt;/pre&gt;
                            &lt;/td&gt;
        &lt;/tr&gt;
    &lt;/tbody&gt;
&lt;/table&gt;&lt;table class="trace trace-as-text"&gt;
    &lt;thead class="trace-head"&gt;
        &lt;tr&gt;
            &lt;th class="sf-toggle" data-toggle-selector="#trace-text-2" data-toggle-initial=""&gt;
                &lt;div class="trace-class"&gt;
                                            &lt;span class="text-muted"&gt;[2/3]&lt;/span&gt;
                                        Exception                    &lt;span class="icon icon-close"&gt;&lt;svg width="1792" height="1792" viewBox="0 0 1792 1792" xmlns="http://www.w3.org/2000/svg"&gt;&lt;path d="M1344 800v64q0 14-9 23t-23 9H480q-14 0-23-9t-9-23v-64q0-14 9-23t23-9h832q14 0 23 9t9 23zm128 448V416q0-66-47-113t-113-47H480q-66 0-113 47t-47 113v832q0 66 47 113t113 47h832q66 0 113-47t47-113zm128-832v832q0 119-84.5 203.5T1312 1536H480q-119 0-203.5-84.5T192 1248V416q0-119 84.5-203.5T480 128h832q119 0 203.5 84.5T1600 416z"/&gt;&lt;/svg&gt;&lt;/span&gt;
                    &lt;span class="icon icon-open"&gt;&lt;svg width="1792" height="1792" viewBox="0 0 1792 1792" xmlns="http://www.w3.org/2000/svg"&gt;&lt;path d="M1344 800v64q0 14-9 23t-23 9H960v352q0 14-9 23t-23 9h-64q-14 0-23-9t-9-23V896H480q-14 0-23-9t-9-23v-64q0-14 9-23t23-9h352V416q0-14 9-23t23-9h64q14 0 23 9t9 23v352h352q14 0 23 9t9 23zm128 448V416q0-66-47-113t-113-47H480q-66 0-113 47t-47 113v832q0 66 47 113t113 47h832q66 0 113-47t47-113zm128-832v832q0 119-84.5 203.5T1312 1536H480q-119 0-203.5-84.5T192 1248V416q0-119 84.5-203.5T480 128h832q119 0 203.5 84.5T1600 416z"/&gt;&lt;/svg&gt;&lt;/span&gt;
                &lt;/div&gt;
            &lt;/th&gt;
        &lt;/tr&gt;
    &lt;/thead&gt;

    &lt;tbody id="trace-text-2"&gt;
        &lt;tr&gt;
            &lt;td&gt;
                                &lt;pre class="stacktrace"&gt;
Doctrine\DBAL\Driver\PDO\Exception:
SQLSTATE[HY000] [1049] Unknown database 'crud04_test'

  at C:\Users\eman\Documents\GitHub\car_dealer\vendor\doctrine\dbal\src\Driver\PDO\Exception.php:26
  at Doctrine\DBAL\Driver\PDO\Exception::new()
     (C:\Users\eman\Documents\GitHub\car_dealer\vendor\doctrine\dbal\src\Driver\PDO\MySQL\Driver.php:34)
  at Doctrine\DBAL\Driver\PDO\MySQL\Driver-&amp;gt;connect()
     (C:\Users\eman\Documents\GitHub\car_dealer\vendor\doctrine\dbal\src\Connection.php:325)
  at Doctrine\DBAL\Connection-&amp;gt;connect()
     (C:\Users\eman\Documents\GitHub\car_dealer\vendor\doctrine\dbal\src\Connection.php:1507)
  at Doctrine\DBAL\Connection-&amp;gt;getWrappedConnection()
     (C:\Users\eman\Documents\GitHub\car_dealer\vendor\doctrine\dbal\src\Connection.php:1013)
  at Doctrine\DBAL\Connection-&amp;gt;executeQuery()
     (C:\Users\eman\Documents\GitHub\car_dealer\vendor\doctrine\orm\lib\Doctrine\ORM\Persisters\Entity\BasicEntityPersister.php:717)
  at Doctrine\ORM\Persisters\Entity\BasicEntityPersister-&amp;gt;load()
     (C:\Users\eman\Documents\GitHub\car_dealer\vendor\doctrine\orm\lib\Doctrine\ORM\Persisters\Entity\BasicEntityPersister.php:735)
  at Doctrine\ORM\Persisters\Entity\BasicEntityPersister-&amp;gt;loadById()
     (C:\Users\eman\Documents\GitHub\car_dealer\vendor\doctrine\orm\lib\Doctrine\ORM\EntityManager.php:497)
  at Doctrine\ORM\EntityManager-&amp;gt;find()
     (C:\Users\eman\Documents\GitHub\car_dealer\var\cache\test\ContainerLzWfuku\EntityManager_9a5be93.php:143)
  at ContainerLzWfuku\EntityManager_9a5be93-&amp;gt;find()
     (C:\Users\eman\Documents\GitHub\car_dealer\vendor\doctrine\orm\lib\Doctrine\ORM\EntityRepository.php:174)
  at Doctrine\ORM\EntityRepository-&amp;gt;find()
     (C:\Users\eman\Documents\GitHub\car_dealer\vendor\sensio\framework-extra-bundle\src\Request\ParamConverter\DoctrineParamConverter.php:142)
  at Sensio\Bundle\FrameworkExtraBundle\Request\ParamConverter\DoctrineParamConverter-&amp;gt;find()
     (C:\Users\eman\Documents\GitHub\car_dealer\vendor\sensio\framework-extra-bundle\src\Request\ParamConverter\DoctrineParamConverter.php:91)
  at Sensio\Bundle\FrameworkExtraBundle\Request\ParamConverter\DoctrineParamConverter-&amp;gt;apply()
     (C:\Users\eman\Documents\GitHub\car_dealer\vendor\sensio\framework-extra-bundle\src\Request\ParamConverter\ParamConverterManager.php:84)
  at Sensio\Bundle\FrameworkExtraBundle\Request\ParamConverter\ParamConverterManager-&amp;gt;applyConverter()
     (C:\Users\eman\Documents\GitHub\car_dealer\vendor\sensio\framework-extra-bundle\src\Request\ParamConverter\ParamConverterManager.php:48)
  at Sensio\Bundle\FrameworkExtraBundle\Request\ParamConverter\ParamConverterManager-&amp;gt;apply()
     (C:\Users\eman\Documents\GitHub\car_dealer\vendor\sensio\framework-extra-bundle\src\EventListener\ParamConverterListener.php:72)
  at Sensio\Bundle\FrameworkExtraBundle\EventListener\ParamConverterListener-&amp;gt;onKernelController()
     (C:\Users\eman\Documents\GitHub\car_dealer\vendor\symfony\event-dispatcher\Debug\WrappedListener.php:111)
  at Symfony\Component\EventDispatcher\Debug\WrappedListener-&amp;gt;__invoke()
     (C:\Users\eman\Documents\GitHub\car_dealer\vendor\symfony\event-dispatcher\EventDispatcher.php:230)
  at Symfony\Component\EventDispatcher\EventDispatcher-&amp;gt;callListeners()
     (C:\Users\eman\Documents\GitHub\car_dealer\vendor\symfony\event-dispatcher\EventDispatcher.php:59)
  at Symfony\Component\EventDispatcher\EventDispatcher-&amp;gt;dispatch()
     (C:\Users\eman\Documents\GitHub\car_dealer\vendor\symfony\event-dispatcher\Debug\TraceableEventDispatcher.php:152)
  at Symfony\Component\EventDispatcher\Debug\TraceableEventDispatcher-&amp;gt;dispatch()
     (C:\Users\eman\Documents\GitHub\car_dealer\vendor\symfony\http-kernel\HttpKernel.php:140)
  at Symfony\Component\HttpKernel\HttpKernel-&amp;gt;handleRaw()
     (C:\Users\eman\Documents\GitHub\car_dealer\vendor\symfony\http-kernel\HttpKernel.php:74)
  at Symfony\Component\HttpKernel\HttpKernel-&amp;gt;handle()
     (C:\Users\eman\Documents\GitHub\car_dealer\vendor\symfony\http-kernel\Kernel.php:202)
  at Symfony\Component\HttpKernel\Kernel-&amp;gt;handle()
     (C:\Users\eman\Documents\GitHub\car_dealer\vendor\symfony\http-kernel\HttpKernelBrowser.php:65)
  at Symfony\Component\HttpKernel\HttpKernelBrowser-&amp;gt;doRequest()
     (C:\Users\eman\Documents\GitHub\car_dealer\vendor\symfony\framework-bundle\KernelBrowser.php:171)
  at Symfony\Bundle\FrameworkBundle\KernelBrowser-&amp;gt;doRequest()
     (C:\Users\eman\Documents\GitHub\car_dealer\vendor\symfony\browser-kit\AbstractBrowser.php:370)
  at Symfony\Component\BrowserKit\AbstractBrowser-&amp;gt;request()
     (C:\Users\eman\Documents\GitHub\car_dealer\tests\WebTest\CarsPageTest.php:52)
  at App\Tests\WebTest\CarsPageTest-&amp;gt;testHead()
     (C:\Users\eman\Documents\GitHub\car_dealer\vendor\phpunit\phpunit\src\Framework\TestCase.php:1545)
  at PHPUnit\Framework\TestCase-&amp;gt;runTest()
     (C:\Users\eman\Documents\GitHub\car_dealer\vendor\phpunit\phpunit\src\Framework\TestCase.php:1151)
  at PHPUnit\Framework\TestCase-&amp;gt;runBare()
     (C:\Users\eman\Documents\GitHub\car_dealer\vendor\phpunit\phpunit\src\Framework\TestResult.php:726)
  at PHPUnit\Framework\TestResult-&amp;gt;run()
     (C:\Users\eman\Documents\GitHub\car_dealer\vendor\phpunit\phpunit\src\Framework\TestCase.php:903)
  at PHPUnit\Framework\TestCase-&amp;gt;run()
     (C:\Users\eman\Documents\GitHub\car_dealer\vendor\phpunit\phpunit\src\Framework\TestSuite.php:678)
  at PHPUnit\Framework\TestSuite-&amp;gt;run()
     (C:\Users\eman\Documents\GitHub\car_dealer\vendor\phpunit\phpunit\src\Framework\TestSuite.php:678)
  at PHPUnit\Framework\TestSuite-&amp;gt;run()
     (C:\Users\eman\Documents\GitHub\car_dealer\vendor\phpunit\phpunit\src\Framework\TestSuite.php:678)
  at PHPUnit\Framework\TestSuite-&amp;gt;run()
     (C:\Users\eman\Documents\GitHub\car_dealer\vendor\phpunit\phpunit\src\TextUI\TestRunner.php:670)
  at PHPUnit\TextUI\TestRunner-&amp;gt;run()
     (C:\Users\eman\Documents\GitHub\car_dealer\vendor\phpunit\phpunit\src\TextUI\Command.php:143)
  at PHPUnit\TextUI\Command-&amp;gt;run()
     (C:\Users\eman\Documents\GitHub\car_dealer\vendor\phpunit\phpunit\src\TextUI\Command.php:96)
  at PHPUnit\TextUI\Command::main()
     (C:\Users\eman\Documents\GitHub\car_dealer\bin\phpunit:11)                &lt;/pre&gt;
                            &lt;/td&gt;
        &lt;/tr&gt;
    &lt;/tbody&gt;
&lt;/table&gt;&lt;table class="trace trace-as-text"&gt;
    &lt;thead class="trace-head"&gt;
        &lt;tr&gt;
            &lt;th class="sf-toggle" data-toggle-selector="#trace-text-3" data-toggle-initial=""&gt;
                &lt;div class="trace-class"&gt;
                                            &lt;span class="text-muted"&gt;[1/3]&lt;/span&gt;
                                        PDOException                    &lt;span class="icon icon-close"&gt;&lt;svg width="1792" height="1792" viewBox="0 0 1792 1792" xmlns="http://www.w3.org/2000/svg"&gt;&lt;path d="M1344 800v64q0 14-9 23t-23 9H480q-14 0-23-9t-9-23v-64q0-14 9-23t23-9h832q14 0 23 9t9 23zm128 448V416q0-66-47-113t-113-47H480q-66 0-113 47t-47 113v832q0 66 47 113t113 47h832q66 0 113-47t47-113zm128-832v832q0 119-84.5 203.5T1312 1536H480q-119 0-203.5-84.5T192 1248V416q0-119 84.5-203.5T480 128h832q119 0 203.5 84.5T1600 416z"/&gt;&lt;/svg&gt;&lt;/span&gt;
                    &lt;span class="icon icon-open"&gt;&lt;svg width="1792" height="1792" viewBox="0 0 1792 1792" xmlns="http://www.w3.org/2000/svg"&gt;&lt;path d="M1344 800v64q0 14-9 23t-23 9H960v352q0 14-9 23t-23 9h-64q-14 0-23-9t-9-23V896H480q-14 0-23-9t-9-23v-64q0-14 9-23t23-9h352V416q0-14 9-23t23-9h64q14 0 23 9t9 23v352h352q14 0 23 9t9 23zm128 448V416q0-66-47-113t-113-47H480q-66 0-113 47t-47 113v832q0 66 47 113t113 47h832q66 0 113-47t47-113zm128-832v832q0 119-84.5 203.5T1312 1536H480q-119 0-203.5-84.5T192 1248V416q0-119 84.5-203.5T480 128h832q119 0 203.5 84.5T1600 416z"/&gt;&lt;/svg&gt;&lt;/span&gt;
                &lt;/div&gt;
            &lt;/th&gt;
        &lt;/tr&gt;
    &lt;/thead&gt;

    &lt;tbody id="trace-text-3"&gt;
        &lt;tr&gt;
            &lt;td&gt;
                                &lt;pre class="stacktrace"&gt;
PDOException:
SQLSTATE[HY000] [1049] Unknown database 'crud04_test'

  at C:\Users\eman\Documents\GitHub\car_dealer\vendor\doctrine\dbal\src\Driver\PDO\MySQL\Driver.php:28
  at PDO-&amp;gt;__construct()
     (C:\Users\eman\Documents\GitHub\car_dealer\vendor\doctrine\dbal\src\Driver\PDO\MySQL\Driver.php:28)
  at Doctrine\DBAL\Driver\PDO\MySQL\Driver-&amp;gt;connect()
     (C:\Users\eman\Documents\GitHub\car_dealer\vendor\doctrine\dbal\src\Connection.php:325)
  at Doctrine\DBAL\Connection-&amp;gt;connect()
     (C:\Users\eman\Documents\GitHub\car_dealer\vendor\doctrine\dbal\src\Connection.php:1507)
  at Doctrine\DBAL\Connection-&amp;gt;getWrappedConnection()
     (C:\Users\eman\Documents\GitHub\car_dealer\vendor\doctrine\dbal\src\Connection.php:1013)
  at Doctrine\DBAL\Connection-&amp;gt;executeQuery()
     (C:\Users\eman\Documents\GitHub\car_dealer\vendor\doctrine\orm\lib\Doctrine\ORM\Persisters\Entity\BasicEntityPersister.php:717)
  at Doctrine\ORM\Persisters\Entity\BasicEntityPersister-&amp;gt;load()
     (C:\Users\eman\Documents\GitHub\car_dealer\vendor\doctrine\orm\lib\Doctrine\ORM\Persisters\Entity\BasicEntityPersister.php:735)
  at Doctrine\ORM\Persisters\Entity\BasicEntityPersister-&amp;gt;loadById()
     (C:\Users\eman\Documents\GitHub\car_dealer\vendor\doctrine\orm\lib\Doctrine\ORM\EntityManager.php:497)
  at Doctrine\ORM\EntityManager-&amp;gt;find()
     (C:\Users\eman\Documents\GitHub\car_dealer\var\cache\test\ContainerLzWfuku\EntityManager_9a5be93.php:143)
  at ContainerLzWfuku\EntityManager_9a5be93-&amp;gt;find()
     (C:\Users\eman\Documents\GitHub\car_dealer\vendor\doctrine\orm\lib\Doctrine\ORM\EntityRepository.php:174)
  at Doctrine\ORM\EntityRepository-&amp;gt;find()
     (C:\Users\eman\Documents\GitHub\car_dealer\vendor\sensio\framework-extra-bundle\src\Request\ParamConverter\DoctrineParamConverter.php:142)
  at Sensio\Bundle\FrameworkExtraBundle\Request\ParamConverter\DoctrineParamConverter-&amp;gt;find()
     (C:\Users\eman\Documents\GitHub\car_dealer\vendor\sensio\framework-extra-bundle\src\Request\ParamConverter\DoctrineParamConverter.php:91)
  at Sensio\Bundle\FrameworkExtraBundle\Request\ParamConverter\DoctrineParamConverter-&amp;gt;apply()
     (C:\Users\eman\Documents\GitHub\car_dealer\vendor\sensio\framework-extra-bundle\src\Request\ParamConverter\ParamConverterManager.php:84)
  at Sensio\Bundle\FrameworkExtraBundle\Request\ParamConverter\ParamConverterManager-&amp;gt;applyConverter()
     (C:\Users\eman\Documents\GitHub\car_dealer\vendor\sensio\framework-extra-bundle\src\Request\ParamConverter\ParamConverterManager.php:48)
  at Sensio\Bundle\FrameworkExtraBundle\Request\ParamConverter\ParamConverterManager-&amp;gt;apply()
     (C:\Users\eman\Documents\GitHub\car_dealer\vendor\sensio\framework-extra-bundle\src\EventListener\ParamConverterListener.php:72)
  at Sensio\Bundle\FrameworkExtraBundle\EventListener\ParamConverterListener-&amp;gt;onKernelController()
     (C:\Users\eman\Documents\GitHub\car_dealer\vendor\symfony\event-dispatcher\Debug\WrappedListener.php:111)
  at Symfony\Component\EventDispatcher\Debug\WrappedListener-&amp;gt;__invoke()
     (C:\Users\eman\Documents\GitHub\car_dealer\vendor\symfony\event-dispatcher\EventDispatcher.php:230)
  at Symfony\Component\EventDispatcher\EventDispatcher-&amp;gt;callListeners()
     (C:\Users\eman\Documents\GitHub\car_dealer\vendor\symfony\event-dispatcher\EventDispatcher.php:59)
  at Symfony\Component\EventDispatcher\EventDispatcher-&amp;gt;dispatch()
     (C:\Users\eman\Documents\GitHub\car_dealer\vendor\symfony\event-dispatcher\Debug\TraceableEventDispatcher.php:152)
  at Symfony\Component\EventDispatcher\Debug\TraceableEventDispatcher-&amp;gt;dispatch()
     (C:\Users\eman\Documents\GitHub\car_dealer\vendor\symfony\http-kernel\HttpKernel.php:140)
  at Symfony\Component\HttpKernel\HttpKernel-&amp;gt;handleRaw()
     (C:\Users\eman\Documents\GitHub\car_dealer\vendor\symfony\http-kernel\HttpKernel.php:74)
  at Symfony\Component\HttpKernel\HttpKernel-&amp;gt;handle()
     (C:\Users\eman\Documents\GitHub\car_dealer\vendor\symfony\http-kernel\Kernel.php:202)
  at Symfony\Component\HttpKernel\Kernel-&amp;gt;handle()
     (C:\Users\eman\Documents\GitHub\car_dealer\vendor\symfony\http-kernel\HttpKernelBrowser.php:65)
  at Symfony\Component\HttpKernel\HttpKernelBrowser-&amp;gt;doRequest()
     (C:\Users\eman\Documents\GitHub\car_dealer\vendor\symfony\framework-bundle\KernelBrowser.php:171)
  at Symfony\Bundle\FrameworkBundle\KernelBrowser-&amp;gt;doRequest()
     (C:\Users\eman\Documents\GitHub\car_dealer\vendor\symfony\browser-kit\AbstractBrowser.php:370)
  at Symfony\Component\BrowserKit\AbstractBrowser-&amp;gt;request()
     (C:\Users\eman\Documents\GitHub\car_dealer\tests\WebTest\CarsPageTest.php:52)
  at App\Tests\WebTest\CarsPageTest-&amp;gt;testHead()
     (C:\Users\eman\Documents\GitHub\car_dealer\vendor\phpunit\phpunit\src\Framework\TestCase.php:1545)
  at PHPUnit\Framework\TestCase-&amp;gt;runTest()
     (C:\Users\eman\Documents\GitHub\car_dealer\vendor\phpunit\phpunit\src\Framework\TestCase.php:1151)
  at PHPUnit\Framework\TestCase-&amp;gt;runBare()
     (C:\Users\eman\Documents\GitHub\car_dealer\vendor\phpunit\phpunit\src\Framework\TestResult.php:726)
  at PHPUnit\Framework\TestResult-&amp;gt;run()
     (C:\Users\eman\Documents\GitHub\car_dealer\vendor\phpunit\phpunit\src\Framework\TestCase.php:903)
  at PHPUnit\Framework\TestCase-&amp;gt;run()
     (C:\Users\eman\Documents\GitHub\car_dealer\vendor\phpunit\phpunit\src\Framework\TestSuite.php:678)
  at PHPUnit\Framework\TestSuite-&amp;gt;run()
     (C:\Users\eman\Documents\GitHub\car_dealer\vendor\phpunit\phpunit\src\Framework\TestSuite.php:678)
  at PHPUnit\Framework\TestSuite-&amp;gt;run()
     (C:\Users\eman\Documents\GitHub\car_dealer\vendor\phpunit\phpunit\src\Framework\TestSuite.php:678)
  at PHPUnit\Framework\TestSuite-&amp;gt;run()
     (C:\Users\eman\Documents\GitHub\car_dealer\vendor\phpunit\phpunit\src\TextUI\TestRunner.php:670)
  at PHPUnit\TextUI\TestRunner-&amp;gt;run()
     (C:\Users\eman\Documents\GitHub\car_dealer\vendor\phpunit\phpunit\src\TextUI\Command.php:143)
  at PHPUnit\TextUI\Command-&amp;gt;run()
     (C:\Users\eman\Documents\GitHub\car_dealer\vendor\phpunit\phpunit\src\TextUI\Command.php:96)
  at PHPUnit\TextUI\Command::main()
     (C:\Users\eman\Documents\GitHub\car_dealer\bin\phpunit:11)                &lt;/pre&gt;
                            &lt;/td&gt;
        &lt;/tr&gt;
    &lt;/tbody&gt;
&lt;/table&gt;            &lt;/div&gt;
        &lt;/div&gt;

            &lt;/div&gt;
&lt;/div&gt;
        &lt;script&gt;
            /* This file is based on WebProfilerBundle/Resources/views/Profiler/base_js.html.twig.
   If you make any change in this file, verify the same change is needed in the other file. */
/*&lt;![CDATA[*/
if (typeof Sfjs === 'undefined') {
    Sfjs = (function() {
        "use strict";

        if ('classList' in document.documentElement) {
            var hasClass = function (el, cssClass) { return el.classList.contains(cssClass); };
            var removeClass = function(el, cssClass) { el.classList.remove(cssClass); };
            var addClass = function(el, cssClass) { el.classList.add(cssClass); };
            var toggleClass = function(el, cssClass) { el.classList.toggle(cssClass); };
        } else {
            var hasClass = function (el, cssClass) { return el.className.match(new RegExp('\\b' + cssClass + '\\b')); };
            var removeClass = function(el, cssClass) { el.className = el.className.replace(new RegExp('\\b' + cssClass + '\\b'), ' '); };
            var addClass = function(el, cssClass) { if (!hasClass(el, cssClass)) { el.className += " " + cssClass; } };
            var toggleClass = function(el, cssClass) { hasClass(el, cssClass) ? removeClass(el, cssClass) : addClass(el, cssClass); };
        }

        var addEventListener;

        var el = document.createElement('div');
        if (!('addEventListener' in el)) {
            addEventListener = function (element, eventName, callback) {
                element.attachEvent('on' + eventName, callback);
            };
        } else {
            addEventListener = function (element, eventName, callback) {
                element.addEventListener(eventName, callback, false);
            };
        }

        if (navigator.clipboard) {
            document.querySelectorAll('[data-clipboard-text]').forEach(function(element) {
                removeClass(element, 'hidden');
                element.addEventListener('click', function() {
                    navigator.clipboard.writeText(element.getAttribute('data-clipboard-text'));
                })
            });
        }

        return {
            addEventListener: addEventListener,

            createTabs: function() {
                var tabGroups = document.querySelectorAll('.sf-tabs:not([data-processed=true])');

                /* create the tab navigation for each group of tabs */
                for (var i = 0; i &lt; tabGroups.length; i++) {
                    var tabs = tabGroups[i].querySelectorAll(':scope &gt; .tab');
                    var tabNavigation = document.createElement('ul');
                    tabNavigation.className = 'tab-navigation';

                    var selectedTabId = 'tab-' + i + '-0'; /* select the first tab by default */
                    for (var j = 0; j &lt; tabs.length; j++) {
                        var tabId = 'tab-' + i + '-' + j;
                        var tabTitle = tabs[j].querySelector('.tab-title').innerHTML;

                        var tabNavigationItem = document.createElement('li');
                        tabNavigationItem.setAttribute('data-tab-id', tabId);
                        if (hasClass(tabs[j], 'active')) { selectedTabId = tabId; }
                        if (hasClass(tabs[j], 'disabled')) { addClass(tabNavigationItem, 'disabled'); }
                        tabNavigationItem.innerHTML = tabTitle;
                        tabNavigation.appendChild(tabNavigationItem);

                        var tabContent = tabs[j].querySelector('.tab-content');
                        tabContent.parentElement.setAttribute('id', tabId);
                    }

                    tabGroups[i].insertBefore(tabNavigation, tabGroups[i].firstChild);
                    addClass(document.querySelector('[data-tab-id="' + selectedTabId + '"]'), 'active');
                }

                /* display the active tab and add the 'click' event listeners */
                for (i = 0; i &lt; tabGroups.length; i++) {
                    tabNavigation = tabGroups[i].querySelectorAll(':scope &gt;.tab-navigation li');

                    for (j = 0; j &lt; tabNavigation.length; j++) {
                        tabId = tabNavigation[j].getAttribute('data-tab-id');
                        document.getElementById(tabId).querySelector('.tab-title').className = 'hidden';

                        if (hasClass(tabNavigation[j], 'active')) {
                            document.getElementById(tabId).className = 'block';
                        } else {
                            document.getElementById(tabId).className = 'hidden';
                        }

                        tabNavigation[j].addEventListener('click', function(e) {
                            var activeTab = e.target || e.srcElement;

                            /* needed because when the tab contains HTML contents, user can click */
                            /* on any of those elements instead of their parent '&lt;li&gt;' element */
                            while (activeTab.tagName.toLowerCase() !== 'li') {
                                activeTab = activeTab.parentNode;
                            }

                            /* get the full list of tabs through the parent of the active tab element */
                            var tabNavigation = activeTab.parentNode.children;
                            for (var k = 0; k &lt; tabNavigation.length; k++) {
                                var tabId = tabNavigation[k].getAttribute('data-tab-id');
                                document.getElementById(tabId).className = 'hidden';
                                removeClass(tabNavigation[k], 'active');
                            }

                            addClass(activeTab, 'active');
                            var activeTabId = activeTab.getAttribute('data-tab-id');
                            document.getElementById(activeTabId).className = 'block';
                        });
                    }

                    tabGroups[i].setAttribute('data-processed', 'true');
                }
            },

            createToggles: function() {
                var toggles = document.querySelectorAll('.sf-toggle:not([data-processed=true])');

                for (var i = 0; i &lt; toggles.length; i++) {
                    var elementSelector = toggles[i].getAttribute('data-toggle-selector');
                    var element = document.querySelector(elementSelector);

                    addClass(element, 'sf-toggle-content');

                    if (toggles[i].hasAttribute('data-toggle-initial') &amp;&amp; toggles[i].getAttribute('data-toggle-initial') == 'display') {
                        addClass(toggles[i], 'sf-toggle-on');
                        addClass(element, 'sf-toggle-visible');
                    } else {
                        addClass(toggles[i], 'sf-toggle-off');
                        addClass(element, 'sf-toggle-hidden');
                    }

                    addEventListener(toggles[i], 'click', function(e) {
                        e.preventDefault();

                        if ('' !== window.getSelection().toString()) {
                            /* Don't do anything on text selection */
                            return;
                        }

                        var toggle = e.target || e.srcElement;

                        /* needed because when the toggle contains HTML contents, user can click */
                        /* on any of those elements instead of their parent '.sf-toggle' element */
                        while (!hasClass(toggle, 'sf-toggle')) {
                            toggle = toggle.parentNode;
                        }

                        var element = document.querySelector(toggle.getAttribute('data-toggle-selector'));

                        toggleClass(toggle, 'sf-toggle-on');
                        toggleClass(toggle, 'sf-toggle-off');
                        toggleClass(element, 'sf-toggle-hidden');
                        toggleClass(element, 'sf-toggle-visible');

                        /* the toggle doesn't change its contents when clicking on it */
                        if (!toggle.hasAttribute('data-toggle-alt-content')) {
                            return;
                        }

                        if (!toggle.hasAttribute('data-toggle-original-content')) {
                            toggle.setAttribute('data-toggle-original-content', toggle.innerHTML);
                        }

                        var currentContent = toggle.innerHTML;
                        var originalContent = toggle.getAttribute('data-toggle-original-content');
                        var altContent = toggle.getAttribute('data-toggle-alt-content');
                        toggle.innerHTML = currentContent !== altContent ? altContent : originalContent;
                    });

                    /* Prevents from disallowing clicks on links inside toggles */
                    var toggleLinks = toggles[i].querySelectorAll('a');
                    for (var j = 0; j &lt; toggleLinks.length; j++) {
                        addEventListener(toggleLinks[j], 'click', function(e) {
                            e.stopPropagation();
                        });
                    }

                    /* Prevents from disallowing clicks on "copy to clipboard" elements inside toggles */
                    var copyToClipboardElements = toggles[i].querySelectorAll('span[data-clipboard-text]');
                    for (var k = 0; k &lt; copyToClipboardElements.length; k++) {
                        addEventListener(copyToClipboardElements[k], 'click', function(e) {
                            e.stopPropagation();
                        });
                    }

                    toggles[i].setAttribute('data-processed', 'true');
                }
            },

            createFilters: function() {
                document.querySelectorAll('[data-filters] [data-filter]').forEach(function (filter) {
                    var filters = filter.closest('[data-filters]'),
                        type = 'choice',
                        name = filter.dataset.filter,
                        ucName = name.charAt(0).toUpperCase()+name.slice(1),
                        list = document.createElement('ul'),
                        values = filters.dataset['filter'+ucName] || filters.querySelectorAll('[data-filter-'+name+']'),
                        labels = {},
                        defaults = null,
                        indexed = {},
                        processed = {};
                    if (typeof values === 'string') {
                        type = 'level';
                        labels = values.split(',');
                        values = values.toLowerCase().split(',');
                        defaults = values.length - 1;
                    }
                    addClass(list, 'filter-list');
                    addClass(list, 'filter-list-'+type);
                    values.forEach(function (value, i) {
                        if (value instanceof HTMLElement) {
                            value = value.dataset['filter'+ucName];
                        }
                        if (value in processed) {
                            return;
                        }
                        var option = document.createElement('li'),
                            label = i in labels ? labels[i] : value,
                            active = false,
                            matches;
                        if ('' === label) {
                            option.innerHTML = '&lt;em&gt;(none)&lt;/em&gt;';
                        } else {
                            option.innerText = label;
                        }
                        option.dataset.filter = value;
                        option.setAttribute('title', 1 === (matches = filters.querySelectorAll('[data-filter-'+name+'="'+value+'"]').length) ? 'Matches 1 row' : 'Matches '+matches+' rows');
                        indexed[value] = i;
                        list.appendChild(option);
                        addEventListener(option, 'click', function () {
                            if ('choice' === type) {
                                filters.querySelectorAll('[data-filter-'+name+']').forEach(function (row) {
                                    if (option.dataset.filter === row.dataset['filter'+ucName]) {
                                        toggleClass(row, 'filter-hidden-'+name);
                                    }
                                });
                                toggleClass(option, 'active');
                            } else if ('level' === type) {
                                if (i === this.parentNode.querySelectorAll('.active').length - 1) {
                                    return;
                                }
                                this.parentNode.querySelectorAll('li').forEach(function (currentOption, j) {
                                    if (j &lt;= i) {
                                        addClass(currentOption, 'active');
                                        if (i === j) {
                                            addClass(currentOption, 'last-active');
                                        } else {
                                            removeClass(currentOption, 'last-active');
                                        }
                                    } else {
                                        removeClass(currentOption, 'active');
                                        removeClass(currentOption, 'last-active');
                                    }
                                });
                                filters.querySelectorAll('[data-filter-'+name+']').forEach(function (row) {
                                    if (i &lt; indexed[row.dataset['filter'+ucName]]) {
                                        addClass(row, 'filter-hidden-'+name);
                                    } else {
                                        removeClass(row, 'filter-hidden-'+name);
                                    }
                                });
                            }
                        });
                        if ('choice' === type) {
                            active = null === defaults || 0 &lt;= defaults.indexOf(value);
                        } else if ('level' === type) {
                            active = i &lt;= defaults;
                            if (active &amp;&amp; i === defaults) {
                                addClass(option, 'last-active');
                            }
                        }
                        if (active) {
                            addClass(option, 'active');
                        } else {
                            filters.querySelectorAll('[data-filter-'+name+'="'+value+'"]').forEach(function (row) {
                                toggleClass(row, 'filter-hidden-'+name);
                            });
                        }
                        processed[value] = true;
                    });

                    if (1 &lt; list.childNodes.length) {
                        filter.appendChild(list);
                        filter.dataset.filtered = '';
                    }
                });
            }
        };
    })();

    Sfjs.addEventListener(document, 'DOMContentLoaded', function() {
        Sfjs.createTabs();
        Sfjs.createToggles();
        Sfjs.createFilters();
    });
}
/*]]&gt;*/        &lt;/script&gt;
    &lt;/body&gt;
&lt;/html&gt;
&lt;!-- An exception occurred in the driver: SQLSTATE[HY000] [1049] Unknown database 'crud04_test' (500 Internal Server Error) --&gt;

C:\Users\eman\Documents\GitHub\car_dealer\vendor\symfony\framework-bundle\Test\BrowserKitAssertionsTrait.php:142
C:\Users\eman\Documents\GitHub\car_dealer\vendor\symfony\framework-bundle\Test\BrowserKitAssertionsTrait.php:33
C:\Users\eman\Documents\GitHub\car_dealer\tests\WebTest\CarsPageTest.php:54</failure>
        </testcase>
      </testsuite>
      <testsuite name="App\Tests\WebTest\ContactPageTest" file="C:\Users\eman\Documents\GitHub\car_dealer\tests\WebTest\ContactPageTest.php" tests="1" assertions="3" errors="0" warnings="0" failures="1" skipped="0" time="0.007631">
        <testcase name="testSomething" class="App\Tests\WebTest\ContactPageTest" classname="App.Tests.WebTest.ContactPageTest" file="C:\Users\eman\Documents\GitHub\car_dealer\tests\WebTest\ContactPageTest.php" line="9" assertions="3" time="0.007631">
          <failure type="PHPUnit\Framework\ExpectationFailedException">App\Tests\WebTest\ContactPageTest::testSomething
Failed asserting that Symfony\Component\DomCrawler\Crawler Object &amp;00000000000012740000000000000000 (
    'uri' =&gt; 'http://localhost/'
    'defaultNamespacePrefix' =&gt; 'default'
    'namespaces' =&gt; Array &amp;0 ()
    'cachedNamespaces' =&gt; ArrayObject Object &amp;00000000000012750000000000000000 ()
    'baseHref' =&gt; 'http://localhost/'
    'document' =&gt; DOMDocument Object &amp;00000000000012760000000000000000 (
        'config' =&gt; null
    )
    'nodes' =&gt; Array &amp;1 (
        0 =&gt; DOMElement Object &amp;00000000000012770000000000000000 (
            'schemaTypeInfo' =&gt; null
        )
    )
    'isHtml' =&gt; true
    'html5Parser' =&gt; null
) matches selector "h1" and the text "Welcome to FunCarDealer" of the node matching selector "h1" contains "Hello World".

C:\Users\eman\Documents\GitHub\car_dealer\vendor\symfony\framework-bundle\Test\DomCrawlerAssertionsTrait.php:40
C:\Users\eman\Documents\GitHub\car_dealer\tests\WebTest\ContactPageTest.php:15</failure>
        </testcase>
      </testsuite>
      <testsuite name="App\Tests\WebTest\HomePageTest" file="C:\Users\eman\Documents\GitHub\car_dealer\tests\WebTest\HomePageTest.php" tests="2" assertions="6" errors="0" warnings="0" failures="0" skipped="0" time="0.009413">
        <testcase name="testHeading" class="App\Tests\WebTest\HomePageTest" classname="App.Tests.WebTest.HomePageTest" file="C:\Users\eman\Documents\GitHub\car_dealer\tests\WebTest\HomePageTest.php" line="9" assertions="3" time="0.005421"/>
        <testcase name="testParagraphe" class="App\Tests\WebTest\HomePageTest" classname="App.Tests.WebTest.HomePageTest" file="C:\Users\eman\Documents\GitHub\car_dealer\tests\WebTest\HomePageTest.php" line="21" assertions="3" time="0.003993"/>
      </testsuite>
      <testsuite name="App\Tests\WebTest\LoginPageTest" file="C:\Users\eman\Documents\GitHub\car_dealer\tests\WebTest\LoginPageTest.php" tests="3" assertions="9" errors="0" warnings="0" failures="1" skipped="0" time="0.051845">
        <testcase name="testTittle" class="App\Tests\WebTest\LoginPageTest" classname="App.Tests.WebTest.LoginPageTest" file="C:\Users\eman\Documents\GitHub\car_dealer\tests\WebTest\LoginPageTest.php" line="9" assertions="3" time="0.011091"/>
        <testcase name="testHeading" class="App\Tests\WebTest\LoginPageTest" classname="App.Tests.WebTest.LoginPageTest" file="C:\Users\eman\Documents\GitHub\car_dealer\tests\WebTest\LoginPageTest.php" line="21" assertions="3" time="0.020199"/>
        <testcase name="testLabel" class="App\Tests\WebTest\LoginPageTest" classname="App.Tests.WebTest.LoginPageTest" file="C:\Users\eman\Documents\GitHub\car_dealer\tests\WebTest\LoginPageTest.php" line="33" assertions="3" time="0.020554">
          <failure type="PHPUnit\Framework\ExpectationFailedException">App\Tests\WebTest\LoginPageTest::testLabel
Failed asserting that Symfony\Component\DomCrawler\Crawler Object &amp;00000000000010d70000000000000000 (
    'uri' =&gt; 'http://localhost/About'
    'defaultNamespacePrefix' =&gt; 'default'
    'namespaces' =&gt; Array &amp;0 ()
    'cachedNamespaces' =&gt; ArrayObject Object &amp;0000000000000bdd0000000000000000 ()
    'baseHref' =&gt; 'http://localhost/About'
    'document' =&gt; DOMDocument Object &amp;00000000000010380000000000000000 (
        'config' =&gt; null
    )
    'nodes' =&gt; Array &amp;1 (
        0 =&gt; DOMElement Object &amp;00000000000010d00000000000000000 (
            'schemaTypeInfo' =&gt; null
        )
    )
    'isHtml' =&gt; true
    'html5Parser' =&gt; null
) matches selector "label" and the Crawler has a node matching selector "label".

C:\Users\eman\Documents\GitHub\car_dealer\vendor\symfony\framework-bundle\Test\DomCrawlerAssertionsTrait.php:40
C:\Users\eman\Documents\GitHub\car_dealer\tests\WebTest\LoginPageTest.php:43</failure>
        </testcase>
      </testsuite>
      <testsuite name="App\Tests\WebTest\ProfilePageTest" file="C:\Users\eman\Documents\GitHub\car_dealer\tests\WebTest\ProfilePageTest.php" tests="1" assertions="1" errors="0" warnings="0" failures="1" skipped="0" time="0.049545">
        <testcase name="testTittle" class="App\Tests\WebTest\ProfilePageTest" classname="App.Tests.WebTest.ProfilePageTest" file="C:\Users\eman\Documents\GitHub\car_dealer\tests\WebTest\ProfilePageTest.php" line="9" assertions="1" time="0.049545">
          <failure type="PHPUnit\Framework\ExpectationFailedException">App\Tests\WebTest\ProfilePageTest::testTittle
Failed asserting that the Response is successful.
HTTP/1.1 302 Found&#13;
Cache-Control: max-age=0, must-revalidate, private&#13;
Content-Type:  text/html; charset=UTF-8&#13;
Date:          Sat, 30 Apr 2022 19:16:57 GMT&#13;
Expires:       Sat, 30 Apr 2022 19:16:57 GMT&#13;
Location:      /login&#13;
Set-Cookie:    MOCKSESSID=e97865433a59fb3f61047ad1192fbd7a27debe73ce5e91c728c476119f171ca0; path=/; httponly; samesite=lax&#13;
X-Robots-Tag:  noindex&#13;
&#13;
&lt;!DOCTYPE html&gt;
&lt;html&gt;
    &lt;head&gt;
        &lt;meta charset="UTF-8" /&gt;
        &lt;meta http-equiv="refresh" content="0;url='/login'" /&gt;

        &lt;title&gt;Redirecting to /login&lt;/title&gt;
    &lt;/head&gt;
    &lt;body&gt;
        Redirecting to &lt;a href="/login"&gt;/login&lt;/a&gt;.
    &lt;/body&gt;
&lt;/html&gt;

C:\Users\eman\Documents\GitHub\car_dealer\vendor\symfony\framework-bundle\Test\BrowserKitAssertionsTrait.php:142
C:\Users\eman\Documents\GitHub\car_dealer\vendor\symfony\framework-bundle\Test\BrowserKitAssertionsTrait.php:33
C:\Users\eman\Documents\GitHub\car_dealer\tests\WebTest\ProfilePageTest.php:18</failure>
        </testcase>
      </testsuite>
      <testsuite name="App\Tests\WebTest\SignUpPageTest" file="C:\Users\eman\Documents\GitHub\car_dealer\tests\WebTest\SignUpPageTest.php" tests="2" assertions="6" errors="0" warnings="0" failures="0" skipped="0" time="0.757984">
        <testcase name="testTittle" class="App\Tests\WebTest\SignUpPageTest" classname="App.Tests.WebTest.SignUpPageTest" file="C:\Users\eman\Documents\GitHub\car_dealer\tests\WebTest\SignUpPageTest.php" line="9" assertions="3" time="0.682212"/>
        <testcase name="testheading" class="App\Tests\WebTest\SignUpPageTest" classname="App.Tests.WebTest.SignUpPageTest" file="C:\Users\eman\Documents\GitHub\car_dealer\tests\WebTest\SignUpPageTest.php" line="21" assertions="3" time="0.075772"/>
      </testsuite>
    </testsuite>
  </testsuite>
</testsuites>
